INFO:__main__:Dataset: oil
INFO:train:Epoch 1/1000 	Train Loss: 2.1947, Train Acc: 0.1300	 Val Loss: 2.0480, Val Acc: 0.1538
INFO:train:Epoch 2/1000 	Train Loss: 1.9602, Train Acc: 0.2300	 Val Loss: 1.8938, Val Acc: 0.1154
INFO:train:Epoch 3/1000 	Train Loss: 2.0391, Train Acc: 0.1600	 Val Loss: 1.9156, Val Acc: 0.1923
INFO:train:Epoch 4/1000 	Train Loss: 2.0041, Train Acc: 0.2300	 Val Loss: 1.8715, Val Acc: 0.1923
INFO:train:Epoch 5/1000 	Train Loss: 1.9179, Train Acc: 0.1900	 Val Loss: 1.8127, Val Acc: 0.2308
INFO:train:Epoch 6/1000 	Train Loss: 1.8787, Train Acc: 0.2700	 Val Loss: 1.8106, Val Acc: 0.3846
INFO:train:Epoch 7/1000 	Train Loss: 1.8944, Train Acc: 0.1600	 Val Loss: 1.8145, Val Acc: 0.3077
INFO:train:Epoch 8/1000 	Train Loss: 1.9245, Train Acc: 0.2300	 Val Loss: 1.7943, Val Acc: 0.3077
INFO:train:Epoch 9/1000 	Train Loss: 1.8212, Train Acc: 0.2500	 Val Loss: 1.7608, Val Acc: 0.3462
INFO:train:Epoch 10/1000 	Train Loss: 1.7406, Train Acc: 0.3100	 Val Loss: 1.7257, Val Acc: 0.3077
INFO:train:Epoch 11/1000 	Train Loss: 1.7556, Train Acc: 0.2600	 Val Loss: 1.6870, Val Acc: 0.3846
INFO:train:Epoch 12/1000 	Train Loss: 1.7670, Train Acc: 0.2600	 Val Loss: 1.6579, Val Acc: 0.3462
INFO:train:Epoch 13/1000 	Train Loss: 1.6372, Train Acc: 0.3500	 Val Loss: 1.6500, Val Acc: 0.3462
INFO:train:Epoch 14/1000 	Train Loss: 1.7283, Train Acc: 0.3200	 Val Loss: 1.6365, Val Acc: 0.4231
INFO:train:Epoch 15/1000 	Train Loss: 1.6578, Train Acc: 0.4300	 Val Loss: 1.6221, Val Acc: 0.3846
INFO:train:Epoch 16/1000 	Train Loss: 1.5974, Train Acc: 0.3300	 Val Loss: 1.6296, Val Acc: 0.3462
INFO:train:Epoch 17/1000 	Train Loss: 1.6015, Train Acc: 0.4500	 Val Loss: 1.6425, Val Acc: 0.4231
INFO:train:Epoch 18/1000 	Train Loss: 1.5400, Train Acc: 0.4600	 Val Loss: 1.6465, Val Acc: 0.3846
INFO:train:Epoch 19/1000 	Train Loss: 1.5579, Train Acc: 0.4000	 Val Loss: 1.6598, Val Acc: 0.4231
INFO:train:Epoch 20/1000 	Train Loss: 1.4337, Train Acc: 0.5500	 Val Loss: 1.6765, Val Acc: 0.5000
INFO:train:Epoch 21/1000 	Train Loss: 1.4493, Train Acc: 0.4700	 Val Loss: 1.7001, Val Acc: 0.3462
INFO:train:Epoch 22/1000 	Train Loss: 1.4292, Train Acc: 0.5200	 Val Loss: 1.7248, Val Acc: 0.3462
INFO:train:Epoch 23/1000 	Train Loss: 1.4188, Train Acc: 0.4900	 Val Loss: 1.7240, Val Acc: 0.3077
INFO:train:Epoch 24/1000 	Train Loss: 1.4015, Train Acc: 0.4700	 Val Loss: 1.7831, Val Acc: 0.3077
INFO:train:Epoch 25/1000 	Train Loss: 1.4584, Train Acc: 0.4900	 Val Loss: 1.8042, Val Acc: 0.3077
INFO:train:Epoch 26/1000 	Train Loss: 1.3312, Train Acc: 0.5500	 Val Loss: 1.8064, Val Acc: 0.2692
INFO:train:Epoch 27/1000 	Train Loss: 1.3524, Train Acc: 0.5800	 Val Loss: 1.7821, Val Acc: 0.3462
INFO:train:Epoch 28/1000 	Train Loss: 1.3206, Train Acc: 0.6100	 Val Loss: 1.7849, Val Acc: 0.2692
INFO:train:Epoch 29/1000 	Train Loss: 1.3130, Train Acc: 0.5900	 Val Loss: 1.8354, Val Acc: 0.3077
INFO:train:Epoch 30/1000 	Train Loss: 1.2895, Train Acc: 0.5700	 Val Loss: 1.9104, Val Acc: 0.1538
INFO:train:Epoch 31/1000 	Train Loss: 1.2398, Train Acc: 0.6800	 Val Loss: 1.8842, Val Acc: 0.1923
INFO:train:Epoch 32/1000 	Train Loss: 1.1843, Train Acc: 0.6400	 Val Loss: 1.9215, Val Acc: 0.2692
INFO:train:Epoch 33/1000 	Train Loss: 1.1683, Train Acc: 0.6700	 Val Loss: 1.9310, Val Acc: 0.2308
INFO:train:Epoch 34/1000 	Train Loss: 1.1498, Train Acc: 0.7000	 Val Loss: 1.9430, Val Acc: 0.3077
INFO:train:Epoch 35/1000 	Train Loss: 1.1092, Train Acc: 0.7100	 Val Loss: 1.9496, Val Acc: 0.3077
INFO:train:Epoch 36/1000 	Train Loss: 1.0801, Train Acc: 0.7400	 Val Loss: 1.9327, Val Acc: 0.3077
INFO:train:Epoch 37/1000 	Train Loss: 0.9808, Train Acc: 0.8000	 Val Loss: 1.9684, Val Acc: 0.2308
INFO:train:Epoch 38/1000 	Train Loss: 1.0435, Train Acc: 0.7500	 Val Loss: 1.9116, Val Acc: 0.3462
INFO:train:Epoch 39/1000 	Train Loss: 1.0241, Train Acc: 0.8100	 Val Loss: 1.9034, Val Acc: 0.3462
INFO:train:Epoch 40/1000 	Train Loss: 1.0380, Train Acc: 0.7400	 Val Loss: 2.0344, Val Acc: 0.3077
INFO:train:Epoch 41/1000 	Train Loss: 0.9724, Train Acc: 0.7800	 Val Loss: 2.1595, Val Acc: 0.2308
INFO:train:Epoch 42/1000 	Train Loss: 0.9110, Train Acc: 0.8400	 Val Loss: 2.0877, Val Acc: 0.3462
INFO:train:Epoch 43/1000 	Train Loss: 0.9606, Train Acc: 0.7800	 Val Loss: 1.9964, Val Acc: 0.1923
INFO:train:Epoch 44/1000 	Train Loss: 0.9065, Train Acc: 0.8400	 Val Loss: 2.0386, Val Acc: 0.2308
INFO:train:Epoch 45/1000 	Train Loss: 0.9314, Train Acc: 0.8100	 Val Loss: 1.9932, Val Acc: 0.1923
INFO:train:Epoch 46/1000 	Train Loss: 0.9389, Train Acc: 0.8000	 Val Loss: 2.0266, Val Acc: 0.1923
INFO:train:Epoch 47/1000 	Train Loss: 0.9076, Train Acc: 0.8300	 Val Loss: 2.0774, Val Acc: 0.2308
INFO:train:Epoch 48/1000 	Train Loss: 0.8639, Train Acc: 0.8400	 Val Loss: 2.1720, Val Acc: 0.2692
INFO:train:Epoch 49/1000 	Train Loss: 0.8492, Train Acc: 0.8100	 Val Loss: 2.0519, Val Acc: 0.2308
INFO:train:Epoch 50/1000 	Train Loss: 0.8638, Train Acc: 0.8500	 Val Loss: 2.1568, Val Acc: 0.2308
INFO:train:Epoch 51/1000 	Train Loss: 0.8536, Train Acc: 0.8700	 Val Loss: 2.1247, Val Acc: 0.3077
INFO:train:Epoch 52/1000 	Train Loss: 0.8089, Train Acc: 0.8800	 Val Loss: 2.1834, Val Acc: 0.2692
INFO:train:Epoch 53/1000 	Train Loss: 0.8069, Train Acc: 0.8500	 Val Loss: 2.1806, Val Acc: 0.2308
INFO:train:Epoch 54/1000 	Train Loss: 0.8120, Train Acc: 0.8600	 Val Loss: 2.2965, Val Acc: 0.2308
INFO:train:Epoch 55/1000 	Train Loss: 0.7658, Train Acc: 0.9000	 Val Loss: 2.2011, Val Acc: 0.1923
INFO:train:Epoch 56/1000 	Train Loss: 0.7537, Train Acc: 0.8900	 Val Loss: 2.2494, Val Acc: 0.2308
INFO:train:Epoch 57/1000 	Train Loss: 0.7179, Train Acc: 0.9100	 Val Loss: 2.3693, Val Acc: 0.2692
INFO:train:Epoch 58/1000 	Train Loss: 0.7267, Train Acc: 0.9000	 Val Loss: 2.3263, Val Acc: 0.2692
INFO:train:Epoch 59/1000 	Train Loss: 0.6704, Train Acc: 0.9500	 Val Loss: 2.3212, Val Acc: 0.2308
INFO:train:Epoch 60/1000 	Train Loss: 0.6910, Train Acc: 0.9400	 Val Loss: 2.3557, Val Acc: 0.2308
INFO:train:Epoch 61/1000 	Train Loss: 0.6990, Train Acc: 0.9400	 Val Loss: 2.4120, Val Acc: 0.2692
INFO:train:Epoch 62/1000 	Train Loss: 0.6623, Train Acc: 0.9600	 Val Loss: 2.3546, Val Acc: 0.2692
INFO:train:Epoch 63/1000 	Train Loss: 0.6615, Train Acc: 0.9700	 Val Loss: 2.3638, Val Acc: 0.2692
INFO:train:Epoch 64/1000 	Train Loss: 0.6777, Train Acc: 0.9600	 Val Loss: 2.2800, Val Acc: 0.2692
INFO:train:Epoch 65/1000 	Train Loss: 0.6324, Train Acc: 0.9700	 Val Loss: 2.3755, Val Acc: 0.2692
INFO:train:Epoch 66/1000 	Train Loss: 0.6025, Train Acc: 0.9700	 Val Loss: 2.2725, Val Acc: 0.2692
INFO:train:Epoch 67/1000 	Train Loss: 0.6467, Train Acc: 0.9500	 Val Loss: 2.2996, Val Acc: 0.3077
INFO:train:Epoch 68/1000 	Train Loss: 0.6297, Train Acc: 0.9800	 Val Loss: 2.3086, Val Acc: 0.3077
INFO:train:Epoch 69/1000 	Train Loss: 0.6435, Train Acc: 0.9800	 Val Loss: 2.3590, Val Acc: 0.3077
INFO:train:Epoch 70/1000 	Train Loss: 0.6071, Train Acc: 0.9600	 Val Loss: 2.5964, Val Acc: 0.1923
INFO:train:Epoch 71/1000 	Train Loss: 0.6234, Train Acc: 0.9600	 Val Loss: 2.2531, Val Acc: 0.2308
INFO:train:Epoch 72/1000 	Train Loss: 0.6366, Train Acc: 0.9600	 Val Loss: 2.1908, Val Acc: 0.2692
INFO:train:Epoch 73/1000 	Train Loss: 0.5998, Train Acc: 0.9900	 Val Loss: 2.5493, Val Acc: 0.2308
INFO:train:Epoch 74/1000 	Train Loss: 0.6305, Train Acc: 0.9700	 Val Loss: 2.2089, Val Acc: 0.2692
INFO:train:Epoch 75/1000 	Train Loss: 0.6072, Train Acc: 0.9700	 Val Loss: 2.1555, Val Acc: 0.2692
INFO:train:Epoch 76/1000 	Train Loss: 0.6383, Train Acc: 0.9700	 Val Loss: 2.2796, Val Acc: 0.2308
INFO:train:Epoch 77/1000 	Train Loss: 0.5972, Train Acc: 0.9600	 Val Loss: 2.2043, Val Acc: 0.2692
INFO:train:Epoch 78/1000 	Train Loss: 0.5842, Train Acc: 0.9800	 Val Loss: 2.3237, Val Acc: 0.3077
INFO:train:Epoch 79/1000 	Train Loss: 0.5788, Train Acc: 0.9900	 Val Loss: 2.3670, Val Acc: 0.2692
INFO:train:Epoch 80/1000 	Train Loss: 0.5855, Train Acc: 0.9900	 Val Loss: 2.2441, Val Acc: 0.3077
INFO:train:Epoch 81/1000 	Train Loss: 0.5633, Train Acc: 1.0000	 Val Loss: 2.3278, Val Acc: 0.2692
INFO:train:Epoch 82/1000 	Train Loss: 0.5739, Train Acc: 1.0000	 Val Loss: 2.4400, Val Acc: 0.2692
INFO:train:Epoch 83/1000 	Train Loss: 0.5557, Train Acc: 1.0000	 Val Loss: 2.3713, Val Acc: 0.2692
INFO:train:Epoch 84/1000 	Train Loss: 0.5521, Train Acc: 0.9900	 Val Loss: 2.4657, Val Acc: 0.2308
INFO:train:Epoch 85/1000 	Train Loss: 0.5432, Train Acc: 1.0000	 Val Loss: 2.6099, Val Acc: 0.1923
INFO:train:Epoch 86/1000 	Train Loss: 0.5541, Train Acc: 0.9900	 Val Loss: 2.4255, Val Acc: 0.2308
INFO:train:Epoch 87/1000 	Train Loss: 0.5554, Train Acc: 1.0000	 Val Loss: 2.3945, Val Acc: 0.3462
INFO:train:Epoch 88/1000 	Train Loss: 0.5850, Train Acc: 0.9800	 Val Loss: 2.5450, Val Acc: 0.2692
INFO:train:Epoch 89/1000 	Train Loss: 0.5690, Train Acc: 0.9900	 Val Loss: 2.5885, Val Acc: 0.1923
INFO:train:Epoch 90/1000 	Train Loss: 0.5387, Train Acc: 1.0000	 Val Loss: 2.3726, Val Acc: 0.3462
INFO:train:Epoch 91/1000 	Train Loss: 0.5878, Train Acc: 0.9800	 Val Loss: 2.3308, Val Acc: 0.3077
INFO:train:Epoch 92/1000 	Train Loss: 0.5522, Train Acc: 0.9900	 Val Loss: 2.6272, Val Acc: 0.3077
INFO:train:Epoch 93/1000 	Train Loss: 0.5682, Train Acc: 0.9800	 Val Loss: 2.2520, Val Acc: 0.2692
INFO:train:Epoch 94/1000 	Train Loss: 0.5354, Train Acc: 1.0000	 Val Loss: 2.1360, Val Acc: 0.3077
INFO:train:Epoch 95/1000 	Train Loss: 0.5478, Train Acc: 1.0000	 Val Loss: 2.3889, Val Acc: 0.2308
INFO:train:Epoch 96/1000 	Train Loss: 0.5405, Train Acc: 1.0000	 Val Loss: 2.5125, Val Acc: 0.2692
INFO:train:Epoch 97/1000 	Train Loss: 0.5378, Train Acc: 1.0000	 Val Loss: 2.4077, Val Acc: 0.3462
INFO:train:Epoch 98/1000 	Train Loss: 0.5524, Train Acc: 0.9800	 Val Loss: 2.4121, Val Acc: 0.2692
INFO:train:Epoch 99/1000 	Train Loss: 0.5300, Train Acc: 1.0000	 Val Loss: 2.5106, Val Acc: 0.2692
INFO:train:Epoch 100/1000 	Train Loss: 0.5549, Train Acc: 1.0000	 Val Loss: 2.5187, Val Acc: 0.2308
INFO:train:Epoch 101/1000 	Train Loss: 0.5263, Train Acc: 1.0000	 Val Loss: 2.5492, Val Acc: 0.2692
INFO:train:Epoch 102/1000 	Train Loss: 0.5388, Train Acc: 0.9900	 Val Loss: 2.4007, Val Acc: 0.3077
INFO:train:Epoch 103/1000 	Train Loss: 0.5450, Train Acc: 0.9900	 Val Loss: 2.2784, Val Acc: 0.3462
INFO:train:Epoch 104/1000 	Train Loss: 0.5367, Train Acc: 0.9900	 Val Loss: 2.3804, Val Acc: 0.3077
INFO:train:Epoch 105/1000 	Train Loss: 0.5322, Train Acc: 1.0000	 Val Loss: 2.2706, Val Acc: 0.3077
INFO:train:Epoch 106/1000 	Train Loss: 0.5225, Train Acc: 1.0000	 Val Loss: 2.3388, Val Acc: 0.2692
INFO:train:Epoch 107/1000 	Train Loss: 0.5281, Train Acc: 1.0000	 Val Loss: 2.6299, Val Acc: 0.2692
INFO:train:Epoch 108/1000 	Train Loss: 0.5300, Train Acc: 1.0000	 Val Loss: 2.5738, Val Acc: 0.2308
INFO:train:Epoch 109/1000 	Train Loss: 0.5236, Train Acc: 1.0000	 Val Loss: 2.2562, Val Acc: 0.3462
INFO:train:Epoch 110/1000 	Train Loss: 0.5379, Train Acc: 1.0000	 Val Loss: 2.3485, Val Acc: 0.2692
INFO:train:Epoch 111/1000 	Train Loss: 0.5336, Train Acc: 0.9900	 Val Loss: 2.7505, Val Acc: 0.2308
INFO:train:Epoch 112/1000 	Train Loss: 0.5389, Train Acc: 1.0000	 Val Loss: 2.4178, Val Acc: 0.3077
INFO:train:Epoch 113/1000 	Train Loss: 0.5196, Train Acc: 1.0000	 Val Loss: 2.1497, Val Acc: 0.3462
INFO:train:Epoch 114/1000 	Train Loss: 0.5489, Train Acc: 0.9900	 Val Loss: 2.4045, Val Acc: 0.1923
INFO:train:Epoch 115/1000 	Train Loss: 0.5098, Train Acc: 1.0000	 Val Loss: 2.5741, Val Acc: 0.2692
INFO:train:Epoch 116/1000 	Train Loss: 0.5243, Train Acc: 0.9900	 Val Loss: 2.2872, Val Acc: 0.3462
INFO:train:Epoch 117/1000 	Train Loss: 0.5162, Train Acc: 1.0000	 Val Loss: 2.2420, Val Acc: 0.3462
INFO:train:Epoch 118/1000 	Train Loss: 0.5183, Train Acc: 1.0000	 Val Loss: 2.5518, Val Acc: 0.1923
INFO:train:Epoch 119/1000 	Train Loss: 0.5018, Train Acc: 1.0000	 Val Loss: 2.5051, Val Acc: 0.2692
INFO:train:Epoch 120/1000 	Train Loss: 0.5308, Train Acc: 1.0000	 Val Loss: 2.2425, Val Acc: 0.2692
INFO:train:Epoch 121/1000 	Train Loss: 0.5117, Train Acc: 1.0000	 Val Loss: 2.3097, Val Acc: 0.2692
INFO:train:Epoch 122/1000 	Train Loss: 0.5057, Train Acc: 1.0000	 Val Loss: 2.4804, Val Acc: 0.2308
INFO:train:Epoch 123/1000 	Train Loss: 0.5140, Train Acc: 1.0000	 Val Loss: 2.3518, Val Acc: 0.2692
INFO:train:Epoch 124/1000 	Train Loss: 0.5164, Train Acc: 1.0000	 Val Loss: 2.1580, Val Acc: 0.3462
INFO:train:Epoch 125/1000 	Train Loss: 0.5007, Train Acc: 1.0000	 Val Loss: 2.2518, Val Acc: 0.3077
INFO:train:Epoch 126/1000 	Train Loss: 0.5037, Train Acc: 1.0000	 Val Loss: 2.4441, Val Acc: 0.2308
INFO:train:Early stopping triggered after 126 epochs
INFO:plot:Saving attention map to: figures/model_accuracy.png
INFO:__main__:Best model saved to checkpoints/LSTM_checkpoint_9.pth
INFO:train:train got 64 / 64 correct, accuracy: 1.0
INFO:plot:Saving cofusion matrix map to: figures/train_confusion_matrix.png
INFO:train:train got 36 / 36 correct, accuracy: 1.0
INFO:plot:Saving cofusion matrix map to: figures/train_confusion_matrix.png
INFO:train:Total time taken evaluate on train set the model: 0.43s
INFO:train:validation got 6 / 26 correct, accuracy: 0.23076923076923078
INFO:plot:Saving cofusion matrix map to: figures/validation_confusion_matrix.png
INFO:train:Total time taken evaluate on validation set the model: 0.12s
