INFO:__main__:Dataset: oil
INFO:train:Epoch 1/1000 	Train Loss: 2.0832, Train Acc: 0.1800	 Val Loss: 2.0358, Val Acc: 0.1538
INFO:train:Epoch 2/1000 	Train Loss: 2.0683, Train Acc: 0.2400	 Val Loss: 1.8761, Val Acc: 0.2692
INFO:train:Epoch 3/1000 	Train Loss: 1.9761, Train Acc: 0.1600	 Val Loss: 1.8362, Val Acc: 0.2308
INFO:train:Epoch 4/1000 	Train Loss: 1.9215, Train Acc: 0.2100	 Val Loss: 1.8889, Val Acc: 0.1538
INFO:train:Epoch 5/1000 	Train Loss: 1.8826, Train Acc: 0.2200	 Val Loss: 1.9319, Val Acc: 0.1538
INFO:train:Epoch 6/1000 	Train Loss: 1.8614, Train Acc: 0.2500	 Val Loss: 1.9007, Val Acc: 0.1538
INFO:train:Epoch 7/1000 	Train Loss: 1.9060, Train Acc: 0.2200	 Val Loss: 1.8367, Val Acc: 0.1538
INFO:train:Epoch 8/1000 	Train Loss: 1.8164, Train Acc: 0.3000	 Val Loss: 1.7902, Val Acc: 0.3462
INFO:train:Epoch 9/1000 	Train Loss: 1.8091, Train Acc: 0.2500	 Val Loss: 1.7617, Val Acc: 0.3077
INFO:train:Epoch 10/1000 	Train Loss: 1.7917, Train Acc: 0.2800	 Val Loss: 1.7558, Val Acc: 0.2692
INFO:train:Epoch 11/1000 	Train Loss: 1.7843, Train Acc: 0.2800	 Val Loss: 1.7538, Val Acc: 0.2692
INFO:train:Epoch 12/1000 	Train Loss: 1.7031, Train Acc: 0.3400	 Val Loss: 1.7436, Val Acc: 0.2308
INFO:train:Epoch 13/1000 	Train Loss: 1.6714, Train Acc: 0.3700	 Val Loss: 1.7396, Val Acc: 0.3077
INFO:train:Epoch 14/1000 	Train Loss: 1.6415, Train Acc: 0.3800	 Val Loss: 1.7515, Val Acc: 0.2692
INFO:train:Epoch 15/1000 	Train Loss: 1.6609, Train Acc: 0.3500	 Val Loss: 1.7678, Val Acc: 0.3077
INFO:train:Epoch 16/1000 	Train Loss: 1.5380, Train Acc: 0.4100	 Val Loss: 1.7814, Val Acc: 0.2692
INFO:train:Epoch 17/1000 	Train Loss: 1.6384, Train Acc: 0.3300	 Val Loss: 1.8026, Val Acc: 0.1923
INFO:train:Epoch 18/1000 	Train Loss: 1.5613, Train Acc: 0.4300	 Val Loss: 1.8135, Val Acc: 0.2692
INFO:train:Epoch 19/1000 	Train Loss: 1.5646, Train Acc: 0.4300	 Val Loss: 1.8015, Val Acc: 0.2308
INFO:train:Epoch 20/1000 	Train Loss: 1.4743, Train Acc: 0.5000	 Val Loss: 1.8039, Val Acc: 0.3462
INFO:train:Epoch 21/1000 	Train Loss: 1.5129, Train Acc: 0.5000	 Val Loss: 1.8084, Val Acc: 0.2692
INFO:train:Epoch 22/1000 	Train Loss: 1.4893, Train Acc: 0.4400	 Val Loss: 1.8376, Val Acc: 0.1538
INFO:train:Epoch 23/1000 	Train Loss: 1.4234, Train Acc: 0.5600	 Val Loss: 1.8286, Val Acc: 0.1538
INFO:train:Epoch 24/1000 	Train Loss: 1.4477, Train Acc: 0.4900	 Val Loss: 1.7816, Val Acc: 0.2308
INFO:train:Epoch 25/1000 	Train Loss: 1.4011, Train Acc: 0.5300	 Val Loss: 1.7788, Val Acc: 0.2308
INFO:train:Epoch 26/1000 	Train Loss: 1.3831, Train Acc: 0.5500	 Val Loss: 1.8032, Val Acc: 0.1923
INFO:train:Epoch 27/1000 	Train Loss: 1.3889, Train Acc: 0.5400	 Val Loss: 1.8243, Val Acc: 0.2692
INFO:train:Epoch 28/1000 	Train Loss: 1.3936, Train Acc: 0.4600	 Val Loss: 1.8180, Val Acc: 0.2308
INFO:train:Epoch 29/1000 	Train Loss: 1.3382, Train Acc: 0.5500	 Val Loss: 1.7772, Val Acc: 0.1923
INFO:train:Epoch 30/1000 	Train Loss: 1.2434, Train Acc: 0.6200	 Val Loss: 1.7368, Val Acc: 0.3077
INFO:train:Epoch 31/1000 	Train Loss: 1.2848, Train Acc: 0.5500	 Val Loss: 1.7172, Val Acc: 0.2308
INFO:train:Epoch 32/1000 	Train Loss: 1.1963, Train Acc: 0.6500	 Val Loss: 1.7175, Val Acc: 0.2692
INFO:train:Epoch 33/1000 	Train Loss: 1.2084, Train Acc: 0.6500	 Val Loss: 1.7423, Val Acc: 0.3462
INFO:train:Epoch 34/1000 	Train Loss: 1.2288, Train Acc: 0.6100	 Val Loss: 1.7425, Val Acc: 0.3846
INFO:train:Epoch 35/1000 	Train Loss: 1.2106, Train Acc: 0.6300	 Val Loss: 1.7488, Val Acc: 0.2692
INFO:train:Epoch 36/1000 	Train Loss: 1.2166, Train Acc: 0.6400	 Val Loss: 1.7697, Val Acc: 0.1923
INFO:train:Epoch 37/1000 	Train Loss: 1.0991, Train Acc: 0.7500	 Val Loss: 1.7919, Val Acc: 0.3077
INFO:train:Epoch 38/1000 	Train Loss: 1.1476, Train Acc: 0.6500	 Val Loss: 1.7622, Val Acc: 0.3077
INFO:train:Epoch 39/1000 	Train Loss: 1.0924, Train Acc: 0.6900	 Val Loss: 1.7083, Val Acc: 0.2692
INFO:train:Epoch 40/1000 	Train Loss: 1.0706, Train Acc: 0.7500	 Val Loss: 1.7167, Val Acc: 0.3462
INFO:train:Epoch 41/1000 	Train Loss: 1.0751, Train Acc: 0.7100	 Val Loss: 1.7605, Val Acc: 0.2308
INFO:train:Epoch 42/1000 	Train Loss: 1.0201, Train Acc: 0.8000	 Val Loss: 1.7078, Val Acc: 0.2308
INFO:train:Epoch 43/1000 	Train Loss: 1.0856, Train Acc: 0.7600	 Val Loss: 1.6827, Val Acc: 0.3077
INFO:train:Epoch 44/1000 	Train Loss: 0.9782, Train Acc: 0.7800	 Val Loss: 1.7630, Val Acc: 0.3462
INFO:train:Epoch 45/1000 	Train Loss: 0.9501, Train Acc: 0.8100	 Val Loss: 1.7906, Val Acc: 0.3077
INFO:train:Epoch 46/1000 	Train Loss: 0.9733, Train Acc: 0.8000	 Val Loss: 1.6797, Val Acc: 0.2308
INFO:train:Epoch 47/1000 	Train Loss: 0.9956, Train Acc: 0.7400	 Val Loss: 1.6970, Val Acc: 0.3462
INFO:train:Epoch 48/1000 	Train Loss: 0.9453, Train Acc: 0.7900	 Val Loss: 1.7848, Val Acc: 0.3077
INFO:train:Epoch 49/1000 	Train Loss: 0.8898, Train Acc: 0.8700	 Val Loss: 1.8580, Val Acc: 0.3846
INFO:train:Epoch 50/1000 	Train Loss: 0.9337, Train Acc: 0.8000	 Val Loss: 1.7447, Val Acc: 0.4231
INFO:train:Epoch 51/1000 	Train Loss: 0.8314, Train Acc: 0.9100	 Val Loss: 1.7547, Val Acc: 0.3846
INFO:train:Epoch 52/1000 	Train Loss: 0.8516, Train Acc: 0.8500	 Val Loss: 1.8663, Val Acc: 0.3462
INFO:train:Epoch 53/1000 	Train Loss: 0.8207, Train Acc: 0.8500	 Val Loss: 1.8365, Val Acc: 0.3077
INFO:train:Epoch 54/1000 	Train Loss: 0.8471, Train Acc: 0.8400	 Val Loss: 1.7213, Val Acc: 0.3846
INFO:train:Epoch 55/1000 	Train Loss: 0.8428, Train Acc: 0.8900	 Val Loss: 1.7523, Val Acc: 0.4615
INFO:train:Epoch 56/1000 	Train Loss: 0.7829, Train Acc: 0.8900	 Val Loss: 1.7578, Val Acc: 0.3462
INFO:train:Epoch 57/1000 	Train Loss: 0.7664, Train Acc: 0.9200	 Val Loss: 1.7384, Val Acc: 0.3077
INFO:train:Epoch 58/1000 	Train Loss: 0.7354, Train Acc: 0.9100	 Val Loss: 1.8160, Val Acc: 0.3846
INFO:train:Epoch 59/1000 	Train Loss: 0.7550, Train Acc: 0.9200	 Val Loss: 1.8299, Val Acc: 0.3462
INFO:train:Epoch 60/1000 	Train Loss: 0.7416, Train Acc: 0.9100	 Val Loss: 1.8553, Val Acc: 0.3846
INFO:train:Epoch 61/1000 	Train Loss: 0.6849, Train Acc: 0.9100	 Val Loss: 1.8224, Val Acc: 0.3077
INFO:train:Epoch 62/1000 	Train Loss: 0.6990, Train Acc: 0.9500	 Val Loss: 1.7769, Val Acc: 0.4231
INFO:train:Epoch 63/1000 	Train Loss: 0.6855, Train Acc: 0.9500	 Val Loss: 1.8101, Val Acc: 0.3462
INFO:train:Epoch 64/1000 	Train Loss: 0.6362, Train Acc: 0.9300	 Val Loss: 1.8563, Val Acc: 0.3846
INFO:train:Epoch 65/1000 	Train Loss: 0.6432, Train Acc: 0.9900	 Val Loss: 1.8139, Val Acc: 0.4615
INFO:train:Epoch 66/1000 	Train Loss: 0.6278, Train Acc: 0.9800	 Val Loss: 1.7976, Val Acc: 0.3846
INFO:train:Epoch 67/1000 	Train Loss: 0.6367, Train Acc: 0.9900	 Val Loss: 1.8252, Val Acc: 0.3462
INFO:train:Epoch 68/1000 	Train Loss: 0.6077, Train Acc: 0.9700	 Val Loss: 1.8532, Val Acc: 0.4231
INFO:train:Epoch 69/1000 	Train Loss: 0.6253, Train Acc: 0.9400	 Val Loss: 1.8463, Val Acc: 0.4615
INFO:train:Epoch 70/1000 	Train Loss: 0.6216, Train Acc: 0.9800	 Val Loss: 1.8776, Val Acc: 0.4615
INFO:train:Epoch 71/1000 	Train Loss: 0.5826, Train Acc: 0.9700	 Val Loss: 1.9270, Val Acc: 0.4615
INFO:train:Epoch 72/1000 	Train Loss: 0.5863, Train Acc: 0.9900	 Val Loss: 1.9606, Val Acc: 0.4231
INFO:train:Epoch 73/1000 	Train Loss: 0.6092, Train Acc: 0.9700	 Val Loss: 1.9051, Val Acc: 0.4231
INFO:train:Epoch 74/1000 	Train Loss: 0.6077, Train Acc: 0.9800	 Val Loss: 1.8929, Val Acc: 0.4231
INFO:train:Epoch 75/1000 	Train Loss: 0.5843, Train Acc: 0.9900	 Val Loss: 1.9566, Val Acc: 0.3846
INFO:train:Epoch 76/1000 	Train Loss: 0.6024, Train Acc: 0.9700	 Val Loss: 1.9743, Val Acc: 0.4231
INFO:train:Epoch 77/1000 	Train Loss: 0.5623, Train Acc: 0.9900	 Val Loss: 1.8955, Val Acc: 0.3846
INFO:train:Epoch 78/1000 	Train Loss: 0.5786, Train Acc: 0.9900	 Val Loss: 1.9318, Val Acc: 0.5000
INFO:train:Epoch 79/1000 	Train Loss: 0.5655, Train Acc: 1.0000	 Val Loss: 2.0290, Val Acc: 0.3846
INFO:train:Epoch 80/1000 	Train Loss: 0.5711, Train Acc: 1.0000	 Val Loss: 1.9378, Val Acc: 0.3846
INFO:train:Epoch 81/1000 	Train Loss: 0.5462, Train Acc: 1.0000	 Val Loss: 1.9657, Val Acc: 0.3846
INFO:train:Epoch 82/1000 	Train Loss: 0.5826, Train Acc: 1.0000	 Val Loss: 1.9391, Val Acc: 0.4615
INFO:train:Epoch 83/1000 	Train Loss: 0.5621, Train Acc: 0.9800	 Val Loss: 1.9352, Val Acc: 0.3077
INFO:train:Epoch 84/1000 	Train Loss: 0.5729, Train Acc: 0.9800	 Val Loss: 1.9841, Val Acc: 0.3462
INFO:train:Epoch 85/1000 	Train Loss: 0.5680, Train Acc: 0.9900	 Val Loss: 2.0238, Val Acc: 0.3846
INFO:train:Epoch 86/1000 	Train Loss: 0.5532, Train Acc: 1.0000	 Val Loss: 1.9419, Val Acc: 0.3846
INFO:train:Epoch 87/1000 	Train Loss: 0.5646, Train Acc: 0.9900	 Val Loss: 1.9911, Val Acc: 0.4231
INFO:train:Epoch 88/1000 	Train Loss: 0.5578, Train Acc: 1.0000	 Val Loss: 1.9858, Val Acc: 0.4615
INFO:train:Epoch 89/1000 	Train Loss: 0.5566, Train Acc: 0.9800	 Val Loss: 2.0607, Val Acc: 0.4231
INFO:train:Epoch 90/1000 	Train Loss: 0.5632, Train Acc: 0.9900	 Val Loss: 1.9525, Val Acc: 0.3846
INFO:train:Epoch 91/1000 	Train Loss: 0.5647, Train Acc: 0.9800	 Val Loss: 2.0099, Val Acc: 0.3077
INFO:train:Epoch 92/1000 	Train Loss: 0.5806, Train Acc: 0.9600	 Val Loss: 2.1257, Val Acc: 0.3846
INFO:train:Epoch 93/1000 	Train Loss: 0.5771, Train Acc: 0.9800	 Val Loss: 2.0594, Val Acc: 0.3462
INFO:train:Epoch 94/1000 	Train Loss: 0.5516, Train Acc: 0.9900	 Val Loss: 1.9885, Val Acc: 0.2692
INFO:train:Epoch 95/1000 	Train Loss: 0.5682, Train Acc: 0.9900	 Val Loss: 2.1089, Val Acc: 0.4231
INFO:train:Epoch 96/1000 	Train Loss: 0.5630, Train Acc: 1.0000	 Val Loss: 1.9692, Val Acc: 0.4615
INFO:train:Epoch 97/1000 	Train Loss: 0.5602, Train Acc: 0.9800	 Val Loss: 1.9583, Val Acc: 0.3846
INFO:train:Epoch 98/1000 	Train Loss: 0.5494, Train Acc: 1.0000	 Val Loss: 2.0124, Val Acc: 0.3462
INFO:train:Epoch 99/1000 	Train Loss: 0.5456, Train Acc: 0.9900	 Val Loss: 2.0115, Val Acc: 0.4231
INFO:train:Epoch 100/1000 	Train Loss: 0.5365, Train Acc: 1.0000	 Val Loss: 2.0570, Val Acc: 0.3846
INFO:train:Epoch 101/1000 	Train Loss: 0.5535, Train Acc: 0.9900	 Val Loss: 2.0082, Val Acc: 0.3846
INFO:train:Epoch 102/1000 	Train Loss: 0.5226, Train Acc: 0.9900	 Val Loss: 2.0893, Val Acc: 0.4231
INFO:train:Epoch 103/1000 	Train Loss: 0.5321, Train Acc: 1.0000	 Val Loss: 1.9604, Val Acc: 0.4231
INFO:train:Epoch 104/1000 	Train Loss: 0.5217, Train Acc: 1.0000	 Val Loss: 1.9950, Val Acc: 0.3462
INFO:train:Epoch 105/1000 	Train Loss: 0.5238, Train Acc: 1.0000	 Val Loss: 2.0134, Val Acc: 0.3462
INFO:train:Epoch 106/1000 	Train Loss: 0.5201, Train Acc: 1.0000	 Val Loss: 1.9438, Val Acc: 0.4231
INFO:train:Epoch 107/1000 	Train Loss: 0.5059, Train Acc: 1.0000	 Val Loss: 1.9696, Val Acc: 0.5000
INFO:train:Epoch 108/1000 	Train Loss: 0.5386, Train Acc: 0.9900	 Val Loss: 1.9620, Val Acc: 0.3077
INFO:train:Epoch 109/1000 	Train Loss: 0.5104, Train Acc: 1.0000	 Val Loss: 2.0147, Val Acc: 0.3462
INFO:train:Epoch 110/1000 	Train Loss: 0.5232, Train Acc: 1.0000	 Val Loss: 2.0160, Val Acc: 0.3462
INFO:train:Epoch 111/1000 	Train Loss: 0.5283, Train Acc: 1.0000	 Val Loss: 2.0062, Val Acc: 0.4615
INFO:train:Epoch 112/1000 	Train Loss: 0.5171, Train Acc: 1.0000	 Val Loss: 2.0212, Val Acc: 0.4615
INFO:train:Epoch 113/1000 	Train Loss: 0.5089, Train Acc: 1.0000	 Val Loss: 1.9925, Val Acc: 0.3846
INFO:train:Epoch 114/1000 	Train Loss: 0.5179, Train Acc: 1.0000	 Val Loss: 2.0016, Val Acc: 0.3846
INFO:train:Epoch 115/1000 	Train Loss: 0.5080, Train Acc: 1.0000	 Val Loss: 2.0364, Val Acc: 0.3462
INFO:train:Epoch 116/1000 	Train Loss: 0.5095, Train Acc: 1.0000	 Val Loss: 2.0206, Val Acc: 0.4231
INFO:train:Epoch 117/1000 	Train Loss: 0.5185, Train Acc: 1.0000	 Val Loss: 1.9845, Val Acc: 0.3462
INFO:train:Epoch 118/1000 	Train Loss: 0.4996, Train Acc: 1.0000	 Val Loss: 1.9715, Val Acc: 0.3462
INFO:train:Early stopping triggered after 118 epochs
INFO:plot:Saving attention map to: figures/model_accuracy.png
INFO:__main__:Best model saved to checkpoints/LSTM_checkpoint_3.pth
INFO:train:train got 64 / 64 correct, accuracy: 1.0
INFO:plot:Saving cofusion matrix map to: figures/train_confusion_matrix.png
INFO:train:train got 36 / 36 correct, accuracy: 1.0
INFO:plot:Saving cofusion matrix map to: figures/train_confusion_matrix.png
INFO:train:Total time taken evaluate on train set the model: 0.35s
INFO:train:validation got 9 / 26 correct, accuracy: 0.34615384615384615
INFO:plot:Saving cofusion matrix map to: figures/validation_confusion_matrix.png
INFO:train:Total time taken evaluate on validation set the model: 0.11s
