INFO:numexpr.utils:Note: NumExpr detected 20 cores but "NUMEXPR_MAX_THREADS" not set, so enforcing safe limit of 8.
INFO:numexpr.utils:NumExpr defaulting to 8 threads.
INFO:__main__:gen	nevals	avg        	std        	min     	max        
0  	100   	1.19838e+18	1.10214e+19	0.447825	1.10468e+20
INFO:__main__:1  	64    	95508.6    	929047     	0.445967	9.33872e+06
INFO:__main__:
                    Generation 1: Best Fitness = 0.4460 
                    Balanced accuracy: Train: 0.5640 
                    Validation: 0.4007
INFO:__main__:2  	52    	401.53     	3959.56    	0.443799	39798.1    
INFO:__main__:
                    Generation 2: Best Fitness = 0.4438 
                    Balanced accuracy: Train: 0.5637 
                    Validation: 0.4656
INFO:__main__:3  	54    	20.9336    	202.461    	0.427867	2035.39    
INFO:__main__:
                    Generation 3: Best Fitness = 0.4279 
                    Balanced accuracy: Train: 0.5017 
                    Validation: 0.5017
INFO:__main__:4  	50    	6.26419e+07	6.23246e+08	0.420116	6.26386e+09
INFO:__main__:
                    Generation 4: Best Fitness = 0.4201 
                    Balanced accuracy: Train: 0.5360 
                    Validation: 0.3993
INFO:__main__:5  	57    	124629     	1.23947e+06	0.393767	1.24572e+07
INFO:__main__:
                    Generation 5: Best Fitness = 0.3938 
                    Balanced accuracy: Train: 0.5479 
                    Validation: 0.4942
INFO:__main__:6  	55    	105.001    	989.539    	0.393767	9946       
INFO:__main__:
                    Generation 6: Best Fitness = 0.3938 
                    Balanced accuracy: Train: 0.5428 
                    Validation: 0.5040
INFO:__main__:7  	65    	75.8794    	746.063    	0.389363	7498.98    
INFO:__main__:
                    Generation 7: Best Fitness = 0.3894 
                    Balanced accuracy: Train: 0.5452 
                    Validation: 0.5040
INFO:__main__:8  	63    	3.02329e+06	3.00791e+07	0.386787	3.02306e+08
INFO:__main__:
                    Generation 8: Best Fitness = 0.3868 
                    Balanced accuracy: Train: 0.5394 
                    Validation: 0.4699
INFO:__main__:9  	72    	1.66291e+15	1.65458e+16	0.384414	1.66291e+17
INFO:__main__:
                    Generation 9: Best Fitness = 0.3844 
                    Balanced accuracy: Train: 0.5527 
                    Validation: 0.5055
INFO:__main__:10 	62    	357.68     	2877.65    	0.365264	28095.8    
INFO:__main__:
                    Generation 10: Best Fitness = 0.3653 
                    Balanced accuracy: Train: 0.5857 
                    Validation: 0.5020
INFO:__main__:11 	63    	13.9559    	78.9597    	0.361976	660.442    
INFO:__main__:
                    Generation 11: Best Fitness = 0.3620 
                    Balanced accuracy: Train: 0.5752 
                    Validation: 0.5177
INFO:__main__:12 	49    	664891     	6.60602e+06	0.361976	6.6394e+07 
INFO:__main__:
                    Generation 12: Best Fitness = 0.3620 
                    Balanced accuracy: Train: 0.5831 
                    Validation: 0.5185
INFO:__main__:13 	53    	710644     	7.06702e+06	0.361976	7.10266e+07
INFO:__main__:
                    Generation 13: Best Fitness = 0.3620 
                    Balanced accuracy: Train: 0.5787 
                    Validation: 0.5156
INFO:__main__:14 	57    	0.408155   	0.137881   	0.360856	1.70909    
INFO:__main__:
                    Generation 14: Best Fitness = 0.3609 
                    Balanced accuracy: Train: 0.5854 
                    Validation: 0.5030
INFO:__main__:15 	59    	3.08133e+06	3.06589e+07	0.360018	3.08133e+08
INFO:__main__:
                    Generation 15: Best Fitness = 0.3600 
                    Balanced accuracy: Train: 0.5754 
                    Validation: 0.5185
INFO:__main__:16 	56    	4.41651    	34.5889    	0.360018	347.136    
INFO:__main__:
                    Generation 16: Best Fitness = 0.3600 
                    Balanced accuracy: Train: 0.5749 
                    Validation: 0.5122
INFO:__main__:17 	55    	97.375     	817.593    	0.360018	8089.43    
INFO:__main__:
                    Generation 17: Best Fitness = 0.3600 
                    Balanced accuracy: Train: 0.5826 
                    Validation: 0.5092
INFO:__main__:18 	62    	7.27585e+09	7.23938e+10	0.360018	7.27585e+11
INFO:__main__:
                    Generation 18: Best Fitness = 0.3600 
                    Balanced accuracy: Train: 0.5801 
                    Validation: 0.5047
INFO:__main__:19 	68    	49632.1    	420127     	0.359832	4.16523e+06
INFO:__main__:
                    Generation 19: Best Fitness = 0.3598 
                    Balanced accuracy: Train: 0.5906 
                    Validation: 0.5005
INFO:__main__:20 	59    	65.2587    	510.892    	0.359832	4945.22    
INFO:__main__:
                    Generation 20: Best Fitness = 0.3598 
                    Balanced accuracy: Train: 0.5928 
                    Validation: 0.5024
INFO:__main__:21 	64    	51170.4    	508712     	0.359832	5.11279e+06
INFO:__main__:
                    Generation 21: Best Fitness = 0.3598 
                    Balanced accuracy: Train: 0.5892 
                    Validation: 0.5007
INFO:__main__:22 	54    	1.96152e+17	1.95169e+18	0.358757	1.96152e+19
INFO:__main__:
                    Generation 22: Best Fitness = 0.3588 
                    Balanced accuracy: Train: 0.5941 
                    Validation: 0.5057
INFO:__main__:23 	47    	7.02716    	64.1683    	0.358757	645.23     
INFO:__main__:
                    Generation 23: Best Fitness = 0.3588 
                    Balanced accuracy: Train: 0.5915 
                    Validation: 0.5090
INFO:__main__:24 	57    	160.004    	1467.87    	0.358757	14735.2    
INFO:__main__:
                    Generation 24: Best Fitness = 0.3588 
                    Balanced accuracy: Train: 0.5906 
                    Validation: 0.5012
INFO:__main__:25 	52    	2.7842e+10 	2.77025e+11	0.358757	2.7842e+12 
INFO:__main__:
                    Generation 25: Best Fitness = 0.3588 
                    Balanced accuracy: Train: 0.5941 
                    Validation: 0.5067
INFO:__main__:26 	58    	65575.9    	652372     	0.358757	6.5566e+06 
INFO:__main__:
                    Generation 26: Best Fitness = 0.3588 
                    Balanced accuracy: Train: 0.5937 
                    Validation: 0.5018
INFO:__main__:27 	52    	20417.8    	195573     	0.358757	1.96496e+06
INFO:__main__:
                    Generation 27: Best Fitness = 0.3588 
                    Balanced accuracy: Train: 0.5933 
                    Validation: 0.4967
INFO:__main__:28 	64    	2.0724e+10 	2.062e+11  	0.358757	2.07239e+12
INFO:__main__:
                    Generation 28: Best Fitness = 0.3588 
                    Balanced accuracy: Train: 0.5946 
                    Validation: 0.5100
INFO:__main__:29 	52    	17.822     	171.322    	0.358757	1722.36    
INFO:__main__:
                    Generation 29: Best Fitness = 0.3588 
                    Balanced accuracy: Train: 0.5910 
                    Validation: 0.5061
INFO:__main__:30 	51    	80229.2    	700577     	0.358757	6.97338e+06
INFO:__main__:
                    Generation 30: Best Fitness = 0.3588 
                    Balanced accuracy: Train: 0.5897 
                    Validation: 0.5018
INFO:__main__:31 	65    	3.91694e+08	3.89731e+09	0.358757	3.91694e+10
INFO:__main__:
                    Generation 31: Best Fitness = 0.3588 
                    Balanced accuracy: Train: 0.5955 
                    Validation: 0.4941
INFO:__main__:32 	60    	8.56285    	76.1123    	0.358757	764.941    
INFO:__main__:
                    Generation 32: Best Fitness = 0.3588 
                    Balanced accuracy: Train: 0.5959 
                    Validation: 0.5109
INFO:__main__:33 	56    	2.21187e+06	2.20069e+07	0.358757	2.21178e+08
INFO:__main__:
                    Generation 33: Best Fitness = 0.3588 
                    Balanced accuracy: Train: 0.5941 
                    Validation: 0.5041
INFO:__main__:34 	55    	17.7969    	169.486    	0.358757	1703.97    
INFO:__main__:
                    Generation 34: Best Fitness = 0.3588 
                    Balanced accuracy: Train: 0.5919 
                    Validation: 0.5059
INFO:__main__:35 	56    	1226.25    	12182.4    	0.358757	122440     
INFO:__main__:
                    Generation 35: Best Fitness = 0.3588 
                    Balanced accuracy: Train: 0.5977 
                    Validation: 0.5028
INFO:__main__:36 	69    	147.396    	1377.08    	0.358757	13838.4    
INFO:__main__:
                    Generation 36: Best Fitness = 0.3588 
                    Balanced accuracy: Train: 0.5888 
                    Validation: 0.5088
INFO:__main__:37 	61    	1.0876e+06 	1.08021e+07	0.358757	1.08567e+08
INFO:__main__:
                    Generation 37: Best Fitness = 0.3588 
                    Balanced accuracy: Train: 0.5874 
                    Validation: 0.5001
INFO:__main__:38 	57    	2360.47    	23455.3    	0.358757	235738     
INFO:__main__:
                    Generation 38: Best Fitness = 0.3588 
                    Balanced accuracy: Train: 0.5897 
                    Validation: 0.5048
INFO:__main__:39 	66    	24.414     	213.6      	0.358757	2141.06    
INFO:__main__:
                    Generation 39: Best Fitness = 0.3588 
                    Balanced accuracy: Train: 0.5924 
                    Validation: 0.5042
INFO:__main__:40 	56    	5.03999    	34.8663    	0.358757	332.284    
INFO:__main__:
                    Generation 40: Best Fitness = 0.3588 
                    Balanced accuracy: Train: 0.5901 
                    Validation: 0.4995
INFO:__main__:41 	51    	1.63366e+11	1.62547e+12	0.358757	1.63366e+13
INFO:__main__:
                    Generation 41: Best Fitness = 0.3588 
                    Balanced accuracy: Train: 0.5919 
                    Validation: 0.5076
INFO:__main__:42 	67    	20.1782    	156.024    	0.354097	1521.24    
INFO:__main__:
                    Generation 42: Best Fitness = 0.3541 
                    Balanced accuracy: Train: 0.6128 
                    Validation: 0.5039
INFO:__main__:43 	39    	12814.4    	127453     	0.354097	1.28096e+06
INFO:__main__:
                    Generation 43: Best Fitness = 0.3541 
                    Balanced accuracy: Train: 0.6119 
                    Validation: 0.5090
INFO:__main__:44 	58    	2.0565e+08 	2.04619e+09	0.354097	2.0565e+10 
INFO:__main__:
                    Generation 44: Best Fitness = 0.3541 
                    Balanced accuracy: Train: 0.6118 
                    Validation: 0.5074
INFO:__main__:45 	55    	136.24     	1206.18    	0.348366	12046.5    
INFO:__main__:
                    Generation 45: Best Fitness = 0.3484 
                    Balanced accuracy: Train: 0.6213 
                    Validation: 0.5074
INFO:__main__:46 	50    	2.79225e+07	2.77746e+08	0.348366	2.79146e+09
INFO:__main__:
                    Generation 46: Best Fitness = 0.3484 
                    Balanced accuracy: Train: 0.6244 
                    Validation: 0.5040
INFO:__main__:47 	55    	6.56285e+16	6.52996e+17	0.348366	6.56285e+18
INFO:__main__:
                    Generation 47: Best Fitness = 0.3484 
                    Balanced accuracy: Train: 0.6222 
                    Validation: 0.5049
INFO:__main__:48 	60    	3207.99    	29674.8    	0.348366	297873     
INFO:__main__:
                    Generation 48: Best Fitness = 0.3484 
                    Balanced accuracy: Train: 0.6249 
                    Validation: 0.4995
INFO:__main__:49 	59    	3201.69    	29672.7    	0.348118	297854     
INFO:__main__:
                    Generation 49: Best Fitness = 0.3481 
                    Balanced accuracy: Train: 0.6209 
                    Validation: 0.5046
INFO:__main__:50 	51    	4.56233e+06	3.78709e+07	0.347333	3.72132e+08
INFO:__main__:
                    Generation 50: Best Fitness = 0.3473 
                    Balanced accuracy: Train: 0.6249 
                    Validation: 0.5013
INFO:__main__:Best individual fitness on validation set: 0.4388494991174501
INFO:__main__:Balanced Accuracy Score of the best individual on validation set: 0.5080
INFO:__main__:Printing the GP trees
