INFO:__main__:Reading the dataset.
INFO:__main__:Pre-training the network: Masked Spectra Modelling
INFO:pre_training:Epoch [1/50], Loss: 0.0099, Val: 0.0086
INFO:pre_training:Epoch [2/50], Loss: 0.0092, Val: 0.0082
INFO:pre_training:Epoch [3/50], Loss: 0.0088, Val: 0.0079
INFO:pre_training:Epoch [4/50], Loss: 0.0085, Val: 0.0075
INFO:pre_training:Epoch [5/50], Loss: 0.0082, Val: 0.0074
INFO:pre_training:Epoch [6/50], Loss: 0.0080, Val: 0.0072
INFO:pre_training:Epoch [7/50], Loss: 0.0078, Val: 0.0070
INFO:pre_training:Epoch [8/50], Loss: 0.0077, Val: 0.0068
INFO:pre_training:Epoch [9/50], Loss: 0.0075, Val: 0.0067
INFO:pre_training:Epoch [10/50], Loss: 0.0074, Val: 0.0063
INFO:pre_training:Epoch [11/50], Loss: 0.0073, Val: 0.0064
INFO:pre_training:Epoch [12/50], Loss: 0.0072, Val: 0.0062
INFO:pre_training:Epoch [13/50], Loss: 0.0071, Val: 0.0061
INFO:pre_training:Epoch [14/50], Loss: 0.0070, Val: 0.0061
INFO:pre_training:Epoch [15/50], Loss: 0.0070, Val: 0.0060
INFO:pre_training:Epoch [16/50], Loss: 0.0067, Val: 0.0059
INFO:pre_training:Epoch [17/50], Loss: 0.0066, Val: 0.0057
INFO:pre_training:Epoch [18/50], Loss: 0.0066, Val: 0.0056
INFO:pre_training:Epoch [19/50], Loss: 0.0065, Val: 0.0056
INFO:pre_training:Epoch [20/50], Loss: 0.0064, Val: 0.0056
INFO:pre_training:Epoch [21/50], Loss: 0.0063, Val: 0.0053
INFO:pre_training:Epoch [22/50], Loss: 0.0063, Val: 0.0053
INFO:pre_training:Epoch [23/50], Loss: 0.0062, Val: 0.0053
INFO:pre_training:Epoch [24/50], Loss: 0.0060, Val: 0.0052
INFO:pre_training:Epoch [25/50], Loss: 0.0060, Val: 0.0050
INFO:pre_training:Epoch [26/50], Loss: 0.0059, Val: 0.0050
INFO:pre_training:Epoch [27/50], Loss: 0.0059, Val: 0.0048
INFO:pre_training:Epoch [28/50], Loss: 0.0058, Val: 0.0048
INFO:pre_training:Epoch [29/50], Loss: 0.0057, Val: 0.0049
INFO:pre_training:Epoch [30/50], Loss: 0.0057, Val: 0.0047
INFO:pre_training:Epoch [31/50], Loss: 0.0056, Val: 0.0046
INFO:pre_training:Epoch [32/50], Loss: 0.0056, Val: 0.0047
INFO:pre_training:Epoch [33/50], Loss: 0.0055, Val: 0.0046
INFO:pre_training:Epoch [34/50], Loss: 0.0055, Val: 0.0046
INFO:pre_training:Epoch [35/50], Loss: 0.0054, Val: 0.0044
INFO:pre_training:Epoch [36/50], Loss: 0.0053, Val: 0.0043
INFO:pre_training:Epoch [37/50], Loss: 0.0054, Val: 0.0043
INFO:pre_training:Epoch [38/50], Loss: 0.0052, Val: 0.0043
INFO:pre_training:Epoch [39/50], Loss: 0.0053, Val: 0.0043
INFO:pre_training:Epoch [40/50], Loss: 0.0051, Val: 0.0042
INFO:pre_training:Epoch [41/50], Loss: 0.0051, Val: 0.0042
INFO:pre_training:Epoch [42/50], Loss: 0.0050, Val: 0.0042
INFO:pre_training:Epoch [43/50], Loss: 0.0050, Val: 0.0042
INFO:pre_training:Epoch [44/50], Loss: 0.0050, Val: 0.0041
INFO:pre_training:Epoch [45/50], Loss: 0.0049, Val: 0.0041
INFO:pre_training:Epoch [46/50], Loss: 0.0049, Val: 0.0040
INFO:pre_training:Epoch [47/50], Loss: 0.0049, Val: 0.0041
INFO:pre_training:Epoch [48/50], Loss: 0.0048, Val: 0.0040
INFO:pre_training:Epoch [49/50], Loss: 0.0048, Val: 0.0038
INFO:pre_training:Epoch [50/50], Loss: 0.0047, Val: 0.0038
INFO:__main__:Total time taken to pre-train the model: 11.84s
INFO:__main__:Training the network
INFO:train:Epoch 1/50, Train Loss: 0.6313, Train Acc: 0.6310, Val Loss: 0.4267, Val Acc: 0.8261
INFO:train:Epoch 2/50, Train Loss: 0.4439, Train Acc: 0.8342, Val Loss: 0.3103, Val Acc: 1.0000
INFO:train:Epoch 3/50, Train Loss: 0.3302, Train Acc: 0.9572, Val Loss: 0.2372, Val Acc: 1.0000
INFO:train:Epoch 4/50, Train Loss: 0.2880, Train Acc: 0.9679, Val Loss: 0.2140, Val Acc: 1.0000
INFO:train:Epoch 5/50, Train Loss: 0.2643, Train Acc: 0.9786, Val Loss: 0.2139, Val Acc: 1.0000
INFO:train:Epoch 6/50, Train Loss: 0.2409, Train Acc: 0.9947, Val Loss: 0.2235, Val Acc: 1.0000
INFO:train:Epoch 7/50, Train Loss: 0.2301, Train Acc: 0.9947, Val Loss: 0.2326, Val Acc: 1.0000
INFO:train:Epoch 8/50, Train Loss: 0.2291, Train Acc: 0.9947, Val Loss: 0.2382, Val Acc: 1.0000
INFO:train:Epoch 9/50, Train Loss: 0.2261, Train Acc: 1.0000, Val Loss: 0.2407, Val Acc: 1.0000
INFO:train:Epoch 10/50, Train Loss: 0.2248, Train Acc: 1.0000, Val Loss: 0.2401, Val Acc: 1.0000
INFO:train:Epoch 11/50, Train Loss: 0.2240, Train Acc: 1.0000, Val Loss: 0.2383, Val Acc: 1.0000
INFO:train:Epoch 12/50, Train Loss: 0.2196, Train Acc: 1.0000, Val Loss: 0.2355, Val Acc: 1.0000
INFO:train:Epoch 13/50, Train Loss: 0.2178, Train Acc: 1.0000, Val Loss: 0.2328, Val Acc: 1.0000
INFO:train:Epoch 14/50, Train Loss: 0.2142, Train Acc: 1.0000, Val Loss: 0.2305, Val Acc: 1.0000
INFO:train:Epoch 15/50, Train Loss: 0.2108, Train Acc: 1.0000, Val Loss: 0.2285, Val Acc: 1.0000
INFO:train:Epoch 16/50, Train Loss: 0.2121, Train Acc: 1.0000, Val Loss: 0.2270, Val Acc: 1.0000
INFO:train:Epoch 17/50, Train Loss: 0.2120, Train Acc: 1.0000, Val Loss: 0.2243, Val Acc: 1.0000
INFO:train:Epoch 18/50, Train Loss: 0.2118, Train Acc: 1.0000, Val Loss: 0.2234, Val Acc: 1.0000
INFO:train:Epoch 19/50, Train Loss: 0.2101, Train Acc: 1.0000, Val Loss: 0.2233, Val Acc: 1.0000
INFO:train:Epoch 20/50, Train Loss: 0.2101, Train Acc: 1.0000, Val Loss: 0.2242, Val Acc: 1.0000
INFO:train:Epoch 21/50, Train Loss: 0.2106, Train Acc: 1.0000, Val Loss: 0.2237, Val Acc: 1.0000
INFO:train:Epoch 22/50, Train Loss: 0.2082, Train Acc: 1.0000, Val Loss: 0.2225, Val Acc: 1.0000
INFO:train:Epoch 23/50, Train Loss: 0.2070, Train Acc: 1.0000, Val Loss: 0.2220, Val Acc: 1.0000
INFO:train:Epoch 24/50, Train Loss: 0.2079, Train Acc: 1.0000, Val Loss: 0.2213, Val Acc: 1.0000
INFO:train:Epoch 25/50, Train Loss: 0.2081, Train Acc: 1.0000, Val Loss: 0.2214, Val Acc: 1.0000
INFO:train:Epoch 26/50, Train Loss: 0.2076, Train Acc: 1.0000, Val Loss: 0.2217, Val Acc: 1.0000
INFO:train:Epoch 27/50, Train Loss: 0.2071, Train Acc: 1.0000, Val Loss: 0.2213, Val Acc: 1.0000
INFO:train:Epoch 28/50, Train Loss: 0.2075, Train Acc: 1.0000, Val Loss: 0.2212, Val Acc: 1.0000
INFO:train:Epoch 29/50, Train Loss: 0.2065, Train Acc: 1.0000, Val Loss: 0.2210, Val Acc: 1.0000
INFO:train:Epoch 30/50, Train Loss: 0.2070, Train Acc: 1.0000, Val Loss: 0.2217, Val Acc: 1.0000
INFO:train:Epoch 31/50, Train Loss: 0.2054, Train Acc: 1.0000, Val Loss: 0.2213, Val Acc: 1.0000
INFO:train:Epoch 32/50, Train Loss: 0.2057, Train Acc: 1.0000, Val Loss: 0.2199, Val Acc: 1.0000
INFO:train:Epoch 33/50, Train Loss: 0.2062, Train Acc: 1.0000, Val Loss: 0.2196, Val Acc: 1.0000
INFO:train:Epoch 34/50, Train Loss: 0.2048, Train Acc: 1.0000, Val Loss: 0.2205, Val Acc: 1.0000
INFO:train:Epoch 35/50, Train Loss: 0.2061, Train Acc: 1.0000, Val Loss: 0.2210, Val Acc: 1.0000
INFO:train:Epoch 36/50, Train Loss: 0.2050, Train Acc: 1.0000, Val Loss: 0.2193, Val Acc: 1.0000
INFO:train:Epoch 37/50, Train Loss: 0.2042, Train Acc: 1.0000, Val Loss: 0.2191, Val Acc: 1.0000
INFO:train:Epoch 38/50, Train Loss: 0.2048, Train Acc: 1.0000, Val Loss: 0.2197, Val Acc: 1.0000
INFO:train:Epoch 39/50, Train Loss: 0.2049, Train Acc: 1.0000, Val Loss: 0.2200, Val Acc: 1.0000
INFO:train:Epoch 40/50, Train Loss: 0.2049, Train Acc: 1.0000, Val Loss: 0.2192, Val Acc: 1.0000
INFO:train:Epoch 41/50, Train Loss: 0.2053, Train Acc: 1.0000, Val Loss: 0.2188, Val Acc: 1.0000
INFO:train:Epoch 42/50, Train Loss: 0.2038, Train Acc: 1.0000, Val Loss: 0.2193, Val Acc: 1.0000
INFO:train:Epoch 43/50, Train Loss: 0.2035, Train Acc: 1.0000, Val Loss: 0.2206, Val Acc: 1.0000
INFO:train:Epoch 44/50, Train Loss: 0.2034, Train Acc: 1.0000, Val Loss: 0.2219, Val Acc: 1.0000
INFO:train:Epoch 45/50, Train Loss: 0.2040, Train Acc: 1.0000, Val Loss: 0.2209, Val Acc: 1.0000
INFO:train:Epoch 46/50, Train Loss: 0.2034, Train Acc: 1.0000, Val Loss: 0.2201, Val Acc: 1.0000
INFO:train:Epoch 47/50, Train Loss: 0.2035, Train Acc: 1.0000, Val Loss: 0.2197, Val Acc: 1.0000
INFO:train:Epoch 48/50, Train Loss: 0.2044, Train Acc: 1.0000, Val Loss: 0.2207, Val Acc: 1.0000
INFO:train:Epoch 49/50, Train Loss: 0.2035, Train Acc: 1.0000, Val Loss: 0.2211, Val Acc: 1.0000
INFO:train:Epoch 50/50, Train Loss: 0.2042, Train Acc: 1.0000, Val Loss: 0.2209, Val Acc: 1.0000
INFO:plot:Saving attention map to: figures/model_accuracy.png
INFO:__main__:Total time taken to train the model: 9.93s
INFO:__main__:train accuracy 64 / 64
INFO:__main__:train accuracy 64 / 64
INFO:__main__:train accuracy 59 / 59
INFO:__main__:validation accuracy 23 / 23
INFO:__main__:test accuracy 23 / 24
INFO:plot:Saving attention map to: figures/encoder_attention_map.png
INFO:plot:Saving attention map to: figures/decoder_attention_map.png
