INFO:__main__:Reading the dataset.
INFO:__main__:Pre-training the network: Masked Spectra Modelling
INFO:pre_training:Epoch [1/20], Loss: 0.0876, Val: 0.0070
INFO:pre_training:Epoch [2/20], Loss: 0.0760, Val: 0.0064
INFO:pre_training:Epoch [3/20], Loss: 0.0692, Val: 0.0057
INFO:pre_training:Epoch [4/20], Loss: 0.0634, Val: 0.0054
INFO:pre_training:Epoch [5/20], Loss: 0.0589, Val: 0.0049
INFO:pre_training:Epoch [6/20], Loss: 0.0551, Val: 0.0046
INFO:pre_training:Epoch [7/20], Loss: 0.0521, Val: 0.0044
INFO:pre_training:Epoch [8/20], Loss: 0.0494, Val: 0.0041
INFO:pre_training:Epoch [9/20], Loss: 0.0472, Val: 0.0042
INFO:pre_training:Epoch [10/20], Loss: 0.0451, Val: 0.0042
INFO:pre_training:Epoch [11/20], Loss: 0.0430, Val: 0.0040
INFO:pre_training:Epoch [12/20], Loss: 0.0416, Val: 0.0039
INFO:pre_training:Epoch [13/20], Loss: 0.0401, Val: 0.0038
INFO:pre_training:Epoch [14/20], Loss: 0.0386, Val: 0.0037
INFO:pre_training:Epoch [15/20], Loss: 0.0375, Val: 0.0036
INFO:pre_training:Epoch [16/20], Loss: 0.0365, Val: 0.0037
INFO:pre_training:Epoch [17/20], Loss: 0.0354, Val: 0.0035
INFO:pre_training:Epoch [18/20], Loss: 0.0345, Val: 0.0036
INFO:pre_training:Epoch [19/20], Loss: 0.0335, Val: 0.0035
INFO:pre_training:Epoch [20/20], Loss: 0.0327, Val: 0.0034
INFO:__main__:Total time taken to pre-train the model: 25.76s
INFO:__main__:Training the network
INFO:train:Epoch 1/20, Train Loss: 0.3830, Train Acc: 0.9278, Val Loss: 0.2735, Val Acc: 0.9565
INFO:train:Epoch 2/20, Train Loss: 0.2282, Train Acc: 0.9893, Val Loss: 0.2433, Val Acc: 1.0000
INFO:train:Epoch 3/20, Train Loss: 0.2122, Train Acc: 1.0000, Val Loss: 0.2290, Val Acc: 1.0000
INFO:train:Epoch 4/20, Train Loss: 0.2080, Train Acc: 1.0000, Val Loss: 0.2214, Val Acc: 1.0000
INFO:train:Epoch 5/20, Train Loss: 0.2064, Train Acc: 1.0000, Val Loss: 0.2292, Val Acc: 1.0000
INFO:train:Epoch 6/20, Train Loss: 0.2052, Train Acc: 1.0000, Val Loss: 0.2260, Val Acc: 1.0000
INFO:train:Epoch 7/20, Train Loss: 0.2039, Train Acc: 1.0000, Val Loss: 0.2231, Val Acc: 1.0000
INFO:train:Epoch 8/20, Train Loss: 0.2036, Train Acc: 1.0000, Val Loss: 0.2228, Val Acc: 1.0000
INFO:train:Epoch 9/20, Train Loss: 0.2034, Train Acc: 1.0000, Val Loss: 0.2222, Val Acc: 1.0000
INFO:train:Epoch 10/20, Train Loss: 0.2025, Train Acc: 1.0000, Val Loss: 0.2262, Val Acc: 1.0000
INFO:train:Epoch 11/20, Train Loss: 0.2022, Train Acc: 1.0000, Val Loss: 0.2242, Val Acc: 1.0000
INFO:train:Epoch 12/20, Train Loss: 0.2019, Train Acc: 1.0000, Val Loss: 0.2221, Val Acc: 1.0000
INFO:train:Epoch 13/20, Train Loss: 0.2018, Train Acc: 1.0000, Val Loss: 0.2229, Val Acc: 1.0000
INFO:train:Epoch 14/20, Train Loss: 0.2014, Train Acc: 1.0000, Val Loss: 0.2242, Val Acc: 1.0000
INFO:train:Epoch 15/20, Train Loss: 0.2013, Train Acc: 1.0000, Val Loss: 0.2254, Val Acc: 1.0000
INFO:train:Epoch 16/20, Train Loss: 0.2013, Train Acc: 1.0000, Val Loss: 0.2226, Val Acc: 1.0000
INFO:train:Epoch 17/20, Train Loss: 0.2012, Train Acc: 1.0000, Val Loss: 0.2232, Val Acc: 1.0000
INFO:train:Epoch 18/20, Train Loss: 0.2012, Train Acc: 1.0000, Val Loss: 0.2218, Val Acc: 1.0000
INFO:train:Epoch 19/20, Train Loss: 0.2012, Train Acc: 1.0000, Val Loss: 0.2247, Val Acc: 1.0000
INFO:train:Epoch 20/20, Train Loss: 0.2009, Train Acc: 1.0000, Val Loss: 0.2246, Val Acc: 1.0000
INFO:plot:Saving attention map to: figures/model_accuracy.png
INFO:__main__:Total time taken to train the model: 26.32s
INFO:__main__:train accuracy 64 / 64
INFO:__main__:train accuracy 64 / 64
INFO:__main__:train accuracy 64 / 64
INFO:__main__:train accuracy 64 / 64
INFO:__main__:train accuracy 64 / 64
INFO:__main__:train accuracy 64 / 64
INFO:__main__:train accuracy 64 / 64
INFO:__main__:train accuracy 64 / 64
INFO:__main__:train accuracy 64 / 64
INFO:__main__:train accuracy 64 / 64
INFO:__main__:train accuracy 64 / 64
INFO:__main__:train accuracy 64 / 64
INFO:__main__:train accuracy 64 / 64
INFO:__main__:train accuracy 64 / 64
INFO:__main__:train accuracy 64 / 64
INFO:__main__:train accuracy 64 / 64
INFO:__main__:train accuracy 64 / 64
INFO:__main__:train accuracy 34 / 34
INFO:__main__:validation accuracy 23 / 23
INFO:__main__:test accuracy 24 / 24
INFO:plot:Saving attention map to: figures/encoder_attention_map.png
INFO:plot:Saving attention map to: figures/decoder_attention_map.png
