INFO:__main__:Reading the dataset.
INFO:__main__:Pre-training the network: Masked Spectra Modelling
INFO:pre_training:Epoch [1/20], Loss: 0.0879, Val: 0.0071
INFO:pre_training:Epoch [2/20], Loss: 0.0758, Val: 0.0063
INFO:pre_training:Epoch [3/20], Loss: 0.0692, Val: 0.0057
INFO:pre_training:Epoch [4/20], Loss: 0.0636, Val: 0.0052
INFO:pre_training:Epoch [5/20], Loss: 0.0590, Val: 0.0047
INFO:pre_training:Epoch [6/20], Loss: 0.0551, Val: 0.0043
INFO:pre_training:Epoch [7/20], Loss: 0.0521, Val: 0.0042
INFO:pre_training:Epoch [8/20], Loss: 0.0494, Val: 0.0040
INFO:pre_training:Epoch [9/20], Loss: 0.0474, Val: 0.0039
INFO:pre_training:Epoch [10/20], Loss: 0.0453, Val: 0.0037
INFO:pre_training:Epoch [11/20], Loss: 0.0435, Val: 0.0037
INFO:pre_training:Epoch [12/20], Loss: 0.0418, Val: 0.0036
INFO:pre_training:Epoch [13/20], Loss: 0.0404, Val: 0.0035
INFO:pre_training:Epoch [14/20], Loss: 0.0391, Val: 0.0034
INFO:pre_training:Epoch [15/20], Loss: 0.0379, Val: 0.0034
INFO:pre_training:Epoch [16/20], Loss: 0.0368, Val: 0.0033
INFO:pre_training:Epoch [17/20], Loss: 0.0357, Val: 0.0033
INFO:pre_training:Epoch [18/20], Loss: 0.0346, Val: 0.0032
INFO:pre_training:Epoch [19/20], Loss: 0.0338, Val: 0.0032
INFO:pre_training:Epoch [20/20], Loss: 0.0330, Val: 0.0031
INFO:__main__:Total time taken to pre-train the model: 24.91s
INFO:__main__:Training the network
INFO:train:Epoch 1/20, Train Loss: 0.4061, Train Acc: 0.8770, Val Loss: 0.3209, Val Acc: 0.9565
INFO:train:Epoch 2/20, Train Loss: 0.2226, Train Acc: 0.9973, Val Loss: 0.2640, Val Acc: 0.9565
INFO:train:Epoch 3/20, Train Loss: 0.2131, Train Acc: 1.0000, Val Loss: 0.2464, Val Acc: 0.9565
INFO:train:Epoch 4/20, Train Loss: 0.2082, Train Acc: 1.0000, Val Loss: 0.2409, Val Acc: 0.9565
INFO:train:Epoch 5/20, Train Loss: 0.2060, Train Acc: 1.0000, Val Loss: 0.2303, Val Acc: 1.0000
INFO:train:Epoch 6/20, Train Loss: 0.2046, Train Acc: 1.0000, Val Loss: 0.2236, Val Acc: 1.0000
INFO:train:Epoch 7/20, Train Loss: 0.2043, Train Acc: 1.0000, Val Loss: 0.2304, Val Acc: 1.0000
INFO:train:Epoch 8/20, Train Loss: 0.2032, Train Acc: 1.0000, Val Loss: 0.2255, Val Acc: 1.0000
INFO:train:Epoch 9/20, Train Loss: 0.2024, Train Acc: 1.0000, Val Loss: 0.2254, Val Acc: 1.0000
INFO:train:Epoch 10/20, Train Loss: 0.2026, Train Acc: 1.0000, Val Loss: 0.2227, Val Acc: 1.0000
INFO:train:Epoch 11/20, Train Loss: 0.2019, Train Acc: 1.0000, Val Loss: 0.2247, Val Acc: 1.0000
INFO:train:Epoch 12/20, Train Loss: 0.2020, Train Acc: 1.0000, Val Loss: 0.2227, Val Acc: 1.0000
INFO:train:Epoch 13/20, Train Loss: 0.2018, Train Acc: 1.0000, Val Loss: 0.2217, Val Acc: 1.0000
INFO:train:Epoch 14/20, Train Loss: 0.2017, Train Acc: 1.0000, Val Loss: 0.2222, Val Acc: 1.0000
INFO:train:Epoch 15/20, Train Loss: 0.2015, Train Acc: 1.0000, Val Loss: 0.2207, Val Acc: 1.0000
INFO:train:Epoch 16/20, Train Loss: 0.2017, Train Acc: 1.0000, Val Loss: 0.2186, Val Acc: 1.0000
INFO:train:Epoch 17/20, Train Loss: 0.2012, Train Acc: 1.0000, Val Loss: 0.2200, Val Acc: 1.0000
INFO:train:Epoch 18/20, Train Loss: 0.2010, Train Acc: 1.0000, Val Loss: 0.2207, Val Acc: 1.0000
INFO:train:Epoch 19/20, Train Loss: 0.2009, Train Acc: 1.0000, Val Loss: 0.2228, Val Acc: 1.0000
INFO:train:Epoch 20/20, Train Loss: 0.2009, Train Acc: 1.0000, Val Loss: 0.2213, Val Acc: 1.0000
INFO:plot:Saving attention map to: figures/model_accuracy.png
INFO:__main__:Total time taken to train the model: 24.63s
INFO:__main__:train accuracy 64 / 64
INFO:__main__:train accuracy 64 / 64
INFO:__main__:train accuracy 64 / 64
INFO:__main__:train accuracy 64 / 64
INFO:__main__:train accuracy 64 / 64
INFO:__main__:train accuracy 64 / 64
INFO:__main__:train accuracy 64 / 64
INFO:__main__:train accuracy 64 / 64
INFO:__main__:train accuracy 64 / 64
INFO:__main__:train accuracy 64 / 64
INFO:__main__:train accuracy 64 / 64
INFO:__main__:train accuracy 64 / 64
INFO:__main__:train accuracy 64 / 64
INFO:__main__:train accuracy 64 / 64
INFO:__main__:train accuracy 64 / 64
INFO:__main__:train accuracy 64 / 64
INFO:__main__:train accuracy 64 / 64
INFO:__main__:train accuracy 34 / 34
INFO:__main__:validation accuracy 23 / 23
INFO:__main__:test accuracy 23 / 24
INFO:plot:Saving attention map to: figures/encoder_attention_map.png
INFO:plot:Saving attention map to: figures/decoder_attention_map.png
