INFO:__main__:Reading the dataset.
INFO:__main__:Pre-training the network: Masked Spectra Modelling
INFO:pre_training:Epoch [1/50], Loss: 0.0098, Val: 0.0087
INFO:pre_training:Epoch [2/50], Loss: 0.0091, Val: 0.0082
INFO:pre_training:Epoch [3/50], Loss: 0.0087, Val: 0.0078
INFO:pre_training:Epoch [4/50], Loss: 0.0085, Val: 0.0076
INFO:pre_training:Epoch [5/50], Loss: 0.0082, Val: 0.0073
INFO:pre_training:Epoch [6/50], Loss: 0.0081, Val: 0.0072
INFO:pre_training:Epoch [7/50], Loss: 0.0080, Val: 0.0072
INFO:pre_training:Epoch [8/50], Loss: 0.0077, Val: 0.0070
INFO:pre_training:Epoch [9/50], Loss: 0.0075, Val: 0.0068
INFO:pre_training:Epoch [10/50], Loss: 0.0074, Val: 0.0067
INFO:pre_training:Epoch [11/50], Loss: 0.0073, Val: 0.0064
INFO:pre_training:Epoch [12/50], Loss: 0.0071, Val: 0.0064
INFO:pre_training:Epoch [13/50], Loss: 0.0070, Val: 0.0062
INFO:pre_training:Epoch [14/50], Loss: 0.0070, Val: 0.0062
INFO:pre_training:Epoch [15/50], Loss: 0.0069, Val: 0.0061
INFO:pre_training:Epoch [16/50], Loss: 0.0069, Val: 0.0060
INFO:pre_training:Epoch [17/50], Loss: 0.0067, Val: 0.0058
INFO:pre_training:Epoch [18/50], Loss: 0.0066, Val: 0.0058
INFO:pre_training:Epoch [19/50], Loss: 0.0066, Val: 0.0056
INFO:pre_training:Epoch [20/50], Loss: 0.0064, Val: 0.0056
INFO:pre_training:Epoch [21/50], Loss: 0.0063, Val: 0.0054
INFO:pre_training:Epoch [22/50], Loss: 0.0062, Val: 0.0053
INFO:pre_training:Epoch [23/50], Loss: 0.0063, Val: 0.0052
INFO:pre_training:Epoch [24/50], Loss: 0.0061, Val: 0.0052
INFO:pre_training:Epoch [25/50], Loss: 0.0060, Val: 0.0053
INFO:pre_training:Epoch [26/50], Loss: 0.0060, Val: 0.0050
INFO:pre_training:Epoch [27/50], Loss: 0.0059, Val: 0.0049
INFO:pre_training:Epoch [28/50], Loss: 0.0058, Val: 0.0051
INFO:pre_training:Epoch [29/50], Loss: 0.0057, Val: 0.0049
INFO:pre_training:Epoch [30/50], Loss: 0.0057, Val: 0.0048
INFO:pre_training:Epoch [31/50], Loss: 0.0056, Val: 0.0048
INFO:pre_training:Epoch [32/50], Loss: 0.0055, Val: 0.0047
INFO:pre_training:Epoch [33/50], Loss: 0.0055, Val: 0.0047
INFO:pre_training:Epoch [34/50], Loss: 0.0055, Val: 0.0047
INFO:pre_training:Epoch [35/50], Loss: 0.0054, Val: 0.0046
INFO:pre_training:Epoch [36/50], Loss: 0.0054, Val: 0.0044
INFO:pre_training:Epoch [37/50], Loss: 0.0053, Val: 0.0046
INFO:pre_training:Epoch [38/50], Loss: 0.0052, Val: 0.0045
INFO:pre_training:Epoch [39/50], Loss: 0.0052, Val: 0.0045
INFO:pre_training:Epoch [40/50], Loss: 0.0052, Val: 0.0044
INFO:pre_training:Epoch [41/50], Loss: 0.0051, Val: 0.0043
INFO:pre_training:Epoch [42/50], Loss: 0.0050, Val: 0.0043
INFO:pre_training:Epoch [43/50], Loss: 0.0050, Val: 0.0043
INFO:pre_training:Epoch [44/50], Loss: 0.0050, Val: 0.0042
INFO:pre_training:Epoch [45/50], Loss: 0.0049, Val: 0.0042
INFO:pre_training:Epoch [46/50], Loss: 0.0049, Val: 0.0041
INFO:pre_training:Epoch [47/50], Loss: 0.0049, Val: 0.0042
INFO:pre_training:Epoch [48/50], Loss: 0.0048, Val: 0.0042
INFO:pre_training:Epoch [49/50], Loss: 0.0048, Val: 0.0040
INFO:pre_training:Epoch [50/50], Loss: 0.0047, Val: 0.0041
INFO:__main__:Total time taken to pre-train the model: 11.92s
INFO:__main__:Training the network
INFO:train:Epoch 1/50, Train Loss: 0.6003, Train Acc: 0.6952, Val Loss: 0.3686, Val Acc: 0.9130
INFO:train:Epoch 2/50, Train Loss: 0.4102, Train Acc: 0.9037, Val Loss: 0.2825, Val Acc: 0.9565
INFO:train:Epoch 3/50, Train Loss: 0.3321, Train Acc: 0.9572, Val Loss: 0.2666, Val Acc: 0.9565
INFO:train:Epoch 4/50, Train Loss: 0.2666, Train Acc: 0.9786, Val Loss: 0.2674, Val Acc: 0.9565
INFO:train:Epoch 5/50, Train Loss: 0.2429, Train Acc: 0.9947, Val Loss: 0.2871, Val Acc: 0.9565
INFO:train:Epoch 6/50, Train Loss: 0.2327, Train Acc: 1.0000, Val Loss: 0.3084, Val Acc: 0.9565
INFO:train:Epoch 7/50, Train Loss: 0.2299, Train Acc: 1.0000, Val Loss: 0.3303, Val Acc: 0.9565
INFO:train:Epoch 8/50, Train Loss: 0.2250, Train Acc: 1.0000, Val Loss: 0.3297, Val Acc: 0.9565
INFO:train:Epoch 9/50, Train Loss: 0.2257, Train Acc: 1.0000, Val Loss: 0.3140, Val Acc: 0.9565
INFO:train:Epoch 10/50, Train Loss: 0.2270, Train Acc: 1.0000, Val Loss: 0.2959, Val Acc: 0.9565
INFO:train:Epoch 11/50, Train Loss: 0.2250, Train Acc: 1.0000, Val Loss: 0.2827, Val Acc: 0.9565
INFO:train:Epoch 12/50, Train Loss: 0.2202, Train Acc: 1.0000, Val Loss: 0.2714, Val Acc: 0.9565
INFO:train:Epoch 13/50, Train Loss: 0.2160, Train Acc: 1.0000, Val Loss: 0.2635, Val Acc: 0.9565
INFO:train:Epoch 14/50, Train Loss: 0.2147, Train Acc: 1.0000, Val Loss: 0.2560, Val Acc: 0.9565
INFO:train:Epoch 15/50, Train Loss: 0.2141, Train Acc: 1.0000, Val Loss: 0.2501, Val Acc: 0.9565
INFO:train:Epoch 16/50, Train Loss: 0.2129, Train Acc: 1.0000, Val Loss: 0.2467, Val Acc: 1.0000
INFO:train:Epoch 17/50, Train Loss: 0.2128, Train Acc: 1.0000, Val Loss: 0.2455, Val Acc: 0.9565
INFO:train:Epoch 18/50, Train Loss: 0.2109, Train Acc: 1.0000, Val Loss: 0.2454, Val Acc: 0.9565
INFO:train:Epoch 19/50, Train Loss: 0.2096, Train Acc: 1.0000, Val Loss: 0.2442, Val Acc: 1.0000
INFO:train:Epoch 20/50, Train Loss: 0.2118, Train Acc: 1.0000, Val Loss: 0.2444, Val Acc: 1.0000
INFO:train:Epoch 21/50, Train Loss: 0.2100, Train Acc: 1.0000, Val Loss: 0.2452, Val Acc: 0.9565
INFO:train:Epoch 22/50, Train Loss: 0.2072, Train Acc: 1.0000, Val Loss: 0.2447, Val Acc: 1.0000
INFO:train:Epoch 23/50, Train Loss: 0.2079, Train Acc: 1.0000, Val Loss: 0.2452, Val Acc: 1.0000
INFO:train:Epoch 24/50, Train Loss: 0.2081, Train Acc: 1.0000, Val Loss: 0.2448, Val Acc: 1.0000
INFO:train:Epoch 25/50, Train Loss: 0.2079, Train Acc: 1.0000, Val Loss: 0.2457, Val Acc: 1.0000
INFO:train:Epoch 26/50, Train Loss: 0.2075, Train Acc: 1.0000, Val Loss: 0.2468, Val Acc: 1.0000
INFO:train:Epoch 27/50, Train Loss: 0.2064, Train Acc: 1.0000, Val Loss: 0.2472, Val Acc: 1.0000
INFO:train:Epoch 28/50, Train Loss: 0.2063, Train Acc: 1.0000, Val Loss: 0.2465, Val Acc: 1.0000
INFO:train:Epoch 29/50, Train Loss: 0.2062, Train Acc: 1.0000, Val Loss: 0.2461, Val Acc: 1.0000
INFO:train:Epoch 30/50, Train Loss: 0.2064, Train Acc: 1.0000, Val Loss: 0.2455, Val Acc: 1.0000
INFO:train:Epoch 31/50, Train Loss: 0.2069, Train Acc: 1.0000, Val Loss: 0.2454, Val Acc: 1.0000
INFO:train:Epoch 32/50, Train Loss: 0.2058, Train Acc: 1.0000, Val Loss: 0.2438, Val Acc: 1.0000
INFO:train:Epoch 33/50, Train Loss: 0.2048, Train Acc: 1.0000, Val Loss: 0.2438, Val Acc: 1.0000
INFO:train:Epoch 34/50, Train Loss: 0.2056, Train Acc: 1.0000, Val Loss: 0.2432, Val Acc: 1.0000
INFO:train:Epoch 35/50, Train Loss: 0.2051, Train Acc: 1.0000, Val Loss: 0.2427, Val Acc: 1.0000
INFO:train:Epoch 36/50, Train Loss: 0.2057, Train Acc: 1.0000, Val Loss: 0.2412, Val Acc: 1.0000
INFO:train:Epoch 37/50, Train Loss: 0.2051, Train Acc: 1.0000, Val Loss: 0.2399, Val Acc: 1.0000
INFO:train:Epoch 38/50, Train Loss: 0.2050, Train Acc: 1.0000, Val Loss: 0.2398, Val Acc: 1.0000
INFO:train:Epoch 39/50, Train Loss: 0.2038, Train Acc: 1.0000, Val Loss: 0.2405, Val Acc: 1.0000
INFO:train:Epoch 40/50, Train Loss: 0.2049, Train Acc: 1.0000, Val Loss: 0.2405, Val Acc: 1.0000
INFO:train:Epoch 41/50, Train Loss: 0.2041, Train Acc: 1.0000, Val Loss: 0.2409, Val Acc: 1.0000
INFO:train:Epoch 42/50, Train Loss: 0.2054, Train Acc: 1.0000, Val Loss: 0.2422, Val Acc: 1.0000
INFO:train:Epoch 43/50, Train Loss: 0.2049, Train Acc: 1.0000, Val Loss: 0.2439, Val Acc: 1.0000
INFO:train:Epoch 44/50, Train Loss: 0.2049, Train Acc: 1.0000, Val Loss: 0.2455, Val Acc: 1.0000
INFO:train:Epoch 45/50, Train Loss: 0.2057, Train Acc: 1.0000, Val Loss: 0.2458, Val Acc: 0.9565
INFO:train:Epoch 46/50, Train Loss: 0.2045, Train Acc: 1.0000, Val Loss: 0.2429, Val Acc: 1.0000
INFO:train:Epoch 47/50, Train Loss: 0.2036, Train Acc: 1.0000, Val Loss: 0.2410, Val Acc: 1.0000
INFO:train:Epoch 48/50, Train Loss: 0.2054, Train Acc: 1.0000, Val Loss: 0.2398, Val Acc: 1.0000
INFO:train:Epoch 49/50, Train Loss: 0.2032, Train Acc: 1.0000, Val Loss: 0.2402, Val Acc: 1.0000
INFO:train:Epoch 50/50, Train Loss: 0.2044, Train Acc: 1.0000, Val Loss: 0.2400, Val Acc: 1.0000
INFO:plot:Saving attention map to: figures/model_accuracy.png
INFO:__main__:Total time taken to train the model: 10.01s
INFO:__main__:train accuracy 64 / 64
INFO:__main__:train accuracy 64 / 64
INFO:__main__:train accuracy 59 / 59
INFO:__main__:validation accuracy 23 / 23
INFO:__main__:test accuracy 24 / 24
INFO:plot:Saving attention map to: figures/encoder_attention_map.png
INFO:plot:Saving attention map to: figures/decoder_attention_map.png
