INFO:__main__:Reading the dataset.
INFO:__main__:Pre-training the network: Masked Spectra Modelling
INFO:pre_training:Epoch [1/50], Loss: 0.0098, Val: 0.0085
INFO:pre_training:Epoch [2/50], Loss: 0.0092, Val: 0.0080
INFO:pre_training:Epoch [3/50], Loss: 0.0089, Val: 0.0076
INFO:pre_training:Epoch [4/50], Loss: 0.0086, Val: 0.0073
INFO:pre_training:Epoch [5/50], Loss: 0.0084, Val: 0.0071
INFO:pre_training:Epoch [6/50], Loss: 0.0081, Val: 0.0070
INFO:pre_training:Epoch [7/50], Loss: 0.0080, Val: 0.0067
INFO:pre_training:Epoch [8/50], Loss: 0.0078, Val: 0.0066
INFO:pre_training:Epoch [9/50], Loss: 0.0077, Val: 0.0064
INFO:pre_training:Epoch [10/50], Loss: 0.0076, Val: 0.0062
INFO:pre_training:Epoch [11/50], Loss: 0.0075, Val: 0.0061
INFO:pre_training:Epoch [12/50], Loss: 0.0073, Val: 0.0061
INFO:pre_training:Epoch [13/50], Loss: 0.0072, Val: 0.0059
INFO:pre_training:Epoch [14/50], Loss: 0.0071, Val: 0.0058
INFO:pre_training:Epoch [15/50], Loss: 0.0070, Val: 0.0057
INFO:pre_training:Epoch [16/50], Loss: 0.0069, Val: 0.0056
INFO:pre_training:Epoch [17/50], Loss: 0.0067, Val: 0.0054
INFO:pre_training:Epoch [18/50], Loss: 0.0067, Val: 0.0053
INFO:pre_training:Epoch [19/50], Loss: 0.0065, Val: 0.0052
INFO:pre_training:Epoch [20/50], Loss: 0.0064, Val: 0.0052
INFO:pre_training:Epoch [21/50], Loss: 0.0063, Val: 0.0051
INFO:pre_training:Epoch [22/50], Loss: 0.0063, Val: 0.0050
INFO:pre_training:Epoch [23/50], Loss: 0.0062, Val: 0.0050
INFO:pre_training:Epoch [24/50], Loss: 0.0062, Val: 0.0048
INFO:pre_training:Epoch [25/50], Loss: 0.0061, Val: 0.0047
INFO:pre_training:Epoch [26/50], Loss: 0.0060, Val: 0.0047
INFO:pre_training:Epoch [27/50], Loss: 0.0059, Val: 0.0047
INFO:pre_training:Epoch [28/50], Loss: 0.0058, Val: 0.0046
INFO:pre_training:Epoch [29/50], Loss: 0.0058, Val: 0.0045
INFO:pre_training:Epoch [30/50], Loss: 0.0057, Val: 0.0045
INFO:pre_training:Epoch [31/50], Loss: 0.0056, Val: 0.0043
INFO:pre_training:Epoch [32/50], Loss: 0.0056, Val: 0.0042
INFO:pre_training:Epoch [33/50], Loss: 0.0055, Val: 0.0042
INFO:pre_training:Epoch [34/50], Loss: 0.0055, Val: 0.0041
INFO:pre_training:Epoch [35/50], Loss: 0.0055, Val: 0.0040
INFO:pre_training:Epoch [36/50], Loss: 0.0053, Val: 0.0040
INFO:pre_training:Epoch [37/50], Loss: 0.0053, Val: 0.0040
INFO:pre_training:Epoch [38/50], Loss: 0.0052, Val: 0.0039
INFO:pre_training:Epoch [39/50], Loss: 0.0052, Val: 0.0039
INFO:pre_training:Epoch [40/50], Loss: 0.0052, Val: 0.0038
INFO:pre_training:Epoch [41/50], Loss: 0.0051, Val: 0.0039
INFO:pre_training:Epoch [42/50], Loss: 0.0051, Val: 0.0038
INFO:pre_training:Epoch [43/50], Loss: 0.0050, Val: 0.0039
INFO:pre_training:Epoch [44/50], Loss: 0.0050, Val: 0.0037
INFO:pre_training:Epoch [45/50], Loss: 0.0050, Val: 0.0037
INFO:pre_training:Epoch [46/50], Loss: 0.0049, Val: 0.0036
INFO:pre_training:Epoch [47/50], Loss: 0.0049, Val: 0.0036
INFO:pre_training:Epoch [48/50], Loss: 0.0048, Val: 0.0037
INFO:pre_training:Epoch [49/50], Loss: 0.0048, Val: 0.0036
INFO:pre_training:Epoch [50/50], Loss: 0.0048, Val: 0.0034
INFO:__main__:Total time taken to pre-train the model: 11.97s
INFO:__main__:Training the network
INFO:train:Epoch 1/50, Train Loss: 0.6251, Train Acc: 0.6471, Val Loss: 0.4488, Val Acc: 0.9130
INFO:train:Epoch 2/50, Train Loss: 0.4159, Train Acc: 0.9305, Val Loss: 0.3391, Val Acc: 0.9565
INFO:train:Epoch 3/50, Train Loss: 0.3261, Train Acc: 0.9733, Val Loss: 0.2773, Val Acc: 1.0000
INFO:train:Epoch 4/50, Train Loss: 0.2671, Train Acc: 0.9947, Val Loss: 0.2423, Val Acc: 1.0000
INFO:train:Epoch 5/50, Train Loss: 0.2583, Train Acc: 0.9786, Val Loss: 0.2309, Val Acc: 1.0000
INFO:train:Epoch 6/50, Train Loss: 0.2409, Train Acc: 0.9840, Val Loss: 0.2242, Val Acc: 1.0000
INFO:train:Epoch 7/50, Train Loss: 0.2348, Train Acc: 0.9947, Val Loss: 0.2229, Val Acc: 1.0000
INFO:train:Epoch 8/50, Train Loss: 0.2295, Train Acc: 0.9947, Val Loss: 0.2219, Val Acc: 1.0000
INFO:train:Epoch 9/50, Train Loss: 0.2262, Train Acc: 1.0000, Val Loss: 0.2193, Val Acc: 1.0000
INFO:train:Epoch 10/50, Train Loss: 0.2261, Train Acc: 1.0000, Val Loss: 0.2159, Val Acc: 1.0000
INFO:train:Epoch 11/50, Train Loss: 0.2219, Train Acc: 1.0000, Val Loss: 0.2126, Val Acc: 1.0000
INFO:train:Epoch 12/50, Train Loss: 0.2197, Train Acc: 1.0000, Val Loss: 0.2101, Val Acc: 1.0000
INFO:train:Epoch 13/50, Train Loss: 0.2148, Train Acc: 1.0000, Val Loss: 0.2091, Val Acc: 1.0000
INFO:train:Epoch 14/50, Train Loss: 0.2131, Train Acc: 1.0000, Val Loss: 0.2085, Val Acc: 1.0000
INFO:train:Epoch 15/50, Train Loss: 0.2122, Train Acc: 1.0000, Val Loss: 0.2085, Val Acc: 1.0000
INFO:train:Epoch 16/50, Train Loss: 0.2117, Train Acc: 1.0000, Val Loss: 0.2099, Val Acc: 1.0000
INFO:train:Epoch 17/50, Train Loss: 0.2102, Train Acc: 1.0000, Val Loss: 0.2107, Val Acc: 1.0000
INFO:train:Epoch 18/50, Train Loss: 0.2107, Train Acc: 1.0000, Val Loss: 0.2131, Val Acc: 1.0000
INFO:train:Epoch 19/50, Train Loss: 0.2096, Train Acc: 1.0000, Val Loss: 0.2127, Val Acc: 1.0000
INFO:train:Epoch 20/50, Train Loss: 0.2097, Train Acc: 1.0000, Val Loss: 0.2105, Val Acc: 1.0000
INFO:train:Epoch 21/50, Train Loss: 0.2091, Train Acc: 1.0000, Val Loss: 0.2081, Val Acc: 1.0000
INFO:train:Epoch 22/50, Train Loss: 0.2085, Train Acc: 1.0000, Val Loss: 0.2071, Val Acc: 1.0000
INFO:train:Epoch 23/50, Train Loss: 0.2075, Train Acc: 1.0000, Val Loss: 0.2104, Val Acc: 1.0000
INFO:train:Epoch 24/50, Train Loss: 0.2075, Train Acc: 1.0000, Val Loss: 0.2109, Val Acc: 1.0000
INFO:train:Epoch 25/50, Train Loss: 0.2063, Train Acc: 1.0000, Val Loss: 0.2085, Val Acc: 1.0000
INFO:train:Epoch 26/50, Train Loss: 0.2074, Train Acc: 1.0000, Val Loss: 0.2084, Val Acc: 1.0000
INFO:train:Epoch 27/50, Train Loss: 0.2070, Train Acc: 1.0000, Val Loss: 0.2102, Val Acc: 1.0000
INFO:train:Epoch 28/50, Train Loss: 0.2060, Train Acc: 1.0000, Val Loss: 0.2137, Val Acc: 1.0000
INFO:train:Epoch 29/50, Train Loss: 0.2055, Train Acc: 1.0000, Val Loss: 0.2092, Val Acc: 1.0000
INFO:train:Epoch 30/50, Train Loss: 0.2057, Train Acc: 1.0000, Val Loss: 0.2077, Val Acc: 1.0000
INFO:train:Epoch 31/50, Train Loss: 0.2064, Train Acc: 1.0000, Val Loss: 0.2109, Val Acc: 1.0000
INFO:train:Epoch 32/50, Train Loss: 0.2054, Train Acc: 1.0000, Val Loss: 0.2127, Val Acc: 1.0000
INFO:train:Epoch 33/50, Train Loss: 0.2053, Train Acc: 1.0000, Val Loss: 0.2122, Val Acc: 1.0000
INFO:train:Epoch 34/50, Train Loss: 0.2050, Train Acc: 1.0000, Val Loss: 0.2112, Val Acc: 1.0000
INFO:train:Epoch 35/50, Train Loss: 0.2047, Train Acc: 1.0000, Val Loss: 0.2123, Val Acc: 1.0000
INFO:train:Epoch 36/50, Train Loss: 0.2044, Train Acc: 1.0000, Val Loss: 0.2130, Val Acc: 1.0000
INFO:train:Epoch 37/50, Train Loss: 0.2047, Train Acc: 1.0000, Val Loss: 0.2128, Val Acc: 1.0000
INFO:train:Epoch 38/50, Train Loss: 0.2049, Train Acc: 1.0000, Val Loss: 0.2126, Val Acc: 1.0000
INFO:train:Epoch 39/50, Train Loss: 0.2053, Train Acc: 1.0000, Val Loss: 0.2160, Val Acc: 1.0000
INFO:train:Epoch 40/50, Train Loss: 0.2055, Train Acc: 1.0000, Val Loss: 0.2114, Val Acc: 1.0000
INFO:train:Epoch 41/50, Train Loss: 0.2047, Train Acc: 1.0000, Val Loss: 0.2103, Val Acc: 1.0000
INFO:train:Epoch 42/50, Train Loss: 0.2036, Train Acc: 1.0000, Val Loss: 0.2145, Val Acc: 1.0000
INFO:train:Epoch 43/50, Train Loss: 0.2033, Train Acc: 1.0000, Val Loss: 0.2167, Val Acc: 1.0000
INFO:train:Epoch 44/50, Train Loss: 0.2041, Train Acc: 1.0000, Val Loss: 0.2143, Val Acc: 1.0000
INFO:train:Epoch 45/50, Train Loss: 0.2037, Train Acc: 1.0000, Val Loss: 0.2117, Val Acc: 1.0000
INFO:train:Epoch 46/50, Train Loss: 0.2039, Train Acc: 1.0000, Val Loss: 0.2169, Val Acc: 1.0000
INFO:train:Epoch 47/50, Train Loss: 0.2037, Train Acc: 1.0000, Val Loss: 0.2149, Val Acc: 1.0000
INFO:train:Epoch 48/50, Train Loss: 0.2027, Train Acc: 1.0000, Val Loss: 0.2116, Val Acc: 1.0000
INFO:train:Epoch 49/50, Train Loss: 0.2031, Train Acc: 1.0000, Val Loss: 0.2147, Val Acc: 1.0000
INFO:train:Epoch 50/50, Train Loss: 0.2038, Train Acc: 1.0000, Val Loss: 0.2182, Val Acc: 1.0000
INFO:plot:Saving attention map to: figures/model_accuracy.png
INFO:__main__:Total time taken to train the model: 9.97s
INFO:__main__:train accuracy 64 / 64
INFO:__main__:train accuracy 64 / 64
INFO:__main__:train accuracy 59 / 59
INFO:__main__:validation accuracy 23 / 23
INFO:__main__:test accuracy 23 / 24
INFO:plot:Saving attention map to: figures/encoder_attention_map.png
INFO:plot:Saving attention map to: figures/decoder_attention_map.png
