INFO:__main__:Reading the dataset: fish part
INFO:__main__:Pre-training the network: Masked Spectra Modelling
INFO:pre_training:Epoch [1/100], Loss: 0.0358, Val: 0.1784
INFO:pre_training:Epoch [2/100], Loss: 0.0326, Val: 0.1704
INFO:pre_training:Epoch [3/100], Loss: 0.0309, Val: 0.1699
INFO:pre_training:Epoch [4/100], Loss: 0.0296, Val: 0.1682
INFO:pre_training:Epoch [5/100], Loss: 0.0287, Val: 0.1664
INFO:pre_training:Epoch [6/100], Loss: 0.0277, Val: 0.1604
INFO:pre_training:Epoch [7/100], Loss: 0.0272, Val: 0.1649
INFO:pre_training:Epoch [8/100], Loss: 0.0265, Val: 0.1606
INFO:pre_training:Epoch [9/100], Loss: 0.0260, Val: 0.1582
INFO:pre_training:Epoch [10/100], Loss: 0.0259, Val: 0.1584
INFO:pre_training:Epoch [11/100], Loss: 0.0248, Val: 0.1604
INFO:pre_training:Epoch [12/100], Loss: 0.0249, Val: 0.1569
INFO:pre_training:Epoch [13/100], Loss: 0.0243, Val: 0.1549
INFO:pre_training:Epoch [14/100], Loss: 0.0238, Val: 0.1474
INFO:pre_training:Epoch [15/100], Loss: 0.0238, Val: 0.1578
INFO:pre_training:Epoch [16/100], Loss: 0.0231, Val: 0.1556
INFO:pre_training:Epoch [17/100], Loss: 0.0229, Val: 0.1477
INFO:pre_training:Epoch [18/100], Loss: 0.0227, Val: 0.1414
INFO:pre_training:Epoch [19/100], Loss: 0.0224, Val: 0.1474
INFO:pre_training:Epoch [20/100], Loss: 0.0221, Val: 0.1502
INFO:pre_training:Epoch [21/100], Loss: 0.0217, Val: 0.1468
INFO:pre_training:Epoch [22/100], Loss: 0.0214, Val: 0.1465
INFO:pre_training:Epoch [23/100], Loss: 0.0213, Val: 0.1409
INFO:pre_training:Epoch [24/100], Loss: 0.0208, Val: 0.1467
INFO:pre_training:Epoch [25/100], Loss: 0.0208, Val: 0.1415
INFO:pre_training:Epoch [26/100], Loss: 0.0207, Val: 0.1408
INFO:pre_training:Epoch [27/100], Loss: 0.0205, Val: 0.1415
INFO:pre_training:Epoch [28/100], Loss: 0.0201, Val: 0.1440
INFO:pre_training:Epoch [29/100], Loss: 0.0199, Val: 0.1419
INFO:pre_training:Epoch [30/100], Loss: 0.0197, Val: 0.1387
INFO:pre_training:Epoch [31/100], Loss: 0.0198, Val: 0.1369
INFO:pre_training:Epoch [32/100], Loss: 0.0193, Val: 0.1354
INFO:pre_training:Epoch [33/100], Loss: 0.0191, Val: 0.1388
INFO:pre_training:Epoch [34/100], Loss: 0.0192, Val: 0.1385
INFO:pre_training:Epoch [35/100], Loss: 0.0187, Val: 0.1337
INFO:pre_training:Epoch [36/100], Loss: 0.0186, Val: 0.1387
INFO:pre_training:Epoch [37/100], Loss: 0.0189, Val: 0.1362
INFO:pre_training:Epoch [38/100], Loss: 0.0185, Val: 0.1334
INFO:pre_training:Epoch [39/100], Loss: 0.0181, Val: 0.1380
INFO:pre_training:Epoch [40/100], Loss: 0.0183, Val: 0.1359
INFO:pre_training:Epoch [41/100], Loss: 0.0179, Val: 0.1390
INFO:pre_training:Epoch [42/100], Loss: 0.0177, Val: 0.1341
INFO:pre_training:Epoch [43/100], Loss: 0.0180, Val: 0.1337
INFO:pre_training:Epoch [44/100], Loss: 0.0176, Val: 0.1366
INFO:pre_training:Epoch [45/100], Loss: 0.0172, Val: 0.1402
INFO:pre_training:Epoch [46/100], Loss: 0.0174, Val: 0.1373
INFO:pre_training:Epoch [47/100], Loss: 0.0174, Val: 0.1336
INFO:pre_training:Epoch [48/100], Loss: 0.0171, Val: 0.1355
INFO:pre_training:Epoch [49/100], Loss: 0.0169, Val: 0.1276
INFO:pre_training:Epoch [50/100], Loss: 0.0166, Val: 0.1283
INFO:pre_training:Epoch [51/100], Loss: 0.0169, Val: 0.1337
INFO:pre_training:Epoch [52/100], Loss: 0.0169, Val: 0.1331
INFO:pre_training:Epoch [53/100], Loss: 0.0167, Val: 0.1310
INFO:pre_training:Epoch [54/100], Loss: 0.0163, Val: 0.1308
INFO:pre_training:Epoch [55/100], Loss: 0.0162, Val: 0.1274
INFO:pre_training:Epoch [56/100], Loss: 0.0162, Val: 0.1294
INFO:pre_training:Epoch [57/100], Loss: 0.0160, Val: 0.1368
INFO:pre_training:Epoch [58/100], Loss: 0.0158, Val: 0.1343
INFO:pre_training:Epoch [59/100], Loss: 0.0156, Val: 0.1258
INFO:pre_training:Epoch [60/100], Loss: 0.0157, Val: 0.1293
INFO:pre_training:Epoch [61/100], Loss: 0.0157, Val: 0.1338
INFO:pre_training:Epoch [62/100], Loss: 0.0155, Val: 0.1328
INFO:pre_training:Epoch [63/100], Loss: 0.0154, Val: 0.1306
INFO:pre_training:Epoch [64/100], Loss: 0.0156, Val: 0.1290
INFO:pre_training:Epoch [65/100], Loss: 0.0154, Val: 0.1318
INFO:pre_training:Epoch [66/100], Loss: 0.0155, Val: 0.1283
INFO:pre_training:Epoch [67/100], Loss: 0.0151, Val: 0.1256
INFO:pre_training:Epoch [68/100], Loss: 0.0151, Val: 0.1304
INFO:pre_training:Epoch [69/100], Loss: 0.0151, Val: 0.1275
INFO:pre_training:Epoch [70/100], Loss: 0.0153, Val: 0.1324
INFO:pre_training:Epoch [71/100], Loss: 0.0149, Val: 0.1275
INFO:pre_training:Epoch [72/100], Loss: 0.0152, Val: 0.1265
INFO:pre_training:Epoch [73/100], Loss: 0.0148, Val: 0.1331
INFO:pre_training:Epoch [74/100], Loss: 0.0147, Val: 0.1278
INFO:pre_training:Epoch [75/100], Loss: 0.0146, Val: 0.1257
INFO:pre_training:Epoch [76/100], Loss: 0.0144, Val: 0.1284
INFO:pre_training:Epoch [77/100], Loss: 0.0149, Val: 0.1342
INFO:pre_training:Epoch [78/100], Loss: 0.0146, Val: 0.1265
INFO:pre_training:Epoch [79/100], Loss: 0.0147, Val: 0.1254
INFO:pre_training:Epoch [80/100], Loss: 0.0144, Val: 0.1270
INFO:pre_training:Epoch [81/100], Loss: 0.0144, Val: 0.1227
INFO:pre_training:Epoch [82/100], Loss: 0.0143, Val: 0.1251
INFO:pre_training:Epoch [83/100], Loss: 0.0140, Val: 0.1311
INFO:pre_training:Epoch [84/100], Loss: 0.0139, Val: 0.1273
INFO:pre_training:Epoch [85/100], Loss: 0.0138, Val: 0.1252
INFO:pre_training:Epoch [86/100], Loss: 0.0138, Val: 0.1292
INFO:pre_training:Epoch [87/100], Loss: 0.0138, Val: 0.1238
INFO:pre_training:Epoch [88/100], Loss: 0.0136, Val: 0.1248
INFO:pre_training:Epoch [89/100], Loss: 0.0137, Val: 0.1256
INFO:pre_training:Epoch [90/100], Loss: 0.0136, Val: 0.1276
INFO:pre_training:Epoch [91/100], Loss: 0.0135, Val: 0.1255
INFO:pre_training:Epoch [92/100], Loss: 0.0135, Val: 0.1266
INFO:pre_training:Epoch [93/100], Loss: 0.0134, Val: 0.1295
INFO:pre_training:Epoch [94/100], Loss: 0.0134, Val: 0.1285
INFO:pre_training:Epoch [95/100], Loss: 0.0134, Val: 0.1240
INFO:pre_training:Epoch [96/100], Loss: 0.0131, Val: 0.1237
INFO:pre_training:Epoch [97/100], Loss: 0.0132, Val: 0.1252
INFO:pre_training:Epoch [98/100], Loss: 0.0133, Val: 0.1254
INFO:pre_training:Epoch [99/100], Loss: 0.0130, Val: 0.1241
INFO:pre_training:Epoch [100/100], Loss: 0.0129, Val: 0.1237
INFO:__main__:Total time taken to pre-train the model: 21.22s
INFO:__main__:Training the network
INFO:train:Epoch 1/100, Train Loss: 1.7898, Train Acc: 0.5139, Val Loss: 1.7904, Val Acc: 0.0000
INFO:train:Epoch 2/100, Train Loss: 1.7788, Train Acc: 0.5139, Val Loss: 1.7870, Val Acc: 0.0000
INFO:train:Epoch 3/100, Train Loss: 1.7637, Train Acc: 0.5139, Val Loss: 1.7824, Val Acc: 0.0000
INFO:train:Epoch 4/100, Train Loss: 1.7435, Train Acc: 0.5278, Val Loss: 1.7792, Val Acc: 0.0000
INFO:train:Epoch 5/100, Train Loss: 1.7162, Train Acc: 0.5278, Val Loss: 1.7761, Val Acc: 0.0000
INFO:train:Epoch 6/100, Train Loss: 1.6833, Train Acc: 0.5417, Val Loss: 1.7759, Val Acc: 0.0000
INFO:train:Epoch 7/100, Train Loss: 1.6438, Train Acc: 0.5347, Val Loss: 1.7769, Val Acc: 0.0000
INFO:train:Epoch 8/100, Train Loss: 1.5974, Train Acc: 0.5278, Val Loss: 1.7783, Val Acc: 0.0000
INFO:train:Epoch 9/100, Train Loss: 1.5466, Train Acc: 0.4514, Val Loss: 1.7858, Val Acc: 0.0000
INFO:train:Epoch 10/100, Train Loss: 1.4973, Train Acc: 0.4167, Val Loss: 1.8110, Val Acc: 0.0000
INFO:train:Epoch 11/100, Train Loss: 1.4494, Train Acc: 0.4167, Val Loss: 1.8508, Val Acc: 0.0000
INFO:train:Epoch 12/100, Train Loss: 1.4094, Train Acc: 0.4167, Val Loss: 1.9133, Val Acc: 0.0000
INFO:train:Epoch 13/100, Train Loss: 1.3810, Train Acc: 0.4167, Val Loss: 1.9884, Val Acc: 0.0000
INFO:train:Epoch 14/100, Train Loss: 1.3583, Train Acc: 0.4167, Val Loss: 2.0585, Val Acc: 0.0000
INFO:train:Epoch 15/100, Train Loss: 1.3386, Train Acc: 0.4236, Val Loss: 2.1105, Val Acc: 0.0000
INFO:train:Epoch 16/100, Train Loss: 1.3227, Train Acc: 0.5139, Val Loss: 2.1565, Val Acc: 0.3333
INFO:train:Epoch 17/100, Train Loss: 1.3083, Train Acc: 0.4167, Val Loss: 2.1936, Val Acc: 0.3333
INFO:train:Epoch 18/100, Train Loss: 1.3007, Train Acc: 0.4167, Val Loss: 2.2285, Val Acc: 0.3333
INFO:train:Epoch 19/100, Train Loss: 1.2944, Train Acc: 0.4167, Val Loss: 2.2410, Val Acc: 0.3333
INFO:train:Epoch 20/100, Train Loss: 1.2903, Train Acc: 0.5972, Val Loss: 2.2487, Val Acc: 0.0000
INFO:train:Epoch 21/100, Train Loss: 1.2858, Train Acc: 0.4653, Val Loss: 2.2394, Val Acc: 0.0000
INFO:train:Epoch 22/100, Train Loss: 1.2804, Train Acc: 0.4167, Val Loss: 2.2017, Val Acc: 0.0000
INFO:train:Epoch 23/100, Train Loss: 1.2749, Train Acc: 0.4375, Val Loss: 2.1568, Val Acc: 0.0000
INFO:train:Epoch 24/100, Train Loss: 1.2681, Train Acc: 0.5972, Val Loss: 2.1176, Val Acc: 0.0000
INFO:train:Epoch 25/100, Train Loss: 1.2618, Train Acc: 0.6250, Val Loss: 2.0986, Val Acc: 0.0000
INFO:train:Epoch 26/100, Train Loss: 1.2562, Train Acc: 0.6250, Val Loss: 2.0757, Val Acc: 0.0000
INFO:train:Epoch 27/100, Train Loss: 1.2489, Train Acc: 0.6736, Val Loss: 2.0463, Val Acc: 0.3333
INFO:train:Epoch 28/100, Train Loss: 1.2412, Train Acc: 0.6667, Val Loss: 2.0137, Val Acc: 0.3333
INFO:train:Epoch 29/100, Train Loss: 1.2334, Train Acc: 0.6875, Val Loss: 1.9629, Val Acc: 0.3333
INFO:train:Epoch 30/100, Train Loss: 1.2230, Train Acc: 0.6875, Val Loss: 1.9271, Val Acc: 0.3333
INFO:train:Epoch 31/100, Train Loss: 1.2129, Train Acc: 0.6667, Val Loss: 1.9106, Val Acc: 0.0000
INFO:train:Epoch 32/100, Train Loss: 1.2022, Train Acc: 0.6181, Val Loss: 1.8876, Val Acc: 0.0000
INFO:train:Epoch 33/100, Train Loss: 1.1895, Train Acc: 0.5903, Val Loss: 1.8675, Val Acc: 0.0000
INFO:train:Epoch 34/100, Train Loss: 1.1750, Train Acc: 0.5833, Val Loss: 1.8613, Val Acc: 0.0000
INFO:train:Epoch 35/100, Train Loss: 1.1598, Train Acc: 0.5833, Val Loss: 1.8664, Val Acc: 0.0000
INFO:train:Epoch 36/100, Train Loss: 1.1423, Train Acc: 0.6319, Val Loss: 1.8791, Val Acc: 0.0000
INFO:train:Epoch 37/100, Train Loss: 1.1206, Train Acc: 0.6736, Val Loss: 1.9016, Val Acc: 0.0000
INFO:train:Epoch 38/100, Train Loss: 1.0992, Train Acc: 0.7083, Val Loss: 1.9267, Val Acc: 0.0000
INFO:train:Epoch 39/100, Train Loss: 1.0742, Train Acc: 0.7292, Val Loss: 1.9565, Val Acc: 0.0000
INFO:train:Epoch 40/100, Train Loss: 1.0488, Train Acc: 0.7500, Val Loss: 2.0268, Val Acc: 0.3333
INFO:train:Epoch 41/100, Train Loss: 1.0212, Train Acc: 0.8125, Val Loss: 2.1120, Val Acc: 0.3333
INFO:train:Epoch 42/100, Train Loss: 0.9934, Train Acc: 0.8333, Val Loss: 2.1870, Val Acc: 0.3333
INFO:train:Epoch 43/100, Train Loss: 0.9642, Train Acc: 0.8333, Val Loss: 2.2357, Val Acc: 0.3333
INFO:train:Epoch 44/100, Train Loss: 0.9296, Train Acc: 0.8333, Val Loss: 2.2683, Val Acc: 0.3333
INFO:train:Epoch 45/100, Train Loss: 0.8967, Train Acc: 0.8750, Val Loss: 2.3324, Val Acc: 0.3333
INFO:train:Epoch 46/100, Train Loss: 0.8586, Train Acc: 0.9236, Val Loss: 2.3819, Val Acc: 0.3333
INFO:train:Epoch 47/100, Train Loss: 0.8234, Train Acc: 0.9306, Val Loss: 2.4261, Val Acc: 0.3333
INFO:train:Epoch 48/100, Train Loss: 0.7837, Train Acc: 0.9444, Val Loss: 2.4599, Val Acc: 0.0000
INFO:train:Epoch 49/100, Train Loss: 0.7453, Train Acc: 0.9583, Val Loss: 2.4826, Val Acc: 0.0000
INFO:train:Epoch 50/100, Train Loss: 0.7058, Train Acc: 0.9583, Val Loss: 2.5258, Val Acc: 0.0000
INFO:train:Epoch 51/100, Train Loss: 0.6656, Train Acc: 0.9792, Val Loss: 2.5346, Val Acc: 0.0000
INFO:train:Epoch 52/100, Train Loss: 0.6309, Train Acc: 1.0000, Val Loss: 2.5627, Val Acc: 0.0000
INFO:train:Epoch 53/100, Train Loss: 0.5959, Train Acc: 1.0000, Val Loss: 2.5508, Val Acc: 0.0000
INFO:train:Epoch 54/100, Train Loss: 0.5661, Train Acc: 1.0000, Val Loss: 2.4787, Val Acc: 0.0000
INFO:train:Epoch 55/100, Train Loss: 0.5413, Train Acc: 1.0000, Val Loss: 2.3444, Val Acc: 0.0000
INFO:train:Epoch 56/100, Train Loss: 0.5232, Train Acc: 1.0000, Val Loss: 2.2119, Val Acc: 0.3333
INFO:train:Epoch 57/100, Train Loss: 0.5077, Train Acc: 1.0000, Val Loss: 2.1380, Val Acc: 0.3333
INFO:train:Epoch 58/100, Train Loss: 0.4964, Train Acc: 1.0000, Val Loss: 2.1157, Val Acc: 0.0000
INFO:train:Epoch 59/100, Train Loss: 0.4870, Train Acc: 1.0000, Val Loss: 2.1144, Val Acc: 0.0000
INFO:train:Epoch 60/100, Train Loss: 0.4808, Train Acc: 1.0000, Val Loss: 2.1084, Val Acc: 0.0000
INFO:train:Epoch 61/100, Train Loss: 0.4736, Train Acc: 1.0000, Val Loss: 2.0704, Val Acc: 0.0000
INFO:train:Epoch 62/100, Train Loss: 0.4686, Train Acc: 1.0000, Val Loss: 2.0117, Val Acc: 0.0000
INFO:train:Epoch 63/100, Train Loss: 0.4657, Train Acc: 1.0000, Val Loss: 1.9707, Val Acc: 0.0000
INFO:train:Epoch 64/100, Train Loss: 0.4624, Train Acc: 1.0000, Val Loss: 1.9755, Val Acc: 0.3333
INFO:train:Epoch 65/100, Train Loss: 0.4598, Train Acc: 1.0000, Val Loss: 1.9871, Val Acc: 0.3333
INFO:train:Epoch 66/100, Train Loss: 0.4572, Train Acc: 1.0000, Val Loss: 1.9894, Val Acc: 0.3333
INFO:train:Epoch 67/100, Train Loss: 0.4553, Train Acc: 1.0000, Val Loss: 1.9842, Val Acc: 0.3333
INFO:train:Epoch 68/100, Train Loss: 0.4541, Train Acc: 1.0000, Val Loss: 1.9742, Val Acc: 0.3333
INFO:train:Epoch 69/100, Train Loss: 0.4520, Train Acc: 1.0000, Val Loss: 1.9691, Val Acc: 0.3333
INFO:train:Epoch 70/100, Train Loss: 0.4511, Train Acc: 1.0000, Val Loss: 1.9789, Val Acc: 0.0000
INFO:train:Epoch 71/100, Train Loss: 0.4495, Train Acc: 1.0000, Val Loss: 2.0043, Val Acc: 0.0000
INFO:train:Epoch 72/100, Train Loss: 0.4483, Train Acc: 1.0000, Val Loss: 2.0394, Val Acc: 0.0000
INFO:train:Epoch 73/100, Train Loss: 0.4473, Train Acc: 1.0000, Val Loss: 2.0761, Val Acc: 0.0000
INFO:train:Epoch 74/100, Train Loss: 0.4461, Train Acc: 1.0000, Val Loss: 2.1124, Val Acc: 0.0000
INFO:train:Epoch 75/100, Train Loss: 0.4452, Train Acc: 1.0000, Val Loss: 2.1465, Val Acc: 0.0000
INFO:train:Epoch 76/100, Train Loss: 0.4440, Train Acc: 1.0000, Val Loss: 2.1641, Val Acc: 0.0000
INFO:train:Epoch 77/100, Train Loss: 0.4431, Train Acc: 1.0000, Val Loss: 2.1666, Val Acc: 0.0000
INFO:train:Epoch 78/100, Train Loss: 0.4425, Train Acc: 1.0000, Val Loss: 2.1565, Val Acc: 0.0000
INFO:train:Epoch 79/100, Train Loss: 0.4416, Train Acc: 1.0000, Val Loss: 2.1409, Val Acc: 0.0000
INFO:train:Epoch 80/100, Train Loss: 0.4407, Train Acc: 1.0000, Val Loss: 2.1238, Val Acc: 0.0000
INFO:train:Epoch 81/100, Train Loss: 0.4401, Train Acc: 1.0000, Val Loss: 2.1191, Val Acc: 0.0000
INFO:train:Epoch 82/100, Train Loss: 0.4391, Train Acc: 1.0000, Val Loss: 2.1183, Val Acc: 0.0000
INFO:train:Epoch 83/100, Train Loss: 0.4383, Train Acc: 1.0000, Val Loss: 2.1103, Val Acc: 0.0000
INFO:train:Epoch 84/100, Train Loss: 0.4376, Train Acc: 1.0000, Val Loss: 2.1018, Val Acc: 0.0000
INFO:train:Epoch 85/100, Train Loss: 0.4366, Train Acc: 1.0000, Val Loss: 2.0975, Val Acc: 0.0000
INFO:train:Epoch 86/100, Train Loss: 0.4360, Train Acc: 1.0000, Val Loss: 2.0965, Val Acc: 0.0000
INFO:train:Epoch 87/100, Train Loss: 0.4353, Train Acc: 1.0000, Val Loss: 2.0937, Val Acc: 0.0000
INFO:train:Epoch 88/100, Train Loss: 0.4344, Train Acc: 1.0000, Val Loss: 2.0904, Val Acc: 0.0000
INFO:train:Epoch 89/100, Train Loss: 0.4340, Train Acc: 1.0000, Val Loss: 2.0807, Val Acc: 0.0000
INFO:train:Epoch 90/100, Train Loss: 0.4332, Train Acc: 1.0000, Val Loss: 2.0752, Val Acc: 0.0000
INFO:train:Epoch 91/100, Train Loss: 0.4323, Train Acc: 1.0000, Val Loss: 2.0704, Val Acc: 0.0000
INFO:train:Epoch 92/100, Train Loss: 0.4319, Train Acc: 1.0000, Val Loss: 2.0609, Val Acc: 0.0000
INFO:train:Epoch 93/100, Train Loss: 0.4314, Train Acc: 1.0000, Val Loss: 2.0495, Val Acc: 0.0000
INFO:train:Epoch 94/100, Train Loss: 0.4306, Train Acc: 1.0000, Val Loss: 2.0434, Val Acc: 0.0000
INFO:train:Epoch 95/100, Train Loss: 0.4301, Train Acc: 1.0000, Val Loss: 2.0407, Val Acc: 0.0000
INFO:train:Epoch 96/100, Train Loss: 0.4296, Train Acc: 1.0000, Val Loss: 2.0329, Val Acc: 0.0000
INFO:train:Epoch 97/100, Train Loss: 0.4291, Train Acc: 1.0000, Val Loss: 2.0272, Val Acc: 0.0000
INFO:train:Epoch 98/100, Train Loss: 0.4287, Train Acc: 1.0000, Val Loss: 2.0270, Val Acc: 0.0000
INFO:train:Epoch 99/100, Train Loss: 0.4280, Train Acc: 1.0000, Val Loss: 2.0250, Val Acc: 0.0000
INFO:train:Epoch 100/100, Train Loss: 0.4279, Train Acc: 1.0000, Val Loss: 2.0227, Val Acc: 0.0000
INFO:plot:Saving attention map to: figures/model_accuracy.png
INFO:__main__:Total time taken to train the model: 18.83s
INFO:__main__:train accuracy: 64 / 64
INFO:plot:Saving cofusion matrix map to: figures/train_confusion_matrix.png
INFO:__main__:train accuracy: 64 / 64
INFO:plot:Saving cofusion matrix map to: figures/train_confusion_matrix.png
INFO:__main__:train accuracy: 16 / 16 1.0
INFO:plot:Saving cofusion matrix map to: figures/train_confusion_matrix.png
INFO:__main__:validation accuracy: 0 / 3 0.0
INFO:plot:Saving cofusion matrix map to: figures/validation_confusion_matrix.png
INFO:__main__:test accuracy: 2 / 3 0.666666666666
INFO:plot:Saving cofusion matrix map to: figures/test_confusion_matrix.png
INFO:plot:Saving attention map to: figures/encoder_attention_map.png
INFO:plot:Saving attention map to: figures/decoder_attention_map.png
