INFO:__main__:Reading the dataset: fish part
INFO:__main__:Pre-training the network: Masked Spectra Modelling
INFO:pre_training:Epoch [1/100], Loss: 0.0365, Val: 0.1863
INFO:pre_training:Epoch [2/100], Loss: 0.0332, Val: 0.1839
INFO:pre_training:Epoch [3/100], Loss: 0.0309, Val: 0.1705
INFO:pre_training:Epoch [4/100], Loss: 0.0297, Val: 0.1721
INFO:pre_training:Epoch [5/100], Loss: 0.0286, Val: 0.1687
INFO:pre_training:Epoch [6/100], Loss: 0.0274, Val: 0.1714
INFO:pre_training:Epoch [7/100], Loss: 0.0270, Val: 0.1618
INFO:pre_training:Epoch [8/100], Loss: 0.0262, Val: 0.1663
INFO:pre_training:Epoch [9/100], Loss: 0.0261, Val: 0.1588
INFO:pre_training:Epoch [10/100], Loss: 0.0255, Val: 0.1679
INFO:pre_training:Epoch [11/100], Loss: 0.0250, Val: 0.1587
INFO:pre_training:Epoch [12/100], Loss: 0.0247, Val: 0.1609
INFO:pre_training:Epoch [13/100], Loss: 0.0241, Val: 0.1589
INFO:pre_training:Epoch [14/100], Loss: 0.0239, Val: 0.1520
INFO:pre_training:Epoch [15/100], Loss: 0.0238, Val: 0.1563
INFO:pre_training:Epoch [16/100], Loss: 0.0231, Val: 0.1560
INFO:pre_training:Epoch [17/100], Loss: 0.0230, Val: 0.1517
INFO:pre_training:Epoch [18/100], Loss: 0.0225, Val: 0.1481
INFO:pre_training:Epoch [19/100], Loss: 0.0224, Val: 0.1510
INFO:pre_training:Epoch [20/100], Loss: 0.0222, Val: 0.1492
INFO:pre_training:Epoch [21/100], Loss: 0.0217, Val: 0.1532
INFO:pre_training:Epoch [22/100], Loss: 0.0214, Val: 0.1444
INFO:pre_training:Epoch [23/100], Loss: 0.0213, Val: 0.1534
INFO:pre_training:Epoch [24/100], Loss: 0.0209, Val: 0.1487
INFO:pre_training:Epoch [25/100], Loss: 0.0205, Val: 0.1436
INFO:pre_training:Epoch [26/100], Loss: 0.0208, Val: 0.1492
INFO:pre_training:Epoch [27/100], Loss: 0.0202, Val: 0.1486
INFO:pre_training:Epoch [28/100], Loss: 0.0201, Val: 0.1467
INFO:pre_training:Epoch [29/100], Loss: 0.0201, Val: 0.1448
INFO:pre_training:Epoch [30/100], Loss: 0.0196, Val: 0.1422
INFO:pre_training:Epoch [31/100], Loss: 0.0197, Val: 0.1409
INFO:pre_training:Epoch [32/100], Loss: 0.0195, Val: 0.1464
INFO:pre_training:Epoch [33/100], Loss: 0.0190, Val: 0.1501
INFO:pre_training:Epoch [34/100], Loss: 0.0191, Val: 0.1417
INFO:pre_training:Epoch [35/100], Loss: 0.0188, Val: 0.1498
INFO:pre_training:Epoch [36/100], Loss: 0.0186, Val: 0.1460
INFO:pre_training:Epoch [37/100], Loss: 0.0185, Val: 0.1373
INFO:pre_training:Epoch [38/100], Loss: 0.0186, Val: 0.1362
INFO:pre_training:Epoch [39/100], Loss: 0.0183, Val: 0.1318
INFO:pre_training:Epoch [40/100], Loss: 0.0180, Val: 0.1388
INFO:pre_training:Epoch [41/100], Loss: 0.0179, Val: 0.1387
INFO:pre_training:Epoch [42/100], Loss: 0.0181, Val: 0.1430
INFO:pre_training:Epoch [43/100], Loss: 0.0179, Val: 0.1396
INFO:pre_training:Epoch [44/100], Loss: 0.0174, Val: 0.1394
INFO:pre_training:Epoch [45/100], Loss: 0.0176, Val: 0.1401
INFO:pre_training:Epoch [46/100], Loss: 0.0173, Val: 0.1341
INFO:pre_training:Epoch [47/100], Loss: 0.0170, Val: 0.1332
INFO:pre_training:Epoch [48/100], Loss: 0.0171, Val: 0.1412
INFO:pre_training:Epoch [49/100], Loss: 0.0170, Val: 0.1407
INFO:pre_training:Epoch [50/100], Loss: 0.0171, Val: 0.1386
INFO:pre_training:Epoch [51/100], Loss: 0.0167, Val: 0.1333
INFO:pre_training:Epoch [52/100], Loss: 0.0168, Val: 0.1405
INFO:pre_training:Epoch [53/100], Loss: 0.0167, Val: 0.1426
INFO:pre_training:Epoch [54/100], Loss: 0.0168, Val: 0.1303
INFO:pre_training:Epoch [55/100], Loss: 0.0164, Val: 0.1325
INFO:pre_training:Epoch [56/100], Loss: 0.0161, Val: 0.1436
INFO:pre_training:Epoch [57/100], Loss: 0.0160, Val: 0.1361
INFO:pre_training:Epoch [58/100], Loss: 0.0161, Val: 0.1406
INFO:pre_training:Epoch [59/100], Loss: 0.0162, Val: 0.1303
INFO:pre_training:Epoch [60/100], Loss: 0.0159, Val: 0.1259
INFO:pre_training:Epoch [61/100], Loss: 0.0160, Val: 0.1347
INFO:pre_training:Epoch [62/100], Loss: 0.0158, Val: 0.1298
INFO:pre_training:Epoch [63/100], Loss: 0.0157, Val: 0.1386
INFO:pre_training:Epoch [64/100], Loss: 0.0156, Val: 0.1295
INFO:pre_training:Epoch [65/100], Loss: 0.0153, Val: 0.1388
INFO:pre_training:Epoch [66/100], Loss: 0.0152, Val: 0.1284
INFO:pre_training:Epoch [67/100], Loss: 0.0153, Val: 0.1300
INFO:pre_training:Epoch [68/100], Loss: 0.0151, Val: 0.1349
INFO:pre_training:Epoch [69/100], Loss: 0.0151, Val: 0.1322
INFO:pre_training:Epoch [70/100], Loss: 0.0150, Val: 0.1336
INFO:pre_training:Epoch [71/100], Loss: 0.0152, Val: 0.1317
INFO:pre_training:Epoch [72/100], Loss: 0.0151, Val: 0.1324
INFO:pre_training:Epoch [73/100], Loss: 0.0147, Val: 0.1292
INFO:pre_training:Epoch [74/100], Loss: 0.0146, Val: 0.1327
INFO:pre_training:Epoch [75/100], Loss: 0.0146, Val: 0.1289
INFO:pre_training:Epoch [76/100], Loss: 0.0147, Val: 0.1316
INFO:pre_training:Epoch [77/100], Loss: 0.0146, Val: 0.1321
INFO:pre_training:Epoch [78/100], Loss: 0.0146, Val: 0.1333
INFO:pre_training:Epoch [79/100], Loss: 0.0145, Val: 0.1325
INFO:pre_training:Epoch [80/100], Loss: 0.0143, Val: 0.1248
INFO:pre_training:Epoch [81/100], Loss: 0.0144, Val: 0.1293
INFO:pre_training:Epoch [82/100], Loss: 0.0142, Val: 0.1277
INFO:pre_training:Epoch [83/100], Loss: 0.0141, Val: 0.1246
INFO:pre_training:Epoch [84/100], Loss: 0.0139, Val: 0.1326
INFO:pre_training:Epoch [85/100], Loss: 0.0142, Val: 0.1298
INFO:pre_training:Epoch [86/100], Loss: 0.0140, Val: 0.1342
INFO:pre_training:Epoch [87/100], Loss: 0.0140, Val: 0.1268
INFO:pre_training:Epoch [88/100], Loss: 0.0137, Val: 0.1270
INFO:pre_training:Epoch [89/100], Loss: 0.0136, Val: 0.1279
INFO:pre_training:Epoch [90/100], Loss: 0.0137, Val: 0.1289
INFO:pre_training:Epoch [91/100], Loss: 0.0135, Val: 0.1313
INFO:pre_training:Epoch [92/100], Loss: 0.0137, Val: 0.1321
INFO:pre_training:Epoch [93/100], Loss: 0.0134, Val: 0.1299
INFO:pre_training:Epoch [94/100], Loss: 0.0135, Val: 0.1297
INFO:pre_training:Epoch [95/100], Loss: 0.0135, Val: 0.1280
INFO:pre_training:Epoch [96/100], Loss: 0.0137, Val: 0.1264
INFO:pre_training:Epoch [97/100], Loss: 0.0134, Val: 0.1259
INFO:pre_training:Epoch [98/100], Loss: 0.0134, Val: 0.1223
INFO:pre_training:Epoch [99/100], Loss: 0.0135, Val: 0.1250
INFO:pre_training:Epoch [100/100], Loss: 0.0131, Val: 0.1292
INFO:__main__:Total time taken to pre-train the model: 24.02s
INFO:__main__:Training the network
INFO:train:Epoch 1/100, Train Loss: 1.7898, Train Acc: 0.4444, Val Loss: 1.7904, Val Acc: 0.3333
INFO:train:Epoch 2/100, Train Loss: 1.7788, Train Acc: 0.4722, Val Loss: 1.7875, Val Acc: 0.3333
INFO:train:Epoch 3/100, Train Loss: 1.7640, Train Acc: 0.4167, Val Loss: 1.7835, Val Acc: 0.3333
INFO:train:Epoch 4/100, Train Loss: 1.7435, Train Acc: 0.4167, Val Loss: 1.7792, Val Acc: 0.3333
INFO:train:Epoch 5/100, Train Loss: 1.7177, Train Acc: 0.5069, Val Loss: 1.7753, Val Acc: 0.3333
INFO:train:Epoch 6/100, Train Loss: 1.6859, Train Acc: 0.6389, Val Loss: 1.7745, Val Acc: 0.3333
INFO:train:Epoch 7/100, Train Loss: 1.6468, Train Acc: 0.6597, Val Loss: 1.7758, Val Acc: 0.3333
INFO:train:Epoch 8/100, Train Loss: 1.6013, Train Acc: 0.6319, Val Loss: 1.7810, Val Acc: 0.3333
INFO:train:Epoch 9/100, Train Loss: 1.5511, Train Acc: 0.5486, Val Loss: 1.7913, Val Acc: 0.3333
INFO:train:Epoch 10/100, Train Loss: 1.5009, Train Acc: 0.5139, Val Loss: 1.8124, Val Acc: 0.3333
INFO:train:Epoch 11/100, Train Loss: 1.4515, Train Acc: 0.4583, Val Loss: 1.8454, Val Acc: 0.3333
INFO:train:Epoch 12/100, Train Loss: 1.4111, Train Acc: 0.4653, Val Loss: 1.8944, Val Acc: 0.3333
INFO:train:Epoch 13/100, Train Loss: 1.3822, Train Acc: 0.4167, Val Loss: 1.9425, Val Acc: 0.3333
INFO:train:Epoch 14/100, Train Loss: 1.3616, Train Acc: 0.4167, Val Loss: 1.9583, Val Acc: 0.3333
INFO:train:Epoch 15/100, Train Loss: 1.3466, Train Acc: 0.4167, Val Loss: 1.9429, Val Acc: 0.3333
INFO:train:Epoch 16/100, Train Loss: 1.3318, Train Acc: 0.4653, Val Loss: 1.8855, Val Acc: 0.3333
INFO:train:Epoch 17/100, Train Loss: 1.3187, Train Acc: 0.4444, Val Loss: 1.7921, Val Acc: 0.3333
INFO:train:Epoch 18/100, Train Loss: 1.3049, Train Acc: 0.4583, Val Loss: 1.6795, Val Acc: 0.3333
INFO:train:Epoch 19/100, Train Loss: 1.2883, Train Acc: 0.4583, Val Loss: 1.5746, Val Acc: 0.3333
INFO:train:Epoch 20/100, Train Loss: 1.2724, Train Acc: 0.4722, Val Loss: 1.4775, Val Acc: 0.3333
INFO:train:Epoch 21/100, Train Loss: 1.2595, Train Acc: 0.5764, Val Loss: 1.3965, Val Acc: 0.3333
INFO:train:Epoch 22/100, Train Loss: 1.2407, Train Acc: 0.6667, Val Loss: 1.3598, Val Acc: 0.3333
INFO:train:Epoch 23/100, Train Loss: 1.2299, Train Acc: 0.5417, Val Loss: 1.3510, Val Acc: 0.3333
INFO:train:Epoch 24/100, Train Loss: 1.2159, Train Acc: 0.6181, Val Loss: 1.3542, Val Acc: 0.3333
INFO:train:Epoch 25/100, Train Loss: 1.2000, Train Acc: 0.5972, Val Loss: 1.3594, Val Acc: 0.3333
INFO:train:Epoch 26/100, Train Loss: 1.1823, Train Acc: 0.5417, Val Loss: 1.3744, Val Acc: 0.3333
INFO:train:Epoch 27/100, Train Loss: 1.1618, Train Acc: 0.6806, Val Loss: 1.4031, Val Acc: 0.3333
INFO:train:Epoch 28/100, Train Loss: 1.1415, Train Acc: 0.5694, Val Loss: 1.4484, Val Acc: 0.3333
INFO:train:Epoch 29/100, Train Loss: 1.1205, Train Acc: 0.5833, Val Loss: 1.5085, Val Acc: 0.3333
INFO:train:Epoch 30/100, Train Loss: 1.0969, Train Acc: 0.5833, Val Loss: 1.5776, Val Acc: 0.3333
INFO:train:Epoch 31/100, Train Loss: 1.0770, Train Acc: 0.5833, Val Loss: 1.6461, Val Acc: 0.3333
INFO:train:Epoch 32/100, Train Loss: 1.0537, Train Acc: 0.6736, Val Loss: 1.6991, Val Acc: 0.3333
INFO:train:Epoch 33/100, Train Loss: 1.0330, Train Acc: 0.8194, Val Loss: 1.7421, Val Acc: 0.3333
INFO:train:Epoch 34/100, Train Loss: 1.0089, Train Acc: 0.8056, Val Loss: 1.7602, Val Acc: 0.3333
INFO:train:Epoch 35/100, Train Loss: 0.9901, Train Acc: 0.7639, Val Loss: 1.7796, Val Acc: 0.3333
INFO:train:Epoch 36/100, Train Loss: 0.9688, Train Acc: 0.7361, Val Loss: 1.7949, Val Acc: 0.3333
INFO:train:Epoch 37/100, Train Loss: 0.9491, Train Acc: 0.7083, Val Loss: 1.7878, Val Acc: 0.3333
INFO:train:Epoch 38/100, Train Loss: 0.9243, Train Acc: 0.7917, Val Loss: 1.7363, Val Acc: 0.3333
INFO:train:Epoch 39/100, Train Loss: 0.9106, Train Acc: 0.8542, Val Loss: 1.6331, Val Acc: 0.3333
INFO:train:Epoch 40/100, Train Loss: 0.8987, Train Acc: 0.8750, Val Loss: 1.5694, Val Acc: 0.6667
INFO:train:Epoch 41/100, Train Loss: 0.8783, Train Acc: 0.8750, Val Loss: 1.6060, Val Acc: 0.3333
INFO:train:Epoch 42/100, Train Loss: 0.8578, Train Acc: 0.8333, Val Loss: 1.6297, Val Acc: 0.3333
INFO:train:Epoch 43/100, Train Loss: 0.8485, Train Acc: 0.7708, Val Loss: 1.6078, Val Acc: 0.3333
INFO:train:Epoch 44/100, Train Loss: 0.8280, Train Acc: 0.7431, Val Loss: 1.6121, Val Acc: 0.3333
INFO:train:Epoch 45/100, Train Loss: 0.8176, Train Acc: 0.7083, Val Loss: 1.5357, Val Acc: 0.6667
INFO:train:Epoch 46/100, Train Loss: 0.7998, Train Acc: 0.8056, Val Loss: 1.4482, Val Acc: 0.6667
INFO:train:Epoch 47/100, Train Loss: 0.7852, Train Acc: 0.8750, Val Loss: 1.4173, Val Acc: 0.6667
INFO:train:Epoch 48/100, Train Loss: 0.7750, Train Acc: 0.8750, Val Loss: 1.3956, Val Acc: 0.6667
INFO:train:Epoch 49/100, Train Loss: 0.7583, Train Acc: 0.9028, Val Loss: 1.3646, Val Acc: 0.6667
INFO:train:Epoch 50/100, Train Loss: 0.7442, Train Acc: 0.9028, Val Loss: 1.3070, Val Acc: 0.6667
INFO:train:Epoch 51/100, Train Loss: 0.7275, Train Acc: 0.9514, Val Loss: 1.2456, Val Acc: 0.6667
INFO:train:Epoch 52/100, Train Loss: 0.7078, Train Acc: 0.9444, Val Loss: 1.1778, Val Acc: 0.6667
INFO:train:Epoch 53/100, Train Loss: 0.6884, Train Acc: 0.9653, Val Loss: 1.1231, Val Acc: 0.6667
INFO:train:Epoch 54/100, Train Loss: 0.6703, Train Acc: 0.9653, Val Loss: 1.0903, Val Acc: 0.6667
INFO:train:Epoch 55/100, Train Loss: 0.6530, Train Acc: 0.9792, Val Loss: 1.0774, Val Acc: 0.6667
INFO:train:Epoch 56/100, Train Loss: 0.6377, Train Acc: 0.9931, Val Loss: 1.0810, Val Acc: 0.6667
INFO:train:Epoch 57/100, Train Loss: 0.6251, Train Acc: 1.0000, Val Loss: 1.0859, Val Acc: 0.6667
INFO:train:Epoch 58/100, Train Loss: 0.6147, Train Acc: 1.0000, Val Loss: 1.0819, Val Acc: 0.6667
INFO:train:Epoch 59/100, Train Loss: 0.6069, Train Acc: 1.0000, Val Loss: 1.0739, Val Acc: 0.6667
INFO:train:Epoch 60/100, Train Loss: 0.5997, Train Acc: 1.0000, Val Loss: 1.0703, Val Acc: 0.6667
INFO:train:Epoch 61/100, Train Loss: 0.5925, Train Acc: 1.0000, Val Loss: 1.0798, Val Acc: 0.6667
INFO:train:Epoch 62/100, Train Loss: 0.5861, Train Acc: 1.0000, Val Loss: 1.1064, Val Acc: 0.6667
INFO:train:Epoch 63/100, Train Loss: 0.5806, Train Acc: 1.0000, Val Loss: 1.1472, Val Acc: 0.6667
INFO:train:Epoch 64/100, Train Loss: 0.5745, Train Acc: 1.0000, Val Loss: 1.1796, Val Acc: 0.6667
INFO:train:Epoch 65/100, Train Loss: 0.5685, Train Acc: 1.0000, Val Loss: 1.2011, Val Acc: 0.6667
INFO:train:Epoch 66/100, Train Loss: 0.5624, Train Acc: 1.0000, Val Loss: 1.2082, Val Acc: 0.6667
INFO:train:Epoch 67/100, Train Loss: 0.5564, Train Acc: 1.0000, Val Loss: 1.2192, Val Acc: 0.6667
INFO:train:Epoch 68/100, Train Loss: 0.5505, Train Acc: 1.0000, Val Loss: 1.2359, Val Acc: 0.6667
INFO:train:Epoch 69/100, Train Loss: 0.5461, Train Acc: 1.0000, Val Loss: 1.2542, Val Acc: 0.6667
INFO:train:Epoch 70/100, Train Loss: 0.5399, Train Acc: 1.0000, Val Loss: 1.2539, Val Acc: 0.6667
INFO:train:Epoch 71/100, Train Loss: 0.5359, Train Acc: 1.0000, Val Loss: 1.2299, Val Acc: 0.6667
INFO:train:Epoch 72/100, Train Loss: 0.5318, Train Acc: 1.0000, Val Loss: 1.2088, Val Acc: 0.6667
INFO:train:Epoch 73/100, Train Loss: 0.5276, Train Acc: 1.0000, Val Loss: 1.2053, Val Acc: 0.6667
INFO:train:Epoch 74/100, Train Loss: 0.5241, Train Acc: 1.0000, Val Loss: 1.2137, Val Acc: 0.6667
INFO:train:Epoch 75/100, Train Loss: 0.5217, Train Acc: 1.0000, Val Loss: 1.2162, Val Acc: 0.6667
INFO:train:Epoch 76/100, Train Loss: 0.5195, Train Acc: 1.0000, Val Loss: 1.2165, Val Acc: 0.6667
INFO:train:Epoch 77/100, Train Loss: 0.5170, Train Acc: 1.0000, Val Loss: 1.2131, Val Acc: 0.6667
INFO:train:Epoch 78/100, Train Loss: 0.5151, Train Acc: 1.0000, Val Loss: 1.2092, Val Acc: 0.6667
INFO:train:Epoch 79/100, Train Loss: 0.5135, Train Acc: 1.0000, Val Loss: 1.2010, Val Acc: 0.6667
INFO:train:Epoch 80/100, Train Loss: 0.5125, Train Acc: 1.0000, Val Loss: 1.1863, Val Acc: 0.6667
INFO:train:Epoch 81/100, Train Loss: 0.5106, Train Acc: 1.0000, Val Loss: 1.1634, Val Acc: 0.6667
INFO:train:Epoch 82/100, Train Loss: 0.5093, Train Acc: 1.0000, Val Loss: 1.1365, Val Acc: 0.6667
INFO:train:Epoch 83/100, Train Loss: 0.5084, Train Acc: 1.0000, Val Loss: 1.1113, Val Acc: 0.6667
INFO:train:Epoch 84/100, Train Loss: 0.5068, Train Acc: 1.0000, Val Loss: 1.0965, Val Acc: 0.6667
INFO:train:Epoch 85/100, Train Loss: 0.5059, Train Acc: 1.0000, Val Loss: 1.0868, Val Acc: 0.6667
INFO:train:Epoch 86/100, Train Loss: 0.5044, Train Acc: 1.0000, Val Loss: 1.0774, Val Acc: 0.6667
INFO:train:Epoch 87/100, Train Loss: 0.5034, Train Acc: 1.0000, Val Loss: 1.0616, Val Acc: 0.6667
INFO:train:Epoch 88/100, Train Loss: 0.5024, Train Acc: 1.0000, Val Loss: 1.0467, Val Acc: 0.6667
INFO:train:Epoch 89/100, Train Loss: 0.5009, Train Acc: 1.0000, Val Loss: 1.0295, Val Acc: 0.6667
INFO:train:Epoch 90/100, Train Loss: 0.4996, Train Acc: 1.0000, Val Loss: 1.0168, Val Acc: 0.6667
INFO:train:Epoch 91/100, Train Loss: 0.4985, Train Acc: 1.0000, Val Loss: 1.0025, Val Acc: 0.6667
INFO:train:Epoch 92/100, Train Loss: 0.4971, Train Acc: 1.0000, Val Loss: 0.9839, Val Acc: 0.6667
INFO:train:Epoch 93/100, Train Loss: 0.4953, Train Acc: 1.0000, Val Loss: 0.9683, Val Acc: 0.6667
INFO:train:Epoch 94/100, Train Loss: 0.4936, Train Acc: 1.0000, Val Loss: 0.9577, Val Acc: 0.6667
INFO:train:Epoch 95/100, Train Loss: 0.4921, Train Acc: 1.0000, Val Loss: 0.9520, Val Acc: 0.6667
INFO:train:Epoch 96/100, Train Loss: 0.4907, Train Acc: 1.0000, Val Loss: 0.9491, Val Acc: 0.6667
INFO:train:Epoch 97/100, Train Loss: 0.4887, Train Acc: 1.0000, Val Loss: 0.9403, Val Acc: 0.6667
INFO:train:Epoch 98/100, Train Loss: 0.4868, Train Acc: 1.0000, Val Loss: 0.9301, Val Acc: 0.6667
INFO:train:Epoch 99/100, Train Loss: 0.4851, Train Acc: 1.0000, Val Loss: 0.9152, Val Acc: 0.6667
INFO:train:Epoch 100/100, Train Loss: 0.4829, Train Acc: 1.0000, Val Loss: 0.8995, Val Acc: 0.6667
INFO:plot:Saving attention map to: figures/model_accuracy.png
INFO:__main__:Total time taken to train the model: 20.09s
INFO:__main__:train accuracy: 64 / 64
INFO:plot:Saving cofusion matrix map to: figures/train_confusion_matrix.png
INFO:__main__:train accuracy: 64 / 64
INFO:plot:Saving cofusion matrix map to: figures/train_confusion_matrix.png
INFO:__main__:train accuracy: 16 / 16
INFO:plot:Saving cofusion matrix map to: figures/train_confusion_matrix.png
INFO:__main__:validation accuracy: 2 / 3
INFO:plot:Saving cofusion matrix map to: figures/validation_confusion_matrix.png
INFO:__main__:test accuracy: 1 / 3
INFO:plot:Saving cofusion matrix map to: figures/test_confusion_matrix.png
INFO:plot:Saving attention map to: figures/encoder_attention_map.png
INFO:plot:Saving attention map to: figures/decoder_attention_map.png
