INFO:numexpr.utils:Note: NumExpr detected 12 cores but "NUMEXPR_MAX_THREADS" not set, so enforcing safe limit of 8.
INFO:numexpr.utils:NumExpr defaulting to 8 threads.
INFO:__main__:gen	nevals	avg    	std     	min     	max     
0  	200   	0.51947	0.123294	0.287206	0.790445
INFO:__main__:1  	153   	0.410352	0.0771783	0.261498	0.721556
INFO:__main__:
                    Generation 1: Best Fitness = 0.2615 
                    Balanced accuracy: Train: 0.7254 
                    Validation: 0.4502
INFO:__main__:2  	150   	0.365723	0.0880066	0.231981	0.763092
INFO:__main__:
                    Generation 2: Best Fitness = 0.2320 
                    Balanced accuracy: Train: 0.7098 
                    Validation: 0.5692
INFO:__main__:3  	174   	0.350204	0.10578  	0.231981	0.752053
INFO:__main__:
                    Generation 3: Best Fitness = 0.2320 
                    Balanced accuracy: Train: 0.7086 
                    Validation: 0.5773
INFO:__main__:4  	171   	0.329774	0.0934179	0.217162	0.71098 
INFO:__main__:
                    Generation 4: Best Fitness = 0.2172 
                    Balanced accuracy: Train: 0.7855 
                    Validation: 0.7087
INFO:__main__:5  	165   	0.312285	0.0859428	0.206411	0.592336
INFO:__main__:
                    Generation 5: Best Fitness = 0.2064 
                    Balanced accuracy: Train: 0.7767 
                    Validation: 0.6046
INFO:__main__:6  	171   	0.307476	0.109636 	0.202542	0.740441
INFO:__main__:
                    Generation 6: Best Fitness = 0.2025 
                    Balanced accuracy: Train: 0.7802 
                    Validation: 0.6455
INFO:__main__:7  	161   	0.28279 	0.103645 	0.194546	0.718396
INFO:__main__:
                    Generation 7: Best Fitness = 0.1945 
                    Balanced accuracy: Train: 0.7834 
                    Validation: 0.6858
INFO:__main__:8  	165   	0.260175	0.0830722	0.187958	0.712856
INFO:__main__:
                    Generation 8: Best Fitness = 0.1880 
                    Balanced accuracy: Train: 0.7960 
                    Validation: 0.6296
INFO:__main__:9  	169   	0.267612	0.111482 	0.177594	0.760629
INFO:__main__:
                    Generation 9: Best Fitness = 0.1776 
                    Balanced accuracy: Train: 0.8111 
                    Validation: 0.5343
INFO:__main__:10 	160   	0.239795	0.079362 	0.170275	0.592888
INFO:__main__:
                    Generation 10: Best Fitness = 0.1703 
                    Balanced accuracy: Train: 0.8108 
                    Validation: 0.5316
INFO:__main__:11 	165   	0.240741	0.0861318	0.164112	0.650537
INFO:__main__:
                    Generation 11: Best Fitness = 0.1641 
                    Balanced accuracy: Train: 0.8171 
                    Validation: 0.5312
INFO:__main__:12 	165   	0.24215 	0.0993392	0.161184	0.709044
INFO:__main__:
                    Generation 12: Best Fitness = 0.1612 
                    Balanced accuracy: Train: 0.8256 
                    Validation: 0.5505
INFO:__main__:13 	164   	0.226206	0.0796733	0.154482	0.651783
INFO:__main__:
                    Generation 13: Best Fitness = 0.1545 
                    Balanced accuracy: Train: 0.8321 
                    Validation: 0.4712
INFO:__main__:14 	162   	0.231699	0.0872509	0.154482	0.630734
INFO:__main__:
                    Generation 14: Best Fitness = 0.1545 
                    Balanced accuracy: Train: 0.8182 
                    Validation: 0.4715
INFO:__main__:15 	180   	0.225845	0.0940905	0.142978	0.729488
INFO:__main__:
                    Generation 15: Best Fitness = 0.1430 
                    Balanced accuracy: Train: 0.8379 
                    Validation: 0.4704
INFO:__main__:16 	149   	0.225983	0.100425 	0.142978	0.740408
INFO:__main__:
                    Generation 16: Best Fitness = 0.1430 
                    Balanced accuracy: Train: 0.8401 
                    Validation: 0.4708
INFO:__main__:17 	149   	0.208391	0.0800072	0.14226 	0.640985
INFO:__main__:
                    Generation 17: Best Fitness = 0.1423 
                    Balanced accuracy: Train: 0.8358 
                    Validation: 0.4765
INFO:__main__:18 	175   	0.209158	0.0820056	0.137369	0.729962
INFO:__main__:
                    Generation 18: Best Fitness = 0.1374 
                    Balanced accuracy: Train: 0.8477 
                    Validation: 0.5183
INFO:__main__:19 	169   	0.200414	0.0671369	0.134344	0.55073 
INFO:__main__:
                    Generation 19: Best Fitness = 0.1343 
                    Balanced accuracy: Train: 0.8506 
                    Validation: 0.5385
INFO:__main__:20 	167   	0.211168	0.0899395	0.134344	0.636663
INFO:__main__:
                    Generation 20: Best Fitness = 0.1343 
                    Balanced accuracy: Train: 0.8513 
                    Validation: 0.5375
INFO:__main__:21 	165   	0.201813	0.0914364	0.131339	0.736781
INFO:__main__:
                    Generation 21: Best Fitness = 0.1313 
                    Balanced accuracy: Train: 0.8577 
                    Validation: 0.5248
INFO:__main__:22 	156   	0.196031	0.0988061	0.131339	0.764551
INFO:__main__:
                    Generation 22: Best Fitness = 0.1313 
                    Balanced accuracy: Train: 0.8549 
                    Validation: 0.5230
INFO:__main__:23 	179   	0.200119	0.092762 	0.12929 	0.642754
INFO:__main__:
                    Generation 23: Best Fitness = 0.1293 
                    Balanced accuracy: Train: 0.8541 
                    Validation: 0.4802
INFO:__main__:24 	153   	0.200671	0.0998208	0.12929 	0.755126
INFO:__main__:
                    Generation 24: Best Fitness = 0.1293 
                    Balanced accuracy: Train: 0.8520 
                    Validation: 0.4831
