INFO:numexpr.utils:NumExpr defaulting to 8 threads.
INFO:__main__:gen	nevals	avg     	std     	min     	max    
0  	200   	0.528529	0.123459	0.279337	0.77469
INFO:__main__:1  	167   	0.420164	0.0832269	0.274467	0.754977
INFO:__main__:
                    Generation 1: Best Fitness = 0.2745 
                    Balanced accuracy: Train: 0.7029 
                    Validation: 0.7345
INFO:__main__:2  	159   	0.369768	0.0875791	0.240244	0.78215 
INFO:__main__:
                    Generation 2: Best Fitness = 0.2402 
                    Balanced accuracy: Train: 0.7471 
                    Validation: 0.7396
INFO:__main__:3  	161   	0.320232	0.0799975	0.237342	0.667475
INFO:__main__:
                    Generation 3: Best Fitness = 0.2373 
                    Balanced accuracy: Train: 0.7492 
                    Validation: 0.7635
INFO:__main__:4  	149   	0.29439 	0.0654713	0.225714	0.562592
INFO:__main__:
                    Generation 4: Best Fitness = 0.2257 
                    Balanced accuracy: Train: 0.7689 
                    Validation: 0.7224
INFO:__main__:5  	170   	0.296338	0.0768258	0.225649	0.568431
INFO:__main__:
                    Generation 5: Best Fitness = 0.2256 
                    Balanced accuracy: Train: 0.7697 
                    Validation: 0.7216
INFO:__main__:6  	157   	0.274091	0.0596619	0.222451	0.587267
INFO:__main__:
                    Generation 6: Best Fitness = 0.2225 
                    Balanced accuracy: Train: 0.7728 
                    Validation: 0.7203
INFO:__main__:7  	176   	0.277156	0.0620695	0.222451	0.548949
INFO:__main__:
                    Generation 7: Best Fitness = 0.2225 
                    Balanced accuracy: Train: 0.7728 
                    Validation: 0.7203
INFO:__main__:8  	168   	0.276064	0.083376 	0.219107	0.737108
INFO:__main__:
                    Generation 8: Best Fitness = 0.2191 
                    Balanced accuracy: Train: 0.7771 
                    Validation: 0.7203
INFO:__main__:9  	152   	0.263465	0.070838 	0.183121	0.512855
INFO:__main__:
                    Generation 9: Best Fitness = 0.1831 
                    Balanced accuracy: Train: 0.8068 
                    Validation: 0.7045
INFO:__main__:10 	154   	0.253107	0.0638111	0.176782	0.67593 
INFO:__main__:
                    Generation 10: Best Fitness = 0.1768 
                    Balanced accuracy: Train: 0.8182 
                    Validation: 0.6956
INFO:__main__:11 	162   	0.243313	0.0619299	0.176782	0.571876
INFO:__main__:
                    Generation 11: Best Fitness = 0.1768 
                    Balanced accuracy: Train: 0.8182 
                    Validation: 0.6956
INFO:__main__:12 	167   	0.239885	0.0724757	0.170975	0.507314
INFO:__main__:
                    Generation 12: Best Fitness = 0.1710 
                    Balanced accuracy: Train: 0.8212 
                    Validation: 0.6986
INFO:__main__:13 	156   	0.210763	0.0480213	0.170872	0.461899
INFO:__main__:
                    Generation 13: Best Fitness = 0.1709 
                    Balanced accuracy: Train: 0.8212 
                    Validation: 0.6978
INFO:__main__:14 	178   	0.224027	0.0710957	0.170861	0.495308
INFO:__main__:
                    Generation 14: Best Fitness = 0.1709 
                    Balanced accuracy: Train: 0.8205 
                    Validation: 0.6986
INFO:__main__:15 	170   	0.215759	0.067208 	0.167977	0.520387
INFO:__main__:
                    Generation 15: Best Fitness = 0.1680 
                    Balanced accuracy: Train: 0.8244 
                    Validation: 0.7003
INFO:__main__:16 	164   	0.219574	0.0648692	0.167734	0.499447
INFO:__main__:
                    Generation 16: Best Fitness = 0.1677 
                    Balanced accuracy: Train: 0.8252 
                    Validation: 0.6999
INFO:__main__:17 	160   	0.214257	0.0694813	0.167734	0.50593 
INFO:__main__:
                    Generation 17: Best Fitness = 0.1677 
                    Balanced accuracy: Train: 0.8244 
                    Validation: 0.7003
INFO:__main__:18 	157   	0.211783	0.0778047	0.164776	0.731517
INFO:__main__:
                    Generation 18: Best Fitness = 0.1648 
                    Balanced accuracy: Train: 0.8269 
                    Validation: 0.7011
INFO:__main__:19 	167   	0.213443	0.0685874	0.164776	0.724585
INFO:__main__:
                    Generation 19: Best Fitness = 0.1648 
                    Balanced accuracy: Train: 0.8269 
                    Validation: 0.7011
INFO:__main__:20 	163   	0.210338	0.0770057	0.164776	0.734266
INFO:__main__:
                    Generation 20: Best Fitness = 0.1648 
                    Balanced accuracy: Train: 0.8269 
                    Validation: 0.7011
INFO:__main__:21 	167   	0.222699	0.0871841	0.164743	0.734775
INFO:__main__:
                    Generation 21: Best Fitness = 0.1647 
                    Balanced accuracy: Train: 0.8247 
                    Validation: 0.7088
INFO:__main__:22 	158   	0.215822	0.0753635	0.159494	0.507625
INFO:__main__:
                    Generation 22: Best Fitness = 0.1595 
                    Balanced accuracy: Train: 0.8368 
                    Validation: 0.7101
INFO:__main__:23 	161   	0.213226	0.0737748	0.156454	0.544156
INFO:__main__:
                    Generation 23: Best Fitness = 0.1565 
                    Balanced accuracy: Train: 0.8365 
                    Validation: 0.7169
INFO:__main__:24 	167   	0.209241	0.0775711	0.156454	0.626847
INFO:__main__:
                    Generation 24: Best Fitness = 0.1565 
                    Balanced accuracy: Train: 0.8369 
                    Validation: 0.7165
INFO:__main__:25 	160   	0.203984	0.0602556	0.156454	0.527172
INFO:__main__:
                    Generation 25: Best Fitness = 0.1565 
                    Balanced accuracy: Train: 0.8361 
                    Validation: 0.7161
INFO:__main__:26 	170   	0.214322	0.0782229	0.15637 	0.572658
INFO:__main__:
                    Generation 26: Best Fitness = 0.1564 
                    Balanced accuracy: Train: 0.8361 
                    Validation: 0.7165
INFO:__main__:27 	170   	0.20533 	0.0676078	0.15552 	0.548701
INFO:__main__:
                    Generation 27: Best Fitness = 0.1555 
                    Balanced accuracy: Train: 0.8365 
                    Validation: 0.7191
INFO:__main__:28 	163   	0.207294	0.0797885	0.152281	0.714266
INFO:__main__:
                    Generation 28: Best Fitness = 0.1523 
                    Balanced accuracy: Train: 0.8414 
                    Validation: 0.7072
INFO:__main__:29 	162   	0.209563	0.067167 	0.151075	0.493217
INFO:__main__:
                    Generation 29: Best Fitness = 0.1511 
                    Balanced accuracy: Train: 0.8410 
                    Validation: 0.7088
INFO:__main__:30 	171   	0.218358	0.0773987	0.151075	0.485846
INFO:__main__:
                    Generation 30: Best Fitness = 0.1511 
                    Balanced accuracy: Train: 0.8410 
                    Validation: 0.7088
INFO:__main__:31 	160   	0.214339	0.0787387	0.150612	0.51897 
INFO:__main__:
                    Generation 31: Best Fitness = 0.1506 
                    Balanced accuracy: Train: 0.8422 
                    Validation: 0.7101
INFO:__main__:32 	157   	0.206576	0.0803537	0.149477	0.855172
INFO:__main__:
                    Generation 32: Best Fitness = 0.1495 
                    Balanced accuracy: Train: 0.8382 
                    Validation: 0.7076
INFO:__main__:33 	163   	0.215737	0.0766534	0.149359	0.485497
INFO:__main__:
                    Generation 33: Best Fitness = 0.1494 
                    Balanced accuracy: Train: 0.8459 
                    Validation: 0.7165
INFO:__main__:34 	157   	0.196715	0.0613481	0.147267	0.480479
INFO:__main__:
                    Generation 34: Best Fitness = 0.1473 
                    Balanced accuracy: Train: 0.8430 
                    Validation: 0.7153
INFO:__main__:35 	160   	0.208583	0.0792416	0.147267	0.728299
INFO:__main__:
                    Generation 35: Best Fitness = 0.1473 
                    Balanced accuracy: Train: 0.8426 
                    Validation: 0.7153
INFO:__main__:36 	168   	0.220752	0.0843325	0.147267	0.50763 
INFO:__main__:
                    Generation 36: Best Fitness = 0.1473 
                    Balanced accuracy: Train: 0.8470 
                    Validation: 0.7157
INFO:__main__:37 	154   	0.211276	0.0723997	0.147267	0.473258
INFO:__main__:
                    Generation 37: Best Fitness = 0.1473 
                    Balanced accuracy: Train: 0.8451 
                    Validation: 0.7157
