INFO:data:Reading dataset fish: cross-species-hard
INFO:data:Class Counts: [3 3 3 3 3 3 3 3 3 3 3 3 3 3 3], Class Ratios: [0.06666667 0.06666667 0.06666667 0.06666667 0.06666667 0.06666667
 0.06666667 0.06666667 0.06666667 0.06666667 0.06666667 0.06666667
 0.06666667 0.06666667 0.06666667]
INFO:data:Number of features: 1023
INFO:data:Number of instances: 45
INFO:data:Number of classes 15.
INFO:__main__:No model found. Train from scratch.
INFO:gp:   	      	                                 fitness                                 	                      size                      
   	      	-------------------------------------------------------------------------	------------------------------------------------
gen	nevals	avg     	gen	max     	min      	nevals	std      	avg    	gen	max	min	nevals	std     
0  	1023  	0.152864	0  	0.264564	0.0826537	1023  	0.0346636	6.78592	0  	7  	3  	1023  	0.700591
INFO:gp:1  	775   	0.201567	1  	0.307387	0.120239 	775   	0.0304989	6.88074	1  	13 	3  	775   	0.85934 
INFO:gp:2  	769   	0.235502	2  	0.312835	0.125021 	769   	0.0265571	7.01466	2  	13 	3  	769   	0.795134
INFO:gp:3  	770   	0.25998 	3  	0.319341	0.151422 	770   	0.0244881	7.13587	3  	13 	5  	770   	0.78855 
INFO:gp:4  	763   	0.27895 	4  	0.341279	0.16302  	763   	0.0263918	7.28348	4  	13 	5  	763   	0.908196
INFO:gp:5  	740   	0.294039	5  	0.388001	0.1692   	740   	0.0268566	7.26882	5  	13 	5  	740   	0.745842
INFO:gp:6  	777   	0.306703	6  	0.389757	0.174164 	777   	0.0308132	7.38221	6  	15 	5  	777   	0.858262
INFO:gp:7  	761   	0.323364	7  	0.403168	0.14929  	761   	0.0338922	7.34604	7  	12 	5  	761   	0.810188
INFO:gp:8  	745   	0.343422	8  	0.418909	0.180695 	745   	0.0322397	7.34702	8  	13 	5  	745   	0.800665
INFO:gp:9  	791   	0.362031	9  	0.42831 	0.203299 	791   	0.0323807	7.24047	9  	13 	5  	791   	0.795174
INFO:gp:10 	781   	0.38032 	10 	0.449756	0.216528 	781   	0.0312204	7.29423	10 	13 	5  	781   	0.994823
INFO:gp:11 	764   	0.394997	11 	0.477413	0.16083  	764   	0.0334928	7.45552	11 	17 	5  	764   	1.20269 
INFO:gp:12 	768   	0.411959	12 	0.483508	0.232593 	768   	0.0309014	7.30499	12 	17 	5  	768   	0.983165
INFO:gp:13 	774   	0.426809	13 	0.503778	0.233809 	774   	0.0329276	7.29228	13 	15 	6  	774   	1.02348 
INFO:gp:14 	766   	0.444218	14 	0.531131	0.28504  	766   	0.0331169	7.40078	14 	15 	7  	766   	1.36127 
INFO:gp:15 	774   	0.45895 	15 	0.531131	0.215846 	774   	0.0343081	7.33236	15 	15 	7  	774   	1.12251 
INFO:gp:16 	752   	0.472159	16 	0.53286 	0.198895 	752   	0.0345944	7.29423	16 	15 	5  	752   	0.950606
INFO:gp:17 	790   	0.485649	17 	0.559654	0.301564 	790   	0.0335024	7.28348	17 	15 	7  	790   	0.895187
INFO:gp:18 	788   	0.49916 	18 	0.559654	0.238068 	788   	0.0369486	7.46921	18 	13 	5  	788   	1.19496 
INFO:gp:19 	772   	0.515524	19 	0.587953	0.266649 	772   	0.0349783	7.88465	19 	15 	7  	772   	1.75264 
INFO:gp:20 	778   	0.525603	20 	0.587953	0.265007 	778   	0.0376181	8.38123	20 	15 	7  	778   	2.27943 
INFO:gp:21 	772   	0.537408	21 	0.588463	0.263695 	772   	0.0335715	9.07625	21 	19 	7  	772   	2.71307 
INFO:gp:22 	788   	0.545741	22 	0.588561	0.346029 	788   	0.0324965	10.6716	22 	17 	5  	788   	2.89599 
INFO:gp:23 	755   	0.552627	23 	0.589604	0.322835 	755   	0.0377862	12.0899	23 	19 	6  	755   	2.22219 
INFO:gp:24 	766   	0.56536 	24 	0.590663	0.349452 	766   	0.0334449	12.8641	24 	21 	7  	766   	1.15305 
INFO:gp:25 	777   	0.568209	25 	0.590921	0.321262 	777   	0.0339969	12.9844	25 	19 	7  	777   	0.954359
INFO:gp:26 	762   	0.568312	26 	0.61519 	0.348205 	762   	0.036838 	13.0039	26 	23 	7  	762   	0.998525
INFO:gp:27 	765   	0.569476	27 	0.6163  	0.315044 	765   	0.0347167	13.1603	27 	23 	5  	765   	1.41135 
INFO:gp:28 	783   	0.571584	28 	0.618425	0.347787 	783   	0.0344883	13.3558	28 	23 	7  	783   	1.53119 
INFO:gp:29 	777   	0.573177	29 	0.618425	0.271578 	777   	0.0368404	13.4682	29 	23 	7  	777   	1.57656 
INFO:gp:30 	801   	0.576979	30 	0.645561	0.340536 	801   	0.0386933	13.1153	30 	23 	5  	801   	1.69883 
INFO:gp:31 	764   	0.588365	31 	0.645561	0.398735 	764   	0.0365484	13.3236	31 	25 	7  	764   	1.90485 
INFO:gp:32 	790   	0.596755	32 	0.645561	0.300412 	790   	0.0353384	13.7654	32 	19 	7  	790   	1.94793 
INFO:gp:33 	772   	0.597821	33 	0.645611	0.375811 	772   	0.0385479	13.9335	33 	21 	8  	772   	1.95489 
INFO:gp:34 	793   	0.605933	34 	0.647009	0.348508 	793   	0.0367331	14.4379	34 	25 	7  	793   	1.75693 
INFO:gp:35 	781   	0.614366	35 	0.64747 	0.402335 	781   	0.0386359	14.914 	35 	25 	9  	781   	1.21992 
INFO:gp:36 	790   	0.617612	36 	0.64747 	0.352149 	790   	0.0435352	14.9717	36 	23 	9  	790   	0.910554
INFO:gp:37 	770   	0.621668	37 	0.672423	0.376846 	770   	0.0371193	14.9521	37 	25 	8  	770   	1.1293  
INFO:gp:38 	762   	0.623771	38 	0.672423	0.35239  	762   	0.0404055	14.9697	38 	25 	9  	762   	0.884349
INFO:gp:39 	750   	0.624861	39 	0.672423	0.324676 	750   	0.0399998	14.9022	39 	23 	9  	750   	0.930752
INFO:gp:40 	755   	0.628325	40 	0.676862	0.327808 	755   	0.0434657	14.6794	40 	23 	7  	755   	1.18925 
INFO:gp:41 	759   	0.63669 	41 	0.677186	0.354305 	759   	0.0423213	14.1623	41 	24 	7  	759   	1.35023 
INFO:gp:42 	783   	0.641817	42 	0.677186	0.351329 	783   	0.0479577	13.3773	42 	24 	7  	783   	1.27934 
INFO:gp:43 	783   	0.648944	43 	0.678018	0.404452 	783   	0.0419342	13.2678	43 	21 	5  	783   	1.10124 
INFO:gp:44 	756   	0.655638	44 	0.679196	0.380434 	756   	0.0364556	13.259 	44 	21 	7  	756   	0.98887 
INFO:gp:45 	759   	0.655901	45 	0.679243	0.402995 	759   	0.0398203	13.2688	45 	21 	11 	759   	0.922763
INFO:gp:46 	796   	0.652921	46 	0.679366	0.407801 	796   	0.043492 	13.3412	46 	21 	11 	796   	1.12986 
INFO:gp:47 	752   	0.654607	47 	0.680151	0.405963 	752   	0.0431733	13.5005	47 	21 	11 	752   	1.31379 
INFO:gp:48 	763   	0.654934	48 	0.681574	0.380829 	763   	0.0432695	13.4839	48 	21 	11 	763   	1.3612  
INFO:gp:49 	770   	0.655592	49 	0.682142	0.329525 	770   	0.0441533	13.5894	49 	25 	9  	770   	1.49144 
INFO:gp:50 	787   	0.657326	50 	0.682142	0.403552 	787   	0.0417648	13.9433	50 	25 	9  	787   	1.9158  
INFO:gp:51 	793   	0.657609	51 	0.683504	0.38307  	793   	0.0405985	14.5015	51 	25 	9  	793   	2.35877 
INFO:gp:52 	809   	0.65777 	52 	0.683719	0.378346 	809   	0.0432977	14.4673	52 	25 	11 	809   	2.16401 
INFO:gp:53 	765   	0.6621  	53 	0.683855	0.390883 	765   	0.0357105	14.0411	53 	25 	11 	765   	1.55897 
INFO:gp:54 	779   	0.659666	54 	0.683855	0.385547 	779   	0.0400455	14.1105	54 	23 	11 	779   	1.42746 
INFO:gp:55 	780   	0.663734	55 	0.707302	0.440156 	780   	0.035453 	13.9257	55 	23 	9  	780   	1.54197 
INFO:gp:56 	757   	0.664671	56 	0.707302	0.382714 	757   	0.0376466	14.1603	56 	23 	9  	757   	1.9414  
INFO:gp:57 	768   	0.661863	57 	0.707302	0.390115 	768   	0.0405181	14.3842	57 	25 	9  	768   	2.23279 
INFO:gp:58 	772   	0.664785	58 	0.708006	0.379203 	772   	0.0402587	14.4262	58 	29 	11 	772   	2.31789 
INFO:gp:59 	780   	0.668175	59 	0.708178	0.414398 	780   	0.0399794	14.2043	59 	23 	9  	780   	2.45194 
INFO:gp:60 	771   	0.673264	60 	0.729056	0.389382 	771   	0.0452375	13.6276	60 	23 	9  	771   	2.21633 
INFO:gp:61 	777   	0.682083	61 	0.729056	0.410213 	777   	0.042095 	14.0205	61 	29 	9  	777   	2.26809 
INFO:gp:62 	798   	0.686159	62 	0.732947	0.41012  	798   	0.0396871	15.0723	62 	29 	9  	798   	2.95232 
INFO:gp:63 	796   	0.685357	63 	0.732947	0.38223  	796   	0.0439243	16.7273	63 	31 	11 	796   	3.72686 
INFO:gp:64 	780   	0.69243 	64 	0.749767	0.378414 	780   	0.0438136	16.2346	64 	31 	11 	780   	3.4306  
INFO:gp:65 	766   	0.700835	65 	0.749767	0.432474 	766   	0.0424986	14.6862	65 	29 	11 	766   	2.50167 
INFO:gp:66 	753   	0.70327 	66 	0.749767	0.404405 	753   	0.0466664	14.1417	66 	25 	11 	753   	1.41989 
INFO:gp:67 	748   	0.708836	67 	0.751168	0.332986 	748   	0.0444713	14.5904	67 	23 	9  	748   	1.17708 
INFO:gp:68 	793   	0.711377	68 	0.756438	0.412365 	793   	0.0463671	14.4624	68 	25 	11 	793   	1.25774 
INFO:gp:69 	777   	0.717476	69 	0.756602	0.454039 	777   	0.0436344	13.8289	69 	23 	11 	777   	1.36105 
INFO:gp:70 	767   	0.717926	70 	0.756616	0.370232 	767   	0.050475 	13.5894	70 	23 	11 	767   	1.53727 
INFO:gp:71 	779   	0.723975	71 	0.756631	0.452523 	779   	0.0456139	13.827 	71 	21 	11 	779   	1.63848 
INFO:gp:72 	773   	0.727479	72 	0.756812	0.433807 	773   	0.042978 	14.2248	72 	25 	9  	773   	1.49168 
INFO:gp:73 	760   	0.72839 	73 	0.757678	0.40755  	760   	0.0483674	15.13  	73 	25 	11 	760   	1.30407 
INFO:gp:74 	800   	0.725247	74 	0.757817	0.382948 	800   	0.0500881	15.737 	74 	25 	9  	800   	1.45384 
INFO:gp:75 	766   	0.724541	75 	0.757817	0.437167 	766   	0.0510506	16.0723	75 	25 	11 	766   	1.73983 
INFO:gp:76 	783   	0.728063	76 	0.75785 	0.382986 	783   	0.0488699	16.5718	76 	25 	11 	783   	1.84186 
INFO:gp:77 	776   	0.729493	77 	0.758319	0.408729 	776   	0.0458758	16.6139	77 	23 	11 	776   	1.91829 
INFO:gp:78 	780   	0.727862	78 	0.759279	0.426295 	780   	0.0480615	15.7967	78 	25 	11 	780   	1.62209 
INFO:gp:79 	772   	0.728138	79 	0.75934 	0.382275 	772   	0.0500758	15.7605	79 	25 	11 	772   	1.59616 
INFO:gp:80 	774   	0.729757	80 	0.75934 	0.357883 	774   	0.0482404	16.5396	80 	27 	11 	774   	1.85763 
INFO:gp:81 	768   	0.727463	81 	0.759791	0.384566 	768   	0.0533231	17.0342	81 	27 	11 	768   	2.11539 
INFO:gp:82 	780   	0.731247	82 	0.759885	0.32151  	780   	0.0490469	16.1799	82 	27 	11 	780   	1.93767 
INFO:gp:83 	770   	0.728868	83 	0.759898	0.384368 	770   	0.0518511	15.3333	83 	25 	9  	770   	1.30468 
INFO:gp:84 	819   	0.728716	84 	0.759898	0.355172 	819   	0.0520734	15.2512	84 	25 	11 	819   	1.13783 
INFO:gp:85 	803   	0.727851	85 	0.761052	0.410676 	803   	0.0499715	15.305 	85 	25 	11 	803   	1.11106 
INFO:gp:86 	751   	0.728582	86 	0.762069	0.385254 	751   	0.0484859	15.2639	86 	25 	11 	751   	0.953841
INFO:gp:87 	791   	0.726908	87 	0.762069	0.384353 	791   	0.0536202	15.2268	87 	25 	9  	791   	1.13738 
INFO:gp:88 	771   	0.729391	88 	0.784244	0.386663 	771   	0.050024 	15.3783	88 	25 	9  	771   	1.095   
INFO:gp:89 	767   	0.734452	89 	0.784244	0.358387 	767   	0.0446106	15.8807	89 	25 	9  	767   	1.38468 
INFO:gp:90 	781   	0.731242	90 	0.785162	0.387215 	781   	0.0505185	16.4418	90 	29 	11 	781   	1.40251 
INFO:gp:91 	764   	0.736229	91 	0.789383	0.359672 	764   	0.0510309	16.1183	91 	29 	13 	764   	1.35371 
INFO:gp:92 	767   	0.739949	92 	0.789383	0.384528 	767   	0.0534123	15.6207	92 	25 	13 	767   	1.2757  
INFO:gp:93 	739   	0.750348	93 	0.789383	0.410202 	739   	0.0515638	15.6989	93 	25 	13 	739   	1.55551 
INFO:gp:94 	796   	0.754611	94 	0.789422	0.411559 	796   	0.046255 	15.9932	94 	25 	13 	796   	1.6049  
INFO:gp:95 	755   	0.755116	95 	0.790447	0.327192 	755   	0.0491356	16.261 	95 	27 	13 	755   	1.44543 
INFO:gp:96 	773   	0.756603	96 	0.790447	0.453335 	773   	0.0470233	16.0968	96 	27 	13 	773   	1.26978 
INFO:gp:97 	770   	0.755599	97 	0.790449	0.377876 	770   	0.0525101	15.6608	97 	25 	13 	770   	1.20819 
INFO:gp:98 	769   	0.755498	98 	0.790516	0.457792 	769   	0.0491166	15.6667	98 	27 	13 	769   	1.20659 
INFO:gp:99 	768   	0.75807 	99 	0.790593	0.414898 	768   	0.0524961	16.2884	99 	31 	11 	768   	1.43273 
INFO:gp:100	784   	0.757201	100	0.791153	0.381617 	784   	0.0499512	16.915 	100	27 	13 	784   	1.0573  
INFO:gp:101	778   	0.758636	101	0.791153	0.371158 	778   	0.049918 	17.086 	101	29 	15 	778   	0.980968
INFO:gp:102	798   	0.760863	102	0.791355	0.458675 	798   	0.0456416	17.0684	102	25 	15 	798   	0.69435 
INFO:gp:103	771   	0.761807	103	0.791355	0.408814 	771   	0.0464701	17.043 	103	23 	15 	771   	0.586678
INFO:gp:104	758   	0.759242	104	0.791694	0.471209 	758   	0.0478698	17.045 	104	23 	15 	758   	0.555723
INFO:gp:105	760   	0.76092 	105	0.792234	0.484347 	760   	0.0457391	17.0743	105	31 	15 	760   	0.740105
INFO:gp:106	756   	0.764196	106	0.817444	0.486832 	756   	0.0435002	17.0997	106	25 	15 	756   	0.674801
INFO:gp:107	766   	0.759458	107	0.817444	0.411272 	766   	0.0501625	17.2581	107	31 	15 	766   	1.05094 
INFO:gp:108	784   	0.763932	108	0.817748	0.442893 	784   	0.0476148	17.52  	108	25 	15 	784   	1.04041 
INFO:gp:109	761   	0.763195	109	0.817781	0.46254  	761   	0.0497668	17.8827	109	33 	15 	761   	1.1773  
INFO:gp:110	779   	0.768955	110	0.817784	0.407852 	779   	0.0500908	17.8055	110	26 	15 	779   	0.957702
INFO:gp:111	769   	0.775478	111	0.817784	0.514702 	769   	0.0494391	17.6246	111	25 	15 	769   	0.946186
INFO:gp:112	783   	0.78237 	112	0.818173	0.466016 	783   	0.0523636	17.5904	112	25 	15 	783   	1.00409 
INFO:gp:113	781   	0.787905	113	0.818173	0.513716 	781   	0.0481439	17.9521	113	25 	15 	781   	1.08696 
INFO:gp:114	786   	0.781869	114	0.818467	0.461222 	786   	0.0549981	18.4399	114	25 	11 	786   	1.14366 
INFO:gp:115	801   	0.785385	115	0.818657	0.511992 	801   	0.0503173	18.4516	115	25 	15 	801   	1.29868 
INFO:gp:116	779   	0.784054	116	0.818657	0.437581 	779   	0.0524184	18.1975	116	29 	15 	779   	1.50792 
INFO:gp:117	775   	0.787091	117	0.818657	0.508408 	775   	0.0475069	18.0733	117	29 	15 	775   	1.5417  
INFO:gp:118	749   	0.785141	118	0.818725	0.48603  	749   	0.0502232	18.4536	118	27 	15 	749   	1.47031 
INFO:gp:119	765   	0.786573	119	0.818893	0.500283 	765   	0.049708 	18.9853	119	27 	15 	765   	1.26876 
INFO:gp:120	785   	0.787532	120	0.81893 	0.386506 	785   	0.0496891	19.1691	120	27 	13 	785   	1.39113 
INFO:gp:121	807   	0.783438	121	0.819487	0.49993  	807   	0.0482791	19.216 	121	31 	15 	807   	1.73494 
INFO:gp:122	789   	0.78627 	122	0.81954 	0.471775 	789   	0.0501277	19.565 	122	29 	15 	789   	2.35455 
INFO:gp:123	768   	0.787772	123	0.81954 	0.459861 	768   	0.0506442	19.6804	123	37 	15 	768   	2.60657 
INFO:gp:124	774   	0.786959	124	0.819671	0.384518 	774   	0.0527343	19.3382	124	35 	15 	774   	2.35404 
INFO:gp:125	754   	0.789839	125	0.819885	0.438357 	754   	0.046493 	19.2913	125	29 	15 	754   	1.63455 
INFO:gp:126	765   	0.787432	126	0.820145	0.433121 	765   	0.0502613	19.4575	126	25 	15 	765   	1.22849 
INFO:gp:127	774   	0.788606	127	0.820145	0.489984 	774   	0.0477654	19.4653	127	29 	15 	774   	1.16167 
INFO:gp:128	786   	0.786296	128	0.820791	0.33371  	786   	0.0517066	19.8563	128	27 	15 	786   	1.26455 
INFO:gp:129	778   	0.79198 	129	0.820791	0.490284 	778   	0.0445377	20.4477	129	31 	15 	778   	1.34947 
INFO:gp:130	794   	0.788944	130	0.820791	0.567211 	794   	0.0453704	20.824 	130	29 	15 	794   	1.1915  
INFO:gp:131	777   	0.786525	131	0.821445	0.418878 	777   	0.0532668	20.6716	131	39 	17 	777   	1.32413 
INFO:gp:132	769   	0.79    	132	0.821445	0.483136 	769   	0.0453466	20.2082	132	29 	15 	769   	1.29389 
INFO:gp:133	764   	0.78953 	133	0.821537	0.500926 	764   	0.0478536	19.5679	133	27 	15 	764   	1.07082 
INFO:gp:134	782   	0.791099	134	0.822118	0.361295 	782   	0.0486492	19.347 	134	27 	15 	782   	1.01398 
INFO:gp:135	786   	0.788021	135	0.822118	0.358705 	786   	0.0516392	19.6735	135	27 	15 	786   	1.1827  
INFO:gp:136	772   	0.789282	136	0.822118	0.514925 	772   	0.0513737	19.868 	136	27 	15 	772   	1.26351 
INFO:gp:137	780   	0.786281	137	0.822286	0.43967  	780   	0.0528078	19.8974	137	27 	15 	780   	1.20614 
INFO:gp:138	801   	0.787751	138	0.822334	0.519027 	801   	0.0496752	19.8231	138	25 	15 	801   	1.25567 
INFO:gp:139	751   	0.795319	139	0.822781	0.597256 	751   	0.0423955	20.2199	139	29 	15 	751   	1.24886 
INFO:gp:140	776   	0.791345	140	0.822781	0.393746 	776   	0.0483316	20.783 	140	25 	15 	776   	1.07664 
INFO:gp:141	794   	0.789846	141	0.822781	0.420204 	794   	0.0482184	21.085 	141	39 	15 	794   	1.25514 
INFO:gp:142	780   	0.79005 	142	0.841766	0.393174 	780   	0.0514148	20.998 	142	29 	15 	780   	0.994607
INFO:gp:143	789   	0.790407	143	0.842868	0.447407 	789   	0.04774  	21.0303	143	27 	15 	789   	0.810525
INFO:gp:144	799   	0.787559	144	0.842868	0.334617 	799   	0.0539488	20.9902	144	27 	15 	799   	0.842367
INFO:gp:145	773   	0.792126	145	0.842869	0.359925 	773   	0.0496461	20.9844	145	27 	15 	773   	0.714156
INFO:gp:146	782   	0.797958	146	0.842895	0.381023 	782   	0.0494046	20.9775	146	29 	15 	782   	0.973994
INFO:gp:147	775   	0.806824	147	0.843059	0.446889 	775   	0.0468783	20.9619	147	27 	15 	775   	0.952187
INFO:gp:148	764   	0.807688	148	0.843059	0.436719 	764   	0.054302 	20.9609	148	27 	15 	764   	0.777516
INFO:gp:149	792   	0.8086  	149	0.843161	0.517351 	792   	0.0511958	20.9668	149	29 	15 	792   	0.750933
INFO:gp:150	773   	0.809464	150	0.843998	0.411588 	773   	0.0506133	20.957 	150	29 	15 	773   	0.86538 
INFO:gp:151	785   	0.807371	151	0.843999	0.436494 	785   	0.0543779	20.998 	151	33 	15 	785   	0.831912
INFO:gp:152	789   	0.808663	152	0.844897	0.390648 	789   	0.0513174	21.0283	152	27 	15 	789   	0.774835
INFO:gp:153	776   	0.807139	153	0.844897	0.439838 	776   	0.0522481	21.0577	153	27 	15 	776   	0.778246
INFO:gp:154	757   	0.811068	154	0.844897	0.491115 	757   	0.049336 	21.043 	154	27 	15 	757   	0.654414
INFO:gp:155	762   	0.810747	155	0.845343	0.443518 	762   	0.0498515	21.0401	155	31 	15 	762   	0.767979
INFO:gp:156	813   	0.807592	156	0.845387	0.411059 	813   	0.0497644	21.1222	156	27 	17 	813   	0.718235
INFO:gp:157	789   	0.808434	157	0.845387	0.468098 	789   	0.0489553	21.2199	157	27 	17 	789   	0.916618
INFO:gp:158	775   	0.810818	158	0.845447	0.447833 	775   	0.0489499	21.2463	158	39 	17 	775   	1.17647 
INFO:gp:159	787   	0.808887	159	0.845496	0.474879 	787   	0.0524731	21.39  	159	27 	17 	787   	1.09891 
INFO:gp:160	779   	0.811486	160	0.846531	0.522635 	779   	0.0485345	21.5767	160	39 	17 	779   	1.25674 
INFO:gp:161	758   	0.812999	161	0.846531	0.492533 	758   	0.0477859	21.7468	161	27 	17 	758   	1.24882 
INFO:gp:162	768   	0.814552	162	0.847536	0.416806 	768   	0.0461688	21.7713	162	29 	17 	768   	1.27633 
INFO:gp:163	777   	0.815047	163	0.847536	0.417116 	777   	0.0482431	21.4956	163	31 	17 	777   	1.33665 
INFO:gp:164	783   	0.814625	164	0.847536	0.566549 	783   	0.0473057	21.3265	164	29 	17 	783   	1.04678 
INFO:gp:165	757   	0.814079	165	0.847938	0.44286  	757   	0.0491328	21.2757	165	27 	17 	757   	0.944327
INFO:gp:166	809   	0.815983	166	0.848281	0.553059 	809   	0.0436844	21.1945	166	27 	17 	809   	0.876705
INFO:gp:167	770   	0.813747	167	0.848295	0.46198  	770   	0.0502901	21.2151	167	39 	15 	770   	1.13364 
INFO:gp:168	762   	0.817444	168	0.848406	0.444811 	762   	0.0470408	21.1173	168	27 	17 	762   	0.717007
INFO:gp:169	765   	0.814936	169	0.848911	0.447818 	765   	0.0500772	21.0958	169	33 	17 	765   	0.836959
INFO:gp:170	773   	0.815771	170	0.848911	0.49736  	773   	0.0474736	21.0459	170	27 	17 	773   	0.647456
INFO:gp:171	764   	0.816977	171	0.849001	0.47068  	764   	0.0475866	21.0762	171	27 	19 	764   	0.660321
INFO:gp:172	774   	0.816825	172	0.849082	0.520416 	774   	0.0472409	21.1652	172	27 	15 	774   	0.916388
INFO:gp:173	792   	0.816487	173	0.851976	0.444614 	792   	0.0510375	21.3177	173	31 	17 	792   	1.20918 
INFO:gp:174	766   	0.813125	174	0.851976	0.472705 	766   	0.0520345	21.3294	174	27 	17 	766   	1.14705 
INFO:gp:175	782   	0.815703	175	0.852256	0.472877 	782   	0.0490692	21.5249	175	28 	19 	782   	1.2565  
INFO:gp:176	752   	0.818646	176	0.871251	0.494256 	752   	0.0462066	22.0616	176	31 	19 	752   	1.68227 
INFO:gp:177	773   	0.816014	177	0.871251	0.580588 	773   	0.0480286	22.48  	177	31 	17 	773   	1.92563 
INFO:gp:178	787   	0.816388	178	0.872125	0.50091  	787   	0.0492956	22.132 	178	31 	17 	787   	1.88247 
INFO:gp:179	757   	0.820488	179	0.872733	0.469719 	757   	0.0527986	21.737 	179	39 	17 	757   	1.50472 
INFO:gp:180	771   	0.830763	180	0.874343	0.467889 	771   	0.0496411	22.2434	180	33 	17 	771   	1.39836 
INFO:gp:181	748   	0.839061	181	0.874892	0.428945 	748   	0.0483027	22.6559	181	29 	19 	748   	1.01739 
INFO:gp:182	772   	0.838629	182	0.874995	0.515855 	772   	0.0493162	22.567 	182	31 	15 	772   	1.20814 
INFO:gp:183	771   	0.837215	183	0.874996	0.468386 	771   	0.0512274	22.3969	183	29 	17 	771   	1.39012 
INFO:gp:184	767   	0.837878	184	0.875502	0.498974 	767   	0.0513634	22.5318	184	39 	17 	767   	1.30295 
INFO:gp:185	770   	0.840322	185	0.889662	0.470807 	770   	0.0505822	22.8328	185	29 	19 	770   	0.87566 
INFO:gp:186	788   	0.840856	186	0.889662	0.598704 	788   	0.047973 	22.9042	186	29 	19 	788   	0.757247
INFO:gp:187	772   	0.842699	187	0.889662	0.457401 	772   	0.049451 	22.9804	187	31 	21 	772   	0.76175 
INFO:gp:188	758   	0.841705	188	0.889879	0.514494 	758   	0.0507782	23.0098	188	33 	21 	758   	0.687766
INFO:gp:189	789   	0.845572	189	0.890231	0.498024 	789   	0.0516038	23.0401	189	29 	21 	789   	0.618513
INFO:gp:190	802   	0.847872	190	0.890231	0.499605 	802   	0.0563129	23.1505	190	33 	21 	802   	1.04672 
INFO:gp:191	764   	0.854588	191	0.893667	0.536797 	764   	0.0486061	23.1271	191	31 	19 	764   	0.959329
INFO:gp:192	753   	0.858312	192	0.893667	0.434348 	753   	0.0513097	23.1838	192	31 	21 	753   	0.937672
INFO:gp:193	757   	0.854404	193	0.893667	0.513218 	757   	0.0546248	23.1153	193	35 	21 	757   	0.881209
INFO:gp:194	791   	0.85527 	194	0.893712	0.489645 	791   	0.0553825	23.0626	194	35 	21 	791   	0.927476
INFO:gp:195	778   	0.855964	195	0.897044	0.48919  	778   	0.0538518	23.0479	195	31 	21 	778   	0.749489
INFO:gp:196	768   	0.860164	196	0.897044	0.539278 	768   	0.0488403	23.0958	196	31 	19 	768   	1.01822 
INFO:gp:197	788   	0.858963	197	0.902229	0.407427 	788   	0.0530802	23.086 	197	31 	21 	788   	1.05953 
INFO:gp:198	766   	0.85741 	198	0.902229	0.490849 	766   	0.0532881	23.1994	198	32 	21 	766   	1.36042 
INFO:gp:199	779   	0.859423	199	0.902229	0.4108   	779   	0.0538621	23.3216	199	29 	19 	779   	1.45146 
INFO:gp:200	791   	0.860392	200	0.902297	0.350913 	791   	0.0541767	23.1857	200	33 	19 	791   	1.18177 
INFO:gp:201	778   	0.861029	201	0.902701	0.520487 	778   	0.054641 	23.0831	201	39 	21 	778   	1.03692 
INFO:gp:202	783   	0.862687	202	0.902701	0.466286 	783   	0.053861 	23.1134	202	39 	21 	783   	1.08794 
INFO:gp:203	776   	0.862837	203	0.902764	0.41977  	776   	0.0590571	23.1329	203	31 	21 	776   	1.20763 
INFO:gp:204	773   	0.866786	204	0.902907	0.551104 	773   	0.0523791	23.132 	204	30 	19 	773   	1.49982 
INFO:gp:205	761   	0.866994	205	0.902992	0.52085  	761   	0.0516048	23.259 	205	29 	19 	761   	1.72168 
INFO:gp:206	758   	0.864467	206	0.903448	0.464235 	758   	0.0570036	23.306 	206	31 	19 	758   	1.74    
INFO:gp:207	786   	0.86312 	207	0.903449	0.494293 	786   	0.0564539	23.4585	207	39 	21 	786   	1.68136 
INFO:gp:208	829   	0.86493 	208	0.903461	0.592977 	829   	0.0520266	23.8299	208	31 	21 	829   	1.84025 
INFO:gp:209	771   	0.869342	209	0.903909	0.55697  	771   	0.0486324	24.2014	209	35 	21 	771   	2.09419 
INFO:gp:210	789   	0.868784	210	0.903909	0.50025  	789   	0.0502473	24.088 	210	29 	21 	789   	2.03058 
INFO:gp:211	760   	0.867193	211	0.903909	0.496806 	760   	0.0545677	23.6237	211	29 	21 	760   	1.62943 
INFO:gp:212	784   	0.871325	212	0.903957	0.472946 	784   	0.0497509	23.4594	212	39 	21 	784   	1.55765 
INFO:gp:213	770   	0.867868	213	0.904585	0.530357 	770   	0.0538053	23.2033	213	29 	21 	770   	1.19207 
INFO:gp:214	781   	0.869593	214	0.904585	0.461303 	781   	0.0554011	23.1554	214	31 	21 	781   	1.11871 
INFO:gp:215	753   	0.868812	215	0.904601	0.496321 	753   	0.0539853	23.0792	215	29 	21 	753   	0.859986
INFO:gp:216	761   	0.873889	216	0.90471 	0.607649 	761   	0.0465931	23.0987	216	31 	21 	761   	0.817112
INFO:gp:217	772   	0.870437	217	0.90471 	0.606838 	772   	0.0469951	23.1447	217	39 	21 	772   	1.0344  
INFO:gp:218	759   	0.867703	218	0.90471 	0.358505 	759   	0.0574443	23.0401	218	31 	19 	759   	0.850138
INFO:gp:219	765   	0.871006	219	0.905047	0.529403 	765   	0.0494624	23.0059	219	33 	21 	765   	0.849337
INFO:gp:220	751   	0.870088	220	0.906253	0.449148 	751   	0.0559468	22.9834	220	31 	21 	751   	0.807297
INFO:gp:221	765   	0.869029	221	0.906253	0.471568 	765   	0.0538183	22.9912	221	31 	21 	765   	0.765151
INFO:gp:222	773   	0.871023	222	0.906253	0.474726 	773   	0.0497508	22.955 	222	29 	19 	773   	0.714281
INFO:gp:223	771   	0.870392	223	0.906366	0.422717 	771   	0.0524953	22.9345	223	31 	19 	771   	0.730974
INFO:gp:224	785   	0.870152	224	0.906366	0.493734 	785   	0.0525334	22.9677	224	39 	21 	785   	0.94932 
INFO:gp:225	792   	0.87086 	225	0.906368	0.475411 	792   	0.0518952	22.9003	225	33 	21 	792   	0.970649
INFO:gp:226	758   	0.87137 	226	0.906928	0.476355 	758   	0.054697 	22.8495	226	31 	19 	758   	1.06339 
INFO:gp:227	785   	0.869211	227	0.906928	0.462351 	785   	0.0536558	22.87  	227	31 	21 	785   	1.02829 
INFO:gp:228	772   	0.869476	228	0.906928	0.476295 	772   	0.0536857	23.0254	228	29 	17 	772   	1.08996 
INFO:gp:229	775   	0.870456	229	0.90693 	0.388164 	775   	0.0542077	23.1926	229	31 	21 	775   	1.19916 
INFO:gp:230	776   	0.873192	230	0.907087	0.476567 	776   	0.0500934	23.2229	230	33 	21 	776   	1.32912 
INFO:gp:231	797   	0.870208	231	0.907087	0.449683 	797   	0.0519397	23.0772	231	31 	19 	797   	1.19665 
INFO:gp:232	749   	0.872761	232	0.907357	0.527514 	749   	0.04958  	22.9599	232	29 	19 	749   	0.86834 
INFO:gp:233	767   	0.870963	233	0.907357	0.529481 	767   	0.0510028	22.9707	233	33 	21 	767   	0.914273
INFO:gp:234	761   	0.872062	234	0.907357	0.434956 	761   	0.0537505	22.9599	234	31 	19 	761   	0.855867
INFO:gp:235	742   	0.873741	235	0.907357	0.478396 	742   	0.0517378	22.9316	235	31 	21 	742   	0.786749
INFO:gp:236	766   	0.873076	236	0.90748 	0.608517 	766   	0.0499267	22.9844	236	29 	21 	766   	0.789564
INFO:gp:237	768   	0.871114	237	0.90753 	0.440918 	768   	0.0531977	22.9267	237	29 	21 	768   	0.709867
INFO:gp:238	770   	0.870931	238	0.90753 	0.469793 	770   	0.0542362	22.9756	238	31 	21 	770   	0.76225 
INFO:gp:239	755   	0.871779	239	0.907734	0.633526 	755   	0.0497536	22.9492	239	29 	21 	755   	0.793027
INFO:gp:240	771   	0.873189	240	0.907734	0.500813 	771   	0.0531308	22.998 	240	31 	21 	771   	0.972745
INFO:gp:241	767   	0.874419	241	0.907734	0.466522 	767   	0.0490508	22.9804	241	31 	21 	767   	0.939837
INFO:gp:242	779   	0.872723	242	0.907734	0.580465 	779   	0.051597 	23.0215	242	35 	21 	779   	1.03861 
INFO:gp:243	787   	0.870345	243	0.907734	0.444967 	787   	0.0554749	22.9726	243	31 	21 	787   	0.965299
INFO:gp:244	794   	0.872847	244	0.907736	0.507132 	794   	0.0509256	23.0342	244	33 	21 	794   	1.08207 
INFO:gp:245	771   	0.875407	245	0.907869	0.548644 	771   	0.0509221	23.001 	245	29 	21 	771   	0.961121
INFO:gp:246	765   	0.873857	246	0.907883	0.451341 	765   	0.0525461	23.0244	246	33 	19 	765   	0.95571 
INFO:gp:247	763   	0.873671	247	0.907883	0.473075 	763   	0.0533611	23.0362	247	35 	21 	763   	0.85946 
INFO:gp:248	771   	0.874003	248	0.907883	0.607973 	771   	0.0486758	23.0156	248	31 	21 	771   	0.681948
INFO:gp:249	797   	0.870404	249	0.907892	0.449372 	797   	0.0547966	23.002 	249	31 	21 	797   	0.696308
INFO:gp:250	781   	0.874049	250	0.907952	0.478549 	781   	0.0521471	22.9482	250	29 	21 	781   	0.839083
INFO:gp:251	768   	0.872532	251	0.907982	0.446014 	768   	0.0518923	22.8671	251	29 	21 	768   	0.780956
INFO:gp:252	774   	0.871032	252	0.907982	0.502137 	774   	0.0559111	22.8104	252	28 	21 	774   	0.792937
INFO:gp:253	794   	0.874022	253	0.908002	0.594542 	794   	0.0491497	22.8299	253	31 	21 	794   	0.85074 
INFO:gp:254	727   	0.877632	254	0.908002	0.478956 	727   	0.050242 	22.826 	254	39 	21 	727   	1.04588 
INFO:gp:255	761   	0.871746	255	0.908029	0.469691 	761   	0.0559279	22.825 	255	31 	21 	761   	0.953298
INFO:gp:256	787   	0.871491	256	0.90804 	0.57744  	787   	0.0491536	22.9453	256	35 	21 	787   	1.12509 
INFO:gp:257	790   	0.868776	257	0.908072	0.499548 	790   	0.0535169	22.9687	257	29 	21 	790   	1.05053 
INFO:gp:258	749   	0.872866	258	0.908072	0.595258 	749   	0.0486716	22.9824	258	33 	21 	749   	1.13579 
INFO:gp:259	758   	0.87533 	259	0.908072	0.634369 	758   	0.046725 	22.9091	259	29 	21 	758   	0.978031
INFO:gp:260	768   	0.872777	260	0.908074	0.478877 	768   	0.054332 	22.9492	260	35 	21 	768   	0.892763
INFO:gp:261	770   	0.872254	261	0.90811 	0.505785 	770   	0.0528479	22.9892	261	31 	21 	770   	0.862424
INFO:gp:262	772   	0.87337 	262	0.90811 	0.60313  	772   	0.0500916	23.002 	262	31 	21 	772   	0.829559
INFO:gp:263	790   	0.87313 	263	0.90811 	0.442945 	790   	0.0525853	23.0391	263	31 	21 	790   	0.71051 
INFO:gp:264	765   	0.872466	264	0.90811 	0.576439 	765   	0.0502442	23.0362	264	31 	21 	765   	0.735672
INFO:gp:265	785   	0.87375 	265	0.90811 	0.517816 	785   	0.0506882	23.0342	265	33 	21 	785   	0.663091
INFO:gp:266	768   	0.873299	266	0.908112	0.479123 	768   	0.0521936	23.0186	266	33 	21 	768   	0.61478 
INFO:gp:267	760   	0.875617	267	0.908122	0.532156 	760   	0.0495153	23.0577	267	31 	21 	760   	0.731632
INFO:gp:268	758   	0.874627	268	0.908122	0.420332 	758   	0.0531555	23.0616	268	35 	21 	758   	0.81597 
INFO:gp:269	785   	0.871639	269	0.908123	0.452225 	785   	0.0578218	23.0039	269	28 	19 	785   	0.51182 
INFO:gp:270	775   	0.873924	270	0.908123	0.633242 	775   	0.0484401	23.0518	270	29 	21 	775   	0.593426
INFO:gp:271	776   	0.873338	271	0.908128	0.488851 	776   	0.0523502	23.043 	271	29 	21 	776   	0.547015
INFO:gp:272	786   	0.869584	272	0.90813 	0.47919  	786   	0.0548463	23.0919	272	35 	21 	786   	0.735474
INFO:gp:273	758   	0.878007	273	0.908131	0.609052 	758   	0.046488 	23.1232	273	31 	21 	758   	0.683903
INFO:gp:274	762   	0.876639	274	0.908144	0.479191 	762   	0.0490814	23.2747	274	29 	23 	762   	0.825909
INFO:gp:275	783   	0.873688	275	0.908144	0.556055 	783   	0.0505008	23.3695	275	29 	21 	783   	0.906331
INFO:gp:276	789   	0.874142	276	0.908144	0.468195 	789   	0.0508593	23.4829	276	31 	23 	789   	1.03386 
INFO:gp:277	778   	0.874455	277	0.90816 	0.504761 	778   	0.0496052	23.6334	277	35 	23 	778   	1.13572 
INFO:gp:278	795   	0.873425	278	0.908178	0.418369 	795   	0.052845 	23.869 	278	31 	21 	795   	1.10648 
INFO:gp:279	797   	0.873455	279	0.908178	0.452051 	797   	0.0535966	24.1779	279	35 	21 	797   	1.28287 
INFO:gp:280	784   	0.870674	280	0.908194	0.42557  	784   	0.0579526	24.3812	280	33 	23 	784   	1.20577 
INFO:gp:281	763   	0.875126	281	0.908197	0.414522 	763   	0.0516843	24.263 	281	33 	21 	763   	1.3214  
INFO:gp:282	756   	0.874995	282	0.908212	0.53068  	756   	0.0504525	24.0606	282	35 	21 	756   	1.46388 
INFO:gp:283	770   	0.87307 	283	0.908214	0.478399 	770   	0.0543875	24.1701	283	31 	21 	770   	1.5882  
INFO:gp:284	781   	0.873253	284	0.90822 	0.468982 	781   	0.0551827	24.3783	284	39 	23 	781   	1.84931 
INFO:gp:285	757   	0.874471	285	0.90822 	0.470661 	757   	0.0540584	25.0772	285	33 	23 	757   	1.9422  
INFO:gp:286	751   	0.874857	286	0.908244	0.501464 	751   	0.0496532	26.2796	286	33 	23 	751   	1.96202 
INFO:gp:287	793   	0.875148	287	0.908266	0.544288 	793   	0.0479019	26.9521	287	35 	23 	793   	1.94817 
INFO:gp:288	760   	0.871986	288	0.908268	0.454115 	760   	0.0597161	27.0528	288	47 	23 	760   	2.11339 
INFO:gp:289	781   	0.870353	289	0.908281	0.506494 	781   	0.0552827	26.9003	289	35 	21 	781   	2.03244 
INFO:gp:290	779   	0.873102	290	0.908281	0.497488 	779   	0.050898 	26.9394	290	35 	23 	779   	2.08149 
INFO:gp:291	768   	0.873563	291	0.908281	0.57734  	768   	0.0525836	27.0606	291	51 	23 	768   	2.33094 
INFO:gp:292	773   	0.871152	292	0.908292	0.581059 	773   	0.0515243	27.1437	292	35 	23 	773   	2.3534  
INFO:gp:293	765   	0.875017	293	0.908292	0.576359 	765   	0.0501979	27.5816	293	39 	23 	765   	2.54863 
INFO:gp:294	741   	0.873815	294	0.908292	0.576753 	741   	0.0485965	28.9736	294	41 	23 	741   	3.00574 
INFO:gp:295	791   	0.871687	295	0.908303	0.552438 	791   	0.0504973	30.4761	295	51 	23 	791   	3.04305 
INFO:gp:296	762   	0.874559	296	0.908418	0.533637 	762   	0.0502291	31.2248	296	41 	23 	762   	2.65631 
INFO:gp:297	813   	0.873097	297	0.908418	0.440651 	813   	0.0521672	31.4076	297	41 	23 	813   	2.26085 
INFO:gp:298	748   	0.8759  	298	0.908459	0.503257 	748   	0.0496855	30.8543	298	41 	23 	748   	2.34746 
INFO:gp:299	771   	0.876024	299	0.908459	0.657054 	771   	0.0469377	31.0147	299	47 	25 	771   	2.83753 
INFO:gp:300	750   	0.874619	300	0.908479	0.506235 	750   	0.050574 	32.1349	300	47 	25 	750   	3.35361 
INFO:__main__:Saving model to file: checkpoints/embedded-gp.pth
INFO:util:Balanced Accuracy: 0.966667
INFO:util:Balanced Accuracy: 0.266667
INFO:__main__:No model found. Train from scratch.
INFO:gp:   	      	                                 fitness                                 	                      size                      
   	      	-------------------------------------------------------------------------	------------------------------------------------
gen	nevals	avg     	gen	max     	min      	nevals	std      	avg    	gen	max	min	nevals	std     
0  	1023  	0.154048	0  	0.281982	0.0780078	1023  	0.0363534	6.78592	0  	7  	3  	1023  	0.700591
INFO:gp:1  	787   	0.203176	1  	0.309304	0.104423 	787   	0.0279543	6.9306 	1  	12 	3  	787   	0.767161
INFO:gp:2  	756   	0.232591	2  	0.342526	0.122429 	756   	0.0278918	7.05963	2  	13 	3  	756   	0.872835
INFO:gp:3  	753   	0.259597	3  	0.365221	0.148126 	753   	0.0289651	7.18964	3  	13 	3  	753   	0.906806
INFO:gp:4  	767   	0.285285	4  	0.374657	0.143559 	767   	0.0300866	7.18475	4  	13 	3  	767   	0.936958
INFO:gp:5  	772   	0.30886 	5  	0.394044	0.186494 	772   	0.0296019	7.15347	5  	13 	4  	772   	0.793981
INFO:gp:6  	776   	0.327832	6  	0.406406	0.2118   	776   	0.031642 	7.10362	6  	13 	5  	776   	0.717752
INFO:gp:7  	773   	0.351147	7  	0.419378	0.20766  	773   	0.0304934	7.0567 	7  	13 	5  	773   	0.86685 
INFO:gp:8  	748   	0.371183	8  	0.425216	0.196668 	748   	0.0271049	6.77322	8  	13 	5  	748   	0.819714
INFO:gp:9  	795   	0.38914 	9  	0.461105	0.234169 	795   	0.0268088	6.78983	9  	14 	5  	795   	0.928433
INFO:gp:10 	771   	0.403069	10 	0.471524	0.189103 	771   	0.0247203	6.91496	10 	13 	5  	771   	1.18792 
INFO:gp:11 	774   	0.417662	11 	0.482501	0.257751 	774   	0.029509 	7.27273	11 	15 	5  	774   	1.16687 
INFO:gp:12 	778   	0.4403  	12 	0.502469	0.28828  	778   	0.0295581	7.21212	12 	13 	5  	778   	1.16102 
INFO:gp:13 	772   	0.456869	13 	0.502469	0.263415 	772   	0.0293719	7.19062	13 	14 	5  	772   	1.09822 
INFO:gp:14 	757   	0.467833	14 	0.522171	0.285187 	757   	0.0307925	7.45259	14 	14 	5  	757   	1.10692 
INFO:gp:15 	788   	0.476321	15 	0.551002	0.266675 	788   	0.0333471	7.25904	15 	13 	5  	788   	1.0796  
INFO:gp:16 	781   	0.482988	16 	0.551002	0.255476 	781   	0.036287 	7.18182	16 	14 	5  	781   	0.856338
INFO:gp:17 	747   	0.491913	17 	0.554511	0.292493 	747   	0.0359967	7.30108	17 	13 	6  	747   	0.847784
INFO:gp:18 	777   	0.501234	18 	0.579298	0.293333 	777   	0.0374646	7.28935	18 	13 	6  	777   	0.863258
INFO:gp:19 	768   	0.516802	19 	0.579298	0.304827 	768   	0.0343651	7.35093	19 	12 	6  	768   	0.735244
INFO:gp:20 	798   	0.530216	20 	0.582754	0.276607 	798   	0.039252 	7.19062	20 	13 	6  	798   	0.634485
INFO:gp:21 	786   	0.538088	21 	0.597832	0.309234 	786   	0.0401255	7.17693	21 	14 	6  	786   	0.751002
INFO:gp:22 	766   	0.551108	22 	0.597925	0.30968  	766   	0.0372824	7.21212	22 	14 	6  	766   	0.979242
INFO:gp:23 	767   	0.560343	23 	0.608341	0.30293  	767   	0.0408254	7.14761	23 	14 	6  	767   	0.810917
INFO:gp:24 	760   	0.567526	24 	0.608341	0.364026 	760   	0.0343568	7.1261 	24 	12 	6  	760   	0.689775
INFO:gp:25 	787   	0.572519	25 	0.611361	0.35753  	787   	0.0371449	7.17302	25 	13 	6  	787   	0.724097
INFO:gp:26 	745   	0.577402	26 	0.611361	0.282675 	745   	0.0450545	7.19062	26 	12 	6  	745   	0.646692
INFO:gp:27 	753   	0.586364	27 	0.632742	0.331716 	753   	0.0383866	7.26197	27 	13 	6  	753   	0.75023 
INFO:gp:28 	777   	0.591694	28 	0.633264	0.354989 	777   	0.0355705	7.54057	28 	13 	6  	777   	0.955545
INFO:gp:29 	789   	0.595189	29 	0.635657	0.385479 	789   	0.0346782	8.33138	29 	15 	6  	789   	1.19082 
INFO:gp:30 	794   	0.602178	30 	0.635657	0.361168 	794   	0.0372229	8.92962	30 	15 	6  	794   	1.13288 
INFO:gp:31 	761   	0.612081	31 	0.636098	0.379589 	761   	0.0369764	9.21896	31 	15 	6  	761   	1.15086 
INFO:gp:32 	774   	0.616431	32 	0.636098	0.393263 	774   	0.0350508	9.35093	32 	15 	6  	774   	1.0925  
INFO:gp:33 	765   	0.619789	33 	0.636328	0.416893 	765   	0.0322482	9.2043 	33 	15 	6  	765   	0.942274
INFO:gp:34 	788   	0.619927	34 	0.655236	0.366761 	788   	0.0336128	9.12121	34 	15 	5  	788   	0.846458
INFO:gp:35 	744   	0.61993 	35 	0.655236	0.304074 	744   	0.0349771	9.20723	35 	15 	6  	744   	1.06305 
INFO:gp:36 	749   	0.620442	36 	0.655236	0.352843 	749   	0.0369643	9.37439	36 	17 	7  	749   	1.27523 
INFO:gp:37 	747   	0.623025	37 	0.672183	0.408888 	747   	0.0353907	9.45748	37 	17 	6  	747   	1.32127 
INFO:gp:38 	756   	0.630802	38 	0.672183	0.326617 	756   	0.0370919	9.27859	38 	15 	5  	756   	1.02443 
INFO:gp:39 	781   	0.636633	39 	0.672183	0.360571 	781   	0.0376989	9.30401	39 	17 	7  	781   	0.99188 
INFO:gp:40 	764   	0.639931	40 	0.680763	0.359756 	764   	0.035688 	9.61681	40 	17 	7  	764   	1.37489 
INFO:gp:41 	779   	0.644624	41 	0.680763	0.35242  	779   	0.0357904	10.5024	41 	19 	6  	779   	1.83315 
INFO:gp:42 	796   	0.651413	42 	0.683361	0.426124 	796   	0.0375815	11.5425	42 	21 	7  	796   	1.6443  
INFO:gp:43 	746   	0.654775	43 	0.698763	0.403023 	746   	0.0348709	11.6217	43 	20 	9  	746   	1.32227 
INFO:gp:44 	774   	0.658659	44 	0.698763	0.376258 	774   	0.0326089	10.8543	44 	20 	9  	774   	1.64352 
INFO:gp:45 	764   	0.662096	45 	0.698764	0.404017 	764   	0.0369905	9.83578	45 	20 	8  	764   	1.52028 
INFO:gp:46 	773   	0.665616	46 	0.702496	0.415891 	773   	0.0362091	9.64712	46 	16 	9  	773   	1.29651 
INFO:gp:47 	772   	0.669627	47 	0.724823	0.407867 	772   	0.039687 	10.5836	47 	20 	9  	772   	1.67805 
INFO:gp:48 	772   	0.674205	48 	0.724823	0.40917  	772   	0.0440669	11.6999	48 	20 	7  	772   	1.50751 
INFO:gp:49 	775   	0.681283	49 	0.725758	0.452521 	775   	0.0360546	12.2414	49 	20 	9  	775   	1.45084 
INFO:gp:50 	800   	0.686461	50 	0.728677	0.42868  	800   	0.0378562	12.956 	50 	21 	9  	800   	1.68398 
INFO:gp:51 	761   	0.694636	51 	0.728677	0.407321 	761   	0.0390198	12.9482	51 	20 	9  	761   	1.56958 
INFO:gp:52 	774   	0.700029	52 	0.730368	0.400434 	774   	0.0429245	12.5494	52 	21 	9  	774   	1.48872 
INFO:gp:53 	753   	0.705274	53 	0.73262 	0.453512 	753   	0.0380779	12.998 	53 	21 	9  	753   	1.64254 
INFO:gp:54 	759   	0.707388	54 	0.73262 	0.431459 	759   	0.041199 	13.8162	54 	23 	9  	759   	1.77345 
INFO:gp:55 	754   	0.709165	55 	0.73262 	0.455396 	754   	0.0363624	13.7595	55 	23 	9  	754   	1.87457 
INFO:gp:56 	778   	0.707702	56 	0.73262 	0.459047 	778   	0.040058 	13.3216	56 	21 	9  	778   	1.85738 
INFO:gp:57 	762   	0.710679	57 	0.732956	0.458152 	762   	0.0407066	14.2463	57 	25 	9  	762   	1.78347 
INFO:gp:58 	765   	0.713717	58 	0.734752	0.405005 	765   	0.0380198	14.8534	58 	21 	9  	765   	1.06118 
INFO:gp:59 	766   	0.71182 	59 	0.734752	0.380434 	766   	0.0421769	14.8876	59 	25 	9  	766   	1.18893 
INFO:gp:60 	767   	0.710934	60 	0.735036	0.406199 	767   	0.0419424	14.6852	60 	23 	10 	767   	1.25243 
INFO:gp:61 	761   	0.711338	61 	0.735036	0.438029 	761   	0.0403952	14.5161	61 	25 	9  	761   	1.47494 
INFO:gp:62 	774   	0.712647	62 	0.735923	0.43578  	774   	0.0408732	14.7908	62 	25 	9  	774   	1.08362 
INFO:gp:63 	787   	0.713865	63 	0.735923	0.490092 	787   	0.037749 	14.9912	63 	20 	10 	787   	0.633784
INFO:gp:64 	786   	0.714455	64 	0.736264	0.410444 	786   	0.0383782	14.9814	64 	25 	10 	786   	0.778905
INFO:gp:65 	750   	0.714242	65 	0.736264	0.435748 	750   	0.0385   	15.0088	65 	23 	10 	750   	0.832456
INFO:gp:66 	751   	0.716716	66 	0.736264	0.41315  	751   	0.0379221	15.0264	66 	25 	10 	751   	0.84259 
INFO:gp:67 	785   	0.713713	67 	0.739626	0.409265 	785   	0.0409414	15.0068	67 	27 	10 	785   	0.846447
INFO:gp:68 	790   	0.714164	68 	0.739626	0.466724 	790   	0.0397714	14.9961	68 	25 	10 	790   	0.745127
INFO:gp:69 	767   	0.713759	69 	0.741018	0.463533 	767   	0.0440454	15.0117	69 	27 	10 	767   	0.837687
INFO:gp:70 	778   	0.715264	70 	0.742297	0.408215 	778   	0.0421384	15.086 	70 	23 	10 	778   	0.670879
INFO:gp:71 	781   	0.715064	71 	0.742297	0.384407 	781   	0.0444586	15.0723	71 	27 	10 	781   	0.848578
INFO:gp:72 	765   	0.71417 	72 	0.742397	0.391131 	765   	0.0460508	15.1378	72 	27 	10 	765   	0.997341
INFO:gp:73 	781   	0.71654 	73 	0.745066	0.44675  	781   	0.0454609	15.1329	73 	21 	10 	781   	0.849311
INFO:gp:74 	800   	0.71749 	74 	0.755625	0.443935 	800   	0.0437745	15.0196	74 	21 	10 	800   	0.659993
INFO:gp:75 	770   	0.720418	75 	0.755625	0.447267 	770   	0.0407272	14.9941	75 	25 	10 	770   	0.752945
INFO:gp:76 	767   	0.717867	76 	0.756097	0.466514 	767   	0.0467175	14.9951	76 	27 	10 	767   	0.719085
INFO:gp:77 	760   	0.72133 	77 	0.756751	0.442065 	760   	0.0447314	14.9883	77 	23 	10 	760   	0.819996
INFO:gp:78 	773   	0.724013	78 	0.757081	0.503331 	773   	0.042257 	14.9863	78 	27 	10 	773   	0.780886
INFO:gp:79 	767   	0.731844	79 	0.757081	0.406813 	767   	0.0397525	14.9668	79 	23 	10 	767   	0.660926
INFO:gp:80 	769   	0.733111	80 	0.757554	0.435038 	769   	0.0398979	15.0147	80 	27 	10 	769   	0.736415
INFO:gp:81 	797   	0.73015 	81 	0.757554	0.40601  	797   	0.0472522	14.9629	81 	21 	10 	797   	0.724241
INFO:gp:82 	756   	0.733606	82 	0.757554	0.514996 	756   	0.0419449	14.999 	82 	21 	10 	756   	0.73921 
INFO:gp:83 	767   	0.730966	83 	0.759113	0.408496 	767   	0.0496946	15.0147	83 	27 	10 	767   	0.830021
INFO:gp:84 	773   	0.732952	84 	0.76041 	0.459739 	773   	0.0397883	14.9775	84 	21 	10 	773   	0.9182  
INFO:gp:85 	776   	0.732758	85 	0.76041 	0.434497 	776   	0.0469388	15.0821	85 	25 	10 	776   	0.797787
INFO:gp:86 	788   	0.730199	86 	0.76064 	0.382395 	788   	0.0476118	15.1564	86 	23 	9  	788   	0.925883
INFO:gp:87 	782   	0.732124	87 	0.783697	0.436516 	782   	0.0459056	15.2121	87 	23 	10 	782   	0.957029
INFO:gp:88 	758   	0.735084	88 	0.783697	0.436866 	758   	0.041598 	15.0772	88 	23 	10 	758   	0.852172
INFO:gp:89 	751   	0.737012	89 	0.78534 	0.35714  	751   	0.0439384	14.956 	89 	21 	10 	751   	0.761372
INFO:gp:90 	790   	0.738138	90 	0.78534 	0.409711 	790   	0.045217 	14.8622	90 	21 	10 	790   	0.828126
INFO:gp:91 	771   	0.742914	91 	0.785613	0.436193 	771   	0.0473362	14.915 	91 	23 	10 	771   	0.80662 
INFO:gp:92 	775   	0.752544	92 	0.787925	0.407999 	775   	0.048841 	14.957 	92 	27 	10 	775   	0.964729
INFO:gp:93 	761   	0.757734	93 	0.787925	0.460084 	761   	0.0498543	15.0577	93 	23 	10 	761   	0.794407
INFO:gp:94 	780   	0.758804	94 	0.787925	0.458985 	780   	0.0474926	15.1789	94 	23 	10 	780   	0.929722
INFO:gp:95 	750   	0.759251	95 	0.792015	0.441047 	750   	0.0499905	15.2512	95 	25 	11 	750   	1.00265 
INFO:gp:96 	782   	0.762016	96 	0.792015	0.470987 	782   	0.0455526	15.2942	96 	27 	13 	782   	1.17835 
INFO:gp:97 	792   	0.758622	97 	0.792015	0.380379 	792   	0.0530153	15.2424	97 	25 	13 	792   	1.0648  
INFO:gp:98 	798   	0.764159	98 	0.795239	0.358136 	798   	0.0451481	15.2131	98 	23 	11 	798   	1.07014 
INFO:gp:99 	767   	0.76438 	99 	0.795239	0.462451 	767   	0.0455435	15.1574	99 	27 	10 	767   	1.13922 
INFO:gp:100	756   	0.764196	100	0.795239	0.459697 	756   	0.0476541	15.1202	100	23 	10 	756   	0.895416
INFO:gp:101	789   	0.763292	101	0.795239	0.414456 	789   	0.051622 	15.2336	101	23 	10 	789   	0.954059
INFO:gp:102	768   	0.766014	102	0.795764	0.416161 	768   	0.0479617	15.3803	102	27 	10 	768   	1.25415 
INFO:gp:103	758   	0.769022	103	0.795764	0.496771 	758   	0.0412491	15.3412	103	23 	13 	758   	1.17065 
INFO:gp:104	778   	0.769085	104	0.795764	0.467505 	778   	0.0461636	15.1105	104	21 	13 	778   	0.732247
INFO:gp:105	780   	0.766192	105	0.79638 	0.470065 	780   	0.0479145	15.1584	105	23 	10 	780   	0.918127
INFO:gp:106	811   	0.768511	106	0.79638 	0.444219 	811   	0.044837 	15.216 	106	23 	10 	811   	1.00208 
INFO:gp:107	760   	0.769031	107	0.79638 	0.471201 	760   	0.046055 	15.347 	107	25 	10 	760   	1.15969 
INFO:gp:108	760   	0.769097	108	0.79638 	0.466079 	760   	0.0440384	15.5191	108	25 	10 	760   	1.29492 
INFO:gp:109	761   	0.769066	109	0.79638 	0.434532 	761   	0.0463232	15.7458	109	23 	10 	761   	1.6443  
INFO:gp:110	767   	0.770677	110	0.796877	0.497611 	767   	0.0407272	15.7615	110	25 	10 	767   	1.86384 
INFO:gp:111	735   	0.770415	111	0.796877	0.475662 	735   	0.0428554	15.5415	111	23 	10 	735   	1.61675 
INFO:gp:112	768   	0.768047	112	0.796877	0.435068 	768   	0.0457974	15.4663	112	27 	10 	768   	1.69427 
INFO:gp:113	797   	0.769763	113	0.796895	0.473053 	797   	0.0433715	15.7107	113	27 	10 	797   	2.07399 
INFO:gp:114	771   	0.768781	114	0.796949	0.40811  	771   	0.04969  	15.4448	114	27 	10 	771   	1.71892 
INFO:gp:115	769   	0.771146	115	0.796949	0.447135 	769   	0.0431481	15.1769	115	27 	10 	769   	1.24551 
INFO:gp:116	782   	0.769647	116	0.796949	0.495331 	782   	0.0450146	15.1369	116	27 	10 	782   	1.16265 
INFO:gp:117	755   	0.769273	117	0.796972	0.469275 	755   	0.0477458	15.2512	117	27 	10 	755   	1.16751 
INFO:gp:118	769   	0.768058	118	0.797097	0.414168 	769   	0.0467419	15.2952	118	27 	11 	769   	1.05418 
INFO:gp:119	787   	0.769904	119	0.797097	0.529909 	787   	0.0440721	15.1857	119	27 	14 	787   	0.942487
INFO:gp:120	797   	0.767812	120	0.797097	0.466732 	797   	0.049073 	15.2864	120	23 	13 	797   	1.02036 
INFO:gp:121	776   	0.767855	121	0.797565	0.527079 	776   	0.0471244	15.6559	121	29 	14 	776   	1.25797 
INFO:gp:122	798   	0.772106	122	0.797565	0.472817 	798   	0.0466088	16.2933	122	23 	14 	798   	1.28911 
INFO:gp:123	766   	0.767767	123	0.797921	0.485977 	766   	0.0492748	16.8084	123	31 	14 	766   	1.10648 
INFO:gp:124	802   	0.770765	124	0.797921	0.469474 	802   	0.0445385	16.6598	124	29 	14 	802   	1.09991 
INFO:gp:125	757   	0.769575	125	0.797945	0.473802 	757   	0.0460493	16.3079	125	22 	14 	757   	1.15639 
INFO:gp:126	776   	0.770365	126	0.798001	0.490603 	776   	0.0472075	15.8201	126	25 	14 	776   	1.21207 
INFO:gp:127	776   	0.772482	127	0.798001	0.495479 	776   	0.0461712	15.9482	127	27 	13 	776   	1.25149 
INFO:gp:128	766   	0.768739	128	0.798001	0.468043 	766   	0.0473732	16.7126	128	25 	13 	766   	1.01673 
INFO:gp:129	747   	0.770662	129	0.798001	0.493576 	747   	0.0457501	16.9423	129	25 	10 	747   	0.847973
INFO:gp:130	775   	0.771601	130	0.79806 	0.576741 	775   	0.0397333	16.9932	130	29 	13 	775   	0.871484
INFO:gp:131	773   	0.769601	131	0.79806 	0.463132 	773   	0.0487433	17.0117	131	31 	14 	773   	0.923178
INFO:gp:132	766   	0.771351	132	0.82227 	0.441635 	766   	0.046362 	17.0323	132	25 	14 	766   	0.708788
INFO:gp:133	779   	0.769315	133	0.82227 	0.467409 	779   	0.0484127	17.13  	133	27 	14 	779   	0.880831
INFO:gp:134	760   	0.772242	134	0.822372	0.469371 	760   	0.0450934	17.2102	134	25 	14 	760   	0.943058
INFO:gp:135	792   	0.770899	135	0.822372	0.46599  	792   	0.0491313	17.2444	135	23 	14 	792   	0.972197
INFO:gp:136	756   	0.778326	136	0.822372	0.44771  	756   	0.0501279	17.1202	136	29 	14 	756   	0.901943
INFO:gp:137	778   	0.791268	137	0.822545	0.503144 	778   	0.0401689	17.0528	137	21 	14 	778   	0.511022
INFO:gp:138	763   	0.791943	138	0.822545	0.440751 	763   	0.0454641	17.085 	138	31 	13 	763   	0.793178
INFO:gp:139	774   	0.794037	139	0.822545	0.57574  	774   	0.0451662	17.131 	139	27 	13 	774   	0.829825
INFO:gp:140	740   	0.793861	140	0.822602	0.517808 	740   	0.0477523	17.3392	140	24 	13 	740   	0.958217
INFO:gp:141	774   	0.794036	141	0.822602	0.493779 	774   	0.0489859	17.8123	141	28 	13 	774   	1.23803 
INFO:gp:142	792   	0.792245	142	0.822657	0.470567 	792   	0.0505281	18.4438	142	26 	14 	792   	1.09407 
INFO:gp:143	770   	0.792003	143	0.822657	0.385789 	770   	0.0514522	18.7077	143	29 	15 	770   	0.965489
INFO:gp:144	778   	0.795556	144	0.822829	0.518509 	778   	0.045881 	18.6178	144	27 	17 	778   	1.04706 
INFO:gp:145	787   	0.791805	145	0.822859	0.443613 	787   	0.049075 	18.2659	145	25 	13 	787   	1.37414 
INFO:gp:146	742   	0.795044	146	0.822859	0.491403 	742   	0.0473109	17.9521	146	27 	14 	742   	1.33553 
INFO:gp:147	773   	0.794347	147	0.823631	0.492889 	773   	0.0466789	18.4027	147	31 	14 	773   	1.32503 
INFO:gp:148	757   	0.793691	148	0.826654	0.486856 	757   	0.0475723	18.3871	148	27 	15 	757   	1.01249 
INFO:gp:149	749   	0.79639 	149	0.826654	0.495553 	749   	0.0454247	18.2463	149	27 	15 	749   	0.995554
INFO:gp:150	779   	0.793852	150	0.826675	0.466083 	779   	0.0515303	18.0127	150	31 	17 	779   	0.961037
INFO:gp:151	773   	0.795613	151	0.826675	0.470998 	773   	0.0501743	17.7527	151	25 	14 	773   	0.871191
INFO:gp:152	785   	0.79936 	152	0.827605	0.520867 	785   	0.0429768	17.5171	152	31 	14 	785   	1.06919 
INFO:gp:153	790   	0.795825	153	0.827605	0.452319 	790   	0.0497046	17.2981	153	25 	17 	790   	0.824874
INFO:gp:154	769   	0.796221	154	0.827605	0.414003 	769   	0.0463353	17.2776	154	25 	17 	769   	0.860311
INFO:gp:155	776   	0.797244	155	0.827791	0.496067 	776   	0.0494983	17.3675	155	25 	17 	776   	0.859541
INFO:gp:156	763   	0.799848	156	0.82811 	0.418114 	763   	0.0466373	17.5914	156	27 	17 	763   	0.906803
INFO:gp:157	787   	0.795887	157	0.82811 	0.476364 	787   	0.0505643	17.7058	157	31 	15 	787   	1.08416 
INFO:gp:158	781   	0.797924	158	0.82811 	0.465914 	781   	0.0487581	17.7331	158	27 	17 	781   	1.10192 
INFO:gp:159	754   	0.800804	159	0.82811 	0.579981 	754   	0.0446522	17.9492	159	25 	15 	754   	1.15358 
INFO:gp:160	771   	0.799142	160	0.82811 	0.46822  	771   	0.0466653	17.8895	160	27 	16 	771   	1.11706 
INFO:gp:161	770   	0.80124 	161	0.828123	0.499044 	770   	0.0450794	17.9267	161	24 	15 	770   	1.06003 
INFO:gp:162	769   	0.79628 	162	0.828297	0.494125 	769   	0.051336 	18.1153	162	31 	17 	769   	1.11613 
INFO:gp:163	749   	0.798655	163	0.828297	0.435325 	749   	0.0490496	18.0499	163	27 	17 	749   	0.815573
INFO:gp:164	793   	0.794402	164	0.828297	0.448217 	793   	0.0539918	18.0362	164	26 	17 	793   	0.783294
INFO:gp:165	777   	0.800688	165	0.828297	0.441428 	777   	0.0461055	17.9032	165	25 	15 	777   	0.668682
INFO:gp:166	767   	0.79961 	166	0.828382	0.495273 	767   	0.0448394	17.7537	166	27 	15 	767   	0.885378
INFO:gp:167	772   	0.80006 	167	0.828681	0.496695 	772   	0.0452066	17.4702	167	26 	15 	772   	0.951842
INFO:gp:168	791   	0.796455	168	0.828828	0.500302 	791   	0.0482521	17.4477	168	25 	15 	791   	1.36674 
INFO:gp:169	745   	0.79911 	169	0.828828	0.470557 	745   	0.0463854	18.2268	169	31 	15 	745   	2.16463 
INFO:gp:170	767   	0.80044 	170	0.828828	0.551679 	767   	0.0442858	19.1584	170	28 	15 	767   	2.45872 
INFO:gp:171	771   	0.799391	171	0.829002	0.548774 	771   	0.0440152	19.2141	171	29 	15 	771   	2.49185 
INFO:gp:172	766   	0.801152	172	0.829002	0.524049 	766   	0.0440897	17.9941	172	29 	15 	766   	2.02718 
INFO:gp:173	762   	0.801342	173	0.829002	0.44529  	762   	0.0472026	17.4184	173	28 	15 	762   	1.32313 
INFO:gp:174	792   	0.797406	174	0.829002	0.493529 	792   	0.0493293	17.5239	174	31 	15 	792   	1.44199 
INFO:gp:175	769   	0.798731	175	0.829095	0.525749 	769   	0.0444378	18.0743	175	28 	15 	769   	1.6295  
INFO:gp:176	780   	0.801173	176	0.829095	0.526992 	780   	0.0454056	19.1026	176	28 	15 	780   	1.52728 
INFO:gp:177	760   	0.796687	177	0.829095	0.441515 	760   	0.0515411	19.7185	177	29 	17 	760   	1.161   
INFO:gp:178	787   	0.800866	178	0.829124	0.505544 	787   	0.0436513	19.8094	178	29 	15 	787   	1.11938 
INFO:gp:179	782   	0.799568	179	0.829124	0.525317 	782   	0.046493 	19.8211	179	29 	15 	782   	1.01613 
INFO:gp:180	761   	0.796958	180	0.829124	0.422562 	761   	0.0498617	19.827 	180	31 	17 	761   	1.00067 
INFO:gp:181	744   	0.803959	181	0.829124	0.470294 	744   	0.0436586	19.827 	181	26 	17 	744   	0.890031
INFO:gp:182	757   	0.800422	182	0.829124	0.364325 	757   	0.0464076	19.8504	182	25 	17 	757   	0.840168
INFO:gp:183	778   	0.801011	183	0.829124	0.505164 	778   	0.0443782	19.9091	183	27 	17 	778   	0.930921
INFO:gp:184	776   	0.799191	184	0.829124	0.531262 	776   	0.0466057	19.8954	184	26 	17 	776   	0.7896  
INFO:gp:185	783   	0.799447	185	0.829124	0.500172 	783   	0.0465013	19.9257	185	27 	17 	783   	0.859854
INFO:gp:186	781   	0.799771	186	0.829128	0.495214 	781   	0.0437076	19.9453	186	27 	17 	781   	0.795229
INFO:gp:187	798   	0.797491	187	0.829165	0.465616 	798   	0.0477773	19.956 	187	29 	16 	798   	0.735246
INFO:gp:188	783   	0.799347	188	0.829165	0.418418 	783   	0.0444455	19.9482	188	26 	17 	783   	0.79358 
INFO:gp:189	722   	0.800755	189	0.829165	0.472698 	722   	0.0482032	19.9883	189	31 	17 	722   	0.821188
INFO:gp:190	745   	0.801025	190	0.829165	0.468496 	745   	0.0439637	19.9619	190	26 	17 	745   	0.659922
INFO:gp:191	784   	0.796554	191	0.829165	0.474022 	784   	0.0492373	19.9804	191	27 	17 	784   	0.779508
INFO:gp:192	750   	0.80148 	192	0.829176	0.420591 	750   	0.0447841	19.9394	192	27 	17 	750   	0.640932
INFO:gp:193	770   	0.800639	193	0.829176	0.557768 	770   	0.0436945	19.9824	193	27 	17 	770   	0.696088
INFO:gp:194	778   	0.801756	194	0.829176	0.518597 	778   	0.0444409	19.9804	194	26 	17 	778   	0.704412
INFO:gp:195	780   	0.798682	195	0.829176	0.397611 	780   	0.0480737	20.0665	195	31 	17 	780   	1.01479 
INFO:gp:196	740   	0.801617	196	0.829176	0.528008 	740   	0.0442387	20.0205	196	29 	17 	740   	1.14985 
INFO:gp:197	746   	0.801171	197	0.829176	0.549527 	746   	0.0441536	19.8231	197	31 	17 	746   	1.71958 
INFO:gp:198	759   	0.802186	198	0.829176	0.505343 	759   	0.0441682	18.8915	198	27 	15 	759   	1.55353 
INFO:gp:199	748   	0.799024	199	0.829176	0.424716 	748   	0.0498854	18.3001	199	26 	17 	748   	0.935281
INFO:gp:200	775   	0.799818	200	0.829176	0.497663 	775   	0.0469066	18.2747	200	27 	17 	775   	0.926325
INFO:gp:201	777   	0.800521	201	0.829176	0.434199 	777   	0.047258 	18.2336	201	26 	17 	777   	0.797824
INFO:gp:202	755   	0.79725 	202	0.829176	0.443568 	755   	0.0514595	18.2463	202	26 	17 	755   	0.824789
INFO:gp:203	794   	0.796726	203	0.829176	0.466182 	794   	0.0488768	18.2326	203	26 	15 	794   	0.829932
INFO:gp:204	796   	0.799152	204	0.829176	0.464984 	796   	0.0470037	18.2414	204	27 	17 	796   	0.876188
INFO:gp:205	765   	0.798086	205	0.829176	0.450137 	765   	0.0492217	18.2326	205	26 	17 	765   	0.884663
INFO:gp:206	773   	0.800537	206	0.829176	0.524061 	773   	0.0481243	18.2678	206	27 	15 	773   	0.99491 
INFO:gp:207	756   	0.800348	207	0.829176	0.505343 	756   	0.0443084	18.2512	207	29 	17 	756   	0.946484
INFO:gp:208	756   	0.800486	208	0.829176	0.532528 	756   	0.043373 	18.2268	208	27 	17 	756   	0.845543
INFO:gp:209	770   	0.803929	209	0.829176	0.582545 	770   	0.0411282	18.2454	209	26 	17 	770   	0.887303
INFO:gp:210	770   	0.800352	210	0.829176	0.531287 	770   	0.0480187	18.218 	210	27 	16 	770   	0.830968
INFO:gp:211	783   	0.798777	211	0.829176	0.449763 	783   	0.0492233	18.2326	211	27 	17 	783   	0.922527
INFO:gp:212	783   	0.801205	212	0.829176	0.505343 	783   	0.0450228	18.2278	212	31 	17 	783   	0.960578
INFO:gp:213	765   	0.800463	213	0.829176	0.465636 	765   	0.0464155	18.176 	213	26 	17 	765   	0.711811
INFO:gp:214	749   	0.801185	214	0.829176	0.47744  	749   	0.0464044	18.2297	214	27 	17 	749   	0.924848
INFO:gp:215	741   	0.799844	215	0.829176	0.503225 	741   	0.0478222	18.219 	215	27 	17 	741   	0.872605
INFO:gp:216	774   	0.802777	216	0.829176	0.498372 	774   	0.0430165	18.2033	216	26 	17 	774   	0.825846
INFO:gp:217	784   	0.800898	217	0.829176	0.446231 	784   	0.0471308	18.2199	217	27 	15 	784   	0.859376
INFO:gp:218	772   	0.798975	218	0.829176	0.474427 	772   	0.0505632	18.2483	218	26 	17 	772   	0.926916
INFO:gp:219	763   	0.800222	219	0.829176	0.527841 	763   	0.0465401	18.1984	219	27 	17 	763   	0.797551
INFO:gp:220	798   	0.798533	220	0.829176	0.558166 	798   	0.04747  	18.2278	220	31 	17 	798   	0.87762 
INFO:gp:221	797   	0.799023	221	0.829176	0.573682 	797   	0.0472901	18.2063	221	27 	15 	797   	0.820962
INFO:gp:222	775   	0.799356	222	0.829176	0.499026 	775   	0.0483799	18.1994	222	27 	17 	775   	0.793004
INFO:gp:223	771   	0.799361	223	0.829176	0.425429 	771   	0.0499893	18.2121	223	26 	17 	771   	0.792789
INFO:gp:224	762   	0.801921	224	0.829176	0.552591 	762   	0.0435387	18.1877	224	26 	15 	762   	0.741168
INFO:gp:225	757   	0.801053	225	0.829176	0.526327 	757   	0.0443532	18.1984	225	27 	15 	757   	0.829984
INFO:gp:226	785   	0.797084	226	0.829176	0.497048 	785   	0.0517755	18.2336	226	26 	17 	785   	0.902458
INFO:gp:227	777   	0.803093	227	0.829176	0.505569 	777   	0.0431909	18.2082	227	26 	17 	777   	0.840478
INFO:gp:228	744   	0.800756	228	0.829176	0.44681  	744   	0.0486952	18.1848	228	26 	17 	744   	0.758195
INFO:gp:229	785   	0.798456	229	0.829176	0.470432 	785   	0.0470302	18.2239	229	26 	17 	785   	0.903852
INFO:gp:230	775   	0.796942	230	0.829176	0.449163 	775   	0.0538067	18.2346	230	26 	17 	775   	0.899492
INFO:gp:231	767   	0.801059	231	0.829176	0.49977  	767   	0.0451823	18.2258	231	26 	17 	767   	0.905527
INFO:gp:232	793   	0.797216	232	0.829176	0.470952 	793   	0.0490869	18.1994	232	26 	17 	793   	0.820866
INFO:gp:233	810   	0.79875 	233	0.829234	0.502885 	810   	0.0445651	18.2444	233	29 	17 	810   	0.963105
INFO:gp:234	782   	0.797954	234	0.847987	0.523102 	782   	0.0488694	18.2248	234	26 	17 	782   	0.883369
INFO:gp:235	778   	0.797924	235	0.847987	0.451153 	778   	0.0491131	18.2092	235	27 	17 	778   	0.831464
INFO:gp:236	770   	0.800563	236	0.847987	0.531249 	770   	0.0450057	18.217 	236	26 	15 	770   	0.829458
INFO:gp:237	752   	0.802078	237	0.847987	0.525416 	752   	0.0464144	18.1935	237	26 	17 	752   	0.787039
INFO:gp:238	767   	0.806811	238	0.848008	0.466101 	767   	0.0463687	18.1965	238	27 	15 	767   	0.89175 
INFO:gp:239	773   	0.811228	239	0.848283	0.516885 	773   	0.0514492	18.1329	239	26 	17 	773   	0.72783 
INFO:gp:240	755   	0.817453	240	0.848283	0.498128 	755   	0.0473663	18.1398	240	27 	17 	755   	0.812302
INFO:gp:241	777   	0.814252	241	0.848283	0.573473 	777   	0.049706 	18.045 	241	25 	17 	777   	0.59151 
INFO:gp:242	757   	0.81372 	242	0.848461	0.547924 	757   	0.0545235	18.0684	242	27 	17 	757   	0.743305
INFO:gp:243	760   	0.815029	243	0.848461	0.495049 	760   	0.0513515	18.0362	243	27 	17 	760   	0.621905
INFO:gp:244	788   	0.815596	244	0.848461	0.407531 	788   	0.0493527	18.0303	244	25 	17 	788   	0.700552
INFO:gp:245	796   	0.815392	245	0.848461	0.525657 	796   	0.0500667	18.0342	245	27 	17 	796   	0.696172
INFO:gp:246	754   	0.814879	246	0.848756	0.488522 	754   	0.0533608	18.0587	246	25 	17 	754   	0.688178
INFO:gp:247	751   	0.819206	247	0.848756	0.503189 	751   	0.0482151	18.0459	247	23 	17 	751   	0.58395 
INFO:gp:248	772   	0.818311	248	0.849167	0.520352 	772   	0.0488086	18.0684	248	29 	17 	772   	0.760209
INFO:gp:249	791   	0.81763 	249	0.849167	0.443344 	791   	0.0484613	18.0694	249	29 	17 	791   	0.741239
INFO:gp:250	772   	0.816752	250	0.84925 	0.469279 	772   	0.0518621	18.0587	250	31 	17 	772   	0.730886
INFO:gp:251	771   	0.81567 	251	0.84925 	0.498325 	771   	0.0520406	18.0499	251	27 	17 	771   	0.614629
INFO:gp:252	786   	0.816918	252	0.84925 	0.496479 	786   	0.0506557	18.0674	252	25 	17 	786   	0.641011
INFO:gp:253	738   	0.818361	253	0.849555	0.552017 	738   	0.0492273	18.0655	253	25 	15 	738   	0.559825
INFO:gp:254	796   	0.81572 	254	0.849555	0.442882 	796   	0.0528513	18.0987	254	27 	17 	796   	0.689984
INFO:gp:255	780   	0.817143	255	0.849555	0.576843 	780   	0.0486123	18.1036	255	27 	17 	780   	0.719113
INFO:gp:256	758   	0.813784	256	0.849555	0.361793 	758   	0.0549714	18.1105	256	31 	17 	758   	0.945493
INFO:gp:257	757   	0.818889	257	0.849897	0.500993 	757   	0.0509394	18.0987	257	31 	17 	757   	0.828989
INFO:gp:258	791   	0.818323	258	0.849897	0.50038  	791   	0.0493203	18.0919	258	27 	15 	791   	0.748647
INFO:gp:259	786   	0.812603	259	0.850194	0.49907  	786   	0.0554439	18.0811	259	31 	17 	786   	0.725372
INFO:gp:260	794   	0.816575	260	0.850266	0.523469 	794   	0.0510664	18.0489	260	23 	17 	794   	0.517113
INFO:gp:261	767   	0.817073	261	0.850266	0.472351 	767   	0.053231 	18.0489	261	25 	17 	767   	0.572723
INFO:gp:262	774   	0.814382	262	0.8506  	0.437563 	774   	0.0544829	18.0645	262	24 	17 	774   	0.59465 
INFO:gp:263	766   	0.815998	263	0.8506  	0.50018  	766   	0.0529195	18.0626	263	25 	17 	766   	0.578193
INFO:gp:264	778   	0.818033	264	0.8506  	0.468739 	778   	0.0516065	18.1144	264	28 	17 	778   	0.812668
INFO:gp:265	767   	0.81952 	265	0.8506  	0.470818 	767   	0.0470989	18.1378	265	23 	17 	767   	0.728934
INFO:gp:266	776   	0.819591	266	0.850775	0.465395 	776   	0.0505975	18.1701	266	24 	17 	776   	0.781259
INFO:gp:267	753   	0.818397	267	0.850944	0.538707 	753   	0.0498685	18.1486	267	31 	17 	753   	0.879558
INFO:gp:268	791   	0.81767 	268	0.850944	0.440741 	791   	0.0532867	18.087 	268	25 	17 	791   	0.678721
INFO:gp:269	767   	0.819356	269	0.851203	0.416031 	767   	0.0504057	18.0841	269	24 	17 	767   	0.619629
INFO:gp:270	786   	0.818607	270	0.851203	0.332445 	786   	0.0500196	18.1662	270	29 	17 	786   	0.869686
INFO:gp:271	774   	0.819698	271	0.851333	0.421216 	774   	0.0506285	18.2473	271	31 	17 	774   	0.827455
INFO:gp:272	780   	0.820871	272	0.851333	0.579574 	780   	0.0475752	18.4897	272	31 	17 	780   	0.823436
INFO:gp:273	809   	0.815857	273	0.851333	0.366367 	809   	0.0571971	18.7537	273	27 	17 	809   	0.830694
INFO:gp:274	805   	0.816262	274	0.851413	0.393023 	805   	0.0522669	18.5885	274	25 	17 	805   	0.761836
INFO:gp:275	765   	0.818019	275	0.851566	0.440967 	765   	0.0547953	18.3079	275	29 	17 	765   	0.908312
INFO:gp:276	783   	0.821382	276	0.851592	0.573497 	783   	0.0479083	18.0997	276	23 	17 	783   	0.594723
INFO:gp:277	755   	0.818516	277	0.851592	0.497137 	755   	0.0532512	18.1065	277	31 	17 	755   	0.817326
INFO:gp:278	762   	0.819157	278	0.851592	0.50034  	762   	0.0518783	18.0733	278	25 	17 	762   	0.664342
INFO:gp:279	780   	0.81672 	279	0.851592	0.462528 	780   	0.0530327	18.086 	279	31 	11 	780   	0.829815
INFO:gp:280	794   	0.818783	280	0.851592	0.529924 	794   	0.0488131	18.045 	280	25 	17 	794   	0.492298
INFO:gp:281	786   	0.81869 	281	0.851592	0.3618   	786   	0.0539306	18.0264	281	23 	17 	786   	0.419802
INFO:gp:282	762   	0.822034	282	0.851592	0.555113 	762   	0.0474816	18.0723	282	25 	17 	762   	0.644282
INFO:gp:283	783   	0.818665	283	0.851592	0.493659 	783   	0.0516816	18.0704	283	29 	17 	783   	0.739166
INFO:gp:284	792   	0.820056	284	0.851601	0.536571 	792   	0.049818 	18.0655	284	31 	17 	792   	0.742912
INFO:gp:285	807   	0.82188 	285	0.851601	0.529365 	807   	0.0459023	18.0997	285	27 	17 	807   	0.715579
INFO:gp:286	785   	0.817463	286	0.851601	0.554866 	785   	0.0513789	18.3128	286	24 	17 	785   	1.19133 
INFO:gp:287	775   	0.822775	287	0.851601	0.499959 	775   	0.0472284	18.8641	287	26 	17 	775   	1.91105 
INFO:gp:288	779   	0.818564	288	0.851601	0.487967 	779   	0.0525296	20.1095	288	29 	17 	779   	2.50781 
INFO:gp:289	784   	0.820112	289	0.851668	0.558453 	784   	0.0520971	21.6295	289	31 	17 	784   	2.31333 
INFO:gp:290	782   	0.820924	290	0.851668	0.529549 	782   	0.0496052	22.4594	290	31 	17 	782   	1.66796 
INFO:gp:291	757   	0.81963 	291	0.851668	0.490606 	757   	0.051119 	22.5406	291	28 	17 	757   	1.61858 
INFO:gp:292	802   	0.819522	292	0.851668	0.474329 	802   	0.0481016	22.5767	292	35 	17 	802   	1.58738 
INFO:gp:293	776   	0.820538	293	0.851668	0.381952 	776   	0.0522756	22.5894	293	29 	17 	776   	1.47563 
INFO:gp:294	787   	0.820202	294	0.851668	0.473728 	787   	0.05293  	22.5787	294	31 	17 	787   	1.56308 
INFO:gp:295	781   	0.82123 	295	0.851668	0.44606  	781   	0.0480483	22.5875	295	28 	17 	781   	1.47044 
INFO:gp:296	758   	0.820916	296	0.851668	0.494493 	758   	0.0504384	22.6706	296	29 	17 	758   	1.4211  
INFO:gp:297	770   	0.819394	297	0.851668	0.420528 	770   	0.0514153	22.653 	297	31 	17 	770   	1.48298 
INFO:gp:298	763   	0.819684	298	0.851673	0.55858  	763   	0.0492644	22.6422	298	28 	17 	763   	1.40973 
INFO:gp:299	764   	0.818605	299	0.851673	0.497512 	764   	0.0510059	22.694 	299	31 	17 	764   	1.48345 
INFO:gp:300	781   	0.821704	300	0.851673	0.501481 	781   	0.0480192	22.6794	300	31 	17 	781   	1.42346 
INFO:__main__:Saving model to file: checkpoints/embedded-gp.pth
INFO:util:Balanced Accuracy: 0.900000
INFO:util:Balanced Accuracy: 0.133333
INFO:__main__:No model found. Train from scratch.
INFO:gp:   	      	                                 fitness                                 	                      size                      
   	      	-------------------------------------------------------------------------	------------------------------------------------
gen	nevals	avg     	gen	max     	min      	nevals	std      	avg    	gen	max	min	nevals	std     
0  	1023  	0.154771	0  	0.285469	0.0881775	1023  	0.0330844	6.78592	0  	7  	3  	1023  	0.700591
INFO:gp:1  	783   	0.1995  	1  	0.317624	0.110153 	783   	0.0270816	6.84066	1  	13 	3  	783   	1.02225 
INFO:gp:2  	773   	0.231128	2  	0.317624	0.113586 	773   	0.0268592	6.88368	2  	13 	3  	773   	1.12518 
INFO:gp:3  	781   	0.257071	3  	0.346213	0.129656 	781   	0.0288502	7.04692	3  	13 	3  	781   	0.904938
INFO:gp:4  	777   	0.280227	4  	0.347854	0.124593 	777   	0.0267306	7.13392	4  	13 	4  	777   	0.920417
INFO:gp:5  	747   	0.299459	5  	0.371653	0.161331 	747   	0.027269 	7.26295	5  	13 	4  	747   	1.07685 
INFO:gp:6  	789   	0.31366 	6  	0.382704	0.177357 	789   	0.0284852	7.22092	6  	12 	3  	789   	1.101   
INFO:gp:7  	774   	0.328626	7  	0.422716	0.150434 	774   	0.0295021	7.22972	7  	13 	4  	774   	1.0925  
INFO:gp:8  	758   	0.342652	8  	0.422957	0.205351 	758   	0.0300886	7.02933	8  	13 	4  	758   	0.880505
INFO:gp:9  	782   	0.35911 	9  	0.448696	0.212892 	782   	0.0313944	7.17107	9  	13 	4  	782   	1.02227 
INFO:gp:10 	787   	0.376057	10 	0.448696	0.245333 	787   	0.031879 	7.37341	10 	13 	4  	787   	1.46759 
INFO:gp:11 	749   	0.396579	11 	0.479884	0.234135 	749   	0.0313623	7.69697	11 	13 	5  	749   	2.1366  
INFO:gp:12 	755   	0.409743	12 	0.479884	0.288772 	755   	0.029415 	8.21994	12 	15 	5  	755   	2.67231 
INFO:gp:13 	787   	0.422248	13 	0.506034	0.263209 	787   	0.0306949	7.54057	13 	17 	5  	787   	2.31618 
INFO:gp:14 	783   	0.436382	14 	0.506034	0.2635   	783   	0.0300873	6.97361	14 	17 	4  	783   	1.82689 
INFO:gp:15 	788   	0.445997	15 	0.515294	0.295648 	788   	0.0313783	7.03421	15 	13 	4  	788   	1.4231  
INFO:gp:16 	773   	0.459936	16 	0.53117 	0.271309 	773   	0.033814 	6.94428	16 	13 	4  	773   	1.02263 
INFO:gp:17 	764   	0.474112	17 	0.562868	0.289314 	764   	0.035219 	7.05474	17 	15 	5  	764   	0.912032
INFO:gp:18 	787   	0.491476	18 	0.562868	0.313412 	787   	0.033758 	7.0176 	18 	13 	5  	787   	0.88414 
INFO:gp:19 	763   	0.504381	19 	0.590244	0.240026 	763   	0.0346576	7.00782	19 	13 	5  	763   	0.974723
INFO:gp:20 	773   	0.518849	20 	0.590244	0.296941 	773   	0.0346478	6.8915 	20 	13 	5  	773   	1.20805 
INFO:gp:21 	783   	0.529404	21 	0.590462	0.341654 	783   	0.0367287	6.54448	21 	15 	5  	783   	1.42788 
INFO:gp:22 	741   	0.54203 	22 	0.590783	0.340284 	741   	0.0353679	6.44673	22 	15 	5  	741   	1.78372 
INFO:gp:23 	773   	0.551431	23 	0.614054	0.297056 	773   	0.035123 	6.16129	23 	13 	5  	773   	1.76874 
INFO:gp:24 	767   	0.563165	24 	0.615152	0.348944 	767   	0.0348832	5.99804	24 	15 	5  	767   	1.70159 
INFO:gp:25 	759   	0.569087	25 	0.615511	0.296545 	759   	0.0369888	5.92278	25 	15 	5  	759   	1.52621 
INFO:gp:26 	763   	0.573891	26 	0.618737	0.344952 	763   	0.0378831	5.78592	26 	13 	5  	763   	1.3643  
INFO:gp:27 	766   	0.585216	27 	0.619511	0.349342 	766   	0.0353078	5.74878	27 	13 	5  	766   	1.41021 
INFO:gp:28 	764   	0.593775	28 	0.620723	0.352423 	764   	0.036671 	5.55816	28 	11 	3  	764   	1.26626 
INFO:gp:29 	783   	0.595291	29 	0.622713	0.393525 	783   	0.0359153	5.49853	29 	11 	3  	783   	1.07388 
INFO:gp:30 	797   	0.595577	30 	0.623871	0.377369 	797   	0.0356414	5.44379	30 	11 	3  	797   	1.03531 
INFO:gp:31 	782   	0.599629	31 	0.624326	0.40648  	782   	0.0335361	5.44379	31 	11 	5  	782   	1.10208 
INFO:gp:32 	781   	0.599854	32 	0.624326	0.379627 	781   	0.0349292	5.48778	32 	11 	3  	781   	1.1409  
INFO:gp:33 	776   	0.601643	33 	0.643879	0.399686 	776   	0.0340129	5.66667	33 	11 	5  	776   	1.43184 
INFO:gp:34 	783   	0.601665	34 	0.643879	0.349258 	783   	0.0359148	6.26295	34 	11 	5  	783   	1.82635 
INFO:gp:35 	776   	0.603619	35 	0.645115	0.450394 	776   	0.0328598	6.86119	35 	15 	5  	776   	2.02001 
INFO:gp:36 	774   	0.603373	36 	0.645115	0.40106  	774   	0.0358454	6.52297	36 	15 	5  	774   	1.98016 
INFO:gp:37 	768   	0.606672	37 	0.64649 	0.375484 	768   	0.0377807	6.31183	37 	15 	3  	768   	1.85799 
INFO:gp:38 	771   	0.61758 	38 	0.647267	0.375257 	771   	0.0362197	6.08993	38 	15 	3  	771   	1.71296 
INFO:gp:39 	771   	0.620016	39 	0.649649	0.37679  	771   	0.0403539	5.84946	39 	15 	3  	771   	1.38305 
INFO:gp:40 	769   	0.624129	40 	0.649649	0.401532 	769   	0.0361513	5.86119	40 	11 	5  	769   	1.18984 
INFO:gp:41 	784   	0.622967	41 	0.649649	0.290083 	784   	0.0400116	6.05376	41 	15 	5  	784   	1.31984 
INFO:gp:42 	774   	0.626772	42 	0.650651	0.37568  	774   	0.0359717	6.07136	42 	11 	4  	774   	1.26992 
INFO:gp:43 	755   	0.627372	43 	0.650964	0.357632 	755   	0.0403725	6.19746	43 	11 	4  	755   	1.35134 
INFO:gp:44 	763   	0.625683	44 	0.651322	0.349567 	763   	0.0413533	6.70088	44 	12 	4  	763   	1.39138 
INFO:gp:45 	774   	0.625944	45 	0.675457	0.325251 	774   	0.0423273	7.14956	45 	14 	5  	774   	1.30946 
INFO:gp:46 	761   	0.628748	46 	0.676137	0.3553   	761   	0.0396265	7.22581	46 	14 	5  	761   	1.2072  
INFO:gp:47 	759   	0.630141	47 	0.678421	0.386066 	759   	0.0400874	7.40567	47 	14 	4  	759   	1.07338 
INFO:gp:48 	788   	0.630639	48 	0.68303 	0.383757 	788   	0.043452 	7.45259	48 	14 	4  	788   	1.22353 
INFO:gp:49 	765   	0.637205	49 	0.68303 	0.407601 	765   	0.0446086	6.79374	49 	14 	4  	765   	1.46095 
INFO:gp:50 	769   	0.648782	50 	0.68303 	0.343705 	769   	0.048891 	6.34018	50 	11 	4  	769   	1.44891 
INFO:gp:51 	789   	0.655618	51 	0.686135	0.297117 	789   	0.0432999	6.84457	51 	14 	4  	789   	1.44576 
INFO:gp:52 	769   	0.65628 	52 	0.686135	0.376648 	769   	0.0466287	7.47116	52 	14 	4  	769   	1.07532 
INFO:gp:53 	765   	0.656901	53 	0.686135	0.356619 	765   	0.0455239	7.39296	53 	14 	5  	765   	0.999525
INFO:gp:54 	780   	0.657888	54 	0.686135	0.38345  	780   	0.0407848	7.62757	54 	13 	6  	780   	1.30983 
INFO:gp:55 	778   	0.658575	55 	0.686148	0.410283 	778   	0.0436855	8.21017	55 	15 	7  	778   	1.70613 
INFO:gp:56 	774   	0.660261	56 	0.686348	0.310477 	774   	0.0453175	8.11144	56 	17 	6  	774   	1.74563 
INFO:gp:57 	782   	0.659055	57 	0.686902	0.440032 	782   	0.0446942	7.5826 	57 	17 	7  	782   	1.32011 
INFO:gp:58 	778   	0.660259	58 	0.711021	0.386983 	778   	0.0450606	7.73509	58 	14 	5  	778   	1.27277 
INFO:gp:59 	775   	0.66147 	59 	0.711021	0.38789  	775   	0.0423334	8.47703	59 	15 	7  	775   	1.66242 
INFO:gp:60 	786   	0.660902	60 	0.712964	0.411326 	786   	0.043692 	9.10948	60 	16 	7  	786   	1.91606 
INFO:gp:61 	769   	0.661325	61 	0.712964	0.310529 	769   	0.0489508	9.26393	61 	17 	5  	769   	1.91019 
INFO:gp:62 	784   	0.669431	62 	0.713121	0.412704 	784   	0.0490329	9.49365	62 	16 	5  	784   	1.67253 
INFO:gp:63 	779   	0.678149	63 	0.713152	0.329519 	779   	0.0506465	9.19159	63 	15 	7  	779   	1.00946 
INFO:gp:64 	771   	0.686074	64 	0.738368	0.384053 	771   	0.0465501	9.13685	64 	15 	7  	771   	0.763821
INFO:gp:65 	787   	0.683062	65 	0.738368	0.362109 	787   	0.0486774	9.07722	65 	13 	5  	787   	0.786556
INFO:gp:66 	774   	0.685472	66 	0.738596	0.420694 	774   	0.0469785	8.95992	66 	15 	5  	774   	0.938665
INFO:gp:67 	782   	0.686101	67 	0.740039	0.309615 	782   	0.0500582	8.88661	67 	17 	5  	782   	1.26261 
INFO:gp:68 	783   	0.691628	68 	0.740039	0.447158 	783   	0.0481121	9.30499	68 	17 	5  	783   	1.61701 
INFO:gp:69 	777   	0.701652	69 	0.757847	0.366126 	777   	0.0519929	10.2835	69 	17 	5  	777   	1.58863 
INFO:gp:70 	763   	0.708827	70 	0.757847	0.404113 	763   	0.0519656	10.7693	70 	21 	5  	763   	1.27674 
INFO:gp:71 	783   	0.709609	71 	0.757847	0.384353 	783   	0.0529601	10.5005	71 	17 	9  	783   	1.60027 
INFO:gp:72 	782   	0.709762	72 	0.759025	0.466147 	782   	0.0524744	9.9609 	72 	17 	9  	782   	1.50932 
INFO:gp:73 	773   	0.713745	73 	0.759839	0.419104 	773   	0.0546575	10.1369	73 	17 	9  	773   	1.34798 
INFO:gp:74 	788   	0.717623	74 	0.760729	0.408551 	788   	0.059026 	10.8671	74 	17 	9  	788   	1.22371 
INFO:gp:75 	721   	0.727708	75 	0.763386	0.462782 	721   	0.0526671	11.1965	75 	19 	9  	721   	1.13313 
INFO:gp:76 	776   	0.72378 	76 	0.763386	0.33324  	776   	0.0597927	11.2864	76 	25 	9  	776   	1.19998 
INFO:gp:77 	790   	0.720232	77 	0.763386	0.349768 	790   	0.0639893	11.2981	77 	19 	9  	790   	1.22377 
INFO:gp:78 	785   	0.718573	78 	0.764955	0.382081 	785   	0.0627294	11.2268	78 	23 	9  	785   	1.24174 
INFO:gp:79 	779   	0.724755	79 	0.765265	0.409284 	779   	0.0584071	11.2063	79 	17 	9  	779   	1.24492 
INFO:gp:80 	745   	0.722404	80 	0.765265	0.410555 	745   	0.0664615	11.0987	80 	17 	9  	745   	1.2704  
INFO:gp:81 	746   	0.727867	81 	0.765291	0.415343 	746   	0.0624602	11.0489	81 	19 	9  	746   	1.38754 
INFO:gp:82 	782   	0.723174	82 	0.767055	0.359948 	782   	0.0649955	10.9326	82 	17 	9  	782   	1.75541 
INFO:gp:83 	792   	0.725057	83 	0.767055	0.412413 	792   	0.0626932	10.739 	83 	19 	9  	792   	1.66539 
INFO:gp:84 	786   	0.728329	84 	0.767055	0.414713 	786   	0.0597679	11.1183	84 	21 	9  	786   	1.6344  
INFO:gp:85 	796   	0.728753	85 	0.767057	0.410048 	796   	0.0612935	11.4555	85 	19 	9  	796   	1.86225 
INFO:gp:86 	767   	0.724564	86 	0.767373	0.412895 	767   	0.0653137	11.7136	86 	19 	9  	767   	2.24916 
INFO:gp:87 	768   	0.72511 	87 	0.767373	0.382954 	768   	0.0677063	11.8387	87 	23 	9  	768   	2.25335 
INFO:gp:88 	762   	0.730936	88 	0.793881	0.415103 	762   	0.0595575	12.0665	88 	23 	9  	762   	2.16916 
INFO:gp:89 	796   	0.728186	89 	0.793881	0.417203 	796   	0.0580488	12.4106	89 	23 	9  	796   	2.32702 
INFO:gp:90 	772   	0.725907	90 	0.793881	0.411285 	772   	0.0645709	13.3402	90 	25 	9  	772   	2.75412 
INFO:gp:91 	781   	0.733431	91 	0.793881	0.415882 	781   	0.0645429	14.2698	91 	21 	9  	781   	3.08902 
INFO:gp:92 	752   	0.737171	92 	0.794397	0.363983 	752   	0.0670003	13.7331	92 	21 	9  	752   	3.27378 
INFO:gp:93 	765   	0.742752	93 	0.794541	0.409585 	765   	0.0742998	12.1124	93 	21 	9  	765   	2.695   
INFO:gp:94 	764   	0.749697	94 	0.7946  	0.361441 	764   	0.0692036	11.5406	94 	21 	9  	764   	2.10154 
INFO:gp:95 	760   	0.753761	95 	0.794911	0.41317  	760   	0.0667112	12.1535	95 	23 	9  	760   	2.99281 
INFO:gp:96 	782   	0.751351	96 	0.794911	0.417451 	782   	0.0678204	13.5572	96 	29 	9  	782   	3.95656 
INFO:gp:97 	777   	0.752372	97 	0.794919	0.417221 	777   	0.0680401	14.955 	97 	27 	9  	777   	4.11135 
INFO:gp:98 	773   	0.746866	98 	0.795398	0.408252 	773   	0.0709982	14.9824	98 	27 	9  	773   	3.69456 
INFO:gp:99 	809   	0.750888	99 	0.795398	0.416866 	809   	0.0690813	14.0264	99 	35 	9  	809   	3.63999 
INFO:gp:100	756   	0.757302	100	0.795398	0.414629 	756   	0.0607814	14.6031	100	27 	9  	756   	4.00938 
INFO:gp:101	767   	0.753925	101	0.795486	0.413904 	767   	0.0666818	16.0127	101	25 	9  	767   	3.91439 
INFO:gp:102	769   	0.753927	102	0.79557 	0.410634 	769   	0.0657253	15.1984	102	33 	9  	769   	4.14152 
INFO:gp:103	776   	0.75461 	103	0.795729	0.417211 	776   	0.0657556	13.1437	103	33 	9  	776   	3.99827 
INFO:gp:104	778   	0.751418	104	0.795793	0.312144 	778   	0.0693549	12.0469	104	33 	9  	778   	3.65733 
INFO:gp:105	760   	0.750951	105	0.796468	0.354245 	760   	0.0684665	12.6716	105	33 	9  	760   	3.67066 
INFO:gp:106	804   	0.746054	106	0.796477	0.417689 	804   	0.0703372	13.5357	106	33 	9  	804   	3.32008 
INFO:gp:107	772   	0.755328	107	0.796477	0.433976 	772   	0.0624864	14.3607	107	33 	9  	772   	2.68151 
INFO:gp:108	769   	0.753429	108	0.796614	0.385856 	769   	0.0660272	14.3412	108	33 	9  	769   	2.33046 
INFO:gp:109	785   	0.752656	109	0.796657	0.415807 	785   	0.0673346	14.5816	109	33 	9  	785   	2.23955 
INFO:gp:110	738   	0.75457 	110	0.796831	0.416914 	738   	0.0655153	15.2199	110	26 	9  	738   	2.09955 
INFO:gp:111	780   	0.753037	111	0.796831	0.417887 	780   	0.070275 	15.8035	111	24 	9  	780   	2.40509 
INFO:gp:112	765   	0.756739	112	0.796831	0.355615 	765   	0.0668125	15.956 	112	24 	9  	765   	3.4999  
INFO:gp:113	770   	0.752688	113	0.79693 	0.364826 	770   	0.0704398	15.6041	113	24 	9  	770   	4.60594 
INFO:gp:114	786   	0.755625	114	0.797073	0.365594 	786   	0.0672839	14.5513	114	28 	9  	786   	4.79624 
INFO:gp:115	797   	0.753866	115	0.797073	0.411649 	797   	0.0692225	14.6051	115	28 	9  	797   	3.52819 
INFO:gp:116	787   	0.754433	116	0.797073	0.438047 	787   	0.0636512	15.8358	116	28 	9  	787   	2.24597 
INFO:gp:117	797   	0.757203	117	0.797073	0.417887 	797   	0.0638277	16.1808	117	28 	9  	797   	1.71747 
INFO:gp:118	757   	0.755071	118	0.797086	0.415799 	757   	0.0660399	16.2737	118	28 	9  	757   	1.58665 
INFO:gp:119	772   	0.756503	119	0.797105	0.442117 	772   	0.066457 	16.3539	119	28 	9  	772   	1.38766 
INFO:gp:120	775   	0.755126	120	0.797116	0.412848 	775   	0.0657277	16.2346	120	26 	9  	775   	1.29428 
INFO:gp:121	778   	0.75969 	121	0.797116	0.46663  	778   	0.0602668	16.1329	121	26 	9  	778   	1.08031 
INFO:gp:122	770   	0.758343	122	0.797117	0.415425 	770   	0.0612203	16.2893	122	26 	10 	770   	1.28163 
INFO:gp:123	766   	0.758569	123	0.797117	0.409729 	766   	0.0631754	16.7703	123	26 	13 	766   	1.69497 
INFO:gp:124	756   	0.756184	124	0.797125	0.442112 	756   	0.0648826	17.8563	124	26 	13 	756   	2.09498 
INFO:gp:125	731   	0.760357	125	0.797126	0.447801 	731   	0.0635429	18.8456	125	32 	13 	731   	1.95642 
INFO:gp:126	755   	0.757956	126	0.797149	0.414565 	755   	0.0641258	18.999 	126	32 	13 	755   	1.88398 
INFO:gp:127	769   	0.756019	127	0.797149	0.41536  	769   	0.065026 	18.5836	127	30 	13 	769   	2.05701 
INFO:gp:128	767   	0.756677	128	0.797149	0.448383 	767   	0.063062 	18.4585	128	32 	13 	767   	2.12833 
INFO:gp:129	780   	0.761355	129	0.797149	0.440397 	780   	0.0572215	19.0508	129	32 	13 	780   	2.08972 
INFO:gp:130	782   	0.754413	130	0.797308	0.41356  	782   	0.0661092	19.6041	130	32 	11 	782   	1.79732 
INFO:gp:131	773   	0.761957	131	0.797308	0.365367 	773   	0.0590026	19.8231	131	32 	13 	773   	1.66998 
INFO:gp:132	762   	0.756422	132	0.797308	0.412256 	762   	0.0637831	19.7967	132	32 	13 	762   	1.60147 
INFO:gp:133	781   	0.756659	133	0.797311	0.366048 	781   	0.0639296	20.0371	133	32 	13 	781   	1.67804 
INFO:gp:134	784   	0.753501	134	0.797369	0.41311  	784   	0.0655838	20.2854	134	32 	13 	784   	1.728   
INFO:gp:135	791   	0.755648	135	0.797383	0.41768  	791   	0.063863 	20.7801	135	34 	13 	791   	2.15606 
INFO:gp:136	757   	0.762029	136	0.797402	0.445363 	757   	0.0556362	21.7009	136	34 	13 	757   	2.35145 
INFO:gp:137	797   	0.755737	137	0.797662	0.41768  	797   	0.0635791	22.3509	137	32 	13 	797   	2.48062 
INFO:gp:138	766   	0.758427	138	0.797662	0.441863 	766   	0.0640586	22.2317	138	32 	13 	766   	2.8412  
INFO:gp:139	776   	0.760647	139	0.797662	0.386618 	776   	0.0627193	22.0489	139	28 	13 	776   	3.46911 
INFO:gp:140	760   	0.758079	140	0.797757	0.389668 	760   	0.0647723	22.4154	140	30 	13 	760   	3.87039 
INFO:gp:141	764   	0.760203	141	0.797757	0.41355  	764   	0.0611486	22.9326	141	30 	9  	764   	3.6782  
INFO:gp:142	771   	0.763524	142	0.79779 	0.416102 	771   	0.055208 	23.7625	142	30 	13 	771   	2.74268 
INFO:gp:143	775   	0.756097	143	0.79779 	0.420376 	775   	0.0656743	23.9531	143	30 	13 	775   	1.94392 
INFO:gp:144	772   	0.757622	144	0.79779 	0.388247 	772   	0.0619056	23.9247	144	32 	13 	772   	1.40423 
INFO:gp:145	765   	0.759676	145	0.797861	0.445226 	765   	0.0609896	23.9081	145	40 	13 	765   	1.52956 
INFO:gp:146	754   	0.761312	146	0.797931	0.421841 	754   	0.0613546	23.8739	146	40 	13 	754   	1.24698 
INFO:gp:147	786   	0.756892	147	0.797931	0.440752 	786   	0.0647131	23.8328	147	33 	9  	786   	1.14809 
INFO:gp:148	762   	0.760531	148	0.797936	0.412549 	762   	0.0593076	23.7781	148	32 	9  	762   	1.49898 
INFO:gp:149	790   	0.758886	149	0.797936	0.417749 	790   	0.0654788	23.8729	149	31 	13 	790   	1.52191 
INFO:gp:150	772   	0.75987 	150	0.798035	0.445049 	772   	0.0604733	24.2991	150	28 	13 	772   	1.80107 
INFO:gp:151	755   	0.759761	151	0.798111	0.442527 	755   	0.0595017	25.089 	151	30 	13 	755   	1.62246 
INFO:gp:152	786   	0.759591	152	0.798111	0.414085 	786   	0.0601339	25.3275	152	29 	13 	786   	1.76622 
INFO:gp:153	772   	0.757948	153	0.798111	0.41595  	772   	0.0639447	25.2864	153	32 	13 	772   	1.28267 
INFO:gp:154	768   	0.756903	154	0.798111	0.411412 	768   	0.0649297	25.3021	154	34 	13 	768   	1.36771 
INFO:gp:155	790   	0.757832	155	0.798224	0.412813 	790   	0.065515 	25.5279	155	30 	13 	790   	1.48796 
INFO:gp:156	779   	0.760273	156	0.798224	0.44036  	779   	0.0594773	25.7898	156	28 	13 	779   	1.37134 
INFO:gp:157	752   	0.75991 	157	0.798465	0.412432 	752   	0.0618437	25.9091	157	32 	13 	752   	0.958853
INFO:gp:158	766   	0.757879	158	0.798465	0.418195 	766   	0.0644178	25.8739	158	34 	13 	766   	1.16847 
INFO:gp:159	754   	0.760275	159	0.798465	0.442749 	754   	0.0618589	25.8817	159	34 	13 	754   	1.28328 
INFO:gp:160	763   	0.75993 	160	0.798465	0.445036 	763   	0.0580371	25.9208	160	28 	13 	763   	0.927787
INFO:gp:161	753   	0.754224	161	0.798465	0.418195 	753   	0.0693542	25.8475	161	36 	13 	753   	1.35931 
INFO:gp:162	796   	0.756704	162	0.798582	0.443995 	796   	0.0650894	25.9296	162	34 	13 	796   	1.05329 
INFO:gp:163	758   	0.758001	163	0.798582	0.442213 	758   	0.0629107	25.9003	163	30 	13 	758   	1.0657  
INFO:gp:164	753   	0.757224	164	0.798941	0.438454 	753   	0.0648886	25.8974	164	30 	13 	753   	1.38354 
INFO:gp:165	773   	0.761557	165	0.798941	0.423571 	773   	0.0613107	26.1007	165	32 	13 	773   	1.06331 
INFO:gp:166	785   	0.757541	166	0.798941	0.392854 	785   	0.0657716	26.3255	166	30 	11 	785   	1.34644 
INFO:gp:167	759   	0.758379	167	0.799312	0.44161  	759   	0.0644754	26.7996	167	30 	13 	759   	1.42177 
INFO:gp:168	803   	0.758799	168	0.799312	0.407734 	803   	0.0652986	27.1388	168	31 	13 	803   	1.4659  
INFO:gp:169	765   	0.756669	169	0.799392	0.417065 	765   	0.066246 	26.9189	169	36 	15 	765   	1.38497 
INFO:gp:170	737   	0.761725	170	0.800036	0.465972 	737   	0.0614335	26.5973	170	36 	13 	737   	1.40731 
INFO:gp:171	787   	0.76009 	171	0.800036	0.441003 	787   	0.0636624	26.6422	171	46 	14 	787   	1.59638 
INFO:gp:172	791   	0.760156	172	0.800481	0.418109 	791   	0.0595692	27.0215	172	46 	13 	791   	1.88722 
INFO:gp:173	784   	0.758978	173	0.800994	0.393091 	784   	0.0625974	27.4018	173	34 	13 	784   	1.60518 
INFO:gp:174	786   	0.759475	174	0.801262	0.394323 	786   	0.0633978	27.5171	174	38 	13 	786   	1.54801 
INFO:gp:175	782   	0.761284	175	0.801689	0.416072 	782   	0.0626691	27.4379	175	46 	13 	782   	2.01893 
INFO:gp:176	780   	0.758863	176	0.802032	0.425224 	780   	0.062646 	27.6237	176	30 	13 	780   	1.58503 
INFO:gp:177	803   	0.760105	177	0.826906	0.436731 	803   	0.061531 	27.6774	177	33 	13 	803   	1.2473  
INFO:gp:178	770   	0.762123	178	0.826906	0.426732 	770   	0.0614839	27.4907	178	36 	13 	770   	1.61725 
INFO:gp:179	776   	0.762553	179	0.827025	0.425041 	776   	0.0654433	27.3148	179	34 	13 	776   	1.51714 
INFO:gp:180	759   	0.767098	180	0.827025	0.377463 	759   	0.0628092	27.5181	180	38 	15 	759   	1.41953 
INFO:gp:181	755   	0.770026	181	0.827025	0.421861 	755   	0.0665792	27.6931	181	32 	13 	755   	1.37127 
INFO:gp:182	786   	0.7791  	182	0.827027	0.370685 	786   	0.07004  	27.7664	182	33 	13 	786   	1.60618 
INFO:gp:183	790   	0.782798	183	0.827027	0.394223 	790   	0.0668103	27.7576	183	30 	9  	790   	1.5763  
INFO:gp:184	750   	0.782687	184	0.827027	0.473376 	750   	0.0690619	27.8456	184	32 	13 	750   	1.18379 
INFO:gp:185	771   	0.786506	185	0.827224	0.311754 	771   	0.0652524	27.8446	185	30 	13 	771   	1.19558 
INFO:gp:186	762   	0.781447	186	0.827366	0.417655 	762   	0.0715699	27.8964	186	48 	13 	762   	1.28645 
INFO:gp:187	756   	0.78592 	187	0.82745 	0.419466 	756   	0.0676109	27.8612	187	48 	13 	756   	1.21343 
INFO:gp:188	778   	0.781148	188	0.82745 	0.440481 	778   	0.0724622	27.6921	188	48 	12 	778   	1.99853 
INFO:gp:189	790   	0.778406	189	0.828392	0.376338 	790   	0.0767068	27.3949	189	36 	13 	790   	1.48187 
INFO:gp:190	770   	0.782861	190	0.828392	0.419787 	770   	0.0713326	27.0645	190	33 	13 	770   	1.53096 
INFO:gp:191	769   	0.781347	191	0.828392	0.420124 	769   	0.0743297	26.8074	191	38 	13 	769   	1.63271 
INFO:gp:192	770   	0.780269	192	0.828392	0.368075 	770   	0.0764612	26.8397	192	30 	13 	770   	1.73451 
INFO:gp:193	806   	0.778729	193	0.828392	0.366913 	806   	0.0746584	27.2385	193	30 	13 	806   	1.85174 
INFO:gp:194	788   	0.780625	194	0.828588	0.421586 	788   	0.0712391	27.6109	194	48 	13 	788   	1.64467 
INFO:gp:195	763   	0.784417	195	0.828657	0.471731 	763   	0.0673334	27.7761	195	31 	13 	763   	1.33299 
INFO:gp:196	779   	0.781566	196	0.828657	0.44639  	779   	0.0721447	27.8162	196	38 	13 	779   	1.50381 
INFO:gp:197	777   	0.78223 	197	0.828871	0.443554 	777   	0.0689002	27.8485	197	34 	13 	777   	1.31445 
INFO:gp:198	767   	0.785047	198	0.829094	0.391992 	767   	0.0676267	27.826 	198	30 	13 	767   	1.37817 
INFO:gp:199	761   	0.776971	199	0.829094	0.471018 	761   	0.0740131	27.8416	199	32 	13 	761   	1.35214 
INFO:gp:200	785   	0.783535	200	0.829094	0.42429  	785   	0.0694867	27.8856	200	38 	13 	785   	1.22439 
INFO:gp:201	767   	0.782322	201	0.829094	0.471311 	767   	0.0702904	27.8397	201	32 	13 	767   	1.17055 
INFO:gp:202	762   	0.778884	202	0.829114	0.366763 	762   	0.0750125	27.7967	202	32 	13 	762   	1.31749 
INFO:gp:203	780   	0.783724	203	0.829114	0.445823 	780   	0.0667738	27.8847	203	32 	18 	780   	0.896604
INFO:gp:204	786   	0.781012	204	0.829407	0.443042 	786   	0.0758299	27.9101	204	34 	13 	786   	0.968581
INFO:gp:205	768   	0.78828 	205	0.829407	0.414824 	768   	0.0659857	27.868 	205	31 	18 	768   	1.11297 
INFO:gp:206	771   	0.781342	206	0.829407	0.443555 	771   	0.073408 	27.8729	206	33 	9  	771   	1.15363 
INFO:gp:207	798   	0.781273	207	0.829407	0.423814 	798   	0.0714586	27.8573	207	38 	18 	798   	1.18196 
INFO:gp:208	791   	0.783035	208	0.829407	0.447499 	791   	0.0715538	27.8485	208	31 	18 	791   	1.13915 
INFO:gp:209	781   	0.781406	209	0.82943 	0.388573 	781   	0.0717861	27.8827	209	34 	18 	781   	1.10889 
INFO:gp:210	776   	0.787818	210	0.829709	0.447947 	776   	0.0639952	27.8651	210	36 	18 	776   	1.17042 
INFO:gp:211	749   	0.789214	211	0.829709	0.448518 	749   	0.0649022	27.8935	211	33 	18 	749   	0.915483
INFO:gp:212	775   	0.782056	212	0.829709	0.423915 	775   	0.072195 	27.8817	212	38 	13 	775   	1.07613 
INFO:gp:213	777   	0.783109	213	0.829709	0.418394 	777   	0.0719338	27.8534	213	48 	13 	777   	1.2467  
INFO:gp:214	780   	0.785512	214	0.829715	0.412746 	780   	0.0687584	27.7937	214	33 	11 	780   	1.07194 
INFO:gp:215	752   	0.789058	215	0.829759	0.438649 	752   	0.0653568	27.6872	215	32 	17 	752   	1.15804 
INFO:gp:216	802   	0.784451	216	0.829759	0.425714 	802   	0.0686503	27.6931	216	32 	18 	802   	1.08018 
INFO:gp:217	782   	0.782285	217	0.830135	0.418498 	782   	0.0700474	27.7879	217	30 	18 	782   	1.11287 
INFO:gp:218	786   	0.785736	218	0.830135	0.412465 	786   	0.068841 	27.8719	218	33 	13 	786   	1.12478 
INFO:gp:219	768   	0.785441	219	0.83022 	0.420865 	768   	0.0691575	27.8583	219	34 	18 	768   	1.1481  
INFO:gp:220	775   	0.780729	220	0.83022 	0.415556 	775   	0.0732221	27.9159	220	38 	15 	775   	1.36238 
INFO:gp:221	767   	0.785015	221	0.83022 	0.422187 	767   	0.0674857	28.0293	221	38 	16 	767   	1.31356 
INFO:gp:222	750   	0.782236	222	0.83022 	0.421729 	750   	0.0744184	28.1369	222	34 	16 	750   	1.75889 
INFO:gp:223	769   	0.782996	223	0.83022 	0.443125 	769   	0.0725791	28.6422	223	32 	16 	769   	1.84731 
INFO:gp:224	758   	0.788378	224	0.830245	0.448289 	758   	0.0672236	29.2473	224	34 	16 	758   	1.68323 
INFO:gp:225	780   	0.785407	225	0.830245	0.442595 	780   	0.0710423	29.6295	225	32 	16 	780   	1.35296 
INFO:gp:226	764   	0.784029	226	0.830245	0.443899 	764   	0.0726606	29.7947	226	36 	18 	764   	1.19255 
INFO:gp:227	766   	0.785014	227	0.830245	0.445108 	766   	0.0699481	29.8583	227	34 	18 	766   	0.926659
INFO:gp:228	785   	0.785591	228	0.830245	0.392004 	785   	0.0688679	29.828 	228	36 	16 	785   	1.19125 
INFO:gp:229	736   	0.788216	229	0.830419	0.447886 	736   	0.069534 	29.8651	229	38 	16 	736   	1.11481 
INFO:gp:230	788   	0.787377	230	0.830419	0.421518 	788   	0.0677914	29.9511	230	42 	16 	788   	0.961404
INFO:gp:231	788   	0.787187	231	0.830442	0.445831 	788   	0.0681355	29.9501	231	40 	16 	788   	1.24059 
INFO:gp:232	763   	0.786129	232	0.830442	0.443726 	763   	0.0687909	30.0909	232	38 	16 	763   	1.51065 
INFO:gp:233	757   	0.785548	233	0.830442	0.441912 	757   	0.0707094	30.52  	233	38 	16 	757   	1.44611 
INFO:gp:234	782   	0.785562	234	0.83045 	0.472054 	782   	0.0691936	31.0489	234	36 	16 	782   	1.51872 
INFO:gp:235	767   	0.785025	235	0.83045 	0.389574 	767   	0.0719248	31.5415	235	38 	16 	767   	1.33455 
INFO:gp:236	786   	0.786254	236	0.830515	0.376347 	786   	0.0703689	31.694 	236	38 	16 	786   	1.29788 
INFO:gp:237	787   	0.787926	237	0.830515	0.470372 	787   	0.0665331	31.7292	237	36 	16 	787   	1.33894 
INFO:gp:238	768   	0.787963	238	0.830515	0.420142 	768   	0.0670229	31.8231	238	34 	18 	768   	1.04023 
INFO:gp:239	772   	0.785005	239	0.830822	0.441346 	772   	0.0714177	31.8602	239	36 	16 	772   	1.06624 
INFO:gp:240	767   	0.78826 	240	0.830968	0.362966 	767   	0.0671808	31.824 	240	44 	16 	767   	1.5888  
INFO:gp:241	758   	0.784344	241	0.830968	0.397388 	758   	0.0707589	31.8964	241	38 	16 	758   	1.07719 
INFO:gp:242	759   	0.785032	242	0.830968	0.467289 	759   	0.0718242	31.9247	242	42 	18 	759   	1.0469  
INFO:gp:243	771   	0.787869	243	0.830968	0.450061 	771   	0.071463 	31.9042	243	33 	18 	771   	0.946575
INFO:gp:244	750   	0.787785	244	0.830968	0.409929 	750   	0.0686071	31.9062	244	35 	18 	750   	0.940555
INFO:gp:245	774   	0.785761	245	0.830968	0.444606 	774   	0.0705777	31.8895	245	46 	18 	774   	1.27404 
INFO:gp:246	768   	0.784226	246	0.831527	0.392313 	768   	0.070999 	31.8798	246	37 	15 	768   	1.21098 
INFO:gp:247	805   	0.783641	247	0.831527	0.427948 	805   	0.0715524	31.9013	247	34 	16 	805   	0.91636 
INFO:gp:248	768   	0.789195	248	0.831531	0.47387  	768   	0.0626751	31.8563	248	34 	16 	768   	1.29887 
INFO:gp:249	782   	0.782558	249	0.831531	0.357207 	782   	0.0742319	31.9003	249	56 	18 	782   	1.40723 
INFO:gp:250	788   	0.781166	250	0.831534	0.385978 	788   	0.0715274	31.8895	250	34 	16 	788   	1.0568  
INFO:gp:251	775   	0.783488	251	0.831539	0.370892 	775   	0.0724854	31.8495	251	38 	18 	775   	1.35448 
INFO:gp:252	759   	0.788365	252	0.831539	0.416976 	759   	0.0705486	31.8436	252	36 	18 	759   	1.28491 
INFO:gp:253	749   	0.785206	253	0.831549	0.450316 	749   	0.0706503	31.9101	253	34 	16 	749   	0.980617
INFO:gp:254	781   	0.783032	254	0.831576	0.447524 	781   	0.071821 	31.9531	254	38 	18 	781   	0.738382
INFO:gp:255	776   	0.78452 	255	0.831576	0.470859 	776   	0.0714986	31.869 	255	36 	16 	776   	1.20379 
INFO:gp:256	753   	0.783398	256	0.831576	0.443276 	753   	0.0766912	31.8905	256	34 	16 	753   	1.07751 
INFO:gp:257	808   	0.780158	257	0.831576	0.443826 	808   	0.0770518	31.8935	257	36 	16 	808   	1.04418 
INFO:gp:258	783   	0.787608	258	0.831576	0.423596 	783   	0.0664264	31.8377	258	46 	16 	783   	1.54726 
INFO:gp:259	791   	0.784271	259	0.831576	0.446042 	791   	0.0706992	31.8631	259	34 	16 	791   	1.22008 
INFO:gp:260	786   	0.780529	260	0.831576	0.42272  	786   	0.0740503	31.8319	260	38 	16 	786   	1.52755 
INFO:gp:261	784   	0.783888	261	0.831576	0.424617 	784   	0.0684664	31.8759	261	38 	16 	784   	1.26198 
INFO:gp:262	798   	0.784921	262	0.831581	0.45146  	798   	0.07281  	31.8495	262	34 	16 	798   	1.35737 
INFO:gp:263	778   	0.782261	263	0.831581	0.443759 	778   	0.0724165	31.87  	263	36 	13 	778   	1.29806 
INFO:gp:264	752   	0.782144	264	0.831581	0.41779  	752   	0.077603 	31.9013	264	38 	16 	752   	1.25647 
INFO:gp:265	766   	0.782649	265	0.831583	0.345436 	766   	0.0733118	31.8729	265	44 	16 	766   	1.36836 
INFO:gp:266	757   	0.788653	266	0.831583	0.421779 	757   	0.0701567	31.8837	266	44 	16 	757   	1.30835 
INFO:gp:267	764   	0.785723	267	0.831594	0.423161 	764   	0.0727604	31.9189	267	46 	16 	764   	1.27164 
INFO:gp:268	776   	0.785394	268	0.831594	0.422948 	776   	0.0698875	31.9052	268	38 	16 	776   	1.15969 
INFO:gp:269	788   	0.782506	269	0.831595	0.342386 	788   	0.0740271	31.9052	269	38 	16 	788   	1.12893 
INFO:gp:270	785   	0.780117	270	0.831595	0.3461   	785   	0.0747917	31.9453	270	34 	26 	785   	0.49724 
INFO:gp:271	757   	0.785408	271	0.831599	0.446439 	757   	0.0736832	31.8495	271	56 	16 	757   	1.65583 
INFO:gp:272	769   	0.784985	272	0.831604	0.418915 	769   	0.0731594	31.8446	272	36 	16 	769   	1.3456  
INFO:gp:273	797   	0.784024	273	0.831604	0.418955 	797   	0.0724066	31.8485	273	36 	16 	797   	1.41888 
INFO:gp:274	776   	0.785822	274	0.831604	0.454456 	776   	0.0716714	31.8583	274	34 	16 	776   	1.28927 
INFO:gp:275	758   	0.786404	275	0.831605	0.448967 	758   	0.0695479	31.9326	275	38 	16 	758   	0.8179  
INFO:gp:276	754   	0.784468	276	0.831605	0.37345  	754   	0.0713848	31.8798	276	42 	16 	754   	1.27162 
INFO:gp:277	790   	0.787594	277	0.831605	0.421087 	790   	0.0709512	31.8583	277	34 	16 	790   	1.20946 
INFO:gp:278	796   	0.785154	278	0.831605	0.447771 	796   	0.0712861	31.9013	278	44 	16 	796   	1.18603 
INFO:gp:279	765   	0.787335	279	0.831605	0.424125 	765   	0.0699408	31.913 	279	32 	16 	765   	0.837336
INFO:gp:280	770   	0.787706	280	0.831605	0.450548 	770   	0.0696285	31.8592	280	46 	16 	770   	1.49215 
INFO:gp:281	777   	0.784441	281	0.831612	0.446731 	777   	0.0724691	31.9022	281	36 	16 	777   	0.968832
INFO:gp:282	767   	0.791425	282	0.831612	0.397924 	767   	0.0650954	31.8847	282	38 	16 	767   	1.11437 
INFO:gp:283	785   	0.779822	283	0.831617	0.400314 	785   	0.079067 	31.8573	283	32 	16 	785   	1.31655 
INFO:gp:284	780   	0.787321	284	0.831617	0.424195 	780   	0.0681522	31.9599	284	34 	22 	780   	0.467263
INFO:gp:285	777   	0.785643	285	0.831617	0.39651  	777   	0.0733098	31.869 	285	34 	16 	777   	1.1608  
INFO:gp:286	788   	0.78695 	286	0.831617	0.446827 	788   	0.067374 	31.8768	286	42 	16 	788   	1.32812 
INFO:gp:287	796   	0.783821	287	0.831617	0.448641 	796   	0.0735797	31.912 	287	38 	18 	796   	0.911575
INFO:gp:288	772   	0.781448	288	0.831617	0.397411 	772   	0.0773742	31.8641	288	38 	16 	772   	1.26078 
INFO:gp:289	786   	0.783515	289	0.831617	0.392489 	786   	0.0744608	31.9071	289	42 	18 	786   	1.01993 
INFO:gp:290	793   	0.785506	290	0.831617	0.423156 	793   	0.0726736	31.9052	290	40 	20 	793   	1.08478 
INFO:gp:291	779   	0.780834	291	0.831617	0.39871  	779   	0.0766198	31.825 	291	38 	16 	779   	1.41687 
INFO:gp:292	786   	0.790745	292	0.831617	0.443084 	786   	0.065885 	31.8612	292	42 	16 	786   	1.24446 
INFO:gp:293	794   	0.78628 	293	0.833442	0.387578 	794   	0.0718013	31.8964	293	34 	22 	794   	0.884877
INFO:gp:294	789   	0.787016	294	0.833442	0.425412 	789   	0.0690777	31.8915	294	36 	22 	789   	0.963131
INFO:gp:295	757   	0.789134	295	0.833442	0.41825  	757   	0.0702179	31.8504	295	34 	16 	757   	1.17738 
INFO:gp:296	762   	0.787246	296	0.833442	0.446989 	762   	0.0700643	31.8993	296	34 	22 	762   	0.819263
INFO:gp:297	788   	0.787623	297	0.833537	0.44929  	788   	0.0692609	31.8895	297	37 	20 	788   	1.02296 
INFO:gp:298	789   	0.78695 	298	0.833545	0.430793 	789   	0.0706167	31.8837	298	46 	20 	789   	1.24244 
INFO:gp:299	781   	0.786891	299	0.834076	0.420773 	781   	0.0718319	31.8426	299	35 	16 	781   	1.21801 
INFO:gp:300	805   	0.794191	300	0.834265	0.456714 	805   	0.0648644	31.8788	300	34 	16 	805   	1.0607  
INFO:__main__:Saving model to file: checkpoints/embedded-gp.pth
INFO:util:Balanced Accuracy: 0.866667
INFO:util:Balanced Accuracy: 0.066667
