INFO:train:Epoch 1/100 	Train Loss: 5.4532, Train Acc: 0.1800	 Val Loss: 8.0397, Val Acc: 0.1538
INFO:train:Epoch 2/100 	Train Loss: 6.6904, Train Acc: 0.1900	 Val Loss: 7.5116, Val Acc: 0.1538
INFO:train:Epoch 3/100 	Train Loss: 5.8187, Train Acc: 0.2500	 Val Loss: 5.2095, Val Acc: 0.2308
INFO:train:Epoch 4/100 	Train Loss: 4.1385, Train Acc: 0.3000	 Val Loss: 4.4498, Val Acc: 0.2308
INFO:train:Epoch 5/100 	Train Loss: 3.5844, Train Acc: 0.3200	 Val Loss: 3.8760, Val Acc: 0.3846
INFO:train:Epoch 6/100 	Train Loss: 3.5075, Train Acc: 0.3500	 Val Loss: 3.6900, Val Acc: 0.2692
INFO:train:Epoch 7/100 	Train Loss: 3.1706, Train Acc: 0.4300	 Val Loss: 3.7094, Val Acc: 0.2308
INFO:train:Epoch 8/100 	Train Loss: 3.1356, Train Acc: 0.4600	 Val Loss: 3.7607, Val Acc: 0.3077
INFO:train:Epoch 9/100 	Train Loss: 3.0909, Train Acc: 0.4800	 Val Loss: 3.5751, Val Acc: 0.2308
INFO:train:Epoch 10/100 	Train Loss: 2.9644, Train Acc: 0.6000	 Val Loss: 3.5485, Val Acc: 0.2692
INFO:train:Epoch 11/100 	Train Loss: 2.9642, Train Acc: 0.6200	 Val Loss: 3.5754, Val Acc: 0.2692
INFO:train:Epoch 12/100 	Train Loss: 2.8543, Train Acc: 0.6400	 Val Loss: 3.5672, Val Acc: 0.3077
INFO:train:Epoch 13/100 	Train Loss: 2.7943, Train Acc: 0.6700	 Val Loss: 3.7234, Val Acc: 0.3462
INFO:train:Epoch 14/100 	Train Loss: 2.7494, Train Acc: 0.6600	 Val Loss: 3.7388, Val Acc: 0.3077
INFO:train:Epoch 15/100 	Train Loss: 2.6674, Train Acc: 0.7400	 Val Loss: 3.8225, Val Acc: 0.3077
INFO:train:Epoch 16/100 	Train Loss: 2.5621, Train Acc: 0.7600	 Val Loss: 3.9973, Val Acc: 0.3077
INFO:train:Epoch 17/100 	Train Loss: 2.4986, Train Acc: 0.7700	 Val Loss: 4.1125, Val Acc: 0.2692
INFO:train:Epoch 18/100 	Train Loss: 2.4308, Train Acc: 0.8700	 Val Loss: 4.0507, Val Acc: 0.3462
INFO:train:Epoch 19/100 	Train Loss: 2.4035, Train Acc: 0.9100	 Val Loss: 4.0681, Val Acc: 0.3462
INFO:train:Epoch 20/100 	Train Loss: 2.3485, Train Acc: 0.9400	 Val Loss: 4.1357, Val Acc: 0.3846
INFO:train:Epoch 21/100 	Train Loss: 2.2980, Train Acc: 0.9500	 Val Loss: 4.1523, Val Acc: 0.3846
INFO:train:Epoch 22/100 	Train Loss: 2.2687, Train Acc: 0.9700	 Val Loss: 4.1911, Val Acc: 0.3077
INFO:train:Epoch 23/100 	Train Loss: 2.2499, Train Acc: 0.9700	 Val Loss: 4.2484, Val Acc: 0.2692
INFO:train:Epoch 24/100 	Train Loss: 2.2413, Train Acc: 0.9800	 Val Loss: 4.0905, Val Acc: 0.3462
INFO:train:Epoch 25/100 	Train Loss: 2.1860, Train Acc: 0.9900	 Val Loss: 3.9759, Val Acc: 0.3077
INFO:train:Epoch 26/100 	Train Loss: 2.1832, Train Acc: 1.0000	 Val Loss: 3.8781, Val Acc: 0.3077
INFO:train:Epoch 27/100 	Train Loss: 2.1793, Train Acc: 1.0000	 Val Loss: 3.8889, Val Acc: 0.3462
INFO:train:Epoch 28/100 	Train Loss: 2.1528, Train Acc: 0.9900	 Val Loss: 3.9959, Val Acc: 0.3462
INFO:train:Epoch 29/100 	Train Loss: 2.1575, Train Acc: 0.9800	 Val Loss: 3.9198, Val Acc: 0.3077
INFO:train:Epoch 30/100 	Train Loss: 2.1221, Train Acc: 1.0000	 Val Loss: 4.0189, Val Acc: 0.3077
INFO:train:Epoch 31/100 	Train Loss: 2.1394, Train Acc: 1.0000	 Val Loss: 3.9004, Val Acc: 0.3077
INFO:train:Epoch 32/100 	Train Loss: 2.1155, Train Acc: 1.0000	 Val Loss: 3.8548, Val Acc: 0.3462
INFO:train:Epoch 33/100 	Train Loss: 2.0950, Train Acc: 1.0000	 Val Loss: 3.7802, Val Acc: 0.3462
INFO:train:Epoch 34/100 	Train Loss: 2.0920, Train Acc: 1.0000	 Val Loss: 3.6587, Val Acc: 0.3846
INFO:train:Epoch 35/100 	Train Loss: 2.0892, Train Acc: 1.0000	 Val Loss: 3.5641, Val Acc: 0.3846
INFO:train:Epoch 36/100 	Train Loss: 2.0775, Train Acc: 1.0000	 Val Loss: 3.6078, Val Acc: 0.3846
INFO:train:Epoch 37/100 	Train Loss: 2.0843, Train Acc: 1.0000	 Val Loss: 3.6845, Val Acc: 0.3846
INFO:train:Epoch 38/100 	Train Loss: 2.0650, Train Acc: 1.0000	 Val Loss: 3.7711, Val Acc: 0.3462
INFO:train:Epoch 39/100 	Train Loss: 2.0648, Train Acc: 1.0000	 Val Loss: 3.7313, Val Acc: 0.3846
INFO:train:Epoch 40/100 	Train Loss: 2.0492, Train Acc: 1.0000	 Val Loss: 3.6754, Val Acc: 0.3462
INFO:train:Epoch 41/100 	Train Loss: 2.0460, Train Acc: 1.0000	 Val Loss: 3.6490, Val Acc: 0.3846
INFO:train:Epoch 42/100 	Train Loss: 2.0407, Train Acc: 0.9900	 Val Loss: 3.6566, Val Acc: 0.4231
INFO:train:Epoch 43/100 	Train Loss: 2.0328, Train Acc: 1.0000	 Val Loss: 3.7157, Val Acc: 0.4231
INFO:train:Epoch 44/100 	Train Loss: 2.0286, Train Acc: 1.0000	 Val Loss: 3.7370, Val Acc: 0.3462
INFO:train:Epoch 45/100 	Train Loss: 2.0243, Train Acc: 1.0000	 Val Loss: 3.6844, Val Acc: 0.3846
INFO:train:Epoch 46/100 	Train Loss: 2.0143, Train Acc: 1.0000	 Val Loss: 3.6510, Val Acc: 0.3846
INFO:train:Epoch 47/100 	Train Loss: 2.0128, Train Acc: 1.0000	 Val Loss: 3.6211, Val Acc: 0.3846
INFO:train:Epoch 48/100 	Train Loss: 2.0077, Train Acc: 1.0000	 Val Loss: 3.5874, Val Acc: 0.3462
INFO:train:Epoch 49/100 	Train Loss: 1.9952, Train Acc: 1.0000	 Val Loss: 3.5899, Val Acc: 0.3462
INFO:train:Epoch 50/100 	Train Loss: 1.9988, Train Acc: 1.0000	 Val Loss: 3.5660, Val Acc: 0.3462
INFO:train:Epoch 51/100 	Train Loss: 1.9886, Train Acc: 1.0000	 Val Loss: 3.5610, Val Acc: 0.3846
INFO:train:Epoch 52/100 	Train Loss: 1.9856, Train Acc: 1.0000	 Val Loss: 3.5621, Val Acc: 0.3846
INFO:train:Epoch 53/100 	Train Loss: 1.9801, Train Acc: 1.0000	 Val Loss: 3.5930, Val Acc: 0.3462
INFO:train:Early stopping triggered after 53 epochs
INFO:plot:Saving attention map to: figures/model_accuracy.png
INFO:train:train got 64 / 64 correct, accuracy: 1.0
INFO:plot:Saving cofusion matrix map to: figures/train_confusion_matrix.png
INFO:train:train got 36 / 36 correct, accuracy: 1.0
INFO:plot:Saving cofusion matrix map to: figures/train_confusion_matrix.png
INFO:train:Total time taken evaluate on train set the model: 0.32s
INFO:train:validation got 9 / 26 correct, accuracy: 0.34615384615384615
INFO:plot:Saving cofusion matrix map to: figures/validation_confusion_matrix.png
INFO:train:Total time taken evaluate on validation set the model: 0.16s
