INFO:data:Reading dataset fish: part
INFO:data:Class Counts: [6 6 3 6 6 3], Class Ratios: [0.2 0.2 0.1 0.2 0.2 0.1]
INFO:data:Number of features: 1023
INFO:data:Number of instances: 30
INFO:data:Number of classes 6.
INFO:__main__:No model found. Train from scratch.
INFO:gp:   	      	                                 fitness                                 	                      size                     
   	      	-------------------------------------------------------------------------	-----------------------------------------------
gen	nevals	avg     	gen	max     	min      	nevals	std      	avg    	gen	max	min	nevals	std    
0  	1023  	0.236229	0  	0.505871	0.0962155	1023  	0.0725311	4.58749	0  	7  	2  	1023  	1.42039
INFO:gp:1  	783   	0.324962	1  	0.524531	0.134561 	783   	0.0683707	4.71945	1  	9  	2  	783   	1.397  
INFO:gp:2  	758   	0.386252	2  	0.564139	0.125532 	758   	0.0672437	4.70283	2  	10 	2  	758   	1.47566
INFO:gp:3  	768   	0.431675	3  	0.648734	0.176307 	768   	0.0731126	4.99902	3  	10 	2  	768   	1.53136
INFO:gp:4  	727   	0.480852	4  	0.648734	0.175149 	727   	0.0663972	5.26588	4  	10 	2  	727   	1.52326
INFO:gp:5  	806   	0.501829	5  	0.670725	0.239624 	806   	0.0725434	5.17595	5  	13 	2  	806   	1.54133
INFO:gp:6  	742   	0.536393	6  	0.670726	0.235006 	742   	0.0744195	5.31574	6  	14 	3  	742   	1.58408
INFO:gp:7  	774   	0.562159	7  	0.704281	0.17735  	774   	0.0758177	5.53861	7  	13 	3  	774   	1.71482
INFO:gp:8  	776   	0.588576	8  	0.710078	0.279765 	776   	0.0764805	5.98436	8  	13 	3  	776   	1.73508
INFO:gp:9  	754   	0.61788 	9  	0.789253	0.288665 	754   	0.0729283	6.07429	9  	13 	3  	754   	1.32513
INFO:gp:10 	790   	0.636945	10 	0.789253	0.279005 	790   	0.0745593	5.94819	10 	10 	3  	790   	1.1565 
INFO:gp:11 	768   	0.648584	11 	0.789295	0.280115 	768   	0.0823163	6.02444	11 	10 	3  	768   	1.18742
INFO:gp:12 	772   	0.672699	12 	0.789302	0.298742 	772   	0.08573  	6.34702	12 	12 	3  	772   	1.19783
INFO:gp:13 	761   	0.700236	13 	0.789302	0.303097 	761   	0.085061 	6.3871 	13 	12 	3  	761   	1.17264
INFO:gp:14 	781   	0.719491	14 	0.842454	0.295149 	781   	0.0819845	5.9912 	14 	13 	3  	781   	1.25954
INFO:gp:15 	770   	0.726823	15 	0.842454	0.407861 	770   	0.0857856	5.80352	15 	13 	3  	770   	1.19608
INFO:gp:16 	783   	0.73442 	16 	0.842454	0.374687 	783   	0.0862812	6.08602	16 	13 	3  	783   	1.25468
INFO:gp:17 	778   	0.740009	17 	0.842461	0.359818 	778   	0.0839534	6.37146	17 	14 	3  	778   	1.36384
INFO:gp:18 	761   	0.764567	18 	0.842462	0.382309 	761   	0.075135 	6.22678	18 	14 	3  	761   	1.38607
INFO:gp:19 	779   	0.776849	19 	0.842464	0.400218 	779   	0.0795393	6.24438	19 	14 	3  	779   	1.27342
INFO:gp:20 	774   	0.78522 	20 	0.842798	0.368065 	774   	0.0871687	6.36852	20 	14 	3  	774   	1.26153
INFO:gp:21 	788   	0.788649	21 	0.842798	0.353572 	788   	0.084956 	6.54643	21 	14 	3  	788   	1.45023
INFO:gp:22 	779   	0.800033	22 	0.84281 	0.368506 	779   	0.0778453	6.49951	22 	14 	3  	779   	1.49608
INFO:gp:23 	770   	0.792302	23 	0.84281 	0.218012 	770   	0.087848 	6.67937	23 	14 	3  	770   	1.43917
INFO:gp:24 	764   	0.788928	24 	0.843601	0.125107 	764   	0.0919549	6.79277	24 	13 	3  	764   	1.37356
INFO:gp:25 	760   	0.795599	25 	0.843601	0.218353 	760   	0.0847294	6.85142	25 	14 	5  	760   	1.36619
INFO:gp:26 	784   	0.795881	26 	0.843601	0.387497 	784   	0.0803904	6.8739 	26 	12 	3  	784   	1.51459
INFO:gp:27 	788   	0.78917 	27 	0.843604	0.218362 	788   	0.0852701	6.61095	27 	12 	5  	788   	1.49065
INFO:gp:28 	804   	0.78402 	28 	0.844117	0.219144 	804   	0.092133 	6.51124	28 	13 	5  	804   	1.60023
INFO:gp:29 	749   	0.792516	29 	0.844125	0.408306 	749   	0.081786 	5.92571	29 	13 	3  	749   	1.44646
INFO:gp:30 	781   	0.790422	30 	0.845164	0.395277 	781   	0.0811411	5.65885	30 	11 	3  	781   	1.17897
INFO:gp:31 	775   	0.786493	31 	0.845164	0.382566 	775   	0.0875071	5.93451	31 	11 	5  	775   	1.27791
INFO:gp:32 	774   	0.788925	32 	0.845164	0.42432  	774   	0.0843531	6.25709	32 	11 	5  	774   	1.3196 
INFO:gp:33 	766   	0.785465	33 	0.845712	0.408821 	766   	0.0866004	6.50929	33 	13 	5  	766   	1.48227
INFO:gp:34 	778   	0.786608	34 	0.845723	0.332623 	778   	0.0892522	6.18084	34 	13 	4  	778   	1.50058
INFO:gp:35 	765   	0.785611	35 	0.845723	0.352148 	765   	0.086425 	5.95015	35 	13 	4  	765   	1.39208
INFO:gp:36 	762   	0.788535	36 	0.8684  	0.294989 	762   	0.0848797	6.36266	36 	13 	4  	762   	1.48583
INFO:gp:37 	780   	0.787788	37 	0.8684  	0.376381 	780   	0.0874577	7.01955	37 	14 	4  	780   	1.52644
INFO:gp:38 	762   	0.787097	38 	0.8684  	0.338988 	762   	0.0871293	7.36168	38 	15 	5  	762   	1.6004 
INFO:gp:39 	784   	0.793706	39 	0.8684  	0.344387 	784   	0.0861776	8.03128	39 	17 	5  	784   	1.68803
INFO:gp:40 	765   	0.798428	40 	0.8684  	0.40351  	765   	0.0847712	9.0479 	40 	17 	5  	765   	1.78148
INFO:gp:41 	794   	0.804859	41 	0.8684  	0.477208 	794   	0.0824975	9.9824 	41 	20 	5  	794   	2.12643
INFO:gp:42 	807   	0.807636	42 	0.8684  	0.449092 	807   	0.0848908	10.2326	42 	20 	5  	807   	2.54051
INFO:gp:43 	769   	0.809797	43 	0.8684  	0.395784 	769   	0.0843166	10.7165	43 	25 	5  	769   	3.29723
INFO:gp:44 	747   	0.812038	44 	0.8684  	0.31805  	747   	0.083837 	11.7654	44 	27 	5  	747   	3.20613
INFO:gp:45 	758   	0.810477	45 	0.868426	0.412881 	758   	0.0848692	11.7722	45 	20 	5  	758   	2.72778
INFO:gp:46 	769   	0.809314	46 	0.868426	0.466873 	769   	0.0852796	11.5112	46 	20 	5  	769   	2.39983
INFO:gp:47 	776   	0.809363	47 	0.868426	0.386446 	776   	0.0872054	11.6735	47 	21 	5  	776   	2.47192
INFO:gp:48 	783   	0.810785	48 	0.868426	0.443507 	783   	0.0828645	11.7019	48 	21 	5  	783   	2.74638
INFO:gp:49 	783   	0.816156	49 	0.868431	0.410663 	783   	0.0794346	11.9345	49 	23 	5  	783   	3.24205
INFO:gp:50 	769   	0.815386	50 	0.868435	0.427696 	769   	0.0820208	11.8651	50 	23 	5  	769   	2.92984
INFO:gp:51 	775   	0.812749	51 	0.868435	0.457104 	775   	0.0822913	11.5953	51 	24 	5  	775   	2.506  
INFO:gp:52 	760   	0.818169	52 	0.868435	0.409748 	760   	0.0813547	11.5836	52 	22 	5  	760   	2.25514
INFO:gp:53 	779   	0.817011	53 	0.888209	0.358843 	779   	0.0824083	11.5865	53 	23 	5  	779   	2.36505
INFO:gp:54 	763   	0.820699	54 	0.888209	0.455317 	763   	0.0784834	11.3441	54 	22 	5  	763   	2.47665
INFO:gp:55 	802   	0.819572	55 	0.888213	0.426052 	802   	0.0784924	11.2708	55 	22 	5  	802   	2.20858
INFO:gp:56 	784   	0.819655	56 	0.888218	0.42188  	784   	0.0784309	11.4438	56 	22 	5  	784   	2.09932
INFO:gp:57 	776   	0.819504	57 	0.888235	0.371138 	776   	0.0821703	11.35  	57 	24 	5  	776   	2.07549
INFO:gp:58 	766   	0.812203	58 	0.888235	0.474792 	766   	0.0903194	11.1349	58 	24 	5  	766   	1.90472
INFO:gp:59 	780   	0.82451 	59 	0.888295	0.407726 	780   	0.0865046	11.0342	59 	22 	5  	780   	1.74968
INFO:gp:60 	777   	0.82098 	60 	0.888295	0.393466 	777   	0.0953687	10.999 	60 	21 	5  	777   	1.88138
INFO:gp:61 	780   	0.823528	61 	0.888295	0.351455 	780   	0.0929933	10.871 	61 	22 	4  	780   	2.09756
INFO:gp:62 	737   	0.83082 	62 	0.888295	0.354369 	737   	0.0861948	10.6383	62 	23 	5  	737   	2.29926
INFO:gp:63 	771   	0.827214	63 	0.888563	0.436947 	771   	0.0924545	10.2727	63 	21 	5  	771   	2.40619
INFO:gp:64 	772   	0.821641	64 	0.888616	0.4329   	772   	0.0946705	10.0147	64 	22 	5  	772   	2.65346
INFO:gp:65 	753   	0.822998	65 	0.888616	0.420427 	753   	0.090135 	9.86217	65 	23 	5  	753   	2.4494 
INFO:gp:66 	782   	0.825573	66 	0.888616	0.482731 	782   	0.090275 	9.91887	66 	26 	5  	782   	2.53851
INFO:gp:67 	764   	0.826157	67 	0.888616	0.405721 	764   	0.0891722	10.1369	67 	25 	5  	764   	2.75114
INFO:gp:68 	766   	0.819994	68 	0.888616	0.41958  	766   	0.0945727	10.3236	68 	26 	5  	766   	2.97824
INFO:gp:69 	787   	0.825884	69 	0.888654	0.486814 	787   	0.0899385	10.3656	69 	25 	5  	787   	2.89221
INFO:gp:70 	792   	0.819299	70 	0.888654	0.379164 	792   	0.0934257	11.2346	70 	25 	4  	792   	3.38499
INFO:gp:71 	770   	0.823862	71 	0.888665	0.407483 	770   	0.093704 	12.522 	71 	29 	5  	770   	3.72218
INFO:gp:72 	799   	0.824382	72 	0.888665	0.432953 	799   	0.0912068	13.1935	72 	30 	5  	799   	3.51114
INFO:gp:73 	774   	0.824699	73 	0.889092	0.349141 	774   	0.0919333	12.8221	73 	30 	5  	774   	3.27161
INFO:gp:74 	756   	0.821441	74 	0.889092	0.380237 	756   	0.0937278	12.6022	74 	26 	5  	756   	3.39442
INFO:gp:75 	766   	0.823992	75 	0.889128	0.420331 	766   	0.0912807	13.001 	75 	26 	5  	766   	3.89563
INFO:gp:76 	767   	0.828532	76 	0.889128	0.442348 	767   	0.0881642	13.8573	76 	31 	5  	767   	4.17355
INFO:gp:77 	768   	0.825513	77 	0.889128	0.373056 	768   	0.0877624	14.4096	77 	29 	5  	768   	4.21181
INFO:gp:78 	768   	0.830921	78 	0.889141	0.376198 	768   	0.0889289	15.0176	78 	29 	5  	768   	3.848  
INFO:gp:79 	759   	0.838227	79 	0.889141	0.434985 	759   	0.0872286	15.8123	79 	29 	5  	759   	3.59917
INFO:gp:80 	764   	0.840136	80 	0.889141	0.306432 	764   	0.0842475	15.6891	80 	29 	5  	764   	3.34891
INFO:gp:81 	722   	0.842212	81 	0.889144	0.416458 	722   	0.0864043	15.176 	81 	31 	5  	722   	2.75531
INFO:gp:82 	789   	0.840906	82 	0.889191	0.456565 	789   	0.0789977	15.4682	82 	28 	9  	789   	3.02009
INFO:gp:83 	768   	0.839747	83 	0.889434	0.433454 	768   	0.0815664	15.7449	83 	30 	10 	768   	3.34939
INFO:gp:84 	770   	0.840342	84 	0.889434	0.441582 	770   	0.0810465	15.784 	84 	31 	10 	770   	3.86898
INFO:gp:85 	780   	0.840796	85 	0.889434	0.43484  	780   	0.0822762	16.0733	85 	32 	10 	780   	4.49693
INFO:gp:86 	791   	0.838023	86 	0.889434	0.460803 	791   	0.0852726	18.5054	86 	33 	9  	791   	5.3865 
INFO:gp:87 	773   	0.844109	87 	0.889482	0.473683 	773   	0.0788034	21.6051	87 	41 	9  	773   	5.6224 
INFO:gp:88 	800   	0.837619	88 	0.889715	0.347884 	800   	0.0827493	23.7351	88 	42 	10 	800   	6.30421
INFO:gp:89 	775   	0.839003	89 	0.889715	0.400139 	775   	0.0837077	26.3333	89 	48 	10 	775   	5.84847
INFO:gp:90 	763   	0.841901	90 	0.889715	0.483563 	763   	0.0787056	27.9286	90 	45 	10 	763   	4.42664
INFO:gp:91 	755   	0.843299	91 	0.889831	0.501335 	755   	0.0770865	28.9404	91 	57 	10 	755   	4.52487
INFO:gp:92 	773   	0.843393	92 	0.889831	0.410139 	773   	0.0781628	30.2893	92 	45 	10 	773   	4.48658
INFO:gp:93 	758   	0.842164	93 	0.889839	0.450788 	758   	0.0764091	32.0049	93 	49 	5  	758   	5.05927
INFO:gp:94 	746   	0.845248	94 	0.889839	0.446191 	746   	0.0726285	33.7302	94 	75 	10 	746   	6.19064
INFO:gp:95 	772   	0.844216	95 	0.88984 	0.551863 	772   	0.0722437	35.7067	95 	49 	5  	772   	6.99183
INFO:gp:96 	740   	0.845893	96 	0.889896	0.530123 	740   	0.0736689	36.5552	96 	49 	10 	740   	5.68638
INFO:gp:97 	760   	0.844464	97 	0.889896	0.491649 	760   	0.0716274	35.8759	97 	59 	17 	760   	3.68469
INFO:gp:98 	779   	0.841583	98 	0.889945	0.486818 	779   	0.0749974	35.3607	98 	65 	10 	779   	3.53642
INFO:gp:99 	776   	0.842163	99 	0.889945	0.510373 	776   	0.077343 	35.0596	99 	65 	10 	776   	4.39601
INFO:gp:100	794   	0.840111	100	0.889945	0.458611 	794   	0.0763312	34.9335	100	65 	9  	794   	3.6423 
INFO:gp:101	766   	0.845444	101	0.889945	0.530787 	766   	0.0711436	34.7077	101	65 	16 	766   	3.25513
INFO:gp:102	795   	0.843478	102	0.89029 	0.530022 	795   	0.0738222	34.7028	102	65 	16 	795   	3.43373
INFO:gp:103	762   	0.847644	103	0.89029 	0.524282 	762   	0.0707246	34.9765	103	65 	13 	762   	3.55125
INFO:gp:104	758   	0.848318	104	0.890321	0.467308 	758   	0.071393 	35.7859	104	65 	14 	758   	3.8    
INFO:gp:105	780   	0.843309	105	0.890348	0.479273 	780   	0.0750934	36.8798	105	65 	16 	780   	3.84756
INFO:gp:106	776   	0.845936	106	0.890348	0.464717 	776   	0.0733297	36.4027	106	53 	16 	776   	3.8417 
INFO:gp:107	779   	0.847063	107	0.890348	0.45167  	779   	0.0722318	35.4242	107	53 	14 	779   	3.89223
INFO:gp:108	778   	0.848755	108	0.890348	0.369508 	778   	0.0706583	35.8905	108	53 	16 	778   	3.58171
INFO:gp:109	773   	0.847779	109	0.890537	0.450311 	773   	0.07186  	36.9834	109	53 	16 	773   	3.39609
INFO:gp:110	774   	0.848664	110	0.890537	0.497576 	774   	0.0714697	36.6931	110	69 	16 	774   	3.81124
INFO:gp:111	769   	0.846158	111	0.890537	0.525612 	769   	0.0730918	35.8886	111	67 	16 	769   	3.77874
INFO:gp:112	769   	0.846492	112	0.89059 	0.562859 	769   	0.0713172	35.8368	112	67 	16 	769   	3.4697 
INFO:gp:113	789   	0.848635	113	0.89059 	0.509241 	789   	0.0717864	36.3353	113	67 	7  	789   	3.20922
INFO:gp:114	767   	0.849115	114	0.89228 	0.485954 	767   	0.0723371	37.3636	114	67 	7  	767   	3.71501
INFO:gp:115	769   	0.84569 	115	0.892282	0.491363 	769   	0.0712682	38.0029	115	69 	15 	769   	3.55064
INFO:gp:116	759   	0.84472 	116	0.892335	0.467941 	759   	0.0749602	38.3617	116	67 	16 	759   	3.25972
INFO:gp:117	760   	0.840805	117	0.892377	0.478473 	760   	0.0768235	38.0694	117	53 	4  	760   	3.42352
INFO:gp:118	763   	0.846434	118	0.892377	0.41424  	763   	0.0736379	38.349 	118	53 	14 	763   	2.924  
INFO:gp:119	757   	0.840233	119	0.892436	0.46863  	757   	0.0816255	38.2454	119	52 	16 	757   	3.20731
INFO:gp:120	775   	0.835664	120	0.892436	0.483188 	775   	0.0840887	38.2004	120	51 	16 	775   	2.55495
INFO:gp:121	781   	0.843736	121	0.892436	0.470878 	781   	0.076024 	38.0499	121	51 	16 	781   	3.15864
INFO:gp:122	792   	0.838237	122	0.892436	0.510029 	792   	0.0822992	38.3216	122	67 	16 	792   	3.13483
INFO:gp:123	795   	0.837708	123	0.892438	0.421131 	795   	0.0823788	38.4995	123	51 	16 	795   	2.55262
INFO:gp:124	782   	0.842829	124	0.892438	0.461472 	782   	0.079528 	38.5816	124	51 	16 	782   	2.77591
INFO:gp:125	790   	0.842231	125	0.892438	0.509022 	790   	0.0769056	38.5015	125	51 	16 	790   	3.0364 
INFO:gp:126	755   	0.846915	126	0.892465	0.370825 	755   	0.0768225	38.3646	126	51 	16 	755   	3.25805
INFO:gp:127	776   	0.844837	127	0.892465	0.467554 	776   	0.0780916	38.4477	127	67 	16 	776   	4.19525
INFO:gp:128	786   	0.839505	128	0.892465	0.456353 	786   	0.0831663	39.914 	128	65 	16 	786   	4.50962
INFO:gp:129	791   	0.840108	129	0.892465	0.474314 	791   	0.0805352	41.3421	129	65 	16 	791   	5.16703
INFO:gp:130	747   	0.844848	130	0.892465	0.402379 	747   	0.0804481	42.4761	130	65 	16 	747   	5.36864
INFO:gp:131	766   	0.84373 	131	0.892465	0.509999 	766   	0.0785689	42.738 	131	65 	7  	766   	4.78694
INFO:gp:132	781   	0.845686	132	0.892465	0.455628 	781   	0.0765409	43.9374	132	65 	16 	781   	3.86907
INFO:gp:133	763   	0.844091	133	0.892467	0.490886 	763   	0.0789997	44.436 	133	88 	16 	763   	3.94879
INFO:gp:134	790   	0.838496	134	0.892467	0.411593 	790   	0.0833902	44.306 	134	58 	13 	790   	3.93635
INFO:gp:135	763   	0.845775	135	0.892478	0.467061 	763   	0.0786725	44.6804	135	59 	16 	763   	3.25917
INFO:gp:136	776   	0.837432	136	0.892478	0.383253 	776   	0.0869692	44.915 	136	58 	12 	776   	3.75751
INFO:gp:137	772   	0.845681	137	0.892479	0.511841 	772   	0.0768947	45.3754	137	101	15 	772   	4.73045
INFO:gp:138	779   	0.844444	138	0.892505	0.481984 	779   	0.0798717	46.1515	138	65 	15 	779   	4.15152
INFO:gp:139	777   	0.843604	139	0.892516	0.477957 	777   	0.0779264	45.3402	139	63 	6  	777   	4.05529
INFO:gp:140	752   	0.839011	140	0.892516	0.392079 	752   	0.0808782	45.0743	140	67 	16 	752   	4.1254 
INFO:gp:141	773   	0.840778	141	0.892516	0.482227 	773   	0.0827687	45.2014	141	63 	11 	773   	4.40391
INFO:gp:142	778   	0.840185	142	0.892518	0.456845 	778   	0.0830402	45.5738	142	63 	12 	778   	3.62787
INFO:gp:143	772   	0.843932	143	0.892518	0.436678 	772   	0.082052 	44.955 	143	78 	16 	772   	4.27842
INFO:gp:144	778   	0.838189	144	0.892785	0.40288  	778   	0.0874092	43.5992	144	78 	16 	778   	4.32679
INFO:gp:145	759   	0.84267 	145	0.892785	0.439704 	759   	0.0830117	43.0684	145	78 	16 	759   	4.42259
INFO:gp:146	782   	0.835393	146	0.892785	0.457221 	782   	0.0881207	44.044 	146	79 	16 	782   	4.43758
INFO:gp:147	758   	0.844337	147	0.892798	0.429246 	758   	0.0824166	44.0538	147	80 	16 	758   	4.53961
INFO:gp:148	753   	0.843994	148	0.893403	0.44109  	753   	0.0816024	42.6618	148	61 	16 	753   	3.89437
INFO:gp:149	766   	0.838029	149	0.893403	0.427696 	766   	0.0877115	41.5093	149	61 	16 	766   	3.90048
INFO:gp:150	767   	0.850147	150	0.893403	0.476047 	767   	0.074636 	41.4115	150	61 	16 	767   	3.54523
INFO:gp:151	760   	0.837461	151	0.89344 	0.465805 	760   	0.0856622	41.7468	151	61 	16 	760   	3.19479
INFO:gp:152	778   	0.841287	152	0.89344 	0.523971 	778   	0.0803689	41.4976	152	51 	16 	778   	2.85007
INFO:gp:153	781   	0.843393	153	0.89344 	0.426698 	781   	0.079389 	40.9169	153	60 	16 	781   	3.77313
INFO:gp:154	792   	0.836368	154	0.89344 	0.463896 	792   	0.086855 	41.0323	154	55 	11 	792   	3.65014
INFO:gp:155	784   	0.840411	155	0.893441	0.476761 	784   	0.0838721	41.5406	155	55 	16 	784   	3.07928
INFO:gp:156	771   	0.836204	156	0.893441	0.484799 	771   	0.0875437	41.7761	156	55 	16 	771   	3.11678
INFO:gp:157	779   	0.843225	157	0.893441	0.39268  	779   	0.078473 	41.828 	157	60 	16 	779   	3.68104
INFO:gp:158	755   	0.844898	158	0.893441	0.504087 	755   	0.0808924	42.565 	158	60 	16 	755   	3.91995
INFO:gp:159	770   	0.839578	159	0.893441	0.505891 	770   	0.0835217	44.086 	159	79 	11 	770   	6.01305
INFO:gp:160	760   	0.836349	160	0.893441	0.501829 	760   	0.0853745	44.0411	160	79 	16 	760   	5.7513 
INFO:gp:161	758   	0.837896	161	0.893473	0.47441  	758   	0.0873174	42.8622	161	79 	16 	758   	4.98027
INFO:gp:162	787   	0.834627	162	0.893473	0.470706 	787   	0.0871684	42.6696	162	79 	16 	787   	3.54586
INFO:gp:163	770   	0.842127	163	0.893473	0.431113 	770   	0.0815166	42.5484	163	79 	11 	770   	3.99381
INFO:gp:164	736   	0.841607	164	0.893473	0.415316 	736   	0.0828845	42.608 	164	79 	16 	736   	3.43261
INFO:gp:165	791   	0.840619	165	0.893473	0.514439 	791   	0.0803107	42.4399	165	79 	16 	791   	4.21815
INFO:gp:166	775   	0.846582	166	0.893473	0.531979 	775   	0.0733509	42.9853	166	79 	16 	775   	4.90265
INFO:gp:167	776   	0.845773	167	0.893474	0.381472 	776   	0.0788588	43.3421	167	79 	16 	776   	5.03461
INFO:gp:168	775   	0.844405	168	0.893495	0.497799 	775   	0.0770943	43.6432	168	79 	16 	775   	5.41483
INFO:gp:169	769   	0.843477	169	0.893495	0.524602 	769   	0.0778168	44.914 	169	79 	16 	769   	6.48469
INFO:gp:170	765   	0.847498	170	0.893538	0.510121 	765   	0.0734036	44.5073	170	70 	16 	765   	6.03134
INFO:gp:171	766   	0.84763 	171	0.893538	0.535517 	766   	0.0745443	43.8495	171	64 	16 	766   	5.4639 
INFO:gp:172	773   	0.843538	172	0.893539	0.481769 	773   	0.0779571	43.3617	172	64 	16 	773   	4.57266
INFO:gp:173	784   	0.846041	173	0.893547	0.496068 	784   	0.0753149	43.2111	173	64 	11 	784   	3.97209
INFO:gp:174	770   	0.843717	174	0.89357 	0.503194 	770   	0.0790681	42.9638	174	64 	16 	770   	3.80354
INFO:gp:175	787   	0.845804	175	0.89357 	0.405992 	787   	0.073518 	42.7556	175	64 	16 	787   	4.24228
INFO:gp:176	791   	0.843825	176	0.89357 	0.459782 	791   	0.0771334	42.5885	176	64 	14 	791   	4.18041
INFO:gp:177	772   	0.846194	177	0.893589	0.516056 	772   	0.0738515	42.8631	177	64 	16 	772   	3.89687
INFO:gp:178	787   	0.851309	178	0.893617	0.527941 	787   	0.0711569	43.7253	178	63 	14 	787   	3.57736
INFO:gp:179	766   	0.844301	179	0.893617	0.42964  	766   	0.0834311	44.5464	179	84 	11 	766   	4.31433
INFO:gp:180	776   	0.842848	180	0.893617	0.479703 	776   	0.0796437	44.5396	180	60 	16 	776   	3.36536
INFO:gp:181	792   	0.838714	181	0.893653	0.483834 	792   	0.0853227	44.4154	181	60 	16 	792   	3.26665
INFO:gp:182	756   	0.838465	182	0.893653	0.41927  	756   	0.0873941	44.306 	182	65 	16 	756   	4.03567
INFO:gp:183	785   	0.837584	183	0.893675	0.449476 	785   	0.0868482	44.5327	183	60 	16 	785   	3.54122
INFO:gp:184	775   	0.846324	184	0.893774	0.404381 	775   	0.0795753	44.8074	184	60 	16 	775   	4.64992
INFO:gp:185	773   	0.844924	185	0.893774	0.479677 	773   	0.0837232	45.7126	185	66 	16 	773   	4.16586
INFO:gp:186	737   	0.847446	186	0.893774	0.435417 	737   	0.0771353	45.8397	186	66 	16 	737   	3.92248
INFO:gp:187	763   	0.844378	187	0.893778	0.451949 	763   	0.0822613	46.3558	187	66 	16 	763   	4.37496
INFO:gp:188	794   	0.840917	188	0.893848	0.26926  	794   	0.0859948	47.1916	188	66 	16 	794   	3.18913
INFO:gp:189	781   	0.840768	189	0.893848	0.451948 	781   	0.0845746	47.2532	189	93 	16 	781   	3.82529
INFO:gp:190	769   	0.836847	190	0.893867	0.470539 	769   	0.086971 	47.2639	190	57 	16 	769   	3.60796
INFO:gp:191	759   	0.841326	191	0.893867	0.441499 	759   	0.0848801	47.6002	191	93 	16 	759   	3.52057
INFO:gp:192	747   	0.845617	192	0.893872	0.405535 	747   	0.0817616	47.3754	192	91 	13 	747   	4.01754
INFO:gp:193	767   	0.843784	193	0.893872	0.36749  	767   	0.0824642	47.044 	193	91 	16 	767   	3.63068
INFO:gp:194	742   	0.843365	194	0.89394 	0.475919 	742   	0.0838709	45.9687	194	91 	16 	742   	4.55583
INFO:gp:195	770   	0.837877	195	0.89394 	0.497007 	770   	0.0871969	45.3627	195	91 	16 	770   	3.58563
INFO:gp:196	760   	0.844122	196	0.89394 	0.505813 	760   	0.0835276	44.5846	196	65 	16 	760   	4.08708
INFO:gp:197	794   	0.843097	197	0.893961	0.422124 	794   	0.083983 	44.694 	197	65 	16 	794   	4.46943
INFO:gp:198	786   	0.838845	198	0.894027	0.375497 	786   	0.0855677	43.1799	198	65 	16 	786   	4.88688
INFO:gp:199	768   	0.834888	199	0.894027	0.435762 	768   	0.0908137	41.0147	199	52 	13 	768   	4.75425
INFO:gp:200	777   	0.840649	200	0.894028	0.478603 	777   	0.0838387	40.261 	200	83 	16 	777   	4.39066
INFO:gp:201	752   	0.845554	201	0.894028	0.386007 	752   	0.0814778	39.9853	201	73 	17 	752   	4.14365
INFO:gp:202	768   	0.842361	202	0.894028	0.503368 	768   	0.081519 	39.3392	202	52 	17 	768   	3.19048
INFO:gp:203	777   	0.84946 	203	0.894039	0.523507 	777   	0.0725651	39.217 	203	73 	17 	777   	3.49917
INFO:gp:204	754   	0.852164	204	0.894039	0.457177 	754   	0.0760678	39.7957	204	52 	21 	754   	3.22659
INFO:gp:205	777   	0.847018	205	0.89406 	0.485628 	777   	0.0748382	40.8856	205	53 	17 	777   	3.90949
INFO:gp:206	772   	0.847679	206	0.894062	0.444045 	772   	0.078302 	42.0127	206	62 	17 	772   	3.78721
INFO:gp:207	771   	0.846706	207	0.894062	0.466242 	771   	0.0774479	41.8817	207	75 	17 	771   	3.89308
INFO:gp:208	785   	0.843124	208	0.894062	0.522984 	785   	0.0777436	40.5024	208	80 	17 	785   	4.42531
INFO:gp:209	785   	0.852221	209	0.894062	0.305391 	785   	0.0712124	40.2082	209	57 	17 	785   	4.52674
INFO:gp:210	752   	0.850625	210	0.8941  	0.550259 	752   	0.0721976	40.392 	210	60 	17 	752   	4.32319
INFO:gp:211	769   	0.850754	211	0.8941  	0.532264 	769   	0.0711834	41.6598	211	68 	21 	769   	4.28843
INFO:gp:212	772   	0.847261	212	0.8941  	0.43527  	772   	0.0773532	42.7322	212	68 	21 	772   	3.47743
INFO:gp:213	757   	0.847927	213	0.894122	0.443996 	757   	0.079425 	43.2043	213	68 	21 	757   	3.41039
INFO:gp:214	788   	0.844995	214	0.894122	0.46145  	788   	0.0809602	43.1017	214	81 	21 	788   	3.45243
INFO:gp:215	779   	0.845063	215	0.894122	0.418331 	779   	0.0826495	42.4643	215	68 	21 	779   	3.65181
INFO:gp:216	742   	0.846812	216	0.894151	0.4197   	742   	0.0814312	41.5425	216	68 	18 	742   	3.54718
INFO:gp:217	798   	0.847639	217	0.894151	0.378332 	798   	0.0811028	40.9169	217	68 	21 	798   	4.04205
INFO:gp:218	801   	0.841865	218	0.894346	0.417753 	801   	0.0889823	41.5718	218	68 	18 	801   	3.61712
INFO:gp:219	775   	0.84739 	219	0.894346	0.398803 	775   	0.084809 	40.9316	219	68 	21 	775   	3.75095
INFO:gp:220	763   	0.848056	220	0.894346	0.398656 	763   	0.0851598	39.9179	220	73 	21 	763   	3.29802
INFO:gp:221	752   	0.852543	221	0.894346	0.492276 	752   	0.0787698	39.5924	221	50 	21 	752   	3.19442
INFO:gp:222	757   	0.846488	222	0.894356	0.418581 	757   	0.0869322	39.7253	222	50 	21 	757   	3.01865
INFO:gp:223	761   	0.844726	223	0.89436 	0.371574 	761   	0.0874791	38.9736	223	63 	17 	761   	3.41297
INFO:gp:224	757   	0.847644	224	0.89436 	0.458052 	757   	0.0840731	38.9922	224	63 	21 	757   	2.79819
INFO:gp:225	775   	0.845935	225	0.89436 	0.363184 	775   	0.0865359	38.9394	225	78 	21 	775   	3.87768
INFO:gp:226	748   	0.849125	226	0.89436 	0.380204 	748   	0.0840631	39.0929	226	73 	17 	748   	3.37986
INFO:gp:227	775   	0.840456	227	0.89436 	0.403749 	775   	0.0914581	38.914 	227	48 	21 	775   	2.71674
INFO:gp:228	762   	0.843988	228	0.894362	0.386326 	762   	0.089787 	39.0469	228	78 	21 	762   	3.24583
INFO:gp:229	795   	0.843612	229	0.894362	0.409986 	795   	0.0854549	39.2796	229	78 	21 	795   	4.24195
INFO:gp:230	770   	0.847273	230	0.894364	0.450735 	770   	0.0815169	40.2229	230	78 	17 	770   	4.66316
INFO:gp:231	758   	0.849599	231	0.894366	0.428442 	758   	0.0824344	41.9482	231	78 	21 	758   	5.33366
INFO:gp:232	765   	0.845059	232	0.894366	0.415896 	765   	0.0890828	43.1505	232	78 	20 	765   	5.4673 
INFO:gp:233	797   	0.843702	233	0.894366	0.439497 	797   	0.0879771	42.4985	233	78 	17 	797   	5.23558
INFO:gp:234	797   	0.84576 	234	0.894366	0.452868 	797   	0.0850591	41.4086	234	78 	17 	797   	4.19342
INFO:gp:235	760   	0.846954	235	0.894368	0.347997 	760   	0.0862643	40.5885	235	78 	17 	760   	3.73979
INFO:gp:236	765   	0.845527	236	0.894379	0.453268 	765   	0.0893948	40.6843	236	78 	17 	765   	4.33281
INFO:gp:237	771   	0.843242	237	0.894379	0.446405 	771   	0.0885645	41.7292	237	59 	17 	771   	3.613  
INFO:gp:238	773   	0.844346	238	0.894379	0.310797 	773   	0.0898532	41.5572	238	58 	17 	773   	4.0249 
INFO:gp:239	782   	0.845757	239	0.894385	0.378578 	782   	0.0839995	40.7273	239	80 	17 	782   	3.74934
INFO:gp:240	762   	0.849279	240	0.894385	0.409273 	762   	0.0845046	39.9873	240	75 	17 	762   	3.65106
INFO:gp:241	765   	0.847139	241	0.894402	0.451711 	765   	0.085049 	39.3978	241	49 	20 	765   	2.63651
INFO:gp:242	761   	0.850221	242	0.894413	0.452072 	761   	0.0806943	39.0831	242	73 	17 	761   	2.68553
INFO:gp:243	768   	0.843365	243	0.894413	0.4182   	768   	0.0895523	39.1417	243	73 	21 	768   	3.11846
INFO:gp:244	796   	0.850327	244	0.894417	0.451716 	796   	0.0797324	38.9189	244	73 	20 	796   	3.4449 
INFO:gp:245	756   	0.849156	245	0.894424	0.359144 	756   	0.0850556	38.8152	245	73 	22 	756   	2.60537
INFO:gp:246	773   	0.851447	246	0.894437	0.483235 	773   	0.0790489	38.7312	246	73 	21 	773   	2.59164
INFO:gp:247	795   	0.8471  	247	0.894439	0.480887 	795   	0.0835371	38.7302	247	75 	17 	795   	2.66902
INFO:gp:248	745   	0.848469	248	0.894439	0.451759 	745   	0.0840954	38.8016	248	53 	22 	745   	2.16854
INFO:gp:249	790   	0.847169	249	0.895126	0.395833 	790   	0.0832522	38.6882	249	48 	21 	790   	2.47757
INFO:gp:250	747   	0.852356	250	0.895126	0.419312 	747   	0.0810587	38.8895	250	53 	22 	747   	2.06363
INFO:gp:251	755   	0.845709	251	0.895145	0.420727 	755   	0.0865406	38.828 	251	46 	22 	755   	2.53918
INFO:gp:252	787   	0.844191	252	0.895145	0.497942 	787   	0.0868054	39.0186	252	46 	24 	787   	1.9376 
INFO:gp:253	764   	0.839606	253	0.895147	0.404188 	764   	0.0938729	38.8768	253	75 	23 	764   	2.56575
INFO:gp:254	768   	0.835142	254	0.895149	0.512042 	768   	0.0971535	38.7273	254	57 	17 	768   	2.47942
INFO:gp:255	765   	0.849889	255	0.895152	0.44245  	765   	0.0820898	38.7742	255	75 	24 	765   	2.41064
INFO:gp:256	797   	0.842785	256	0.895201	0.424446 	797   	0.0867063	38.6491	256	48 	23 	797   	2.27679
INFO:gp:257	774   	0.846089	257	0.895201	0.485837 	774   	0.0850407	38.7224	257	51 	23 	774   	2.18257
INFO:gp:258	787   	0.841847	258	0.895201	0.414878 	787   	0.0919664	38.8553	258	63 	23 	787   	1.95016
INFO:gp:259	773   	0.852518	259	0.895212	0.430501 	773   	0.0780789	38.8641	259	55 	23 	773   	1.95904
INFO:gp:260	802   	0.845111	260	0.895212	0.475531 	802   	0.0834511	38.8778	260	73 	21 	802   	2.23185
INFO:gp:261	755   	0.848141	261	0.895212	0.483734 	755   	0.0814579	38.9013	261	55 	21 	755   	1.76005
INFO:gp:262	769   	0.850405	262	0.895225	0.410138 	769   	0.0785941	38.9247	262	75 	26 	769   	1.78163
INFO:gp:263	781   	0.850695	263	0.895225	0.422966 	781   	0.0821093	38.8915	263	47 	24 	781   	1.80229
INFO:gp:264	800   	0.844608	264	0.895225	0.411454 	800   	0.0863686	39.1711	264	63 	26 	800   	2.08824
INFO:gp:265	788   	0.84549 	265	0.895231	0.418326 	788   	0.0859292	39.6149	265	73 	17 	788   	2.52345
INFO:gp:266	789   	0.850503	266	0.895231	0.419702 	789   	0.0785965	39.825 	266	73 	27 	789   	3.06395
INFO:gp:267	769   	0.852067	267	0.895231	0.376347 	769   	0.0772418	39.4809	267	73 	28 	769   	3.2536 
INFO:gp:268	767   	0.851416	268	0.895231	0.508329 	767   	0.0762524	39.4233	268	73 	28 	767   	3.39422
INFO:gp:269	785   	0.85006 	269	0.895231	0.442863 	785   	0.080145 	39.3773	269	73 	22 	785   	3.53316
INFO:gp:270	762   	0.849954	270	0.895234	0.351025 	762   	0.0834846	39.2385	270	73 	30 	762   	2.73599
INFO:gp:271	756   	0.852316	271	0.895234	0.305994 	756   	0.0787486	39.1476	271	73 	22 	756   	2.4308 
INFO:gp:272	774   	0.847224	272	0.895234	0.426425 	774   	0.0838689	39.435 	272	73 	33 	774   	2.4807 
INFO:gp:273	774   	0.847951	273	0.895234	0.45727  	774   	0.0839457	39.7566	273	73 	31 	774   	2.46072
INFO:gp:274	814   	0.849385	274	0.895234	0.452771 	814   	0.0797476	39.7586	274	73 	31 	814   	2.57922
INFO:gp:275	750   	0.850047	275	0.895242	0.43111  	750   	0.0794685	39.7908	275	73 	31 	750   	2.53716
INFO:gp:276	761   	0.852509	276	0.895242	0.458787 	761   	0.0767564	39.5865	276	73 	27 	761   	2.68992
INFO:gp:277	775   	0.849396	277	0.895246	0.433597 	775   	0.0814474	39.7077	277	62 	30 	775   	2.55757
INFO:gp:278	769   	0.850864	278	0.895246	0.473342 	769   	0.0785235	39.8798	278	63 	31 	769   	2.73034
INFO:gp:279	774   	0.848377	279	0.895317	0.418454 	774   	0.0819747	39.4321	279	63 	18 	774   	2.41958
INFO:gp:280	754   	0.850518	280	0.895317	0.480611 	754   	0.0807311	39.4555	280	63 	31 	754   	2.27652
INFO:gp:281	779   	0.849339	281	0.895317	0.42824  	779   	0.0817025	39.8123	281	63 	27 	779   	2.26839
INFO:gp:282	748   	0.84665 	282	0.895317	0.408692 	748   	0.0854091	39.6031	282	63 	27 	748   	2.24346
INFO:gp:283	778   	0.844483	283	0.895317	0.452933 	778   	0.0845783	39.306 	283	73 	27 	778   	2.55673
INFO:gp:284	755   	0.85004 	284	0.89534 	0.417029 	755   	0.0827056	39.1867	284	73 	20 	755   	2.51123
INFO:gp:285	777   	0.845016	285	0.89545 	0.472548 	777   	0.0862433	39.4311	285	73 	27 	777   	2.38906
INFO:gp:286	741   	0.846143	286	0.89545 	0.443678 	741   	0.0862637	39.3793	286	73 	27 	741   	2.44566
INFO:gp:287	771   	0.846131	287	0.895529	0.373151 	771   	0.0889354	39.4721	287	73 	31 	771   	2.99216
INFO:gp:288	772   	0.847454	288	0.895529	0.450928 	772   	0.0828639	39.7458	288	57 	30 	772   	3.36852
INFO:gp:289	758   	0.854513	289	0.895582	0.422184 	758   	0.0739936	39.6833	289	75 	30 	758   	3.1308 
INFO:gp:290	799   	0.845927	290	0.895582	0.447385 	799   	0.0837934	39.4233	290	63 	30 	799   	2.43382
INFO:gp:291	761   	0.847646	291	0.895604	0.453005 	761   	0.0828262	39.5552	291	63 	30 	761   	2.20739
INFO:gp:292	762   	0.848103	292	0.89564 	0.419334 	762   	0.0827439	40.0381	292	73 	30 	762   	2.49995
INFO:gp:293	764   	0.848737	293	0.895665	0.474536 	764   	0.0791797	40.8006	293	63 	31 	764   	2.12864
INFO:gp:294	778   	0.852939	294	0.895665	0.440903 	778   	0.0783603	41.4624	294	75 	35 	778   	2.14077
INFO:gp:295	765   	0.849517	295	0.895735	0.445442 	765   	0.0831812	42.0479	295	55 	39 	765   	2.55165
INFO:gp:296	773   	0.855296	296	0.895735	0.448761 	773   	0.0747956	42.6608	296	57 	32 	773   	3.22886
INFO:gp:297	774   	0.855121	297	0.895735	0.47468  	774   	0.0757922	42.7419	297	73 	38 	774   	4.35832
INFO:gp:298	759   	0.8514  	298	0.895741	0.337793 	759   	0.0843032	44.4487	298	63 	34 	759   	5.48178
INFO:gp:299	749   	0.848112	299	0.895754	0.394015 	749   	0.0847063	48.4839	299	73 	38 	749   	5.90057
INFO:gp:300	756   	0.856735	300	0.895817	0.469891 	756   	0.0743784	51.2952	300	64 	38 	756   	5.27419
INFO:gp:301	755   	0.854783	301	0.895817	0.486746 	755   	0.0783075	51.9042	301	64 	38 	755   	5.60308
INFO:gp:302	788   	0.854857	302	0.895817	0.465135 	788   	0.0764283	50.741 	302	66 	38 	788   	6.58773
INFO:gp:303	765   	0.851784	303	0.895834	0.510425 	765   	0.0790436	50.8182	303	75 	34 	765   	7.67511
INFO:gp:304	766   	0.849522	304	0.895834	0.471584 	766   	0.0841203	55.5044	304	69 	38 	766   	7.95096
INFO:gp:305	782   	0.853488	305	0.895839	0.43348  	782   	0.0822137	60.5484	305	72 	38 	782   	5.69864
INFO:gp:306	745   	0.854618	306	0.895861	0.457039 	745   	0.079836 	62.8827	306	72 	39 	745   	3.85032
INFO:gp:307	765   	0.854971	307	0.895882	0.414232 	765   	0.0782327	63.3656	307	77 	39 	765   	3.35738
INFO:gp:308	766   	0.855142	308	0.895898	0.403472 	766   	0.080819 	63.5318	308	74 	39 	766   	3.42076
INFO:gp:309	787   	0.85439 	309	0.895898	0.486608 	787   	0.0771798	63.4018	309	78 	39 	787   	4.00682
INFO:gp:310	765   	0.857224	310	0.8959  	0.466244 	765   	0.0781054	62.3402	310	70 	39 	765   	3.71434
INFO:gp:311	759   	0.852586	311	0.895917	0.506575 	759   	0.0796605	61.6843	311	84 	39 	759   	4.15193
INFO:gp:312	764   	0.850834	312	0.89592 	0.489769 	764   	0.0811918	60.737 	312	71 	39 	764   	3.9407 
INFO:gp:313	778   	0.854205	313	0.895925	0.442785 	778   	0.0798436	60.914 	313	81 	39 	778   	3.8318 
INFO:gp:314	775   	0.850308	314	0.895953	0.489669 	775   	0.0834108	61.4409	314	96 	31 	775   	4.05849
INFO:gp:315	770   	0.855339	315	0.895984	0.413231 	770   	0.0796138	61.4907	315	74 	39 	770   	4.00533
INFO:gp:316	768   	0.857607	316	0.895984	0.444115 	768   	0.0760323	61.9951	316	73 	39 	768   	4.25839
INFO:gp:317	767   	0.853461	317	0.895984	0.415413 	767   	0.0781711	61.7429	317	75 	39 	767   	3.98376
INFO:gp:318	774   	0.851232	318	0.895984	0.432297 	774   	0.0820727	61.7693	318	77 	39 	774   	4.41688
INFO:gp:319	808   	0.852903	319	0.895995	0.38604  	808   	0.081356 	60.3568	319	76 	39 	808   	5.21791
INFO:gp:320	771   	0.851907	320	0.895995	0.401283 	771   	0.079161 	56.9951	320	71 	34 	771   	4.75036
INFO:gp:321	773   	0.846265	321	0.896001	0.426563 	773   	0.0874628	55.3763	321	69 	38 	773   	3.45253
INFO:gp:322	774   	0.850551	322	0.896004	0.42729  	774   	0.0807016	55.1574	322	73 	39 	774   	3.09094
INFO:gp:323	741   	0.851341	323	0.896004	0.417226 	741   	0.0809758	55.0655	323	66 	31 	741   	2.65895
INFO:gp:324	770   	0.856138	324	0.896007	0.4489   	770   	0.0767874	55.0938	324	65 	39 	770   	2.6977 
INFO:gp:325	782   	0.855111	325	0.896007	0.472816 	782   	0.0767436	55.2219	325	73 	39 	782   	2.85605
INFO:gp:326	787   	0.85678 	326	0.896007	0.513444 	787   	0.0744226	55.6823	326	73 	19 	787   	3.22559
INFO:gp:327	782   	0.851701	327	0.896041	0.423203 	782   	0.0821325	55.7586	327	77 	39 	782   	3.4674 
INFO:gp:328	770   	0.854063	328	0.896041	0.357118 	770   	0.0791051	55.5894	328	73 	41 	770   	2.82005
INFO:gp:329	773   	0.84678 	329	0.896044	0.403983 	773   	0.0872741	56.2072	329	75 	40 	773   	2.34678
INFO:gp:330	788   	0.853563	330	0.896046	0.464734 	788   	0.0783625	56.4066	330	73 	39 	788   	2.43083
INFO:gp:331	757   	0.853656	331	0.896046	0.397913 	757   	0.0788572	56.4428	331	73 	39 	757   	2.48365
INFO:gp:332	752   	0.852719	332	0.896135	0.356885 	752   	0.0793935	56.306 	332	73 	39 	752   	2.53793
INFO:gp:333	776   	0.848657	333	0.896135	0.379858 	776   	0.083331 	56.1926	333	76 	39 	776   	2.55938
INFO:gp:334	760   	0.85137 	334	0.896137	0.510927 	760   	0.0819599	56.2522	334	73 	39 	760   	2.46281
INFO:gp:335	769   	0.854937	335	0.896137	0.499566 	769   	0.0776225	56.392 	335	66 	39 	769   	2.33127
INFO:gp:336	777   	0.856551	336	0.89615 	0.476898 	777   	0.0770186	55.914 	336	65 	39 	777   	2.69289
INFO:gp:337	783   	0.849761	337	0.89615 	0.416439 	783   	0.083201 	54.9541	337	63 	39 	783   	2.90462
INFO:gp:338	767   	0.852965	338	0.89615 	0.455818 	767   	0.0805865	54.5415	338	73 	39 	767   	2.79645
INFO:gp:339	768   	0.852758	339	0.896254	0.451156 	768   	0.0790794	55.4741	339	82 	39 	768   	3.05394
INFO:gp:340	791   	0.849076	340	0.896254	0.45269  	791   	0.0823207	55.7185	340	73 	39 	791   	3.00552
INFO:gp:341	759   	0.851761	341	0.896254	0.443011 	759   	0.0816335	55.5826	341	80 	39 	759   	3.44412
INFO:gp:342	750   	0.856052	342	0.896272	0.471874 	750   	0.0757745	55.2111	342	73 	39 	750   	3.2899 
INFO:gp:343	791   	0.852068	343	0.896272	0.454838 	791   	0.080701 	56.4135	343	73 	39 	791   	3.2501 
INFO:gp:344	779   	0.850759	344	0.896299	0.459962 	779   	0.0819648	56.7752	344	73 	39 	779   	2.56228
INFO:gp:345	773   	0.85002 	345	0.896299	0.47496  	773   	0.0807634	56.5836	345	69 	39 	773   	2.69546
INFO:gp:346	770   	0.854663	346	0.896425	0.544005 	770   	0.0753744	56.6921	346	69 	39 	770   	2.14481
INFO:gp:347	792   	0.853101	347	0.896425	0.486178 	792   	0.0793024	56.7937	347	66 	39 	792   	2.38181
INFO:gp:348	802   	0.85226 	348	0.896425	0.483539 	802   	0.0792894	57.1711	348	71 	39 	802   	2.28837
INFO:gp:349	781   	0.852475	349	0.896425	0.46547  	781   	0.0799229	57.4272	349	75 	39 	781   	2.7368 
INFO:gp:350	783   	0.853671	350	0.896425	0.473209 	783   	0.0804923	57.1935	350	71 	34 	783   	3.1296 
INFO:gp:351	766   	0.854718	351	0.89646 	0.492153 	766   	0.0781176	56.9413	351	80 	39 	766   	2.54509
INFO:gp:352	777   	0.854669	352	0.89646 	0.463548 	777   	0.076122 	56.7634	352	75 	39 	777   	2.23645
INFO:gp:353	765   	0.852834	353	0.89646 	0.506584 	765   	0.0793505	56.7654	353	66 	39 	765   	2.11259
INFO:gp:354	756   	0.854195	354	0.89646 	0.45365  	756   	0.0777467	56.7771	354	65 	32 	756   	2.47395
INFO:gp:355	776   	0.853431	355	0.896462	0.431899 	776   	0.077693 	57.045 	355	73 	39 	776   	2.21784
INFO:gp:356	784   	0.856635	356	0.896462	0.519665 	784   	0.0738667	57.0137	356	65 	39 	784   	2.02617
INFO:gp:357	795   	0.84996 	357	0.896462	0.467423 	795   	0.0788448	56.8465	357	67 	39 	795   	2.02885
INFO:gp:358	780   	0.85373 	358	0.896468	0.487248 	780   	0.0776199	56.8055	358	73 	39 	780   	1.93953
INFO:gp:359	773   	0.854996	359	0.896471	0.433881 	773   	0.0763996	56.6804	359	63 	17 	773   	2.413  
INFO:gp:360	815   	0.848864	360	0.896471	0.493921 	815   	0.0819521	56.7468	360	68 	39 	815   	2.16283
INFO:gp:361	776   	0.851885	361	0.896477	0.420491 	776   	0.0810004	56.7292	361	68 	39 	776   	2.30771
INFO:gp:362	790   	0.847589	362	0.896477	0.327948 	790   	0.0870928	56.998 	362	80 	39 	790   	2.16251
INFO:gp:363	780   	0.851419	363	0.896477	0.422115 	780   	0.0814783	57.0948	363	70 	39 	780   	2.52917
INFO:gp:364	786   	0.8521  	364	0.896477	0.467992 	786   	0.0791335	57.6256	364	73 	39 	786   	2.49645
INFO:gp:365	768   	0.849658	365	0.896486	0.421902 	768   	0.0834682	57.9433	365	85 	17 	768   	2.92906
INFO:gp:366	768   	0.848229	366	0.896486	0.396189 	768   	0.0862023	57.5934	366	67 	35 	768   	2.29173
INFO:gp:367	790   	0.846538	367	0.896486	0.382473 	790   	0.0849093	57.1339	367	73 	40 	790   	2.09982
INFO:gp:368	767   	0.846905	368	0.896486	0.473492 	767   	0.0873236	57.1613	368	71 	39 	767   	2.1549 
INFO:gp:369	767   	0.851711	369	0.896486	0.513776 	767   	0.0777299	57.6764	369	69 	47 	767   	2.33715
INFO:gp:370	773   	0.850502	370	0.896486	0.522416 	773   	0.0789707	58.3715	370	69 	39 	773   	2.32393
INFO:gp:371	769   	0.84865 	371	0.896492	0.38514  	769   	0.0816154	58.6852	371	70 	33 	769   	2.37176
INFO:gp:372	765   	0.853682	372	0.896492	0.424672 	765   	0.0775802	58.9101	372	75 	49 	765   	2.4902 
INFO:gp:373	781   	0.848664	373	0.896492	0.505693 	781   	0.0804325	59.305 	373	69 	32 	781   	2.8168 
INFO:gp:374	762   	0.849869	374	0.896492	0.428003 	762   	0.0820286	59.8543	374	69 	47 	762   	3.07376
INFO:gp:375	765   	0.851379	375	0.896492	0.494026 	765   	0.0821525	59.478 	375	69 	46 	765   	2.82103
INFO:gp:376	783   	0.846475	376	0.896497	0.504579 	783   	0.0857454	58.9501	376	69 	32 	783   	2.22587
INFO:gp:377	777   	0.847939	377	0.896497	0.420949 	777   	0.0870056	58.9873	377	69 	46 	777   	1.76388
INFO:gp:378	770   	0.846243	378	0.896505	0.476833 	770   	0.0863446	59.0469	378	85 	49 	770   	2.19832
INFO:gp:379	785   	0.847388	379	0.896505	0.345315 	785   	0.0846604	59.1212	379	72 	48 	785   	2.59539
INFO:gp:380	787   	0.848168	380	0.896505	0.380167 	787   	0.0856198	59.0137	380	71 	49 	787   	3.17674
INFO:gp:381	784   	0.847808	381	0.896505	0.457171 	784   	0.0824394	58.8475	381	83 	46 	784   	3.26662
INFO:gp:382	790   	0.851285	382	0.89651 	0.453061 	790   	0.0823381	59.1564	382	71 	49 	790   	2.98169
INFO:gp:383	772   	0.849391	383	0.896518	0.453068 	772   	0.0829575	59.9492	383	83 	49 	772   	2.65541
INFO:gp:384	765   	0.844249	384	0.896518	0.345636 	765   	0.090868 	60.4154	384	83 	49 	765   	2.58812
INFO:gp:385	788   	0.84663 	385	0.896518	0.453074 	788   	0.0865955	60.4878	385	72 	49 	788   	2.39493
INFO:gp:386	789   	0.848397	386	0.896518	0.474985 	789   	0.0836898	60.2845	386	76 	46 	789   	2.56189
INFO:gp:387	798   	0.84507 	387	0.89652 	0.437901 	798   	0.0890669	59.784 	387	78 	46 	798   	2.46922
INFO:gp:388	784   	0.847199	388	0.896521	0.421768 	784   	0.0886521	60.1779	388	74 	45 	784   	2.6727 
INFO:gp:389	739   	0.849517	389	0.896521	0.382507 	739   	0.0862296	61.1848	389	95 	49 	739   	3.00083
INFO:gp:390	787   	0.847972	390	0.896521	0.470513 	787   	0.083963 	61.8446	390	73 	49 	787   	2.21527
INFO:gp:391	796   	0.845443	391	0.896521	0.383949 	796   	0.0844828	61.6872	391	82 	49 	796   	2.46657
INFO:gp:392	766   	0.850681	392	0.896521	0.365899 	766   	0.0819696	61.74  	392	90 	47 	766   	2.49708
INFO:gp:393	749   	0.850555	393	0.896531	0.434773 	749   	0.0827724	62.3646	393	82 	50 	749   	2.09524
INFO:gp:394	780   	0.849614	394	0.896531	0.405354 	780   	0.0856126	62.5767	394	79 	50 	780   	2.24713
INFO:gp:395	740   	0.849133	395	0.896531	0.453079 	740   	0.0832483	62.7683	395	85 	50 	740   	1.92633
INFO:gp:396	752   	0.85035 	396	0.896531	0.419141 	752   	0.0821299	62.8719	396	85 	47 	752   	2.12287
INFO:gp:397	797   	0.846902	397	0.896531	0.491593 	797   	0.0833111	63.0704	397	85 	50 	797   	2.11658
INFO:gp:398	775   	0.853301	398	0.896532	0.481839 	775   	0.0812828	63.4604	398	85 	50 	775   	2.35387
INFO:gp:399	759   	0.851684	399	0.896532	0.453088 	759   	0.0811712	64.1026	399	85 	47 	759   	2.33303
INFO:gp:400	795   	0.843287	400	0.896532	0.475557 	795   	0.0906803	64.6158	400	85 	50 	795   	2.14208
INFO:__main__:Saving model to file: checkpoints/run_22.pth
INFO:util:Train accuracy: 0.975 +- 0.025000000000000022
INFO:util:Val accuracy: 0.975 +- 0.025000000000000022
INFO:util:Test accuracy: 0.5 +- 0.0
INFO:util:Train intra-class: 0.050976963785557994, Train Inter-class: 0.21629818653235244
INFO:util:Val intra-class: 0.1334925379223437, Val Inter-class: 0.20040756517818514
INFO:util:Test intra-class: 0.0, Test inter-class: 0.2193554742119325
INFO:plot:Saving t-SNE to file: figures/tsne.png
INFO:plot:Saving t-SNE to file: figures/tsne.png
INFO:plot:Saving tree to file: figures/tree-0.pdf
INFO:plot:Saving tree to file: figures/tree-1.pdf
INFO:plot:Saving tree to file: figures/tree-2.pdf
INFO:plot:Saving tree to file: figures/tree-3.pdf
INFO:plot:Saving tree to file: figures/tree-4.pdf
INFO:plot:Saving tree to file: figures/tree-5.pdf
