INFO:data:Reading dataset fish: part
INFO:data:Class Counts: [6 6 3 6 6 3], Class Ratios: [0.2 0.2 0.1 0.2 0.2 0.1]
INFO:data:Number of features: 1023
INFO:data:Number of instances: 30
INFO:data:Number of classes 6.
INFO:__main__:No model found. Train from scratch.
INFO:gp:   	      	                                 fitness                                 	                      size                     
   	      	-------------------------------------------------------------------------	-----------------------------------------------
gen	nevals	avg     	gen	max     	min      	nevals	std      	avg    	gen	max	min	nevals	std    
0  	1023  	0.235666	0  	0.536197	0.0983144	1023  	0.0713452	4.62561	0  	7  	2  	1023  	1.45496
INFO:gp:1  	803   	0.320679	1  	0.536197	0.121783 	803   	0.0694006	4.62561	1  	11 	2  	803   	1.5084 
INFO:gp:2  	767   	0.382236	2  	0.568983	0.133056 	767   	0.0718252	4.79179	2  	12 	2  	767   	1.58026
INFO:gp:3  	743   	0.434756	3  	0.579668	0.163639 	743   	0.0687524	5.00978	3  	12 	3  	743   	1.51819
INFO:gp:4  	779   	0.464057	4  	0.612925	0.216852 	779   	0.0712187	5.12903	4  	14 	3  	779   	1.46679
INFO:gp:5  	778   	0.493215	5  	0.642722	0.195265 	778   	0.0712636	4.99804	5  	12 	3  	778   	1.42248
INFO:gp:6  	779   	0.522729	6  	0.686672	0.231061 	779   	0.0680043	5.21017	6  	12 	3  	779   	1.33814
INFO:gp:7  	756   	0.548216	7  	0.686672	0.267485 	756   	0.0682241	5.28348	7  	13 	3  	756   	1.38974
INFO:gp:8  	760   	0.567174	8  	0.747032	0.277632 	760   	0.0703178	5.261  	8  	12 	3  	760   	1.45822
INFO:gp:9  	755   	0.58714 	9  	0.747032	0.290052 	755   	0.0758893	5.44282	9  	12 	3  	755   	1.38714
INFO:gp:10 	788   	0.601194	10 	0.768392	0.262939 	788   	0.081996 	5.35875	10 	16 	3  	788   	1.2527 
INFO:gp:11 	747   	0.63222 	11 	0.768392	0.311503 	747   	0.0832815	5.05767	11 	12 	3  	747   	1.06834
INFO:gp:12 	755   	0.665192	12 	0.788768	0.317564 	755   	0.0791863	4.81623	12 	11 	3  	755   	0.900446
INFO:gp:13 	775   	0.696741	13 	0.789492	0.303653 	775   	0.0785966	5.02151	13 	10 	3  	775   	0.992409
INFO:gp:14 	792   	0.717203	14 	0.790822	0.361349 	792   	0.0722175	5.3783 	14 	10 	3  	792   	0.999804
INFO:gp:15 	758   	0.731321	15 	0.790822	0.392262 	758   	0.0757084	5.53079	15 	13 	3  	758   	1.10751 
INFO:gp:16 	785   	0.748389	16 	0.791536	0.431672 	785   	0.0694349	5.68524	16 	12 	3  	785   	1.26098 
INFO:gp:17 	774   	0.749563	17 	0.791749	0.410961 	774   	0.0720204	5.61975	17 	11 	3  	774   	1.06352 
INFO:gp:18 	783   	0.744576	18 	0.792405	0.401755 	783   	0.0736927	5.41251	18 	12 	3  	783   	0.9007  
INFO:gp:19 	800   	0.736738	19 	0.809912	0.409173 	800   	0.0820527	5.54057	19 	12 	3  	800   	1.00928 
INFO:gp:20 	778   	0.745604	20 	0.809912	0.360664 	778   	0.0776614	5.79961	20 	11 	5  	778   	1.1027  
INFO:gp:21 	773   	0.745243	21 	0.809912	0.387255 	773   	0.0799748	6.29814	21 	11 	5  	773   	1.18151 
INFO:gp:22 	778   	0.749305	22 	0.809912	0.380939 	778   	0.0749751	6.75367	22 	12 	3  	778   	1.09737 
INFO:gp:23 	795   	0.745428	23 	0.810452	0.32897  	795   	0.0817199	6.53079	23 	12 	3  	795   	1.22486 
INFO:gp:24 	773   	0.753226	24 	0.835521	0.388211 	773   	0.0789471	5.84262	24 	11 	3  	773   	1.16551 
INFO:gp:25 	793   	0.760388	25 	0.835521	0.432924 	793   	0.0754451	5.43891	25 	11 	3  	793   	1.01501 
INFO:gp:26 	767   	0.759848	26 	0.835714	0.403771 	767   	0.0791942	5.3089 	26 	10 	3  	767   	0.840326
INFO:gp:27 	740   	0.764954	27 	0.835714	0.427293 	740   	0.075758 	5.31965	27 	10 	3  	740   	0.861059
INFO:gp:28 	782   	0.770788	28 	0.836111	0.427836 	782   	0.0810025	5.22678	28 	10 	3  	782   	0.911202
INFO:gp:29 	768   	0.784762	29 	0.836111	0.447886 	768   	0.0785208	5.24145	29 	10 	3  	768   	0.888375
INFO:gp:30 	770   	0.787438	30 	0.837326	0.454833 	770   	0.0780874	5.1652 	30 	10 	3  	770   	0.818339
INFO:gp:31 	773   	0.786119	31 	0.837326	0.387715 	773   	0.0807556	5.14956	31 	10 	3  	773   	0.793496
INFO:gp:32 	788   	0.781479	32 	0.837326	0.434772 	788   	0.0825496	5.13196	32 	10 	3  	788   	0.753736
INFO:gp:33 	790   	0.787004	33 	0.837751	0.44688  	790   	0.0789826	5.13685	33 	10 	3  	790   	0.777771
INFO:gp:34 	770   	0.788271	34 	0.837751	0.422632 	770   	0.0793084	5.11046	34 	10 	3  	770   	0.726888
INFO:gp:35 	781   	0.787056	35 	0.837751	0.332207 	781   	0.0809786	5.09286	35 	10 	3  	781   	0.719901
INFO:gp:36 	769   	0.79088 	36 	0.837751	0.462784 	769   	0.0774675	5.10459	36 	11 	3  	769   	0.723714
INFO:gp:37 	745   	0.792738	37 	0.837751	0.404084 	745   	0.0790963	5.087  	37 	11 	3  	745   	0.698593
INFO:gp:38 	757   	0.79173 	38 	0.837751	0.442423 	757   	0.0760815	5.09677	38 	11 	3  	757   	0.734181
INFO:gp:39 	771   	0.787567	39 	0.837751	0.393182 	771   	0.0821491	5.10753	39 	10 	3  	771   	0.707571
INFO:gp:40 	755   	0.785797	40 	0.837751	0.355488 	755   	0.0842963	5.10166	40 	9  	3  	755   	0.704286
INFO:gp:41 	785   	0.787693	41 	0.837751	0.361442 	785   	0.0821334	5.11241	41 	11 	3  	785   	0.773506
INFO:gp:42 	782   	0.789163	42 	0.837751	0.445995 	782   	0.0803366	5.13001	42 	11 	3  	782   	0.841093
INFO:gp:43 	758   	0.790697	43 	0.837751	0.437173 	758   	0.0810919	5.11339	43 	11 	3  	758   	0.767654
INFO:gp:44 	776   	0.790094	44 	0.837751	0.422963 	776   	0.0806831	5.10459	44 	10 	3  	776   	0.696176
INFO:gp:45 	748   	0.791443	45 	0.837751	0.413016 	748   	0.0767098	5.1085 	45 	11 	3  	748   	0.710868
INFO:gp:46 	725   	0.792237	46 	0.837751	0.382469 	725   	0.0792004	5.1261 	46 	10 	3  	725   	0.753443
INFO:gp:47 	775   	0.788263	47 	0.837751	0.190765 	775   	0.083918 	5.10948	47 	11 	3  	775   	0.735723
INFO:gp:48 	756   	0.787543	48 	0.837751	0.341076 	756   	0.0827831	5.10362	48 	11 	3  	756   	0.716389
INFO:gp:49 	773   	0.789109	49 	0.837751	0.327612 	773   	0.079725 	5.09189	49 	12 	3  	773   	0.760307
INFO:gp:50 	793   	0.789095	50 	0.837751	0.332061 	793   	0.0808033	5.11046	50 	11 	3  	793   	0.764893
INFO:gp:51 	779   	0.788573	51 	0.837751	0.355199 	779   	0.0839559	5.11046	51 	9  	3  	779   	0.70919 
INFO:gp:52 	744   	0.790238	52 	0.837751	0.407621 	744   	0.0804519	5.10166	52 	11 	3  	744   	0.695908
INFO:gp:53 	777   	0.787722	53 	0.837751	0.466948 	777   	0.0813552	5.09677	53 	10 	3  	777   	0.690261
INFO:gp:54 	771   	0.79073 	54 	0.837751	0.356693 	771   	0.0831709	5.0782 	54 	9  	3  	771   	0.635957
INFO:gp:55 	781   	0.787922	55 	0.837751	0.444412 	781   	0.0815113	5.09677	55 	9  	3  	781   	0.700104
INFO:gp:56 	810   	0.786533	56 	0.837751	0.446638 	810   	0.0821537	5.09482	56 	10 	3  	810   	0.690533
INFO:gp:57 	763   	0.790701	57 	0.837751	0.31213  	763   	0.0819564	5.06745	57 	9  	3  	763   	0.653097
INFO:gp:58 	768   	0.790078	58 	0.837751	0.362847 	768   	0.0833568	5.08895	58 	11 	3  	768   	0.714947
INFO:gp:59 	759   	0.790373	59 	0.837751	0.350374 	759   	0.0791715	5.09091	59 	10 	3  	759   	0.641163
INFO:gp:60 	774   	0.790724	60 	0.837751	0.402554 	774   	0.0811241	5.08504	60 	11 	3  	774   	0.634308
INFO:gp:61 	786   	0.782697	61 	0.837751	0.453812 	786   	0.0830201	5.07918	61 	9  	3  	786   	0.645752
INFO:gp:62 	752   	0.788175	62 	0.837751	0.383449 	752   	0.0853502	5.08407	62 	11 	3  	752   	0.74433 
INFO:gp:63 	752   	0.788685	63 	0.837751	0.332974 	752   	0.0845725	5.08113	63 	10 	3  	752   	0.680884
INFO:gp:64 	777   	0.792775	64 	0.837751	0.457112 	777   	0.0785447	5.06061	64 	10 	3  	777   	0.596702
INFO:gp:65 	780   	0.784647	65 	0.837751	0.355359 	780   	0.0865281	5.08602	65 	11 	3  	780   	0.703594
INFO:gp:66 	761   	0.789696	66 	0.837751	0.342463 	761   	0.0807755	5.07331	66 	10 	3  	761   	0.649461
INFO:gp:67 	776   	0.785599	67 	0.837751	0.431978 	776   	0.0841494	5.0694 	67 	10 	3  	776   	0.631583
INFO:gp:68 	750   	0.792136	68 	0.837751	0.468929 	750   	0.0794823	5.08798	68 	11 	3  	750   	0.669166
INFO:gp:69 	785   	0.784989	69 	0.837751	0.435719 	785   	0.0832871	5.07722	69 	10 	3  	785   	0.659467
INFO:gp:70 	789   	0.787322	70 	0.837751	0.454054 	789   	0.081235 	5.08504	70 	9  	3  	789   	0.703018
INFO:gp:71 	774   	0.785386	71 	0.837751	0.392816 	774   	0.0838882	5.11046	71 	10 	3  	774   	0.659184
INFO:gp:72 	771   	0.78997 	72 	0.837751	0.383208 	771   	0.0790641	5.07918	72 	10 	3  	771   	0.706475
INFO:gp:73 	790   	0.794071	73 	0.837751	0.401994 	790   	0.0789959	5.07038	73 	9  	3  	790   	0.618177
INFO:gp:74 	769   	0.788418	74 	0.837751	0.289149 	769   	0.0838164	5.087  	74 	9  	3  	769   	0.684457
INFO:gp:75 	776   	0.793378	75 	0.837781	0.367865 	776   	0.0788122	5.09384	75 	10 	3  	776   	0.662493
INFO:gp:76 	745   	0.791017	76 	0.848634	0.436335 	745   	0.0792644	5.05572	76 	9  	3  	745   	0.677688
INFO:gp:77 	745   	0.789531	77 	0.848634	0.386446 	745   	0.0818837	5.07527	77 	11 	3  	745   	0.669985
INFO:gp:78 	775   	0.785096	78 	0.848634	0.413431 	775   	0.0853684	5.0782 	78 	11 	3  	775   	0.609267
INFO:gp:79 	780   	0.789401	79 	0.848634	0.41425  	780   	0.0815709	5.0958 	79 	11 	3  	780   	0.654791
INFO:gp:80 	763   	0.78722 	80 	0.848729	0.420884 	763   	0.0877388	5.06745	80 	10 	3  	763   	0.714564
INFO:gp:81 	775   	0.797916	81 	0.848729	0.369749 	775   	0.0808941	5.0694 	81 	9  	3  	775   	0.657368
INFO:gp:82 	737   	0.807471	82 	0.848729	0.414861 	737   	0.0762893	5.09482	82 	10 	3  	737   	0.668962
INFO:gp:83 	777   	0.813667	83 	0.848729	0.443965 	777   	0.0705122	5.10264	83 	11 	3  	777   	0.706223
INFO:gp:84 	790   	0.804844	84 	0.848729	0.287945 	790   	0.0804438	5.06843	84 	11 	3  	790   	0.69435 
INFO:gp:85 	787   	0.804544	85 	0.848729	0.424267 	787   	0.0789641	5.08504	85 	9  	3  	787   	0.664415
INFO:gp:86 	749   	0.806609	86 	0.848729	0.423805 	749   	0.0788   	5.10459	86 	11 	3  	749   	0.745012
INFO:gp:87 	780   	0.803828	87 	0.848729	0.467143 	780   	0.0806102	5.08895	87 	9  	3  	780   	0.737824
INFO:gp:88 	768   	0.80827 	88 	0.848729	0.42909  	768   	0.0743399	5.07234	88 	10 	3  	768   	0.633573
INFO:gp:89 	774   	0.804241	89 	0.848729	0.455985 	774   	0.0804798	5.07722	89 	10 	3  	774   	0.657983
INFO:gp:90 	799   	0.802929	90 	0.848729	0.473589 	799   	0.080689 	5.05865	90 	9  	3  	799   	0.647184
INFO:gp:91 	783   	0.811429	91 	0.848729	0.387988 	783   	0.0725226	5.07918	91 	11 	3  	783   	0.691087
INFO:gp:92 	765   	0.8067  	92 	0.848729	0.474735 	765   	0.0765824	5.09091	92 	9  	3  	765   	0.614699
INFO:gp:93 	757   	0.80977 	93 	0.848729	0.484992 	757   	0.072746 	5.0958 	93 	9  	3  	757   	0.70233 
INFO:gp:94 	770   	0.807116	94 	0.848729	0.352175 	770   	0.0783695	5.09482	94 	10 	3  	770   	0.734436
INFO:gp:95 	794   	0.809838	95 	0.848729	0.48763  	794   	0.073788 	5.09482	95 	9  	3  	794   	0.691947
INFO:gp:96 	772   	0.811093	96 	0.848729	0.373753 	772   	0.0741503	5.09873	96 	11 	3  	772   	0.695628
INFO:gp:97 	791   	0.80842 	97 	0.84873 	0.288586 	791   	0.076867 	5.10753	97 	10 	3  	791   	0.759541
INFO:gp:98 	779   	0.807383	98 	0.84873 	0.406608 	779   	0.0799767	5.12121	98 	11 	3  	779   	0.729875
INFO:gp:99 	769   	0.815724	99 	0.84873 	0.460728 	769   	0.0687397	5.16325	99 	9  	3  	769   	0.73705 
INFO:gp:100	760   	0.808169	100	0.84873 	0.441312 	760   	0.0778329	5.42229	100	11 	3  	760   	1.18378 
INFO:gp:101	782   	0.804628	101	0.848731	0.430513 	782   	0.0785933	6.05767	101	13 	3  	782   	1.57062 
INFO:gp:102	760   	0.81069 	102	0.848731	0.169772 	760   	0.0754707	7.26784	102	13 	3  	760   	1.72968 
INFO:gp:103	768   	0.811022	103	0.849619	0.449205 	768   	0.0724747	7.90616	103	18 	3  	768   	1.68571 
INFO:gp:104	760   	0.806783	104	0.849619	0.463546 	760   	0.078401 	8.46823	104	18 	3  	760   	2.21536 
INFO:gp:105	769   	0.814474	105	0.849621	0.444803 	769   	0.0675834	9.77028	105	18 	3  	769   	2.88303 
INFO:gp:106	776   	0.813099	106	0.849927	0.450945 	776   	0.0685714	11.2375	106	23 	3  	776   	2.99842 
INFO:gp:107	765   	0.806378	107	0.849927	0.499721 	765   	0.0755079	10.6911	107	23 	3  	765   	3.03553 
INFO:gp:108	785   	0.80306 	108	0.850272	0.434183 	785   	0.0777399	9.85142	108	22 	3  	785   	3.0134  
INFO:gp:109	773   	0.804878	109	0.850272	0.456606 	773   	0.076805 	10.1906	109	23 	3  	773   	3.22288 
INFO:gp:110	800   	0.806544	110	0.850272	0.508132 	800   	0.0740996	9.53079	110	22 	3  	800   	3.45489 
INFO:gp:111	772   	0.805976	111	0.850272	0.508716 	772   	0.0757458	7.88563	111	22 	3  	772   	2.58646 
INFO:gp:112	757   	0.805141	112	0.850272	0.402997 	757   	0.0799176	7.59042	112	22 	3  	757   	2.25357 
INFO:gp:113	783   	0.803844	113	0.850272	0.472357 	783   	0.0785677	7.52688	113	22 	3  	783   	2.16454 
INFO:gp:114	763   	0.801108	114	0.850272	0.455247 	763   	0.0806563	7.48387	114	22 	4  	763   	2.04865 
INFO:gp:115	737   	0.806417	115	0.850272	0.363423 	737   	0.076985 	7.5044 	115	22 	4  	737   	2.07337 
INFO:gp:116	752   	0.806019	116	0.850272	0.4044   	752   	0.0797737	7.47507	116	22 	4  	752   	2.00271 
INFO:gp:117	790   	0.801838	117	0.850272	0.404968 	790   	0.0783525	7.46041	117	22 	4  	790   	2.0093  
INFO:gp:118	779   	0.803963	118	0.850272	0.463525 	779   	0.07852  	7.47605	118	22 	3  	779   	2.0704  
INFO:gp:119	782   	0.798935	119	0.850272	0.472083 	782   	0.0814493	7.44379	119	22 	4  	782   	1.99719 
INFO:gp:120	787   	0.802183	120	0.850272	0.438612 	787   	0.0798739	7.46041	120	22 	4  	787   	2.0015  
INFO:gp:121	779   	0.801485	121	0.850272	0.371614 	779   	0.0825144	7.43011	121	22 	4  	779   	1.9751  
INFO:gp:122	772   	0.800588	122	0.850272	0.268702 	772   	0.0822144	7.44086	122	22 	4  	772   	2.01756 
INFO:gp:123	771   	0.804897	123	0.850272	0.456252 	771   	0.0785498	7.43206	123	22 	4  	771   	1.99193 
INFO:gp:124	793   	0.796799	124	0.850272	0.421376 	793   	0.0869737	7.42229	124	20 	4  	793   	1.9063  
INFO:gp:125	801   	0.80224 	125	0.850272	0.44984  	801   	0.0785434	7.41153	125	20 	4  	801   	1.88883 
INFO:gp:126	754   	0.803558	126	0.850272	0.40727  	754   	0.0788187	7.38025	126	20 	3  	754   	1.9031  
INFO:gp:127	777   	0.799706	127	0.850272	0.429392 	777   	0.0806914	7.35191	127	20 	4  	777   	1.79041 
INFO:gp:128	753   	0.804245	128	0.850272	0.474882 	753   	0.078227 	7.34018	128	20 	3  	753   	1.84958 
INFO:gp:129	776   	0.800991	129	0.850272	0.48882  	776   	0.0792757	7.35191	129	20 	3  	776   	1.74787 
INFO:gp:130	773   	0.805424	130	0.850272	0.418607 	773   	0.0774511	7.31378	130	20 	4  	773   	1.68202 
INFO:gp:131	756   	0.801809	131	0.850272	0.43562  	756   	0.0812426	7.3304 	131	20 	3  	756   	1.72053 
INFO:gp:132	764   	0.79549 	132	0.850528	0.471379 	764   	0.0859734	7.32845	132	20 	4  	764   	1.72715 
INFO:gp:133	790   	0.795983	133	0.850528	0.35574  	790   	0.0837074	7.35875	133	20 	3  	790   	1.75791 
INFO:gp:134	764   	0.800732	134	0.850528	0.448063 	764   	0.0818298	7.34115	134	20 	4  	764   	1.67085 
INFO:gp:135	798   	0.799433	135	0.85058 	0.399356 	798   	0.079056 	7.53177	135	20 	4  	798   	1.84192 
INFO:gp:136	786   	0.804265	136	0.85058 	0.482447 	786   	0.0789664	7.80254	136	20 	4  	786   	1.82202 
INFO:gp:137	757   	0.805045	137	0.85058 	0.471232 	757   	0.0764054	8.51515	137	20 	4  	757   	1.89961 
INFO:gp:138	758   	0.805322	138	0.85058 	0.400679 	758   	0.0793458	9.02248	138	20 	4  	758   	1.67918 
INFO:gp:139	778   	0.802706	139	0.850609	0.322906 	778   	0.0821487	9.02835	139	20 	3  	778   	1.6071  
INFO:gp:140	790   	0.804616	140	0.850609	0.402648 	790   	0.0761997	9.08211	140	20 	4  	790   	1.7105  
INFO:gp:141	763   	0.804545	141	0.850609	0.396444 	763   	0.0782666	9.07625	141	20 	4  	763   	1.56578 
INFO:gp:142	776   	0.808385	142	0.850609	0.422598 	776   	0.0746113	9.14565	142	20 	4  	776   	1.70655 
INFO:gp:143	764   	0.803078	143	0.850609	0.45602  	764   	0.0786838	9.20137	143	20 	4  	764   	1.76656 
INFO:gp:144	760   	0.803805	144	0.850609	0.434796 	760   	0.0790781	9.40469	144	20 	4  	760   	1.77593 
INFO:gp:145	786   	0.805372	145	0.850609	0.362854 	786   	0.0792597	9.78299	145	20 	4  	786   	1.73623 
INFO:gp:146	782   	0.807129	146	0.850609	0.48756  	782   	0.0753086	9.99609	146	20 	4  	782   	1.82038 
INFO:gp:147	770   	0.801076	147	0.850609	0.403474 	770   	0.0828881	10.0029	147	20 	4  	770   	1.70589 
INFO:gp:148	787   	0.80352 	148	0.850609	0.392388 	787   	0.078353 	10.0029	148	20 	4  	787   	1.82494 
INFO:gp:149	761   	0.80671 	149	0.850609	0.466194 	761   	0.0741616	10.0166	149	20 	4  	761   	1.67924 
INFO:gp:150	759   	0.80487 	150	0.850609	0.434316 	759   	0.0772383	10.0313	150	20 	4  	759   	1.69555 
INFO:gp:151	757   	0.809144	151	0.850806	0.425819 	757   	0.0719761	10.0088	151	20 	3  	757   	1.68105 
INFO:gp:152	769   	0.800716	152	0.850806	0.336972 	769   	0.0795323	10.0215	152	20 	3  	769   	1.95989 
INFO:gp:153	757   	0.806707	153	0.850806	0.488893 	757   	0.0738402	10.0293	153	20 	3  	757   	1.61164 
INFO:gp:154	765   	0.804494	154	0.850806	0.381149 	765   	0.0777474	9.98534	154	20 	4  	765   	1.75887 
INFO:gp:155	779   	0.809943	155	0.850806	0.414456 	779   	0.0743302	9.83187	155	20 	4  	779   	1.73546 
INFO:gp:156	775   	0.8044  	156	0.850806	0.443941 	775   	0.077962 	9.565  	156	20 	4  	775   	1.68236 
INFO:gp:157	776   	0.804684	157	0.850806	0.369826 	776   	0.0790588	9.17595	157	20 	4  	776   	1.67096 
INFO:gp:158	780   	0.805648	158	0.850806	0.471949 	780   	0.0771592	9.13392	158	20 	4  	780   	1.51198 
INFO:gp:159	779   	0.801806	159	0.850806	0.327054 	779   	0.0809036	9.10459	159	20 	4  	779   	1.51558 
INFO:gp:160	771   	0.802483	160	0.850806	0.222832 	771   	0.0824259	9.10459	160	20 	4  	771   	1.53989 
INFO:gp:161	747   	0.80573 	161	0.850806	0.424805 	747   	0.0766373	9.10948	161	20 	4  	747   	1.42788 
INFO:gp:162	784   	0.805025	162	0.850806	0.407902 	784   	0.075145 	9.0782 	162	17 	4  	784   	1.4503  
INFO:gp:163	761   	0.802148	163	0.850806	0.439906 	761   	0.0802175	9.06647	163	18 	4  	761   	1.41127 
INFO:gp:164	750   	0.80892 	164	0.850806	0.488493 	750   	0.0723227	9.0567 	164	17 	4  	750   	1.32821 
INFO:gp:165	782   	0.805201	165	0.850806	0.437025 	782   	0.0789115	9.06549	165	17 	4  	782   	1.18173 
INFO:gp:166	754   	0.80884 	166	0.850806	0.406341 	754   	0.0739518	9.08798	166	17 	3  	754   	1.47911 
INFO:gp:167	812   	0.80463 	167	0.851084	0.408866 	812   	0.0792367	9.05474	167	17 	4  	812   	1.2887  
INFO:gp:168	784   	0.802187	168	0.851084	0.448596 	784   	0.081947 	9.07527	168	17 	4  	784   	1.40283 
INFO:gp:169	765   	0.805573	169	0.851084	0.38709  	765   	0.0781815	9.08993	169	17 	4  	765   	1.30032 
INFO:gp:170	771   	0.801716	170	0.851084	0.43419  	771   	0.0810095	9.08113	170	17 	4  	771   	1.18324 
INFO:gp:171	765   	0.807583	171	0.851084	0.44978  	765   	0.0752721	9.08895	171	17 	3  	765   	1.31719 
INFO:gp:172	790   	0.802564	172	0.851084	0.455786 	790   	0.0789905	9.15347	172	18 	3  	790   	1.33635 
INFO:gp:173	784   	0.805626	173	0.851084	0.424593 	784   	0.0762123	9.12414	173	17 	4  	784   	1.37398 
INFO:gp:174	750   	0.806822	174	0.851084	0.425271 	750   	0.0752446	9.09384	174	17 	3  	750   	1.27805 
INFO:gp:175	784   	0.802823	175	0.851084	0.468392 	784   	0.0771291	9.08211	175	17 	4  	784   	1.39721 
INFO:gp:176	770   	0.804665	176	0.851084	0.334135 	770   	0.0788093	9.13001	176	18 	3  	770   	1.42238 
INFO:gp:177	762   	0.807734	177	0.851084	0.491332 	762   	0.0743046	9.1261 	177	17 	4  	762   	1.23991 
INFO:gp:178	752   	0.80691 	178	0.851084	0.453965 	752   	0.0753174	9.08993	178	17 	4  	752   	1.44894 
INFO:gp:179	786   	0.80186 	179	0.851084	0.413571 	786   	0.0795601	9.10362	179	17 	4  	786   	1.32685 
INFO:gp:180	796   	0.806937	180	0.851084	0.452558 	796   	0.075884 	9.1085 	180	17 	4  	796   	1.30678 
INFO:gp:181	774   	0.80124 	181	0.851084	0.4477   	774   	0.0812392	9.11926	181	17 	4  	774   	1.25663 
INFO:gp:182	754   	0.802612	182	0.851084	0.434479 	754   	0.0795273	9.10459	182	17 	4  	754   	1.28142 
INFO:gp:183	777   	0.807484	183	0.851084	0.40135  	777   	0.0759226	9.10459	183	17 	4  	777   	1.17143 
INFO:gp:184	766   	0.80487 	184	0.851084	0.435695 	766   	0.0771755	9.11828	184	16 	4  	766   	1.26177 
INFO:gp:185	806   	0.802815	185	0.851084	0.482259 	806   	0.0764721	9.07429	185	16 	3  	806   	1.16664 
INFO:gp:186	757   	0.802012	186	0.851084	0.44     	757   	0.0825876	9.10557	186	16 	4  	757   	1.32817 
INFO:gp:187	792   	0.803034	187	0.851084	0.365545 	792   	0.0792358	9.08309	187	16 	4  	792   	1.24117 
INFO:gp:188	779   	0.802861	188	0.851084	0.31667  	779   	0.0801503	9.0782 	188	16 	3  	779   	1.27911 
INFO:gp:189	778   	0.805432	189	0.851084	0.433926 	778   	0.0761173	9.07527	189	17 	4  	778   	1.31061 
INFO:gp:190	758   	0.806459	190	0.851084	0.431461 	758   	0.0759525	9.07625	190	18 	3  	758   	1.24122 
INFO:gp:191	765   	0.801007	191	0.851084	0.443649 	765   	0.0808502	9.09384	191	17 	4  	765   	1.28872 
INFO:gp:192	765   	0.804516	192	0.851084	0.425977 	765   	0.0766152	9.08113	192	16 	4  	765   	1.28312 
INFO:gp:193	767   	0.80745 	193	0.851084	0.435965 	767   	0.0748846	9.05279	193	16 	4  	767   	1.17698 
INFO:gp:194	743   	0.809435	194	0.851084	0.467518 	743   	0.0720708	9.05376	194	16 	3  	743   	1.15641 
INFO:gp:195	757   	0.801439	195	0.851084	0.409884 	757   	0.080002 	9.06647	195	16 	4  	757   	1.30847 
INFO:gp:196	776   	0.80316 	196	0.851084	0.468885 	776   	0.0809186	9.06256	196	16 	4  	776   	1.21974 
INFO:gp:197	767   	0.80879 	197	0.851084	0.529316 	767   	0.0708188	9.07331	197	16 	4  	767   	1.24257 
INFO:gp:198	768   	0.805731	198	0.851084	0.473982 	768   	0.0758217	9.07234	198	16 	4  	768   	1.2264  
INFO:gp:199	772   	0.804015	199	0.851084	0.427468 	772   	0.0758806	9.08993	199	16 	4  	772   	1.16554 
INFO:gp:200	771   	0.801658	200	0.851084	0.450249 	771   	0.0774485	9.10166	200	17 	4  	771   	1.38538 
INFO:gp:201	782   	0.800345	201	0.851084	0.449038 	782   	0.0800476	9.09971	201	16 	4  	782   	1.23243 
INFO:gp:202	772   	0.806367	202	0.851084	0.463606 	772   	0.0743762	9.10068	202	16 	3  	772   	1.13619 
INFO:gp:203	750   	0.805768	203	0.851084	0.499573 	750   	0.0766259	9.11339	203	16 	4  	750   	1.31122 
INFO:gp:204	767   	0.80602 	204	0.851084	0.479852 	767   	0.0733193	9.0958 	204	16 	4  	767   	1.32449 
INFO:gp:205	768   	0.804235	205	0.851084	0.44482  	768   	0.0771013	9.14076	205	16 	4  	768   	1.27681 
INFO:gp:206	758   	0.801731	206	0.851084	0.409223 	758   	0.0790075	9.11144	206	17 	4  	758   	1.2858  
INFO:gp:207	782   	0.801311	207	0.851084	0.471456 	782   	0.0774619	9.11437	207	17 	4  	782   	1.34826 
INFO:gp:208	775   	0.807094	208	0.851084	0.481319 	775   	0.0754408	9.08113	208	16 	4  	775   	1.10551 
INFO:gp:209	770   	0.800622	209	0.851084	0.39007  	770   	0.078974 	9.12512	209	16 	4  	770   	1.18395 
INFO:gp:210	786   	0.80608 	210	0.851084	0.385858 	786   	0.0771195	9.08798	210	16 	4  	786   	1.21093 
INFO:gp:211	751   	0.805968	211	0.851084	0.406305 	751   	0.0778476	9.11339	211	17 	4  	751   	1.32973 
INFO:gp:212	807   	0.797642	212	0.851084	0.431387 	807   	0.0804132	9.09971	212	16 	3  	807   	1.38128 
INFO:gp:213	772   	0.806509	213	0.851084	0.370898 	772   	0.0739489	9.08895	213	18 	4  	772   	1.27955 
INFO:gp:214	772   	0.803466	214	0.851084	0.456397 	772   	0.0797554	9.09091	214	16 	4  	772   	1.06969 
INFO:gp:215	767   	0.803735	215	0.851084	0.396917 	767   	0.0794812	9.09286	215	21 	4  	767   	1.23653 
INFO:gp:216	766   	0.80806 	216	0.851084	0.440283 	766   	0.0745321	9.087  	216	19 	3  	766   	1.36256 
INFO:gp:217	740   	0.808167	217	0.851084	0.47354  	740   	0.0730383	9.09971	217	16 	4  	740   	1.15547 
INFO:gp:218	777   	0.805282	218	0.851084	0.461523 	777   	0.0738702	9.10557	218	16 	4  	777   	1.32079 
INFO:gp:219	758   	0.804985	219	0.851084	0.486017 	758   	0.0779237	9.087  	219	16 	4  	758   	1.23538 
INFO:gp:220	761   	0.808345	220	0.851084	0.442303 	761   	0.0735616	9.1349 	220	16 	4  	761   	1.27667 
INFO:gp:221	749   	0.800587	221	0.851084	0.415919 	749   	0.0820044	9.10557	221	16 	3  	749   	1.18586 
INFO:gp:222	780   	0.803417	222	0.851084	0.412117 	780   	0.0802102	9.10362	222	16 	4  	780   	1.22734 
INFO:gp:223	780   	0.802585	223	0.851084	0.455429 	780   	0.0782871	9.1261 	223	16 	4  	780   	1.1371  
INFO:gp:224	784   	0.799369	224	0.851158	0.448107 	784   	0.0790656	9.10948	224	16 	4  	784   	1.36344 
INFO:gp:225	790   	0.800226	225	0.851158	0.422815 	790   	0.0808834	9.12805	225	16 	4  	790   	1.29976 
INFO:gp:226	783   	0.801268	226	0.851158	0.250871 	783   	0.0811503	9.11632	226	17 	4  	783   	1.26582 
INFO:gp:227	791   	0.806746	227	0.851158	0.365727 	791   	0.0770622	9.13099	227	16 	3  	791   	1.31182 
INFO:gp:228	765   	0.804573	228	0.851158	0.489677 	765   	0.0766466	9.11828	228	16 	4  	765   	1.23831 
INFO:gp:229	774   	0.802699	229	0.851158	0.389216 	774   	0.076934 	9.10557	229	16 	4  	774   	1.26792 
INFO:gp:230	767   	0.799736	230	0.851158	0.424287 	767   	0.0803465	9.09873	230	16 	4  	767   	1.19833 
INFO:gp:231	752   	0.805774	231	0.851158	0.444076 	752   	0.076841 	9.09873	231	16 	4  	752   	1.40972 
INFO:gp:232	775   	0.802069	232	0.851158	0.466458 	775   	0.0792496	9.08309	232	16 	4  	775   	1.3462  
INFO:gp:233	766   	0.802405	233	0.851158	0.49958  	766   	0.0777265	9.11828	233	16 	4  	766   	1.19493 
INFO:gp:234	778   	0.80505 	234	0.851158	0.470563 	778   	0.0768955	9.07234	234	16 	4  	778   	1.2493  
INFO:gp:235	763   	0.803005	235	0.851158	0.422571 	763   	0.0793639	9.08993	235	16 	4  	763   	1.25129 
INFO:gp:236	761   	0.802345	236	0.851158	0.432604 	761   	0.0801298	9.087  	236	16 	4  	761   	1.19598 
INFO:gp:237	783   	0.799929	237	0.851158	0.457747 	783   	0.0767652	9.11046	237	16 	3  	783   	1.35293 
INFO:gp:238	760   	0.7987  	238	0.869858	0.360822 	760   	0.082768 	9.12512	238	16 	4  	760   	1.11507 
INFO:gp:239	750   	0.804316	239	0.869858	0.460209 	750   	0.0760447	9.13294	239	16 	4  	750   	1.26997 
INFO:gp:240	769   	0.799927	240	0.869858	0.423165 	769   	0.0805018	9.11926	240	16 	4  	769   	1.27593 
INFO:gp:241	774   	0.805293	241	0.869861	0.457935 	774   	0.0772697	9.18084	241	17 	3  	774   	1.5762  
INFO:gp:242	759   	0.811083	242	0.869861	0.355985 	759   	0.0787982	9.44673	242	17 	4  	759   	1.67228 
INFO:gp:243	781   	0.817337	243	0.869863	0.478472 	781   	0.0777205	10.2923	243	22 	4  	781   	2.23183 
INFO:gp:244	787   	0.828573	244	0.869865	0.469655 	787   	0.0704135	11.0606	244	19 	4  	787   	1.89619 
INFO:gp:245	763   	0.833011	245	0.869867	0.471437 	763   	0.0705877	11.8866	245	27 	4  	763   	2.28319 
INFO:gp:246	748   	0.828423	246	0.869877	0.473615 	748   	0.0740985	12.9286	246	27 	4  	748   	3.05917 
INFO:gp:247	781   	0.824463	247	0.869931	0.499062 	781   	0.0757033	13.7957	247	30 	4  	781   	3.52041 
INFO:gp:248	807   	0.828759	248	0.869931	0.442141 	807   	0.0723272	13.5894	248	27 	4  	807   	3.71433 
INFO:gp:249	740   	0.829271	249	0.869932	0.525158 	740   	0.0702311	14.0469	249	31 	4  	740   	3.66374 
INFO:gp:250	744   	0.827771	250	0.869941	0.425644 	744   	0.0759501	15.434 	250	29 	4  	744   	3.74522 
INFO:gp:251	764   	0.828216	251	0.869946	0.495968 	764   	0.0751108	15.5415	251	29 	4  	764   	3.92351 
INFO:gp:252	769   	0.827014	252	0.869948	0.464601 	769   	0.0741251	15.6413	252	29 	4  	769   	3.34573 
INFO:gp:253	805   	0.826548	253	0.869948	0.463557 	805   	0.0736933	16.3353	253	30 	5  	805   	2.75276 
INFO:gp:254	766   	0.830129	254	0.869948	0.302982 	766   	0.075812 	17.0499	254	32 	4  	766   	3.24835 
INFO:gp:255	761   	0.830664	255	0.869952	0.492055 	761   	0.0703057	16.9697	255	33 	4  	761   	3.53035 
INFO:gp:256	771   	0.823406	256	0.869957	0.341921 	771   	0.0808032	15.2805	256	28 	4  	771   	3.17315 
INFO:gp:257	784   	0.821962	257	0.869957	0.398892 	784   	0.0794815	14.6989	257	28 	4  	784   	2.40789 
INFO:gp:258	790   	0.826214	258	0.869959	0.449371 	790   	0.075826 	15.4467	258	29 	4  	790   	3.00388 
INFO:gp:259	765   	0.827668	259	0.869983	0.488218 	765   	0.0736975	17.2639	259	28 	4  	765   	3.38658 
INFO:gp:260	762   	0.83359 	260	0.869983	0.539231 	762   	0.0662039	17.8905	260	34 	9  	762   	3.44879 
INFO:gp:261	763   	0.827584	261	0.869986	0.467889 	763   	0.0749208	16.0078	261	30 	6  	763   	3.50728 
INFO:gp:262	766   	0.827321	262	0.87002 	0.521885 	766   	0.0737406	15.5855	262	29 	4  	766   	4.72264 
INFO:gp:263	802   	0.82084 	263	0.87002 	0.475116 	802   	0.0792882	13.5943	263	27 	4  	802   	5.71912 
INFO:gp:264	789   	0.824421	264	0.87002 	0.527838 	789   	0.0761612	11.347 	264	27 	4  	789   	4.39739 
INFO:gp:265	755   	0.822778	265	0.87002 	0.39878  	755   	0.0783494	12.3245	265	29 	4  	755   	4.52086 
INFO:gp:266	784   	0.82527 	266	0.870021	0.480734 	784   	0.0764816	15.433 	266	33 	7  	784   	5.63323 
INFO:gp:267	769   	0.829728	267	0.87006 	0.451515 	769   	0.0743306	20.1427	267	36 	4  	769   	5.1811  
INFO:gp:268	788   	0.832602	268	0.87006 	0.421109 	788   	0.0733367	22.3627	268	33 	4  	788   	3.10652 
INFO:gp:269	764   	0.827368	269	0.870086	0.498515 	764   	0.0734037	22.9922	269	45 	7  	764   	2.86379 
INFO:gp:270	747   	0.834307	270	0.870086	0.333353 	747   	0.0675387	23.8456	270	35 	4  	747   	3.34664 
INFO:gp:271	768   	0.830393	271	0.87009 	0.502489 	768   	0.0706827	24.9668	271	45 	9  	768   	3.95217 
INFO:gp:272	802   	0.829585	272	0.870127	0.438343 	802   	0.0724449	24.3627	272	39 	4  	802   	3.73963 
INFO:gp:273	786   	0.830257	273	0.870168	0.469115 	786   	0.0708095	24.0244	273	35 	4  	786   	2.6412  
INFO:gp:274	739   	0.833741	274	0.870168	0.479534 	739   	0.0696033	24.7224	274	39 	4  	739   	3.1479  
INFO:gp:275	768   	0.830766	275	0.870168	0.527964 	768   	0.069684 	25.8739	275	41 	9  	768   	4.1922  
INFO:gp:276	755   	0.833867	276	0.870168	0.497731 	755   	0.0695565	27.1329	276	47 	4  	755   	5.59429 
INFO:gp:277	798   	0.825799	277	0.870248	0.479354 	798   	0.0768397	29.1808	277	47 	4  	798   	6.55435 
INFO:gp:278	760   	0.834485	278	0.870248	0.4972   	760   	0.0682228	32.9286	278	43 	4  	760   	5.10609 
INFO:gp:279	781   	0.833081	279	0.870248	0.473031 	781   	0.0677384	34.4379	279	51 	7  	781   	3.4891  
INFO:gp:280	794   	0.83124 	280	0.870252	0.441308 	794   	0.0729232	34.7058	280	47 	4  	794   	4.12754 
INFO:gp:281	778   	0.834751	281	0.870333	0.469551 	778   	0.0678734	35.1544	281	49 	4  	778   	3.87382 
INFO:gp:282	780   	0.833539	282	0.870333	0.416562 	780   	0.0703241	36.1799	282	53 	15 	780   	2.70962 
INFO:gp:283	771   	0.832255	283	0.870424	0.490245 	771   	0.0730628	36.3998	283	53 	4  	771   	3.09692 
INFO:gp:284	767   	0.834902	284	0.870424	0.49221  	767   	0.0672066	36.1124	284	55 	4  	767   	3.48942 
INFO:gp:285	788   	0.830535	285	0.870424	0.498606 	788   	0.0720115	36.6588	285	51 	5  	788   	3.80332 
INFO:gp:286	771   	0.833685	286	0.870424	0.545209 	771   	0.0670237	37.9707	286	53 	19 	771   	3.30602 
INFO:gp:287	783   	0.833376	287	0.870424	0.480605 	783   	0.0662021	38.2825	287	51 	7  	783   	3.06676 
INFO:gp:288	809   	0.833435	288	0.870427	0.488045 	809   	0.0674635	38.0567	288	50 	19 	809   	2.46871 
INFO:gp:289	759   	0.833066	289	0.87043 	0.409569 	759   	0.0697274	38.0626	289	51 	4  	759   	2.92025 
INFO:gp:290	792   	0.829524	290	0.87043 	0.47811  	792   	0.0746723	38.6471	290	51 	21 	792   	2.68183 
INFO:gp:291	744   	0.836839	291	0.870433	0.503007 	744   	0.066876 	39.2395	291	53 	21 	744   	2.55847 
INFO:gp:292	749   	0.833896	292	0.870568	0.521431 	749   	0.0682843	40.1584	292	57 	21 	749   	2.79336 
INFO:gp:293	767   	0.836842	293	0.870568	0.495385 	767   	0.0664964	40.8016	293	55 	21 	767   	2.58402 
INFO:gp:294	759   	0.837324	294	0.870568	0.51777  	759   	0.0641003	41.0606	294	53 	23 	759   	2.41538 
INFO:gp:295	780   	0.830995	295	0.870568	0.514357 	780   	0.0708391	41.7243	295	55 	23 	780   	2.74606 
INFO:gp:296	796   	0.834553	296	0.870568	0.457258 	796   	0.0675098	42.2757	296	59 	21 	796   	2.94861 
INFO:gp:297	778   	0.836388	297	0.870569	0.561417 	778   	0.0651064	42.1896	297	53 	4  	778   	3.28259 
INFO:gp:298	737   	0.837549	298	0.870571	0.511907 	737   	0.0657662	42.4897	298	55 	21 	737   	2.8997  
INFO:gp:299	766   	0.830903	299	0.87058 	0.499352 	766   	0.0722055	42.6901	299	59 	21 	766   	3.32483 
INFO:gp:300	780   	0.833534	300	0.870635	0.402542 	780   	0.0690123	43.3978	300	63 	21 	780   	4.07566 
INFO:gp:301	788   	0.833622	301	0.8707  	0.482517 	788   	0.0688468	45.2678	301	63 	4  	788   	4.83032 
INFO:gp:302	794   	0.835299	302	0.870742	0.501915 	794   	0.0669244	46.4682	302	59 	21 	794   	4.12876 
INFO:gp:303	758   	0.837748	303	0.870742	0.460321 	758   	0.0649762	46.3324	303	59 	6  	758   	4.35688 
INFO:gp:304	768   	0.834227	304	0.870742	0.498151 	768   	0.0692232	47.9247	304	65 	4  	768   	4.18899 
INFO:gp:305	790   	0.834445	305	0.870744	0.532901 	790   	0.0662264	49.3196	305	85 	21 	790   	4.11474 
INFO:gp:306	788   	0.836277	306	0.870745	0.432621 	788   	0.0674871	51.305 	306	75 	7  	788   	4.55989 
INFO:gp:307	784   	0.833088	307	0.870745	0.480953 	784   	0.0696307	53.6588	307	81 	21 	784   	4.42179 
INFO:gp:308	746   	0.834094	308	0.870757	0.507357 	746   	0.06719  	54.9355	308	64 	4  	746   	4.25136 
INFO:gp:309	777   	0.838575	309	0.870763	0.522154 	777   	0.0632844	56.2454	309	73 	4  	777   	4.65059 
INFO:gp:310	754   	0.833984	310	0.870763	0.527386 	754   	0.0662377	57.1378	310	65 	24 	754   	3.26802 
INFO:gp:311	749   	0.836014	311	0.870763	0.523416 	749   	0.0659861	56.5552	311	65 	23 	749   	3.48305 
INFO:gp:312	769   	0.833038	312	0.870765	0.437849 	769   	0.0683728	56.2913	312	73 	4  	769   	4.34544 
INFO:gp:313	787   	0.833606	313	0.870765	0.458101 	787   	0.0693893	56.2258	313	83 	6  	787   	3.93257 
INFO:gp:314	770   	0.832856	314	0.870765	0.457324 	770   	0.0703333	56.3255	314	87 	21 	770   	3.87091 
INFO:gp:315	738   	0.833746	315	0.870766	0.484596 	738   	0.0688425	56.5386	315	83 	21 	738   	3.58533 
INFO:gp:316	765   	0.834852	316	0.870769	0.493134 	765   	0.0678787	56.4154	316	69 	4  	765   	4.51222 
INFO:gp:317	778   	0.836859	317	0.870769	0.513615 	778   	0.0649264	56.6373	317	63 	21 	778   	3.1219  
INFO:gp:318	775   	0.830319	318	0.870769	0.496094 	775   	0.0729373	57.1457	318	87 	24 	775   	3.47724 
INFO:gp:319	745   	0.835903	319	0.87077 	0.561438 	745   	0.0673165	58.0792	319	73 	4  	745   	4.53881 
INFO:gp:320	756   	0.835288	320	0.87077 	0.365339 	756   	0.0676551	58.6745	320	77 	25 	756   	4.07776 
INFO:gp:321	774   	0.838728	321	0.87077 	0.571114 	774   	0.063058 	57.7146	321	67 	21 	774   	3.05675 
INFO:gp:322	766   	0.832995	322	0.87077 	0.475269 	766   	0.0687708	57.4154	322	83 	21 	766   	4.77391 
INFO:gp:323	748   	0.831581	323	0.87077 	0.457784 	748   	0.0687631	59.5044	323	87 	4  	748   	5.34972 
INFO:gp:324	778   	0.836776	324	0.870771	0.563371 	778   	0.0648026	62.3656	324	89 	21 	778   	4.75882 
INFO:gp:325	781   	0.832918	325	0.870772	0.457334 	781   	0.0689231	62.7859	325	71 	31 	781   	4.18863 
INFO:gp:326	757   	0.832954	326	0.870783	0.479167 	757   	0.0718261	61.3402	326	97 	4  	757   	5.25365 
INFO:gp:327	774   	0.830682	327	0.870783	0.51637  	774   	0.0717658	62.3089	327	85 	7  	774   	4.17463 
INFO:gp:328	774   	0.831703	328	0.870783	0.488095 	774   	0.0726691	63.4614	328	89 	4  	774   	5.28431 
INFO:gp:329	772   	0.830715	329	0.870785	0.476351 	772   	0.0715471	65.4839	329	73 	4  	772   	4.19182 
INFO:gp:330	788   	0.833916	330	0.870786	0.502416 	788   	0.0674299	66.2717	330	101	33 	788   	4.71312 
INFO:gp:331	778   	0.836043	331	0.870798	0.469364 	778   	0.0666777	65.0987	331	85 	29 	778   	3.9214  
INFO:gp:332	778   	0.833539	332	0.870798	0.468981 	778   	0.0684456	64.1926	332	89 	4  	778   	4.71816 
INFO:gp:333	765   	0.835792	333	0.870798	0.557637 	765   	0.0658078	64.0635	333	81 	29 	765   	4.39551 
INFO:gp:334	786   	0.834359	334	0.870798	0.363953 	786   	0.0684301	64.998 	334	81 	4  	786   	5.09518 
INFO:gp:335	788   	0.83484 	335	0.870799	0.443818 	788   	0.0691743	65.2287	335	81 	5  	788   	4.82159 
INFO:gp:336	782   	0.831919	336	0.870813	0.506669 	782   	0.0688595	63.4125	336	81 	4  	782   	4.34373 
INFO:gp:337	763   	0.834207	337	0.870813	0.491492 	763   	0.0689969	63.176 	337	81 	4  	763   	4.11448 
INFO:gp:338	794   	0.831658	338	0.870813	0.532111 	794   	0.069496 	63.6745	338	89 	35 	794   	3.97163 
INFO:gp:339	756   	0.832013	339	0.870823	0.454217 	756   	0.0704471	64.0626	339	81 	35 	756   	4.08583 
INFO:gp:340	752   	0.83663 	340	0.870823	0.488849 	752   	0.0656038	64.7586	340	81 	4  	752   	4.15503 
INFO:gp:341	761   	0.831682	341	0.870827	0.507748 	761   	0.0734343	64.5445	341	81 	4  	761   	4.45459 
INFO:gp:342	771   	0.835075	342	0.870827	0.345228 	771   	0.069845 	64.8416	342	83 	4  	771   	3.84275 
INFO:gp:343	773   	0.833724	343	0.870832	0.508788 	773   	0.0687249	65.3431	343	91 	33 	773   	4.21427 
INFO:gp:344	744   	0.834725	344	0.870852	0.458467 	744   	0.0673179	66.2727	344	75 	4  	744   	3.92238 
INFO:gp:345	779   	0.834549	345	0.870853	0.475409 	779   	0.0674516	66.6872	345	95 	34 	779   	3.32471 
INFO:gp:346	777   	0.832418	346	0.870853	0.529912 	777   	0.0706183	67.0323	346	79 	22 	777   	3.45364 
INFO:gp:347	779   	0.833346	347	0.870853	0.510847 	779   	0.0669371	67.4457	347	81 	4  	779   	4.43975 
INFO:gp:348	750   	0.834921	348	0.870853	0.453566 	750   	0.0676659	67.479 	348	74 	4  	750   	4.43585 
INFO:gp:349	754   	0.837941	349	0.870855	0.513489 	754   	0.0649476	66.8397	349	89 	35 	754   	3.17796 
INFO:gp:350	774   	0.836997	350	0.870855	0.498246 	774   	0.065944 	66.5826	350	95 	35 	774   	3.63468 
INFO:gp:351	778   	0.834252	351	0.870855	0.480953 	778   	0.0657305	66.4252	351	85 	4  	778   	4.23203 
INFO:gp:352	794   	0.832207	352	0.870855	0.537845 	794   	0.0698951	66.5494	352	91 	35 	794   	3.5308  
INFO:gp:353	757   	0.834545	353	0.870855	0.508345 	757   	0.0683378	66.6188	353	83 	4  	757   	3.9117  
INFO:gp:354	776   	0.833841	354	0.870855	0.499091 	776   	0.0711655	66.7028	354	95 	4  	776   	4.3473  
INFO:gp:355	777   	0.835944	355	0.870861	0.484629 	777   	0.0688945	66.6911	355	76 	37 	777   	3.16141 
INFO:gp:356	786   	0.834336	356	0.870861	0.470881 	786   	0.0682394	66.4438	356	91 	4  	786   	4.30764 
INFO:gp:357	771   	0.83504 	357	0.870861	0.460267 	771   	0.0684445	66.6422	357	77 	35 	771   	3.64761 
INFO:gp:358	788   	0.830745	358	0.870861	0.481948 	788   	0.0705645	67.0792	358	83 	3  	788   	4.26637 
INFO:gp:359	789   	0.835122	359	0.870869	0.486896 	789   	0.0680712	68.0694	359	93 	35 	789   	4.02048 
INFO:gp:360	772   	0.835541	360	0.870878	0.489123 	772   	0.0680732	69.6647	360	89 	39 	772   	3.42408 
INFO:gp:361	790   	0.833626	361	0.870888	0.485188 	790   	0.067077 	69.8514	361	97 	35 	790   	4.13972 
INFO:gp:362	768   	0.833609	362	0.870888	0.41851  	768   	0.0712781	69.7546	362	93 	35 	768   	3.88538 
INFO:gp:363	744   	0.837421	363	0.870888	0.500877 	744   	0.0639336	69.3851	363	97 	4  	744   	4.85229 
INFO:gp:364	772   	0.836431	364	0.870888	0.512466 	772   	0.0646821	70.1457	364	91 	37 	772   	3.91594 
INFO:gp:365	771   	0.837682	365	0.87089 	0.573642 	771   	0.0622589	70.4633	365	83 	4  	771   	4.38343 
INFO:gp:366	784   	0.834884	366	0.87089 	0.369032 	784   	0.0672883	70.4819	366	99 	35 	784   	4.11865 
INFO:gp:367	773   	0.833626	367	0.87089 	0.449378 	773   	0.0691564	70.4291	367	77 	35 	773   	3.60333 
INFO:gp:368	785   	0.830754	368	0.87089 	0.424547 	785   	0.0720408	70.4418	368	93 	4  	785   	4.06187 
INFO:gp:369	792   	0.835238	369	0.870891	0.523557 	792   	0.0650698	70.4702	369	93 	4  	792   	4.49099 
INFO:gp:370	754   	0.835757	370	0.870891	0.489486 	754   	0.0646446	70.5396	370	79 	37 	754   	3.71967 
INFO:gp:371	773   	0.834293	371	0.870891	0.474809 	773   	0.0690589	70.2835	371	79 	6  	773   	4.79917 
INFO:gp:372	767   	0.837106	372	0.870891	0.502203 	767   	0.0652252	70.6862	372	101	29 	767   	4.5699  
INFO:gp:373	766   	0.83522 	373	0.870891	0.456865 	766   	0.0676522	71.4291	373	99 	35 	766   	4.20638 
INFO:gp:374	788   	0.834756	374	0.870893	0.497432 	788   	0.0659383	72.1457	374	91 	37 	788   	3.83421 
INFO:gp:375	763   	0.831743	375	0.870893	0.396938 	763   	0.0711254	72.2248	375	87 	39 	763   	4.12397 
INFO:gp:376	768   	0.830765	376	0.870893	0.484254 	768   	0.0700707	72.4526	376	93 	4  	768   	4.41709 
INFO:gp:377	744   	0.833743	377	0.870893	0.528005 	744   	0.0648993	73.0078	377	81 	7  	744   	4.65422 
INFO:gp:378	779   	0.832535	378	0.87091 	0.526855 	779   	0.0674523	74.2493	378	107	39 	779   	4.4642  
INFO:gp:379	779   	0.833079	379	0.87091 	0.429167 	779   	0.0689521	75.3118	379	105	35 	779   	4.95172 
INFO:gp:380	765   	0.831414	380	0.87091 	0.521921 	765   	0.0696919	75.6891	380	83 	4  	765   	5.43523 
INFO:gp:381	780   	0.835669	381	0.87091 	0.540749 	780   	0.0660043	75.5992	381	87 	4  	780   	4.64999 
INFO:gp:382	775   	0.833623	382	0.870912	0.411059 	775   	0.0708648	74.1701	382	83 	39 	775   	4.84142 
INFO:gp:383	760   	0.8322  	383	0.870912	0.518589 	760   	0.0684493	72.0596	383	85 	4  	760   	4.45015 
INFO:gp:384	795   	0.837534	384	0.870912	0.582275 	795   	0.0640824	71.2317	384	99 	35 	795   	4.14758 
INFO:gp:385	772   	0.82971 	385	0.870912	0.477459 	772   	0.0738407	71.2248	385	79 	38 	772   	3.57332 
INFO:gp:386	757   	0.839339	386	0.870947	0.500632 	757   	0.0619958	71.9912	386	105	35 	757   	4.42941 
INFO:gp:387	779   	0.833135	387	0.870947	0.457493 	779   	0.0693127	73.4164	387	95 	3  	779   	4.45907 
INFO:gp:388	775   	0.833964	388	0.870947	0.481171 	775   	0.066069 	74.3812	388	101	40 	775   	4.08791 
INFO:gp:389	777   	0.837691	389	0.870981	0.463306 	777   	0.0643696	74.955 	389	89 	39 	777   	4.14214 
INFO:gp:390	761   	0.834227	390	0.870981	0.477606 	761   	0.0690479	75.5738	390	87 	39 	761   	4.21144 
INFO:gp:391	775   	0.834179	391	0.87125 	0.345327 	775   	0.069234 	74.6197	391	101	39 	775   	4.37011 
INFO:gp:392	769   	0.835937	392	0.87125 	0.49957  	769   	0.0670427	74.129 	392	91 	15 	769   	4.39419 
INFO:gp:393	766   	0.836059	393	0.871393	0.454374 	766   	0.0661728	73.3568	393	95 	37 	766   	4.75939 
INFO:gp:394	771   	0.836657	394	0.871393	0.541925 	771   	0.0627498	71.9345	394	83 	39 	771   	5.96885 
INFO:gp:395	770   	0.836113	395	0.871393	0.427567 	770   	0.0669361	68.7009	395	91 	23 	770   	8.578   
INFO:gp:396	782   	0.83777 	396	0.871469	0.387918 	782   	0.0642676	70.0587	396	91 	19 	782   	10.8242 
INFO:gp:397	804   	0.828795	397	0.871469	0.369613 	804   	0.0726831	76.0059	397	97 	41 	804   	10.4732 
INFO:gp:398	806   	0.835089	398	0.871477	0.508673 	806   	0.0664357	80.176 	398	97 	39 	806   	7.82371 
INFO:gp:399	765   	0.839279	399	0.871478	0.482168 	765   	0.0641586	81.0508	399	97 	4  	765   	6.1851  
INFO:gp:400	774   	0.835083	400	0.871479	0.489003 	774   	0.0655928	81.1212	400	93 	41 	774   	4.67486 
INFO:__main__:Saving model to file: checkpoints/run_23.pth
INFO:util:Train accuracy: 0.95 +- 0.04999999999999999
INFO:util:Val accuracy: 0.95 +- 0.04999999999999999
INFO:util:Test accuracy: 0.6666666666666666 +- 0.0
INFO:util:Train intra-class: 0.11637105918495531, Train Inter-class: 0.2311581432526425
INFO:util:Val intra-class: 0.18370400113332164, Val Inter-class: 0.20818236562416154
INFO:util:Test intra-class: 0.0, Test inter-class: 0.21337808899021463
INFO:plot:Saving t-SNE to file: figures/tsne.png
INFO:plot:Saving t-SNE to file: figures/tsne.png
INFO:plot:Saving tree to file: figures/tree-0.pdf
INFO:plot:Saving tree to file: figures/tree-1.pdf
INFO:plot:Saving tree to file: figures/tree-2.pdf
INFO:plot:Saving tree to file: figures/tree-3.pdf
INFO:plot:Saving tree to file: figures/tree-4.pdf
INFO:plot:Saving tree to file: figures/tree-5.pdf
