INFO:data:Reading dataset fish: part
INFO:data:Class Counts: [6 6 3 6 6 3], Class Ratios: [0.2 0.2 0.1 0.2 0.2 0.1]
INFO:data:Number of features: 1023
INFO:data:Number of instances: 30
INFO:data:Number of classes 6.
INFO:__main__:No model found. Train from scratch.
INFO:gp:   	      	                                 fitness                                 	                      size                     
   	      	-------------------------------------------------------------------------	-----------------------------------------------
gen	nevals	avg     	gen	max     	min      	nevals	std      	avg    	gen	max	min	nevals	std    
0  	1023  	0.231819	0  	0.499288	0.0989089	1023  	0.0696802	4.63441	0  	7  	2  	1023  	1.46756
INFO:gp:1  	787   	0.317265	1  	0.523531	0.102559 	787   	0.0668745	4.79179	1  	11 	3  	787   	1.53252
INFO:gp:2  	799   	0.372636	2  	0.566449	0.167363 	799   	0.0677585	5.11437	2  	15 	3  	799   	1.53856
INFO:gp:3  	765   	0.422376	3  	0.59158 	0.129597 	765   	0.0737724	5.29521	3  	13 	3  	765   	1.66231
INFO:gp:4  	762   	0.456706	4  	0.657547	0.103531 	762   	0.0733957	5.43011	4  	12 	3  	762   	1.79626
INFO:gp:5  	782   	0.478748	5  	0.657547	0.160039 	782   	0.0769307	5.36461	5  	12 	3  	782   	1.8088 
INFO:gp:6  	767   	0.508263	6  	0.678579	0.179059 	767   	0.0791372	4.95308	6  	13 	3  	767   	1.82246
INFO:gp:7  	743   	0.543366	7  	0.678579	0.170489 	743   	0.0769628	4.62366	7  	12 	3  	743   	1.75757
INFO:gp:8  	769   	0.572474	8  	0.719657	0.228663 	769   	0.0750375	4.62268	8  	13 	3  	769   	1.7737 
INFO:gp:9  	759   	0.596283	9  	0.719657	0.294167 	759   	0.0734348	4.97067	9  	12 	3  	759   	1.81907
INFO:gp:10 	780   	0.606006	10 	0.719657	0.209399 	780   	0.0790765	5.59238	10 	12 	3  	780   	1.76338
INFO:gp:11 	754   	0.622721	11 	0.723793	0.291499 	754   	0.0773841	5.58847	11 	11 	3  	754   	1.69979
INFO:gp:12 	782   	0.630571	12 	0.736652	0.231135 	782   	0.0812021	5.59335	12 	14 	3  	782   	1.83664
INFO:gp:13 	760   	0.638699	13 	0.756227	0.26668  	760   	0.0880569	5.90225	13 	12 	3  	760   	1.91363
INFO:gp:14 	761   	0.662307	14 	0.756227	0.339415 	761   	0.0763891	6.43793	14 	13 	3  	761   	1.80252
INFO:gp:15 	802   	0.666769	15 	0.756227	0.288319 	802   	0.0806215	7.00196	15 	14 	3  	802   	1.87487
INFO:gp:16 	765   	0.6772  	16 	0.756227	0.253031 	765   	0.0782501	7.33431	16 	15 	3  	765   	2.06106
INFO:gp:17 	785   	0.679412	17 	0.756227	0.342463 	785   	0.0742814	8.10459	17 	19 	3  	785   	2.41124
INFO:gp:18 	796   	0.680373	18 	0.756266	0.376631 	796   	0.0772663	8.4565 	18 	19 	3  	796   	3.05566
INFO:gp:19 	783   	0.686133	19 	0.756266	0.212772 	783   	0.0766009	8.21017	19 	21 	3  	783   	3.92996
INFO:gp:20 	767   	0.683329	20 	0.756266	0.258073 	767   	0.0842218	6.8172 	20 	23 	3  	767   	4.36985
INFO:gp:21 	771   	0.714118	21 	0.756552	0.370172 	771   	0.0626957	4.83284	21 	23 	3  	771   	3.44123
INFO:gp:22 	766   	0.722688	22 	0.757351	0.321726 	766   	0.0593287	3.97752	22 	23 	3  	766   	2.62786
INFO:gp:23 	768   	0.72464 	23 	0.757351	0.508112 	768   	0.0547475	3.86315	23 	23 	3  	768   	2.46081
INFO:gp:24 	762   	0.726284	24 	0.789383	0.356138 	762   	0.056402 	3.78983	24 	23 	3  	762   	2.35588
INFO:gp:25 	776   	0.726449	25 	0.789383	0.474694 	776   	0.0546866	3.71163	25 	23 	3  	776   	2.25716
INFO:gp:26 	769   	0.730047	26 	0.789383	0.50585  	769   	0.0533317	3.61975	26 	23 	3  	769   	2.12353
INFO:gp:27 	788   	0.734331	27 	0.801265	0.45435  	788   	0.0562904	3.51906	27 	20 	3  	788   	1.84581
INFO:gp:28 	749   	0.745978	28 	0.801265	0.448915 	749   	0.0564816	3.32845	28 	12 	3  	749   	1.14263
INFO:gp:29 	780   	0.754436	29 	0.801265	0.479929 	780   	0.0574941	3.34702	29 	12 	3  	780   	1.17476
INFO:gp:30 	781   	0.759604	30 	0.801265	0.484053 	781   	0.0575007	3.27664	30 	12 	3  	781   	0.960974
INFO:gp:31 	769   	0.759819	31 	0.801265	0.481689 	769   	0.059382 	3.32747	31 	12 	3  	769   	0.92076 
INFO:gp:32 	785   	0.76604 	32 	0.802321	0.459195 	785   	0.0556311	3.33236	32 	8  	3  	785   	0.8771  
INFO:gp:33 	772   	0.767243	33 	0.802321	0.462879 	772   	0.0620495	3.28837	33 	9  	3  	772   	0.879845
INFO:gp:34 	755   	0.769958	34 	0.813666	0.437147 	755   	0.0596789	3.33431	34 	9  	3  	755   	0.920955
INFO:gp:35 	790   	0.763974	35 	0.836224	0.421857 	790   	0.0646318	3.69306	35 	11 	3  	790   	1.276   
INFO:gp:36 	788   	0.767248	36 	0.836224	0.281379 	788   	0.0618376	4.44575	36 	9  	3  	788   	1.54652 
INFO:gp:37 	772   	0.761402	37 	0.836224	0.46477  	772   	0.0687881	5.33138	37 	12 	3  	772   	1.36807 
INFO:gp:38 	756   	0.765696	38 	0.836224	0.426028 	756   	0.0686802	5.24731	38 	12 	3  	756   	1.40187 
INFO:gp:39 	798   	0.768347	39 	0.836327	0.37878  	798   	0.0738382	4.37048	39 	9  	3  	798   	1.38155 
INFO:gp:40 	787   	0.781694	40 	0.836327	0.428081 	787   	0.0746538	4.00978	40 	9  	3  	787   	1.02934 
INFO:gp:41 	782   	0.790248	41 	0.836327	0.386492 	782   	0.0708826	4.13783	41 	10 	3  	782   	0.850258
INFO:gp:42 	775   	0.791635	42 	0.836327	0.407223 	775   	0.0719621	4.12708	42 	9  	3  	775   	0.732889
INFO:gp:43 	768   	0.794559	43 	0.836511	0.458986 	768   	0.0690602	4.17204	43 	9  	3  	768   	0.775807
INFO:gp:44 	775   	0.791138	44 	0.836511	0.442126 	775   	0.0761694	4.14956	44 	10 	3  	775   	0.762076
INFO:gp:45 	771   	0.792368	45 	0.836511	0.394034 	771   	0.0744599	4.174  	45 	10 	3  	771   	0.802628
INFO:gp:46 	740   	0.79207 	46 	0.837211	0.454601 	740   	0.0748539	4.26197	46 	9  	3  	740   	0.809155
INFO:gp:47 	781   	0.79358 	47 	0.837211	0.417298 	781   	0.0763233	4.54839	47 	9  	3  	781   	0.851286
INFO:gp:48 	763   	0.791555	48 	0.837451	0.408119 	763   	0.076224 	4.97361	48 	10 	3  	763   	0.774904
INFO:gp:49 	785   	0.793639	49 	0.837485	0.399831 	785   	0.0754189	5.04203	49 	10 	3  	785   	0.814814
INFO:gp:50 	768   	0.789426	50 	0.837518	0.401636 	768   	0.0769701	5.11632	50 	9  	3  	768   	1.04688 
INFO:gp:51 	772   	0.794459	51 	0.837552	0.486462 	772   	0.0701256	5.02346	51 	13 	3  	772   	1.18455 
INFO:gp:52 	779   	0.790992	52 	0.837552	0.447321 	779   	0.0747735	5.25513	52 	9  	3  	779   	1.24999 
INFO:gp:53 	780   	0.783809	53 	0.837552	0.453621 	780   	0.0817472	5.95503	53 	15 	3  	780   	1.50071 
INFO:gp:54 	778   	0.792361	54 	0.837552	0.447068 	778   	0.0744068	6.8436 	54 	15 	3  	778   	1.68629 
INFO:gp:55 	748   	0.789161	55 	0.837556	0.417174 	748   	0.0790839	7.99511	55 	18 	4  	748   	1.72809 
INFO:gp:56 	771   	0.78846 	56 	0.837556	0.365868 	771   	0.0790565	8.71652	56 	17 	4  	771   	1.6567  
INFO:gp:57 	763   	0.791015	57 	0.837556	0.387061 	763   	0.0783676	9.08309	57 	18 	4  	763   	1.68657 
INFO:gp:58 	783   	0.784711	58 	0.83756 	0.470638 	783   	0.0793439	9.4086 	58 	18 	4  	783   	2.05905 
INFO:gp:59 	747   	0.789361	59 	0.837561	0.432589 	747   	0.0774971	9.99413	59 	21 	4  	747   	2.3613  
INFO:gp:60 	772   	0.791102	60 	0.837562	0.435569 	772   	0.0778945	10.2082	60 	22 	4  	772   	2.94536 
INFO:gp:61 	775   	0.791013	61 	0.837564	0.45952  	775   	0.0769729	9.73607	61 	21 	4  	775   	3.4279  
INFO:gp:62 	788   	0.789273	62 	0.837564	0.341217 	788   	0.0776802	10.7791	62 	22 	4  	788   	4.06137 
INFO:gp:63 	771   	0.792114	63 	0.837564	0.424084 	771   	0.0784175	11.0078	63 	24 	4  	771   	3.96563 
INFO:gp:64 	800   	0.790106	64 	0.837576	0.417342 	800   	0.074431 	11.7439	64 	25 	4  	800   	3.65241 
INFO:gp:65 	790   	0.788099	65 	0.837822	0.395287 	790   	0.0784823	12.9492	65 	29 	4  	790   	3.03987 
INFO:gp:66 	769   	0.788904	66 	0.837822	0.394683 	769   	0.0809645	13.6383	66 	27 	4  	769   	2.71849 
INFO:gp:67 	764   	0.793043	67 	0.837822	0.459191 	764   	0.0739032	14.6852	67 	31 	4  	764   	2.96817 
INFO:gp:68 	779   	0.787581	68 	0.837889	0.407004 	779   	0.0808162	15.1261	68 	27 	4  	779   	3.39811 
INFO:gp:69 	775   	0.785916	69 	0.837889	0.420969 	775   	0.0795288	15.3803	69 	29 	4  	775   	3.20573 
INFO:gp:70 	780   	0.786818	70 	0.837889	0.494999 	780   	0.0776639	15.956 	70 	29 	4  	780   	2.93544 
INFO:gp:71 	758   	0.791019	71 	0.837894	0.461348 	758   	0.0742791	16.3148	71 	29 	4  	758   	3.70868 
INFO:gp:72 	752   	0.78397 	72 	0.837915	0.332646 	752   	0.0841045	16.5992	72 	34 	4  	752   	5.02736 
INFO:gp:73 	777   	0.786708	73 	0.837982	0.427563 	777   	0.0807448	16.5621	73 	35 	4  	777   	6.17359 
INFO:gp:74 	765   	0.78619 	74 	0.837982	0.372813 	765   	0.0827232	16.3324	74 	35 	4  	765   	4.80174 
INFO:gp:75 	761   	0.788292	75 	0.838052	0.38695  	761   	0.0787078	17.7576	75 	36 	5  	761   	4.98579 
INFO:gp:76 	748   	0.790319	76 	0.839083	0.436534 	748   	0.0803527	18.2121	76 	36 	5  	748   	5.35111 
INFO:gp:77 	778   	0.789812	77 	0.839083	0.460811 	778   	0.0772267	17.74  	77 	37 	6  	778   	5.16122 
INFO:gp:78 	768   	0.786957	78 	0.839094	0.395428 	768   	0.0806993	18.2532	78 	39 	6  	768   	5.16922 
INFO:gp:79 	745   	0.788437	79 	0.839177	0.332521 	745   	0.0794642	20.393 	79 	39 	6  	745   	5.40573 
INFO:gp:80 	767   	0.783796	80 	0.83969 	0.432964 	767   	0.0794338	23.2698	80 	40 	6  	767   	5.21179 
INFO:gp:81 	767   	0.781196	81 	0.83969 	0.440222 	767   	0.0791671	26.085 	81 	42 	6  	767   	4.14635 
INFO:gp:82 	799   	0.789883	82 	0.83969 	0.470876 	799   	0.0736305	27.1417	82 	44 	4  	799   	3.72942 
INFO:gp:83 	762   	0.791146	83 	0.839796	0.420554 	762   	0.0732248	27.4673	83 	42 	6  	762   	4.49031 
INFO:gp:84 	763   	0.790941	84 	0.839796	0.445769 	763   	0.0746003	27.434 	84 	42 	6  	763   	5.55038 
INFO:gp:85 	776   	0.787771	85 	0.839796	0.351836 	776   	0.0771031	24.8671	85 	45 	6  	776   	5.67496 
INFO:gp:86 	766   	0.785166	86 	0.8398  	0.437721 	766   	0.0801515	22.6285	86 	63 	6  	766   	4.45207 
INFO:gp:87 	771   	0.792524	87 	0.839803	0.391726 	771   	0.0725506	21.7576	87 	44 	7  	771   	3.71121 
INFO:gp:88 	776   	0.785431	88 	0.839803	0.433057 	776   	0.0772577	21.5572	88 	39 	4  	776   	3.13128 
INFO:gp:89 	753   	0.790926	89 	0.859241	0.351188 	753   	0.0741619	21.9668	89 	39 	6  	753   	2.94606 
INFO:gp:90 	765   	0.791683	90 	0.859241	0.384614 	765   	0.0756246	22.4624	90 	37 	6  	765   	2.53428 
INFO:gp:91 	778   	0.791314	91 	0.859241	0.371725 	778   	0.0760014	23.0489	91 	41 	6  	778   	2.44461 
INFO:gp:92 	772   	0.787836	92 	0.859348	0.428593 	772   	0.0822082	22.7625	92 	41 	6  	772   	2.35743 
INFO:gp:93 	770   	0.794633	93 	0.859596	0.400731 	770   	0.0813174	22.2542	93 	39 	8  	770   	2.36501 
INFO:gp:94 	785   	0.799381	94 	0.859596	0.346476 	785   	0.0866648	22.0108	94 	39 	9  	785   	2.50842 
INFO:gp:95 	786   	0.800679	95 	0.859596	0.380115 	786   	0.0894721	22.0567	95 	40 	8  	786   	2.83407 
INFO:gp:96 	786   	0.803584	96 	0.859596	0.408632 	786   	0.0860361	21.9296	96 	42 	7  	786   	3.00259 
INFO:gp:97 	755   	0.805465	97 	0.859702	0.381777 	755   	0.0849743	21.9658	97 	35 	9  	755   	2.96341 
INFO:gp:98 	792   	0.807899	98 	0.859812	0.427252 	792   	0.0810328	21.999 	98 	41 	8  	792   	3.27092 
INFO:gp:99 	772   	0.807926	99 	0.859812	0.345713 	772   	0.082741 	21.9873	99 	39 	8  	772   	2.70383 
INFO:gp:100	761   	0.806892	100	0.859911	0.449534 	761   	0.0809526	22.1026	100	39 	8  	761   	2.82916 
INFO:gp:101	774   	0.808566	101	0.859914	0.37903  	774   	0.0809857	22.1681	101	39 	8  	774   	2.83483 
INFO:gp:102	765   	0.805923	102	0.859914	0.424518 	765   	0.0842194	22.1036	102	39 	7  	765   	3.37129 
INFO:gp:103	772   	0.810717	103	0.859918	0.389621 	772   	0.0819346	22.259 	103	39 	5  	772   	4.37919 
INFO:gp:104	780   	0.813527	104	0.859918	0.466462 	780   	0.0758189	22.7918	104	45 	8  	780   	4.90004 
INFO:gp:105	754   	0.809155	105	0.859925	0.376747 	754   	0.0828444	23.4321	105	46 	6  	754   	6.0209  
INFO:gp:106	749   	0.807597	106	0.859925	0.373927 	749   	0.0874164	24.0978	106	45 	8  	749   	6.3122  
INFO:gp:107	762   	0.807287	107	0.859925	0.428941 	762   	0.0843419	22.8974	107	45 	8  	762   	5.60218 
INFO:gp:108	789   	0.80666 	108	0.859933	0.336893 	789   	0.08637  	20.9013	108	41 	8  	789   	4.35823 
INFO:gp:109	786   	0.804051	109	0.859937	0.4617   	786   	0.0864202	19.7292	109	41 	8  	786   	3.88873 
INFO:gp:110	789   	0.804563	110	0.859937	0.402628 	789   	0.0854762	18.7566	110	41 	8  	789   	3.55    
INFO:gp:111	747   	0.814385	111	0.859937	0.460682 	747   	0.0773563	18.1945	111	41 	10 	747   	3.47203 
INFO:gp:112	768   	0.80627 	112	0.859937	0.407112 	768   	0.085367 	18.522 	112	41 	11 	768   	3.4025  
INFO:gp:113	778   	0.806539	113	0.859937	0.40606  	778   	0.0836421	19.1554	113	41 	11 	778   	2.88561 
INFO:gp:114	794   	0.80796 	114	0.85994 	0.376474 	794   	0.0863745	19.738 	114	41 	12 	794   	2.09356 
INFO:gp:115	764   	0.808635	115	0.85994 	0.388361 	764   	0.0881785	19.8573	115	37 	12 	764   	2.09201 
INFO:gp:116	779   	0.803818	116	0.85994 	0.391707 	779   	0.0924818	19.9404	116	35 	12 	779   	2.03905 
INFO:gp:117	786   	0.811642	117	0.85994 	0.476644 	786   	0.0818761	19.9101	117	33 	12 	786   	1.73395 
INFO:gp:118	781   	0.802491	118	0.85994 	0.335666 	781   	0.0930176	20.0293	118	35 	10 	781   	1.79036 
INFO:gp:119	749   	0.810407	119	0.871187	0.438695 	749   	0.0836414	19.9482	119	35 	12 	749   	1.59062 
INFO:gp:120	781   	0.810243	120	0.871187	0.347881 	781   	0.0847877	20.0371	120	33 	13 	781   	1.39142 
INFO:gp:121	772   	0.806402	121	0.871187	0.405613 	772   	0.0863491	19.999 	121	33 	15 	772   	1.56857 
INFO:gp:122	755   	0.814859	122	0.871189	0.420246 	755   	0.0833969	20.1173	122	37 	15 	755   	1.49875 
INFO:gp:123	801   	0.816884	123	0.871203	0.478223 	801   	0.0831665	20.3597	123	35 	14 	801   	1.77955 
INFO:gp:124	751   	0.840185	124	0.871211	0.412183 	751   	0.0694987	20.4545	124	35 	15 	751   	2.16062 
INFO:gp:125	776   	0.836254	125	0.871211	0.441692 	776   	0.0722999	20.346 	125	34 	7  	776   	2.3093  
INFO:gp:126	780   	0.828676	126	0.871211	0.386073 	780   	0.0798337	20.39  	126	35 	15 	780   	2.2833  
INFO:gp:127	794   	0.829395	127	0.871217	0.3124   	794   	0.0792459	20.349 	127	35 	15 	794   	2.01034 
INFO:gp:128	780   	0.835507	128	0.871232	0.410491 	780   	0.0718791	20.2444	128	33 	18 	780   	1.35451 
INFO:gp:129	766   	0.83422 	129	0.871232	0.417699 	766   	0.0738566	20.393 	129	32 	15 	766   	1.36713 
INFO:gp:130	777   	0.834747	130	0.87125 	0.311256 	777   	0.0758273	20.5376	130	33 	14 	777   	1.37436 
INFO:gp:131	761   	0.834092	131	0.871299	0.405167 	761   	0.0741466	20.6569	131	36 	15 	761   	1.61934 
INFO:gp:132	769   	0.829215	132	0.871299	0.323364 	769   	0.0797705	20.8543	132	35 	15 	769   	1.90828 
INFO:gp:133	769   	0.835994	133	0.871352	0.382962 	769   	0.0734989	21.0215	133	39 	16 	769   	2.13602 
INFO:gp:134	764   	0.831262	134	0.871352	0.278101 	764   	0.0816968	21.1515	134	38 	10 	764   	2.58303 
INFO:gp:135	759   	0.833809	135	0.871364	0.419304 	759   	0.0753377	21.5191	135	36 	16 	759   	3.1095  
INFO:gp:136	762   	0.83631 	136	0.871394	0.351899 	762   	0.0745385	22.5171	136	44 	13 	762   	3.73295 
INFO:gp:137	779   	0.833914	137	0.871428	0.439149 	779   	0.0755519	23.7537	137	44 	12 	779   	4.2871  
INFO:gp:138	772   	0.834786	138	0.871428	0.3178   	772   	0.0755592	23.6256	138	44 	14 	772   	4.56683 
INFO:gp:139	779   	0.830358	139	0.871442	0.352012 	779   	0.0808155	23.6755	139	40 	14 	779   	4.35231 
INFO:gp:140	771   	0.833689	140	0.871442	0.350044 	771   	0.0780769	22.9394	140	36 	14 	771   	3.73437 
INFO:gp:141	774   	0.833305	141	0.871465	0.34943  	774   	0.0824379	23.7058	141	37 	14 	774   	4.15751 
INFO:gp:142	794   	0.836997	142	0.871465	0.346465 	794   	0.0758485	25.4379	142	47 	15 	794   	3.70461 
INFO:gp:143	752   	0.837446	143	0.87147 	0.419301 	752   	0.0735372	24.5249	143	45 	15 	752   	4.53606 
INFO:gp:144	764   	0.837872	144	0.87174 	0.336943 	764   	0.0783615	24.9355	144	39 	17 	764   	4.96732 
INFO:gp:145	788   	0.838226	145	0.871744	0.32385  	788   	0.0728301	28.174 	145	40 	17 	788   	3.59877 
INFO:gp:146	794   	0.835096	146	0.871772	0.278473 	794   	0.0776121	28.4956	146	57 	7  	794   	2.99131 
INFO:gp:147	760   	0.836238	147	0.871793	0.269903 	760   	0.0797155	28.4858	147	48 	19 	760   	2.80753 
INFO:gp:148	778   	0.835865	148	0.871793	0.237632 	778   	0.0806251	28.5083	148	44 	19 	778   	2.49294 
INFO:gp:149	759   	0.837101	149	0.871809	0.326233 	759   	0.0773592	28.3011	149	47 	19 	759   	2.47633 
INFO:gp:150	764   	0.83247 	150	0.871811	0.352413 	764   	0.0831615	29.0499	150	49 	18 	764   	2.53624 
INFO:gp:151	772   	0.83817 	151	0.871811	0.279612 	772   	0.0784336	29.7273	151	41 	19 	772   	2.42803 
INFO:gp:152	736   	0.839718	152	0.871833	0.35244  	736   	0.0751391	30.4047	152	37 	19 	736   	2.16532 
INFO:gp:153	785   	0.834318	153	0.871838	0.306599 	785   	0.0806651	30.8739	153	43 	23 	785   	2.14543 
INFO:gp:154	751   	0.835093	154	0.871856	0.352434 	751   	0.0773449	30.9853	154	46 	23 	751   	2.40941 
INFO:gp:155	759   	0.836397	155	0.871856	0.310411 	759   	0.0754793	32.1261	155	43 	23 	759   	2.66154 
INFO:gp:156	769   	0.842721	156	0.871862	0.309549 	769   	0.0662788	33.1945	156	43 	23 	769   	2.32128 
INFO:gp:157	755   	0.836613	157	0.871862	0.393233 	755   	0.0760432	33.566 	157	46 	23 	755   	2.37066 
INFO:gp:158	770   	0.834368	158	0.871862	0.352447 	770   	0.0811522	33.8583	158	46 	23 	770   	2.59228 
INFO:gp:159	770   	0.838489	159	0.871863	0.352489 	770   	0.0756848	34.4252	159	46 	23 	770   	2.93161 
INFO:gp:160	756   	0.842052	160	0.871875	0.324108 	756   	0.0685868	36.1212	160	61 	25 	756   	3.32192 
INFO:gp:161	776   	0.837582	161	0.871885	0.317124 	776   	0.0756614	37.9932	161	61 	27 	776   	2.58557 
INFO:gp:162	758   	0.839473	162	0.871889	0.331567 	758   	0.0710984	37.6999	162	58 	25 	758   	3.49848 
INFO:gp:163	767   	0.832643	163	0.871909	0.345273 	767   	0.0805256	37.9159	163	61 	25 	767   	4.7678  
INFO:gp:164	778   	0.837192	164	0.871909	0.32668  	778   	0.0763484	41.346 	164	67 	25 	778   	4.40114 
INFO:gp:165	742   	0.838738	165	0.871909	0.352539 	742   	0.0703266	42.5494	165	51 	25 	742   	2.83382 
INFO:gp:166	765   	0.842008	166	0.871913	0.311454 	765   	0.0653659	42.1691	166	52 	25 	765   	2.624   
INFO:gp:167	764   	0.841508	167	0.871916	0.27198  	764   	0.0717087	42.8123	167	54 	25 	764   	2.05115 
INFO:gp:168	793   	0.833316	168	0.871916	0.486661 	793   	0.0727001	43.4673	168	54 	25 	793   	2.01283 
INFO:gp:169	766   	0.836759	169	0.871919	0.352538 	766   	0.0726473	43.6862	169	53 	33 	766   	1.73185 
INFO:gp:170	758   	0.831542	170	0.871927	0.352542 	758   	0.0809191	43.7087	170	53 	25 	758   	2.17315 
INFO:gp:171	766   	0.84259 	171	0.871927	0.419973 	766   	0.0639036	43.7292	171	66 	25 	766   	2.20059 
INFO:gp:172	773   	0.837914	172	0.871927	0.417857 	773   	0.0732729	43.9453	172	65 	25 	773   	2.04756 
INFO:gp:173	786   	0.835775	173	0.871927	0.332491 	786   	0.0774882	44.2766	173	54 	25 	786   	1.7178  
INFO:gp:174	755   	0.840242	174	0.871933	0.352521 	755   	0.0736571	44.3226	174	56 	27 	755   	1.73333 
INFO:gp:175	793   	0.841176	175	0.871933	0.237483 	793   	0.06975  	44.0332	175	62 	34 	793   	1.94822 
INFO:gp:176	821   	0.835681	176	0.871933	0.384297 	821   	0.0723457	44.1818	176	62 	35 	821   	1.85395 
INFO:gp:177	768   	0.837344	177	0.871933	0.419961 	768   	0.0734172	44.6031	177	58 	35 	768   	1.87301 
INFO:gp:178	794   	0.83123 	178	0.871942	0.353374 	794   	0.0785929	45.1359	178	56 	33 	794   	1.95854 
INFO:gp:179	763   	0.837837	179	0.871942	0.412665 	763   	0.0736842	45.2854	179	67 	35 	763   	2.05607 
INFO:gp:180	770   	0.838274	180	0.871942	0.35336  	770   	0.0739827	45.0274	180	55 	32 	770   	1.65713 
INFO:gp:181	773   	0.838723	181	0.871942	0.225012 	773   	0.0741446	44.9658	181	66 	29 	773   	1.85964 
INFO:gp:182	770   	0.839031	182	0.871942	0.43492  	770   	0.0698586	45.045 	182	51 	29 	770   	1.82358 
INFO:gp:183	771   	0.834044	183	0.871944	0.332494 	771   	0.0765435	45.2542	183	52 	29 	771   	2.1043  
INFO:gp:184	744   	0.835137	184	0.871944	0.263833 	744   	0.0794479	45.1554	184	52 	31 	744   	2.04023 
INFO:gp:185	766   	0.838135	185	0.871944	0.346333 	766   	0.0741833	44.825 	185	59 	31 	766   	2.37115 
INFO:gp:186	748   	0.836584	186	0.871944	0.3325   	748   	0.077408 	45.2864	186	59 	31 	748   	2.40622 
INFO:gp:187	783   	0.83156 	187	0.871944	0.332496 	783   	0.0839217	46.0909	187	59 	26 	783   	3.23509 
INFO:gp:188	786   	0.836974	188	0.871944	0.353368 	786   	0.0744121	47.7322	188	62 	31 	786   	3.1188  
INFO:gp:189	785   	0.835906	189	0.871944	0.400583 	785   	0.0755167	48.1779	189	71 	31 	785   	2.96503 
INFO:gp:190	769   	0.829451	190	0.871944	0.347305 	769   	0.0845196	48.3783	190	62 	31 	769   	2.30232 
INFO:gp:191	774   	0.828785	191	0.871944	0.326473 	774   	0.0873376	48.2698	191	61 	30 	774   	2.68436 
INFO:gp:192	783   	0.83098 	192	0.873664	0.353338 	783   	0.0814602	48.2111	192	56 	18 	783   	2.83057 
INFO:gp:193	779   	0.834802	193	0.873664	0.352987 	779   	0.0771932	48.2561	193	61 	31 	779   	2.81785 
INFO:gp:194	794   	0.829354	194	0.873664	0.353319 	794   	0.0840528	48.2043	194	62 	31 	794   	2.88528 
INFO:gp:195	757   	0.830966	195	0.873664	0.401646 	757   	0.0783628	48.3597	195	73 	31 	757   	2.56673 
INFO:gp:196	763   	0.827434	196	0.873664	0.288637 	763   	0.0836702	48.2356	196	62 	31 	763   	2.35721 
INFO:gp:197	751   	0.825321	197	0.873664	0.325592 	751   	0.0851422	48.1701	197	62 	29 	751   	2.87885 
INFO:gp:198	777   	0.836813	198	0.873664	0.281406 	777   	0.0725811	48.3157	198	62 	30 	777   	3.07562 
INFO:gp:199	783   	0.839856	199	0.873665	0.342872 	783   	0.0718212	48.3998	199	62 	31 	783   	2.82107 
INFO:gp:200	765   	0.842675	200	0.873667	0.367302 	765   	0.0701996	48.3949	200	62 	31 	765   	2.97077 
INFO:gp:201	786   	0.836086	201	0.873667	0.359984 	786   	0.0740126	48.4438	201	59 	31 	786   	2.71819 
INFO:gp:202	777   	0.835961	202	0.873667	0.386317 	777   	0.0782742	48.5191	202	56 	31 	777   	2.13141 
INFO:gp:203	808   	0.83461 	203	0.873667	0.447015 	808   	0.0770896	48.1828	203	62 	30 	808   	2.51347 
INFO:gp:204	748   	0.840614	204	0.873667	0.387249 	748   	0.0691948	48.1926	204	58 	30 	748   	1.80719 
INFO:gp:205	795   	0.839262	205	0.873668	0.466459 	795   	0.0702462	48.1867	205	59 	30 	795   	2.66606 
INFO:gp:206	750   	0.839819	206	0.873668	0.305249 	750   	0.0740956	48.5132	206	58 	31 	750   	2.30677 
INFO:gp:207	754   	0.840101	207	0.873671	0.3673   	754   	0.0712347	48.4047	207	61 	31 	754   	2.80526 
INFO:gp:208	768   	0.837676	208	0.873671	0.309577 	768   	0.0765448	48.4115	208	56 	31 	768   	2.11399 
INFO:gp:209	765   	0.839315	209	0.873671	0.367322 	765   	0.0716326	48.0401	209	54 	31 	765   	1.94131 
INFO:gp:210	774   	0.840826	210	0.873671	0.367297 	774   	0.0708724	47.523 	210	58 	17 	774   	2.93214 
INFO:gp:211	794   	0.837554	211	0.873671	0.3673   	794   	0.0746172	47.738 	211	62 	31 	794   	2.41448 
INFO:gp:212	780   	0.840378	212	0.873671	0.367297 	780   	0.070071 	47.8465	212	61 	31 	780   	2.50725 
INFO:gp:213	783   	0.835843	213	0.873674	0.387348 	783   	0.0753867	48.3724	213	71 	31 	783   	2.35697 
INFO:gp:214	756   	0.842629	214	0.873683	0.468278 	756   	0.0677535	48.5367	214	73 	31 	756   	2.51921 
INFO:gp:215	781   	0.833793	215	0.873683	0.27398  	781   	0.0846279	48.5904	215	59 	31 	781   	2.29739 
INFO:gp:216	780   	0.841746	216	0.873683	0.353699 	780   	0.0708338	48.5914	216	62 	31 	780   	2.9418  
INFO:gp:217	754   	0.843142	217	0.873685	0.355767 	754   	0.0681196	49.0782	217	60 	31 	754   	2.34088 
INFO:gp:218	768   	0.83793 	218	0.873685	0.334306 	768   	0.0768521	49.2845	218	60 	31 	768   	2.73892 
INFO:gp:219	770   	0.835522	219	0.873685	0.323124 	770   	0.0752681	49.4907	219	66 	31 	770   	2.5732  
INFO:gp:220	790   	0.837881	220	0.87369 	0.387363 	790   	0.0740544	49.1867	220	61 	31 	790   	3.28737 
INFO:gp:221	763   	0.841197	221	0.87369 	0.386694 	763   	0.0702265	49.4536	221	62 	31 	763   	2.62285 
INFO:gp:222	783   	0.840696	222	0.87369 	0.367339 	783   	0.0691566	49.3871	222	63 	24 	783   	2.90796 
INFO:gp:223	786   	0.836761	223	0.873692	0.399794 	786   	0.0757297	49.0997	223	62 	31 	786   	2.80724 
INFO:gp:224	789   	0.835961	224	0.873692	0.423391 	789   	0.0751082	47.9071	224	63 	31 	789   	3.39342 
INFO:gp:225	767   	0.841491	225	0.874102	0.412622 	767   	0.0713992	46.522 	225	62 	25 	767   	2.86709 
INFO:gp:226	812   	0.835209	226	0.874102	0.303035 	812   	0.0761999	46.0929	226	62 	31 	812   	2.58051 
INFO:gp:227	772   	0.843169	227	0.874105	0.468274 	772   	0.0662916	46.175 	227	54 	31 	772   	2.48508 
INFO:gp:228	770   	0.83924 	228	0.893112	0.389432 	770   	0.068686 	45.9971	228	59 	31 	770   	2.62237 
INFO:gp:229	736   	0.839579	229	0.893112	0.387889 	736   	0.0723783	45.6237	229	57 	31 	736   	3.31443 
INFO:gp:230	768   	0.837909	230	0.893118	0.393337 	768   	0.0769565	45.4976	230	59 	31 	768   	3.39221 
INFO:gp:231	812   	0.841667	231	0.893367	0.367839 	812   	0.0739898	45.5611	231	59 	28 	812   	2.6533  
INFO:gp:232	777   	0.853419	232	0.893367	0.366875 	777   	0.0683105	45.4536	232	60 	25 	777   	2.66279 
INFO:gp:233	785   	0.853768	233	0.893367	0.312564 	785   	0.0743064	45.4868	233	55 	31 	785   	2.53838 
INFO:gp:234	769   	0.856515	234	0.893393	0.290267 	769   	0.0795532	45.3803	234	55 	31 	769   	2.49478 
INFO:gp:235	777   	0.859044	235	0.89345 	0.386914 	777   	0.071783 	45.0215	235	55 	26 	777   	2.8411  
INFO:gp:236	790   	0.852473	236	0.893519	0.260171 	790   	0.0809069	45.0547	236	55 	31 	790   	2.9527  
INFO:gp:237	796   	0.853756	237	0.893698	0.426265 	796   	0.0766394	45.3138	237	56 	31 	796   	3.33826 
INFO:gp:238	756   	0.862791	238	0.893698	0.367104 	756   	0.070411 	44.4242	238	60 	30 	756   	3.81563 
INFO:gp:239	757   	0.858116	239	0.89376 	0.363183 	757   	0.0748371	44.4086	239	63 	31 	757   	3.75069 
INFO:gp:240	774   	0.856251	240	0.893802	0.367219 	774   	0.0748616	45.1584	240	55 	30 	774   	3.68776 
INFO:gp:241	754   	0.85529 	241	0.893826	0.433277 	754   	0.076693 	44.4663	241	56 	25 	754   	4.75629 
INFO:gp:242	753   	0.857581	242	0.89392 	0.43328  	753   	0.0745501	44.1202	242	57 	24 	753   	5.90808 
INFO:gp:243	758   	0.85721 	243	0.89392 	0.29336  	758   	0.0778241	42.955 	243	55 	24 	758   	6.95397 
INFO:gp:244	759   	0.856066	244	0.89392 	0.361858 	759   	0.0796864	44.5112	244	60 	7  	759   	5.75923 
INFO:gp:245	771   	0.853926	245	0.893975	0.366716 	771   	0.0825708	44.0137	245	60 	8  	771   	5.77603 
INFO:gp:246	780   	0.85771 	246	0.893975	0.433395 	780   	0.0735721	40.6657	246	60 	23 	780   	5.95681 
INFO:gp:247	784   	0.860496	247	0.893976	0.342598 	784   	0.0725101	38.5318	247	60 	23 	784   	4.18893 
INFO:gp:248	785   	0.853514	248	0.893976	0.31333  	785   	0.0812687	37.7302	248	54 	18 	785   	3.17393 
INFO:gp:249	789   	0.854545	249	0.893976	0.41147  	789   	0.0775479	36.4233	249	47 	25 	789   	2.68075 
INFO:gp:250	797   	0.85795 	250	0.893977	0.495    	797   	0.0727729	36.7595	250	49 	29 	797   	2.03461 
INFO:gp:251	784   	0.857679	251	0.893977	0.3677   	784   	0.0765082	37.2708	251	58 	29 	784   	1.98282 
INFO:gp:252	778   	0.855882	252	0.893977	0.367718 	778   	0.0788186	37.6823	252	53 	29 	778   	1.63651 
INFO:gp:253	769   	0.85604 	253	0.893977	0.442325 	769   	0.0776089	37.7429	253	51 	29 	769   	1.85795 
INFO:gp:254	780   	0.859676	254	0.893977	0.387738 	780   	0.076137 	37.8328	254	55 	31 	780   	1.89675 
INFO:gp:255	774   	0.852164	255	0.893977	0.367718 	774   	0.0818444	37.7967	255	55 	19 	774   	1.74013 
INFO:gp:256	785   	0.856744	256	0.893977	0.445914 	785   	0.0783994	37.8543	256	55 	31 	785   	1.61533 
INFO:gp:257	769   	0.856412	257	0.893977	0.367718 	769   	0.0790341	37.7801	257	52 	31 	769   	1.57495 
INFO:gp:258	753   	0.857792	258	0.893977	0.382516 	753   	0.0769929	37.958 	258	51 	31 	753   	1.72872 
INFO:gp:259	749   	0.856523	259	0.893986	0.387739 	749   	0.0759224	38.262 	259	51 	22 	749   	2.19388 
INFO:gp:260	786   	0.858167	260	0.893986	0.387739 	786   	0.072631 	39.2004	260	55 	31 	786   	2.3455  
INFO:gp:261	728   	0.858856	261	0.893986	0.348983 	728   	0.0760632	40.6246	261	55 	31 	728   	2.27783 
INFO:gp:262	771   	0.853477	262	0.893986	0.347684 	771   	0.0794919	40.7713	262	54 	29 	771   	2.52427 
INFO:gp:263	741   	0.85833 	263	0.894024	0.367712 	741   	0.0734381	39.6061	263	50 	31 	741   	2.39424 
INFO:gp:264	787   	0.853709	264	0.894024	0.336276 	787   	0.0794983	38.2542	264	55 	17 	787   	1.98576 
INFO:gp:265	792   	0.854685	265	0.894024	0.466896 	792   	0.0766773	37.9492	265	47 	29 	792   	1.56993 
INFO:gp:266	776   	0.855024	266	0.894024	0.416654 	776   	0.078259 	38.1241	266	53 	31 	776   	1.65122 
INFO:gp:267	780   	0.856399	267	0.894024	0.367758 	780   	0.0742976	38.4653	267	55 	30 	780   	1.9691  
INFO:gp:268	770   	0.855963	268	0.894024	0.488689 	770   	0.0733298	39.2004	268	53 	31 	770   	1.82304 
INFO:gp:269	782   	0.850864	269	0.894024	0.340945 	782   	0.0806398	39.6891	269	55 	19 	782   	1.80884 
INFO:gp:270	760   	0.850828	270	0.894028	0.367758 	760   	0.081403 	39.6276	270	49 	26 	760   	1.77776 
INFO:gp:271	788   	0.852291	271	0.894043	0.446729 	788   	0.0775385	39.7077	271	53 	31 	788   	1.70778 
INFO:gp:272	764   	0.854303	272	0.894043	0.367758 	764   	0.0787068	39.7243	272	53 	31 	764   	1.7154  
INFO:gp:273	761   	0.855366	273	0.894043	0.367776 	761   	0.075647 	39.6706	273	55 	31 	761   	2.02911 
INFO:gp:274	797   	0.857229	274	0.894043	0.38779  	797   	0.073959 	39.6843	274	48 	31 	797   	1.95827 
INFO:gp:275	774   	0.852426	275	0.894053	0.367769 	774   	0.0775507	39.9629	275	55 	31 	774   	2.26896 
INFO:gp:276	750   	0.852241	276	0.894062	0.298713 	750   	0.0859889	39.9804	276	53 	28 	750   	1.87112 
INFO:gp:277	755   	0.859851	277	0.894062	0.367775 	755   	0.0749148	39.7986	277	55 	31 	755   	1.86298 
INFO:gp:278	774   	0.853693	278	0.894088	0.367775 	774   	0.0818136	39.8426	278	57 	31 	774   	1.96839 
INFO:gp:279	791   	0.859632	279	0.894088	0.387812 	791   	0.0707283	39.8592	279	57 	31 	791   	2.1543  
INFO:gp:280	767   	0.856873	280	0.894088	0.36778  	767   	0.0761093	39.4164	280	55 	19 	767   	2.44522 
INFO:gp:281	810   	0.849447	281	0.894088	0.367817 	810   	0.0850284	38.6735	281	53 	31 	810   	2.00023 
INFO:gp:282	789   	0.854733	282	0.894088	0.387837 	789   	0.080351 	38.7449	282	55 	31 	789   	1.90344 
INFO:gp:283	797   	0.855764	283	0.894088	0.351505 	797   	0.0792257	39.39  	283	46 	31 	797   	1.78003 
INFO:gp:284	775   	0.856924	284	0.894088	0.367846 	775   	0.0754205	39.7478	284	49 	30 	775   	1.70013 
INFO:gp:285	758   	0.856997	285	0.894088	0.468776 	758   	0.0776657	39.739 	285	55 	20 	758   	1.94833 
INFO:gp:286	799   	0.858575	286	0.894088	0.488753 	799   	0.0720961	39.7654	286	56 	31 	799   	1.74125 
INFO:gp:287	778   	0.858065	287	0.894088	0.470312 	778   	0.0729075	39.8426	287	53 	31 	778   	1.67369 
INFO:gp:288	769   	0.857345	288	0.894088	0.367826 	769   	0.074112 	39.7566	288	49 	15 	769   	1.81457 
INFO:gp:289	777   	0.856135	289	0.894088	0.290159 	777   	0.0769117	39.7107	289	53 	31 	777   	1.81456 
INFO:gp:290	753   	0.852875	290	0.894088	0.292446 	753   	0.082743 	39.7341	290	55 	31 	753   	1.85434 
INFO:gp:291	762   	0.857569	291	0.894088	0.355507 	762   	0.0790233	39.8035	291	52 	31 	762   	1.77015 
INFO:gp:292	736   	0.856394	292	0.894088	0.367844 	736   	0.0788793	39.7781	292	52 	31 	736   	1.67689 
INFO:gp:293	771   	0.856638	293	0.894088	0.353944 	771   	0.0756863	39.7869	293	49 	31 	771   	1.60934 
INFO:gp:294	774   	0.859842	294	0.894088	0.386488 	774   	0.0736011	39.8123	294	55 	31 	774   	1.58128 
INFO:gp:295	791   	0.853862	295	0.894088	0.309261 	791   	0.0800533	39.7155	295	55 	31 	791   	1.73972 
INFO:gp:296	798   	0.854891	296	0.894088	0.367831 	798   	0.0806838	39.6667	296	55 	24 	798   	2.00959 
INFO:gp:297	783   	0.856076	297	0.894088	0.367826 	783   	0.0773098	39.7507	297	53 	30 	783   	1.83414 
INFO:gp:298	761   	0.855112	298	0.894088	0.387864 	761   	0.081351 	39.7214	298	50 	31 	761   	1.73617 
INFO:gp:299	789   	0.853669	299	0.894088	0.367844 	789   	0.0790865	39.7957	299	53 	24 	789   	1.77533 
INFO:gp:300	767   	0.853683	300	0.894088	0.367827 	767   	0.0803575	39.8338	300	55 	19 	767   	1.82514 
INFO:gp:301	800   	0.853026	301	0.894092	0.367827 	800   	0.0802749	39.8143	301	55 	29 	800   	1.67283 
INFO:gp:302	788   	0.858235	302	0.894092	0.387857 	788   	0.0722458	39.7322	302	49 	31 	788   	1.76769 
INFO:gp:303	758   	0.855708	303	0.894092	0.387864 	758   	0.0783711	39.7605	303	47 	15 	758   	1.7956  
INFO:gp:304	766   	0.858831	304	0.894092	0.40128  	766   	0.0722248	39.7918	304	47 	30 	766   	1.49442 
INFO:gp:305	778   	0.853188	305	0.894092	0.331024 	778   	0.0811252	39.7986	305	55 	29 	778   	1.58207 
INFO:gp:306	751   	0.858092	306	0.894092	0.481816 	751   	0.0734192	39.7331	306	54 	30 	751   	1.80478 
INFO:gp:307	793   	0.852383	307	0.894126	0.34277  	793   	0.0855603	39.7019	307	56 	30 	793   	2.01074 
INFO:gp:308	761   	0.854017	308	0.89413 	0.313761 	761   	0.0828197	39.8749	308	49 	30 	761   	1.68948 
INFO:gp:309	771   	0.86109 	309	0.89413 	0.387866 	771   	0.0742681	39.8602	309	53 	30 	771   	2.08167 
INFO:gp:310	770   	0.857832	310	0.89413 	0.343781 	770   	0.0747689	40.392 	310	54 	30 	770   	1.98868 
INFO:gp:311	780   	0.854995	311	0.89413 	0.412885 	780   	0.0798112	41.2317	311	58 	30 	780   	2.92929 
INFO:gp:312	756   	0.85698 	312	0.89413 	0.367873 	756   	0.0754809	42.2248	312	58 	26 	756   	2.85668 
INFO:gp:313	774   	0.856486	313	0.89413 	0.367883 	774   	0.0761308	41.6735	313	53 	26 	774   	2.61303 
INFO:gp:314	739   	0.860328	314	0.89413 	0.347822 	739   	0.0746344	41.6706	314	56 	30 	739   	1.89922 
INFO:gp:315	777   	0.859234	315	0.89413 	0.434272 	777   	0.0731509	41.6549	315	51 	30 	777   	1.94429 
INFO:gp:316	785   	0.857649	316	0.89413 	0.44706  	785   	0.0735865	41.6237	316	55 	30 	785   	2.0913  
INFO:gp:317	769   	0.857151	317	0.89413 	0.40038  	769   	0.0767389	41.5875	317	56 	30 	769   	2.34675 
INFO:gp:318	770   	0.85701 	318	0.89413 	0.46706  	770   	0.0774005	41.6794	318	53 	29 	770   	2.14818 
INFO:gp:319	764   	0.857068	319	0.89413 	0.3475   	764   	0.0783514	41.7498	319	58 	30 	764   	2.01071 
INFO:gp:320	772   	0.854921	320	0.894142	0.400395 	772   	0.0794748	41.7107	320	54 	30 	772   	2.0801  
INFO:gp:321	778   	0.856578	321	0.894142	0.367885 	778   	0.0779593	41.6569	321	58 	26 	778   	2.32513 
INFO:gp:322	772   	0.855615	322	0.894145	0.365886 	772   	0.0782192	41.7967	322	55 	26 	772   	1.89554 
INFO:gp:323	772   	0.854317	323	0.89415 	0.38791  	772   	0.0775374	41.8465	323	53 	30 	772   	1.84357 
INFO:gp:324	772   	0.855441	324	0.89415 	0.364537 	772   	0.0751864	41.9531	324	53 	30 	772   	2.18359 
INFO:gp:325	781   	0.853939	325	0.894151	0.294707 	781   	0.0801752	42.2082	325	51 	30 	781   	2.66776 
INFO:gp:326	784   	0.857589	326	0.894151	0.367893 	784   	0.0770017	42.7126	326	57 	30 	784   	2.49917 
INFO:gp:327	794   	0.853657	327	0.894164	0.400738 	794   	0.0802548	42.2111	327	56 	30 	794   	2.3746  
INFO:gp:328	761   	0.853227	328	0.894164	0.346681 	761   	0.081775 	41.7097	328	51 	30 	761   	2.20963 
INFO:gp:329	802   	0.85684 	329	0.894164	0.367896 	802   	0.0756581	41.6598	329	55 	28 	802   	2.0804  
INFO:gp:330	795   	0.855983	330	0.894164	0.387932 	795   	0.0774364	41.3568	330	55 	30 	795   	2.33733 
INFO:gp:331	761   	0.856613	331	0.894164	0.36707  	761   	0.0778795	41.1994	331	51 	30 	761   	2.26955 
INFO:gp:332	771   	0.848928	332	0.894173	0.34299  	771   	0.0874899	41.4888	332	53 	30 	771   	2.24928 
INFO:gp:333	785   	0.854093	333	0.894173	0.387951 	785   	0.0819375	41.6461	333	55 	30 	785   	2.14661 
INFO:gp:334	764   	0.856499	334	0.894173	0.326091 	764   	0.0767051	41.74  	334	53 	30 	764   	2.00069 
INFO:gp:335	796   	0.853334	335	0.894173	0.331264 	796   	0.0810402	41.7722	335	58 	30 	796   	2.20723 
INFO:gp:336	764   	0.855316	336	0.894173	0.367916 	764   	0.0782434	41.7468	336	55 	30 	764   	2.40508 
INFO:gp:337	777   	0.854891	337	0.894183	0.367949 	777   	0.0766347	42.306 	337	56 	30 	777   	2.15237 
INFO:gp:338	773   	0.854652	338	0.894183	0.387959 	773   	0.0785426	42.4985	338	53 	25 	773   	2.2001  
INFO:gp:339	768   	0.851765	339	0.894183	0.294688 	768   	0.0852987	42.5875	339	53 	30 	768   	2.01119 
INFO:gp:340	765   	0.854432	340	0.894183	0.400549 	765   	0.0803507	42.4428	340	53 	30 	765   	2.01568 
INFO:gp:341	750   	0.858714	341	0.894183	0.487825 	750   	0.071597 	41.9189	341	59 	30 	750   	2.43272 
INFO:gp:342	783   	0.852405	342	0.894183	0.428579 	783   	0.0804422	40.8104	342	55 	30 	783   	2.49402 
INFO:gp:343	755   	0.854904	343	0.894183	0.367936 	755   	0.0796653	39.9834	343	50 	30 	755   	2.0816  
INFO:gp:344	762   	0.855074	344	0.894183	0.347301 	762   	0.0794562	39.8915	344	56 	28 	762   	2.22159 
INFO:gp:345	764   	0.859149	345	0.894183	0.470378 	764   	0.0711778	39.9179	345	46 	29 	764   	1.67119 
INFO:gp:346	787   	0.854307	346	0.894183	0.488845 	787   	0.073236 	39.7918	346	46 	30 	787   	1.99869 
INFO:gp:347	777   	0.857652	347	0.894183	0.467124 	777   	0.0731509	39.8407	347	52 	30 	777   	1.89227 
INFO:gp:348	768   	0.854694	348	0.894183	0.463442 	768   	0.0796901	39.8182	348	54 	28 	768   	1.94051 
INFO:gp:349	792   	0.85926 	349	0.894183	0.468888 	792   	0.0716017	39.8074	349	46 	30 	792   	1.69037 
INFO:gp:350	772   	0.859775	350	0.894183	0.295462 	772   	0.0765558	39.8397	350	53 	30 	772   	1.77847 
INFO:gp:351	762   	0.859222	351	0.894183	0.367943 	762   	0.0768752	39.7732	351	47 	29 	762   	1.78716 
INFO:gp:352	761   	0.854002	352	0.894183	0.36796  	761   	0.0808322	39.7595	352	49 	30 	761   	2.03509 
INFO:gp:353	797   	0.855229	353	0.894183	0.345674 	797   	0.0803464	39.74  	353	54 	30 	797   	2.13449 
INFO:gp:354	761   	0.857103	354	0.894183	0.344479 	761   	0.0782647	39.7253	354	54 	28 	761   	2.05111 
INFO:gp:355	785   	0.857621	355	0.894183	0.444325 	785   	0.0749132	39.7019	355	53 	30 	785   	2.13111 
INFO:gp:356	756   	0.855554	356	0.894183	0.354939 	756   	0.0763854	39.7204	356	51 	30 	756   	2.06115 
INFO:gp:357	777   	0.857824	357	0.894183	0.321246 	777   	0.0764254	39.869 	357	53 	30 	777   	1.76322 
INFO:gp:358	761   	0.855403	358	0.894183	0.36796  	761   	0.0786182	39.8524	358	53 	30 	761   	1.71666 
INFO:gp:359	773   	0.851252	359	0.894183	0.367936 	773   	0.0824024	39.827 	359	54 	24 	773   	1.9626  
INFO:gp:360	767   	0.856823	360	0.894183	0.367943 	767   	0.0808769	39.8612	360	53 	30 	767   	1.6645  
INFO:gp:361	778   	0.856966	361	0.894183	0.46184  	778   	0.0743062	39.7107	361	47 	28 	778   	1.89416 
INFO:gp:362	752   	0.857732	362	0.894183	0.400459 	752   	0.0769591	39.8133	362	53 	30 	752   	1.76845 
INFO:gp:363	747   	0.857624	363	0.894183	0.434672 	747   	0.0739414	39.7439	363	49 	29 	747   	1.80607 
INFO:gp:364	770   	0.855008	364	0.894183	0.327079 	770   	0.0786133	39.7947	364	53 	30 	770   	1.76001 
INFO:gp:365	787   	0.856401	365	0.894183	0.365933 	787   	0.0775359	39.7449	365	51 	30 	787   	1.9957  
INFO:gp:366	747   	0.853423	366	0.894183	0.35156  	747   	0.0818456	39.7654	366	48 	30 	747   	1.868   
INFO:gp:367	800   	0.854869	367	0.894183	0.367936 	800   	0.0774969	39.7116	367	53 	30 	800   	1.99558 
INFO:gp:368	793   	0.855626	368	0.894183	0.387984 	793   	0.0751343	39.6989	368	48 	22 	793   	1.80887 
INFO:gp:369	762   	0.856468	369	0.894183	0.367944 	762   	0.078481 	39.7722	369	56 	7  	762   	2.10244 
INFO:gp:370	769   	0.857345	370	0.894183	0.426517 	769   	0.0758564	39.7908	370	53 	28 	769   	1.78711 
INFO:gp:371	787   	0.857655	371	0.894183	0.414489 	787   	0.073545 	39.8035	371	53 	28 	787   	1.71004 
INFO:gp:372	777   	0.848693	372	0.894183	0.381595 	777   	0.0829348	39.7429	372	51 	30 	777   	1.79806 
INFO:gp:373	772   	0.858067	373	0.894183	0.348541 	772   	0.0769221	39.782 	373	53 	30 	772   	1.76154 
INFO:gp:374	784   	0.85584 	374	0.894183	0.240945 	784   	0.0809743	39.827 	374	45 	30 	784   	1.40394 
INFO:gp:375	774   	0.854517	375	0.894183	0.367943 	774   	0.0794413	39.7791	375	53 	22 	774   	1.96003 
INFO:gp:376	770   	0.855522	376	0.894183	0.400459 	770   	0.0772738	39.8309	376	54 	30 	770   	1.6661  
INFO:gp:377	791   	0.858433	377	0.894183	0.312479 	791   	0.072856 	39.7761	377	51 	30 	791   	1.84273 
INFO:gp:378	769   	0.856023	378	0.894183	0.260027 	769   	0.0779846	39.7595	378	53 	30 	769   	1.88963 
INFO:gp:379	777   	0.856275	379	0.894183	0.387971 	777   	0.0799488	39.825 	379	52 	15 	777   	1.739   
INFO:gp:380	759   	0.86194 	380	0.894183	0.468888 	759   	0.0648152	39.7634	380	54 	30 	759   	1.78315 
INFO:gp:381	792   	0.855766	381	0.894183	0.50215  	792   	0.0763051	39.8348	381	49 	30 	792   	1.57481 
INFO:gp:382	759   	0.85852 	382	0.894183	0.387984 	759   	0.0754482	39.7341	382	53 	30 	759   	1.90736 
INFO:gp:383	760   	0.858723	383	0.894183	0.367944 	760   	0.0758165	39.6657	383	51 	30 	760   	1.87322 
INFO:gp:384	787   	0.853634	384	0.894183	0.353159 	787   	0.0835181	39.784 	384	53 	30 	787   	1.66537 
INFO:gp:385	781   	0.856782	385	0.894183	0.353083 	781   	0.0786354	39.8426	385	53 	30 	781   	1.62268 
INFO:gp:386	756   	0.853599	386	0.894183	0.310624 	756   	0.0798891	39.6647	386	51 	30 	756   	1.94197 
INFO:gp:387	750   	0.85588 	387	0.894183	0.367943 	750   	0.0765078	39.7761	387	53 	29 	750   	1.78616 
INFO:gp:388	729   	0.858273	388	0.894183	0.408008 	729   	0.077322 	39.7204	388	54 	30 	729   	1.99659 
INFO:gp:389	778   	0.855861	389	0.894185	0.367936 	778   	0.0768532	39.8094	389	53 	28 	778   	1.63174 
INFO:gp:390	770   	0.856533	390	0.894185	0.26005  	770   	0.0757712	39.7752	390	53 	30 	770   	2.01274 
INFO:gp:391	747   	0.853722	391	0.894185	0.36796  	747   	0.0821009	39.8055	391	48 	30 	747   	1.59492 
INFO:gp:392	753   	0.854892	392	0.894185	0.367936 	753   	0.0800459	39.7507	392	51 	29 	753   	1.84636 
INFO:gp:393	799   	0.85616 	393	0.894185	0.387973 	799   	0.0756645	39.6911	393	53 	30 	799   	2.15988 
INFO:gp:394	753   	0.853883	394	0.894185	0.393505 	753   	0.0799087	39.7507	394	53 	30 	753   	1.88513 
INFO:gp:395	767   	0.858152	395	0.894185	0.367964 	767   	0.0722581	39.9091	395	53 	29 	767   	1.50611 
INFO:gp:396	793   	0.856995	396	0.894185	0.306305 	793   	0.0738014	39.7488	396	54 	30 	793   	1.86924 
INFO:gp:397	763   	0.859147	397	0.894185	0.36794  	763   	0.0745566	39.7947	397	51 	28 	763   	1.73934 
INFO:gp:398	771   	0.856082	398	0.894185	0.400445 	771   	0.0756162	39.7859	398	53 	30 	771   	1.8145  
INFO:gp:399	776   	0.85486 	399	0.894185	0.400459 	776   	0.075117 	39.7507	399	49 	30 	776   	1.71459 
INFO:gp:400	746   	0.859875	400	0.894185	0.368688 	746   	0.0712216	39.7322	400	46 	30 	746   	1.69082 
INFO:__main__:Saving model to file: checkpoints/run_28.pth
INFO:util:Train accuracy: 0.975 +- 0.025000000000000022
INFO:util:Val accuracy: 0.975 +- 0.025000000000000022
INFO:util:Test accuracy: 0.25 +- 0.08333333333333333
INFO:util:Train intra-class: 0.07643101927202858, Train Inter-class: 0.2182841520933771
INFO:util:Val intra-class: 0.17007907520372373, Val Inter-class: 0.20735760122444763
INFO:util:Test intra-class: 0.0, Test inter-class: 0.22714919722144578
INFO:plot:Saving t-SNE to file: figures/tsne.png
INFO:plot:Saving t-SNE to file: figures/tsne.png
INFO:plot:Saving tree to file: figures/tree-0.pdf
INFO:plot:Saving tree to file: figures/tree-1.pdf
INFO:plot:Saving tree to file: figures/tree-2.pdf
INFO:plot:Saving tree to file: figures/tree-3.pdf
INFO:plot:Saving tree to file: figures/tree-4.pdf
INFO:plot:Saving tree to file: figures/tree-5.pdf
