INFO:data:Reading dataset fish: part
INFO:data:Class Counts: [6 6 3 6 6 3], Class Ratios: [0.2 0.2 0.1 0.2 0.2 0.1]
INFO:data:Number of features: 1023
INFO:data:Number of instances: 30
INFO:data:Number of classes 6.
INFO:__main__:No model found. Train from scratch.
INFO:gp:   	      	                             fitness                             	                      size                     
   	      	-----------------------------------------------------------------	-----------------------------------------------
gen	nevals	avg     	gen	max    	min     	nevals	std      	avg    	gen	max	min	nevals	std    
0  	1023  	0.236283	0  	0.51417	0.099332	1023  	0.0731849	4.61388	0  	7  	2  	1023  	1.45526
INFO:gp:1  	771   	0.325977	1  	0.562629	0.12199 	771   	0.0721922	4.62659	1  	12 	2  	771   	1.49661
INFO:gp:2  	770   	0.390103	2  	0.562629	0.140339	770   	0.0652689	4.66764	2  	12 	2  	770   	1.60674
INFO:gp:3  	760   	0.431664	3  	0.596874	0.190807	760   	0.0643021	4.49853	3  	12 	3  	760   	1.63471
INFO:gp:4  	746   	0.467868	4  	0.628498	0.222178	746   	0.0703519	4.18866	4  	13 	3  	746   	1.61693
INFO:gp:5  	757   	0.504637	5  	0.64829 	0.208382	757   	0.0698097	3.92669	5  	12 	3  	757   	1.54423
INFO:gp:6  	768   	0.531011	6  	0.652076	0.220145	768   	0.0723864	3.65689	6  	11 	2  	768   	1.31929
INFO:gp:7  	792   	0.563594	7  	0.703358	0.266802	792   	0.0642171	3.53763	7  	8  	3  	792   	1.053  
INFO:gp:8  	797   	0.586215	8  	0.703358	0.256748	797   	0.0654316	3.58944	8  	10 	3  	797   	1.1271 
INFO:gp:9  	757   	0.59658 	9  	0.703855	0.301112	757   	0.071828 	3.73607	9  	10 	3  	757   	1.24777
INFO:gp:10 	799   	0.616014	10 	0.711137	0.292574	799   	0.0681028	3.86315	10 	9  	3  	799   	1.32826
INFO:gp:11 	769   	0.641749	11 	0.745523	0.368558	769   	0.0650767	3.91496	11 	11 	3  	769   	1.33368
INFO:gp:12 	765   	0.662286	12 	0.765399	0.39888 	765   	0.059785 	3.87683	12 	9  	3  	765   	1.28244
INFO:gp:13 	777   	0.673231	13 	0.765399	0.397733	777   	0.0601585	3.94624	13 	11 	3  	777   	1.30943
INFO:gp:14 	765   	0.685608	14 	0.765399	0.380067	765   	0.0630794	4.29717	14 	10 	3  	765   	1.50712
INFO:gp:15 	780   	0.70115 	15 	0.76603 	0.433137	780   	0.0647017	4.30694	15 	11 	3  	780   	1.5258 
INFO:gp:16 	798   	0.713905	16 	0.784553	0.445086	798   	0.0645601	3.75758	16 	9  	3  	798   	1.32569
INFO:gp:17 	754   	0.721708	17 	0.78464 	0.407436	754   	0.0654838	3.40371	17 	9  	3  	754   	1.02856
INFO:gp:18 	777   	0.719867	18 	0.78464 	0.39365 	777   	0.0673384	3.37341	18 	9  	3  	777   	0.959267
INFO:gp:19 	798   	0.720601	19 	0.78464 	0.41455 	798   	0.0715608	3.57967	19 	9  	3  	798   	1.16702 
INFO:gp:20 	765   	0.723918	20 	0.78464 	0.254769	765   	0.077284 	3.78886	20 	9  	3  	765   	1.25467 
INFO:gp:21 	781   	0.729196	21 	0.78464 	0.403565	781   	0.0783546	3.95992	21 	10 	3  	781   	1.25893 
INFO:gp:22 	785   	0.738194	22 	0.784903	0.321383	785   	0.0726102	3.52004	22 	10 	3  	785   	1.01279 
INFO:gp:23 	768   	0.74404 	23 	0.785584	0.43299 	768   	0.0636371	3.35973	23 	10 	3  	768   	0.969536
INFO:gp:24 	751   	0.746034	24 	0.785584	0.468602	751   	0.0646867	3.29619	24 	10 	3  	751   	0.860366
INFO:gp:25 	733   	0.744008	25 	0.785584	0.445885	733   	0.0652689	3.35875	25 	10 	3  	733   	0.938656
INFO:gp:26 	747   	0.743264	26 	0.785584	0.44639 	747   	0.0634798	3.61095	26 	11 	3  	747   	1.08808 
INFO:gp:27 	781   	0.741875	27 	0.785584	0.486684	781   	0.0647251	4.14272	27 	11 	3  	781   	1.19184 
INFO:gp:28 	780   	0.738074	28 	0.785584	0.438907	780   	0.0688984	4.8436 	28 	11 	3  	780   	0.999988
INFO:gp:29 	793   	0.739715	29 	0.785584	0.466227	793   	0.0706119	4.99804	29 	11 	3  	793   	0.805647
INFO:gp:30 	799   	0.74197 	30 	0.785584	0.477457	799   	0.0648553	5.02346	30 	11 	3  	799   	0.872876
INFO:gp:31 	766   	0.742356	31 	0.806974	0.466591	766   	0.0657179	5.01857	31 	11 	3  	766   	0.828764
INFO:gp:32 	783   	0.744233	32 	0.806974	0.463106	783   	0.0634553	5      	32 	11 	3  	783   	0.76584 
INFO:gp:33 	770   	0.741366	33 	0.806974	0.401651	770   	0.070039 	5.08309	33 	11 	3  	770   	0.933747
INFO:gp:34 	778   	0.742097	34 	0.806974	0.422573	778   	0.0675901	5.18768	34 	11 	3  	778   	0.858495
INFO:gp:35 	777   	0.74048 	35 	0.806974	0.489219	777   	0.0731953	5.45357	35 	11 	3  	777   	0.951176
INFO:gp:36 	760   	0.74207 	36 	0.806974	0.430765	760   	0.0785513	5.81329	36 	12 	3  	760   	0.91439 
INFO:gp:37 	763   	0.747937	37 	0.816131	0.409557	763   	0.0753304	6.00391	37 	11 	3  	763   	0.938992
INFO:gp:38 	798   	0.74123 	38 	0.816131	0.422996	798   	0.0814868	6.04008	38 	11 	3  	798   	0.882853
INFO:gp:39 	777   	0.744541	39 	0.816131	0.417455	777   	0.0776978	6.02248	39 	11 	3  	777   	0.778802
INFO:gp:40 	755   	0.741485	40 	0.816131	0.347454	755   	0.0834026	6.09189	40 	11 	3  	755   	0.944896
INFO:gp:41 	771   	0.739013	41 	0.830826	0.452958	771   	0.0782858	6.05376	41 	11 	3  	771   	0.842448
INFO:gp:42 	788   	0.739064	42 	0.830826	0.40783 	788   	0.0824244	6.09286	42 	11 	3  	788   	0.844844
INFO:gp:43 	776   	0.744989	43 	0.830826	0.38207 	776   	0.078777 	6.11046	43 	12 	3  	776   	0.823956
INFO:gp:44 	791   	0.749433	44 	0.830826	0.362839	791   	0.078791 	6.12121	44 	11 	3  	791   	0.802592
INFO:gp:45 	789   	0.750962	45 	0.830826	0.45635 	789   	0.0785327	6.13099	45 	11 	3  	789   	0.83803 
INFO:gp:46 	776   	0.749809	46 	0.830826	0.371355	776   	0.0831358	6.16716	46 	11 	3  	776   	0.850747
INFO:gp:47 	774   	0.760467	47 	0.830826	0.424295	774   	0.079157 	6.13978	47 	11 	3  	774   	0.792814
INFO:gp:48 	790   	0.75526 	48 	0.830826	0.45721 	790   	0.0817039	6.19257	48 	11 	3  	790   	0.919573
INFO:gp:49 	763   	0.765243	49 	0.831033	0.439257	763   	0.0824005	6.16227	49 	11 	3  	763   	0.814737
INFO:gp:50 	786   	0.76089 	50 	0.831033	0.413962	786   	0.0829536	6.13685	50 	11 	4  	786   	0.681296
INFO:gp:51 	773   	0.766571	51 	0.873707	0.445795	773   	0.0783316	6.20137	51 	11 	4  	773   	0.828688
INFO:gp:52 	772   	0.765046	52 	0.873707	0.428287	772   	0.0805858	6.17889	52 	11 	5  	772   	0.77615 
INFO:gp:53 	780   	0.763342	53 	0.873707	0.305113	780   	0.0814319	6.19159	53 	11 	4  	780   	0.805921
INFO:gp:54 	794   	0.762051	54 	0.873883	0.463104	794   	0.0810923	6.1828 	54 	11 	4  	794   	0.773976
INFO:gp:55 	782   	0.763108	55 	0.873892	0.490618	782   	0.0843896	6.2043 	55 	11 	5  	782   	0.842598
INFO:gp:56 	770   	0.775339	56 	0.873892	0.437602	770   	0.0840625	6.22092	56 	14 	4  	770   	0.812941
INFO:gp:57 	792   	0.78319 	57 	0.873892	0.370261	792   	0.0948201	6.21114	57 	11 	4  	792   	0.748013
INFO:gp:58 	770   	0.792901	58 	0.873892	0.464437	770   	0.0878326	6.21212	58 	12 	4  	770   	0.827774
INFO:gp:59 	777   	0.791488	59 	0.873892	0.474295	777   	0.0915525	6.21114	59 	11 	5  	777   	0.842651
INFO:gp:60 	775   	0.798076	60 	0.873892	0.434164	775   	0.0895343	6.16813	60 	11 	4  	775   	0.769076
INFO:gp:61 	755   	0.796671	61 	0.873892	0.451757	755   	0.0897592	6.18964	61 	11 	5  	755   	0.770427
INFO:gp:62 	800   	0.801928	62 	0.873892	0.457479	800   	0.0850655	6.17595	62 	10 	4  	800   	0.771136
INFO:gp:63 	797   	0.796157	63 	0.873892	0.457559	797   	0.0866488	6.19746	63 	11 	5  	797   	0.767187
INFO:gp:64 	761   	0.801763	64 	0.873892	0.470656	761   	0.086288 	6.15934	64 	10 	5  	761   	0.6914  
INFO:gp:65 	792   	0.798971	65 	0.873892	0.427736	792   	0.0884989	6.16911	65 	11 	4  	792   	0.757977
INFO:gp:66 	767   	0.798585	66 	0.873892	0.429979	767   	0.0874688	6.19453	66 	12 	5  	767   	0.786177
INFO:gp:67 	774   	0.800111	67 	0.874755	0.478512	774   	0.0844627	6.17693	67 	10 	5  	774   	0.741834
INFO:gp:68 	775   	0.800095	68 	0.874755	0.333585	775   	0.0858644	6.17595	68 	10 	5  	775   	0.734786
INFO:gp:69 	774   	0.798713	69 	0.874755	0.441475	774   	0.0877182	6.18573	69 	12 	4  	774   	0.749527
INFO:gp:70 	763   	0.800059	70 	0.874755	0.426913	763   	0.088011 	6.19062	70 	11 	5  	763   	0.789614
INFO:gp:71 	735   	0.798691	71 	0.874755	0.507467	735   	0.0894648	6.16422	71 	11 	5  	735   	0.717339
INFO:gp:72 	766   	0.799009	72 	0.874755	0.387874	766   	0.0906771	6.17107	72 	11 	4  	766   	0.720502
INFO:gp:73 	782   	0.799837	73 	0.874755	0.484802	782   	0.0886691	6.20039	73 	11 	5  	782   	0.735844
INFO:gp:74 	772   	0.803179	74 	0.874755	0.440214	772   	0.0889022	6.18084	74 	12 	5  	772   	0.687512
INFO:gp:75 	778   	0.80184 	75 	0.874755	0.441721	778   	0.0867425	6.17889	75 	11 	4  	778   	0.754436
INFO:gp:76 	794   	0.800826	76 	0.874755	0.419559	794   	0.0886378	6.18084	76 	11 	4  	794   	0.76937 
INFO:gp:77 	754   	0.805969	77 	0.874755	0.451286	754   	0.0886752	6.13881	77 	12 	4  	754   	0.717256
INFO:gp:78 	794   	0.798653	78 	0.874755	0.378511	794   	0.0888967	6.16325	78 	12 	4  	794   	0.764395
INFO:gp:79 	760   	0.800598	79 	0.874755	0.41323 	760   	0.0914985	6.18475	79 	12 	4  	760   	0.781058
INFO:gp:80 	784   	0.801297	80 	0.874755	0.398194	784   	0.0913483	6.19062	80 	12 	5  	784   	0.82117 
INFO:gp:81 	782   	0.804684	81 	0.874755	0.392799	782   	0.0878223	6.17595	81 	12 	4  	782   	0.791159
INFO:gp:82 	749   	0.80171 	82 	0.874755	0.438973	749   	0.0897311	6.15347	82 	12 	5  	749   	0.709457
INFO:gp:83 	762   	0.807115	83 	0.874755	0.474053	762   	0.0888271	6.17595	83 	12 	4  	762   	0.758354
INFO:gp:84 	791   	0.80438 	84 	0.874755	0.482587	791   	0.0874253	6.17009	84 	12 	5  	791   	0.768646
INFO:gp:85 	764   	0.797765	85 	0.874755	0.450852	764   	0.0907819	6.20039	85 	12 	5  	764   	0.888682
INFO:gp:86 	768   	0.804484	86 	0.874755	0.39502 	768   	0.0873089	6.13978	86 	12 	5  	768   	0.685709
INFO:gp:87 	792   	0.797623	87 	0.874755	0.450864	792   	0.09364  	6.17498	87 	12 	4  	792   	0.816305
INFO:gp:88 	739   	0.804857	88 	0.874755	0.507592	739   	0.0887634	6.17107	88 	12 	4  	739   	0.756247
INFO:gp:89 	793   	0.805623	89 	0.874755	0.458874	793   	0.085858 	6.17791	89 	13 	5  	793   	0.80177 
INFO:gp:90 	782   	0.804323	90 	0.874755	0.403512	782   	0.0882613	6.15836	90 	12 	4  	782   	0.77746 
INFO:gp:91 	766   	0.805916	91 	0.874755	0.387337	766   	0.0887601	6.20235	91 	12 	5  	766   	0.799018
INFO:gp:92 	776   	0.801429	92 	0.874755	0.437727	776   	0.0897396	6.15738	92 	12 	4  	776   	0.78951 
INFO:gp:93 	766   	0.803138	93 	0.874755	0.44792 	766   	0.0915252	6.18084	93 	12 	4  	766   	0.775697
INFO:gp:94 	720   	0.806307	94 	0.874755	0.398963	720   	0.086973 	6.14761	94 	10 	4  	720   	0.69961 
INFO:gp:95 	783   	0.798947	95 	0.874755	0.431568	783   	0.0918617	6.16618	95 	11 	5  	783   	0.7695  
INFO:gp:96 	742   	0.804202	96 	0.874755	0.469971	742   	0.0896748	6.13783	96 	11 	4  	742   	0.722198
INFO:gp:97 	786   	0.805764	97 	0.874755	0.467603	786   	0.0893045	6.16325	97 	11 	4  	786   	0.711405
INFO:gp:98 	762   	0.807067	98 	0.874755	0.441585	762   	0.0865113	6.15445	98 	11 	5  	762   	0.757883
INFO:gp:99 	757   	0.807637	99 	0.874755	0.465899	757   	0.0884061	6.15347	99 	10 	5  	757   	0.687058
INFO:gp:100	786   	0.799197	100	0.874755	0.304806	786   	0.0914378	6.15152	100	10 	4  	786   	0.743506
INFO:gp:101	763   	0.803722	101	0.874755	0.426212	763   	0.0901241	6.17791	101	12 	4  	763   	0.787004
INFO:gp:102	769   	0.802836	102	0.874755	0.413013	769   	0.0888295	6.17204	102	12 	5  	769   	0.752786
INFO:gp:103	770   	0.802923	103	0.874755	0.468039	770   	0.0883387	6.16813	103	11 	4  	770   	0.781682
INFO:gp:104	771   	0.80637 	104	0.874755	0.434773	771   	0.0874812	6.18768	104	11 	5  	771   	0.824814
INFO:gp:105	788   	0.803093	105	0.874755	0.417755	788   	0.0885566	6.19453	105	14 	5  	788   	0.799737
INFO:gp:106	755   	0.802666	106	0.874758	0.475761	755   	0.0899879	6.18377	106	12 	5  	755   	0.863878
INFO:gp:107	772   	0.808458	107	0.874758	0.412467	772   	0.0862939	6.18866	107	12 	4  	772   	0.836945
INFO:gp:108	786   	0.801082	108	0.874758	0.502829	786   	0.0900622	6.22287	108	11 	5  	786   	0.858051
INFO:gp:109	742   	0.808263	109	0.874761	0.428056	742   	0.0858896	6.40762	109	12 	5  	742   	1.1398  
INFO:gp:110	757   	0.80661 	110	0.874762	0.448936	757   	0.0877886	6.85533	110	11 	4  	757   	1.41234 
INFO:gp:111	775   	0.803922	111	0.874762	0.458245	775   	0.0897624	7.52004	111	15 	5  	775   	1.60624 
INFO:gp:112	805   	0.807538	112	0.87478 	0.445367	805   	0.0887408	8.35191	112	15 	5  	805   	1.51025 
INFO:gp:113	775   	0.804608	113	0.874792	0.414006	775   	0.0899491	8.87781	113	15 	5  	775   	1.37344 
INFO:gp:114	770   	0.804327	114	0.874792	0.431884	770   	0.0906368	9.15543	114	18 	5  	770   	1.64322 
INFO:gp:115	775   	0.805049	115	0.874792	0.386256	775   	0.0898078	9.52199	115	19 	4  	775   	1.87885 
INFO:gp:116	788   	0.808403	116	0.874792	0.431873	788   	0.0856719	10.2414	116	21 	5  	788   	2.21374 
INFO:gp:117	776   	0.805613	117	0.874867	0.433843	776   	0.0883556	10.999 	117	24 	5  	776   	2.55439 
INFO:gp:118	769   	0.807543	118	0.874867	0.448291	769   	0.0888866	11.6168	118	25 	6  	769   	2.7159  
INFO:gp:119	797   	0.80759 	119	0.874867	0.435842	797   	0.0901753	11.0626	119	23 	4  	797   	2.90481 
INFO:gp:120	783   	0.807585	120	0.874895	0.450241	783   	0.0869505	10.4702	120	19 	6  	783   	2.80706 
INFO:gp:121	757   	0.800735	121	0.874895	0.366394	757   	0.0972709	11.174 	121	21 	6  	757   	2.91238 
INFO:gp:122	795   	0.807103	122	0.874895	0.427307	795   	0.0904326	11.7742	122	23 	6  	795   	2.58782 
INFO:gp:123	759   	0.814266	123	0.875002	0.488954	759   	0.0834177	11.6725	123	22 	6  	759   	2.07562 
INFO:gp:124	776   	0.803389	124	0.875007	0.451505	776   	0.0908044	11.694 	124	23 	6  	776   	2.22472 
INFO:gp:125	786   	0.806633	125	0.875007	0.424449	786   	0.0898858	11.9834	125	24 	6  	786   	2.35274 
INFO:gp:126	745   	0.80959 	126	0.875007	0.44324 	745   	0.0874415	12.0772	126	24 	6  	745   	2.25173 
INFO:gp:127	758   	0.810863	127	0.875007	0.45473 	758   	0.086868 	12.2737	127	25 	6  	758   	2.43856 
INFO:gp:128	772   	0.805641	128	0.875007	0.453071	772   	0.0905203	12.8563	128	27 	5  	772   	2.95616 
INFO:gp:129	765   	0.805555	129	0.875008	0.445302	765   	0.0887683	13.6706	129	23 	6  	765   	2.66507 
INFO:gp:130	782   	0.811071	130	0.875008	0.485432	782   	0.0867846	14.3578	130	27 	6  	782   	2.2905  
INFO:gp:131	757   	0.816815	131	0.875057	0.407522	757   	0.0858992	14.7292	131	23 	4  	757   	1.82038 
INFO:gp:132	790   	0.811208	132	0.875057	0.495796	790   	0.0862453	14.8152	132	27 	6  	790   	2.05641 
INFO:gp:133	749   	0.813008	133	0.875057	0.423171	749   	0.0879562	14.9169	133	25 	6  	749   	2.12326 
INFO:gp:134	765   	0.805463	134	0.875059	0.342589	765   	0.0918089	15.1075	134	25 	4  	765   	2.70732 
INFO:gp:135	768   	0.808443	135	0.875059	0.455358	768   	0.0914843	15.8817	135	32 	6  	768   	3.24567 
INFO:gp:136	743   	0.813329	136	0.875059	0.436995	743   	0.0866082	17.8123	136	37 	6  	743   	3.96761 
INFO:gp:137	773   	0.808808	137	0.875164	0.451533	773   	0.088315 	19.8905	137	37 	6  	773   	3.74737 
INFO:gp:138	767   	0.811459	138	0.875164	0.452828	767   	0.0862387	20.999 	138	37 	5  	767   	3.27092 
INFO:gp:139	773   	0.810394	139	0.875164	0.486182	773   	0.0866536	21.0919	139	39 	4  	773   	2.95045 
INFO:gp:140	772   	0.803803	140	0.875164	0.473505	772   	0.0905899	20.7742	140	39 	4  	772   	3.12103 
INFO:gp:141	778   	0.808859	141	0.875164	0.392078	778   	0.0882346	20.0489	141	37 	6  	778   	3.34868 
INFO:gp:142	791   	0.808135	142	0.875164	0.387629	791   	0.0901785	19.1349	142	33 	5  	791   	2.71259 
INFO:gp:143	770   	0.804933	143	0.875164	0.343606	770   	0.0911478	18.1339	143	33 	6  	770   	2.54051 
INFO:gp:144	783   	0.808694	144	0.875348	0.464067	783   	0.0882674	17.9267	144	33 	4  	783   	2.64695 
INFO:gp:145	774   	0.809458	145	0.875348	0.414836	774   	0.0895205	18.0381	145	38 	6  	774   	2.42976 
INFO:gp:146	750   	0.807075	146	0.875348	0.455951	750   	0.0906693	18.1926	146	31 	6  	750   	2.13683 
INFO:gp:147	774   	0.808765	147	0.875348	0.295046	774   	0.089092 	18.3157	147	33 	4  	774   	2.466   
INFO:gp:148	749   	0.812922	148	0.875348	0.32675 	749   	0.0863738	18.7322	148	31 	4  	749   	2.81329 
INFO:gp:149	766   	0.815247	149	0.875371	0.488974	766   	0.0857425	18.7683	149	36 	4  	766   	3.16044 
INFO:gp:150	787   	0.813839	150	0.875377	0.378134	787   	0.0889281	18.2903	150	33 	4  	787   	2.89314 
INFO:gp:151	776   	0.816271	151	0.875398	0.437037	776   	0.0867325	18.1711	151	31 	4  	776   	2.41433 
INFO:gp:152	764   	0.811224	152	0.875398	0.464402	764   	0.0911944	18.1476	152	31 	4  	764   	2.87517 
INFO:gp:153	755   	0.813641	153	0.875398	0.356297	755   	0.088439 	18.784 	153	31 	4  	755   	2.97123 
INFO:gp:154	766   	0.809774	154	0.875398	0.443927	766   	0.0912323	20.1232	154	40 	4  	766   	3.38886 
INFO:gp:155	781   	0.814953	155	0.875398	0.42039 	781   	0.0885403	21.6891	155	41 	4  	781   	3.43166 
INFO:gp:156	779   	0.812436	156	0.875398	0.415453	779   	0.0883466	21.8612	156	43 	4  	779   	3.25253 
INFO:gp:157	785   	0.813656	157	0.875616	0.476472	785   	0.088913 	21.131 	157	43 	4  	785   	2.924   
INFO:gp:158	754   	0.812266	158	0.875616	0.439795	754   	0.0896656	20.7566	158	39 	4  	754   	2.725   
INFO:gp:159	764   	0.809288	159	0.875616	0.455464	764   	0.0894249	20.825 	159	39 	4  	764   	2.86648 
INFO:gp:160	740   	0.809412	160	0.875616	0.453882	740   	0.0912148	20.7028	160	37 	4  	740   	2.87056 
INFO:gp:161	778   	0.814896	161	0.875616	0.497076	778   	0.0866109	21.0391	161	40 	4  	778   	2.90185 
INFO:gp:162	773   	0.810219	162	0.875616	0.448672	773   	0.091336 	21.0391	162	29 	4  	773   	2.31541 
INFO:gp:163	776   	0.81544 	163	0.875699	0.342513	776   	0.0898544	20.9238	163	39 	4  	776   	2.22095 
INFO:gp:164	764   	0.811455	164	0.875699	0.476918	764   	0.0890705	20.827 	164	37 	4  	764   	2.28907 
INFO:gp:165	794   	0.81668 	165	0.875699	0.466328	794   	0.0869206	20.6119	165	37 	4  	794   	2.91873 
INFO:gp:166	763   	0.812814	166	0.875699	0.478433	763   	0.0907081	20.695 	166	39 	4  	763   	2.48216 
INFO:gp:167	776   	0.816774	167	0.875699	0.374094	776   	0.0894219	20.6931	167	35 	4  	776   	2.43219 
INFO:gp:168	758   	0.812325	168	0.875699	0.395552	758   	0.0893563	20.8407	168	37 	4  	758   	2.11891 
INFO:gp:169	780   	0.810678	169	0.875699	0.419679	780   	0.0888709	20.6647	169	37 	4  	780   	2.92125 
INFO:gp:170	765   	0.815843	170	0.875699	0.443854	765   	0.0870357	20.7458	170	39 	4  	765   	2.55189 
INFO:gp:171	759   	0.812944	171	0.875699	0.444598	759   	0.0888148	20.7468	171	37 	4  	759   	2.46648 
INFO:gp:172	764   	0.812766	172	0.875699	0.371736	764   	0.0931523	20.8895	172	39 	4  	764   	1.92999 
INFO:gp:173	752   	0.81596 	173	0.875699	0.443742	752   	0.0876681	20.7634	173	37 	4  	752   	2.20032 
INFO:gp:174	784   	0.81245 	174	0.875699	0.4047  	784   	0.0876974	20.7849	174	37 	4  	784   	2.36352 
INFO:gp:175	782   	0.80963 	175	0.875699	0.45941 	782   	0.0891188	20.6413	175	37 	4  	782   	2.87153 
INFO:gp:176	773   	0.812482	176	0.875699	0.373695	773   	0.0898676	20.7713	176	39 	4  	773   	2.58397 
INFO:gp:177	754   	0.816662	177	0.875699	0.361254	754   	0.0859765	20.7595	177	39 	4  	754   	2.42882 
INFO:gp:178	790   	0.815207	178	0.875699	0.428368	790   	0.0867288	20.6129	178	37 	4  	790   	2.74756 
INFO:gp:179	771   	0.814337	179	0.875699	0.50542 	771   	0.0877949	20.7165	179	37 	4  	771   	2.60569 
INFO:gp:180	775   	0.814995	180	0.875699	0.430257	775   	0.0852551	20.8006	180	39 	4  	775   	2.45095 
INFO:gp:181	774   	0.816724	181	0.875699	0.485131	774   	0.0849183	20.737 	181	37 	4  	774   	2.23634 
INFO:gp:182	797   	0.814104	182	0.875699	0.373695	797   	0.0880165	20.7478	182	39 	4  	797   	2.30282 
INFO:gp:183	745   	0.819082	183	0.875699	0.408678	745   	0.0849462	20.6285	183	37 	4  	745   	2.67036 
INFO:gp:184	767   	0.818407	184	0.875699	0.445063	767   	0.0858453	20.8368	184	29 	4  	767   	2.12091 
INFO:gp:185	777   	0.812662	185	0.875699	0.471986	777   	0.0885962	20.8192	185	37 	4  	777   	2.94915 
INFO:gp:186	776   	0.810828	186	0.875699	0.453545	776   	0.0906078	21.1447	186	29 	4  	776   	2.35894 
INFO:gp:187	758   	0.814333	187	0.875699	0.406015	758   	0.0884328	21.4897	187	41 	4  	758   	2.455   
INFO:gp:188	772   	0.815372	188	0.87573 	0.444961	772   	0.0880716	21.5464	188	29 	4  	772   	2.30719 
INFO:gp:189	764   	0.812849	189	0.87573 	0.467275	764   	0.0891953	21.4692	189	39 	4  	764   	2.6085  
INFO:gp:190	754   	0.818552	190	0.87573 	0.399047	754   	0.0846423	21.5748	190	41 	4  	754   	2.88625 
INFO:gp:191	759   	0.817067	191	0.87573 	0.396616	759   	0.084871 	21.6549	191	29 	4  	759   	2.10645 
INFO:gp:192	756   	0.819436	192	0.87573 	0.45837 	756   	0.084311 	21.6804	192	37 	4  	756   	2.06409 
INFO:gp:193	814   	0.805694	193	0.875733	0.386386	814   	0.0899987	21.6158	193	41 	4  	814   	2.2954  
INFO:gp:194	762   	0.816851	194	0.875733	0.464761	762   	0.0838959	21.5836	194	29 	4  	762   	2.14175 
INFO:gp:195	773   	0.81568 	195	0.875733	0.398809	773   	0.0896495	21.5152	195	42 	5  	773   	2.50113 
INFO:gp:196	777   	0.817537	196	0.875733	0.408955	777   	0.0819394	21.5738	196	37 	5  	777   	2.25418 
INFO:gp:197	763   	0.817341	197	0.878356	0.456525	763   	0.0869922	21.4907	197	28 	5  	763   	1.83526 
INFO:gp:198	790   	0.817183	198	0.878356	0.428703	790   	0.0803568	21.0499	198	41 	4  	790   	3.18299 
INFO:gp:199	739   	0.816137	199	0.878356	0.440913	739   	0.0879816	20.9413	199	39 	5  	739   	2.45914 
INFO:gp:200	766   	0.812387	200	0.878356	0.462736	766   	0.0892531	20.9423	200	39 	5  	766   	2.41848 
INFO:gp:201	757   	0.810815	201	0.878357	0.495481	757   	0.0903613	20.9609	201	37 	5  	757   	2.32342 
INFO:gp:202	769   	0.807237	202	0.878433	0.456242	769   	0.0948643	20.9335	202	38 	5  	769   	2.74235 
INFO:gp:203	764   	0.812527	203	0.878435	0.423967	764   	0.0900037	21.0645	203	28 	5  	764   	2.72237 
INFO:gp:204	756   	0.815754	204	0.878479	0.327517	756   	0.0928965	21.3939	204	39 	6  	756   	2.64967 
INFO:gp:205	750   	0.804905	205	0.878479	0.402193	750   	0.0971656	21.305 	205	37 	6  	750   	2.55972 
INFO:gp:206	742   	0.809239	206	0.878479	0.431742	742   	0.096896 	21.2111	206	37 	6  	742   	2.49621 
INFO:gp:207	785   	0.810405	207	0.878479	0.462602	785   	0.089415 	21.2023	207	39 	6  	785   	2.46483 
INFO:gp:208	805   	0.806207	208	0.878479	0.46868 	805   	0.0927655	21.1789	208	38 	5  	805   	2.94993 
INFO:gp:209	803   	0.813189	209	0.878479	0.310503	803   	0.0876159	21.2199	209	38 	6  	803   	2.76967 
INFO:gp:210	780   	0.813682	210	0.878479	0.405538	780   	0.0891134	21.1515	210	41 	6  	780   	2.96567 
INFO:gp:211	744   	0.811523	211	0.878479	0.430661	744   	0.0902003	21.0479	211	30 	6  	744   	1.94666 
INFO:gp:212	758   	0.81326 	212	0.878479	0.470673	758   	0.0879376	20.7908	212	36 	6  	758   	2.32485 
INFO:gp:213	789   	0.806499	213	0.878559	0.458491	789   	0.0915701	20.7586	213	39 	6  	789   	2.58111 
INFO:gp:214	781   	0.810297	214	0.878559	0.456279	781   	0.0898806	20.782 	214	39 	6  	781   	2.32341 
INFO:gp:215	758   	0.814481	215	0.878559	0.468648	758   	0.0860541	20.8759	215	35 	6  	758   	1.90057 
INFO:gp:216	756   	0.80852 	216	0.878559	0.439014	756   	0.0930942	20.7429	216	39 	6  	756   	2.29441 
INFO:gp:217	780   	0.810631	217	0.878559	0.467434	780   	0.0893751	20.8055	217	39 	6  	780   	2.3688  
INFO:gp:218	778   	0.811196	218	0.878559	0.432116	778   	0.0930575	20.7214	218	37 	6  	778   	2.47126 
INFO:gp:219	770   	0.806632	219	0.878559	0.353249	770   	0.0943917	20.7713	219	39 	6  	770   	2.28311 
INFO:gp:220	786   	0.804984	220	0.878559	0.476129	786   	0.0951391	20.7664	220	39 	6  	786   	2.35616 
INFO:gp:221	801   	0.807754	221	0.878559	0.416715	801   	0.0955789	20.7488	221	39 	6  	801   	2.35808 
INFO:gp:222	778   	0.80711 	222	0.878559	0.459852	778   	0.0939861	20.7058	222	37 	6  	778   	2.37419 
INFO:gp:223	753   	0.81007 	223	0.878559	0.419502	753   	0.0957801	20.7644	223	35 	6  	753   	2.12057 
INFO:gp:224	774   	0.810069	224	0.878559	0.469374	774   	0.0928041	20.7165	224	35 	6  	774   	2.22616 
INFO:gp:225	781   	0.807795	225	0.878559	0.450448	781   	0.0932772	20.6667	225	37 	6  	781   	2.61235 
INFO:gp:226	800   	0.800566	226	0.878559	0.324481	800   	0.100413 	20.7449	226	39 	6  	800   	2.31498 
INFO:gp:227	746   	0.812901	227	0.878559	0.365266	746   	0.0927645	20.782 	227	37 	6  	746   	2.22893 
INFO:gp:228	776   	0.811621	228	0.878559	0.363073	776   	0.0919826	20.6813	228	39 	6  	776   	2.63077 
INFO:gp:229	779   	0.805928	229	0.878559	0.432151	779   	0.0934947	20.8231	229	37 	6  	779   	2.36482 
INFO:gp:230	760   	0.811643	230	0.878559	0.449294	760   	0.0928445	20.7312	230	39 	6  	760   	2.38131 
INFO:gp:231	780   	0.810497	231	0.878559	0.355695	780   	0.0931301	20.8231	231	37 	6  	780   	2.26387 
INFO:gp:232	779   	0.807366	232	0.878559	0.423928	779   	0.0954676	20.7468	232	35 	6  	779   	2.13554 
INFO:gp:233	749   	0.813791	233	0.878559	0.441545	749   	0.0913979	20.6139	233	39 	6  	749   	2.80839 
INFO:gp:234	771   	0.812877	234	0.878559	0.322537	771   	0.0912038	20.7097	234	39 	6  	771   	2.64682 
INFO:gp:235	766   	0.808117	235	0.878559	0.4375  	766   	0.0946092	20.6432	235	39 	6  	766   	2.68094 
INFO:gp:236	729   	0.810999	236	0.878559	0.398659	729   	0.0926315	20.7742	236	39 	6  	729   	2.32098 
INFO:gp:237	774   	0.80756 	237	0.878559	0.439506	774   	0.095025 	20.7273	237	39 	6  	774   	2.42642 
INFO:gp:238	743   	0.801546	238	0.878559	0.356857	743   	0.101145 	20.824 	238	39 	6  	743   	2.53621 
INFO:gp:239	768   	0.809035	239	0.878559	0.447692	768   	0.0933119	20.7488	239	35 	6  	768   	2.21707 
INFO:gp:240	781   	0.812396	240	0.878559	0.431463	781   	0.0895091	20.7136	240	39 	6  	781   	2.59315 
INFO:gp:241	767   	0.807111	241	0.878559	0.465591	767   	0.0941166	20.7693	241	39 	6  	767   	2.36948 
INFO:gp:242	754   	0.808563	242	0.878559	0.219511	754   	0.0966294	20.7273	242	39 	6  	754   	2.22245 
INFO:gp:243	739   	0.813803	243	0.878559	0.372159	739   	0.0921443	20.8338	243	39 	6  	739   	2.29363 
INFO:gp:244	793   	0.804938	244	0.878561	0.385629	793   	0.0963696	20.694 	244	39 	6  	793   	2.66494 
INFO:gp:245	788   	0.804756	245	0.878561	0.423998	788   	0.0942943	20.696 	245	40 	6  	788   	2.78532 
INFO:gp:246	792   	0.805798	246	0.878561	0.440996	792   	0.0950892	20.74  	246	39 	6  	792   	2.44806 
INFO:gp:247	775   	0.808859	247	0.878561	0.410079	775   	0.0944244	20.7722	247	39 	6  	775   	2.42622 
INFO:gp:248	783   	0.808478	248	0.878561	0.440159	783   	0.0976044	20.7634	248	39 	6  	783   	2.4596  
INFO:gp:249	792   	0.810132	249	0.878563	0.383495	792   	0.09101  	20.6999	249	28 	6  	792   	2.17802 
INFO:gp:250	760   	0.81094 	250	0.878563	0.451795	760   	0.0921255	20.7556	250	33 	7  	760   	1.99875 
INFO:gp:251	783   	0.807137	251	0.878563	0.422383	783   	0.0948251	20.8974	251	39 	6  	783   	1.75036 
INFO:gp:252	768   	0.80985 	252	0.878563	0.383203	768   	0.0949148	20.826 	252	39 	6  	768   	1.85312 
INFO:gp:253	774   	0.805012	253	0.878564	0.400127	774   	0.0984952	20.7889	253	37 	10 	774   	2.07541 
INFO:gp:254	759   	0.812217	254	0.878564	0.43325 	759   	0.0942579	20.8856	254	37 	10 	759   	1.40158 
INFO:gp:255	784   	0.813675	255	0.878567	0.366396	784   	0.0954673	20.8876	255	35 	10 	784   	1.61677 
INFO:gp:256	766   	0.812935	256	0.878567	0.436122	766   	0.0924135	20.9433	256	39 	13 	766   	1.47998 
INFO:gp:257	755   	0.812205	257	0.878567	0.414391	755   	0.0969296	21.0244	257	39 	10 	755   	2.02197 
INFO:gp:258	780   	0.813476	258	0.878568	0.324081	780   	0.0924138	21.3226	258	39 	13 	780   	1.48619 
INFO:gp:259	788   	0.806055	259	0.878569	0.390267	788   	0.101975 	21.7947	259	41 	6  	788   	1.74271 
INFO:gp:260	787   	0.812954	260	0.878569	0.406149	787   	0.0935817	22.0381	260	39 	14 	787   	1.52577 
INFO:gp:261	780   	0.813565	261	0.878569	0.472843	780   	0.0901866	22.3226	261	39 	13 	780   	1.85484 
INFO:gp:262	788   	0.814034	262	0.87857 	0.405179	788   	0.0953951	22.6197	262	39 	19 	788   	1.8814  
INFO:gp:263	755   	0.816579	263	0.87857 	0.41321 	755   	0.090397 	23.2317	263	41 	20 	755   	2.54732 
INFO:gp:264	757   	0.824048	264	0.87857 	0.426729	757   	0.0873726	23.3441	264	41 	10 	757   	2.71178 
INFO:gp:265	783   	0.816106	265	0.87857 	0.3718  	783   	0.0915707	23.8113	265	49 	18 	783   	3.15153 
INFO:gp:266	768   	0.808245	266	0.878586	0.438373	768   	0.0934546	24.1036	266	41 	20 	768   	3.28077 
INFO:gp:267	781   	0.815233	267	0.878586	0.400441	781   	0.0929889	25.0743	267	46 	20 	781   	3.72495 
INFO:gp:268	795   	0.814843	268	0.878586	0.405837	795   	0.0911841	26.3412	268	39 	18 	795   	3.60541 
INFO:gp:269	789   	0.810271	269	0.878586	0.393674	789   	0.0976922	27.2786	269	51 	21 	789   	3.65518 
INFO:gp:270	785   	0.814617	270	0.878587	0.387745	785   	0.0955469	26.956 	270	39 	20 	785   	3.34217 
INFO:gp:271	766   	0.815344	271	0.878588	0.489581	766   	0.0915561	26.3969	271	39 	21 	766   	3.01849 
INFO:gp:272	788   	0.813231	272	0.878588	0.284092	788   	0.092007 	25.478 	272	39 	20 	788   	2.28242 
INFO:gp:273	768   	0.816224	273	0.878588	0.39955 	768   	0.0898782	25.2903	273	48 	20 	768   	2.35276 
INFO:gp:274	787   	0.816816	274	0.878588	0.413078	787   	0.0919725	25.0371	274	40 	20 	787   	2.31882 
INFO:gp:275	774   	0.813979	275	0.878589	0.472099	774   	0.0944503	24.6852	275	40 	7  	774   	2.33605 
INFO:gp:276	756   	0.819076	276	0.878589	0.43105 	756   	0.0915921	24.4995	276	40 	20 	756   	1.74239 
INFO:gp:277	767   	0.819629	277	0.878589	0.407832	767   	0.0895881	24.2307	277	40 	21 	767   	1.65072 
INFO:gp:278	770   	0.809742	278	0.878589	0.441621	770   	0.095234 	24.1613	278	45 	21 	770   	1.53563 
INFO:gp:279	768   	0.812872	279	0.878589	0.396113	768   	0.0932504	24.1476	279	37 	21 	768   	1.52807 
INFO:gp:280	772   	0.815344	280	0.878603	0.34433 	772   	0.0943603	24.2219	280	41 	11 	772   	1.63019 
INFO:gp:281	745   	0.813653	281	0.878603	0.409329	745   	0.0940115	24.2356	281	37 	21 	745   	1.57641 
INFO:gp:282	786   	0.811983	282	0.878603	0.474694	786   	0.0944079	24.2336	282	39 	17 	786   	1.54032 
INFO:gp:283	762   	0.813329	283	0.878603	0.442113	762   	0.0921103	24.348 	283	36 	20 	762   	1.57885 
INFO:gp:284	772   	0.819312	284	0.878607	0.411755	772   	0.0900685	24.7615	284	38 	6  	772   	1.94192 
INFO:gp:285	765   	0.813066	285	0.878607	0.475486	765   	0.092378 	25.563 	285	37 	10 	765   	2.36082 
INFO:gp:286	780   	0.810464	286	0.878702	0.481901	780   	0.0932172	26.4565	286	47 	17 	780   	2.21472 
INFO:gp:287	788   	0.811661	287	0.878702	0.399682	788   	0.0943375	26.7595	287	51 	21 	788   	1.9452  
INFO:gp:288	767   	0.813508	288	0.878702	0.452008	767   	0.0953031	26.912 	288	39 	21 	767   	1.7408  
INFO:gp:289	747   	0.815222	289	0.878702	0.450847	747   	0.0931406	26.7722	289	39 	6  	747   	1.69178 
INFO:gp:290	808   	0.813537	290	0.878765	0.384561	808   	0.0922963	26.48  	290	52 	18 	808   	1.98611 
INFO:gp:291	758   	0.819308	291	0.878765	0.403092	758   	0.088417 	25.7801	291	37 	17 	758   	1.78281 
INFO:gp:292	754   	0.81868 	292	0.878765	0.427431	754   	0.0899937	25.2336	292	40 	21 	754   	1.55987 
INFO:gp:293	759   	0.81527 	293	0.878765	0.405084	759   	0.093598 	25.175 	293	37 	15 	759   	1.61484 
INFO:gp:294	777   	0.813332	294	0.878765	0.468137	777   	0.0919715	25.3568	294	37 	19 	777   	2.14316 
INFO:gp:295	757   	0.814485	295	0.878765	0.40843 	757   	0.0945838	25.5523	295	46 	17 	757   	2.61602 
INFO:gp:296	767   	0.814278	296	0.878785	0.399111	767   	0.0957415	25.1975	296	39 	21 	767   	2.28132 
INFO:gp:297	758   	0.810953	297	0.878785	0.427666	758   	0.0952187	25.1222	297	48 	21 	758   	2.22878 
INFO:gp:298	764   	0.816545	298	0.878785	0.439242	764   	0.0931727	25.2913	298	39 	21 	764   	2.14097 
INFO:gp:299	784   	0.806935	299	0.878788	0.399806	784   	0.100955 	25.2669	299	39 	11 	784   	2.00687 
INFO:gp:300	784   	0.809141	300	0.878802	0.383743	784   	0.0965605	25.3793	300	38 	6  	784   	2.08819 
INFO:gp:301	765   	0.808619	301	0.878802	0.478651	765   	0.0950832	25.4262	301	47 	6  	765   	2.24766 
INFO:gp:302	770   	0.809019	302	0.878822	0.417109	770   	0.0980011	25.6197	302	51 	20 	770   	2.28153 
INFO:gp:303	763   	0.813975	303	0.878822	0.376191	763   	0.0978161	25.5239	303	39 	21 	763   	2.14689 
INFO:gp:304	768   	0.817096	304	0.878836	0.438245	768   	0.0905005	25.261 	304	40 	21 	768   	2.13643 
INFO:gp:305	763   	0.810306	305	0.878845	0.375968	763   	0.0971068	25.2199	305	38 	21 	763   	1.88877 
INFO:gp:306	760   	0.814541	306	0.878847	0.455204	760   	0.0896918	25.176 	306	39 	21 	760   	1.79886 
INFO:gp:307	765   	0.814505	307	0.878847	0.442988	765   	0.0910551	25.2111	307	48 	16 	765   	2.12337 
INFO:gp:308	763   	0.817068	308	0.878864	0.396249	763   	0.09369  	25.3001	308	38 	20 	763   	2.12348 
INFO:gp:309	791   	0.81307 	309	0.878864	0.400191	791   	0.0929559	25.4721	309	39 	6  	791   	2.86431 
INFO:gp:310	769   	0.816827	310	0.878864	0.456133	769   	0.0923975	26.2639	310	46 	21 	769   	3.47941 
INFO:gp:311	797   	0.815739	311	0.878864	0.428974	797   	0.091006 	26.6413	311	37 	21 	797   	3.69768 
INFO:gp:312	793   	0.810553	312	0.878864	0.463069	793   	0.0941519	25.8974	312	39 	19 	793   	3.78093 
INFO:gp:313	780   	0.807315	313	0.878864	0.429896	780   	0.0949109	24.3636	313	37 	21 	780   	2.90089 
INFO:gp:314	773   	0.812556	314	0.878864	0.424315	773   	0.0934998	23.7155	314	39 	21 	773   	2.29032 
INFO:gp:315	782   	0.80969 	315	0.878864	0.370143	782   	0.098364 	23.4819	315	39 	13 	782   	2.02077 
INFO:gp:316	786   	0.81204 	316	0.87888 	0.303817	786   	0.0947616	23.4516	316	51 	18 	786   	2.14967 
INFO:gp:317	788   	0.807184	317	0.87888 	0.426368	788   	0.0961385	23.3216	317	35 	9  	788   	1.81317 
INFO:gp:318	780   	0.81379 	318	0.87888 	0.43722 	780   	0.0907543	23.2551	318	34 	21 	780   	1.72566 
INFO:gp:319	780   	0.815964	319	0.878907	0.404241	780   	0.0913468	23.2121	319	39 	18 	780   	1.90666 
INFO:gp:320	775   	0.817542	320	0.878907	0.307875	775   	0.0907947	23.044 	320	39 	20 	775   	1.95777 
INFO:gp:321	792   	0.805909	321	0.878907	0.426491	792   	0.101455 	22.6061	321	39 	21 	792   	1.94052 
INFO:gp:322	756   	0.815399	322	0.878907	0.344547	756   	0.0912803	22.3021	322	39 	15 	756   	1.95693 
INFO:gp:323	752   	0.815809	323	0.878907	0.431389	752   	0.0937742	22.26  	323	35 	20 	752   	1.82704 
INFO:gp:324	791   	0.814286	324	0.878907	0.453413	791   	0.0919918	22.6862	324	41 	21 	791   	1.79613 
INFO:gp:325	781   	0.817157	325	0.878932	0.398364	781   	0.0887829	23.0655	325	39 	21 	781   	1.54838 
INFO:gp:326	770   	0.811627	326	0.878941	0.251375	770   	0.094062 	23.1857	326	39 	21 	770   	1.67107 
INFO:gp:327	796   	0.818181	327	0.878941	0.487188	796   	0.0880607	23.1818	327	37 	17 	796   	1.44977 
INFO:gp:328	775   	0.81203 	328	0.879788	0.344333	775   	0.0973847	23.2434	328	39 	20 	775   	1.50346 
INFO:gp:329	753   	0.817867	329	0.879788	0.383385	753   	0.0903808	23.3724	329	36 	21 	753   	1.41459 
INFO:gp:330	799   	0.808212	330	0.879788	0.406856	799   	0.0970362	23.5806	330	45 	21 	799   	1.53776 
INFO:gp:331	759   	0.811546	331	0.879823	0.435097	759   	0.0946572	23.6002	331	45 	17 	759   	1.58299 
INFO:gp:332	801   	0.81869 	332	0.879823	0.416332	801   	0.0916465	23.349 	332	37 	21 	801   	1.2786  
INFO:gp:333	782   	0.812826	333	0.879823	0.38623 	782   	0.0959337	23.176 	333	36 	19 	782   	1.3192  
INFO:gp:334	772   	0.815455	334	0.879834	0.504562	772   	0.0917389	23.1857	334	37 	15 	772   	1.31489 
INFO:gp:335	800   	0.814094	335	0.879834	0.439276	800   	0.0925063	23.2551	335	39 	7  	800   	1.67449 
INFO:gp:336	769   	0.818682	336	0.879834	0.483501	769   	0.0879093	23.3861	336	39 	18 	769   	1.6409  
INFO:gp:337	790   	0.819602	337	0.879834	0.350733	790   	0.0877785	23.3851	337	39 	19 	790   	1.52921 
INFO:gp:338	766   	0.822179	338	0.879834	0.467891	766   	0.0882887	23.5806	338	35 	20 	766   	1.50239 
INFO:gp:339	772   	0.821955	339	0.879834	0.441848	772   	0.0855494	24.1114	339	35 	15 	772   	1.72988 
INFO:gp:340	764   	0.816463	340	0.879834	0.408637	764   	0.0893384	24.8925	340	39 	20 	764   	1.84443 
INFO:gp:341	774   	0.816496	341	0.879834	0.466362	774   	0.0886667	25.4291	341	39 	21 	774   	1.76714 
INFO:gp:342	789   	0.817236	342	0.879874	0.382963	789   	0.0921568	25.6061	342	37 	21 	789   	1.44303 
INFO:gp:343	774   	0.818428	343	0.879874	0.472053	774   	0.0899471	25.7781	343	43 	21 	774   	1.81194 
INFO:gp:344	765   	0.820262	344	0.879894	0.363284	765   	0.088962 	25.8143	344	49 	19 	765   	1.7331  
INFO:gp:345	760   	0.814783	345	0.879894	0.371601	760   	0.0922896	25.8583	345	43 	21 	760   	1.69019 
INFO:gp:346	726   	0.823892	346	0.879905	0.42002 	726   	0.0880529	26.088 	346	39 	21 	726   	1.61798 
INFO:gp:347	753   	0.820005	347	0.879905	0.484979	753   	0.0885573	26.5122	347	43 	19 	753   	1.95141 
INFO:gp:348	759   	0.815743	348	0.879938	0.390094	759   	0.0907563	27.1916	348	53 	21 	759   	2.15673 
INFO:gp:349	773   	0.81729 	349	0.879938	0.47299 	773   	0.0929685	27.3822	349	53 	21 	773   	1.86063 
INFO:gp:350	789   	0.813404	350	0.880004	0.364252	789   	0.0943872	27.2717	350	40 	17 	789   	2.06504 
INFO:gp:351	733   	0.813698	351	0.880004	0.451544	733   	0.093325 	27.0342	351	39 	21 	733   	1.81279 
INFO:gp:352	741   	0.812599	352	0.880004	0.456129	741   	0.0927355	27.0772	352	44 	21 	741   	1.93514 
INFO:gp:353	766   	0.807982	353	0.880004	0.407992	766   	0.0960584	27.4018	353	39 	21 	766   	1.72495 
INFO:gp:354	759   	0.808158	354	0.880004	0.44699 	759   	0.0963993	27.5904	354	43 	12 	759   	1.64889 
INFO:gp:355	786   	0.808999	355	0.880004	0.375066	786   	0.0936976	27.3636	355	51 	21 	786   	1.81574 
INFO:gp:356	776   	0.812046	356	0.880004	0.415314	776   	0.0924496	27.1584	356	48 	21 	776   	1.7643  
INFO:gp:357	761   	0.816466	357	0.880004	0.454248	761   	0.0894953	26.912 	357	35 	21 	761   	1.56016 
INFO:gp:358	793   	0.809886	358	0.880004	0.412255	793   	0.0945258	26.9609	358	47 	21 	793   	1.73584 
INFO:gp:359	785   	0.814363	359	0.880004	0.467813	785   	0.0882943	26.9345	359	35 	21 	785   	1.48916 
INFO:gp:360	768   	0.807891	360	0.880004	0.380578	768   	0.0970111	26.8583	360	33 	21 	768   	1.37938 
INFO:gp:361	763   	0.811825	361	0.880004	0.449725	763   	0.0938757	26.9228	361	37 	7  	763   	1.58528 
INFO:gp:362	769   	0.816515	362	0.880004	0.444432	769   	0.0863907	26.9052	362	41 	21 	769   	1.59416 
INFO:gp:363	776   	0.810074	363	0.880004	0.448926	776   	0.0928921	26.9013	363	41 	21 	776   	1.60736 
INFO:gp:364	780   	0.810897	364	0.880004	0.392658	780   	0.0922169	26.9179	364	41 	21 	780   	1.73152 
INFO:gp:365	797   	0.811728	365	0.880004	0.414961	797   	0.0897788	26.8631	365	37 	21 	797   	1.4997  
INFO:gp:366	744   	0.815817	366	0.880013	0.411633	744   	0.0913834	26.8504	366	32 	20 	744   	1.30946 
INFO:gp:367	789   	0.812411	367	0.880064	0.431914	789   	0.0910191	26.9648	367	51 	21 	789   	1.80331 
INFO:gp:368	778   	0.810509	368	0.880068	0.437556	778   	0.0951145	27.0186	368	39 	17 	778   	1.85881 
INFO:gp:369	781   	0.815564	369	0.880068	0.45013 	781   	0.0888084	27.3099	369	41 	21 	781   	2.12484 
INFO:gp:370	758   	0.815428	370	0.880068	0.420935	758   	0.0913957	28.1007	370	40 	19 	758   	2.80981 
INFO:gp:371	768   	0.817589	371	0.880085	0.400179	768   	0.0897502	29.567 	371	46 	21 	768   	3.57234 
INFO:gp:372	753   	0.812913	372	0.880085	0.450835	753   	0.0912355	31.6227	372	45 	20 	753   	3.4324  
INFO:gp:373	768   	0.810777	373	0.880101	0.324827	768   	0.0926223	32.6911	373	47 	21 	768   	3.27143 
INFO:gp:374	762   	0.813701	374	0.880101	0.408736	762   	0.0923748	33.2688	374	45 	19 	762   	3.32664 
INFO:gp:375	773   	0.809662	375	0.880101	0.442676	773   	0.0915819	33.4848	375	52 	21 	773   	3.18898 
INFO:gp:376	763   	0.812086	376	0.880101	0.438024	763   	0.0915778	33.3236	376	45 	20 	763   	2.84082 
INFO:gp:377	766   	0.814616	377	0.880101	0.453771	766   	0.0899468	33.0987	377	42 	21 	766   	2.65939 
INFO:gp:378	794   	0.814335	378	0.880101	0.435221	794   	0.092347 	33.1388	378	48 	21 	794   	2.52887 
INFO:gp:379	766   	0.814684	379	0.880106	0.39152 	766   	0.090735 	32.8309	379	47 	21 	766   	2.44784 
INFO:gp:380	741   	0.822987	380	0.880121	0.475531	741   	0.0844809	32.8817	380	63 	21 	741   	2.1838  
INFO:gp:381	766   	0.814981	381	0.880121	0.496086	766   	0.0929273	32.8729	381	42 	21 	766   	1.88046 
INFO:gp:382	789   	0.80915 	382	0.880121	0.408408	789   	0.0953128	32.8065	382	63 	18 	789   	2.34545 
INFO:gp:383	785   	0.809334	383	0.880125	0.493879	785   	0.0924639	32.7458	383	62 	7  	785   	2.57135 
INFO:gp:384	788   	0.808258	384	0.880125	0.474172	788   	0.0923688	32.7634	384	41 	21 	788   	2.28745 
INFO:gp:385	780   	0.811257	385	0.880125	0.406296	780   	0.0944563	32.6569	385	41 	17 	780   	2.37628 
INFO:gp:386	791   	0.813749	386	0.880125	0.329356	791   	0.0948938	32.7361	386	48 	20 	791   	2.51462 
INFO:gp:387	760   	0.809408	387	0.880125	0.418627	760   	0.0961388	33.2757	387	63 	18 	760   	2.5896  
INFO:gp:388	779   	0.810469	388	0.880139	0.417031	779   	0.0916139	33.8798	388	43 	7  	779   	2.17922 
INFO:gp:389	783   	0.80757 	389	0.880139	0.429939	783   	0.0944839	34.0068	389	45 	21 	783   	2.12258 
INFO:gp:390	795   	0.811079	390	0.88015 	0.430377	795   	0.0930556	33.955 	390	44 	21 	795   	2.33966 
INFO:gp:391	750   	0.815986	391	0.88015 	0.456101	750   	0.0856301	34.0039	391	42 	18 	750   	2.04972 
INFO:gp:392	788   	0.815623	392	0.88015 	0.437535	788   	0.0914754	34.2346	392	65 	21 	788   	2.7887  
INFO:gp:393	773   	0.813581	393	0.88015 	0.43961 	773   	0.0916166	35.0049	393	48 	21 	773   	3.0039  
INFO:gp:394	745   	0.816508	394	0.880153	0.448646	745   	0.0929123	36.0411	394	46 	21 	745   	3.30027 
INFO:gp:395	759   	0.815538	395	0.880153	0.382552	759   	0.0923871	37.4927	395	43 	21 	759   	3.14518 
INFO:gp:396	768   	0.81311 	396	0.880153	0.399164	768   	0.0925862	38.6843	396	56 	21 	768   	2.76181 
INFO:gp:397	787   	0.81188 	397	0.880153	0.452095	787   	0.0911593	38.9032	397	55 	21 	787   	3.12206 
INFO:gp:398	789   	0.805508	398	0.880153	0.441516	789   	0.0974608	39.2102	398	55 	21 	789   	2.67164 
INFO:gp:399	774   	0.813788	399	0.880153	0.44855 	774   	0.0907769	39.0283	399	55 	21 	774   	2.69212 
INFO:gp:400	745   	0.817797	400	0.880153	0.464766	745   	0.0864918	38.8299	400	51 	18 	745   	2.55504 
INFO:__main__:Saving model to file: checkpoints/run_16.pth
INFO:util:Train accuracy: 0.9583333333333333 +- 0.041666666666666685
INFO:util:Val accuracy: 0.9583333333333333 +- 0.041666666666666685
INFO:util:Test accuracy: 0.6666666666666666 +- 0.0
INFO:util:Train intra-class: 0.05919511022039032, Train Inter-class: 0.19406117766537823
INFO:util:Val intra-class: 0.13366929280023002, Val Inter-class: 0.17955483117931834
INFO:util:Test intra-class: 0.0, Test inter-class: 0.23182622572018247
INFO:plot:Saving t-SNE to file: figures/tsne.png
INFO:plot:Saving t-SNE to file: figures/tsne.png
INFO:plot:Saving tree to file: figures/tree-0.pdf
INFO:plot:Saving tree to file: figures/tree-1.pdf
INFO:plot:Saving tree to file: figures/tree-2.pdf
INFO:plot:Saving tree to file: figures/tree-3.pdf
INFO:plot:Saving tree to file: figures/tree-4.pdf
INFO:plot:Saving tree to file: figures/tree-5.pdf
