INFO:numexpr.utils:Note: NumExpr detected 16 cores but "NUMEXPR_MAX_THREADS" not set, so enforcing safe limit of 8.
INFO:numexpr.utils:NumExpr defaulting to 8 threads.
INFO:__main__:gen	nevals	avg     	std     	min     	max     
0  	200   	0.537655	0.117153	0.341066	0.825525
INFO:__main__:1  	153   	0.432297	0.0784215	0.297559	0.820424
INFO:__main__:
                    Generation 1: Best Fitness = 0.2976 
                    Balanced accuracy: Train: 0.6415 
                    Validation: 0.5937
INFO:__main__:2  	156   	0.405174	0.0894038	0.279621	0.72378 
INFO:__main__:
                    Generation 2: Best Fitness = 0.2796 
                    Balanced accuracy: Train: 0.6848 
                    Validation: 0.5610
INFO:__main__:3  	159   	0.376905	0.0991115	0.238575	0.745173
INFO:__main__:
                    Generation 3: Best Fitness = 0.2386 
                    Balanced accuracy: Train: 0.7228 
                    Validation: 0.7120
INFO:__main__:4  	157   	0.351645	0.0829266	0.232894	0.635106
INFO:__main__:
                    Generation 4: Best Fitness = 0.2329 
                    Balanced accuracy: Train: 0.7335 
                    Validation: 0.7116
INFO:__main__:5  	162   	0.346371	0.0969836	0.212561	0.760495
INFO:__main__:
                    Generation 5: Best Fitness = 0.2126 
                    Balanced accuracy: Train: 0.7511 
                    Validation: 0.5275
INFO:__main__:6  	173   	0.33404 	0.115928 	0.209695	0.768705
INFO:__main__:
                    Generation 6: Best Fitness = 0.2097 
                    Balanced accuracy: Train: 0.7510 
                    Validation: 0.5285
INFO:__main__:7  	161   	0.32787 	0.101954 	0.209695	0.762556
INFO:__main__:
                    Generation 7: Best Fitness = 0.2097 
                    Balanced accuracy: Train: 0.7529 
                    Validation: 0.5294
INFO:__main__:8  	163   	0.303759	0.102521 	0.206616	0.741348
INFO:__main__:
                    Generation 8: Best Fitness = 0.2066 
                    Balanced accuracy: Train: 0.7636 
                    Validation: 0.5191
INFO:__main__:9  	162   	0.288782	0.095517 	0.206616	0.703908
INFO:__main__:
                    Generation 9: Best Fitness = 0.2066 
                    Balanced accuracy: Train: 0.7617 
                    Validation: 0.5186
INFO:__main__:10 	163   	0.287065	0.0949485	0.19298 	0.702421
INFO:__main__:
                    Generation 10: Best Fitness = 0.1930 
                    Balanced accuracy: Train: 0.7840 
                    Validation: 0.5475
INFO:__main__:11 	163   	0.286204	0.092646 	0.190859	0.557566
INFO:__main__:
                    Generation 11: Best Fitness = 0.1909 
                    Balanced accuracy: Train: 0.7895 
                    Validation: 0.5561
INFO:__main__:12 	163   	0.286223	0.089325 	0.190859	0.571554
INFO:__main__:
                    Generation 12: Best Fitness = 0.1909 
                    Balanced accuracy: Train: 0.7880 
                    Validation: 0.5556
INFO:__main__:13 	163   	0.283073	0.106071 	0.181763	0.788835
INFO:__main__:
                    Generation 13: Best Fitness = 0.1818 
                    Balanced accuracy: Train: 0.8026 
                    Validation: 0.5513
INFO:__main__:14 	169   	0.28199 	0.0950232	0.181763	0.641192
INFO:__main__:
                    Generation 14: Best Fitness = 0.1818 
                    Balanced accuracy: Train: 0.8021 
                    Validation: 0.5552
INFO:__main__:15 	163   	0.268382	0.101252 	0.177948	0.714057
INFO:__main__:
                    Generation 15: Best Fitness = 0.1779 
                    Balanced accuracy: Train: 0.8019 
                    Validation: 0.5436
INFO:__main__:16 	164   	0.269817	0.0940545	0.175118	0.654955
INFO:__main__:
                    Generation 16: Best Fitness = 0.1751 
                    Balanced accuracy: Train: 0.8075 
                    Validation: 0.5539
INFO:__main__:17 	159   	0.259392	0.0871749	0.172862	0.577726
INFO:__main__:
                    Generation 17: Best Fitness = 0.1729 
                    Balanced accuracy: Train: 0.8151 
                    Validation: 0.5513
INFO:__main__:18 	173   	0.280455	0.0982777	0.172862	0.671905
INFO:__main__:
                    Generation 18: Best Fitness = 0.1729 
                    Balanced accuracy: Train: 0.8155 
                    Validation: 0.5480
INFO:__main__:19 	162   	0.264026	0.106939 	0.171801	0.74659 
INFO:__main__:
                    Generation 19: Best Fitness = 0.1718 
                    Balanced accuracy: Train: 0.8068 
                    Validation: 0.5546
INFO:__main__:20 	155   	0.27048 	0.106775 	0.167284	0.661077
INFO:__main__:
                    Generation 20: Best Fitness = 0.1673 
                    Balanced accuracy: Train: 0.8155 
                    Validation: 0.5406
INFO:__main__:21 	164   	0.259486	0.0941487	0.167284	0.602657
INFO:__main__:
                    Generation 21: Best Fitness = 0.1673 
                    Balanced accuracy: Train: 0.8131 
                    Validation: 0.5406
INFO:__main__:22 	155   	0.259252	0.101688 	0.165269	0.63288 
INFO:__main__:
                    Generation 22: Best Fitness = 0.1653 
                    Balanced accuracy: Train: 0.8178 
                    Validation: 0.4914
INFO:__main__:23 	159   	0.266311	0.109179 	0.165269	0.723697
INFO:__main__:
                    Generation 23: Best Fitness = 0.1653 
                    Balanced accuracy: Train: 0.8177 
                    Validation: 0.4927
INFO:__main__:24 	158   	0.259201	0.100548 	0.165269	0.659731
INFO:__main__:
                    Generation 24: Best Fitness = 0.1653 
                    Balanced accuracy: Train: 0.8173 
                    Validation: 0.4910
INFO:__main__:25 	167   	0.249551	0.0883482	0.158307	0.70745 
INFO:__main__:
                    Generation 25: Best Fitness = 0.1583 
                    Balanced accuracy: Train: 0.8240 
                    Validation: 0.4996
INFO:__main__:26 	164   	0.253342	0.108809 	0.158307	0.724234
INFO:__main__:
                    Generation 26: Best Fitness = 0.1583 
                    Balanced accuracy: Train: 0.8235 
                    Validation: 0.4997
INFO:__main__:27 	156   	0.25367 	0.103088 	0.157953	0.609566
INFO:__main__:
                    Generation 27: Best Fitness = 0.1580 
                    Balanced accuracy: Train: 0.8260 
                    Validation: 0.4936
INFO:__main__:28 	155   	0.254696	0.10428  	0.156261	0.745319
INFO:__main__:
                    Generation 28: Best Fitness = 0.1563 
                    Balanced accuracy: Train: 0.8290 
                    Validation: 0.4979
INFO:__main__:29 	159   	0.247345	0.0979536	0.156261	0.721708
INFO:__main__:
                    Generation 29: Best Fitness = 0.1563 
                    Balanced accuracy: Train: 0.8286 
                    Validation: 0.4983
INFO:__main__:30 	164   	0.251569	0.103589 	0.156261	0.565041
INFO:__main__:
                    Generation 30: Best Fitness = 0.1563 
                    Balanced accuracy: Train: 0.8294 
                    Validation: 0.4979
INFO:__main__:31 	168   	0.243283	0.0982379	0.155994	0.60536 
INFO:__main__:
                    Generation 31: Best Fitness = 0.1560 
                    Balanced accuracy: Train: 0.8278 
                    Validation: 0.4931
INFO:__main__:32 	162   	0.255369	0.100405 	0.155994	0.582921
INFO:__main__:
                    Generation 32: Best Fitness = 0.1560 
                    Balanced accuracy: Train: 0.8277 
                    Validation: 0.4931
INFO:__main__:33 	156   	0.23285 	0.091177 	0.141105	0.626   
INFO:__main__:
                    Generation 33: Best Fitness = 0.1411 
                    Balanced accuracy: Train: 0.8485 
                    Validation: 0.5129
INFO:__main__:34 	172   	0.242301	0.106846 	0.140576	0.632819
INFO:__main__:
                    Generation 34: Best Fitness = 0.1406 
                    Balanced accuracy: Train: 0.8485 
                    Validation: 0.5129
INFO:__main__:35 	159   	0.249825	0.106868 	0.140576	0.74472 
INFO:__main__:
                    Generation 35: Best Fitness = 0.1406 
                    Balanced accuracy: Train: 0.8490 
                    Validation: 0.5129
INFO:__main__:36 	167   	0.243966	0.115349 	0.140576	0.730679
INFO:__main__:
                    Generation 36: Best Fitness = 0.1406 
                    Balanced accuracy: Train: 0.8490 
                    Validation: 0.5134
INFO:__main__:37 	170   	0.231706	0.102576 	0.140576	0.743197
INFO:__main__:
                    Generation 37: Best Fitness = 0.1406 
                    Balanced accuracy: Train: 0.8498 
                    Validation: 0.5121
INFO:__main__:38 	169   	0.234022	0.118921 	0.139504	0.748941
INFO:__main__:
                    Generation 38: Best Fitness = 0.1395 
                    Balanced accuracy: Train: 0.8525 
                    Validation: 0.5896
INFO:__main__:39 	170   	0.23974 	0.123594 	0.139285	0.729077
INFO:__main__:
                    Generation 39: Best Fitness = 0.1393 
                    Balanced accuracy: Train: 0.8516 
                    Validation: 0.5892
INFO:__main__:40 	164   	0.233001	0.107602 	0.137932	0.656548
INFO:__main__:
                    Generation 40: Best Fitness = 0.1379 
                    Balanced accuracy: Train: 0.8520 
                    Validation: 0.4884
INFO:__main__:41 	169   	0.235786	0.11136  	0.137932	0.739868
INFO:__main__:
                    Generation 41: Best Fitness = 0.1379 
                    Balanced accuracy: Train: 0.8529 
                    Validation: 0.4884
INFO:__main__:42 	160   	0.236045	0.121171 	0.137932	0.731717
INFO:__main__:
                    Generation 42: Best Fitness = 0.1379 
                    Balanced accuracy: Train: 0.8524 
                    Validation: 0.4880
INFO:__main__:43 	160   	0.230919	0.104166 	0.137932	0.735935
INFO:__main__:
                    Generation 43: Best Fitness = 0.1379 
                    Balanced accuracy: Train: 0.8529 
                    Validation: 0.4880
INFO:__main__:44 	169   	0.24176 	0.11153  	0.137932	0.71376 
INFO:__main__:
                    Generation 44: Best Fitness = 0.1379 
                    Balanced accuracy: Train: 0.8524 
                    Validation: 0.4880
