INFO:numexpr.utils:NumExpr defaulting to 6 threads.
INFO:__main__:gen	nevals	avg    	std     	min     	max     
0  	200   	0.52364	0.116675	0.266987	0.762538
INFO:__main__:1  	160   	0.417423	0.0848028	0.266987	0.749499
INFO:__main__:
                    Generation 1: Best Fitness = 0.2670 
                    Balanced accuracy: Train: 0.7075 
                    Validation: 0.6275
INFO:__main__:2  	180   	0.397783	0.104336 	0.252961	0.740279
INFO:__main__:
                    Generation 2: Best Fitness = 0.2530 
                    Balanced accuracy: Train: 0.6951 
                    Validation: 0.5820
INFO:__main__:3  	174   	0.341032	0.0894563	0.237124	0.743325
INFO:__main__:
                    Generation 3: Best Fitness = 0.2371 
                    Balanced accuracy: Train: 0.7031 
                    Validation: 0.6060
INFO:__main__:4  	159   	0.316847	0.0912806	0.237124	0.718237
INFO:__main__:
                    Generation 4: Best Fitness = 0.2371 
                    Balanced accuracy: Train: 0.7102 
                    Validation: 0.6150
INFO:__main__:5  	161   	0.308588	0.0937157	0.2268  	0.640438
INFO:__main__:
                    Generation 5: Best Fitness = 0.2268 
                    Balanced accuracy: Train: 0.7464 
                    Validation: 0.6212
INFO:__main__:6  	166   	0.300839	0.100175 	0.213314	0.732725
INFO:__main__:
                    Generation 6: Best Fitness = 0.2133 
                    Balanced accuracy: Train: 0.7430 
                    Validation: 0.6202
INFO:__main__:7  	164   	0.297365	0.105949 	0.210143	0.744924
INFO:__main__:
                    Generation 7: Best Fitness = 0.2101 
                    Balanced accuracy: Train: 0.7542 
                    Validation: 0.5335
INFO:__main__:8  	166   	0.293536	0.111676 	0.180766	0.75277 
INFO:__main__:
                    Generation 8: Best Fitness = 0.1808 
                    Balanced accuracy: Train: 0.7910 
                    Validation: 0.5479
INFO:__main__:9  	167   	0.297232	0.119759 	0.180766	0.770077
INFO:__main__:
                    Generation 9: Best Fitness = 0.1808 
                    Balanced accuracy: Train: 0.7894 
                    Validation: 0.5463
INFO:__main__:10 	158   	0.272651	0.0985287	0.178368	0.715363
INFO:__main__:
                    Generation 10: Best Fitness = 0.1784 
                    Balanced accuracy: Train: 0.8040 
                    Validation: 0.5579
INFO:__main__:11 	160   	0.25597 	0.0938216	0.172393	0.706896
INFO:__main__:
                    Generation 11: Best Fitness = 0.1724 
                    Balanced accuracy: Train: 0.8122 
                    Validation: 0.6387
INFO:__main__:12 	157   	0.251426	0.107471 	0.171029	0.751469
INFO:__main__:
                    Generation 12: Best Fitness = 0.1710 
                    Balanced accuracy: Train: 0.8120 
                    Validation: 0.6349
INFO:__main__:13 	170   	0.255765	0.106978 	0.168252	0.635515
INFO:__main__:
                    Generation 13: Best Fitness = 0.1683 
                    Balanced accuracy: Train: 0.8162 
                    Validation: 0.5762
INFO:__main__:14 	162   	0.240154	0.104303 	0.165074	0.73733 
INFO:__main__:
                    Generation 14: Best Fitness = 0.1651 
                    Balanced accuracy: Train: 0.8216 
                    Validation: 0.5564
INFO:__main__:15 	169   	0.252263	0.106181 	0.165074	0.775749
INFO:__main__:
                    Generation 15: Best Fitness = 0.1651 
                    Balanced accuracy: Train: 0.8225 
                    Validation: 0.5570
INFO:__main__:16 	154   	0.243684	0.107699 	0.149692	0.690812
INFO:__main__:
                    Generation 16: Best Fitness = 0.1497 
                    Balanced accuracy: Train: 0.8304 
                    Validation: 0.4335
INFO:__main__:17 	167   	0.234111	0.102984 	0.149692	0.705328
INFO:__main__:
                    Generation 17: Best Fitness = 0.1497 
                    Balanced accuracy: Train: 0.8339 
                    Validation: 0.4361
INFO:__main__:18 	154   	0.235783	0.108192 	0.136682	0.667666
INFO:__main__:
                    Generation 18: Best Fitness = 0.1367 
                    Balanced accuracy: Train: 0.8480 
                    Validation: 0.4905
INFO:__main__:19 	169   	0.240539	0.106423 	0.136682	0.617199
INFO:__main__:
                    Generation 19: Best Fitness = 0.1367 
                    Balanced accuracy: Train: 0.8501 
                    Validation: 0.4792
INFO:__main__:20 	167   	0.247904	0.113152 	0.136682	0.70429 
INFO:__main__:
                    Generation 20: Best Fitness = 0.1367 
                    Balanced accuracy: Train: 0.8474 
                    Validation: 0.4837
