INFO:numexpr.utils:NumExpr defaulting to 8 threads.
INFO:__main__:gen	nevals	avg    	std    	min     	max     
0  	200   	0.53939	0.11874	0.325083	0.796738
INFO:__main__:1  	175   	0.436098	0.07496	0.317031	0.724946
INFO:__main__:
                    Generation 1: Best Fitness = 0.3170 
                    Balanced accuracy: Train: 0.6362 
                    Validation: 0.5339
INFO:__main__:2  	160   	0.394185	0.0729554	0.303633	0.745914
INFO:__main__:
                    Generation 2: Best Fitness = 0.3036 
                    Balanced accuracy: Train: 0.6580 
                    Validation: 0.6460
INFO:__main__:3  	168   	0.363264	0.0784995	0.257224	0.746712
INFO:__main__:
                    Generation 3: Best Fitness = 0.2572 
                    Balanced accuracy: Train: 0.7084 
                    Validation: 0.5954
INFO:__main__:4  	164   	0.348845	0.0877531	0.257224	0.757382
INFO:__main__:
                    Generation 4: Best Fitness = 0.2572 
                    Balanced accuracy: Train: 0.7109 
                    Validation: 0.5888
INFO:__main__:5  	165   	0.333456	0.0895915	0.225801	0.748245
INFO:__main__:
                    Generation 5: Best Fitness = 0.2258 
                    Balanced accuracy: Train: 0.7384 
                    Validation: 0.6235
INFO:__main__:6  	163   	0.324804	0.105497 	0.219489	0.754826
INFO:__main__:
                    Generation 6: Best Fitness = 0.2195 
                    Balanced accuracy: Train: 0.7325 
                    Validation: 0.5990
INFO:__main__:7  	163   	0.329345	0.11198  	0.212234	0.742695
INFO:__main__:
                    Generation 7: Best Fitness = 0.2122 
                    Balanced accuracy: Train: 0.7648 
                    Validation: 0.6351
INFO:__main__:8  	158   	0.323959	0.134969 	0.210547	0.771277
INFO:__main__:
                    Generation 8: Best Fitness = 0.2105 
                    Balanced accuracy: Train: 0.7657 
                    Validation: 0.6261
INFO:__main__:9  	155   	0.303689	0.118348 	0.205408	0.741446
INFO:__main__:
                    Generation 9: Best Fitness = 0.2054 
                    Balanced accuracy: Train: 0.7621 
                    Validation: 0.6285
INFO:__main__:10 	156   	0.313525	0.126717 	0.198976	0.751328
INFO:__main__:
                    Generation 10: Best Fitness = 0.1990 
                    Balanced accuracy: Train: 0.7765 
                    Validation: 0.6499
INFO:__main__:11 	169   	0.290797	0.117226 	0.193369	0.737027
INFO:__main__:
                    Generation 11: Best Fitness = 0.1934 
                    Balanced accuracy: Train: 0.7819 
                    Validation: 0.6500
INFO:__main__:12 	154   	0.283426	0.103976 	0.182982	0.725781
INFO:__main__:
                    Generation 12: Best Fitness = 0.1830 
                    Balanced accuracy: Train: 0.7884 
                    Validation: 0.6238
INFO:__main__:13 	164   	0.294406	0.118794 	0.182982	0.725502
INFO:__main__:
                    Generation 13: Best Fitness = 0.1830 
                    Balanced accuracy: Train: 0.7885 
                    Validation: 0.6256
INFO:__main__:14 	157   	0.291936	0.124546 	0.181136	0.722109
INFO:__main__:
                    Generation 14: Best Fitness = 0.1811 
                    Balanced accuracy: Train: 0.7938 
                    Validation: 0.6509
INFO:__main__:15 	163   	0.293201	0.127633 	0.17735 	0.715804
INFO:__main__:
                    Generation 15: Best Fitness = 0.1774 
                    Balanced accuracy: Train: 0.7878 
                    Validation: 0.6348
INFO:__main__:16 	164   	0.27772 	0.122977 	0.171711	0.720479
INFO:__main__:
                    Generation 16: Best Fitness = 0.1717 
                    Balanced accuracy: Train: 0.7958 
                    Validation: 0.6642
INFO:__main__:17 	167   	0.270141	0.112071 	0.171711	0.727583
INFO:__main__:
                    Generation 17: Best Fitness = 0.1717 
                    Balanced accuracy: Train: 0.8000 
                    Validation: 0.6667
INFO:__main__:18 	153   	0.271501	0.119728 	0.165767	0.727878
INFO:__main__:
                    Generation 18: Best Fitness = 0.1658 
                    Balanced accuracy: Train: 0.7962 
                    Validation: 0.6348
INFO:__main__:19 	169   	0.272988	0.128979 	0.153865	0.742987
INFO:__main__:
                    Generation 19: Best Fitness = 0.1539 
                    Balanced accuracy: Train: 0.8281 
                    Validation: 0.5967
INFO:__main__:20 	172   	0.290962	0.133728 	0.148606	0.713554
INFO:__main__:
                    Generation 20: Best Fitness = 0.1486 
                    Balanced accuracy: Train: 0.8321 
                    Validation: 0.5974
INFO:__main__:21 	170   	0.272675	0.128166 	0.144542	0.752476
INFO:__main__:
                    Generation 21: Best Fitness = 0.1445 
                    Balanced accuracy: Train: 0.8253 
                    Validation: 0.6032
INFO:__main__:22 	164   	0.272505	0.124927 	0.144542	0.713215
INFO:__main__:
                    Generation 22: Best Fitness = 0.1445 
                    Balanced accuracy: Train: 0.8334 
                    Validation: 0.6038
INFO:__main__:23 	174   	0.27801 	0.123613 	0.144542	0.755598
INFO:__main__:
                    Generation 23: Best Fitness = 0.1445 
                    Balanced accuracy: Train: 0.8309 
                    Validation: 0.6045
