INFO:numexpr.utils:NumExpr defaulting to 8 threads.
INFO:__main__:gen	nevals	avg     	std     	min     	max     
0  	200   	0.527869	0.120574	0.301399	0.776516
INFO:__main__:1  	170   	0.428696	0.0835707	0.300908	0.800054
INFO:__main__:
                    Generation 1: Best Fitness = 0.3009 
                    Balanced accuracy: Train: 0.6714 
                    Validation: 0.5797
INFO:__main__:2  	172   	0.389129	0.087585 	0.225109	0.761095
INFO:__main__:
                    Generation 2: Best Fitness = 0.2251 
                    Balanced accuracy: Train: 0.7547 
                    Validation: 0.6157
INFO:__main__:3  	160   	0.345712	0.080776 	0.225109	0.73774 
INFO:__main__:
                    Generation 3: Best Fitness = 0.2251 
                    Balanced accuracy: Train: 0.7510 
                    Validation: 0.6146
INFO:__main__:4  	166   	0.332187	0.0918643	0.223833	0.663028
INFO:__main__:
                    Generation 4: Best Fitness = 0.2238 
                    Balanced accuracy: Train: 0.7607 
                    Validation: 0.6215
INFO:__main__:5  	159   	0.309508	0.116573 	0.211179	0.693585
INFO:__main__:
                    Generation 5: Best Fitness = 0.2112 
                    Balanced accuracy: Train: 0.7688 
                    Validation: 0.6346
INFO:__main__:6  	154   	0.276238	0.0919885	0.207272	0.758414
INFO:__main__:
                    Generation 6: Best Fitness = 0.2073 
                    Balanced accuracy: Train: 0.7779 
                    Validation: 0.6430
INFO:__main__:7  	166   	0.265097	0.0766288	0.184248	0.633695
INFO:__main__:
                    Generation 7: Best Fitness = 0.1842 
                    Balanced accuracy: Train: 0.7896 
                    Validation: 0.6735
INFO:__main__:8  	173   	0.266154	0.0948514	0.184248	0.683881
INFO:__main__:
                    Generation 8: Best Fitness = 0.1842 
                    Balanced accuracy: Train: 0.7836 
                    Validation: 0.6656
INFO:__main__:9  	160   	0.259494	0.0966229	0.165564	0.722477
INFO:__main__:
                    Generation 9: Best Fitness = 0.1656 
                    Balanced accuracy: Train: 0.8093 
                    Validation: 0.6743
INFO:__main__:10 	162   	0.253924	0.0929897	0.165564	0.639464
INFO:__main__:
                    Generation 10: Best Fitness = 0.1656 
                    Balanced accuracy: Train: 0.8106 
                    Validation: 0.6715
INFO:__main__:11 	168   	0.26056 	0.103665 	0.165564	0.691219
INFO:__main__:
                    Generation 11: Best Fitness = 0.1656 
                    Balanced accuracy: Train: 0.8067 
                    Validation: 0.6684
INFO:__main__:12 	175   	0.260845	0.112657 	0.15808 	0.780994
INFO:__main__:
                    Generation 12: Best Fitness = 0.1581 
                    Balanced accuracy: Train: 0.8219 
                    Validation: 0.6206
INFO:__main__:13 	178   	0.249936	0.112919 	0.153587	0.695291
INFO:__main__:
                    Generation 13: Best Fitness = 0.1536 
                    Balanced accuracy: Train: 0.8201 
                    Validation: 0.5885
INFO:__main__:14 	159   	0.243886	0.11383  	0.141144	0.711636
INFO:__main__:
                    Generation 14: Best Fitness = 0.1411 
                    Balanced accuracy: Train: 0.8466 
                    Validation: 0.6253
INFO:__main__:15 	168   	0.244872	0.126703 	0.141144	0.774428
INFO:__main__:
                    Generation 15: Best Fitness = 0.1411 
                    Balanced accuracy: Train: 0.8475 
                    Validation: 0.6231
INFO:__main__:16 	167   	0.232485	0.116101 	0.138454	0.660782
INFO:__main__:
                    Generation 16: Best Fitness = 0.1385 
                    Balanced accuracy: Train: 0.8492 
                    Validation: 0.5714
INFO:__main__:17 	163   	0.22032 	0.11202  	0.132185	0.762095
INFO:__main__:
                    Generation 17: Best Fitness = 0.1322 
                    Balanced accuracy: Train: 0.8610 
                    Validation: 0.5976
INFO:__main__:18 	160   	0.228466	0.127751 	0.132185	0.695298
INFO:__main__:
                    Generation 18: Best Fitness = 0.1322 
                    Balanced accuracy: Train: 0.8601 
                    Validation: 0.5982
INFO:__main__:19 	163   	0.232139	0.126525 	0.129723	0.695035
INFO:__main__:
                    Generation 19: Best Fitness = 0.1297 
                    Balanced accuracy: Train: 0.8607 
                    Validation: 0.6062
INFO:__main__:20 	158   	0.212381	0.121651 	0.129723	0.746919
INFO:__main__:
                    Generation 20: Best Fitness = 0.1297 
                    Balanced accuracy: Train: 0.8617 
                    Validation: 0.5928
INFO:__main__:21 	169   	0.217941	0.123608 	0.129134	0.716595
INFO:__main__:
                    Generation 21: Best Fitness = 0.1291 
                    Balanced accuracy: Train: 0.8577 
                    Validation: 0.5632
INFO:__main__:22 	173   	0.211504	0.10495  	0.118223	0.662649
INFO:__main__:
                    Generation 22: Best Fitness = 0.1182 
                    Balanced accuracy: Train: 0.8757 
                    Validation: 0.5241
INFO:__main__:23 	154   	0.204055	0.112119 	0.118223	0.727089
INFO:__main__:
                    Generation 23: Best Fitness = 0.1182 
                    Balanced accuracy: Train: 0.8753 
                    Validation: 0.5306
INFO:__main__:24 	153   	0.200646	0.113087 	0.118223	0.724307
INFO:__main__:
                    Generation 24: Best Fitness = 0.1182 
                    Balanced accuracy: Train: 0.8761 
                    Validation: 0.5280
INFO:__main__:25 	171   	0.212582	0.115936 	0.118223	0.707752
INFO:__main__:
                    Generation 25: Best Fitness = 0.1182 
                    Balanced accuracy: Train: 0.8749 
                    Validation: 0.5345
INFO:__main__:26 	158   	0.20435 	0.121231 	0.118223	0.727151
INFO:__main__:
                    Generation 26: Best Fitness = 0.1182 
                    Balanced accuracy: Train: 0.8748 
                    Validation: 0.5329
