INFO:train:Epoch 1/100 	Train Loss: 0.8547, Train Acc: 0.4643	 Val Loss: 17.0845, Val Acc: 0.6667
INFO:train:Epoch 2/100 	Train Loss: 13.3749, Train Acc: 0.6607	 Val Loss: 5.3419, Val Acc: 0.4000
INFO:train:Epoch 3/100 	Train Loss: 3.1287, Train Acc: 0.3929	 Val Loss: 8.5719, Val Acc: 0.6667
INFO:train:Epoch 4/100 	Train Loss: 6.5738, Train Acc: 0.6607	 Val Loss: 7.9664, Val Acc: 0.6667
INFO:train:Epoch 5/100 	Train Loss: 5.6635, Train Acc: 0.6607	 Val Loss: 4.8650, Val Acc: 0.6667
INFO:train:Epoch 6/100 	Train Loss: 3.0654, Train Acc: 0.7500	 Val Loss: 2.8135, Val Acc: 0.6667
INFO:train:Epoch 7/100 	Train Loss: 1.5640, Train Acc: 0.7500	 Val Loss: 4.3712, Val Acc: 0.2000
INFO:train:Epoch 8/100 	Train Loss: 1.9581, Train Acc: 0.6071	 Val Loss: 4.5085, Val Acc: 0.2000
INFO:train:Epoch 9/100 	Train Loss: 1.9451, Train Acc: 0.5714	 Val Loss: 3.1515, Val Acc: 0.2667
INFO:train:Epoch 10/100 	Train Loss: 1.1801, Train Acc: 0.6964	 Val Loss: 1.9410, Val Acc: 0.4667
INFO:train:Epoch 11/100 	Train Loss: 0.6662, Train Acc: 0.7679	 Val Loss: 1.8082, Val Acc: 0.7333
INFO:train:Epoch 12/100 	Train Loss: 0.6796, Train Acc: 0.7500	 Val Loss: 1.9009, Val Acc: 0.6667
INFO:train:Epoch 13/100 	Train Loss: 0.7859, Train Acc: 0.7679	 Val Loss: 1.8127, Val Acc: 0.6667
INFO:train:Epoch 14/100 	Train Loss: 0.7995, Train Acc: 0.7857	 Val Loss: 1.5819, Val Acc: 0.6667
INFO:train:Epoch 15/100 	Train Loss: 0.6866, Train Acc: 0.7857	 Val Loss: 1.3839, Val Acc: 0.6000
INFO:train:Epoch 16/100 	Train Loss: 0.5410, Train Acc: 0.7857	 Val Loss: 1.3733, Val Acc: 0.5333
INFO:train:Epoch 17/100 	Train Loss: 0.5130, Train Acc: 0.7857	 Val Loss: 1.4766, Val Acc: 0.3333
INFO:train:Epoch 18/100 	Train Loss: 0.4874, Train Acc: 0.7679	 Val Loss: 1.5425, Val Acc: 0.4000
INFO:train:Epoch 19/100 	Train Loss: 0.4499, Train Acc: 0.8214	 Val Loss: 1.5879, Val Acc: 0.4000
INFO:train:Epoch 20/100 	Train Loss: 0.4266, Train Acc: 0.8750	 Val Loss: 1.6524, Val Acc: 0.4667
INFO:train:Epoch 21/100 	Train Loss: 0.4355, Train Acc: 0.8571	 Val Loss: 1.7100, Val Acc: 0.6000
INFO:train:Epoch 22/100 	Train Loss: 0.4238, Train Acc: 0.8929	 Val Loss: 1.7442, Val Acc: 0.6000
INFO:train:Epoch 23/100 	Train Loss: 0.4398, Train Acc: 0.8750	 Val Loss: 1.7194, Val Acc: 0.6000
INFO:train:Epoch 24/100 	Train Loss: 0.4213, Train Acc: 0.8750	 Val Loss: 1.6615, Val Acc: 0.6000
INFO:train:Epoch 25/100 	Train Loss: 0.4216, Train Acc: 0.8750	 Val Loss: 1.5893, Val Acc: 0.6000
INFO:train:Epoch 26/100 	Train Loss: 0.4161, Train Acc: 0.8750	 Val Loss: 1.5183, Val Acc: 0.6000
INFO:train:Epoch 27/100 	Train Loss: 0.3923, Train Acc: 0.9107	 Val Loss: 1.4581, Val Acc: 0.6000
INFO:train:Epoch 28/100 	Train Loss: 0.3708, Train Acc: 0.8929	 Val Loss: 1.4142, Val Acc: 0.4667
INFO:train:Epoch 29/100 	Train Loss: 0.3687, Train Acc: 0.8750	 Val Loss: 1.3803, Val Acc: 0.4667
INFO:train:Epoch 30/100 	Train Loss: 0.3371, Train Acc: 0.9107	 Val Loss: 1.3546, Val Acc: 0.4667
INFO:train:Epoch 31/100 	Train Loss: 0.3315, Train Acc: 0.9107	 Val Loss: 1.3251, Val Acc: 0.4667
INFO:train:Epoch 32/100 	Train Loss: 0.3345, Train Acc: 0.9107	 Val Loss: 1.2972, Val Acc: 0.5333
INFO:train:Epoch 33/100 	Train Loss: 0.3265, Train Acc: 0.9464	 Val Loss: 1.2769, Val Acc: 0.5333
INFO:train:Epoch 34/100 	Train Loss: 0.3193, Train Acc: 0.9464	 Val Loss: 1.2682, Val Acc: 0.5333
INFO:train:Epoch 35/100 	Train Loss: 0.3267, Train Acc: 0.9464	 Val Loss: 1.2804, Val Acc: 0.5333
INFO:train:Epoch 36/100 	Train Loss: 0.2953, Train Acc: 0.9643	 Val Loss: 1.3046, Val Acc: 0.5333
INFO:train:Epoch 37/100 	Train Loss: 0.2947, Train Acc: 0.9286	 Val Loss: 1.3372, Val Acc: 0.5333
INFO:train:Epoch 38/100 	Train Loss: 0.2791, Train Acc: 0.9286	 Val Loss: 1.3732, Val Acc: 0.5333
INFO:train:Epoch 39/100 	Train Loss: 0.2664, Train Acc: 0.9643	 Val Loss: 1.4094, Val Acc: 0.6000
INFO:train:Epoch 40/100 	Train Loss: 0.2658, Train Acc: 0.9643	 Val Loss: 1.4398, Val Acc: 0.6000
INFO:train:Epoch 41/100 	Train Loss: 0.2573, Train Acc: 0.9821	 Val Loss: 1.4644, Val Acc: 0.6000
INFO:train:Epoch 42/100 	Train Loss: 0.2599, Train Acc: 0.9643	 Val Loss: 1.4822, Val Acc: 0.6000
INFO:train:Epoch 43/100 	Train Loss: 0.2493, Train Acc: 0.9821	 Val Loss: 1.4923, Val Acc: 0.6000
INFO:train:Epoch 44/100 	Train Loss: 0.2524, Train Acc: 0.9643	 Val Loss: 1.4988, Val Acc: 0.6000
INFO:train:Epoch 45/100 	Train Loss: 0.2517, Train Acc: 0.9821	 Val Loss: 1.5018, Val Acc: 0.6000
INFO:train:Epoch 46/100 	Train Loss: 0.2371, Train Acc: 0.9821	 Val Loss: 1.4997, Val Acc: 0.6000
INFO:train:Epoch 47/100 	Train Loss: 0.2472, Train Acc: 0.9821	 Val Loss: 1.4904, Val Acc: 0.6000
INFO:train:Epoch 48/100 	Train Loss: 0.2461, Train Acc: 0.9821	 Val Loss: 1.4697, Val Acc: 0.6000
INFO:train:Epoch 49/100 	Train Loss: 0.2344, Train Acc: 1.0000	 Val Loss: 1.4398, Val Acc: 0.6000
INFO:train:Epoch 50/100 	Train Loss: 0.2353, Train Acc: 1.0000	 Val Loss: 1.4038, Val Acc: 0.6000
INFO:train:Epoch 51/100 	Train Loss: 0.2276, Train Acc: 1.0000	 Val Loss: 1.3693, Val Acc: 0.6000
INFO:train:Epoch 52/100 	Train Loss: 0.2342, Train Acc: 1.0000	 Val Loss: 1.3374, Val Acc: 0.6000
INFO:train:Epoch 53/100 	Train Loss: 0.2265, Train Acc: 1.0000	 Val Loss: 1.3214, Val Acc: 0.6000
INFO:train:Epoch 54/100 	Train Loss: 0.2209, Train Acc: 1.0000	 Val Loss: 1.3111, Val Acc: 0.6000
INFO:train:Epoch 55/100 	Train Loss: 0.2216, Train Acc: 1.0000	 Val Loss: 1.3119, Val Acc: 0.6000
INFO:train:Epoch 56/100 	Train Loss: 0.2166, Train Acc: 1.0000	 Val Loss: 1.3148, Val Acc: 0.6000
INFO:train:Epoch 57/100 	Train Loss: 0.2179, Train Acc: 1.0000	 Val Loss: 1.3208, Val Acc: 0.6000
INFO:train:Epoch 58/100 	Train Loss: 0.2160, Train Acc: 1.0000	 Val Loss: 1.3236, Val Acc: 0.6000
INFO:train:Epoch 59/100 	Train Loss: 0.2166, Train Acc: 1.0000	 Val Loss: 1.3295, Val Acc: 0.6000
INFO:train:Early stopping triggered after 59 epochs
INFO:plot:Saving attention map to: figures/model_accuracy.png
INFO:train:train got 56 / 56 correct, accuracy: 1.0
INFO:plot:Saving cofusion matrix map to: figures/train_confusion_matrix.png
INFO:train:Total time taken evaluate on train set the model: 0.11s
INFO:train:validation got 9 / 15 correct, accuracy: 0.6
INFO:plot:Saving cofusion matrix map to: figures/validation_confusion_matrix.png
INFO:train:Total time taken evaluate on validation set the model: 0.08s
