INFO:data:Reading dataset fish: oil
INFO:data:Class Counts: [18 18 18 18 18 18 18], Class Ratios: [0.14285714 0.14285714 0.14285714 0.14285714 0.14285714 0.14285714
 0.14285714]
INFO:data:Number of features: 1023
INFO:data:Number of instances: 126
INFO:data:Number of classes 7.
INFO:__main__:No model found. Train from scratch.
INFO:gp:   	      	                             fitness                             	                     size                     
   	      	-----------------------------------------------------------------	----------------------------------------------
gen	nevals	avg    	gen	max     	min     	nevals	std      	avg    	gen	max	min	nevals	std   
0  	1023  	0.21581	0  	0.355627	0.133222	1023  	0.0329521	4.87195	0  	7  	2  	1023  	1.4342
INFO:gp:1  	787   	0.254905	1  	0.355627	0.147724	787   	0.0312431	4.97067	1  	10 	3  	787   	1.4548
INFO:gp:2  	759   	0.286048	2  	0.373977	0.174669	759   	0.0306199	5.02737	2  	11 	3  	759   	1.35752
INFO:gp:3  	753   	0.313075	3  	0.387938	0.206076	753   	0.0319949	4.91789	3  	10 	3  	753   	1.32319
INFO:gp:4  	768   	0.3383  	4  	0.400326	0.212462	768   	0.0305352	4.84555	4  	10 	3  	768   	1.41407
INFO:gp:5  	792   	0.354813	5  	0.416586	0.208692	792   	0.0292014	4.86413	5  	11 	3  	792   	1.57203
INFO:gp:6  	781   	0.366718	6  	0.438282	0.241534	781   	0.027877 	4.98436	6  	13 	3  	781   	1.59108
INFO:gp:7  	795   	0.376846	7  	0.438282	0.220338	795   	0.029586 	4.95601	7  	13 	3  	795   	1.54724
INFO:gp:8  	784   	0.386764	8  	0.439287	0.27007 	784   	0.0305929	5.35093	8  	13 	3  	784   	1.76282
INFO:gp:9  	772   	0.399316	9  	0.460906	0.260679	772   	0.0298718	6.03617	9  	13 	3  	772   	2.03   
INFO:gp:10 	742   	0.410929	10 	0.463472	0.247196	742   	0.0294281	6.24536	10 	13 	3  	742   	2.01058
INFO:gp:11 	764   	0.416028	11 	0.463472	0.262349	764   	0.0320451	7.04692	11 	14 	3  	764   	1.81709
INFO:gp:12 	797   	0.42374 	12 	0.463928	0.253974	797   	0.0316973	7.12903	12 	14 	4  	797   	1.64104
INFO:gp:13 	792   	0.432676	13 	0.473971	0.270376	792   	0.031915 	6.88759	13 	12 	4  	792   	1.50726
INFO:gp:14 	802   	0.440274	14 	0.483348	0.299355	802   	0.0314825	6.95894	14 	13 	3  	802   	1.49952
INFO:gp:15 	775   	0.445241	15 	0.488665	0.274522	775   	0.032364 	6.99902	15 	13 	3  	775   	1.58777
INFO:gp:16 	778   	0.452202	16 	0.495908	0.291114	778   	0.0318579	6.93157	16 	14 	3  	778   	1.71281
INFO:gp:17 	783   	0.458629	17 	0.505222	0.277604	783   	0.0341549	6.3304 	17 	14 	4  	783   	2.05028
INFO:gp:18 	778   	0.465336	18 	0.507534	0.294423	778   	0.0320808	6.1828 	18 	16 	3  	778   	2.4155 
INFO:gp:19 	757   	0.469482	19 	0.507534	0.28368 	757   	0.0355588	6.99022	19 	16 	4  	757   	2.18139
INFO:gp:20 	784   	0.476939	20 	0.507545	0.243141	784   	0.0329015	7.3998 	20 	14 	4  	784   	1.74175
INFO:gp:21 	786   	0.479275	21 	0.513292	0.323675	786   	0.0349121	7.54448	21 	15 	4  	786   	1.61122
INFO:gp:22 	771   	0.483508	22 	0.518746	0.299338	771   	0.0354417	7.51515	22 	15 	4  	771   	1.71119
INFO:gp:23 	801   	0.484746	23 	0.518746	0.288556	801   	0.0360992	7.29619	23 	15 	4  	801   	1.7276 
INFO:gp:24 	784   	0.487388	24 	0.518746	0.292241	784   	0.036637 	7.64027	24 	16 	4  	784   	1.86484
INFO:gp:25 	768   	0.49018 	25 	0.524477	0.300531	768   	0.0354147	8.1564 	25 	18 	5  	768   	1.96275
INFO:gp:26 	793   	0.49384 	26 	0.524542	0.338072	793   	0.0339208	8.31769	26 	16 	5  	793   	2.20453
INFO:gp:27 	760   	0.496073	27 	0.527192	0.305941	760   	0.0380798	7.64418	27 	17 	5  	760   	2.11786
INFO:gp:28 	774   	0.499653	28 	0.530243	0.299655	774   	0.0343152	7.67351	28 	17 	5  	774   	2.08681
INFO:gp:29 	762   	0.500427	29 	0.530245	0.29955 	762   	0.0387945	8.33724	29 	17 	5  	762   	2.39392
INFO:gp:30 	776   	0.500935	30 	0.535434	0.299788	776   	0.0366885	8.46432	30 	21 	5  	776   	2.70412
INFO:gp:31 	778   	0.501717	31 	0.535464	0.297276	778   	0.0389059	9.45064	31 	21 	5  	778   	2.96167
INFO:gp:32 	770   	0.50516 	32 	0.538378	0.319905	770   	0.0379711	10.8827	32 	22 	6  	770   	2.65293
INFO:gp:33 	756   	0.504803	33 	0.538378	0.292173	756   	0.0427734	11.2815	33 	21 	6  	756   	2.37306
INFO:gp:34 	755   	0.509914	34 	0.538379	0.290315	755   	0.038476 	11.6178	34 	21 	6  	755   	2.59362
INFO:gp:35 	785   	0.508882	35 	0.538561	0.312308	785   	0.0391417	11.306 	35 	21 	6  	785   	3.22309
INFO:gp:36 	792   	0.513978	36 	0.53858 	0.315658	792   	0.0379189	11.263 	36 	19 	6  	792   	3.50955
INFO:gp:37 	780   	0.513239	37 	0.538603	0.28534 	780   	0.0427706	12.9736	37 	25 	6  	780   	2.85051
INFO:gp:38 	759   	0.512505	38 	0.538603	0.325078	759   	0.04269  	14.0342	38 	24 	6  	759   	2.29237
INFO:gp:39 	749   	0.517167	39 	0.53865 	0.28659 	749   	0.0394013	14.1965	39 	24 	12 	749   	1.95239
INFO:gp:40 	773   	0.514639	40 	0.53865 	0.309016	773   	0.0410649	14.045 	40 	24 	10 	773   	1.86754
INFO:gp:41 	768   	0.512936	41 	0.546788	0.308491	768   	0.0410448	14.0528	41 	23 	10 	768   	1.85999
INFO:gp:42 	790   	0.511276	42 	0.546788	0.273677	790   	0.0440305	13.9932	42 	23 	10 	790   	1.79577
INFO:gp:43 	793   	0.511732	43 	0.546883	0.279508	793   	0.0436543	13.868 	43 	23 	12 	793   	1.70423
INFO:gp:44 	767   	0.516957	44 	0.546883	0.325358	767   	0.0398276	14.2434	44 	24 	10 	767   	1.8833 
INFO:gp:45 	773   	0.515796	45 	0.546923	0.280473	773   	0.0459721	14.9677	45 	24 	12 	773   	2.054  
INFO:gp:46 	808   	0.521003	46 	0.546923	0.321426	808   	0.0418809	15.7458	46 	24 	12 	808   	1.90383
INFO:gp:47 	777   	0.519525	47 	0.546924	0.294884	777   	0.0455795	15.7713	47 	27 	12 	777   	1.7    
INFO:gp:48 	791   	0.522103	48 	0.546952	0.294812	791   	0.0419113	15.2121	48 	23 	10 	791   	1.31796
INFO:gp:49 	794   	0.519545	49 	0.546997	0.299622	794   	0.0450357	15.0411	49 	27 	10 	794   	1.17162
INFO:gp:50 	759   	0.521521	50 	0.547012	0.312449	759   	0.0420064	15.172 	50 	27 	11 	759   	1.48624
INFO:gp:51 	766   	0.522826	51 	0.548444	0.265205	766   	0.0439084	15.5611	51 	24 	9  	766   	1.59665
INFO:gp:52 	763   	0.522892	52 	0.548444	0.293855	763   	0.0416729	15.8192	52 	24 	10 	763   	1.47231
INFO:gp:53 	764   	0.523696	53 	0.548445	0.341509	764   	0.0405346	16.0108	53 	31 	13 	764   	1.44798
INFO:gp:54 	770   	0.52267 	54 	0.548457	0.265584	770   	0.0420746	15.6432	54 	29 	13 	770   	1.55347
INFO:gp:55 	777   	0.522965	55 	0.556291	0.312199	777   	0.041314 	15.0381	55 	24 	7  	777   	1.30849
INFO:gp:56 	787   	0.523202	56 	0.556291	0.321794	787   	0.04116  	15.13  	56 	22 	12 	787   	1.13924
INFO:gp:57 	780   	0.520955	57 	0.556291	0.294529	780   	0.0449929	15.5679	57 	24 	13 	780   	1.39998
INFO:gp:58 	795   	0.523055	58 	0.5563  	0.313832	795   	0.043203 	15.6794	58 	25 	13 	795   	1.40131
INFO:gp:59 	751   	0.52886 	59 	0.562244	0.358184	751   	0.0407581	15.4917	59 	22 	10 	751   	1.31377
INFO:gp:60 	742   	0.531242	60 	0.562244	0.264011	742   	0.0431809	15.3627	60 	27 	8  	742   	1.26013
INFO:gp:61 	776   	0.531026	61 	0.562244	0.318784	776   	0.044093 	15.4936	61 	25 	10 	776   	1.28747
INFO:gp:62 	774   	0.533013	62 	0.562244	0.323931	774   	0.0412955	15.6491	62 	27 	11 	774   	1.33566
INFO:gp:63 	760   	0.534282	63 	0.562245	0.347741	760   	0.0420706	16.0567	63 	24 	12 	760   	1.44184
INFO:gp:64 	762   	0.533873	64 	0.562467	0.32981 	762   	0.0447086	16.7439	64 	31 	10 	762   	1.61763
INFO:gp:65 	763   	0.534287	65 	0.567979	0.307844	763   	0.0450103	17.4731	65 	30 	11 	763   	1.45409
INFO:gp:66 	787   	0.532637	66 	0.567979	0.319987	787   	0.046575 	17.7478	66 	25 	10 	787   	1.42761
INFO:gp:67 	785   	0.535252	67 	0.567979	0.332906	785   	0.0432102	17.8328	67 	33 	11 	785   	1.66278
INFO:gp:68 	743   	0.536517	68 	0.568156	0.358502	743   	0.0426399	18.1447	68 	25 	13 	743   	1.55781
INFO:gp:69 	760   	0.538197	69 	0.570554	0.320549	760   	0.0420848	18.7664	69 	26 	13 	760   	1.84575
INFO:gp:70 	778   	0.539516	70 	0.570554	0.307333	778   	0.0444035	19.7595	70 	27 	13 	778   	1.74326
INFO:gp:71 	771   	0.543089	71 	0.576276	0.347386	771   	0.04196  	20.0811	71 	30 	13 	771   	1.59246
INFO:gp:72 	777   	0.540693	72 	0.576276	0.270019	777   	0.0449634	19.4888	72 	30 	13 	777   	1.84163
INFO:gp:73 	762   	0.544449	73 	0.577531	0.237905	762   	0.0439675	18.695 	73 	25 	12 	762   	1.92652
INFO:gp:74 	785   	0.543301	74 	0.583255	0.280825	785   	0.0464111	18.4545	74 	24 	13 	785   	1.79432
INFO:gp:75 	750   	0.548317	75 	0.583255	0.346201	750   	0.0439673	19.4096	75 	33 	12 	750   	1.97921
INFO:gp:76 	778   	0.548768	76 	0.583255	0.321267	778   	0.0454149	19.8524	76 	25 	12 	778   	1.69373
INFO:gp:77 	785   	0.552473	77 	0.583257	0.326459	785   	0.0420353	19.4487	77 	24 	12 	785   	1.81259
INFO:gp:78 	780   	0.554253	78 	0.58326 	0.329357	780   	0.0426543	19.608 	78 	26 	12 	780   	1.86908
INFO:gp:79 	764   	0.555568	79 	0.58326 	0.316525	764   	0.0432659	20.4751	79 	25 	12 	764   	1.40837
INFO:gp:80 	781   	0.555445	80 	0.588444	0.351437	781   	0.0445584	20.5718	80 	24 	13 	781   	1.17504
INFO:gp:81 	763   	0.556939	81 	0.588444	0.333103	763   	0.0430138	20.303 	81 	33 	13 	763   	1.40174
INFO:gp:82 	770   	0.555174	82 	0.588444	0.335884	770   	0.0432012	19.7615	82 	33 	14 	770   	1.49218
INFO:gp:83 	776   	0.555501	83 	0.588449	0.335465	776   	0.0432878	19.7977	83 	33 	15 	776   	1.32836
INFO:gp:84 	800   	0.55656 	84 	0.58845 	0.343762	800   	0.043063 	19.9169	84 	33 	11 	800   	1.37423
INFO:gp:85 	782   	0.558642	85 	0.588458	0.313627	782   	0.0419863	19.9423	85 	31 	12 	782   	1.43534
INFO:gp:86 	794   	0.560429	86 	0.588458	0.344524	794   	0.0416097	20.0841	86 	33 	12 	794   	1.53001
INFO:gp:87 	778   	0.562963	87 	0.588566	0.362716	778   	0.0409573	20.045 	87 	25 	12 	778   	1.2868 
INFO:gp:88 	770   	0.561842	88 	0.588566	0.334987	770   	0.0416759	20.0225	88 	29 	15 	770   	0.929837
INFO:gp:89 	748   	0.563133	89 	0.589589	0.372535	748   	0.0401843	20     	89 	36 	14 	748   	0.946259
INFO:gp:90 	773   	0.560064	90 	0.589589	0.256115	773   	0.0460339	19.9756	90 	29 	18 	773   	0.664995
INFO:gp:91 	785   	0.561417	91 	0.589589	0.297655	785   	0.0426868	20.0108	91 	33 	16 	785   	0.804971
INFO:gp:92 	760   	0.562598	92 	0.591923	0.32272 	760   	0.0432983	20.0792	92 	26 	16 	760   	0.703702
INFO:gp:93 	775   	0.563249	93 	0.591933	0.359194	775   	0.0420091	20.2522	93 	31 	16 	775   	0.852191
INFO:gp:94 	792   	0.564029	94 	0.591934	0.353276	792   	0.0413206	20.5797	94 	38 	16 	792   	1.08453 
INFO:gp:95 	785   	0.561803	95 	0.597648	0.34049 	785   	0.0441766	20.7693	95 	26 	12 	785   	1.02346 
INFO:gp:96 	805   	0.564317	96 	0.597652	0.303035	805   	0.0410636	20.8504	96 	33 	16 	805   	0.915874
INFO:gp:97 	761   	0.564766	97 	0.597652	0.332878	761   	0.0437279	20.8553	97 	27 	13 	761   	0.833434
INFO:gp:98 	785   	0.565042	98 	0.599006	0.367332	785   	0.0431669	20.9208	98 	32 	18 	785   	0.793785
INFO:gp:99 	801   	0.566209	99 	0.599006	0.327673	801   	0.0445783	20.9022	99 	25 	10 	801   	0.821405
INFO:gp:100	762   	0.572343	100	0.599006	0.313779	762   	0.0415241	20.8837	100	25 	15 	762   	0.736665
INFO:gp:101	773   	0.568412	101	0.599006	0.318767	773   	0.046353 	20.8749	101	38 	16 	773   	0.942109
INFO:gp:102	776   	0.567689	102	0.599008	0.308203	776   	0.0465055	20.8778	102	30 	15 	776   	0.785826
INFO:gp:103	762   	0.571557	103	0.599008	0.322859	762   	0.0413876	20.9179	103	38 	17 	762   	0.944761
INFO:gp:104	803   	0.565125	104	0.599008	0.327814	803   	0.047779 	20.9492	104	27 	13 	803   	0.902563
INFO:gp:105	757   	0.569423	105	0.599008	0.376109	757   	0.0421103	21.0479	105	38 	18 	757   	0.898926
INFO:gp:106	758   	0.569239	106	0.599008	0.345608	758   	0.0436688	21.1808	106	26 	18 	758   	0.909139
INFO:gp:107	785   	0.569358	107	0.599008	0.318193	785   	0.044844 	21.2199	107	27 	18 	785   	0.917684
INFO:gp:108	778   	0.568354	108	0.599008	0.374405	778   	0.0434393	21.3245	108	27 	18 	778   	1.12826 
INFO:gp:109	739   	0.569038	109	0.600074	0.319806	739   	0.044109 	21.6667	109	26 	15 	739   	1.2074  
INFO:gp:110	748   	0.569713	110	0.600074	0.337905	748   	0.0460212	21.9589	110	40 	10 	748   	1.47653 
INFO:gp:111	794   	0.568424	111	0.600074	0.33169 	794   	0.046544 	21.8807	111	40 	18 	794   	1.33728 
INFO:gp:112	770   	0.568735	112	0.600075	0.32523 	770   	0.0441821	21.694 	112	38 	16 	770   	1.33647 
INFO:gp:113	778   	0.56718 	113	0.600075	0.364399	778   	0.0456294	21.6276	113	25 	13 	778   	1.24084 
INFO:gp:114	753   	0.569513	114	0.600075	0.357206	753   	0.0435438	21.828 	114	40 	13 	753   	1.43675 
INFO:gp:115	775   	0.571435	115	0.600075	0.315577	775   	0.0453641	21.9521	115	42 	17 	775   	1.3844  
INFO:gp:116	765   	0.570763	116	0.600075	0.359144	765   	0.043871 	21.8495	116	26 	18 	765   	1.2423  
INFO:gp:117	763   	0.570904	117	0.600075	0.343794	763   	0.0432394	21.5523	117	30 	18 	763   	1.14831 
INFO:gp:118	758   	0.571819	118	0.600075	0.313779	758   	0.0444832	21.4399	118	33 	18 	758   	1.24985 
INFO:gp:119	786   	0.569348	119	0.600079	0.313414	786   	0.0473701	21.2268	119	33 	18 	786   	1.11481 
INFO:gp:120	758   	0.568319	120	0.600079	0.356198	758   	0.046611 	21.0645	120	33 	18 	758   	1.10174 
INFO:gp:121	785   	0.567337	121	0.60008 	0.29281 	785   	0.0484366	21.0352	121	27 	18 	785   	0.883615
INFO:gp:122	761   	0.569967	122	0.600081	0.263004	761   	0.0463769	20.9932	122	33 	12 	761   	0.944683
INFO:gp:123	787   	0.570368	123	0.600082	0.288413	787   	0.044694 	20.9374	123	24 	16 	787   	0.842421
INFO:gp:124	778   	0.570186	124	0.600082	0.359145	778   	0.0439835	20.9198	124	23 	18 	778   	0.765474
INFO:gp:125	756   	0.570927	125	0.600085	0.367312	756   	0.0429881	20.9501	125	26 	18 	756   	0.757147
INFO:gp:126	790   	0.568075	126	0.600085	0.314215	790   	0.046581 	20.9873	126	38 	18 	790   	1.11369 
INFO:gp:127	797   	0.566764	127	0.600085	0.304347	797   	0.0498333	20.8935	127	33 	14 	797   	0.917616
INFO:gp:128	772   	0.569079	128	0.600085	0.313377	772   	0.0463176	20.9599	128	39 	18 	772   	0.928193
INFO:gp:129	743   	0.570909	129	0.600085	0.341081	743   	0.0442665	20.9208	129	33 	12 	743   	1.05406 
INFO:gp:130	800   	0.568459	130	0.600086	0.332986	800   	0.0457934	20.9326	130	30 	16 	800   	0.797323
INFO:gp:131	783   	0.567875	131	0.600086	0.367317	783   	0.0466793	20.9286	131	38 	15 	783   	0.997451
INFO:gp:132	769   	0.567978	132	0.600086	0.338602	769   	0.046059 	20.9218	132	33 	18 	769   	0.834111
INFO:gp:133	772   	0.572   	133	0.600089	0.324352	772   	0.0425515	20.9668	133	38 	18 	772   	0.937369
INFO:gp:134	774   	0.571575	134	0.600089	0.367317	774   	0.0420484	20.9453	134	33 	18 	774   	0.852192
INFO:gp:135	750   	0.56961 	135	0.600089	0.359133	750   	0.0455441	20.9609	135	24 	14 	750   	0.781279
INFO:gp:136	775   	0.569312	136	0.60009 	0.340303	775   	0.0440168	21.0577	136	24 	18 	775   	0.909168
INFO:gp:137	776   	0.571448	137	0.60009 	0.345899	776   	0.043456 	21.1926	137	24 	18 	776   	1.0552  
INFO:gp:138	798   	0.568544	138	0.600099	0.309494	798   	0.0454701	21.5455	138	27 	16 	798   	1.36985 
INFO:gp:139	769   	0.569956	139	0.600099	0.367317	769   	0.0448993	21.9071	139	27 	18 	769   	1.58505 
INFO:gp:140	747   	0.570926	140	0.600102	0.358725	747   	0.0435477	22.4721	140	33 	18 	747   	1.69899 
INFO:gp:141	755   	0.569906	141	0.600102	0.35272 	755   	0.0445113	22.5132	141	33 	18 	755   	1.67074 
INFO:gp:142	763   	0.571897	142	0.600103	0.364673	763   	0.0427953	22.3861	142	33 	15 	763   	1.80325 
INFO:gp:143	772   	0.571651	143	0.600103	0.285225	772   	0.0439935	22.2551	143	33 	18 	772   	1.7103  
INFO:gp:144	743   	0.570746	144	0.600103	0.367329	743   	0.0440741	22.3245	144	26 	18 	743   	1.64797 
INFO:gp:145	777   	0.571289	145	0.600106	0.367329	777   	0.043718 	22.8162	145	27 	18 	777   	1.62563 
INFO:gp:146	775   	0.570742	146	0.600106	0.333455	775   	0.0437486	23.3793	146	29 	18 	775   	1.44053 
INFO:gp:147	769   	0.570581	147	0.600106	0.367332	769   	0.0439748	23.6149	147	44 	18 	769   	1.37292 
INFO:gp:148	772   	0.566331	148	0.600106	0.334564	772   	0.047502 	23.3939	148	30 	18 	772   	1.47254 
INFO:gp:149	759   	0.573135	149	0.600106	0.328747	759   	0.0420328	23.2874	149	27 	18 	759   	1.48551 
INFO:gp:150	784   	0.567253	150	0.600106	0.314212	784   	0.04581  	23.3324	150	33 	10 	784   	1.52175 
INFO:gp:151	783   	0.568962	151	0.600109	0.306809	783   	0.0437813	23.5464	151	33 	12 	783   	1.33439 
INFO:gp:152	762   	0.57077 	152	0.600109	0.365235	762   	0.042572 	23.7331	152	33 	12 	762   	1.13685 
INFO:gp:153	754   	0.567221	153	0.600109	0.367336	754   	0.0465525	23.7195	153	27 	10 	754   	1.20218 
INFO:gp:154	754   	0.569089	154	0.600109	0.360503	754   	0.0429616	23.6764	154	26 	12 	754   	1.38131 
INFO:gp:155	764   	0.570059	155	0.600109	0.325261	764   	0.0453078	23.6432	155	26 	11 	764   	1.44795 
INFO:gp:156	759   	0.56986 	156	0.600109	0.373441	759   	0.0439533	23.5963	156	44 	10 	759   	1.82152 
INFO:gp:157	760   	0.568128	157	0.600109	0.36734 	760   	0.0458694	23.5103	157	44 	12 	760   	2.1701  
INFO:gp:158	769   	0.566393	158	0.600109	0.33058 	769   	0.045899 	23.6706	158	29 	12 	769   	1.60643 
INFO:gp:159	766   	0.568726	159	0.601531	0.36734 	766   	0.0449991	23.6764	159	27 	12 	766   	1.61551 
INFO:gp:160	787   	0.565651	160	0.601531	0.298102	787   	0.0461897	23.7077	160	29 	12 	787   	1.55499 
INFO:gp:161	758   	0.567924	161	0.601531	0.345645	758   	0.0443503	23.7742	161	33 	12 	758   	1.43985 
INFO:gp:162	772   	0.567799	162	0.601531	0.349654	772   	0.0448486	23.6686	162	33 	10 	772   	1.85038 
INFO:gp:163	772   	0.567209	163	0.601531	0.30623 	772   	0.0453476	23.7273	163	33 	12 	772   	1.55477 
INFO:gp:164	761   	0.567895	164	0.602042	0.337862	761   	0.0472753	23.7683	164	33 	12 	761   	1.45109 
INFO:gp:165	758   	0.568672	165	0.602042	0.28484 	758   	0.0458804	23.7468	165	33 	12 	758   	1.52894 
INFO:gp:166	785   	0.567912	166	0.605885	0.328746	785   	0.0460073	23.6657	166	26 	12 	785   	1.71693 
INFO:gp:167	791   	0.569451	167	0.605885	0.312836	791   	0.0451429	23.7224	167	33 	12 	791   	1.5958  
INFO:gp:168	755   	0.566745	168	0.605885	0.325292	755   	0.0488517	23.7273	168	26 	12 	755   	1.40899 
INFO:gp:169	772   	0.569324	169	0.605885	0.265449	772   	0.0460992	23.6745	169	26 	12 	772   	1.59441 
INFO:gp:170	781   	0.570101	170	0.605885	0.283828	781   	0.0459315	23.7009	170	33 	12 	781   	1.54959 
INFO:gp:171	783   	0.573209	171	0.605885	0.321305	783   	0.0433568	23.7849	171	33 	12 	783   	1.27641 
INFO:gp:172	774   	0.572487	172	0.605901	0.33397 	774   	0.0439464	23.741 	172	26 	12 	774   	1.45118 
INFO:gp:173	774   	0.575394	173	0.605901	0.297238	774   	0.0439395	23.7566	173	44 	12 	774   	1.704   
INFO:gp:174	788   	0.572167	174	0.605901	0.28312 	788   	0.0476276	23.739 	174	29 	12 	788   	1.56929 
INFO:gp:175	752   	0.574291	175	0.605901	0.316639	752   	0.0466612	23.695 	175	27 	12 	752   	1.64339 
INFO:gp:176	746   	0.571615	176	0.605901	0.319268	746   	0.0496316	23.7058	176	33 	12 	746   	1.66748 
INFO:gp:177	750   	0.575379	177	0.605951	0.36025 	750   	0.0438254	23.6872	177	26 	12 	750   	1.60884 
INFO:gp:178	784   	0.572881	178	0.605951	0.334353	784   	0.0465272	23.6158	178	44 	10 	784   	1.96848 
INFO:gp:179	789   	0.575127	179	0.605951	0.336041	789   	0.0435593	23.6696	179	44 	12 	789   	1.77809 
INFO:gp:180	789   	0.573409	180	0.605951	0.286358	789   	0.0458322	23.7292	180	33 	12 	789   	1.47511 
INFO:gp:181	767   	0.575207	181	0.605951	0.355909	767   	0.0440715	23.739 	181	33 	12 	767   	1.42156 
INFO:gp:182	775   	0.572762	182	0.611716	0.342361	775   	0.049012 	23.652 	182	30 	12 	775   	1.67615 
INFO:gp:183	786   	0.573023	183	0.611716	0.322586	786   	0.0473483	23.7116	183	33 	12 	786   	1.61067 
INFO:gp:184	770   	0.574774	184	0.611788	0.320001	770   	0.0445707	23.7468	184	44 	12 	770   	1.69452 
INFO:gp:185	782   	0.574296	185	0.611788	0.345779	782   	0.0463946	23.7195	185	29 	12 	782   	1.51966 
INFO:gp:186	789   	0.575917	186	0.611788	0.360351	789   	0.0434018	23.7898	186	44 	14 	789   	1.44695 
INFO:gp:187	743   	0.577492	187	0.611788	0.339978	743   	0.0444255	23.784 	187	26 	11 	743   	1.182   
INFO:gp:188	788   	0.578947	188	0.611788	0.374314	788   	0.044655 	23.5992	188	26 	12 	788   	1.58552 
INFO:gp:189	758   	0.576672	189	0.611788	0.336128	758   	0.0489313	23.653 	189	29 	12 	758   	1.38269 
INFO:gp:190	778   	0.577188	190	0.611788	0.338708	778   	0.0456915	23.741 	190	27 	12 	778   	1.28923 
INFO:gp:191	761   	0.58245 	191	0.611788	0.317861	761   	0.0435085	23.8055	191	44 	12 	761   	1.43354 
INFO:gp:192	786   	0.580078	192	0.611793	0.335099	786   	0.044923 	23.7331	192	44 	14 	786   	1.56893 
INFO:gp:193	764   	0.579067	193	0.611793	0.329968	764   	0.0473018	23.7107	193	33 	10 	764   	1.61686 
INFO:gp:194	763   	0.580252	194	0.611795	0.361668	763   	0.0447091	23.7742	194	33 	14 	763   	1.34507 
INFO:gp:195	782   	0.578316	195	0.611795	0.348829	782   	0.0467763	23.7224	195	33 	14 	782   	1.49393 
INFO:gp:196	780   	0.576963	196	0.611795	0.344146	780   	0.0503717	23.6559	196	28 	14 	780   	1.62846 
INFO:gp:197	787   	0.578962	197	0.611795	0.374314	787   	0.0435444	23.8065	197	44 	10 	787   	1.40856 
INFO:gp:198	757   	0.578412	198	0.611814	0.342062	757   	0.0472064	23.7566	198	28 	14 	757   	1.35793 
INFO:gp:199	742   	0.582148	199	0.611814	0.369833	742   	0.0459825	23.7361	199	27 	14 	742   	1.3738  
INFO:gp:200	770   	0.582194	200	0.611814	0.349674	770   	0.0442588	23.741 	200	26 	14 	770   	1.33542 
INFO:gp:201	770   	0.581387	201	0.611814	0.27116 	770   	0.0439483	23.7683	201	33 	14 	770   	1.38703 
INFO:gp:202	790   	0.579437	202	0.611814	0.337955	790   	0.0448009	23.8514	202	28 	14 	790   	1.05072 
INFO:gp:203	793   	0.580839	203	0.611817	0.373936	793   	0.0425113	23.7898	203	33 	14 	793   	1.28979 
INFO:gp:204	770   	0.581177	204	0.611817	0.374321	770   	0.0438566	23.8045	204	29 	14 	770   	1.17688 
INFO:gp:205	781   	0.579285	205	0.611821	0.351072	781   	0.0454213	23.783 	205	29 	14 	781   	1.25444 
INFO:gp:206	782   	0.580462	206	0.611829	0.359791	782   	0.045154 	23.8055	206	28 	14 	782   	1.1326  
INFO:gp:207	758   	0.58018 	207	0.611829	0.374298	758   	0.04469  	23.7703	207	44 	14 	758   	1.6249  
INFO:gp:208	790   	0.58113 	208	0.611829	0.358367	790   	0.0440496	23.7625	208	33 	14 	790   	1.29714 
INFO:gp:209	773   	0.580368	209	0.611831	0.353266	773   	0.0449907	23.6813	209	33 	14 	773   	1.48242 
INFO:gp:210	760   	0.580468	210	0.611831	0.358011	760   	0.0458886	23.697 	210	44 	11 	760   	1.42868 
INFO:gp:211	801   	0.579458	211	0.611861	0.353811	801   	0.0464565	23.7771	211	33 	14 	801   	1.27046 
INFO:gp:212	775   	0.579423	212	0.611861	0.329091	775   	0.0451604	23.7224	212	26 	14 	775   	1.29332 
INFO:gp:213	787   	0.578246	213	0.611861	0.302242	787   	0.0473319	23.8622	213	33 	14 	787   	1.00223 
INFO:gp:214	749   	0.58328 	214	0.611861	0.361475	749   	0.0421808	23.9286	214	31 	18 	749   	0.869709
INFO:gp:215	771   	0.582738	215	0.611871	0.339148	771   	0.0437232	23.9961	215	33 	12 	771   	1.14534 
INFO:gp:216	780   	0.579216	216	0.611871	0.388241	780   	0.0452282	24.1505	216	29 	16 	780   	1.03639 
INFO:gp:217	790   	0.58012 	217	0.61188 	0.366074	790   	0.0452942	24.3832	217	34 	16 	790   	1.19619 
INFO:gp:218	794   	0.580715	218	0.611912	0.313714	794   	0.0455643	24.3627	218	44 	16 	794   	1.264   
INFO:gp:219	774   	0.579779	219	0.611912	0.354563	774   	0.044904 	24.0762	219	28 	14 	774   	1.31316 
INFO:gp:220	761   	0.579904	220	0.611912	0.344466	761   	0.0447862	24.0137	220	28 	16 	761   	1.28295 
INFO:gp:221	761   	0.582191	221	0.611912	0.31764 	761   	0.0437721	24.2561	221	44 	16 	761   	1.29247 
INFO:gp:222	765   	0.578908	222	0.611915	0.333273	765   	0.047566 	24.3011	222	28 	16 	765   	1.28731 
INFO:gp:223	760   	0.579585	223	0.61192 	0.335427	760   	0.0485808	24.2063	223	28 	16 	760   	1.43667 
INFO:gp:224	763   	0.580886	224	0.611927	0.350349	763   	0.0461664	24.0938	224	44 	16 	763   	1.28948 
INFO:gp:225	774   	0.579488	225	0.611936	0.299591	774   	0.0473385	23.8201	225	28 	16 	774   	1.40343 
INFO:gp:226	779   	0.580834	226	0.611947	0.361674	779   	0.0465928	23.9277	226	29 	16 	779   	1.21116 
INFO:gp:227	766   	0.579565	227	0.617564	0.345897	766   	0.0462098	23.9404	227	33 	14 	766   	1.47291 
INFO:gp:228	781   	0.579484	228	0.617564	0.2706  	781   	0.0466394	24.1007	228	31 	16 	781   	1.28402 
INFO:gp:229	779   	0.579237	229	0.617564	0.353106	779   	0.0460379	24.1261	229	33 	16 	779   	1.21924 
INFO:gp:230	796   	0.57773 	230	0.617595	0.311676	796   	0.0474152	24.3196	230	44 	17 	796   	1.1932  
INFO:gp:231	775   	0.582137	231	0.617598	0.298209	775   	0.045756 	24.5904	231	30 	16 	775   	1.10158 
INFO:gp:232	773   	0.584267	232	0.617598	0.36861 	773   	0.0450427	24.826 	232	32 	14 	773   	1.18025 
INFO:gp:233	778   	0.5849  	233	0.617598	0.357105	778   	0.0449379	25.0293	233	33 	16 	778   	0.930172
INFO:gp:234	753   	0.58379 	234	0.617609	0.348874	753   	0.0496864	25.1574	234	32 	16 	753   	0.82107 
INFO:gp:235	766   	0.587035	235	0.61766 	0.370785	766   	0.0456237	25.3695	235	34 	22 	766   	0.796086
INFO:gp:236	771   	0.585233	236	0.61766 	0.28007 	771   	0.048127 	25.4819	236	32 	24 	771   	0.680273
INFO:gp:237	775   	0.587468	237	0.61766 	0.374398	775   	0.0446182	25.5425	237	36 	24 	775   	0.822402
INFO:gp:238	786   	0.582003	238	0.617704	0.296012	786   	0.050104 	25.6325	238	32 	20 	786   	0.768263
INFO:gp:239	773   	0.586314	239	0.617704	0.328402	773   	0.0466571	25.7977	239	36 	23 	773   	0.697092
INFO:gp:240	769   	0.584074	240	0.623292	0.379676	769   	0.0474804	25.9179	240	32 	21 	769   	0.71781 
INFO:gp:241	785   	0.586576	241	0.623292	0.321744	785   	0.0445313	25.9404	241	31 	21 	785   	0.613758
INFO:gp:242	758   	0.585939	242	0.623292	0.349055	758   	0.0469593	26.0772	242	36 	22 	758   	0.840623
INFO:gp:243	801   	0.587715	243	0.623303	0.263755	801   	0.0464747	26.2542	243	33 	21 	801   	0.767064
INFO:gp:244	758   	0.586532	244	0.623303	0.368589	758   	0.0469908	26.3568	244	48 	20 	758   	1.16598 
INFO:gp:245	768   	0.588752	245	0.623307	0.33939 	768   	0.0469547	26.1838	245	48 	22 	768   	1.04233 
INFO:gp:246	795   	0.590528	246	0.623307	0.365902	795   	0.0443603	25.9404	246	30 	16 	795   	0.902566
INFO:gp:247	761   	0.592842	247	0.623307	0.309876	761   	0.0441496	25.8935	247	28 	22 	761   	0.680252
INFO:gp:248	776   	0.587913	248	0.623319	0.313104	776   	0.0483785	25.8651	248	28 	22 	776   	0.751268
INFO:gp:249	774   	0.58746 	249	0.623319	0.337118	774   	0.0496802	25.8768	249	36 	22 	774   	0.929836
INFO:gp:250	763   	0.588962	250	0.623319	0.315572	763   	0.048982 	25.912 	250	36 	18 	763   	0.925411
INFO:gp:251	762   	0.590525	251	0.623324	0.373592	762   	0.0459183	25.911 	251	48 	22 	762   	1.01644 
INFO:gp:252	777   	0.589651	252	0.623328	0.331914	777   	0.0474765	25.8856	252	32 	22 	777   	0.72897 
INFO:gp:253	806   	0.590129	253	0.623333	0.298229	806   	0.046961 	25.8876	253	32 	22 	806   	0.71847 
INFO:gp:254	768   	0.592664	254	0.623333	0.331791	768   	0.0436675	25.8749	254	31 	22 	768   	0.722481
INFO:gp:255	764   	0.591464	255	0.623333	0.235061	764   	0.0464364	25.8827	255	35 	22 	764   	0.793377
INFO:gp:256	787   	0.589747	256	0.623336	0.364179	787   	0.0475785	25.9062	256	36 	22 	787   	0.797719
INFO:gp:257	758   	0.589718	257	0.623336	0.344618	758   	0.0479485	25.9101	257	30 	22 	758   	0.617223
INFO:gp:258	781   	0.590434	258	0.623336	0.363814	781   	0.0469109	25.8915	258	36 	22 	781   	0.760046
INFO:gp:259	755   	0.59073 	259	0.623363	0.341673	755   	0.0478484	25.9609	259	48 	22 	755   	0.932961
INFO:gp:260	789   	0.58854 	260	0.623363	0.328206	789   	0.0495228	25.9599	260	34 	22 	789   	0.63566 
INFO:gp:261	776   	0.590657	261	0.623363	0.374414	776   	0.0452294	25.912 	261	33 	20 	776   	0.77855 
INFO:gp:262	755   	0.589859	262	0.623371	0.352199	755   	0.0489505	25.9355	262	36 	22 	755   	0.778337
INFO:gp:263	777   	0.590046	263	0.623377	0.323544	777   	0.047923 	25.8866	263	36 	17 	777   	0.895763
INFO:gp:264	788   	0.589557	264	0.623389	0.381595	788   	0.0453162	25.914 	264	36 	22 	788   	0.841512
INFO:gp:265	790   	0.589286	265	0.623389	0.374079	790   	0.0465546	25.8328	265	33 	16 	790   	0.942334
INFO:gp:266	770   	0.590857	266	0.623389	0.359476	770   	0.0445707	25.957 	266	49 	22 	770   	1.06399 
INFO:gp:267	786   	0.58841 	267	0.623389	0.300685	786   	0.0481908	25.9902	267	30 	22 	786   	0.833032
INFO:gp:268	792   	0.586826	268	0.623412	0.389111	792   	0.0497264	26.1183	268	32 	22 	792   	0.889104
INFO:gp:269	757   	0.590926	269	0.623412	0.377112	757   	0.0454388	26.176 	269	31 	21 	757   	0.940211
INFO:gp:270	781   	0.591909	270	0.623428	0.331165	781   	0.0480206	26.0655	270	31 	20 	781   	0.864535
INFO:gp:271	781   	0.58927 	271	0.623428	0.338415	781   	0.0490485	25.9081	271	28 	22 	781   	0.72611 
INFO:gp:272	767   	0.592445	272	0.62343 	0.381615	767   	0.0440349	25.8847	272	31 	22 	767   	0.688112
INFO:gp:273	772   	0.589084	273	0.623454	0.366644	772   	0.0488924	25.9071	273	31 	22 	772   	0.657447
INFO:gp:274	783   	0.589935	274	0.623454	0.381613	783   	0.0468245	25.8397	274	29 	22 	783   	0.730369
INFO:gp:275	782   	0.586807	275	0.623454	0.325634	782   	0.0503184	25.8612	275	34 	21 	782   	0.766024
INFO:gp:276	799   	0.58973 	276	0.623454	0.284733	799   	0.0480261	25.8192	276	36 	22 	799   	0.863932
INFO:gp:277	787   	0.590714	277	0.623454	0.340562	787   	0.0474065	25.8456	277	31 	14 	787   	0.790707
INFO:gp:278	802   	0.589321	278	0.623454	0.357981	802   	0.0477927	25.8563	278	36 	23 	802   	0.815225
INFO:gp:279	799   	0.590049	279	0.623456	0.318452	799   	0.0469822	25.8104	279	29 	23 	799   	0.783013
INFO:gp:280	780   	0.590436	280	0.623456	0.369336	780   	0.0458092	25.8221	280	30 	21 	780   	0.742259
INFO:gp:281	806   	0.588424	281	0.623456	0.374539	806   	0.0473197	25.8465	281	34 	19 	806   	0.842949
INFO:gp:282	760   	0.592042	282	0.623459	0.29657 	760   	0.0456593	25.8592	282	36 	22 	760   	0.824675
INFO:gp:283	759   	0.593375	283	0.623528	0.332888	759   	0.0458737	25.8407	283	34 	16 	759   	0.836034
INFO:gp:284	778   	0.590123	284	0.623528	0.330282	778   	0.0481894	25.8553	284	31 	16 	778   	0.804793
INFO:gp:285	767   	0.590514	285	0.623528	0.365781	767   	0.0467744	25.869 	285	31 	23 	767   	0.724146
INFO:gp:286	767   	0.590487	286	0.62353 	0.305665	767   	0.0488297	25.8915	286	34 	23 	767   	0.659509
INFO:gp:287	786   	0.591494	287	0.62353 	0.30933 	786   	0.0448081	25.8719	287	30 	23 	786   	0.689415
INFO:gp:288	767   	0.591968	288	0.623535	0.357521	767   	0.0453631	25.87  	288	36 	21 	767   	0.825846
INFO:gp:289	747   	0.591895	289	0.623535	0.370756	747   	0.0457956	25.8993	289	34 	22 	747   	0.725617
INFO:gp:290	810   	0.586963	290	0.630525	0.296741	810   	0.0509353	25.8592	290	30 	23 	810   	0.705882
INFO:gp:291	752   	0.591666	291	0.630525	0.360073	752   	0.0468764	25.8612	291	31 	23 	752   	0.683766
INFO:gp:292	781   	0.591799	292	0.630525	0.300607	781   	0.0462135	25.8661	292	34 	23 	781   	0.681162
INFO:gp:293	752   	0.593167	293	0.630525	0.324054	752   	0.0494375	25.87  	293	48 	16 	752   	1.11056 
INFO:gp:294	774   	0.591581	294	0.630532	0.292571	774   	0.0484063	25.8729	294	36 	23 	774   	0.766784
INFO:gp:295	773   	0.592341	295	0.635705	0.341531	773   	0.0486283	25.8563	295	31 	21 	773   	0.738467
INFO:gp:296	756   	0.59683 	296	0.635705	0.372143	756   	0.0475297	25.9169	296	48 	16 	756   	1.05468 
INFO:gp:297	780   	0.597087	297	0.635705	0.350487	780   	0.0485216	25.8465	297	30 	16 	780   	0.708077
INFO:gp:298	778   	0.595627	298	0.635705	0.276196	778   	0.0501634	25.8827	298	34 	21 	778   	0.676316
INFO:gp:299	784   	0.598157	299	0.635709	0.362022	784   	0.0486123	25.8602	299	34 	16 	784   	0.723175
INFO:gp:300	781   	0.599643	300	0.635709	0.337511	781   	0.0495345	25.871 	300	48 	18 	781   	1.04679 
INFO:gp:301	783   	0.600921	301	0.635709	0.388838	783   	0.0457672	25.8847	301	31 	23 	783   	0.697986
INFO:gp:302	779   	0.598543	302	0.635709	0.345771	779   	0.0503471	25.9032	302	36 	21 	779   	0.789359
INFO:gp:303	764   	0.601427	303	0.635709	0.303275	764   	0.0498389	25.8661	303	34 	21 	764   	0.768803
INFO:gp:304	776   	0.60001 	304	0.635709	0.315915	776   	0.0514312	25.8631	304	36 	22 	776   	0.716269
INFO:gp:305	792   	0.600814	305	0.635738	0.380502	792   	0.0504969	25.8495	305	34 	22 	792   	0.737766
INFO:gp:306	774   	0.601886	306	0.635808	0.343976	774   	0.0484337	25.8514	306	36 	22 	774   	0.839759
INFO:gp:307	776   	0.603594	307	0.635814	0.331253	776   	0.0469947	25.8964	307	48 	22 	776   	0.945751
INFO:gp:308	784   	0.60161 	308	0.635814	0.378739	784   	0.048416 	25.8915	308	36 	23 	784   	0.812269
INFO:gp:309	779   	0.604047	309	0.635814	0.267372	779   	0.0476459	25.8788	309	30 	22 	779   	0.587396
INFO:gp:310	806   	0.600422	310	0.635814	0.306334	806   	0.0488326	25.8221	310	36 	23 	806   	0.858299
INFO:gp:311	784   	0.601344	311	0.635814	0.380505	784   	0.0475316	25.8016	311	31 	23 	784   	0.783953
INFO:gp:312	756   	0.604957	312	0.635814	0.366584	756   	0.0465058	25.8338	312	48 	22 	756   	1.01588 
INFO:gp:313	776   	0.601261	313	0.635814	0.356216	776   	0.0481747	25.8749	313	31 	23 	776   	0.714317
INFO:gp:314	778   	0.604251	314	0.635814	0.343356	778   	0.0458035	25.8583	314	30 	22 	778   	0.679578
INFO:gp:315	802   	0.603243	315	0.635816	0.389516	802   	0.0460157	25.8338	315	31 	23 	802   	0.705896
INFO:gp:316	783   	0.604999	316	0.635869	0.361614	783   	0.0465139	25.8456	316	30 	18 	783   	0.720864
INFO:gp:317	780   	0.60095 	317	0.635869	0.392843	780   	0.0499601	25.8211	317	28 	22 	780   	0.706252
INFO:gp:318	793   	0.600044	318	0.635869	0.355346	793   	0.0510427	25.8622	318	34 	22 	793   	0.756572
INFO:gp:319	774   	0.601975	319	0.635869	0.371908	774   	0.0488017	25.8563	319	36 	17 	774   	0.820007
INFO:gp:320	783   	0.605579	320	0.635869	0.331499	783   	0.0460928	25.8358	320	36 	23 	783   	0.763545
INFO:gp:321	764   	0.605424	321	0.635871	0.360769	764   	0.0459762	25.8876	321	37 	23 	764   	0.727932
INFO:gp:322	799   	0.602018	322	0.635871	0.311447	799   	0.0512638	25.8788	322	48 	23 	799   	0.941583
INFO:gp:323	773   	0.602527	323	0.635871	0.347229	773   	0.0490816	25.8465	323	31 	17 	773   	0.756145
INFO:gp:324	761   	0.600993	324	0.635876	0.37569 	761   	0.0496573	25.8514	324	31 	22 	761   	0.727491
INFO:gp:325	774   	0.603424	325	0.635876	0.329133	774   	0.0473477	25.913 	325	34 	16 	774   	0.751185
INFO:gp:326	799   	0.603518	326	0.635876	0.357505	799   	0.0475138	25.9042	326	33 	20 	799   	0.659254
INFO:gp:327	779   	0.60171 	327	0.635876	0.319567	779   	0.0527489	25.9169	327	36 	23 	779   	0.735856
INFO:gp:328	762   	0.603777	328	0.635878	0.346106	762   	0.0473156	25.9159	328	48 	23 	762   	0.941479
INFO:gp:329	762   	0.604231	329	0.635878	0.384248	762   	0.0456556	25.912 	329	36 	23 	762   	0.660343
INFO:gp:330	761   	0.6041  	330	0.635878	0.374408	761   	0.0480051	25.8602	330	30 	22 	761   	0.674208
INFO:gp:331	767   	0.602816	331	0.635878	0.341633	767   	0.0504555	25.9042	331	31 	18 	767   	0.712006
INFO:gp:332	773   	0.604923	332	0.635879	0.352291	773   	0.0457502	25.9159	332	34 	23 	773   	0.716221
INFO:gp:333	761   	0.604067	333	0.635879	0.34893 	761   	0.0478914	25.8807	333	29 	21 	761   	0.649423
INFO:gp:334	753   	0.603103	334	0.635886	0.340872	753   	0.0507937	25.8602	334	28 	21 	753   	0.66103 
INFO:gp:335	761   	0.601705	335	0.635886	0.379968	761   	0.0500498	25.9013	335	31 	22 	761   	0.65211 
INFO:gp:336	767   	0.606587	336	0.635886	0.342837	767   	0.04734  	25.9189	336	48 	23 	767   	0.918085
INFO:gp:337	781   	0.603188	337	0.635886	0.338111	781   	0.0507748	25.8759	337	34 	23 	781   	0.757648
INFO:gp:338	780   	0.601965	338	0.635886	0.357586	780   	0.0498702	25.912 	338	29 	23 	780   	0.620663
INFO:gp:339	785   	0.600606	339	0.635886	0.371718	785   	0.051321 	25.8915	339	36 	23 	785   	0.800144
INFO:gp:340	779   	0.603251	340	0.635886	0.335077	779   	0.04852  	25.9091	340	34 	23 	779   	0.679648
INFO:gp:341	779   	0.601545	341	0.635887	0.298998	779   	0.0500881	25.9208	341	36 	23 	779   	0.761094
INFO:gp:342	745   	0.604361	342	0.635887	0.353637	745   	0.0491801	25.9052	342	48 	23 	745   	0.934723
INFO:gp:343	776   	0.604368	343	0.635887	0.356296	776   	0.0468743	25.9091	343	30 	20 	776   	0.616287
INFO:gp:344	767   	0.603797	344	0.635887	0.376917	767   	0.0480847	25.9081	344	30 	18 	767   	0.627928
INFO:gp:345	754   	0.606086	345	0.635887	0.429738	754   	0.0438417	25.9717	345	48 	20 	754   	1.0132  
INFO:gp:346	780   	0.604154	346	0.635887	0.333829	780   	0.047888 	25.9198	346	48 	23 	780   	0.959302
INFO:gp:347	772   	0.602319	347	0.635889	0.356275	772   	0.0495369	25.9238	347	36 	23 	772   	0.680731
INFO:gp:348	755   	0.603079	348	0.635889	0.384993	755   	0.0471957	25.9101	348	30 	18 	755   	0.648124
INFO:gp:349	775   	0.601887	349	0.635889	0.373444	775   	0.0492904	25.9345	349	36 	19 	775   	0.771316
INFO:gp:350	775   	0.605417	350	0.635889	0.30463 	775   	0.0458217	25.9081	350	36 	22 	775   	0.746031
INFO:gp:351	781   	0.604235	351	0.635889	0.350358	781   	0.0499824	25.9189	351	30 	21 	781   	0.595081
INFO:gp:352	779   	0.604083	352	0.635889	0.35417 	779   	0.04724  	25.9218	352	36 	23 	779   	0.74234 
INFO:gp:353	756   	0.605439	353	0.635889	0.282316	756   	0.0473845	25.9052	353	33 	23 	756   	0.645158
INFO:gp:354	798   	0.602918	354	0.635889	0.385884	798   	0.0501022	25.8974	354	36 	22 	798   	0.677976
INFO:gp:355	773   	0.603718	355	0.635889	0.326448	773   	0.0494786	25.8954	355	30 	23 	773   	0.610921
INFO:gp:356	796   	0.604892	356	0.635889	0.378544	796   	0.0485723	25.8974	356	48 	23 	796   	0.953577
INFO:gp:357	769   	0.604278	357	0.635889	0.377509	769   	0.0474119	25.8788	357	29 	19 	769   	0.665421
INFO:gp:358	751   	0.605018	358	0.635889	0.354478	751   	0.0475646	25.9238	358	34 	23 	751   	0.631568
INFO:gp:359	774   	0.604225	359	0.635889	0.365497	774   	0.0460367	25.9198	359	48 	22 	774   	0.900433
INFO:gp:360	779   	0.604666	360	0.635889	0.373494	779   	0.0464686	25.9453	360	33 	23 	779   	0.630702
INFO:gp:361	772   	0.606076	361	0.635889	0.313407	772   	0.0443704	25.8915	361	29 	23 	772   	0.590703
INFO:gp:362	778   	0.602728	362	0.635889	0.292373	778   	0.0507623	25.8935	362	34 	17 	778   	0.726126
INFO:gp:363	757   	0.604067	363	0.635889	0.361783	757   	0.0489162	25.9091	363	36 	22 	757   	0.759782
INFO:gp:364	753   	0.60396 	364	0.635889	0.320001	753   	0.0506694	25.8856	364	33 	23 	753   	0.665898
INFO:gp:365	780   	0.602392	365	0.635889	0.315526	780   	0.0499242	25.8974	365	34 	20 	780   	0.755704
INFO:gp:366	767   	0.602864	366	0.635889	0.379714	767   	0.04741  	25.8993	366	33 	23 	767   	0.660748
INFO:gp:367	775   	0.607062	367	0.635889	0.371194	775   	0.0447388	25.9286	367	34 	23 	775   	0.746311
INFO:gp:368	756   	0.605813	368	0.635889	0.385764	756   	0.0473379	25.955 	368	30 	23 	756   	0.573044
INFO:gp:369	756   	0.604734	369	0.635889	0.306222	756   	0.0482913	25.8983	369	29 	19 	756   	0.610616
INFO:gp:370	763   	0.602575	370	0.63589 	0.392453	763   	0.049122 	25.8719	370	29 	18 	763   	0.68372 
INFO:gp:371	774   	0.605185	371	0.63589 	0.295292	774   	0.047944 	25.9345	371	31 	23 	774   	0.606749
INFO:gp:372	780   	0.604052	372	0.63589 	0.269323	780   	0.0487433	25.8925	372	36 	21 	780   	0.697834
INFO:gp:373	768   	0.602817	373	0.63589 	0.328446	768   	0.0497276	25.9189	373	48 	23 	768   	0.94846 
INFO:gp:374	782   	0.603268	374	0.63589 	0.382591	782   	0.0480323	25.9101	374	30 	23 	782   	0.562537
INFO:gp:375	789   	0.603038	375	0.63589 	0.342954	789   	0.0476581	25.9052	375	36 	23 	789   	0.651191
INFO:gp:376	785   	0.602951	376	0.63589 	0.359311	785   	0.049441 	25.871 	376	36 	23 	785   	0.728533
INFO:gp:377	765   	0.600841	377	0.63589 	0.323312	765   	0.0514353	25.8631	377	33 	21 	765   	0.714903
INFO:gp:378	773   	0.603054	378	0.63589 	0.323239	773   	0.0485996	25.9198	378	30 	23 	773   	0.586111
INFO:gp:379	762   	0.604228	379	0.63589 	0.323312	762   	0.0494654	25.9179	379	36 	23 	762   	0.653663
INFO:gp:380	758   	0.605675	380	0.63589 	0.356208	758   	0.0487647	25.9042	380	31 	20 	758   	0.597005
INFO:gp:381	765   	0.605743	381	0.635904	0.366752	765   	0.0439828	25.9355	381	30 	18 	765   	0.609265
INFO:gp:382	784   	0.602311	382	0.635904	0.282762	784   	0.051493 	25.8847	382	48 	18 	784   	1.04932 
INFO:gp:383	805   	0.602531	383	0.635904	0.278082	805   	0.0506364	25.8993	383	36 	23 	805   	0.749473
INFO:gp:384	760   	0.605256	384	0.635911	0.328072	760   	0.0475546	25.911 	384	30 	23 	760   	0.578961
INFO:gp:385	757   	0.602433	385	0.635911	0.27753 	757   	0.0511249	25.9081	385	31 	20 	757   	0.674463
INFO:gp:386	773   	0.604444	386	0.635911	0.3229  	773   	0.0498464	25.9013	386	31 	23 	773   	0.687145
INFO:gp:387	805   	0.602914	387	0.635911	0.380319	805   	0.0480349	25.913 	387	36 	23 	805   	0.839667
INFO:gp:388	770   	0.6027  	388	0.635911	0.388998	770   	0.0499807	25.9257	388	48 	20 	770   	1.07598 
INFO:gp:389	783   	0.603675	389	0.635911	0.376515	783   	0.0487233	25.914 	389	34 	23 	783   	0.61936 
INFO:gp:390	792   	0.602965	390	0.635911	0.385765	792   	0.0485344	25.9101	390	35 	18 	792   	0.795716
INFO:gp:391	780   	0.602698	391	0.635911	0.405726	780   	0.0474241	25.9159	391	33 	23 	780   	0.633668
INFO:gp:392	775   	0.600705	392	0.635911	0.309486	775   	0.0513506	25.8837	392	29 	23 	775   	0.599085
INFO:gp:393	785   	0.605591	393	0.635937	0.325606	785   	0.0480945	25.9022	393	33 	23 	785   	0.71174 
INFO:gp:394	766   	0.599687	394	0.635937	0.317145	766   	0.0509452	25.9335	394	29 	23 	766   	0.53011 
INFO:gp:395	804   	0.604203	395	0.635943	0.343905	804   	0.0482128	25.8915	395	36 	21 	804   	0.812269
INFO:gp:396	811   	0.601227	396	0.635943	0.338572	811   	0.0512089	25.8964	396	28 	18 	811   	0.608683
INFO:gp:397	783   	0.607358	397	0.635943	0.35697 	783   	0.0442801	25.915 	397	34 	23 	783   	0.665885
INFO:gp:398	773   	0.605802	398	0.635943	0.319938	773   	0.045982 	25.8847	398	36 	18 	773   	0.777487
INFO:gp:399	778   	0.604854	399	0.635943	0.35375 	778   	0.0435733	25.9159	399	30 	23 	778   	0.59055 
INFO:gp:400	782   	0.606295	400	0.635952	0.354281	782   	0.0453211	25.9062	400	31 	23 	782   	0.597315
INFO:__main__:Saving model to file: checkpoints/run_26.pth
INFO:util:Train accuracy: 0.6681354359925789 +- 0.036966604823747695
INFO:util:Val accuracy: 0.6681354359925789 +- 0.036966604823747695
INFO:util:Test accuracy: 0.3095238095238095 +- 0.0
INFO:util:Train intra-class: 0.11229793828223547, Train Inter-class: 0.1267332979856978
INFO:util:Val intra-class: 0.11139425218712637, Val Inter-class: 0.12176310522644153
INFO:util:Test intra-class: 0.11287727346129736, Test inter-class: 0.13365814801710293
INFO:plot:Saving t-SNE to file: figures/tsne.png
INFO:plot:Saving t-SNE to file: figures/tsne.png
INFO:plot:Saving tree to file: figures/tree-0.pdf
INFO:plot:Saving tree to file: figures/tree-1.pdf
INFO:plot:Saving tree to file: figures/tree-2.pdf
INFO:plot:Saving tree to file: figures/tree-3.pdf
INFO:plot:Saving tree to file: figures/tree-4.pdf
INFO:plot:Saving tree to file: figures/tree-5.pdf
INFO:plot:Saving tree to file: figures/tree-6.pdf
