2024-11-27 20:16:01,249 - INFO - Starting training pipeline
2024-11-27 20:16:01,249 - INFO - Starting main training phase
2024-11-27 20:16:01,249 - INFO - Loading dataset: species
2024-11-27 20:16:01,249 - INFO - Loading data from: /vol/ecrg-solar/woodj4/fishy-business/data/REIMS.xlsx
2024-11-27 20:16:10,535 - INFO - Loaded data with shape: (306, 2081)
2024-11-27 20:16:10,541 - INFO - Filtered data shape: (108, 2081)
2024-11-27 20:16:10,541 - INFO - Dataset shape after filtering: (108, 2081)
2024-11-27 20:16:10,542 - INFO - Features shape: (108, 2080), Labels shape: (108, 2)
2024-11-27 20:16:10,850 - INFO - Created model: CNN(
  (conv_layers): Sequential(
    (0): Conv1d(1, 32, kernel_size=(3,), stride=(1,), padding=(1,))
    (1): BatchNorm1d(32, eps=1e-05, momentum=0.1, affine=True, track_running_stats=True)
    (2): Conv1d(32, 64, kernel_size=(3,), stride=(1,), padding=(1,))
    (3): BatchNorm1d(64, eps=1e-05, momentum=0.1, affine=True, track_running_stats=True)
    (4): ReLU()
    (5): MaxPool1d(kernel_size=2, stride=2, padding=0, dilation=1, ceil_mode=False)
    (6): Dropout(p=0.2, inplace=False)
    (7): Conv1d(64, 128, kernel_size=(3,), stride=(1,), padding=(1,))
    (8): BatchNorm1d(128, eps=1e-05, momentum=0.1, affine=True, track_running_stats=True)
    (9): Conv1d(128, 256, kernel_size=(3,), stride=(1,), padding=(1,))
    (10): BatchNorm1d(256, eps=1e-05, momentum=0.1, affine=True, track_running_stats=True)
    (11): ReLU()
    (12): MaxPool1d(kernel_size=2, stride=2, padding=0, dilation=1, ceil_mode=False)
  )
  (flatten): Flatten(start_dim=1, end_dim=-1)
  (fc_layers): Sequential(
    (0): Linear(in_features=133120, out_features=256, bias=True)
    (1): ReLU()
    (2): Dropout(p=0.2, inplace=False)
    (3): Linear(in_features=256, out_features=2, bias=True)
  )
)
2024-11-27 20:16:11,116 - INFO - Starting k-fold cross validation training
2024-11-27 20:16:11,123 - INFO - 
Starting Fold 1/5
2024-11-27 20:16:11,126 - INFO - Starting data augmentation with 5 augmentations per sample
2024-11-27 20:16:11,166 - INFO - Augmentation complete. Dataset size increased from 86 to 516 samples
2024-11-27 20:16:11,559 - INFO - Epoch 1: New best validation accuracy: 0.5000
2024-11-27 20:16:11,859 - INFO - Epoch 3: New best validation accuracy: 0.6250
2024-11-27 20:16:12,144 - INFO - Epoch 5
2024-11-27 20:16:12,144 - INFO - Train Loss: 2.4305
2024-11-27 20:16:12,145 - INFO - Val Loss: 1.1682
2024-11-27 20:16:12,145 - INFO - Current Val Accuracy: 0.5833
2024-11-27 20:16:12,145 - INFO - Best Val Accuracy: 0.6250
2024-11-27 20:16:12,860 - INFO - Epoch 10: New best validation accuracy: 0.7500
2024-11-27 20:16:12,860 - INFO - Epoch 10
2024-11-27 20:16:12,860 - INFO - Train Loss: 0.9623
2024-11-27 20:16:12,860 - INFO - Val Loss: 0.7557
2024-11-27 20:16:12,860 - INFO - Current Val Accuracy: 0.7500
2024-11-27 20:16:12,860 - INFO - Best Val Accuracy: 0.7500
2024-11-27 20:16:13,005 - INFO - Epoch 11: New best validation accuracy: 0.9500
2024-11-27 20:16:13,576 - INFO - Epoch 15
2024-11-27 20:16:13,576 - INFO - Train Loss: 0.4739
2024-11-27 20:16:13,576 - INFO - Val Loss: 2.6316
2024-11-27 20:16:13,576 - INFO - Current Val Accuracy: 0.6000
2024-11-27 20:16:13,576 - INFO - Best Val Accuracy: 0.9500
2024-11-27 20:16:14,289 - INFO - Epoch 20
2024-11-27 20:16:14,289 - INFO - Train Loss: 0.3267
2024-11-27 20:16:14,289 - INFO - Val Loss: 0.6239
2024-11-27 20:16:14,289 - INFO - Current Val Accuracy: 0.9500
2024-11-27 20:16:14,289 - INFO - Best Val Accuracy: 0.9500
2024-11-27 20:16:14,433 - INFO - Early stopping triggered after 21 epochs
2024-11-27 20:16:14,433 - INFO - Best validation accuracy: 0.9500
2024-11-27 20:16:14,575 - INFO - Early stopping triggered after 22 epochs
2024-11-27 20:16:14,575 - INFO - Best validation accuracy: 0.9500
2024-11-27 20:16:14,718 - INFO - Early stopping triggered after 23 epochs
2024-11-27 20:16:14,718 - INFO - Best validation accuracy: 0.9500
2024-11-27 20:16:14,861 - INFO - Early stopping triggered after 24 epochs
2024-11-27 20:16:14,861 - INFO - Best validation accuracy: 0.9500
2024-11-27 20:16:15,004 - INFO - Early stopping triggered after 25 epochs
2024-11-27 20:16:15,004 - INFO - Best validation accuracy: 0.9500
2024-11-27 20:16:15,004 - INFO - Epoch 25
2024-11-27 20:16:15,004 - INFO - Train Loss: 0.2709
2024-11-27 20:16:15,004 - INFO - Val Loss: 1.7206
2024-11-27 20:16:15,004 - INFO - Current Val Accuracy: 0.5500
2024-11-27 20:16:15,004 - INFO - Best Val Accuracy: 0.9500
2024-11-27 20:16:15,147 - INFO - Early stopping triggered after 26 epochs
2024-11-27 20:16:15,147 - INFO - Best validation accuracy: 0.9500
2024-11-27 20:16:15,290 - INFO - Early stopping triggered after 27 epochs
2024-11-27 20:16:15,290 - INFO - Best validation accuracy: 0.9500
2024-11-27 20:16:15,433 - INFO - Early stopping triggered after 28 epochs
2024-11-27 20:16:15,433 - INFO - Best validation accuracy: 0.9500
2024-11-27 20:16:15,575 - INFO - Early stopping triggered after 29 epochs
2024-11-27 20:16:15,575 - INFO - Best validation accuracy: 0.9500
2024-11-27 20:16:15,718 - INFO - Early stopping triggered after 30 epochs
2024-11-27 20:16:15,718 - INFO - Best validation accuracy: 0.9500
2024-11-27 20:16:15,718 - INFO - Epoch 30
2024-11-27 20:16:15,718 - INFO - Train Loss: 0.2446
2024-11-27 20:16:15,719 - INFO - Val Loss: 0.5373
2024-11-27 20:16:15,719 - INFO - Current Val Accuracy: 0.7583
2024-11-27 20:16:15,719 - INFO - Best Val Accuracy: 0.9500
2024-11-27 20:16:15,861 - INFO - Early stopping triggered after 31 epochs
2024-11-27 20:16:15,861 - INFO - Best validation accuracy: 0.9500
2024-11-27 20:16:16,004 - INFO - Early stopping triggered after 32 epochs
2024-11-27 20:16:16,004 - INFO - Best validation accuracy: 0.9500
2024-11-27 20:16:16,146 - INFO - Early stopping triggered after 33 epochs
2024-11-27 20:16:16,146 - INFO - Best validation accuracy: 0.9500
2024-11-27 20:16:16,289 - INFO - Early stopping triggered after 34 epochs
2024-11-27 20:16:16,289 - INFO - Best validation accuracy: 0.9500
2024-11-27 20:16:16,432 - INFO - Early stopping triggered after 35 epochs
2024-11-27 20:16:16,432 - INFO - Best validation accuracy: 0.9500
2024-11-27 20:16:16,432 - INFO - Epoch 35
2024-11-27 20:16:16,432 - INFO - Train Loss: 0.2199
2024-11-27 20:16:16,432 - INFO - Val Loss: 0.6156
2024-11-27 20:16:16,432 - INFO - Current Val Accuracy: 0.6000
2024-11-27 20:16:16,432 - INFO - Best Val Accuracy: 0.9500
2024-11-27 20:16:16,575 - INFO - Early stopping triggered after 36 epochs
2024-11-27 20:16:16,575 - INFO - Best validation accuracy: 0.9500
2024-11-27 20:16:16,719 - INFO - Early stopping triggered after 37 epochs
2024-11-27 20:16:16,719 - INFO - Best validation accuracy: 0.9500
2024-11-27 20:16:16,862 - INFO - Early stopping triggered after 38 epochs
2024-11-27 20:16:16,862 - INFO - Best validation accuracy: 0.9500
2024-11-27 20:16:17,005 - INFO - Early stopping triggered after 39 epochs
2024-11-27 20:16:17,005 - INFO - Best validation accuracy: 0.9500
2024-11-27 20:16:17,148 - INFO - Early stopping triggered after 40 epochs
2024-11-27 20:16:17,148 - INFO - Best validation accuracy: 0.9500
2024-11-27 20:16:17,148 - INFO - Epoch 40
2024-11-27 20:16:17,148 - INFO - Train Loss: 0.2401
2024-11-27 20:16:17,148 - INFO - Val Loss: 0.7256
2024-11-27 20:16:17,148 - INFO - Current Val Accuracy: 0.6000
2024-11-27 20:16:17,148 - INFO - Best Val Accuracy: 0.9500
2024-11-27 20:16:17,291 - INFO - Early stopping triggered after 41 epochs
2024-11-27 20:16:17,291 - INFO - Best validation accuracy: 0.9500
2024-11-27 20:16:17,434 - INFO - Early stopping triggered after 42 epochs
2024-11-27 20:16:17,434 - INFO - Best validation accuracy: 0.9500
2024-11-27 20:16:17,577 - INFO - Early stopping triggered after 43 epochs
2024-11-27 20:16:17,578 - INFO - Best validation accuracy: 0.9500
2024-11-27 20:16:17,721 - INFO - Early stopping triggered after 44 epochs
2024-11-27 20:16:17,721 - INFO - Best validation accuracy: 0.9500
2024-11-27 20:16:17,864 - INFO - Early stopping triggered after 45 epochs
2024-11-27 20:16:17,864 - INFO - Best validation accuracy: 0.9500
2024-11-27 20:16:17,864 - INFO - Epoch 45
2024-11-27 20:16:17,864 - INFO - Train Loss: 0.2303
2024-11-27 20:16:17,864 - INFO - Val Loss: 0.5753
2024-11-27 20:16:17,864 - INFO - Current Val Accuracy: 0.7500
2024-11-27 20:16:17,864 - INFO - Best Val Accuracy: 0.9500
2024-11-27 20:16:18,007 - INFO - Early stopping triggered after 46 epochs
2024-11-27 20:16:18,007 - INFO - Best validation accuracy: 0.9500
2024-11-27 20:16:18,149 - INFO - Early stopping triggered after 47 epochs
2024-11-27 20:16:18,149 - INFO - Best validation accuracy: 0.9500
2024-11-27 20:16:18,292 - INFO - Early stopping triggered after 48 epochs
2024-11-27 20:16:18,292 - INFO - Best validation accuracy: 0.9500
2024-11-27 20:16:18,435 - INFO - Early stopping triggered after 49 epochs
2024-11-27 20:16:18,435 - INFO - Best validation accuracy: 0.9500
2024-11-27 20:16:18,579 - INFO - Early stopping triggered after 50 epochs
2024-11-27 20:16:18,579 - INFO - Best validation accuracy: 0.9500
2024-11-27 20:16:18,579 - INFO - Epoch 50
2024-11-27 20:16:18,579 - INFO - Train Loss: 0.2370
2024-11-27 20:16:18,579 - INFO - Val Loss: 0.6630
2024-11-27 20:16:18,579 - INFO - Current Val Accuracy: 0.6583
2024-11-27 20:16:18,579 - INFO - Best Val Accuracy: 0.9500
2024-11-27 20:16:18,722 - INFO - Early stopping triggered after 51 epochs
2024-11-27 20:16:18,722 - INFO - Best validation accuracy: 0.9500
2024-11-27 20:16:18,865 - INFO - Early stopping triggered after 52 epochs
2024-11-27 20:16:18,865 - INFO - Best validation accuracy: 0.9500
2024-11-27 20:16:19,007 - INFO - Early stopping triggered after 53 epochs
2024-11-27 20:16:19,007 - INFO - Best validation accuracy: 0.9500
2024-11-27 20:16:19,150 - INFO - Early stopping triggered after 54 epochs
2024-11-27 20:16:19,150 - INFO - Best validation accuracy: 0.9500
2024-11-27 20:16:19,293 - INFO - Early stopping triggered after 55 epochs
2024-11-27 20:16:19,293 - INFO - Best validation accuracy: 0.9500
2024-11-27 20:16:19,293 - INFO - Epoch 55
2024-11-27 20:16:19,293 - INFO - Train Loss: 0.2244
2024-11-27 20:16:19,293 - INFO - Val Loss: 0.8769
2024-11-27 20:16:19,293 - INFO - Current Val Accuracy: 0.5500
2024-11-27 20:16:19,293 - INFO - Best Val Accuracy: 0.9500
2024-11-27 20:16:19,436 - INFO - Early stopping triggered after 56 epochs
2024-11-27 20:16:19,436 - INFO - Best validation accuracy: 0.9500
2024-11-27 20:16:19,579 - INFO - Early stopping triggered after 57 epochs
2024-11-27 20:16:19,579 - INFO - Best validation accuracy: 0.9500
2024-11-27 20:16:19,721 - INFO - Early stopping triggered after 58 epochs
2024-11-27 20:16:19,721 - INFO - Best validation accuracy: 0.9500
2024-11-27 20:16:19,864 - INFO - Early stopping triggered after 59 epochs
2024-11-27 20:16:19,864 - INFO - Best validation accuracy: 0.9500
2024-11-27 20:16:20,006 - INFO - Early stopping triggered after 60 epochs
2024-11-27 20:16:20,006 - INFO - Best validation accuracy: 0.9500
2024-11-27 20:16:20,007 - INFO - Epoch 60
2024-11-27 20:16:20,007 - INFO - Train Loss: 0.2205
2024-11-27 20:16:20,007 - INFO - Val Loss: 0.6082
2024-11-27 20:16:20,007 - INFO - Current Val Accuracy: 0.6000
2024-11-27 20:16:20,007 - INFO - Best Val Accuracy: 0.9500
2024-11-27 20:16:20,150 - INFO - Early stopping triggered after 61 epochs
2024-11-27 20:16:20,150 - INFO - Best validation accuracy: 0.9500
2024-11-27 20:16:20,293 - INFO - Early stopping triggered after 62 epochs
2024-11-27 20:16:20,293 - INFO - Best validation accuracy: 0.9500
2024-11-27 20:16:20,436 - INFO - Early stopping triggered after 63 epochs
2024-11-27 20:16:20,436 - INFO - Best validation accuracy: 0.9500
2024-11-27 20:16:20,579 - INFO - Early stopping triggered after 64 epochs
2024-11-27 20:16:20,579 - INFO - Best validation accuracy: 0.9500
2024-11-27 20:16:20,722 - INFO - Early stopping triggered after 65 epochs
2024-11-27 20:16:20,722 - INFO - Best validation accuracy: 0.9500
2024-11-27 20:16:20,722 - INFO - Epoch 65
2024-11-27 20:16:20,722 - INFO - Train Loss: 0.2137
2024-11-27 20:16:20,722 - INFO - Val Loss: 0.7051
2024-11-27 20:16:20,722 - INFO - Current Val Accuracy: 0.6000
2024-11-27 20:16:20,722 - INFO - Best Val Accuracy: 0.9500
2024-11-27 20:16:20,864 - INFO - Early stopping triggered after 66 epochs
2024-11-27 20:16:20,864 - INFO - Best validation accuracy: 0.9500
2024-11-27 20:16:21,007 - INFO - Early stopping triggered after 67 epochs
2024-11-27 20:16:21,007 - INFO - Best validation accuracy: 0.9500
2024-11-27 20:16:21,149 - INFO - Early stopping triggered after 68 epochs
2024-11-27 20:16:21,149 - INFO - Best validation accuracy: 0.9500
2024-11-27 20:16:21,292 - INFO - Early stopping triggered after 69 epochs
2024-11-27 20:16:21,292 - INFO - Best validation accuracy: 0.9500
2024-11-27 20:16:21,436 - INFO - Early stopping triggered after 70 epochs
2024-11-27 20:16:21,436 - INFO - Best validation accuracy: 0.9500
2024-11-27 20:16:21,436 - INFO - Epoch 70
2024-11-27 20:16:21,436 - INFO - Train Loss: 0.2169
2024-11-27 20:16:21,436 - INFO - Val Loss: 0.6371
2024-11-27 20:16:21,436 - INFO - Current Val Accuracy: 0.6000
2024-11-27 20:16:21,436 - INFO - Best Val Accuracy: 0.9500
2024-11-27 20:16:21,579 - INFO - Early stopping triggered after 71 epochs
2024-11-27 20:16:21,579 - INFO - Best validation accuracy: 0.9500
2024-11-27 20:16:21,722 - INFO - Early stopping triggered after 72 epochs
2024-11-27 20:16:21,722 - INFO - Best validation accuracy: 0.9500
2024-11-27 20:16:21,865 - INFO - Early stopping triggered after 73 epochs
2024-11-27 20:16:21,865 - INFO - Best validation accuracy: 0.9500
2024-11-27 20:16:22,008 - INFO - Early stopping triggered after 74 epochs
2024-11-27 20:16:22,008 - INFO - Best validation accuracy: 0.9500
2024-11-27 20:16:22,151 - INFO - Early stopping triggered after 75 epochs
2024-11-27 20:16:22,151 - INFO - Best validation accuracy: 0.9500
2024-11-27 20:16:22,151 - INFO - Epoch 75
2024-11-27 20:16:22,151 - INFO - Train Loss: 0.2096
2024-11-27 20:16:22,151 - INFO - Val Loss: 0.5943
2024-11-27 20:16:22,151 - INFO - Current Val Accuracy: 0.5500
2024-11-27 20:16:22,151 - INFO - Best Val Accuracy: 0.9500
2024-11-27 20:16:22,294 - INFO - Early stopping triggered after 76 epochs
2024-11-27 20:16:22,294 - INFO - Best validation accuracy: 0.9500
2024-11-27 20:16:22,437 - INFO - Early stopping triggered after 77 epochs
2024-11-27 20:16:22,437 - INFO - Best validation accuracy: 0.9500
2024-11-27 20:16:22,580 - INFO - Early stopping triggered after 78 epochs
2024-11-27 20:16:22,580 - INFO - Best validation accuracy: 0.9500
2024-11-27 20:16:22,722 - INFO - Early stopping triggered after 79 epochs
2024-11-27 20:16:22,723 - INFO - Best validation accuracy: 0.9500
2024-11-27 20:16:22,866 - INFO - Early stopping triggered after 80 epochs
2024-11-27 20:16:22,866 - INFO - Best validation accuracy: 0.9500
2024-11-27 20:16:22,866 - INFO - Epoch 80
2024-11-27 20:16:22,866 - INFO - Train Loss: 0.2115
2024-11-27 20:16:22,866 - INFO - Val Loss: 0.4951
2024-11-27 20:16:22,866 - INFO - Current Val Accuracy: 0.6500
2024-11-27 20:16:22,866 - INFO - Best Val Accuracy: 0.9500
2024-11-27 20:16:23,009 - INFO - Early stopping triggered after 81 epochs
2024-11-27 20:16:23,009 - INFO - Best validation accuracy: 0.9500
2024-11-27 20:16:23,152 - INFO - Early stopping triggered after 82 epochs
2024-11-27 20:16:23,152 - INFO - Best validation accuracy: 0.9500
2024-11-27 20:16:23,295 - INFO - Early stopping triggered after 83 epochs
2024-11-27 20:16:23,295 - INFO - Best validation accuracy: 0.9500
2024-11-27 20:16:23,438 - INFO - Early stopping triggered after 84 epochs
2024-11-27 20:16:23,438 - INFO - Best validation accuracy: 0.9500
2024-11-27 20:16:23,581 - INFO - Early stopping triggered after 85 epochs
2024-11-27 20:16:23,581 - INFO - Best validation accuracy: 0.9500
2024-11-27 20:16:23,581 - INFO - Epoch 85
2024-11-27 20:16:23,581 - INFO - Train Loss: 0.2173
2024-11-27 20:16:23,581 - INFO - Val Loss: 0.4732
2024-11-27 20:16:23,581 - INFO - Current Val Accuracy: 0.6500
2024-11-27 20:16:23,581 - INFO - Best Val Accuracy: 0.9500
2024-11-27 20:16:23,724 - INFO - Early stopping triggered after 86 epochs
2024-11-27 20:16:23,724 - INFO - Best validation accuracy: 0.9500
2024-11-27 20:16:23,867 - INFO - Early stopping triggered after 87 epochs
2024-11-27 20:16:23,867 - INFO - Best validation accuracy: 0.9500
2024-11-27 20:16:24,010 - INFO - Early stopping triggered after 88 epochs
2024-11-27 20:16:24,010 - INFO - Best validation accuracy: 0.9500
2024-11-27 20:16:24,154 - INFO - Early stopping triggered after 89 epochs
2024-11-27 20:16:24,154 - INFO - Best validation accuracy: 0.9500
2024-11-27 20:16:24,296 - INFO - Early stopping triggered after 90 epochs
2024-11-27 20:16:24,296 - INFO - Best validation accuracy: 0.9500
2024-11-27 20:16:24,296 - INFO - Epoch 90
2024-11-27 20:16:24,296 - INFO - Train Loss: 0.2099
2024-11-27 20:16:24,296 - INFO - Val Loss: 0.3970
2024-11-27 20:16:24,296 - INFO - Current Val Accuracy: 0.9500
2024-11-27 20:16:24,296 - INFO - Best Val Accuracy: 0.9500
2024-11-27 20:16:24,439 - INFO - Early stopping triggered after 91 epochs
2024-11-27 20:16:24,439 - INFO - Best validation accuracy: 0.9500
2024-11-27 20:16:24,582 - INFO - Early stopping triggered after 92 epochs
2024-11-27 20:16:24,582 - INFO - Best validation accuracy: 0.9500
2024-11-27 20:16:24,725 - INFO - Early stopping triggered after 93 epochs
2024-11-27 20:16:24,725 - INFO - Best validation accuracy: 0.9500
2024-11-27 20:16:24,868 - INFO - Early stopping triggered after 94 epochs
2024-11-27 20:16:24,868 - INFO - Best validation accuracy: 0.9500
2024-11-27 20:16:25,011 - INFO - Early stopping triggered after 95 epochs
2024-11-27 20:16:25,011 - INFO - Best validation accuracy: 0.9500
2024-11-27 20:16:25,011 - INFO - Epoch 95
2024-11-27 20:16:25,012 - INFO - Train Loss: 0.2197
2024-11-27 20:16:25,012 - INFO - Val Loss: 0.4715
2024-11-27 20:16:25,012 - INFO - Current Val Accuracy: 0.8500
2024-11-27 20:16:25,012 - INFO - Best Val Accuracy: 0.9500
2024-11-27 20:16:25,154 - INFO - Early stopping triggered after 96 epochs
2024-11-27 20:16:25,154 - INFO - Best validation accuracy: 0.9500
2024-11-27 20:16:25,297 - INFO - Early stopping triggered after 97 epochs
2024-11-27 20:16:25,297 - INFO - Best validation accuracy: 0.9500
2024-11-27 20:16:25,440 - INFO - Early stopping triggered after 98 epochs
2024-11-27 20:16:25,440 - INFO - Best validation accuracy: 0.9500
2024-11-27 20:16:25,583 - INFO - Early stopping triggered after 99 epochs
2024-11-27 20:16:25,583 - INFO - Best validation accuracy: 0.9500
2024-11-27 20:16:25,725 - INFO - Early stopping triggered after 100 epochs
2024-11-27 20:16:25,725 - INFO - Best validation accuracy: 0.9500
2024-11-27 20:16:25,725 - INFO - Epoch 100
2024-11-27 20:16:25,725 - INFO - Train Loss: 0.2131
2024-11-27 20:16:25,725 - INFO - Val Loss: 0.5311
2024-11-27 20:16:25,725 - INFO - Current Val Accuracy: 0.6000
2024-11-27 20:16:25,726 - INFO - Best Val Accuracy: 0.9500
2024-11-27 20:16:25,728 - INFO - 
New best overall accuracy: 0.9500 (Fold 1)
2024-11-27 20:16:25,728 - INFO - 
Starting Fold 2/5
2024-11-27 20:16:25,731 - INFO - Starting data augmentation with 5 augmentations per sample
2024-11-27 20:16:25,772 - INFO - Augmentation complete. Dataset size increased from 86 to 516 samples
2024-11-27 20:16:25,926 - INFO - Epoch 1: New best validation accuracy: 0.5000
2024-11-27 20:16:26,495 - INFO - Epoch 5
2024-11-27 20:16:26,495 - INFO - Train Loss: 2.7067
2024-11-27 20:16:26,495 - INFO - Val Loss: 1.6875
2024-11-27 20:16:26,496 - INFO - Current Val Accuracy: 0.5000
2024-11-27 20:16:26,496 - INFO - Best Val Accuracy: 0.5000
2024-11-27 20:16:26,640 - INFO - Epoch 6: New best validation accuracy: 0.5750
2024-11-27 20:16:26,784 - INFO - Epoch 7: New best validation accuracy: 0.8667
2024-11-27 20:16:27,213 - INFO - Epoch 10: New best validation accuracy: 1.0000
2024-11-27 20:16:27,214 - INFO - Achieved perfect validation accuracy!
2024-11-27 20:16:27,214 - INFO - Current metrics:
2024-11-27 20:16:27,214 - INFO - balanced_accuracy: 1.0000
2024-11-27 20:16:27,214 - INFO - precision: 1.0000
2024-11-27 20:16:27,214 - INFO - recall: 1.0000
2024-11-27 20:16:27,214 - INFO - f1: 1.0000
2024-11-27 20:16:27,214 - INFO - auc_roc: 1.0000
2024-11-27 20:16:27,214 - INFO - Epoch 10
2024-11-27 20:16:27,214 - INFO - Train Loss: 0.7290
2024-11-27 20:16:27,214 - INFO - Val Loss: 0.2606
2024-11-27 20:16:27,214 - INFO - Current Val Accuracy: 1.0000
2024-11-27 20:16:27,214 - INFO - Best Val Accuracy: 1.0000
2024-11-27 20:16:27,924 - INFO - Epoch 15
2024-11-27 20:16:27,925 - INFO - Train Loss: 0.4159
2024-11-27 20:16:27,925 - INFO - Val Loss: 1.0208
2024-11-27 20:16:27,925 - INFO - Current Val Accuracy: 0.6500
2024-11-27 20:16:27,925 - INFO - Best Val Accuracy: 1.0000
2024-11-27 20:16:28,636 - INFO - Early stopping triggered after 20 epochs
2024-11-27 20:16:28,636 - INFO - Best validation accuracy: 1.0000
2024-11-27 20:16:28,636 - INFO - Epoch 20
2024-11-27 20:16:28,636 - INFO - Train Loss: 0.3150
2024-11-27 20:16:28,636 - INFO - Val Loss: 0.4322
2024-11-27 20:16:28,636 - INFO - Current Val Accuracy: 0.9500
2024-11-27 20:16:28,636 - INFO - Best Val Accuracy: 1.0000
2024-11-27 20:16:28,778 - INFO - Early stopping triggered after 21 epochs
2024-11-27 20:16:28,778 - INFO - Best validation accuracy: 1.0000
2024-11-27 20:16:28,921 - INFO - Early stopping triggered after 22 epochs
2024-11-27 20:16:28,921 - INFO - Best validation accuracy: 1.0000
2024-11-27 20:16:29,063 - INFO - Early stopping triggered after 23 epochs
2024-11-27 20:16:29,063 - INFO - Best validation accuracy: 1.0000
2024-11-27 20:16:29,206 - INFO - Early stopping triggered after 24 epochs
2024-11-27 20:16:29,206 - INFO - Best validation accuracy: 1.0000
2024-11-27 20:16:29,348 - INFO - Early stopping triggered after 25 epochs
2024-11-27 20:16:29,348 - INFO - Best validation accuracy: 1.0000
2024-11-27 20:16:29,348 - INFO - Epoch 25
2024-11-27 20:16:29,348 - INFO - Train Loss: 0.2704
2024-11-27 20:16:29,348 - INFO - Val Loss: 0.4837
2024-11-27 20:16:29,348 - INFO - Current Val Accuracy: 0.7500
2024-11-27 20:16:29,348 - INFO - Best Val Accuracy: 1.0000
2024-11-27 20:16:29,491 - INFO - Early stopping triggered after 26 epochs
2024-11-27 20:16:29,491 - INFO - Best validation accuracy: 1.0000
2024-11-27 20:16:29,633 - INFO - Early stopping triggered after 27 epochs
2024-11-27 20:16:29,633 - INFO - Best validation accuracy: 1.0000
2024-11-27 20:16:29,775 - INFO - Early stopping triggered after 28 epochs
2024-11-27 20:16:29,775 - INFO - Best validation accuracy: 1.0000
2024-11-27 20:16:29,918 - INFO - Early stopping triggered after 29 epochs
2024-11-27 20:16:29,918 - INFO - Best validation accuracy: 1.0000
2024-11-27 20:16:30,060 - INFO - Early stopping triggered after 30 epochs
2024-11-27 20:16:30,060 - INFO - Best validation accuracy: 1.0000
2024-11-27 20:16:30,060 - INFO - Epoch 30
2024-11-27 20:16:30,060 - INFO - Train Loss: 0.2419
2024-11-27 20:16:30,060 - INFO - Val Loss: 0.6426
2024-11-27 20:16:30,060 - INFO - Current Val Accuracy: 0.6000
2024-11-27 20:16:30,060 - INFO - Best Val Accuracy: 1.0000
2024-11-27 20:16:30,202 - INFO - Early stopping triggered after 31 epochs
2024-11-27 20:16:30,203 - INFO - Best validation accuracy: 1.0000
2024-11-27 20:16:30,345 - INFO - Early stopping triggered after 32 epochs
2024-11-27 20:16:30,345 - INFO - Best validation accuracy: 1.0000
2024-11-27 20:16:30,487 - INFO - Early stopping triggered after 33 epochs
2024-11-27 20:16:30,487 - INFO - Best validation accuracy: 1.0000
2024-11-27 20:16:30,629 - INFO - Early stopping triggered after 34 epochs
2024-11-27 20:16:30,629 - INFO - Best validation accuracy: 1.0000
2024-11-27 20:16:30,771 - INFO - Early stopping triggered after 35 epochs
2024-11-27 20:16:30,771 - INFO - Best validation accuracy: 1.0000
2024-11-27 20:16:30,772 - INFO - Epoch 35
2024-11-27 20:16:30,772 - INFO - Train Loss: 0.2232
2024-11-27 20:16:30,772 - INFO - Val Loss: 0.4962
2024-11-27 20:16:30,772 - INFO - Current Val Accuracy: 0.7000
2024-11-27 20:16:30,772 - INFO - Best Val Accuracy: 1.0000
2024-11-27 20:16:30,914 - INFO - Early stopping triggered after 36 epochs
2024-11-27 20:16:30,914 - INFO - Best validation accuracy: 1.0000
2024-11-27 20:16:31,056 - INFO - Early stopping triggered after 37 epochs
2024-11-27 20:16:31,056 - INFO - Best validation accuracy: 1.0000
2024-11-27 20:16:31,199 - INFO - Early stopping triggered after 38 epochs
2024-11-27 20:16:31,199 - INFO - Best validation accuracy: 1.0000
2024-11-27 20:16:31,341 - INFO - Early stopping triggered after 39 epochs
2024-11-27 20:16:31,341 - INFO - Best validation accuracy: 1.0000
2024-11-27 20:16:31,484 - INFO - Early stopping triggered after 40 epochs
2024-11-27 20:16:31,484 - INFO - Best validation accuracy: 1.0000
2024-11-27 20:16:31,484 - INFO - Epoch 40
2024-11-27 20:16:31,484 - INFO - Train Loss: 0.2153
2024-11-27 20:16:31,484 - INFO - Val Loss: 0.5857
2024-11-27 20:16:31,484 - INFO - Current Val Accuracy: 0.6500
2024-11-27 20:16:31,484 - INFO - Best Val Accuracy: 1.0000
2024-11-27 20:16:31,629 - INFO - Early stopping triggered after 41 epochs
2024-11-27 20:16:31,629 - INFO - Best validation accuracy: 1.0000
2024-11-27 20:16:31,771 - INFO - Early stopping triggered after 42 epochs
2024-11-27 20:16:31,772 - INFO - Best validation accuracy: 1.0000
2024-11-27 20:16:31,914 - INFO - Early stopping triggered after 43 epochs
2024-11-27 20:16:31,914 - INFO - Best validation accuracy: 1.0000
2024-11-27 20:16:32,057 - INFO - Early stopping triggered after 44 epochs
2024-11-27 20:16:32,057 - INFO - Best validation accuracy: 1.0000
2024-11-27 20:16:32,199 - INFO - Early stopping triggered after 45 epochs
2024-11-27 20:16:32,199 - INFO - Best validation accuracy: 1.0000
2024-11-27 20:16:32,199 - INFO - Epoch 45
2024-11-27 20:16:32,200 - INFO - Train Loss: 0.2302
2024-11-27 20:16:32,200 - INFO - Val Loss: 0.7078
2024-11-27 20:16:32,200 - INFO - Current Val Accuracy: 0.6000
2024-11-27 20:16:32,200 - INFO - Best Val Accuracy: 1.0000
2024-11-27 20:16:32,342 - INFO - Early stopping triggered after 46 epochs
2024-11-27 20:16:32,342 - INFO - Best validation accuracy: 1.0000
2024-11-27 20:16:32,485 - INFO - Early stopping triggered after 47 epochs
2024-11-27 20:16:32,485 - INFO - Best validation accuracy: 1.0000
2024-11-27 20:16:32,628 - INFO - Early stopping triggered after 48 epochs
2024-11-27 20:16:32,628 - INFO - Best validation accuracy: 1.0000
2024-11-27 20:16:32,770 - INFO - Early stopping triggered after 49 epochs
2024-11-27 20:16:32,770 - INFO - Best validation accuracy: 1.0000
2024-11-27 20:16:32,913 - INFO - Early stopping triggered after 50 epochs
2024-11-27 20:16:32,913 - INFO - Best validation accuracy: 1.0000
2024-11-27 20:16:32,913 - INFO - Epoch 50
2024-11-27 20:16:32,913 - INFO - Train Loss: 0.2171
2024-11-27 20:16:32,913 - INFO - Val Loss: 0.7366
2024-11-27 20:16:32,913 - INFO - Current Val Accuracy: 0.6500
2024-11-27 20:16:32,913 - INFO - Best Val Accuracy: 1.0000
2024-11-27 20:16:33,056 - INFO - Early stopping triggered after 51 epochs
2024-11-27 20:16:33,056 - INFO - Best validation accuracy: 1.0000
2024-11-27 20:16:33,198 - INFO - Early stopping triggered after 52 epochs
2024-11-27 20:16:33,198 - INFO - Best validation accuracy: 1.0000
2024-11-27 20:16:33,341 - INFO - Early stopping triggered after 53 epochs
2024-11-27 20:16:33,341 - INFO - Best validation accuracy: 1.0000
2024-11-27 20:16:33,483 - INFO - Early stopping triggered after 54 epochs
2024-11-27 20:16:33,483 - INFO - Best validation accuracy: 1.0000
2024-11-27 20:16:33,626 - INFO - Early stopping triggered after 55 epochs
2024-11-27 20:16:33,626 - INFO - Best validation accuracy: 1.0000
2024-11-27 20:16:33,626 - INFO - Epoch 55
2024-11-27 20:16:33,626 - INFO - Train Loss: 0.2175
2024-11-27 20:16:33,626 - INFO - Val Loss: 1.0673
2024-11-27 20:16:33,626 - INFO - Current Val Accuracy: 0.5500
2024-11-27 20:16:33,626 - INFO - Best Val Accuracy: 1.0000
2024-11-27 20:16:33,768 - INFO - Early stopping triggered after 56 epochs
2024-11-27 20:16:33,768 - INFO - Best validation accuracy: 1.0000
2024-11-27 20:16:33,911 - INFO - Early stopping triggered after 57 epochs
2024-11-27 20:16:33,911 - INFO - Best validation accuracy: 1.0000
2024-11-27 20:16:34,053 - INFO - Early stopping triggered after 58 epochs
2024-11-27 20:16:34,053 - INFO - Best validation accuracy: 1.0000
2024-11-27 20:16:34,196 - INFO - Early stopping triggered after 59 epochs
2024-11-27 20:16:34,196 - INFO - Best validation accuracy: 1.0000
2024-11-27 20:16:34,339 - INFO - Early stopping triggered after 60 epochs
2024-11-27 20:16:34,339 - INFO - Best validation accuracy: 1.0000
2024-11-27 20:16:34,339 - INFO - Epoch 60
2024-11-27 20:16:34,339 - INFO - Train Loss: 0.2124
2024-11-27 20:16:34,339 - INFO - Val Loss: 0.9523
2024-11-27 20:16:34,339 - INFO - Current Val Accuracy: 0.6000
2024-11-27 20:16:34,339 - INFO - Best Val Accuracy: 1.0000
2024-11-27 20:16:34,481 - INFO - Early stopping triggered after 61 epochs
2024-11-27 20:16:34,481 - INFO - Best validation accuracy: 1.0000
2024-11-27 20:16:34,624 - INFO - Early stopping triggered after 62 epochs
2024-11-27 20:16:34,624 - INFO - Best validation accuracy: 1.0000
2024-11-27 20:16:34,766 - INFO - Early stopping triggered after 63 epochs
2024-11-27 20:16:34,766 - INFO - Best validation accuracy: 1.0000
2024-11-27 20:16:34,909 - INFO - Early stopping triggered after 64 epochs
2024-11-27 20:16:34,909 - INFO - Best validation accuracy: 1.0000
2024-11-27 20:16:35,052 - INFO - Early stopping triggered after 65 epochs
2024-11-27 20:16:35,052 - INFO - Best validation accuracy: 1.0000
2024-11-27 20:16:35,052 - INFO - Epoch 65
2024-11-27 20:16:35,052 - INFO - Train Loss: 0.2223
2024-11-27 20:16:35,052 - INFO - Val Loss: 1.1495
2024-11-27 20:16:35,052 - INFO - Current Val Accuracy: 0.5500
2024-11-27 20:16:35,052 - INFO - Best Val Accuracy: 1.0000
2024-11-27 20:16:35,195 - INFO - Early stopping triggered after 66 epochs
2024-11-27 20:16:35,195 - INFO - Best validation accuracy: 1.0000
2024-11-27 20:16:35,337 - INFO - Early stopping triggered after 67 epochs
2024-11-27 20:16:35,337 - INFO - Best validation accuracy: 1.0000
2024-11-27 20:16:35,480 - INFO - Early stopping triggered after 68 epochs
2024-11-27 20:16:35,480 - INFO - Best validation accuracy: 1.0000
2024-11-27 20:16:35,622 - INFO - Early stopping triggered after 69 epochs
2024-11-27 20:16:35,623 - INFO - Best validation accuracy: 1.0000
2024-11-27 20:16:35,765 - INFO - Early stopping triggered after 70 epochs
2024-11-27 20:16:35,765 - INFO - Best validation accuracy: 1.0000
2024-11-27 20:16:35,765 - INFO - Epoch 70
2024-11-27 20:16:35,765 - INFO - Train Loss: 0.2168
2024-11-27 20:16:35,765 - INFO - Val Loss: 1.2572
2024-11-27 20:16:35,765 - INFO - Current Val Accuracy: 0.5500
2024-11-27 20:16:35,765 - INFO - Best Val Accuracy: 1.0000
2024-11-27 20:16:35,908 - INFO - Early stopping triggered after 71 epochs
2024-11-27 20:16:35,908 - INFO - Best validation accuracy: 1.0000
2024-11-27 20:16:36,050 - INFO - Early stopping triggered after 72 epochs
2024-11-27 20:16:36,050 - INFO - Best validation accuracy: 1.0000
2024-11-27 20:16:36,193 - INFO - Early stopping triggered after 73 epochs
2024-11-27 20:16:36,193 - INFO - Best validation accuracy: 1.0000
2024-11-27 20:16:36,336 - INFO - Early stopping triggered after 74 epochs
2024-11-27 20:16:36,336 - INFO - Best validation accuracy: 1.0000
2024-11-27 20:16:36,478 - INFO - Early stopping triggered after 75 epochs
2024-11-27 20:16:36,479 - INFO - Best validation accuracy: 1.0000
2024-11-27 20:16:36,479 - INFO - Epoch 75
2024-11-27 20:16:36,479 - INFO - Train Loss: 0.2127
2024-11-27 20:16:36,479 - INFO - Val Loss: 1.2779
2024-11-27 20:16:36,479 - INFO - Current Val Accuracy: 0.5500
2024-11-27 20:16:36,479 - INFO - Best Val Accuracy: 1.0000
2024-11-27 20:16:36,621 - INFO - Early stopping triggered after 76 epochs
2024-11-27 20:16:36,621 - INFO - Best validation accuracy: 1.0000
2024-11-27 20:16:36,764 - INFO - Early stopping triggered after 77 epochs
2024-11-27 20:16:36,764 - INFO - Best validation accuracy: 1.0000
2024-11-27 20:16:36,907 - INFO - Early stopping triggered after 78 epochs
2024-11-27 20:16:36,907 - INFO - Best validation accuracy: 1.0000
2024-11-27 20:16:37,050 - INFO - Early stopping triggered after 79 epochs
2024-11-27 20:16:37,050 - INFO - Best validation accuracy: 1.0000
2024-11-27 20:16:37,192 - INFO - Early stopping triggered after 80 epochs
2024-11-27 20:16:37,192 - INFO - Best validation accuracy: 1.0000
2024-11-27 20:16:37,192 - INFO - Epoch 80
2024-11-27 20:16:37,192 - INFO - Train Loss: 0.2134
2024-11-27 20:16:37,192 - INFO - Val Loss: 1.1387
2024-11-27 20:16:37,192 - INFO - Current Val Accuracy: 0.6000
2024-11-27 20:16:37,192 - INFO - Best Val Accuracy: 1.0000
2024-11-27 20:16:37,335 - INFO - Early stopping triggered after 81 epochs
2024-11-27 20:16:37,335 - INFO - Best validation accuracy: 1.0000
2024-11-27 20:16:37,478 - INFO - Early stopping triggered after 82 epochs
2024-11-27 20:16:37,478 - INFO - Best validation accuracy: 1.0000
2024-11-27 20:16:37,621 - INFO - Early stopping triggered after 83 epochs
2024-11-27 20:16:37,621 - INFO - Best validation accuracy: 1.0000
2024-11-27 20:16:37,763 - INFO - Early stopping triggered after 84 epochs
2024-11-27 20:16:37,763 - INFO - Best validation accuracy: 1.0000
2024-11-27 20:16:37,906 - INFO - Early stopping triggered after 85 epochs
2024-11-27 20:16:37,906 - INFO - Best validation accuracy: 1.0000
2024-11-27 20:16:37,906 - INFO - Epoch 85
2024-11-27 20:16:37,906 - INFO - Train Loss: 0.2113
2024-11-27 20:16:37,906 - INFO - Val Loss: 0.7939
2024-11-27 20:16:37,906 - INFO - Current Val Accuracy: 0.6500
2024-11-27 20:16:37,906 - INFO - Best Val Accuracy: 1.0000
2024-11-27 20:16:38,049 - INFO - Early stopping triggered after 86 epochs
2024-11-27 20:16:38,049 - INFO - Best validation accuracy: 1.0000
2024-11-27 20:16:38,192 - INFO - Early stopping triggered after 87 epochs
2024-11-27 20:16:38,192 - INFO - Best validation accuracy: 1.0000
2024-11-27 20:16:38,334 - INFO - Early stopping triggered after 88 epochs
2024-11-27 20:16:38,334 - INFO - Best validation accuracy: 1.0000
2024-11-27 20:16:38,477 - INFO - Early stopping triggered after 89 epochs
2024-11-27 20:16:38,477 - INFO - Best validation accuracy: 1.0000
2024-11-27 20:16:38,619 - INFO - Early stopping triggered after 90 epochs
2024-11-27 20:16:38,619 - INFO - Best validation accuracy: 1.0000
2024-11-27 20:16:38,619 - INFO - Epoch 90
2024-11-27 20:16:38,620 - INFO - Train Loss: 0.2335
2024-11-27 20:16:38,620 - INFO - Val Loss: 0.9159
2024-11-27 20:16:38,620 - INFO - Current Val Accuracy: 0.6000
2024-11-27 20:16:38,620 - INFO - Best Val Accuracy: 1.0000
2024-11-27 20:16:38,762 - INFO - Early stopping triggered after 91 epochs
2024-11-27 20:16:38,762 - INFO - Best validation accuracy: 1.0000
2024-11-27 20:16:38,905 - INFO - Early stopping triggered after 92 epochs
2024-11-27 20:16:38,905 - INFO - Best validation accuracy: 1.0000
2024-11-27 20:16:39,047 - INFO - Early stopping triggered after 93 epochs
2024-11-27 20:16:39,048 - INFO - Best validation accuracy: 1.0000
2024-11-27 20:16:39,190 - INFO - Early stopping triggered after 94 epochs
2024-11-27 20:16:39,190 - INFO - Best validation accuracy: 1.0000
2024-11-27 20:16:39,333 - INFO - Early stopping triggered after 95 epochs
2024-11-27 20:16:39,333 - INFO - Best validation accuracy: 1.0000
2024-11-27 20:16:39,333 - INFO - Epoch 95
2024-11-27 20:16:39,333 - INFO - Train Loss: 0.2362
2024-11-27 20:16:39,333 - INFO - Val Loss: 0.8239
2024-11-27 20:16:39,333 - INFO - Current Val Accuracy: 0.6000
2024-11-27 20:16:39,333 - INFO - Best Val Accuracy: 1.0000
2024-11-27 20:16:39,475 - INFO - Early stopping triggered after 96 epochs
2024-11-27 20:16:39,475 - INFO - Best validation accuracy: 1.0000
2024-11-27 20:16:39,618 - INFO - Early stopping triggered after 97 epochs
2024-11-27 20:16:39,618 - INFO - Best validation accuracy: 1.0000
2024-11-27 20:16:39,761 - INFO - Early stopping triggered after 98 epochs
2024-11-27 20:16:39,761 - INFO - Best validation accuracy: 1.0000
2024-11-27 20:16:39,904 - INFO - Early stopping triggered after 99 epochs
2024-11-27 20:16:39,904 - INFO - Best validation accuracy: 1.0000
2024-11-27 20:16:40,047 - INFO - Early stopping triggered after 100 epochs
2024-11-27 20:16:40,047 - INFO - Best validation accuracy: 1.0000
2024-11-27 20:16:40,047 - INFO - Epoch 100
2024-11-27 20:16:40,047 - INFO - Train Loss: 0.2191
2024-11-27 20:16:40,047 - INFO - Val Loss: 0.3227
2024-11-27 20:16:40,047 - INFO - Current Val Accuracy: 0.9500
2024-11-27 20:16:40,047 - INFO - Best Val Accuracy: 1.0000
2024-11-27 20:16:40,049 - INFO - 
New best overall accuracy: 1.0000 (Fold 2)
2024-11-27 20:16:40,049 - INFO - 
Starting Fold 3/5
2024-11-27 20:16:40,052 - INFO - Starting data augmentation with 5 augmentations per sample
2024-11-27 20:16:40,093 - INFO - Augmentation complete. Dataset size increased from 86 to 516 samples
2024-11-27 20:16:40,247 - INFO - Epoch 1: New best validation accuracy: 0.5000
2024-11-27 20:16:40,678 - INFO - Epoch 4: New best validation accuracy: 0.6500
2024-11-27 20:16:40,820 - INFO - Epoch 5
2024-11-27 20:16:40,820 - INFO - Train Loss: 1.1168
2024-11-27 20:16:40,820 - INFO - Val Loss: 4.3414
2024-11-27 20:16:40,820 - INFO - Current Val Accuracy: 0.5000
2024-11-27 20:16:40,821 - INFO - Best Val Accuracy: 0.6500
2024-11-27 20:16:41,250 - INFO - Epoch 8: New best validation accuracy: 0.9000
2024-11-27 20:16:41,395 - INFO - Epoch 9: New best validation accuracy: 0.9500
2024-11-27 20:16:41,537 - INFO - Epoch 10
2024-11-27 20:16:41,537 - INFO - Train Loss: 0.3961
2024-11-27 20:16:41,537 - INFO - Val Loss: 0.3612
2024-11-27 20:16:41,537 - INFO - Current Val Accuracy: 0.9167
2024-11-27 20:16:41,537 - INFO - Best Val Accuracy: 0.9500
2024-11-27 20:16:41,682 - INFO - Epoch 11: New best validation accuracy: 0.9583
2024-11-27 20:16:42,253 - INFO - Epoch 15
2024-11-27 20:16:42,253 - INFO - Train Loss: 0.2568
2024-11-27 20:16:42,253 - INFO - Val Loss: 0.4124
2024-11-27 20:16:42,253 - INFO - Current Val Accuracy: 0.8583
2024-11-27 20:16:42,253 - INFO - Best Val Accuracy: 0.9583
2024-11-27 20:16:42,967 - INFO - Epoch 20
2024-11-27 20:16:42,967 - INFO - Train Loss: 0.2388
2024-11-27 20:16:42,967 - INFO - Val Loss: 0.6726
2024-11-27 20:16:42,967 - INFO - Current Val Accuracy: 0.5583
2024-11-27 20:16:42,967 - INFO - Best Val Accuracy: 0.9583
2024-11-27 20:16:43,110 - INFO - Early stopping triggered after 21 epochs
2024-11-27 20:16:43,110 - INFO - Best validation accuracy: 0.9583
2024-11-27 20:16:43,253 - INFO - Early stopping triggered after 22 epochs
2024-11-27 20:16:43,253 - INFO - Best validation accuracy: 0.9583
2024-11-27 20:16:43,395 - INFO - Early stopping triggered after 23 epochs
2024-11-27 20:16:43,395 - INFO - Best validation accuracy: 0.9583
2024-11-27 20:16:43,538 - INFO - Early stopping triggered after 24 epochs
2024-11-27 20:16:43,538 - INFO - Best validation accuracy: 0.9583
2024-11-27 20:16:43,680 - INFO - Early stopping triggered after 25 epochs
2024-11-27 20:16:43,680 - INFO - Best validation accuracy: 0.9583
2024-11-27 20:16:43,681 - INFO - Epoch 25
2024-11-27 20:16:43,681 - INFO - Train Loss: 0.2221
2024-11-27 20:16:43,681 - INFO - Val Loss: 0.9214
2024-11-27 20:16:43,681 - INFO - Current Val Accuracy: 0.5500
2024-11-27 20:16:43,681 - INFO - Best Val Accuracy: 0.9583
2024-11-27 20:16:43,823 - INFO - Early stopping triggered after 26 epochs
2024-11-27 20:16:43,823 - INFO - Best validation accuracy: 0.9583
2024-11-27 20:16:43,967 - INFO - Early stopping triggered after 27 epochs
2024-11-27 20:16:43,967 - INFO - Best validation accuracy: 0.9583
2024-11-27 20:16:44,110 - INFO - Early stopping triggered after 28 epochs
2024-11-27 20:16:44,110 - INFO - Best validation accuracy: 0.9583
2024-11-27 20:16:44,252 - INFO - Early stopping triggered after 29 epochs
2024-11-27 20:16:44,252 - INFO - Best validation accuracy: 0.9583
2024-11-27 20:16:44,395 - INFO - Early stopping triggered after 30 epochs
2024-11-27 20:16:44,395 - INFO - Best validation accuracy: 0.9583
2024-11-27 20:16:44,395 - INFO - Epoch 30
2024-11-27 20:16:44,395 - INFO - Train Loss: 0.2236
2024-11-27 20:16:44,395 - INFO - Val Loss: 1.2845
2024-11-27 20:16:44,395 - INFO - Current Val Accuracy: 0.5000
2024-11-27 20:16:44,395 - INFO - Best Val Accuracy: 0.9583
2024-11-27 20:16:44,538 - INFO - Early stopping triggered after 31 epochs
2024-11-27 20:16:44,538 - INFO - Best validation accuracy: 0.9583
2024-11-27 20:16:44,681 - INFO - Early stopping triggered after 32 epochs
2024-11-27 20:16:44,681 - INFO - Best validation accuracy: 0.9583
2024-11-27 20:16:44,824 - INFO - Early stopping triggered after 33 epochs
2024-11-27 20:16:44,824 - INFO - Best validation accuracy: 0.9583
2024-11-27 20:16:44,966 - INFO - Early stopping triggered after 34 epochs
2024-11-27 20:16:44,966 - INFO - Best validation accuracy: 0.9583
2024-11-27 20:16:45,109 - INFO - Early stopping triggered after 35 epochs
2024-11-27 20:16:45,109 - INFO - Best validation accuracy: 0.9583
2024-11-27 20:16:45,109 - INFO - Epoch 35
2024-11-27 20:16:45,109 - INFO - Train Loss: 0.2235
2024-11-27 20:16:45,109 - INFO - Val Loss: 0.6746
2024-11-27 20:16:45,109 - INFO - Current Val Accuracy: 0.5583
2024-11-27 20:16:45,109 - INFO - Best Val Accuracy: 0.9583
2024-11-27 20:16:45,252 - INFO - Early stopping triggered after 36 epochs
2024-11-27 20:16:45,252 - INFO - Best validation accuracy: 0.9583
2024-11-27 20:16:45,395 - INFO - Early stopping triggered after 37 epochs
2024-11-27 20:16:45,395 - INFO - Best validation accuracy: 0.9583
2024-11-27 20:16:45,538 - INFO - Early stopping triggered after 38 epochs
2024-11-27 20:16:45,538 - INFO - Best validation accuracy: 0.9583
2024-11-27 20:16:45,681 - INFO - Early stopping triggered after 39 epochs
2024-11-27 20:16:45,681 - INFO - Best validation accuracy: 0.9583
2024-11-27 20:16:45,824 - INFO - Early stopping triggered after 40 epochs
2024-11-27 20:16:45,824 - INFO - Best validation accuracy: 0.9583
2024-11-27 20:16:45,824 - INFO - Epoch 40
2024-11-27 20:16:45,824 - INFO - Train Loss: 0.2309
2024-11-27 20:16:45,824 - INFO - Val Loss: 1.1957
2024-11-27 20:16:45,824 - INFO - Current Val Accuracy: 0.5500
2024-11-27 20:16:45,824 - INFO - Best Val Accuracy: 0.9583
2024-11-27 20:16:45,967 - INFO - Early stopping triggered after 41 epochs
2024-11-27 20:16:45,967 - INFO - Best validation accuracy: 0.9583
2024-11-27 20:16:46,110 - INFO - Early stopping triggered after 42 epochs
2024-11-27 20:16:46,110 - INFO - Best validation accuracy: 0.9583
2024-11-27 20:16:46,252 - INFO - Early stopping triggered after 43 epochs
2024-11-27 20:16:46,252 - INFO - Best validation accuracy: 0.9583
2024-11-27 20:16:46,395 - INFO - Early stopping triggered after 44 epochs
2024-11-27 20:16:46,395 - INFO - Best validation accuracy: 0.9583
2024-11-27 20:16:46,538 - INFO - Early stopping triggered after 45 epochs
2024-11-27 20:16:46,538 - INFO - Best validation accuracy: 0.9583
2024-11-27 20:16:46,538 - INFO - Epoch 45
2024-11-27 20:16:46,538 - INFO - Train Loss: 0.2178
2024-11-27 20:16:46,538 - INFO - Val Loss: 1.1487
2024-11-27 20:16:46,538 - INFO - Current Val Accuracy: 0.6000
2024-11-27 20:16:46,538 - INFO - Best Val Accuracy: 0.9583
2024-11-27 20:16:46,680 - INFO - Early stopping triggered after 46 epochs
2024-11-27 20:16:46,681 - INFO - Best validation accuracy: 0.9583
2024-11-27 20:16:46,823 - INFO - Early stopping triggered after 47 epochs
2024-11-27 20:16:46,823 - INFO - Best validation accuracy: 0.9583
2024-11-27 20:16:46,966 - INFO - Early stopping triggered after 48 epochs
2024-11-27 20:16:46,966 - INFO - Best validation accuracy: 0.9583
2024-11-27 20:16:47,109 - INFO - Early stopping triggered after 49 epochs
2024-11-27 20:16:47,109 - INFO - Best validation accuracy: 0.9583
2024-11-27 20:16:47,251 - INFO - Early stopping triggered after 50 epochs
2024-11-27 20:16:47,252 - INFO - Best validation accuracy: 0.9583
2024-11-27 20:16:47,252 - INFO - Epoch 50
2024-11-27 20:16:47,252 - INFO - Train Loss: 0.2254
2024-11-27 20:16:47,252 - INFO - Val Loss: 0.7232
2024-11-27 20:16:47,252 - INFO - Current Val Accuracy: 0.6583
2024-11-27 20:16:47,252 - INFO - Best Val Accuracy: 0.9583
2024-11-27 20:16:47,394 - INFO - Early stopping triggered after 51 epochs
2024-11-27 20:16:47,394 - INFO - Best validation accuracy: 0.9583
2024-11-27 20:16:47,537 - INFO - Early stopping triggered after 52 epochs
2024-11-27 20:16:47,537 - INFO - Best validation accuracy: 0.9583
2024-11-27 20:16:47,680 - INFO - Early stopping triggered after 53 epochs
2024-11-27 20:16:47,680 - INFO - Best validation accuracy: 0.9583
2024-11-27 20:16:47,823 - INFO - Early stopping triggered after 54 epochs
2024-11-27 20:16:47,823 - INFO - Best validation accuracy: 0.9583
2024-11-27 20:16:47,965 - INFO - Early stopping triggered after 55 epochs
2024-11-27 20:16:47,965 - INFO - Best validation accuracy: 0.9583
2024-11-27 20:16:47,965 - INFO - Epoch 55
2024-11-27 20:16:47,965 - INFO - Train Loss: 0.2256
2024-11-27 20:16:47,965 - INFO - Val Loss: 0.6488
2024-11-27 20:16:47,965 - INFO - Current Val Accuracy: 0.5583
2024-11-27 20:16:47,965 - INFO - Best Val Accuracy: 0.9583
2024-11-27 20:16:48,108 - INFO - Early stopping triggered after 56 epochs
2024-11-27 20:16:48,108 - INFO - Best validation accuracy: 0.9583
2024-11-27 20:16:48,251 - INFO - Early stopping triggered after 57 epochs
2024-11-27 20:16:48,251 - INFO - Best validation accuracy: 0.9583
2024-11-27 20:16:48,394 - INFO - Early stopping triggered after 58 epochs
2024-11-27 20:16:48,394 - INFO - Best validation accuracy: 0.9583
2024-11-27 20:16:48,537 - INFO - Early stopping triggered after 59 epochs
2024-11-27 20:16:48,537 - INFO - Best validation accuracy: 0.9583
2024-11-27 20:16:48,680 - INFO - Early stopping triggered after 60 epochs
2024-11-27 20:16:48,680 - INFO - Best validation accuracy: 0.9583
2024-11-27 20:16:48,680 - INFO - Epoch 60
2024-11-27 20:16:48,680 - INFO - Train Loss: 0.2383
2024-11-27 20:16:48,680 - INFO - Val Loss: 3.1192
2024-11-27 20:16:48,680 - INFO - Current Val Accuracy: 0.5583
2024-11-27 20:16:48,680 - INFO - Best Val Accuracy: 0.9583
2024-11-27 20:16:48,823 - INFO - Early stopping triggered after 61 epochs
2024-11-27 20:16:48,823 - INFO - Best validation accuracy: 0.9583
2024-11-27 20:16:48,966 - INFO - Early stopping triggered after 62 epochs
2024-11-27 20:16:48,966 - INFO - Best validation accuracy: 0.9583
2024-11-27 20:16:49,108 - INFO - Early stopping triggered after 63 epochs
2024-11-27 20:16:49,108 - INFO - Best validation accuracy: 0.9583
2024-11-27 20:16:49,251 - INFO - Early stopping triggered after 64 epochs
2024-11-27 20:16:49,251 - INFO - Best validation accuracy: 0.9583
2024-11-27 20:16:49,394 - INFO - Early stopping triggered after 65 epochs
2024-11-27 20:16:49,394 - INFO - Best validation accuracy: 0.9583
2024-11-27 20:16:49,394 - INFO - Epoch 65
2024-11-27 20:16:49,394 - INFO - Train Loss: 0.2369
2024-11-27 20:16:49,394 - INFO - Val Loss: 0.8092
2024-11-27 20:16:49,394 - INFO - Current Val Accuracy: 0.5583
2024-11-27 20:16:49,394 - INFO - Best Val Accuracy: 0.9583
2024-11-27 20:16:49,537 - INFO - Early stopping triggered after 66 epochs
2024-11-27 20:16:49,537 - INFO - Best validation accuracy: 0.9583
2024-11-27 20:16:49,679 - INFO - Early stopping triggered after 67 epochs
2024-11-27 20:16:49,680 - INFO - Best validation accuracy: 0.9583
2024-11-27 20:16:49,822 - INFO - Early stopping triggered after 68 epochs
2024-11-27 20:16:49,822 - INFO - Best validation accuracy: 0.9583
2024-11-27 20:16:49,965 - INFO - Early stopping triggered after 69 epochs
2024-11-27 20:16:49,965 - INFO - Best validation accuracy: 0.9583
2024-11-27 20:16:50,108 - INFO - Early stopping triggered after 70 epochs
2024-11-27 20:16:50,108 - INFO - Best validation accuracy: 0.9583
2024-11-27 20:16:50,108 - INFO - Epoch 70
2024-11-27 20:16:50,108 - INFO - Train Loss: 0.2223
2024-11-27 20:16:50,108 - INFO - Val Loss: 0.7363
2024-11-27 20:16:50,108 - INFO - Current Val Accuracy: 0.6750
2024-11-27 20:16:50,108 - INFO - Best Val Accuracy: 0.9583
2024-11-27 20:16:50,251 - INFO - Early stopping triggered after 71 epochs
2024-11-27 20:16:50,251 - INFO - Best validation accuracy: 0.9583
2024-11-27 20:16:50,394 - INFO - Early stopping triggered after 72 epochs
2024-11-27 20:16:50,394 - INFO - Best validation accuracy: 0.9583
2024-11-27 20:16:50,537 - INFO - Early stopping triggered after 73 epochs
2024-11-27 20:16:50,537 - INFO - Best validation accuracy: 0.9583
2024-11-27 20:16:50,679 - INFO - Early stopping triggered after 74 epochs
2024-11-27 20:16:50,680 - INFO - Best validation accuracy: 0.9583
2024-11-27 20:16:50,822 - INFO - Early stopping triggered after 75 epochs
2024-11-27 20:16:50,822 - INFO - Best validation accuracy: 0.9583
2024-11-27 20:16:50,822 - INFO - Epoch 75
2024-11-27 20:16:50,822 - INFO - Train Loss: 0.2242
2024-11-27 20:16:50,822 - INFO - Val Loss: 0.5675
2024-11-27 20:16:50,822 - INFO - Current Val Accuracy: 0.7583
2024-11-27 20:16:50,822 - INFO - Best Val Accuracy: 0.9583
2024-11-27 20:16:50,965 - INFO - Early stopping triggered after 76 epochs
2024-11-27 20:16:50,965 - INFO - Best validation accuracy: 0.9583
2024-11-27 20:16:51,108 - INFO - Early stopping triggered after 77 epochs
2024-11-27 20:16:51,108 - INFO - Best validation accuracy: 0.9583
2024-11-27 20:16:51,251 - INFO - Early stopping triggered after 78 epochs
2024-11-27 20:16:51,251 - INFO - Best validation accuracy: 0.9583
2024-11-27 20:16:51,394 - INFO - Early stopping triggered after 79 epochs
2024-11-27 20:16:51,394 - INFO - Best validation accuracy: 0.9583
2024-11-27 20:16:51,537 - INFO - Early stopping triggered after 80 epochs
2024-11-27 20:16:51,537 - INFO - Best validation accuracy: 0.9583
2024-11-27 20:16:51,537 - INFO - Epoch 80
2024-11-27 20:16:51,537 - INFO - Train Loss: 0.2181
2024-11-27 20:16:51,537 - INFO - Val Loss: 0.7981
2024-11-27 20:16:51,537 - INFO - Current Val Accuracy: 0.5500
2024-11-27 20:16:51,537 - INFO - Best Val Accuracy: 0.9583
2024-11-27 20:16:51,680 - INFO - Early stopping triggered after 81 epochs
2024-11-27 20:16:51,680 - INFO - Best validation accuracy: 0.9583
2024-11-27 20:16:51,822 - INFO - Early stopping triggered after 82 epochs
2024-11-27 20:16:51,822 - INFO - Best validation accuracy: 0.9583
2024-11-27 20:16:51,965 - INFO - Early stopping triggered after 83 epochs
2024-11-27 20:16:51,965 - INFO - Best validation accuracy: 0.9583
2024-11-27 20:16:52,108 - INFO - Early stopping triggered after 84 epochs
2024-11-27 20:16:52,108 - INFO - Best validation accuracy: 0.9583
2024-11-27 20:16:52,251 - INFO - Early stopping triggered after 85 epochs
2024-11-27 20:16:52,251 - INFO - Best validation accuracy: 0.9583
2024-11-27 20:16:52,251 - INFO - Epoch 85
2024-11-27 20:16:52,251 - INFO - Train Loss: 0.2269
2024-11-27 20:16:52,251 - INFO - Val Loss: 0.6727
2024-11-27 20:16:52,251 - INFO - Current Val Accuracy: 0.6000
2024-11-27 20:16:52,251 - INFO - Best Val Accuracy: 0.9583
2024-11-27 20:16:52,394 - INFO - Early stopping triggered after 86 epochs
2024-11-27 20:16:52,394 - INFO - Best validation accuracy: 0.9583
2024-11-27 20:16:52,536 - INFO - Early stopping triggered after 87 epochs
2024-11-27 20:16:52,536 - INFO - Best validation accuracy: 0.9583
2024-11-27 20:16:52,679 - INFO - Early stopping triggered after 88 epochs
2024-11-27 20:16:52,679 - INFO - Best validation accuracy: 0.9583
2024-11-27 20:16:52,822 - INFO - Early stopping triggered after 89 epochs
2024-11-27 20:16:52,822 - INFO - Best validation accuracy: 0.9583
2024-11-27 20:16:52,965 - INFO - Early stopping triggered after 90 epochs
2024-11-27 20:16:52,965 - INFO - Best validation accuracy: 0.9583
2024-11-27 20:16:52,965 - INFO - Epoch 90
2024-11-27 20:16:52,965 - INFO - Train Loss: 0.2189
2024-11-27 20:16:52,965 - INFO - Val Loss: 0.7193
2024-11-27 20:16:52,965 - INFO - Current Val Accuracy: 0.6000
2024-11-27 20:16:52,965 - INFO - Best Val Accuracy: 0.9583
2024-11-27 20:16:53,108 - INFO - Early stopping triggered after 91 epochs
2024-11-27 20:16:53,108 - INFO - Best validation accuracy: 0.9583
2024-11-27 20:16:53,251 - INFO - Early stopping triggered after 92 epochs
2024-11-27 20:16:53,251 - INFO - Best validation accuracy: 0.9583
2024-11-27 20:16:53,393 - INFO - Early stopping triggered after 93 epochs
2024-11-27 20:16:53,393 - INFO - Best validation accuracy: 0.9583
2024-11-27 20:16:53,536 - INFO - Early stopping triggered after 94 epochs
2024-11-27 20:16:53,536 - INFO - Best validation accuracy: 0.9583
2024-11-27 20:16:53,679 - INFO - Early stopping triggered after 95 epochs
2024-11-27 20:16:53,679 - INFO - Best validation accuracy: 0.9583
2024-11-27 20:16:53,679 - INFO - Epoch 95
2024-11-27 20:16:53,679 - INFO - Train Loss: 0.2234
2024-11-27 20:16:53,679 - INFO - Val Loss: 0.6025
2024-11-27 20:16:53,679 - INFO - Current Val Accuracy: 0.7167
2024-11-27 20:16:53,679 - INFO - Best Val Accuracy: 0.9583
2024-11-27 20:16:53,822 - INFO - Early stopping triggered after 96 epochs
2024-11-27 20:16:53,822 - INFO - Best validation accuracy: 0.9583
2024-11-27 20:16:53,964 - INFO - Early stopping triggered after 97 epochs
2024-11-27 20:16:53,965 - INFO - Best validation accuracy: 0.9583
2024-11-27 20:16:54,107 - INFO - Early stopping triggered after 98 epochs
2024-11-27 20:16:54,107 - INFO - Best validation accuracy: 0.9583
2024-11-27 20:16:54,250 - INFO - Early stopping triggered after 99 epochs
2024-11-27 20:16:54,250 - INFO - Best validation accuracy: 0.9583
2024-11-27 20:16:54,393 - INFO - Early stopping triggered after 100 epochs
2024-11-27 20:16:54,393 - INFO - Best validation accuracy: 0.9583
2024-11-27 20:16:54,393 - INFO - Epoch 100
2024-11-27 20:16:54,393 - INFO - Train Loss: 0.2226
2024-11-27 20:16:54,393 - INFO - Val Loss: 0.8283
2024-11-27 20:16:54,393 - INFO - Current Val Accuracy: 0.5750
2024-11-27 20:16:54,394 - INFO - Best Val Accuracy: 0.9583
2024-11-27 20:16:54,394 - INFO - 
Starting Fold 4/5
2024-11-27 20:16:54,397 - INFO - Starting data augmentation with 5 augmentations per sample
2024-11-27 20:16:54,438 - INFO - Augmentation complete. Dataset size increased from 87 to 522 samples
2024-11-27 20:16:54,603 - INFO - Epoch 1: New best validation accuracy: 0.5000
2024-11-27 20:16:55,179 - INFO - Epoch 5
2024-11-27 20:16:55,179 - INFO - Train Loss: 2.1948
2024-11-27 20:16:55,179 - INFO - Val Loss: 5.1074
2024-11-27 20:16:55,179 - INFO - Current Val Accuracy: 0.5000
2024-11-27 20:16:55,179 - INFO - Best Val Accuracy: 0.5000
2024-11-27 20:16:55,324 - INFO - Epoch 6: New best validation accuracy: 0.5556
2024-11-27 20:16:55,613 - INFO - Epoch 8: New best validation accuracy: 0.6667
2024-11-27 20:16:55,903 - INFO - Epoch 10: New best validation accuracy: 0.7917
2024-11-27 20:16:55,903 - INFO - Epoch 10
2024-11-27 20:16:55,903 - INFO - Train Loss: 0.8252
2024-11-27 20:16:55,903 - INFO - Val Loss: 0.7592
2024-11-27 20:16:55,903 - INFO - Current Val Accuracy: 0.7917
2024-11-27 20:16:55,903 - INFO - Best Val Accuracy: 0.7917
2024-11-27 20:16:56,048 - INFO - Epoch 11: New best validation accuracy: 0.8611
2024-11-27 20:16:56,623 - INFO - Epoch 15
2024-11-27 20:16:56,623 - INFO - Train Loss: 0.3044
2024-11-27 20:16:56,623 - INFO - Val Loss: 0.8875
2024-11-27 20:16:56,623 - INFO - Current Val Accuracy: 0.8194
2024-11-27 20:16:56,623 - INFO - Best Val Accuracy: 0.8611
2024-11-27 20:16:56,913 - INFO - Epoch 17: New best validation accuracy: 0.9167
2024-11-27 20:16:57,343 - INFO - Epoch 20
2024-11-27 20:16:57,343 - INFO - Train Loss: 0.2388
2024-11-27 20:16:57,343 - INFO - Val Loss: 0.6022
2024-11-27 20:16:57,343 - INFO - Current Val Accuracy: 0.8750
2024-11-27 20:16:57,343 - INFO - Best Val Accuracy: 0.9167
2024-11-27 20:16:58,061 - INFO - Epoch 25
2024-11-27 20:16:58,061 - INFO - Train Loss: 0.2185
2024-11-27 20:16:58,061 - INFO - Val Loss: 0.4379
2024-11-27 20:16:58,061 - INFO - Current Val Accuracy: 0.8194
2024-11-27 20:16:58,061 - INFO - Best Val Accuracy: 0.9167
2024-11-27 20:16:58,348 - INFO - Early stopping triggered after 27 epochs
2024-11-27 20:16:58,348 - INFO - Best validation accuracy: 0.9167
2024-11-27 20:16:58,493 - INFO - Early stopping triggered after 28 epochs
2024-11-27 20:16:58,493 - INFO - Best validation accuracy: 0.9167
2024-11-27 20:16:58,637 - INFO - Early stopping triggered after 29 epochs
2024-11-27 20:16:58,637 - INFO - Best validation accuracy: 0.9167
2024-11-27 20:16:58,781 - INFO - Early stopping triggered after 30 epochs
2024-11-27 20:16:58,781 - INFO - Best validation accuracy: 0.9167
2024-11-27 20:16:58,781 - INFO - Epoch 30
2024-11-27 20:16:58,781 - INFO - Train Loss: 0.2228
2024-11-27 20:16:58,781 - INFO - Val Loss: 0.4221
2024-11-27 20:16:58,781 - INFO - Current Val Accuracy: 0.8611
2024-11-27 20:16:58,781 - INFO - Best Val Accuracy: 0.9167
2024-11-27 20:16:58,924 - INFO - Early stopping triggered after 31 epochs
2024-11-27 20:16:58,925 - INFO - Best validation accuracy: 0.9167
2024-11-27 20:16:59,068 - INFO - Early stopping triggered after 32 epochs
2024-11-27 20:16:59,068 - INFO - Best validation accuracy: 0.9167
2024-11-27 20:16:59,212 - INFO - Early stopping triggered after 33 epochs
2024-11-27 20:16:59,212 - INFO - Best validation accuracy: 0.9167
2024-11-27 20:16:59,356 - INFO - Early stopping triggered after 34 epochs
2024-11-27 20:16:59,356 - INFO - Best validation accuracy: 0.9167
2024-11-27 20:16:59,500 - INFO - Early stopping triggered after 35 epochs
2024-11-27 20:16:59,500 - INFO - Best validation accuracy: 0.9167
2024-11-27 20:16:59,500 - INFO - Epoch 35
2024-11-27 20:16:59,500 - INFO - Train Loss: 0.2144
2024-11-27 20:16:59,500 - INFO - Val Loss: 0.4078
2024-11-27 20:16:59,500 - INFO - Current Val Accuracy: 0.9028
2024-11-27 20:16:59,500 - INFO - Best Val Accuracy: 0.9167
2024-11-27 20:16:59,644 - INFO - Early stopping triggered after 36 epochs
2024-11-27 20:16:59,644 - INFO - Best validation accuracy: 0.9167
2024-11-27 20:16:59,788 - INFO - Early stopping triggered after 37 epochs
2024-11-27 20:16:59,788 - INFO - Best validation accuracy: 0.9167
2024-11-27 20:16:59,931 - INFO - Early stopping triggered after 38 epochs
2024-11-27 20:16:59,931 - INFO - Best validation accuracy: 0.9167
2024-11-27 20:17:00,075 - INFO - Early stopping triggered after 39 epochs
2024-11-27 20:17:00,075 - INFO - Best validation accuracy: 0.9167
2024-11-27 20:17:00,219 - INFO - Early stopping triggered after 40 epochs
2024-11-27 20:17:00,219 - INFO - Best validation accuracy: 0.9167
2024-11-27 20:17:00,219 - INFO - Epoch 40
2024-11-27 20:17:00,219 - INFO - Train Loss: 0.2129
2024-11-27 20:17:00,219 - INFO - Val Loss: 0.4459
2024-11-27 20:17:00,219 - INFO - Current Val Accuracy: 0.8194
2024-11-27 20:17:00,219 - INFO - Best Val Accuracy: 0.9167
2024-11-27 20:17:00,363 - INFO - Early stopping triggered after 41 epochs
2024-11-27 20:17:00,363 - INFO - Best validation accuracy: 0.9167
2024-11-27 20:17:00,509 - INFO - Epoch 42: New best validation accuracy: 0.9444
2024-11-27 20:17:00,941 - INFO - Epoch 45
2024-11-27 20:17:00,941 - INFO - Train Loss: 0.2140
2024-11-27 20:17:00,941 - INFO - Val Loss: 0.3551
2024-11-27 20:17:00,941 - INFO - Current Val Accuracy: 0.9028
2024-11-27 20:17:00,941 - INFO - Best Val Accuracy: 0.9444
2024-11-27 20:17:01,661 - INFO - Epoch 50
2024-11-27 20:17:01,661 - INFO - Train Loss: 0.2110
2024-11-27 20:17:01,661 - INFO - Val Loss: 0.4350
2024-11-27 20:17:01,661 - INFO - Current Val Accuracy: 0.8194
2024-11-27 20:17:01,661 - INFO - Best Val Accuracy: 0.9444
2024-11-27 20:17:01,949 - INFO - Early stopping triggered after 52 epochs
2024-11-27 20:17:01,949 - INFO - Best validation accuracy: 0.9444
2024-11-27 20:17:02,093 - INFO - Early stopping triggered after 53 epochs
2024-11-27 20:17:02,093 - INFO - Best validation accuracy: 0.9444
2024-11-27 20:17:02,238 - INFO - Early stopping triggered after 54 epochs
2024-11-27 20:17:02,238 - INFO - Best validation accuracy: 0.9444
2024-11-27 20:17:02,382 - INFO - Early stopping triggered after 55 epochs
2024-11-27 20:17:02,382 - INFO - Best validation accuracy: 0.9444
2024-11-27 20:17:02,382 - INFO - Epoch 55
2024-11-27 20:17:02,382 - INFO - Train Loss: 0.2119
2024-11-27 20:17:02,382 - INFO - Val Loss: 0.5236
2024-11-27 20:17:02,382 - INFO - Current Val Accuracy: 0.8750
2024-11-27 20:17:02,382 - INFO - Best Val Accuracy: 0.9444
2024-11-27 20:17:02,526 - INFO - Early stopping triggered after 56 epochs
2024-11-27 20:17:02,526 - INFO - Best validation accuracy: 0.9444
2024-11-27 20:17:02,670 - INFO - Early stopping triggered after 57 epochs
2024-11-27 20:17:02,670 - INFO - Best validation accuracy: 0.9444
2024-11-27 20:17:02,814 - INFO - Early stopping triggered after 58 epochs
2024-11-27 20:17:02,814 - INFO - Best validation accuracy: 0.9444
2024-11-27 20:17:02,958 - INFO - Early stopping triggered after 59 epochs
2024-11-27 20:17:02,958 - INFO - Best validation accuracy: 0.9444
2024-11-27 20:17:03,102 - INFO - Early stopping triggered after 60 epochs
2024-11-27 20:17:03,102 - INFO - Best validation accuracy: 0.9444
2024-11-27 20:17:03,102 - INFO - Epoch 60
2024-11-27 20:17:03,102 - INFO - Train Loss: 0.2127
2024-11-27 20:17:03,102 - INFO - Val Loss: 0.3817
2024-11-27 20:17:03,102 - INFO - Current Val Accuracy: 0.8750
2024-11-27 20:17:03,102 - INFO - Best Val Accuracy: 0.9444
2024-11-27 20:17:03,246 - INFO - Early stopping triggered after 61 epochs
2024-11-27 20:17:03,246 - INFO - Best validation accuracy: 0.9444
2024-11-27 20:17:03,391 - INFO - Early stopping triggered after 62 epochs
2024-11-27 20:17:03,391 - INFO - Best validation accuracy: 0.9444
2024-11-27 20:17:03,535 - INFO - Early stopping triggered after 63 epochs
2024-11-27 20:17:03,535 - INFO - Best validation accuracy: 0.9444
2024-11-27 20:17:03,679 - INFO - Early stopping triggered after 64 epochs
2024-11-27 20:17:03,679 - INFO - Best validation accuracy: 0.9444
2024-11-27 20:17:03,823 - INFO - Early stopping triggered after 65 epochs
2024-11-27 20:17:03,823 - INFO - Best validation accuracy: 0.9444
2024-11-27 20:17:03,823 - INFO - Epoch 65
2024-11-27 20:17:03,823 - INFO - Train Loss: 0.2161
2024-11-27 20:17:03,823 - INFO - Val Loss: 0.4187
2024-11-27 20:17:03,823 - INFO - Current Val Accuracy: 0.8194
2024-11-27 20:17:03,823 - INFO - Best Val Accuracy: 0.9444
2024-11-27 20:17:03,967 - INFO - Early stopping triggered after 66 epochs
2024-11-27 20:17:03,967 - INFO - Best validation accuracy: 0.9444
2024-11-27 20:17:04,111 - INFO - Early stopping triggered after 67 epochs
2024-11-27 20:17:04,111 - INFO - Best validation accuracy: 0.9444
2024-11-27 20:17:04,255 - INFO - Early stopping triggered after 68 epochs
2024-11-27 20:17:04,255 - INFO - Best validation accuracy: 0.9444
2024-11-27 20:17:04,399 - INFO - Early stopping triggered after 69 epochs
2024-11-27 20:17:04,400 - INFO - Best validation accuracy: 0.9444
2024-11-27 20:17:04,544 - INFO - Early stopping triggered after 70 epochs
2024-11-27 20:17:04,544 - INFO - Best validation accuracy: 0.9444
2024-11-27 20:17:04,544 - INFO - Epoch 70
2024-11-27 20:17:04,544 - INFO - Train Loss: 0.2087
2024-11-27 20:17:04,544 - INFO - Val Loss: 0.4013
2024-11-27 20:17:04,544 - INFO - Current Val Accuracy: 0.8194
2024-11-27 20:17:04,544 - INFO - Best Val Accuracy: 0.9444
2024-11-27 20:17:04,690 - INFO - Early stopping triggered after 71 epochs
2024-11-27 20:17:04,690 - INFO - Best validation accuracy: 0.9444
2024-11-27 20:17:04,834 - INFO - Early stopping triggered after 72 epochs
2024-11-27 20:17:04,834 - INFO - Best validation accuracy: 0.9444
2024-11-27 20:17:04,978 - INFO - Early stopping triggered after 73 epochs
2024-11-27 20:17:04,978 - INFO - Best validation accuracy: 0.9444
2024-11-27 20:17:05,122 - INFO - Early stopping triggered after 74 epochs
2024-11-27 20:17:05,122 - INFO - Best validation accuracy: 0.9444
2024-11-27 20:17:05,266 - INFO - Early stopping triggered after 75 epochs
2024-11-27 20:17:05,266 - INFO - Best validation accuracy: 0.9444
2024-11-27 20:17:05,266 - INFO - Epoch 75
2024-11-27 20:17:05,266 - INFO - Train Loss: 0.2130
2024-11-27 20:17:05,266 - INFO - Val Loss: 0.3988
2024-11-27 20:17:05,266 - INFO - Current Val Accuracy: 0.8750
2024-11-27 20:17:05,266 - INFO - Best Val Accuracy: 0.9444
2024-11-27 20:17:05,410 - INFO - Early stopping triggered after 76 epochs
2024-11-27 20:17:05,410 - INFO - Best validation accuracy: 0.9444
2024-11-27 20:17:05,554 - INFO - Early stopping triggered after 77 epochs
2024-11-27 20:17:05,555 - INFO - Best validation accuracy: 0.9444
2024-11-27 20:17:05,699 - INFO - Early stopping triggered after 78 epochs
2024-11-27 20:17:05,699 - INFO - Best validation accuracy: 0.9444
2024-11-27 20:17:05,843 - INFO - Early stopping triggered after 79 epochs
2024-11-27 20:17:05,843 - INFO - Best validation accuracy: 0.9444
2024-11-27 20:17:05,988 - INFO - Early stopping triggered after 80 epochs
2024-11-27 20:17:05,988 - INFO - Best validation accuracy: 0.9444
2024-11-27 20:17:05,988 - INFO - Epoch 80
2024-11-27 20:17:05,988 - INFO - Train Loss: 0.2167
2024-11-27 20:17:05,988 - INFO - Val Loss: 0.3672
2024-11-27 20:17:05,988 - INFO - Current Val Accuracy: 0.9444
2024-11-27 20:17:05,988 - INFO - Best Val Accuracy: 0.9444
2024-11-27 20:17:06,132 - INFO - Early stopping triggered after 81 epochs
2024-11-27 20:17:06,132 - INFO - Best validation accuracy: 0.9444
2024-11-27 20:17:06,276 - INFO - Early stopping triggered after 82 epochs
2024-11-27 20:17:06,276 - INFO - Best validation accuracy: 0.9444
2024-11-27 20:17:06,420 - INFO - Early stopping triggered after 83 epochs
2024-11-27 20:17:06,420 - INFO - Best validation accuracy: 0.9444
2024-11-27 20:17:06,564 - INFO - Early stopping triggered after 84 epochs
2024-11-27 20:17:06,564 - INFO - Best validation accuracy: 0.9444
2024-11-27 20:17:06,709 - INFO - Early stopping triggered after 85 epochs
2024-11-27 20:17:06,709 - INFO - Best validation accuracy: 0.9444
2024-11-27 20:17:06,709 - INFO - Epoch 85
2024-11-27 20:17:06,709 - INFO - Train Loss: 0.2137
2024-11-27 20:17:06,709 - INFO - Val Loss: 0.4106
2024-11-27 20:17:06,709 - INFO - Current Val Accuracy: 0.8194
2024-11-27 20:17:06,709 - INFO - Best Val Accuracy: 0.9444
2024-11-27 20:17:06,853 - INFO - Early stopping triggered after 86 epochs
2024-11-27 20:17:06,853 - INFO - Best validation accuracy: 0.9444
2024-11-27 20:17:06,997 - INFO - Early stopping triggered after 87 epochs
2024-11-27 20:17:06,997 - INFO - Best validation accuracy: 0.9444
2024-11-27 20:17:07,141 - INFO - Early stopping triggered after 88 epochs
2024-11-27 20:17:07,141 - INFO - Best validation accuracy: 0.9444
2024-11-27 20:17:07,286 - INFO - Early stopping triggered after 89 epochs
2024-11-27 20:17:07,286 - INFO - Best validation accuracy: 0.9444
2024-11-27 20:17:07,430 - INFO - Early stopping triggered after 90 epochs
2024-11-27 20:17:07,430 - INFO - Best validation accuracy: 0.9444
2024-11-27 20:17:07,430 - INFO - Epoch 90
2024-11-27 20:17:07,430 - INFO - Train Loss: 0.2139
2024-11-27 20:17:07,430 - INFO - Val Loss: 0.4225
2024-11-27 20:17:07,430 - INFO - Current Val Accuracy: 0.8333
2024-11-27 20:17:07,430 - INFO - Best Val Accuracy: 0.9444
2024-11-27 20:17:07,574 - INFO - Early stopping triggered after 91 epochs
2024-11-27 20:17:07,574 - INFO - Best validation accuracy: 0.9444
2024-11-27 20:17:07,718 - INFO - Early stopping triggered after 92 epochs
2024-11-27 20:17:07,718 - INFO - Best validation accuracy: 0.9444
2024-11-27 20:17:07,863 - INFO - Early stopping triggered after 93 epochs
2024-11-27 20:17:07,863 - INFO - Best validation accuracy: 0.9444
2024-11-27 20:17:08,007 - INFO - Early stopping triggered after 94 epochs
2024-11-27 20:17:08,007 - INFO - Best validation accuracy: 0.9444
2024-11-27 20:17:08,151 - INFO - Early stopping triggered after 95 epochs
2024-11-27 20:17:08,151 - INFO - Best validation accuracy: 0.9444
2024-11-27 20:17:08,151 - INFO - Epoch 95
2024-11-27 20:17:08,151 - INFO - Train Loss: 0.2128
2024-11-27 20:17:08,151 - INFO - Val Loss: 0.3609
2024-11-27 20:17:08,151 - INFO - Current Val Accuracy: 0.8333
2024-11-27 20:17:08,151 - INFO - Best Val Accuracy: 0.9444
2024-11-27 20:17:08,296 - INFO - Early stopping triggered after 96 epochs
2024-11-27 20:17:08,296 - INFO - Best validation accuracy: 0.9444
2024-11-27 20:17:08,439 - INFO - Early stopping triggered after 97 epochs
2024-11-27 20:17:08,440 - INFO - Best validation accuracy: 0.9444
2024-11-27 20:17:08,583 - INFO - Early stopping triggered after 98 epochs
2024-11-27 20:17:08,583 - INFO - Best validation accuracy: 0.9444
2024-11-27 20:17:08,727 - INFO - Early stopping triggered after 99 epochs
2024-11-27 20:17:08,728 - INFO - Best validation accuracy: 0.9444
2024-11-27 20:17:08,872 - INFO - Early stopping triggered after 100 epochs
2024-11-27 20:17:08,872 - INFO - Best validation accuracy: 0.9444
2024-11-27 20:17:08,872 - INFO - Epoch 100
2024-11-27 20:17:08,872 - INFO - Train Loss: 0.2157
2024-11-27 20:17:08,872 - INFO - Val Loss: 0.3681
2024-11-27 20:17:08,872 - INFO - Current Val Accuracy: 0.9444
2024-11-27 20:17:08,872 - INFO - Best Val Accuracy: 0.9444
2024-11-27 20:17:08,872 - INFO - 
Starting Fold 5/5
2024-11-27 20:17:08,875 - INFO - Starting data augmentation with 5 augmentations per sample
2024-11-27 20:17:08,915 - INFO - Augmentation complete. Dataset size increased from 87 to 522 samples
2024-11-27 20:17:09,071 - INFO - Epoch 1: New best validation accuracy: 0.5000
2024-11-27 20:17:09,361 - INFO - Epoch 3: New best validation accuracy: 0.5556
2024-11-27 20:17:09,649 - INFO - Epoch 5
2024-11-27 20:17:09,649 - INFO - Train Loss: 1.7313
2024-11-27 20:17:09,649 - INFO - Val Loss: 2.6435
2024-11-27 20:17:09,649 - INFO - Current Val Accuracy: 0.5000
2024-11-27 20:17:09,649 - INFO - Best Val Accuracy: 0.5556
2024-11-27 20:17:10,083 - INFO - Epoch 8: New best validation accuracy: 0.9583
2024-11-27 20:17:10,371 - INFO - Epoch 10
2024-11-27 20:17:10,371 - INFO - Train Loss: 0.7098
2024-11-27 20:17:10,371 - INFO - Val Loss: 0.3996
2024-11-27 20:17:10,371 - INFO - Current Val Accuracy: 0.9167
2024-11-27 20:17:10,371 - INFO - Best Val Accuracy: 0.9583
2024-11-27 20:17:11,091 - INFO - Epoch 15
2024-11-27 20:17:11,091 - INFO - Train Loss: 0.3703
2024-11-27 20:17:11,091 - INFO - Val Loss: 0.5774
2024-11-27 20:17:11,091 - INFO - Current Val Accuracy: 0.9028
2024-11-27 20:17:11,091 - INFO - Best Val Accuracy: 0.9583
2024-11-27 20:17:11,523 - INFO - Early stopping triggered after 18 epochs
2024-11-27 20:17:11,523 - INFO - Best validation accuracy: 0.9583
2024-11-27 20:17:11,667 - INFO - Early stopping triggered after 19 epochs
2024-11-27 20:17:11,667 - INFO - Best validation accuracy: 0.9583
2024-11-27 20:17:11,811 - INFO - Early stopping triggered after 20 epochs
2024-11-27 20:17:11,811 - INFO - Best validation accuracy: 0.9583
2024-11-27 20:17:11,811 - INFO - Epoch 20
2024-11-27 20:17:11,811 - INFO - Train Loss: 0.2988
2024-11-27 20:17:11,811 - INFO - Val Loss: 0.7124
2024-11-27 20:17:11,811 - INFO - Current Val Accuracy: 0.8333
2024-11-27 20:17:11,811 - INFO - Best Val Accuracy: 0.9583
2024-11-27 20:17:11,955 - INFO - Early stopping triggered after 21 epochs
2024-11-27 20:17:11,955 - INFO - Best validation accuracy: 0.9583
2024-11-27 20:17:12,100 - INFO - Early stopping triggered after 22 epochs
2024-11-27 20:17:12,100 - INFO - Best validation accuracy: 0.9583
2024-11-27 20:17:12,244 - INFO - Early stopping triggered after 23 epochs
2024-11-27 20:17:12,244 - INFO - Best validation accuracy: 0.9583
2024-11-27 20:17:12,388 - INFO - Early stopping triggered after 24 epochs
2024-11-27 20:17:12,388 - INFO - Best validation accuracy: 0.9583
2024-11-27 20:17:12,532 - INFO - Early stopping triggered after 25 epochs
2024-11-27 20:17:12,532 - INFO - Best validation accuracy: 0.9583
2024-11-27 20:17:12,532 - INFO - Epoch 25
2024-11-27 20:17:12,532 - INFO - Train Loss: 0.2402
2024-11-27 20:17:12,532 - INFO - Val Loss: 0.4407
2024-11-27 20:17:12,532 - INFO - Current Val Accuracy: 0.9028
2024-11-27 20:17:12,532 - INFO - Best Val Accuracy: 0.9583
2024-11-27 20:17:12,676 - INFO - Early stopping triggered after 26 epochs
2024-11-27 20:17:12,676 - INFO - Best validation accuracy: 0.9583
2024-11-27 20:17:12,820 - INFO - Early stopping triggered after 27 epochs
2024-11-27 20:17:12,820 - INFO - Best validation accuracy: 0.9583
2024-11-27 20:17:12,964 - INFO - Early stopping triggered after 28 epochs
2024-11-27 20:17:12,964 - INFO - Best validation accuracy: 0.9583
2024-11-27 20:17:13,108 - INFO - Early stopping triggered after 29 epochs
2024-11-27 20:17:13,108 - INFO - Best validation accuracy: 0.9583
2024-11-27 20:17:13,252 - INFO - Early stopping triggered after 30 epochs
2024-11-27 20:17:13,252 - INFO - Best validation accuracy: 0.9583
2024-11-27 20:17:13,252 - INFO - Epoch 30
2024-11-27 20:17:13,252 - INFO - Train Loss: 0.2226
2024-11-27 20:17:13,252 - INFO - Val Loss: 0.5094
2024-11-27 20:17:13,252 - INFO - Current Val Accuracy: 0.7917
2024-11-27 20:17:13,252 - INFO - Best Val Accuracy: 0.9583
2024-11-27 20:17:13,396 - INFO - Early stopping triggered after 31 epochs
2024-11-27 20:17:13,397 - INFO - Best validation accuracy: 0.9583
2024-11-27 20:17:13,541 - INFO - Early stopping triggered after 32 epochs
2024-11-27 20:17:13,541 - INFO - Best validation accuracy: 0.9583
2024-11-27 20:17:13,685 - INFO - Early stopping triggered after 33 epochs
2024-11-27 20:17:13,685 - INFO - Best validation accuracy: 0.9583
2024-11-27 20:17:13,829 - INFO - Early stopping triggered after 34 epochs
2024-11-27 20:17:13,829 - INFO - Best validation accuracy: 0.9583
2024-11-27 20:17:13,973 - INFO - Early stopping triggered after 35 epochs
2024-11-27 20:17:13,973 - INFO - Best validation accuracy: 0.9583
2024-11-27 20:17:13,973 - INFO - Epoch 35
2024-11-27 20:17:13,973 - INFO - Train Loss: 0.2126
2024-11-27 20:17:13,973 - INFO - Val Loss: 0.6700
2024-11-27 20:17:13,973 - INFO - Current Val Accuracy: 0.7500
2024-11-27 20:17:13,973 - INFO - Best Val Accuracy: 0.9583
2024-11-27 20:17:14,117 - INFO - Early stopping triggered after 36 epochs
2024-11-27 20:17:14,117 - INFO - Best validation accuracy: 0.9583
2024-11-27 20:17:14,261 - INFO - Early stopping triggered after 37 epochs
2024-11-27 20:17:14,261 - INFO - Best validation accuracy: 0.9583
2024-11-27 20:17:14,405 - INFO - Early stopping triggered after 38 epochs
2024-11-27 20:17:14,405 - INFO - Best validation accuracy: 0.9583
2024-11-27 20:17:14,549 - INFO - Early stopping triggered after 39 epochs
2024-11-27 20:17:14,549 - INFO - Best validation accuracy: 0.9583
2024-11-27 20:17:14,693 - INFO - Early stopping triggered after 40 epochs
2024-11-27 20:17:14,693 - INFO - Best validation accuracy: 0.9583
2024-11-27 20:17:14,693 - INFO - Epoch 40
2024-11-27 20:17:14,693 - INFO - Train Loss: 0.2107
2024-11-27 20:17:14,693 - INFO - Val Loss: 0.5978
2024-11-27 20:17:14,693 - INFO - Current Val Accuracy: 0.7500
2024-11-27 20:17:14,693 - INFO - Best Val Accuracy: 0.9583
2024-11-27 20:17:14,838 - INFO - Early stopping triggered after 41 epochs
2024-11-27 20:17:14,838 - INFO - Best validation accuracy: 0.9583
2024-11-27 20:17:14,982 - INFO - Early stopping triggered after 42 epochs
2024-11-27 20:17:14,982 - INFO - Best validation accuracy: 0.9583
2024-11-27 20:17:15,127 - INFO - Early stopping triggered after 43 epochs
2024-11-27 20:17:15,127 - INFO - Best validation accuracy: 0.9583
2024-11-27 20:17:15,271 - INFO - Early stopping triggered after 44 epochs
2024-11-27 20:17:15,272 - INFO - Best validation accuracy: 0.9583
2024-11-27 20:17:15,416 - INFO - Early stopping triggered after 45 epochs
2024-11-27 20:17:15,416 - INFO - Best validation accuracy: 0.9583
2024-11-27 20:17:15,416 - INFO - Epoch 45
2024-11-27 20:17:15,416 - INFO - Train Loss: 0.2115
2024-11-27 20:17:15,416 - INFO - Val Loss: 0.4649
2024-11-27 20:17:15,416 - INFO - Current Val Accuracy: 0.8750
2024-11-27 20:17:15,416 - INFO - Best Val Accuracy: 0.9583
2024-11-27 20:17:15,560 - INFO - Early stopping triggered after 46 epochs
2024-11-27 20:17:15,560 - INFO - Best validation accuracy: 0.9583
2024-11-27 20:17:15,704 - INFO - Early stopping triggered after 47 epochs
2024-11-27 20:17:15,704 - INFO - Best validation accuracy: 0.9583
2024-11-27 20:17:15,848 - INFO - Early stopping triggered after 48 epochs
2024-11-27 20:17:15,848 - INFO - Best validation accuracy: 0.9583
2024-11-27 20:17:15,992 - INFO - Early stopping triggered after 49 epochs
2024-11-27 20:17:15,992 - INFO - Best validation accuracy: 0.9583
2024-11-27 20:17:16,136 - INFO - Early stopping triggered after 50 epochs
2024-11-27 20:17:16,136 - INFO - Best validation accuracy: 0.9583
2024-11-27 20:17:16,136 - INFO - Epoch 50
2024-11-27 20:17:16,136 - INFO - Train Loss: 0.2096
2024-11-27 20:17:16,136 - INFO - Val Loss: 0.4423
2024-11-27 20:17:16,136 - INFO - Current Val Accuracy: 0.8750
2024-11-27 20:17:16,136 - INFO - Best Val Accuracy: 0.9583
2024-11-27 20:17:16,280 - INFO - Early stopping triggered after 51 epochs
2024-11-27 20:17:16,280 - INFO - Best validation accuracy: 0.9583
2024-11-27 20:17:16,424 - INFO - Early stopping triggered after 52 epochs
2024-11-27 20:17:16,424 - INFO - Best validation accuracy: 0.9583
2024-11-27 20:17:16,568 - INFO - Early stopping triggered after 53 epochs
2024-11-27 20:17:16,568 - INFO - Best validation accuracy: 0.9583
2024-11-27 20:17:16,712 - INFO - Early stopping triggered after 54 epochs
2024-11-27 20:17:16,712 - INFO - Best validation accuracy: 0.9583
2024-11-27 20:17:16,856 - INFO - Early stopping triggered after 55 epochs
2024-11-27 20:17:16,856 - INFO - Best validation accuracy: 0.9583
2024-11-27 20:17:16,856 - INFO - Epoch 55
2024-11-27 20:17:16,856 - INFO - Train Loss: 0.2137
2024-11-27 20:17:16,856 - INFO - Val Loss: 0.3822
2024-11-27 20:17:16,856 - INFO - Current Val Accuracy: 0.9167
2024-11-27 20:17:16,856 - INFO - Best Val Accuracy: 0.9583
2024-11-27 20:17:17,000 - INFO - Early stopping triggered after 56 epochs
2024-11-27 20:17:17,000 - INFO - Best validation accuracy: 0.9583
2024-11-27 20:17:17,144 - INFO - Early stopping triggered after 57 epochs
2024-11-27 20:17:17,144 - INFO - Best validation accuracy: 0.9583
2024-11-27 20:17:17,288 - INFO - Early stopping triggered after 58 epochs
2024-11-27 20:17:17,289 - INFO - Best validation accuracy: 0.9583
2024-11-27 20:17:17,433 - INFO - Early stopping triggered after 59 epochs
2024-11-27 20:17:17,433 - INFO - Best validation accuracy: 0.9583
2024-11-27 20:17:17,577 - INFO - Early stopping triggered after 60 epochs
2024-11-27 20:17:17,577 - INFO - Best validation accuracy: 0.9583
2024-11-27 20:17:17,577 - INFO - Epoch 60
2024-11-27 20:17:17,577 - INFO - Train Loss: 0.2118
2024-11-27 20:17:17,577 - INFO - Val Loss: 0.4396
2024-11-27 20:17:17,577 - INFO - Current Val Accuracy: 0.9167
2024-11-27 20:17:17,577 - INFO - Best Val Accuracy: 0.9583
2024-11-27 20:17:17,721 - INFO - Early stopping triggered after 61 epochs
2024-11-27 20:17:17,721 - INFO - Best validation accuracy: 0.9583
2024-11-27 20:17:17,865 - INFO - Early stopping triggered after 62 epochs
2024-11-27 20:17:17,865 - INFO - Best validation accuracy: 0.9583
2024-11-27 20:17:18,009 - INFO - Early stopping triggered after 63 epochs
2024-11-27 20:17:18,009 - INFO - Best validation accuracy: 0.9583
2024-11-27 20:17:18,153 - INFO - Early stopping triggered after 64 epochs
2024-11-27 20:17:18,153 - INFO - Best validation accuracy: 0.9583
2024-11-27 20:17:18,297 - INFO - Early stopping triggered after 65 epochs
2024-11-27 20:17:18,297 - INFO - Best validation accuracy: 0.9583
2024-11-27 20:17:18,297 - INFO - Epoch 65
2024-11-27 20:17:18,297 - INFO - Train Loss: 0.2061
2024-11-27 20:17:18,297 - INFO - Val Loss: 0.3823
2024-11-27 20:17:18,297 - INFO - Current Val Accuracy: 0.9167
2024-11-27 20:17:18,297 - INFO - Best Val Accuracy: 0.9583
2024-11-27 20:17:18,441 - INFO - Early stopping triggered after 66 epochs
2024-11-27 20:17:18,441 - INFO - Best validation accuracy: 0.9583
2024-11-27 20:17:18,585 - INFO - Early stopping triggered after 67 epochs
2024-11-27 20:17:18,585 - INFO - Best validation accuracy: 0.9583
2024-11-27 20:17:18,730 - INFO - Early stopping triggered after 68 epochs
2024-11-27 20:17:18,730 - INFO - Best validation accuracy: 0.9583
2024-11-27 20:17:18,874 - INFO - Early stopping triggered after 69 epochs
2024-11-27 20:17:18,874 - INFO - Best validation accuracy: 0.9583
2024-11-27 20:17:19,018 - INFO - Early stopping triggered after 70 epochs
2024-11-27 20:17:19,018 - INFO - Best validation accuracy: 0.9583
2024-11-27 20:17:19,018 - INFO - Epoch 70
2024-11-27 20:17:19,018 - INFO - Train Loss: 0.2083
2024-11-27 20:17:19,018 - INFO - Val Loss: 0.3585
2024-11-27 20:17:19,018 - INFO - Current Val Accuracy: 0.8472
2024-11-27 20:17:19,018 - INFO - Best Val Accuracy: 0.9583
2024-11-27 20:17:19,162 - INFO - Early stopping triggered after 71 epochs
2024-11-27 20:17:19,162 - INFO - Best validation accuracy: 0.9583
2024-11-27 20:17:19,306 - INFO - Early stopping triggered after 72 epochs
2024-11-27 20:17:19,306 - INFO - Best validation accuracy: 0.9583
2024-11-27 20:17:19,450 - INFO - Early stopping triggered after 73 epochs
2024-11-27 20:17:19,450 - INFO - Best validation accuracy: 0.9583
2024-11-27 20:17:19,594 - INFO - Early stopping triggered after 74 epochs
2024-11-27 20:17:19,594 - INFO - Best validation accuracy: 0.9583
2024-11-27 20:17:19,738 - INFO - Early stopping triggered after 75 epochs
2024-11-27 20:17:19,738 - INFO - Best validation accuracy: 0.9583
2024-11-27 20:17:19,738 - INFO - Epoch 75
2024-11-27 20:17:19,738 - INFO - Train Loss: 0.2083
2024-11-27 20:17:19,738 - INFO - Val Loss: 0.3505
2024-11-27 20:17:19,738 - INFO - Current Val Accuracy: 0.9583
2024-11-27 20:17:19,738 - INFO - Best Val Accuracy: 0.9583
2024-11-27 20:17:19,882 - INFO - Early stopping triggered after 76 epochs
2024-11-27 20:17:19,882 - INFO - Best validation accuracy: 0.9583
2024-11-27 20:17:20,026 - INFO - Early stopping triggered after 77 epochs
2024-11-27 20:17:20,026 - INFO - Best validation accuracy: 0.9583
2024-11-27 20:17:20,170 - INFO - Early stopping triggered after 78 epochs
2024-11-27 20:17:20,170 - INFO - Best validation accuracy: 0.9583
2024-11-27 20:17:20,314 - INFO - Early stopping triggered after 79 epochs
2024-11-27 20:17:20,314 - INFO - Best validation accuracy: 0.9583
2024-11-27 20:17:20,458 - INFO - Early stopping triggered after 80 epochs
2024-11-27 20:17:20,458 - INFO - Best validation accuracy: 0.9583
2024-11-27 20:17:20,458 - INFO - Epoch 80
2024-11-27 20:17:20,458 - INFO - Train Loss: 0.2061
2024-11-27 20:17:20,458 - INFO - Val Loss: 0.3341
2024-11-27 20:17:20,458 - INFO - Current Val Accuracy: 0.9583
2024-11-27 20:17:20,458 - INFO - Best Val Accuracy: 0.9583
2024-11-27 20:17:20,602 - INFO - Early stopping triggered after 81 epochs
2024-11-27 20:17:20,602 - INFO - Best validation accuracy: 0.9583
2024-11-27 20:17:20,746 - INFO - Early stopping triggered after 82 epochs
2024-11-27 20:17:20,746 - INFO - Best validation accuracy: 0.9583
2024-11-27 20:17:20,890 - INFO - Early stopping triggered after 83 epochs
2024-11-27 20:17:20,890 - INFO - Best validation accuracy: 0.9583
2024-11-27 20:17:21,034 - INFO - Early stopping triggered after 84 epochs
2024-11-27 20:17:21,034 - INFO - Best validation accuracy: 0.9583
2024-11-27 20:17:21,178 - INFO - Early stopping triggered after 85 epochs
2024-11-27 20:17:21,179 - INFO - Best validation accuracy: 0.9583
2024-11-27 20:17:21,179 - INFO - Epoch 85
2024-11-27 20:17:21,179 - INFO - Train Loss: 0.2067
2024-11-27 20:17:21,179 - INFO - Val Loss: 0.3494
2024-11-27 20:17:21,179 - INFO - Current Val Accuracy: 0.9028
2024-11-27 20:17:21,179 - INFO - Best Val Accuracy: 0.9583
2024-11-27 20:17:21,323 - INFO - Early stopping triggered after 86 epochs
2024-11-27 20:17:21,323 - INFO - Best validation accuracy: 0.9583
2024-11-27 20:17:21,467 - INFO - Early stopping triggered after 87 epochs
2024-11-27 20:17:21,467 - INFO - Best validation accuracy: 0.9583
2024-11-27 20:17:21,611 - INFO - Early stopping triggered after 88 epochs
2024-11-27 20:17:21,611 - INFO - Best validation accuracy: 0.9583
2024-11-27 20:17:21,755 - INFO - Early stopping triggered after 89 epochs
2024-11-27 20:17:21,755 - INFO - Best validation accuracy: 0.9583
2024-11-27 20:17:21,899 - INFO - Early stopping triggered after 90 epochs
2024-11-27 20:17:21,899 - INFO - Best validation accuracy: 0.9583
2024-11-27 20:17:21,899 - INFO - Epoch 90
2024-11-27 20:17:21,899 - INFO - Train Loss: 0.2077
2024-11-27 20:17:21,899 - INFO - Val Loss: 0.4378
2024-11-27 20:17:21,899 - INFO - Current Val Accuracy: 0.8750
2024-11-27 20:17:21,899 - INFO - Best Val Accuracy: 0.9583
2024-11-27 20:17:22,043 - INFO - Early stopping triggered after 91 epochs
2024-11-27 20:17:22,043 - INFO - Best validation accuracy: 0.9583
2024-11-27 20:17:22,187 - INFO - Early stopping triggered after 92 epochs
2024-11-27 20:17:22,187 - INFO - Best validation accuracy: 0.9583
2024-11-27 20:17:22,331 - INFO - Early stopping triggered after 93 epochs
2024-11-27 20:17:22,331 - INFO - Best validation accuracy: 0.9583
2024-11-27 20:17:22,475 - INFO - Early stopping triggered after 94 epochs
2024-11-27 20:17:22,475 - INFO - Best validation accuracy: 0.9583
2024-11-27 20:17:22,619 - INFO - Early stopping triggered after 95 epochs
2024-11-27 20:17:22,619 - INFO - Best validation accuracy: 0.9583
2024-11-27 20:17:22,619 - INFO - Epoch 95
2024-11-27 20:17:22,619 - INFO - Train Loss: 0.2089
2024-11-27 20:17:22,619 - INFO - Val Loss: 0.3728
2024-11-27 20:17:22,619 - INFO - Current Val Accuracy: 0.9583
2024-11-27 20:17:22,619 - INFO - Best Val Accuracy: 0.9583
2024-11-27 20:17:22,763 - INFO - Early stopping triggered after 96 epochs
2024-11-27 20:17:22,763 - INFO - Best validation accuracy: 0.9583
2024-11-27 20:17:22,907 - INFO - Early stopping triggered after 97 epochs
2024-11-27 20:17:22,907 - INFO - Best validation accuracy: 0.9583
2024-11-27 20:17:23,051 - INFO - Early stopping triggered after 98 epochs
2024-11-27 20:17:23,051 - INFO - Best validation accuracy: 0.9583
2024-11-27 20:17:23,195 - INFO - Early stopping triggered after 99 epochs
2024-11-27 20:17:23,195 - INFO - Best validation accuracy: 0.9583
2024-11-27 20:17:23,339 - INFO - Early stopping triggered after 100 epochs
2024-11-27 20:17:23,340 - INFO - Best validation accuracy: 0.9583
2024-11-27 20:17:23,340 - INFO - Epoch 100
2024-11-27 20:17:23,340 - INFO - Train Loss: 0.2087
2024-11-27 20:17:23,340 - INFO - Val Loss: 0.3470
2024-11-27 20:17:23,340 - INFO - Current Val Accuracy: 0.9583
2024-11-27 20:17:23,340 - INFO - Best Val Accuracy: 0.9583
2024-11-27 20:17:23,340 - INFO - 
Best validation metrics for each fold:
2024-11-27 20:17:23,340 - INFO - 
Fold 1:
2024-11-27 20:17:23,340 - INFO - balanced_accuracy: 0.9500
2024-11-27 20:17:23,340 - INFO - precision: 0.9580
2024-11-27 20:17:23,340 - INFO - recall: 0.9545
2024-11-27 20:17:23,340 - INFO - f1: 0.9543
2024-11-27 20:17:23,340 - INFO - auc_roc: 1.0000
2024-11-27 20:17:23,340 - INFO - 
Fold 2:
2024-11-27 20:17:23,340 - INFO - balanced_accuracy: 1.0000
2024-11-27 20:17:23,340 - INFO - precision: 1.0000
2024-11-27 20:17:23,340 - INFO - recall: 1.0000
2024-11-27 20:17:23,340 - INFO - f1: 1.0000
2024-11-27 20:17:23,340 - INFO - auc_roc: 1.0000
2024-11-27 20:17:23,340 - INFO - 
Fold 3:
2024-11-27 20:17:23,340 - INFO - balanced_accuracy: 0.9583
2024-11-27 20:17:23,340 - INFO - precision: 0.9587
2024-11-27 20:17:23,340 - INFO - recall: 0.9545
2024-11-27 20:17:23,340 - INFO - f1: 0.9546
2024-11-27 20:17:23,340 - INFO - auc_roc: 1.0000
2024-11-27 20:17:23,340 - INFO - 
Fold 4:
2024-11-27 20:17:23,340 - INFO - balanced_accuracy: 0.9444
2024-11-27 20:17:23,340 - INFO - precision: 0.9560
2024-11-27 20:17:23,341 - INFO - recall: 0.9524
2024-11-27 20:17:23,341 - INFO - f1: 0.9519
2024-11-27 20:17:23,341 - INFO - auc_roc: 0.9722
2024-11-27 20:17:23,341 - INFO - 
Fold 5:
2024-11-27 20:17:23,341 - INFO - balanced_accuracy: 0.9583
2024-11-27 20:17:23,341 - INFO - precision: 0.9571
2024-11-27 20:17:23,341 - INFO - recall: 0.9524
2024-11-27 20:17:23,341 - INFO - f1: 0.9526
2024-11-27 20:17:23,341 - INFO - auc_roc: 1.0000
2024-11-27 20:17:23,341 - INFO - 
Average metrics across all folds:
2024-11-27 20:17:23,341 - INFO - Average balanced_accuracy: 0.9622
2024-11-27 20:17:23,341 - INFO - Average precision: 0.9660
2024-11-27 20:17:23,341 - INFO - Average recall: 0.9628
2024-11-27 20:17:23,341 - INFO - Average f1: 0.9627
2024-11-27 20:17:23,341 - INFO - Average auc_roc: 0.9944
2024-11-27 20:17:23,341 - INFO - 
Metric standard deviations across folds:
2024-11-27 20:17:23,341 - INFO - balanced_accuracy std: 0.0196
2024-11-27 20:17:23,341 - INFO - precision std: 0.0170
2024-11-27 20:17:23,341 - INFO - recall std: 0.0186
2024-11-27 20:17:23,341 - INFO - f1 std: 0.0187
2024-11-27 20:17:23,341 - INFO - auc_roc std: 0.0111
2024-11-27 20:17:23,341 - INFO - 
Training completed. Best overall accuracy: 1.0000
2024-11-27 20:17:23,343 - INFO - Training time: 72.23s
