2024-11-27 20:57:23,767 - INFO - Starting training pipeline
2024-11-27 20:57:23,768 - INFO - Starting main training phase
2024-11-27 20:57:23,768 - INFO - Loading dataset: species
2024-11-27 20:57:23,768 - INFO - Loading data from: /vol/ecrg-solar/woodj4/fishy-business/data/REIMS.xlsx
2024-11-27 20:57:33,040 - INFO - Loaded data with shape: (306, 2081)
2024-11-27 20:57:33,045 - INFO - Filtered data shape: (108, 2081)
2024-11-27 20:57:33,045 - INFO - Dataset shape after filtering: (108, 2081)
2024-11-27 20:57:33,047 - INFO - Features shape: (108, 2080), Labels shape: (108, 2)
2024-11-27 20:57:33,531 - INFO - Created model: Transformer(
  (attention_layers): ModuleList(
    (0-3): 4 x MultiHeadAttention(
      (qkv): Linear(in_features=2080, out_features=6240, bias=True)
      (fc_out): Linear(in_features=2080, out_features=2080, bias=True)
    )
  )
  (feed_forward): Sequential(
    (0): Linear(in_features=2080, out_features=128, bias=True)
    (1): GELU(approximate='none')
    (2): Dropout(p=0.2, inplace=False)
    (3): Linear(in_features=128, out_features=2080, bias=True)
  )
  (layer_norm1): LayerNorm((2080,), eps=1e-05, elementwise_affine=True)
  (layer_norm2): LayerNorm((2080,), eps=1e-05, elementwise_affine=True)
  (dropout): Dropout(p=0.2, inplace=False)
  (fc_out): Linear(in_features=2080, out_features=2, bias=True)
)
2024-11-27 20:57:33,832 - INFO - Starting k-fold cross validation training
2024-11-27 20:57:33,838 - INFO - 
Starting Fold 1/5
2024-11-27 20:57:33,842 - INFO - Starting data augmentation with 5 augmentations per sample
2024-11-27 20:57:33,881 - INFO - Augmentation complete. Dataset size increased from 86 to 516 samples
2024-11-27 20:57:34,120 - INFO - Epoch 1: New best validation accuracy: 0.5667
2024-11-27 20:57:34,231 - INFO - Epoch 2: New best validation accuracy: 0.9583
2024-11-27 20:57:34,559 - INFO - Epoch 5
2024-11-27 20:57:34,559 - INFO - Train Loss: 8.1572
2024-11-27 20:57:34,559 - INFO - Val Loss: 6.1665
2024-11-27 20:57:34,559 - INFO - Current Val Accuracy: 0.9583
2024-11-27 20:57:34,559 - INFO - Best Val Accuracy: 0.9583
2024-11-27 20:57:34,668 - INFO - Epoch 6: New best validation accuracy: 1.0000
2024-11-27 20:57:34,668 - INFO - Achieved perfect validation accuracy!
2024-11-27 20:57:34,668 - INFO - Current metrics:
2024-11-27 20:57:34,668 - INFO - balanced_accuracy: 1.0000
2024-11-27 20:57:34,668 - INFO - precision: 1.0000
2024-11-27 20:57:34,668 - INFO - recall: 1.0000
2024-11-27 20:57:34,668 - INFO - f1: 1.0000
2024-11-27 20:57:34,668 - INFO - auc_roc: 1.0000
2024-11-27 20:57:35,103 - INFO - Epoch 10
2024-11-27 20:57:35,103 - INFO - Train Loss: 1.5722
2024-11-27 20:57:35,103 - INFO - Val Loss: 1.3753
2024-11-27 20:57:35,103 - INFO - Current Val Accuracy: 1.0000
2024-11-27 20:57:35,103 - INFO - Best Val Accuracy: 1.0000
2024-11-27 20:57:35,646 - INFO - Epoch 15
2024-11-27 20:57:35,646 - INFO - Train Loss: 2.1904
2024-11-27 20:57:35,646 - INFO - Val Loss: 1.5474
2024-11-27 20:57:35,646 - INFO - Current Val Accuracy: 1.0000
2024-11-27 20:57:35,646 - INFO - Best Val Accuracy: 1.0000
2024-11-27 20:57:35,754 - INFO - Early stopping triggered after 16 epochs
2024-11-27 20:57:35,754 - INFO - Best validation accuracy: 1.0000
2024-11-27 20:57:35,864 - INFO - Early stopping triggered after 17 epochs
2024-11-27 20:57:35,864 - INFO - Best validation accuracy: 1.0000
2024-11-27 20:57:35,973 - INFO - Early stopping triggered after 18 epochs
2024-11-27 20:57:35,973 - INFO - Best validation accuracy: 1.0000
2024-11-27 20:57:36,082 - INFO - Early stopping triggered after 19 epochs
2024-11-27 20:57:36,082 - INFO - Best validation accuracy: 1.0000
2024-11-27 20:57:36,190 - INFO - Early stopping triggered after 20 epochs
2024-11-27 20:57:36,190 - INFO - Best validation accuracy: 1.0000
2024-11-27 20:57:36,190 - INFO - Epoch 20
2024-11-27 20:57:36,190 - INFO - Train Loss: 0.4879
2024-11-27 20:57:36,190 - INFO - Val Loss: 0.5035
2024-11-27 20:57:36,190 - INFO - Current Val Accuracy: 0.7000
2024-11-27 20:57:36,190 - INFO - Best Val Accuracy: 1.0000
2024-11-27 20:57:36,299 - INFO - Early stopping triggered after 21 epochs
2024-11-27 20:57:36,299 - INFO - Best validation accuracy: 1.0000
2024-11-27 20:57:36,407 - INFO - Early stopping triggered after 22 epochs
2024-11-27 20:57:36,407 - INFO - Best validation accuracy: 1.0000
2024-11-27 20:57:36,517 - INFO - Early stopping triggered after 23 epochs
2024-11-27 20:57:36,517 - INFO - Best validation accuracy: 1.0000
2024-11-27 20:57:36,626 - INFO - Early stopping triggered after 24 epochs
2024-11-27 20:57:36,626 - INFO - Best validation accuracy: 1.0000
2024-11-27 20:57:36,734 - INFO - Early stopping triggered after 25 epochs
2024-11-27 20:57:36,734 - INFO - Best validation accuracy: 1.0000
2024-11-27 20:57:36,734 - INFO - Epoch 25
2024-11-27 20:57:36,734 - INFO - Train Loss: 1.2871
2024-11-27 20:57:36,734 - INFO - Val Loss: 1.4242
2024-11-27 20:57:36,734 - INFO - Current Val Accuracy: 0.9167
2024-11-27 20:57:36,734 - INFO - Best Val Accuracy: 1.0000
2024-11-27 20:57:36,842 - INFO - Early stopping triggered after 26 epochs
2024-11-27 20:57:36,842 - INFO - Best validation accuracy: 1.0000
2024-11-27 20:57:36,950 - INFO - Early stopping triggered after 27 epochs
2024-11-27 20:57:36,950 - INFO - Best validation accuracy: 1.0000
2024-11-27 20:57:37,058 - INFO - Early stopping triggered after 28 epochs
2024-11-27 20:57:37,058 - INFO - Best validation accuracy: 1.0000
2024-11-27 20:57:37,167 - INFO - Early stopping triggered after 29 epochs
2024-11-27 20:57:37,167 - INFO - Best validation accuracy: 1.0000
2024-11-27 20:57:37,276 - INFO - Early stopping triggered after 30 epochs
2024-11-27 20:57:37,276 - INFO - Best validation accuracy: 1.0000
2024-11-27 20:57:37,276 - INFO - Epoch 30
2024-11-27 20:57:37,276 - INFO - Train Loss: 0.8735
2024-11-27 20:57:37,276 - INFO - Val Loss: 0.7265
2024-11-27 20:57:37,276 - INFO - Current Val Accuracy: 1.0000
2024-11-27 20:57:37,276 - INFO - Best Val Accuracy: 1.0000
2024-11-27 20:57:37,385 - INFO - Early stopping triggered after 31 epochs
2024-11-27 20:57:37,385 - INFO - Best validation accuracy: 1.0000
2024-11-27 20:57:37,492 - INFO - Early stopping triggered after 32 epochs
2024-11-27 20:57:37,492 - INFO - Best validation accuracy: 1.0000
2024-11-27 20:57:37,599 - INFO - Early stopping triggered after 33 epochs
2024-11-27 20:57:37,599 - INFO - Best validation accuracy: 1.0000
2024-11-27 20:57:37,708 - INFO - Early stopping triggered after 34 epochs
2024-11-27 20:57:37,708 - INFO - Best validation accuracy: 1.0000
2024-11-27 20:57:37,816 - INFO - Early stopping triggered after 35 epochs
2024-11-27 20:57:37,816 - INFO - Best validation accuracy: 1.0000
2024-11-27 20:57:37,816 - INFO - Epoch 35
2024-11-27 20:57:37,816 - INFO - Train Loss: 0.3120
2024-11-27 20:57:37,816 - INFO - Val Loss: 0.5189
2024-11-27 20:57:37,816 - INFO - Current Val Accuracy: 0.7083
2024-11-27 20:57:37,816 - INFO - Best Val Accuracy: 1.0000
2024-11-27 20:57:37,926 - INFO - Early stopping triggered after 36 epochs
2024-11-27 20:57:37,926 - INFO - Best validation accuracy: 1.0000
2024-11-27 20:57:38,034 - INFO - Early stopping triggered after 37 epochs
2024-11-27 20:57:38,034 - INFO - Best validation accuracy: 1.0000
2024-11-27 20:57:38,144 - INFO - Early stopping triggered after 38 epochs
2024-11-27 20:57:38,144 - INFO - Best validation accuracy: 1.0000
2024-11-27 20:57:38,252 - INFO - Early stopping triggered after 39 epochs
2024-11-27 20:57:38,252 - INFO - Best validation accuracy: 1.0000
2024-11-27 20:57:38,357 - INFO - Early stopping triggered after 40 epochs
2024-11-27 20:57:38,357 - INFO - Best validation accuracy: 1.0000
2024-11-27 20:57:38,358 - INFO - Epoch 40
2024-11-27 20:57:38,358 - INFO - Train Loss: 0.3295
2024-11-27 20:57:38,358 - INFO - Val Loss: 0.3345
2024-11-27 20:57:38,358 - INFO - Current Val Accuracy: 1.0000
2024-11-27 20:57:38,358 - INFO - Best Val Accuracy: 1.0000
2024-11-27 20:57:38,465 - INFO - Early stopping triggered after 41 epochs
2024-11-27 20:57:38,465 - INFO - Best validation accuracy: 1.0000
2024-11-27 20:57:38,573 - INFO - Early stopping triggered after 42 epochs
2024-11-27 20:57:38,573 - INFO - Best validation accuracy: 1.0000
2024-11-27 20:57:38,682 - INFO - Early stopping triggered after 43 epochs
2024-11-27 20:57:38,682 - INFO - Best validation accuracy: 1.0000
2024-11-27 20:57:38,790 - INFO - Early stopping triggered after 44 epochs
2024-11-27 20:57:38,790 - INFO - Best validation accuracy: 1.0000
2024-11-27 20:57:38,898 - INFO - Early stopping triggered after 45 epochs
2024-11-27 20:57:38,898 - INFO - Best validation accuracy: 1.0000
2024-11-27 20:57:38,898 - INFO - Epoch 45
2024-11-27 20:57:38,898 - INFO - Train Loss: 0.2630
2024-11-27 20:57:38,898 - INFO - Val Loss: 0.3292
2024-11-27 20:57:38,898 - INFO - Current Val Accuracy: 0.9000
2024-11-27 20:57:38,898 - INFO - Best Val Accuracy: 1.0000
2024-11-27 20:57:39,005 - INFO - Early stopping triggered after 46 epochs
2024-11-27 20:57:39,005 - INFO - Best validation accuracy: 1.0000
2024-11-27 20:57:39,113 - INFO - Early stopping triggered after 47 epochs
2024-11-27 20:57:39,113 - INFO - Best validation accuracy: 1.0000
2024-11-27 20:57:39,221 - INFO - Early stopping triggered after 48 epochs
2024-11-27 20:57:39,221 - INFO - Best validation accuracy: 1.0000
2024-11-27 20:57:39,329 - INFO - Early stopping triggered after 49 epochs
2024-11-27 20:57:39,329 - INFO - Best validation accuracy: 1.0000
2024-11-27 20:57:39,437 - INFO - Early stopping triggered after 50 epochs
2024-11-27 20:57:39,437 - INFO - Best validation accuracy: 1.0000
2024-11-27 20:57:39,437 - INFO - Epoch 50
2024-11-27 20:57:39,437 - INFO - Train Loss: 0.2254
2024-11-27 20:57:39,437 - INFO - Val Loss: 0.2367
2024-11-27 20:57:39,437 - INFO - Current Val Accuracy: 1.0000
2024-11-27 20:57:39,437 - INFO - Best Val Accuracy: 1.0000
2024-11-27 20:57:39,544 - INFO - Early stopping triggered after 51 epochs
2024-11-27 20:57:39,544 - INFO - Best validation accuracy: 1.0000
2024-11-27 20:57:39,654 - INFO - Early stopping triggered after 52 epochs
2024-11-27 20:57:39,654 - INFO - Best validation accuracy: 1.0000
2024-11-27 20:57:39,763 - INFO - Early stopping triggered after 53 epochs
2024-11-27 20:57:39,763 - INFO - Best validation accuracy: 1.0000
2024-11-27 20:57:39,872 - INFO - Early stopping triggered after 54 epochs
2024-11-27 20:57:39,872 - INFO - Best validation accuracy: 1.0000
2024-11-27 20:57:39,981 - INFO - Early stopping triggered after 55 epochs
2024-11-27 20:57:39,981 - INFO - Best validation accuracy: 1.0000
2024-11-27 20:57:39,981 - INFO - Epoch 55
2024-11-27 20:57:39,981 - INFO - Train Loss: 0.2173
2024-11-27 20:57:39,981 - INFO - Val Loss: 0.2368
2024-11-27 20:57:39,981 - INFO - Current Val Accuracy: 1.0000
2024-11-27 20:57:39,981 - INFO - Best Val Accuracy: 1.0000
2024-11-27 20:57:40,089 - INFO - Early stopping triggered after 56 epochs
2024-11-27 20:57:40,089 - INFO - Best validation accuracy: 1.0000
2024-11-27 20:57:40,197 - INFO - Early stopping triggered after 57 epochs
2024-11-27 20:57:40,197 - INFO - Best validation accuracy: 1.0000
2024-11-27 20:57:40,305 - INFO - Early stopping triggered after 58 epochs
2024-11-27 20:57:40,305 - INFO - Best validation accuracy: 1.0000
2024-11-27 20:57:40,414 - INFO - Early stopping triggered after 59 epochs
2024-11-27 20:57:40,414 - INFO - Best validation accuracy: 1.0000
2024-11-27 20:57:40,523 - INFO - Early stopping triggered after 60 epochs
2024-11-27 20:57:40,523 - INFO - Best validation accuracy: 1.0000
2024-11-27 20:57:40,523 - INFO - Epoch 60
2024-11-27 20:57:40,524 - INFO - Train Loss: 0.2228
2024-11-27 20:57:40,524 - INFO - Val Loss: 0.2233
2024-11-27 20:57:40,524 - INFO - Current Val Accuracy: 1.0000
2024-11-27 20:57:40,524 - INFO - Best Val Accuracy: 1.0000
2024-11-27 20:57:40,632 - INFO - Early stopping triggered after 61 epochs
2024-11-27 20:57:40,632 - INFO - Best validation accuracy: 1.0000
2024-11-27 20:57:40,740 - INFO - Early stopping triggered after 62 epochs
2024-11-27 20:57:40,740 - INFO - Best validation accuracy: 1.0000
2024-11-27 20:57:40,849 - INFO - Early stopping triggered after 63 epochs
2024-11-27 20:57:40,849 - INFO - Best validation accuracy: 1.0000
2024-11-27 20:57:40,957 - INFO - Early stopping triggered after 64 epochs
2024-11-27 20:57:40,957 - INFO - Best validation accuracy: 1.0000
2024-11-27 20:57:41,066 - INFO - Early stopping triggered after 65 epochs
2024-11-27 20:57:41,066 - INFO - Best validation accuracy: 1.0000
2024-11-27 20:57:41,066 - INFO - Epoch 65
2024-11-27 20:57:41,066 - INFO - Train Loss: 0.2479
2024-11-27 20:57:41,066 - INFO - Val Loss: 0.2428
2024-11-27 20:57:41,066 - INFO - Current Val Accuracy: 1.0000
2024-11-27 20:57:41,066 - INFO - Best Val Accuracy: 1.0000
2024-11-27 20:57:41,174 - INFO - Early stopping triggered after 66 epochs
2024-11-27 20:57:41,174 - INFO - Best validation accuracy: 1.0000
2024-11-27 20:57:41,283 - INFO - Early stopping triggered after 67 epochs
2024-11-27 20:57:41,283 - INFO - Best validation accuracy: 1.0000
2024-11-27 20:57:41,392 - INFO - Early stopping triggered after 68 epochs
2024-11-27 20:57:41,392 - INFO - Best validation accuracy: 1.0000
2024-11-27 20:57:41,500 - INFO - Early stopping triggered after 69 epochs
2024-11-27 20:57:41,500 - INFO - Best validation accuracy: 1.0000
2024-11-27 20:57:41,609 - INFO - Early stopping triggered after 70 epochs
2024-11-27 20:57:41,610 - INFO - Best validation accuracy: 1.0000
2024-11-27 20:57:41,610 - INFO - Epoch 70
2024-11-27 20:57:41,610 - INFO - Train Loss: 0.2190
2024-11-27 20:57:41,610 - INFO - Val Loss: 0.2280
2024-11-27 20:57:41,610 - INFO - Current Val Accuracy: 1.0000
2024-11-27 20:57:41,610 - INFO - Best Val Accuracy: 1.0000
2024-11-27 20:57:41,720 - INFO - Early stopping triggered after 71 epochs
2024-11-27 20:57:41,720 - INFO - Best validation accuracy: 1.0000
2024-11-27 20:57:41,831 - INFO - Early stopping triggered after 72 epochs
2024-11-27 20:57:41,831 - INFO - Best validation accuracy: 1.0000
2024-11-27 20:57:41,941 - INFO - Early stopping triggered after 73 epochs
2024-11-27 20:57:41,941 - INFO - Best validation accuracy: 1.0000
2024-11-27 20:57:42,052 - INFO - Early stopping triggered after 74 epochs
2024-11-27 20:57:42,052 - INFO - Best validation accuracy: 1.0000
2024-11-27 20:57:42,162 - INFO - Early stopping triggered after 75 epochs
2024-11-27 20:57:42,162 - INFO - Best validation accuracy: 1.0000
2024-11-27 20:57:42,162 - INFO - Epoch 75
2024-11-27 20:57:42,162 - INFO - Train Loss: 0.2098
2024-11-27 20:57:42,163 - INFO - Val Loss: 0.2169
2024-11-27 20:57:42,163 - INFO - Current Val Accuracy: 1.0000
2024-11-27 20:57:42,163 - INFO - Best Val Accuracy: 1.0000
2024-11-27 20:57:42,274 - INFO - Early stopping triggered after 76 epochs
2024-11-27 20:57:42,274 - INFO - Best validation accuracy: 1.0000
2024-11-27 20:57:42,383 - INFO - Early stopping triggered after 77 epochs
2024-11-27 20:57:42,383 - INFO - Best validation accuracy: 1.0000
2024-11-27 20:57:42,492 - INFO - Early stopping triggered after 78 epochs
2024-11-27 20:57:42,492 - INFO - Best validation accuracy: 1.0000
2024-11-27 20:57:42,600 - INFO - Early stopping triggered after 79 epochs
2024-11-27 20:57:42,600 - INFO - Best validation accuracy: 1.0000
2024-11-27 20:57:42,707 - INFO - Early stopping triggered after 80 epochs
2024-11-27 20:57:42,707 - INFO - Best validation accuracy: 1.0000
2024-11-27 20:57:42,707 - INFO - Epoch 80
2024-11-27 20:57:42,707 - INFO - Train Loss: 0.2083
2024-11-27 20:57:42,707 - INFO - Val Loss: 0.2125
2024-11-27 20:57:42,707 - INFO - Current Val Accuracy: 1.0000
2024-11-27 20:57:42,707 - INFO - Best Val Accuracy: 1.0000
2024-11-27 20:57:42,816 - INFO - Early stopping triggered after 81 epochs
2024-11-27 20:57:42,816 - INFO - Best validation accuracy: 1.0000
2024-11-27 20:57:42,924 - INFO - Early stopping triggered after 82 epochs
2024-11-27 20:57:42,924 - INFO - Best validation accuracy: 1.0000
2024-11-27 20:57:43,033 - INFO - Early stopping triggered after 83 epochs
2024-11-27 20:57:43,033 - INFO - Best validation accuracy: 1.0000
2024-11-27 20:57:43,142 - INFO - Early stopping triggered after 84 epochs
2024-11-27 20:57:43,142 - INFO - Best validation accuracy: 1.0000
2024-11-27 20:57:43,252 - INFO - Early stopping triggered after 85 epochs
2024-11-27 20:57:43,252 - INFO - Best validation accuracy: 1.0000
2024-11-27 20:57:43,252 - INFO - Epoch 85
2024-11-27 20:57:43,252 - INFO - Train Loss: 0.2056
2024-11-27 20:57:43,252 - INFO - Val Loss: 0.2106
2024-11-27 20:57:43,252 - INFO - Current Val Accuracy: 1.0000
2024-11-27 20:57:43,252 - INFO - Best Val Accuracy: 1.0000
2024-11-27 20:57:43,358 - INFO - Early stopping triggered after 86 epochs
2024-11-27 20:57:43,358 - INFO - Best validation accuracy: 1.0000
2024-11-27 20:57:43,466 - INFO - Early stopping triggered after 87 epochs
2024-11-27 20:57:43,466 - INFO - Best validation accuracy: 1.0000
2024-11-27 20:57:43,574 - INFO - Early stopping triggered after 88 epochs
2024-11-27 20:57:43,574 - INFO - Best validation accuracy: 1.0000
2024-11-27 20:57:43,683 - INFO - Early stopping triggered after 89 epochs
2024-11-27 20:57:43,683 - INFO - Best validation accuracy: 1.0000
2024-11-27 20:57:43,791 - INFO - Early stopping triggered after 90 epochs
2024-11-27 20:57:43,791 - INFO - Best validation accuracy: 1.0000
2024-11-27 20:57:43,791 - INFO - Epoch 90
2024-11-27 20:57:43,791 - INFO - Train Loss: 0.2028
2024-11-27 20:57:43,791 - INFO - Val Loss: 0.2126
2024-11-27 20:57:43,791 - INFO - Current Val Accuracy: 1.0000
2024-11-27 20:57:43,792 - INFO - Best Val Accuracy: 1.0000
2024-11-27 20:57:43,900 - INFO - Early stopping triggered after 91 epochs
2024-11-27 20:57:43,900 - INFO - Best validation accuracy: 1.0000
2024-11-27 20:57:44,008 - INFO - Early stopping triggered after 92 epochs
2024-11-27 20:57:44,008 - INFO - Best validation accuracy: 1.0000
2024-11-27 20:57:44,116 - INFO - Early stopping triggered after 93 epochs
2024-11-27 20:57:44,117 - INFO - Best validation accuracy: 1.0000
2024-11-27 20:57:44,226 - INFO - Early stopping triggered after 94 epochs
2024-11-27 20:57:44,226 - INFO - Best validation accuracy: 1.0000
2024-11-27 20:57:44,334 - INFO - Early stopping triggered after 95 epochs
2024-11-27 20:57:44,334 - INFO - Best validation accuracy: 1.0000
2024-11-27 20:57:44,334 - INFO - Epoch 95
2024-11-27 20:57:44,334 - INFO - Train Loss: 0.2059
2024-11-27 20:57:44,334 - INFO - Val Loss: 0.2279
2024-11-27 20:57:44,334 - INFO - Current Val Accuracy: 1.0000
2024-11-27 20:57:44,335 - INFO - Best Val Accuracy: 1.0000
2024-11-27 20:57:44,441 - INFO - Early stopping triggered after 96 epochs
2024-11-27 20:57:44,441 - INFO - Best validation accuracy: 1.0000
2024-11-27 20:57:44,549 - INFO - Early stopping triggered after 97 epochs
2024-11-27 20:57:44,549 - INFO - Best validation accuracy: 1.0000
2024-11-27 20:57:44,658 - INFO - Early stopping triggered after 98 epochs
2024-11-27 20:57:44,658 - INFO - Best validation accuracy: 1.0000
2024-11-27 20:57:44,765 - INFO - Early stopping triggered after 99 epochs
2024-11-27 20:57:44,765 - INFO - Best validation accuracy: 1.0000
2024-11-27 20:57:44,874 - INFO - Early stopping triggered after 100 epochs
2024-11-27 20:57:44,874 - INFO - Best validation accuracy: 1.0000
2024-11-27 20:57:44,874 - INFO - Epoch 100
2024-11-27 20:57:44,874 - INFO - Train Loss: 0.2065
2024-11-27 20:57:44,874 - INFO - Val Loss: 0.2147
2024-11-27 20:57:44,874 - INFO - Current Val Accuracy: 1.0000
2024-11-27 20:57:44,874 - INFO - Best Val Accuracy: 1.0000
2024-11-27 20:57:44,876 - INFO - 
New best overall accuracy: 1.0000 (Fold 1)
2024-11-27 20:57:44,876 - INFO - 
Starting Fold 2/5
2024-11-27 20:57:44,880 - INFO - Starting data augmentation with 5 augmentations per sample
2024-11-27 20:57:44,918 - INFO - Augmentation complete. Dataset size increased from 86 to 516 samples
2024-11-27 20:57:45,037 - INFO - Epoch 1: New best validation accuracy: 0.7083
2024-11-27 20:57:45,148 - INFO - Epoch 2: New best validation accuracy: 0.9083
2024-11-27 20:57:45,475 - INFO - Epoch 5: New best validation accuracy: 0.9500
2024-11-27 20:57:45,475 - INFO - Epoch 5
2024-11-27 20:57:45,475 - INFO - Train Loss: 4.7200
2024-11-27 20:57:45,475 - INFO - Val Loss: 8.4433
2024-11-27 20:57:45,475 - INFO - Current Val Accuracy: 0.9500
2024-11-27 20:57:45,475 - INFO - Best Val Accuracy: 0.9500
2024-11-27 20:57:46,024 - INFO - Epoch 10
2024-11-27 20:57:46,024 - INFO - Train Loss: 1.0616
2024-11-27 20:57:46,024 - INFO - Val Loss: 3.5000
2024-11-27 20:57:46,024 - INFO - Current Val Accuracy: 0.7000
2024-11-27 20:57:46,024 - INFO - Best Val Accuracy: 0.9500
2024-11-27 20:57:46,245 - INFO - Epoch 12: New best validation accuracy: 1.0000
2024-11-27 20:57:46,245 - INFO - Achieved perfect validation accuracy!
2024-11-27 20:57:46,245 - INFO - Current metrics:
2024-11-27 20:57:46,245 - INFO - balanced_accuracy: 1.0000
2024-11-27 20:57:46,245 - INFO - precision: 1.0000
2024-11-27 20:57:46,245 - INFO - recall: 1.0000
2024-11-27 20:57:46,245 - INFO - f1: 1.0000
2024-11-27 20:57:46,245 - INFO - auc_roc: 1.0000
2024-11-27 20:57:46,577 - INFO - Epoch 15
2024-11-27 20:57:46,577 - INFO - Train Loss: 1.8476
2024-11-27 20:57:46,577 - INFO - Val Loss: 2.6524
2024-11-27 20:57:46,577 - INFO - Current Val Accuracy: 0.9500
2024-11-27 20:57:46,577 - INFO - Best Val Accuracy: 1.0000
2024-11-27 20:57:47,129 - INFO - Epoch 20
2024-11-27 20:57:47,129 - INFO - Train Loss: 1.6039
2024-11-27 20:57:47,129 - INFO - Val Loss: 3.3586
2024-11-27 20:57:47,129 - INFO - Current Val Accuracy: 0.9500
2024-11-27 20:57:47,129 - INFO - Best Val Accuracy: 1.0000
2024-11-27 20:57:47,349 - INFO - Early stopping triggered after 22 epochs
2024-11-27 20:57:47,349 - INFO - Best validation accuracy: 1.0000
2024-11-27 20:57:47,460 - INFO - Early stopping triggered after 23 epochs
2024-11-27 20:57:47,460 - INFO - Best validation accuracy: 1.0000
2024-11-27 20:57:47,570 - INFO - Early stopping triggered after 24 epochs
2024-11-27 20:57:47,570 - INFO - Best validation accuracy: 1.0000
2024-11-27 20:57:47,681 - INFO - Early stopping triggered after 25 epochs
2024-11-27 20:57:47,681 - INFO - Best validation accuracy: 1.0000
2024-11-27 20:57:47,681 - INFO - Epoch 25
2024-11-27 20:57:47,681 - INFO - Train Loss: 1.7397
2024-11-27 20:57:47,681 - INFO - Val Loss: 3.9911
2024-11-27 20:57:47,681 - INFO - Current Val Accuracy: 0.9500
2024-11-27 20:57:47,681 - INFO - Best Val Accuracy: 1.0000
2024-11-27 20:57:47,791 - INFO - Early stopping triggered after 26 epochs
2024-11-27 20:57:47,791 - INFO - Best validation accuracy: 1.0000
2024-11-27 20:57:47,902 - INFO - Early stopping triggered after 27 epochs
2024-11-27 20:57:47,902 - INFO - Best validation accuracy: 1.0000
2024-11-27 20:57:48,012 - INFO - Early stopping triggered after 28 epochs
2024-11-27 20:57:48,012 - INFO - Best validation accuracy: 1.0000
2024-11-27 20:57:48,123 - INFO - Early stopping triggered after 29 epochs
2024-11-27 20:57:48,123 - INFO - Best validation accuracy: 1.0000
2024-11-27 20:57:48,233 - INFO - Early stopping triggered after 30 epochs
2024-11-27 20:57:48,233 - INFO - Best validation accuracy: 1.0000
2024-11-27 20:57:48,233 - INFO - Epoch 30
2024-11-27 20:57:48,234 - INFO - Train Loss: 1.0217
2024-11-27 20:57:48,234 - INFO - Val Loss: 2.1623
2024-11-27 20:57:48,234 - INFO - Current Val Accuracy: 0.9500
2024-11-27 20:57:48,234 - INFO - Best Val Accuracy: 1.0000
2024-11-27 20:57:48,345 - INFO - Early stopping triggered after 31 epochs
2024-11-27 20:57:48,345 - INFO - Best validation accuracy: 1.0000
2024-11-27 20:57:48,455 - INFO - Early stopping triggered after 32 epochs
2024-11-27 20:57:48,455 - INFO - Best validation accuracy: 1.0000
2024-11-27 20:57:48,565 - INFO - Early stopping triggered after 33 epochs
2024-11-27 20:57:48,565 - INFO - Best validation accuracy: 1.0000
2024-11-27 20:57:48,676 - INFO - Early stopping triggered after 34 epochs
2024-11-27 20:57:48,676 - INFO - Best validation accuracy: 1.0000
2024-11-27 20:57:48,786 - INFO - Early stopping triggered after 35 epochs
2024-11-27 20:57:48,786 - INFO - Best validation accuracy: 1.0000
2024-11-27 20:57:48,786 - INFO - Epoch 35
2024-11-27 20:57:48,786 - INFO - Train Loss: 0.3083
2024-11-27 20:57:48,786 - INFO - Val Loss: 0.3642
2024-11-27 20:57:48,786 - INFO - Current Val Accuracy: 0.9500
2024-11-27 20:57:48,786 - INFO - Best Val Accuracy: 1.0000
2024-11-27 20:57:48,897 - INFO - Early stopping triggered after 36 epochs
2024-11-27 20:57:48,897 - INFO - Best validation accuracy: 1.0000
2024-11-27 20:57:49,007 - INFO - Early stopping triggered after 37 epochs
2024-11-27 20:57:49,007 - INFO - Best validation accuracy: 1.0000
2024-11-27 20:57:49,117 - INFO - Early stopping triggered after 38 epochs
2024-11-27 20:57:49,117 - INFO - Best validation accuracy: 1.0000
2024-11-27 20:57:49,228 - INFO - Early stopping triggered after 39 epochs
2024-11-27 20:57:49,228 - INFO - Best validation accuracy: 1.0000
2024-11-27 20:57:49,338 - INFO - Early stopping triggered after 40 epochs
2024-11-27 20:57:49,338 - INFO - Best validation accuracy: 1.0000
2024-11-27 20:57:49,338 - INFO - Epoch 40
2024-11-27 20:57:49,338 - INFO - Train Loss: 0.2859
2024-11-27 20:57:49,338 - INFO - Val Loss: 0.4070
2024-11-27 20:57:49,338 - INFO - Current Val Accuracy: 0.9500
2024-11-27 20:57:49,338 - INFO - Best Val Accuracy: 1.0000
2024-11-27 20:57:49,449 - INFO - Early stopping triggered after 41 epochs
2024-11-27 20:57:49,449 - INFO - Best validation accuracy: 1.0000
2024-11-27 20:57:49,559 - INFO - Early stopping triggered after 42 epochs
2024-11-27 20:57:49,559 - INFO - Best validation accuracy: 1.0000
2024-11-27 20:57:49,669 - INFO - Early stopping triggered after 43 epochs
2024-11-27 20:57:49,670 - INFO - Best validation accuracy: 1.0000
2024-11-27 20:57:49,780 - INFO - Early stopping triggered after 44 epochs
2024-11-27 20:57:49,780 - INFO - Best validation accuracy: 1.0000
2024-11-27 20:57:49,890 - INFO - Early stopping triggered after 45 epochs
2024-11-27 20:57:49,890 - INFO - Best validation accuracy: 1.0000
2024-11-27 20:57:49,890 - INFO - Epoch 45
2024-11-27 20:57:49,890 - INFO - Train Loss: 0.2341
2024-11-27 20:57:49,891 - INFO - Val Loss: 0.2280
2024-11-27 20:57:49,891 - INFO - Current Val Accuracy: 1.0000
2024-11-27 20:57:49,891 - INFO - Best Val Accuracy: 1.0000
2024-11-27 20:57:50,001 - INFO - Early stopping triggered after 46 epochs
2024-11-27 20:57:50,001 - INFO - Best validation accuracy: 1.0000
2024-11-27 20:57:50,112 - INFO - Early stopping triggered after 47 epochs
2024-11-27 20:57:50,112 - INFO - Best validation accuracy: 1.0000
2024-11-27 20:57:50,222 - INFO - Early stopping triggered after 48 epochs
2024-11-27 20:57:50,222 - INFO - Best validation accuracy: 1.0000
2024-11-27 20:57:50,332 - INFO - Early stopping triggered after 49 epochs
2024-11-27 20:57:50,332 - INFO - Best validation accuracy: 1.0000
2024-11-27 20:57:50,437 - INFO - Early stopping triggered after 50 epochs
2024-11-27 20:57:50,437 - INFO - Best validation accuracy: 1.0000
2024-11-27 20:57:50,437 - INFO - Epoch 50
2024-11-27 20:57:50,437 - INFO - Train Loss: 0.2906
2024-11-27 20:57:50,438 - INFO - Val Loss: 0.3288
2024-11-27 20:57:50,438 - INFO - Current Val Accuracy: 0.9500
2024-11-27 20:57:50,438 - INFO - Best Val Accuracy: 1.0000
2024-11-27 20:57:50,546 - INFO - Early stopping triggered after 51 epochs
2024-11-27 20:57:50,546 - INFO - Best validation accuracy: 1.0000
2024-11-27 20:57:50,656 - INFO - Early stopping triggered after 52 epochs
2024-11-27 20:57:50,656 - INFO - Best validation accuracy: 1.0000
2024-11-27 20:57:50,766 - INFO - Early stopping triggered after 53 epochs
2024-11-27 20:57:50,767 - INFO - Best validation accuracy: 1.0000
2024-11-27 20:57:50,877 - INFO - Early stopping triggered after 54 epochs
2024-11-27 20:57:50,877 - INFO - Best validation accuracy: 1.0000
2024-11-27 20:57:50,988 - INFO - Early stopping triggered after 55 epochs
2024-11-27 20:57:50,988 - INFO - Best validation accuracy: 1.0000
2024-11-27 20:57:50,988 - INFO - Epoch 55
2024-11-27 20:57:50,988 - INFO - Train Loss: 0.2222
2024-11-27 20:57:50,988 - INFO - Val Loss: 0.2857
2024-11-27 20:57:50,988 - INFO - Current Val Accuracy: 0.9500
2024-11-27 20:57:50,988 - INFO - Best Val Accuracy: 1.0000
2024-11-27 20:57:51,098 - INFO - Early stopping triggered after 56 epochs
2024-11-27 20:57:51,098 - INFO - Best validation accuracy: 1.0000
2024-11-27 20:57:51,209 - INFO - Early stopping triggered after 57 epochs
2024-11-27 20:57:51,209 - INFO - Best validation accuracy: 1.0000
2024-11-27 20:57:51,319 - INFO - Early stopping triggered after 58 epochs
2024-11-27 20:57:51,319 - INFO - Best validation accuracy: 1.0000
2024-11-27 20:57:51,430 - INFO - Early stopping triggered after 59 epochs
2024-11-27 20:57:51,430 - INFO - Best validation accuracy: 1.0000
2024-11-27 20:57:51,540 - INFO - Early stopping triggered after 60 epochs
2024-11-27 20:57:51,540 - INFO - Best validation accuracy: 1.0000
2024-11-27 20:57:51,540 - INFO - Epoch 60
2024-11-27 20:57:51,540 - INFO - Train Loss: 0.2127
2024-11-27 20:57:51,540 - INFO - Val Loss: 0.2432
2024-11-27 20:57:51,540 - INFO - Current Val Accuracy: 0.9500
2024-11-27 20:57:51,540 - INFO - Best Val Accuracy: 1.0000
2024-11-27 20:57:51,651 - INFO - Early stopping triggered after 61 epochs
2024-11-27 20:57:51,651 - INFO - Best validation accuracy: 1.0000
2024-11-27 20:57:51,762 - INFO - Early stopping triggered after 62 epochs
2024-11-27 20:57:51,762 - INFO - Best validation accuracy: 1.0000
2024-11-27 20:57:51,872 - INFO - Early stopping triggered after 63 epochs
2024-11-27 20:57:51,872 - INFO - Best validation accuracy: 1.0000
2024-11-27 20:57:51,983 - INFO - Early stopping triggered after 64 epochs
2024-11-27 20:57:51,983 - INFO - Best validation accuracy: 1.0000
2024-11-27 20:57:52,093 - INFO - Early stopping triggered after 65 epochs
2024-11-27 20:57:52,093 - INFO - Best validation accuracy: 1.0000
2024-11-27 20:57:52,093 - INFO - Epoch 65
2024-11-27 20:57:52,093 - INFO - Train Loss: 0.2116
2024-11-27 20:57:52,093 - INFO - Val Loss: 0.2925
2024-11-27 20:57:52,093 - INFO - Current Val Accuracy: 0.9500
2024-11-27 20:57:52,093 - INFO - Best Val Accuracy: 1.0000
2024-11-27 20:57:52,204 - INFO - Early stopping triggered after 66 epochs
2024-11-27 20:57:52,204 - INFO - Best validation accuracy: 1.0000
2024-11-27 20:57:52,314 - INFO - Early stopping triggered after 67 epochs
2024-11-27 20:57:52,314 - INFO - Best validation accuracy: 1.0000
2024-11-27 20:57:52,425 - INFO - Early stopping triggered after 68 epochs
2024-11-27 20:57:52,425 - INFO - Best validation accuracy: 1.0000
2024-11-27 20:57:52,535 - INFO - Early stopping triggered after 69 epochs
2024-11-27 20:57:52,535 - INFO - Best validation accuracy: 1.0000
2024-11-27 20:57:52,646 - INFO - Early stopping triggered after 70 epochs
2024-11-27 20:57:52,646 - INFO - Best validation accuracy: 1.0000
2024-11-27 20:57:52,646 - INFO - Epoch 70
2024-11-27 20:57:52,646 - INFO - Train Loss: 0.2111
2024-11-27 20:57:52,646 - INFO - Val Loss: 0.2765
2024-11-27 20:57:52,646 - INFO - Current Val Accuracy: 0.9500
2024-11-27 20:57:52,646 - INFO - Best Val Accuracy: 1.0000
2024-11-27 20:57:52,757 - INFO - Early stopping triggered after 71 epochs
2024-11-27 20:57:52,757 - INFO - Best validation accuracy: 1.0000
2024-11-27 20:57:52,867 - INFO - Early stopping triggered after 72 epochs
2024-11-27 20:57:52,867 - INFO - Best validation accuracy: 1.0000
2024-11-27 20:57:52,977 - INFO - Early stopping triggered after 73 epochs
2024-11-27 20:57:52,977 - INFO - Best validation accuracy: 1.0000
2024-11-27 20:57:53,088 - INFO - Early stopping triggered after 74 epochs
2024-11-27 20:57:53,088 - INFO - Best validation accuracy: 1.0000
2024-11-27 20:57:53,198 - INFO - Early stopping triggered after 75 epochs
2024-11-27 20:57:53,198 - INFO - Best validation accuracy: 1.0000
2024-11-27 20:57:53,198 - INFO - Epoch 75
2024-11-27 20:57:53,198 - INFO - Train Loss: 0.2048
2024-11-27 20:57:53,198 - INFO - Val Loss: 0.2754
2024-11-27 20:57:53,198 - INFO - Current Val Accuracy: 0.9500
2024-11-27 20:57:53,198 - INFO - Best Val Accuracy: 1.0000
2024-11-27 20:57:53,309 - INFO - Early stopping triggered after 76 epochs
2024-11-27 20:57:53,309 - INFO - Best validation accuracy: 1.0000
2024-11-27 20:57:53,419 - INFO - Early stopping triggered after 77 epochs
2024-11-27 20:57:53,419 - INFO - Best validation accuracy: 1.0000
2024-11-27 20:57:53,530 - INFO - Early stopping triggered after 78 epochs
2024-11-27 20:57:53,530 - INFO - Best validation accuracy: 1.0000
2024-11-27 20:57:53,640 - INFO - Early stopping triggered after 79 epochs
2024-11-27 20:57:53,640 - INFO - Best validation accuracy: 1.0000
2024-11-27 20:57:53,751 - INFO - Early stopping triggered after 80 epochs
2024-11-27 20:57:53,751 - INFO - Best validation accuracy: 1.0000
2024-11-27 20:57:53,751 - INFO - Epoch 80
2024-11-27 20:57:53,751 - INFO - Train Loss: 0.2049
2024-11-27 20:57:53,751 - INFO - Val Loss: 0.2808
2024-11-27 20:57:53,751 - INFO - Current Val Accuracy: 0.9500
2024-11-27 20:57:53,751 - INFO - Best Val Accuracy: 1.0000
2024-11-27 20:57:53,862 - INFO - Early stopping triggered after 81 epochs
2024-11-27 20:57:53,862 - INFO - Best validation accuracy: 1.0000
2024-11-27 20:57:53,973 - INFO - Early stopping triggered after 82 epochs
2024-11-27 20:57:53,973 - INFO - Best validation accuracy: 1.0000
2024-11-27 20:57:54,083 - INFO - Early stopping triggered after 83 epochs
2024-11-27 20:57:54,083 - INFO - Best validation accuracy: 1.0000
2024-11-27 20:57:54,194 - INFO - Early stopping triggered after 84 epochs
2024-11-27 20:57:54,194 - INFO - Best validation accuracy: 1.0000
2024-11-27 20:57:54,305 - INFO - Early stopping triggered after 85 epochs
2024-11-27 20:57:54,305 - INFO - Best validation accuracy: 1.0000
2024-11-27 20:57:54,305 - INFO - Epoch 85
2024-11-27 20:57:54,305 - INFO - Train Loss: 0.2072
2024-11-27 20:57:54,305 - INFO - Val Loss: 0.2688
2024-11-27 20:57:54,305 - INFO - Current Val Accuracy: 0.9500
2024-11-27 20:57:54,305 - INFO - Best Val Accuracy: 1.0000
2024-11-27 20:57:54,415 - INFO - Early stopping triggered after 86 epochs
2024-11-27 20:57:54,415 - INFO - Best validation accuracy: 1.0000
2024-11-27 20:57:54,525 - INFO - Early stopping triggered after 87 epochs
2024-11-27 20:57:54,525 - INFO - Best validation accuracy: 1.0000
2024-11-27 20:57:54,634 - INFO - Early stopping triggered after 88 epochs
2024-11-27 20:57:54,634 - INFO - Best validation accuracy: 1.0000
2024-11-27 20:57:54,743 - INFO - Early stopping triggered after 89 epochs
2024-11-27 20:57:54,743 - INFO - Best validation accuracy: 1.0000
2024-11-27 20:57:54,852 - INFO - Early stopping triggered after 90 epochs
2024-11-27 20:57:54,852 - INFO - Best validation accuracy: 1.0000
2024-11-27 20:57:54,852 - INFO - Epoch 90
2024-11-27 20:57:54,852 - INFO - Train Loss: 0.2127
2024-11-27 20:57:54,852 - INFO - Val Loss: 0.2991
2024-11-27 20:57:54,852 - INFO - Current Val Accuracy: 0.9500
2024-11-27 20:57:54,852 - INFO - Best Val Accuracy: 1.0000
2024-11-27 20:57:54,961 - INFO - Early stopping triggered after 91 epochs
2024-11-27 20:57:54,961 - INFO - Best validation accuracy: 1.0000
2024-11-27 20:57:55,070 - INFO - Early stopping triggered after 92 epochs
2024-11-27 20:57:55,070 - INFO - Best validation accuracy: 1.0000
2024-11-27 20:57:55,180 - INFO - Early stopping triggered after 93 epochs
2024-11-27 20:57:55,180 - INFO - Best validation accuracy: 1.0000
2024-11-27 20:57:55,291 - INFO - Early stopping triggered after 94 epochs
2024-11-27 20:57:55,291 - INFO - Best validation accuracy: 1.0000
2024-11-27 20:57:55,401 - INFO - Early stopping triggered after 95 epochs
2024-11-27 20:57:55,401 - INFO - Best validation accuracy: 1.0000
2024-11-27 20:57:55,401 - INFO - Epoch 95
2024-11-27 20:57:55,401 - INFO - Train Loss: 0.2043
2024-11-27 20:57:55,401 - INFO - Val Loss: 0.2720
2024-11-27 20:57:55,401 - INFO - Current Val Accuracy: 0.9500
2024-11-27 20:57:55,401 - INFO - Best Val Accuracy: 1.0000
2024-11-27 20:57:55,511 - INFO - Early stopping triggered after 96 epochs
2024-11-27 20:57:55,512 - INFO - Best validation accuracy: 1.0000
2024-11-27 20:57:55,622 - INFO - Early stopping triggered after 97 epochs
2024-11-27 20:57:55,622 - INFO - Best validation accuracy: 1.0000
2024-11-27 20:57:55,732 - INFO - Early stopping triggered after 98 epochs
2024-11-27 20:57:55,732 - INFO - Best validation accuracy: 1.0000
2024-11-27 20:57:55,843 - INFO - Early stopping triggered after 99 epochs
2024-11-27 20:57:55,843 - INFO - Best validation accuracy: 1.0000
2024-11-27 20:57:55,954 - INFO - Early stopping triggered after 100 epochs
2024-11-27 20:57:55,954 - INFO - Best validation accuracy: 1.0000
2024-11-27 20:57:55,954 - INFO - Epoch 100
2024-11-27 20:57:55,954 - INFO - Train Loss: 0.2024
2024-11-27 20:57:55,954 - INFO - Val Loss: 0.2755
2024-11-27 20:57:55,954 - INFO - Current Val Accuracy: 0.9500
2024-11-27 20:57:55,954 - INFO - Best Val Accuracy: 1.0000
2024-11-27 20:57:55,954 - INFO - 
Starting Fold 3/5
2024-11-27 20:57:55,956 - INFO - Starting data augmentation with 5 augmentations per sample
2024-11-27 20:57:55,994 - INFO - Augmentation complete. Dataset size increased from 86 to 516 samples
2024-11-27 20:57:56,096 - INFO - Epoch 1: New best validation accuracy: 0.7167
2024-11-27 20:57:56,287 - INFO - Epoch 3: New best validation accuracy: 0.9167
2024-11-27 20:57:56,478 - INFO - Epoch 5: New best validation accuracy: 1.0000
2024-11-27 20:57:56,478 - INFO - Achieved perfect validation accuracy!
2024-11-27 20:57:56,478 - INFO - Current metrics:
2024-11-27 20:57:56,478 - INFO - balanced_accuracy: 1.0000
2024-11-27 20:57:56,478 - INFO - precision: 1.0000
2024-11-27 20:57:56,478 - INFO - recall: 1.0000
2024-11-27 20:57:56,478 - INFO - f1: 1.0000
2024-11-27 20:57:56,478 - INFO - auc_roc: 1.0000
2024-11-27 20:57:56,478 - INFO - Epoch 5
2024-11-27 20:57:56,478 - INFO - Train Loss: 3.9534
2024-11-27 20:57:56,478 - INFO - Val Loss: 1.7195
2024-11-27 20:57:56,478 - INFO - Current Val Accuracy: 1.0000
2024-11-27 20:57:56,478 - INFO - Best Val Accuracy: 1.0000
2024-11-27 20:57:56,952 - INFO - Epoch 10
2024-11-27 20:57:56,952 - INFO - Train Loss: 5.7170
2024-11-27 20:57:56,952 - INFO - Val Loss: 3.4615
2024-11-27 20:57:56,952 - INFO - Current Val Accuracy: 1.0000
2024-11-27 20:57:56,952 - INFO - Best Val Accuracy: 1.0000
2024-11-27 20:57:57,425 - INFO - Early stopping triggered after 15 epochs
2024-11-27 20:57:57,426 - INFO - Best validation accuracy: 1.0000
2024-11-27 20:57:57,426 - INFO - Epoch 15
2024-11-27 20:57:57,426 - INFO - Train Loss: 0.7350
2024-11-27 20:57:57,426 - INFO - Val Loss: 1.1879
2024-11-27 20:57:57,426 - INFO - Current Val Accuracy: 0.9583
2024-11-27 20:57:57,426 - INFO - Best Val Accuracy: 1.0000
2024-11-27 20:57:57,520 - INFO - Early stopping triggered after 16 epochs
2024-11-27 20:57:57,520 - INFO - Best validation accuracy: 1.0000
2024-11-27 20:57:57,615 - INFO - Early stopping triggered after 17 epochs
2024-11-27 20:57:57,615 - INFO - Best validation accuracy: 1.0000
2024-11-27 20:57:57,710 - INFO - Early stopping triggered after 18 epochs
2024-11-27 20:57:57,710 - INFO - Best validation accuracy: 1.0000
2024-11-27 20:57:57,805 - INFO - Early stopping triggered after 19 epochs
2024-11-27 20:57:57,805 - INFO - Best validation accuracy: 1.0000
2024-11-27 20:57:57,899 - INFO - Early stopping triggered after 20 epochs
2024-11-27 20:57:57,899 - INFO - Best validation accuracy: 1.0000
2024-11-27 20:57:57,900 - INFO - Epoch 20
2024-11-27 20:57:57,900 - INFO - Train Loss: 0.4987
2024-11-27 20:57:57,900 - INFO - Val Loss: 1.3820
2024-11-27 20:57:57,900 - INFO - Current Val Accuracy: 0.8583
2024-11-27 20:57:57,900 - INFO - Best Val Accuracy: 1.0000
2024-11-27 20:57:57,994 - INFO - Early stopping triggered after 21 epochs
2024-11-27 20:57:57,994 - INFO - Best validation accuracy: 1.0000
2024-11-27 20:57:58,089 - INFO - Early stopping triggered after 22 epochs
2024-11-27 20:57:58,089 - INFO - Best validation accuracy: 1.0000
2024-11-27 20:57:58,184 - INFO - Early stopping triggered after 23 epochs
2024-11-27 20:57:58,184 - INFO - Best validation accuracy: 1.0000
2024-11-27 20:57:58,279 - INFO - Early stopping triggered after 24 epochs
2024-11-27 20:57:58,279 - INFO - Best validation accuracy: 1.0000
2024-11-27 20:57:58,373 - INFO - Early stopping triggered after 25 epochs
2024-11-27 20:57:58,373 - INFO - Best validation accuracy: 1.0000
2024-11-27 20:57:58,373 - INFO - Epoch 25
2024-11-27 20:57:58,373 - INFO - Train Loss: 1.7088
2024-11-27 20:57:58,374 - INFO - Val Loss: 1.5048
2024-11-27 20:57:58,374 - INFO - Current Val Accuracy: 1.0000
2024-11-27 20:57:58,374 - INFO - Best Val Accuracy: 1.0000
2024-11-27 20:57:58,468 - INFO - Early stopping triggered after 26 epochs
2024-11-27 20:57:58,468 - INFO - Best validation accuracy: 1.0000
2024-11-27 20:57:58,563 - INFO - Early stopping triggered after 27 epochs
2024-11-27 20:57:58,563 - INFO - Best validation accuracy: 1.0000
2024-11-27 20:57:58,658 - INFO - Early stopping triggered after 28 epochs
2024-11-27 20:57:58,658 - INFO - Best validation accuracy: 1.0000
2024-11-27 20:57:58,753 - INFO - Early stopping triggered after 29 epochs
2024-11-27 20:57:58,753 - INFO - Best validation accuracy: 1.0000
2024-11-27 20:57:58,847 - INFO - Early stopping triggered after 30 epochs
2024-11-27 20:57:58,848 - INFO - Best validation accuracy: 1.0000
2024-11-27 20:57:58,848 - INFO - Epoch 30
2024-11-27 20:57:58,848 - INFO - Train Loss: 0.6986
2024-11-27 20:57:58,848 - INFO - Val Loss: 1.1199
2024-11-27 20:57:58,848 - INFO - Current Val Accuracy: 0.9167
2024-11-27 20:57:58,848 - INFO - Best Val Accuracy: 1.0000
2024-11-27 20:57:58,942 - INFO - Early stopping triggered after 31 epochs
2024-11-27 20:57:58,942 - INFO - Best validation accuracy: 1.0000
2024-11-27 20:57:59,037 - INFO - Early stopping triggered after 32 epochs
2024-11-27 20:57:59,037 - INFO - Best validation accuracy: 1.0000
2024-11-27 20:57:59,132 - INFO - Early stopping triggered after 33 epochs
2024-11-27 20:57:59,132 - INFO - Best validation accuracy: 1.0000
2024-11-27 20:57:59,227 - INFO - Early stopping triggered after 34 epochs
2024-11-27 20:57:59,227 - INFO - Best validation accuracy: 1.0000
2024-11-27 20:57:59,322 - INFO - Early stopping triggered after 35 epochs
2024-11-27 20:57:59,322 - INFO - Best validation accuracy: 1.0000
2024-11-27 20:57:59,322 - INFO - Epoch 35
2024-11-27 20:57:59,322 - INFO - Train Loss: 0.2880
2024-11-27 20:57:59,322 - INFO - Val Loss: 0.5356
2024-11-27 20:57:59,322 - INFO - Current Val Accuracy: 0.9167
2024-11-27 20:57:59,322 - INFO - Best Val Accuracy: 1.0000
2024-11-27 20:57:59,417 - INFO - Early stopping triggered after 36 epochs
2024-11-27 20:57:59,417 - INFO - Best validation accuracy: 1.0000
2024-11-27 20:57:59,512 - INFO - Early stopping triggered after 37 epochs
2024-11-27 20:57:59,512 - INFO - Best validation accuracy: 1.0000
2024-11-27 20:57:59,606 - INFO - Early stopping triggered after 38 epochs
2024-11-27 20:57:59,607 - INFO - Best validation accuracy: 1.0000
2024-11-27 20:57:59,701 - INFO - Early stopping triggered after 39 epochs
2024-11-27 20:57:59,701 - INFO - Best validation accuracy: 1.0000
2024-11-27 20:57:59,796 - INFO - Early stopping triggered after 40 epochs
2024-11-27 20:57:59,796 - INFO - Best validation accuracy: 1.0000
2024-11-27 20:57:59,796 - INFO - Epoch 40
2024-11-27 20:57:59,796 - INFO - Train Loss: 0.2370
2024-11-27 20:57:59,796 - INFO - Val Loss: 0.2289
2024-11-27 20:57:59,796 - INFO - Current Val Accuracy: 1.0000
2024-11-27 20:57:59,796 - INFO - Best Val Accuracy: 1.0000
2024-11-27 20:57:59,891 - INFO - Early stopping triggered after 41 epochs
2024-11-27 20:57:59,891 - INFO - Best validation accuracy: 1.0000
2024-11-27 20:57:59,986 - INFO - Early stopping triggered after 42 epochs
2024-11-27 20:57:59,986 - INFO - Best validation accuracy: 1.0000
2024-11-27 20:58:00,081 - INFO - Early stopping triggered after 43 epochs
2024-11-27 20:58:00,081 - INFO - Best validation accuracy: 1.0000
2024-11-27 20:58:00,176 - INFO - Early stopping triggered after 44 epochs
2024-11-27 20:58:00,176 - INFO - Best validation accuracy: 1.0000
2024-11-27 20:58:00,271 - INFO - Early stopping triggered after 45 epochs
2024-11-27 20:58:00,271 - INFO - Best validation accuracy: 1.0000
2024-11-27 20:58:00,271 - INFO - Epoch 45
2024-11-27 20:58:00,271 - INFO - Train Loss: 0.2231
2024-11-27 20:58:00,271 - INFO - Val Loss: 0.2666
2024-11-27 20:58:00,271 - INFO - Current Val Accuracy: 1.0000
2024-11-27 20:58:00,271 - INFO - Best Val Accuracy: 1.0000
2024-11-27 20:58:00,366 - INFO - Early stopping triggered after 46 epochs
2024-11-27 20:58:00,366 - INFO - Best validation accuracy: 1.0000
2024-11-27 20:58:00,461 - INFO - Early stopping triggered after 47 epochs
2024-11-27 20:58:00,461 - INFO - Best validation accuracy: 1.0000
2024-11-27 20:58:00,555 - INFO - Early stopping triggered after 48 epochs
2024-11-27 20:58:00,555 - INFO - Best validation accuracy: 1.0000
2024-11-27 20:58:00,650 - INFO - Early stopping triggered after 49 epochs
2024-11-27 20:58:00,650 - INFO - Best validation accuracy: 1.0000
2024-11-27 20:58:00,745 - INFO - Early stopping triggered after 50 epochs
2024-11-27 20:58:00,745 - INFO - Best validation accuracy: 1.0000
2024-11-27 20:58:00,745 - INFO - Epoch 50
2024-11-27 20:58:00,745 - INFO - Train Loss: 0.2397
2024-11-27 20:58:00,745 - INFO - Val Loss: 0.3386
2024-11-27 20:58:00,745 - INFO - Current Val Accuracy: 0.9167
2024-11-27 20:58:00,745 - INFO - Best Val Accuracy: 1.0000
2024-11-27 20:58:00,840 - INFO - Early stopping triggered after 51 epochs
2024-11-27 20:58:00,840 - INFO - Best validation accuracy: 1.0000
2024-11-27 20:58:00,935 - INFO - Early stopping triggered after 52 epochs
2024-11-27 20:58:00,935 - INFO - Best validation accuracy: 1.0000
2024-11-27 20:58:01,030 - INFO - Early stopping triggered after 53 epochs
2024-11-27 20:58:01,030 - INFO - Best validation accuracy: 1.0000
2024-11-27 20:58:01,125 - INFO - Early stopping triggered after 54 epochs
2024-11-27 20:58:01,125 - INFO - Best validation accuracy: 1.0000
2024-11-27 20:58:01,220 - INFO - Early stopping triggered after 55 epochs
2024-11-27 20:58:01,220 - INFO - Best validation accuracy: 1.0000
2024-11-27 20:58:01,220 - INFO - Epoch 55
2024-11-27 20:58:01,220 - INFO - Train Loss: 0.2240
2024-11-27 20:58:01,220 - INFO - Val Loss: 0.2600
2024-11-27 20:58:01,220 - INFO - Current Val Accuracy: 0.9583
2024-11-27 20:58:01,220 - INFO - Best Val Accuracy: 1.0000
2024-11-27 20:58:01,314 - INFO - Early stopping triggered after 56 epochs
2024-11-27 20:58:01,315 - INFO - Best validation accuracy: 1.0000
2024-11-27 20:58:01,409 - INFO - Early stopping triggered after 57 epochs
2024-11-27 20:58:01,409 - INFO - Best validation accuracy: 1.0000
2024-11-27 20:58:01,504 - INFO - Early stopping triggered after 58 epochs
2024-11-27 20:58:01,504 - INFO - Best validation accuracy: 1.0000
2024-11-27 20:58:01,599 - INFO - Early stopping triggered after 59 epochs
2024-11-27 20:58:01,599 - INFO - Best validation accuracy: 1.0000
2024-11-27 20:58:01,694 - INFO - Early stopping triggered after 60 epochs
2024-11-27 20:58:01,694 - INFO - Best validation accuracy: 1.0000
2024-11-27 20:58:01,694 - INFO - Epoch 60
2024-11-27 20:58:01,694 - INFO - Train Loss: 0.2089
2024-11-27 20:58:01,694 - INFO - Val Loss: 0.2338
2024-11-27 20:58:01,694 - INFO - Current Val Accuracy: 1.0000
2024-11-27 20:58:01,694 - INFO - Best Val Accuracy: 1.0000
2024-11-27 20:58:01,789 - INFO - Early stopping triggered after 61 epochs
2024-11-27 20:58:01,789 - INFO - Best validation accuracy: 1.0000
2024-11-27 20:58:01,884 - INFO - Early stopping triggered after 62 epochs
2024-11-27 20:58:01,884 - INFO - Best validation accuracy: 1.0000
2024-11-27 20:58:01,979 - INFO - Early stopping triggered after 63 epochs
2024-11-27 20:58:01,979 - INFO - Best validation accuracy: 1.0000
2024-11-27 20:58:02,074 - INFO - Early stopping triggered after 64 epochs
2024-11-27 20:58:02,074 - INFO - Best validation accuracy: 1.0000
2024-11-27 20:58:02,169 - INFO - Early stopping triggered after 65 epochs
2024-11-27 20:58:02,169 - INFO - Best validation accuracy: 1.0000
2024-11-27 20:58:02,169 - INFO - Epoch 65
2024-11-27 20:58:02,169 - INFO - Train Loss: 0.2245
2024-11-27 20:58:02,169 - INFO - Val Loss: 0.3549
2024-11-27 20:58:02,169 - INFO - Current Val Accuracy: 0.9167
2024-11-27 20:58:02,169 - INFO - Best Val Accuracy: 1.0000
2024-11-27 20:58:02,264 - INFO - Early stopping triggered after 66 epochs
2024-11-27 20:58:02,264 - INFO - Best validation accuracy: 1.0000
2024-11-27 20:58:02,358 - INFO - Early stopping triggered after 67 epochs
2024-11-27 20:58:02,359 - INFO - Best validation accuracy: 1.0000
2024-11-27 20:58:02,453 - INFO - Early stopping triggered after 68 epochs
2024-11-27 20:58:02,453 - INFO - Best validation accuracy: 1.0000
2024-11-27 20:58:02,548 - INFO - Early stopping triggered after 69 epochs
2024-11-27 20:58:02,548 - INFO - Best validation accuracy: 1.0000
2024-11-27 20:58:02,643 - INFO - Early stopping triggered after 70 epochs
2024-11-27 20:58:02,643 - INFO - Best validation accuracy: 1.0000
2024-11-27 20:58:02,643 - INFO - Epoch 70
2024-11-27 20:58:02,643 - INFO - Train Loss: 0.2135
2024-11-27 20:58:02,643 - INFO - Val Loss: 0.2627
2024-11-27 20:58:02,643 - INFO - Current Val Accuracy: 0.9583
2024-11-27 20:58:02,643 - INFO - Best Val Accuracy: 1.0000
2024-11-27 20:58:02,738 - INFO - Early stopping triggered after 71 epochs
2024-11-27 20:58:02,738 - INFO - Best validation accuracy: 1.0000
2024-11-27 20:58:02,833 - INFO - Early stopping triggered after 72 epochs
2024-11-27 20:58:02,833 - INFO - Best validation accuracy: 1.0000
2024-11-27 20:58:02,928 - INFO - Early stopping triggered after 73 epochs
2024-11-27 20:58:02,928 - INFO - Best validation accuracy: 1.0000
2024-11-27 20:58:03,023 - INFO - Early stopping triggered after 74 epochs
2024-11-27 20:58:03,023 - INFO - Best validation accuracy: 1.0000
2024-11-27 20:58:03,118 - INFO - Early stopping triggered after 75 epochs
2024-11-27 20:58:03,118 - INFO - Best validation accuracy: 1.0000
2024-11-27 20:58:03,118 - INFO - Epoch 75
2024-11-27 20:58:03,118 - INFO - Train Loss: 0.2058
2024-11-27 20:58:03,118 - INFO - Val Loss: 0.2294
2024-11-27 20:58:03,118 - INFO - Current Val Accuracy: 1.0000
2024-11-27 20:58:03,118 - INFO - Best Val Accuracy: 1.0000
2024-11-27 20:58:03,213 - INFO - Early stopping triggered after 76 epochs
2024-11-27 20:58:03,213 - INFO - Best validation accuracy: 1.0000
2024-11-27 20:58:03,307 - INFO - Early stopping triggered after 77 epochs
2024-11-27 20:58:03,308 - INFO - Best validation accuracy: 1.0000
2024-11-27 20:58:03,402 - INFO - Early stopping triggered after 78 epochs
2024-11-27 20:58:03,402 - INFO - Best validation accuracy: 1.0000
2024-11-27 20:58:03,497 - INFO - Early stopping triggered after 79 epochs
2024-11-27 20:58:03,497 - INFO - Best validation accuracy: 1.0000
2024-11-27 20:58:03,592 - INFO - Early stopping triggered after 80 epochs
2024-11-27 20:58:03,592 - INFO - Best validation accuracy: 1.0000
2024-11-27 20:58:03,592 - INFO - Epoch 80
2024-11-27 20:58:03,592 - INFO - Train Loss: 0.2064
2024-11-27 20:58:03,592 - INFO - Val Loss: 0.2489
2024-11-27 20:58:03,592 - INFO - Current Val Accuracy: 0.9583
2024-11-27 20:58:03,592 - INFO - Best Val Accuracy: 1.0000
2024-11-27 20:58:03,687 - INFO - Early stopping triggered after 81 epochs
2024-11-27 20:58:03,687 - INFO - Best validation accuracy: 1.0000
2024-11-27 20:58:03,782 - INFO - Early stopping triggered after 82 epochs
2024-11-27 20:58:03,782 - INFO - Best validation accuracy: 1.0000
2024-11-27 20:58:03,877 - INFO - Early stopping triggered after 83 epochs
2024-11-27 20:58:03,877 - INFO - Best validation accuracy: 1.0000
2024-11-27 20:58:03,972 - INFO - Early stopping triggered after 84 epochs
2024-11-27 20:58:03,972 - INFO - Best validation accuracy: 1.0000
2024-11-27 20:58:04,066 - INFO - Early stopping triggered after 85 epochs
2024-11-27 20:58:04,067 - INFO - Best validation accuracy: 1.0000
2024-11-27 20:58:04,067 - INFO - Epoch 85
2024-11-27 20:58:04,067 - INFO - Train Loss: 0.2027
2024-11-27 20:58:04,067 - INFO - Val Loss: 0.2378
2024-11-27 20:58:04,067 - INFO - Current Val Accuracy: 0.9583
2024-11-27 20:58:04,067 - INFO - Best Val Accuracy: 1.0000
2024-11-27 20:58:04,161 - INFO - Early stopping triggered after 86 epochs
2024-11-27 20:58:04,161 - INFO - Best validation accuracy: 1.0000
2024-11-27 20:58:04,256 - INFO - Early stopping triggered after 87 epochs
2024-11-27 20:58:04,256 - INFO - Best validation accuracy: 1.0000
2024-11-27 20:58:04,351 - INFO - Early stopping triggered after 88 epochs
2024-11-27 20:58:04,351 - INFO - Best validation accuracy: 1.0000
2024-11-27 20:58:04,446 - INFO - Early stopping triggered after 89 epochs
2024-11-27 20:58:04,446 - INFO - Best validation accuracy: 1.0000
2024-11-27 20:58:04,541 - INFO - Early stopping triggered after 90 epochs
2024-11-27 20:58:04,541 - INFO - Best validation accuracy: 1.0000
2024-11-27 20:58:04,541 - INFO - Epoch 90
2024-11-27 20:58:04,541 - INFO - Train Loss: 0.2021
2024-11-27 20:58:04,541 - INFO - Val Loss: 0.2458
2024-11-27 20:58:04,541 - INFO - Current Val Accuracy: 0.9583
2024-11-27 20:58:04,541 - INFO - Best Val Accuracy: 1.0000
2024-11-27 20:58:04,636 - INFO - Early stopping triggered after 91 epochs
2024-11-27 20:58:04,636 - INFO - Best validation accuracy: 1.0000
2024-11-27 20:58:04,731 - INFO - Early stopping triggered after 92 epochs
2024-11-27 20:58:04,731 - INFO - Best validation accuracy: 1.0000
2024-11-27 20:58:04,826 - INFO - Early stopping triggered after 93 epochs
2024-11-27 20:58:04,826 - INFO - Best validation accuracy: 1.0000
2024-11-27 20:58:04,921 - INFO - Early stopping triggered after 94 epochs
2024-11-27 20:58:04,921 - INFO - Best validation accuracy: 1.0000
2024-11-27 20:58:05,016 - INFO - Early stopping triggered after 95 epochs
2024-11-27 20:58:05,016 - INFO - Best validation accuracy: 1.0000
2024-11-27 20:58:05,016 - INFO - Epoch 95
2024-11-27 20:58:05,016 - INFO - Train Loss: 0.2011
2024-11-27 20:58:05,016 - INFO - Val Loss: 0.2292
2024-11-27 20:58:05,016 - INFO - Current Val Accuracy: 1.0000
2024-11-27 20:58:05,016 - INFO - Best Val Accuracy: 1.0000
2024-11-27 20:58:05,111 - INFO - Early stopping triggered after 96 epochs
2024-11-27 20:58:05,111 - INFO - Best validation accuracy: 1.0000
2024-11-27 20:58:05,205 - INFO - Early stopping triggered after 97 epochs
2024-11-27 20:58:05,206 - INFO - Best validation accuracy: 1.0000
2024-11-27 20:58:05,300 - INFO - Early stopping triggered after 98 epochs
2024-11-27 20:58:05,300 - INFO - Best validation accuracy: 1.0000
2024-11-27 20:58:05,395 - INFO - Early stopping triggered after 99 epochs
2024-11-27 20:58:05,395 - INFO - Best validation accuracy: 1.0000
2024-11-27 20:58:05,490 - INFO - Early stopping triggered after 100 epochs
2024-11-27 20:58:05,490 - INFO - Best validation accuracy: 1.0000
2024-11-27 20:58:05,490 - INFO - Epoch 100
2024-11-27 20:58:05,490 - INFO - Train Loss: 0.2059
2024-11-27 20:58:05,490 - INFO - Val Loss: 0.2421
2024-11-27 20:58:05,490 - INFO - Current Val Accuracy: 0.9583
2024-11-27 20:58:05,490 - INFO - Best Val Accuracy: 1.0000
2024-11-27 20:58:05,490 - INFO - 
Starting Fold 4/5
2024-11-27 20:58:05,493 - INFO - Starting data augmentation with 5 augmentations per sample
2024-11-27 20:58:05,530 - INFO - Augmentation complete. Dataset size increased from 87 to 522 samples
2024-11-27 20:58:05,634 - INFO - Epoch 1: New best validation accuracy: 0.7639
2024-11-27 20:58:05,730 - INFO - Epoch 2: New best validation accuracy: 0.9167
2024-11-27 20:58:06,015 - INFO - Epoch 5
2024-11-27 20:58:06,015 - INFO - Train Loss: 8.8924
2024-11-27 20:58:06,015 - INFO - Val Loss: 18.6560
2024-11-27 20:58:06,015 - INFO - Current Val Accuracy: 0.8333
2024-11-27 20:58:06,015 - INFO - Best Val Accuracy: 0.9167
2024-11-27 20:58:06,488 - INFO - Epoch 10
2024-11-27 20:58:06,488 - INFO - Train Loss: 4.9828
2024-11-27 20:58:06,488 - INFO - Val Loss: 3.6089
2024-11-27 20:58:06,488 - INFO - Current Val Accuracy: 0.7917
2024-11-27 20:58:06,488 - INFO - Best Val Accuracy: 0.9167
2024-11-27 20:58:06,677 - INFO - Early stopping triggered after 12 epochs
2024-11-27 20:58:06,677 - INFO - Best validation accuracy: 0.9167
2024-11-27 20:58:06,774 - INFO - Epoch 13: New best validation accuracy: 0.9583
2024-11-27 20:58:06,963 - INFO - Epoch 15
2024-11-27 20:58:06,963 - INFO - Train Loss: 0.9706
2024-11-27 20:58:06,963 - INFO - Val Loss: 0.9367
2024-11-27 20:58:06,963 - INFO - Current Val Accuracy: 0.9583
2024-11-27 20:58:06,963 - INFO - Best Val Accuracy: 0.9583
2024-11-27 20:58:07,155 - INFO - Epoch 17: New best validation accuracy: 1.0000
2024-11-27 20:58:07,155 - INFO - Achieved perfect validation accuracy!
2024-11-27 20:58:07,155 - INFO - Current metrics:
2024-11-27 20:58:07,155 - INFO - balanced_accuracy: 1.0000
2024-11-27 20:58:07,155 - INFO - precision: 1.0000
2024-11-27 20:58:07,155 - INFO - recall: 1.0000
2024-11-27 20:58:07,155 - INFO - f1: 1.0000
2024-11-27 20:58:07,155 - INFO - auc_roc: 1.0000
2024-11-27 20:58:07,440 - INFO - Epoch 20
2024-11-27 20:58:07,440 - INFO - Train Loss: 0.3561
2024-11-27 20:58:07,440 - INFO - Val Loss: 0.3607
2024-11-27 20:58:07,440 - INFO - Current Val Accuracy: 0.9444
2024-11-27 20:58:07,440 - INFO - Best Val Accuracy: 1.0000
2024-11-27 20:58:07,913 - INFO - Epoch 25
2024-11-27 20:58:07,913 - INFO - Train Loss: 0.5010
2024-11-27 20:58:07,913 - INFO - Val Loss: 0.8317
2024-11-27 20:58:07,913 - INFO - Current Val Accuracy: 0.7639
2024-11-27 20:58:07,913 - INFO - Best Val Accuracy: 1.0000
2024-11-27 20:58:08,103 - INFO - Early stopping triggered after 27 epochs
2024-11-27 20:58:08,103 - INFO - Best validation accuracy: 1.0000
2024-11-27 20:58:08,197 - INFO - Early stopping triggered after 28 epochs
2024-11-27 20:58:08,198 - INFO - Best validation accuracy: 1.0000
2024-11-27 20:58:08,292 - INFO - Early stopping triggered after 29 epochs
2024-11-27 20:58:08,292 - INFO - Best validation accuracy: 1.0000
2024-11-27 20:58:08,387 - INFO - Early stopping triggered after 30 epochs
2024-11-27 20:58:08,387 - INFO - Best validation accuracy: 1.0000
2024-11-27 20:58:08,387 - INFO - Epoch 30
2024-11-27 20:58:08,387 - INFO - Train Loss: 0.4990
2024-11-27 20:58:08,387 - INFO - Val Loss: 0.4008
2024-11-27 20:58:08,387 - INFO - Current Val Accuracy: 0.9444
2024-11-27 20:58:08,387 - INFO - Best Val Accuracy: 1.0000
2024-11-27 20:58:08,482 - INFO - Early stopping triggered after 31 epochs
2024-11-27 20:58:08,482 - INFO - Best validation accuracy: 1.0000
2024-11-27 20:58:08,577 - INFO - Early stopping triggered after 32 epochs
2024-11-27 20:58:08,577 - INFO - Best validation accuracy: 1.0000
2024-11-27 20:58:08,671 - INFO - Early stopping triggered after 33 epochs
2024-11-27 20:58:08,671 - INFO - Best validation accuracy: 1.0000
2024-11-27 20:58:08,766 - INFO - Early stopping triggered after 34 epochs
2024-11-27 20:58:08,766 - INFO - Best validation accuracy: 1.0000
2024-11-27 20:58:08,861 - INFO - Early stopping triggered after 35 epochs
2024-11-27 20:58:08,861 - INFO - Best validation accuracy: 1.0000
2024-11-27 20:58:08,861 - INFO - Epoch 35
2024-11-27 20:58:08,861 - INFO - Train Loss: 0.2450
2024-11-27 20:58:08,861 - INFO - Val Loss: 0.4103
2024-11-27 20:58:08,861 - INFO - Current Val Accuracy: 0.8333
2024-11-27 20:58:08,861 - INFO - Best Val Accuracy: 1.0000
2024-11-27 20:58:08,955 - INFO - Early stopping triggered after 36 epochs
2024-11-27 20:58:08,956 - INFO - Best validation accuracy: 1.0000
2024-11-27 20:58:09,050 - INFO - Early stopping triggered after 37 epochs
2024-11-27 20:58:09,050 - INFO - Best validation accuracy: 1.0000
2024-11-27 20:58:09,145 - INFO - Early stopping triggered after 38 epochs
2024-11-27 20:58:09,145 - INFO - Best validation accuracy: 1.0000
2024-11-27 20:58:09,240 - INFO - Early stopping triggered after 39 epochs
2024-11-27 20:58:09,240 - INFO - Best validation accuracy: 1.0000
2024-11-27 20:58:09,334 - INFO - Early stopping triggered after 40 epochs
2024-11-27 20:58:09,334 - INFO - Best validation accuracy: 1.0000
2024-11-27 20:58:09,334 - INFO - Epoch 40
2024-11-27 20:58:09,334 - INFO - Train Loss: 0.2280
2024-11-27 20:58:09,335 - INFO - Val Loss: 0.3335
2024-11-27 20:58:09,335 - INFO - Current Val Accuracy: 0.8889
2024-11-27 20:58:09,335 - INFO - Best Val Accuracy: 1.0000
2024-11-27 20:58:09,429 - INFO - Early stopping triggered after 41 epochs
2024-11-27 20:58:09,429 - INFO - Best validation accuracy: 1.0000
2024-11-27 20:58:09,524 - INFO - Early stopping triggered after 42 epochs
2024-11-27 20:58:09,524 - INFO - Best validation accuracy: 1.0000
2024-11-27 20:58:09,619 - INFO - Early stopping triggered after 43 epochs
2024-11-27 20:58:09,619 - INFO - Best validation accuracy: 1.0000
2024-11-27 20:58:09,713 - INFO - Early stopping triggered after 44 epochs
2024-11-27 20:58:09,713 - INFO - Best validation accuracy: 1.0000
2024-11-27 20:58:09,808 - INFO - Early stopping triggered after 45 epochs
2024-11-27 20:58:09,808 - INFO - Best validation accuracy: 1.0000
2024-11-27 20:58:09,808 - INFO - Epoch 45
2024-11-27 20:58:09,808 - INFO - Train Loss: 0.2183
2024-11-27 20:58:09,808 - INFO - Val Loss: 0.2783
2024-11-27 20:58:09,808 - INFO - Current Val Accuracy: 0.8889
2024-11-27 20:58:09,808 - INFO - Best Val Accuracy: 1.0000
2024-11-27 20:58:09,903 - INFO - Early stopping triggered after 46 epochs
2024-11-27 20:58:09,903 - INFO - Best validation accuracy: 1.0000
2024-11-27 20:58:09,998 - INFO - Early stopping triggered after 47 epochs
2024-11-27 20:58:09,998 - INFO - Best validation accuracy: 1.0000
2024-11-27 20:58:10,092 - INFO - Early stopping triggered after 48 epochs
2024-11-27 20:58:10,093 - INFO - Best validation accuracy: 1.0000
2024-11-27 20:58:10,187 - INFO - Early stopping triggered after 49 epochs
2024-11-27 20:58:10,187 - INFO - Best validation accuracy: 1.0000
2024-11-27 20:58:10,282 - INFO - Early stopping triggered after 50 epochs
2024-11-27 20:58:10,282 - INFO - Best validation accuracy: 1.0000
2024-11-27 20:58:10,282 - INFO - Epoch 50
2024-11-27 20:58:10,282 - INFO - Train Loss: 0.2148
2024-11-27 20:58:10,282 - INFO - Val Loss: 0.3225
2024-11-27 20:58:10,282 - INFO - Current Val Accuracy: 0.8889
2024-11-27 20:58:10,282 - INFO - Best Val Accuracy: 1.0000
2024-11-27 20:58:10,377 - INFO - Early stopping triggered after 51 epochs
2024-11-27 20:58:10,377 - INFO - Best validation accuracy: 1.0000
2024-11-27 20:58:10,471 - INFO - Early stopping triggered after 52 epochs
2024-11-27 20:58:10,471 - INFO - Best validation accuracy: 1.0000
2024-11-27 20:58:10,566 - INFO - Early stopping triggered after 53 epochs
2024-11-27 20:58:10,566 - INFO - Best validation accuracy: 1.0000
2024-11-27 20:58:10,661 - INFO - Early stopping triggered after 54 epochs
2024-11-27 20:58:10,661 - INFO - Best validation accuracy: 1.0000
2024-11-27 20:58:10,756 - INFO - Early stopping triggered after 55 epochs
2024-11-27 20:58:10,756 - INFO - Best validation accuracy: 1.0000
2024-11-27 20:58:10,756 - INFO - Epoch 55
2024-11-27 20:58:10,756 - INFO - Train Loss: 0.2097
2024-11-27 20:58:10,756 - INFO - Val Loss: 0.2717
2024-11-27 20:58:10,756 - INFO - Current Val Accuracy: 0.8889
2024-11-27 20:58:10,756 - INFO - Best Val Accuracy: 1.0000
2024-11-27 20:58:10,851 - INFO - Early stopping triggered after 56 epochs
2024-11-27 20:58:10,851 - INFO - Best validation accuracy: 1.0000
2024-11-27 20:58:10,945 - INFO - Early stopping triggered after 57 epochs
2024-11-27 20:58:10,945 - INFO - Best validation accuracy: 1.0000
2024-11-27 20:58:11,040 - INFO - Early stopping triggered after 58 epochs
2024-11-27 20:58:11,040 - INFO - Best validation accuracy: 1.0000
2024-11-27 20:58:11,135 - INFO - Early stopping triggered after 59 epochs
2024-11-27 20:58:11,135 - INFO - Best validation accuracy: 1.0000
2024-11-27 20:58:11,229 - INFO - Early stopping triggered after 60 epochs
2024-11-27 20:58:11,229 - INFO - Best validation accuracy: 1.0000
2024-11-27 20:58:11,229 - INFO - Epoch 60
2024-11-27 20:58:11,230 - INFO - Train Loss: 0.2134
2024-11-27 20:58:11,230 - INFO - Val Loss: 0.2896
2024-11-27 20:58:11,230 - INFO - Current Val Accuracy: 0.8889
2024-11-27 20:58:11,230 - INFO - Best Val Accuracy: 1.0000
2024-11-27 20:58:11,324 - INFO - Early stopping triggered after 61 epochs
2024-11-27 20:58:11,324 - INFO - Best validation accuracy: 1.0000
2024-11-27 20:58:11,419 - INFO - Early stopping triggered after 62 epochs
2024-11-27 20:58:11,419 - INFO - Best validation accuracy: 1.0000
2024-11-27 20:58:11,514 - INFO - Early stopping triggered after 63 epochs
2024-11-27 20:58:11,514 - INFO - Best validation accuracy: 1.0000
2024-11-27 20:58:11,608 - INFO - Early stopping triggered after 64 epochs
2024-11-27 20:58:11,609 - INFO - Best validation accuracy: 1.0000
2024-11-27 20:58:11,703 - INFO - Early stopping triggered after 65 epochs
2024-11-27 20:58:11,703 - INFO - Best validation accuracy: 1.0000
2024-11-27 20:58:11,703 - INFO - Epoch 65
2024-11-27 20:58:11,703 - INFO - Train Loss: 0.2096
2024-11-27 20:58:11,703 - INFO - Val Loss: 0.2943
2024-11-27 20:58:11,703 - INFO - Current Val Accuracy: 0.8889
2024-11-27 20:58:11,703 - INFO - Best Val Accuracy: 1.0000
2024-11-27 20:58:11,798 - INFO - Early stopping triggered after 66 epochs
2024-11-27 20:58:11,798 - INFO - Best validation accuracy: 1.0000
2024-11-27 20:58:11,893 - INFO - Early stopping triggered after 67 epochs
2024-11-27 20:58:11,893 - INFO - Best validation accuracy: 1.0000
2024-11-27 20:58:11,987 - INFO - Early stopping triggered after 68 epochs
2024-11-27 20:58:11,988 - INFO - Best validation accuracy: 1.0000
2024-11-27 20:58:12,082 - INFO - Early stopping triggered after 69 epochs
2024-11-27 20:58:12,082 - INFO - Best validation accuracy: 1.0000
2024-11-27 20:58:12,177 - INFO - Early stopping triggered after 70 epochs
2024-11-27 20:58:12,177 - INFO - Best validation accuracy: 1.0000
2024-11-27 20:58:12,177 - INFO - Epoch 70
2024-11-27 20:58:12,177 - INFO - Train Loss: 0.2049
2024-11-27 20:58:12,177 - INFO - Val Loss: 0.3062
2024-11-27 20:58:12,177 - INFO - Current Val Accuracy: 0.8889
2024-11-27 20:58:12,177 - INFO - Best Val Accuracy: 1.0000
2024-11-27 20:58:12,272 - INFO - Early stopping triggered after 71 epochs
2024-11-27 20:58:12,272 - INFO - Best validation accuracy: 1.0000
2024-11-27 20:58:12,367 - INFO - Early stopping triggered after 72 epochs
2024-11-27 20:58:12,367 - INFO - Best validation accuracy: 1.0000
2024-11-27 20:58:12,461 - INFO - Early stopping triggered after 73 epochs
2024-11-27 20:58:12,461 - INFO - Best validation accuracy: 1.0000
2024-11-27 20:58:12,556 - INFO - Early stopping triggered after 74 epochs
2024-11-27 20:58:12,556 - INFO - Best validation accuracy: 1.0000
2024-11-27 20:58:12,651 - INFO - Early stopping triggered after 75 epochs
2024-11-27 20:58:12,651 - INFO - Best validation accuracy: 1.0000
2024-11-27 20:58:12,651 - INFO - Epoch 75
2024-11-27 20:58:12,651 - INFO - Train Loss: 0.2043
2024-11-27 20:58:12,651 - INFO - Val Loss: 0.2990
2024-11-27 20:58:12,651 - INFO - Current Val Accuracy: 0.8889
2024-11-27 20:58:12,651 - INFO - Best Val Accuracy: 1.0000
2024-11-27 20:58:12,746 - INFO - Early stopping triggered after 76 epochs
2024-11-27 20:58:12,746 - INFO - Best validation accuracy: 1.0000
2024-11-27 20:58:12,840 - INFO - Early stopping triggered after 77 epochs
2024-11-27 20:58:12,840 - INFO - Best validation accuracy: 1.0000
2024-11-27 20:58:12,935 - INFO - Early stopping triggered after 78 epochs
2024-11-27 20:58:12,935 - INFO - Best validation accuracy: 1.0000
2024-11-27 20:58:13,030 - INFO - Early stopping triggered after 79 epochs
2024-11-27 20:58:13,030 - INFO - Best validation accuracy: 1.0000
2024-11-27 20:58:13,124 - INFO - Early stopping triggered after 80 epochs
2024-11-27 20:58:13,124 - INFO - Best validation accuracy: 1.0000
2024-11-27 20:58:13,124 - INFO - Epoch 80
2024-11-27 20:58:13,124 - INFO - Train Loss: 0.2034
2024-11-27 20:58:13,124 - INFO - Val Loss: 0.3093
2024-11-27 20:58:13,124 - INFO - Current Val Accuracy: 0.8889
2024-11-27 20:58:13,124 - INFO - Best Val Accuracy: 1.0000
2024-11-27 20:58:13,219 - INFO - Early stopping triggered after 81 epochs
2024-11-27 20:58:13,219 - INFO - Best validation accuracy: 1.0000
2024-11-27 20:58:13,314 - INFO - Early stopping triggered after 82 epochs
2024-11-27 20:58:13,314 - INFO - Best validation accuracy: 1.0000
2024-11-27 20:58:13,409 - INFO - Early stopping triggered after 83 epochs
2024-11-27 20:58:13,409 - INFO - Best validation accuracy: 1.0000
2024-11-27 20:58:13,503 - INFO - Early stopping triggered after 84 epochs
2024-11-27 20:58:13,503 - INFO - Best validation accuracy: 1.0000
2024-11-27 20:58:13,598 - INFO - Early stopping triggered after 85 epochs
2024-11-27 20:58:13,598 - INFO - Best validation accuracy: 1.0000
2024-11-27 20:58:13,598 - INFO - Epoch 85
2024-11-27 20:58:13,598 - INFO - Train Loss: 0.2029
2024-11-27 20:58:13,598 - INFO - Val Loss: 0.3173
2024-11-27 20:58:13,598 - INFO - Current Val Accuracy: 0.8889
2024-11-27 20:58:13,598 - INFO - Best Val Accuracy: 1.0000
2024-11-27 20:58:13,693 - INFO - Early stopping triggered after 86 epochs
2024-11-27 20:58:13,693 - INFO - Best validation accuracy: 1.0000
2024-11-27 20:58:13,788 - INFO - Early stopping triggered after 87 epochs
2024-11-27 20:58:13,788 - INFO - Best validation accuracy: 1.0000
2024-11-27 20:58:13,882 - INFO - Early stopping triggered after 88 epochs
2024-11-27 20:58:13,882 - INFO - Best validation accuracy: 1.0000
2024-11-27 20:58:13,977 - INFO - Early stopping triggered after 89 epochs
2024-11-27 20:58:13,977 - INFO - Best validation accuracy: 1.0000
2024-11-27 20:58:14,072 - INFO - Early stopping triggered after 90 epochs
2024-11-27 20:58:14,072 - INFO - Best validation accuracy: 1.0000
2024-11-27 20:58:14,072 - INFO - Epoch 90
2024-11-27 20:58:14,072 - INFO - Train Loss: 0.2028
2024-11-27 20:58:14,072 - INFO - Val Loss: 0.2780
2024-11-27 20:58:14,072 - INFO - Current Val Accuracy: 0.9444
2024-11-27 20:58:14,072 - INFO - Best Val Accuracy: 1.0000
2024-11-27 20:58:14,167 - INFO - Early stopping triggered after 91 epochs
2024-11-27 20:58:14,167 - INFO - Best validation accuracy: 1.0000
2024-11-27 20:58:14,261 - INFO - Early stopping triggered after 92 epochs
2024-11-27 20:58:14,261 - INFO - Best validation accuracy: 1.0000
2024-11-27 20:58:14,356 - INFO - Early stopping triggered after 93 epochs
2024-11-27 20:58:14,356 - INFO - Best validation accuracy: 1.0000
2024-11-27 20:58:14,451 - INFO - Early stopping triggered after 94 epochs
2024-11-27 20:58:14,451 - INFO - Best validation accuracy: 1.0000
2024-11-27 20:58:14,546 - INFO - Early stopping triggered after 95 epochs
2024-11-27 20:58:14,546 - INFO - Best validation accuracy: 1.0000
2024-11-27 20:58:14,546 - INFO - Epoch 95
2024-11-27 20:58:14,546 - INFO - Train Loss: 0.2015
2024-11-27 20:58:14,546 - INFO - Val Loss: 0.2774
2024-11-27 20:58:14,546 - INFO - Current Val Accuracy: 0.8889
2024-11-27 20:58:14,546 - INFO - Best Val Accuracy: 1.0000
2024-11-27 20:58:14,640 - INFO - Early stopping triggered after 96 epochs
2024-11-27 20:58:14,640 - INFO - Best validation accuracy: 1.0000
2024-11-27 20:58:14,735 - INFO - Early stopping triggered after 97 epochs
2024-11-27 20:58:14,735 - INFO - Best validation accuracy: 1.0000
2024-11-27 20:58:14,830 - INFO - Early stopping triggered after 98 epochs
2024-11-27 20:58:14,830 - INFO - Best validation accuracy: 1.0000
2024-11-27 20:58:14,925 - INFO - Early stopping triggered after 99 epochs
2024-11-27 20:58:14,925 - INFO - Best validation accuracy: 1.0000
2024-11-27 20:58:15,020 - INFO - Early stopping triggered after 100 epochs
2024-11-27 20:58:15,020 - INFO - Best validation accuracy: 1.0000
2024-11-27 20:58:15,020 - INFO - Epoch 100
2024-11-27 20:58:15,020 - INFO - Train Loss: 0.2015
2024-11-27 20:58:15,020 - INFO - Val Loss: 0.3237
2024-11-27 20:58:15,020 - INFO - Current Val Accuracy: 0.8889
2024-11-27 20:58:15,020 - INFO - Best Val Accuracy: 1.0000
2024-11-27 20:58:15,020 - INFO - 
Starting Fold 5/5
2024-11-27 20:58:15,022 - INFO - Starting data augmentation with 5 augmentations per sample
2024-11-27 20:58:15,060 - INFO - Augmentation complete. Dataset size increased from 87 to 522 samples
2024-11-27 20:58:15,162 - INFO - Epoch 1: New best validation accuracy: 0.8056
2024-11-27 20:58:15,259 - INFO - Epoch 2: New best validation accuracy: 0.9167
2024-11-27 20:58:15,543 - INFO - Epoch 5
2024-11-27 20:58:15,543 - INFO - Train Loss: 2.4753
2024-11-27 20:58:15,543 - INFO - Val Loss: 2.3874
2024-11-27 20:58:15,543 - INFO - Current Val Accuracy: 0.8889
2024-11-27 20:58:15,543 - INFO - Best Val Accuracy: 0.9167
2024-11-27 20:58:15,734 - INFO - Epoch 7: New best validation accuracy: 0.9583
2024-11-27 20:58:16,019 - INFO - Epoch 10
2024-11-27 20:58:16,019 - INFO - Train Loss: 1.4476
2024-11-27 20:58:16,019 - INFO - Val Loss: 1.9367
2024-11-27 20:58:16,019 - INFO - Current Val Accuracy: 0.7500
2024-11-27 20:58:16,019 - INFO - Best Val Accuracy: 0.9583
2024-11-27 20:58:16,493 - INFO - Epoch 15
2024-11-27 20:58:16,493 - INFO - Train Loss: 1.1701
2024-11-27 20:58:16,493 - INFO - Val Loss: 3.3090
2024-11-27 20:58:16,493 - INFO - Current Val Accuracy: 0.9167
2024-11-27 20:58:16,493 - INFO - Best Val Accuracy: 0.9583
2024-11-27 20:58:16,710 - INFO - Early stopping triggered after 17 epochs
2024-11-27 20:58:16,710 - INFO - Best validation accuracy: 0.9583
2024-11-27 20:58:16,822 - INFO - Early stopping triggered after 18 epochs
2024-11-27 20:58:16,822 - INFO - Best validation accuracy: 0.9583
2024-11-27 20:58:16,934 - INFO - Early stopping triggered after 19 epochs
2024-11-27 20:58:16,934 - INFO - Best validation accuracy: 0.9583
2024-11-27 20:58:17,046 - INFO - Early stopping triggered after 20 epochs
2024-11-27 20:58:17,046 - INFO - Best validation accuracy: 0.9583
2024-11-27 20:58:17,046 - INFO - Epoch 20
2024-11-27 20:58:17,046 - INFO - Train Loss: 3.9114
2024-11-27 20:58:17,046 - INFO - Val Loss: 4.5387
2024-11-27 20:58:17,046 - INFO - Current Val Accuracy: 0.9028
2024-11-27 20:58:17,046 - INFO - Best Val Accuracy: 0.9583
2024-11-27 20:58:17,159 - INFO - Early stopping triggered after 21 epochs
2024-11-27 20:58:17,159 - INFO - Best validation accuracy: 0.9583
2024-11-27 20:58:17,273 - INFO - Early stopping triggered after 22 epochs
2024-11-27 20:58:17,273 - INFO - Best validation accuracy: 0.9583
2024-11-27 20:58:17,387 - INFO - Early stopping triggered after 23 epochs
2024-11-27 20:58:17,387 - INFO - Best validation accuracy: 0.9583
2024-11-27 20:58:17,501 - INFO - Early stopping triggered after 24 epochs
2024-11-27 20:58:17,501 - INFO - Best validation accuracy: 0.9583
2024-11-27 20:58:17,614 - INFO - Early stopping triggered after 25 epochs
2024-11-27 20:58:17,615 - INFO - Best validation accuracy: 0.9583
2024-11-27 20:58:17,615 - INFO - Epoch 25
2024-11-27 20:58:17,615 - INFO - Train Loss: 0.9943
2024-11-27 20:58:17,615 - INFO - Val Loss: 1.6012
2024-11-27 20:58:17,615 - INFO - Current Val Accuracy: 0.7917
2024-11-27 20:58:17,615 - INFO - Best Val Accuracy: 0.9583
2024-11-27 20:58:17,729 - INFO - Early stopping triggered after 26 epochs
2024-11-27 20:58:17,729 - INFO - Best validation accuracy: 0.9583
2024-11-27 20:58:17,842 - INFO - Early stopping triggered after 27 epochs
2024-11-27 20:58:17,842 - INFO - Best validation accuracy: 0.9583
2024-11-27 20:58:17,956 - INFO - Early stopping triggered after 28 epochs
2024-11-27 20:58:17,956 - INFO - Best validation accuracy: 0.9583
2024-11-27 20:58:18,070 - INFO - Early stopping triggered after 29 epochs
2024-11-27 20:58:18,070 - INFO - Best validation accuracy: 0.9583
2024-11-27 20:58:18,184 - INFO - Early stopping triggered after 30 epochs
2024-11-27 20:58:18,184 - INFO - Best validation accuracy: 0.9583
2024-11-27 20:58:18,184 - INFO - Epoch 30
2024-11-27 20:58:18,184 - INFO - Train Loss: 0.4090
2024-11-27 20:58:18,184 - INFO - Val Loss: 0.4436
2024-11-27 20:58:18,184 - INFO - Current Val Accuracy: 0.9167
2024-11-27 20:58:18,184 - INFO - Best Val Accuracy: 0.9583
2024-11-27 20:58:18,298 - INFO - Early stopping triggered after 31 epochs
2024-11-27 20:58:18,298 - INFO - Best validation accuracy: 0.9583
2024-11-27 20:58:18,412 - INFO - Early stopping triggered after 32 epochs
2024-11-27 20:58:18,412 - INFO - Best validation accuracy: 0.9583
2024-11-27 20:58:18,526 - INFO - Early stopping triggered after 33 epochs
2024-11-27 20:58:18,526 - INFO - Best validation accuracy: 0.9583
2024-11-27 20:58:18,640 - INFO - Early stopping triggered after 34 epochs
2024-11-27 20:58:18,640 - INFO - Best validation accuracy: 0.9583
2024-11-27 20:58:18,754 - INFO - Early stopping triggered after 35 epochs
2024-11-27 20:58:18,754 - INFO - Best validation accuracy: 0.9583
2024-11-27 20:58:18,754 - INFO - Epoch 35
2024-11-27 20:58:18,754 - INFO - Train Loss: 1.5760
2024-11-27 20:58:18,754 - INFO - Val Loss: 1.5778
2024-11-27 20:58:18,754 - INFO - Current Val Accuracy: 0.8472
2024-11-27 20:58:18,754 - INFO - Best Val Accuracy: 0.9583
2024-11-27 20:58:18,868 - INFO - Early stopping triggered after 36 epochs
2024-11-27 20:58:18,868 - INFO - Best validation accuracy: 0.9583
2024-11-27 20:58:18,982 - INFO - Early stopping triggered after 37 epochs
2024-11-27 20:58:18,983 - INFO - Best validation accuracy: 0.9583
2024-11-27 20:58:19,096 - INFO - Early stopping triggered after 38 epochs
2024-11-27 20:58:19,096 - INFO - Best validation accuracy: 0.9583
2024-11-27 20:58:19,210 - INFO - Early stopping triggered after 39 epochs
2024-11-27 20:58:19,210 - INFO - Best validation accuracy: 0.9583
2024-11-27 20:58:19,324 - INFO - Early stopping triggered after 40 epochs
2024-11-27 20:58:19,324 - INFO - Best validation accuracy: 0.9583
2024-11-27 20:58:19,324 - INFO - Epoch 40
2024-11-27 20:58:19,324 - INFO - Train Loss: 0.3111
2024-11-27 20:58:19,324 - INFO - Val Loss: 0.8408
2024-11-27 20:58:19,324 - INFO - Current Val Accuracy: 0.8472
2024-11-27 20:58:19,324 - INFO - Best Val Accuracy: 0.9583
2024-11-27 20:58:19,438 - INFO - Early stopping triggered after 41 epochs
2024-11-27 20:58:19,438 - INFO - Best validation accuracy: 0.9583
2024-11-27 20:58:19,552 - INFO - Early stopping triggered after 42 epochs
2024-11-27 20:58:19,552 - INFO - Best validation accuracy: 0.9583
2024-11-27 20:58:19,666 - INFO - Early stopping triggered after 43 epochs
2024-11-27 20:58:19,666 - INFO - Best validation accuracy: 0.9583
2024-11-27 20:58:19,780 - INFO - Early stopping triggered after 44 epochs
2024-11-27 20:58:19,780 - INFO - Best validation accuracy: 0.9583
2024-11-27 20:58:19,894 - INFO - Early stopping triggered after 45 epochs
2024-11-27 20:58:19,894 - INFO - Best validation accuracy: 0.9583
2024-11-27 20:58:19,894 - INFO - Epoch 45
2024-11-27 20:58:19,894 - INFO - Train Loss: 0.2552
2024-11-27 20:58:19,894 - INFO - Val Loss: 0.3115
2024-11-27 20:58:19,894 - INFO - Current Val Accuracy: 0.9583
2024-11-27 20:58:19,894 - INFO - Best Val Accuracy: 0.9583
2024-11-27 20:58:20,008 - INFO - Early stopping triggered after 46 epochs
2024-11-27 20:58:20,008 - INFO - Best validation accuracy: 0.9583
2024-11-27 20:58:20,122 - INFO - Early stopping triggered after 47 epochs
2024-11-27 20:58:20,122 - INFO - Best validation accuracy: 0.9583
2024-11-27 20:58:20,235 - INFO - Early stopping triggered after 48 epochs
2024-11-27 20:58:20,235 - INFO - Best validation accuracy: 0.9583
2024-11-27 20:58:20,349 - INFO - Early stopping triggered after 49 epochs
2024-11-27 20:58:20,349 - INFO - Best validation accuracy: 0.9583
2024-11-27 20:58:20,463 - INFO - Early stopping triggered after 50 epochs
2024-11-27 20:58:20,463 - INFO - Best validation accuracy: 0.9583
2024-11-27 20:58:20,463 - INFO - Epoch 50
2024-11-27 20:58:20,463 - INFO - Train Loss: 0.2274
2024-11-27 20:58:20,463 - INFO - Val Loss: 0.3580
2024-11-27 20:58:20,463 - INFO - Current Val Accuracy: 0.8611
2024-11-27 20:58:20,463 - INFO - Best Val Accuracy: 0.9583
2024-11-27 20:58:20,577 - INFO - Early stopping triggered after 51 epochs
2024-11-27 20:58:20,577 - INFO - Best validation accuracy: 0.9583
2024-11-27 20:58:20,691 - INFO - Early stopping triggered after 52 epochs
2024-11-27 20:58:20,691 - INFO - Best validation accuracy: 0.9583
2024-11-27 20:58:20,805 - INFO - Early stopping triggered after 53 epochs
2024-11-27 20:58:20,805 - INFO - Best validation accuracy: 0.9583
2024-11-27 20:58:20,918 - INFO - Early stopping triggered after 54 epochs
2024-11-27 20:58:20,918 - INFO - Best validation accuracy: 0.9583
2024-11-27 20:58:21,032 - INFO - Early stopping triggered after 55 epochs
2024-11-27 20:58:21,032 - INFO - Best validation accuracy: 0.9583
2024-11-27 20:58:21,032 - INFO - Epoch 55
2024-11-27 20:58:21,032 - INFO - Train Loss: 0.2105
2024-11-27 20:58:21,032 - INFO - Val Loss: 0.3340
2024-11-27 20:58:21,033 - INFO - Current Val Accuracy: 0.9028
2024-11-27 20:58:21,033 - INFO - Best Val Accuracy: 0.9583
2024-11-27 20:58:21,146 - INFO - Early stopping triggered after 56 epochs
2024-11-27 20:58:21,146 - INFO - Best validation accuracy: 0.9583
2024-11-27 20:58:21,260 - INFO - Early stopping triggered after 57 epochs
2024-11-27 20:58:21,260 - INFO - Best validation accuracy: 0.9583
2024-11-27 20:58:21,374 - INFO - Early stopping triggered after 58 epochs
2024-11-27 20:58:21,374 - INFO - Best validation accuracy: 0.9583
2024-11-27 20:58:21,488 - INFO - Early stopping triggered after 59 epochs
2024-11-27 20:58:21,488 - INFO - Best validation accuracy: 0.9583
2024-11-27 20:58:21,602 - INFO - Early stopping triggered after 60 epochs
2024-11-27 20:58:21,602 - INFO - Best validation accuracy: 0.9583
2024-11-27 20:58:21,602 - INFO - Epoch 60
2024-11-27 20:58:21,602 - INFO - Train Loss: 0.2087
2024-11-27 20:58:21,602 - INFO - Val Loss: 0.3678
2024-11-27 20:58:21,602 - INFO - Current Val Accuracy: 0.8611
2024-11-27 20:58:21,602 - INFO - Best Val Accuracy: 0.9583
2024-11-27 20:58:21,716 - INFO - Early stopping triggered after 61 epochs
2024-11-27 20:58:21,716 - INFO - Best validation accuracy: 0.9583
2024-11-27 20:58:21,830 - INFO - Early stopping triggered after 62 epochs
2024-11-27 20:58:21,830 - INFO - Best validation accuracy: 0.9583
2024-11-27 20:58:21,944 - INFO - Early stopping triggered after 63 epochs
2024-11-27 20:58:21,944 - INFO - Best validation accuracy: 0.9583
2024-11-27 20:58:22,057 - INFO - Early stopping triggered after 64 epochs
2024-11-27 20:58:22,058 - INFO - Best validation accuracy: 0.9583
2024-11-27 20:58:22,171 - INFO - Early stopping triggered after 65 epochs
2024-11-27 20:58:22,171 - INFO - Best validation accuracy: 0.9583
2024-11-27 20:58:22,171 - INFO - Epoch 65
2024-11-27 20:58:22,171 - INFO - Train Loss: 0.2079
2024-11-27 20:58:22,171 - INFO - Val Loss: 0.3986
2024-11-27 20:58:22,171 - INFO - Current Val Accuracy: 0.8611
2024-11-27 20:58:22,171 - INFO - Best Val Accuracy: 0.9583
2024-11-27 20:58:22,285 - INFO - Early stopping triggered after 66 epochs
2024-11-27 20:58:22,285 - INFO - Best validation accuracy: 0.9583
2024-11-27 20:58:22,399 - INFO - Early stopping triggered after 67 epochs
2024-11-27 20:58:22,399 - INFO - Best validation accuracy: 0.9583
2024-11-27 20:58:22,514 - INFO - Early stopping triggered after 68 epochs
2024-11-27 20:58:22,514 - INFO - Best validation accuracy: 0.9583
2024-11-27 20:58:22,628 - INFO - Early stopping triggered after 69 epochs
2024-11-27 20:58:22,628 - INFO - Best validation accuracy: 0.9583
2024-11-27 20:58:22,742 - INFO - Early stopping triggered after 70 epochs
2024-11-27 20:58:22,742 - INFO - Best validation accuracy: 0.9583
2024-11-27 20:58:22,742 - INFO - Epoch 70
2024-11-27 20:58:22,742 - INFO - Train Loss: 0.2063
2024-11-27 20:58:22,742 - INFO - Val Loss: 0.3529
2024-11-27 20:58:22,743 - INFO - Current Val Accuracy: 0.9028
2024-11-27 20:58:22,743 - INFO - Best Val Accuracy: 0.9583
2024-11-27 20:58:22,856 - INFO - Early stopping triggered after 71 epochs
2024-11-27 20:58:22,857 - INFO - Best validation accuracy: 0.9583
2024-11-27 20:58:22,970 - INFO - Early stopping triggered after 72 epochs
2024-11-27 20:58:22,970 - INFO - Best validation accuracy: 0.9583
2024-11-27 20:58:23,084 - INFO - Early stopping triggered after 73 epochs
2024-11-27 20:58:23,084 - INFO - Best validation accuracy: 0.9583
2024-11-27 20:58:23,198 - INFO - Early stopping triggered after 74 epochs
2024-11-27 20:58:23,198 - INFO - Best validation accuracy: 0.9583
2024-11-27 20:58:23,312 - INFO - Early stopping triggered after 75 epochs
2024-11-27 20:58:23,312 - INFO - Best validation accuracy: 0.9583
2024-11-27 20:58:23,312 - INFO - Epoch 75
2024-11-27 20:58:23,312 - INFO - Train Loss: 0.2057
2024-11-27 20:58:23,312 - INFO - Val Loss: 0.3226
2024-11-27 20:58:23,312 - INFO - Current Val Accuracy: 0.9028
2024-11-27 20:58:23,312 - INFO - Best Val Accuracy: 0.9583
2024-11-27 20:58:23,426 - INFO - Early stopping triggered after 76 epochs
2024-11-27 20:58:23,426 - INFO - Best validation accuracy: 0.9583
2024-11-27 20:58:23,540 - INFO - Early stopping triggered after 77 epochs
2024-11-27 20:58:23,540 - INFO - Best validation accuracy: 0.9583
2024-11-27 20:58:23,654 - INFO - Early stopping triggered after 78 epochs
2024-11-27 20:58:23,654 - INFO - Best validation accuracy: 0.9583
2024-11-27 20:58:23,767 - INFO - Early stopping triggered after 79 epochs
2024-11-27 20:58:23,767 - INFO - Best validation accuracy: 0.9583
2024-11-27 20:58:23,881 - INFO - Early stopping triggered after 80 epochs
2024-11-27 20:58:23,881 - INFO - Best validation accuracy: 0.9583
2024-11-27 20:58:23,881 - INFO - Epoch 80
2024-11-27 20:58:23,881 - INFO - Train Loss: 0.2029
2024-11-27 20:58:23,881 - INFO - Val Loss: 0.3494
2024-11-27 20:58:23,881 - INFO - Current Val Accuracy: 0.8611
2024-11-27 20:58:23,881 - INFO - Best Val Accuracy: 0.9583
2024-11-27 20:58:23,995 - INFO - Early stopping triggered after 81 epochs
2024-11-27 20:58:23,995 - INFO - Best validation accuracy: 0.9583
2024-11-27 20:58:24,109 - INFO - Early stopping triggered after 82 epochs
2024-11-27 20:58:24,109 - INFO - Best validation accuracy: 0.9583
2024-11-27 20:58:24,223 - INFO - Early stopping triggered after 83 epochs
2024-11-27 20:58:24,223 - INFO - Best validation accuracy: 0.9583
2024-11-27 20:58:24,337 - INFO - Early stopping triggered after 84 epochs
2024-11-27 20:58:24,337 - INFO - Best validation accuracy: 0.9583
2024-11-27 20:58:24,451 - INFO - Early stopping triggered after 85 epochs
2024-11-27 20:58:24,451 - INFO - Best validation accuracy: 0.9583
2024-11-27 20:58:24,451 - INFO - Epoch 85
2024-11-27 20:58:24,451 - INFO - Train Loss: 0.2035
2024-11-27 20:58:24,451 - INFO - Val Loss: 0.3457
2024-11-27 20:58:24,451 - INFO - Current Val Accuracy: 0.8611
2024-11-27 20:58:24,451 - INFO - Best Val Accuracy: 0.9583
2024-11-27 20:58:24,564 - INFO - Early stopping triggered after 86 epochs
2024-11-27 20:58:24,565 - INFO - Best validation accuracy: 0.9583
2024-11-27 20:58:24,678 - INFO - Early stopping triggered after 87 epochs
2024-11-27 20:58:24,678 - INFO - Best validation accuracy: 0.9583
2024-11-27 20:58:24,792 - INFO - Early stopping triggered after 88 epochs
2024-11-27 20:58:24,792 - INFO - Best validation accuracy: 0.9583
2024-11-27 20:58:24,906 - INFO - Early stopping triggered after 89 epochs
2024-11-27 20:58:24,906 - INFO - Best validation accuracy: 0.9583
2024-11-27 20:58:25,020 - INFO - Early stopping triggered after 90 epochs
2024-11-27 20:58:25,020 - INFO - Best validation accuracy: 0.9583
2024-11-27 20:58:25,020 - INFO - Epoch 90
2024-11-27 20:58:25,020 - INFO - Train Loss: 0.2017
2024-11-27 20:58:25,020 - INFO - Val Loss: 0.3261
2024-11-27 20:58:25,020 - INFO - Current Val Accuracy: 0.9028
2024-11-27 20:58:25,020 - INFO - Best Val Accuracy: 0.9583
2024-11-27 20:58:25,134 - INFO - Early stopping triggered after 91 epochs
2024-11-27 20:58:25,134 - INFO - Best validation accuracy: 0.9583
2024-11-27 20:58:25,248 - INFO - Early stopping triggered after 92 epochs
2024-11-27 20:58:25,248 - INFO - Best validation accuracy: 0.9583
2024-11-27 20:58:25,362 - INFO - Early stopping triggered after 93 epochs
2024-11-27 20:58:25,362 - INFO - Best validation accuracy: 0.9583
2024-11-27 20:58:25,476 - INFO - Early stopping triggered after 94 epochs
2024-11-27 20:58:25,476 - INFO - Best validation accuracy: 0.9583
2024-11-27 20:58:25,590 - INFO - Early stopping triggered after 95 epochs
2024-11-27 20:58:25,590 - INFO - Best validation accuracy: 0.9583
2024-11-27 20:58:25,590 - INFO - Epoch 95
2024-11-27 20:58:25,590 - INFO - Train Loss: 0.2037
2024-11-27 20:58:25,590 - INFO - Val Loss: 0.3558
2024-11-27 20:58:25,590 - INFO - Current Val Accuracy: 0.9028
2024-11-27 20:58:25,590 - INFO - Best Val Accuracy: 0.9583
2024-11-27 20:58:25,704 - INFO - Early stopping triggered after 96 epochs
2024-11-27 20:58:25,704 - INFO - Best validation accuracy: 0.9583
2024-11-27 20:58:25,817 - INFO - Early stopping triggered after 97 epochs
2024-11-27 20:58:25,817 - INFO - Best validation accuracy: 0.9583
2024-11-27 20:58:25,931 - INFO - Early stopping triggered after 98 epochs
2024-11-27 20:58:25,931 - INFO - Best validation accuracy: 0.9583
2024-11-27 20:58:26,045 - INFO - Early stopping triggered after 99 epochs
2024-11-27 20:58:26,045 - INFO - Best validation accuracy: 0.9583
2024-11-27 20:58:26,159 - INFO - Early stopping triggered after 100 epochs
2024-11-27 20:58:26,159 - INFO - Best validation accuracy: 0.9583
2024-11-27 20:58:26,159 - INFO - Epoch 100
2024-11-27 20:58:26,159 - INFO - Train Loss: 0.2020
2024-11-27 20:58:26,159 - INFO - Val Loss: 0.3506
2024-11-27 20:58:26,159 - INFO - Current Val Accuracy: 0.9028
2024-11-27 20:58:26,159 - INFO - Best Val Accuracy: 0.9583
2024-11-27 20:58:26,159 - INFO - 
Best validation metrics for each fold:
2024-11-27 20:58:26,159 - INFO - 
Fold 1:
2024-11-27 20:58:26,159 - INFO - balanced_accuracy: 1.0000
2024-11-27 20:58:26,159 - INFO - precision: 1.0000
2024-11-27 20:58:26,159 - INFO - recall: 1.0000
2024-11-27 20:58:26,159 - INFO - f1: 1.0000
2024-11-27 20:58:26,159 - INFO - auc_roc: 1.0000
2024-11-27 20:58:26,159 - INFO - 
Fold 2:
2024-11-27 20:58:26,159 - INFO - balanced_accuracy: 1.0000
2024-11-27 20:58:26,159 - INFO - precision: 1.0000
2024-11-27 20:58:26,159 - INFO - recall: 1.0000
2024-11-27 20:58:26,159 - INFO - f1: 1.0000
2024-11-27 20:58:26,160 - INFO - auc_roc: 1.0000
2024-11-27 20:58:26,160 - INFO - 
Fold 3:
2024-11-27 20:58:26,160 - INFO - balanced_accuracy: 1.0000
2024-11-27 20:58:26,160 - INFO - precision: 1.0000
2024-11-27 20:58:26,160 - INFO - recall: 1.0000
2024-11-27 20:58:26,160 - INFO - f1: 1.0000
2024-11-27 20:58:26,160 - INFO - auc_roc: 1.0000
2024-11-27 20:58:26,160 - INFO - 
Fold 4:
2024-11-27 20:58:26,160 - INFO - balanced_accuracy: 1.0000
2024-11-27 20:58:26,160 - INFO - precision: 1.0000
2024-11-27 20:58:26,160 - INFO - recall: 1.0000
2024-11-27 20:58:26,160 - INFO - f1: 1.0000
2024-11-27 20:58:26,160 - INFO - auc_roc: 1.0000
2024-11-27 20:58:26,160 - INFO - 
Fold 5:
2024-11-27 20:58:26,160 - INFO - balanced_accuracy: 0.9583
2024-11-27 20:58:26,160 - INFO - precision: 0.9571
2024-11-27 20:58:26,160 - INFO - recall: 0.9524
2024-11-27 20:58:26,160 - INFO - f1: 0.9526
2024-11-27 20:58:26,160 - INFO - auc_roc: 0.9444
2024-11-27 20:58:26,160 - INFO - 
Average metrics across all folds:
2024-11-27 20:58:26,160 - INFO - Average balanced_accuracy: 0.9917
2024-11-27 20:58:26,160 - INFO - Average precision: 0.9914
2024-11-27 20:58:26,160 - INFO - Average recall: 0.9905
2024-11-27 20:58:26,160 - INFO - Average f1: 0.9905
2024-11-27 20:58:26,160 - INFO - Average auc_roc: 0.9889
2024-11-27 20:58:26,160 - INFO - 
Metric standard deviations across folds:
2024-11-27 20:58:26,160 - INFO - balanced_accuracy std: 0.0167
2024-11-27 20:58:26,160 - INFO - precision std: 0.0171
2024-11-27 20:58:26,160 - INFO - recall std: 0.0190
2024-11-27 20:58:26,160 - INFO - f1 std: 0.0190
2024-11-27 20:58:26,160 - INFO - auc_roc std: 0.0222
2024-11-27 20:58:26,160 - INFO - 
Training completed. Best overall accuracy: 1.0000
2024-11-27 20:58:26,162 - INFO - Training time: 52.33s
