INFO:train:Epoch 1/200 	Train Loss: 0.4578, Train Balanced Acc: 0.4694	 Val Loss: 0.3440, Val Balanced Acc: 0.5000
INFO:train:Epoch 2/200 	Train Loss: 0.3094, Train Balanced Acc: 0.5000	 Val Loss: 0.3203, Val Balanced Acc: 0.5000
INFO:train:Epoch 3/200 	Train Loss: 0.3048, Train Balanced Acc: 0.5000	 Val Loss: 0.3862, Val Balanced Acc: 0.5000
INFO:train:Epoch 4/200 	Train Loss: 0.2985, Train Balanced Acc: 0.5000	 Val Loss: 0.3763, Val Balanced Acc: 0.5000
INFO:train:Epoch 5/200 	Train Loss: 0.2970, Train Balanced Acc: 0.5000	 Val Loss: 0.3812, Val Balanced Acc: 0.5000
INFO:train:Epoch 6/200 	Train Loss: 0.2931, Train Balanced Acc: 0.5000	 Val Loss: 0.3584, Val Balanced Acc: 0.5000
INFO:train:Epoch 7/200 	Train Loss: 0.2955, Train Balanced Acc: 0.5058	 Val Loss: 0.3527, Val Balanced Acc: 0.5000
INFO:train:Epoch 8/200 	Train Loss: 0.2897, Train Balanced Acc: 0.5053	 Val Loss: 0.3870, Val Balanced Acc: 0.4969
INFO:train:Epoch 9/200 	Train Loss: 0.2888, Train Balanced Acc: 0.5114	 Val Loss: 0.4494, Val Balanced Acc: 0.5000
INFO:train:Epoch 10/200 	Train Loss: 0.2797, Train Balanced Acc: 0.5109	 Val Loss: 0.4033, Val Balanced Acc: 0.4939
INFO:train:Epoch 11/200 	Train Loss: 0.2804, Train Balanced Acc: 0.5227	 Val Loss: 0.3789, Val Balanced Acc: 0.4796
INFO:train:Early stopping triggered after 11 epochs
INFO:train:Epoch 12/200 	Train Loss: 0.2808, Train Balanced Acc: 0.5392	 Val Loss: 0.3775, Val Balanced Acc: 0.5064
INFO:train:Epoch 13/200 	Train Loss: 0.2761, Train Balanced Acc: 0.5505	 Val Loss: 0.4027, Val Balanced Acc: 0.4847
INFO:train:Epoch 14/200 	Train Loss: 0.2732, Train Balanced Acc: 0.5627	 Val Loss: 0.4077, Val Balanced Acc: 0.4827
INFO:train:Epoch 15/200 	Train Loss: 0.2774, Train Balanced Acc: 0.5566	 Val Loss: 0.4087, Val Balanced Acc: 0.5013
INFO:train:Epoch 16/200 	Train Loss: 0.2684, Train Balanced Acc: 0.6036	 Val Loss: 0.4620, Val Balanced Acc: 0.4939
INFO:train:Epoch 17/200 	Train Loss: 0.2660, Train Balanced Acc: 0.5978	 Val Loss: 0.4411, Val Balanced Acc: 0.4870
INFO:train:Epoch 18/200 	Train Loss: 0.2648, Train Balanced Acc: 0.6147	 Val Loss: 0.4059, Val Balanced Acc: 0.4827
INFO:train:Epoch 19/200 	Train Loss: 0.2650, Train Balanced Acc: 0.6145	 Val Loss: 0.4020, Val Balanced Acc: 0.5406
INFO:train:Epoch 20/200 	Train Loss: 0.2548, Train Balanced Acc: 0.6380	 Val Loss: 0.4822, Val Balanced Acc: 0.4801
INFO:train:Epoch 21/200 	Train Loss: 0.2604, Train Balanced Acc: 0.6441	 Val Loss: 0.4519, Val Balanced Acc: 0.5307
INFO:train:Epoch 22/200 	Train Loss: 0.2582, Train Balanced Acc: 0.6711	 Val Loss: 0.4682, Val Balanced Acc: 0.4870
INFO:train:Epoch 23/200 	Train Loss: 0.2574, Train Balanced Acc: 0.6380	 Val Loss: 0.4494, Val Balanced Acc: 0.5317
INFO:train:Epoch 24/200 	Train Loss: 0.2553, Train Balanced Acc: 0.6544	 Val Loss: 0.4941, Val Balanced Acc: 0.4952
INFO:train:Epoch 25/200 	Train Loss: 0.2540, Train Balanced Acc: 0.6777	 Val Loss: 0.4130, Val Balanced Acc: 0.4704
INFO:train:Epoch 26/200 	Train Loss: 0.2486, Train Balanced Acc: 0.7067	 Val Loss: 0.4886, Val Balanced Acc: 0.5721
INFO:train:Epoch 27/200 	Train Loss: 0.2523, Train Balanced Acc: 0.7565	 Val Loss: 0.4434, Val Balanced Acc: 0.4942
INFO:train:Epoch 28/200 	Train Loss: 0.2483, Train Balanced Acc: 0.7073	 Val Loss: 0.4033, Val Balanced Acc: 0.4745
INFO:train:Epoch 29/200 	Train Loss: 0.2405, Train Balanced Acc: 0.7720	 Val Loss: 0.3791, Val Balanced Acc: 0.5291
INFO:train:Epoch 30/200 	Train Loss: 0.2466, Train Balanced Acc: 0.7697	 Val Loss: 0.3958, Val Balanced Acc: 0.4735
INFO:train:Epoch 31/200 	Train Loss: 0.2417, Train Balanced Acc: 0.7712	 Val Loss: 0.4664, Val Balanced Acc: 0.4934
INFO:train:Epoch 32/200 	Train Loss: 0.2414, Train Balanced Acc: 0.7765	 Val Loss: 0.4505, Val Balanced Acc: 0.5087
INFO:train:Epoch 33/200 	Train Loss: 0.2359, Train Balanced Acc: 0.8066	 Val Loss: 0.4250, Val Balanced Acc: 0.4911
INFO:train:Epoch 34/200 	Train Loss: 0.2368, Train Balanced Acc: 0.8571	 Val Loss: 0.4361, Val Balanced Acc: 0.5355
INFO:train:Epoch 35/200 	Train Loss: 0.2409, Train Balanced Acc: 0.7937	 Val Loss: 0.4449, Val Balanced Acc: 0.5128
INFO:train:Epoch 36/200 	Train Loss: 0.2418, Train Balanced Acc: 0.7934	 Val Loss: 0.3693, Val Balanced Acc: 0.4857
INFO:train:Early stopping triggered after 36 epochs
INFO:train:Epoch 37/200 	Train Loss: 0.2359, Train Balanced Acc: 0.7942	 Val Loss: 0.4893, Val Balanced Acc: 0.5195
INFO:train:Early stopping triggered after 37 epochs
INFO:train:Epoch 38/200 	Train Loss: 0.2281, Train Balanced Acc: 0.8754	 Val Loss: 0.3994, Val Balanced Acc: 0.4921
INFO:train:Early stopping triggered after 38 epochs
INFO:train:Epoch 39/200 	Train Loss: 0.2329, Train Balanced Acc: 0.8465	 Val Loss: 0.5582, Val Balanced Acc: 0.5351
INFO:train:Early stopping triggered after 39 epochs
INFO:train:Epoch 40/200 	Train Loss: 0.2247, Train Balanced Acc: 0.8824	 Val Loss: 0.5225, Val Balanced Acc: 0.5473
INFO:train:Early stopping triggered after 40 epochs
INFO:train:Epoch 41/200 	Train Loss: 0.2277, Train Balanced Acc: 0.8817	 Val Loss: 0.4363, Val Balanced Acc: 0.4870
INFO:train:Early stopping triggered after 41 epochs
INFO:train:Epoch 42/200 	Train Loss: 0.2249, Train Balanced Acc: 0.8996	 Val Loss: 0.4302, Val Balanced Acc: 0.5687
INFO:train:Early stopping triggered after 42 epochs
INFO:train:Epoch 43/200 	Train Loss: 0.2218, Train Balanced Acc: 0.9292	 Val Loss: 0.6736, Val Balanced Acc: 0.5550
INFO:train:Early stopping triggered after 43 epochs
INFO:train:Epoch 44/200 	Train Loss: 0.2246, Train Balanced Acc: 0.9115	 Val Loss: 0.6319, Val Balanced Acc: 0.5486
INFO:train:Early stopping triggered after 44 epochs
INFO:train:Epoch 45/200 	Train Loss: 0.2216, Train Balanced Acc: 0.8999	 Val Loss: 0.4822, Val Balanced Acc: 0.4965
INFO:train:Early stopping triggered after 45 epochs
INFO:train:Epoch 46/200 	Train Loss: 0.2197, Train Balanced Acc: 0.9406	 Val Loss: 0.5219, Val Balanced Acc: 0.5266
INFO:train:Early stopping triggered after 46 epochs
INFO:train:Epoch 47/200 	Train Loss: 0.2213, Train Balanced Acc: 0.8996	 Val Loss: 0.4193, Val Balanced Acc: 0.4993
INFO:train:Early stopping triggered after 47 epochs
INFO:train:Epoch 48/200 	Train Loss: 0.2192, Train Balanced Acc: 0.9279	 Val Loss: 0.5547, Val Balanced Acc: 0.5351
INFO:train:Early stopping triggered after 48 epochs
INFO:train:Epoch 49/200 	Train Loss: 0.2227, Train Balanced Acc: 0.8996	 Val Loss: 0.4508, Val Balanced Acc: 0.5067
INFO:train:Early stopping triggered after 49 epochs
INFO:train:Epoch 50/200 	Train Loss: 0.2156, Train Balanced Acc: 0.9403	 Val Loss: 0.4526, Val Balanced Acc: 0.4870
INFO:train:Early stopping triggered after 50 epochs
INFO:train:Epoch 51/200 	Train Loss: 0.2161, Train Balanced Acc: 0.9580	 Val Loss: 0.5848, Val Balanced Acc: 0.4876
INFO:train:Early stopping triggered after 51 epochs
INFO:train:Epoch 52/200 	Train Loss: 0.2143, Train Balanced Acc: 0.9527	 Val Loss: 0.4411, Val Balanced Acc: 0.4972
INFO:train:Early stopping triggered after 52 epochs
INFO:train:Epoch 53/200 	Train Loss: 0.2152, Train Balanced Acc: 0.9297	 Val Loss: 0.5569, Val Balanced Acc: 0.4761
INFO:train:Early stopping triggered after 53 epochs
INFO:train:Epoch 54/200 	Train Loss: 0.2148, Train Balanced Acc: 0.9290	 Val Loss: 0.4563, Val Balanced Acc: 0.5212
INFO:train:Early stopping triggered after 54 epochs
INFO:train:Epoch 55/200 	Train Loss: 0.2180, Train Balanced Acc: 0.9173	 Val Loss: 0.4067, Val Balanced Acc: 0.4837
INFO:train:Early stopping triggered after 55 epochs
INFO:train:Epoch 56/200 	Train Loss: 0.2177, Train Balanced Acc: 0.9178	 Val Loss: 0.4191, Val Balanced Acc: 0.5159
INFO:train:Early stopping triggered after 56 epochs
INFO:train:Epoch 57/200 	Train Loss: 0.2179, Train Balanced Acc: 0.9520	 Val Loss: 0.4496, Val Balanced Acc: 0.5460
INFO:train:Early stopping triggered after 57 epochs
INFO:train:Epoch 58/200 	Train Loss: 0.2179, Train Balanced Acc: 0.9403	 Val Loss: 0.7718, Val Balanced Acc: 0.5267
INFO:train:Early stopping triggered after 58 epochs
INFO:train:Epoch 59/200 	Train Loss: 0.2169, Train Balanced Acc: 0.9467	 Val Loss: 0.4074, Val Balanced Acc: 0.4755
INFO:train:Early stopping triggered after 59 epochs
INFO:train:Epoch 60/200 	Train Loss: 0.2128, Train Balanced Acc: 0.9525	 Val Loss: 0.5732, Val Balanced Acc: 0.5815
INFO:train:Epoch 61/200 	Train Loss: 0.2120, Train Balanced Acc: 0.9702	 Val Loss: 0.4075, Val Balanced Acc: 0.5108
INFO:train:Epoch 62/200 	Train Loss: 0.2121, Train Balanced Acc: 0.9707	 Val Loss: 0.4114, Val Balanced Acc: 0.4776
INFO:train:Epoch 63/200 	Train Loss: 0.2123, Train Balanced Acc: 0.9585	 Val Loss: 0.3903, Val Balanced Acc: 0.4837
INFO:train:Epoch 64/200 	Train Loss: 0.2124, Train Balanced Acc: 0.9644	 Val Loss: 0.4129, Val Balanced Acc: 0.5118
INFO:train:Epoch 65/200 	Train Loss: 0.2150, Train Balanced Acc: 0.9224	 Val Loss: 0.4009, Val Balanced Acc: 0.5220
INFO:train:Epoch 66/200 	Train Loss: 0.2119, Train Balanced Acc: 0.9702	 Val Loss: 0.3890, Val Balanced Acc: 0.4796
INFO:train:Epoch 67/200 	Train Loss: 0.2110, Train Balanced Acc: 0.9699	 Val Loss: 0.3783, Val Balanced Acc: 0.5210
INFO:train:Epoch 68/200 	Train Loss: 0.2094, Train Balanced Acc: 0.9702	 Val Loss: 0.4399, Val Balanced Acc: 0.5077
INFO:train:Epoch 69/200 	Train Loss: 0.2088, Train Balanced Acc: 0.9823	 Val Loss: 0.4124, Val Balanced Acc: 0.5376
INFO:train:Epoch 70/200 	Train Loss: 0.2087, Train Balanced Acc: 0.9879	 Val Loss: 0.3976, Val Balanced Acc: 0.5199
INFO:train:Early stopping triggered after 70 epochs
INFO:train:Epoch 71/200 	Train Loss: 0.2082, Train Balanced Acc: 0.9649	 Val Loss: 0.4924, Val Balanced Acc: 0.5514
INFO:train:Early stopping triggered after 71 epochs
INFO:train:Epoch 72/200 	Train Loss: 0.2075, Train Balanced Acc: 0.9884	 Val Loss: 0.3936, Val Balanced Acc: 0.4962
INFO:train:Early stopping triggered after 72 epochs
INFO:train:Epoch 73/200 	Train Loss: 0.2097, Train Balanced Acc: 0.9704	 Val Loss: 0.4219, Val Balanced Acc: 0.5006
INFO:train:Early stopping triggered after 73 epochs
INFO:train:Epoch 74/200 	Train Loss: 0.2099, Train Balanced Acc: 0.9641	 Val Loss: 0.6614, Val Balanced Acc: 0.5581
INFO:train:Early stopping triggered after 74 epochs
INFO:train:Epoch 75/200 	Train Loss: 0.2066, Train Balanced Acc: 0.9826	 Val Loss: 0.5449, Val Balanced Acc: 0.4917
INFO:train:Early stopping triggered after 75 epochs
INFO:train:Epoch 76/200 	Train Loss: 0.2067, Train Balanced Acc: 0.9767	 Val Loss: 0.4632, Val Balanced Acc: 0.5172
INFO:train:Early stopping triggered after 76 epochs
INFO:train:Epoch 77/200 	Train Loss: 0.2062, Train Balanced Acc: 0.9937	 Val Loss: 0.4539, Val Balanced Acc: 0.5243
INFO:train:Early stopping triggered after 77 epochs
INFO:train:Epoch 78/200 	Train Loss: 0.2049, Train Balanced Acc: 0.9942	 Val Loss: 0.4304, Val Balanced Acc: 0.4653
INFO:train:Early stopping triggered after 78 epochs
INFO:train:Epoch 79/200 	Train Loss: 0.2053, Train Balanced Acc: 0.9884	 Val Loss: 0.3868, Val Balanced Acc: 0.4776
INFO:train:Early stopping triggered after 79 epochs
INFO:train:Epoch 80/200 	Train Loss: 0.2046, Train Balanced Acc: 0.9942	 Val Loss: 0.4113, Val Balanced Acc: 0.4962
INFO:train:Early stopping triggered after 80 epochs
INFO:train:Epoch 81/200 	Train Loss: 0.2055, Train Balanced Acc: 0.9884	 Val Loss: 0.4068, Val Balanced Acc: 0.4921
INFO:train:Early stopping triggered after 81 epochs
INFO:train:Epoch 82/200 	Train Loss: 0.2052, Train Balanced Acc: 0.9823	 Val Loss: 0.3978, Val Balanced Acc: 0.5199
INFO:train:Early stopping triggered after 82 epochs
INFO:train:Epoch 83/200 	Train Loss: 0.2054, Train Balanced Acc: 0.9881	 Val Loss: 0.3816, Val Balanced Acc: 0.4878
INFO:train:Early stopping triggered after 83 epochs
INFO:train:Epoch 84/200 	Train Loss: 0.2047, Train Balanced Acc: 0.9997	 Val Loss: 0.3824, Val Balanced Acc: 0.4847
INFO:train:Early stopping triggered after 84 epochs
INFO:train:Epoch 85/200 	Train Loss: 0.2059, Train Balanced Acc: 0.9826	 Val Loss: 0.4012, Val Balanced Acc: 0.4993
INFO:train:Early stopping triggered after 85 epochs
INFO:train:Epoch 86/200 	Train Loss: 0.2052, Train Balanced Acc: 0.9881	 Val Loss: 0.4271, Val Balanced Acc: 0.5057
INFO:train:Early stopping triggered after 86 epochs
INFO:train:Epoch 87/200 	Train Loss: 0.2042, Train Balanced Acc: 0.9942	 Val Loss: 0.3966, Val Balanced Acc: 0.5169
INFO:train:Early stopping triggered after 87 epochs
INFO:train:Epoch 88/200 	Train Loss: 0.2068, Train Balanced Acc: 0.9820	 Val Loss: 0.3863, Val Balanced Acc: 0.4857
INFO:train:Early stopping triggered after 88 epochs
INFO:train:Epoch 89/200 	Train Loss: 0.2061, Train Balanced Acc: 0.9876	 Val Loss: 0.4957, Val Balanced Acc: 0.5524
INFO:train:Early stopping triggered after 89 epochs
INFO:train:Epoch 90/200 	Train Loss: 0.2048, Train Balanced Acc: 1.0000	 Val Loss: 0.3652, Val Balanced Acc: 0.4816
INFO:train:Early stopping triggered after 90 epochs
INFO:train:Epoch 91/200 	Train Loss: 0.2074, Train Balanced Acc: 0.9649	 Val Loss: 0.4037, Val Balanced Acc: 0.4972
INFO:train:Early stopping triggered after 91 epochs
INFO:train:Epoch 92/200 	Train Loss: 0.2088, Train Balanced Acc: 0.9704	 Val Loss: 0.4003, Val Balanced Acc: 0.4942
INFO:train:Early stopping triggered after 92 epochs
INFO:train:Epoch 93/200 	Train Loss: 0.2104, Train Balanced Acc: 0.9649	 Val Loss: 0.4133, Val Balanced Acc: 0.4870
INFO:train:Early stopping triggered after 93 epochs
INFO:train:Epoch 94/200 	Train Loss: 0.2076, Train Balanced Acc: 0.9876	 Val Loss: 0.4785, Val Balanced Acc: 0.5317
INFO:train:Early stopping triggered after 94 epochs
INFO:train:Epoch 95/200 	Train Loss: 0.2107, Train Balanced Acc: 0.9755	 Val Loss: 0.3716, Val Balanced Acc: 0.5013
INFO:train:Early stopping triggered after 95 epochs
INFO:train:Epoch 96/200 	Train Loss: 0.2066, Train Balanced Acc: 0.9707	 Val Loss: 0.4820, Val Balanced Acc: 0.5494
INFO:train:Early stopping triggered after 96 epochs
INFO:train:Epoch 97/200 	Train Loss: 0.2094, Train Balanced Acc: 0.9760	 Val Loss: 0.3921, Val Balanced Acc: 0.5148
INFO:train:Early stopping triggered after 97 epochs
INFO:train:Epoch 98/200 	Train Loss: 0.2113, Train Balanced Acc: 0.9588	 Val Loss: 0.4345, Val Balanced Acc: 0.5409
INFO:train:Early stopping triggered after 98 epochs
INFO:train:Epoch 99/200 	Train Loss: 0.2104, Train Balanced Acc: 0.9527	 Val Loss: 0.4229, Val Balanced Acc: 0.5097
INFO:train:Early stopping triggered after 99 epochs
INFO:train:Epoch 100/200 	Train Loss: 0.2079, Train Balanced Acc: 0.9881	 Val Loss: 0.6313, Val Balanced Acc: 0.6459
INFO:train:Epoch 101/200 	Train Loss: 0.2058, Train Balanced Acc: 0.9823	 Val Loss: 0.3904, Val Balanced Acc: 0.5138
INFO:train:Epoch 102/200 	Train Loss: 0.2061, Train Balanced Acc: 0.9881	 Val Loss: 0.4139, Val Balanced Acc: 0.5759
INFO:train:Epoch 103/200 	Train Loss: 0.2065, Train Balanced Acc: 0.9881	 Val Loss: 0.4930, Val Balanced Acc: 0.6175
INFO:train:Epoch 104/200 	Train Loss: 0.2051, Train Balanced Acc: 0.9884	 Val Loss: 0.4653, Val Balanced Acc: 0.6009
INFO:train:Epoch 105/200 	Train Loss: 0.2044, Train Balanced Acc: 1.0000	 Val Loss: 0.3659, Val Balanced Acc: 0.4816
INFO:train:Epoch 106/200 	Train Loss: 0.2041, Train Balanced Acc: 1.0000	 Val Loss: 0.5083, Val Balanced Acc: 0.5483
INFO:train:Epoch 107/200 	Train Loss: 0.2052, Train Balanced Acc: 0.9939	 Val Loss: 0.5020, Val Balanced Acc: 0.5907
INFO:train:Epoch 108/200 	Train Loss: 0.2069, Train Balanced Acc: 0.9879	 Val Loss: 0.4420, Val Balanced Acc: 0.5284
INFO:train:Epoch 109/200 	Train Loss: 0.2060, Train Balanced Acc: 0.9879	 Val Loss: 0.4780, Val Balanced Acc: 0.6257
INFO:train:Epoch 110/200 	Train Loss: 0.2068, Train Balanced Acc: 0.9876	 Val Loss: 0.3716, Val Balanced Acc: 0.4827
INFO:train:Early stopping triggered after 110 epochs
INFO:train:Epoch 111/200 	Train Loss: 0.2090, Train Balanced Acc: 0.9588	 Val Loss: 0.4509, Val Balanced Acc: 0.4788
INFO:train:Early stopping triggered after 111 epochs
INFO:train:Epoch 112/200 	Train Loss: 0.2068, Train Balanced Acc: 0.9823	 Val Loss: 0.3913, Val Balanced Acc: 0.4796
INFO:train:Early stopping triggered after 112 epochs
INFO:train:Epoch 113/200 	Train Loss: 0.2082, Train Balanced Acc: 0.9765	 Val Loss: 0.3882, Val Balanced Acc: 0.4724
INFO:train:Early stopping triggered after 113 epochs
INFO:train:Epoch 114/200 	Train Loss: 0.2085, Train Balanced Acc: 0.9704	 Val Loss: 0.4162, Val Balanced Acc: 0.4735
INFO:train:Early stopping triggered after 114 epochs
INFO:train:Epoch 115/200 	Train Loss: 0.2060, Train Balanced Acc: 0.9820	 Val Loss: 0.4244, Val Balanced Acc: 0.5067
INFO:train:Early stopping triggered after 115 epochs
INFO:train:Epoch 116/200 	Train Loss: 0.2057, Train Balanced Acc: 0.9826	 Val Loss: 0.3954, Val Balanced Acc: 0.4901
INFO:train:Early stopping triggered after 116 epochs
INFO:train:Epoch 117/200 	Train Loss: 0.2061, Train Balanced Acc: 0.9937	 Val Loss: 0.3721, Val Balanced Acc: 0.5044
INFO:train:Early stopping triggered after 117 epochs
INFO:train:Epoch 118/200 	Train Loss: 0.2051, Train Balanced Acc: 0.9939	 Val Loss: 0.4023, Val Balanced Acc: 0.5118
INFO:train:Early stopping triggered after 118 epochs
INFO:train:Epoch 119/200 	Train Loss: 0.2052, Train Balanced Acc: 0.9879	 Val Loss: 0.4619, Val Balanced Acc: 0.4924
INFO:train:Early stopping triggered after 119 epochs
INFO:train:Epoch 120/200 	Train Loss: 0.2052, Train Balanced Acc: 0.9942	 Val Loss: 0.4087, Val Balanced Acc: 0.5810
INFO:train:Early stopping triggered after 120 epochs
INFO:train:Epoch 121/200 	Train Loss: 0.2082, Train Balanced Acc: 0.9704	 Val Loss: 0.3453, Val Balanced Acc: 0.5105
INFO:train:Early stopping triggered after 121 epochs
INFO:train:Epoch 122/200 	Train Loss: 0.2049, Train Balanced Acc: 0.9995	 Val Loss: 0.3921, Val Balanced Acc: 0.5128
INFO:train:Early stopping triggered after 122 epochs
INFO:train:Epoch 123/200 	Train Loss: 0.2057, Train Balanced Acc: 0.9765	 Val Loss: 0.3869, Val Balanced Acc: 0.4776
INFO:train:Early stopping triggered after 123 epochs
INFO:train:Epoch 124/200 	Train Loss: 0.2063, Train Balanced Acc: 0.9765	 Val Loss: 0.4120, Val Balanced Acc: 0.5396
INFO:train:Early stopping triggered after 124 epochs
INFO:train:Epoch 125/200 	Train Loss: 0.2058, Train Balanced Acc: 0.9937	 Val Loss: 0.4746, Val Balanced Acc: 0.4985
INFO:train:Early stopping triggered after 125 epochs
INFO:train:Epoch 126/200 	Train Loss: 0.2053, Train Balanced Acc: 0.9884	 Val Loss: 0.4269, Val Balanced Acc: 0.4870
INFO:train:Early stopping triggered after 126 epochs
INFO:train:Epoch 127/200 	Train Loss: 0.2078, Train Balanced Acc: 0.9762	 Val Loss: 0.4162, Val Balanced Acc: 0.5169
INFO:train:Early stopping triggered after 127 epochs
INFO:train:Epoch 128/200 	Train Loss: 0.2040, Train Balanced Acc: 0.9942	 Val Loss: 0.4175, Val Balanced Acc: 0.5077
INFO:train:Early stopping triggered after 128 epochs
INFO:train:Epoch 129/200 	Train Loss: 0.2038, Train Balanced Acc: 0.9826	 Val Loss: 0.4915, Val Balanced Acc: 0.5338
INFO:train:Early stopping triggered after 129 epochs
INFO:train:Epoch 130/200 	Train Loss: 0.2035, Train Balanced Acc: 1.0000	 Val Loss: 0.3773, Val Balanced Acc: 0.4827
INFO:train:Early stopping triggered after 130 epochs
INFO:train:Epoch 131/200 	Train Loss: 0.2039, Train Balanced Acc: 0.9942	 Val Loss: 0.4169, Val Balanced Acc: 0.5169
INFO:train:Early stopping triggered after 131 epochs
INFO:train:Epoch 132/200 	Train Loss: 0.2053, Train Balanced Acc: 0.9823	 Val Loss: 0.3746, Val Balanced Acc: 0.5240
INFO:train:Early stopping triggered after 132 epochs
INFO:train:Epoch 133/200 	Train Loss: 0.2085, Train Balanced Acc: 0.9760	 Val Loss: 0.4170, Val Balanced Acc: 0.5128
INFO:train:Early stopping triggered after 133 epochs
INFO:train:Epoch 134/200 	Train Loss: 0.2076, Train Balanced Acc: 0.9755	 Val Loss: 0.3933, Val Balanced Acc: 0.4776
INFO:train:Early stopping triggered after 134 epochs
INFO:train:Epoch 135/200 	Train Loss: 0.2068, Train Balanced Acc: 0.9762	 Val Loss: 0.4834, Val Balanced Acc: 0.5287
INFO:train:Early stopping triggered after 135 epochs
INFO:train:Epoch 136/200 	Train Loss: 0.2065, Train Balanced Acc: 0.9826	 Val Loss: 0.3992, Val Balanced Acc: 0.4684
INFO:train:Early stopping triggered after 136 epochs
INFO:train:Epoch 137/200 	Train Loss: 0.2037, Train Balanced Acc: 0.9884	 Val Loss: 0.4784, Val Balanced Acc: 0.4812
INFO:train:Early stopping triggered after 137 epochs
INFO:train:Epoch 138/200 	Train Loss: 0.2061, Train Balanced Acc: 0.9876	 Val Loss: 0.4729, Val Balanced Acc: 0.4781
INFO:train:Early stopping triggered after 138 epochs
INFO:train:Epoch 139/200 	Train Loss: 0.2037, Train Balanced Acc: 0.9884	 Val Loss: 0.3919, Val Balanced Acc: 0.4765
INFO:train:Early stopping triggered after 139 epochs
INFO:train:Epoch 140/200 	Train Loss: 0.2062, Train Balanced Acc: 0.9879	 Val Loss: 0.3905, Val Balanced Acc: 0.4765
INFO:train:Early stopping triggered after 140 epochs
INFO:train:Epoch 141/200 	Train Loss: 0.2064, Train Balanced Acc: 0.9760	 Val Loss: 0.3601, Val Balanced Acc: 0.4898
INFO:train:Early stopping triggered after 141 epochs
INFO:train:Epoch 142/200 	Train Loss: 0.2077, Train Balanced Acc: 0.9760	 Val Loss: 0.4001, Val Balanced Acc: 0.5386
INFO:train:Early stopping triggered after 142 epochs
INFO:train:Epoch 143/200 	Train Loss: 0.2086, Train Balanced Acc: 0.9697	 Val Loss: 0.3455, Val Balanced Acc: 0.4918
INFO:train:Early stopping triggered after 143 epochs
INFO:train:Epoch 144/200 	Train Loss: 0.2064, Train Balanced Acc: 0.9702	 Val Loss: 0.3766, Val Balanced Acc: 0.4786
INFO:train:Early stopping triggered after 144 epochs
INFO:train:Epoch 145/200 	Train Loss: 0.2059, Train Balanced Acc: 0.9826	 Val Loss: 0.3913, Val Balanced Acc: 0.4755
INFO:train:Early stopping triggered after 145 epochs
INFO:train:Epoch 146/200 	Train Loss: 0.2035, Train Balanced Acc: 0.9884	 Val Loss: 0.3948, Val Balanced Acc: 0.4714
INFO:train:Early stopping triggered after 146 epochs
INFO:train:Epoch 147/200 	Train Loss: 0.2056, Train Balanced Acc: 0.9881	 Val Loss: 0.3631, Val Balanced Acc: 0.4878
INFO:train:Early stopping triggered after 147 epochs
INFO:train:Epoch 148/200 	Train Loss: 0.2046, Train Balanced Acc: 0.9881	 Val Loss: 0.4523, Val Balanced Acc: 0.5284
INFO:train:Early stopping triggered after 148 epochs
INFO:train:Epoch 149/200 	Train Loss: 0.2034, Train Balanced Acc: 0.9937	 Val Loss: 0.3787, Val Balanced Acc: 0.5488
INFO:train:Early stopping triggered after 149 epochs
INFO:train:Epoch 150/200 	Train Loss: 0.2030, Train Balanced Acc: 1.0000	 Val Loss: 0.4119, Val Balanced Acc: 0.5542
INFO:train:Early stopping triggered after 150 epochs
INFO:train:Epoch 151/200 	Train Loss: 0.2046, Train Balanced Acc: 0.9823	 Val Loss: 0.4447, Val Balanced Acc: 0.5575
INFO:train:Early stopping triggered after 151 epochs
INFO:train:Epoch 152/200 	Train Loss: 0.2045, Train Balanced Acc: 0.9884	 Val Loss: 0.4178, Val Balanced Acc: 0.5572
INFO:train:Early stopping triggered after 152 epochs
INFO:train:Epoch 153/200 	Train Loss: 0.2039, Train Balanced Acc: 0.9879	 Val Loss: 0.3945, Val Balanced Acc: 0.5417
INFO:train:Early stopping triggered after 153 epochs
INFO:train:Epoch 154/200 	Train Loss: 0.2055, Train Balanced Acc: 0.9823	 Val Loss: 0.4168, Val Balanced Acc: 0.5138
INFO:train:Early stopping triggered after 154 epochs
INFO:train:Epoch 155/200 	Train Loss: 0.2069, Train Balanced Acc: 0.9820	 Val Loss: 0.5218, Val Balanced Acc: 0.5711
INFO:train:Early stopping triggered after 155 epochs
INFO:train:Epoch 156/200 	Train Loss: 0.2102, Train Balanced Acc: 0.9704	 Val Loss: 0.4602, Val Balanced Acc: 0.5864
INFO:train:Early stopping triggered after 156 epochs
INFO:train:Epoch 157/200 	Train Loss: 0.2083, Train Balanced Acc: 0.9702	 Val Loss: 0.4901, Val Balanced Acc: 0.5378
INFO:train:Early stopping triggered after 157 epochs
INFO:train:Epoch 158/200 	Train Loss: 0.2051, Train Balanced Acc: 0.9881	 Val Loss: 0.4055, Val Balanced Acc: 0.5138
INFO:train:Early stopping triggered after 158 epochs
INFO:train:Epoch 159/200 	Train Loss: 0.2045, Train Balanced Acc: 0.9881	 Val Loss: 0.6159, Val Balanced Acc: 0.6117
INFO:train:Early stopping triggered after 159 epochs
INFO:train:Epoch 160/200 	Train Loss: 0.2031, Train Balanced Acc: 1.0000	 Val Loss: 0.3942, Val Balanced Acc: 0.4972
INFO:train:Early stopping triggered after 160 epochs
INFO:train:Epoch 161/200 	Train Loss: 0.2050, Train Balanced Acc: 0.9762	 Val Loss: 0.3809, Val Balanced Acc: 0.5044
INFO:train:Early stopping triggered after 161 epochs
INFO:train:Epoch 162/200 	Train Loss: 0.2090, Train Balanced Acc: 0.9760	 Val Loss: 0.4447, Val Balanced Acc: 0.5172
INFO:train:Early stopping triggered after 162 epochs
INFO:train:Epoch 163/200 	Train Loss: 0.2063, Train Balanced Acc: 0.9820	 Val Loss: 0.5111, Val Balanced Acc: 0.5256
INFO:train:Early stopping triggered after 163 epochs
INFO:train:Epoch 164/200 	Train Loss: 0.2045, Train Balanced Acc: 0.9881	 Val Loss: 0.4802, Val Balanced Acc: 0.5090
INFO:train:Early stopping triggered after 164 epochs
INFO:train:Epoch 165/200 	Train Loss: 0.2046, Train Balanced Acc: 0.9937	 Val Loss: 0.5028, Val Balanced Acc: 0.5371
INFO:train:Early stopping triggered after 165 epochs
INFO:train:Epoch 166/200 	Train Loss: 0.2059, Train Balanced Acc: 0.9879	 Val Loss: 0.4968, Val Balanced Acc: 0.5887
INFO:train:Early stopping triggered after 166 epochs
INFO:train:Epoch 167/200 	Train Loss: 0.2071, Train Balanced Acc: 0.9760	 Val Loss: 0.4731, Val Balanced Acc: 0.5741
INFO:train:Early stopping triggered after 167 epochs
INFO:train:Epoch 168/200 	Train Loss: 0.2052, Train Balanced Acc: 0.9937	 Val Loss: 0.4265, Val Balanced Acc: 0.5172
INFO:train:Early stopping triggered after 168 epochs
INFO:train:Epoch 169/200 	Train Loss: 0.2050, Train Balanced Acc: 0.9881	 Val Loss: 0.4317, Val Balanced Acc: 0.5470
INFO:train:Early stopping triggered after 169 epochs
INFO:train:Epoch 170/200 	Train Loss: 0.2034, Train Balanced Acc: 0.9942	 Val Loss: 0.4480, Val Balanced Acc: 0.5307
INFO:train:Early stopping triggered after 170 epochs
INFO:train:Epoch 171/200 	Train Loss: 0.2056, Train Balanced Acc: 0.9826	 Val Loss: 0.3616, Val Balanced Acc: 0.5023
INFO:train:Early stopping triggered after 171 epochs
INFO:train:Epoch 172/200 	Train Loss: 0.2049, Train Balanced Acc: 0.9881	 Val Loss: 0.4971, Val Balanced Acc: 0.4998
INFO:train:Early stopping triggered after 172 epochs
INFO:train:Epoch 173/200 	Train Loss: 0.2034, Train Balanced Acc: 0.9942	 Val Loss: 0.4983, Val Balanced Acc: 0.5711
INFO:train:Early stopping triggered after 173 epochs
INFO:train:Epoch 174/200 	Train Loss: 0.2036, Train Balanced Acc: 0.9881	 Val Loss: 0.4084, Val Balanced Acc: 0.5138
INFO:train:Early stopping triggered after 174 epochs
INFO:train:Epoch 175/200 	Train Loss: 0.2038, Train Balanced Acc: 0.9939	 Val Loss: 0.3734, Val Balanced Acc: 0.4847
INFO:train:Early stopping triggered after 175 epochs
INFO:train:Epoch 176/200 	Train Loss: 0.2036, Train Balanced Acc: 0.9767	 Val Loss: 0.4336, Val Balanced Acc: 0.5016
INFO:train:Early stopping triggered after 176 epochs
INFO:train:Epoch 177/200 	Train Loss: 0.2021, Train Balanced Acc: 1.0000	 Val Loss: 0.4307, Val Balanced Acc: 0.4985
INFO:train:Early stopping triggered after 177 epochs
INFO:train:Epoch 178/200 	Train Loss: 0.2027, Train Balanced Acc: 0.9997	 Val Loss: 0.4341, Val Balanced Acc: 0.4758
INFO:train:Early stopping triggered after 178 epochs
INFO:train:Epoch 179/200 	Train Loss: 0.2037, Train Balanced Acc: 0.9826	 Val Loss: 0.3963, Val Balanced Acc: 0.4942
INFO:train:Early stopping triggered after 179 epochs
INFO:train:Epoch 180/200 	Train Loss: 0.2032, Train Balanced Acc: 1.0000	 Val Loss: 0.3724, Val Balanced Acc: 0.4993
INFO:train:Early stopping triggered after 180 epochs
INFO:train:Epoch 181/200 	Train Loss: 0.2021, Train Balanced Acc: 0.9942	 Val Loss: 0.4293, Val Balanced Acc: 0.4799
INFO:train:Early stopping triggered after 181 epochs
INFO:train:Epoch 182/200 	Train Loss: 0.2035, Train Balanced Acc: 0.9939	 Val Loss: 0.3894, Val Balanced Acc: 0.4880
INFO:train:Early stopping triggered after 182 epochs
INFO:train:Epoch 183/200 	Train Loss: 0.2022, Train Balanced Acc: 0.9942	 Val Loss: 0.3859, Val Balanced Acc: 0.5179
INFO:train:Early stopping triggered after 183 epochs
INFO:train:Epoch 184/200 	Train Loss: 0.2036, Train Balanced Acc: 0.9881	 Val Loss: 0.3615, Val Balanced Acc: 0.5054
INFO:train:Early stopping triggered after 184 epochs
INFO:train:Epoch 185/200 	Train Loss: 0.2038, Train Balanced Acc: 0.9879	 Val Loss: 0.4118, Val Balanced Acc: 0.5057
INFO:train:Early stopping triggered after 185 epochs
INFO:train:Epoch 186/200 	Train Loss: 0.2042, Train Balanced Acc: 0.9939	 Val Loss: 0.4036, Val Balanced Acc: 0.4921
INFO:train:Early stopping triggered after 186 epochs
INFO:train:Epoch 187/200 	Train Loss: 0.2029, Train Balanced Acc: 0.9997	 Val Loss: 0.3930, Val Balanced Acc: 0.4891
INFO:train:Early stopping triggered after 187 epochs
INFO:train:Epoch 188/200 	Train Loss: 0.2034, Train Balanced Acc: 0.9884	 Val Loss: 0.4385, Val Balanced Acc: 0.4975
INFO:train:Early stopping triggered after 188 epochs
INFO:train:Epoch 189/200 	Train Loss: 0.2022, Train Balanced Acc: 1.0000	 Val Loss: 0.4194, Val Balanced Acc: 0.4840
INFO:train:Early stopping triggered after 189 epochs
INFO:train:Epoch 190/200 	Train Loss: 0.2021, Train Balanced Acc: 1.0000	 Val Loss: 0.4390, Val Balanced Acc: 0.4758
INFO:train:Early stopping triggered after 190 epochs
INFO:train:Epoch 191/200 	Train Loss: 0.2026, Train Balanced Acc: 0.9997	 Val Loss: 0.4108, Val Balanced Acc: 0.4931
INFO:train:Early stopping triggered after 191 epochs
INFO:train:Epoch 192/200 	Train Loss: 0.2018, Train Balanced Acc: 1.0000	 Val Loss: 0.4401, Val Balanced Acc: 0.4799
INFO:train:Early stopping triggered after 192 epochs
INFO:train:Epoch 193/200 	Train Loss: 0.2026, Train Balanced Acc: 0.9942	 Val Loss: 0.4142, Val Balanced Acc: 0.4860
INFO:train:Early stopping triggered after 193 epochs
INFO:train:Epoch 194/200 	Train Loss: 0.2030, Train Balanced Acc: 0.9884	 Val Loss: 0.3699, Val Balanced Acc: 0.4827
INFO:train:Early stopping triggered after 194 epochs
INFO:train:Epoch 195/200 	Train Loss: 0.2026, Train Balanced Acc: 0.9997	 Val Loss: 0.3885, Val Balanced Acc: 0.4952
INFO:train:Early stopping triggered after 195 epochs
INFO:train:Epoch 196/200 	Train Loss: 0.2016, Train Balanced Acc: 1.0000	 Val Loss: 0.3609, Val Balanced Acc: 0.4898
INFO:train:Early stopping triggered after 196 epochs
INFO:train:Epoch 197/200 	Train Loss: 0.2027, Train Balanced Acc: 0.9939	 Val Loss: 0.4363, Val Balanced Acc: 0.4809
INFO:train:Early stopping triggered after 197 epochs
INFO:train:Epoch 198/200 	Train Loss: 0.2023, Train Balanced Acc: 0.9942	 Val Loss: 0.3733, Val Balanced Acc: 0.4735
INFO:train:Early stopping triggered after 198 epochs
INFO:train:Epoch 199/200 	Train Loss: 0.2014, Train Balanced Acc: 1.0000	 Val Loss: 0.3743, Val Balanced Acc: 0.4765
INFO:train:Early stopping triggered after 199 epochs
INFO:train:Epoch 200/200 	Train Loss: 0.2015, Train Balanced Acc: 0.9942	 Val Loss: 0.3690, Val Balanced Acc: 0.4816
INFO:train:Early stopping triggered after 200 epochs
INFO:plot:Saving attention map to: figures/model_accuracy.png
INFO:train:train set balanced accuracy: 1.0000
INFO:plot:Saving cofusion matrix map to: figures/train_confusion_matrix.png
INFO:train:Total time taken to evaluate on train set: 0.15s
INFO:train:validation set balanced accuracy: 0.4816
INFO:plot:Saving cofusion matrix map to: figures/validation_confusion_matrix.png
INFO:train:Total time taken to evaluate on validation set: 0.09s
