INFO:train:Epoch 1/200 	Train Loss: 0.4085, Train Balanced Acc: 0.5081	 Val Loss: 0.3255, Val Balanced Acc: 0.5000
INFO:train:Epoch 2/200 	Train Loss: 0.3061, Train Balanced Acc: 0.5000	 Val Loss: 0.3106, Val Balanced Acc: 0.5000
INFO:train:Epoch 3/200 	Train Loss: 0.3056, Train Balanced Acc: 0.4997	 Val Loss: 0.3376, Val Balanced Acc: 0.5000
INFO:train:Epoch 4/200 	Train Loss: 0.3030, Train Balanced Acc: 0.4997	 Val Loss: 0.3779, Val Balanced Acc: 0.5000
INFO:train:Epoch 5/200 	Train Loss: 0.2960, Train Balanced Acc: 0.5000	 Val Loss: 0.3995, Val Balanced Acc: 0.5000
INFO:train:Epoch 6/200 	Train Loss: 0.2949, Train Balanced Acc: 0.5000	 Val Loss: 0.3986, Val Balanced Acc: 0.5000
INFO:train:Epoch 7/200 	Train Loss: 0.2928, Train Balanced Acc: 0.5000	 Val Loss: 0.3984, Val Balanced Acc: 0.5000
INFO:train:Epoch 8/200 	Train Loss: 0.2906, Train Balanced Acc: 0.5000	 Val Loss: 0.5031, Val Balanced Acc: 0.5000
INFO:train:Epoch 9/200 	Train Loss: 0.2850, Train Balanced Acc: 0.5000	 Val Loss: 0.3815, Val Balanced Acc: 0.5000
INFO:train:Epoch 10/200 	Train Loss: 0.2830, Train Balanced Acc: 0.4995	 Val Loss: 0.3648, Val Balanced Acc: 0.5000
INFO:train:Epoch 11/200 	Train Loss: 0.2787, Train Balanced Acc: 0.5058	 Val Loss: 0.5042, Val Balanced Acc: 0.4990
INFO:train:Early stopping triggered after 11 epochs
INFO:train:Epoch 12/200 	Train Loss: 0.2805, Train Balanced Acc: 0.4997	 Val Loss: 0.3872, Val Balanced Acc: 0.4959
INFO:train:Early stopping triggered after 12 epochs
INFO:train:Epoch 13/200 	Train Loss: 0.2791, Train Balanced Acc: 0.5275	 Val Loss: 0.5046, Val Balanced Acc: 0.4980
INFO:train:Early stopping triggered after 13 epochs
INFO:train:Epoch 14/200 	Train Loss: 0.2787, Train Balanced Acc: 0.5283	 Val Loss: 0.4290, Val Balanced Acc: 0.4990
INFO:train:Early stopping triggered after 14 epochs
INFO:train:Epoch 15/200 	Train Loss: 0.2713, Train Balanced Acc: 0.5500	 Val Loss: 0.4761, Val Balanced Acc: 0.4969
INFO:train:Early stopping triggered after 15 epochs
INFO:train:Epoch 16/200 	Train Loss: 0.2732, Train Balanced Acc: 0.5447	 Val Loss: 0.4571, Val Balanced Acc: 0.4929
INFO:train:Early stopping triggered after 16 epochs
INFO:train:Epoch 17/200 	Train Loss: 0.2676, Train Balanced Acc: 0.5455	 Val Loss: 0.4263, Val Balanced Acc: 0.4796
INFO:train:Early stopping triggered after 17 epochs
INFO:train:Epoch 18/200 	Train Loss: 0.2656, Train Balanced Acc: 0.5978	 Val Loss: 0.4451, Val Balanced Acc: 0.4942
INFO:train:Early stopping triggered after 18 epochs
INFO:train:Epoch 19/200 	Train Loss: 0.2623, Train Balanced Acc: 0.5965	 Val Loss: 0.4048, Val Balanced Acc: 0.5115
INFO:train:Epoch 20/200 	Train Loss: 0.2620, Train Balanced Acc: 0.6006	 Val Loss: 0.4363, Val Balanced Acc: 0.5105
INFO:train:Epoch 21/200 	Train Loss: 0.2649, Train Balanced Acc: 0.6251	 Val Loss: 0.4575, Val Balanced Acc: 0.4904
INFO:train:Epoch 22/200 	Train Loss: 0.2585, Train Balanced Acc: 0.6648	 Val Loss: 0.4748, Val Balanced Acc: 0.4972
INFO:train:Epoch 23/200 	Train Loss: 0.2579, Train Balanced Acc: 0.6307	 Val Loss: 0.3981, Val Balanced Acc: 0.4972
INFO:train:Epoch 24/200 	Train Loss: 0.2558, Train Balanced Acc: 0.6777	 Val Loss: 0.4502, Val Balanced Acc: 0.4952
INFO:train:Epoch 25/200 	Train Loss: 0.2579, Train Balanced Acc: 0.6701	 Val Loss: 0.6552, Val Balanced Acc: 0.4990
INFO:train:Epoch 26/200 	Train Loss: 0.2530, Train Balanced Acc: 0.6944	 Val Loss: 0.4341, Val Balanced Acc: 0.4694
INFO:train:Epoch 27/200 	Train Loss: 0.2514, Train Balanced Acc: 0.7409	 Val Loss: 0.4413, Val Balanced Acc: 0.4827
INFO:train:Epoch 28/200 	Train Loss: 0.2468, Train Balanced Acc: 0.7128	 Val Loss: 0.4226, Val Balanced Acc: 0.4796
INFO:train:Epoch 29/200 	Train Loss: 0.2416, Train Balanced Acc: 0.7707	 Val Loss: 0.3952, Val Balanced Acc: 0.5095
INFO:train:Early stopping triggered after 29 epochs
INFO:train:Epoch 30/200 	Train Loss: 0.2420, Train Balanced Acc: 0.7588	 Val Loss: 0.5131, Val Balanced Acc: 0.4867
INFO:train:Early stopping triggered after 30 epochs
INFO:train:Epoch 31/200 	Train Loss: 0.2449, Train Balanced Acc: 0.7583	 Val Loss: 0.4555, Val Balanced Acc: 0.4959
INFO:train:Early stopping triggered after 31 epochs
INFO:train:Epoch 32/200 	Train Loss: 0.2407, Train Balanced Acc: 0.7982	 Val Loss: 0.4344, Val Balanced Acc: 0.4898
INFO:train:Early stopping triggered after 32 epochs
INFO:train:Epoch 33/200 	Train Loss: 0.2377, Train Balanced Acc: 0.7993	 Val Loss: 0.4528, Val Balanced Acc: 0.4765
INFO:train:Early stopping triggered after 33 epochs
INFO:train:Epoch 34/200 	Train Loss: 0.2307, Train Balanced Acc: 0.8182	 Val Loss: 0.4260, Val Balanced Acc: 0.4816
INFO:train:Early stopping triggered after 34 epochs
INFO:train:Epoch 35/200 	Train Loss: 0.2395, Train Balanced Acc: 0.7977	 Val Loss: 0.4000, Val Balanced Acc: 0.4827
INFO:train:Early stopping triggered after 35 epochs
INFO:train:Epoch 36/200 	Train Loss: 0.2388, Train Balanced Acc: 0.7940	 Val Loss: 0.4173, Val Balanced Acc: 0.4888
INFO:train:Early stopping triggered after 36 epochs
INFO:train:Epoch 37/200 	Train Loss: 0.2363, Train Balanced Acc: 0.8228	 Val Loss: 0.4777, Val Balanced Acc: 0.4980
INFO:train:Early stopping triggered after 37 epochs
INFO:train:Epoch 38/200 	Train Loss: 0.2285, Train Balanced Acc: 0.8359	 Val Loss: 0.3857, Val Balanced Acc: 0.4847
INFO:train:Early stopping triggered after 38 epochs
INFO:train:Epoch 39/200 	Train Loss: 0.2355, Train Balanced Acc: 0.8339	 Val Loss: 0.3811, Val Balanced Acc: 0.4929
INFO:train:Early stopping triggered after 39 epochs
INFO:train:Epoch 40/200 	Train Loss: 0.2327, Train Balanced Acc: 0.8579	 Val Loss: 0.4063, Val Balanced Acc: 0.4837
INFO:train:Early stopping triggered after 40 epochs
INFO:train:Epoch 41/200 	Train Loss: 0.2234, Train Balanced Acc: 0.9337	 Val Loss: 0.4075, Val Balanced Acc: 0.4847
INFO:train:Early stopping triggered after 41 epochs
INFO:train:Epoch 42/200 	Train Loss: 0.2276, Train Balanced Acc: 0.8817	 Val Loss: 0.4013, Val Balanced Acc: 0.4776
INFO:train:Early stopping triggered after 42 epochs
INFO:train:Epoch 43/200 	Train Loss: 0.2276, Train Balanced Acc: 0.8923	 Val Loss: 0.3628, Val Balanced Acc: 0.5054
INFO:train:Early stopping triggered after 43 epochs
INFO:train:Epoch 44/200 	Train Loss: 0.2194, Train Balanced Acc: 0.9345	 Val Loss: 0.3360, Val Balanced Acc: 0.4867
INFO:train:Early stopping triggered after 44 epochs
INFO:train:Epoch 45/200 	Train Loss: 0.2237, Train Balanced Acc: 0.8819	 Val Loss: 0.3884, Val Balanced Acc: 0.5074
INFO:train:Early stopping triggered after 45 epochs
INFO:train:Epoch 46/200 	Train Loss: 0.2247, Train Balanced Acc: 0.8877	 Val Loss: 0.3731, Val Balanced Acc: 0.4827
INFO:train:Early stopping triggered after 46 epochs
INFO:train:Epoch 47/200 	Train Loss: 0.2169, Train Balanced Acc: 0.9226	 Val Loss: 0.4400, Val Balanced Acc: 0.4888
INFO:train:Early stopping triggered after 47 epochs
INFO:train:Epoch 48/200 	Train Loss: 0.2132, Train Balanced Acc: 0.9353	 Val Loss: 0.3586, Val Balanced Acc: 0.4959
INFO:train:Early stopping triggered after 48 epochs
INFO:train:Epoch 49/200 	Train Loss: 0.2141, Train Balanced Acc: 0.9689	 Val Loss: 0.3704, Val Balanced Acc: 0.4949
INFO:train:Early stopping triggered after 49 epochs
INFO:train:Epoch 50/200 	Train Loss: 0.2239, Train Balanced Acc: 0.8996	 Val Loss: 0.3810, Val Balanced Acc: 0.4990
INFO:train:Early stopping triggered after 50 epochs
INFO:train:Epoch 51/200 	Train Loss: 0.2181, Train Balanced Acc: 0.9292	 Val Loss: 0.3398, Val Balanced Acc: 0.4939
INFO:train:Early stopping triggered after 51 epochs
INFO:train:Epoch 52/200 	Train Loss: 0.2219, Train Balanced Acc: 0.9107	 Val Loss: 0.3271, Val Balanced Acc: 0.4969
INFO:train:Early stopping triggered after 52 epochs
INFO:train:Epoch 53/200 	Train Loss: 0.2148, Train Balanced Acc: 0.9469	 Val Loss: 0.3567, Val Balanced Acc: 0.4908
INFO:train:Early stopping triggered after 53 epochs
INFO:train:Epoch 54/200 	Train Loss: 0.2174, Train Balanced Acc: 0.9224	 Val Loss: 0.3521, Val Balanced Acc: 0.4898
INFO:train:Early stopping triggered after 54 epochs
INFO:train:Epoch 55/200 	Train Loss: 0.2119, Train Balanced Acc: 0.9757	 Val Loss: 0.4096, Val Balanced Acc: 0.4929
INFO:train:Early stopping triggered after 55 epochs
INFO:train:Epoch 56/200 	Train Loss: 0.2152, Train Balanced Acc: 0.9578	 Val Loss: 0.3438, Val Balanced Acc: 0.4949
INFO:train:Early stopping triggered after 56 epochs
INFO:train:Epoch 57/200 	Train Loss: 0.2115, Train Balanced Acc: 0.9416	 Val Loss: 0.3701, Val Balanced Acc: 0.4888
INFO:train:Early stopping triggered after 57 epochs
INFO:train:Epoch 58/200 	Train Loss: 0.2124, Train Balanced Acc: 0.9474	 Val Loss: 0.4360, Val Balanced Acc: 0.4931
INFO:train:Early stopping triggered after 58 epochs
INFO:train:Epoch 59/200 	Train Loss: 0.2187, Train Balanced Acc: 0.9393	 Val Loss: 0.3601, Val Balanced Acc: 0.5125
INFO:train:Epoch 60/200 	Train Loss: 0.2085, Train Balanced Acc: 0.9818	 Val Loss: 0.3659, Val Balanced Acc: 0.5146
INFO:train:Epoch 61/200 	Train Loss: 0.2099, Train Balanced Acc: 0.9765	 Val Loss: 0.3604, Val Balanced Acc: 0.5074
INFO:train:Epoch 62/200 	Train Loss: 0.2143, Train Balanced Acc: 0.9636	 Val Loss: 0.3322, Val Balanced Acc: 0.4980
INFO:train:Epoch 63/200 	Train Loss: 0.2123, Train Balanced Acc: 0.9649	 Val Loss: 0.3310, Val Balanced Acc: 0.4929
INFO:train:Epoch 64/200 	Train Loss: 0.2126, Train Balanced Acc: 0.9646	 Val Loss: 0.3683, Val Balanced Acc: 0.4888
INFO:train:Epoch 65/200 	Train Loss: 0.2129, Train Balanced Acc: 0.9525	 Val Loss: 0.3825, Val Balanced Acc: 0.5125
INFO:train:Epoch 66/200 	Train Loss: 0.2121, Train Balanced Acc: 0.9641	 Val Loss: 0.3957, Val Balanced Acc: 0.4816
INFO:train:Epoch 67/200 	Train Loss: 0.2087, Train Balanced Acc: 0.9765	 Val Loss: 0.3523, Val Balanced Acc: 0.4949
INFO:train:Epoch 68/200 	Train Loss: 0.2102, Train Balanced Acc: 0.9644	 Val Loss: 0.3538, Val Balanced Acc: 0.4898
INFO:train:Epoch 69/200 	Train Loss: 0.2094, Train Balanced Acc: 0.9762	 Val Loss: 0.3616, Val Balanced Acc: 0.4949
INFO:train:Epoch 70/200 	Train Loss: 0.2096, Train Balanced Acc: 0.9532	 Val Loss: 0.3408, Val Balanced Acc: 0.4929
INFO:train:Early stopping triggered after 70 epochs
INFO:train:Epoch 71/200 	Train Loss: 0.2103, Train Balanced Acc: 0.9702	 Val Loss: 0.3559, Val Balanced Acc: 0.4939
INFO:train:Early stopping triggered after 71 epochs
INFO:train:Epoch 72/200 	Train Loss: 0.2067, Train Balanced Acc: 0.9823	 Val Loss: 0.3701, Val Balanced Acc: 0.4837
INFO:train:Early stopping triggered after 72 epochs
INFO:train:Epoch 73/200 	Train Loss: 0.2056, Train Balanced Acc: 0.9881	 Val Loss: 0.3414, Val Balanced Acc: 0.4949
INFO:train:Early stopping triggered after 73 epochs
INFO:train:Epoch 74/200 	Train Loss: 0.2107, Train Balanced Acc: 0.9585	 Val Loss: 0.3638, Val Balanced Acc: 0.4949
INFO:train:Early stopping triggered after 74 epochs
INFO:train:Epoch 75/200 	Train Loss: 0.2083, Train Balanced Acc: 0.9760	 Val Loss: 0.3281, Val Balanced Acc: 0.4959
INFO:train:Early stopping triggered after 75 epochs
INFO:train:Epoch 76/200 	Train Loss: 0.2090, Train Balanced Acc: 0.9702	 Val Loss: 0.3823, Val Balanced Acc: 0.4980
INFO:train:Early stopping triggered after 76 epochs
INFO:train:Epoch 77/200 	Train Loss: 0.2057, Train Balanced Acc: 0.9884	 Val Loss: 0.3621, Val Balanced Acc: 0.4969
INFO:train:Early stopping triggered after 77 epochs
INFO:train:Epoch 78/200 	Train Loss: 0.2053, Train Balanced Acc: 0.9939	 Val Loss: 0.3595, Val Balanced Acc: 0.4949
INFO:train:Early stopping triggered after 78 epochs
INFO:train:Epoch 79/200 	Train Loss: 0.2053, Train Balanced Acc: 0.9826	 Val Loss: 0.3684, Val Balanced Acc: 0.4847
INFO:train:Early stopping triggered after 79 epochs
INFO:train:Epoch 80/200 	Train Loss: 0.2066, Train Balanced Acc: 0.9937	 Val Loss: 0.3532, Val Balanced Acc: 0.4918
INFO:train:Early stopping triggered after 80 epochs
INFO:train:Epoch 81/200 	Train Loss: 0.2051, Train Balanced Acc: 1.0000	 Val Loss: 0.3614, Val Balanced Acc: 0.4959
INFO:train:Early stopping triggered after 81 epochs
INFO:train:Epoch 82/200 	Train Loss: 0.2079, Train Balanced Acc: 0.9762	 Val Loss: 0.3553, Val Balanced Acc: 0.4908
INFO:train:Early stopping triggered after 82 epochs
INFO:train:Epoch 83/200 	Train Loss: 0.2065, Train Balanced Acc: 0.9879	 Val Loss: 0.3649, Val Balanced Acc: 0.4857
INFO:train:Early stopping triggered after 83 epochs
INFO:train:Epoch 84/200 	Train Loss: 0.2056, Train Balanced Acc: 0.9881	 Val Loss: 0.3441, Val Balanced Acc: 0.4949
INFO:train:Early stopping triggered after 84 epochs
INFO:train:Epoch 85/200 	Train Loss: 0.2073, Train Balanced Acc: 0.9760	 Val Loss: 0.3716, Val Balanced Acc: 0.4969
INFO:train:Early stopping triggered after 85 epochs
INFO:train:Epoch 86/200 	Train Loss: 0.2063, Train Balanced Acc: 0.9765	 Val Loss: 0.3867, Val Balanced Acc: 0.4827
INFO:train:Early stopping triggered after 86 epochs
INFO:train:Epoch 87/200 	Train Loss: 0.2073, Train Balanced Acc: 0.9815	 Val Loss: 0.3298, Val Balanced Acc: 0.4969
INFO:train:Early stopping triggered after 87 epochs
INFO:train:Epoch 88/200 	Train Loss: 0.2081, Train Balanced Acc: 0.9704	 Val Loss: 0.3519, Val Balanced Acc: 0.4980
INFO:train:Early stopping triggered after 88 epochs
INFO:train:Epoch 89/200 	Train Loss: 0.2070, Train Balanced Acc: 0.9876	 Val Loss: 0.3407, Val Balanced Acc: 0.4980
INFO:train:Early stopping triggered after 89 epochs
INFO:train:Epoch 90/200 	Train Loss: 0.2069, Train Balanced Acc: 0.9932	 Val Loss: 0.3665, Val Balanced Acc: 0.4949
INFO:train:Early stopping triggered after 90 epochs
INFO:train:Epoch 91/200 	Train Loss: 0.2090, Train Balanced Acc: 0.9874	 Val Loss: 0.3366, Val Balanced Acc: 0.4959
INFO:train:Early stopping triggered after 91 epochs
INFO:train:Epoch 92/200 	Train Loss: 0.2083, Train Balanced Acc: 0.9760	 Val Loss: 0.3607, Val Balanced Acc: 0.4959
INFO:train:Early stopping triggered after 92 epochs
INFO:train:Epoch 93/200 	Train Loss: 0.2102, Train Balanced Acc: 0.9646	 Val Loss: 0.4423, Val Balanced Acc: 0.4735
INFO:train:Early stopping triggered after 93 epochs
INFO:train:Epoch 94/200 	Train Loss: 0.2105, Train Balanced Acc: 0.9527	 Val Loss: 0.3697, Val Balanced Acc: 0.4918
INFO:train:Early stopping triggered after 94 epochs
INFO:train:Epoch 95/200 	Train Loss: 0.2077, Train Balanced Acc: 0.9818	 Val Loss: 0.3766, Val Balanced Acc: 0.4949
INFO:train:Early stopping triggered after 95 epochs
INFO:train:Epoch 96/200 	Train Loss: 0.2076, Train Balanced Acc: 0.9879	 Val Loss: 0.3860, Val Balanced Acc: 0.4898
INFO:train:Early stopping triggered after 96 epochs
INFO:train:Epoch 97/200 	Train Loss: 0.2119, Train Balanced Acc: 0.9699	 Val Loss: 0.3695, Val Balanced Acc: 0.4816
INFO:train:Early stopping triggered after 97 epochs
INFO:train:Epoch 98/200 	Train Loss: 0.2068, Train Balanced Acc: 0.9649	 Val Loss: 0.4446, Val Balanced Acc: 0.4653
INFO:train:Early stopping triggered after 98 epochs
INFO:train:Epoch 99/200 	Train Loss: 0.2072, Train Balanced Acc: 0.9881	 Val Loss: 0.4352, Val Balanced Acc: 0.4901
INFO:train:Early stopping triggered after 99 epochs
INFO:train:Epoch 100/200 	Train Loss: 0.2081, Train Balanced Acc: 0.9641	 Val Loss: 0.3601, Val Balanced Acc: 0.4847
INFO:train:Early stopping triggered after 100 epochs
INFO:train:Epoch 101/200 	Train Loss: 0.2057, Train Balanced Acc: 0.9937	 Val Loss: 0.3374, Val Balanced Acc: 0.4878
INFO:train:Early stopping triggered after 101 epochs
INFO:train:Epoch 102/200 	Train Loss: 0.2068, Train Balanced Acc: 0.9813	 Val Loss: 0.3538, Val Balanced Acc: 0.4918
INFO:train:Early stopping triggered after 102 epochs
INFO:train:Epoch 103/200 	Train Loss: 0.2057, Train Balanced Acc: 0.9823	 Val Loss: 0.3709, Val Balanced Acc: 0.4867
INFO:train:Early stopping triggered after 103 epochs
INFO:train:Epoch 104/200 	Train Loss: 0.2061, Train Balanced Acc: 0.9937	 Val Loss: 0.3386, Val Balanced Acc: 0.4969
INFO:train:Early stopping triggered after 104 epochs
INFO:train:Epoch 105/200 	Train Loss: 0.2084, Train Balanced Acc: 0.9752	 Val Loss: 0.3876, Val Balanced Acc: 0.4888
INFO:train:Early stopping triggered after 105 epochs
INFO:train:Epoch 106/200 	Train Loss: 0.2080, Train Balanced Acc: 0.9583	 Val Loss: 0.3739, Val Balanced Acc: 0.4878
INFO:train:Early stopping triggered after 106 epochs
INFO:train:Epoch 107/200 	Train Loss: 0.2093, Train Balanced Acc: 0.9530	 Val Loss: 0.3902, Val Balanced Acc: 0.4857
INFO:train:Early stopping triggered after 107 epochs
INFO:train:Epoch 108/200 	Train Loss: 0.2088, Train Balanced Acc: 0.9702	 Val Loss: 0.3484, Val Balanced Acc: 0.4847
INFO:train:Early stopping triggered after 108 epochs
INFO:train:Epoch 109/200 	Train Loss: 0.2081, Train Balanced Acc: 0.9641	 Val Loss: 0.3680, Val Balanced Acc: 0.4827
INFO:train:Early stopping triggered after 109 epochs
INFO:train:Epoch 110/200 	Train Loss: 0.2075, Train Balanced Acc: 0.9826	 Val Loss: 0.3498, Val Balanced Acc: 0.4908
INFO:train:Early stopping triggered after 110 epochs
INFO:train:Epoch 111/200 	Train Loss: 0.2061, Train Balanced Acc: 0.9649	 Val Loss: 0.4197, Val Balanced Acc: 0.5189
INFO:train:Epoch 112/200 	Train Loss: 0.2081, Train Balanced Acc: 0.9757	 Val Loss: 0.3778, Val Balanced Acc: 0.5074
INFO:train:Epoch 113/200 	Train Loss: 0.2091, Train Balanced Acc: 0.9702	 Val Loss: 0.3379, Val Balanced Acc: 0.5135
INFO:train:Epoch 114/200 	Train Loss: 0.2082, Train Balanced Acc: 0.9535	 Val Loss: 0.3578, Val Balanced Acc: 0.4806
INFO:train:Epoch 115/200 	Train Loss: 0.2051, Train Balanced Acc: 0.9937	 Val Loss: 0.3571, Val Balanced Acc: 0.4857
INFO:train:Epoch 116/200 	Train Loss: 0.2068, Train Balanced Acc: 0.9879	 Val Loss: 0.3802, Val Balanced Acc: 0.4867
INFO:train:Epoch 117/200 	Train Loss: 0.2074, Train Balanced Acc: 0.9646	 Val Loss: 0.3614, Val Balanced Acc: 0.4867
INFO:train:Epoch 118/200 	Train Loss: 0.2061, Train Balanced Acc: 0.9942	 Val Loss: 0.3961, Val Balanced Acc: 0.4796
INFO:train:Epoch 119/200 	Train Loss: 0.2038, Train Balanced Acc: 0.9939	 Val Loss: 0.3943, Val Balanced Acc: 0.4806
INFO:train:Epoch 120/200 	Train Loss: 0.2038, Train Balanced Acc: 0.9881	 Val Loss: 0.3741, Val Balanced Acc: 0.4847
INFO:train:Epoch 121/200 	Train Loss: 0.2053, Train Balanced Acc: 0.9823	 Val Loss: 0.3897, Val Balanced Acc: 0.4806
INFO:train:Early stopping triggered after 121 epochs
INFO:train:Epoch 122/200 	Train Loss: 0.2032, Train Balanced Acc: 0.9997	 Val Loss: 0.3824, Val Balanced Acc: 0.4847
INFO:train:Early stopping triggered after 122 epochs
INFO:train:Epoch 123/200 	Train Loss: 0.2034, Train Balanced Acc: 0.9884	 Val Loss: 0.3462, Val Balanced Acc: 0.4847
INFO:train:Early stopping triggered after 123 epochs
INFO:train:Epoch 124/200 	Train Loss: 0.2043, Train Balanced Acc: 0.9942	 Val Loss: 0.3611, Val Balanced Acc: 0.4908
INFO:train:Early stopping triggered after 124 epochs
INFO:train:Epoch 125/200 	Train Loss: 0.2041, Train Balanced Acc: 0.9939	 Val Loss: 0.3546, Val Balanced Acc: 0.4959
INFO:train:Early stopping triggered after 125 epochs
INFO:train:Epoch 126/200 	Train Loss: 0.2050, Train Balanced Acc: 0.9881	 Val Loss: 0.3559, Val Balanced Acc: 0.4939
INFO:train:Early stopping triggered after 126 epochs
INFO:train:Epoch 127/200 	Train Loss: 0.2047, Train Balanced Acc: 0.9937	 Val Loss: 0.3912, Val Balanced Acc: 0.4929
INFO:train:Early stopping triggered after 127 epochs
INFO:train:Epoch 128/200 	Train Loss: 0.2080, Train Balanced Acc: 0.9765	 Val Loss: 0.3706, Val Balanced Acc: 0.4898
INFO:train:Early stopping triggered after 128 epochs
INFO:train:Epoch 129/200 	Train Loss: 0.2038, Train Balanced Acc: 0.9997	 Val Loss: 0.3639, Val Balanced Acc: 0.4867
INFO:train:Early stopping triggered after 129 epochs
INFO:train:Epoch 130/200 	Train Loss: 0.2064, Train Balanced Acc: 0.9881	 Val Loss: 0.3519, Val Balanced Acc: 0.4949
INFO:train:Early stopping triggered after 130 epochs
INFO:train:Epoch 131/200 	Train Loss: 0.2064, Train Balanced Acc: 0.9826	 Val Loss: 0.3713, Val Balanced Acc: 0.4806
INFO:train:Early stopping triggered after 131 epochs
INFO:train:Epoch 132/200 	Train Loss: 0.2059, Train Balanced Acc: 0.9879	 Val Loss: 0.3723, Val Balanced Acc: 0.4898
INFO:train:Early stopping triggered after 132 epochs
INFO:train:Epoch 133/200 	Train Loss: 0.2083, Train Balanced Acc: 0.9699	 Val Loss: 0.3528, Val Balanced Acc: 0.4898
INFO:train:Early stopping triggered after 133 epochs
INFO:train:Epoch 134/200 	Train Loss: 0.2036, Train Balanced Acc: 0.9884	 Val Loss: 0.3812, Val Balanced Acc: 0.4888
INFO:train:Early stopping triggered after 134 epochs
INFO:train:Epoch 135/200 	Train Loss: 0.2034, Train Balanced Acc: 1.0000	 Val Loss: 0.3436, Val Balanced Acc: 0.4939
INFO:train:Early stopping triggered after 135 epochs
INFO:train:Epoch 136/200 	Train Loss: 0.2044, Train Balanced Acc: 0.9879	 Val Loss: 0.3457, Val Balanced Acc: 0.4969
INFO:train:Early stopping triggered after 136 epochs
INFO:train:Epoch 137/200 	Train Loss: 0.2034, Train Balanced Acc: 0.9881	 Val Loss: 0.3547, Val Balanced Acc: 0.4898
INFO:train:Early stopping triggered after 137 epochs
INFO:train:Epoch 138/200 	Train Loss: 0.2025, Train Balanced Acc: 0.9997	 Val Loss: 0.3778, Val Balanced Acc: 0.4837
INFO:train:Early stopping triggered after 138 epochs
INFO:train:Epoch 139/200 	Train Loss: 0.2037, Train Balanced Acc: 0.9881	 Val Loss: 0.3675, Val Balanced Acc: 0.4888
INFO:train:Early stopping triggered after 139 epochs
INFO:train:Epoch 140/200 	Train Loss: 0.2033, Train Balanced Acc: 1.0000	 Val Loss: 0.3716, Val Balanced Acc: 0.4929
INFO:train:Early stopping triggered after 140 epochs
INFO:train:Epoch 141/200 	Train Loss: 0.2047, Train Balanced Acc: 0.9820	 Val Loss: 0.4201, Val Balanced Acc: 0.5159
INFO:train:Early stopping triggered after 141 epochs
INFO:train:Epoch 142/200 	Train Loss: 0.2046, Train Balanced Acc: 0.9881	 Val Loss: 0.4198, Val Balanced Acc: 0.4735
INFO:train:Early stopping triggered after 142 epochs
INFO:train:Epoch 143/200 	Train Loss: 0.2036, Train Balanced Acc: 0.9997	 Val Loss: 0.3478, Val Balanced Acc: 0.4898
INFO:train:Early stopping triggered after 143 epochs
INFO:train:Epoch 144/200 	Train Loss: 0.2052, Train Balanced Acc: 0.9820	 Val Loss: 0.3668, Val Balanced Acc: 0.4898
INFO:train:Early stopping triggered after 144 epochs
INFO:train:Epoch 145/200 	Train Loss: 0.2055, Train Balanced Acc: 0.9823	 Val Loss: 0.3829, Val Balanced Acc: 0.4929
INFO:train:Early stopping triggered after 145 epochs
INFO:train:Epoch 146/200 	Train Loss: 0.2056, Train Balanced Acc: 0.9823	 Val Loss: 0.4008, Val Balanced Acc: 0.4765
INFO:train:Early stopping triggered after 146 epochs
INFO:train:Epoch 147/200 	Train Loss: 0.2092, Train Balanced Acc: 0.9638	 Val Loss: 0.3441, Val Balanced Acc: 0.4867
INFO:train:Early stopping triggered after 147 epochs
INFO:train:Epoch 148/200 	Train Loss: 0.2116, Train Balanced Acc: 0.9525	 Val Loss: 0.4332, Val Balanced Acc: 0.4745
INFO:train:Early stopping triggered after 148 epochs
INFO:train:Epoch 149/200 	Train Loss: 0.2053, Train Balanced Acc: 0.9939	 Val Loss: 0.4371, Val Balanced Acc: 0.4704
INFO:train:Early stopping triggered after 149 epochs
INFO:train:Epoch 150/200 	Train Loss: 0.2039, Train Balanced Acc: 0.9997	 Val Loss: 0.4268, Val Balanced Acc: 0.4776
INFO:train:Early stopping triggered after 150 epochs
INFO:train:Epoch 151/200 	Train Loss: 0.2055, Train Balanced Acc: 0.9884	 Val Loss: 0.3793, Val Balanced Acc: 0.4816
INFO:train:Early stopping triggered after 151 epochs
INFO:train:Epoch 152/200 	Train Loss: 0.2071, Train Balanced Acc: 0.9646	 Val Loss: 0.3501, Val Balanced Acc: 0.4959
INFO:train:Early stopping triggered after 152 epochs
INFO:train:Epoch 153/200 	Train Loss: 0.2065, Train Balanced Acc: 0.9876	 Val Loss: 0.3872, Val Balanced Acc: 0.4837
INFO:train:Early stopping triggered after 153 epochs
INFO:train:Epoch 154/200 	Train Loss: 0.2051, Train Balanced Acc: 0.9937	 Val Loss: 0.4033, Val Balanced Acc: 0.4796
INFO:train:Early stopping triggered after 154 epochs
INFO:train:Epoch 155/200 	Train Loss: 0.2044, Train Balanced Acc: 0.9879	 Val Loss: 0.4824, Val Balanced Acc: 0.5036
INFO:train:Early stopping triggered after 155 epochs
INFO:train:Epoch 156/200 	Train Loss: 0.2044, Train Balanced Acc: 0.9884	 Val Loss: 0.5048, Val Balanced Acc: 0.5016
INFO:train:Early stopping triggered after 156 epochs
INFO:train:Epoch 157/200 	Train Loss: 0.2067, Train Balanced Acc: 0.9818	 Val Loss: 0.3946, Val Balanced Acc: 0.4786
INFO:train:Early stopping triggered after 157 epochs
INFO:train:Epoch 158/200 	Train Loss: 0.2025, Train Balanced Acc: 1.0000	 Val Loss: 0.3992, Val Balanced Acc: 0.4745
INFO:train:Early stopping triggered after 158 epochs
INFO:train:Epoch 159/200 	Train Loss: 0.2036, Train Balanced Acc: 0.9942	 Val Loss: 0.3976, Val Balanced Acc: 0.4755
INFO:train:Early stopping triggered after 159 epochs
INFO:train:Epoch 160/200 	Train Loss: 0.2032, Train Balanced Acc: 0.9881	 Val Loss: 0.3844, Val Balanced Acc: 0.4745
INFO:train:Early stopping triggered after 160 epochs
INFO:train:Epoch 161/200 	Train Loss: 0.2056, Train Balanced Acc: 0.9818	 Val Loss: 0.4293, Val Balanced Acc: 0.5087
INFO:train:Early stopping triggered after 161 epochs
INFO:train:Epoch 162/200 	Train Loss: 0.2028, Train Balanced Acc: 0.9997	 Val Loss: 0.3752, Val Balanced Acc: 0.4786
INFO:train:Early stopping triggered after 162 epochs
INFO:train:Epoch 163/200 	Train Loss: 0.2048, Train Balanced Acc: 0.9879	 Val Loss: 0.3391, Val Balanced Acc: 0.4949
INFO:train:Early stopping triggered after 163 epochs
INFO:train:Epoch 164/200 	Train Loss: 0.2056, Train Balanced Acc: 0.9765	 Val Loss: 0.4885, Val Balanced Acc: 0.4975
INFO:train:Early stopping triggered after 164 epochs
INFO:train:Epoch 165/200 	Train Loss: 0.2044, Train Balanced Acc: 0.9937	 Val Loss: 0.3946, Val Balanced Acc: 0.4776
INFO:train:Early stopping triggered after 165 epochs
INFO:train:Epoch 166/200 	Train Loss: 0.2028, Train Balanced Acc: 1.0000	 Val Loss: 0.3890, Val Balanced Acc: 0.4827
INFO:train:Early stopping triggered after 166 epochs
INFO:train:Epoch 167/200 	Train Loss: 0.2026, Train Balanced Acc: 0.9937	 Val Loss: 0.4254, Val Balanced Acc: 0.4714
INFO:train:Early stopping triggered after 167 epochs
INFO:train:Epoch 168/200 	Train Loss: 0.2043, Train Balanced Acc: 0.9826	 Val Loss: 0.3682, Val Balanced Acc: 0.4827
INFO:train:Early stopping triggered after 168 epochs
INFO:train:Epoch 169/200 	Train Loss: 0.2044, Train Balanced Acc: 0.9881	 Val Loss: 0.3772, Val Balanced Acc: 0.4786
INFO:train:Early stopping triggered after 169 epochs
INFO:train:Epoch 170/200 	Train Loss: 0.2032, Train Balanced Acc: 0.9942	 Val Loss: 0.3656, Val Balanced Acc: 0.4806
INFO:train:Early stopping triggered after 170 epochs
INFO:train:Epoch 171/200 	Train Loss: 0.2034, Train Balanced Acc: 0.9881	 Val Loss: 0.3540, Val Balanced Acc: 0.4857
INFO:train:Early stopping triggered after 171 epochs
INFO:train:Epoch 172/200 	Train Loss: 0.2036, Train Balanced Acc: 0.9939	 Val Loss: 0.3782, Val Balanced Acc: 0.4867
INFO:train:Early stopping triggered after 172 epochs
INFO:train:Epoch 173/200 	Train Loss: 0.2040, Train Balanced Acc: 0.9939	 Val Loss: 0.3851, Val Balanced Acc: 0.4816
INFO:train:Early stopping triggered after 173 epochs
INFO:train:Epoch 174/200 	Train Loss: 0.2034, Train Balanced Acc: 0.9826	 Val Loss: 0.3635, Val Balanced Acc: 0.4929
INFO:train:Early stopping triggered after 174 epochs
INFO:train:Epoch 175/200 	Train Loss: 0.2031, Train Balanced Acc: 0.9942	 Val Loss: 0.3573, Val Balanced Acc: 0.4929
INFO:train:Early stopping triggered after 175 epochs
INFO:train:Epoch 176/200 	Train Loss: 0.2034, Train Balanced Acc: 0.9939	 Val Loss: 0.3612, Val Balanced Acc: 0.4908
INFO:train:Early stopping triggered after 176 epochs
INFO:train:Epoch 177/200 	Train Loss: 0.2049, Train Balanced Acc: 0.9881	 Val Loss: 0.3536, Val Balanced Acc: 0.4990
INFO:train:Early stopping triggered after 177 epochs
INFO:train:Epoch 178/200 	Train Loss: 0.2062, Train Balanced Acc: 0.9765	 Val Loss: 0.4257, Val Balanced Acc: 0.4714
INFO:train:Early stopping triggered after 178 epochs
INFO:train:Epoch 179/200 	Train Loss: 0.2029, Train Balanced Acc: 1.0000	 Val Loss: 0.3684, Val Balanced Acc: 0.4847
INFO:train:Early stopping triggered after 179 epochs
INFO:train:Epoch 180/200 	Train Loss: 0.2025, Train Balanced Acc: 1.0000	 Val Loss: 0.3579, Val Balanced Acc: 0.4847
INFO:train:Early stopping triggered after 180 epochs
INFO:train:Epoch 181/200 	Train Loss: 0.2019, Train Balanced Acc: 1.0000	 Val Loss: 0.3675, Val Balanced Acc: 0.4847
INFO:train:Early stopping triggered after 181 epochs
INFO:train:Epoch 182/200 	Train Loss: 0.2025, Train Balanced Acc: 0.9942	 Val Loss: 0.3832, Val Balanced Acc: 0.4837
INFO:train:Early stopping triggered after 182 epochs
INFO:train:Epoch 183/200 	Train Loss: 0.2025, Train Balanced Acc: 1.0000	 Val Loss: 0.3912, Val Balanced Acc: 0.4796
INFO:train:Early stopping triggered after 183 epochs
INFO:train:Epoch 184/200 	Train Loss: 0.2015, Train Balanced Acc: 1.0000	 Val Loss: 0.3762, Val Balanced Acc: 0.4837
INFO:train:Early stopping triggered after 184 epochs
INFO:train:Epoch 185/200 	Train Loss: 0.2028, Train Balanced Acc: 0.9881	 Val Loss: 0.3718, Val Balanced Acc: 0.4847
INFO:train:Early stopping triggered after 185 epochs
INFO:train:Epoch 186/200 	Train Loss: 0.2034, Train Balanced Acc: 0.9939	 Val Loss: 0.3799, Val Balanced Acc: 0.4837
INFO:train:Early stopping triggered after 186 epochs
INFO:train:Epoch 187/200 	Train Loss: 0.2031, Train Balanced Acc: 0.9942	 Val Loss: 0.3693, Val Balanced Acc: 0.4857
INFO:train:Early stopping triggered after 187 epochs
INFO:train:Epoch 188/200 	Train Loss: 0.2019, Train Balanced Acc: 1.0000	 Val Loss: 0.3635, Val Balanced Acc: 0.4847
INFO:train:Early stopping triggered after 188 epochs
INFO:train:Epoch 189/200 	Train Loss: 0.2031, Train Balanced Acc: 0.9939	 Val Loss: 0.3553, Val Balanced Acc: 0.4929
INFO:train:Early stopping triggered after 189 epochs
INFO:train:Epoch 190/200 	Train Loss: 0.2046, Train Balanced Acc: 0.9820	 Val Loss: 0.3337, Val Balanced Acc: 0.4980
INFO:train:Early stopping triggered after 190 epochs
INFO:train:Epoch 191/200 	Train Loss: 0.2047, Train Balanced Acc: 0.9934	 Val Loss: 0.3601, Val Balanced Acc: 0.4929
INFO:train:Early stopping triggered after 191 epochs
INFO:train:Epoch 192/200 	Train Loss: 0.2033, Train Balanced Acc: 0.9881	 Val Loss: 0.3412, Val Balanced Acc: 0.4908
INFO:train:Early stopping triggered after 192 epochs
INFO:train:Epoch 193/200 	Train Loss: 0.2039, Train Balanced Acc: 0.9939	 Val Loss: 0.3575, Val Balanced Acc: 0.4929
INFO:train:Early stopping triggered after 193 epochs
INFO:train:Epoch 194/200 	Train Loss: 0.2048, Train Balanced Acc: 0.9762	 Val Loss: 0.3655, Val Balanced Acc: 0.4929
INFO:train:Early stopping triggered after 194 epochs
INFO:train:Epoch 195/200 	Train Loss: 0.2042, Train Balanced Acc: 0.9881	 Val Loss: 0.3527, Val Balanced Acc: 0.4939
INFO:train:Early stopping triggered after 195 epochs
INFO:train:Epoch 196/200 	Train Loss: 0.2054, Train Balanced Acc: 0.9765	 Val Loss: 0.3845, Val Balanced Acc: 0.4796
INFO:train:Early stopping triggered after 196 epochs
INFO:train:Epoch 197/200 	Train Loss: 0.2048, Train Balanced Acc: 0.9995	 Val Loss: 0.4292, Val Balanced Acc: 0.4663
INFO:train:Early stopping triggered after 197 epochs
INFO:train:Epoch 198/200 	Train Loss: 0.2031, Train Balanced Acc: 0.9884	 Val Loss: 0.3713, Val Balanced Acc: 0.4867
INFO:train:Early stopping triggered after 198 epochs
INFO:train:Epoch 199/200 	Train Loss: 0.2022, Train Balanced Acc: 1.0000	 Val Loss: 0.3672, Val Balanced Acc: 0.4857
INFO:train:Early stopping triggered after 199 epochs
INFO:train:Epoch 200/200 	Train Loss: 0.2041, Train Balanced Acc: 0.9934	 Val Loss: 0.3772, Val Balanced Acc: 0.4857
INFO:train:Early stopping triggered after 200 epochs
INFO:plot:Saving attention map to: figures/model_accuracy.png
INFO:train:train set balanced accuracy: 1.0000
INFO:plot:Saving cofusion matrix map to: figures/train_confusion_matrix.png
INFO:train:Total time taken to evaluate on train set: 0.15s
INFO:train:validation set balanced accuracy: 0.4857
INFO:plot:Saving cofusion matrix map to: figures/validation_confusion_matrix.png
INFO:train:Total time taken to evaluate on validation set: 0.09s
