INFO:train:Epoch 1/1000 	Train Loss: 0.7336, Train Acc: 0.5536	 Val Loss: 0.6734, Val Acc: 0.6667
INFO:train:Epoch 2/1000 	Train Loss: 0.6407, Train Acc: 0.6964	 Val Loss: 0.6749, Val Acc: 0.6667
INFO:train:Epoch 3/1000 	Train Loss: 0.6006, Train Acc: 0.7500	 Val Loss: 0.6760, Val Acc: 0.6667
INFO:train:Epoch 4/1000 	Train Loss: 0.5579, Train Acc: 0.8036	 Val Loss: 0.6733, Val Acc: 0.6667
INFO:train:Epoch 5/1000 	Train Loss: 0.4958, Train Acc: 0.8750	 Val Loss: 0.6689, Val Acc: 0.6667
INFO:train:Epoch 6/1000 	Train Loss: 0.4362, Train Acc: 0.9286	 Val Loss: 0.6641, Val Acc: 0.6667
INFO:train:Epoch 7/1000 	Train Loss: 0.4067, Train Acc: 0.9286	 Val Loss: 0.6610, Val Acc: 0.6667
INFO:train:Epoch 8/1000 	Train Loss: 0.3719, Train Acc: 0.9643	 Val Loss: 0.6600, Val Acc: 0.6667
INFO:train:Epoch 9/1000 	Train Loss: 0.3640, Train Acc: 0.9286	 Val Loss: 0.6608, Val Acc: 0.6667
INFO:train:Epoch 10/1000 	Train Loss: 0.3004, Train Acc: 0.9821	 Val Loss: 0.6634, Val Acc: 0.6667
INFO:train:Epoch 11/1000 	Train Loss: 0.3093, Train Acc: 0.9821	 Val Loss: 0.6686, Val Acc: 0.6667
INFO:train:Epoch 12/1000 	Train Loss: 0.2733, Train Acc: 1.0000	 Val Loss: 0.6745, Val Acc: 0.6667
INFO:train:Epoch 13/1000 	Train Loss: 0.2530, Train Acc: 1.0000	 Val Loss: 0.6836, Val Acc: 0.6667
INFO:train:Epoch 14/1000 	Train Loss: 0.2453, Train Acc: 1.0000	 Val Loss: 0.6985, Val Acc: 0.6000
INFO:train:Epoch 15/1000 	Train Loss: 0.2367, Train Acc: 1.0000	 Val Loss: 0.7278, Val Acc: 0.4667
INFO:train:Epoch 16/1000 	Train Loss: 0.2357, Train Acc: 1.0000	 Val Loss: 0.7652, Val Acc: 0.4667
INFO:train:Epoch 17/1000 	Train Loss: 0.2345, Train Acc: 1.0000	 Val Loss: 0.8223, Val Acc: 0.4667
INFO:train:Epoch 18/1000 	Train Loss: 0.2304, Train Acc: 1.0000	 Val Loss: 0.8915, Val Acc: 0.4667
INFO:train:Epoch 19/1000 	Train Loss: 0.2237, Train Acc: 1.0000	 Val Loss: 0.9352, Val Acc: 0.4667
INFO:train:Epoch 20/1000 	Train Loss: 0.2333, Train Acc: 1.0000	 Val Loss: 0.9835, Val Acc: 0.5333
INFO:train:Epoch 21/1000 	Train Loss: 0.2144, Train Acc: 1.0000	 Val Loss: 1.0338, Val Acc: 0.5333
INFO:train:Epoch 22/1000 	Train Loss: 0.2184, Train Acc: 1.0000	 Val Loss: 1.0747, Val Acc: 0.4667
INFO:train:Early stopping triggered after 22 epochs
INFO:plot:Saving attention map to: figures/model_accuracy.png
INFO:train:train got 38 / 56 correct, accuracy: 0.6785714285714286
INFO:plot:Saving cofusion matrix map to: figures/train_confusion_matrix.png
INFO:train:Total time taken evaluate on train set the model: 0.09s
INFO:train:validation got 7 / 15 correct, accuracy: 0.4666666666666667
INFO:plot:Saving cofusion matrix map to: figures/validation_confusion_matrix.png
INFO:train:Total time taken evaluate on validation set the model: 0.07s
