INFO:train:Epoch 1/1000 	Train Loss: 0.6984, Train Acc: 0.4643	 Val Loss: 0.6922, Val Acc: 0.5333
INFO:train:Epoch 2/1000 	Train Loss: 0.6194, Train Acc: 0.7321	 Val Loss: 0.6900, Val Acc: 0.5333
INFO:train:Epoch 3/1000 	Train Loss: 0.5464, Train Acc: 0.8750	 Val Loss: 0.6904, Val Acc: 0.6000
INFO:train:Epoch 4/1000 	Train Loss: 0.5014, Train Acc: 0.8750	 Val Loss: 0.6861, Val Acc: 0.5333
INFO:train:Epoch 5/1000 	Train Loss: 0.4423, Train Acc: 0.9464	 Val Loss: 0.6797, Val Acc: 0.6667
INFO:train:Epoch 6/1000 	Train Loss: 0.3805, Train Acc: 1.0000	 Val Loss: 0.6727, Val Acc: 0.6667
INFO:train:Epoch 7/1000 	Train Loss: 0.3364, Train Acc: 1.0000	 Val Loss: 0.6649, Val Acc: 0.6000
INFO:train:Epoch 8/1000 	Train Loss: 0.3414, Train Acc: 0.9643	 Val Loss: 0.6557, Val Acc: 0.6000
INFO:train:Epoch 9/1000 	Train Loss: 0.2636, Train Acc: 1.0000	 Val Loss: 0.6456, Val Acc: 0.6000
INFO:train:Epoch 10/1000 	Train Loss: 0.2548, Train Acc: 1.0000	 Val Loss: 0.6386, Val Acc: 0.6000
INFO:train:Epoch 11/1000 	Train Loss: 0.2593, Train Acc: 1.0000	 Val Loss: 0.6263, Val Acc: 0.6000
INFO:train:Epoch 12/1000 	Train Loss: 0.2421, Train Acc: 1.0000	 Val Loss: 0.6124, Val Acc: 0.6667
INFO:train:Epoch 13/1000 	Train Loss: 0.2358, Train Acc: 1.0000	 Val Loss: 0.6049, Val Acc: 0.6667
INFO:train:Epoch 14/1000 	Train Loss: 0.2327, Train Acc: 1.0000	 Val Loss: 0.5998, Val Acc: 0.6667
INFO:train:Epoch 15/1000 	Train Loss: 0.2341, Train Acc: 1.0000	 Val Loss: 0.5938, Val Acc: 0.6667
INFO:train:Epoch 16/1000 	Train Loss: 0.2237, Train Acc: 1.0000	 Val Loss: 0.5845, Val Acc: 0.6667
INFO:train:Epoch 17/1000 	Train Loss: 0.2170, Train Acc: 1.0000	 Val Loss: 0.5778, Val Acc: 0.6667
INFO:train:Epoch 18/1000 	Train Loss: 0.2165, Train Acc: 1.0000	 Val Loss: 0.5651, Val Acc: 0.6000
INFO:train:Early stopping triggered after 18 epochs
INFO:plot:Saving attention map to: figures/model_accuracy.png
INFO:train:train got 38 / 56 correct, accuracy: 0.6785714285714286
INFO:plot:Saving cofusion matrix map to: figures/train_confusion_matrix.png
INFO:train:Total time taken evaluate on train set the model: 0.08s
INFO:train:validation got 9 / 15 correct, accuracy: 0.6
INFO:plot:Saving cofusion matrix map to: figures/validation_confusion_matrix.png
INFO:train:Total time taken evaluate on validation set the model: 0.08s
