INFO:data:Reading dataset fish: species
INFO:data:Class Counts: [48 60], Class Ratios: [0.44444444 0.55555556]
INFO:data:Number of features: 1023
INFO:data:Number of instances: 108
INFO:data:Number of classes 2.
INFO:__main__:Running 30 experiments
INFO:__main__:Classifier: knn
INFO:__main__:training: 0.9324926900584796 +\- 0.024361990937911384
INFO:__main__:test: 0.8369444444444445 +\- 0.06914435159884495
INFO:__main__:Classifier: dt
INFO:__main__:training: 1.0 +\- 0.0
INFO:__main__:test: 0.9913888888888888 +\- 0.017278135044537787
INFO:__main__:Classifier: lda
INFO:__main__:training: 0.9867690058479531 +\- 0.007708956334230479
INFO:__main__:test: 0.9647222222222224 +\- 0.03674759587332395
INFO:__main__:Classifier: nb
INFO:__main__:training: 0.93406432748538 +\- 0.06991194784028316
INFO:__main__:test: 0.8797222222222222 +\- 0.09571087183624606
INFO:__main__:Classifier: rf
INFO:__main__:training: 1.0 +\- 0.0
INFO:__main__:test: 0.9649999999999999 +\- 0.0403342515965259
INFO:__main__:Classifier: svm
INFO:__main__:training: 1.0 +\- 0.0
INFO:__main__:test: 0.9597222222222223 +\- 0.0506478096000602
INFO:__main__:Classifier: ensemble
INFO:__main__:training: 0.9996527777777777 +\- 0.001869848891366161
INFO:__main__:test: 0.9719444444444444 +\- 0.0326657690730802
INFO:data:Reading dataset fish: part
INFO:data:Class Counts: [6 6 3 6 6 3], Class Ratios: [0.2 0.2 0.1 0.2 0.2 0.1]
INFO:data:Number of features: 1023
INFO:data:Number of instances: 30
INFO:data:Number of classes 6.
INFO:__main__:Running 30 experiments
INFO:__main__:Classifier: knn
INFO:__main__:training: 0.428888888888889 +\- 0.05373689906375
INFO:__main__:test: 0.3166666666666666 +\- 0.14497764834110988
INFO:__main__:Classifier: dt
INFO:__main__:training: 1.0 +\- 0.0
INFO:__main__:test: 0.3 +\- 0.16887426837300737
INFO:__main__:Classifier: lda
INFO:__main__:training: 0.756111111111111 +\- 0.032054159415003676
INFO:__main__:test: 0.4555555555555555 +\- 0.16063146994223287
INFO:__main__:Classifier: nb
INFO:__main__:training: 1.0 +\- 0.0
INFO:__main__:test: 0.45 +\- 0.15605079894653484
INFO:__main__:Classifier: rf
INFO:__main__:training: 1.0 +\- 0.0
INFO:__main__:test: 0.4166666666666668 +\- 0.15957118462605632
INFO:__main__:Classifier: svm
INFO:__main__:training: 1.0 +\- 0.0
INFO:__main__:test: 0.5611111111111111 +\- 0.14582671942674097
INFO:__main__:Classifier: ensemble
INFO:__main__:training: 1.0 +\- 0.0
INFO:__main__:test: 0.4555555555555556 +\- 0.1822357718539636
INFO:data:Reading dataset fish: oil_simple
INFO:data:Class Counts: [153 126], Class Ratios: [0.5483871 0.4516129]
INFO:data:Number of features: 1023
INFO:data:Number of instances: 279
INFO:data:Number of classes 2.
INFO:__main__:Running 30 experiments
INFO:__main__:Classifier: knn
INFO:__main__:training: 0.8320050857544771 +\- 0.016208418661268615
INFO:__main__:test: 0.700989247311828 +\- 0.06152771983057723
INFO:__main__:Classifier: dt
INFO:__main__:training: 1.0 +\- 0.0
INFO:__main__:test: 0.6586881720430107 +\- 0.05663704924728167
INFO:__main__:Classifier: lda
INFO:__main__:training: 0.8998079316128335 +\- 0.012848654913584747
INFO:__main__:test: 0.731247311827957 +\- 0.058172345118767135
INFO:__main__:Classifier: nb
INFO:__main__:training: 0.6175255640318131 +\- 0.01001093292394437
INFO:__main__:test: 0.6022795698924731 +\- 0.042191027294164046
INFO:__main__:Classifier: rf
INFO:__main__:training: 1.0 +\- 0.0
INFO:__main__:test: 0.748 +\- 0.05518690218463736
INFO:__main__:Classifier: svm
INFO:__main__:training: 1.0 +\- 0.0
INFO:__main__:test: 0.8400000000000001 +\- 0.04625526003406089
INFO:__main__:Classifier: ensemble
INFO:__main__:training: 1.0 +\- 0.0
INFO:__main__:test: 0.8037634408602151 +\- 0.0551500544007408
INFO:data:Reading dataset fish: oil_simple
INFO:data:Class Counts: [153 126], Class Ratios: [0.5483871 0.4516129]
INFO:data:Number of features: 1023
INFO:data:Number of instances: 279
INFO:data:Number of classes 2.
INFO:__main__:Running 30 experiments
INFO:__main__:Classifier: knn
INFO:__main__:training: 0.8320050857544771 +\- 0.016208418661268615
INFO:__main__:test: 0.700989247311828 +\- 0.06152771983057723
INFO:__main__:Classifier: dt
INFO:__main__:training: 1.0 +\- 0.0
INFO:__main__:test: 0.6525806451612902 +\- 0.06207080870342732
INFO:__main__:Classifier: lda
INFO:__main__:training: 0.8998079316128335 +\- 0.012848654913584747
INFO:__main__:test: 0.731247311827957 +\- 0.058172345118767135
INFO:__main__:Classifier: nb
INFO:__main__:training: 0.6175255640318131 +\- 0.01001093292394437
INFO:__main__:test: 0.6022795698924731 +\- 0.042191027294164046
INFO:__main__:Classifier: rf
INFO:__main__:training: 1.0 +\- 0.0
INFO:__main__:test: 0.7481505376344086 +\- 0.05606113390031388
INFO:__main__:Classifier: svm
INFO:__main__:training: 1.0 +\- 0.0
INFO:__main__:test: 0.8400000000000001 +\- 0.04625526003406089
INFO:__main__:Classifier: ensemble
INFO:__main__:training: 1.0 +\- 0.0
INFO:__main__:test: 0.8072903225806451 +\- 0.054415610071868
INFO:data:Reading dataset fish: oil
INFO:data:Class Counts: [18 18 18 18 18 18 18], Class Ratios: [0.14285714 0.14285714 0.14285714 0.14285714 0.14285714 0.14285714
 0.14285714]
INFO:data:Number of features: 1023
INFO:data:Number of instances: 126
INFO:data:Number of classes 7.
INFO:__main__:Running 30 experiments
INFO:__main__:Classifier: knn
INFO:__main__:training: 0.5170068027210885 +\- 0.030877660177486103
INFO:__main__:test: 0.3079365079365079 +\- 0.08741334837670278
INFO:__main__:Classifier: dt
INFO:__main__:training: 1.0 +\- 0.0
INFO:__main__:test: 0.2869047619047619 +\- 0.07772208080264753
INFO:__main__:Classifier: lda
INFO:__main__:training: 0.7148979591836737 +\- 0.03246608884501496
INFO:__main__:test: 0.3186507936507937 +\- 0.06654490960021799
INFO:__main__:Classifier: nb
INFO:__main__:training: 0.6189342403628119 +\- 0.028449195034018385
INFO:__main__:test: 0.32579365079365075 +\- 0.0684210303179565
INFO:__main__:Classifier: rf
INFO:__main__:training: 1.0 +\- 0.0
INFO:__main__:test: 0.37817460317460316 +\- 0.08460946550362597
INFO:__main__:Classifier: svm
INFO:__main__:training: 1.0 +\- 0.0
INFO:__main__:test: 0.35634920634920625 +\- 0.07806070987896381
INFO:__main__:Classifier: ensemble
INFO:__main__:training: 0.9837188208616781 +\- 0.007345538905296555
INFO:__main__:test: 0.3638888888888889 +\- 0.09116712646754702
INFO:data:Reading dataset fish: oil_regression
INFO:data:Class Counts: [18 18 18 18 18 18 18], Class Ratios: [0.14285714 0.14285714 0.14285714 0.14285714 0.14285714 0.14285714
 0.14285714]
INFO:data:Number of features: 1023
INFO:data:Number of instances: 126
INFO:data:Number of classes 7.
INFO:__main__:Running 30 experiments
INFO:__main__:Classifier: lr
INFO:__main__:training: 1.0791746547315442e-15 +\- 8.940638332294696e-16
INFO:__main__:test: 0.13549853196810094 +\- 0.01775308741496243
INFO:__main__:Classifier: svr
INFO:__main__:training: 0.11413889139933069 +\- 0.003299323963477571
INFO:__main__:test: 0.12694079629132743 +\- 0.008579301639534527
INFO:__main__:Classifier: xgb
INFO:__main__:training: 0.00021846992547345446 +\- 8.238024751481582e-06
INFO:__main__:test: 0.12660266633355388 +\- 0.021837735560326487
INFO:__main__:Classifier: ensemble
INFO:__main__:training: 0.03809827291832139 +\- 0.0010999754685079976
INFO:__main__:test: 0.1199704823074719 +\- 0.011885453550669228
INFO:data:Reading dataset fish: cross-species
INFO:data:Class Counts: [45 60 48], Class Ratios: [0.29411765 0.39215686 0.31372549]
INFO:data:Number of features: 1023
INFO:data:Number of instances: 153
INFO:data:Number of classes 3.
INFO:__main__:Running 30 experiments
INFO:__main__:Classifier: knn
INFO:__main__:training: 0.7919022092267707 +\- 0.03072416164416948
INFO:__main__:test: 0.6419135802469135 +\- 0.07088906196899114
INFO:__main__:Classifier: dt
INFO:__main__:training: 1.0 +\- 0.0
INFO:__main__:test: 0.7003703703703704 +\- 0.0698754525936789
INFO:__main__:Classifier: lda
INFO:__main__:training: 0.9090358999350227 +\- 0.012567308814802999
INFO:__main__:test: 0.8137037037037037 +\- 0.06605099801878506
INFO:__main__:Classifier: nb
INFO:__main__:training: 0.678646848602989 +\- 0.054130418439003306
INFO:__main__:test: 0.5570987654320987 +\- 0.08341160019138115
INFO:__main__:Classifier: rf
INFO:__main__:training: 1.0 +\- 0.0
INFO:__main__:test: 0.8119135802469136 +\- 0.06530096923352653
INFO:__main__:Classifier: svm
INFO:__main__:training: 1.0 +\- 0.0
INFO:__main__:test: 0.8553703703703703 +\- 0.058444143234135916
INFO:__main__:Classifier: ensemble
INFO:__main__:training: 0.9922392787524369 +\- 0.0056580736523349755
INFO:__main__:test: 0.8274691358024692 +\- 0.05761032106425072
