INFO:data:Reading dataset fish: cross-species
INFO:data:Class Counts: [45 60 48], Class Ratios: [0.29411765 0.39215686 0.31372549]
INFO:data:Number of features: 1023
INFO:data:Number of instances: 153
INFO:data:Number of classes 3.
INFO:__main__:No model found. Train from scratch.
INFO:gp:   	      	                                 fitness                                 	                      size                     
   	      	-------------------------------------------------------------------------	-----------------------------------------------
gen	nevals	avg     	gen	max     	min     	nevals	std      	avg    	gen	max	min	nevals	std    
0  	3069  	0.367598	0  	0.549197	0.195117	3069  	0.0477988	3.91528	0  	7  	2  	3069  	1.42614
INFO:gp:1  	2351  	0.415664	1  	0.569841	0.244625	2351  	0.04445  	4.06647	1  	12 	2  	2351  	1.51289
INFO:gp:2  	2303  	0.443645	2  	0.620865	0.249917	2303  	0.0477924	4.00847	2  	12 	2  	2303  	1.48346
INFO:gp:3  	2308  	0.462857	3  	0.620865	0.25322 	2308  	0.0550559	3.95112	3  	13 	2  	2308  	1.4351 
INFO:gp:4  	2321  	0.482827	4  	0.667352	0.256589	2321  	0.0587573	4.02737	4  	11 	2  	2321  	1.48696
INFO:gp:5  	2344  	0.497765	5  	0.667352	0.193963	2344  	0.0656345	4.11763	5  	12 	2  	2344  	1.49535
INFO:gp:6  	2307  	0.515511	6  	0.679617	0.250042	2307  	0.0703978	4.2509 	6  	12 	2  	2307  	1.48181
INFO:gp:7  	2352  	0.534772	7  	0.718386	0.237799	2352  	0.0773042	4.28902	7  	12 	2  	2352  	1.48553
INFO:gp:8  	2320  	0.563749	8  	0.739151	0.251778	2320  	0.0849231	4.29554	8  	11 	2  	2320  	1.396  
INFO:gp:9  	2344  	0.59838 	9  	0.763439	0.25595 	2344  	0.0872481	4.46302	9  	15 	3  	2344  	1.47677
INFO:gp:10 	2296  	0.624279	10 	0.763482	0.271857	2296  	0.0903161	4.71065	10 	13 	3  	2296  	1.59454
INFO:gp:11 	2290  	0.650184	11 	0.766956	0.245384	2290  	0.0893416	4.79407	11 	14 	3  	2290  	1.65242
INFO:gp:12 	2335  	0.666945	12 	0.774769	0.288348	2335  	0.0902484	4.84523	12 	16 	3  	2335  	1.78728
INFO:gp:13 	2298  	0.677167	13 	0.779315	0.310232	2298  	0.0924381	5.30987	13 	15 	3  	2298  	2.07361
INFO:gp:14 	2323  	0.686666	14 	0.805106	0.280563	2323  	0.0948884	5.83708	14 	16 	3  	2323  	2.34611
INFO:gp:15 	2307  	0.703453	15 	0.805405	0.320142	2307  	0.0896191	5.74878	15 	18 	3  	2307  	2.59139
INFO:gp:16 	2306  	0.711719	16 	0.805405	0.315205	2306  	0.0894867	5.67253	16 	19 	3  	2306  	2.82738
INFO:gp:17 	2329  	0.723566	17 	0.805405	0.335753	2329  	0.0871003	6.42098	17 	20 	3  	2329  	3.5175 
INFO:gp:18 	2333  	0.735176	18 	0.805618	0.330682	2333  	0.0906094	8.1564 	18 	22 	3  	2333  	4.23299
INFO:gp:19 	2327  	0.742358	19 	0.807051	0.218101	2327  	0.0940353	9.11632	19 	22 	3  	2327  	4.38716
INFO:gp:20 	2293  	0.74501 	20 	0.811946	0.313085	2293  	0.0939865	7.94721	20 	24 	3  	2293  	4.48674
INFO:gp:21 	2360  	0.740612	21 	0.811946	0.335435	2360  	0.0956851	6.32812	21 	24 	3  	2360  	4.09693
INFO:gp:22 	2320  	0.742896	22 	0.811946	0.286175	2320  	0.0967369	6.68198	22 	24 	3  	2320  	3.96053
INFO:gp:23 	2323  	0.745359	23 	0.811946	0.308824	2323  	0.0959566	7.97687	23 	24 	3  	2323  	3.88426
INFO:gp:24 	2307  	0.75055 	24 	0.811946	0.321444	2307  	0.090281 	9.04529	24 	27 	3  	2307  	3.69057
INFO:gp:25 	2355  	0.74936 	25 	0.816719	0.288033	2355  	0.0919365	10.0134	25 	25 	3  	2355  	3.43361
INFO:gp:26 	2363  	0.753148	26 	0.824822	0.325452	2363  	0.0923499	10.4242	26 	25 	3  	2363  	3.20636
INFO:gp:27 	2321  	0.75367 	27 	0.824822	0.341929	2321  	0.0901743	10.2981	27 	25 	3  	2321  	2.99267
INFO:gp:28 	2314  	0.752409	28 	0.824822	0.346572	2314  	0.0924887	10.0345	28 	23 	3  	2314  	2.72662
INFO:gp:29 	2290  	0.755571	29 	0.824822	0.339479	2290  	0.0932633	10.1528	29 	23 	3  	2290  	2.70556
INFO:gp:30 	2349  	0.758302	30 	0.832329	0.332348	2349  	0.0926143	10.3568	30 	26 	3  	2349  	3.03763
INFO:gp:31 	2308  	0.762699	31 	0.83266 	0.334607	2308  	0.0871436	10.5138	31 	28 	3  	2308  	3.35655
INFO:gp:32 	2307  	0.765573	32 	0.83266 	0.32131 	2307  	0.0884814	10.2744	32 	25 	3  	2307  	3.55156
INFO:gp:33 	2353  	0.764752	33 	0.83266 	0.333848	2353  	0.0911302	9.81786	33 	26 	3  	2353  	3.64832
INFO:gp:34 	2338  	0.770104	34 	0.833351	0.33088 	2338  	0.0872126	9.98338	34 	26 	3  	2338  	3.62309
INFO:gp:35 	2285  	0.773427	35 	0.833351	0.320163	2285  	0.0832224	10.2906	35 	24 	3  	2285  	3.23455
INFO:gp:36 	2318  	0.772908	36 	0.837022	0.335472	2318  	0.0865988	11.0903	36 	25 	3  	2318  	3.30999
INFO:gp:37 	2289  	0.775168	37 	0.837081	0.334366	2289  	0.0851739	11.6657	37 	28 	4  	2289  	3.56785
INFO:gp:38 	2305  	0.771792	38 	0.837082	0.294895	2305  	0.0905108	11.8775	38 	28 	3  	2305  	3.67008
INFO:gp:39 	2356  	0.774751	39 	0.837165	0.322523	2356  	0.0857485	11.695 	39 	28 	3  	2356  	3.70791
INFO:gp:40 	2278  	0.774272	40 	0.837165	0.368321	2278  	0.0892463	12.0691	40 	28 	3  	2278  	3.79197
INFO:gp:41 	2333  	0.776646	41 	0.837165	0.32941 	2333  	0.0891439	13.1906	41 	28 	6  	2333  	3.99387
INFO:gp:42 	2307  	0.784394	42 	0.841702	0.334863	2307  	0.0853047	14.2786	42 	31 	6  	2307  	3.86835
INFO:gp:43 	2264  	0.785058	43 	0.841702	0.335104	2264  	0.0878222	14.4686	43 	33 	5  	2264  	3.34398
INFO:gp:44 	2313  	0.787459	44 	0.841871	0.330577	2313  	0.0848742	14.1756	44 	29 	3  	2313  	3.33931
INFO:gp:45 	2321  	0.785793	45 	0.841871	0.336027	2321  	0.0877388	14.1378	45 	30 	5  	2321  	3.44215
INFO:gp:46 	2343  	0.788234	46 	0.841872	0.314184	2343  	0.0844613	14.6008	46 	35 	3  	2343  	3.57146
INFO:gp:47 	2360  	0.790017	47 	0.841881	0.266306	2360  	0.0852511	15.5712	47 	29 	3  	2360  	3.41721
INFO:gp:48 	2303  	0.792701	48 	0.842039	0.33421 	2303  	0.0840379	15.8765	48 	35 	3  	2303  	3.45252
INFO:gp:49 	2306  	0.788338	49 	0.842039	0.309082	2306  	0.0873235	15.437 	49 	30 	5  	2306  	3.62322
INFO:gp:50 	2323  	0.786663	50 	0.842042	0.334977	2323  	0.0904105	15.1359	50 	39 	6  	2323  	3.98827
INFO:gp:51 	2309  	0.788   	51 	0.84218 	0.318733	2309  	0.0846799	14.7204	51 	39 	7  	2309  	4.15354
INFO:gp:52 	2278  	0.789155	52 	0.8422  	0.339136	2278  	0.0870142	14.711 	52 	33 	7  	2278  	4.11486
INFO:gp:53 	2339  	0.789751	53 	0.842331	0.320532	2339  	0.0841341	14.8035	53 	33 	7  	2339  	4.08713
INFO:gp:54 	2297  	0.786428	54 	0.842336	0.33414 	2297  	0.0863235	15.2636	54 	34 	4  	2297  	3.90669
INFO:gp:55 	2324  	0.787785	55 	0.842356	0.304639	2324  	0.0864234	16.0583	55 	33 	3  	2324  	3.96032
INFO:gp:56 	2286  	0.791616	56 	0.842364	0.326787	2286  	0.0838486	16.9954	56 	37 	3  	2286  	4.10199
INFO:gp:57 	2305  	0.791193	57 	0.842551	0.322361	2305  	0.0833782	17.7315	57 	38 	4  	2305  	4.36285
INFO:gp:58 	2291  	0.793062	58 	0.842556	0.336808	2291  	0.0826294	18.6536	58 	41 	4  	2291  	4.25908
INFO:gp:59 	2338  	0.794093	59 	0.842556	0.332086	2338  	0.0797479	19.6243	59 	42 	4  	2338  	3.97466
INFO:gp:60 	2325  	0.794645	60 	0.84257 	0.333831	2325  	0.0791865	20.2245	60 	42 	6  	2325  	3.7215 
INFO:gp:61 	2269  	0.797789	61 	0.842631	0.34201 	2269  	0.075314 	20.7175	61 	44 	11 	2269  	3.75288
INFO:gp:62 	2254  	0.797684	62 	0.842665	0.349227	2254  	0.0771896	21.0394	62 	40 	10 	2254  	3.65667
INFO:gp:63 	2298  	0.794347	63 	0.842672	0.304415	2298  	0.0794711	20.9022	63 	41 	3  	2298  	3.54695
INFO:gp:64 	2363  	0.792166	64 	0.842709	0.340274	2363  	0.0824576	20.9368	64 	48 	9  	2363  	3.37982
INFO:gp:65 	2324  	0.793965	65 	0.842882	0.346685	2324  	0.079189 	21.4868	65 	47 	7  	2324  	3.47156
INFO:gp:66 	2298  	0.795229	66 	0.842882	0.339421	2298  	0.0814187	22.3574	66 	38 	7  	2298  	3.52161
INFO:gp:67 	2294  	0.797815	67 	0.842882	0.337796	2294  	0.0796224	22.9814	67 	39 	10 	2294  	3.52295
INFO:gp:68 	2303  	0.7968  	68 	0.842882	0.325899	2303  	0.0793653	22.6507	68 	43 	8  	2303  	3.63465
INFO:gp:69 	2372  	0.794637	69 	0.843141	0.309971	2372  	0.0790394	22.2294	69 	46 	3  	2372  	3.75984
INFO:gp:70 	2303  	0.795421	70 	0.843196	0.344994	2303  	0.0820483	22.3682	70 	42 	7  	2303  	3.52175
INFO:gp:71 	2289  	0.795181	71 	0.843196	0.343483	2289  	0.0826256	23.0007	71 	42 	5  	2289  	3.53597
INFO:gp:72 	2393  	0.794749	72 	0.845456	0.320043	2393  	0.0845578	23.3353	72 	39 	6  	2393  	3.55179
INFO:gp:73 	2318  	0.793057	73 	0.845617	0.323345	2318  	0.0843521	22.9234	73 	43 	9  	2318  	3.5078 
INFO:gp:74 	2360  	0.795056	74 	0.845617	0.31384 	2360  	0.0791985	22.3183	74 	39 	7  	2360  	3.32746
INFO:gp:75 	2309  	0.789659	75 	0.845617	0.304709	2309  	0.0891724	22.1202	75 	44 	9  	2309  	3.25693
INFO:gp:76 	2351  	0.791175	76 	0.845673	0.334725	2351  	0.0850685	22.1955	76 	46 	9  	2351  	3.47831
INFO:gp:77 	2288  	0.792808	77 	0.845806	0.330622	2288  	0.0851829	22.405 	77 	43 	9  	2288  	3.4701 
INFO:gp:78 	2322  	0.79257 	78 	0.845806	0.350218	2322  	0.0865547	21.9814	78 	38 	5  	2322  	3.43301
INFO:gp:79 	2336  	0.78956 	79 	0.845806	0.338502	2336  	0.0882074	21.2105	79 	43 	9  	2336  	3.27774
INFO:gp:80 	2308  	0.79165 	80 	0.850337	0.347809	2308  	0.0892101	20.8824	80 	45 	3  	2308  	3.17916
INFO:gp:81 	2328  	0.789834	81 	0.850337	0.304656	2328  	0.0910084	21.1114	81 	54 	9  	2328  	3.29162
INFO:gp:82 	2320  	0.7912  	82 	0.850337	0.334262	2320  	0.088959 	21.6986	82 	40 	4  	2320  	3.41246
INFO:gp:83 	2360  	0.790748	83 	0.850337	0.339613	2360  	0.0856026	22.3477	83 	53 	9  	2360  	3.52749
INFO:gp:84 	2317  	0.794682	84 	0.85047 	0.334817	2317  	0.0870733	22.6051	84 	36 	4  	2317  	3.40583
INFO:gp:85 	2314  	0.793277	85 	0.85058 	0.33337 	2314  	0.0866305	22.5178	85 	42 	3  	2314  	3.19907
INFO:gp:86 	2318  	0.795769	86 	0.850736	0.309193	2318  	0.0841356	22.3353	86 	36 	6  	2318  	3.10498
INFO:gp:87 	2292  	0.7968  	87 	0.850736	0.344586	2292  	0.0867726	22.144 	87 	36 	3  	2292  	3.15879
INFO:gp:88 	2309  	0.798293	88 	0.850736	0.342009	2309  	0.0845739	22.1818	88 	39 	11 	2309  	3.19143
INFO:gp:89 	2321  	0.795958	89 	0.850763	0.324743	2321  	0.0886636	22.9677	89 	45 	7  	2321  	3.40958
INFO:gp:90 	2300  	0.800234	90 	0.850763	0.323972	2300  	0.0866515	23.4171	90 	49 	12 	2300  	3.35614
INFO:gp:91 	2300  	0.800831	91 	0.85078 	0.366381	2300  	0.0838958	23.4659	91 	42 	6  	2300  	3.03599
INFO:gp:92 	2328  	0.798979	92 	0.850788	0.334273	2328  	0.0876147	23.0795	92 	43 	5  	2328  	2.883  
INFO:gp:93 	2348  	0.795315	93 	0.850788	0.337993	2348  	0.0916898	22.7758	93 	42 	6  	2348  	2.5455 
INFO:gp:94 	2353  	0.797331	94 	0.850809	0.346334	2353  	0.0881333	22.6517	94 	35 	9  	2353  	2.45086
INFO:gp:95 	2319  	0.798477	95 	0.850809	0.321598	2319  	0.0899933	22.7869	95 	42 	7  	2319  	2.58972
INFO:gp:96 	2339  	0.797933	96 	0.850814	0.332811	2339  	0.0882589	23.2173	96 	45 	9  	2339  	2.79948
INFO:gp:97 	2329  	0.799595	97 	0.850822	0.329615	2329  	0.088958 	23.9462	97 	45 	9  	2329  	2.95586
INFO:gp:98 	2325  	0.80177 	98 	0.850824	0.33895 	2325  	0.0851589	24.9687	98 	45 	9  	2325  	3.07233
INFO:gp:99 	2280  	0.801298	99 	0.850824	0.304905	2280  	0.0878849	25.6686	99 	49 	3  	2280  	2.92382
INFO:gp:100	2355  	0.801407	100	0.850851	0.334167	2355  	0.0875048	26.1121	100	49 	9  	2355  	2.85637
INFO:gp:101	2312  	0.798022	101	0.850852	0.345617	2312  	0.0891838	26.6458	101	54 	10 	2312  	3.13818
INFO:gp:102	2315  	0.80155 	102	0.850855	0.334278	2315  	0.0853809	27.3047	102	48 	5  	2315  	3.2529 
INFO:gp:103	2317  	0.80228 	103	0.850888	0.347165	2317  	0.0842844	28.3803	103	54 	11 	2317  	3.39941
INFO:gp:104	2327  	0.804309	104	0.850888	0.37023 	2327  	0.0798368	29.161 	104	55 	9  	2327  	3.51576
INFO:gp:105	2355  	0.804702	105	0.850888	0.332327	2355  	0.0831847	29.508 	105	58 	11 	2355  	3.67439
INFO:gp:106	2313  	0.806668	106	0.850891	0.361437	2313  	0.0796006	29.6155	106	59 	9  	2313  	3.65578
INFO:gp:107	2304  	0.805902	107	0.850912	0.330568	2304  	0.0827665	29.9182	107	52 	7  	2304  	3.64865
INFO:gp:108	2309  	0.80669 	108	0.850927	0.330453	2309  	0.0774233	30.2698	108	49 	10 	2309  	3.7842 
INFO:gp:109	2317  	0.804103	109	0.850927	0.329602	2317  	0.0833014	30.7413	109	47 	13 	2317  	3.76659
INFO:gp:110	2325  	0.806119	110	0.850927	0.334253	2325  	0.0800115	31.5617	110	59 	16 	2325  	3.90601
INFO:gp:111	2316  	0.805089	111	0.850928	0.346708	2316  	0.0841151	32.4099	111	59 	13 	2316  	3.86107
INFO:gp:112	2330  	0.806022	112	0.850933	0.342207	2330  	0.0814267	33.0248	112	55 	9  	2330  	3.84517
INFO:gp:113	2310  	0.807843	113	0.850949	0.330559	2310  	0.0783111	33.4493	113	56 	14 	2310  	3.64198
INFO:gp:114	2376  	0.804663	114	0.850949	0.309525	2376  	0.0822531	33.651 	114	65 	3  	2376  	3.7384 
INFO:gp:115	2298  	0.804107	115	0.85095 	0.334474	2298  	0.0839299	33.8618	115	61 	20 	2298  	3.62405
INFO:gp:116	2299  	0.806181	116	0.850953	0.316826	2299  	0.0832037	33.5559	116	67 	3  	2299  	3.804  
INFO:gp:117	2299  	0.808022	117	0.850961	0.333781	2299  	0.0795663	33.129 	117	62 	10 	2299  	4.04056
INFO:gp:118	2327  	0.805643	118	0.850961	0.359157	2327  	0.0807693	33.1753	118	70 	11 	2327  	4.10841
INFO:gp:119	2281  	0.804196	119	0.850963	0.339717	2281  	0.0854129	34.0186	119	69 	16 	2281  	3.69839
INFO:gp:120	2374  	0.804017	120	0.850963	0.347049	2374  	0.0843131	34.231 	120	58 	18 	2374  	3.53077
INFO:gp:121	2317  	0.808199	121	0.851015	0.351292	2317  	0.0772575	34.2942	121	63 	9  	2317  	3.73335
INFO:gp:122	2324  	0.803299	122	0.851015	0.339518	2324  	0.0837195	34.2893	122	68 	12 	2324  	4.0295 
INFO:gp:123	2327  	0.809483	123	0.851026	0.339965	2327  	0.0782355	34.1515	123	56 	9  	2327  	4.5483 
INFO:gp:124	2300  	0.808794	124	0.851028	0.340072	2300  	0.077977 	33.9866	124	74 	11 	2300  	5.32699
INFO:gp:125	2357  	0.805916	125	0.851033	0.339688	2357  	0.0815238	34.2385	125	55 	11 	2357  	5.49651
INFO:gp:126	2312  	0.806341	126	0.851037	0.335448	2312  	0.0801058	34.8035	126	56 	6  	2312  	5.69064
INFO:gp:127	2362  	0.805785	127	0.851071	0.342437	2362  	0.0824413	35.086 	127	68 	14 	2362  	5.64403
INFO:gp:128	2271  	0.808577	128	0.851071	0.339942	2271  	0.0778716	35.4914	128	62 	11 	2271  	5.44139
INFO:gp:129	2326  	0.806365	129	0.851071	0.333416	2326  	0.0839453	35.6136	129	53 	3  	2326  	5.45373
INFO:gp:130	2337  	0.80882 	130	0.851078	0.352301	2337  	0.0784961	35.6562	130	56 	18 	2337  	5.60757
INFO:gp:131	2302  	0.807562	131	0.85108 	0.351064	2302  	0.0808234	34.8309	131	64 	17 	2302  	5.64478
INFO:gp:132	2283  	0.806869	132	0.851381	0.333392	2283  	0.0826227	34.1499	132	55 	9  	2283  	5.52594
INFO:gp:133	2319  	0.805177	133	0.851381	0.322969	2319  	0.0817408	34.3946	133	68 	11 	2319  	5.30617
INFO:gp:134	2327  	0.807321	134	0.851418	0.339324	2327  	0.0805057	34.362 	134	57 	7  	2327  	5.20611
INFO:gp:135	2348  	0.807604	135	0.851418	0.347221	2348  	0.0789678	34.8416	135	70 	13 	2348  	5.05683
INFO:gp:136	2322  	0.807133	136	0.851418	0.33924 	2322  	0.0816615	34.665 	136	57 	14 	2322  	5.21845
INFO:gp:137	2326  	0.804724	137	0.851418	0.329059	2326  	0.0813308	32.8501	137	63 	13 	2326  	5.1363 
INFO:gp:138	2297  	0.806935	138	0.851418	0.331011	2297  	0.0806481	31.3757	138	53 	17 	2297  	4.43011
INFO:gp:139	2316  	0.804033	139	0.851479	0.329877	2316  	0.0849657	30.7748	139	52 	9  	2316  	4.13709
INFO:gp:140	2296  	0.805827	140	0.851479	0.320299	2296  	0.0827605	30.2278	140	49 	18 	2296  	3.70199
INFO:gp:141	2288  	0.806054	141	0.85163 	0.335588	2288  	0.0842686	29.9296	141	47 	9  	2288  	3.5565 
INFO:gp:142	2333  	0.807075	142	0.85163 	0.345988	2333  	0.0797471	29.7126	142	56 	6  	2333  	3.42801
INFO:gp:143	2338  	0.805687	143	0.851663	0.323842	2338  	0.0846351	29.6546	143	47 	7  	2338  	3.12225
INFO:gp:144	2338  	0.80763 	144	0.851663	0.352731	2338  	0.0779879	29.6817	144	56 	5  	2338  	3.03783
INFO:gp:145	2337  	0.806155	145	0.851663	0.316935	2337  	0.0827087	29.6924	145	55 	12 	2337  	2.78007
INFO:gp:146	2308  	0.80668 	146	0.853135	0.339926	2308  	0.08288  	29.8224	146	57 	15 	2308  	2.66876
INFO:gp:147	2354  	0.805677	147	0.853135	0.344246	2354  	0.082191 	30.0674	147	56 	17 	2354  	2.71852
INFO:gp:148	2366  	0.805638	148	0.853347	0.335548	2366  	0.082244 	30.3845	148	58 	18 	2366  	2.43818
INFO:gp:149	2318  	0.808724	149	0.853347	0.391179	2318  	0.0754223	30.6341	149	46 	13 	2318  	2.42906
INFO:gp:150	2313  	0.808172	150	0.853481	0.3553  	2313  	0.0825438	30.7256	150	47 	3  	2313  	2.48062
INFO:gp:151	2374  	0.807495	151	0.853481	0.332985	2374  	0.080924 	30.8162	151	45 	16 	2374  	2.33329
INFO:gp:152	2299  	0.808925	152	0.853577	0.321325	2299  	0.0809759	30.7964	152	45 	19 	2299  	2.39988
INFO:gp:153	2333  	0.805747	153	0.853924	0.347249	2333  	0.082316 	30.855 	153	58 	9  	2333  	2.61736
INFO:gp:154	2329  	0.807579	154	0.854119	0.342987	2329  	0.084499 	30.9492	154	51 	9  	2329  	2.52998
INFO:gp:155	2318  	0.808831	155	0.854278	0.317873	2318  	0.0805735	31.2545	155	61 	17 	2318  	2.47663
INFO:gp:156	2352  	0.808191	156	0.854278	0.336932	2352  	0.0822096	31.4692	156	52 	18 	2352  	2.19098
INFO:gp:157	2321  	0.808588	157	0.854374	0.343782	2321  	0.0848168	31.8104	157	63 	21 	2321  	2.4372 
INFO:gp:158	2315  	0.808635	158	0.858491	0.342977	2315  	0.0835511	31.7621	158	50 	13 	2315  	2.32503
INFO:gp:159	2305  	0.8077  	159	0.858542	0.342001	2305  	0.0835135	31.7181	159	51 	16 	2305  	2.54187
INFO:gp:160	2349  	0.807368	160	0.858624	0.323644	2349  	0.0856829	31.7716	160	61 	4  	2349  	2.47338
INFO:gp:161	2328  	0.806883	161	0.8587  	0.334693	2328  	0.0860888	32.1065	161	63 	14 	2328  	2.58351
INFO:gp:162	2313  	0.80766 	162	0.858838	0.339695	2313  	0.0849899	32.5471	162	61 	20 	2313  	2.838  
INFO:gp:163	2299  	0.81005 	163	0.858907	0.353679	2299  	0.082114 	32.5764	163	58 	17 	2299  	3.17335
INFO:gp:164	2296  	0.812525	164	0.858907	0.335057	2296  	0.0806643	32.2167	164	60 	5  	2296  	3.22982
INFO:gp:165	2299  	0.814316	165	0.858989	0.334979	2299  	0.0788274	32.4901	165	51 	3  	2299  	3.0352 
INFO:gp:166	2345  	0.813395	166	0.85901 	0.333164	2345  	0.0843624	33.4471	166	59 	15 	2345  	3.16025
INFO:gp:167	2301  	0.815353	167	0.85901 	0.335128	2301  	0.0806199	34.7061	167	52 	18 	2301  	3.39603
INFO:gp:168	2281  	0.815091	168	0.85901 	0.339647	2281  	0.0777226	35.9629	168	53 	12 	2281  	3.50095
INFO:gp:169	2301  	0.815607	169	0.85902 	0.343196	2301  	0.0772255	36.6689	169	59 	23 	2301  	3.38752
INFO:gp:170	2305  	0.813726	170	0.859033	0.339738	2305  	0.0825971	37.2789	170	57 	25 	2305  	3.66481
INFO:gp:171	2329  	0.813949	171	0.859038	0.334689	2329  	0.0806195	38.2538	171	74 	9  	2329  	3.9229 
INFO:gp:172	2335  	0.815368	172	0.859038	0.335133	2335  	0.0798341	39.4871	172	80 	9  	2335  	3.61384
INFO:gp:173	2288  	0.813464	173	0.859038	0.323656	2288  	0.0810679	39.999 	173	58 	27 	2288  	3.3056 
INFO:gp:174	2305  	0.813844	174	0.859151	0.331708	2305  	0.0826298	40.2799	174	58 	14 	2305  	3.09313
INFO:gp:175	2309  	0.816112	175	0.859151	0.341836	2309  	0.0793471	40.3614	175	79 	19 	2309  	3.1499 
INFO:gp:176	2326  	0.813644	176	0.859151	0.316603	2326  	0.081777 	40.42  	176	60 	5  	2326  	3.09603
INFO:gp:177	2364  	0.815102	177	0.859151	0.353436	2364  	0.0790179	40.4708	177	61 	3  	2364  	2.91984
INFO:gp:178	2310  	0.814607	178	0.859202	0.361461	2310  	0.0810729	40.4311	178	60 	25 	2310  	2.83456
INFO:gp:179	2343  	0.815417	179	0.859202	0.320146	2343  	0.079365 	40.4689	179	79 	4  	2343  	3.10122
INFO:gp:180	2292  	0.815894	180	0.859202	0.347345	2292  	0.0774498	40.4161	180	57 	24 	2292  	2.9003 
INFO:gp:181	2337  	0.816542	181	0.859202	0.339897	2337  	0.0766325	40.3601	181	61 	21 	2337  	3.09632
INFO:gp:182	2296  	0.816622	182	0.859202	0.334476	2296  	0.0790042	40.4112	182	55 	25 	2296  	2.8889 
INFO:gp:183	2373  	0.814936	183	0.859202	0.340417	2373  	0.0805191	40.4138	183	60 	24 	2373  	3.0242 
INFO:gp:184	2287  	0.814921	184	0.859202	0.346775	2287  	0.0788466	40.4666	184	78 	23 	2287  	3.07799
INFO:gp:185	2308  	0.81868 	185	0.859202	0.340007	2308  	0.0764081	40.4907	185	79 	22 	2308  	3.12074
INFO:gp:186	2342  	0.816408	186	0.859202	0.357808	2342  	0.0777851	40.4633	186	79 	24 	2342  	3.13418
INFO:gp:187	2349  	0.81505 	187	0.859202	0.329789	2349  	0.0833785	40.3141	187	60 	20 	2349  	3.15945
INFO:gp:188	2357  	0.813152	188	0.859202	0.340831	2357  	0.0828868	40.3923	188	60 	26 	2357  	2.9802 
INFO:gp:189	2298  	0.818717	189	0.859202	0.388132	2298  	0.076346 	40.4268	189	56 	22 	2298  	3.08872
INFO:gp:190	2321  	0.816404	190	0.859202	0.339888	2321  	0.0781833	40.4715	190	56 	5  	2321  	2.84604
INFO:gp:191	2375  	0.817268	191	0.859202	0.33437 	2375  	0.0758668	40.3786	191	56 	15 	2375  	3.00765
INFO:gp:192	2325  	0.817633	192	0.859202	0.346904	2325  	0.074427 	40.363 	192	79 	25 	2325  	3.0643 
INFO:gp:193	2322  	0.818372	193	0.859202	0.328289	2322  	0.0775776	40.3829	193	59 	16 	2322  	2.9817 
INFO:gp:194	2279  	0.815316	194	0.859202	0.385408	2279  	0.0825542	40.3578	194	56 	19 	2279  	3.0501 
INFO:gp:195	2321  	0.816888	195	0.85922 	0.350423	2321  	0.0790594	40.3672	195	60 	9  	2321  	3.23678
INFO:gp:196	2350  	0.812964	196	0.85922 	0.305152	2350  	0.0818069	40.4467	196	60 	25 	2350  	3.0159 
INFO:gp:197	2243  	0.816184	197	0.85922 	0.329918	2243  	0.0815514	40.4024	197	79 	24 	2243  	3.11306
INFO:gp:198	2323  	0.81726 	198	0.85922 	0.347889	2323  	0.075338 	40.4226	198	56 	9  	2323  	2.98857
INFO:gp:199	2331  	0.816492	199	0.85922 	0.345927	2331  	0.0784194	40.4295	199	60 	25 	2331  	2.98666
INFO:gp:200	2345  	0.815306	200	0.85922 	0.364956	2345  	0.0785305	40.319 	200	79 	17 	2345  	3.24882
INFO:gp:201	2315  	0.816084	201	0.85922 	0.34869 	2315  	0.0784994	40.3926	201	79 	24 	2315  	3.10099
INFO:gp:202	2335  	0.814775	202	0.859276	0.340198	2335  	0.0815359	40.2643	202	60 	3  	2335  	3.42459
INFO:gp:203	2359  	0.815097	203	0.859276	0.340006	2359  	0.0834826	40.4073	203	60 	14 	2359  	3.09347
INFO:gp:204	2315  	0.818477	204	0.859276	0.334678	2315  	0.076597 	40.3816	204	58 	14 	2315  	3.12424
INFO:gp:205	2328  	0.814381	205	0.859276	0.348426	2328  	0.0829984	40.317 	205	79 	5  	2328  	3.34643
INFO:gp:206	2348  	0.816637	206	0.859278	0.335458	2348  	0.0782416	40.3649	206	79 	9  	2348  	3.33818
INFO:gp:207	2320  	0.814903	207	0.859278	0.364503	2320  	0.0800264	40.5318	207	55 	23 	2320  	2.90661
INFO:gp:208	2300  	0.817987	208	0.859278	0.347104	2300  	0.0765541	40.6823	208	79 	9  	2300  	3.08346
INFO:gp:209	2332  	0.815092	209	0.859281	0.369288	2332  	0.0782957	40.8403	209	59 	18 	2332  	3.03728
INFO:gp:210	2341  	0.816398	210	0.859287	0.33569 	2341  	0.078929 	41.0153	210	57 	12 	2341  	3.13902
INFO:gp:211	2304  	0.816863	211	0.859318	0.351569	2304  	0.0798304	41.0997	211	81 	23 	2304  	3.35542
INFO:gp:212	2332  	0.816091	212	0.859318	0.339821	2332  	0.0764938	41.3118	212	81 	23 	2332  	3.48831
INFO:gp:213	2318  	0.81772 	213	0.859318	0.321301	2318  	0.0749823	41.3982	213	81 	9  	2318  	3.81169
INFO:gp:214	2348  	0.817482	214	0.859318	0.33949 	2348  	0.0784028	41.9707	214	57 	3  	2348  	3.98169
INFO:gp:215	2321  	0.817503	215	0.859324	0.328283	2321  	0.0754173	42.7292	215	84 	9  	2321  	4.86635
INFO:gp:216	2296  	0.818038	216	0.859332	0.335464	2296  	0.0755537	43.5354	216	92 	27 	2296  	5.08864
INFO:gp:217	2302  	0.819074	217	0.859332	0.33926 	2302  	0.0734864	44.0525	217	64 	25 	2302  	4.72842
INFO:gp:218	2268  	0.818449	218	0.859332	0.356828	2268  	0.0759532	44.3141	218	84 	9  	2268  	4.56049
INFO:gp:219	2281  	0.8165  	219	0.859332	0.342325	2281  	0.0790314	44.2845	219	84 	16 	2281  	4.10257
INFO:gp:220	2314  	0.816786	220	0.859342	0.403073	2314  	0.078721 	44.3236	220	60 	25 	2314  	3.55553
INFO:gp:221	2325  	0.816169	221	0.859342	0.346273	2325  	0.0768811	44.2561	221	60 	3  	2325  	3.58196
INFO:gp:222	2302  	0.816152	222	0.859342	0.361759	2302  	0.0792149	44.1922	222	87 	25 	2302  	3.9344 
INFO:gp:223	2299  	0.816571	223	0.859349	0.356836	2299  	0.0774655	44.2874	223	60 	12 	2299  	3.72002
INFO:gp:224	2265  	0.818311	224	0.859349	0.392417	2265  	0.0753311	44.3529	224	85 	13 	2265  	3.65767
INFO:gp:225	2294  	0.815427	225	0.859349	0.339957	2294  	0.0789769	44.2933	225	88 	16 	2294  	3.84957
INFO:gp:226	2341  	0.815985	226	0.859349	0.388993	2341  	0.0781366	44.405 	226	68 	9  	2341  	3.58891
INFO:gp:227	2325  	0.814539	227	0.859355	0.335456	2325  	0.0815591	44.4389	227	61 	26 	2325  	3.6255 
INFO:gp:228	2313  	0.815058	228	0.859355	0.347617	2313  	0.0817334	44.4904	228	68 	17 	2313  	3.84885
INFO:gp:229	2299  	0.81939 	229	0.859355	0.372143	2299  	0.0747865	44.4272	229	67 	26 	2299  	3.63121
INFO:gp:230	2294  	0.817922	230	0.859355	0.335402	2294  	0.0781315	44.1303	230	66 	6  	2294  	3.7056 
INFO:gp:231	2363  	0.81696 	231	0.859355	0.334843	2363  	0.0776336	43.9528	231	61 	25 	2363  	3.78108
INFO:gp:232	2302  	0.818583	232	0.859355	0.347645	2302  	0.0750578	44.0596	232	61 	24 	2302  	3.4824 
INFO:gp:233	2346  	0.814571	233	0.859456	0.338777	2346  	0.0789108	43.9586	233	59 	24 	2346  	3.595  
INFO:gp:234	2342  	0.815214	234	0.859456	0.326951	2342  	0.0807946	43.7198	234	66 	15 	2342  	3.57187
INFO:gp:235	2340  	0.817124	235	0.859456	0.352655	2340  	0.0775215	43.5588	235	62 	24 	2340  	3.68491
INFO:gp:236	2350  	0.815736	236	0.859456	0.33553 	2350  	0.0796123	43.52  	236	85 	20 	2350  	3.68055
INFO:gp:237	2305  	0.816469	237	0.859456	0.345599	2305  	0.0804589	43.4637	237	66 	12 	2305  	3.82704
INFO:gp:238	2282  	0.817134	238	0.859456	0.363408	2282  	0.0788914	43.6507	238	56 	13 	2282  	3.56257
INFO:gp:239	2304  	0.817561	239	0.859456	0.341925	2304  	0.0784765	43.8641	239	63 	15 	2304  	3.58204
INFO:gp:240	2300  	0.813687	240	0.8595  	0.350555	2300  	0.0808657	44.0378	240	68 	15 	2300  	3.79894
INFO:gp:241	2320  	0.815112	241	0.8595  	0.339929	2320  	0.0801478	44.029 	241	88 	9  	2320  	3.81412
INFO:gp:242	2324  	0.818963	242	0.8595  	0.347607	2324  	0.0761082	43.8625	242	61 	23 	2324  	3.33255
INFO:gp:243	2305  	0.815893	243	0.8595  	0.339607	2305  	0.0807628	43.6406	243	85 	3  	2305  	3.66345
INFO:gp:244	2369  	0.816412	244	0.8595  	0.305015	2369  	0.0779434	43.4578	244	66 	22 	2369  	3.42521
INFO:gp:245	2340  	0.816197	245	0.8595  	0.312981	2340  	0.0789576	43.4373	245	61 	23 	2340  	3.44236
INFO:gp:246	2324  	0.817237	246	0.8595  	0.340251	2324  	0.0774922	43.3464	246	55 	9  	2324  	3.63659
INFO:gp:247	2354  	0.816857	247	0.8595  	0.321534	2354  	0.079086 	43.3284	247	75 	11 	2354  	3.79264
INFO:gp:248	2301  	0.818883	248	0.8595  	0.388433	2301  	0.0747862	43.4011	248	85 	26 	2301  	3.56219
INFO:gp:249	2292  	0.817406	249	0.8595  	0.340306	2292  	0.0788102	43.4122	249	59 	22 	2292  	3.33273
INFO:gp:250	2367  	0.81672 	250	0.8595  	0.321502	2367  	0.0782408	43.4523	250	64 	22 	2367  	3.20314
INFO:gp:251	2303  	0.815983	251	0.8595  	0.340093	2303  	0.0802034	43.3952	251	88 	3  	2303  	3.7062 
INFO:gp:252	2329  	0.815697	252	0.8595  	0.321772	2329  	0.0783908	43.4122	252	54 	24 	2329  	3.28626
INFO:gp:253	2388  	0.813396	253	0.8595  	0.340277	2388  	0.0817654	43.3294	253	62 	22 	2388  	3.55774
INFO:gp:254	2334  	0.814393	254	0.8595  	0.340312	2334  	0.0799684	43.4389	254	66 	23 	2334  	3.37336
INFO:gp:255	2332  	0.817868	255	0.859551	0.353491	2332  	0.0732791	43.437 	255	85 	15 	2332  	3.38152
INFO:gp:256	2298  	0.814267	256	0.859551	0.35004 	2298  	0.0817824	43.4181	256	59 	24 	2298  	3.24992
INFO:gp:257	2345  	0.816402	257	0.859551	0.338962	2345  	0.0807062	43.2695	257	63 	9  	2345  	3.66467
INFO:gp:258	2342  	0.818315	258	0.859551	0.369958	2342  	0.0754648	43.4265	258	85 	9  	2342  	3.41773
INFO:gp:259	2281  	0.816868	259	0.859551	0.344353	2281  	0.0800305	43.4008	259	61 	22 	2281  	3.39614
INFO:gp:260	2309  	0.812665	260	0.859559	0.320065	2309  	0.0825337	43.4102	260	85 	15 	2309  	3.4692 
INFO:gp:261	2349  	0.815412	261	0.859559	0.33904 	2349  	0.079107 	43.4624	261	85 	11 	2349  	3.45859
INFO:gp:262	2362  	0.816684	262	0.859559	0.347063	2362  	0.0779065	43.2014	262	61 	15 	2362  	3.83844
INFO:gp:263	2317  	0.817056	263	0.859559	0.3634  	2317  	0.077363 	43.506 	263	85 	7  	2317  	3.38913
INFO:gp:264	2312  	0.816272	264	0.859559	0.309909	2312  	0.0805084	43.4588	264	56 	22 	2312  	3.43188
INFO:gp:265	2261  	0.816441	265	0.859559	0.34083 	2261  	0.0796032	43.6846	265	61 	11 	2261  	3.5464 
INFO:gp:266	2349  	0.817527	266	0.859559	0.330046	2349  	0.0785948	43.8188	266	63 	22 	2349  	3.86322
INFO:gp:267	2320  	0.817275	267	0.859559	0.321528	2320  	0.0801609	44.3783	267	89 	23 	2320  	3.89215
INFO:gp:268	2307  	0.81783 	268	0.859559	0.339144	2307  	0.0762602	44.7807	268	62 	12 	2307  	3.73056
INFO:gp:269	2298  	0.820858	269	0.859559	0.347576	2298  	0.0754239	45.0802	269	61 	20 	2298  	3.62526
INFO:gp:270	2347  	0.817146	270	0.859559	0.343478	2347  	0.077068 	45.0378	270	60 	11 	2347  	3.5718 
INFO:gp:271	2307  	0.81742 	271	0.859559	0.310467	2307  	0.0783277	45.0499	271	89 	26 	2307  	3.85225
INFO:gp:272	2322  	0.814366	272	0.859559	0.346958	2322  	0.0819628	45.1818	272	65 	11 	2322  	3.61681
INFO:gp:273	2293  	0.818282	273	0.859559	0.384598	2293  	0.0757382	45.0899	273	65 	23 	2293  	3.74249
INFO:gp:274	2314  	0.819401	274	0.859607	0.335725	2314  	0.0756227	45.1072	274	65 	26 	2314  	3.55535
INFO:gp:275	2317  	0.821472	275	0.859607	0.340279	2317  	0.0723552	45.2147	275	67 	26 	2317  	3.48957
INFO:gp:276	2309  	0.819027	276	0.859607	0.305039	2309  	0.0788019	45.2245	276	60 	20 	2309  	3.41705
INFO:gp:277	2297  	0.818012	277	0.859607	0.338467	2297  	0.0785303	45.1551	277	63 	12 	2297  	3.65533
INFO:gp:278	2338  	0.817316	278	0.859624	0.341214	2338  	0.0800592	44.9919	278	65 	15 	2338  	3.94144
INFO:gp:279	2254  	0.819658	279	0.859624	0.34541 	2254  	0.07678  	45.2946	279	70 	22 	2254  	3.50179
INFO:gp:280	2326  	0.819992	280	0.859678	0.341852	2326  	0.0738846	45.4174	280	89 	26 	2326  	3.38601
INFO:gp:281	2320  	0.820145	281	0.859678	0.304685	2320  	0.0755854	45.2558	281	89 	26 	2320  	3.71405
INFO:gp:282	2274  	0.819162	282	0.859696	0.341928	2274  	0.0795976	45.4272	282	62 	14 	2274  	3.52928
INFO:gp:283	2309  	0.816532	283	0.859715	0.32144 	2309  	0.083268 	45.578 	283	70 	27 	2309  	3.64517
INFO:gp:284	2306  	0.816862	284	0.859715	0.339895	2306  	0.0835668	45.7338	284	89 	22 	2306  	3.90493
INFO:gp:285	2329  	0.817729	285	0.859739	0.339753	2329  	0.0792013	46.0411	285	89 	8  	2329  	3.95753
INFO:gp:286	2344  	0.816231	286	0.859739	0.321239	2344  	0.0797366	46.2603	286	67 	28 	2344  	3.74918
INFO:gp:287	2328  	0.81893 	287	0.859804	0.347246	2328  	0.0771081	46.3503	287	87 	3  	2328  	3.92461
INFO:gp:288	2344  	0.817905	288	0.859804	0.384004	2344  	0.0774338	46.6963	288	70 	22 	2344  	3.90165
INFO:gp:289	2277  	0.822524	289	0.859827	0.339923	2277  	0.0742776	47.059 	289	65 	22 	2277  	3.92427
INFO:gp:290	2291  	0.820103	290	0.859827	0.340403	2291  	0.0757944	47.349 	290	93 	26 	2291  	4.08381
INFO:gp:291	2297  	0.820025	291	0.859891	0.385896	2297  	0.0763384	47.4747	291	91 	30 	2297  	3.56384
INFO:gp:292	2351  	0.81954 	292	0.859891	0.340572	2351  	0.0779219	47.2789	292	64 	28 	2351  	3.65368
INFO:gp:293	2308  	0.818446	293	0.859913	0.321545	2308  	0.0785799	47.1691	293	89 	30 	2308  	3.67573
INFO:gp:294	2363  	0.817326	294	0.860037	0.339101	2363  	0.0779734	47.116 	294	58 	16 	2363  	3.34137
INFO:gp:295	2311  	0.819894	295	0.860037	0.34806 	2311  	0.0771469	47.218 	295	94 	29 	2311  	3.30394
INFO:gp:296	2311  	0.819265	296	0.864135	0.351605	2311  	0.077455 	47.1834	296	91 	16 	2311  	3.34133
INFO:gp:297	2314  	0.820103	297	0.864135	0.339779	2314  	0.0781503	47.1365	297	67 	24 	2314  	3.13099
INFO:gp:298	2333  	0.817731	298	0.864135	0.365886	2333  	0.0819747	47.3242	298	68 	22 	2333  	3.20528
INFO:gp:299	2272  	0.819794	299	0.866512	0.380667	2272  	0.0787428	47.5099	299	93 	27 	2272  	3.33865
INFO:gp:300	2301  	0.819573	300	0.866512	0.340775	2301  	0.0767016	47.6901	300	75 	5  	2301  	3.20274
INFO:gp:301	2326  	0.819822	301	0.866512	0.331083	2326  	0.0775859	47.6129	301	74 	32 	2326  	3.11296
INFO:gp:302	2352  	0.819979	302	0.866735	0.355622	2352  	0.0768977	46.9778	302	87 	17 	2352  	3.6114 
INFO:gp:303	2299  	0.822129	303	0.866735	0.338395	2299  	0.0727   	46.1088	303	92 	5  	2299  	3.55727
INFO:gp:304	2279  	0.821743	304	0.866737	0.373768	2279  	0.0773543	45.8908	304	89 	21 	2279  	2.87371
INFO:gp:305	2306  	0.819386	305	0.866737	0.317647	2306  	0.0833659	46.2111	305	89 	22 	2306  	3.08884
INFO:gp:306	2318  	0.819983	306	0.866853	0.346605	2318  	0.0812835	46.8332	306	92 	33 	2318  	3.01255
INFO:gp:307	2315  	0.821655	307	0.866853	0.341006	2315  	0.079663 	47.1681	307	69 	26 	2315  	2.96406
INFO:gp:308	2310  	0.82051 	308	0.866854	0.335244	2310  	0.0833284	47.3542	308	78 	33 	2310  	2.9112 
INFO:gp:309	2349  	0.820201	309	0.866854	0.341951	2349  	0.085253 	47.3992	309	75 	22 	2349  	2.67752
INFO:gp:310	2327  	0.824546	310	0.866889	0.370158	2327  	0.0785434	47.5243	310	65 	32 	2327  	2.41367
INFO:gp:311	2306  	0.82159 	311	0.866889	0.350994	2306  	0.0836952	47.6667	311	93 	22 	2306  	2.72349
INFO:gp:312	2305  	0.821721	312	0.86689 	0.334068	2305  	0.0827839	47.8987	312	95 	28 	2305  	2.83036
INFO:gp:313	2343  	0.822448	313	0.866892	0.379636	2343  	0.0820847	48.1245	313	68 	29 	2343  	2.63473
INFO:gp:314	2356  	0.825156	314	0.866892	0.328923	2356  	0.0771052	48.1975	314	76 	5  	2356  	2.74947
INFO:gp:315	2331  	0.820901	315	0.866916	0.335114	2331  	0.0812744	48.2473	315	94 	24 	2331  	2.77547
INFO:gp:316	2284  	0.823271	316	0.866916	0.317929	2284  	0.0806759	48.1571	316	61 	21 	2284  	2.42988
INFO:gp:317	2321  	0.818399	317	0.866916	0.34812 	2321  	0.0835895	48.0287	317	70 	28 	2321  	2.47539
INFO:gp:318	2326  	0.821263	318	0.866928	0.335173	2326  	0.0815237	47.7817	318	75 	23 	2326  	2.24456
INFO:gp:319	2313  	0.823235	319	0.866928	0.353473	2313  	0.0819929	47.7429	319	94 	27 	2313  	2.52108
INFO:gp:320	2337  	0.81898 	320	0.86697 	0.353045	2337  	0.0815429	47.6631	320	75 	24 	2337  	2.37901
INFO:gp:321	2389  	0.819757	321	0.86697 	0.340404	2389  	0.0822846	47.6764	321	93 	29 	2389  	2.59117
INFO:gp:322	2336  	0.816182	322	0.86697 	0.317551	2336  	0.0868717	47.6618	322	66 	32 	2336  	2.28122
INFO:gp:323	2306  	0.820522	323	0.86697 	0.335072	2306  	0.0841943	47.6624	323	74 	27 	2306  	2.36505
INFO:gp:324	2340  	0.822997	324	0.867235	0.347741	2340  	0.0808119	47.6175	324	70 	22 	2340  	2.39901
INFO:gp:325	2328  	0.820471	325	0.867235	0.352436	2328  	0.0843111	47.6041	325	75 	30 	2328  	2.43468
INFO:gp:326	2316  	0.822055	326	0.867235	0.342009	2316  	0.0820217	47.6038	326	65 	24 	2316  	2.21831
INFO:gp:327	2311  	0.821975	327	0.871194	0.341001	2311  	0.0807536	47.6585	327	93 	33 	2311  	2.47385
INFO:gp:328	2318  	0.82151 	328	0.871194	0.373643	2318  	0.0847728	47.6559	328	69 	5  	2318  	2.49357
INFO:gp:329	2357  	0.819642	329	0.871281	0.395648	2357  	0.0814058	47.9293	329	93 	26 	2357  	2.79118
INFO:gp:330	2323  	0.822769	330	0.871501	0.42195 	2323  	0.0774543	48.3913	330	99 	35 	2323  	2.98246
INFO:gp:331	2330  	0.821627	331	0.871501	0.353406	2330  	0.0795154	49.0727	331	78 	24 	2330  	3.19053
INFO:gp:332	2347  	0.822491	332	0.871501	0.341911	2347  	0.0819018	49.2007	332	76 	22 	2347  	3.00268
INFO:gp:333	2328  	0.82355 	333	0.871543	0.353119	2328  	0.0802197	48.666 	333	94 	32 	2328  	3.25132
INFO:gp:334	2305  	0.825137	334	0.87211 	0.361531	2305  	0.0810436	48.434 	334	77 	25 	2305  	3.08825
INFO:gp:335	2327  	0.824759	335	0.87211 	0.34813 	2327  	0.081646 	48.8954	335	91 	24 	2327  	3.26646
INFO:gp:336	2322  	0.827472	336	0.87211 	0.340729	2322  	0.080848 	49.752 	336	71 	30 	2322  	2.86405
INFO:gp:337	2333  	0.827226	337	0.87211 	0.339878	2333  	0.0793826	50.1567	337	68 	33 	2333  	2.67969
INFO:gp:338	2334  	0.823426	338	0.87211 	0.335744	2334  	0.0860357	50.3679	338	77 	27 	2334  	2.67701
INFO:gp:339	2325  	0.82664 	339	0.87211 	0.347364	2325  	0.0830468	50.4018	339	73 	26 	2325  	2.62539
INFO:gp:340	2347  	0.82684 	340	0.876447	0.33893 	2347  	0.0817886	50.3513	340	99 	4  	2347  	2.80328
INFO:gp:341	2332  	0.827874	341	0.876503	0.370494	2332  	0.0800349	50.2809	341	73 	38 	2332  	2.73411
INFO:gp:342	2359  	0.826078	342	0.876503	0.340739	2359  	0.0832895	50.2838	342	78 	32 	2359  	2.80644
INFO:gp:343	2314  	0.827229	343	0.876503	0.339434	2314  	0.0811779	50.3154	343	77 	27 	2314  	2.82247
INFO:gp:344	2326  	0.828865	344	0.876503	0.335138	2326  	0.0820117	50.2636	344	65 	26 	2326  	2.79072
INFO:gp:345	2326  	0.828446	345	0.876504	0.352939	2326  	0.0831035	50.2623	345	64 	31 	2326  	2.73697
INFO:gp:346	2295  	0.831105	346	0.876604	0.34308 	2295  	0.0822712	50.3086	346	70 	36 	2295  	2.69019
INFO:gp:347	2339  	0.83037 	347	0.876604	0.317737	2339  	0.0843824	50.4102	347	73 	32 	2339  	2.43685
INFO:gp:348	2305  	0.832788	348	0.876604	0.340488	2305  	0.081799 	50.4177	348	65 	39 	2305  	2.35304
INFO:gp:349	2318  	0.828337	349	0.876669	0.335731	2318  	0.0857648	50.5152	349	78 	13 	2318  	2.32266
INFO:gp:350	2312  	0.832945	350	0.876669	0.360092	2312  	0.0810092	50.5295	350	83 	30 	2312  	2.25129
INFO:gp:351	2344  	0.829064	351	0.876669	0.335844	2344  	0.0850855	50.5689	351	73 	37 	2344  	2.24622
INFO:gp:352	2300  	0.831289	352	0.876673	0.347651	2300  	0.0845818	50.5253	352	70 	39 	2300  	2.04218
INFO:gp:353	2296  	0.828829	353	0.876711	0.33712 	2296  	0.0841857	50.608 	353	99 	29 	2296  	2.30979
INFO:gp:354	2310  	0.83159 	354	0.876711	0.343996	2310  	0.0838877	50.5559	354	99 	23 	2310  	2.31937
INFO:gp:355	2289  	0.831214	355	0.876711	0.352178	2289  	0.0823328	50.5683	355	78 	30 	2289  	2.10362
INFO:gp:356	2356  	0.831357	356	0.876711	0.388615	2356  	0.0805843	50.6201	356	99 	32 	2356  	2.2755 
INFO:gp:357	2345  	0.834125	357	0.876711	0.32107 	2345  	0.0813737	50.6093	357	99 	29 	2345  	2.10777
INFO:gp:358	2280  	0.83142 	358	0.876711	0.307605	2280  	0.08042  	50.7041	358	87 	32 	2280  	2.10194
INFO:gp:359	2301  	0.831439	359	0.876711	0.373577	2301  	0.0831645	50.6461	359	73 	32 	2301  	1.97159
INFO:gp:360	2344  	0.83141 	360	0.87672 	0.348454	2344  	0.0833493	50.5823	360	70 	23 	2344  	1.93361
INFO:gp:361	2278  	0.833957	361	0.87672 	0.340777	2278  	0.0826487	50.6458	361	87 	29 	2278  	1.92461
INFO:gp:362	2331  	0.829738	362	0.87672 	0.335321	2331  	0.0869455	50.6103	362	87 	27 	2331  	2.12419
INFO:gp:363	2335  	0.832332	363	0.87672 	0.335553	2335  	0.0821273	50.6357	363	70 	32 	2335  	1.89688
INFO:gp:364	2371  	0.83347 	364	0.87672 	0.340845	2371  	0.0793809	50.6634	364	86 	34 	2371  	1.91879
INFO:gp:365	2341  	0.830916	365	0.87672 	0.386482	2341  	0.0829514	50.6562	365	73 	34 	2341  	1.92396
INFO:gp:366	2299  	0.831795	366	0.87672 	0.406122	2299  	0.0840412	50.665 	366	99 	27 	2299  	2.08046
INFO:gp:367	2345  	0.832029	367	0.87672 	0.340804	2345  	0.0806298	50.7322	367	78 	23 	2345  	1.91152
INFO:gp:368	2340  	0.831493	368	0.876722	0.403547	2340  	0.0799548	50.7775	368	99 	37 	2340  	2.02984
INFO:gp:369	2319  	0.83226 	369	0.876722	0.336427	2319  	0.0823239	50.8244	369	78 	42 	2319  	1.36883
INFO:gp:370	2275  	0.832078	370	0.876722	0.333881	2275  	0.0840607	50.8527	370	73 	23 	2275  	1.74689
INFO:gp:371	2339  	0.834993	371	0.876722	0.342398	2339  	0.0782549	50.8618	371	93 	35 	2339  	1.72417
INFO:gp:372	2315  	0.832676	372	0.876722	0.345611	2315  	0.0832911	50.8452	372	99 	24 	2315  	2.17509
INFO:gp:373	2318  	0.83454 	373	0.876733	0.341792	2318  	0.0794753	50.8244	373	99 	37 	2318  	1.90473
INFO:gp:374	2298  	0.832201	374	0.87678 	0.345505	2298  	0.0817611	50.8341	374	92 	42 	2298  	1.60487
INFO:gp:375	2328  	0.831838	375	0.87678 	0.372559	2328  	0.0821452	50.8006	375	73 	29 	2328  	1.48392
INFO:gp:376	2333  	0.831949	376	0.87678 	0.341119	2333  	0.0816643	50.7429	376	70 	6  	2333  	1.77104
INFO:gp:377	2307  	0.832332	377	0.87678 	0.363206	2307  	0.0790849	50.7915	377	99 	39 	2307  	1.64992
INFO:gp:378	2308  	0.831968	378	0.87683 	0.333344	2308  	0.0812104	50.7856	378	99 	31 	2308  	1.7936 
INFO:gp:379	2335  	0.832199	379	0.881262	0.340846	2335  	0.0826227	50.8058	379	91 	25 	2335  	1.85638
INFO:gp:380	2331  	0.833284	380	0.881262	0.389188	2331  	0.0804612	50.8192	380	78 	24 	2331  	1.53812
INFO:gp:381	2277  	0.832743	381	0.881262	0.35743 	2277  	0.0823038	50.8508	381	92 	33 	2277  	1.69311
INFO:gp:382	2295  	0.83187 	382	0.881262	0.370634	2295  	0.0841856	50.8257	382	70 	31 	2295  	1.54415
INFO:gp:383	2322  	0.833409	383	0.881262	0.340905	2322  	0.0826384	50.8302	383	90 	38 	2322  	1.48024
INFO:gp:384	2337  	0.831808	384	0.881262	0.336647	2337  	0.0838881	50.8521	384	99 	39 	2337  	2.02966
INFO:gp:385	2272  	0.837461	385	0.881262	0.349606	2272  	0.079203 	50.8387	385	78 	26 	2272  	1.93854
INFO:gp:386	2315  	0.83631 	386	0.881262	0.383803	2315  	0.0823459	50.8553	386	93 	37 	2315  	1.92747
INFO:gp:387	2341  	0.833682	387	0.881262	0.348434	2341  	0.0861024	50.7882	387	78 	34 	2341  	1.75868
INFO:gp:388	2314  	0.838786	388	0.881262	0.333001	2314  	0.0810903	50.8192	388	65 	36 	2314  	1.58917
INFO:gp:389	2328  	0.834902	389	0.881262	0.357132	2328  	0.0833556	50.8697	389	91 	41 	2328  	1.78895
INFO:gp:390	2335  	0.836944	390	0.881262	0.40391 	2335  	0.0804812	50.8208	390	73 	39 	2335  	1.69885
INFO:gp:391	2331  	0.835752	391	0.881262	0.340769	2331  	0.0831769	50.8019	391	73 	34 	2331  	1.64031
INFO:gp:392	2317  	0.838098	392	0.881262	0.335771	2317  	0.0820979	50.8358	392	73 	25 	2317  	1.71202
INFO:gp:393	2332  	0.836916	393	0.881262	0.334323	2332  	0.0824321	50.8426	393	93 	33 	2332  	1.63189
INFO:gp:394	2320  	0.836962	394	0.881262	0.330612	2320  	0.0826252	50.8798	394	78 	34 	2320  	1.63046
INFO:gp:395	2291  	0.835537	395	0.881262	0.346092	2291  	0.0838933	50.8863	395	94 	33 	2291  	1.91284
INFO:gp:396	2289  	0.835345	396	0.881262	0.317349	2289  	0.0850016	50.825 	396	99 	5  	2289  	2.13224
INFO:gp:397	2295  	0.836331	397	0.881262	0.322156	2295  	0.0838635	50.7876	397	71 	30 	2295  	1.44718
INFO:gp:398	2295  	0.834553	398	0.881262	0.340719	2295  	0.0869627	50.8589	398	79 	25 	2295  	1.97524
INFO:gp:399	2314  	0.837697	399	0.881262	0.339607	2314  	0.0799129	50.8433	399	78 	28 	2314  	1.83461
INFO:gp:400	2337  	0.837949	400	0.881262	0.349703	2337  	0.0802193	50.8941	400	99 	38 	2337  	1.85043
INFO:__main__:Saving model to file: checkpoints/run_6.pth
INFO:util:Train accuracy: 0.9618293080180558 +- 0.02062683233282142
INFO:util:Val accuracy: 0.9618293080180558 +- 0.02062683233282142
INFO:util:Test accuracy: 0.8740740740740741 +- 0.0
INFO:util:Train intra-class: 0.08461272042926299, Train Inter-class: 0.20260322535454053
INFO:util:Val intra-class: 0.09831338278281894, Val Inter-class: 0.14050930060183944
INFO:util:Test intra-class: 0.11094726180760515, Test inter-class: 0.1648148635680532
INFO:plot:Saving t-SNE to file: figures/tsne.png
INFO:plot:Saving t-SNE to file: figures/tsne.png
INFO:plot:Saving tree to file: figures/tree-0.pdf
INFO:plot:Saving tree to file: figures/tree-1.pdf
INFO:plot:Saving tree to file: figures/tree-2.pdf
