INFO:data:Reading dataset fish: cross-species
INFO:data:Class Counts: [45 60 48], Class Ratios: [0.29411765 0.39215686 0.31372549]
INFO:data:Number of features: 1023
Number of instances: 153
Number of classes 3.
INFO:__main__:No model found. Train from scratch.
INFO:gp:   	      	                                 fitness                                 	                      size                     
   	      	-------------------------------------------------------------------------	-----------------------------------------------
gen	nevals	avg     	gen	max     	min     	nevals	std      	avg    	gen	max	min	nevals	std    
0  	3069  	0.367443	0  	0.505423	0.254148	3069  	0.0379464	4.50277	0  	7  	2  	3069  	1.38761
INFO:gp:1  	2290  	0.411635	1  	0.514832	0.262975	2290  	0.0346506	4.54154	1  	12 	2  	2290  	1.42545
INFO:gp:2  	2340  	0.44242 	2  	0.514832	0.286006	2340  	0.0380911	4.53372	2  	11 	2  	2340  	1.52355
INFO:gp:3  	2312  	0.462132	3  	0.518849	0.269119	2312  	0.0422759	4.65168	3  	12 	2  	2312  	1.64993
INFO:gp:4  	2362  	0.470366	4  	0.53639 	0.277383	2362  	0.0464246	4.46693	4  	14 	2  	2362  	1.64907
INFO:gp:5  	2357  	0.473137	5  	0.53639 	0.277384	2357  	0.0483805	4.68817	5  	14 	2  	2357  	1.63065
INFO:gp:6  	2320  	0.476978	6  	0.550999	0.277384	2320  	0.0496207	5.46595	6  	14 	2  	2320  	1.5325 
INFO:gp:7  	2299  	0.483988	7  	0.550999	0.277429	2299  	0.0498671	5.62203	7  	14 	2  	2299  	1.38765
INFO:gp:8  	2320  	0.491062	8  	0.550999	0.24714 	2320  	0.0502497	5.64875	8  	14 	2  	2320  	1.31628
INFO:gp:9  	2349  	0.495993	9  	0.550999	0.275472	2349  	0.0508006	5.73118	9  	14 	2  	2349  	1.2583 
INFO:gp:10 	2316  	0.502735	10 	0.559099	0.312174	2316  	0.0497837	6.02867	10 	21 	2  	2316  	1.4336 
INFO:gp:11 	2302  	0.506312	11 	0.559099	0.329244	2302  	0.0529504	6.40404	11 	17 	2  	2302  	1.46057
INFO:gp:12 	2330  	0.510963	12 	0.559099	0.31403 	2330  	0.0526605	6.42392	12 	17 	3  	2330  	1.2799 
INFO:gp:13 	2320  	0.514669	13 	0.559613	0.330532	2320  	0.052155 	6.60802	13 	17 	2  	2320  	1.30061
INFO:gp:14 	2313  	0.516994	14 	0.560725	0.339417	2313  	0.0521615	7.17498	14 	17 	2  	2313  	1.42923
INFO:gp:15 	2347  	0.517398	15 	0.563153	0.321741	2347  	0.053922 	7.86706	15 	17 	2  	2347  	1.3355 
INFO:gp:16 	2371  	0.520401	16 	0.563656	0.321741	2371  	0.0541066	8.14695	16 	17 	3  	2371  	1.30527
INFO:gp:17 	2380  	0.517871	17 	0.563656	0.321484	2380  	0.0550359	8.47149	17 	17 	3  	2380  	1.44777
INFO:gp:18 	2299  	0.52061 	18 	0.563656	0.321728	2299  	0.0554678	8.91365	18 	15 	2  	2299  	1.50443
INFO:gp:19 	2330  	0.51796 	19 	0.572555	0.313044	2330  	0.0573872	9.14402	19 	17 	3  	2330  	1.52447
INFO:gp:20 	2298  	0.521654	20 	0.572555	0.319552	2298  	0.0566326	9.50375	20 	16 	3  	2298  	1.70935
INFO:gp:21 	2326  	0.52098 	21 	0.572555	0.321728	2326  	0.0579675	10.2988	21 	17 	3  	2326  	1.97302
INFO:gp:22 	2306  	0.525045	22 	0.572555	0.317808	2306  	0.056886 	11.3607	22 	19 	3  	2306  	1.78017
INFO:gp:23 	2297  	0.524056	23 	0.572555	0.32682 	2297  	0.0575447	11.9097	23 	21 	3  	2297  	1.76845
INFO:gp:24 	2289  	0.525352	24 	0.57257 	0.32682 	2289  	0.0583519	12.4242	24 	19 	3  	2289  	1.81497
INFO:gp:25 	2319  	0.528441	25 	0.57257 	0.313768	2319  	0.0585317	12.754 	25 	18 	3  	2319  	1.78525
INFO:gp:26 	2335  	0.527942	26 	0.57257 	0.314678	2335  	0.0590041	12.7061	26 	20 	3  	2335  	1.65331
INFO:gp:27 	2360  	0.527186	27 	0.572579	0.314683	2360  	0.0595563	12.6856	27 	19 	3  	2360  	1.70824
INFO:gp:28 	2280  	0.528791	28 	0.572579	0.314683	2280  	0.0586511	13.0916	28 	20 	3  	2280  	1.92184
INFO:gp:29 	2326  	0.529933	29 	0.572579	0.312474	2326  	0.057775 	14.0186	29 	20 	2  	2326  	2.21078
INFO:gp:30 	2334  	0.53388 	30 	0.572581	0.321706	2334  	0.0575533	15.0381	30 	20 	3  	2334  	1.87057
INFO:gp:31 	2332  	0.532908	31 	0.572581	0.314695	2332  	0.0581254	15.3688	31 	20 	2  	2332  	1.58587
INFO:gp:32 	2302  	0.532292	32 	0.572585	0.313845	2302  	0.057902 	15.4503	32 	20 	3  	2302  	1.50308
INFO:gp:33 	2294  	0.532838	33 	0.572585	0.314694	2294  	0.0576082	15.522 	33 	19 	4  	2294  	1.40957
INFO:gp:34 	2319  	0.534216	34 	0.572588	0.314694	2319  	0.0566569	15.5982	34 	19 	4  	2319  	1.34884
INFO:gp:35 	2299  	0.535244	35 	0.572591	0.321716	2299  	0.0553998	15.6136	35 	23 	5  	2299  	1.28931
INFO:gp:36 	2370  	0.532395	36 	0.572592	0.314813	2370  	0.0575879	15.6439	36 	23 	4  	2370  	1.30264
INFO:gp:37 	2292  	0.536079	37 	0.577185	0.314702	2292  	0.0562168	15.7742	37 	23 	7  	2292  	1.25562
INFO:gp:38 	2238  	0.536868	38 	0.577192	0.332898	2238  	0.0556772	16.0349	38 	27 	7  	2238  	1.62832
INFO:gp:39 	2337  	0.536033	39 	0.577194	0.32171 	2337  	0.0560885	16.5243	39 	31 	3  	2337  	2.14264
INFO:gp:40 	2338  	0.53694 	40 	0.577198	0.324672	2338  	0.0564612	16.941 	40 	31 	3  	2338  	2.62816
INFO:gp:41 	2300  	0.537381	41 	0.577198	0.296525	2300  	0.0555835	17.2007	41 	36 	4  	2300  	3.10836
INFO:gp:42 	2302  	0.536441	42 	0.577202	0.314702	2302  	0.0575685	17.2981	42 	41 	3  	2302  	3.34934
INFO:gp:43 	2340  	0.538874	43 	0.577208	0.314702	2340  	0.0560192	17.9192	43 	41 	11 	2340  	3.62955
INFO:gp:44 	2331  	0.53926 	44 	0.577214	0.313814	2331  	0.0559051	19.3607	44 	41 	10 	2331  	4.0611 
INFO:gp:45 	2343  	0.541024	45 	0.577214	0.34737 	2343  	0.0543316	20.5702	45 	41 	8  	2343  	3.77038
INFO:gp:46 	2340  	0.537118	46 	0.577221	0.314702	2340  	0.0574222	21.2473	46 	41 	12 	2340  	3.55542
INFO:gp:47 	2331  	0.539224	47 	0.577221	0.314702	2331  	0.0560359	22.364 	47 	41 	11 	2331  	3.66104
INFO:gp:48 	2309  	0.542177	48 	0.577221	0.293974	2309  	0.0544007	23.9039	48 	37 	10 	2309  	3.55347
INFO:gp:49 	2316  	0.541262	49 	0.577234	0.31504 	2316  	0.0547731	24.8012	49 	41 	11 	2316  	3.23273
INFO:gp:50 	2322  	0.539104	50 	0.577234	0.314702	2322  	0.0559775	25.0065	50 	48 	8  	2322  	3.31116
INFO:gp:51 	2300  	0.540374	51 	0.577238	0.331485	2300  	0.0549965	25.5608	51 	46 	7  	2300  	3.33909
INFO:gp:52 	2308  	0.541237	52 	0.577239	0.33968 	2308  	0.0547306	26.7168	52 	46 	10 	2308  	3.3177 
INFO:gp:53 	2357  	0.539712	53 	0.577248	0.301295	2357  	0.0549564	27.8162	53 	46 	12 	2357  	3.36003
INFO:gp:54 	2338  	0.543428	54 	0.577248	0.314702	2338  	0.0530374	28.768 	54 	47 	11 	2338  	3.74169
INFO:gp:55 	2325  	0.539872	55 	0.577249	0.325941	2325  	0.0553901	30.1352	55 	47 	10 	2325  	3.66186
INFO:gp:56 	2336  	0.542895	56 	0.577249	0.322357	2336  	0.0533763	31.2265	56 	47 	11 	2336  	3.90735
INFO:gp:57 	2314  	0.540769	57 	0.581518	0.329303	2314  	0.054549 	32.6201	57 	53 	9  	2314  	4.27885
INFO:gp:58 	2265  	0.543631	58 	0.581518	0.314704	2265  	0.0531926	34.1887	58 	53 	8  	2265  	4.96628
INFO:gp:59 	2319  	0.543958	59 	0.581518	0.324506	2319  	0.0523425	36.2173	59 	53 	11 	2319  	5.32716
INFO:gp:60 	2312  	0.541358	60 	0.581526	0.318879	2312  	0.0550698	37.1877	60 	53 	12 	2312  	4.9118 
INFO:gp:61 	2357  	0.541662	61 	0.581534	0.314702	2357  	0.0546853	36.4741	61 	53 	12 	2357  	4.42162
INFO:gp:62 	2310  	0.544063	62 	0.581534	0.314704	2310  	0.0544126	35.3307	62 	53 	11 	2310  	4.23362
INFO:gp:63 	2353  	0.5448  	63 	0.581534	0.345333	2353  	0.0540947	34.6279	63 	48 	9  	2353  	3.84538
INFO:gp:64 	2352  	0.545677	64 	0.581534	0.318513	2352  	0.0537757	34.4536	64 	48 	11 	2352  	3.77679
INFO:gp:65 	2328  	0.543591	65 	0.581535	0.30288 	2328  	0.0550622	34.5217	65 	48 	8  	2328  	3.94363
INFO:gp:66 	2296  	0.545511	66 	0.581535	0.340236	2296  	0.0548007	35.015 	66 	48 	13 	2296  	4.10443
INFO:gp:67 	2351  	0.544068	67 	0.581535	0.325991	2351  	0.0548449	36.2232	67 	54 	12 	2351  	4.12552
INFO:gp:68 	2347  	0.54663 	68 	0.581535	0.340267	2347  	0.0531852	37.566 	68 	49 	14 	2347  	4.31943
INFO:gp:69 	2314  	0.543401	69 	0.581535	0.325999	2314  	0.0562684	38.5288	69 	48 	15 	2314  	3.69868
INFO:gp:70 	2329  	0.54449 	70 	0.581535	0.320184	2329  	0.0556717	38.4298	70 	50 	12 	2329  	3.9472 
INFO:gp:71 	2321  	0.545403	71 	0.581535	0.335295	2321  	0.054606 	38.1988	71 	49 	11 	2321  	3.8237 
INFO:gp:72 	2333  	0.544811	72 	0.581542	0.320184	2333  	0.0544796	37.957 	72 	53 	15 	2333  	3.94258
INFO:gp:73 	2324  	0.546062	73 	0.581542	0.314704	2324  	0.0545342	37.882 	73 	48 	13 	2324  	3.94881
INFO:gp:74 	2297  	0.545038	74 	0.581542	0.311775	2297  	0.054994 	38.1206	74 	53 	10 	2297  	3.57954
INFO:gp:75 	2317  	0.544241	75 	0.581542	0.339681	2317  	0.0556772	38.1326	75 	48 	8  	2317  	3.96042
INFO:gp:76 	2325  	0.545447	76 	0.581542	0.356008	2325  	0.0542668	38.5031	76 	49 	12 	2325  	4.13755
INFO:gp:77 	2348  	0.542324	77 	0.581542	0.314704	2348  	0.0565852	39.5881	77 	49 	10 	2348  	4.40916
INFO:gp:78 	2298  	0.546963	78 	0.581542	0.309121	2298  	0.0537253	40.8739	78 	54 	13 	2298  	4.84003
INFO:gp:79 	2286  	0.545944	79 	0.581542	0.342277	2286  	0.0548005	42.0114	79 	52 	7  	2286  	4.77764
INFO:gp:80 	2318  	0.544467	80 	0.581542	0.314704	2318  	0.0553109	42.305 	80 	54 	8  	2318  	4.71855
INFO:gp:81 	2343  	0.546423	81 	0.581543	0.302891	2343  	0.0539964	42.2695	81 	56 	12 	2343  	4.91532
INFO:gp:82 	2304  	0.544789	82 	0.581543	0.322245	2304  	0.0562599	42.4438	82 	53 	10 	2304  	4.43091
INFO:gp:83 	2343  	0.543839	83 	0.581543	0.336204	2343  	0.0557488	42.4744	83 	50 	6  	2343  	4.55956
INFO:gp:84 	2280  	0.546039	84 	0.581543	0.35219 	2280  	0.0539094	42.5266	84 	53 	8  	2280  	4.48295
INFO:gp:85 	2330  	0.542365	85 	0.581543	0.341651	2330  	0.0561235	42.4966	85 	54 	15 	2330  	4.45429
INFO:gp:86 	2373  	0.544314	86 	0.581543	0.314704	2373  	0.0556365	42.5572	86 	56 	12 	2373  	4.41395
INFO:gp:87 	2337  	0.543342	87 	0.581543	0.331512	2337  	0.0557149	42.6321	87 	50 	11 	2337  	4.15995
INFO:gp:88 	2277  	0.545262	88 	0.581543	0.328219	2277  	0.0553053	42.491 	88 	54 	11 	2277  	4.38402
INFO:gp:89 	2365  	0.544002	89 	0.581543	0.338901	2365  	0.055245 	42.5556	89 	52 	15 	2365  	4.44435
INFO:gp:90 	2321  	0.543764	90 	0.581546	0.321722	2321  	0.0547905	42.5865	90 	54 	15 	2321  	4.33391
INFO:gp:91 	2298  	0.544762	91 	0.581546	0.357968	2298  	0.0548977	42.5894	91 	51 	3  	2298  	4.4219 
INFO:gp:92 	2310  	0.545065	92 	0.581546	0.354886	2310  	0.0549308	42.7201	92 	56 	12 	2310  	4.24581
INFO:gp:93 	2263  	0.544807	93 	0.581546	0.321722	2263  	0.0550087	42.7621	93 	54 	12 	2263  	4.38704
INFO:gp:94 	2355  	0.546082	94 	0.581546	0.321722	2355  	0.0541035	42.8195	94 	51 	10 	2355  	4.37967
INFO:gp:95 	2359  	0.542963	95 	0.581546	0.339682	2359  	0.0556914	43.0821	95 	52 	14 	2359  	4.2867 
INFO:gp:96 	2326  	0.546719	96 	0.581546	0.321722	2326  	0.0539383	43.4699	96 	56 	15 	2326  	4.75679
INFO:gp:97 	2334  	0.54407 	97 	0.58155 	0.321722	2334  	0.0556164	44.6647	97 	56 	9  	2334  	4.92743
INFO:gp:98 	2295  	0.545057	98 	0.58155 	0.336811	2295  	0.055389 	45.7833	98 	60 	13 	2295  	4.91561
INFO:gp:99 	2351  	0.544449	99 	0.58155 	0.321722	2351  	0.0553317	46.1196	99 	54 	15 	2351  	5.1529 
INFO:gp:100	2323  	0.545257	100	0.58155 	0.331515	2323  	0.0545609	46.3236	100	56 	9  	2323  	5.39202
INFO:gp:101	2356  	0.546643	101	0.58155 	0.316599	2356  	0.0540119	46.856 	101	57 	12 	2356  	5.53281
INFO:gp:102	2304  	0.546577	102	0.58155 	0.334322	2304  	0.0542916	47.8869	102	60 	13 	2304  	5.27243
INFO:gp:103	2298  	0.547636	103	0.58155 	0.3341  	2298  	0.0533172	49.2313	103	60 	15 	2298  	5.1872 
INFO:gp:104	2292  	0.543154	104	0.58155 	0.339682	2292  	0.0559396	49.841 	104	60 	11 	2292  	5.37352
INFO:gp:105	2284  	0.544697	105	0.58155 	0.321722	2284  	0.0557756	49.9928	105	60 	15 	2284  	5.46692
INFO:gp:106	2268  	0.546135	106	0.58155 	0.338803	2268  	0.0553391	50.0166	106	58 	11 	2268  	5.55104
INFO:gp:107	2315  	0.545572	107	0.581551	0.323951	2315  	0.0545409	50.0218	107	60 	3  	2315  	5.51852
INFO:gp:108	2296  	0.546435	108	0.581551	0.357975	2296  	0.0543972	49.9697	108	57 	13 	2296  	5.64977
INFO:gp:109	2338  	0.546002	109	0.581551	0.365133	2338  	0.053931 	50.1398	109	58 	9  	2338  	5.44288
INFO:gp:110	2339  	0.545954	110	0.581551	0.325955	2339  	0.0548631	50.2229	110	59 	14 	2339  	5.40891
INFO:gp:111	2339  	0.544541	111	0.581551	0.334192	2339  	0.0554006	50.5226	111	71 	13 	2339  	5.21601
INFO:gp:112	2319  	0.546195	112	0.581551	0.321722	2319  	0.05498  	50.7354	112	61 	12 	2319  	5.7381 
INFO:gp:113	2370  	0.545548	113	0.581551	0.349589	2370  	0.05521  	51.666 	113	63 	10 	2370  	6.05817
INFO:gp:114	2319  	0.545468	114	0.581551	0.321722	2319  	0.0554997	53.0404	114	64 	11 	2319  	6.0987 
INFO:gp:115	2285  	0.544315	115	0.581551	0.324517	2285  	0.0565906	54.4138	115	67 	15 	2285  	5.87822
INFO:gp:116	2330  	0.546169	116	0.581551	0.340341	2330  	0.0549266	55.6018	116	67 	11 	2330  	6.42412
INFO:gp:117	2367  	0.545719	117	0.581551	0.321722	2367  	0.0551575	56.5722	117	65 	12 	2367  	6.07087
INFO:gp:118	2303  	0.545401	118	0.581551	0.320703	2303  	0.0559203	56.753 	118	67 	13 	2303  	6.08811
INFO:gp:119	2380  	0.545101	119	0.581551	0.321722	2380  	0.0561908	56.8648	119	75 	9  	2380  	5.81508
INFO:gp:120	2351  	0.545131	120	0.581551	0.327065	2351  	0.0565806	56.8231	120	74 	3  	2351  	6.08747
INFO:gp:121	2282  	0.546976	121	0.581551	0.327217	2282  	0.0552208	56.9159	121	65 	11 	2282  	5.77351
INFO:gp:122	2270  	0.545545	122	0.581551	0.333624	2270  	0.0556305	57.0577	122	74 	15 	2270  	5.68325
INFO:gp:123	2300  	0.544721	123	0.581551	0.320809	2300  	0.0560693	56.8677	123	74 	14 	2300  	6.25082
INFO:gp:124	2293  	0.544256	124	0.581551	0.319019	2293  	0.0561656	56.9687	124	65 	15 	2293  	5.84064
INFO:gp:125	2284  	0.546811	125	0.581551	0.318423	2284  	0.0554636	57.0026	125	67 	10 	2284  	5.55168
INFO:gp:126	2347  	0.544752	126	0.581551	0.321722	2347  	0.0556971	56.9853	126	74 	14 	2347  	5.72084
INFO:gp:127	2322  	0.544131	127	0.581551	0.325977	2322  	0.0566538	56.8957	127	65 	15 	2322  	5.82197
INFO:gp:128	2322  	0.546351	128	0.581551	0.325938	2322  	0.0552858	56.9589	128	67 	15 	2322  	5.7951 
INFO:gp:129	2334  	0.544554	129	0.581551	0.325887	2334  	0.0567028	56.9821	129	76 	13 	2334  	5.99321
INFO:gp:130	2355  	0.543602	130	0.581551	0.326082	2355  	0.0563055	57.1235	130	65 	15 	2355  	5.45739
INFO:gp:131	2328  	0.544641	131	0.581551	0.325999	2328  	0.0567664	56.9632	131	74 	15 	2328  	5.99731
INFO:gp:132	2316  	0.545608	132	0.581551	0.319617	2316  	0.0556472	56.9326	132	69 	13 	2316  	5.77071
INFO:gp:133	2353  	0.54498 	133	0.581551	0.332823	2353  	0.0560438	56.9889	133	74 	15 	2353  	5.79   
INFO:gp:134	2301  	0.548823	134	0.581551	0.349522	2301  	0.0531715	56.9625	134	66 	10 	2301  	5.76109
INFO:gp:135	2330  	0.54413 	135	0.581551	0.349522	2330  	0.0565412	57.173 	135	65 	13 	2330  	5.59055
INFO:gp:136	2367  	0.543756	136	0.581551	0.314335	2367  	0.0565134	57.1789	136	69 	12 	2367  	5.62024
INFO:gp:137	2267  	0.54495 	137	0.581551	0.321722	2267  	0.0557544	57.2401	137	74 	9  	2267  	5.42702
INFO:gp:138	2333  	0.546146	138	0.581551	0.346005	2333  	0.0551272	57.3643	138	70 	14 	2333  	4.98576
INFO:gp:139	2305  	0.546401	139	0.581551	0.34694 	2305  	0.055229 	57.2815	139	65 	10 	2305  	5.39942
INFO:gp:140	2336  	0.543598	140	0.581551	0.320809	2336  	0.0567125	57.3799	140	67 	15 	2336  	5.32346
INFO:gp:141	2345  	0.54477 	141	0.581551	0.340237	2345  	0.0555989	57.1831	141	65 	4  	2345  	5.66259
INFO:gp:142	2298  	0.545626	142	0.581551	0.334322	2298  	0.0557884	57.334 	142	67 	14 	2298  	5.56834
INFO:gp:143	2332  	0.544127	143	0.581551	0.318935	2332  	0.0567436	57.2942	143	74 	6  	2332  	5.84048
INFO:gp:144	2280  	0.545783	144	0.581551	0.321722	2280  	0.0564296	57.3226	144	65 	4  	2280  	5.67826
INFO:gp:145	2344  	0.544619	145	0.581551	0.327917	2344  	0.0561494	57.4803	145	69 	10 	2344  	5.49552
INFO:gp:146	2289  	0.546859	146	0.581551	0.333101	2289  	0.0542314	57.5083	146	67 	15 	2289  	5.28408
INFO:gp:147	2278  	0.544695	147	0.581551	0.351849	2278  	0.0567477	57.6145	147	69 	10 	2278  	5.16022
INFO:gp:148	2355  	0.54414 	148	0.581551	0.310124	2355  	0.0571734	57.711 	148	74 	15 	2355  	4.8766 
INFO:gp:149	2307  	0.54532 	149	0.581551	0.332844	2307  	0.056113 	57.6031	149	74 	13 	2307  	5.36454
INFO:gp:150	2307  	0.544133	150	0.581551	0.321722	2307  	0.0578029	57.5715	150	67 	10 	2307  	5.53685
INFO:gp:151	2306  	0.54198 	151	0.581551	0.327217	2306  	0.058332 	57.5341	151	67 	15 	2306  	5.69365
INFO:gp:152	2319  	0.543392	152	0.581551	0.309882	2319  	0.0578327	57.7964	152	73 	8  	2319  	5.19969
INFO:gp:153	2308  	0.544792	153	0.581551	0.333578	2308  	0.0563571	57.7885	153	67 	14 	2308  	5.24244
INFO:gp:154	2345  	0.543368	154	0.581551	0.3399  	2345  	0.0577887	57.9498	154	67 	15 	2345  	4.94763
INFO:gp:155	2300  	0.543696	155	0.581551	0.332399	2300  	0.0572558	58.0332	155	76 	11 	2300  	5.16475
INFO:gp:156	2382  	0.543665	156	0.581551	0.327217	2382  	0.0568889	57.9345	156	76 	9  	2382  	5.27392
INFO:gp:157	2361  	0.54546 	157	0.581551	0.321722	2361  	0.057312 	58.1746	157	71 	9  	2361  	5.1523 
INFO:gp:158	2306  	0.545551	158	0.581551	0.325939	2306  	0.0562407	58.245 	158	68 	11 	2306  	5.44871
INFO:gp:159	2324  	0.543939	159	0.581551	0.325991	2324  	0.057278 	58.4474	159	70 	5  	2324  	5.21692
INFO:gp:160	2331  	0.545525	160	0.581551	0.307813	2331  	0.0568075	58.6742	160	68 	12 	2331  	4.9973 
INFO:gp:161	2311  	0.547269	161	0.581551	0.314335	2311  	0.0565718	58.5839	161	74 	15 	2311  	5.18701
INFO:gp:162	2326  	0.545587	162	0.581551	0.328928	2326  	0.056817 	58.7543	162	69 	15 	2326  	4.72843
INFO:gp:163	2271  	0.547852	163	0.581551	0.338094	2271  	0.0552457	58.8003	163	74 	14 	2271  	5.34385
INFO:gp:164	2268  	0.546465	164	0.581551	0.332225	2268  	0.0562116	58.81  	164	71 	15 	2268  	5.22034
INFO:gp:165	2306  	0.546206	165	0.581551	0.327199	2306  	0.0567736	58.7889	165	74 	15 	2306  	5.21956
INFO:gp:166	2306  	0.547745	166	0.581551	0.342776	2306  	0.0558481	58.8117	166	70 	13 	2306  	4.93619
INFO:gp:167	2305  	0.545888	167	0.581551	0.314335	2305  	0.0566842	58.8345	167	74 	11 	2305  	5.47877
INFO:gp:168	2338  	0.545395	168	0.581551	0.311567	2338  	0.0571031	58.9371	168	74 	3  	2338  	4.78474
INFO:gp:169	2291  	0.548542	169	0.581551	0.333058	2291  	0.0544877	58.6536	169	71 	15 	2291  	5.57191
INFO:gp:170	2323  	0.54946 	170	0.581551	0.314335	2323  	0.0542943	58.912 	170	68 	15 	2323  	5.02059
INFO:gp:171	2331  	0.545867	171	0.581551	0.321722	2331  	0.0571081	58.7895	171	74 	13 	2331  	5.19543
INFO:gp:172	2287  	0.547485	172	0.581551	0.346547	2287  	0.05571  	58.856 	172	74 	9  	2287  	5.35748
INFO:gp:173	2340  	0.547704	173	0.581551	0.349688	2340  	0.054835 	58.8267	173	69 	11 	2340  	5.7243 
INFO:gp:174	2340  	0.547678	174	0.581551	0.320017	2340  	0.0547965	58.8553	174	69 	15 	2340  	5.28922
INFO:gp:175	2305  	0.547736	175	0.581551	0.314336	2305  	0.0555263	58.8478	175	74 	14 	2305  	4.98796
INFO:gp:176	2333  	0.548781	176	0.581551	0.337435	2333  	0.0539614	58.9016	176	69 	13 	2333  	5.43483
INFO:gp:177	2314  	0.548788	177	0.581551	0.345534	2314  	0.0538999	58.9303	177	69 	13 	2314  	5.52977
INFO:gp:178	2300  	0.549039	178	0.581551	0.345907	2300  	0.0547207	59.2177	178	75 	15 	2300  	4.31267
INFO:gp:179	2302  	0.54853 	179	0.581551	0.352751	2302  	0.0546917	59.0528	179	74 	15 	2302  	5.36135
INFO:gp:180	2279  	0.548271	180	0.581551	0.347796	2279  	0.0546954	58.9355	180	69 	11 	2279  	5.43947
INFO:gp:181	2326  	0.545492	181	0.581551	0.32014 	2326  	0.0565318	59.042 	181	69 	13 	2326  	5.14779
INFO:gp:182	2335  	0.547767	182	0.581551	0.324652	2335  	0.0556787	58.8938	182	71 	15 	2335  	5.30397
INFO:gp:183	2342  	0.547933	183	0.581551	0.321722	2342  	0.0553452	58.6869	183	80 	15 	2342  	5.68472
INFO:gp:184	2349  	0.547886	184	0.581551	0.345955	2349  	0.0545505	58.8612	184	69 	15 	2349  	4.98394
INFO:gp:185	2317  	0.549719	185	0.581551	0.314335	2317  	0.0537175	58.8882	185	74 	11 	2317  	5.15358
INFO:gp:186	2296  	0.547597	186	0.581551	0.343475	2296  	0.0552816	58.915 	186	70 	15 	2296  	4.83857
INFO:gp:187	2276  	0.546496	187	0.581551	0.332647	2276  	0.055997 	58.8446	187	67 	12 	2276  	5.28882
INFO:gp:188	2323  	0.548626	188	0.581551	0.336667	2323  	0.0544697	58.9058	188	71 	15 	2323  	4.83126
INFO:gp:189	2272  	0.550702	189	0.581551	0.355571	2272  	0.0528809	58.9433	189	75 	12 	2272  	5.07044
INFO:gp:190	2316  	0.549387	190	0.581551	0.327217	2316  	0.0539305	58.6693	190	69 	15 	2316  	5.44379
INFO:gp:191	2302  	0.548341	191	0.581551	0.314336	2302  	0.0547658	58.7462	191	69 	14 	2302  	5.45342
INFO:gp:192	2324  	0.550042	192	0.581551	0.323512	2324  	0.0531917	58.7266	192	74 	15 	2324  	5.38688
INFO:gp:193	2388  	0.548776	193	0.581551	0.339682	2388  	0.0548921	58.7651	193	69 	12 	2388  	5.22413
INFO:gp:194	2326  	0.548666	194	0.581551	0.321723	2326  	0.0541144	58.6869	194	69 	15 	2326  	5.53263
INFO:gp:195	2342  	0.54763 	195	0.581551	0.331318	2342  	0.0551751	58.8117	195	67 	15 	2342  	5.5379 
INFO:gp:196	2286  	0.550582	196	0.581551	0.322838	2286  	0.0528035	58.8495	196	74 	12 	2286  	5.39579
INFO:gp:197	2338  	0.547354	197	0.581551	0.326334	2338  	0.0548996	58.8557	197	69 	15 	2338  	5.12112
INFO:gp:198	2332  	0.547903	198	0.581551	0.339682	2332  	0.0558124	58.7181	198	67 	13 	2332  	5.51774
INFO:gp:199	2315  	0.549703	199	0.581551	0.325939	2315  	0.0541651	58.6908	199	69 	15 	2315  	5.40843
INFO:gp:200	2299  	0.547534	200	0.581551	0.309247	2299  	0.0557827	58.709 	200	67 	15 	2299  	5.5804 
INFO:gp:201	2315  	0.5492  	201	0.581551	0.310449	2315  	0.0542709	58.897 	201	76 	14 	2315  	5.08858
INFO:gp:202	2327  	0.548984	202	0.581551	0.314335	2327  	0.0546243	59.0176	202	74 	14 	2327  	4.79359
INFO:gp:203	2320  	0.546941	203	0.581551	0.336378	2320  	0.0557916	58.8631	203	74 	15 	2320  	5.40978
INFO:gp:204	2295  	0.548358	204	0.581551	0.316676	2295  	0.055035 	58.8918	204	68 	15 	2295  	5.19487
INFO:gp:205	2291  	0.548325	205	0.581551	0.318918	2291  	0.0550483	58.9501	205	69 	10 	2291  	5.04491
INFO:gp:206	2317  	0.546829	206	0.581551	0.293314	2317  	0.0557222	58.9159	206	70 	15 	2317  	5.07424
INFO:gp:207	2318  	0.547548	207	0.581551	0.30829 	2318  	0.055943 	58.8514	207	74 	15 	2318  	5.49677
INFO:gp:208	2322  	0.547886	208	0.581551	0.349682	2322  	0.0551574	59.015 	208	74 	13 	2322  	4.8105 
INFO:gp:209	2326  	0.548938	209	0.581551	0.314335	2326  	0.054435 	58.8948	209	67 	15 	2326  	5.24366
INFO:gp:210	2324  	0.547164	210	0.581551	0.34345 	2324  	0.0555849	58.8038	210	74 	15 	2324  	5.54756
INFO:gp:211	2343  	0.546469	211	0.581551	0.312165	2343  	0.0562006	58.9514	211	78 	15 	2343  	5.39275
INFO:gp:212	2319  	0.548256	212	0.581551	0.324653	2319  	0.0546919	58.943 	212	74 	15 	2319  	5.45323
INFO:gp:213	2318  	0.547669	213	0.581551	0.321722	2318  	0.0551933	58.9205	213	67 	15 	2318  	5.37837
INFO:gp:214	2301  	0.54822 	214	0.581551	0.319227	2301  	0.0543732	58.8341	214	67 	15 	2301  	5.28875
INFO:gp:215	2278  	0.548072	215	0.581551	0.318935	2278  	0.055804 	58.8635	215	75 	15 	2278  	5.10368
INFO:gp:216	2336  	0.548493	216	0.581551	0.335464	2336  	0.0551616	58.9374	216	69 	15 	2336  	5.16719
INFO:gp:217	2345  	0.54752 	217	0.581551	0.325982	2345  	0.0553258	58.7045	217	70 	15 	2345  	5.7118 
INFO:gp:218	2331  	0.54917 	218	0.581551	0.365616	2331  	0.0535909	58.8534	218	67 	10 	2331  	4.88312
INFO:gp:219	2301  	0.549993	219	0.581551	0.345955	2301  	0.0534303	58.9909	219	70 	12 	2301  	4.72067
INFO:gp:220	2292  	0.548582	220	0.581551	0.314335	2292  	0.0547454	58.7846	220	69 	15 	2292  	5.47153
INFO:gp:221	2319  	0.546909	221	0.581551	0.275973	2319  	0.0563167	58.7312	221	67 	12 	2319  	5.66846
INFO:gp:222	2314  	0.54735 	222	0.581551	0.32014 	2314  	0.056094 	58.9247	222	74 	15 	2314  	4.59481
INFO:gp:223	2336  	0.547442	223	0.581551	0.321722	2336  	0.0556535	58.8886	223	70 	15 	2336  	4.59879
INFO:gp:224	2330  	0.548175	224	0.581551	0.314335	2330  	0.0556568	58.7941	224	76 	15 	2330  	5.34913
INFO:gp:225	2313  	0.54884 	225	0.581551	0.342776	2313  	0.0543887	58.9469	225	70 	15 	2313  	5.02072
INFO:gp:226	2324  	0.548535	226	0.581551	0.33305 	2324  	0.0547908	58.8557	226	70 	15 	2324  	5.12213
INFO:gp:227	2302  	0.548715	227	0.581551	0.314335	2302  	0.0550009	58.8169	227	74 	15 	2302  	5.04974
INFO:gp:228	2295  	0.548588	228	0.581551	0.319227	2295  	0.0548382	58.8478	228	67 	14 	2295  	5.39915
INFO:gp:229	2320  	0.547202	229	0.581551	0.339713	2320  	0.0554481	58.7967	229	70 	15 	2320  	5.29166
INFO:gp:230	2322  	0.546238	230	0.581551	0.338719	2322  	0.0563833	58.9495	230	74 	10 	2322  	5.12029
INFO:gp:231	2335  	0.547935	231	0.581551	0.325999	2335  	0.0554374	58.839 	231	71 	12 	2335  	5.26466
INFO:gp:232	2336  	0.546396	232	0.581551	0.314335	2336  	0.0562069	58.8739	232	71 	13 	2336  	4.88747
INFO:gp:233	2316  	0.547941	233	0.581551	0.321949	2316  	0.0555003	58.7859	233	69 	15 	2316  	4.93775
INFO:gp:234	2318  	0.546238	234	0.581551	0.319227	2318  	0.0572482	58.7657	234	69 	14 	2318  	5.34482
INFO:gp:235	2302  	0.549433	235	0.581551	0.315079	2302  	0.0535859	58.7996	235	71 	15 	2302  	5.08762
INFO:gp:236	2333  	0.548943	236	0.581551	0.310971	2333  	0.0550804	58.8025	236	74 	15 	2333  	5.22608
INFO:gp:237	2340  	0.547571	237	0.581551	0.334211	2340  	0.0560722	58.8798	237	71 	14 	2340  	4.90804
INFO:gp:238	2288  	0.545926	238	0.581551	0.326578	2288  	0.0567213	58.8429	238	74 	15 	2288  	5.087  
INFO:gp:239	2320  	0.548643	239	0.581551	0.320772	2320  	0.0545139	58.7957	239	74 	15 	2320  	5.52021
INFO:gp:240	2304  	0.546703	240	0.581551	0.307738	2304  	0.0559692	58.9159	240	74 	14 	2304  	5.29484
INFO:gp:241	2278  	0.548495	241	0.581551	0.316676	2278  	0.0542354	58.9179	241	69 	12 	2278  	4.99884
INFO:gp:242	2285  	0.549016	242	0.581551	0.314158	2285  	0.0544028	58.7941	242	69 	15 	2285  	5.35035
INFO:gp:243	2324  	0.548168	243	0.581551	0.336045	2324  	0.0548689	58.9218	243	69 	15 	2324  	4.98957
INFO:gp:244	2351  	0.547246	244	0.581551	0.322858	2351  	0.0557773	58.9179	244	67 	15 	2351  	5.32438
INFO:gp:245	2295  	0.548343	245	0.581551	0.317412	2295  	0.0547178	58.8364	245	74 	15 	2295  	5.66209
INFO:gp:246	2330  	0.548658	246	0.581551	0.326196	2330  	0.0546137	58.9831	246	71 	15 	2330  	4.80113
INFO:gp:247	2287  	0.549245	247	0.581551	0.338283	2287  	0.0544107	58.8752	247	76 	15 	2287  	4.96325
INFO:gp:248	2323  	0.548909	248	0.581551	0.321722	2323  	0.0542235	58.7279	248	69 	11 	2323  	5.26087
INFO:gp:249	2315  	0.548695	249	0.581551	0.314336	2315  	0.0548421	58.7654	249	69 	13 	2315  	5.19051
INFO:gp:250	2261  	0.548279	250	0.581551	0.325933	2261  	0.0549939	58.8403	250	74 	13 	2261  	5.20445
INFO:gp:251	2300  	0.54568 	251	0.581551	0.299674	2300  	0.0572274	58.8596	251	74 	15 	2300  	5.06583
INFO:gp:252	2385  	0.545515	252	0.581551	0.338348	2385  	0.0566982	58.6696	252	70 	12 	2385  	5.67953
INFO:gp:253	2351  	0.547683	253	0.581551	0.341073	2351  	0.0551351	58.6914	253	71 	15 	2351  	5.47421
INFO:gp:254	2321  	0.54682 	254	0.581551	0.347657	2321  	0.0558532	58.8716	254	74 	10 	2321  	4.98062
INFO:gp:255	2319  	0.547751	255	0.581551	0.346238	2319  	0.0552227	58.9791	255	68 	15 	2319  	4.78446
INFO:gp:256	2337  	0.546847	256	0.581551	0.325965	2337  	0.055978 	58.9058	256	67 	15 	2337  	4.97959
INFO:gp:257	2333  	0.548345	257	0.581551	0.325989	2333  	0.0543779	58.8824	257	70 	14 	2333  	5.17395
INFO:gp:258	2305  	0.550904	258	0.581551	0.301229	2305  	0.0530723	58.8742	258	74 	12 	2305  	4.67432
INFO:gp:259	2335  	0.547231	259	0.581552	0.340237	2335  	0.0549776	58.7103	259	74 	15 	2335  	5.25596
INFO:gp:260	2290  	0.548046	260	0.581552	0.314335	2290  	0.0551646	58.8781	260	70 	12 	2290  	4.85892
INFO:gp:261	2329  	0.547167	261	0.581552	0.324673	2329  	0.0553965	58.8276	261	66 	11 	2329  	4.88545
INFO:gp:262	2326  	0.548897	262	0.581552	0.364894	2326  	0.0538828	58.6843	262	67 	3  	2326  	5.58856
INFO:gp:263	2329  	0.547969	263	0.581552	0.321722	2329  	0.0554521	59.0078	263	69 	14 	2329  	4.86051
INFO:gp:264	2320  	0.548041	264	0.581552	0.353356	2320  	0.0545421	59.245 	264	70 	12 	2320  	5.14918
INFO:gp:265	2312  	0.548271	265	0.581552	0.321722	2312  	0.0549939	60.015 	265	70 	15 	2312  	5.20318
INFO:gp:266	2340  	0.550103	266	0.581552	0.339114	2340  	0.0526619	60.6976	266	69 	15 	2340  	4.8025 
INFO:gp:267	2303  	0.548545	267	0.581552	0.319561	2303  	0.0552932	60.9791	267	69 	15 	2303  	4.69197
INFO:gp:268	2281  	0.549802	268	0.581552	0.343436	2281  	0.0533669	60.7859	268	70 	10 	2281  	5.43969
INFO:gp:269	2322  	0.549854	269	0.581552	0.327535	2322  	0.0531446	60.8045	269	74 	14 	2322  	5.48076
INFO:gp:270	2327  	0.548675	270	0.581552	0.318923	2327  	0.054573 	60.8009	270	74 	15 	2327  	5.2306 
INFO:gp:271	2276  	0.549855	271	0.581552	0.333038	2276  	0.054228 	60.9335	271	69 	15 	2276  	4.82629
INFO:gp:272	2322  	0.55176 	272	0.581552	0.331569	2322  	0.0519731	60.897 	272	67 	15 	2322  	4.98808
INFO:gp:273	2342  	0.550757	273	0.581552	0.338296	2342  	0.0526546	60.9378	273	68 	14 	2342  	4.94595
INFO:gp:274	2291  	0.550238	274	0.581552	0.323162	2291  	0.0529532	61.0746	274	80 	14 	2291  	4.63078
INFO:gp:275	2308  	0.551239	275	0.581552	0.332757	2308  	0.0532986	61.0521	275	68 	15 	2308  	4.7297 
INFO:gp:276	2319  	0.550174	276	0.581552	0.338408	2319  	0.0532464	60.985 	276	68 	15 	2319  	4.727  
INFO:gp:277	2402  	0.548311	277	0.581555	0.327973	2402  	0.0545838	60.7498	277	68 	14 	2402  	5.40868
INFO:gp:278	2309  	0.549893	278	0.581555	0.359049	2309  	0.0532342	60.9042	278	68 	11 	2309  	4.95979
INFO:gp:279	2336  	0.549938	279	0.581555	0.321722	2336  	0.0540989	60.8612	279	70 	15 	2336  	5.22716
INFO:gp:280	2331  	0.550141	280	0.581555	0.333982	2331  	0.0540054	60.8465	280	74 	15 	2331  	5.11315
INFO:gp:281	2293  	0.552206	281	0.581555	0.321722	2293  	0.0524613	60.813 	281	74 	15 	2293  	5.47213
INFO:gp:282	2325  	0.552453	282	0.581555	0.317977	2325  	0.0522873	60.8928	282	80 	15 	2325  	5.12349
INFO:gp:283	2296  	0.553175	283	0.581555	0.351068	2296  	0.0505508	60.7836	283	68 	15 	2296  	5.38218
INFO:gp:284	2342  	0.550504	284	0.581555	0.367011	2342  	0.0521125	60.9449	284	74 	14 	2342  	4.95249
INFO:gp:285	2300  	0.551951	285	0.581555	0.359049	2300  	0.0515455	60.9726	285	69 	13 	2300  	4.92504
INFO:gp:286	2266  	0.554524	286	0.581555	0.310036	2266  	0.0497518	60.9221	286	80 	15 	2266  	4.95218
INFO:gp:287	2320  	0.551363	287	0.581555	0.332448	2320  	0.052405 	61.0404	287	74 	15 	2320  	4.41328
INFO:gp:288	2327  	0.550444	288	0.581555	0.310036	2327  	0.0536461	60.8791	288	70 	12 	2327  	5.21678
INFO:gp:289	2294  	0.551983	289	0.581555	0.328934	2294  	0.0522004	60.9365	289	74 	15 	2294  	4.79935
INFO:gp:290	2328  	0.55108 	290	0.581555	0.354316	2328  	0.0530094	61.1111	290	80 	15 	2328  	4.34805
INFO:gp:291	2332  	0.550454	291	0.581555	0.325881	2332  	0.0524361	60.8273	291	69 	15 	2332  	5.03796
INFO:gp:292	2296  	0.550893	292	0.581555	0.343453	2296  	0.0525597	61.1199	292	69 	15 	2296  	4.18845
INFO:gp:293	2340  	0.550393	293	0.581555	0.331521	2340  	0.0518503	61.0029	293	70 	15 	2340  	4.82746
INFO:gp:294	2359  	0.551666	294	0.581555	0.350082	2359  	0.0519175	60.9687	294	68 	15 	2359  	4.72623
INFO:gp:295	2329  	0.550784	295	0.581555	0.337371	2329  	0.053354 	61.0433	295	70 	15 	2329  	4.48724
INFO:gp:296	2319  	0.551641	296	0.581555	0.325982	2319  	0.0518968	60.6944	296	68 	14 	2319  	5.59946
INFO:gp:297	2322  	0.552318	297	0.581555	0.316768	2322  	0.0518521	60.9547	297	70 	15 	2322  	4.79616
INFO:gp:298	2347  	0.549684	298	0.581555	0.326011	2347  	0.0541218	60.8645	298	68 	13 	2347  	5.27478
INFO:gp:299	2332  	0.550811	299	0.581555	0.355255	2332  	0.0531009	60.9114	299	70 	15 	2332  	4.98534
INFO:gp:300	2297  	0.552841	300	0.581555	0.324335	2297  	0.0505365	60.8853	300	82 	15 	2297  	4.82552
INFO:gp:301	2293  	0.550445	301	0.581555	0.326201	2293  	0.0533041	60.8788	301	80 	13 	2293  	5.0095 
INFO:gp:302	2335  	0.550775	302	0.581555	0.368701	2335  	0.0524396	61.0007	302	80 	15 	2335  	4.6552 
INFO:gp:303	2311  	0.551509	303	0.581555	0.34552 	2311  	0.0523104	61.0955	303	74 	15 	2311  	4.51423
INFO:gp:304	2301  	0.552634	304	0.581555	0.321722	2301  	0.0518412	60.9664	304	80 	15 	2301  	4.99128
INFO:gp:305	2336  	0.551613	305	0.581555	0.325986	2336  	0.0521852	60.8961	305	70 	14 	2336  	5.12407
INFO:gp:306	2319  	0.552028	306	0.581555	0.335483	2319  	0.0515753	61.0528	306	80 	11 	2319  	4.42008
INFO:gp:307	2324  	0.550626	307	0.581555	0.341256	2324  	0.0531426	61.0665	307	69 	16 	2324  	4.49396
INFO:gp:308	2332  	0.551949	308	0.581555	0.341154	2332  	0.051579 	60.9541	308	69 	15 	2332  	4.67833
INFO:gp:309	2380  	0.548924	309	0.581555	0.307703	2380  	0.0548741	60.8811	309	70 	14 	2380  	4.80284
INFO:gp:310	2348  	0.549829	310	0.581555	0.341949	2348  	0.053592 	60.7687	310	67 	15 	2348  	5.32403
INFO:gp:311	2333  	0.549809	311	0.581555	0.343453	2333  	0.0539406	60.8306	311	67 	15 	2333  	5.24493
INFO:gp:312	2343  	0.552113	312	0.581555	0.344053	2343  	0.0512206	60.9495	312	68 	15 	2343  	4.75846
INFO:gp:313	2328  	0.553006	313	0.581555	0.326199	2328  	0.0511878	60.8703	313	68 	15 	2328  	5.01956
INFO:gp:314	2315  	0.552043	314	0.581555	0.344198	2315  	0.0513094	61.0231	314	70 	15 	2315  	4.57362
INFO:gp:315	2285  	0.551806	315	0.581555	0.348399	2285  	0.0522531	60.9123	315	67 	15 	2285  	5.02744
INFO:gp:316	2316  	0.552529	316	0.581555	0.341256	2316  	0.0503075	60.9247	316	68 	15 	2316  	5.01966
INFO:gp:317	2245  	0.550987	317	0.581555	0.330709	2245  	0.0526415	61.029 	317	70 	16 	2245  	4.46975
INFO:gp:318	2330  	0.55235 	318	0.581555	0.341256	2330  	0.0513206	60.7674	318	80 	15 	2330  	5.28287
INFO:gp:319	2343  	0.551916	319	0.581555	0.347774	2343  	0.0513225	60.8495	319	80 	14 	2343  	5.06447
INFO:gp:320	2270  	0.553418	320	0.581555	0.310036	2270  	0.0511471	61.016 	320	80 	15 	2270  	4.46675
INFO:gp:321	2303  	0.551692	321	0.581555	0.305532	2303  	0.051842 	60.8211	321	80 	14 	2303  	5.28783
INFO:gp:322	2318  	0.552617	322	0.581555	0.333216	2318  	0.0509945	60.9472	322	80 	15 	2318  	4.94009
INFO:gp:323	2338  	0.551662	323	0.581555	0.344558	2338  	0.0519351	61.0593	323	70 	15 	2338  	4.20086
INFO:gp:324	2315  	0.552498	324	0.581555	0.364484	2315  	0.0514336	60.8016	324	70 	15 	2315  	5.3965 
INFO:gp:325	2323  	0.55303 	325	0.581555	0.350925	2323  	0.0513837	60.9795	325	68 	15 	2323  	4.56657
INFO:gp:326	2327  	0.552163	326	0.581555	0.309615	2327  	0.0526224	60.9609	326	68 	15 	2327  	4.80934
INFO:gp:327	2324  	0.552417	327	0.581555	0.344895	2324  	0.051552 	60.8697	327	80 	15 	2324  	4.94828
INFO:gp:328	2349  	0.550449	328	0.581555	0.350078	2349  	0.0530169	61.0156	328	69 	16 	2349  	4.35853
INFO:gp:329	2302  	0.550847	329	0.581555	0.343453	2302  	0.0533724	60.8622	329	80 	15 	2302  	5.27969
INFO:gp:330	2307  	0.551202	330	0.581555	0.323458	2307  	0.0520916	60.9573	330	80 	15 	2307  	4.97001
INFO:gp:331	2299  	0.552291	331	0.581555	0.316807	2299  	0.0512829	60.7843	331	69 	15 	2299  	5.3541 
INFO:gp:332	2358  	0.552038	332	0.581555	0.334322	2358  	0.0513234	60.8361	332	69 	14 	2358  	5.34092
INFO:gp:333	2352  	0.550915	333	0.581555	0.351124	2352  	0.0524636	60.9557	333	69 	15 	2352  	5.01825
INFO:gp:334	2336  	0.551761	334	0.581555	0.338418	2336  	0.0526463	60.9355	334	80 	15 	2336  	4.73175
INFO:gp:335	2345  	0.552213	335	0.581555	0.324849	2345  	0.0517167	60.8635	335	69 	15 	2345  	5.11171
INFO:gp:336	2335  	0.551928	336	0.581555	0.348249	2335  	0.0513303	60.7823	336	80 	15 	2335  	5.48996
INFO:gp:337	2354  	0.548589	337	0.581555	0.343462	2354  	0.0541011	60.9677	337	70 	14 	2354  	4.77789
INFO:gp:338	2301  	0.55105 	338	0.581555	0.331335	2301  	0.0521641	60.9622	338	80 	15 	2301  	4.95715
INFO:gp:339	2371  	0.550368	339	0.581555	0.321722	2371  	0.0528811	60.9892	339	68 	15 	2371  	4.77355
INFO:gp:340	2329  	0.550979	340	0.581555	0.321722	2329  	0.0520463	60.8224	340	68 	14 	2329  	5.16443
INFO:gp:341	2313  	0.551867	341	0.581555	0.308562	2313  	0.0521344	60.7608	341	80 	15 	2313  	5.30167
INFO:gp:342	2310  	0.551006	342	0.581555	0.285311	2310  	0.0528236	60.8697	342	71 	14 	2310  	5.09799
INFO:gp:343	2317  	0.551385	343	0.581555	0.310036	2317  	0.0526631	60.8371	343	80 	15 	2317  	5.1597 
INFO:gp:344	2302  	0.552362	344	0.581555	0.347636	2302  	0.0518154	60.8746	344	69 	15 	2302  	5.31089
INFO:gp:345	2320  	0.550645	345	0.581555	0.305532	2320  	0.0531398	61.0955	345	81 	12 	2320  	4.56198
INFO:gp:346	2269  	0.554155	346	0.581555	0.351937	2269  	0.0500134	60.9544	346	74 	15 	2269  	4.78735
INFO:gp:347	2299  	0.55186 	347	0.581555	0.342814	2299  	0.0520274	61.1245	347	69 	15 	2299  	4.30873
INFO:gp:348	2336  	0.552116	348	0.581555	0.351077	2336  	0.0516645	61.0114	348	67 	15 	2336  	4.63439
INFO:gp:349	2310  	0.551587	349	0.581555	0.31678 	2310  	0.0528067	61.0228	349	67 	15 	2310  	4.59753
INFO:gp:350	2313  	0.552118	350	0.581555	0.310036	2313  	0.0518409	60.8498	350	68 	15 	2313  	5.18852
INFO:gp:351	2324  	0.551953	351	0.581555	0.310034	2324  	0.0526114	60.9032	351	80 	12 	2324  	4.85644
INFO:gp:352	2306  	0.552368	352	0.581555	0.326062	2306  	0.0513772	61.0235	352	70 	15 	2306  	4.46843
INFO:gp:353	2301  	0.553049	353	0.581555	0.343129	2301  	0.0511701	60.9472	353	70 	15 	2301  	4.88204
INFO:gp:354	2341  	0.550805	354	0.581555	0.333054	2341  	0.0522169	61.0362	354	69 	15 	2341  	4.41379
INFO:gp:355	2378  	0.551324	355	0.581555	0.337533	2378  	0.0521868	60.9228	355	69 	15 	2378  	4.75687
INFO:gp:356	2339  	0.551265	356	0.581555	0.347776	2339  	0.0517084	60.839 	356	70 	11 	2339  	5.1204 
INFO:gp:357	2288  	0.550998	357	0.581555	0.33304 	2288  	0.0530864	60.7113	357	70 	15 	2288  	5.46699
INFO:gp:358	2353  	0.550074	358	0.581555	0.31678 	2353  	0.0535499	60.8889	358	70 	15 	2353  	5.09445
INFO:gp:359	2335  	0.55072 	359	0.581555	0.338841	2335  	0.052952 	60.8935	359	80 	15 	2335  	5.03206
INFO:gp:360	2347  	0.553928	360	0.581555	0.345825	2347  	0.0503083	60.68  	360	69 	15 	2347  	5.46257
INFO:gp:361	2357  	0.551096	361	0.581555	0.354276	2357  	0.0519861	60.7354	361	70 	14 	2357  	5.48689
INFO:gp:362	2301  	0.55121 	362	0.581555	0.335256	2301  	0.0525821	60.942 	362	69 	15 	2301  	4.8421 
INFO:gp:363	2307  	0.552552	363	0.581555	0.323955	2307  	0.0511924	60.9557	363	68 	14 	2307  	4.80896
INFO:gp:364	2356  	0.550559	364	0.581555	0.352215	2356  	0.0524506	60.884 	364	80 	13 	2356  	4.95515
INFO:gp:365	2302  	0.550539	365	0.581555	0.344095	2302  	0.0531834	60.8863	365	68 	15 	2302  	5.23135
INFO:gp:366	2296  	0.552363	366	0.581555	0.338898	2296  	0.0515051	61.0968	366	69 	14 	2296  	4.35483
INFO:gp:367	2330  	0.550678	367	0.581555	0.310036	2330  	0.0531642	60.7869	367	80 	15 	2330  	5.2307 
INFO:gp:368	2304  	0.551872	368	0.581555	0.350993	2304  	0.0518864	60.8961	368	71 	15 	2304  	5.05847
INFO:gp:369	2342  	0.551516	369	0.581555	0.343453	2342  	0.0522777	60.8162	369	70 	15 	2342  	5.08918
INFO:gp:370	2311  	0.552488	370	0.581555	0.331521	2311  	0.0511459	60.9413	370	70 	14 	2311  	4.86331
INFO:gp:371	2247  	0.553035	371	0.581555	0.33018 	2247  	0.0525947	60.8908	371	80 	15 	2247  	5.22322
INFO:gp:372	2277  	0.550539	372	0.581555	0.335142	2277  	0.0526753	60.9013	372	69 	12 	2277  	4.94549
INFO:gp:373	2311  	0.55042 	373	0.581555	0.347636	2311  	0.0536481	61.0782	373	68 	13 	2311  	4.40501
INFO:gp:374	2325  	0.553127	374	0.581555	0.310929	2325  	0.0516082	60.8833	374	68 	15 	2325  	5.00369
INFO:gp:375	2338  	0.553064	375	0.581555	0.328336	2338  	0.0506826	60.9589	375	67 	15 	2338  	4.92951
INFO:gp:376	2319  	0.549967	376	0.581555	0.339682	2319  	0.0529848	60.9319	376	80 	14 	2319  	4.9095 
INFO:gp:377	2312  	0.551206	377	0.581555	0.325299	2312  	0.0520542	60.8025	377	69 	15 	2312  	5.29213
INFO:gp:378	2276  	0.552188	378	0.581555	0.334562	2276  	0.0519046	61.0332	378	69 	10 	2276  	4.75248
INFO:gp:379	2312  	0.554007	379	0.581555	0.315849	2312  	0.0499461	60.9016	379	80 	14 	2312  	5.16052
INFO:gp:380	2293  	0.552719	380	0.581555	0.326201	2293  	0.0515899	61.0342	380	74 	15 	2293  	4.51158
INFO:gp:381	2347  	0.551276	381	0.581555	0.339733	2347  	0.0523159	61.1254	381	74 	14 	2347  	4.1999 
INFO:gp:382	2312  	0.551282	382	0.581555	0.331209	2312  	0.0524737	60.9303	382	69 	15 	2312  	4.79475
INFO:gp:383	2339  	0.55172 	383	0.581555	0.325999	2339  	0.0523196	60.9293	383	67 	13 	2339  	5.00575
INFO:gp:384	2343  	0.552566	384	0.581555	0.344547	2343  	0.0515117	60.8543	384	80 	15 	2343  	5.17532
INFO:gp:385	2334  	0.551751	385	0.581555	0.320503	2334  	0.0514112	61.0244	385	70 	15 	2334  	4.506  
INFO:gp:386	2362  	0.551367	386	0.581634	0.325999	2362  	0.0524956	60.8244	386	70 	16 	2362  	5.09737
INFO:gp:387	2364  	0.550745	387	0.581634	0.305531	2364  	0.0524684	61.0316	387	74 	15 	2364  	4.47752
INFO:gp:388	2295  	0.550592	388	0.586233	0.336876	2295  	0.0533611	61.0202	388	70 	15 	2295  	4.39752
INFO:gp:389	2282  	0.551169	389	0.586233	0.320492	2282  	0.0524885	60.8928	389	74 	15 	2282  	5.01707
INFO:gp:390	2288  	0.551902	390	0.586235	0.337435	2288  	0.0524849	60.9117	390	70 	15 	2288  	4.93031
INFO:gp:391	2282  	0.551431	391	0.590528	0.310037	2282  	0.0522717	60.4128	391	68 	14 	2282  	6.0038 
INFO:gp:392	2286  	0.551777	392	0.590528	0.314935	2286  	0.0539796	59.883 	392	69 	13 	2286  	6.50971
INFO:gp:393	2346  	0.551553	393	0.590528	0.316638	2346  	0.0560457	59.5041	393	68 	17 	2346  	6.69401
INFO:gp:394	2359  	0.551983	394	0.59053 	0.348711	2359  	0.0561783	59.6514	394	68 	17 	2359  	6.14289
INFO:gp:395	2314  	0.553611	395	0.590532	0.314513	2314  	0.0558538	58.6888	395	68 	18 	2314  	6.47389
INFO:gp:396	2337  	0.553552	396	0.590532	0.352198	2337  	0.0566948	57.1007	396	68 	17 	2337  	7.13579
INFO:gp:397	2375  	0.552564	397	0.590532	0.339438	2375  	0.057607 	57.1052	397	67 	15 	2375  	6.26641
INFO:gp:398	2314  	0.553798	398	0.590533	0.352336	2314  	0.0569696	57.1883	398	74 	17 	2314  	5.39991
INFO:gp:399	2298  	0.555932	399	0.590533	0.33025 	2298  	0.0553335	56.8628	399	69 	18 	2298  	5.07485
INFO:gp:400	2289  	0.555683	400	0.590533	0.295742	2289  	0.0558697	56.8179	400	66 	17 	2289  	4.87441
INFO:__main__:Saving model to file: checkpoints/run_2.pth
INFO:util:Train accuracy: 0.6125587020880037 +- 0.05779201998685635
INFO:util:Val accuracy: 0.6125587020880037 +- 0.05779201998685635
INFO:util:Test accuracy: 0.5499999999999999 +- 0.0
INFO:util:Train intra-class: 0.2333359747570501, Train Inter-class: 0.23819515865786028
INFO:util:Val intra-class: 0.21196859537412874, Val Inter-class: 0.23566937554536824
INFO:util:Test intra-class: 0.2296091834571002, Test inter-class: 0.24397378624653393
INFO:plot:Saving t-SNE to file: figures/tsne.png
INFO:plot:Saving t-SNE to file: figures/tsne.png
INFO:plot:Saving tree to file: figures/tree-0.pdf
INFO:plot:Saving tree to file: figures/tree-1.pdf
INFO:plot:Saving tree to file: figures/tree-2.pdf
