INFO:__main__:Dataset: species
INFO:train:Epoch 1/1000 	Train Loss: 0.7873, Train Acc: 0.5930	 Val Loss: 0.7102, Val Acc: 0.5455
INFO:train:Epoch 2/1000 	Train Loss: 0.7130, Train Acc: 0.5698	 Val Loss: 0.6867, Val Acc: 0.5455
INFO:train:Epoch 3/1000 	Train Loss: 0.6838, Train Acc: 0.5581	 Val Loss: 0.6667, Val Acc: 0.5455
INFO:train:Epoch 4/1000 	Train Loss: 0.6580, Train Acc: 0.6395	 Val Loss: 0.6507, Val Acc: 0.6818
INFO:train:Epoch 5/1000 	Train Loss: 0.5902, Train Acc: 0.6977	 Val Loss: 0.6349, Val Acc: 0.7273
INFO:train:Epoch 6/1000 	Train Loss: 0.5787, Train Acc: 0.6860	 Val Loss: 0.6189, Val Acc: 0.7273
INFO:train:Epoch 7/1000 	Train Loss: 0.5635, Train Acc: 0.7674	 Val Loss: 0.6076, Val Acc: 0.7727
INFO:train:Epoch 8/1000 	Train Loss: 0.4813, Train Acc: 0.8953	 Val Loss: 0.6030, Val Acc: 0.7273
INFO:train:Epoch 9/1000 	Train Loss: 0.4605, Train Acc: 0.8372	 Val Loss: 0.5941, Val Acc: 0.7727
INFO:train:Epoch 10/1000 	Train Loss: 0.5173, Train Acc: 0.8140	 Val Loss: 0.5796, Val Acc: 0.7727
INFO:train:Epoch 11/1000 	Train Loss: 0.3714, Train Acc: 0.9535	 Val Loss: 0.5726, Val Acc: 0.7727
INFO:train:Epoch 12/1000 	Train Loss: 0.4088, Train Acc: 0.8837	 Val Loss: 0.5715, Val Acc: 0.7273
INFO:train:Epoch 13/1000 	Train Loss: 0.3869, Train Acc: 0.9070	 Val Loss: 0.5698, Val Acc: 0.7273
INFO:train:Epoch 14/1000 	Train Loss: 0.3058, Train Acc: 0.9884	 Val Loss: 0.5686, Val Acc: 0.7273
INFO:train:Epoch 15/1000 	Train Loss: 0.3340, Train Acc: 0.9535	 Val Loss: 0.5719, Val Acc: 0.7727
INFO:train:Epoch 16/1000 	Train Loss: 0.3162, Train Acc: 0.9651	 Val Loss: 0.5791, Val Acc: 0.7727
INFO:train:Epoch 17/1000 	Train Loss: 0.3071, Train Acc: 0.9535	 Val Loss: 0.5910, Val Acc: 0.7727
INFO:train:Epoch 18/1000 	Train Loss: 0.2667, Train Acc: 0.9884	 Val Loss: 0.6043, Val Acc: 0.7727
INFO:train:Epoch 19/1000 	Train Loss: 0.2638, Train Acc: 1.0000	 Val Loss: 0.6179, Val Acc: 0.7727
INFO:train:Epoch 20/1000 	Train Loss: 0.2520, Train Acc: 0.9767	 Val Loss: 0.6329, Val Acc: 0.7273
INFO:train:Epoch 21/1000 	Train Loss: 0.2303, Train Acc: 1.0000	 Val Loss: 0.6498, Val Acc: 0.7727
INFO:train:Epoch 22/1000 	Train Loss: 0.2482, Train Acc: 0.9884	 Val Loss: 0.6685, Val Acc: 0.7727
INFO:train:Epoch 23/1000 	Train Loss: 0.2414, Train Acc: 0.9884	 Val Loss: 0.6833, Val Acc: 0.7727
INFO:train:Epoch 24/1000 	Train Loss: 0.2216, Train Acc: 1.0000	 Val Loss: 0.6964, Val Acc: 0.7727
INFO:train:Epoch 25/1000 	Train Loss: 0.2243, Train Acc: 1.0000	 Val Loss: 0.7085, Val Acc: 0.7727
INFO:train:Epoch 26/1000 	Train Loss: 0.2236, Train Acc: 1.0000	 Val Loss: 0.7165, Val Acc: 0.7727
INFO:train:Epoch 27/1000 	Train Loss: 0.2241, Train Acc: 1.0000	 Val Loss: 0.7216, Val Acc: 0.7727
INFO:train:Epoch 28/1000 	Train Loss: 0.2230, Train Acc: 1.0000	 Val Loss: 0.7242, Val Acc: 0.7727
INFO:train:Epoch 29/1000 	Train Loss: 0.2276, Train Acc: 1.0000	 Val Loss: 0.7251, Val Acc: 0.7727
INFO:train:Epoch 30/1000 	Train Loss: 0.2213, Train Acc: 1.0000	 Val Loss: 0.7245, Val Acc: 0.7727
INFO:train:Epoch 31/1000 	Train Loss: 0.2205, Train Acc: 1.0000	 Val Loss: 0.7234, Val Acc: 0.7727
INFO:train:Epoch 32/1000 	Train Loss: 0.2232, Train Acc: 1.0000	 Val Loss: 0.7215, Val Acc: 0.7727
INFO:train:Epoch 33/1000 	Train Loss: 0.2207, Train Acc: 1.0000	 Val Loss: 0.7192, Val Acc: 0.7727
INFO:train:Early stopping triggered after 33 epochs
INFO:plot:Saving attention map to: figures/model_accuracy.png
INFO:__main__:Best model saved to checkpoints/LSTM_checkpoint_10.pth
INFO:train:train got 64 / 64 correct, accuracy: 1.0
INFO:plot:Saving cofusion matrix map to: figures/train_confusion_matrix.png
INFO:train:train got 22 / 22 correct, accuracy: 1.0
INFO:plot:Saving cofusion matrix map to: figures/train_confusion_matrix.png
INFO:train:Total time taken evaluate on train set the model: 0.16s
INFO:train:validation got 17 / 22 correct, accuracy: 0.7727272727272727
INFO:plot:Saving cofusion matrix map to: figures/validation_confusion_matrix.png
INFO:train:Total time taken evaluate on validation set the model: 0.08s
