INFO:__main__:Dataset: species
INFO:train:Epoch 1/1000 	Train Loss: 0.9167, Train Acc: 0.4651	 Val Loss: 0.6801, Val Acc: 0.5000
INFO:train:Epoch 2/1000 	Train Loss: 0.7346, Train Acc: 0.4884	 Val Loss: 0.6464, Val Acc: 0.6364
INFO:train:Epoch 3/1000 	Train Loss: 0.7145, Train Acc: 0.5698	 Val Loss: 0.6329, Val Acc: 0.6364
INFO:train:Epoch 4/1000 	Train Loss: 0.6891, Train Acc: 0.5814	 Val Loss: 0.6082, Val Acc: 0.6818
INFO:train:Epoch 5/1000 	Train Loss: 0.6356, Train Acc: 0.6279	 Val Loss: 0.5662, Val Acc: 0.7273
INFO:train:Epoch 6/1000 	Train Loss: 0.6212, Train Acc: 0.6744	 Val Loss: 0.5309, Val Acc: 0.7727
INFO:train:Epoch 7/1000 	Train Loss: 0.5545, Train Acc: 0.7674	 Val Loss: 0.5080, Val Acc: 0.8182
INFO:train:Epoch 8/1000 	Train Loss: 0.5790, Train Acc: 0.7209	 Val Loss: 0.4902, Val Acc: 0.8182
INFO:train:Epoch 9/1000 	Train Loss: 0.5025, Train Acc: 0.8953	 Val Loss: 0.4751, Val Acc: 0.8636
INFO:train:Epoch 10/1000 	Train Loss: 0.5196, Train Acc: 0.8372	 Val Loss: 0.4588, Val Acc: 0.8636
INFO:train:Epoch 11/1000 	Train Loss: 0.5108, Train Acc: 0.8256	 Val Loss: 0.4418, Val Acc: 0.8636
INFO:train:Epoch 12/1000 	Train Loss: 0.4582, Train Acc: 0.9070	 Val Loss: 0.4265, Val Acc: 0.8182
INFO:train:Epoch 13/1000 	Train Loss: 0.4565, Train Acc: 0.8953	 Val Loss: 0.4150, Val Acc: 0.8182
INFO:train:Epoch 14/1000 	Train Loss: 0.4296, Train Acc: 0.8837	 Val Loss: 0.4054, Val Acc: 0.8182
INFO:train:Epoch 15/1000 	Train Loss: 0.4173, Train Acc: 0.9186	 Val Loss: 0.3975, Val Acc: 0.8182
INFO:train:Epoch 16/1000 	Train Loss: 0.3977, Train Acc: 0.8953	 Val Loss: 0.3941, Val Acc: 0.8182
INFO:train:Epoch 17/1000 	Train Loss: 0.4016, Train Acc: 0.9186	 Val Loss: 0.3954, Val Acc: 0.8182
INFO:train:Epoch 18/1000 	Train Loss: 0.3478, Train Acc: 0.9535	 Val Loss: 0.3959, Val Acc: 0.8182
INFO:train:Epoch 19/1000 	Train Loss: 0.3005, Train Acc: 0.9651	 Val Loss: 0.3992, Val Acc: 0.8182
INFO:train:Epoch 20/1000 	Train Loss: 0.3008, Train Acc: 0.9767	 Val Loss: 0.4066, Val Acc: 0.8182
INFO:train:Epoch 21/1000 	Train Loss: 0.2892, Train Acc: 0.9767	 Val Loss: 0.4125, Val Acc: 0.8182
INFO:train:Epoch 22/1000 	Train Loss: 0.2610, Train Acc: 0.9884	 Val Loss: 0.4173, Val Acc: 0.8182
INFO:train:Epoch 23/1000 	Train Loss: 0.2538, Train Acc: 1.0000	 Val Loss: 0.4268, Val Acc: 0.8182
INFO:train:Epoch 24/1000 	Train Loss: 0.2462, Train Acc: 1.0000	 Val Loss: 0.4430, Val Acc: 0.8182
INFO:train:Epoch 25/1000 	Train Loss: 0.2341, Train Acc: 1.0000	 Val Loss: 0.4605, Val Acc: 0.8636
INFO:train:Epoch 26/1000 	Train Loss: 0.2399, Train Acc: 0.9884	 Val Loss: 0.4763, Val Acc: 0.8636
INFO:train:Epoch 27/1000 	Train Loss: 0.2288, Train Acc: 1.0000	 Val Loss: 0.4916, Val Acc: 0.8636
INFO:train:Epoch 28/1000 	Train Loss: 0.2325, Train Acc: 0.9884	 Val Loss: 0.5081, Val Acc: 0.8636
INFO:train:Epoch 29/1000 	Train Loss: 0.2199, Train Acc: 1.0000	 Val Loss: 0.5268, Val Acc: 0.8636
INFO:train:Epoch 30/1000 	Train Loss: 0.2261, Train Acc: 1.0000	 Val Loss: 0.5453, Val Acc: 0.8636
INFO:train:Epoch 31/1000 	Train Loss: 0.2251, Train Acc: 1.0000	 Val Loss: 0.5592, Val Acc: 0.8636
INFO:train:Epoch 32/1000 	Train Loss: 0.2282, Train Acc: 1.0000	 Val Loss: 0.5645, Val Acc: 0.8636
INFO:train:Epoch 33/1000 	Train Loss: 0.2212, Train Acc: 1.0000	 Val Loss: 0.5655, Val Acc: 0.8636
INFO:train:Epoch 34/1000 	Train Loss: 0.2215, Train Acc: 1.0000	 Val Loss: 0.5649, Val Acc: 0.8636
INFO:train:Epoch 35/1000 	Train Loss: 0.2190, Train Acc: 1.0000	 Val Loss: 0.5617, Val Acc: 0.8636
INFO:train:Epoch 36/1000 	Train Loss: 0.2265, Train Acc: 1.0000	 Val Loss: 0.5591, Val Acc: 0.8636
INFO:train:Epoch 37/1000 	Train Loss: 0.2283, Train Acc: 1.0000	 Val Loss: 0.5573, Val Acc: 0.8636
INFO:train:Epoch 38/1000 	Train Loss: 0.2195, Train Acc: 1.0000	 Val Loss: 0.5553, Val Acc: 0.8636
INFO:train:Early stopping triggered after 38 epochs
INFO:plot:Saving attention map to: figures/model_accuracy.png
INFO:__main__:Best model saved to checkpoints/LSTM_checkpoint_8.pth
INFO:train:train got 64 / 64 correct, accuracy: 1.0
INFO:plot:Saving cofusion matrix map to: figures/train_confusion_matrix.png
INFO:train:train got 22 / 22 correct, accuracy: 1.0
INFO:plot:Saving cofusion matrix map to: figures/train_confusion_matrix.png
INFO:train:Total time taken evaluate on train set the model: 0.17s
INFO:train:validation got 19 / 22 correct, accuracy: 0.8636363636363636
INFO:plot:Saving cofusion matrix map to: figures/validation_confusion_matrix.png
INFO:train:Total time taken evaluate on validation set the model: 0.08s
