INFO:data:Reading dataset fish: part
INFO:data:Class Counts: [6 6 3 6 6 3], Class Ratios: [0.2 0.2 0.1 0.2 0.2 0.1]
INFO:data:Number of features: 1023
INFO:data:Number of instances: 30
INFO:data:Number of classes 6.
INFO:__main__:No model found. Train from scratch.
INFO:gp:   	      	                                 fitness                                 	                      size                     
   	      	-------------------------------------------------------------------------	-----------------------------------------------
gen	nevals	avg     	gen	max     	min     	nevals	std      	avg    	gen	max	min	nevals	std    
0  	1023  	0.232805	0  	0.509072	0.100359	1023  	0.0710563	4.69697	0  	7  	2  	1023  	1.44365
INFO:gp:1  	773   	0.314377	1  	0.528705	0.103682	773   	0.0650243	4.87879	1  	11 	2  	773   	1.51143
INFO:gp:2  	777   	0.376333	2  	0.5894  	0.121858	777   	0.0678538	4.97752	2  	11 	3  	777   	1.45055
INFO:gp:3  	748   	0.425087	3  	0.609848	0.176606	748   	0.0675258	4.90909	3  	10 	3  	748   	1.35871
INFO:gp:4  	772   	0.45853 	4  	0.609848	0.193701	772   	0.0726461	4.96383	4  	10 	3  	772   	1.41133
INFO:gp:5  	741   	0.488083	5  	0.622781	0.170151	741   	0.0734097	5.26784	5  	13 	2  	741   	1.50613
INFO:gp:6  	757   	0.51497 	6  	0.643297	0.22365 	757   	0.0723615	5.57771	6  	11 	3  	757   	1.51872
INFO:gp:7  	757   	0.537575	7  	0.66005 	0.280373	757   	0.0727255	5.92669	7  	13 	2  	757   	1.57494
INFO:gp:8  	762   	0.553772	8  	0.685562	0.264796	762   	0.0742783	6.02835	8  	13 	3  	762   	1.53747
INFO:gp:9  	779   	0.567049	9  	0.685562	0.275628	779   	0.079685 	5.94917	9  	13 	3  	779   	1.47025
INFO:gp:10 	758   	0.58362 	10 	0.694879	0.212323	758   	0.0761915	5.95112	10 	11 	3  	758   	1.38402
INFO:gp:11 	781   	0.593807	11 	0.708044	0.197266	781   	0.0831879	5.85826	11 	11 	3  	781   	1.52735
INFO:gp:12 	769   	0.604609	12 	0.72318 	0.244131	769   	0.0802812	5.91202	12 	11 	3  	769   	1.78077
INFO:gp:13 	783   	0.621457	13 	0.767813	0.326609	783   	0.0772373	6.20039	13 	13 	3  	783   	2.03246
INFO:gp:14 	761   	0.634365	14 	0.767813	0.304064	761   	0.0780944	6.29521	14 	11 	3  	761   	2.06466
INFO:gp:15 	796   	0.645837	15 	0.767813	0.331723	796   	0.08115  	6.11437	15 	12 	3  	796   	2.18938
INFO:gp:16 	790   	0.660541	16 	0.768018	0.293444	790   	0.0813226	6.30401	16 	12 	3  	790   	1.90139
INFO:gp:17 	774   	0.68412 	17 	0.770826	0.25203 	774   	0.0782634	6.78592	17 	12 	3  	774   	1.32357
INFO:gp:18 	757   	0.70777 	18 	0.787423	0.307244	757   	0.0772668	7.14272	18 	12 	3  	757   	0.910009
INFO:gp:19 	780   	0.712654	19 	0.806665	0.442794	780   	0.0731775	7.2522 	19 	14 	4  	780   	1.04957 
INFO:gp:20 	760   	0.720689	20 	0.806665	0.435549	760   	0.0715748	7.47312	20 	17 	4  	760   	1.47611 
INFO:gp:21 	774   	0.719658	21 	0.806735	0.334225	774   	0.0719278	7.69208	21 	18 	4  	774   	1.81662 
INFO:gp:22 	769   	0.72757 	22 	0.807095	0.432099	769   	0.0748636	7.69892	22 	15 	4  	769   	1.653   
INFO:gp:23 	766   	0.734292	23 	0.807378	0.380556	766   	0.0725934	7.92669	23 	15 	4  	766   	1.53725 
INFO:gp:24 	757   	0.734569	24 	0.807378	0.304258	757   	0.0822507	8.52395	24 	17 	4  	757   	1.68576 
INFO:gp:25 	754   	0.744893	25 	0.807674	0.3944  	754   	0.0752067	9.5259 	25 	17 	5  	754   	1.96724 
INFO:gp:26 	782   	0.748383	26 	0.807961	0.432605	782   	0.0739039	10.3109	26 	21 	5  	782   	2.10551 
INFO:gp:27 	780   	0.749964	27 	0.807961	0.421349	780   	0.0771709	10.9521	27 	25 	4  	780   	2.26596 
INFO:gp:28 	787   	0.749086	28 	0.808366	0.291529	787   	0.0760621	11.1349	28 	19 	4  	787   	2.00571 
INFO:gp:29 	760   	0.748918	29 	0.808366	0.370196	760   	0.0773671	11.217 	29 	19 	4  	760   	1.8491  
INFO:gp:30 	796   	0.751376	30 	0.808366	0.38342 	796   	0.073404 	11.3265	30 	25 	4  	796   	2.00609 
INFO:gp:31 	777   	0.750016	31 	0.80872 	0.36382 	777   	0.0736123	11.3343	31 	27 	4  	777   	2.36372 
INFO:gp:32 	782   	0.752331	32 	0.80892 	0.45924 	782   	0.0741296	11.1095	32 	23 	5  	782   	2.59817 
INFO:gp:33 	763   	0.757245	33 	0.80892 	0.45345 	763   	0.0691027	10.7439	33 	21 	7  	763   	2.63054 
INFO:gp:34 	790   	0.754161	34 	0.80892 	0.470834	790   	0.0707402	11.1867	34 	22 	6  	790   	2.8252  
INFO:gp:35 	763   	0.754695	35 	0.809012	0.458035	763   	0.0689255	11.8328	35 	25 	7  	763   	2.86285 
INFO:gp:36 	779   	0.754847	36 	0.809012	0.461385	779   	0.0681189	12.5738	36 	23 	9  	779   	2.89101 
INFO:gp:37 	765   	0.754581	37 	0.809167	0.481958	765   	0.0714937	13.1505	37 	26 	7  	765   	2.9797  
INFO:gp:38 	780   	0.755736	38 	0.809336	0.411719	780   	0.0710172	14.2845	38 	31 	6  	780   	3.31533 
INFO:gp:39 	778   	0.754008	39 	0.831081	0.475116	778   	0.0695332	15.2385	39 	31 	9  	778   	3.26805 
INFO:gp:40 	785   	0.756952	40 	0.831081	0.450678	785   	0.0698765	15.6383	40 	31 	4  	785   	3.51956 
INFO:gp:41 	752   	0.756534	41 	0.831407	0.365843	752   	0.0715415	15.4741	41 	31 	9  	752   	3.61179 
INFO:gp:42 	773   	0.757776	42 	0.831407	0.45922 	773   	0.0723999	15.4633	42 	31 	9  	773   	3.62305 
INFO:gp:43 	760   	0.753625	43 	0.831915	0.418931	760   	0.0763232	14.6911	43 	29 	9  	760   	3.42128 
INFO:gp:44 	788   	0.764663	44 	0.831915	0.342567	788   	0.0722714	14.1926	44 	31 	4  	788   	3.47299 
INFO:gp:45 	797   	0.762779	45 	0.831915	0.474113	797   	0.0775892	14.696 	45 	33 	6  	797   	3.88702 
INFO:gp:46 	781   	0.770621	46 	0.832853	0.411794	781   	0.0741692	15.4966	46 	29 	7  	781   	4.23107 
INFO:gp:47 	767   	0.771836	47 	0.833896	0.434873	767   	0.0776981	16.0596	47 	31 	7  	767   	4.40756 
INFO:gp:48 	779   	0.773999	48 	0.833896	0.35944 	779   	0.0766391	15.2874	48 	31 	7  	779   	4.28887 
INFO:gp:49 	768   	0.769587	49 	0.833906	0.479668	768   	0.0776782	14.6549	49 	35 	4  	768   	4.16253 
INFO:gp:50 	781   	0.769808	50 	0.852729	0.310431	781   	0.0814688	15.2219	50 	31 	9  	781   	4.40148 
INFO:gp:51 	781   	0.772495	51 	0.852729	0.440378	781   	0.0800843	16.8338	51 	30 	9  	781   	4.36257 
INFO:gp:52 	771   	0.769964	52 	0.853516	0.408035	771   	0.0811671	18.1838	52 	39 	5  	771   	4.09389 
INFO:gp:53 	788   	0.771897	53 	0.85426 	0.403135	788   	0.0832706	18.5973	53 	34 	7  	788   	3.93148 
INFO:gp:54 	764   	0.783791	54 	0.854323	0.407864	764   	0.0763594	20.0567	54 	39 	5  	764   	4.53817 
INFO:gp:55 	769   	0.782433	55 	0.854323	0.402706	769   	0.0819096	21.9413	55 	47 	5  	769   	4.40679 
INFO:gp:56 	753   	0.794472	56 	0.854323	0.256464	753   	0.0805001	22.7586	56 	33 	9  	753   	3.82145 
INFO:gp:57 	748   	0.794215	57 	0.854432	0.484153	748   	0.0803448	22.1711	57 	37 	8  	748   	3.8464  
INFO:gp:58 	768   	0.791527	58 	0.854432	0.369943	768   	0.0825092	22.0332	58 	37 	9  	768   	3.21057 
INFO:gp:59 	756   	0.796144	59 	0.854514	0.329694	756   	0.0845827	22.1153	59 	37 	6  	756   	2.67028 
INFO:gp:60 	800   	0.795551	60 	0.854514	0.454251	800   	0.0806763	22.2385	60 	39 	5  	800   	2.60607 
INFO:gp:61 	787   	0.79659 	61 	0.854566	0.463281	787   	0.0793615	22.6237	61 	41 	7  	787   	3.04353 
INFO:gp:62 	783   	0.791651	62 	0.854749	0.450648	783   	0.0838485	23.3744	62 	36 	16 	783   	3.25063 
INFO:gp:63 	776   	0.793019	63 	0.854749	0.44252 	776   	0.0855519	24.5846	63 	41 	16 	776   	3.33301 
INFO:gp:64 	791   	0.79525 	64 	0.854816	0.456216	791   	0.0803056	25.3998	64 	37 	12 	791   	3.18928 
INFO:gp:65 	771   	0.797549	65 	0.854816	0.460118	771   	0.0801577	26.4282	65 	40 	17 	771   	3.40899 
INFO:gp:66 	754   	0.798817	66 	0.855015	0.448213	754   	0.0789448	27.7341	66 	40 	18 	754   	3.70908 
INFO:gp:67 	780   	0.794114	67 	0.855015	0.432356	780   	0.0865726	29.3157	67 	61 	20 	780   	3.87979 
INFO:gp:68 	764   	0.793213	68 	0.855037	0.441002	764   	0.083116 	30.7195	68 	40 	18 	764   	3.05257 
INFO:gp:69 	789   	0.796373	69 	0.855047	0.45329 	789   	0.0788014	31.3353	69 	43 	20 	789   	2.77328 
INFO:gp:70 	758   	0.799042	70 	0.855142	0.480485	758   	0.0771941	31.7527	70 	50 	18 	758   	2.79583 
INFO:gp:71 	759   	0.795825	71 	0.855243	0.445818	759   	0.0805463	32.2053	71 	39 	18 	759   	2.67183 
INFO:gp:72 	763   	0.794348	72 	0.855498	0.456274	763   	0.0846406	32.303 	72 	39 	18 	763   	2.88761 
INFO:gp:73 	771   	0.786835	73 	0.855498	0.397966	771   	0.0892094	32.1818	73 	61 	16 	771   	3.01417 
INFO:gp:74 	779   	0.794374	74 	0.855598	0.464123	779   	0.0798424	32.0303	74 	39 	16 	779   	2.65774 
INFO:gp:75 	775   	0.79385 	75 	0.855741	0.340691	775   	0.0869734	32.1271	75 	44 	19 	775   	2.5264  
INFO:gp:76 	766   	0.795041	76 	0.85606 	0.392782	766   	0.0824707	32.2141	76 	61 	14 	766   	2.75704 
INFO:gp:77 	790   	0.792999	77 	0.85606 	0.466832	790   	0.0840523	32.3988	77 	44 	14 	790   	2.28285 
INFO:gp:78 	773   	0.786632	78 	0.85606 	0.429976	773   	0.0858123	32.4761	78 	42 	14 	773   	2.39484 
INFO:gp:79 	775   	0.795062	79 	0.856071	0.413743	775   	0.0854865	32.5054	79 	44 	15 	775   	2.25364 
INFO:gp:80 	771   	0.789615	80 	0.856215	0.371134	771   	0.0889974	32.3109	80 	42 	14 	771   	2.5712  
INFO:gp:81 	760   	0.793637	81 	0.856215	0.408873	760   	0.0858825	32.4438	81 	41 	14 	760   	2.52505 
INFO:gp:82 	789   	0.78936 	82 	0.856292	0.471935	789   	0.0853947	32.4115	82 	39 	14 	789   	2.70399 
INFO:gp:83 	764   	0.791573	83 	0.856379	0.323064	764   	0.0851962	32.6979	83 	45 	14 	764   	2.69493 
INFO:gp:84 	762   	0.787763	84 	0.856509	0.402515	762   	0.0896964	33.1564	84 	43 	14 	762   	2.45088 
INFO:gp:85 	774   	0.785521	85 	0.856509	0.325205	774   	0.0947097	33.2278	85 	46 	9  	774   	2.73172 
INFO:gp:86 	792   	0.786998	86 	0.856528	0.447593	792   	0.0902543	33.7566	86 	64 	14 	792   	2.62151 
INFO:gp:87 	781   	0.78678 	87 	0.856699	0.424158	781   	0.0922235	33.9413	87 	41 	14 	781   	2.67395 
INFO:gp:88 	787   	0.793927	88 	0.856905	0.370443	787   	0.0884144	34.0078	88 	64 	15 	787   	2.89503 
INFO:gp:89 	771   	0.790398	89 	0.856905	0.402902	771   	0.0915658	33.9609	89 	43 	14 	771   	2.66552 
INFO:gp:90 	762   	0.793709	90 	0.856905	0.378228	762   	0.0892071	34.1848	90 	48 	15 	762   	2.74567 
INFO:gp:91 	773   	0.785101	91 	0.857155	0.343464	773   	0.0933624	34.5875	91 	45 	14 	773   	2.01216 
INFO:gp:92 	766   	0.793918	92 	0.857155	0.447774	766   	0.0845751	34.5513	92 	46 	14 	766   	2.30029 
INFO:gp:93 	802   	0.786125	93 	0.857155	0.465744	802   	0.0861158	34.6197	93 	41 	21 	802   	1.96576 
INFO:gp:94 	745   	0.79999 	94 	0.85722 	0.41716 	745   	0.0825694	34.6422	94 	42 	15 	745   	1.99732 
INFO:gp:95 	789   	0.788112	95 	0.85722 	0.378188	789   	0.0928394	34.7165	95 	67 	17 	789   	2.24322 
INFO:gp:96 	759   	0.790545	96 	0.85722 	0.384302	759   	0.0899552	34.7908	96 	45 	21 	759   	1.7953  
INFO:gp:97 	757   	0.795013	97 	0.857272	0.398423	757   	0.0885725	34.6804	97 	54 	21 	757   	2.11046 
INFO:gp:98 	768   	0.79373 	98 	0.857282	0.407856	768   	0.0883979	34.7175	98 	41 	21 	768   	1.64829 
INFO:gp:99 	756   	0.799352	99 	0.857335	0.41627 	756   	0.0866772	34.6931	99 	41 	21 	756   	1.79323 
INFO:gp:100	764   	0.793037	100	0.857335	0.404734	764   	0.0907653	34.9189	100	49 	23 	764   	1.5646  
INFO:gp:101	754   	0.791453	101	0.857335	0.433199	754   	0.0922784	34.9296	101	71 	29 	754   	1.89431 
INFO:gp:102	740   	0.799412	102	0.857415	0.311354	740   	0.0863992	35.1975	102	71 	29 	740   	2.58466 
INFO:gp:103	773   	0.78916 	103	0.857437	0.429322	773   	0.0915834	35.6569	103	71 	26 	773   	2.76527 
INFO:gp:104	767   	0.79559 	104	0.857437	0.460372	767   	0.0851061	35.6549	104	71 	29 	767   	2.72765 
INFO:gp:105	783   	0.791156	105	0.857483	0.443849	783   	0.0901689	35.5806	105	71 	29 	783   	2.23609 
INFO:gp:106	769   	0.795059	106	0.857617	0.398342	769   	0.0867079	35.9482	106	71 	26 	769   	3.0002  
INFO:gp:107	779   	0.798631	107	0.857617	0.401654	779   	0.0856664	36.173 	107	71 	28 	779   	2.59151 
INFO:gp:108	764   	0.789652	108	0.857617	0.374827	764   	0.0925123	36.4301	108	71 	30 	764   	2.53861 
INFO:gp:109	761   	0.79318 	109	0.857682	0.433007	761   	0.0892546	36.6207	109	59 	24 	761   	2.13678 
INFO:gp:110	760   	0.79148 	110	0.857709	0.337841	760   	0.0927556	36.6383	110	59 	30 	760   	2.01805 
INFO:gp:111	781   	0.794621	111	0.857715	0.441208	781   	0.0906307	36.6022	111	59 	30 	781   	1.71677 
INFO:gp:112	789   	0.788935	112	0.857721	0.423743	789   	0.094658 	37.0303	112	72 	30 	789   	1.7928  
INFO:gp:113	752   	0.795737	113	0.857721	0.408562	752   	0.0908632	37.5533	113	74 	33 	752   	3.37417 
INFO:gp:114	750   	0.791689	114	0.857868	0.407151	750   	0.0924707	37.6774	114	72 	30 	750   	2.87395 
INFO:gp:115	764   	0.790722	115	0.857868	0.392328	764   	0.0934229	37.738 	115	72 	24 	764   	2.98772 
INFO:gp:116	766   	0.792406	116	0.857868	0.38089 	766   	0.0931281	37.7077	116	74 	32 	766   	2.47285 
INFO:gp:117	769   	0.789936	117	0.857931	0.432769	769   	0.0907281	37.9326	117	74 	34 	769   	2.59866 
INFO:gp:118	781   	0.7894  	118	0.857938	0.422863	781   	0.0937114	38.6266	118	74 	28 	781   	3.44647 
INFO:gp:119	795   	0.789014	119	0.858292	0.407067	795   	0.0958099	39.4057	119	72 	26 	795   	3.53376 
INFO:gp:120	788   	0.788899	120	0.858297	0.356622	788   	0.0924693	40.6305	120	72 	28 	788   	3.55797 
INFO:gp:121	781   	0.791721	121	0.858297	0.363465	781   	0.0928901	41.9804	121	63 	34 	781   	3.14019 
INFO:gp:122	769   	0.797458	122	0.858298	0.412965	769   	0.0881378	42.7107	122	55 	26 	769   	3.08884 
INFO:gp:123	769   	0.798115	123	0.858298	0.412816	769   	0.0902454	43.2571	123	55 	28 	769   	3.06613 
INFO:gp:124	764   	0.790591	124	0.858298	0.416877	764   	0.0925758	43.0323	124	58 	28 	764   	2.86516 
INFO:gp:125	762   	0.79575 	125	0.858352	0.478763	762   	0.087723 	42.7087	125	66 	26 	762   	3.04851 
INFO:gp:126	764   	0.800798	126	0.858356	0.34584 	764   	0.0864998	42.48  	126	56 	28 	764   	2.88071 
INFO:gp:127	775   	0.793155	127	0.858365	0.367791	775   	0.0943223	42.26  	127	60 	28 	775   	2.83823 
INFO:gp:128	783   	0.792397	128	0.858365	0.380222	783   	0.0893851	42.1916	128	60 	28 	783   	2.56384 
INFO:gp:129	771   	0.794572	129	0.858556	0.479296	771   	0.0898198	42.4497	129	65 	28 	771   	2.87762 
INFO:gp:130	754   	0.796584	130	0.858556	0.376774	754   	0.0874291	42.7615	130	66 	28 	754   	3.67015 
INFO:gp:131	817   	0.78801 	131	0.858556	0.331798	817   	0.0931954	43.0772	131	66 	28 	817   	3.97191 
INFO:gp:132	778   	0.792694	132	0.858557	0.42797 	778   	0.0877426	43.3069	132	67 	28 	778   	4.51387 
INFO:gp:133	785   	0.797866	133	0.858557	0.381874	785   	0.0887459	43.3011	133	73 	30 	785   	4.03737 
INFO:gp:134	773   	0.792219	134	0.858557	0.41085 	773   	0.0905688	42.5562	134	66 	28 	773   	3.22116 
INFO:gp:135	803   	0.793847	135	0.858557	0.354846	803   	0.0896123	41.9726	135	66 	26 	803   	2.71076 
INFO:gp:136	785   	0.796791	136	0.85856 	0.440585	785   	0.0875676	42.0137	136	64 	28 	785   	2.55149 
INFO:gp:137	779   	0.794345	137	0.85856 	0.424756	779   	0.0888543	42.0811	137	66 	29 	779   	2.55922 
INFO:gp:138	772   	0.799207	138	0.858655	0.437233	772   	0.0860959	42.1339	138	66 	30 	772   	2.52508 
INFO:gp:139	772   	0.795792	139	0.858729	0.447774	772   	0.0884256	42.305 	139	66 	29 	772   	2.45006 
INFO:gp:140	782   	0.796636	140	0.85873 	0.397857	782   	0.0914451	42.6178	140	66 	27 	782   	2.67561 
INFO:gp:141	769   	0.80231 	141	0.858734	0.360411	769   	0.0868613	42.7155	141	66 	33 	769   	2.67793 
INFO:gp:142	787   	0.798014	142	0.858734	0.36046 	787   	0.0882357	42.6041	142	83 	28 	787   	3.06825 
INFO:gp:143	780   	0.793344	143	0.858838	0.370396	780   	0.0922385	43.001 	143	83 	28 	780   	4.50404 
INFO:gp:144	789   	0.791703	144	0.858839	0.41195 	789   	0.0938979	43.9511	144	83 	28 	789   	6.71422 
INFO:gp:145	791   	0.793142	145	0.858843	0.420718	791   	0.0944143	44.9384	145	83 	28 	791   	8.76918 
INFO:gp:146	783   	0.795983	146	0.858843	0.372122	783   	0.0911629	44.956 	146	85 	28 	783   	9.11387 
INFO:gp:147	790   	0.790383	147	0.858903	0.332565	790   	0.0956902	45.8426	147	88 	28 	790   	10.4277 
INFO:gp:148	773   	0.79409 	148	0.858903	0.498831	773   	0.0870991	48.7214	148	87 	28 	773   	13.8511 
INFO:gp:149	783   	0.78959 	149	0.858903	0.338188	783   	0.0974337	47.3793	149	86 	28 	783   	12.578  
INFO:gp:150	772   	0.789287	150	0.858903	0.378148	772   	0.0970506	45.0557	150	86 	28 	772   	10.1348 
INFO:gp:151	773   	0.791939	151	0.858904	0.404327	773   	0.0953956	44.0391	151	86 	28 	773   	8.33994 
INFO:gp:152	724   	0.801275	152	0.858929	0.407432	724   	0.0883405	43.5415	152	86 	28 	724   	6.23677 
INFO:gp:153	758   	0.801813	153	0.89328 	0.397301	758   	0.0855494	43.262 	153	86 	26 	758   	5.60371 
INFO:gp:154	765   	0.794921	154	0.89328 	0.379581	765   	0.0932796	43.0841	154	86 	28 	765   	5.02455 
INFO:gp:155	768   	0.800299	155	0.89328 	0.360626	768   	0.0882892	42.4917	155	86 	28 	768   	3.94781 
INFO:gp:156	765   	0.79293 	156	0.893281	0.381551	765   	0.0942894	42.5171	156	83 	26 	765   	3.44251 
INFO:gp:157	757   	0.797796	157	0.89362 	0.361737	757   	0.093403 	42.7634	157	66 	28 	757   	3.45997 
INFO:gp:158	767   	0.807375	158	0.893627	0.429844	767   	0.0944124	42.8719	158	70 	26 	767   	4.08873 
INFO:gp:159	773   	0.810127	159	0.893786	0.384731	773   	0.102683 	43.0547	159	70 	26 	773   	4.45516 
INFO:gp:160	785   	0.813925	160	0.893786	0.443414	785   	0.0978581	43.6334	160	70 	28 	785   	4.45061 
INFO:gp:161	772   	0.811369	161	0.893791	0.454175	772   	0.100449 	44.2815	161	70 	28 	772   	3.81269 
INFO:gp:162	775   	0.816652	162	0.893791	0.453396	775   	0.0992762	44.5963	162	70 	28 	775   	3.63004 
INFO:gp:163	785   	0.80938 	163	0.893797	0.41708 	785   	0.10149  	45.0156	163	70 	28 	785   	3.74136 
INFO:gp:164	794   	0.810852	164	0.893797	0.456999	794   	0.0982962	45.3441	164	60 	23 	794   	3.55722 
INFO:gp:165	783   	0.808648	165	0.893867	0.292345	783   	0.10069  	45.3959	165	58 	28 	783   	3.59954 
INFO:gp:166	802   	0.805439	166	0.893867	0.411927	802   	0.103517 	45.5064	166	67 	28 	802   	3.52338 
INFO:gp:167	783   	0.816152	167	0.893867	0.423171	783   	0.101026 	45.563 	167	67 	28 	783   	4.22228 
INFO:gp:168	773   	0.815368	168	0.893867	0.46805 	773   	0.0980332	46.3666	168	67 	27 	773   	5.18358 
INFO:gp:169	783   	0.810919	169	0.893867	0.469352	783   	0.101305 	48.7488	169	68 	25 	783   	6.59486 
INFO:gp:170	808   	0.806243	170	0.893871	0.26466 	808   	0.10295  	51.5953	170	68 	24 	808   	7.69256 
INFO:gp:171	793   	0.810445	171	0.893882	0.394347	793   	0.105144 	53.3011	171	69 	22 	793   	7.69934 
INFO:gp:172	781   	0.813166	172	0.893882	0.411664	781   	0.100216 	54.8641	172	70 	28 	781   	6.38395 
INFO:gp:173	768   	0.814015	173	0.893882	0.390622	768   	0.100688 	55.1457	173	70 	28 	768   	5.47181 
INFO:gp:174	753   	0.811824	174	0.893882	0.310293	753   	0.100247 	55.4389	174	80 	28 	753   	5.09997 
INFO:gp:175	792   	0.807072	175	0.893882	0.394608	792   	0.103994 	55.8749	175	80 	28 	792   	4.77939 
INFO:gp:176	786   	0.811907	176	0.893921	0.313782	786   	0.100975 	56.0704	176	80 	28 	786   	4.31018 
INFO:gp:177	770   	0.810509	177	0.893921	0.389557	770   	0.101527 	56.1398	177	112	28 	770   	4.13896 
INFO:gp:178	778   	0.813159	178	0.893921	0.437365	778   	0.0984562	56.2307	178	112	28 	778   	4.68537 
INFO:gp:179	751   	0.814649	179	0.893921	0.279382	751   	0.101069 	56.2845	179	112	26 	751   	4.1384  
INFO:gp:180	796   	0.808238	180	0.893921	0.38919 	796   	0.10505  	56.2581	180	112	28 	796   	4.61243 
INFO:gp:181	791   	0.810956	181	0.893921	0.312098	791   	0.0993208	56.3851	181	112	28 	791   	4.06668 
INFO:gp:182	759   	0.814047	182	0.89393 	0.41558 	759   	0.0984626	56.3021	182	70 	28 	759   	4.03039 
INFO:gp:183	758   	0.815429	183	0.89393 	0.436812	758   	0.0982461	56.6168	183	78 	28 	758   	4.07167 
INFO:gp:184	790   	0.814088	184	0.893938	0.411432	790   	0.0961547	56.348 	184	78 	28 	790   	4.39587 
INFO:gp:185	744   	0.824879	185	0.89394 	0.418898	744   	0.0948944	56.0528	185	79 	28 	744   	4.32469 
INFO:gp:186	772   	0.811671	186	0.89394 	0.410159	772   	0.102121 	56.1065	186	78 	28 	772   	3.91595 
INFO:gp:187	787   	0.810328	187	0.89394 	0.368999	787   	0.100176 	56.0929	187	78 	28 	787   	3.68216 
INFO:gp:188	757   	0.819879	188	0.89394 	0.406852	757   	0.0957808	56.4428	188	78 	28 	757   	4.73609 
INFO:gp:189	757   	0.81357 	189	0.89394 	0.425338	757   	0.101834 	57.1984	189	78 	22 	757   	4.73715 
INFO:gp:190	762   	0.816061	190	0.893944	0.434484	762   	0.0996334	56.4174	190	78 	28 	762   	4.59512 
INFO:gp:191	773   	0.812738	191	0.893944	0.391147	773   	0.10194  	56.565 	191	78 	28 	773   	4.38533 
INFO:gp:192	787   	0.812431	192	0.893944	0.352475	787   	0.103838 	57.3284	192	78 	27 	787   	4.3771  
INFO:gp:193	788   	0.813035	193	0.893946	0.452266	788   	0.0975903	57.5425	193	78 	27 	788   	4.57605 
INFO:gp:194	781   	0.815697	194	0.893946	0.401621	781   	0.0951373	57.5816	194	79 	28 	781   	5.11595 
INFO:gp:195	776   	0.809643	195	0.893946	0.357861	776   	0.102923 	57.828 	195	79 	28 	776   	5.72024 
INFO:gp:196	796   	0.817711	196	0.89395 	0.426173	796   	0.0966988	57.3734	196	78 	28 	796   	5.93459 
INFO:gp:197	777   	0.813132	197	0.89395 	0.419799	777   	0.0984868	55.6442	197	114	24 	777   	6.17111 
INFO:gp:198	772   	0.819551	198	0.89395 	0.439498	772   	0.096839 	54.5552	198	85 	28 	772   	5.20495 
INFO:gp:199	785   	0.817029	199	0.89395 	0.431649	785   	0.0995284	53.737 	199	81 	28 	785   	4.69086 
INFO:gp:200	765   	0.811872	200	0.89395 	0.387026	765   	0.0981464	54.48  	200	73 	28 	765   	4.65289 
INFO:gp:201	760   	0.816397	201	0.893951	0.436661	760   	0.0978379	55.2981	201	74 	28 	760   	5.48739 
INFO:gp:202	764   	0.812929	202	0.893952	0.421065	764   	0.101879 	57.3891	202	74 	28 	764   	5.60923 
INFO:gp:203	778   	0.810297	203	0.893952	0.403197	778   	0.100646 	59.5523	203	74 	28 	778   	4.77192 
INFO:gp:204	777   	0.815433	204	0.893952	0.430048	777   	0.0960734	60.5836	204	76 	28 	777   	5.15513 
INFO:gp:205	803   	0.811205	205	0.893952	0.404895	803   	0.0965279	61.6237	205	76 	27 	803   	5.29539 
INFO:gp:206	742   	0.812708	206	0.893952	0.393634	742   	0.0994855	62.4936	206	83 	28 	742   	5.41094 
INFO:gp:207	750   	0.820016	207	0.893953	0.38277 	750   	0.0969049	62.7107	207	83 	28 	750   	5.34703 
INFO:gp:208	789   	0.81536 	208	0.893953	0.278866	789   	0.101373 	62.3861	208	83 	28 	789   	5.07293 
INFO:gp:209	752   	0.81402 	209	0.893954	0.44058 	752   	0.101389 	61.697 	209	83 	28 	752   	5.56716 
INFO:gp:210	773   	0.817404	210	0.893954	0.444522	773   	0.0970958	61.3666	210	83 	28 	773   	4.59924 
INFO:gp:211	775   	0.80811 	211	0.893954	0.424554	775   	0.104199 	61.4321	211	83 	28 	775   	4.65517 
INFO:gp:212	752   	0.817305	212	0.893954	0.412545	752   	0.101598 	61.5797	212	81 	28 	752   	4.50689 
INFO:gp:213	763   	0.817937	213	0.893954	0.41298 	763   	0.0997836	61.8886	213	81 	28 	763   	4.31702 
INFO:gp:214	770   	0.81647 	214	0.893955	0.406283	770   	0.101505 	61.0899	214	81 	28 	770   	4.84881 
INFO:gp:215	794   	0.814524	215	0.893955	0.427967	794   	0.0985744	60.9707	215	81 	28 	794   	4.24576 
INFO:gp:216	776   	0.814387	216	0.893956	0.470304	776   	0.100692 	60.1095	216	72 	28 	776   	3.86524 
INFO:gp:217	764   	0.814821	217	0.893956	0.27951 	764   	0.100803 	59.1339	217	106	28 	764   	5.37223 
INFO:gp:218	765   	0.812445	218	0.893956	0.344821	765   	0.105262 	59.2014	218	106	27 	765   	5.97114 
INFO:gp:219	759   	0.818424	219	0.893958	0.311403	759   	0.101045 	58.8338	219	106	28 	759   	5.38614 
INFO:gp:220	744   	0.819979	220	0.893958	0.422915	744   	0.0975892	59.7312	220	106	28 	744   	4.94318 
INFO:gp:221	789   	0.815571	221	0.89396 	0.469097	789   	0.0967717	60.3109	221	106	25 	789   	4.94141 
INFO:gp:222	793   	0.809417	222	0.89396 	0.457948	793   	0.102632 	60.4194	222	106	28 	793   	4.53067 
INFO:gp:223	772   	0.80877 	223	0.89396 	0.311404	772   	0.102282 	60.2561	223	106	28 	772   	5.38751 
INFO:gp:224	776   	0.815931	224	0.89396 	0.408756	776   	0.100251 	59.9316	224	106	28 	776   	4.81721 
INFO:gp:225	799   	0.812327	225	0.89396 	0.425353	799   	0.09914  	59.2336	225	80 	28 	799   	4.94082 
INFO:gp:226	753   	0.812158	226	0.89396 	0.430932	753   	0.100767 	59.4633	226	80 	26 	753   	5.54713 
INFO:gp:227	780   	0.814431	227	0.893961	0.341446	780   	0.100674 	60.6833	227	80 	28 	780   	5.34676 
INFO:gp:228	768   	0.820388	228	0.893961	0.45131 	768   	0.0955134	61.9902	228	80 	27 	768   	5.11929 
INFO:gp:229	768   	0.815228	229	0.893961	0.431388	768   	0.101195 	63.2307	229	80 	28 	768   	4.31976 
INFO:gp:230	779   	0.811971	230	0.893965	0.390109	779   	0.102234 	63.5406	230	88 	28 	779   	4.57543 
INFO:gp:231	774   	0.813889	231	0.893965	0.391075	774   	0.100027 	64.1496	231	88 	28 	774   	4.58205 
INFO:gp:232	767   	0.818494	232	0.893965	0.445201	767   	0.10147  	65.0948	232	90 	26 	767   	4.99108 
INFO:gp:233	758   	0.817147	233	0.893965	0.418068	758   	0.100294 	65.3392	233	88 	28 	758   	4.97357 
INFO:gp:234	760   	0.821652	234	0.893965	0.390992	760   	0.0977397	65.2678	234	90 	28 	760   	5.64497 
INFO:gp:235	747   	0.816277	235	0.893965	0.278413	747   	0.100909 	65.7889	235	88 	28 	747   	6.29857 
INFO:gp:236	774   	0.813242	236	0.893965	0.411492	774   	0.103718 	65.2923	236	89 	22 	774   	6.89253 
INFO:gp:237	768   	0.818808	237	0.893965	0.356484	768   	0.100797 	63.9922	237	88 	28 	768   	5.07172 
INFO:gp:238	768   	0.815724	238	0.893965	0.4042  	768   	0.101588 	64.1056	238	88 	28 	768   	4.54376 
INFO:gp:239	786   	0.814081	239	0.893965	0.298201	786   	0.102057 	64.1153	239	88 	28 	786   	4.8309  
INFO:gp:240	775   	0.813673	240	0.893965	0.473047	775   	0.0980169	64.1877	240	88 	28 	775   	4.43592 
INFO:gp:241	795   	0.807598	241	0.893965	0.398711	795   	0.103497 	63.9609	241	88 	28 	795   	4.32687 
INFO:gp:242	773   	0.811083	242	0.893965	0.404574	773   	0.100819 	63.3646	242	94 	28 	773   	5.02574 
INFO:gp:243	767   	0.811586	243	0.893965	0.376009	767   	0.101399 	62.9267	243	85 	28 	767   	4.78527 
INFO:gp:244	791   	0.809289	244	0.893966	0.325625	791   	0.101778 	62.4927	244	85 	26 	791   	4.36413 
INFO:gp:245	768   	0.813603	245	0.893966	0.407527	768   	0.0979208	62.4985	245	86 	38 	768   	3.47308 
INFO:gp:246	763   	0.815335	246	0.89397 	0.409632	763   	0.101316 	62.6481	246	86 	28 	763   	4.03471 
INFO:gp:247	774   	0.816228	247	0.89397 	0.38186 	774   	0.0996229	62.9648	247	121	28 	774   	5.1291  
INFO:gp:248	759   	0.814212	248	0.89397 	0.403419	759   	0.0982578	63.5738	248	121	22 	759   	5.30259 
INFO:gp:249	768   	0.808862	249	0.89397 	0.362752	768   	0.101007 	63.9218	249	121	28 	768   	5.31765 
INFO:gp:250	781   	0.822039	250	0.89397 	0.425803	781   	0.0959737	64.0068	250	121	28 	781   	5.54136 
INFO:gp:251	778   	0.815053	251	0.89397 	0.356578	778   	0.100402 	63.9277	251	121	33 	778   	5.19386 
INFO:gp:252	755   	0.81692 	252	0.89397 	0.355786	755   	0.0978034	64.304 	252	121	28 	755   	5.07389 
INFO:gp:253	779   	0.815728	253	0.89397 	0.445694	779   	0.0921792	64.8368	253	78 	28 	779   	5.46648 
INFO:gp:254	782   	0.817219	254	0.89397 	0.371389	782   	0.0957228	65.1584	254	88 	28 	782   	5.53071 
INFO:gp:255	765   	0.817409	255	0.89397 	0.390572	765   	0.0964133	64.7556	255	79 	28 	765   	5.77933 
INFO:gp:256	775   	0.818812	256	0.894369	0.471956	775   	0.0909676	64.0919	256	123	28 	775   	5.28053 
INFO:gp:257	791   	0.816077	257	0.894369	0.457864	791   	0.0966235	63.8016	257	123	23 	791   	6.24623 
INFO:gp:258	753   	0.824767	258	0.894369	0.48929 	753   	0.0885972	63.8201	258	123	28 	753   	5.11289 
INFO:gp:259	756   	0.815318	259	0.894369	0.378775	756   	0.0988911	64.4242	259	123	32 	756   	4.59077 
INFO:gp:260	771   	0.817252	260	0.894369	0.467284	771   	0.0912377	65.174 	260	123	31 	771   	5.24875 
INFO:gp:261	773   	0.815887	261	0.894369	0.423242	773   	0.0961666	65.2356	261	131	28 	773   	6.24118 
INFO:gp:262	768   	0.811883	262	0.894369	0.412637	768   	0.0976864	64.8719	262	131	28 	768   	6.13136 
INFO:gp:263	796   	0.809689	263	0.894369	0.388531	796   	0.0974016	64.652 	263	131	28 	796   	8.32444 
INFO:gp:264	734   	0.821901	264	0.894369	0.425561	734   	0.0942092	65.042 	264	131	27 	734   	10.7741 
INFO:gp:265	780   	0.815737	265	0.894369	0.456327	780   	0.0943872	67.5591	265	131	27 	780   	15.1277 
INFO:gp:266	774   	0.81888 	266	0.894369	0.435117	774   	0.0927454	73.3294	266	113	28 	774   	18.6822 
INFO:gp:267	774   	0.813917	267	0.894369	0.460926	774   	0.0960402	80.1427	267	113	31 	774   	20.5602 
INFO:gp:268	788   	0.813879	268	0.894369	0.393243	788   	0.09401  	79.4917	268	120	42 	788   	19.7553 
INFO:gp:269	754   	0.823055	269	0.894369	0.437896	754   	0.091745 	74.4516	269	115	30 	754   	16.7736 
INFO:gp:270	798   	0.815099	270	0.894369	0.388531	798   	0.0953831	73.6315	270	115	24 	798   	16.5876 
INFO:gp:271	762   	0.816502	271	0.89437 	0.490759	762   	0.0934423	77.65  	271	115	28 	762   	19.1728 
INFO:gp:272	766   	0.814193	272	0.89437 	0.388531	766   	0.0964803	84.1916	272	120	28 	766   	21.8691 
INFO:gp:273	760   	0.817323	273	0.89437 	0.381368	760   	0.0960749	92.7234	273	120	28 	760   	21.8754 
INFO:gp:274	772   	0.819555	274	0.89437 	0.388531	772   	0.0956688	97.5982	274	121	25 	772   	21.0585 
INFO:gp:275	750   	0.820427	275	0.89437 	0.392275	750   	0.0935816	97.1642	275	121	30 	750   	21.1921 
INFO:gp:276	794   	0.809918	276	0.89437 	0.388531	794   	0.0992882	91.1632	276	121	30 	794   	22.1666 
INFO:gp:277	755   	0.822533	277	0.89437 	0.392298	755   	0.0926287	86.3666	277	121	28 	755   	21.3361 
INFO:gp:278	759   	0.82087 	278	0.89437 	0.219968	759   	0.0931974	79.5425	278	121	28 	759   	17.8663 
INFO:gp:279	771   	0.815716	279	0.89437 	0.397777	771   	0.0972519	76.9589	279	121	26 	771   	14.9513 
INFO:gp:280	758   	0.813445	280	0.89437 	0.447691	758   	0.0977693	75.7546	280	121	25 	758   	13.0101 
INFO:gp:281	778   	0.820123	281	0.89437 	0.370294	778   	0.092924 	74.4184	281	121	28 	778   	12.0979 
INFO:gp:282	782   	0.818434	282	0.89437 	0.436894	782   	0.0953506	74.1965	282	121	28 	782   	11.3608 
INFO:gp:283	748   	0.819594	283	0.89437 	0.464345	748   	0.0930976	73.7791	283	121	28 	748   	9.9515  
INFO:gp:284	783   	0.819039	284	0.89437 	0.388533	783   	0.0939259	73.8397	284	121	24 	783   	9.26263 
INFO:gp:285	783   	0.817373	285	0.89437 	0.468135	783   	0.0948894	73.522 	285	119	30 	783   	6.95842 
INFO:gp:286	723   	0.823297	286	0.89437 	0.446522	723   	0.0937869	73.3021	286	143	28 	723   	7.04376 
INFO:gp:287	779   	0.814412	287	0.89437 	0.383177	779   	0.0957508	73.7087	287	143	28 	779   	7.69273 
INFO:gp:288	780   	0.815968	288	0.89437 	0.423839	780   	0.0933779	73.5152	288	143	28 	780   	8.07683 
INFO:gp:289	768   	0.822335	289	0.89437 	0.489366	768   	0.0914591	74.2366	289	143	28 	768   	9.77522 
INFO:gp:290	774   	0.820603	290	0.89437 	0.477857	774   	0.0935719	74.6598	290	143	28 	774   	9.54659 
INFO:gp:291	787   	0.818889	291	0.89437 	0.426689	787   	0.0927722	76.5308	291	143	28 	787   	15.2327 
INFO:gp:292	779   	0.818039	292	0.89437 	0.388533	779   	0.0932133	82.7947	292	149	28 	779   	23.9933 
INFO:gp:293	793   	0.82627 	293	0.89437 	0.53467 	793   	0.0864153	93.2962	293	149	28 	793   	31.6642 
INFO:gp:294	778   	0.8182  	294	0.89437 	0.452835	778   	0.0932626	110.019	294	151	24 	778   	34.3308 
INFO:gp:295	772   	0.820208	295	0.89437 	0.469003	772   	0.0939156	116.31 	295	148	28 	772   	33.1664 
INFO:gp:296	804   	0.811972	296	0.89437 	0.343274	804   	0.0952399	116.364	296	146	58 	804   	32.6334 
INFO:gp:297	768   	0.820911	297	0.89437 	0.370655	768   	0.0922785	120.248	297	154	32 	768   	31.5369 
INFO:gp:298	784   	0.822046	298	0.89437 	0.449426	784   	0.088915 	128.086	298	154	28 	784   	27.8079 
INFO:gp:299	806   	0.80769 	299	0.89437 	0.441465	806   	0.0973065	135    	299	154	52 	806   	21.4936 
INFO:gp:300	771   	0.818471	300	0.89437 	0.419501	771   	0.0941786	135.569	300	154	70 	771   	21.2091 
INFO:gp:301	775   	0.817843	301	0.89437 	0.453313	775   	0.0926631	137.536	301	154	73 	775   	19.2775 
INFO:gp:302	758   	0.81614 	302	0.89437 	0.232006	758   	0.0975711	139.714	302	156	28 	758   	18.1536 
INFO:gp:303	785   	0.822538	303	0.89437 	0.366599	785   	0.0923861	141.749	303	161	28 	785   	17.9562 
INFO:gp:304	780   	0.820042	304	0.89437 	0.456421	780   	0.0922707	143.935	304	156	57 	780   	18.1944 
INFO:gp:305	740   	0.826496	305	0.89437 	0.462178	740   	0.0893542	146.894	305	158	72 	740   	17.0674 
INFO:gp:306	777   	0.819716	306	0.89437 	0.454402	777   	0.0925707	148.857	306	158	28 	777   	17.0972 
INFO:gp:307	760   	0.82798 	307	0.89437 	0.434907	760   	0.0888917	149.867	307	161	70 	760   	15.8674 
INFO:gp:308	761   	0.825792	308	0.89437 	0.459052	761   	0.0876076	151.297	308	162	70 	761   	13.2255 
INFO:gp:309	773   	0.821948	309	0.89437 	0.470335	773   	0.0897252	151.266	309	161	73 	773   	12.9319 
INFO:gp:310	779   	0.819211	310	0.89437 	0.47076 	779   	0.0925237	152.457	310	167	24 	779   	9.41598 
INFO:gp:311	788   	0.816436	311	0.89437 	0.379143	788   	0.0899599	152.964	311	163	75 	788   	5.21818 
INFO:gp:312	760   	0.818381	312	0.89437 	0.362836	760   	0.0966576	152.004	312	162	28 	760   	7.51967 
INFO:gp:313	755   	0.815079	313	0.89437 	0.388533	755   	0.093927 	152.458	313	162	81 	755   	4.9308  
INFO:gp:314	773   	0.816573	314	0.89437 	0.418309	773   	0.0954514	153.389	314	164	111	773   	4.8809  
INFO:gp:315	780   	0.821374	315	0.89437 	0.388533	780   	0.0931208	154.703	315	166	28 	780   	7.79902 
INFO:gp:316	803   	0.820802	316	0.89437 	0.386795	803   	0.0924475	155.904	316	166	74 	803   	6.56843 
INFO:gp:317	748   	0.822705	317	0.89437 	0.430718	748   	0.0895201	156.839	317	165	88 	748   	4.6163  
INFO:gp:318	780   	0.818147	318	0.89437 	0.320406	780   	0.0963939	157.034	318	165	73 	780   	6.18782 
INFO:gp:319	780   	0.823383	319	0.89437 	0.460959	780   	0.0909161	157.624	319	165	88 	780   	5.1708  
INFO:gp:320	759   	0.823684	320	0.89437 	0.465733	759   	0.0902721	157.621	320	164	28 	759   	6.96246 
INFO:gp:321	779   	0.819139	321	0.89437 	0.409789	779   	0.09416  	158.081	321	166	73 	779   	5.33348 
INFO:gp:322	801   	0.819124	322	0.894371	0.478437	801   	0.0913683	157.96 	322	167	28 	801   	6.48627 
INFO:gp:323	764   	0.822408	323	0.894371	0.308195	764   	0.0917659	157.743	323	166	88 	764   	4.96019 
INFO:gp:324	751   	0.822374	324	0.894371	0.411352	751   	0.0894271	157.32 	324	163	75 	751   	5.27841 
INFO:gp:325	804   	0.812935	325	0.894371	0.410368	804   	0.0929492	155.589	325	163	89 	804   	7.04139 
INFO:gp:326	751   	0.821743	326	0.894371	0.452605	751   	0.0940951	153.481	326	165	73 	751   	9.74942 
INFO:gp:327	791   	0.821691	327	0.894371	0.388533	791   	0.0923903	150.502	327	165	96 	791   	9.42293 
INFO:gp:328	780   	0.814855	328	0.894371	0.393077	780   	0.0945291	146.332	328	163	77 	780   	9.12416 
INFO:gp:329	772   	0.818959	329	0.894371	0.397624	772   	0.0926964	143.233	329	163	69 	772   	8.06902 
INFO:gp:330	776   	0.817145	330	0.894371	0.392826	776   	0.0914807	141.695	330	163	69 	776   	7.06061 
INFO:gp:331	752   	0.820481	331	0.894371	0.388533	752   	0.0937364	140.453	331	163	30 	752   	7.86714 
INFO:gp:332	788   	0.814234	332	0.894371	0.430262	788   	0.0950428	140.393	332	162	75 	788   	6.58414 
INFO:gp:333	770   	0.820477	333	0.894371	0.465963	770   	0.0912713	140.709	333	161	69 	770   	6.6689  
INFO:gp:334	788   	0.816216	334	0.894371	0.469646	788   	0.0921285	140.851	334	160	75 	788   	4.17499 
INFO:gp:335	739   	0.819241	335	0.894371	0.444929	739   	0.0913015	140.597	335	154	69 	739   	5.34628 
INFO:gp:336	783   	0.819084	336	0.894371	0.395659	783   	0.0927258	140.957	336	154	101	783   	4.02486 
INFO:gp:337	760   	0.820275	337	0.894371	0.403897	760   	0.095109 	141.619	337	154	105	760   	3.8309  
INFO:gp:338	777   	0.822874	338	0.894371	0.459039	777   	0.0906759	142.209	338	154	28 	777   	4.90309 
INFO:gp:339	771   	0.817941	339	0.894371	0.39706 	771   	0.0955351	142.167	339	155	70 	771   	5.1608  
INFO:gp:340	780   	0.819762	340	0.894371	0.388533	780   	0.0925674	142.213	340	153	70 	780   	5.83041 
INFO:gp:341	776   	0.819019	341	0.894371	0.404222	776   	0.0927802	142.612	341	161	69 	776   	5.8846  
INFO:gp:342	778   	0.822707	342	0.894371	0.451675	778   	0.0907882	142.951	342	153	71 	778   	6.87733 
INFO:gp:343	773   	0.820946	343	0.894486	0.3333  	773   	0.092228 	143.414	343	153	68 	773   	6.38625 
INFO:gp:344	750   	0.821002	344	0.894486	0.289354	750   	0.0963517	143.255	344	161	28 	750   	7.06404 
INFO:gp:345	786   	0.818616	345	0.894486	0.456194	786   	0.0934611	143.107	345	161	68 	786   	6.56164 
INFO:gp:346	744   	0.821319	346	0.894486	0.388533	744   	0.0946511	142.985	346	161	73 	744   	6.86447 
INFO:gp:347	780   	0.823782	347	0.894486	0.426793	780   	0.0921415	142.511	347	161	67 	780   	8.97415 
INFO:gp:348	775   	0.827464	348	0.894486	0.401645	775   	0.0902704	140.675	348	161	37 	775   	10.3741 
INFO:gp:349	792   	0.827494	349	0.894487	0.418923	792   	0.0959053	141.747	349	161	70 	792   	9.77716 
INFO:gp:350	762   	0.823591	350	0.894487	0.413701	762   	0.0948297	145.189	350	164	73 	762   	8.41068 
INFO:gp:351	765   	0.830121	351	0.894487	0.401659	765   	0.0926042	147.345	351	164	102	765   	7.43727 
INFO:gp:352	763   	0.830215	352	0.894487	0.401659	763   	0.0941172	147.126	352	162	79 	763   	8.38263 
INFO:gp:353	786   	0.827612	353	0.894488	0.498576	786   	0.091645 	145.233	353	163	79 	786   	8.16883 
INFO:gp:354	771   	0.825309	354	0.894488	0.418821	771   	0.0974933	144.111	354	163	64 	771   	8.3766  
INFO:gp:355	786   	0.831939	355	0.894488	0.40166 	786   	0.0894372	145.224	355	163	79 	786   	7.36559 
INFO:gp:356	799   	0.822475	356	0.894488	0.419022	799   	0.0970447	145.493	356	160	28 	799   	8.51677 
INFO:gp:357	768   	0.827455	357	0.894488	0.40166 	768   	0.0967839	143.191	357	160	68 	768   	8.11801 
INFO:gp:358	770   	0.825836	358	0.894488	0.46517 	770   	0.0933223	139.998	358	158	77 	770   	7.24748 
INFO:gp:359	790   	0.831811	359	0.894488	0.467173	790   	0.0909818	137.304	359	158	75 	790   	6.8862  
INFO:gp:360	792   	0.825435	360	0.894488	0.441435	792   	0.0922363	135.406	360	155	65 	792   	6.38628 
INFO:gp:361	765   	0.824717	361	0.894637	0.357645	765   	0.09768  	134.429	361	155	65 	765   	6.45434 
INFO:gp:362	762   	0.825759	362	0.894637	0.420097	762   	0.094642 	134.567	362	149	104	762   	4.62041 
INFO:gp:363	773   	0.828719	363	0.894637	0.448305	773   	0.0915518	133.951	363	148	28 	773   	7.10469 
INFO:gp:364	785   	0.832794	364	0.894637	0.491391	785   	0.0878468	134.252	364	146	62 	785   	6.11449 
INFO:gp:365	812   	0.825651	365	0.894637	0.401661	812   	0.0928586	134.187	365	146	76 	812   	7.5483  
INFO:gp:366	775   	0.829801	366	0.894637	0.40184 	775   	0.0889654	132.506	366	160	70 	775   	10.4571 
INFO:gp:367	769   	0.833511	367	0.894707	0.301893	769   	0.088015 	131.549	367	147	70 	769   	11.0838 
INFO:gp:368	780   	0.829403	368	0.894707	0.356159	780   	0.0909932	131.766	368	149	65 	780   	10.0577 
INFO:gp:369	723   	0.836442	369	0.894707	0.40184 	723   	0.0876422	133.447	369	149	28 	723   	8.32096 
INFO:gp:370	761   	0.834457	370	0.894707	0.424761	761   	0.0879034	132.949	370	157	63 	761   	9.14269 
INFO:gp:371	768   	0.833102	371	0.894707	0.440741	768   	0.0873097	131.357	371	144	28 	768   	10.2373 
INFO:gp:372	760   	0.830304	372	0.894707	0.441842	760   	0.0902521	131.322	372	144	28 	760   	10.0422 
INFO:gp:373	790   	0.825629	373	0.894707	0.435631	790   	0.0930768	133.761	373	149	28 	790   	8.82979 
INFO:gp:374	767   	0.827567	374	0.894707	0.466691	767   	0.0926959	135.999	374	149	60 	767   	6.35731 
INFO:gp:375	771   	0.827076	375	0.912908	0.460716	771   	0.093789 	136.32 	375	149	64 	771   	7.19825 
INFO:gp:376	768   	0.827233	376	0.912908	0.477266	768   	0.0914206	136.616	376	150	28 	768   	6.12895 
INFO:gp:377	785   	0.819734	377	0.912908	0.306854	785   	0.0981566	136.632	377	150	63 	785   	4.35293 
INFO:gp:378	760   	0.83026 	378	0.912908	0.492929	760   	0.0896391	136.258	378	149	76 	760   	4.61688 
INFO:gp:379	796   	0.830584	379	0.912908	0.449219	796   	0.0906442	136.24 	379	149	63 	796   	5.75322 
INFO:gp:380	777   	0.832944	380	0.913025	0.470941	777   	0.0934874	136.578	380	149	65 	777   	4.87754 
INFO:gp:381	797   	0.835948	381	0.913538	0.497217	797   	0.0947866	136.75 	381	149	65 	797   	5.65702 
INFO:gp:382	754   	0.843367	382	0.913538	0.511678	754   	0.0920019	136.74 	382	149	28 	754   	7.91776 
INFO:gp:383	772   	0.845989	383	0.913538	0.50678 	772   	0.0906663	137.328	383	153	28 	772   	6.77625 
INFO:gp:384	757   	0.841216	384	0.913538	0.477292	757   	0.0929905	136.487	384	150	28 	757   	8.46415 
INFO:gp:385	760   	0.839337	385	0.913539	0.401932	760   	0.0957084	135.184	385	150	68 	760   	10.3007 
INFO:gp:386	795   	0.838659	386	0.913752	0.417002	795   	0.0925415	133.747	386	150	55 	795   	11.3855 
INFO:gp:387	799   	0.845951	387	0.913754	0.525449	799   	0.0896914	132.705	387	151	71 	799   	12.8477 
INFO:gp:388	782   	0.839447	388	0.913757	0.475208	782   	0.0956836	133.708	388	149	71 	782   	9.77247 
INFO:gp:389	776   	0.842594	389	0.91379 	0.445706	776   	0.0935638	134.103	389	145	65 	776   	8.09222 
INFO:gp:390	794   	0.843101	390	0.91399 	0.489543	794   	0.0946399	134.676	390	144	68 	794   	5.74651 
INFO:gp:391	766   	0.840482	391	0.91399 	0.469904	766   	0.0953062	133.693	391	145	65 	766   	6.70461 
INFO:gp:392	800   	0.845199	392	0.91399 	0.454136	800   	0.0916261	132.355	392	142	63 	800   	8.84471 
INFO:gp:393	755   	0.840305	393	0.91399 	0.448735	755   	0.0970355	133.185	393	144	70 	755   	7.68618 
INFO:gp:394	790   	0.838798	394	0.91399 	0.478061	790   	0.0972768	134.496	394	143	65 	790   	6.33334 
INFO:gp:395	755   	0.844308	395	0.91399 	0.436252	755   	0.0944604	134.936	395	144	66 	755   	4.54873 
INFO:gp:396	773   	0.841958	396	0.91399 	0.462941	773   	0.0974551	134.632	396	143	28 	773   	6.21494 
INFO:gp:397	759   	0.83547 	397	0.91399 	0.370696	759   	0.101076 	134.948	397	144	66 	759   	5.5691  
INFO:gp:398	756   	0.837017	398	0.91399 	0.41131 	756   	0.101036 	135.541	398	145	74 	756   	5.40899 
INFO:gp:399	776   	0.836986	399	0.91399 	0.438564	776   	0.0994046	136.458	399	145	32 	776   	6.53825 
INFO:gp:400	770   	0.83819 	400	0.91399 	0.423069	770   	0.0973081	136.893	400	145	73 	770   	6.44227 
INFO:__main__:Saving model to file: checkpoints/run_27.pth
INFO:util:Train accuracy: 1.0 +- 0.0
INFO:util:Val accuracy: 1.0 +- 0.0
INFO:util:Test accuracy: 0.8333333333333334 +- 0.0
INFO:util:Train intra-class: 0.09082403245431395, Train Inter-class: 0.23072290658929792
INFO:util:Val intra-class: 0.1612824645198927, Val Inter-class: 0.2159654914241352
INFO:util:Test intra-class: 0.0, Test inter-class: 0.21785095861619136
INFO:plot:Saving t-SNE to file: figures/tsne.png
INFO:plot:Saving t-SNE to file: figures/tsne.png
INFO:plot:Saving tree to file: figures/tree-0.pdf
INFO:plot:Saving tree to file: figures/tree-1.pdf
INFO:plot:Saving tree to file: figures/tree-2.pdf
INFO:plot:Saving tree to file: figures/tree-3.pdf
INFO:plot:Saving tree to file: figures/tree-4.pdf
INFO:plot:Saving tree to file: figures/tree-5.pdf
