INFO:train:Epoch 1/100 	Train Loss: 3.0785, Train Acc: 0.6395	 Val Loss: 10.8338, Val Acc: 0.4545
INFO:train:Epoch 2/100 	Train Loss: 7.6206, Train Acc: 0.4535	 Val Loss: 2.7996, Val Acc: 0.6818
INFO:train:Epoch 3/100 	Train Loss: 2.6199, Train Acc: 0.7674	 Val Loss: 2.4624, Val Acc: 0.7273
INFO:train:Epoch 4/100 	Train Loss: 2.1778, Train Acc: 0.7558	 Val Loss: 2.3321, Val Acc: 0.8636
INFO:train:Epoch 5/100 	Train Loss: 1.9972, Train Acc: 0.9419	 Val Loss: 2.0778, Val Acc: 0.8636
INFO:train:Epoch 6/100 	Train Loss: 1.9082, Train Acc: 0.9419	 Val Loss: 2.0019, Val Acc: 0.9091
INFO:train:Epoch 7/100 	Train Loss: 1.9106, Train Acc: 0.9884	 Val Loss: 2.0173, Val Acc: 0.8636
INFO:train:Epoch 8/100 	Train Loss: 1.8953, Train Acc: 0.9767	 Val Loss: 2.0418, Val Acc: 0.8636
INFO:train:Epoch 9/100 	Train Loss: 1.9032, Train Acc: 0.9767	 Val Loss: 2.0324, Val Acc: 0.8636
INFO:train:Epoch 10/100 	Train Loss: 1.8730, Train Acc: 0.9884	 Val Loss: 2.0098, Val Acc: 0.9091
INFO:train:Epoch 11/100 	Train Loss: 1.8518, Train Acc: 1.0000	 Val Loss: 2.0096, Val Acc: 0.9091
INFO:train:Epoch 12/100 	Train Loss: 1.8492, Train Acc: 1.0000	 Val Loss: 2.0255, Val Acc: 0.9091
INFO:train:Epoch 13/100 	Train Loss: 1.8467, Train Acc: 0.9884	 Val Loss: 2.0330, Val Acc: 0.9091
INFO:train:Epoch 14/100 	Train Loss: 1.8444, Train Acc: 0.9884	 Val Loss: 2.0183, Val Acc: 0.8636
INFO:train:Epoch 15/100 	Train Loss: 1.8384, Train Acc: 1.0000	 Val Loss: 2.0053, Val Acc: 0.8636
INFO:train:Epoch 16/100 	Train Loss: 1.8401, Train Acc: 1.0000	 Val Loss: 1.9965, Val Acc: 0.9091
INFO:train:Epoch 17/100 	Train Loss: 1.8297, Train Acc: 1.0000	 Val Loss: 1.9886, Val Acc: 0.9091
INFO:train:Epoch 18/100 	Train Loss: 1.8268, Train Acc: 1.0000	 Val Loss: 1.9833, Val Acc: 0.9091
INFO:train:Epoch 19/100 	Train Loss: 1.8169, Train Acc: 1.0000	 Val Loss: 1.9820, Val Acc: 0.9091
INFO:train:Epoch 20/100 	Train Loss: 1.8145, Train Acc: 1.0000	 Val Loss: 1.9814, Val Acc: 0.9091
INFO:train:Epoch 21/100 	Train Loss: 1.8102, Train Acc: 1.0000	 Val Loss: 1.9803, Val Acc: 0.9091
INFO:train:Epoch 22/100 	Train Loss: 1.8095, Train Acc: 1.0000	 Val Loss: 1.9791, Val Acc: 0.9091
INFO:train:Epoch 23/100 	Train Loss: 1.8023, Train Acc: 1.0000	 Val Loss: 1.9757, Val Acc: 0.9091
INFO:train:Epoch 24/100 	Train Loss: 1.8014, Train Acc: 1.0000	 Val Loss: 1.9697, Val Acc: 0.9091
INFO:train:Early stopping triggered after 24 epochs
INFO:plot:Saving attention map to: figures/model_accuracy.png
INFO:train:train got 64 / 64 correct, accuracy: 1.0
INFO:plot:Saving cofusion matrix map to: figures/train_confusion_matrix.png
INFO:train:train got 22 / 22 correct, accuracy: 1.0
INFO:plot:Saving cofusion matrix map to: figures/train_confusion_matrix.png
INFO:train:Total time taken evaluate on train set the model: 0.22s
INFO:train:validation got 20 / 22 correct, accuracy: 0.9090909090909091
INFO:plot:Saving cofusion matrix map to: figures/validation_confusion_matrix.png
INFO:train:Total time taken evaluate on validation set the model: 0.10s
