INFO:__main__:Reading the dataset: fish species
INFO:__main__:Pre-training the network: Masked Spectra Modelling
INFO:pre_training:Epoch [1/100], Loss: 0.3955, Val: 0.0203
INFO:pre_training:Epoch [2/100], Loss: 0.3520, Val: 0.0192
INFO:pre_training:Epoch [3/100], Loss: 0.3365, Val: 0.0184
INFO:pre_training:Epoch [4/100], Loss: 0.3240, Val: 0.0181
INFO:pre_training:Epoch [5/100], Loss: 0.3069, Val: 0.0167
INFO:pre_training:Epoch [6/100], Loss: 0.2955, Val: 0.0167
INFO:pre_training:Epoch [7/100], Loss: 0.2873, Val: 0.0164
INFO:pre_training:Epoch [8/100], Loss: 0.2775, Val: 0.0157
INFO:pre_training:Epoch [9/100], Loss: 0.2689, Val: 0.0155
INFO:pre_training:Epoch [10/100], Loss: 0.2620, Val: 0.0158
INFO:pre_training:Epoch [11/100], Loss: 0.2568, Val: 0.0150
INFO:pre_training:Epoch [12/100], Loss: 0.2508, Val: 0.0147
INFO:pre_training:Epoch [13/100], Loss: 0.2436, Val: 0.0143
INFO:pre_training:Epoch [14/100], Loss: 0.2374, Val: 0.0139
INFO:pre_training:Epoch [15/100], Loss: 0.2320, Val: 0.0138
INFO:pre_training:Epoch [16/100], Loss: 0.2276, Val: 0.0133
INFO:pre_training:Epoch [17/100], Loss: 0.2259, Val: 0.0135
INFO:pre_training:Epoch [18/100], Loss: 0.2213, Val: 0.0135
INFO:pre_training:Epoch [19/100], Loss: 0.2146, Val: 0.0131
INFO:pre_training:Epoch [20/100], Loss: 0.2083, Val: 0.0130
INFO:pre_training:Epoch [21/100], Loss: 0.2089, Val: 0.0127
INFO:pre_training:Epoch [22/100], Loss: 0.2066, Val: 0.0127
INFO:pre_training:Epoch [23/100], Loss: 0.2041, Val: 0.0126
INFO:pre_training:Epoch [24/100], Loss: 0.1960, Val: 0.0125
INFO:pre_training:Epoch [25/100], Loss: 0.1947, Val: 0.0124
INFO:pre_training:Epoch [26/100], Loss: 0.1917, Val: 0.0123
INFO:pre_training:Epoch [27/100], Loss: 0.1904, Val: 0.0126
INFO:pre_training:Epoch [28/100], Loss: 0.1889, Val: 0.0121
INFO:pre_training:Epoch [29/100], Loss: 0.1876, Val: 0.0122
INFO:pre_training:Epoch [30/100], Loss: 0.1836, Val: 0.0123
INFO:pre_training:Epoch [31/100], Loss: 0.1814, Val: 0.0123
INFO:pre_training:Epoch [32/100], Loss: 0.1791, Val: 0.0122
INFO:pre_training:Epoch [33/100], Loss: 0.1778, Val: 0.0116
INFO:pre_training:Epoch [34/100], Loss: 0.1743, Val: 0.0116
INFO:pre_training:Epoch [35/100], Loss: 0.1714, Val: 0.0118
INFO:pre_training:Epoch [36/100], Loss: 0.1705, Val: 0.0117
INFO:pre_training:Epoch [37/100], Loss: 0.1693, Val: 0.0116
INFO:pre_training:Epoch [38/100], Loss: 0.1665, Val: 0.0116
INFO:pre_training:Epoch [39/100], Loss: 0.1655, Val: 0.0113
INFO:pre_training:Epoch [40/100], Loss: 0.1633, Val: 0.0113
INFO:pre_training:Epoch [41/100], Loss: 0.1624, Val: 0.0116
INFO:pre_training:Epoch [42/100], Loss: 0.1613, Val: 0.0114
INFO:pre_training:Epoch [43/100], Loss: 0.1586, Val: 0.0113
INFO:pre_training:Epoch [44/100], Loss: 0.1561, Val: 0.0116
INFO:pre_training:Epoch [45/100], Loss: 0.1559, Val: 0.0113
INFO:pre_training:Epoch [46/100], Loss: 0.1536, Val: 0.0113
INFO:pre_training:Epoch [47/100], Loss: 0.1533, Val: 0.0117
INFO:pre_training:Epoch [48/100], Loss: 0.1502, Val: 0.0115
INFO:pre_training:Epoch [49/100], Loss: 0.1523, Val: 0.0113
INFO:pre_training:Epoch [50/100], Loss: 0.1484, Val: 0.0112
INFO:pre_training:Epoch [51/100], Loss: 0.1468, Val: 0.0112
INFO:pre_training:Epoch [52/100], Loss: 0.1464, Val: 0.0112
INFO:pre_training:Epoch [53/100], Loss: 0.1457, Val: 0.0109
INFO:pre_training:Epoch [54/100], Loss: 0.1435, Val: 0.0109
INFO:pre_training:Epoch [55/100], Loss: 0.1428, Val: 0.0111
INFO:pre_training:Epoch [56/100], Loss: 0.1426, Val: 0.0107
INFO:pre_training:Epoch [57/100], Loss: 0.1428, Val: 0.0110
INFO:pre_training:Epoch [58/100], Loss: 0.1395, Val: 0.0110
INFO:pre_training:Epoch [59/100], Loss: 0.1383, Val: 0.0107
INFO:pre_training:Epoch [60/100], Loss: 0.1369, Val: 0.0109
INFO:pre_training:Epoch [61/100], Loss: 0.1361, Val: 0.0107
INFO:pre_training:Epoch [62/100], Loss: 0.1362, Val: 0.0109
INFO:pre_training:Epoch [63/100], Loss: 0.1350, Val: 0.0110
INFO:pre_training:Epoch [64/100], Loss: 0.1335, Val: 0.0106
INFO:pre_training:Epoch [65/100], Loss: 0.1327, Val: 0.0106
INFO:pre_training:Epoch [66/100], Loss: 0.1319, Val: 0.0106
INFO:pre_training:Epoch [67/100], Loss: 0.1285, Val: 0.0104
INFO:pre_training:Epoch [68/100], Loss: 0.1304, Val: 0.0104
INFO:pre_training:Epoch [69/100], Loss: 0.1296, Val: 0.0104
INFO:pre_training:Epoch [70/100], Loss: 0.1286, Val: 0.0105
INFO:pre_training:Epoch [71/100], Loss: 0.1265, Val: 0.0105
INFO:pre_training:Epoch [72/100], Loss: 0.1251, Val: 0.0105
INFO:pre_training:Epoch [73/100], Loss: 0.1257, Val: 0.0102
INFO:pre_training:Epoch [74/100], Loss: 0.1240, Val: 0.0102
INFO:pre_training:Epoch [75/100], Loss: 0.1227, Val: 0.0102
INFO:pre_training:Epoch [76/100], Loss: 0.1219, Val: 0.0102
INFO:pre_training:Epoch [77/100], Loss: 0.1213, Val: 0.0104
INFO:pre_training:Epoch [78/100], Loss: 0.1210, Val: 0.0105
INFO:pre_training:Epoch [79/100], Loss: 0.1210, Val: 0.0103
INFO:pre_training:Epoch [80/100], Loss: 0.1190, Val: 0.0104
INFO:pre_training:Epoch [81/100], Loss: 0.1189, Val: 0.0098
INFO:pre_training:Epoch [82/100], Loss: 0.1187, Val: 0.0102
INFO:pre_training:Epoch [83/100], Loss: 0.1177, Val: 0.0101
INFO:pre_training:Epoch [84/100], Loss: 0.1163, Val: 0.0100
INFO:pre_training:Epoch [85/100], Loss: 0.1165, Val: 0.0101
INFO:pre_training:Epoch [86/100], Loss: 0.1163, Val: 0.0102
INFO:pre_training:Epoch [87/100], Loss: 0.1148, Val: 0.0101
INFO:pre_training:Epoch [88/100], Loss: 0.1148, Val: 0.0102
INFO:pre_training:Epoch [89/100], Loss: 0.1141, Val: 0.0100
INFO:pre_training:Epoch [90/100], Loss: 0.1118, Val: 0.0098
INFO:pre_training:Epoch [91/100], Loss: 0.1116, Val: 0.0101
INFO:pre_training:Epoch [92/100], Loss: 0.1115, Val: 0.0100
INFO:pre_training:Epoch [93/100], Loss: 0.1104, Val: 0.0101
INFO:pre_training:Epoch [94/100], Loss: 0.1109, Val: 0.0097
INFO:pre_training:Epoch [95/100], Loss: 0.1080, Val: 0.0099
INFO:pre_training:Epoch [96/100], Loss: 0.1083, Val: 0.0098
INFO:pre_training:Epoch [97/100], Loss: 0.1079, Val: 0.0099
INFO:pre_training:Epoch [98/100], Loss: 0.1074, Val: 0.0100
INFO:pre_training:Epoch [99/100], Loss: 0.1069, Val: 0.0099
INFO:pre_training:Epoch [100/100], Loss: 0.1060, Val: 0.0098
INFO:__main__:Total time taken to pre-train the model: 61.95s
INFO:__main__:Pre-training the network: Next Spectra Prediction
INFO:pre_training:Epoch 1, Average Loss: 0.5399 Validation: 0.2457
INFO:pre_training:Epoch 2, Average Loss: 0.5215 Validation: 0.3260
INFO:pre_training:Epoch 3, Average Loss: 0.5110 Validation: 0.3409
INFO:pre_training:Epoch 4, Average Loss: 0.5132 Validation: 0.4165
INFO:pre_training:Epoch 5, Average Loss: 0.5118 Validation: 0.3109
INFO:pre_training:Epoch 6, Average Loss: 0.5078 Validation: 0.3002
INFO:pre_training:Epoch 7, Average Loss: 0.5032 Validation: 0.3294
INFO:pre_training:Epoch 8, Average Loss: 0.5087 Validation: 0.3080
INFO:pre_training:Epoch 9, Average Loss: 0.5040 Validation: 0.2400
INFO:pre_training:Epoch 10, Average Loss: 0.5002 Validation: 0.2854
INFO:pre_training:Epoch 11, Average Loss: 0.5043 Validation: 0.3222
INFO:pre_training:Epoch 12, Average Loss: 0.4986 Validation: 0.2972
INFO:pre_training:Epoch 13, Average Loss: 0.4924 Validation: 0.2678
INFO:pre_training:Epoch 14, Average Loss: 0.4949 Validation: 0.3043
INFO:pre_training:Epoch 15, Average Loss: 0.4968 Validation: 0.2882
INFO:pre_training:Epoch 16, Average Loss: 0.4991 Validation: 0.2515
INFO:pre_training:Epoch 17, Average Loss: 0.4869 Validation: 0.3626
INFO:pre_training:Epoch 18, Average Loss: 0.4908 Validation: 0.2503
INFO:pre_training:Epoch 19, Average Loss: 0.4876 Validation: 0.2669
INFO:pre_training:Epoch 20, Average Loss: 0.4886 Validation: 0.2684
INFO:pre_training:Epoch 21, Average Loss: 0.4873 Validation: 0.2594
INFO:pre_training:Epoch 22, Average Loss: 0.4926 Validation: 0.2410
INFO:pre_training:Epoch 23, Average Loss: 0.4914 Validation: 0.2475
INFO:pre_training:Epoch 24, Average Loss: 0.4862 Validation: 0.2495
INFO:pre_training:Epoch 25, Average Loss: 0.4890 Validation: 0.2894
INFO:pre_training:Epoch 26, Average Loss: 0.4970 Validation: 0.2892
INFO:pre_training:Epoch 27, Average Loss: 0.4842 Validation: 0.2850
INFO:pre_training:Epoch 28, Average Loss: 0.4901 Validation: 0.2993
INFO:pre_training:Epoch 29, Average Loss: 0.4813 Validation: 0.2831
INFO:pre_training:Epoch 30, Average Loss: 0.4908 Validation: 0.2960
INFO:pre_training:Epoch 31, Average Loss: 0.4877 Validation: 0.2485
INFO:pre_training:Epoch 32, Average Loss: 0.4852 Validation: 0.2406
INFO:pre_training:Epoch 33, Average Loss: 0.4904 Validation: 0.2893
INFO:pre_training:Epoch 34, Average Loss: 0.4910 Validation: 0.2606
INFO:pre_training:Epoch 35, Average Loss: 0.4936 Validation: 0.2683
INFO:pre_training:Epoch 36, Average Loss: 0.4844 Validation: 0.2494
INFO:pre_training:Epoch 37, Average Loss: 0.4850 Validation: 0.2426
INFO:pre_training:Epoch 38, Average Loss: 0.4891 Validation: 0.2679
INFO:pre_training:Epoch 39, Average Loss: 0.4871 Validation: 0.2517
INFO:pre_training:Epoch 40, Average Loss: 0.4896 Validation: 0.2719
INFO:pre_training:Epoch 41, Average Loss: 0.4856 Validation: 0.2661
INFO:pre_training:Epoch 42, Average Loss: 0.4902 Validation: 0.2691
INFO:pre_training:Epoch 43, Average Loss: 0.4947 Validation: 0.2486
INFO:pre_training:Epoch 44, Average Loss: 0.4848 Validation: 0.2403
INFO:pre_training:Epoch 45, Average Loss: 0.4846 Validation: 0.2528
INFO:pre_training:Epoch 46, Average Loss: 0.4889 Validation: 0.2504
INFO:pre_training:Epoch 47, Average Loss: 0.4816 Validation: 0.3000
INFO:pre_training:Epoch 48, Average Loss: 0.4839 Validation: 0.2624
INFO:pre_training:Epoch 49, Average Loss: 0.4843 Validation: 0.2640
INFO:pre_training:Epoch 50, Average Loss: 0.4867 Validation: 0.2423
INFO:pre_training:Epoch 51, Average Loss: 0.4819 Validation: 0.2723
INFO:pre_training:Epoch 52, Average Loss: 0.4862 Validation: 0.2470
INFO:pre_training:Epoch 53, Average Loss: 0.4813 Validation: 0.2752
INFO:pre_training:Epoch 54, Average Loss: 0.4858 Validation: 0.2904
INFO:pre_training:Epoch 55, Average Loss: 0.4750 Validation: 0.2803
INFO:pre_training:Epoch 56, Average Loss: 0.4838 Validation: 0.2751
INFO:pre_training:Epoch 57, Average Loss: 0.4860 Validation: 0.3742
INFO:pre_training:Epoch 58, Average Loss: 0.4855 Validation: 0.2736
INFO:pre_training:Epoch 59, Average Loss: 0.4820 Validation: 0.2501
INFO:pre_training:Epoch 60, Average Loss: 0.4862 Validation: 0.2841
INFO:pre_training:Epoch 61, Average Loss: 0.4814 Validation: 0.2663
INFO:pre_training:Epoch 62, Average Loss: 0.4854 Validation: 0.2511
INFO:pre_training:Epoch 63, Average Loss: 0.4828 Validation: 0.2725
INFO:pre_training:Epoch 64, Average Loss: 0.4834 Validation: 0.3109
INFO:pre_training:Epoch 65, Average Loss: 0.4834 Validation: 0.2670
INFO:pre_training:Epoch 66, Average Loss: 0.4739 Validation: 0.2642
INFO:pre_training:Epoch 67, Average Loss: 0.4851 Validation: 0.2466
INFO:pre_training:Epoch 68, Average Loss: 0.4849 Validation: 0.2842
INFO:pre_training:Epoch 69, Average Loss: 0.4824 Validation: 0.2871
INFO:pre_training:Epoch 70, Average Loss: 0.4815 Validation: 0.2747
INFO:pre_training:Epoch 71, Average Loss: 0.4739 Validation: 0.2733
INFO:pre_training:Epoch 72, Average Loss: 0.4802 Validation: 0.2726
INFO:pre_training:Epoch 73, Average Loss: 0.4741 Validation: 0.2900
INFO:pre_training:Epoch 74, Average Loss: 0.4848 Validation: 0.2903
INFO:pre_training:Epoch 75, Average Loss: 0.4807 Validation: 0.2701
INFO:pre_training:Epoch 76, Average Loss: 0.4727 Validation: 0.2562
INFO:pre_training:Epoch 77, Average Loss: 0.4835 Validation: 0.2419
INFO:pre_training:Epoch 78, Average Loss: 0.4819 Validation: 0.2565
INFO:pre_training:Epoch 79, Average Loss: 0.4799 Validation: 0.2954
INFO:pre_training:Epoch 80, Average Loss: 0.4809 Validation: 0.2896
INFO:pre_training:Epoch 81, Average Loss: 0.4785 Validation: 0.3100
INFO:pre_training:Epoch 82, Average Loss: 0.4784 Validation: 0.2954
INFO:pre_training:Epoch 83, Average Loss: 0.4882 Validation: 0.3004
INFO:pre_training:Epoch 84, Average Loss: 0.4827 Validation: 0.2636
INFO:pre_training:Epoch 85, Average Loss: 0.4835 Validation: 0.2509
INFO:pre_training:Epoch 86, Average Loss: 0.4820 Validation: 0.3183
INFO:pre_training:Epoch 87, Average Loss: 0.4769 Validation: 0.2614
INFO:pre_training:Epoch 88, Average Loss: 0.4810 Validation: 0.2470
INFO:pre_training:Epoch 89, Average Loss: 0.4833 Validation: 0.2785
INFO:pre_training:Epoch 90, Average Loss: 0.4782 Validation: 0.2687
INFO:pre_training:Epoch 91, Average Loss: 0.4794 Validation: 0.2608
INFO:pre_training:Epoch 92, Average Loss: 0.4747 Validation: 0.2604
INFO:pre_training:Epoch 93, Average Loss: 0.4749 Validation: 0.2654
INFO:pre_training:Epoch 94, Average Loss: 0.4779 Validation: 0.2569
INFO:pre_training:Epoch 95, Average Loss: 0.4762 Validation: 0.2785
INFO:pre_training:Epoch 96, Average Loss: 0.4843 Validation: 0.2663
INFO:pre_training:Epoch 97, Average Loss: 0.4781 Validation: 0.2636
INFO:pre_training:Epoch 98, Average Loss: 0.4760 Validation: 0.3060
INFO:pre_training:Epoch 99, Average Loss: 0.4785 Validation: 0.2980
INFO:pre_training:Epoch 100, Average Loss: 0.4782 Validation: 0.2723
INFO:__main__:Total time taken to pre-train the model: 1637.61s
INFO:__main__:Training the network
INFO:train:Epoch 1/100, Train Loss: 0.6173, Train Acc: 0.6822, Val Loss: 0.5535, Val Acc: 0.8182
INFO:train:Epoch 2/100, Train Loss: 0.5247, Train Acc: 0.8023, Val Loss: 0.4831, Val Acc: 0.9091
INFO:train:Epoch 3/100, Train Loss: 0.4476, Train Acc: 0.9128, Val Loss: 0.4119, Val Acc: 0.9091
INFO:train:Epoch 4/100, Train Loss: 0.3721, Train Acc: 0.9496, Val Loss: 0.3505, Val Acc: 1.0000
INFO:train:Epoch 5/100, Train Loss: 0.3099, Train Acc: 0.9612, Val Loss: 0.2824, Val Acc: 1.0000
INFO:train:Epoch 6/100, Train Loss: 0.2751, Train Acc: 0.9709, Val Loss: 0.2687, Val Acc: 1.0000
INFO:train:Epoch 7/100, Train Loss: 0.2452, Train Acc: 0.9806, Val Loss: 0.2538, Val Acc: 1.0000
INFO:train:Epoch 8/100, Train Loss: 0.2323, Train Acc: 0.9922, Val Loss: 0.2711, Val Acc: 0.9091
INFO:train:Epoch 9/100, Train Loss: 0.2243, Train Acc: 0.9981, Val Loss: 0.2896, Val Acc: 0.9091
INFO:train:Epoch 10/100, Train Loss: 0.2215, Train Acc: 1.0000, Val Loss: 0.3071, Val Acc: 0.9091
INFO:train:Epoch 11/100, Train Loss: 0.2183, Train Acc: 1.0000, Val Loss: 0.3124, Val Acc: 0.9091
INFO:train:Epoch 12/100, Train Loss: 0.2145, Train Acc: 1.0000, Val Loss: 0.3273, Val Acc: 0.9091
INFO:train:Epoch 13/100, Train Loss: 0.2140, Train Acc: 1.0000, Val Loss: 0.3047, Val Acc: 0.9091
INFO:train:Epoch 14/100, Train Loss: 0.2148, Train Acc: 1.0000, Val Loss: 0.3097, Val Acc: 0.9091
INFO:train:Epoch 15/100, Train Loss: 0.2152, Train Acc: 1.0000, Val Loss: 0.3027, Val Acc: 0.9091
INFO:train:Epoch 16/100, Train Loss: 0.2127, Train Acc: 1.0000, Val Loss: 0.3068, Val Acc: 0.9091
INFO:train:Epoch 17/100, Train Loss: 0.2098, Train Acc: 1.0000, Val Loss: 0.3229, Val Acc: 0.9091
INFO:train:Epoch 18/100, Train Loss: 0.2071, Train Acc: 1.0000, Val Loss: 0.3100, Val Acc: 0.9091
INFO:train:Epoch 19/100, Train Loss: 0.2067, Train Acc: 1.0000, Val Loss: 0.3301, Val Acc: 0.9091
INFO:train:Epoch 20/100, Train Loss: 0.2061, Train Acc: 1.0000, Val Loss: 0.3282, Val Acc: 0.9091
INFO:train:Epoch 21/100, Train Loss: 0.2064, Train Acc: 1.0000, Val Loss: 0.3413, Val Acc: 0.9091
INFO:train:Epoch 22/100, Train Loss: 0.2047, Train Acc: 1.0000, Val Loss: 0.3291, Val Acc: 0.9091
INFO:train:Epoch 23/100, Train Loss: 0.2036, Train Acc: 1.0000, Val Loss: 0.3302, Val Acc: 0.9091
INFO:train:Epoch 24/100, Train Loss: 0.2038, Train Acc: 1.0000, Val Loss: 0.3327, Val Acc: 0.9091
INFO:train:Epoch 25/100, Train Loss: 0.2036, Train Acc: 1.0000, Val Loss: 0.3303, Val Acc: 0.9091
INFO:train:Epoch 26/100, Train Loss: 0.2038, Train Acc: 1.0000, Val Loss: 0.3289, Val Acc: 0.9091
INFO:train:Epoch 27/100, Train Loss: 0.2040, Train Acc: 1.0000, Val Loss: 0.3352, Val Acc: 0.9091
INFO:train:Epoch 28/100, Train Loss: 0.2034, Train Acc: 1.0000, Val Loss: 0.3387, Val Acc: 0.9091
INFO:train:Epoch 29/100, Train Loss: 0.2053, Train Acc: 1.0000, Val Loss: 0.3535, Val Acc: 0.9091
INFO:train:Epoch 30/100, Train Loss: 0.2038, Train Acc: 1.0000, Val Loss: 0.3408, Val Acc: 0.9091
INFO:train:Epoch 31/100, Train Loss: 0.2040, Train Acc: 1.0000, Val Loss: 0.3574, Val Acc: 0.9091
INFO:train:Epoch 32/100, Train Loss: 0.2024, Train Acc: 1.0000, Val Loss: 0.3448, Val Acc: 0.9091
INFO:train:Epoch 33/100, Train Loss: 0.2030, Train Acc: 1.0000, Val Loss: 0.3508, Val Acc: 0.9091
INFO:train:Epoch 34/100, Train Loss: 0.2026, Train Acc: 1.0000, Val Loss: 0.3436, Val Acc: 0.9091
INFO:train:Epoch 35/100, Train Loss: 0.2018, Train Acc: 1.0000, Val Loss: 0.3416, Val Acc: 0.9091
INFO:train:Epoch 36/100, Train Loss: 0.2023, Train Acc: 1.0000, Val Loss: 0.3385, Val Acc: 0.9091
INFO:train:Epoch 37/100, Train Loss: 0.2022, Train Acc: 1.0000, Val Loss: 0.3358, Val Acc: 0.9091
INFO:train:Epoch 38/100, Train Loss: 0.2020, Train Acc: 1.0000, Val Loss: 0.3361, Val Acc: 0.9091
INFO:train:Epoch 39/100, Train Loss: 0.2021, Train Acc: 1.0000, Val Loss: 0.3394, Val Acc: 0.9091
INFO:train:Epoch 40/100, Train Loss: 0.2017, Train Acc: 1.0000, Val Loss: 0.3429, Val Acc: 0.9091
INFO:train:Epoch 41/100, Train Loss: 0.2016, Train Acc: 1.0000, Val Loss: 0.3397, Val Acc: 0.9091
INFO:train:Epoch 42/100, Train Loss: 0.2020, Train Acc: 1.0000, Val Loss: 0.3469, Val Acc: 0.9091
INFO:train:Epoch 43/100, Train Loss: 0.2018, Train Acc: 1.0000, Val Loss: 0.3482, Val Acc: 0.9091
INFO:train:Epoch 44/100, Train Loss: 0.2015, Train Acc: 1.0000, Val Loss: 0.3484, Val Acc: 0.9091
INFO:train:Epoch 45/100, Train Loss: 0.2017, Train Acc: 1.0000, Val Loss: 0.3370, Val Acc: 0.9091
INFO:train:Epoch 46/100, Train Loss: 0.2015, Train Acc: 1.0000, Val Loss: 0.3459, Val Acc: 0.9091
INFO:train:Epoch 47/100, Train Loss: 0.2020, Train Acc: 1.0000, Val Loss: 0.3378, Val Acc: 0.9091
INFO:train:Epoch 48/100, Train Loss: 0.2015, Train Acc: 1.0000, Val Loss: 0.3537, Val Acc: 0.9091
INFO:train:Epoch 49/100, Train Loss: 0.2013, Train Acc: 1.0000, Val Loss: 0.3437, Val Acc: 0.9091
INFO:train:Epoch 50/100, Train Loss: 0.2016, Train Acc: 1.0000, Val Loss: 0.3388, Val Acc: 0.9091
INFO:train:Epoch 51/100, Train Loss: 0.2018, Train Acc: 1.0000, Val Loss: 0.3493, Val Acc: 0.9091
INFO:train:Epoch 52/100, Train Loss: 0.2017, Train Acc: 1.0000, Val Loss: 0.3370, Val Acc: 0.9091
INFO:train:Epoch 53/100, Train Loss: 0.2018, Train Acc: 1.0000, Val Loss: 0.3627, Val Acc: 0.9091
INFO:train:Epoch 54/100, Train Loss: 0.2014, Train Acc: 1.0000, Val Loss: 0.3400, Val Acc: 0.9091
INFO:train:Epoch 55/100, Train Loss: 0.2016, Train Acc: 1.0000, Val Loss: 0.3515, Val Acc: 0.9091
INFO:train:Epoch 56/100, Train Loss: 0.2015, Train Acc: 1.0000, Val Loss: 0.3450, Val Acc: 0.9091
INFO:train:Epoch 57/100, Train Loss: 0.2012, Train Acc: 1.0000, Val Loss: 0.3439, Val Acc: 0.9091
INFO:train:Epoch 58/100, Train Loss: 0.2012, Train Acc: 1.0000, Val Loss: 0.3602, Val Acc: 0.9091
INFO:train:Epoch 59/100, Train Loss: 0.2011, Train Acc: 1.0000, Val Loss: 0.3487, Val Acc: 0.9091
INFO:train:Epoch 60/100, Train Loss: 0.2011, Train Acc: 1.0000, Val Loss: 0.3320, Val Acc: 0.9091
INFO:train:Epoch 61/100, Train Loss: 0.2008, Train Acc: 1.0000, Val Loss: 0.3404, Val Acc: 0.9091
INFO:train:Epoch 62/100, Train Loss: 0.2011, Train Acc: 1.0000, Val Loss: 0.3373, Val Acc: 0.9091
INFO:train:Epoch 63/100, Train Loss: 0.2009, Train Acc: 1.0000, Val Loss: 0.3486, Val Acc: 0.9091
INFO:train:Epoch 64/100, Train Loss: 0.2009, Train Acc: 1.0000, Val Loss: 0.3487, Val Acc: 0.9091
INFO:train:Epoch 65/100, Train Loss: 0.2009, Train Acc: 1.0000, Val Loss: 0.3583, Val Acc: 0.9091
INFO:train:Epoch 66/100, Train Loss: 0.2009, Train Acc: 1.0000, Val Loss: 0.3426, Val Acc: 0.9091
INFO:train:Epoch 67/100, Train Loss: 0.2008, Train Acc: 1.0000, Val Loss: 0.3510, Val Acc: 0.9091
INFO:train:Epoch 68/100, Train Loss: 0.2008, Train Acc: 1.0000, Val Loss: 0.3385, Val Acc: 0.9091
INFO:train:Epoch 69/100, Train Loss: 0.2009, Train Acc: 1.0000, Val Loss: 0.3417, Val Acc: 0.9091
INFO:train:Epoch 70/100, Train Loss: 0.2009, Train Acc: 1.0000, Val Loss: 0.3466, Val Acc: 0.9091
INFO:train:Epoch 71/100, Train Loss: 0.2006, Train Acc: 1.0000, Val Loss: 0.3498, Val Acc: 0.9091
INFO:train:Epoch 72/100, Train Loss: 0.2008, Train Acc: 1.0000, Val Loss: 0.3406, Val Acc: 0.9091
INFO:train:Epoch 73/100, Train Loss: 0.2005, Train Acc: 1.0000, Val Loss: 0.3458, Val Acc: 0.9091
INFO:train:Epoch 74/100, Train Loss: 0.2006, Train Acc: 1.0000, Val Loss: 0.3444, Val Acc: 0.9091
INFO:train:Epoch 75/100, Train Loss: 0.2006, Train Acc: 1.0000, Val Loss: 0.3397, Val Acc: 0.9091
INFO:train:Epoch 76/100, Train Loss: 0.2005, Train Acc: 1.0000, Val Loss: 0.3424, Val Acc: 0.9091
INFO:train:Epoch 77/100, Train Loss: 0.2006, Train Acc: 1.0000, Val Loss: 0.3417, Val Acc: 0.9091
INFO:train:Epoch 78/100, Train Loss: 0.2004, Train Acc: 1.0000, Val Loss: 0.3489, Val Acc: 0.9091
INFO:train:Epoch 79/100, Train Loss: 0.2006, Train Acc: 1.0000, Val Loss: 0.3351, Val Acc: 0.9091
INFO:train:Epoch 80/100, Train Loss: 0.2005, Train Acc: 1.0000, Val Loss: 0.3295, Val Acc: 0.9091
INFO:train:Epoch 81/100, Train Loss: 0.2008, Train Acc: 1.0000, Val Loss: 0.3552, Val Acc: 0.9091
INFO:train:Epoch 82/100, Train Loss: 0.2004, Train Acc: 1.0000, Val Loss: 0.3408, Val Acc: 0.9091
INFO:train:Epoch 83/100, Train Loss: 0.2006, Train Acc: 1.0000, Val Loss: 0.3477, Val Acc: 0.9091
INFO:train:Epoch 84/100, Train Loss: 0.2006, Train Acc: 1.0000, Val Loss: 0.3356, Val Acc: 0.9091
INFO:train:Epoch 85/100, Train Loss: 0.2006, Train Acc: 1.0000, Val Loss: 0.3414, Val Acc: 0.9091
INFO:train:Epoch 86/100, Train Loss: 0.2004, Train Acc: 1.0000, Val Loss: 0.3433, Val Acc: 0.9091
INFO:train:Epoch 87/100, Train Loss: 0.2005, Train Acc: 1.0000, Val Loss: 0.3421, Val Acc: 0.9091
INFO:train:Epoch 88/100, Train Loss: 0.2003, Train Acc: 1.0000, Val Loss: 0.3399, Val Acc: 0.9091
INFO:train:Epoch 89/100, Train Loss: 0.2001, Train Acc: 1.0000, Val Loss: 0.3409, Val Acc: 0.9091
INFO:train:Epoch 90/100, Train Loss: 0.2004, Train Acc: 1.0000, Val Loss: 0.3442, Val Acc: 0.9091
INFO:train:Epoch 91/100, Train Loss: 0.2003, Train Acc: 1.0000, Val Loss: 0.3513, Val Acc: 0.9091
INFO:train:Epoch 92/100, Train Loss: 0.2003, Train Acc: 1.0000, Val Loss: 0.3484, Val Acc: 0.9091
INFO:train:Epoch 93/100, Train Loss: 0.2003, Train Acc: 1.0000, Val Loss: 0.3446, Val Acc: 0.9091
INFO:train:Epoch 94/100, Train Loss: 0.2004, Train Acc: 1.0000, Val Loss: 0.3536, Val Acc: 0.9091
INFO:train:Epoch 95/100, Train Loss: 0.2002, Train Acc: 1.0000, Val Loss: 0.3398, Val Acc: 0.9091
INFO:train:Epoch 96/100, Train Loss: 0.2006, Train Acc: 1.0000, Val Loss: 0.3386, Val Acc: 0.9091
INFO:train:Epoch 97/100, Train Loss: 0.2009, Train Acc: 1.0000, Val Loss: 0.3559, Val Acc: 0.9091
INFO:train:Epoch 98/100, Train Loss: 0.2006, Train Acc: 1.0000, Val Loss: 0.3456, Val Acc: 0.9091
INFO:train:Epoch 99/100, Train Loss: 0.2004, Train Acc: 1.0000, Val Loss: 0.3425, Val Acc: 0.9091
INFO:train:Epoch 100/100, Train Loss: 0.2001, Train Acc: 1.0000, Val Loss: 0.3317, Val Acc: 0.9091
INFO:plot:Saving attention map to: figures/model_accuracy.png
INFO:__main__:Total time taken to train the model: 65.97s
INFO:__main__:train got 64 / 64 correct, accuracy: 1.0
INFO:plot:Saving cofusion matrix map to: figures/train_confusion_matrix.png
INFO:__main__:train got 64 / 64 correct, accuracy: 1.0
INFO:plot:Saving cofusion matrix map to: figures/train_confusion_matrix.png
INFO:__main__:train got 64 / 64 correct, accuracy: 1.0
INFO:plot:Saving cofusion matrix map to: figures/train_confusion_matrix.png
INFO:__main__:train got 64 / 64 correct, accuracy: 1.0
INFO:plot:Saving cofusion matrix map to: figures/train_confusion_matrix.png
INFO:__main__:train got 64 / 64 correct, accuracy: 1.0
INFO:plot:Saving cofusion matrix map to: figures/train_confusion_matrix.png
INFO:__main__:train got 64 / 64 correct, accuracy: 1.0
INFO:plot:Saving cofusion matrix map to: figures/train_confusion_matrix.png
INFO:__main__:train got 64 / 64 correct, accuracy: 1.0
INFO:plot:Saving cofusion matrix map to: figures/train_confusion_matrix.png
INFO:__main__:train got 64 / 64 correct, accuracy: 1.0
INFO:plot:Saving cofusion matrix map to: figures/train_confusion_matrix.png
INFO:__main__:train got 4 / 4 correct, accuracy: 1.0
INFO:plot:Saving cofusion matrix map to: figures/train_confusion_matrix.png
INFO:__main__:validation got 10 / 11 correct, accuracy: 0.9090909090909091
INFO:plot:Saving cofusion matrix map to: figures/validation_confusion_matrix.png
INFO:__main__:test got 11 / 11 correct, accuracy: 1.0
INFO:plot:Saving cofusion matrix map to: figures/test_confusion_matrix.png
INFO:plot:Saving attention map to: figures/encoder_attention_map.png
INFO:plot:Saving attention map to: figures/decoder_attention_map.png
