INFO:data:Reading dataset fish: instance-recognition
INFO:__main__:No model found. Train from scratch.
INFO:gp:   	      	                                 fitness                                 	                      size                     
   	      	-------------------------------------------------------------------------	-----------------------------------------------
gen	nevals	avg     	gen	max     	min     	nevals	std      	avg    	gen	max	min	nevals	std    
0  	1023  	0.501868	0  	0.613544	0.407531	1023  	0.0299968	3.47996	0  	7  	2  	1023  	1.33797
INFO:gp:1  	765   	0.519066	1  	0.629001	0.379208	765   	0.0333159	3.54057	1  	10 	2  	765   	1.40244
INFO:gp:2  	802   	0.527865	2  	0.64198 	0.420283	802   	0.0367809	3.72825	2  	12 	2  	802   	1.51643
INFO:gp:3  	758   	0.540622	3  	0.64198 	0.431184	758   	0.0400244	3.95406	3  	13 	2  	758   	1.75722
INFO:gp:4  	767   	0.548524	4  	0.659949	0.408758	767   	0.0440856	4.05279	4  	14 	2  	767   	1.80668
INFO:gp:5  	774   	0.55574 	5  	0.659949	0.407226	774   	0.0463681	4.08993	5  	14 	2  	774   	1.81601
INFO:gp:6  	770   	0.562576	6  	0.666257	0.402521	770   	0.0478876	4.07038	6  	12 	2  	770   	1.66175
INFO:gp:7  	774   	0.567189	7  	0.679979	0.415782	774   	0.0495709	3.92278	7  	11 	1  	774   	1.48334
INFO:gp:8  	759   	0.575886	8  	0.679979	0.434176	759   	0.0488082	3.82111	8  	11 	1  	759   	1.39271
INFO:gp:9  	771   	0.579987	9  	0.679979	0.422666	771   	0.049332 	3.652  	9  	9  	1  	771   	1.3346 
INFO:gp:10 	775   	0.58472 	10 	0.679979	0.423257	775   	0.051532 	3.65787	10 	11 	2  	775   	1.31249
INFO:gp:11 	783   	0.58861 	11 	0.679979	0.425068	783   	0.0493266	3.66862	11 	9  	2  	783   	1.31264
INFO:gp:12 	770   	0.595577	12 	0.679979	0.43038 	770   	0.0481819	3.69501	12 	13 	2  	770   	1.40827
INFO:gp:13 	766   	0.592787	13 	0.68333 	0.413487	766   	0.0521365	3.61095	13 	9  	2  	766   	1.2534 
INFO:gp:14 	801   	0.596988	14 	0.684711	0.423177	801   	0.0473713	3.71261	14 	11 	2  	801   	1.37265
INFO:gp:15 	756   	0.600406	15 	0.684711	0.41957 	756   	0.049307 	3.75758	15 	9  	2  	756   	1.344  
INFO:gp:16 	781   	0.60127 	16 	0.684711	0.438588	781   	0.0489692	3.81329	16 	11 	2  	781   	1.44679
INFO:gp:17 	777   	0.601838	17 	0.710934	0.450248	777   	0.0492369	3.94721	17 	10 	1  	777   	1.50566
INFO:gp:18 	768   	0.604534	18 	0.710934	0.405953	768   	0.0498751	3.80547	18 	13 	1  	768   	1.4525 
INFO:gp:19 	777   	0.604765	19 	0.710934	0.410136	777   	0.0490415	3.8348 	19 	12 	2  	777   	1.49521
INFO:gp:20 	778   	0.605448	20 	0.70894 	0.435794	778   	0.0490813	4.00782	20 	12 	2  	778   	1.55761
INFO:gp:21 	750   	0.608222	21 	0.70894 	0.4325  	750   	0.0497821	4.00782	21 	10 	2  	750   	1.57942
INFO:gp:22 	776   	0.608143	22 	0.70894 	0.436018	776   	0.0500125	3.91105	22 	11 	1  	776   	1.47475
INFO:gp:23 	808   	0.607575	23 	0.70894 	0.450178	808   	0.0483398	4.05767	23 	12 	2  	808   	1.57993
INFO:gp:24 	763   	0.610221	24 	0.70894 	0.444317	763   	0.0480429	4.14565	24 	11 	1  	763   	1.5854 
INFO:gp:25 	787   	0.607428	25 	0.70894 	0.458567	787   	0.049583 	4.26784	25 	10 	1  	787   	1.63915
INFO:gp:26 	788   	0.608833	26 	0.70894 	0.448997	788   	0.0489542	4.14272	26 	10 	1  	788   	1.52822
INFO:gp:27 	783   	0.608006	27 	0.70894 	0.440579	783   	0.0515584	4.24927	27 	11 	1  	783   	1.62262
INFO:gp:28 	779   	0.606895	28 	0.70894 	0.438583	779   	0.051611 	4.45161	28 	13 	1  	779   	1.75179
INFO:gp:29 	809   	0.607909	29 	0.70894 	0.417544	809   	0.050667 	4.33822	29 	11 	2  	809   	1.67874
INFO:gp:30 	757   	0.612485	30 	0.70894 	0.464343	757   	0.0504895	4.36657	30 	13 	1  	757   	1.68877
INFO:gp:31 	771   	0.612712	31 	0.70894 	0.384879	771   	0.0513803	4.52688	31 	13 	2  	771   	1.67875
INFO:gp:32 	783   	0.610883	32 	0.70894 	0.456752	783   	0.0510719	4.44477	32 	11 	1  	783   	1.57963
INFO:gp:33 	755   	0.614466	33 	0.70894 	0.469069	755   	0.0505824	4.5132 	33 	12 	2  	755   	1.59102
INFO:gp:34 	760   	0.615978	34 	0.70894 	0.454727	760   	0.0512741	4.45161	34 	14 	2  	760   	1.55993
INFO:gp:35 	748   	0.617147	35 	0.729909	0.459293	748   	0.0505296	4.43891	35 	13 	1  	748   	1.51691
INFO:gp:36 	784   	0.613595	36 	0.70894 	0.460799	784   	0.0515088	4.34506	36 	12 	1  	784   	1.52182
INFO:gp:37 	802   	0.612454	37 	0.70894 	0.451065	802   	0.0516997	4.50147	37 	13 	2  	802   	1.60879
INFO:gp:38 	761   	0.617188	38 	0.70894 	0.438698	761   	0.0506275	4.56794	38 	13 	1  	761   	1.54091
INFO:gp:39 	771   	0.614916	39 	0.70894 	0.449531	771   	0.0515114	4.60508	39 	11 	1  	771   	1.71943
INFO:gp:40 	781   	0.615535	40 	0.70894 	0.436306	781   	0.0506831	4.6217 	40 	15 	1  	781   	1.72175
INFO:gp:41 	786   	0.613467	41 	0.70894 	0.424827	786   	0.0520228	4.57771	41 	13 	1  	786   	1.64658
INFO:gp:42 	780   	0.617486	42 	0.721187	0.459331	780   	0.0504183	4.62757	42 	13 	1  	780   	1.74613
INFO:gp:43 	781   	0.617263	43 	0.70894 	0.456759	781   	0.0492091	4.5826 	43 	14 	1  	781   	1.78753
INFO:gp:44 	749   	0.618338	44 	0.70894 	0.444725	749   	0.0516918	4.54545	44 	13 	2  	749   	1.76299
INFO:gp:45 	764   	0.617295	45 	0.70894 	0.449298	764   	0.0527661	4.55816	45 	12 	1  	764   	1.72903
INFO:gp:46 	772   	0.61755 	46 	0.712506	0.436584	772   	0.0519642	4.48583	46 	11 	1  	772   	1.71005
INFO:gp:47 	786   	0.6174  	47 	0.712506	0.453984	786   	0.0508501	4.62366	47 	12 	1  	786   	1.72445
INFO:gp:48 	771   	0.617624	48 	0.712506	0.453309	771   	0.0514156	4.85435	48 	15 	1  	771   	1.74226
INFO:gp:49 	762   	0.615653	49 	0.70894 	0.467938	762   	0.0542851	5      	49 	13 	1  	762   	1.74246
INFO:gp:50 	775   	0.618375	50 	0.70894 	0.44973 	775   	0.0502229	4.91984	50 	14 	1  	775   	1.74846
INFO:gp:51 	772   	0.617699	51 	0.70894 	0.457756	772   	0.0507418	4.8739 	51 	12 	1  	772   	1.73874
INFO:gp:52 	774   	0.617189	52 	0.70894 	0.4453  	774   	0.0510025	4.8827 	52 	13 	1  	774   	1.71302
INFO:gp:53 	766   	0.617438	53 	0.70894 	0.457842	766   	0.0513082	4.86413	53 	15 	1  	766   	1.80152
INFO:gp:54 	783   	0.616852	54 	0.721728	0.444209	783   	0.0519549	4.99511	54 	12 	1  	783   	1.84888
INFO:gp:55 	788   	0.615679	55 	0.721728	0.448138	788   	0.0529761	5.00978	55 	14 	1  	788   	1.88628
INFO:gp:56 	774   	0.615146	56 	0.721728	0.436568	774   	0.0549405	4.91105	56 	15 	1  	774   	1.92451
INFO:gp:57 	781   	0.616631	57 	0.721728	0.462309	781   	0.0531282	4.84457	57 	12 	1  	781   	1.84711
INFO:gp:58 	780   	0.617902	58 	0.721728	0.423552	780   	0.0515088	4.83969	58 	15 	1  	780   	1.81869
INFO:gp:59 	759   	0.621495	59 	0.721728	0.461738	759   	0.0515928	4.81623	59 	15 	1  	759   	1.8272 
INFO:gp:60 	772   	0.618155	60 	0.721728	0.460982	772   	0.0540475	4.87683	60 	12 	1  	772   	1.80866
INFO:gp:61 	761   	0.621365	61 	0.721728	0.445446	761   	0.0524056	4.85533	61 	12 	1  	761   	1.69485
INFO:gp:62 	770   	0.619694	62 	0.721728	0.475172	770   	0.0526901	4.81623	62 	12 	1  	770   	1.72426
INFO:gp:63 	778   	0.617815	63 	0.721728	0.441346	778   	0.0547282	4.97752	63 	12 	2  	778   	1.76434
INFO:gp:64 	760   	0.620812	64 	0.721728	0.462949	760   	0.0539208	4.95797	64 	13 	1  	760   	1.77172
INFO:gp:65 	777   	0.619886	65 	0.721728	0.44495 	777   	0.0534217	5.00782	65 	12 	2  	777   	1.73907
INFO:gp:66 	800   	0.618213	66 	0.721728	0.433271	800   	0.0515109	4.96285	66 	13 	1  	800   	1.75993
INFO:gp:67 	763   	0.618537	67 	0.721728	0.439906	763   	0.0553978	4.90323	67 	14 	1  	763   	1.73893
INFO:gp:68 	769   	0.618903	68 	0.721728	0.404352	769   	0.0559595	4.98534	68 	13 	1  	769   	1.7705 
INFO:gp:69 	778   	0.619814	69 	0.721728	0.441276	778   	0.0552485	4.87683	69 	13 	1  	778   	1.66632
INFO:gp:70 	774   	0.618811	70 	0.721728	0.43585 	774   	0.0550881	4.95503	70 	12 	2  	774   	1.72099
INFO:gp:71 	769   	0.62056 	71 	0.721728	0.406754	769   	0.0568834	4.98925	71 	12 	2  	769   	1.63923
INFO:gp:72 	784   	0.619187	72 	0.721728	0.471661	784   	0.0553241	4.95992	72 	11 	1  	784   	1.66833
INFO:gp:73 	787   	0.617249	73 	0.721728	0.432751	787   	0.0560503	4.9521 	73 	15 	1  	787   	1.71608
INFO:gp:74 	766   	0.619907	74 	0.721728	0.4449  	766   	0.0549291	4.99218	74 	12 	2  	766   	1.69582
INFO:gp:75 	785   	0.618918	75 	0.721728	0.46163 	785   	0.0538739	5.11339	75 	12 	1  	785   	1.77878
INFO:gp:76 	772   	0.620202	76 	0.721728	0.447156	772   	0.0554236	4.98436	76 	13 	2  	772   	1.74071
INFO:gp:77 	789   	0.618974	77 	0.721728	0.455231	789   	0.0546227	5.05963	77 	15 	1  	789   	1.71   
INFO:gp:78 	795   	0.616369	78 	0.721728	0.420906	795   	0.0552905	5.0479 	78 	15 	1  	795   	1.74377
INFO:gp:79 	759   	0.619237	79 	0.721728	0.452895	759   	0.0566862	5.23265	79 	13 	2  	759   	1.80383
INFO:gp:80 	776   	0.621896	80 	0.721728	0.450606	776   	0.0532926	5.16422	80 	13 	2  	776   	1.71658
INFO:gp:81 	772   	0.61839 	81 	0.721728	0.456018	772   	0.0564827	4.99609	81 	13 	2  	772   	1.70961
INFO:gp:82 	780   	0.617415	82 	0.721728	0.453608	780   	0.0559085	4.99902	82 	12 	1  	780   	1.70933
INFO:gp:83 	774   	0.622259	83 	0.721728	0.465134	774   	0.0531099	4.95797	83 	14 	2  	774   	1.67063
INFO:gp:84 	730   	0.624459	84 	0.721728	0.440878	730   	0.0548898	4.84457	84 	13 	1  	730   	1.60348
INFO:gp:85 	781   	0.620364	85 	0.721728	0.40412 	781   	0.0562737	4.99022	85 	16 	1  	781   	1.76694
INFO:gp:86 	774   	0.617737	86 	0.721728	0.455438	774   	0.0580184	4.99316	86 	15 	1  	774   	1.75947
INFO:gp:87 	770   	0.617323	87 	0.721728	0.409569	770   	0.058016 	4.89052	87 	12 	2  	770   	1.61909
INFO:gp:88 	765   	0.620113	88 	0.721728	0.438002	765   	0.0572906	4.86901	88 	13 	2  	765   	1.64089
INFO:gp:89 	764   	0.620091	89 	0.721728	0.427257	764   	0.0568131	4.91887	89 	13 	1  	764   	1.61077
INFO:gp:90 	795   	0.618274	90 	0.721728	0.460918	795   	0.0561099	5.04106	90 	14 	1  	795   	1.73917
INFO:gp:91 	772   	0.618087	91 	0.721728	0.456237	772   	0.058249 	5.07625	91 	15 	2  	772   	1.73742
INFO:gp:92 	783   	0.619504	92 	0.721728	0.42849 	783   	0.056134 	5.08895	92 	14 	2  	783   	1.73089
INFO:gp:93 	809   	0.614951	93 	0.721728	0.464626	809   	0.0579972	5.23363	93 	12 	2  	809   	1.78217
INFO:gp:94 	762   	0.6196  	94 	0.721728	0.413735	762   	0.0577107	5.43402	94 	14 	1  	762   	1.87834
INFO:gp:95 	800   	0.617113	95 	0.721728	0.436834	800   	0.0567601	5.53959	95 	12 	1  	800   	1.90799
INFO:gp:96 	775   	0.622956	96 	0.721728	0.425664	775   	0.0536502	5.46432	96 	13 	1  	775   	1.92845
INFO:gp:97 	775   	0.620009	97 	0.721728	0.439974	775   	0.0560659	5.41544	97 	13 	2  	775   	1.93603
INFO:gp:98 	759   	0.622306	98 	0.721728	0.452136	759   	0.0555689	5.28348	98 	15 	1  	759   	1.81387
INFO:gp:99 	777   	0.620222	99 	0.721728	0.463822	777   	0.0567737	5.26784	99 	12 	2  	777   	1.81355
INFO:gp:100	765   	0.619679	100	0.721728	0.455498	765   	0.0565872	5.09971	100	14 	1  	765   	1.80253
INFO:gp:101	762   	0.620586	101	0.721728	0.406407	762   	0.0571552	5.23754	101	10 	1  	762   	1.80779
INFO:gp:102	749   	0.622329	102	0.721728	0.430834	749   	0.0590104	5.26588	102	12 	1  	749   	1.8575 
INFO:gp:103	767   	0.621404	103	0.721728	0.450432	767   	0.058413 	5.31085	103	12 	1  	767   	1.91591
INFO:gp:104	733   	0.623481	104	0.721728	0.455629	733   	0.0586273	5.40176	104	14 	1  	733   	2.01506
INFO:gp:105	766   	0.619831	105	0.721728	0.458849	766   	0.0594118	5.5826 	105	12 	1  	766   	2.04704
INFO:gp:106	790   	0.618976	106	0.721728	0.411105	790   	0.0571893	5.5826 	106	13 	1  	790   	2.03219
INFO:gp:107	760   	0.621113	107	0.721728	0.411695	760   	0.0591529	5.54839	107	13 	1  	760   	1.93323
INFO:gp:108	777   	0.620061	108	0.721728	0.444966	777   	0.0572465	5.51026	108	12 	1  	777   	1.93179
INFO:gp:109	788   	0.619502	109	0.721728	0.442634	788   	0.0569912	5.63343	109	15 	2  	788   	2.03957
INFO:gp:110	763   	0.623035	110	0.721728	0.431361	763   	0.0564114	5.37341	110	13 	2  	763   	1.87262
INFO:gp:111	768   	0.620349	111	0.721728	0.424743	768   	0.0577416	5.51222	111	14 	1  	768   	1.96837
INFO:gp:112	780   	0.618777	112	0.721728	0.453071	780   	0.0586053	5.34311	112	13 	2  	780   	1.91984
INFO:gp:113	770   	0.622813	113	0.721728	0.462518	770   	0.0561187	5.48289	113	13 	2  	770   	1.95738
INFO:gp:114	804   	0.618132	114	0.721728	0.452986	804   	0.0561881	5.47605	114	13 	2  	804   	1.96578
INFO:gp:115	780   	0.620118	115	0.721728	0.446612	780   	0.056163 	5.5914 	115	14 	1  	780   	2.00615
INFO:gp:116	801   	0.617653	116	0.721728	0.45418 	801   	0.055663 	5.67937	116	13 	1  	801   	2.07551
INFO:gp:117	792   	0.619772	117	0.721728	0.460403	792   	0.0542873	5.52102	117	14 	2  	792   	2.07374
INFO:gp:118	806   	0.616552	118	0.721728	0.429912	806   	0.0555814	5.52102	118	16 	2  	806   	2.04478
INFO:gp:119	789   	0.621028	119	0.721728	0.475443	789   	0.0538673	5.46725	119	13 	2  	789   	1.98889
INFO:gp:120	771   	0.619683	120	0.721728	0.446587	771   	0.0577532	5.42717	120	14 	2  	771   	1.97302
INFO:gp:121	773   	0.62085 	121	0.721728	0.459319	773   	0.0552376	5.35191	121	13 	1  	773   	1.87678
INFO:gp:122	768   	0.622266	122	0.721728	0.446407	768   	0.0548094	5.36168	122	13 	2  	768   	1.85658
INFO:gp:123	807   	0.619423	123	0.721728	0.44094 	807   	0.0559318	5.53959	123	13 	2  	807   	1.86446
INFO:gp:124	756   	0.624108	124	0.721728	0.44596 	756   	0.0549933	5.55523	124	13 	2  	756   	2.02154
INFO:gp:125	767   	0.621439	125	0.721728	0.459848	767   	0.0570407	5.58749	125	13 	1  	767   	2.09685
INFO:gp:126	783   	0.619439	126	0.721728	0.447792	783   	0.0577778	5.44184	126	14 	1  	783   	1.98831
INFO:gp:127	767   	0.622161	127	0.721728	0.45194 	767   	0.0568026	5.50831	127	15 	2  	767   	2.03721
INFO:gp:128	793   	0.621094	128	0.721728	0.447668	793   	0.0544431	5.47019	128	13 	1  	793   	2.06702
INFO:gp:129	791   	0.618915	129	0.721728	0.448137	791   	0.0551399	5.31672	129	13 	1  	791   	1.97278
INFO:gp:130	770   	0.621619	130	0.721728	0.432519	770   	0.0551128	5.20821	130	13 	1  	770   	1.94314
INFO:gp:131	788   	0.620132	131	0.721728	0.433151	788   	0.0553503	5.16422	131	13 	1  	788   	1.92184
INFO:gp:132	767   	0.623298	132	0.721728	0.448021	767   	0.0556286	5.10753	132	13 	1  	767   	1.80803
INFO:gp:133	768   	0.62065 	133	0.721728	0.436473	768   	0.0579456	5.05376	133	13 	2  	768   	1.76532
INFO:gp:134	768   	0.620894	134	0.721728	0.452628	768   	0.0561318	5.05474	134	13 	1  	768   	1.87616
INFO:gp:135	759   	0.620593	135	0.721728	0.44973 	759   	0.0592969	5.1564 	135	14 	2  	759   	1.93768
INFO:gp:136	779   	0.618676	136	0.721728	0.437436	779   	0.0590773	5.15543	136	13 	2  	779   	1.92638
INFO:gp:137	747   	0.623594	137	0.721728	0.437611	747   	0.0569009	5.17498	137	13 	1  	747   	1.83047
INFO:gp:138	771   	0.621113	138	0.721728	0.454839	771   	0.0564925	5.27273	138	14 	2  	771   	1.93767
INFO:gp:139	751   	0.621484	139	0.721728	0.449335	751   	0.0593584	5.41544	139	14 	1  	751   	1.98293
INFO:gp:140	792   	0.620742	140	0.721728	0.425245	792   	0.0567185	5.38221	140	13 	2  	792   	2.02997
INFO:gp:141	781   	0.620984	141	0.721728	0.443952	781   	0.0567078	5.40567	141	13 	1  	781   	2.05321
INFO:gp:142	777   	0.620858	142	0.721728	0.448507	777   	0.0574556	5.58358	142	13 	2  	777   	2.03743
INFO:gp:143	802   	0.618684	143	0.721728	0.45847 	802   	0.0562048	5.54545	143	15 	2  	802   	2.02758
INFO:gp:144	767   	0.62289 	144	0.721728	0.450399	767   	0.0563426	5.50342	144	13 	1  	767   	1.97485
INFO:gp:145	763   	0.62321 	145	0.721728	0.432164	763   	0.0568253	5.50538	145	13 	2  	763   	2.02471
INFO:gp:146	749   	0.625085	146	0.721728	0.448885	749   	0.0568603	5.40371	146	14 	1  	749   	2.10856
INFO:gp:147	755   	0.623603	147	0.721728	0.456241	755   	0.0577128	5.27566	147	15 	2  	755   	2.11642
INFO:gp:148	783   	0.620063	148	0.721728	0.442737	783   	0.057801 	5.42033	148	14 	1  	783   	2.17361
INFO:gp:149	793   	0.618057	149	0.721728	0.420321	793   	0.057875 	5.49951	149	14 	1  	793   	2.17597
INFO:gp:150	792   	0.620918	150	0.721728	0.458768	792   	0.0545364	5.35875	150	14 	1  	792   	2.11713
INFO:gp:151	762   	0.620574	151	0.721728	0.453508	762   	0.0567191	5.4477 	151	15 	2  	762   	2.18833
INFO:gp:152	784   	0.619436	152	0.721728	0.434114	784   	0.0574049	5.44575	152	13 	1  	784   	2.19007
INFO:gp:153	760   	0.62084 	153	0.721728	0.416939	760   	0.058656 	5.46725	153	14 	2  	760   	2.13674
INFO:gp:154	804   	0.619446	154	0.728418	0.46759 	804   	0.0546476	5.53959	154	14 	2  	804   	2.19485
INFO:gp:155	793   	0.61799 	155	0.728418	0.411433	793   	0.0567785	5.49658	155	15 	1  	793   	2.19386
INFO:gp:156	774   	0.622073	156	0.728418	0.421431	774   	0.0551871	5.5132 	156	14 	2  	774   	2.12272
INFO:gp:157	762   	0.624531	157	0.728418	0.433474	762   	0.0558361	5.50538	157	16 	2  	762   	2.1818 
INFO:gp:158	773   	0.621067	158	0.728418	0.441785	773   	0.057166 	5.41349	158	15 	2  	773   	2.06921
INFO:gp:159	764   	0.620948	159	0.728418	0.451542	764   	0.0582445	5.24145	159	14 	2  	764   	2.00716
INFO:gp:160	789   	0.619506	160	0.728418	0.453336	789   	0.0567084	5.15152	160	15 	2  	789   	1.99401
INFO:gp:161	776   	0.621974	161	0.721728	0.452193	776   	0.0541298	5.22581	161	12 	2  	776   	1.95323
INFO:gp:162	768   	0.620904	162	0.721728	0.454523	768   	0.0560769	5.20137	162	13 	2  	768   	1.97603
INFO:gp:163	780   	0.62023 	163	0.721728	0.418055	780   	0.0568491	5.30108	163	14 	1  	780   	2.10693
INFO:gp:164	763   	0.623646	164	0.721728	0.453163	763   	0.0544606	5.46139	164	15 	2  	763   	2.26284
INFO:gp:165	796   	0.616959	165	0.721728	0.44484 	796   	0.0581964	5.31476	165	14 	1  	796   	2.09935
INFO:gp:166	764   	0.618309	166	0.721728	0.453683	764   	0.0593141	5.174  	166	13 	1  	764   	1.98554
INFO:gp:167	769   	0.620676	167	0.721728	0.434328	769   	0.0570853	5.00293	167	14 	1  	769   	1.95826
INFO:gp:168	776   	0.623085	168	0.721728	0.402464	776   	0.0550239	5.0088 	168	14 	1  	776   	1.99533
INFO:gp:169	780   	0.619284	169	0.721728	0.456034	780   	0.0577308	5.04888	169	13 	1  	780   	2.07144
INFO:gp:170	794   	0.618501	170	0.721728	0.457307	794   	0.0570043	4.93548	170	13 	1  	794   	1.90788
INFO:gp:171	754   	0.624306	171	0.721728	0.462452	754   	0.055305 	4.98045	171	14 	1  	754   	1.92163
INFO:gp:172	802   	0.615785	172	0.721728	0.440224	802   	0.0578256	4.88759	172	14 	1  	802   	1.94601
INFO:gp:173	772   	0.618976	173	0.721728	0.428159	772   	0.0585054	4.89541	173	15 	1  	772   	1.89866
INFO:gp:174	771   	0.621196	174	0.721728	0.477007	771   	0.0564212	4.84555	174	15 	1  	771   	1.94137
INFO:gp:175	786   	0.618755	175	0.721728	0.431039	786   	0.0579212	4.94917	175	15 	1  	786   	2.05052
INFO:gp:176	760   	0.623115	176	0.721728	0.449989	760   	0.0555878	5.02639	176	13 	2  	760   	2.04645
INFO:gp:177	801   	0.620006	177	0.721728	0.411402	801   	0.0547463	5.07722	177	12 	2  	801   	2.05803
INFO:gp:178	766   	0.623384	178	0.721728	0.463224	766   	0.0555279	5.06354	178	14 	1  	766   	2.10684
INFO:gp:179	798   	0.619119	179	0.721728	0.455853	798   	0.0563923	5.1955 	179	13 	1  	798   	2.19501
INFO:gp:180	770   	0.620881	180	0.721728	0.453416	770   	0.0573355	5.10753	180	13 	1  	770   	2.10064
INFO:gp:181	786   	0.62145 	181	0.721728	0.461124	786   	0.0566387	5.0176 	181	14 	1  	786   	1.97731
INFO:gp:182	800   	0.619744	182	0.721728	0.441576	800   	0.0552003	4.95601	182	13 	1  	800   	1.94122
INFO:gp:183	770   	0.619996	183	0.721728	0.462271	770   	0.0568698	4.91007	183	14 	1  	770   	1.90326
INFO:gp:184	762   	0.621839	184	0.721728	0.445427	762   	0.0580809	4.9824 	184	15 	1  	762   	1.92216
INFO:gp:185	745   	0.621609	185	0.721728	0.451511	745   	0.0591739	4.97458	185	14 	1  	745   	1.91341
INFO:gp:186	770   	0.621503	186	0.721728	0.436323	770   	0.0576649	5.03519	186	13 	1  	770   	1.97609
INFO:gp:187	770   	0.620638	187	0.721728	0.412963	770   	0.0589225	5.03324	187	12 	1  	770   	1.96968
INFO:gp:188	775   	0.62034 	188	0.721728	0.436178	775   	0.057612 	5.12023	188	14 	1  	775   	1.972  
INFO:gp:189	789   	0.618263	189	0.721728	0.446952	789   	0.0576993	5.23754	189	14 	1  	789   	2.18841
INFO:gp:190	773   	0.621737	190	0.721728	0.430856	773   	0.0557778	5.26197	190	16 	1  	773   	2.15386
INFO:gp:191	815   	0.617532	191	0.721728	0.455675	815   	0.0564248	5.35288	191	16 	1  	815   	2.16648
INFO:gp:192	758   	0.620796	192	0.721728	0.450382	758   	0.057461 	5.33529	192	14 	2  	758   	2.11266
INFO:gp:193	783   	0.620817	193	0.724153	0.445032	783   	0.0568411	5.41056	193	13 	2  	783   	2.14243
INFO:gp:194	783   	0.621706	194	0.724153	0.456808	783   	0.0558051	5.25806	194	13 	2  	783   	1.99997
INFO:gp:195	791   	0.621785	195	0.724153	0.458482	791   	0.055827 	5.30596	195	13 	2  	791   	2.0371 
INFO:gp:196	802   	0.617367	196	0.724153	0.465895	802   	0.0563291	5.44673	196	13 	2  	802   	2.09567
INFO:gp:197	770   	0.62306 	197	0.724153	0.433115	770   	0.0554752	5.4956 	197	12 	2  	770   	2.07902
INFO:gp:198	785   	0.621778	198	0.724153	0.444277	785   	0.0564094	5.4741 	198	14 	2  	785   	2.19816
INFO:gp:199	775   	0.621512	199	0.721728	0.463456	775   	0.0569984	5.42424	199	17 	2  	775   	2.17105
INFO:gp:200	764   	0.623624	200	0.721728	0.414219	764   	0.0578097	5.43011	200	14 	2  	764   	2.11376
INFO:gp:201	783   	0.623338	201	0.721728	0.467198	783   	0.0565769	5.50049	201	12 	2  	783   	1.97733
INFO:gp:202	761   	0.622389	202	0.721728	0.463924	761   	0.0584381	5.44575	202	12 	1  	761   	1.98399
INFO:gp:203	766   	0.62231 	203	0.72892 	0.436154	766   	0.0583479	5.57478	203	17 	2  	766   	2.08472
INFO:gp:204	740   	0.624481	204	0.72892 	0.447082	740   	0.0602342	5.52199	204	17 	2  	740   	2.02073
INFO:gp:205	776   	0.622111	205	0.721728	0.434031	776   	0.0589185	5.81232	205	16 	2  	776   	2.0786 
INFO:gp:206	770   	0.621917	206	0.721728	0.454549	770   	0.0595843	5.78592	206	13 	2  	770   	2.06874
INFO:gp:207	790   	0.621053	207	0.721728	0.431854	790   	0.0566974	5.92571	207	16 	2  	790   	2.18909
INFO:gp:208	768   	0.623178	208	0.721728	0.450772	768   	0.0578483	5.86413	208	14 	2  	768   	2.14027
INFO:gp:209	790   	0.621193	209	0.721728	0.455378	790   	0.0585655	5.90714	209	15 	1  	790   	2.25504
INFO:gp:210	769   	0.623148	210	0.721728	0.445916	769   	0.0561335	5.77713	210	13 	2  	769   	2.19597
INFO:gp:211	773   	0.622724	211	0.721728	0.460516	773   	0.0580583	5.73705	211	14 	1  	773   	2.22451
INFO:gp:212	762   	0.623135	212	0.721728	0.453713	762   	0.0565515	5.68524	212	14 	2  	762   	2.14814
INFO:gp:213	799   	0.621047	213	0.721728	0.469685	799   	0.0553377	5.55816	213	14 	2  	799   	2.12288
INFO:gp:214	763   	0.624661	214	0.721728	0.421846	763   	0.0558772	5.65591	214	14 	2  	763   	2.20257
INFO:gp:215	797   	0.620088	215	0.721728	0.464079	797   	0.0561771	5.68817	215	15 	1  	797   	2.27519
INFO:gp:216	792   	0.620198	216	0.721728	0.447831	792   	0.056341 	5.61975	216	16 	2  	792   	2.23652
INFO:gp:217	797   	0.621344	217	0.721728	0.441479	797   	0.0561058	5.62561	217	14 	2  	797   	2.13833
INFO:gp:218	773   	0.622567	218	0.721728	0.413713	773   	0.0567822	5.54545	218	17 	2  	773   	2.10005
INFO:gp:219	756   	0.625034	219	0.721728	0.476502	756   	0.0563741	5.5523 	219	14 	2  	756   	2.08541
INFO:gp:220	779   	0.62134 	220	0.721728	0.435905	779   	0.0584927	5.67644	220	17 	2  	779   	2.22751
INFO:gp:221	779   	0.622307	221	0.721728	0.447956	779   	0.057808 	5.75953	221	13 	2  	779   	2.29131
INFO:gp:222	780   	0.621611	222	0.721728	0.462395	780   	0.0566249	5.79863	222	13 	2  	780   	2.39593
INFO:gp:223	740   	0.623592	223	0.721728	0.435861	740   	0.060248 	5.80938	223	15 	2  	740   	2.30598
INFO:gp:224	775   	0.623151	224	0.721728	0.426555	775   	0.0584553	5.80059	224	13 	1  	775   	2.26739
INFO:gp:225	764   	0.62145 	225	0.721728	0.435135	764   	0.0608115	5.89443	225	14 	2  	764   	2.37834
INFO:gp:226	763   	0.621015	226	0.721728	0.454946	763   	0.0600896	5.87781	226	14 	1  	763   	2.35959
INFO:gp:227	787   	0.62181 	227	0.721728	0.462766	787   	0.056631 	5.8045 	227	15 	2  	787   	2.33819
INFO:gp:228	750   	0.624304	228	0.721728	0.459024	750   	0.0565251	5.89834	228	17 	2  	750   	2.44338
INFO:gp:229	776   	0.621057	229	0.721728	0.448549	776   	0.0587349	5.84555	229	17 	2  	776   	2.36246
INFO:gp:230	781   	0.620863	230	0.721728	0.461062	781   	0.0586188	6.05376	230	16 	2  	781   	2.47214
INFO:gp:231	764   	0.623309	231	0.721728	0.45736 	764   	0.0569635	6.09971	231	15 	2  	764   	2.33253
INFO:gp:232	777   	0.620663	232	0.721728	0.453013	777   	0.05871  	6.11926	232	17 	2  	777   	2.45814
INFO:gp:233	785   	0.620088	233	0.721728	0.453878	785   	0.0590677	5.88954	233	16 	2  	785   	2.24556
INFO:gp:234	777   	0.621557	234	0.721728	0.451489	777   	0.0579983	5.64125	234	14 	2  	777   	2.16958
INFO:gp:235	758   	0.62386 	235	0.721728	0.455198	758   	0.05859  	5.55718	235	12 	2  	758   	2.1626 
INFO:gp:236	779   	0.621016	236	0.721728	0.455385	779   	0.0585286	5.60997	236	15 	2  	779   	2.24792
INFO:gp:237	777   	0.620937	237	0.721728	0.439815	777   	0.0572761	5.63148	237	15 	2  	777   	2.271  
INFO:gp:238	782   	0.619054	238	0.721728	0.455848	782   	0.0585695	5.54252	238	13 	1  	782   	2.25672
INFO:gp:239	782   	0.620601	239	0.721728	0.431949	782   	0.0584843	5.6784 	239	15 	2  	782   	2.21238
INFO:gp:240	783   	0.619633	240	0.721728	0.440642	783   	0.0585895	5.91398	240	18 	2  	783   	2.36842
INFO:gp:241	758   	0.62355 	241	0.721728	0.435706	758   	0.0581893	5.826  	241	15 	1  	758   	2.31216
INFO:gp:242	773   	0.622124	242	0.721728	0.444159	773   	0.0594808	5.93548	242	15 	1  	773   	2.33377
INFO:gp:243	759   	0.622845	243	0.721728	0.436524	759   	0.0601411	5.99218	243	16 	2  	759   	2.32878
INFO:gp:244	771   	0.624191	244	0.721728	0.445968	771   	0.0584749	6.06745	244	15 	2  	771   	2.37705
INFO:gp:245	779   	0.621099	245	0.721728	0.464994	779   	0.0583729	6.02248	245	14 	1  	779   	2.21531
INFO:gp:246	771   	0.622728	246	0.721728	0.453667	771   	0.0586919	5.94428	246	14 	2  	771   	2.23974
INFO:gp:247	796   	0.621489	247	0.721728	0.461811	796   	0.058087 	5.95992	247	16 	1  	796   	2.24792
INFO:gp:248	769   	0.622165	248	0.721728	0.458375	769   	0.056918 	5.89736	248	16 	2  	769   	2.29459
INFO:gp:249	753   	0.624426	249	0.721728	0.451365	753   	0.0586018	5.826  	249	16 	2  	753   	2.23214
INFO:gp:250	786   	0.621254	250	0.721728	0.415763	786   	0.0602623	5.84848	250	13 	2  	786   	2.20935
INFO:gp:251	771   	0.624338	251	0.721728	0.47402 	771   	0.0579133	6.13587	251	16 	2  	771   	2.40765
INFO:gp:252	770   	0.623512	252	0.721728	0.446686	770   	0.0590694	6.06843	252	16 	2  	770   	2.35575
INFO:gp:253	756   	0.628   	253	0.721728	0.394676	756   	0.056305 	6.26686	253	15 	1  	756   	2.3305 
INFO:gp:254	756   	0.62438 	254	0.721728	0.458897	756   	0.0577045	6.23558	254	14 	1  	756   	2.3179 
INFO:gp:255	785   	0.62386 	255	0.721728	0.44138 	785   	0.0576188	5.9218 	255	13 	2  	785   	2.19609
INFO:gp:256	766   	0.622529	256	0.721728	0.45863 	766   	0.0598615	5.86706	256	16 	1  	766   	2.19301
INFO:gp:257	816   	0.619801	257	0.721728	0.470342	816   	0.0560313	6.12414	257	15 	2  	816   	2.24049
INFO:gp:258	776   	0.624322	258	0.721728	0.456481	776   	0.0554429	6.01173	258	15 	2  	776   	2.19656
INFO:gp:259	735   	0.625309	259	0.721728	0.451709	735   	0.0598697	5.88856	259	14 	1  	735   	2.23963
INFO:gp:260	762   	0.622632	260	0.721728	0.443925	762   	0.0607336	6.17595	260	17 	1  	762   	2.33221
INFO:gp:261	785   	0.624747	261	0.721728	0.451717	785   	0.0562673	6.32454	261	14 	2  	785   	2.3758 
INFO:gp:262	788   	0.624399	262	0.721728	0.436839	788   	0.0563932	6.39492	262	16 	1  	788   	2.35352
INFO:gp:263	799   	0.621281	263	0.721728	0.400323	799   	0.0574918	6.32454	263	16 	2  	799   	2.39057
INFO:gp:264	779   	0.621546	264	0.721728	0.441432	779   	0.0573   	6.35093	264	14 	2  	779   	2.36069
INFO:gp:265	787   	0.619181	265	0.721728	0.467824	787   	0.0585689	6.04106	265	14 	1  	787   	2.34766
INFO:gp:266	779   	0.621326	266	0.721728	0.469579	779   	0.0579161	5.89541	266	14 	2  	779   	2.36705
INFO:gp:267	770   	0.621742	267	0.721728	0.445354	770   	0.0571627	6.12023	267	15 	2  	770   	2.4698 
INFO:gp:268	783   	0.620991	268	0.721728	0.459627	783   	0.057979 	5.89052	268	15 	2  	783   	2.36125
INFO:gp:269	766   	0.622282	269	0.721728	0.443089	766   	0.0581925	5.85142	269	13 	2  	766   	2.25661
INFO:gp:270	763   	0.623935	270	0.721728	0.44974 	763   	0.0581565	6.04399	270	16 	2  	763   	2.39522
INFO:gp:271	761   	0.622221	271	0.721728	0.455625	761   	0.0599005	6.11632	271	18 	1  	761   	2.46047
INFO:gp:272	780   	0.622529	272	0.721728	0.450907	780   	0.0587461	5.99609	272	20 	2  	780   	2.5133 
INFO:gp:273	794   	0.621035	273	0.721728	0.437692	794   	0.0574075	6.1955 	273	20 	1  	794   	2.57306
INFO:gp:274	813   	0.620056	274	0.721728	0.439398	813   	0.0565662	6.261  	274	20 	2  	813   	2.54525
INFO:gp:275	789   	0.624549	275	0.721728	0.460533	789   	0.0553354	6.14858	275	16 	2  	789   	2.41319
INFO:gp:276	770   	0.624182	276	0.721728	0.464173	770   	0.0564717	6.2522 	276	14 	2  	770   	2.35029
INFO:gp:277	786   	0.621276	277	0.721728	0.443815	786   	0.0584416	6.3871 	277	21 	2  	786   	2.55625
INFO:gp:278	756   	0.624545	278	0.721728	0.457686	756   	0.0571622	6.28837	278	17 	2  	756   	2.46062
INFO:gp:279	770   	0.624626	279	0.721728	0.449731	770   	0.0588773	6.07527	279	15 	2  	770   	2.32526
INFO:gp:280	733   	0.626903	280	0.721728	0.475165	733   	0.057902 	6.01662	280	18 	2  	733   	2.37919
INFO:gp:281	787   	0.621963	281	0.721728	0.462913	787   	0.0587986	5.88856	281	14 	1  	787   	2.33953
INFO:gp:282	766   	0.623369	282	0.721728	0.441803	766   	0.0593343	5.93255	282	16 	1  	766   	2.35474
INFO:gp:283	788   	0.620102	283	0.721728	0.445665	788   	0.0594294	6.05474	283	14 	1  	788   	2.31171
INFO:gp:284	786   	0.623922	284	0.721728	0.457371	786   	0.0578166	6.2131 	284	16 	2  	786   	2.45578
INFO:gp:285	779   	0.618987	285	0.721728	0.457095	779   	0.0594663	6.0176 	285	15 	1  	779   	2.34795
INFO:gp:286	769   	0.624787	286	0.721728	0.445771	769   	0.056877 	6.05376	286	14 	2  	769   	2.33718
INFO:gp:287	763   	0.624182	287	0.721728	0.452809	763   	0.0576844	6.3001 	287	18 	2  	763   	2.53208
INFO:gp:288	765   	0.623581	288	0.721728	0.453274	765   	0.0582527	6.03519	288	18 	2  	765   	2.49589
INFO:gp:289	796   	0.620372	289	0.721728	0.449476	796   	0.0573779	6.08993	289	15 	2  	796   	2.62511
INFO:gp:290	790   	0.620361	290	0.721728	0.466497	790   	0.0577153	6.21505	290	17 	2  	790   	2.67618
INFO:gp:291	771   	0.622887	291	0.721728	0.420286	771   	0.0579382	5.97849	291	16 	2  	771   	2.46848
INFO:gp:292	786   	0.625725	292	0.721728	0.467596	786   	0.055181 	6.01955	292	16 	2  	786   	2.36577
INFO:gp:293	813   	0.61897 	293	0.721728	0.460078	813   	0.0557971	6.15445	293	16 	2  	813   	2.44661
INFO:gp:294	782   	0.620529	294	0.721728	0.454911	782   	0.0564457	6.02639	294	16 	2  	782   	2.37087
INFO:gp:295	782   	0.622303	295	0.721728	0.448727	782   	0.0566459	6.02346	295	16 	2  	782   	2.53989
INFO:gp:296	791   	0.620322	296	0.721728	0.469637	791   	0.055497 	5.98827	296	16 	2  	791   	2.44027
INFO:gp:297	798   	0.618947	297	0.721728	0.435297	798   	0.0581737	5.99902	297	15 	2  	798   	2.35405
INFO:gp:298	781   	0.622071	298	0.721728	0.446537	781   	0.0584062	6.22972	298	16 	2  	781   	2.54942
INFO:gp:299	776   	0.620631	299	0.721728	0.400932	776   	0.0595888	6.07625	299	15 	1  	776   	2.57518
INFO:gp:300	747   	0.625802	300	0.721728	0.460228	747   	0.0573044	5.92278	300	15 	1  	747   	2.36273
INFO:gp:301	792   	0.620597	301	0.721728	0.47467 	792   	0.0576922	5.95406	301	18 	2  	792   	2.45524
INFO:gp:302	787   	0.620853	302	0.721728	0.456754	787   	0.0567291	5.96285	302	14 	2  	787   	2.43279
INFO:gp:303	783   	0.62311 	303	0.721728	0.458853	783   	0.0567504	6.02151	303	15 	2  	783   	2.50581
INFO:gp:304	770   	0.62479 	304	0.721728	0.455477	770   	0.0564115	6.17498	304	16 	1  	770   	2.54071
INFO:gp:305	750   	0.624825	305	0.721728	0.470507	750   	0.05825  	6.0782 	305	15 	2  	750   	2.45462
INFO:gp:306	773   	0.623999	306	0.721728	0.443212	773   	0.057666 	5.99316	306	14 	2  	773   	2.36109
INFO:gp:307	746   	0.62524 	307	0.721728	0.412661	746   	0.0596896	5.95406	307	14 	2  	746   	2.3825 
INFO:gp:308	751   	0.624305	308	0.721728	0.456676	751   	0.0594122	5.77615	308	14 	2  	751   	2.36621
INFO:gp:309	789   	0.622693	309	0.721728	0.457183	789   	0.0572539	5.56109	309	14 	1  	789   	2.25499
INFO:gp:310	783   	0.620933	310	0.721728	0.450334	783   	0.058677 	5.67742	310	16 	2  	783   	2.28633
INFO:gp:311	774   	0.62092 	311	0.721728	0.469485	774   	0.0589817	5.68524	311	16 	2  	774   	2.34857
INFO:gp:312	793   	0.619807	312	0.721728	0.428332	793   	0.0586283	5.92278	312	15 	2  	793   	2.42036
INFO:gp:313	800   	0.620756	313	0.721728	0.453104	800   	0.0562896	6.05181	313	19 	1  	800   	2.53466
INFO:gp:314	774   	0.620846	314	0.721728	0.452992	774   	0.0602346	6.09677	314	17 	2  	774   	2.49406
INFO:gp:315	781   	0.624888	315	0.721728	0.448629	781   	0.0572467	6.18671	315	16 	2  	781   	2.46923
INFO:gp:316	765   	0.623272	316	0.721728	0.424793	765   	0.0600725	6.15836	316	16 	2  	765   	2.45474
INFO:gp:317	758   	0.626447	317	0.721728	0.453044	758   	0.0583054	6.28152	317	19 	2  	758   	2.47784
INFO:gp:318	768   	0.620661	318	0.721728	0.423934	768   	0.060814 	6.1955 	318	19 	2  	768   	2.41632
INFO:gp:319	758   	0.623081	319	0.721728	0.464922	758   	0.0598855	6.04399	319	15 	2  	758   	2.33236
INFO:gp:320	783   	0.623446	320	0.721728	0.457773	783   	0.0592788	6.22385	320	15 	2  	783   	2.38391
INFO:gp:321	807   	0.622644	321	0.721728	0.428947	807   	0.053589 	6.51711	321	17 	2  	807   	2.47913
INFO:gp:322	766   	0.625791	322	0.721728	0.432329	766   	0.056008 	6.20723	322	17 	2  	766   	2.56033
INFO:gp:323	795   	0.622763	323	0.721728	0.453315	795   	0.0548905	6.2522 	323	16 	2  	795   	2.529  
INFO:gp:324	769   	0.622134	324	0.721728	0.443196	769   	0.0581552	6.22092	324	15 	2  	769   	2.5523 
INFO:gp:325	777   	0.622342	325	0.721728	0.459571	777   	0.0570281	6.04594	325	16 	2  	777   	2.3866 
INFO:gp:326	794   	0.618966	326	0.721728	0.407569	794   	0.0581885	6.16325	326	15 	2  	794   	2.66906
INFO:gp:327	771   	0.621829	327	0.721728	0.448926	771   	0.0586735	6.04985	327	15 	1  	771   	2.59039
INFO:gp:328	769   	0.623114	328	0.721728	0.458891	769   	0.0593296	5.98045	328	16 	2  	769   	2.5109 
INFO:gp:329	784   	0.621008	329	0.721728	0.448026	784   	0.0587846	6.02737	329	14 	1  	784   	2.47198
INFO:gp:330	769   	0.622759	330	0.721728	0.418865	769   	0.0573184	6.16129	330	15 	1  	769   	2.59678
INFO:gp:331	760   	0.623621	331	0.721728	0.454188	760   	0.0583769	6.15836	331	14 	2  	760   	2.64193
INFO:gp:332	767   	0.624265	332	0.721728	0.463089	767   	0.0586313	6.14076	332	15 	1  	767   	2.61766
INFO:gp:333	753   	0.623631	333	0.721728	0.454287	753   	0.0607611	6.22483	333	16 	1  	753   	2.74926
INFO:gp:334	765   	0.624857	334	0.721728	0.402247	765   	0.0597276	6.05279	334	18 	2  	765   	2.71039
INFO:gp:335	794   	0.619991	335	0.721728	0.457371	794   	0.0589414	5.93842	335	16 	2  	794   	2.66051
INFO:gp:336	764   	0.623084	336	0.721728	0.45986 	764   	0.0585092	6.13392	336	16 	1  	764   	2.56959
INFO:gp:337	772   	0.623579	337	0.721728	0.435606	772   	0.0578905	6.24829	337	19 	2  	772   	2.62571
INFO:gp:338	794   	0.62227 	338	0.721728	0.435391	794   	0.056292 	6.1349 	338	17 	2  	794   	2.57922
INFO:gp:339	775   	0.622256	339	0.721728	0.417654	775   	0.0579169	6.18182	339	16 	2  	775   	2.52769
INFO:gp:340	747   	0.625266	340	0.721728	0.433478	747   	0.0604696	6.03226	340	15 	2  	747   	2.36253
INFO:gp:341	788   	0.621623	341	0.721728	0.445999	788   	0.0584719	6.04106	341	17 	2  	788   	2.37498
INFO:gp:342	805   	0.62107 	342	0.721728	0.445542	805   	0.0552306	6.02151	342	17 	2  	805   	2.38551
INFO:gp:343	777   	0.622328	343	0.721728	0.452462	777   	0.0582057	5.94135	343	15 	2  	777   	2.35809
INFO:gp:344	759   	0.622942	344	0.721728	0.449785	759   	0.0602012	5.88856	344	15 	2  	759   	2.26782
INFO:gp:345	775   	0.620113	345	0.721728	0.454913	775   	0.0601981	5.9218 	345	15 	2  	775   	2.33461
INFO:gp:346	786   	0.622091	346	0.721728	0.442792	786   	0.058504 	5.95797	346	15 	2  	786   	2.40503
INFO:gp:347	773   	0.619441	347	0.721728	0.457083	773   	0.0617095	6.03128	347	20 	1  	773   	2.43046
INFO:gp:348	786   	0.621566	348	0.721728	0.469702	786   	0.0573842	6.24242	348	15 	1  	786   	2.51173
INFO:gp:349	792   	0.62058 	349	0.721728	0.45148 	792   	0.0582296	6.34995	349	16 	2  	792   	2.55357
INFO:gp:350	778   	0.623451	350	0.721728	0.451148	778   	0.0565466	6.19844	350	16 	2  	778   	2.52199
INFO:gp:351	754   	0.624246	351	0.721728	0.458862	754   	0.0599134	5.91593	351	17 	2  	754   	2.44445
INFO:gp:352	799   	0.621618	352	0.721728	0.443906	799   	0.0571497	6.18671	352	16 	2  	799   	2.50305
INFO:gp:353	765   	0.621369	353	0.721728	0.439477	765   	0.0586851	6.06256	353	19 	2  	765   	2.51331
INFO:gp:354	809   	0.620864	354	0.721728	0.426708	809   	0.057231 	6.26002	354	16 	2  	809   	2.64978
INFO:gp:355	785   	0.620898	355	0.721728	0.4266  	785   	0.0576048	6.28152	355	16 	2  	785   	2.69298
INFO:gp:356	774   	0.621081	356	0.721728	0.45481 	774   	0.0567485	6.261  	356	15 	2  	774   	2.58942
INFO:gp:357	783   	0.622941	357	0.721728	0.456993	783   	0.0563927	6.08895	357	15 	1  	783   	2.56469
INFO:gp:358	779   	0.621349	358	0.721728	0.432481	779   	0.0578096	5.94135	358	17 	1  	779   	2.53894
INFO:gp:359	752   	0.625087	359	0.721728	0.468397	752   	0.0585548	5.72727	359	13 	2  	752   	2.38456
INFO:gp:360	769   	0.622347	360	0.721728	0.456402	769   	0.0594934	5.92766	360	14 	2  	769   	2.57832
INFO:gp:361	785   	0.621725	361	0.721728	0.4359  	785   	0.0589171	5.94819	361	14 	2  	785   	2.50518
INFO:gp:362	791   	0.619849	362	0.721728	0.433953	791   	0.0590963	6.10166	362	17 	2  	791   	2.609  
INFO:gp:363	773   	0.620095	363	0.721728	0.448496	773   	0.0590335	6.21212	363	15 	2  	773   	2.60741
INFO:gp:364	760   	0.622141	364	0.721728	0.445138	760   	0.0575428	6.03519	364	16 	2  	760   	2.46792
INFO:gp:365	767   	0.62528 	365	0.721728	0.459025	767   	0.0568136	5.90518	365	13 	2  	767   	2.36829
INFO:gp:366	783   	0.620244	366	0.721728	0.448277	783   	0.0587342	5.72532	366	14 	2  	783   	2.28511
INFO:gp:367	792   	0.622055	367	0.721728	0.426361	792   	0.0572104	5.75953	367	16 	2  	792   	2.43043
INFO:gp:368	786   	0.622171	368	0.721728	0.444722	786   	0.0575006	5.89247	368	18 	2  	786   	2.40848
INFO:gp:369	754   	0.627163	369	0.721728	0.431702	754   	0.0559369	6.2825 	369	19 	2  	754   	2.50031
INFO:gp:370	784   	0.624316	370	0.721728	0.452416	784   	0.0558943	6.22092	370	15 	2  	784   	2.43991
INFO:gp:371	794   	0.621653	371	0.721728	0.450991	794   	0.0565291	6.17498	371	15 	2  	794   	2.39535
INFO:gp:372	768   	0.622153	372	0.721728	0.44956 	768   	0.0556217	6.38319	372	17 	2  	768   	2.64368
INFO:gp:373	760   	0.625739	373	0.721728	0.459856	760   	0.0584897	6.53372	373	15 	2  	760   	2.68164
INFO:gp:374	783   	0.623592	374	0.721728	0.439937	783   	0.057698 	6.32063	374	14 	1  	783   	2.66523
INFO:gp:375	796   	0.621405	375	0.721728	0.449174	796   	0.0560849	6.24829	375	16 	2  	796   	2.53633
INFO:gp:376	769   	0.621242	376	0.721728	0.450431	769   	0.0590445	6.13587	376	16 	2  	769   	2.5381 
INFO:gp:377	758   	0.622449	377	0.721728	0.441635	758   	0.0594285	6.08309	377	16 	2  	758   	2.45028
INFO:gp:378	749   	0.625688	378	0.721728	0.439502	749   	0.0583548	6.00196	378	14 	2  	749   	2.46699
INFO:gp:379	764   	0.62502 	379	0.721728	0.43911 	764   	0.0578145	6.10264	379	15 	2  	764   	2.53619
INFO:gp:380	792   	0.620919	380	0.721728	0.444912	792   	0.0578189	6.04692	380	15 	1  	792   	2.51909
INFO:gp:381	758   	0.622136	381	0.721728	0.453745	758   	0.0584316	5.82111	381	15 	1  	758   	2.46902
INFO:gp:382	761   	0.624442	382	0.721728	0.4534  	761   	0.0578658	5.6911 	382	13 	2  	761   	2.38978
INFO:gp:383	761   	0.622999	383	0.721728	0.452662	761   	0.0589669	5.78299	383	15 	1  	761   	2.46933
INFO:gp:384	760   	0.622149	384	0.721728	0.445915	760   	0.0599403	5.85337	384	15 	2  	760   	2.51797
INFO:gp:385	783   	0.621798	385	0.721728	0.432017	783   	0.0594037	5.80743	385	17 	2  	783   	2.46204
INFO:gp:386	755   	0.624146	386	0.721728	0.456832	755   	0.0599769	5.84751	386	17 	2  	755   	2.39913
INFO:gp:387	753   	0.622143	387	0.721728	0.450961	753   	0.0615934	6.03617	387	21 	2  	753   	2.59665
INFO:gp:388	791   	0.622601	388	0.721728	0.470442	791   	0.0581158	5.92473	388	15 	2  	791   	2.52828
INFO:gp:389	757   	0.623155	389	0.721728	0.453212	757   	0.0607572	6.06745	389	16 	2  	757   	2.58622
INFO:gp:390	772   	0.62172 	390	0.721728	0.437866	772   	0.060377 	6.02639	390	15 	2  	772   	2.57825
INFO:gp:391	767   	0.623185	391	0.721728	0.435197	767   	0.0603768	5.94721	391	14 	2  	767   	2.58863
INFO:gp:392	765   	0.622651	392	0.721728	0.447431	765   	0.0595817	5.88954	392	15 	2  	765   	2.5103 
INFO:gp:393	778   	0.622865	393	0.721728	0.441845	778   	0.0582842	5.91105	393	14 	2  	778   	2.46558
INFO:gp:394	804   	0.620246	394	0.721728	0.446788	804   	0.0577575	5.84555	394	14 	1  	804   	2.47837
INFO:gp:395	758   	0.622933	395	0.721728	0.440933	758   	0.0586574	6.09286	395	15 	2  	758   	2.61923
INFO:gp:396	793   	0.622262	396	0.721728	0.436125	793   	0.0579592	6.23949	396	16 	2  	793   	2.7124 
INFO:gp:397	754   	0.626365	397	0.721728	0.465247	754   	0.0576535	6.29912	397	17 	2  	754   	2.65929
INFO:gp:398	787   	0.623339	398	0.721728	0.440959	787   	0.0567214	6.1437 	398	18 	2  	787   	2.55456
INFO:gp:399	750   	0.624521	399	0.721728	0.417433	750   	0.060337 	6.23851	399	18 	2  	750   	2.53341
INFO:gp:400	764   	0.624879	400	0.721728	0.431796	764   	0.0578297	6.24438	400	13 	1  	764   	2.3747 
INFO:gp:401	744   	0.626771	401	0.721728	0.440971	744   	0.059899 	6.16813	401	14 	2  	744   	2.42645
INFO:gp:402	777   	0.625672	402	0.721728	0.469717	777   	0.0575721	6.24731	402	17 	2  	777   	2.48877
INFO:gp:403	763   	0.625066	403	0.721728	0.437531	763   	0.0593887	6.33333	403	15 	1  	763   	2.48147
INFO:gp:404	749   	0.624955	404	0.721728	0.475443	749   	0.0599354	6.25611	404	16 	2  	749   	2.46201
INFO:gp:405	782   	0.625242	405	0.721728	0.401175	782   	0.0568047	6.08602	405	16 	2  	782   	2.51767
INFO:gp:406	763   	0.624027	406	0.721728	0.455836	763   	0.0585987	6.25806	406	15 	1  	763   	2.5759 
INFO:gp:407	785   	0.622619	407	0.721728	0.455627	785   	0.0579738	6.21701	407	17 	1  	785   	2.57361
INFO:gp:408	766   	0.626104	408	0.721728	0.469526	766   	0.0573928	6.2522 	408	15 	2  	766   	2.65201
INFO:gp:409	759   	0.624367	409	0.721728	0.453834	759   	0.0601427	6.21212	409	18 	1  	759   	2.5563 
INFO:gp:410	777   	0.624143	410	0.721728	0.429123	777   	0.0593194	6.32942	410	18 	1  	777   	2.52417
INFO:gp:411	759   	0.624601	411	0.721728	0.445755	759   	0.0602371	6.3607 	411	16 	1  	759   	2.50979
INFO:gp:412	768   	0.623284	412	0.721728	0.439346	768   	0.0602161	6.26979	412	16 	2  	768   	2.50816
INFO:gp:413	785   	0.621242	413	0.721728	0.436962	785   	0.061039 	6.37243	413	15 	1  	785   	2.44612
INFO:gp:414	788   	0.623578	414	0.721728	0.457312	788   	0.0565731	6.40274	414	16 	2  	788   	2.38685
INFO:gp:415	807   	0.618977	415	0.721728	0.422667	807   	0.0597143	6.29326	415	18 	1  	807   	2.51875
INFO:gp:416	769   	0.623782	416	0.721728	0.402881	769   	0.0582035	6.34506	416	15 	1  	769   	2.61195
INFO:gp:417	789   	0.624635	417	0.721728	0.449387	789   	0.0563389	6.41544	417	15 	1  	789   	2.63343
INFO:gp:418	772   	0.624636	418	0.721728	0.456807	772   	0.0572466	6.44477	418	15 	2  	772   	2.6922 
INFO:gp:419	777   	0.621528	419	0.721728	0.453414	777   	0.0607015	6.37928	419	14 	2  	777   	2.56962
INFO:gp:420	773   	0.625307	420	0.721728	0.456282	773   	0.0578327	6.45259	420	16 	2  	773   	2.55295
INFO:gp:421	766   	0.625689	421	0.721728	0.450861	766   	0.0581957	6.35484	421	15 	1  	766   	2.49852
INFO:gp:422	772   	0.624759	422	0.721728	0.462661	772   	0.0576029	6.49169	422	15 	2  	772   	2.51752
INFO:gp:423	778   	0.623264	423	0.721728	0.444055	778   	0.0583293	6.52004	423	15 	2  	778   	2.44856
INFO:gp:424	780   	0.624112	424	0.721728	0.45415 	780   	0.0571505	6.35875	424	16 	2  	780   	2.4613 
INFO:gp:425	766   	0.627071	425	0.721728	0.45424 	766   	0.0561662	6.37928	425	16 	2  	766   	2.4264 
INFO:gp:426	778   	0.623292	426	0.721728	0.445678	778   	0.0580639	6.45552	426	18 	1  	778   	2.52722
INFO:gp:427	760   	0.62545 	427	0.721728	0.463587	760   	0.0588117	6.31183	427	18 	2  	760   	2.41321
INFO:gp:428	786   	0.624412	428	0.721728	0.455834	786   	0.0566029	6.32649	428	15 	2  	786   	2.43888
INFO:gp:429	781   	0.622971	429	0.721728	0.446164	781   	0.0585657	6.36168	429	15 	2  	781   	2.53734
INFO:gp:430	774   	0.623728	430	0.721728	0.449342	774   	0.0576134	6.43304	430	16 	2  	774   	2.5841 
INFO:gp:431	801   	0.617915	431	0.721728	0.420823	801   	0.0610168	6.41447	431	16 	1  	801   	2.69032
INFO:gp:432	801   	0.62125 	432	0.721728	0.463793	801   	0.0556178	6.25611	432	16 	2  	801   	2.59801
INFO:gp:433	789   	0.62178 	433	0.721728	0.422108	789   	0.0573956	6.29814	433	19 	2  	789   	2.571  
INFO:gp:434	776   	0.624713	434	0.721728	0.443824	776   	0.0564492	6.55425	434	17 	2  	776   	2.55779
INFO:gp:435	777   	0.623633	435	0.721728	0.413217	777   	0.0583669	6.6217 	435	15 	2  	777   	2.63346
INFO:gp:436	774   	0.623382	436	0.721728	0.457492	774   	0.0580262	6.49267	436	16 	2  	774   	2.55529
INFO:gp:437	787   	0.623881	437	0.721728	0.462339	787   	0.0557252	6.56696	437	17 	1  	787   	2.64615
INFO:gp:438	799   	0.620888	438	0.721728	0.420006	799   	0.0583407	6.85239	438	19 	2  	799   	2.82128
INFO:gp:439	759   	0.623904	439	0.721728	0.439977	759   	0.0603314	6.45943	439	17 	2  	759   	2.65921
INFO:gp:440	754   	0.623792	440	0.721728	0.440559	754   	0.0601534	6.39687	440	15 	2  	754   	2.54402
INFO:gp:441	790   	0.623262	441	0.721728	0.454701	790   	0.0582741	6.64418	441	17 	2  	790   	2.4927 
INFO:gp:442	798   	0.623922	442	0.721728	0.437333	798   	0.0552648	6.48778	442	18 	2  	798   	2.46294
INFO:gp:443	765   	0.623299	443	0.721728	0.445087	765   	0.0583977	6.51222	443	15 	2  	765   	2.37196
INFO:gp:444	795   	0.622553	444	0.721728	0.441294	795   	0.0568616	6.43109	444	16 	2  	795   	2.41024
INFO:gp:445	766   	0.624085	445	0.721728	0.459953	766   	0.0575959	6.42815	445	17 	2  	766   	2.56955
INFO:gp:446	757   	0.625658	446	0.721728	0.435762	757   	0.0583793	6.35679	446	16 	2  	757   	2.51618
INFO:gp:447	777   	0.625815	447	0.721728	0.422898	777   	0.0585933	6.4174 	447	16 	1  	777   	2.47979
INFO:gp:448	757   	0.627557	448	0.721728	0.429728	757   	0.0588921	6.56891	448	14 	2  	757   	2.61601
INFO:gp:449	761   	0.624382	449	0.721728	0.456008	761   	0.0602174	6.51417	449	14 	2  	761   	2.53915
INFO:gp:450	775   	0.623314	450	0.721728	0.45244 	775   	0.0599454	6.64223	450	17 	1  	775   	2.65756
INFO:gp:451	769   	0.624047	451	0.721728	0.441313	769   	0.0606086	6.50929	451	18 	2  	769   	2.65841
INFO:gp:452	761   	0.626576	452	0.721728	0.425559	761   	0.0583595	6.51711	452	17 	2  	761   	2.57202
INFO:gp:453	754   	0.624443	453	0.721728	0.454955	754   	0.0611105	6.61388	453	14 	2  	754   	2.64455
INFO:gp:454	781   	0.621937	454	0.721728	0.446082	781   	0.059499 	6.73705	454	16 	1  	781   	2.75317
INFO:gp:455	766   	0.623078	455	0.721728	0.439847	766   	0.0603415	6.51613	455	15 	2  	766   	2.58076
INFO:gp:456	778   	0.625758	456	0.721728	0.445873	778   	0.0573811	6.49756	456	18 	1  	778   	2.48195
INFO:gp:457	784   	0.622057	457	0.721728	0.449052	784   	0.0602312	6.6784 	457	17 	1  	784   	2.46722
INFO:gp:458	762   	0.624454	458	0.721728	0.452356	762   	0.0580848	6.7175 	458	16 	2  	762   	2.61871
INFO:gp:459	767   	0.625412	459	0.721728	0.45175 	767   	0.0574084	6.81427	459	17 	2  	767   	2.69185
INFO:gp:460	764   	0.626291	460	0.721728	0.438362	764   	0.0577846	6.80352	460	17 	2  	764   	2.61948
INFO:gp:461	759   	0.627746	461	0.721728	0.45172 	759   	0.0578771	6.69599	461	19 	2  	759   	2.56269
INFO:gp:462	796   	0.622581	462	0.721728	0.425707	796   	0.0576745	6.67058	462	16 	2  	796   	2.493  
INFO:gp:463	782   	0.622799	463	0.721728	0.442903	782   	0.0585846	6.63539	463	16 	2  	782   	2.49751
INFO:gp:464	766   	0.625997	464	0.721728	0.462449	766   	0.0578623	6.55034	464	17 	2  	766   	2.54369
INFO:gp:465	767   	0.624439	465	0.721728	0.452448	767   	0.0581434	6.46823	465	15 	2  	767   	2.54552
INFO:gp:466	785   	0.622691	466	0.721728	0.42983 	785   	0.0576423	6.47996	466	18 	2  	785   	2.57807
INFO:gp:467	777   	0.626202	467	0.721728	0.456906	777   	0.0552909	6.59335	467	17 	2  	777   	2.60514
INFO:gp:468	774   	0.623577	468	0.721728	0.451074	774   	0.0582456	6.62561	468	13 	2  	774   	2.55336
INFO:gp:469	778   	0.622649	469	0.721728	0.45305 	778   	0.0577492	6.52981	469	19 	2  	778   	2.66303
INFO:gp:470	781   	0.62451 	470	0.721728	0.465518	781   	0.0557793	6.48192	470	18 	2  	781   	2.54873
INFO:gp:471	776   	0.622633	471	0.721728	0.423501	776   	0.0599055	6.55621	471	17 	2  	776   	2.56271
INFO:gp:472	778   	0.622888	472	0.721728	0.454496	778   	0.0595957	6.69501	472	16 	2  	778   	2.53246
INFO:gp:473	788   	0.622428	473	0.721728	0.447189	788   	0.0578756	6.63636	473	16 	2  	788   	2.49314
INFO:gp:474	782   	0.623231	474	0.721728	0.446891	782   	0.0602068	6.58749	474	18 	2  	782   	2.64333
INFO:gp:475	767   	0.623523	475	0.721728	0.455635	767   	0.0603247	6.53079	475	16 	2  	767   	2.63052
INFO:gp:476	797   	0.621404	476	0.721728	0.438666	797   	0.0595   	6.59629	476	16 	2  	797   	2.52074
INFO:gp:477	775   	0.625259	477	0.721728	0.455114	775   	0.0572562	6.5523 	477	15 	2  	775   	2.49397
INFO:gp:478	768   	0.624177	478	0.721728	0.441067	768   	0.0589351	6.66373	478	16 	2  	768   	2.6174 
INFO:gp:479	746   	0.625804	479	0.721728	0.443031	746   	0.0597692	6.69697	479	16 	2  	746   	2.65885
INFO:gp:480	778   	0.625847	480	0.721728	0.447981	778   	0.0575409	6.64614	480	15 	2  	778   	2.60158
INFO:gp:481	765   	0.622062	481	0.721728	0.437073	765   	0.0603065	6.56305	481	16 	2  	765   	2.56788
INFO:gp:482	774   	0.623421	482	0.721728	0.421895	774   	0.0585283	6.55816	482	19 	2  	774   	2.60503
INFO:gp:483	759   	0.624472	483	0.721728	0.450264	759   	0.061384 	6.64712	483	15 	2  	759   	2.52294
INFO:gp:484	756   	0.628735	484	0.721728	0.450922	756   	0.057896 	6.61584	484	15 	2  	756   	2.46183
INFO:gp:485	803   	0.622227	485	0.721728	0.442472	803   	0.0582141	6.52004	485	14 	2  	803   	2.41641
INFO:gp:486	763   	0.624907	486	0.721728	0.427341	763   	0.0586196	6.64418	486	15 	2  	763   	2.51301
INFO:gp:487	744   	0.62781 	487	0.721728	0.459269	744   	0.0582037	6.73607	487	16 	2  	744   	2.56504
INFO:gp:488	762   	0.62519 	488	0.721728	0.430302	762   	0.0587588	6.60215	488	18 	2  	762   	2.59465
INFO:gp:489	799   	0.623128	489	0.721728	0.460208	799   	0.0577194	6.3695 	489	15 	2  	799   	2.43755
INFO:gp:490	757   	0.624025	490	0.724487	0.447685	757   	0.0588712	6.48583	490	17 	2  	757   	2.45975
INFO:gp:491	770   	0.622239	491	0.724487	0.466253	770   	0.0599332	6.20137	491	16 	2  	770   	2.47895
INFO:gp:492	776   	0.626189	492	0.724487	0.465887	776   	0.056708 	6.28935	492	19 	1  	776   	2.53969
INFO:gp:493	787   	0.621731	493	0.724487	0.450118	787   	0.0590265	6.36657	493	18 	2  	787   	2.58984
INFO:gp:494	788   	0.62289 	494	0.724487	0.404221	788   	0.0586333	6.47507	494	18 	2  	788   	2.56511
INFO:gp:495	784   	0.622481	495	0.724487	0.429556	784   	0.0590281	6.60117	495	16 	2  	784   	2.51239
INFO:gp:496	765   	0.624574	496	0.724487	0.441559	765   	0.0586186	6.72239	496	17 	2  	765   	2.6265 
INFO:gp:497	763   	0.625392	497	0.724487	0.443963	763   	0.0590451	6.7263 	497	18 	2  	763   	2.49366
INFO:gp:498	786   	0.62196 	498	0.724487	0.438961	786   	0.0585972	6.76833	498	14 	2  	786   	2.56948
INFO:gp:499	781   	0.623091	499	0.724487	0.446447	781   	0.0584027	6.6696 	499	16 	2  	781   	2.6159 
INFO:gp:500	784   	0.62655 	500	0.724487	0.45219 	784   	0.0547686	6.75953	500	17 	2  	784   	2.61338
INFO:gp:501	791   	0.623502	501	0.724487	0.448746	791   	0.0572917	6.65885	501	18 	1  	791   	2.64297
INFO:gp:502	796   	0.623361	502	0.724487	0.45442 	796   	0.0558213	6.54057	502	17 	2  	796   	2.57024
INFO:gp:503	763   	0.625841	503	0.724487	0.455746	763   	0.0567904	6.45748	503	15 	2  	763   	2.54805
INFO:gp:504	785   	0.625752	504	0.724487	0.447459	785   	0.0552195	6.58749	504	17 	2  	785   	2.57097
INFO:gp:505	770   	0.624439	505	0.724487	0.476352	770   	0.0577071	6.4868 	505	15 	2  	770   	2.53453
INFO:gp:506	753   	0.627414	506	0.724487	0.457892	753   	0.0573679	6.52102	506	15 	2  	753   	2.5337 
INFO:gp:507	776   	0.625444	507	0.724487	0.459701	776   	0.0569077	6.57478	507	14 	1  	776   	2.5649 
INFO:gp:508	762   	0.625755	508	0.724487	0.465569	762   	0.0581868	6.46237	508	15 	2  	762   	2.45911
INFO:gp:509	764   	0.624584	509	0.724487	0.460517	764   	0.0588935	6.44673	509	15 	2  	764   	2.48413
INFO:gp:510	770   	0.625581	510	0.724487	0.435277	770   	0.0591166	6.38416	510	14 	2  	770   	2.47293
INFO:gp:511	783   	0.624215	511	0.724487	0.471461	783   	0.0583774	6.41935	511	15 	1  	783   	2.42081
INFO:gp:512	754   	0.626684	512	0.724487	0.460494	754   	0.0577531	6.39198	512	18 	1  	754   	2.55225
INFO:gp:513	774   	0.623579	513	0.724487	0.462813	774   	0.0587656	6.3607 	513	18 	2  	774   	2.59179
INFO:gp:514	764   	0.624741	514	0.724487	0.433278	764   	0.0593223	6.40078	514	15 	2  	764   	2.37527
INFO:gp:515	761   	0.625131	515	0.724487	0.428862	761   	0.0591626	6.32747	515	15 	2  	761   	2.36777
INFO:gp:516	787   	0.621866	516	0.724487	0.455515	787   	0.0601663	6.36461	516	16 	2  	787   	2.53017
INFO:gp:517	786   	0.622836	517	0.724487	0.433017	786   	0.0597029	6.39589	517	16 	2  	786   	2.49822
INFO:gp:518	777   	0.62095 	518	0.724487	0.420804	777   	0.0592544	6.30205	518	14 	2  	777   	2.51713
INFO:gp:519	764   	0.624286	519	0.724487	0.428636	764   	0.0592491	6.47703	519	14 	1  	764   	2.61382
INFO:gp:520	768   	0.622677	520	0.724487	0.423531	768   	0.0613612	6.30499	520	19 	2  	768   	2.55666
INFO:gp:521	778   	0.622666	521	0.724487	0.435281	778   	0.0608891	6.37341	521	16 	1  	778   	2.51318
INFO:gp:522	760   	0.625691	522	0.724487	0.459983	760   	0.0592822	6.37928	522	17 	2  	760   	2.45842
INFO:gp:523	750   	0.623566	523	0.724487	0.432031	750   	0.0615834	6.3998 	523	14 	2  	750   	2.43015
INFO:gp:524	766   	0.62758 	524	0.724487	0.458014	766   	0.0587843	6.32649	524	15 	1  	766   	2.48337
INFO:gp:525	743   	0.625198	525	0.724487	0.415568	743   	0.0613398	6.30987	525	18 	2  	743   	2.52316
INFO:gp:526	792   	0.620825	526	0.724487	0.455329	792   	0.0593164	6.24633	526	17 	2  	792   	2.523  
INFO:gp:527	750   	0.624961	527	0.724487	0.459145	750   	0.0608283	6.43988	527	16 	1  	750   	2.49889
INFO:gp:528	784   	0.622634	528	0.724487	0.455777	784   	0.0590904	6.42717	528	14 	1  	784   	2.42469
INFO:gp:529	761   	0.627079	529	0.724487	0.468524	761   	0.058312 	6.52884	529	16 	2  	761   	2.38251
INFO:gp:530	795   	0.623122	530	0.724487	0.459253	795   	0.058077 	6.38807	530	15 	2  	795   	2.28278
INFO:gp:531	765   	0.625773	531	0.724487	0.43447 	765   	0.0584034	6.33627	531	15 	1  	765   	2.36385
INFO:gp:532	769   	0.625293	532	0.724487	0.417444	769   	0.0590036	6.34702	532	16 	1  	769   	2.41893
INFO:gp:533	759   	0.628947	533	0.724487	0.454717	759   	0.057425 	6.44282	533	15 	2  	759   	2.34727
INFO:gp:534	773   	0.624554	534	0.724487	0.470831	773   	0.0596649	6.54545	534	18 	2  	773   	2.42978
INFO:gp:535	777   	0.62418 	535	0.724487	0.453458	777   	0.0590322	6.45064	535	14 	2  	777   	2.30543
INFO:gp:536	771   	0.624177	536	0.724487	0.45916 	771   	0.0593799	6.50147	536	18 	2  	771   	2.43904
INFO:gp:537	785   	0.624272	537	0.724487	0.450776	785   	0.0580173	6.44575	537	15 	2  	785   	2.41831
INFO:gp:538	786   	0.624134	538	0.724487	0.46675 	786   	0.0572446	6.44184	538	17 	2  	786   	2.52578
INFO:gp:539	768   	0.62169 	539	0.724487	0.457   	768   	0.0606018	6.47801	539	17 	2  	768   	2.60334
INFO:gp:540	763   	0.6236  	540	0.724487	0.429765	763   	0.0613101	6.31281	540	16 	2  	763   	2.53343
INFO:gp:541	774   	0.6248  	541	0.724487	0.457817	774   	0.0590126	6.41349	541	15 	2  	774   	2.51799
INFO:gp:542	762   	0.62689 	542	0.724487	0.463495	762   	0.0590153	6.69501	542	18 	2  	762   	2.58177
INFO:gp:543	771   	0.628718	543	0.724487	0.434708	771   	0.0570811	6.60215	543	17 	2  	771   	2.40012
INFO:gp:544	760   	0.626744	544	0.724487	0.45132 	760   	0.0596451	6.33724	544	16 	2  	760   	2.284  
INFO:gp:545	782   	0.625401	545	0.724487	0.457645	782   	0.06025  	6.30108	545	17 	2  	782   	2.26479
INFO:gp:546	786   	0.624926	546	0.724487	0.456131	786   	0.0587234	6.31574	546	15 	2  	786   	2.36193
INFO:gp:547	761   	0.625939	547	0.724487	0.453142	761   	0.0600016	6.29814	547	14 	2  	761   	2.3128 
INFO:gp:548	757   	0.627316	548	0.724487	0.458928	757   	0.0602088	6.39589	548	17 	2  	757   	2.38369
INFO:gp:549	775   	0.625062	549	0.724487	0.443674	775   	0.0585489	6.42131	549	15 	2  	775   	2.36532
INFO:gp:550	742   	0.630228	550	0.724487	0.470724	742   	0.0586788	6.24927	550	15 	2  	742   	2.25878
INFO:gp:551	804   	0.621918	551	0.724487	0.437726	804   	0.0598521	6.27566	551	14 	2  	804   	2.28178
INFO:gp:552	758   	0.624511	552	0.724487	0.454848	758   	0.0602796	6.30792	552	15 	2  	758   	2.26409
INFO:gp:553	768   	0.627063	553	0.724487	0.427538	768   	0.0581042	6.55816	553	15 	2  	768   	2.39057
INFO:gp:554	779   	0.623939	554	0.724487	0.396982	779   	0.060211 	6.42522	554	14 	2  	779   	2.35385
INFO:gp:555	775   	0.624518	555	0.724487	0.468414	775   	0.0578506	6.50342	555	16 	2  	775   	2.35046
INFO:gp:556	760   	0.626641	556	0.724487	0.467722	760   	0.0591693	6.46334	556	19 	2  	760   	2.39631
INFO:gp:557	778   	0.624439	557	0.724487	0.467291	778   	0.0589548	6.42131	557	18 	2  	778   	2.45774
INFO:gp:558	767   	0.625255	558	0.724487	0.470814	767   	0.0589776	6.38319	558	15 	2  	767   	2.3342 
INFO:gp:559	762   	0.626942	559	0.724487	0.457841	762   	0.0583139	6.51613	559	15 	2  	762   	2.37647
INFO:gp:560	781   	0.624775	560	0.724487	0.427433	781   	0.0583102	6.61584	560	16 	2  	781   	2.38561
INFO:gp:561	771   	0.62559 	561	0.724487	0.459536	771   	0.0593087	6.46237	561	17 	2  	771   	2.32843
INFO:gp:562	764   	0.62549 	562	0.724487	0.457022	764   	0.0594972	6.39003	562	17 	2  	764   	2.31645
INFO:gp:563	785   	0.624944	563	0.724487	0.422028	785   	0.0597853	6.37634	563	15 	2  	785   	2.28089
INFO:gp:564	784   	0.624708	564	0.724487	0.450131	784   	0.0602013	6.29423	564	15 	2  	784   	2.19758
INFO:gp:565	774   	0.625418	565	0.724487	0.450251	774   	0.0587723	6.40176	565	18 	2  	774   	2.33338
INFO:gp:566	786   	0.624773	566	0.724487	0.446221	786   	0.0584126	6.47019	566	18 	1  	786   	2.52627
INFO:gp:567	795   	0.621241	567	0.724487	0.466624	795   	0.0591674	6.41544	567	21 	2  	795   	2.44198
INFO:gp:568	764   	0.626732	568	0.724487	0.434829	764   	0.0587551	6.35582	568	15 	2  	764   	2.39021
INFO:gp:569	772   	0.627286	569	0.724487	0.451584	772   	0.0578308	6.55425	569	16 	2  	772   	2.57493
INFO:gp:570	758   	0.625365	570	0.724487	0.45176 	758   	0.0609577	6.4653 	570	16 	2  	758   	2.49585
INFO:gp:571	776   	0.626865	571	0.724487	0.454376	776   	0.0586222	6.36168	571	15 	2  	776   	2.37249
INFO:gp:572	773   	0.627315	572	0.724487	0.454315	773   	0.0595478	6.23656	572	15 	2  	773   	2.33105
INFO:gp:573	754   	0.629454	573	0.724487	0.435301	754   	0.0596623	6.20332	573	16 	2  	754   	2.24582
INFO:gp:574	758   	0.62846 	574	0.724487	0.4468  	758   	0.0586848	6.25122	574	15 	2  	758   	2.23201
INFO:gp:575	802   	0.624742	575	0.724487	0.442491	802   	0.0578474	6.29228	575	14 	2  	802   	2.16197
INFO:gp:576	768   	0.62654 	576	0.724487	0.45617 	768   	0.0583335	6.3998 	576	17 	1  	768   	2.33915
INFO:gp:577	788   	0.622175	577	0.724487	0.450957	788   	0.0594136	6.42229	577	16 	1  	788   	2.40957
INFO:gp:578	760   	0.6268  	578	0.724487	0.432986	760   	0.0568275	6.58651	578	17 	2  	760   	2.47255
INFO:gp:579	795   	0.624271	579	0.724487	0.435835	795   	0.056982 	6.33431	579	15 	2  	795   	2.31652
INFO:gp:580	750   	0.625658	580	0.724487	0.456179	750   	0.0593822	6.59531	580	15 	2  	750   	2.48681
INFO:gp:581	752   	0.627706	581	0.724487	0.450161	752   	0.0592373	6.46334	581	15 	2  	752   	2.47458
INFO:gp:582	760   	0.625917	582	0.724487	0.432201	760   	0.0594072	6.25904	582	17 	2  	760   	2.2912 
INFO:gp:583	781   	0.62596 	583	0.724487	0.44698 	781   	0.0595513	6.19355	583	16 	2  	781   	2.19251
INFO:gp:584	748   	0.630624	584	0.724487	0.448234	748   	0.0583217	6.24242	584	15 	2  	748   	2.18899
INFO:gp:585	757   	0.628492	585	0.724487	0.457998	757   	0.0597147	6.31281	585	17 	2  	757   	2.33757
INFO:gp:586	805   	0.623451	586	0.724487	0.44843 	805   	0.0578888	6.21408	586	15 	2  	805   	2.22624
INFO:gp:587	789   	0.623289	587	0.724487	0.457068	789   	0.0590437	6.27957	587	14 	2  	789   	2.33467
INFO:gp:588	799   	0.622321	588	0.724487	0.43295 	799   	0.0579399	6.22092	588	17 	2  	799   	2.46383
INFO:gp:589	792   	0.623093	589	0.724487	0.46274 	792   	0.0572206	6.20626	589	17 	2  	792   	2.38591
INFO:gp:590	778   	0.624662	590	0.724487	0.467075	778   	0.055116 	6.21114	590	15 	2  	778   	2.32467
INFO:gp:591	791   	0.623401	591	0.724487	0.454755	791   	0.05721  	6.14467	591	17 	2  	791   	2.30189
INFO:gp:592	747   	0.627742	592	0.724487	0.468398	747   	0.0593248	6.26393	592	17 	2  	747   	2.4029 
INFO:gp:593	777   	0.625123	593	0.724487	0.468496	777   	0.0581949	6.29032	593	14 	2  	777   	2.40738
INFO:gp:594	768   	0.625237	594	0.724487	0.470418	768   	0.0574039	6.31574	594	16 	2  	768   	2.53095
INFO:gp:595	777   	0.625098	595	0.724487	0.464009	777   	0.0568155	6.35973	595	15 	2  	777   	2.54723
INFO:gp:596	767   	0.624332	596	0.724487	0.465149	767   	0.059552 	6.35875	596	17 	2  	767   	2.59056
INFO:gp:597	763   	0.62431 	597	0.724487	0.446146	763   	0.0602007	6.41349	597	14 	2  	763   	2.4343 
INFO:gp:598	767   	0.623795	598	0.724487	0.433978	767   	0.060568 	6.49853	598	15 	2  	767   	2.37611
INFO:gp:599	774   	0.62482 	599	0.724487	0.44685 	774   	0.0593186	6.40762	599	15 	2  	774   	2.32438
INFO:gp:600	800   	0.623846	600	0.724487	0.44754 	800   	0.0576924	6.46041	600	16 	2  	800   	2.23763
INFO:gp:601	782   	0.624512	601	0.724487	0.444968	782   	0.0566776	6.52493	601	15 	2  	782   	2.27424
INFO:gp:602	762   	0.62667 	602	0.738027	0.432465	762   	0.0583902	6.38123	602	18 	2  	762   	2.37725
INFO:gp:603	763   	0.626488	603	0.738027	0.415046	763   	0.0580688	6.34213	603	18 	2  	763   	2.29076
INFO:gp:604	776   	0.624693	604	0.738027	0.439635	776   	0.0582327	6.40665	604	16 	2  	776   	2.3565 
INFO:gp:605	754   	0.628234	605	0.738027	0.451064	754   	0.0595876	6.28152	605	17 	2  	754   	2.29601
INFO:gp:606	789   	0.625973	606	0.738027	0.458955	789   	0.0600336	6.3607 	606	15 	2  	789   	2.30345
INFO:gp:607	764   	0.62839 	607	0.738027	0.458628	764   	0.0584546	6.4868 	607	16 	2  	764   	2.25664
INFO:gp:608	775   	0.626761	608	0.738027	0.44845 	775   	0.0584685	6.41838	608	16 	2  	775   	2.24347
INFO:gp:609	761   	0.628707	609	0.738027	0.46595 	761   	0.0594557	6.30108	609	16 	2  	761   	2.25745
INFO:gp:610	781   	0.624997	610	0.738027	0.458396	781   	0.0598704	6.41153	610	17 	2  	781   	2.23142
INFO:gp:611	782   	0.626766	611	0.738027	0.453827	782   	0.0577189	6.51417	611	16 	2  	782   	2.3186 
INFO:gp:612	753   	0.627076	612	0.738027	0.43819 	753   	0.0613049	6.33236	612	16 	2  	753   	2.23825
INFO:gp:613	783   	0.625795	613	0.738027	0.453385	783   	0.0600632	6.23754	613	14 	2  	783   	2.12081
INFO:gp:614	763   	0.626097	614	0.738027	0.44289 	763   	0.0595831	6.19257	614	15 	2  	763   	2.20083
INFO:gp:615	770   	0.625808	615	0.738027	0.452274	770   	0.0588095	6.27761	615	14 	2  	770   	2.11663
INFO:gp:616	767   	0.627295	616	0.738027	0.42804 	767   	0.0593152	6.39492	616	16 	2  	767   	2.21045
INFO:gp:617	765   	0.627024	617	0.738027	0.457722	765   	0.0598259	6.50635	617	15 	2  	765   	2.28037
INFO:gp:618	739   	0.627572	618	0.738027	0.457876	739   	0.0610791	6.44575	618	15 	2  	739   	2.23776
INFO:gp:619	801   	0.624488	619	0.738027	0.430566	801   	0.0574706	6.46823	619	16 	2  	801   	2.28145
INFO:gp:620	738   	0.630258	620	0.738027	0.473315	738   	0.0579102	6.44086	620	14 	2  	738   	2.20684
INFO:gp:621	765   	0.628946	621	0.738027	0.462961	765   	0.0590338	6.65787	621	15 	2  	765   	2.31199
INFO:gp:622	761   	0.627302	622	0.738027	0.455796	761   	0.0608863	6.56598	622	17 	2  	761   	2.28585
INFO:gp:623	775   	0.625257	623	0.738027	0.466218	775   	0.060972 	6.46725	623	14 	2  	775   	2.17303
INFO:gp:624	762   	0.626168	624	0.738027	0.414698	762   	0.0619598	6.54643	624	17 	2  	762   	2.26787
INFO:gp:625	775   	0.628182	625	0.738027	0.450379	775   	0.0593718	6.58162	625	15 	2  	775   	2.19991
INFO:gp:626	778   	0.625928	626	0.738027	0.407561	778   	0.0608159	6.62268	626	14 	2  	778   	2.19756
INFO:gp:627	769   	0.629943	627	0.738027	0.444725	769   	0.0580168	6.57283	627	14 	2  	769   	2.12657
INFO:gp:628	798   	0.627297	628	0.738027	0.457576	798   	0.0561203	6.64321	628	13 	2  	798   	2.20476
INFO:gp:629	773   	0.62839 	629	0.738027	0.45722 	773   	0.0578871	6.54545	629	18 	2  	773   	2.29914
INFO:gp:630	775   	0.62742 	630	0.738027	0.423524	775   	0.0570359	6.46041	630	14 	2  	775   	2.27317
INFO:gp:631	769   	0.627822	631	0.738027	0.464062	769   	0.0592689	6.5132 	631	16 	2  	769   	2.34209
INFO:gp:632	779   	0.625223	632	0.738027	0.456514	779   	0.0605266	6.51613	632	17 	2  	779   	2.26786
INFO:gp:633	779   	0.626213	633	0.738027	0.478196	779   	0.0575993	6.42522	633	13 	2  	779   	2.20725
INFO:gp:634	767   	0.627741	634	0.738027	0.408903	767   	0.0588132	6.43793	634	17 	2  	767   	2.30258
INFO:gp:635	775   	0.628255	635	0.738027	0.469357	775   	0.0595414	6.49169	635	16 	2  	775   	2.3442 
INFO:gp:636	761   	0.629083	636	0.738027	0.455941	761   	0.0582301	6.54154	636	15 	2  	761   	2.26754
INFO:gp:637	765   	0.62821 	637	0.738027	0.459236	765   	0.0598283	6.61975	637	15 	2  	765   	2.29392
INFO:gp:638	774   	0.627077	638	0.738027	0.440223	774   	0.0593039	6.6002 	638	14 	1  	774   	2.29783
INFO:gp:639	806   	0.626212	639	0.738027	0.414511	806   	0.0574612	6.72239	639	16 	2  	806   	2.39688
INFO:gp:640	750   	0.630256	640	0.738027	0.468461	750   	0.058076 	6.77419	640	17 	2  	750   	2.40089
