INFO:__main__:Reading the dataset: fish oil
INFO:__main__:model: Transformer(
  (encoder): Encoder(
    (layers): ModuleList(
      (0-2): 3 x EncoderLayer(
        (self_attention): MultiHeadAttention(
          (query): Linear(in_features=1023, out_features=1023, bias=True)
          (key): Linear(in_features=1023, out_features=1023, bias=True)
          (value): Linear(in_features=1023, out_features=1023, bias=True)
          (fc_out): Linear(in_features=1023, out_features=1023, bias=True)
        )
        (feed_forward): FeedForward(
          (fc1): Linear(in_features=1023, out_features=128, bias=True)
          (fc2): Linear(in_features=128, out_features=1023, bias=True)
          (dropout): Dropout(p=0.2, inplace=False)
        )
        (norm1): LayerNorm((1023,), eps=1e-05, elementwise_affine=True)
        (norm2): LayerNorm((1023,), eps=1e-05, elementwise_affine=True)
        (dropout1): Dropout(p=0.2, inplace=False)
        (dropout2): Dropout(p=0.2, inplace=False)
      )
    )
  )
  (decoder): Decoder(
    (layers): ModuleList(
      (0-2): 3 x DecoderLayer(
        (self_attention): MultiHeadAttention(
          (query): Linear(in_features=1023, out_features=1023, bias=True)
          (key): Linear(in_features=1023, out_features=1023, bias=True)
          (value): Linear(in_features=1023, out_features=1023, bias=True)
          (fc_out): Linear(in_features=1023, out_features=1023, bias=True)
        )
        (cross_attention): MultiHeadAttention(
          (query): Linear(in_features=1023, out_features=1023, bias=True)
          (key): Linear(in_features=1023, out_features=1023, bias=True)
          (value): Linear(in_features=1023, out_features=1023, bias=True)
          (fc_out): Linear(in_features=1023, out_features=1023, bias=True)
        )
        (feed_forward): FeedForward(
          (fc1): Linear(in_features=1023, out_features=128, bias=True)
          (fc2): Linear(in_features=128, out_features=1023, bias=True)
          (dropout): Dropout(p=0.2, inplace=False)
        )
        (norm1): LayerNorm((1023,), eps=1e-05, elementwise_affine=True)
        (norm2): LayerNorm((1023,), eps=1e-05, elementwise_affine=True)
        (norm3): LayerNorm((1023,), eps=1e-05, elementwise_affine=True)
        (dropout1): Dropout(p=0.2, inplace=False)
        (dropout2): Dropout(p=0.2, inplace=False)
        (dropout3): Dropout(p=0.2, inplace=False)
      )
    )
  )
  (fc): Linear(in_features=1023, out_features=1023, bias=True)
)
INFO:__main__:Pre-training the network: Masked Spectra Modelling
INFO:pre_training:Epoch [1/100], Loss: 0.0960, Val: 0.0078
INFO:pre_training:Epoch [2/100], Loss: 0.0849, Val: 0.0073
INFO:pre_training:Epoch [3/100], Loss: 0.0798, Val: 0.0067
INFO:pre_training:Epoch [4/100], Loss: 0.0753, Val: 0.0063
INFO:pre_training:Epoch [5/100], Loss: 0.0719, Val: 0.0060
INFO:pre_training:Epoch [6/100], Loss: 0.0686, Val: 0.0057
INFO:pre_training:Epoch [7/100], Loss: 0.0654, Val: 0.0055
INFO:pre_training:Epoch [8/100], Loss: 0.0623, Val: 0.0050
INFO:pre_training:Epoch [9/100], Loss: 0.0599, Val: 0.0048
INFO:pre_training:Epoch [10/100], Loss: 0.0573, Val: 0.0044
INFO:pre_training:Epoch [11/100], Loss: 0.0548, Val: 0.0042
INFO:pre_training:Epoch [12/100], Loss: 0.0528, Val: 0.0041
INFO:pre_training:Epoch [13/100], Loss: 0.0509, Val: 0.0039
INFO:pre_training:Epoch [14/100], Loss: 0.0494, Val: 0.0037
INFO:pre_training:Epoch [15/100], Loss: 0.0472, Val: 0.0037
INFO:pre_training:Epoch [16/100], Loss: 0.0461, Val: 0.0035
INFO:pre_training:Epoch [17/100], Loss: 0.0451, Val: 0.0035
INFO:pre_training:Epoch [18/100], Loss: 0.0438, Val: 0.0034
INFO:pre_training:Epoch [19/100], Loss: 0.0428, Val: 0.0035
INFO:pre_training:Epoch [20/100], Loss: 0.0421, Val: 0.0035
INFO:pre_training:Epoch [21/100], Loss: 0.0411, Val: 0.0032
INFO:pre_training:Epoch [22/100], Loss: 0.0401, Val: 0.0031
INFO:pre_training:Epoch [23/100], Loss: 0.0395, Val: 0.0031
INFO:pre_training:Epoch [24/100], Loss: 0.0390, Val: 0.0030
INFO:pre_training:Epoch [25/100], Loss: 0.0383, Val: 0.0031
INFO:pre_training:Epoch [26/100], Loss: 0.0375, Val: 0.0030
INFO:pre_training:Epoch [27/100], Loss: 0.0369, Val: 0.0029
INFO:pre_training:Epoch [28/100], Loss: 0.0364, Val: 0.0030
INFO:pre_training:Epoch [29/100], Loss: 0.0360, Val: 0.0029
INFO:pre_training:Epoch [30/100], Loss: 0.0354, Val: 0.0029
INFO:pre_training:Epoch [31/100], Loss: 0.0347, Val: 0.0029
INFO:pre_training:Epoch [32/100], Loss: 0.0344, Val: 0.0032
INFO:pre_training:Epoch [33/100], Loss: 0.0338, Val: 0.0028
INFO:pre_training:Epoch [34/100], Loss: 0.0335, Val: 0.0028
INFO:pre_training:Epoch [35/100], Loss: 0.0332, Val: 0.0027
INFO:pre_training:Epoch [36/100], Loss: 0.0326, Val: 0.0026
INFO:pre_training:Epoch [37/100], Loss: 0.0320, Val: 0.0032
INFO:pre_training:Epoch [38/100], Loss: 0.0317, Val: 0.0026
INFO:pre_training:Epoch [39/100], Loss: 0.0313, Val: 0.0031
INFO:pre_training:Epoch [40/100], Loss: 0.0311, Val: 0.0026
INFO:pre_training:Epoch [41/100], Loss: 0.0305, Val: 0.0026
INFO:pre_training:Epoch [42/100], Loss: 0.0302, Val: 0.0028
INFO:pre_training:Epoch [43/100], Loss: 0.0299, Val: 0.0027
INFO:pre_training:Epoch [44/100], Loss: 0.0294, Val: 0.0025
INFO:pre_training:Epoch [45/100], Loss: 0.0292, Val: 0.0025
INFO:pre_training:Epoch [46/100], Loss: 0.0290, Val: 0.0026
INFO:pre_training:Epoch [47/100], Loss: 0.0286, Val: 0.0025
INFO:pre_training:Epoch [48/100], Loss: 0.0283, Val: 0.0025
INFO:pre_training:Epoch [49/100], Loss: 0.0281, Val: 0.0025
INFO:pre_training:Epoch [50/100], Loss: 0.0277, Val: 0.0024
INFO:pre_training:Epoch [51/100], Loss: 0.0275, Val: 0.0024
INFO:pre_training:Epoch [52/100], Loss: 0.0271, Val: 0.0026
INFO:pre_training:Epoch [53/100], Loss: 0.0270, Val: 0.0024
INFO:pre_training:Epoch [54/100], Loss: 0.0267, Val: 0.0024
INFO:pre_training:Epoch [55/100], Loss: 0.0262, Val: 0.0023
INFO:pre_training:Epoch [56/100], Loss: 0.0261, Val: 0.0023
INFO:pre_training:Epoch [57/100], Loss: 0.0256, Val: 0.0023
INFO:pre_training:Epoch [58/100], Loss: 0.0254, Val: 0.0022
INFO:pre_training:Epoch [59/100], Loss: 0.0253, Val: 0.0023
INFO:pre_training:Epoch [60/100], Loss: 0.0250, Val: 0.0023
INFO:pre_training:Epoch [61/100], Loss: 0.0247, Val: 0.0024
INFO:pre_training:Epoch [62/100], Loss: 0.0246, Val: 0.0022
INFO:pre_training:Epoch [63/100], Loss: 0.0243, Val: 0.0023
INFO:pre_training:Epoch [64/100], Loss: 0.0240, Val: 0.0022
INFO:pre_training:Epoch [65/100], Loss: 0.0239, Val: 0.0022
INFO:pre_training:Epoch [66/100], Loss: 0.0236, Val: 0.0022
INFO:pre_training:Epoch [67/100], Loss: 0.0235, Val: 0.0024
INFO:pre_training:Epoch [68/100], Loss: 0.0233, Val: 0.0022
INFO:pre_training:Epoch [69/100], Loss: 0.0230, Val: 0.0022
INFO:pre_training:Epoch [70/100], Loss: 0.0229, Val: 0.0021
INFO:pre_training:Epoch [71/100], Loss: 0.0226, Val: 0.0021
INFO:pre_training:Epoch [72/100], Loss: 0.0224, Val: 0.0021
INFO:pre_training:Epoch [73/100], Loss: 0.0223, Val: 0.0021
INFO:pre_training:Epoch [74/100], Loss: 0.0221, Val: 0.0021
INFO:pre_training:Epoch [75/100], Loss: 0.0218, Val: 0.0020
INFO:pre_training:Epoch [76/100], Loss: 0.0216, Val: 0.0021
INFO:pre_training:Epoch [77/100], Loss: 0.0216, Val: 0.0021
INFO:pre_training:Epoch [78/100], Loss: 0.0214, Val: 0.0020
INFO:pre_training:Epoch [79/100], Loss: 0.0211, Val: 0.0022
INFO:pre_training:Epoch [80/100], Loss: 0.0209, Val: 0.0020
INFO:pre_training:Epoch [81/100], Loss: 0.0207, Val: 0.0020
INFO:pre_training:Epoch [82/100], Loss: 0.0206, Val: 0.0020
INFO:pre_training:Epoch [83/100], Loss: 0.0204, Val: 0.0020
INFO:pre_training:Epoch [84/100], Loss: 0.0202, Val: 0.0020
INFO:pre_training:Epoch [85/100], Loss: 0.0202, Val: 0.0024
INFO:pre_training:Epoch [86/100], Loss: 0.0198, Val: 0.0019
INFO:pre_training:Epoch [87/100], Loss: 0.0198, Val: 0.0020
INFO:pre_training:Epoch [88/100], Loss: 0.0195, Val: 0.0020
INFO:pre_training:Epoch [89/100], Loss: 0.0195, Val: 0.0019
INFO:pre_training:Epoch [90/100], Loss: 0.0193, Val: 0.0019
INFO:pre_training:Epoch [91/100], Loss: 0.0192, Val: 0.0020
INFO:pre_training:Epoch [92/100], Loss: 0.0191, Val: 0.0020
INFO:pre_training:Epoch [93/100], Loss: 0.0189, Val: 0.0019
INFO:pre_training:Epoch [94/100], Loss: 0.0187, Val: 0.0019
INFO:pre_training:Epoch [95/100], Loss: 0.0186, Val: 0.0024
INFO:pre_training:Epoch [96/100], Loss: 0.0184, Val: 0.0019
INFO:pre_training:Epoch [97/100], Loss: 0.0183, Val: 0.0019
INFO:pre_training:Epoch [98/100], Loss: 0.0181, Val: 0.0019
INFO:pre_training:Epoch [99/100], Loss: 0.0180, Val: 0.0018
INFO:pre_training:Epoch [100/100], Loss: 0.0180, Val: 0.0019
INFO:__main__:Total time taken to pre-train the model: 89.43s
INFO:__main__:model: Transformer(
  (encoder): Encoder(
    (layers): ModuleList(
      (0-2): 3 x EncoderLayer(
        (self_attention): MultiHeadAttention(
          (query): Linear(in_features=1023, out_features=1023, bias=True)
          (key): Linear(in_features=1023, out_features=1023, bias=True)
          (value): Linear(in_features=1023, out_features=1023, bias=True)
          (fc_out): Linear(in_features=1023, out_features=1023, bias=True)
        )
        (feed_forward): FeedForward(
          (fc1): Linear(in_features=1023, out_features=128, bias=True)
          (fc2): Linear(in_features=128, out_features=1023, bias=True)
          (dropout): Dropout(p=0.2, inplace=False)
        )
        (norm1): LayerNorm((1023,), eps=1e-05, elementwise_affine=True)
        (norm2): LayerNorm((1023,), eps=1e-05, elementwise_affine=True)
        (dropout1): Dropout(p=0.2, inplace=False)
        (dropout2): Dropout(p=0.2, inplace=False)
      )
    )
  )
  (decoder): Decoder(
    (layers): ModuleList(
      (0-2): 3 x DecoderLayer(
        (self_attention): MultiHeadAttention(
          (query): Linear(in_features=1023, out_features=1023, bias=True)
          (key): Linear(in_features=1023, out_features=1023, bias=True)
          (value): Linear(in_features=1023, out_features=1023, bias=True)
          (fc_out): Linear(in_features=1023, out_features=1023, bias=True)
        )
        (cross_attention): MultiHeadAttention(
          (query): Linear(in_features=1023, out_features=1023, bias=True)
          (key): Linear(in_features=1023, out_features=1023, bias=True)
          (value): Linear(in_features=1023, out_features=1023, bias=True)
          (fc_out): Linear(in_features=1023, out_features=1023, bias=True)
        )
        (feed_forward): FeedForward(
          (fc1): Linear(in_features=1023, out_features=128, bias=True)
          (fc2): Linear(in_features=128, out_features=1023, bias=True)
          (dropout): Dropout(p=0.2, inplace=False)
        )
        (norm1): LayerNorm((1023,), eps=1e-05, elementwise_affine=True)
        (norm2): LayerNorm((1023,), eps=1e-05, elementwise_affine=True)
        (norm3): LayerNorm((1023,), eps=1e-05, elementwise_affine=True)
        (dropout1): Dropout(p=0.2, inplace=False)
        (dropout2): Dropout(p=0.2, inplace=False)
        (dropout3): Dropout(p=0.2, inplace=False)
      )
    )
  )
  (fc): Linear(in_features=1023, out_features=7, bias=True)
)
INFO:__main__:Training the network
INFO:train:Epoch 1/100, Train Loss: 1.9444, Train Acc: 0.1600, Val Loss: 1.9444, Val Acc: 0.1154
INFO:train:Epoch 2/100, Train Loss: 1.9313, Train Acc: 0.2800, Val Loss: 1.9364, Val Acc: 0.2308
INFO:train:Epoch 3/100, Train Loss: 1.8877, Train Acc: 0.4083, Val Loss: 1.9057, Val Acc: 0.3077
INFO:train:Epoch 4/100, Train Loss: 1.7850, Train Acc: 0.4067, Val Loss: 1.8662, Val Acc: 0.3462
INFO:train:Epoch 5/100, Train Loss: 1.6569, Train Acc: 0.4250, Val Loss: 1.9202, Val Acc: 0.3462
INFO:train:Epoch 6/100, Train Loss: 1.5875, Train Acc: 0.4117, Val Loss: 1.9706, Val Acc: 0.3846
INFO:train:Epoch 7/100, Train Loss: 1.5468, Train Acc: 0.3983, Val Loss: 1.9508, Val Acc: 0.3846
INFO:train:Epoch 8/100, Train Loss: 1.4995, Train Acc: 0.4650, Val Loss: 1.9349, Val Acc: 0.3462
INFO:train:Epoch 9/100, Train Loss: 1.4392, Train Acc: 0.5000, Val Loss: 1.9701, Val Acc: 0.2308
INFO:train:Epoch 10/100, Train Loss: 1.3656, Train Acc: 0.5650, Val Loss: 1.9669, Val Acc: 0.3077
INFO:train:Epoch 11/100, Train Loss: 1.2846, Train Acc: 0.6167, Val Loss: 1.9886, Val Acc: 0.2692
INFO:train:Epoch 12/100, Train Loss: 1.1968, Train Acc: 0.6400, Val Loss: 1.9561, Val Acc: 0.3077
INFO:train:Epoch 13/100, Train Loss: 1.1108, Train Acc: 0.7183, Val Loss: 1.9009, Val Acc: 0.3077
INFO:train:Epoch 14/100, Train Loss: 1.0344, Train Acc: 0.7583, Val Loss: 2.0576, Val Acc: 0.3077
INFO:train:Epoch 15/100, Train Loss: 0.9717, Train Acc: 0.8700, Val Loss: 2.1569, Val Acc: 0.3462
INFO:train:Epoch 16/100, Train Loss: 0.9089, Train Acc: 0.8850, Val Loss: 2.1493, Val Acc: 0.3077
INFO:train:Epoch 17/100, Train Loss: 0.8740, Train Acc: 0.8683, Val Loss: 2.2698, Val Acc: 0.3462
INFO:train:Epoch 18/100, Train Loss: 0.8494, Train Acc: 0.9350, Val Loss: 2.2004, Val Acc: 0.4615
INFO:train:Epoch 19/100, Train Loss: 0.8328, Train Acc: 0.9533, Val Loss: 2.2741, Val Acc: 0.4231
INFO:train:Epoch 20/100, Train Loss: 0.8196, Train Acc: 0.9250, Val Loss: 2.2877, Val Acc: 0.4231
INFO:train:Epoch 21/100, Train Loss: 0.8014, Train Acc: 0.9833, Val Loss: 2.2225, Val Acc: 0.4615
INFO:train:Epoch 22/100, Train Loss: 0.7844, Train Acc: 0.9900, Val Loss: 2.2585, Val Acc: 0.5000
INFO:train:Epoch 23/100, Train Loss: 0.7742, Train Acc: 0.9883, Val Loss: 2.1853, Val Acc: 0.4615
INFO:train:Epoch 24/100, Train Loss: 0.7644, Train Acc: 0.9967, Val Loss: 2.2369, Val Acc: 0.5385
INFO:train:Epoch 25/100, Train Loss: 0.7506, Train Acc: 0.9967, Val Loss: 2.2020, Val Acc: 0.4615
INFO:train:Epoch 26/100, Train Loss: 0.7381, Train Acc: 1.0000, Val Loss: 2.2324, Val Acc: 0.4615
INFO:train:Epoch 27/100, Train Loss: 0.7249, Train Acc: 0.9983, Val Loss: 2.2156, Val Acc: 0.5000
INFO:train:Epoch 28/100, Train Loss: 0.7151, Train Acc: 1.0000, Val Loss: 2.2386, Val Acc: 0.4231
INFO:train:Epoch 29/100, Train Loss: 0.6997, Train Acc: 1.0000, Val Loss: 2.2175, Val Acc: 0.4615
INFO:train:Epoch 30/100, Train Loss: 0.6839, Train Acc: 1.0000, Val Loss: 2.2177, Val Acc: 0.4231
INFO:train:Epoch 31/100, Train Loss: 0.6674, Train Acc: 1.0000, Val Loss: 2.2596, Val Acc: 0.3846
INFO:train:Epoch 32/100, Train Loss: 0.6475, Train Acc: 1.0000, Val Loss: 2.2297, Val Acc: 0.4615
INFO:train:Epoch 33/100, Train Loss: 0.6271, Train Acc: 1.0000, Val Loss: 2.1898, Val Acc: 0.4615
INFO:train:Epoch 34/100, Train Loss: 0.6048, Train Acc: 1.0000, Val Loss: 2.1110, Val Acc: 0.4615
INFO:train:Epoch 35/100, Train Loss: 0.5859, Train Acc: 0.9983, Val Loss: 2.1424, Val Acc: 0.4615
INFO:train:Epoch 36/100, Train Loss: 0.5775, Train Acc: 0.9967, Val Loss: 2.1584, Val Acc: 0.4615
INFO:train:Epoch 37/100, Train Loss: 0.5588, Train Acc: 1.0000, Val Loss: 2.1774, Val Acc: 0.4231
INFO:train:Epoch 38/100, Train Loss: 0.5474, Train Acc: 1.0000, Val Loss: 2.1352, Val Acc: 0.4615
INFO:train:Epoch 39/100, Train Loss: 0.5394, Train Acc: 1.0000, Val Loss: 2.1602, Val Acc: 0.3846
INFO:train:Epoch 40/100, Train Loss: 0.5337, Train Acc: 1.0000, Val Loss: 2.0892, Val Acc: 0.4231
INFO:train:Epoch 41/100, Train Loss: 0.5291, Train Acc: 1.0000, Val Loss: 2.1139, Val Acc: 0.3846
INFO:train:Epoch 42/100, Train Loss: 0.5257, Train Acc: 1.0000, Val Loss: 2.0766, Val Acc: 0.4615
INFO:train:Epoch 43/100, Train Loss: 0.5219, Train Acc: 1.0000, Val Loss: 2.0979, Val Acc: 0.4231
INFO:train:Epoch 44/100, Train Loss: 0.5190, Train Acc: 1.0000, Val Loss: 2.0208, Val Acc: 0.4615
INFO:train:Epoch 45/100, Train Loss: 0.5162, Train Acc: 1.0000, Val Loss: 2.0314, Val Acc: 0.4615
INFO:train:Epoch 46/100, Train Loss: 0.5126, Train Acc: 1.0000, Val Loss: 2.0081, Val Acc: 0.4615
INFO:train:Epoch 47/100, Train Loss: 0.5090, Train Acc: 1.0000, Val Loss: 2.0227, Val Acc: 0.5000
INFO:train:Epoch 48/100, Train Loss: 0.5065, Train Acc: 1.0000, Val Loss: 2.0134, Val Acc: 0.4615
INFO:train:Epoch 49/100, Train Loss: 0.5033, Train Acc: 1.0000, Val Loss: 1.9728, Val Acc: 0.4615
INFO:train:Epoch 50/100, Train Loss: 0.5006, Train Acc: 1.0000, Val Loss: 2.0217, Val Acc: 0.4615
INFO:train:Epoch 51/100, Train Loss: 0.4973, Train Acc: 1.0000, Val Loss: 1.9560, Val Acc: 0.4615
INFO:train:Epoch 52/100, Train Loss: 0.4941, Train Acc: 1.0000, Val Loss: 1.9714, Val Acc: 0.4231
INFO:train:Epoch 53/100, Train Loss: 0.4913, Train Acc: 1.0000, Val Loss: 1.9295, Val Acc: 0.5000
INFO:train:Epoch 54/100, Train Loss: 0.4873, Train Acc: 1.0000, Val Loss: 1.9262, Val Acc: 0.5000
INFO:train:Epoch 55/100, Train Loss: 0.4840, Train Acc: 1.0000, Val Loss: 1.9015, Val Acc: 0.5000
INFO:train:Epoch 56/100, Train Loss: 0.4820, Train Acc: 1.0000, Val Loss: 1.9483, Val Acc: 0.3846
INFO:train:Epoch 57/100, Train Loss: 0.4793, Train Acc: 1.0000, Val Loss: 1.8848, Val Acc: 0.4615
INFO:train:Epoch 58/100, Train Loss: 0.4764, Train Acc: 1.0000, Val Loss: 1.9276, Val Acc: 0.3846
INFO:train:Epoch 59/100, Train Loss: 0.4738, Train Acc: 1.0000, Val Loss: 1.8738, Val Acc: 0.4615
INFO:train:Epoch 60/100, Train Loss: 0.4716, Train Acc: 1.0000, Val Loss: 1.8925, Val Acc: 0.4231
INFO:train:Epoch 61/100, Train Loss: 0.4692, Train Acc: 1.0000, Val Loss: 1.8861, Val Acc: 0.4231
INFO:train:Epoch 62/100, Train Loss: 0.4672, Train Acc: 1.0000, Val Loss: 1.8841, Val Acc: 0.4231
INFO:train:Epoch 63/100, Train Loss: 0.4652, Train Acc: 1.0000, Val Loss: 1.8793, Val Acc: 0.4231
INFO:train:Epoch 64/100, Train Loss: 0.4632, Train Acc: 1.0000, Val Loss: 1.8639, Val Acc: 0.4615
INFO:train:Epoch 65/100, Train Loss: 0.4616, Train Acc: 1.0000, Val Loss: 1.8628, Val Acc: 0.4615
INFO:train:Epoch 66/100, Train Loss: 0.4601, Train Acc: 1.0000, Val Loss: 1.8425, Val Acc: 0.4615
INFO:train:Epoch 67/100, Train Loss: 0.4584, Train Acc: 1.0000, Val Loss: 1.8504, Val Acc: 0.4615
INFO:train:Epoch 68/100, Train Loss: 0.4571, Train Acc: 1.0000, Val Loss: 1.8560, Val Acc: 0.4615
INFO:train:Epoch 69/100, Train Loss: 0.4557, Train Acc: 1.0000, Val Loss: 1.8704, Val Acc: 0.4615
INFO:train:Epoch 70/100, Train Loss: 0.4548, Train Acc: 1.0000, Val Loss: 1.8943, Val Acc: 0.4231
INFO:train:Epoch 71/100, Train Loss: 0.4536, Train Acc: 1.0000, Val Loss: 1.8535, Val Acc: 0.4615
INFO:train:Epoch 72/100, Train Loss: 0.4529, Train Acc: 1.0000, Val Loss: 1.8538, Val Acc: 0.4615
INFO:train:Epoch 73/100, Train Loss: 0.4520, Train Acc: 1.0000, Val Loss: 1.8864, Val Acc: 0.4615
INFO:train:Epoch 74/100, Train Loss: 0.4518, Train Acc: 1.0000, Val Loss: 1.8828, Val Acc: 0.4231
INFO:train:Epoch 75/100, Train Loss: 0.4510, Train Acc: 1.0000, Val Loss: 1.8725, Val Acc: 0.4615
INFO:train:Early stopping
INFO:plot:Saving attention map to: figures/model_accuracy.png
INFO:__main__:Total time taken to train the model: 104.80s
INFO:__main__:train got 64 / 64 correct, accuracy: 1.0
INFO:plot:Saving cofusion matrix map to: figures/train_confusion_matrix.png
INFO:__main__:train got 64 / 64 correct, accuracy: 1.0
INFO:plot:Saving cofusion matrix map to: figures/train_confusion_matrix.png
INFO:__main__:train got 64 / 64 correct, accuracy: 1.0
INFO:plot:Saving cofusion matrix map to: figures/train_confusion_matrix.png
INFO:__main__:train got 64 / 64 correct, accuracy: 1.0
INFO:plot:Saving cofusion matrix map to: figures/train_confusion_matrix.png
INFO:__main__:train got 64 / 64 correct, accuracy: 1.0
INFO:plot:Saving cofusion matrix map to: figures/train_confusion_matrix.png
INFO:__main__:train got 64 / 64 correct, accuracy: 1.0
INFO:plot:Saving cofusion matrix map to: figures/train_confusion_matrix.png
INFO:__main__:train got 64 / 64 correct, accuracy: 1.0
INFO:plot:Saving cofusion matrix map to: figures/train_confusion_matrix.png
INFO:__main__:train got 64 / 64 correct, accuracy: 1.0
INFO:plot:Saving cofusion matrix map to: figures/train_confusion_matrix.png
INFO:__main__:train got 64 / 64 correct, accuracy: 1.0
INFO:plot:Saving cofusion matrix map to: figures/train_confusion_matrix.png
INFO:__main__:train got 24 / 24 correct, accuracy: 1.0
INFO:plot:Saving cofusion matrix map to: figures/train_confusion_matrix.png
INFO:__main__:Total time taken evaluate on train set the model: 1.53s
INFO:__main__:validation got 12 / 26 correct, accuracy: 0.46153846153846156
INFO:plot:Saving cofusion matrix map to: figures/validation_confusion_matrix.png
INFO:__main__:Total time taken evaluate on validation set the model: 0.12s
INFO:plot:Saving attention map to: figures/encoder_attention_map.png
INFO:plot:Saving attention map to: figures/decoder_attention_map.png
