INFO:__main__:Reading the dataset: fish species
INFO:__main__:Pre-training the network: Masked Spectra Modelling
INFO:pre_training:Epoch [1/100], Loss: 0.0893, Val: 0.0072
INFO:pre_training:Epoch [2/100], Loss: 0.0772, Val: 0.0067
INFO:pre_training:Epoch [3/100], Loss: 0.0709, Val: 0.0061
INFO:pre_training:Epoch [4/100], Loss: 0.0656, Val: 0.0055
INFO:pre_training:Epoch [5/100], Loss: 0.0611, Val: 0.0052
INFO:pre_training:Epoch [6/100], Loss: 0.0573, Val: 0.0048
INFO:pre_training:Epoch [7/100], Loss: 0.0540, Val: 0.0045
INFO:pre_training:Epoch [8/100], Loss: 0.0511, Val: 0.0043
INFO:pre_training:Epoch [9/100], Loss: 0.0490, Val: 0.0044
INFO:pre_training:Epoch [10/100], Loss: 0.0466, Val: 0.0042
INFO:pre_training:Epoch [11/100], Loss: 0.0450, Val: 0.0040
INFO:pre_training:Epoch [12/100], Loss: 0.0433, Val: 0.0040
INFO:pre_training:Epoch [13/100], Loss: 0.0417, Val: 0.0038
INFO:pre_training:Epoch [14/100], Loss: 0.0405, Val: 0.0037
INFO:pre_training:Epoch [15/100], Loss: 0.0392, Val: 0.0036
INFO:pre_training:Epoch [16/100], Loss: 0.0380, Val: 0.0036
INFO:pre_training:Epoch [17/100], Loss: 0.0369, Val: 0.0036
INFO:pre_training:Epoch [18/100], Loss: 0.0359, Val: 0.0035
INFO:pre_training:Epoch [19/100], Loss: 0.0349, Val: 0.0033
INFO:pre_training:Epoch [20/100], Loss: 0.0340, Val: 0.0033
INFO:pre_training:Epoch [21/100], Loss: 0.0333, Val: 0.0034
INFO:pre_training:Epoch [22/100], Loss: 0.0324, Val: 0.0033
INFO:pre_training:Epoch [23/100], Loss: 0.0316, Val: 0.0033
INFO:pre_training:Epoch [24/100], Loss: 0.0309, Val: 0.0033
INFO:pre_training:Epoch [25/100], Loss: 0.0302, Val: 0.0031
INFO:pre_training:Epoch [26/100], Loss: 0.0296, Val: 0.0031
INFO:pre_training:Epoch [27/100], Loss: 0.0289, Val: 0.0031
INFO:pre_training:Epoch [28/100], Loss: 0.0283, Val: 0.0031
INFO:pre_training:Epoch [29/100], Loss: 0.0278, Val: 0.0030
INFO:pre_training:Epoch [30/100], Loss: 0.0273, Val: 0.0029
INFO:pre_training:Epoch [31/100], Loss: 0.0268, Val: 0.0029
INFO:pre_training:Epoch [32/100], Loss: 0.0263, Val: 0.0029
INFO:pre_training:Epoch [33/100], Loss: 0.0258, Val: 0.0029
INFO:pre_training:Epoch [34/100], Loss: 0.0253, Val: 0.0028
INFO:pre_training:Epoch [35/100], Loss: 0.0249, Val: 0.0029
INFO:pre_training:Epoch [36/100], Loss: 0.0245, Val: 0.0028
INFO:pre_training:Epoch [37/100], Loss: 0.0240, Val: 0.0028
INFO:pre_training:Epoch [38/100], Loss: 0.0237, Val: 0.0027
INFO:pre_training:Epoch [39/100], Loss: 0.0232, Val: 0.0027
INFO:pre_training:Epoch [40/100], Loss: 0.0229, Val: 0.0027
INFO:pre_training:Epoch [41/100], Loss: 0.0225, Val: 0.0027
INFO:pre_training:Epoch [42/100], Loss: 0.0222, Val: 0.0027
INFO:pre_training:Epoch [43/100], Loss: 0.0219, Val: 0.0027
INFO:pre_training:Epoch [44/100], Loss: 0.0215, Val: 0.0026
INFO:pre_training:Epoch [45/100], Loss: 0.0211, Val: 0.0026
INFO:pre_training:Epoch [46/100], Loss: 0.0208, Val: 0.0026
INFO:pre_training:Epoch [47/100], Loss: 0.0205, Val: 0.0025
INFO:pre_training:Epoch [48/100], Loss: 0.0203, Val: 0.0026
INFO:pre_training:Epoch [49/100], Loss: 0.0200, Val: 0.0026
INFO:pre_training:Epoch [50/100], Loss: 0.0197, Val: 0.0025
INFO:pre_training:Epoch [51/100], Loss: 0.0194, Val: 0.0025
INFO:pre_training:Epoch [52/100], Loss: 0.0191, Val: 0.0025
INFO:pre_training:Epoch [53/100], Loss: 0.0188, Val: 0.0025
INFO:pre_training:Epoch [54/100], Loss: 0.0186, Val: 0.0025
INFO:pre_training:Epoch [55/100], Loss: 0.0184, Val: 0.0025
INFO:pre_training:Epoch [56/100], Loss: 0.0181, Val: 0.0025
INFO:pre_training:Epoch [57/100], Loss: 0.0179, Val: 0.0024
INFO:pre_training:Epoch [58/100], Loss: 0.0177, Val: 0.0024
INFO:pre_training:Epoch [59/100], Loss: 0.0174, Val: 0.0024
INFO:pre_training:Epoch [60/100], Loss: 0.0172, Val: 0.0024
INFO:pre_training:Epoch [61/100], Loss: 0.0169, Val: 0.0024
INFO:pre_training:Epoch [62/100], Loss: 0.0168, Val: 0.0024
INFO:pre_training:Epoch [63/100], Loss: 0.0166, Val: 0.0023
INFO:pre_training:Epoch [64/100], Loss: 0.0164, Val: 0.0023
INFO:pre_training:Epoch [65/100], Loss: 0.0162, Val: 0.0023
INFO:pre_training:Epoch [66/100], Loss: 0.0160, Val: 0.0023
INFO:pre_training:Epoch [67/100], Loss: 0.0158, Val: 0.0023
INFO:pre_training:Epoch [68/100], Loss: 0.0156, Val: 0.0023
INFO:pre_training:Epoch [69/100], Loss: 0.0154, Val: 0.0023
INFO:pre_training:Epoch [70/100], Loss: 0.0152, Val: 0.0023
INFO:pre_training:Epoch [71/100], Loss: 0.0150, Val: 0.0022
INFO:pre_training:Epoch [72/100], Loss: 0.0148, Val: 0.0022
INFO:pre_training:Epoch [73/100], Loss: 0.0147, Val: 0.0023
INFO:pre_training:Epoch [74/100], Loss: 0.0145, Val: 0.0023
INFO:pre_training:Epoch [75/100], Loss: 0.0144, Val: 0.0022
INFO:pre_training:Epoch [76/100], Loss: 0.0143, Val: 0.0022
INFO:pre_training:Epoch [77/100], Loss: 0.0141, Val: 0.0022
INFO:pre_training:Epoch [78/100], Loss: 0.0139, Val: 0.0022
INFO:pre_training:Epoch [79/100], Loss: 0.0138, Val: 0.0022
INFO:pre_training:Epoch [80/100], Loss: 0.0136, Val: 0.0022
INFO:pre_training:Epoch [81/100], Loss: 0.0134, Val: 0.0022
INFO:pre_training:Epoch [82/100], Loss: 0.0133, Val: 0.0022
INFO:pre_training:Epoch [83/100], Loss: 0.0132, Val: 0.0022
INFO:pre_training:Epoch [84/100], Loss: 0.0130, Val: 0.0022
INFO:pre_training:Epoch [85/100], Loss: 0.0129, Val: 0.0021
INFO:pre_training:Epoch [86/100], Loss: 0.0128, Val: 0.0021
INFO:pre_training:Epoch [87/100], Loss: 0.0126, Val: 0.0021
INFO:pre_training:Epoch [88/100], Loss: 0.0125, Val: 0.0021
INFO:pre_training:Epoch [89/100], Loss: 0.0123, Val: 0.0021
INFO:pre_training:Epoch [90/100], Loss: 0.0122, Val: 0.0021
INFO:pre_training:Epoch [91/100], Loss: 0.0121, Val: 0.0021
INFO:pre_training:Epoch [92/100], Loss: 0.0120, Val: 0.0021
INFO:pre_training:Epoch [93/100], Loss: 0.0119, Val: 0.0020
INFO:pre_training:Epoch [94/100], Loss: 0.0118, Val: 0.0020
INFO:pre_training:Epoch [95/100], Loss: 0.0116, Val: 0.0022
INFO:pre_training:Epoch [96/100], Loss: 0.0116, Val: 0.0021
INFO:pre_training:Epoch [97/100], Loss: 0.0114, Val: 0.0021
INFO:pre_training:Epoch [98/100], Loss: 0.0113, Val: 0.0021
INFO:pre_training:Epoch [99/100], Loss: 0.0112, Val: 0.0020
INFO:pre_training:Epoch [100/100], Loss: 0.0111, Val: 0.0020
INFO:__main__:Total time taken to pre-train the model: 155.32s
INFO:__main__:Training the network
INFO:train:Epoch 1/100, Train Loss: 0.4994, Train Acc: 0.8164, Val Loss: 0.3769, Val Acc: 0.9130
INFO:train:Epoch 2/100, Train Loss: 0.2540, Train Acc: 0.9813, Val Loss: 0.2336, Val Acc: 1.0000
INFO:train:Epoch 3/100, Train Loss: 0.2140, Train Acc: 0.9991, Val Loss: 0.2233, Val Acc: 1.0000
INFO:train:Epoch 4/100, Train Loss: 0.2065, Train Acc: 1.0000, Val Loss: 0.2197, Val Acc: 1.0000
INFO:train:Epoch 5/100, Train Loss: 0.2042, Train Acc: 1.0000, Val Loss: 0.2213, Val Acc: 1.0000
INFO:train:Epoch 6/100, Train Loss: 0.2031, Train Acc: 1.0000, Val Loss: 0.2223, Val Acc: 1.0000
INFO:train:Epoch 7/100, Train Loss: 0.2025, Train Acc: 1.0000, Val Loss: 0.2174, Val Acc: 1.0000
INFO:train:Epoch 8/100, Train Loss: 0.2021, Train Acc: 1.0000, Val Loss: 0.2162, Val Acc: 1.0000
INFO:train:Epoch 9/100, Train Loss: 0.2015, Train Acc: 1.0000, Val Loss: 0.2182, Val Acc: 1.0000
INFO:train:Epoch 10/100, Train Loss: 0.2011, Train Acc: 1.0000, Val Loss: 0.2163, Val Acc: 1.0000
INFO:train:Epoch 11/100, Train Loss: 0.2010, Train Acc: 1.0000, Val Loss: 0.2162, Val Acc: 1.0000
INFO:train:Epoch 12/100, Train Loss: 0.2006, Train Acc: 1.0000, Val Loss: 0.2160, Val Acc: 1.0000
INFO:train:Epoch 13/100, Train Loss: 0.2005, Train Acc: 1.0000, Val Loss: 0.2168, Val Acc: 1.0000
INFO:train:Epoch 14/100, Train Loss: 0.2005, Train Acc: 1.0000, Val Loss: 0.2151, Val Acc: 1.0000
INFO:train:Epoch 15/100, Train Loss: 0.2005, Train Acc: 1.0000, Val Loss: 0.2154, Val Acc: 1.0000
INFO:train:Epoch 16/100, Train Loss: 0.2003, Train Acc: 1.0000, Val Loss: 0.2154, Val Acc: 1.0000
INFO:train:Epoch 17/100, Train Loss: 0.2002, Train Acc: 1.0000, Val Loss: 0.2174, Val Acc: 1.0000
INFO:train:Epoch 18/100, Train Loss: 0.2001, Train Acc: 1.0000, Val Loss: 0.2166, Val Acc: 1.0000
INFO:train:Epoch 19/100, Train Loss: 0.2001, Train Acc: 1.0000, Val Loss: 0.2167, Val Acc: 1.0000
INFO:train:Epoch 20/100, Train Loss: 0.2001, Train Acc: 1.0000, Val Loss: 0.2156, Val Acc: 1.0000
INFO:train:Epoch 21/100, Train Loss: 0.2000, Train Acc: 1.0000, Val Loss: 0.2164, Val Acc: 1.0000
INFO:train:Epoch 22/100, Train Loss: 0.1999, Train Acc: 1.0000, Val Loss: 0.2147, Val Acc: 1.0000
INFO:train:Epoch 23/100, Train Loss: 0.1999, Train Acc: 1.0000, Val Loss: 0.2184, Val Acc: 1.0000
INFO:train:Epoch 24/100, Train Loss: 0.1999, Train Acc: 1.0000, Val Loss: 0.2171, Val Acc: 1.0000
INFO:train:Epoch 25/100, Train Loss: 0.1999, Train Acc: 1.0000, Val Loss: 0.2180, Val Acc: 1.0000
INFO:train:Epoch 26/100, Train Loss: 0.1997, Train Acc: 1.0000, Val Loss: 0.2180, Val Acc: 1.0000
INFO:train:Epoch 27/100, Train Loss: 0.1998, Train Acc: 1.0000, Val Loss: 0.2148, Val Acc: 1.0000
INFO:train:Epoch 28/100, Train Loss: 0.1999, Train Acc: 1.0000, Val Loss: 0.2161, Val Acc: 1.0000
INFO:train:Epoch 29/100, Train Loss: 0.1998, Train Acc: 1.0000, Val Loss: 0.2169, Val Acc: 1.0000
INFO:train:Epoch 30/100, Train Loss: 0.1997, Train Acc: 1.0000, Val Loss: 0.2155, Val Acc: 1.0000
INFO:train:Epoch 31/100, Train Loss: 0.1996, Train Acc: 1.0000, Val Loss: 0.2153, Val Acc: 1.0000
INFO:train:Epoch 32/100, Train Loss: 0.1997, Train Acc: 1.0000, Val Loss: 0.2144, Val Acc: 1.0000
INFO:train:Epoch 33/100, Train Loss: 0.1997, Train Acc: 1.0000, Val Loss: 0.2169, Val Acc: 1.0000
INFO:train:Epoch 34/100, Train Loss: 0.1996, Train Acc: 1.0000, Val Loss: 0.2180, Val Acc: 1.0000
INFO:train:Epoch 35/100, Train Loss: 0.1997, Train Acc: 1.0000, Val Loss: 0.2161, Val Acc: 1.0000
INFO:train:Epoch 36/100, Train Loss: 0.1996, Train Acc: 1.0000, Val Loss: 0.2148, Val Acc: 1.0000
INFO:train:Epoch 37/100, Train Loss: 0.1996, Train Acc: 1.0000, Val Loss: 0.2169, Val Acc: 1.0000
INFO:train:Epoch 38/100, Train Loss: 0.1996, Train Acc: 1.0000, Val Loss: 0.2186, Val Acc: 1.0000
INFO:train:Epoch 39/100, Train Loss: 0.1996, Train Acc: 1.0000, Val Loss: 0.2168, Val Acc: 1.0000
INFO:train:Epoch 40/100, Train Loss: 0.1997, Train Acc: 1.0000, Val Loss: 0.2189, Val Acc: 1.0000
INFO:train:Epoch 41/100, Train Loss: 0.1997, Train Acc: 1.0000, Val Loss: 0.2178, Val Acc: 1.0000
INFO:train:Epoch 42/100, Train Loss: 0.1996, Train Acc: 1.0000, Val Loss: 0.2177, Val Acc: 1.0000
INFO:train:Epoch 43/100, Train Loss: 0.1995, Train Acc: 1.0000, Val Loss: 0.2181, Val Acc: 1.0000
INFO:train:Epoch 44/100, Train Loss: 0.1996, Train Acc: 1.0000, Val Loss: 0.2161, Val Acc: 1.0000
INFO:train:Epoch 45/100, Train Loss: 0.1996, Train Acc: 1.0000, Val Loss: 0.2199, Val Acc: 1.0000
INFO:train:Epoch 46/100, Train Loss: 0.1996, Train Acc: 1.0000, Val Loss: 0.2170, Val Acc: 1.0000
INFO:train:Epoch 47/100, Train Loss: 0.1995, Train Acc: 1.0000, Val Loss: 0.2198, Val Acc: 1.0000
INFO:train:Epoch 48/100, Train Loss: 0.1995, Train Acc: 1.0000, Val Loss: 0.2165, Val Acc: 1.0000
INFO:train:Epoch 49/100, Train Loss: 0.1995, Train Acc: 1.0000, Val Loss: 0.2179, Val Acc: 1.0000
INFO:train:Epoch 50/100, Train Loss: 0.1996, Train Acc: 1.0000, Val Loss: 0.2160, Val Acc: 1.0000
INFO:train:Epoch 51/100, Train Loss: 0.1996, Train Acc: 1.0000, Val Loss: 0.2163, Val Acc: 1.0000
INFO:train:Epoch 52/100, Train Loss: 0.1995, Train Acc: 1.0000, Val Loss: 0.2183, Val Acc: 1.0000
INFO:train:Epoch 53/100, Train Loss: 0.1995, Train Acc: 1.0000, Val Loss: 0.2157, Val Acc: 1.0000
INFO:train:Epoch 54/100, Train Loss: 0.1994, Train Acc: 1.0000, Val Loss: 0.2155, Val Acc: 1.0000
INFO:train:Epoch 55/100, Train Loss: 0.1994, Train Acc: 1.0000, Val Loss: 0.2181, Val Acc: 1.0000
INFO:train:Epoch 56/100, Train Loss: 0.1994, Train Acc: 1.0000, Val Loss: 0.2179, Val Acc: 1.0000
INFO:train:Epoch 57/100, Train Loss: 0.1994, Train Acc: 1.0000, Val Loss: 0.2172, Val Acc: 1.0000
INFO:train:Epoch 58/100, Train Loss: 0.1995, Train Acc: 1.0000, Val Loss: 0.2167, Val Acc: 1.0000
INFO:train:Epoch 59/100, Train Loss: 0.1994, Train Acc: 1.0000, Val Loss: 0.2147, Val Acc: 1.0000
INFO:train:Epoch 60/100, Train Loss: 0.1993, Train Acc: 1.0000, Val Loss: 0.2162, Val Acc: 1.0000
INFO:train:Epoch 61/100, Train Loss: 0.1994, Train Acc: 1.0000, Val Loss: 0.2168, Val Acc: 1.0000
INFO:train:Epoch 62/100, Train Loss: 0.1994, Train Acc: 1.0000, Val Loss: 0.2159, Val Acc: 1.0000
INFO:train:Epoch 63/100, Train Loss: 0.1995, Train Acc: 1.0000, Val Loss: 0.2169, Val Acc: 1.0000
INFO:train:Epoch 64/100, Train Loss: 0.1995, Train Acc: 1.0000, Val Loss: 0.2168, Val Acc: 1.0000
INFO:train:Epoch 65/100, Train Loss: 0.1994, Train Acc: 1.0000, Val Loss: 0.2154, Val Acc: 1.0000
INFO:train:Epoch 66/100, Train Loss: 0.1993, Train Acc: 1.0000, Val Loss: 0.2168, Val Acc: 1.0000
INFO:train:Epoch 67/100, Train Loss: 0.1993, Train Acc: 1.0000, Val Loss: 0.2157, Val Acc: 1.0000
INFO:train:Epoch 68/100, Train Loss: 0.1993, Train Acc: 1.0000, Val Loss: 0.2174, Val Acc: 1.0000
INFO:train:Epoch 69/100, Train Loss: 0.1994, Train Acc: 1.0000, Val Loss: 0.2163, Val Acc: 1.0000
INFO:train:Epoch 70/100, Train Loss: 0.1993, Train Acc: 1.0000, Val Loss: 0.2180, Val Acc: 1.0000
INFO:train:Epoch 71/100, Train Loss: 0.1993, Train Acc: 1.0000, Val Loss: 0.2166, Val Acc: 1.0000
INFO:train:Epoch 72/100, Train Loss: 0.1993, Train Acc: 1.0000, Val Loss: 0.2175, Val Acc: 1.0000
INFO:train:Epoch 73/100, Train Loss: 0.1993, Train Acc: 1.0000, Val Loss: 0.2160, Val Acc: 1.0000
INFO:train:Epoch 74/100, Train Loss: 0.1993, Train Acc: 1.0000, Val Loss: 0.2160, Val Acc: 1.0000
INFO:train:Epoch 75/100, Train Loss: 0.1993, Train Acc: 1.0000, Val Loss: 0.2165, Val Acc: 1.0000
INFO:train:Epoch 76/100, Train Loss: 0.1993, Train Acc: 1.0000, Val Loss: 0.2161, Val Acc: 1.0000
INFO:train:Epoch 77/100, Train Loss: 0.1993, Train Acc: 1.0000, Val Loss: 0.2139, Val Acc: 1.0000
INFO:train:Epoch 78/100, Train Loss: 0.1993, Train Acc: 1.0000, Val Loss: 0.2153, Val Acc: 1.0000
INFO:train:Epoch 79/100, Train Loss: 0.1992, Train Acc: 1.0000, Val Loss: 0.2150, Val Acc: 1.0000
INFO:train:Epoch 80/100, Train Loss: 0.1993, Train Acc: 1.0000, Val Loss: 0.2151, Val Acc: 1.0000
INFO:train:Epoch 81/100, Train Loss: 0.1993, Train Acc: 1.0000, Val Loss: 0.2161, Val Acc: 1.0000
INFO:train:Epoch 82/100, Train Loss: 0.1993, Train Acc: 1.0000, Val Loss: 0.2171, Val Acc: 1.0000
INFO:train:Epoch 83/100, Train Loss: 0.1993, Train Acc: 1.0000, Val Loss: 0.2165, Val Acc: 1.0000
INFO:train:Epoch 84/100, Train Loss: 0.1993, Train Acc: 1.0000, Val Loss: 0.2143, Val Acc: 1.0000
INFO:train:Epoch 85/100, Train Loss: 0.1992, Train Acc: 1.0000, Val Loss: 0.2165, Val Acc: 1.0000
INFO:train:Epoch 86/100, Train Loss: 0.1993, Train Acc: 1.0000, Val Loss: 0.2167, Val Acc: 1.0000
INFO:train:Epoch 87/100, Train Loss: 0.1993, Train Acc: 1.0000, Val Loss: 0.2156, Val Acc: 1.0000
INFO:train:Epoch 88/100, Train Loss: 0.1993, Train Acc: 1.0000, Val Loss: 0.2158, Val Acc: 1.0000
INFO:train:Epoch 89/100, Train Loss: 0.1992, Train Acc: 1.0000, Val Loss: 0.2157, Val Acc: 1.0000
INFO:train:Epoch 90/100, Train Loss: 0.1993, Train Acc: 1.0000, Val Loss: 0.2160, Val Acc: 1.0000
INFO:train:Epoch 91/100, Train Loss: 0.1993, Train Acc: 1.0000, Val Loss: 0.2168, Val Acc: 1.0000
INFO:train:Epoch 92/100, Train Loss: 0.1992, Train Acc: 1.0000, Val Loss: 0.2139, Val Acc: 1.0000
INFO:train:Epoch 93/100, Train Loss: 0.1992, Train Acc: 1.0000, Val Loss: 0.2144, Val Acc: 1.0000
INFO:train:Epoch 94/100, Train Loss: 0.1992, Train Acc: 1.0000, Val Loss: 0.2148, Val Acc: 1.0000
INFO:train:Epoch 95/100, Train Loss: 0.1992, Train Acc: 1.0000, Val Loss: 0.2158, Val Acc: 1.0000
INFO:train:Epoch 96/100, Train Loss: 0.1992, Train Acc: 1.0000, Val Loss: 0.2145, Val Acc: 1.0000
INFO:train:Epoch 97/100, Train Loss: 0.1992, Train Acc: 1.0000, Val Loss: 0.2152, Val Acc: 1.0000
INFO:train:Epoch 98/100, Train Loss: 0.1992, Train Acc: 1.0000, Val Loss: 0.2160, Val Acc: 1.0000
INFO:train:Epoch 99/100, Train Loss: 0.1992, Train Acc: 1.0000, Val Loss: 0.2143, Val Acc: 1.0000
INFO:train:Epoch 100/100, Train Loss: 0.1993, Train Acc: 1.0000, Val Loss: 0.2154, Val Acc: 1.0000
INFO:plot:Saving attention map to: figures/model_accuracy.png
INFO:__main__:Total time taken to train the model: 153.26s
INFO:__main__:train accuracy: 64 / 64
INFO:plot:Saving cofusion matrix map to: figures/train_confusion_matrix.png
INFO:__main__:train accuracy: 64 / 64
INFO:plot:Saving cofusion matrix map to: figures/train_confusion_matrix.png
INFO:__main__:train accuracy: 64 / 64
INFO:plot:Saving cofusion matrix map to: figures/train_confusion_matrix.png
INFO:__main__:train accuracy: 64 / 64
INFO:plot:Saving cofusion matrix map to: figures/train_confusion_matrix.png
INFO:__main__:train accuracy: 64 / 64
INFO:plot:Saving cofusion matrix map to: figures/train_confusion_matrix.png
INFO:__main__:train accuracy: 64 / 64
INFO:plot:Saving cofusion matrix map to: figures/train_confusion_matrix.png
INFO:__main__:train accuracy: 64 / 64
INFO:plot:Saving cofusion matrix map to: figures/train_confusion_matrix.png
INFO:__main__:train accuracy: 64 / 64
INFO:plot:Saving cofusion matrix map to: figures/train_confusion_matrix.png
INFO:__main__:train accuracy: 64 / 64
INFO:plot:Saving cofusion matrix map to: figures/train_confusion_matrix.png
INFO:__main__:train accuracy: 64 / 64
INFO:plot:Saving cofusion matrix map to: figures/train_confusion_matrix.png
INFO:__main__:train accuracy: 64 / 64
INFO:plot:Saving cofusion matrix map to: figures/train_confusion_matrix.png
INFO:__main__:train accuracy: 64 / 64
INFO:plot:Saving cofusion matrix map to: figures/train_confusion_matrix.png
INFO:__main__:train accuracy: 64 / 64
INFO:plot:Saving cofusion matrix map to: figures/train_confusion_matrix.png
INFO:__main__:train accuracy: 64 / 64
INFO:plot:Saving cofusion matrix map to: figures/train_confusion_matrix.png
INFO:__main__:train accuracy: 64 / 64
INFO:plot:Saving cofusion matrix map to: figures/train_confusion_matrix.png
INFO:__main__:train accuracy: 64 / 64
INFO:plot:Saving cofusion matrix map to: figures/train_confusion_matrix.png
INFO:__main__:train accuracy: 64 / 64
INFO:plot:Saving cofusion matrix map to: figures/train_confusion_matrix.png
INFO:__main__:train accuracy: 34 / 34 accuracy: 1.0
INFO:plot:Saving cofusion matrix map to: figures/train_confusion_matrix.png
INFO:__main__:validation accuracy: 23 / 23 accuracy: 1.0
INFO:plot:Saving cofusion matrix map to: figures/validation_confusion_matrix.png
INFO:__main__:test accuracy: 24 / 24 accuracy: 1.0
INFO:plot:Saving cofusion matrix map to: figures/test_confusion_matrix.png
INFO:plot:Saving attention map to: figures/encoder_attention_map.png
INFO:plot:Saving attention map to: figures/decoder_attention_map.png
