INFO:__main__:Reading the dataset: fish species
INFO:__main__:Pre-training the network: Masked Spectra Modelling
INFO:pre_training:Epoch [1/100], Loss: 0.0152, Val: 0.0089
INFO:pre_training:Epoch [2/100], Loss: 0.0147, Val: 0.0082
INFO:pre_training:Epoch [3/100], Loss: 0.0144, Val: 0.0082
INFO:pre_training:Epoch [4/100], Loss: 0.0141, Val: 0.0076
INFO:pre_training:Epoch [5/100], Loss: 0.0138, Val: 0.0075
INFO:pre_training:Epoch [6/100], Loss: 0.0137, Val: 0.0074
INFO:pre_training:Epoch [7/100], Loss: 0.0136, Val: 0.0072
INFO:pre_training:Epoch [8/100], Loss: 0.0135, Val: 0.0071
INFO:pre_training:Epoch [9/100], Loss: 0.0133, Val: 0.0070
INFO:pre_training:Epoch [10/100], Loss: 0.0131, Val: 0.0069
INFO:pre_training:Epoch [11/100], Loss: 0.0130, Val: 0.0068
INFO:pre_training:Epoch [12/100], Loss: 0.0129, Val: 0.0068
INFO:pre_training:Epoch [13/100], Loss: 0.0129, Val: 0.0066
INFO:pre_training:Epoch [14/100], Loss: 0.0127, Val: 0.0067
INFO:pre_training:Epoch [15/100], Loss: 0.0127, Val: 0.0067
INFO:pre_training:Epoch [16/100], Loss: 0.0126, Val: 0.0065
INFO:pre_training:Epoch [17/100], Loss: 0.0124, Val: 0.0064
INFO:pre_training:Epoch [18/100], Loss: 0.0124, Val: 0.0062
INFO:pre_training:Epoch [19/100], Loss: 0.0123, Val: 0.0063
INFO:pre_training:Epoch [20/100], Loss: 0.0123, Val: 0.0061
INFO:pre_training:Epoch [21/100], Loss: 0.0122, Val: 0.0060
INFO:pre_training:Epoch [22/100], Loss: 0.0119, Val: 0.0062
INFO:pre_training:Epoch [23/100], Loss: 0.0119, Val: 0.0060
INFO:pre_training:Epoch [24/100], Loss: 0.0119, Val: 0.0059
INFO:pre_training:Epoch [25/100], Loss: 0.0118, Val: 0.0059
INFO:pre_training:Epoch [26/100], Loss: 0.0118, Val: 0.0059
INFO:pre_training:Epoch [27/100], Loss: 0.0117, Val: 0.0058
INFO:pre_training:Epoch [28/100], Loss: 0.0116, Val: 0.0058
INFO:pre_training:Epoch [29/100], Loss: 0.0115, Val: 0.0057
INFO:pre_training:Epoch [30/100], Loss: 0.0115, Val: 0.0057
INFO:pre_training:Epoch [31/100], Loss: 0.0115, Val: 0.0057
INFO:pre_training:Epoch [32/100], Loss: 0.0113, Val: 0.0057
INFO:pre_training:Epoch [33/100], Loss: 0.0113, Val: 0.0056
INFO:pre_training:Epoch [34/100], Loss: 0.0113, Val: 0.0054
INFO:pre_training:Epoch [35/100], Loss: 0.0113, Val: 0.0055
INFO:pre_training:Epoch [36/100], Loss: 0.0112, Val: 0.0055
INFO:pre_training:Epoch [37/100], Loss: 0.0111, Val: 0.0054
INFO:pre_training:Epoch [38/100], Loss: 0.0111, Val: 0.0053
INFO:pre_training:Epoch [39/100], Loss: 0.0111, Val: 0.0054
INFO:pre_training:Epoch [40/100], Loss: 0.0110, Val: 0.0052
INFO:pre_training:Epoch [41/100], Loss: 0.0109, Val: 0.0052
INFO:pre_training:Epoch [42/100], Loss: 0.0108, Val: 0.0052
INFO:pre_training:Epoch [43/100], Loss: 0.0108, Val: 0.0052
INFO:pre_training:Epoch [44/100], Loss: 0.0109, Val: 0.0051
INFO:pre_training:Epoch [45/100], Loss: 0.0107, Val: 0.0051
INFO:pre_training:Epoch [46/100], Loss: 0.0106, Val: 0.0051
INFO:pre_training:Epoch [47/100], Loss: 0.0105, Val: 0.0049
INFO:pre_training:Epoch [48/100], Loss: 0.0105, Val: 0.0050
INFO:pre_training:Epoch [49/100], Loss: 0.0104, Val: 0.0050
INFO:pre_training:Epoch [50/100], Loss: 0.0105, Val: 0.0049
INFO:pre_training:Epoch [51/100], Loss: 0.0105, Val: 0.0048
INFO:pre_training:Epoch [52/100], Loss: 0.0104, Val: 0.0049
INFO:pre_training:Epoch [53/100], Loss: 0.0103, Val: 0.0048
INFO:pre_training:Epoch [54/100], Loss: 0.0104, Val: 0.0047
INFO:pre_training:Epoch [55/100], Loss: 0.0104, Val: 0.0047
INFO:pre_training:Epoch [56/100], Loss: 0.0102, Val: 0.0047
INFO:pre_training:Epoch [57/100], Loss: 0.0102, Val: 0.0047
INFO:pre_training:Epoch [58/100], Loss: 0.0101, Val: 0.0046
INFO:pre_training:Epoch [59/100], Loss: 0.0101, Val: 0.0046
INFO:pre_training:Epoch [60/100], Loss: 0.0100, Val: 0.0045
INFO:pre_training:Epoch [61/100], Loss: 0.0099, Val: 0.0044
INFO:pre_training:Epoch [62/100], Loss: 0.0100, Val: 0.0044
INFO:pre_training:Epoch [63/100], Loss: 0.0098, Val: 0.0045
INFO:pre_training:Epoch [64/100], Loss: 0.0098, Val: 0.0045
INFO:pre_training:Epoch [65/100], Loss: 0.0098, Val: 0.0044
INFO:pre_training:Epoch [66/100], Loss: 0.0098, Val: 0.0043
INFO:pre_training:Epoch [67/100], Loss: 0.0097, Val: 0.0044
INFO:pre_training:Epoch [68/100], Loss: 0.0097, Val: 0.0042
INFO:pre_training:Epoch [69/100], Loss: 0.0097, Val: 0.0044
INFO:pre_training:Epoch [70/100], Loss: 0.0096, Val: 0.0044
INFO:pre_training:Epoch [71/100], Loss: 0.0096, Val: 0.0043
INFO:pre_training:Epoch [72/100], Loss: 0.0095, Val: 0.0042
INFO:pre_training:Epoch [73/100], Loss: 0.0095, Val: 0.0043
INFO:pre_training:Epoch [74/100], Loss: 0.0095, Val: 0.0041
INFO:pre_training:Epoch [75/100], Loss: 0.0094, Val: 0.0042
INFO:pre_training:Epoch [76/100], Loss: 0.0094, Val: 0.0042
INFO:pre_training:Epoch [77/100], Loss: 0.0093, Val: 0.0041
INFO:pre_training:Epoch [78/100], Loss: 0.0094, Val: 0.0041
INFO:pre_training:Epoch [79/100], Loss: 0.0092, Val: 0.0041
INFO:pre_training:Epoch [80/100], Loss: 0.0093, Val: 0.0039
INFO:pre_training:Epoch [81/100], Loss: 0.0092, Val: 0.0040
INFO:pre_training:Epoch [82/100], Loss: 0.0091, Val: 0.0040
INFO:pre_training:Epoch [83/100], Loss: 0.0091, Val: 0.0039
INFO:pre_training:Epoch [84/100], Loss: 0.0092, Val: 0.0039
INFO:pre_training:Epoch [85/100], Loss: 0.0091, Val: 0.0040
INFO:pre_training:Epoch [86/100], Loss: 0.0091, Val: 0.0039
INFO:pre_training:Epoch [87/100], Loss: 0.0090, Val: 0.0039
INFO:pre_training:Epoch [88/100], Loss: 0.0090, Val: 0.0039
INFO:pre_training:Epoch [89/100], Loss: 0.0089, Val: 0.0039
INFO:pre_training:Epoch [90/100], Loss: 0.0090, Val: 0.0038
INFO:pre_training:Epoch [91/100], Loss: 0.0089, Val: 0.0038
INFO:pre_training:Epoch [92/100], Loss: 0.0088, Val: 0.0037
INFO:pre_training:Epoch [93/100], Loss: 0.0088, Val: 0.0038
INFO:pre_training:Epoch [94/100], Loss: 0.0088, Val: 0.0037
INFO:pre_training:Epoch [95/100], Loss: 0.0087, Val: 0.0036
INFO:pre_training:Epoch [96/100], Loss: 0.0087, Val: 0.0037
INFO:pre_training:Epoch [97/100], Loss: 0.0087, Val: 0.0035
INFO:pre_training:Epoch [98/100], Loss: 0.0086, Val: 0.0037
INFO:pre_training:Epoch [99/100], Loss: 0.0087, Val: 0.0036
INFO:pre_training:Epoch [100/100], Loss: 0.0085, Val: 0.0035
INFO:__main__:Total time taken to pre-train the model: 29.44s
INFO:__main__:Training the network
INFO:train:Epoch 1/100, Train Loss: 0.6935, Train Acc: 0.5936, Val Loss: 0.6272, Val Acc: 0.8696
INFO:train:Epoch 2/100, Train Loss: 0.6303, Train Acc: 0.8342, Val Loss: 0.6030, Val Acc: 0.9130
INFO:train:Epoch 3/100, Train Loss: 0.5946, Train Acc: 0.9626, Val Loss: 0.6010, Val Acc: 0.9565
INFO:train:Epoch 4/100, Train Loss: 0.5947, Train Acc: 0.9786, Val Loss: 0.6026, Val Acc: 0.9565
INFO:train:Epoch 5/100, Train Loss: 0.5973, Train Acc: 0.9840, Val Loss: 0.5980, Val Acc: 1.0000
INFO:train:Epoch 6/100, Train Loss: 0.6046, Train Acc: 0.9786, Val Loss: 0.5878, Val Acc: 1.0000
INFO:train:Epoch 7/100, Train Loss: 0.5935, Train Acc: 0.9893, Val Loss: 0.5776, Val Acc: 1.0000
INFO:train:Epoch 8/100, Train Loss: 0.5891, Train Acc: 0.9840, Val Loss: 0.5713, Val Acc: 1.0000
INFO:train:Epoch 9/100, Train Loss: 0.5869, Train Acc: 0.9840, Val Loss: 0.5687, Val Acc: 1.0000
INFO:train:Epoch 10/100, Train Loss: 0.5879, Train Acc: 0.9786, Val Loss: 0.5688, Val Acc: 1.0000
INFO:train:Epoch 11/100, Train Loss: 0.5844, Train Acc: 0.9840, Val Loss: 0.5703, Val Acc: 1.0000
INFO:train:Epoch 12/100, Train Loss: 0.5844, Train Acc: 0.9893, Val Loss: 0.5713, Val Acc: 1.0000
INFO:train:Epoch 13/100, Train Loss: 0.5858, Train Acc: 0.9840, Val Loss: 0.5706, Val Acc: 1.0000
INFO:train:Epoch 14/100, Train Loss: 0.5848, Train Acc: 0.9733, Val Loss: 0.5717, Val Acc: 1.0000
INFO:train:Epoch 15/100, Train Loss: 0.5841, Train Acc: 0.9840, Val Loss: 0.5698, Val Acc: 1.0000
INFO:train:Epoch 16/100, Train Loss: 0.5823, Train Acc: 0.9893, Val Loss: 0.5707, Val Acc: 1.0000
INFO:train:Epoch 17/100, Train Loss: 0.5851, Train Acc: 0.9947, Val Loss: 0.5696, Val Acc: 1.0000
INFO:train:Epoch 18/100, Train Loss: 0.5835, Train Acc: 0.9786, Val Loss: 0.5694, Val Acc: 1.0000
INFO:train:Epoch 19/100, Train Loss: 0.5822, Train Acc: 0.9893, Val Loss: 0.5697, Val Acc: 1.0000
INFO:train:Epoch 20/100, Train Loss: 0.5834, Train Acc: 0.9893, Val Loss: 0.5684, Val Acc: 1.0000
INFO:train:Epoch 21/100, Train Loss: 0.5819, Train Acc: 0.9893, Val Loss: 0.5693, Val Acc: 1.0000
INFO:train:Epoch 22/100, Train Loss: 0.5823, Train Acc: 0.9947, Val Loss: 0.5694, Val Acc: 1.0000
INFO:train:Epoch 23/100, Train Loss: 0.5813, Train Acc: 0.9840, Val Loss: 0.5686, Val Acc: 1.0000
INFO:train:Epoch 24/100, Train Loss: 0.5816, Train Acc: 0.9893, Val Loss: 0.5690, Val Acc: 1.0000
INFO:train:Epoch 25/100, Train Loss: 0.5802, Train Acc: 0.9947, Val Loss: 0.5682, Val Acc: 1.0000
INFO:train:Epoch 26/100, Train Loss: 0.5831, Train Acc: 0.9947, Val Loss: 0.5670, Val Acc: 1.0000
INFO:train:Epoch 27/100, Train Loss: 0.5809, Train Acc: 0.9947, Val Loss: 0.5684, Val Acc: 1.0000
INFO:train:Epoch 28/100, Train Loss: 0.5824, Train Acc: 0.9947, Val Loss: 0.5713, Val Acc: 1.0000
INFO:train:Epoch 29/100, Train Loss: 0.5829, Train Acc: 0.9893, Val Loss: 0.5678, Val Acc: 1.0000
INFO:train:Epoch 30/100, Train Loss: 0.5808, Train Acc: 0.9947, Val Loss: 0.5685, Val Acc: 1.0000
INFO:train:Epoch 31/100, Train Loss: 0.5837, Train Acc: 0.9786, Val Loss: 0.5694, Val Acc: 1.0000
INFO:train:Epoch 32/100, Train Loss: 0.5832, Train Acc: 0.9840, Val Loss: 0.5735, Val Acc: 1.0000
INFO:train:Epoch 33/100, Train Loss: 0.5815, Train Acc: 0.9947, Val Loss: 0.5740, Val Acc: 1.0000
INFO:train:Epoch 34/100, Train Loss: 0.5849, Train Acc: 0.9947, Val Loss: 0.5677, Val Acc: 1.0000
INFO:train:Epoch 35/100, Train Loss: 0.5823, Train Acc: 0.9840, Val Loss: 0.5683, Val Acc: 1.0000
INFO:train:Epoch 36/100, Train Loss: 0.5807, Train Acc: 1.0000, Val Loss: 0.5701, Val Acc: 1.0000
INFO:train:Epoch 37/100, Train Loss: 0.5846, Train Acc: 0.9733, Val Loss: 0.5781, Val Acc: 1.0000
INFO:train:Epoch 38/100, Train Loss: 0.5835, Train Acc: 0.9947, Val Loss: 0.5689, Val Acc: 1.0000
INFO:train:Epoch 39/100, Train Loss: 0.5819, Train Acc: 0.9893, Val Loss: 0.5693, Val Acc: 1.0000
INFO:train:Epoch 40/100, Train Loss: 0.5817, Train Acc: 0.9893, Val Loss: 0.5694, Val Acc: 1.0000
INFO:train:Epoch 41/100, Train Loss: 0.5829, Train Acc: 0.9893, Val Loss: 0.5721, Val Acc: 1.0000
INFO:train:Epoch 42/100, Train Loss: 0.5842, Train Acc: 0.9786, Val Loss: 0.5675, Val Acc: 1.0000
INFO:train:Epoch 43/100, Train Loss: 0.5788, Train Acc: 0.9947, Val Loss: 0.5679, Val Acc: 1.0000
INFO:train:Epoch 44/100, Train Loss: 0.5834, Train Acc: 0.9947, Val Loss: 0.5672, Val Acc: 1.0000
INFO:train:Epoch 45/100, Train Loss: 0.5789, Train Acc: 1.0000, Val Loss: 0.5717, Val Acc: 1.0000
INFO:train:Epoch 46/100, Train Loss: 0.5831, Train Acc: 0.9947, Val Loss: 0.5706, Val Acc: 1.0000
INFO:train:Epoch 47/100, Train Loss: 0.5776, Train Acc: 1.0000, Val Loss: 0.5661, Val Acc: 1.0000
INFO:train:Epoch 48/100, Train Loss: 0.5811, Train Acc: 1.0000, Val Loss: 0.5667, Val Acc: 1.0000
INFO:train:Epoch 49/100, Train Loss: 0.5815, Train Acc: 0.9947, Val Loss: 0.5662, Val Acc: 1.0000
INFO:train:Epoch 50/100, Train Loss: 0.5804, Train Acc: 1.0000, Val Loss: 0.5696, Val Acc: 1.0000
INFO:train:Epoch 51/100, Train Loss: 0.5788, Train Acc: 0.9947, Val Loss: 0.5673, Val Acc: 1.0000
INFO:train:Epoch 52/100, Train Loss: 0.5805, Train Acc: 0.9893, Val Loss: 0.5665, Val Acc: 1.0000
INFO:train:Epoch 53/100, Train Loss: 0.5806, Train Acc: 1.0000, Val Loss: 0.5665, Val Acc: 1.0000
INFO:train:Epoch 54/100, Train Loss: 0.5809, Train Acc: 0.9893, Val Loss: 0.5722, Val Acc: 1.0000
INFO:train:Epoch 55/100, Train Loss: 0.5787, Train Acc: 0.9947, Val Loss: 0.5723, Val Acc: 1.0000
INFO:train:Epoch 56/100, Train Loss: 0.5782, Train Acc: 0.9947, Val Loss: 0.5683, Val Acc: 1.0000
INFO:train:Epoch 57/100, Train Loss: 0.5788, Train Acc: 0.9893, Val Loss: 0.5691, Val Acc: 1.0000
INFO:train:Epoch 58/100, Train Loss: 0.5811, Train Acc: 1.0000, Val Loss: 0.5691, Val Acc: 1.0000
INFO:train:Epoch 59/100, Train Loss: 0.5805, Train Acc: 0.9947, Val Loss: 0.5743, Val Acc: 1.0000
INFO:train:Epoch 60/100, Train Loss: 0.5783, Train Acc: 1.0000, Val Loss: 0.5702, Val Acc: 1.0000
INFO:train:Epoch 61/100, Train Loss: 0.5762, Train Acc: 1.0000, Val Loss: 0.5682, Val Acc: 1.0000
INFO:train:Epoch 62/100, Train Loss: 0.5760, Train Acc: 1.0000, Val Loss: 0.5680, Val Acc: 1.0000
INFO:train:Epoch 63/100, Train Loss: 0.5785, Train Acc: 1.0000, Val Loss: 0.5683, Val Acc: 1.0000
INFO:train:Epoch 64/100, Train Loss: 0.5789, Train Acc: 0.9947, Val Loss: 0.5709, Val Acc: 1.0000
INFO:train:Epoch 65/100, Train Loss: 0.5803, Train Acc: 0.9947, Val Loss: 0.5705, Val Acc: 1.0000
INFO:train:Epoch 66/100, Train Loss: 0.5770, Train Acc: 1.0000, Val Loss: 0.5670, Val Acc: 1.0000
INFO:train:Epoch 67/100, Train Loss: 0.5750, Train Acc: 1.0000, Val Loss: 0.5668, Val Acc: 1.0000
INFO:train:Epoch 68/100, Train Loss: 0.5789, Train Acc: 1.0000, Val Loss: 0.5660, Val Acc: 1.0000
INFO:train:Epoch 69/100, Train Loss: 0.5765, Train Acc: 0.9947, Val Loss: 0.5678, Val Acc: 1.0000
INFO:train:Epoch 70/100, Train Loss: 0.5771, Train Acc: 1.0000, Val Loss: 0.5678, Val Acc: 1.0000
INFO:train:Epoch 71/100, Train Loss: 0.5765, Train Acc: 0.9947, Val Loss: 0.5683, Val Acc: 1.0000
INFO:train:Epoch 72/100, Train Loss: 0.5778, Train Acc: 0.9893, Val Loss: 0.5693, Val Acc: 1.0000
INFO:train:Epoch 73/100, Train Loss: 0.5755, Train Acc: 1.0000, Val Loss: 0.5698, Val Acc: 1.0000
INFO:train:Epoch 74/100, Train Loss: 0.5796, Train Acc: 1.0000, Val Loss: 0.5676, Val Acc: 1.0000
INFO:train:Epoch 75/100, Train Loss: 0.5798, Train Acc: 0.9893, Val Loss: 0.5659, Val Acc: 1.0000
INFO:train:Epoch 76/100, Train Loss: 0.5772, Train Acc: 1.0000, Val Loss: 0.5661, Val Acc: 1.0000
INFO:train:Epoch 77/100, Train Loss: 0.5778, Train Acc: 1.0000, Val Loss: 0.5659, Val Acc: 1.0000
INFO:train:Epoch 78/100, Train Loss: 0.5770, Train Acc: 1.0000, Val Loss: 0.5655, Val Acc: 1.0000
INFO:train:Epoch 79/100, Train Loss: 0.5780, Train Acc: 1.0000, Val Loss: 0.5655, Val Acc: 1.0000
INFO:train:Epoch 80/100, Train Loss: 0.5799, Train Acc: 1.0000, Val Loss: 0.5666, Val Acc: 1.0000
INFO:train:Epoch 81/100, Train Loss: 0.5774, Train Acc: 1.0000, Val Loss: 0.5671, Val Acc: 1.0000
INFO:train:Epoch 82/100, Train Loss: 0.5757, Train Acc: 1.0000, Val Loss: 0.5687, Val Acc: 1.0000
INFO:train:Epoch 83/100, Train Loss: 0.5792, Train Acc: 0.9947, Val Loss: 0.5681, Val Acc: 1.0000
INFO:train:Epoch 84/100, Train Loss: 0.5760, Train Acc: 1.0000, Val Loss: 0.5668, Val Acc: 1.0000
INFO:train:Epoch 85/100, Train Loss: 0.5782, Train Acc: 1.0000, Val Loss: 0.5690, Val Acc: 1.0000
INFO:train:Epoch 86/100, Train Loss: 0.5798, Train Acc: 0.9947, Val Loss: 0.5659, Val Acc: 1.0000
INFO:train:Epoch 87/100, Train Loss: 0.5807, Train Acc: 0.9947, Val Loss: 0.5695, Val Acc: 1.0000
INFO:train:Epoch 88/100, Train Loss: 0.5769, Train Acc: 1.0000, Val Loss: 0.5686, Val Acc: 1.0000
INFO:train:Epoch 89/100, Train Loss: 0.5769, Train Acc: 0.9947, Val Loss: 0.5668, Val Acc: 1.0000
INFO:train:Epoch 90/100, Train Loss: 0.5792, Train Acc: 0.9947, Val Loss: 0.5673, Val Acc: 1.0000
INFO:train:Epoch 91/100, Train Loss: 0.5757, Train Acc: 1.0000, Val Loss: 0.5687, Val Acc: 1.0000
INFO:train:Epoch 92/100, Train Loss: 0.5763, Train Acc: 1.0000, Val Loss: 0.5693, Val Acc: 1.0000
INFO:train:Epoch 93/100, Train Loss: 0.5747, Train Acc: 0.9947, Val Loss: 0.5682, Val Acc: 1.0000
INFO:train:Epoch 94/100, Train Loss: 0.5761, Train Acc: 1.0000, Val Loss: 0.5675, Val Acc: 1.0000
INFO:train:Epoch 95/100, Train Loss: 0.5755, Train Acc: 0.9947, Val Loss: 0.5676, Val Acc: 1.0000
INFO:train:Epoch 96/100, Train Loss: 0.5805, Train Acc: 1.0000, Val Loss: 0.5681, Val Acc: 1.0000
INFO:train:Epoch 97/100, Train Loss: 0.5740, Train Acc: 0.9947, Val Loss: 0.5674, Val Acc: 1.0000
INFO:train:Epoch 98/100, Train Loss: 0.5772, Train Acc: 0.9947, Val Loss: 0.5673, Val Acc: 1.0000
INFO:train:Epoch 99/100, Train Loss: 0.5763, Train Acc: 0.9947, Val Loss: 0.5678, Val Acc: 1.0000
INFO:train:Epoch 100/100, Train Loss: 0.5777, Train Acc: 1.0000, Val Loss: 0.5684, Val Acc: 1.0000
INFO:plot:Saving attention map to: figures/model_accuracy.png
INFO:__main__:Total time taken to train the model: 26.03s
INFO:__main__:train accuracy: 64 / 64
INFO:plot:Saving cofusion matrix map to: figures/train_confusion_matrix.png
INFO:__main__:train accuracy: 64 / 64
INFO:plot:Saving cofusion matrix map to: figures/train_confusion_matrix.png
INFO:__main__:train accuracy: 59 / 59 accuracy: 1.0
INFO:plot:Saving cofusion matrix map to: figures/train_confusion_matrix.png
INFO:__main__:validation accuracy: 23 / 23 accuracy: 1.0
INFO:plot:Saving cofusion matrix map to: figures/validation_confusion_matrix.png
INFO:__main__:test accuracy: 24 / 24 accuracy: 1.0
INFO:plot:Saving cofusion matrix map to: figures/test_confusion_matrix.png
INFO:plot:Saving attention map to: figures/encoder_attention_map.png
INFO:plot:Saving attention map to: figures/decoder_attention_map.png
