INFO:train:Epoch 1/100 	Train Loss: 3.4776, Train Acc: 0.3852	 Val Loss: 8.9952, Val Acc: 0.6129
INFO:train:Epoch 2/100 	Train Loss: 7.8354, Train Acc: 0.5820	 Val Loss: 8.8875, Val Acc: 0.3871
INFO:train:Epoch 3/100 	Train Loss: 5.7538, Train Acc: 0.4672	 Val Loss: 3.8522, Val Acc: 0.4516
INFO:train:Epoch 4/100 	Train Loss: 3.3238, Train Acc: 0.4344	 Val Loss: 4.1392, Val Acc: 0.1935
INFO:train:Epoch 5/100 	Train Loss: 2.9194, Train Acc: 0.4508	 Val Loss: 2.3363, Val Acc: 0.7742
INFO:train:Epoch 6/100 	Train Loss: 2.4282, Train Acc: 0.7541	 Val Loss: 2.6506, Val Acc: 0.6452
INFO:train:Epoch 7/100 	Train Loss: 2.5593, Train Acc: 0.7295	 Val Loss: 2.6317, Val Acc: 0.6129
INFO:train:Epoch 8/100 	Train Loss: 2.4208, Train Acc: 0.7213	 Val Loss: 2.4825, Val Acc: 0.6774
INFO:train:Epoch 9/100 	Train Loss: 2.3380, Train Acc: 0.7787	 Val Loss: 2.5047, Val Acc: 0.6129
INFO:train:Epoch 10/100 	Train Loss: 2.3529, Train Acc: 0.7213	 Val Loss: 2.4623, Val Acc: 0.6774
INFO:train:Epoch 11/100 	Train Loss: 2.2795, Train Acc: 0.8279	 Val Loss: 2.3317, Val Acc: 0.8065
INFO:train:Epoch 12/100 	Train Loss: 2.2170, Train Acc: 0.8607	 Val Loss: 2.3481, Val Acc: 0.7097
INFO:train:Epoch 13/100 	Train Loss: 2.1868, Train Acc: 0.8115	 Val Loss: 2.3645, Val Acc: 0.7097
INFO:train:Epoch 14/100 	Train Loss: 2.1755, Train Acc: 0.8443	 Val Loss: 2.3337, Val Acc: 0.7742
INFO:train:Epoch 15/100 	Train Loss: 2.1359, Train Acc: 0.8852	 Val Loss: 2.3443, Val Acc: 0.7742
INFO:train:Epoch 16/100 	Train Loss: 2.1167, Train Acc: 0.9426	 Val Loss: 2.4057, Val Acc: 0.6774
INFO:train:Epoch 17/100 	Train Loss: 2.1253, Train Acc: 0.9098	 Val Loss: 2.4190, Val Acc: 0.7419
INFO:train:Epoch 18/100 	Train Loss: 2.0904, Train Acc: 0.9426	 Val Loss: 2.3739, Val Acc: 0.7742
INFO:train:Epoch 19/100 	Train Loss: 2.0843, Train Acc: 0.9508	 Val Loss: 2.3566, Val Acc: 0.7742
INFO:train:Epoch 20/100 	Train Loss: 2.0642, Train Acc: 0.9344	 Val Loss: 2.3549, Val Acc: 0.7419
INFO:train:Epoch 21/100 	Train Loss: 2.0491, Train Acc: 0.9262	 Val Loss: 2.3360, Val Acc: 0.7419
INFO:train:Epoch 22/100 	Train Loss: 2.0408, Train Acc: 0.9590	 Val Loss: 2.3240, Val Acc: 0.7419
INFO:train:Epoch 23/100 	Train Loss: 2.0073, Train Acc: 0.9508	 Val Loss: 2.3222, Val Acc: 0.7097
INFO:train:Epoch 24/100 	Train Loss: 2.0037, Train Acc: 0.9836	 Val Loss: 2.3130, Val Acc: 0.7419
INFO:train:Epoch 25/100 	Train Loss: 1.9942, Train Acc: 0.9754	 Val Loss: 2.2963, Val Acc: 0.7742
INFO:train:Epoch 26/100 	Train Loss: 1.9803, Train Acc: 0.9590	 Val Loss: 2.2703, Val Acc: 0.7419
INFO:train:Epoch 27/100 	Train Loss: 1.9521, Train Acc: 1.0000	 Val Loss: 2.2507, Val Acc: 0.7419
INFO:train:Epoch 28/100 	Train Loss: 1.9361, Train Acc: 0.9918	 Val Loss: 2.2366, Val Acc: 0.8065
INFO:train:Epoch 29/100 	Train Loss: 1.9194, Train Acc: 1.0000	 Val Loss: 2.2315, Val Acc: 0.7419
INFO:train:Epoch 30/100 	Train Loss: 1.9064, Train Acc: 0.9918	 Val Loss: 2.2292, Val Acc: 0.7419
INFO:train:Epoch 31/100 	Train Loss: 1.9067, Train Acc: 1.0000	 Val Loss: 2.2198, Val Acc: 0.7742
INFO:train:Epoch 32/100 	Train Loss: 1.8910, Train Acc: 1.0000	 Val Loss: 2.2201, Val Acc: 0.8065
INFO:train:Epoch 33/100 	Train Loss: 1.8808, Train Acc: 1.0000	 Val Loss: 2.2244, Val Acc: 0.8387
INFO:train:Epoch 34/100 	Train Loss: 1.8836, Train Acc: 1.0000	 Val Loss: 2.2233, Val Acc: 0.8387
INFO:train:Epoch 35/100 	Train Loss: 1.8736, Train Acc: 1.0000	 Val Loss: 2.2217, Val Acc: 0.8387
INFO:train:Epoch 36/100 	Train Loss: 1.8691, Train Acc: 1.0000	 Val Loss: 2.2076, Val Acc: 0.8387
INFO:train:Epoch 37/100 	Train Loss: 1.8577, Train Acc: 1.0000	 Val Loss: 2.1842, Val Acc: 0.8387
INFO:train:Epoch 38/100 	Train Loss: 1.8508, Train Acc: 1.0000	 Val Loss: 2.1626, Val Acc: 0.8065
INFO:train:Epoch 39/100 	Train Loss: 1.8487, Train Acc: 1.0000	 Val Loss: 2.1479, Val Acc: 0.8387
INFO:train:Epoch 40/100 	Train Loss: 1.8455, Train Acc: 1.0000	 Val Loss: 2.1415, Val Acc: 0.8387
INFO:train:Epoch 41/100 	Train Loss: 1.8371, Train Acc: 1.0000	 Val Loss: 2.1398, Val Acc: 0.8387
INFO:train:Epoch 42/100 	Train Loss: 1.8350, Train Acc: 1.0000	 Val Loss: 2.1442, Val Acc: 0.8710
INFO:train:Epoch 43/100 	Train Loss: 1.8286, Train Acc: 1.0000	 Val Loss: 2.1375, Val Acc: 0.8387
INFO:train:Epoch 44/100 	Train Loss: 1.8253, Train Acc: 1.0000	 Val Loss: 2.1293, Val Acc: 0.8387
INFO:train:Epoch 45/100 	Train Loss: 1.8187, Train Acc: 1.0000	 Val Loss: 2.1216, Val Acc: 0.8387
INFO:train:Epoch 46/100 	Train Loss: 1.8149, Train Acc: 1.0000	 Val Loss: 2.1118, Val Acc: 0.8387
INFO:train:Epoch 47/100 	Train Loss: 1.8119, Train Acc: 1.0000	 Val Loss: 2.1036, Val Acc: 0.8387
INFO:train:Epoch 48/100 	Train Loss: 1.8077, Train Acc: 1.0000	 Val Loss: 2.1042, Val Acc: 0.8387
INFO:train:Epoch 49/100 	Train Loss: 1.8024, Train Acc: 1.0000	 Val Loss: 2.1137, Val Acc: 0.8065
INFO:train:Epoch 50/100 	Train Loss: 1.8012, Train Acc: 1.0000	 Val Loss: 2.1055, Val Acc: 0.8387
INFO:train:Epoch 51/100 	Train Loss: 1.7934, Train Acc: 1.0000	 Val Loss: 2.0977, Val Acc: 0.8065
INFO:train:Epoch 52/100 	Train Loss: 1.7950, Train Acc: 1.0000	 Val Loss: 2.0968, Val Acc: 0.8065
INFO:train:Early stopping triggered after 52 epochs
INFO:plot:Saving attention map to: figures/model_accuracy.png
INFO:train:train got 64 / 64 correct, accuracy: 1.0
INFO:plot:Saving cofusion matrix map to: figures/train_confusion_matrix.png
INFO:train:train got 58 / 58 correct, accuracy: 1.0
INFO:plot:Saving cofusion matrix map to: figures/train_confusion_matrix.png
INFO:train:Total time taken evaluate on train set the model: 0.23s
INFO:train:validation got 25 / 31 correct, accuracy: 0.8064516129032258
INFO:plot:Saving cofusion matrix map to: figures/validation_confusion_matrix.png
INFO:train:Total time taken evaluate on validation set the model: 0.11s
