INFO:data:Reading dataset fish: instance-recognition
INFO:__main__:No model found. Train from scratch.
INFO:gp:   	      	                                 fitness                                 	                      size                     
   	      	-------------------------------------------------------------------------	-----------------------------------------------
gen	nevals	avg     	gen	max     	min     	nevals	std      	avg   	gen	max	min	nevals	std    
0  	1023  	0.500208	0  	0.617852	0.396713	1023  	0.0285573	3.5435	0  	7  	2  	1023  	1.40513
INFO:gp:1  	781   	0.517159	1  	0.617852	0.41135 	781   	0.0321463	3.59042	1  	10 	2  	781   	1.47689
INFO:gp:2  	766   	0.527949	2  	0.634934	0.399801	766   	0.0383289	3.85337	2  	11 	2  	766   	1.65854
INFO:gp:3  	770   	0.537476	3  	0.665116	0.386619	770   	0.0435513	3.99707	3  	11 	1  	770   	1.67349
INFO:gp:4  	755   	0.550923	4  	0.665116	0.407012	755   	0.043781 	3.99511	4  	12 	1  	755   	1.67524
INFO:gp:5  	783   	0.554172	5  	0.692577	0.399765	783   	0.0476859	3.94428	5  	12 	1  	783   	1.66319
INFO:gp:6  	785   	0.560278	6  	0.692577	0.415064	785   	0.0499471	4.08602	6  	10 	1  	785   	1.7063 
INFO:gp:7  	773   	0.569337	7  	0.692577	0.409118	773   	0.0511072	4.17302	7  	12 	1  	773   	1.83119
INFO:gp:8  	748   	0.573386	8  	0.692577	0.406138	748   	0.053335 	4.19746	8  	15 	1  	748   	1.85814
INFO:gp:9  	788   	0.574925	9  	0.692577	0.369089	788   	0.0532823	4.22678	9  	11 	1  	788   	1.79861
INFO:gp:10 	792   	0.576767	10 	0.692577	0.418407	792   	0.053023 	4.35875	10 	13 	1  	792   	1.86424
INFO:gp:11 	798   	0.578835	11 	0.692577	0.408038	798   	0.0541624	4.5347 	11 	12 	2  	798   	1.76379
INFO:gp:12 	778   	0.582011	12 	0.692577	0.429532	778   	0.0552746	4.70772	12 	13 	2  	778   	1.81274
INFO:gp:13 	749   	0.58724 	13 	0.692577	0.406175	749   	0.0553502	4.85728	13 	12 	2  	749   	1.69847
INFO:gp:14 	779   	0.585334	14 	0.692577	0.41932 	779   	0.0575969	4.93646	14 	15 	2  	779   	1.68684
INFO:gp:15 	769   	0.589122	15 	0.692577	0.405354	769   	0.0574251	5.12317	15 	11 	2  	769   	1.58884
INFO:gp:16 	799   	0.587655	16 	0.692577	0.417314	799   	0.0582822	5.31085	16 	12 	2  	799   	1.7002 
INFO:gp:17 	773   	0.591314	17 	0.692577	0.409689	773   	0.0589625	5.4956 	17 	13 	3  	773   	1.73056
INFO:gp:18 	759   	0.593411	18 	0.692577	0.442686	759   	0.0609466	5.57087	18 	13 	2  	759   	1.66401
INFO:gp:19 	764   	0.597662	19 	0.696163	0.419671	764   	0.0619686	5.83871	19 	13 	3  	764   	1.63431
INFO:gp:20 	766   	0.597914	20 	0.697438	0.410194	766   	0.0622364	5.79765	20 	13 	2  	766   	1.69212
INFO:gp:21 	793   	0.591871	21 	0.700322	0.378507	793   	0.0640033	5.93939	21 	13 	2  	793   	1.88585
INFO:gp:22 	773   	0.598243	22 	0.710708	0.391906	773   	0.0634503	6.21408	22 	14 	2  	773   	2.07723
INFO:gp:23 	756   	0.596602	23 	0.710708	0.417343	756   	0.0671278	6.38123	23 	15 	2  	756   	2.2155 
INFO:gp:24 	756   	0.604708	24 	0.710708	0.440118	756   	0.0652503	6.69892	24 	14 	2  	756   	2.4022 
INFO:gp:25 	755   	0.603147	25 	0.710708	0.392199	755   	0.0659344	6.99316	25 	15 	2  	755   	2.46995
INFO:gp:26 	762   	0.603899	26 	0.710708	0.443555	762   	0.0667416	7.02835	26 	18 	2  	762   	2.384  
INFO:gp:27 	769   	0.607265	27 	0.710708	0.384783	769   	0.0636338	7.26686	27 	20 	3  	769   	2.50008
INFO:gp:28 	747   	0.608316	28 	0.710708	0.422619	747   	0.0652827	7.26295	28 	17 	2  	747   	2.45233
INFO:gp:29 	746   	0.612521	29 	0.710708	0.444578	746   	0.0636842	7.32454	29 	16 	2  	746   	2.34182
INFO:gp:30 	770   	0.608865	30 	0.710708	0.446986	770   	0.0662043	7.35484	30 	15 	3  	770   	2.3162 
INFO:gp:31 	761   	0.611143	31 	0.710708	0.442193	761   	0.0653746	7.54448	31 	15 	2  	761   	2.27609
INFO:gp:32 	787   	0.606855	32 	0.710708	0.375849	787   	0.0669492	7.59531	32 	16 	3  	787   	2.31204
INFO:gp:33 	783   	0.612231	33 	0.710708	0.436412	783   	0.0631147	7.84555	33 	17 	2  	783   	2.25882
INFO:gp:34 	781   	0.609606	34 	0.710708	0.428007	781   	0.0660366	7.68231	34 	15 	3  	781   	2.33586
INFO:gp:35 	767   	0.61159 	35 	0.710708	0.433012	767   	0.0651876	7.71554	35 	17 	2  	767   	2.48047
INFO:gp:36 	798   	0.613462	36 	0.710708	0.416299	798   	0.0619986	7.74291	36 	17 	3  	798   	2.40953
INFO:gp:37 	768   	0.614512	37 	0.710708	0.411896	768   	0.0629314	7.87977	37 	17 	3  	768   	2.36342
INFO:gp:38 	782   	0.611908	38 	0.710708	0.428615	782   	0.0647937	7.90909	38 	16 	3  	782   	2.25859
INFO:gp:39 	782   	0.615579	39 	0.710708	0.408669	782   	0.0618306	8.14076	39 	15 	3  	782   	2.25061
INFO:gp:40 	778   	0.612692	40 	0.710708	0.45505 	778   	0.0656235	8      	40 	17 	3  	778   	2.32585
INFO:gp:41 	757   	0.615011	41 	0.717126	0.420616	757   	0.0655654	8.0694 	41 	15 	3  	757   	2.22535
INFO:gp:42 	780   	0.614545	42 	0.717126	0.449598	780   	0.0639829	8.08016	42 	20 	2  	780   	2.3587 
INFO:gp:43 	791   	0.61231 	43 	0.717126	0.424068	791   	0.0652839	8.03128	43 	17 	3  	791   	2.32185
INFO:gp:44 	785   	0.612448	44 	0.717126	0.441074	785   	0.0651565	8.01564	44 	17 	3  	785   	2.33963
INFO:gp:45 	774   	0.617652	45 	0.717126	0.398753	774   	0.0635275	8.03128	45 	16 	3  	774   	2.30919
INFO:gp:46 	756   	0.614295	46 	0.717126	0.435117	756   	0.0672579	8.11926	46 	17 	3  	756   	2.26008
INFO:gp:47 	776   	0.617733	47 	0.717126	0.458983	776   	0.0632091	8.08309	47 	16 	3  	776   	2.35963
INFO:gp:48 	755   	0.62024 	48 	0.717126	0.434981	755   	0.064445 	7.95894	48 	18 	2  	755   	2.44755
INFO:gp:49 	765   	0.617384	49 	0.717126	0.440539	765   	0.0654855	7.81818	49 	17 	3  	765   	2.50204
INFO:gp:50 	760   	0.620271	50 	0.717126	0.466651	760   	0.0631328	7.72825	50 	17 	3  	760   	2.50795
INFO:gp:51 	776   	0.617928	51 	0.717126	0.447012	776   	0.0626652	7.68817	51 	15 	3  	776   	2.52137
INFO:gp:52 	758   	0.620203	52 	0.717126	0.45877 	758   	0.0640308	7.58651	52 	16 	3  	758   	2.50943
INFO:gp:53 	751   	0.618078	53 	0.717126	0.438163	751   	0.0665217	7.55327	53 	17 	3  	751   	2.51192
INFO:gp:54 	771   	0.62045 	54 	0.717126	0.444512	771   	0.0627242	7.5826 	54 	15 	3  	771   	2.44165
INFO:gp:55 	783   	0.616346	55 	0.717126	0.442831	783   	0.0658674	7.82502	55 	19 	3  	783   	2.44982
INFO:gp:56 	777   	0.615717	56 	0.717126	0.462454	777   	0.0651668	7.84653	56 	14 	3  	777   	2.42561
INFO:gp:57 	759   	0.620673	57 	0.717126	0.437897	759   	0.063705 	7.98925	57 	17 	3  	759   	2.48414
INFO:gp:58 	770   	0.615961	58 	0.717126	0.446501	770   	0.0658737	7.94233	58 	17 	3  	770   	2.52448
INFO:gp:59 	771   	0.617564	59 	0.717126	0.466805	771   	0.0639338	7.99511	59 	16 	3  	771   	2.57459
INFO:gp:60 	807   	0.613978	60 	0.717126	0.462645	807   	0.0641972	7.90518	60 	17 	3  	807   	2.53226
INFO:gp:61 	804   	0.612579	61 	0.717126	0.456213	804   	0.0639681	7.91984	61 	16 	3  	804   	2.53025
INFO:gp:62 	782   	0.616853	62 	0.717126	0.437945	782   	0.0641277	7.81525	62 	19 	3  	782   	2.53077
INFO:gp:63 	771   	0.62007 	63 	0.717126	0.447837	771   	0.0626477	8.25024	63 	19 	3  	771   	2.63667
INFO:gp:64 	779   	0.619104	64 	0.717126	0.449697	779   	0.0626683	8.25024	64 	17 	3  	779   	2.6625 
INFO:gp:65 	769   	0.619111	65 	0.717126	0.431317	769   	0.0646155	8.08895	65 	20 	3  	769   	2.78259
INFO:gp:66 	780   	0.617737	66 	0.717126	0.37929 	780   	0.0647979	8.24633	66 	17 	3  	780   	2.6928 
INFO:gp:67 	771   	0.61437 	67 	0.717126	0.442688	771   	0.0677127	8.09384	67 	18 	3  	771   	2.76746
INFO:gp:68 	760   	0.623934	68 	0.717126	0.444937	760   	0.0622731	8.348  	68 	17 	3  	760   	2.68009
INFO:gp:69 	766   	0.618372	69 	0.717126	0.450112	766   	0.0648616	8.28935	69 	17 	3  	766   	2.66881
INFO:gp:70 	780   	0.620135	70 	0.717126	0.432464	780   	0.0628598	8.24145	70 	17 	3  	780   	2.61572
INFO:gp:71 	774   	0.621473	71 	0.717126	0.455471	774   	0.0628027	8.20723	71 	17 	3  	774   	2.8125 
INFO:gp:72 	772   	0.6186  	72 	0.717126	0.447008	772   	0.063649 	8.10459	72 	18 	3  	772   	2.77396
INFO:gp:73 	757   	0.622126	73 	0.717126	0.448452	757   	0.0643683	8.16813	73 	17 	2  	757   	2.70134
INFO:gp:74 	749   	0.622999	74 	0.717126	0.457402	749   	0.0644044	8.29814	74 	18 	3  	749   	2.74673
INFO:gp:75 	767   	0.623545	75 	0.717126	0.437438	767   	0.0635414	8.41153	75 	16 	3  	767   	2.77148
INFO:gp:76 	781   	0.620786	76 	0.717126	0.451654	781   	0.0640036	8.75367	76 	17 	3  	781   	2.71773
INFO:gp:77 	765   	0.619634	77 	0.717126	0.456665	765   	0.0654394	8.40274	77 	16 	3  	765   	2.85835
INFO:gp:78 	802   	0.618288	78 	0.717126	0.405043	802   	0.0641546	8.56012	78 	17 	3  	802   	2.8118 
INFO:gp:79 	762   	0.62357 	79 	0.717126	0.413928	762   	0.0628248	8.48778	79 	16 	3  	762   	2.7711 
INFO:gp:80 	762   	0.621228	80 	0.717126	0.44953 	762   	0.0649568	8.53079	80 	17 	3  	762   	2.85539
INFO:gp:81 	764   	0.624268	81 	0.717126	0.438307	764   	0.0629228	8.3871 	81 	19 	3  	764   	2.83993
INFO:gp:82 	792   	0.621787	82 	0.717126	0.460132	792   	0.0611896	8.6608 	82 	17 	3  	792   	2.76645
INFO:gp:83 	763   	0.619408	83 	0.717126	0.406685	763   	0.065548 	8.42033	83 	16 	3  	763   	2.72694
INFO:gp:84 	789   	0.618885	84 	0.717126	0.424006	789   	0.0642113	8.44379	84 	17 	2  	789   	2.7016 
INFO:gp:85 	784   	0.621524	85 	0.717126	0.454834	784   	0.0632229	8.4653 	85 	16 	3  	784   	2.67067
INFO:gp:86 	770   	0.620915	86 	0.717126	0.45316 	770   	0.0633683	8.49658	86 	18 	3  	770   	2.70218
INFO:gp:87 	748   	0.623671	87 	0.717126	0.449742	748   	0.0652086	8.16911	87 	18 	3  	748   	2.66246
INFO:gp:88 	780   	0.620844	88 	0.717126	0.439632	780   	0.065299 	8.17693	88 	18 	3  	780   	2.71035
INFO:gp:89 	770   	0.618571	89 	0.717126	0.450877	770   	0.0672374	7.98045	89 	18 	3  	770   	2.81137
INFO:gp:90 	771   	0.622948	90 	0.717126	0.453593	771   	0.0634903	7.77419	90 	18 	3  	771   	2.67329
INFO:gp:91 	802   	0.617569	91 	0.717126	0.446845	802   	0.0659918	7.63245	91 	16 	3  	802   	2.61356
INFO:gp:92 	789   	0.618756	92 	0.717126	0.428012	789   	0.0647112	7.73216	92 	17 	3  	789   	2.6081 
INFO:gp:93 	791   	0.618384	93 	0.717126	0.41702 	791   	0.0645477	7.79863	93 	19 	3  	791   	2.68126
INFO:gp:94 	790   	0.621169	94 	0.717126	0.435053	790   	0.0613918	8.00489	94 	18 	3  	790   	2.62981
INFO:gp:95 	785   	0.618875	95 	0.717126	0.434979	785   	0.0640808	7.89932	95 	16 	3  	785   	2.6831 
INFO:gp:96 	797   	0.613566	96 	0.717126	0.449283	797   	0.066367 	8.08113	96 	18 	3  	797   	2.79405
INFO:gp:97 	783   	0.617392	97 	0.717126	0.437477	783   	0.0653892	8.14174	97 	17 	3  	783   	2.779  
INFO:gp:98 	797   	0.616496	98 	0.717126	0.464114	797   	0.0643591	8.13978	98 	18 	3  	797   	2.83929
INFO:gp:99 	778   	0.621827	99 	0.717126	0.419723	778   	0.0623556	8.38123	99 	17 	3  	778   	2.79528
INFO:gp:100	777   	0.620552	100	0.717126	0.425257	777   	0.0643787	8.27273	100	18 	3  	777   	2.79521
INFO:gp:101	772   	0.621875	101	0.717126	0.45718 	772   	0.0624517	8.29423	101	18 	3  	772   	2.84642
INFO:gp:102	763   	0.622225	102	0.717126	0.396262	763   	0.0643348	8.43011	102	17 	3  	763   	2.66044
INFO:gp:103	793   	0.622457	103	0.717126	0.424073	793   	0.0630554	8.43109	103	19 	3  	793   	2.74973
INFO:gp:104	787   	0.620797	104	0.717126	0.443468	787   	0.0644466	8.37146	104	19 	3  	787   	2.84614
INFO:gp:105	779   	0.61913 	105	0.717126	0.452833	779   	0.0662095	8.37048	105	17 	3  	779   	2.83578
INFO:gp:106	757   	0.623332	106	0.717126	0.434772	757   	0.0640799	8.35288	106	17 	3  	757   	2.90037
INFO:gp:107	768   	0.622679	107	0.717126	0.456341	768   	0.0657326	8.24242	107	18 	3  	768   	2.8869 
INFO:gp:108	783   	0.62095 	108	0.718054	0.441325	783   	0.0657624	7.92962	108	18 	3  	783   	2.90227
INFO:gp:109	766   	0.622855	109	0.718054	0.457669	766   	0.0662468	8.03324	109	17 	3  	766   	2.82927
INFO:gp:110	768   	0.620583	110	0.718054	0.449211	768   	0.0663887	8.02248	110	17 	3  	768   	2.85842
INFO:gp:111	745   	0.624122	111	0.718054	0.453836	745   	0.0650477	8.22678	111	20 	3  	745   	2.83419
INFO:gp:112	775   	0.622064	112	0.718054	0.435292	775   	0.0654891	8.42815	112	18 	3  	775   	2.82436
INFO:gp:113	792   	0.621692	113	0.718849	0.446539	792   	0.0642195	8.21896	113	17 	3  	792   	2.81647
INFO:gp:114	759   	0.622894	114	0.718849	0.465353	759   	0.0646057	8.35582	114	20 	3  	759   	2.88666
INFO:gp:115	815   	0.617762	115	0.723296	0.457044	815   	0.0653311	8.36657	115	18 	3  	815   	2.84661
INFO:gp:116	796   	0.620234	116	0.723296	0.459518	796   	0.0627628	8.43891	116	17 	3  	796   	2.8573 
INFO:gp:117	768   	0.622114	117	0.723296	0.459211	768   	0.0650252	8.45455	117	17 	3  	768   	2.91248
INFO:gp:118	767   	0.620418	118	0.723296	0.425505	767   	0.0676405	8.55816	118	19 	3  	767   	2.82951
INFO:gp:119	777   	0.622289	119	0.723296	0.446634	777   	0.0639498	8.60802	119	16 	3  	777   	2.77501
INFO:gp:120	756   	0.625869	120	0.723296	0.440039	756   	0.0638017	8.62952	120	18 	3  	756   	2.78499
INFO:gp:121	792   	0.622727	121	0.723296	0.426331	792   	0.0647436	8.88759	121	17 	3  	792   	2.77752
INFO:gp:122	765   	0.622394	122	0.723296	0.453505	765   	0.0653673	8.56403	122	19 	3  	765   	2.94219
INFO:gp:123	776   	0.620573	123	0.723296	0.445201	776   	0.0657083	8.6217 	123	17 	3  	776   	2.81363
INFO:gp:124	775   	0.622353	124	0.723296	0.431194	775   	0.0641422	8.72825	124	18 	3  	775   	2.8247 
INFO:gp:125	773   	0.62435 	125	0.723296	0.462371	773   	0.0635363	8.63539	125	17 	3  	773   	2.81578
INFO:gp:126	770   	0.620828	126	0.723296	0.442143	770   	0.0670333	8.82014	126	19 	3  	770   	2.8182 
INFO:gp:127	768   	0.623826	127	0.723296	0.445351	768   	0.0636577	9.06061	127	19 	3  	768   	2.76238
INFO:gp:128	749   	0.627822	128	0.723296	0.417964	749   	0.0627307	9.09677	128	18 	3  	749   	2.8169 
INFO:gp:129	757   	0.625027	129	0.723296	0.447378	757   	0.0641807	9.03324	129	18 	3  	757   	2.85472
INFO:gp:130	791   	0.619522	130	0.723296	0.429983	791   	0.0650717	9.08798	130	17 	3  	791   	2.72063
INFO:gp:131	790   	0.620737	131	0.723296	0.427062	790   	0.0639222	8.96383	131	19 	3  	790   	2.66024
INFO:gp:132	789   	0.623084	132	0.723296	0.451242	789   	0.0635486	9.2131 	132	17 	3  	789   	2.62285
INFO:gp:133	772   	0.623758	133	0.723296	0.431819	772   	0.0629662	9.50538	133	19 	3  	772   	2.70399
INFO:gp:134	771   	0.622204	134	0.723296	0.449004	771   	0.064345 	9.10655	134	19 	3  	771   	2.62766
INFO:gp:135	780   	0.623623	135	0.723296	0.436367	780   	0.0626356	9.02542	135	19 	3  	780   	2.64914
INFO:gp:136	774   	0.620992	136	0.723296	0.445456	774   	0.0668849	9.02835	136	17 	3  	774   	2.62035
INFO:gp:137	783   	0.621302	137	0.723296	0.449785	783   	0.0645324	9.13783	137	18 	3  	783   	2.59286
INFO:gp:138	778   	0.622311	138	0.723296	0.455742	778   	0.0660429	9.12708	138	17 	3  	778   	2.54682
INFO:gp:139	745   	0.627397	139	0.723296	0.464675	745   	0.064163 	9.21896	139	17 	3  	745   	2.56546
INFO:gp:140	769   	0.623664	140	0.723296	0.442012	769   	0.0663262	9.42913	140	17 	3  	769   	2.5455 
INFO:gp:141	780   	0.624036	141	0.723296	0.447578	780   	0.0641394	9.35875	141	19 	3  	780   	2.56858
INFO:gp:142	772   	0.622656	142	0.723296	0.4502  	772   	0.0650725	9.11241	142	18 	3  	772   	2.68045
INFO:gp:143	777   	0.62338 	143	0.723296	0.445768	777   	0.0663097	9.16911	143	17 	3  	777   	2.68549
INFO:gp:144	804   	0.620319	144	0.723296	0.450944	804   	0.0653828	9.02151	144	18 	3  	804   	2.61014
INFO:gp:145	789   	0.620709	145	0.723296	0.44789 	789   	0.0648559	8.95601	145	17 	3  	789   	2.61491
INFO:gp:146	772   	0.619777	146	0.723296	0.453108	772   	0.0662123	8.9609 	146	18 	3  	772   	2.62189
INFO:gp:147	770   	0.622184	147	0.723296	0.44993 	770   	0.0650657	8.86022	147	19 	3  	770   	2.70458
INFO:gp:148	768   	0.623139	148	0.723296	0.436246	768   	0.065774 	8.90909	148	18 	3  	768   	2.59907
INFO:gp:149	757   	0.628414	149	0.723296	0.447455	757   	0.0640265	8.95308	149	18 	3  	757   	2.51481
INFO:gp:150	770   	0.623442	150	0.723296	0.456345	770   	0.0665689	8.97947	150	16 	3  	770   	2.47777
INFO:gp:151	790   	0.621979	151	0.723296	0.462843	790   	0.0659477	9.06061	151	20 	3  	790   	2.46386
INFO:gp:152	756   	0.626926	152	0.723296	0.462744	756   	0.0648041	8.93646	152	19 	3  	756   	2.50374
INFO:gp:153	765   	0.626729	153	0.723296	0.415402	765   	0.0653837	8.92766	153	18 	3  	765   	2.53396
INFO:gp:154	769   	0.623365	154	0.723296	0.442393	769   	0.0656438	8.93646	154	19 	3  	769   	2.47428
INFO:gp:155	780   	0.622017	155	0.723296	0.432434	780   	0.0660614	9.00293	155	17 	3  	780   	2.54404
INFO:gp:156	770   	0.623247	156	0.723296	0.446774	770   	0.0648901	9.15738	156	18 	3  	770   	2.54762
INFO:gp:157	765   	0.625575	157	0.723296	0.45961 	765   	0.0645753	9.09384	157	18 	3  	765   	2.56585
INFO:gp:158	766   	0.626945	158	0.723296	0.461527	766   	0.0642848	8.71359	158	20 	3  	766   	2.5479 
INFO:gp:159	783   	0.622342	159	0.723296	0.436554	783   	0.0660425	8.77126	159	18 	3  	783   	2.50717
INFO:gp:160	787   	0.619918	160	0.723296	0.459178	787   	0.0668053	8.8827 	160	19 	3  	787   	2.69824
INFO:gp:161	758   	0.626399	161	0.723296	0.426675	758   	0.0647905	8.9609 	161	18 	3  	758   	2.59453
INFO:gp:162	766   	0.624369	162	0.723296	0.443317	766   	0.0659295	9.03421	162	18 	3  	766   	2.51055
INFO:gp:163	775   	0.624128	163	0.723296	0.462033	775   	0.0643893	8.9609 	163	19 	3  	775   	2.52929
INFO:gp:164	795   	0.622756	164	0.723296	0.462304	795   	0.0632962	9.07429	164	18 	3  	795   	2.50246
INFO:gp:165	768   	0.624192	165	0.723296	0.446547	768   	0.0640067	8.84946	165	18 	3  	768   	2.61823
INFO:gp:166	784   	0.625227	166	0.723296	0.408526	784   	0.0616266	8.90909	166	16 	3  	784   	2.63493
INFO:gp:167	798   	0.6236  	167	0.723296	0.408785	798   	0.0605559	9.02248	167	19 	3  	798   	2.56956
INFO:gp:168	759   	0.624971	168	0.723296	0.449034	759   	0.0639857	9.00293	168	19 	3  	759   	2.51933
INFO:gp:169	820   	0.621565	169	0.723296	0.452385	820   	0.0619967	9.03324	169	16 	3  	820   	2.57305
INFO:gp:170	776   	0.620141	170	0.723296	0.470438	776   	0.0655977	9.16422	170	18 	3  	776   	2.58698
INFO:gp:171	775   	0.621127	171	0.723296	0.418894	775   	0.06598  	9.12219	171	16 	3  	775   	2.58723
INFO:gp:172	748   	0.62708 	172	0.723296	0.416824	748   	0.0649104	9.07527	172	19 	3  	748   	2.7194 
INFO:gp:173	745   	0.628254	173	0.723296	0.444502	745   	0.0658302	8.7957 	173	18 	3  	745   	2.75317
INFO:gp:174	786   	0.624934	174	0.723296	0.41566 	786   	0.0641675	9.13099	174	19 	3  	786   	2.77195
INFO:gp:175	797   	0.620615	175	0.723296	0.458611	797   	0.0658751	8.96481	175	17 	3  	797   	2.78642
INFO:gp:176	772   	0.622101	176	0.723296	0.44076 	772   	0.0659601	8.87977	176	17 	3  	772   	2.80068
INFO:gp:177	777   	0.62277 	177	0.723296	0.46125 	777   	0.0651201	8.81232	177	17 	3  	777   	2.76904
INFO:gp:178	785   	0.622715	178	0.723296	0.430209	785   	0.0651946	8.88563	178	19 	3  	785   	2.82456
INFO:gp:179	777   	0.624267	179	0.723296	0.422957	777   	0.0657228	8.80743	179	16 	3  	777   	2.72404
INFO:gp:180	756   	0.627123	180	0.723296	0.411163	756   	0.0641863	8.83773	180	18 	3  	756   	2.6901 
INFO:gp:181	758   	0.623568	181	0.723296	0.403085	758   	0.0674773	8.9433 	181	15 	3  	758   	2.59873
INFO:gp:182	775   	0.626847	182	0.723296	0.446264	775   	0.0621414	9.06256	182	16 	3  	775   	2.55573
INFO:gp:183	754   	0.625416	183	0.723296	0.431166	754   	0.0644883	8.92473	183	19 	3  	754   	2.6395 
INFO:gp:184	777   	0.626506	184	0.723296	0.452637	777   	0.0636591	9.1349 	184	18 	3  	777   	2.62468
INFO:gp:185	782   	0.622131	185	0.723296	0.427627	782   	0.0646083	9.04594	185	17 	3  	782   	2.64941
INFO:gp:186	771   	0.624249	186	0.723296	0.456912	771   	0.065198 	9.20821	186	16 	3  	771   	2.73042
INFO:gp:187	787   	0.624506	187	0.723296	0.45866 	787   	0.0634141	9.09971	187	18 	3  	787   	2.78275
INFO:gp:188	741   	0.625469	188	0.723296	0.438506	741   	0.0667272	9.12512	188	19 	3  	741   	2.72026
INFO:gp:189	777   	0.625764	189	0.723296	0.383937	777   	0.0643426	9.07429	189	17 	3  	777   	2.63897
INFO:gp:190	753   	0.624234	190	0.723296	0.448844	753   	0.0667339	9.05963	190	18 	3  	753   	2.74091
INFO:gp:191	745   	0.62838 	191	0.723296	0.452961	745   	0.0659406	9.32063	191	17 	3  	745   	2.6645 
INFO:gp:192	775   	0.624876	192	0.723296	0.4292  	775   	0.063948 	9.50538	192	17 	3  	775   	2.69856
INFO:gp:193	772   	0.627982	193	0.723296	0.449156	772   	0.0620633	9.56794	193	18 	3  	772   	2.77452
INFO:gp:194	761   	0.627815	194	0.723296	0.456005	761   	0.0645349	9.4956 	194	18 	3  	761   	2.78835
INFO:gp:195	779   	0.624155	195	0.73017 	0.42301 	779   	0.0646232	9.36657	195	17 	3  	779   	2.75552
INFO:gp:196	764   	0.625677	196	0.73017 	0.436569	764   	0.0655502	9.17791	196	17 	3  	764   	2.75589
INFO:gp:197	793   	0.623158	197	0.73017 	0.4225  	793   	0.0646311	9.24536	197	18 	3  	793   	2.63249
INFO:gp:198	771   	0.622428	198	0.73017 	0.44437 	771   	0.0668112	9.37634	198	19 	3  	771   	2.74389
INFO:gp:199	771   	0.627289	199	0.73017 	0.447967	771   	0.0644705	9.39101	199	18 	3  	771   	2.65066
INFO:gp:200	784   	0.623034	200	0.73017 	0.460467	784   	0.0654949	9.4868 	200	17 	3  	784   	2.73845
INFO:gp:201	783   	0.623283	201	0.73017 	0.448442	783   	0.0649558	9.44184	201	19 	3  	783   	2.72677
INFO:gp:202	759   	0.622211	202	0.73017 	0.451829	759   	0.0683195	9.31183	202	19 	3  	759   	2.72592
INFO:gp:203	804   	0.621041	203	0.73017 	0.443365	804   	0.064651 	9.28152	203	17 	3  	804   	2.73404
INFO:gp:204	768   	0.627509	204	0.73017 	0.455821	768   	0.0625758	9.22678	204	17 	3  	768   	2.71367
INFO:gp:205	755   	0.628073	205	0.73017 	0.449285	755   	0.0648957	9.1173 	205	19 	3  	755   	2.7353 
INFO:gp:206	775   	0.625983	206	0.73017 	0.407256	775   	0.065828 	8.92375	206	19 	3  	775   	2.69209
INFO:gp:207	792   	0.619086	207	0.73017 	0.45013 	792   	0.06786  	8.78299	207	17 	3  	792   	2.76619
INFO:gp:208	783   	0.622607	208	0.73017 	0.379142	783   	0.06661  	8.83969	208	19 	3  	783   	2.84217
INFO:gp:209	764   	0.625738	209	0.73017 	0.427545	764   	0.0658189	8.9912 	209	18 	3  	764   	2.80777
INFO:gp:210	764   	0.628247	210	0.73017 	0.441372	764   	0.0632618	9.05083	210	17 	3  	764   	2.78021
INFO:gp:211	764   	0.625598	211	0.73017 	0.427973	764   	0.0667106	9.2346 	211	19 	3  	764   	2.70362
INFO:gp:212	784   	0.624058	212	0.73017 	0.44138 	784   	0.065024 	9.09482	212	17 	3  	784   	2.67383
INFO:gp:213	758   	0.624694	213	0.73017 	0.467524	758   	0.0678022	9.05279	213	20 	3  	758   	2.70063
INFO:gp:214	799   	0.62263 	214	0.73017 	0.456066	799   	0.0654697	9.30499	214	18 	3  	799   	2.60589
INFO:gp:215	790   	0.622613	215	0.73017 	0.449078	790   	0.0650294	9.05963	215	17 	3  	790   	2.65283
INFO:gp:216	780   	0.623914	216	0.73017 	0.453577	780   	0.0643382	9.13881	216	17 	3  	780   	2.58318
INFO:gp:217	776   	0.625894	217	0.73017 	0.440577	776   	0.0647433	9.20137	217	22 	3  	776   	2.64935
INFO:gp:218	767   	0.622338	218	0.73017 	0.454518	767   	0.0684671	9.14858	218	21 	3  	767   	2.57771
INFO:gp:219	769   	0.624242	219	0.73017 	0.457772	769   	0.06577  	9.18768	219	18 	3  	769   	2.63705
INFO:gp:220	789   	0.624143	220	0.73017 	0.442836	789   	0.063276 	9.2219 	220	19 	3  	789   	2.68019
INFO:gp:221	785   	0.62289 	221	0.73017 	0.457317	785   	0.0660799	9.10166	221	19 	3  	785   	2.57088
INFO:gp:222	793   	0.623095	222	0.73017 	0.426191	793   	0.0648442	8.83773	222	19 	3  	793   	2.6627 
INFO:gp:223	757   	0.6259  	223	0.73017 	0.450882	757   	0.0649997	9.13196	223	19 	3  	757   	2.59844
INFO:gp:224	785   	0.623836	224	0.73017 	0.435206	785   	0.0635372	9.15054	224	18 	3  	785   	2.63535
INFO:gp:225	737   	0.626234	225	0.73017 	0.45183 	737   	0.0672331	9.25611	225	17 	3  	737   	2.63833
INFO:gp:226	776   	0.627479	226	0.73017 	0.442006	776   	0.0639604	9.11046	226	17 	3  	776   	2.60545
INFO:gp:227	773   	0.626051	227	0.73017 	0.457293	773   	0.0651953	9.00391	227	18 	3  	773   	2.54768
INFO:gp:228	775   	0.625155	228	0.73017 	0.434115	775   	0.0642492	8.9042 	228	17 	3  	775   	2.51031
INFO:gp:229	800   	0.624533	229	0.73017 	0.425234	800   	0.0653961	8.77028	229	17 	3  	800   	2.58521
INFO:gp:230	797   	0.623194	230	0.73017 	0.460414	797   	0.0639577	8.9433 	230	18 	3  	797   	2.46752
INFO:gp:231	754   	0.624506	231	0.73017 	0.448311	754   	0.0658264	9.06256	231	19 	3  	754   	2.54615
INFO:gp:232	775   	0.624849	232	0.73017 	0.447848	775   	0.06593  	9.1085 	232	18 	3  	775   	2.65644
INFO:gp:233	779   	0.624841	233	0.73017 	0.463555	779   	0.0652025	9.24438	233	17 	3  	779   	2.56659
INFO:gp:234	787   	0.622739	234	0.73017 	0.431207	787   	0.0653189	8.96774	234	18 	3  	787   	2.67824
INFO:gp:235	784   	0.624548	235	0.73017 	0.435835	784   	0.0644415	9.00684	235	17 	3  	784   	2.50999
INFO:gp:236	766   	0.625383	236	0.73017 	0.460553	766   	0.0654742	9.02933	236	17 	3  	766   	2.5613 
INFO:gp:237	751   	0.625514	237	0.73017 	0.442671	751   	0.0673902	9.08798	237	19 	3  	751   	2.64706
INFO:gp:238	789   	0.624113	238	0.73017 	0.432898	789   	0.0650029	9.04497	238	18 	3  	789   	2.73815
INFO:gp:239	778   	0.623031	239	0.73017 	0.460779	778   	0.0645895	9.11437	239	18 	3  	778   	2.79743
INFO:gp:240	794   	0.617549	240	0.73017 	0.463251	794   	0.0664228	8.8739 	240	17 	3  	794   	2.79413
INFO:gp:241	779   	0.624764	241	0.73017 	0.421528	779   	0.0660843	9.15738	241	17 	3  	779   	2.78483
INFO:gp:242	786   	0.623881	242	0.73017 	0.428867	786   	0.0640172	8.75758	242	17 	3  	786   	2.81802
INFO:gp:243	748   	0.628515	243	0.73017 	0.429943	748   	0.0651127	8.66276	243	18 	3  	748   	2.71786
INFO:gp:244	750   	0.627135	244	0.73017 	0.459461	750   	0.0679925	8.77615	244	16 	3  	750   	2.64219
INFO:gp:245	769   	0.626162	245	0.73017 	0.450038	769   	0.0665353	8.86217	245	19 	3  	769   	2.62099
INFO:gp:246	760   	0.628859	246	0.73017 	0.42496 	760   	0.0645885	9.04497	246	17 	3  	760   	2.61993
INFO:gp:247	791   	0.622458	247	0.73017 	0.466267	791   	0.066993 	9.01075	247	18 	3  	791   	2.62719
INFO:gp:248	796   	0.622182	248	0.73017 	0.439393	796   	0.0657858	9.3392 	248	21 	3  	796   	2.65319
INFO:gp:249	759   	0.630251	249	0.73017 	0.418619	759   	0.0651502	9.36657	249	17 	3  	759   	2.49957
INFO:gp:250	790   	0.623515	250	0.73017 	0.420514	790   	0.0662497	9.21603	250	17 	3  	790   	2.41801
INFO:gp:251	771   	0.624881	251	0.73017 	0.435707	771   	0.0664075	9.25415	251	18 	3  	771   	2.46538
INFO:gp:252	752   	0.629797	252	0.73017 	0.440815	752   	0.0634227	9.23069	252	17 	3  	752   	2.58455
INFO:gp:253	775   	0.622627	253	0.73017 	0.421147	775   	0.0668935	9.34311	253	19 	3  	775   	2.5029 
INFO:gp:254	777   	0.623788	254	0.73017 	0.458207	777   	0.064792 	9.1652 	254	18 	3  	777   	2.53867
INFO:gp:255	735   	0.631078	255	0.73017 	0.457441	735   	0.0641051	9.23754	255	17 	3  	735   	2.51744
INFO:gp:256	757   	0.626659	256	0.73017 	0.425979	757   	0.0667496	9.44575	256	16 	3  	757   	2.46475
INFO:gp:257	748   	0.628706	257	0.73017 	0.44078 	748   	0.066117 	9.42326	257	17 	3  	748   	2.52954
INFO:gp:258	755   	0.62856 	258	0.73017 	0.457511	755   	0.0664536	9.48485	258	18 	3  	755   	2.47322
INFO:gp:259	771   	0.627066	259	0.73017 	0.439666	771   	0.0658707	9.47019	259	18 	3  	771   	2.53091
INFO:gp:260	763   	0.623859	260	0.73017 	0.460422	763   	0.0674108	9.61388	260	17 	3  	763   	2.47736
INFO:gp:261	795   	0.622592	261	0.73017 	0.44206 	795   	0.0655425	9.48876	261	17 	3  	795   	2.5925 
INFO:gp:262	752   	0.627302	262	0.73017 	0.455274	752   	0.0661873	9.31085	262	17 	3  	752   	2.54445
INFO:gp:263	775   	0.626242	263	0.73017 	0.461609	775   	0.0656011	9.42815	263	18 	3  	775   	2.45596
INFO:gp:264	783   	0.62473 	264	0.73017 	0.406331	783   	0.0652251	9.29814	264	17 	3  	783   	2.45747
INFO:gp:265	766   	0.62637 	265	0.73017 	0.450078	766   	0.0663983	9.3607 	265	18 	3  	766   	2.53227
INFO:gp:266	793   	0.620164	266	0.73017 	0.446833	793   	0.0669088	9.4868 	266	17 	3  	793   	2.47837
INFO:gp:267	765   	0.626274	267	0.73017 	0.453683	765   	0.0658273	9.30108	267	19 	3  	765   	2.52287
INFO:gp:268	749   	0.625997	268	0.73017 	0.447555	749   	0.0676193	9.16031	268	19 	3  	749   	2.53108
INFO:gp:269	773   	0.627081	269	0.73017 	0.464483	773   	0.0646992	9.32454	269	21 	3  	773   	2.70517
INFO:gp:270	771   	0.62392 	270	0.73017 	0.448136	771   	0.0686026	9.3998 	270	23 	3  	771   	2.65248
INFO:gp:271	771   	0.628322	271	0.73017 	0.45868 	771   	0.0642632	9.54154	271	17 	3  	771   	2.43026
INFO:gp:272	777   	0.625463	272	0.73017 	0.431997	777   	0.0661424	9.60215	272	16 	3  	777   	2.46601
INFO:gp:273	753   	0.62983 	273	0.73017 	0.453719	753   	0.0646144	9.62463	273	17 	3  	753   	2.3683 
INFO:gp:274	796   	0.623675	274	0.73017 	0.465158	796   	0.0663318	9.54154	274	19 	3  	796   	2.51641
INFO:gp:275	751   	0.629093	275	0.73017 	0.441918	751   	0.0648815	9.51124	275	18 	3  	751   	2.48782
INFO:gp:276	787   	0.623966	276	0.73017 	0.435598	787   	0.065697 	9.4653 	276	19 	3  	787   	2.56614
INFO:gp:277	775   	0.627946	277	0.73017 	0.460484	775   	0.0635032	9.38416	277	18 	3  	775   	2.45547
INFO:gp:278	781   	0.625919	278	0.73017 	0.464047	781   	0.065658 	9.47605	278	17 	3  	781   	2.52401
INFO:gp:279	765   	0.62635 	279	0.73017 	0.423255	765   	0.0675122	9.3695 	279	24 	3  	765   	2.54007
INFO:gp:280	769   	0.624246	280	0.73017 	0.444643	769   	0.0680204	9.6217 	280	18 	3  	769   	2.55814
INFO:gp:281	773   	0.626251	281	0.73017 	0.413607	773   	0.0659222	9.57087	281	19 	3  	773   	2.53511
INFO:gp:282	764   	0.627786	282	0.73017 	0.434044	764   	0.0650359	9.45161	282	18 	3  	764   	2.42812
INFO:gp:283	778   	0.627543	283	0.73017 	0.467307	778   	0.0641871	9.33333	283	16 	3  	778   	2.33494
INFO:gp:284	777   	0.626409	284	0.73017 	0.450593	777   	0.0653813	9.47605	284	17 	3  	777   	2.50925
INFO:gp:285	748   	0.6267  	285	0.73017 	0.402458	748   	0.067897 	9.42131	285	18 	3  	748   	2.50618
INFO:gp:286	792   	0.62582 	286	0.73017 	0.449217	792   	0.0650258	9.30987	286	19 	3  	792   	2.57455
INFO:gp:287	796   	0.623531	287	0.73017 	0.423036	796   	0.0656362	9.44477	287	19 	3  	796   	2.50993
INFO:gp:288	751   	0.629316	288	0.73017 	0.437291	751   	0.0638081	9.56598	288	19 	3  	751   	2.49129
INFO:gp:289	781   	0.623898	289	0.73017 	0.430552	781   	0.0662024	9.50929	289	17 	3  	781   	2.57396
INFO:gp:290	771   	0.626868	290	0.73017 	0.451981	771   	0.0660984	9.49071	290	19 	3  	771   	2.50037
INFO:gp:291	760   	0.625686	291	0.73017 	0.453452	760   	0.0679905	9.47507	291	19 	3  	760   	2.59202
INFO:gp:292	776   	0.62474 	292	0.73017 	0.443307	776   	0.0663117	9.48094	292	19 	3  	776   	2.52831
INFO:gp:293	795   	0.623853	293	0.73017 	0.436988	795   	0.0655228	9.38025	293	17 	3  	795   	2.5406 
INFO:gp:294	762   	0.622709	294	0.73017 	0.457272	762   	0.0685494	9.36461	294	18 	3  	762   	2.58066
INFO:gp:295	781   	0.624124	295	0.73017 	0.392353	781   	0.0671896	9.28739	295	18 	3  	781   	2.58076
INFO:gp:296	777   	0.625141	296	0.73017 	0.440246	777   	0.0659452	9.29912	296	18 	3  	777   	2.45636
INFO:gp:297	764   	0.624502	297	0.73017 	0.415967	764   	0.0679195	9.16031	297	19 	3  	764   	2.55376
INFO:gp:298	783   	0.623413	298	0.73017 	0.437298	783   	0.0673321	9.23558	298	17 	3  	783   	2.56989
INFO:gp:299	781   	0.625939	299	0.73017 	0.462922	781   	0.066016 	9.42229	299	19 	3  	781   	2.54415
INFO:gp:300	796   	0.625528	300	0.73017 	0.454118	796   	0.0645272	9.15249	300	16 	3  	796   	2.35845
INFO:gp:301	779   	0.625935	301	0.73017 	0.445385	779   	0.0655159	9.14272	301	17 	3  	779   	2.42365
INFO:gp:302	785   	0.624167	302	0.73017 	0.454266	785   	0.0654308	9.31281	302	17 	3  	785   	2.43947
INFO:gp:303	777   	0.625845	303	0.73017 	0.411307	777   	0.0657906	9.12414	303	15 	3  	777   	2.44654
INFO:gp:304	776   	0.626074	304	0.73017 	0.441975	776   	0.0669679	9.29814	304	20 	3  	776   	2.56757
INFO:gp:305	775   	0.627536	305	0.73017 	0.448551	775   	0.0655491	9.22678	305	21 	3  	775   	2.47557
INFO:gp:306	784   	0.625574	306	0.73017 	0.453876	784   	0.067664 	9.41838	306	17 	3  	784   	2.30409
INFO:gp:307	780   	0.626193	307	0.73017 	0.449083	780   	0.0659528	9.47312	307	17 	3  	780   	2.33989
INFO:gp:308	784   	0.624373	308	0.73017 	0.427528	784   	0.0664222	9.50831	308	17 	3  	784   	2.34003
INFO:gp:309	783   	0.626305	309	0.73017 	0.447358	783   	0.0641582	9.49365	309	19 	3  	783   	2.47168
INFO:gp:310	797   	0.624034	310	0.73017 	0.452204	797   	0.0672696	9.42717	310	19 	3  	797   	2.41782
INFO:gp:311	765   	0.623797	311	0.73017 	0.434217	765   	0.0690454	9.67937	311	20 	3  	765   	2.47783
INFO:gp:312	773   	0.627037	312	0.73017 	0.452578	773   	0.0660439	9.60117	312	19 	3  	773   	2.38094
INFO:gp:313	768   	0.624916	313	0.73017 	0.452588	768   	0.067178 	9.71554	313	17 	3  	768   	2.43513
INFO:gp:314	751   	0.626039	314	0.73017 	0.413721	751   	0.0677567	9.53666	314	17 	3  	751   	2.32635
INFO:gp:315	780   	0.624005	315	0.73017 	0.452925	780   	0.0683807	9.45161	315	16 	3  	780   	2.31349
INFO:gp:316	788   	0.622775	316	0.73017 	0.45014 	788   	0.0686629	9.44868	316	18 	4  	788   	2.34157
INFO:gp:317	776   	0.623074	317	0.73017 	0.403278	776   	0.0675695	9.38905	317	18 	4  	776   	2.3395 
INFO:gp:318	764   	0.627423	318	0.73017 	0.410768	764   	0.066526 	9.38807	318	19 	3  	764   	2.44928
INFO:gp:319	761   	0.622473	319	0.73017 	0.446081	761   	0.0711178	9.37048	319	18 	4  	761   	2.49703
INFO:gp:320	777   	0.625139	320	0.73017 	0.457925	777   	0.0670663	9.29619	320	18 	3  	777   	2.45293
INFO:gp:321	778   	0.625658	321	0.73017 	0.412983	778   	0.0656758	9.19941	321	18 	3  	778   	2.3916 
INFO:gp:322	771   	0.620088	322	0.73017 	0.458522	771   	0.0713235	9.30205	322	20 	3  	771   	2.61652
INFO:gp:323	773   	0.623407	323	0.73017 	0.454493	773   	0.0681891	9.23069	323	20 	3  	773   	2.58796
INFO:gp:324	773   	0.624911	324	0.73017 	0.464083	773   	0.0670754	9.04203	324	17 	3  	773   	2.5182 
INFO:gp:325	782   	0.622397	325	0.73017 	0.450259	782   	0.0677097	9.34018	325	18 	3  	782   	2.58116
INFO:gp:326	782   	0.623984	326	0.73017 	0.459038	782   	0.0675821	9.39198	326	20 	3  	782   	2.47249
INFO:gp:327	743   	0.629924	327	0.73017 	0.409993	743   	0.0670806	9.29912	327	19 	3  	743   	2.48051
INFO:gp:328	769   	0.626245	328	0.73017 	0.435425	769   	0.0685202	9.28739	328	18 	4  	769   	2.45298
INFO:gp:329	789   	0.625535	329	0.73017 	0.46625 	789   	0.0655581	9.37732	329	17 	3  	789   	2.44916
INFO:gp:330	760   	0.624083	330	0.73017 	0.418167	760   	0.0685704	9.53568	330	17 	3  	760   	2.42954
INFO:gp:331	761   	0.630239	331	0.73017 	0.451405	761   	0.0649937	9.60899	331	18 	4  	761   	2.39084
INFO:gp:332	782   	0.625191	332	0.73017 	0.374832	782   	0.0666091	9.39589	332	17 	4  	782   	2.38942
INFO:gp:333	748   	0.625386	333	0.73017 	0.458376	748   	0.0691646	9.37732	333	19 	3  	748   	2.36675
INFO:gp:334	741   	0.631761	334	0.73017 	0.466798	741   	0.0656065	9.20626	334	18 	3  	741   	2.38509
INFO:gp:335	782   	0.625611	335	0.73017 	0.425653	782   	0.0674149	9.18768	335	18 	3  	782   	2.44948
INFO:gp:336	769   	0.626339	336	0.73017 	0.451385	769   	0.0683925	9.26197	336	21 	3  	769   	2.41974
INFO:gp:337	782   	0.624906	337	0.73017 	0.455693	782   	0.0661137	9.25611	337	19 	3  	782   	2.48493
INFO:gp:338	779   	0.626382	338	0.73017 	0.429353	779   	0.0651171	9.39492	338	18 	3  	779   	2.43918
INFO:gp:339	779   	0.627532	339	0.73017 	0.464831	779   	0.0646413	9.47996	339	19 	3  	779   	2.51162
INFO:gp:340	771   	0.62503 	340	0.73017 	0.395831	771   	0.0679357	9.52688	340	18 	3  	771   	2.50259
INFO:gp:341	775   	0.626412	341	0.73017 	0.459449	775   	0.0648601	9.52297	341	18 	3  	775   	2.46762
INFO:gp:342	781   	0.624399	342	0.73017 	0.419458	781   	0.0664918	9.41544	342	17 	3  	781   	2.43557
INFO:gp:343	769   	0.624182	343	0.73017 	0.447291	769   	0.0686624	9.46139	343	18 	3  	769   	2.45671
INFO:gp:344	770   	0.624807	344	0.73017 	0.459397	770   	0.067569 	9.52102	344	17 	3  	770   	2.49012
INFO:gp:345	777   	0.624739	345	0.73017 	0.46331 	777   	0.0647109	9.54154	345	18 	3  	777   	2.56299
INFO:gp:346	773   	0.626182	346	0.73017 	0.465219	773   	0.0654902	9.49071	346	19 	3  	773   	2.57168
INFO:gp:347	774   	0.624838	347	0.73017 	0.439699	774   	0.0670447	9.36168	347	19 	4  	774   	2.53117
INFO:gp:348	760   	0.627599	348	0.73017 	0.403704	760   	0.0682647	9.26979	348	18 	3  	760   	2.58568
INFO:gp:349	784   	0.624824	349	0.73017 	0.448352	784   	0.0663586	9.35191	349	19 	3  	784   	2.56438
INFO:gp:350	765   	0.626194	350	0.73017 	0.458637	765   	0.0672774	9.34213	350	20 	4  	765   	2.56875
INFO:gp:351	765   	0.625572	351	0.73017 	0.436369	765   	0.0687242	9.34409	351	19 	4  	765   	2.57647
INFO:gp:352	783   	0.624786	352	0.73017 	0.429764	783   	0.0660113	9.29717	352	17 	4  	783   	2.44783
INFO:gp:353	770   	0.625269	353	0.73017 	0.436111	770   	0.0669546	9.49658	353	18 	3  	770   	2.43262
INFO:gp:354	808   	0.621647	354	0.73017 	0.431852	808   	0.0660474	9.67937	354	20 	3  	808   	2.56505
INFO:gp:355	773   	0.626051	355	0.73017 	0.466164	773   	0.0652271	9.59726	355	18 	4  	773   	2.48595
INFO:gp:356	755   	0.629324	356	0.73017 	0.426668	755   	0.0660766	9.52493	356	18 	3  	755   	2.43249
INFO:gp:357	773   	0.626492	357	0.73017 	0.443626	773   	0.0666346	9.57967	357	19 	3  	773   	2.61159
INFO:gp:358	770   	0.624396	358	0.73017 	0.438946	770   	0.068322 	9.41153	358	17 	3  	770   	2.46812
INFO:gp:359	758   	0.627505	359	0.73017 	0.407036	758   	0.0670263	9.44379	359	16 	3  	758   	2.444  
INFO:gp:360	758   	0.62508 	360	0.73017 	0.427462	758   	0.0702756	9.4653 	360	17 	4  	758   	2.53856
INFO:gp:361	774   	0.624274	361	0.73017 	0.377981	774   	0.0696202	9.43206	361	19 	3  	774   	2.53712
INFO:gp:362	791   	0.623794	362	0.73017 	0.445214	791   	0.0678165	9.23363	362	17 	3  	791   	2.43331
INFO:gp:363	798   	0.622261	363	0.73017 	0.423553	798   	0.0672908	9.11046	363	19 	3  	798   	2.37503
INFO:gp:364	764   	0.623204	364	0.73017 	0.40242 	764   	0.0702151	9.15543	364	17 	3  	764   	2.3389 
INFO:gp:365	758   	0.626612	365	0.73017 	0.436198	758   	0.0690035	9.37634	365	19 	4  	758   	2.35345
INFO:gp:366	797   	0.625187	366	0.73017 	0.425623	797   	0.0655701	9.40078	366	20 	3  	797   	2.32452
INFO:gp:367	795   	0.622341	367	0.73017 	0.463597	795   	0.0670256	9.36461	367	18 	3  	795   	2.33487
INFO:gp:368	788   	0.624439	368	0.73017 	0.408505	788   	0.0665639	9.47507	368	18 	3  	788   	2.38747
INFO:gp:369	798   	0.621132	369	0.73017 	0.448208	798   	0.0667438	9.55132	369	20 	4  	798   	2.38869
INFO:gp:370	763   	0.624431	370	0.73017 	0.417148	763   	0.0676705	9.32942	370	19 	4  	763   	2.35508
INFO:gp:371	764   	0.625664	371	0.73017 	0.453424	764   	0.0671718	9.53959	371	21 	3  	764   	2.45987
INFO:gp:372	763   	0.625133	372	0.73017 	0.447027	763   	0.0693061	9.43891	372	22 	3  	763   	2.44108
INFO:gp:373	757   	0.628731	373	0.73017 	0.443823	757   	0.0683914	9.45259	373	17 	3  	757   	2.34332
INFO:gp:374	779   	0.625268	374	0.73017 	0.46065 	779   	0.0677572	9.30987	374	18 	3  	779   	2.41953
INFO:gp:375	749   	0.626279	375	0.73017 	0.460602	749   	0.0671835	9.33724	375	20 	4  	749   	2.39555
INFO:gp:376	775   	0.624664	376	0.73017 	0.421489	775   	0.0681044	9.35875	376	19 	3  	775   	2.40831
INFO:gp:377	771   	0.625766	377	0.73017 	0.437032	771   	0.0666156	9.5132 	377	17 	3  	771   	2.38224
INFO:gp:378	767   	0.625323	378	0.73017 	0.452655	767   	0.0667325	9.62757	378	19 	4  	767   	2.46522
INFO:gp:379	779   	0.624434	379	0.73017 	0.45111 	779   	0.0678359	9.47801	379	19 	3  	779   	2.39731
INFO:gp:380	759   	0.624944	380	0.73017 	0.455873	759   	0.067595 	9.56207	380	19 	4  	759   	2.43544
INFO:gp:381	753   	0.626299	381	0.73017 	0.403389	753   	0.0674875	9.43011	381	20 	3  	753   	2.4782 
INFO:gp:382	770   	0.627379	382	0.73017 	0.438517	770   	0.0659219	9.43988	382	19 	3  	770   	2.4934 
INFO:gp:383	775   	0.626085	383	0.73017 	0.431914	775   	0.0665055	9.52786	383	19 	4  	775   	2.3403 
INFO:gp:384	755   	0.626059	384	0.73017 	0.441036	755   	0.0694482	9.48974	384	19 	3  	755   	2.34336
INFO:gp:385	761   	0.628341	385	0.73017 	0.436562	761   	0.0670002	9.37537	385	18 	4  	761   	2.29366
INFO:gp:386	762   	0.625358	386	0.73017 	0.473626	762   	0.0694515	9.24927	386	18 	4  	762   	2.30759
INFO:gp:387	796   	0.625781	387	0.73017 	0.445831	796   	0.0656408	9.16227	387	19 	3  	796   	2.34907
INFO:gp:388	769   	0.626497	388	0.73017 	0.446759	769   	0.0666249	9.26393	388	17 	4  	769   	2.30702
INFO:gp:389	789   	0.62113 	389	0.73017 	0.430595	789   	0.0688098	9.45552	389	19 	3  	789   	2.36951
INFO:gp:390	746   	0.629507	390	0.73017 	0.446721	746   	0.0662012	9.52981	390	17 	4  	746   	2.50568
INFO:gp:391	767   	0.626145	391	0.73017 	0.449489	767   	0.0681341	9.63148	391	20 	3  	767   	2.49458
INFO:gp:392	768   	0.626044	392	0.73017 	0.463271	768   	0.0675033	9.66569	392	18 	4  	768   	2.39739
INFO:gp:393	779   	0.624834	393	0.73017 	0.429153	779   	0.0657734	9.56207	393	19 	3  	779   	2.46259
INFO:gp:394	776   	0.62532 	394	0.73017 	0.457061	776   	0.0668307	9.52004	394	20 	4  	776   	2.55369
INFO:gp:395	756   	0.627879	395	0.73017 	0.442579	756   	0.0658076	9.53861	395	20 	4  	756   	2.5118 
INFO:gp:396	787   	0.621617	396	0.73017 	0.432563	787   	0.0684368	9.44477	396	17 	3  	787   	2.31672
INFO:gp:397	767   	0.624483	397	0.73017 	0.43266 	767   	0.0681147	9.60997	397	19 	3  	767   	2.46805
INFO:gp:398	759   	0.626869	398	0.73017 	0.460707	759   	0.0676499	9.60704	398	19 	3  	759   	2.59069
INFO:gp:399	757   	0.627154	399	0.73017 	0.456309	757   	0.0682976	9.60704	399	21 	4  	757   	2.50045
INFO:gp:400	772   	0.627038	400	0.73017 	0.45876 	772   	0.0670586	9.49756	400	20 	3  	772   	2.34004
INFO:gp:401	786   	0.624598	401	0.73017 	0.43584 	786   	0.0680783	9.52786	401	18 	3  	786   	2.34697
INFO:gp:402	774   	0.625061	402	0.73017 	0.429036	774   	0.0663335	9.44673	402	17 	3  	774   	2.38209
INFO:gp:403	773   	0.626278	403	0.73017 	0.448639	773   	0.0674862	9.38025	403	19 	4  	773   	2.38049
INFO:gp:404	770   	0.626693	404	0.73017 	0.451716	770   	0.066958 	9.28055	404	16 	4  	770   	2.29975
INFO:gp:405	762   	0.626115	405	0.73017 	0.456617	762   	0.0669134	9.30401	405	17 	4  	762   	2.32258
INFO:gp:406	787   	0.623383	406	0.73017 	0.419864	787   	0.0668824	9.36852	406	17 	3  	787   	2.47728
INFO:gp:407	790   	0.622828	407	0.73017 	0.439247	790   	0.0665935	9.37048	407	18 	3  	790   	2.45439
INFO:gp:408	788   	0.624271	408	0.73017 	0.447008	788   	0.0655866	9.50733	408	20 	4  	788   	2.39862
INFO:gp:409	760   	0.62943 	409	0.73017 	0.452518	760   	0.0649634	9.54252	409	19 	3  	760   	2.30514
INFO:gp:410	755   	0.628533	410	0.73017 	0.462105	755   	0.0670074	9.47996	410	18 	4  	755   	2.2944 
INFO:gp:411	794   	0.625764	411	0.73017 	0.464777	794   	0.0659358	9.47996	411	18 	3  	794   	2.34622
INFO:gp:412	795   	0.621661	412	0.73017 	0.450034	795   	0.0679405	9.66276	412	17 	3  	795   	2.38492
INFO:gp:413	760   	0.626038	413	0.73017 	0.448237	760   	0.066204 	9.63832	413	21 	3  	760   	2.38031
INFO:gp:414	766   	0.627917	414	0.73017 	0.466039	766   	0.0659465	9.68915	414	18 	4  	766   	2.4553 
INFO:gp:415	791   	0.624011	415	0.73017 	0.446418	791   	0.0656259	9.37243	415	18 	3  	791   	2.40298
INFO:gp:416	759   	0.624755	416	0.73017 	0.437   	759   	0.0682397	9.43011	416	17 	4  	759   	2.49511
INFO:gp:417	754   	0.628176	417	0.73017 	0.469727	754   	0.0669033	9.52102	417	18 	4  	754   	2.50108
INFO:gp:418	759   	0.62951 	418	0.73017 	0.455026	759   	0.0659039	9.45748	418	18 	3  	759   	2.44867
INFO:gp:419	771   	0.625167	419	0.73017 	0.457847	771   	0.0681   	9.61388	419	18 	3  	771   	2.52968
INFO:gp:420	779   	0.626709	420	0.73017 	0.456186	779   	0.0672151	9.72043	420	21 	3  	779   	2.4403 
INFO:gp:421	791   	0.624265	421	0.73017 	0.394933	791   	0.0662472	9.58944	421	16 	4  	791   	2.40104
INFO:gp:422	786   	0.623306	422	0.73017 	0.441493	786   	0.065717 	9.53372	422	20 	3  	786   	2.37505
INFO:gp:423	760   	0.628134	423	0.73017 	0.445805	760   	0.0676448	9.45846	423	17 	3  	760   	2.50044
INFO:gp:424	795   	0.623626	424	0.73017 	0.448767	795   	0.0657941	9.50538	424	18 	4  	795   	2.3724 
INFO:gp:425	768   	0.624356	425	0.73017 	0.443466	768   	0.0676989	9.34115	425	17 	3  	768   	2.45943
INFO:gp:426	759   	0.626859	426	0.73017 	0.447809	759   	0.0676636	9.31281	426	17 	3  	759   	2.59104
INFO:gp:427	774   	0.625388	427	0.73017 	0.420339	774   	0.0676586	9.07136	427	18 	3  	774   	2.59554
INFO:gp:428	747   	0.628065	428	0.73017 	0.449113	747   	0.0694039	9.348  	428	18 	3  	747   	2.55116
INFO:gp:429	821   	0.622351	429	0.73017 	0.447727	821   	0.0657438	9.22776	429	18 	3  	821   	2.51213
INFO:gp:430	808   	0.62049 	430	0.73017 	0.420569	808   	0.0668735	9.35679	430	18 	3  	808   	2.53206
INFO:gp:431	780   	0.627165	431	0.73017 	0.460489	780   	0.0637381	9.30987	431	19 	3  	780   	2.71212
INFO:gp:432	770   	0.624965	432	0.73017 	0.453849	770   	0.0666727	9.31769	432	18 	3  	770   	2.52954
INFO:gp:433	745   	0.631296	433	0.73017 	0.438119	745   	0.0653615	9.33724	433	20 	3  	745   	2.57946
INFO:gp:434	769   	0.624763	434	0.73017 	0.460824	769   	0.069032 	9.08016	434	18 	3  	769   	2.59773
INFO:gp:435	788   	0.627246	435	0.73017 	0.458045	788   	0.0662383	9.14272	435	17 	3  	788   	2.58334
INFO:gp:436	770   	0.62371 	436	0.73017 	0.425778	770   	0.0699638	9.16031	436	17 	3  	770   	2.5656 
INFO:gp:437	778   	0.620992	437	0.73017 	0.440956	778   	0.0699991	9.35093	437	19 	3  	778   	2.50728
INFO:gp:438	774   	0.621005	438	0.73017 	0.439959	774   	0.0705098	9.04301	438	17 	4  	774   	2.43028
INFO:gp:439	772   	0.624817	439	0.73017 	0.436283	772   	0.0685108	9.11241	439	19 	3  	772   	2.43429
INFO:gp:440	774   	0.62329 	440	0.73017 	0.457874	774   	0.0692663	8.94037	440	17 	3  	774   	2.44457
INFO:gp:441	777   	0.622306	441	0.73017 	0.453189	777   	0.0692612	8.95601	441	17 	3  	777   	2.49634
INFO:gp:442	758   	0.624786	442	0.73017 	0.455606	758   	0.0688747	8.97752	442	18 	3  	758   	2.52388
INFO:gp:443	775   	0.622241	443	0.73017 	0.437726	775   	0.0698127	8.92278	443	16 	3  	775   	2.48729
INFO:gp:444	792   	0.623148	444	0.73017 	0.423604	792   	0.0686354	9.09189	444	19 	3  	792   	2.4724 
INFO:gp:445	787   	0.625735	445	0.73017 	0.44953 	787   	0.067874 	9.22972	445	18 	3  	787   	2.47747
INFO:gp:446	778   	0.624224	446	0.73017 	0.445137	778   	0.0670356	9.07429	446	16 	3  	778   	2.39386
INFO:gp:447	765   	0.62871 	447	0.73017 	0.399279	765   	0.0665126	9.22972	447	20 	4  	765   	2.36978
INFO:gp:448	791   	0.625576	448	0.73017 	0.447532	791   	0.0654683	9.15347	448	17 	3  	791   	2.49514
INFO:gp:449	767   	0.625291	449	0.73017 	0.435849	767   	0.0679852	9.44282	449	18 	3  	767   	2.49935
INFO:gp:450	742   	0.630083	450	0.73017 	0.45468 	742   	0.066448 	9.43304	450	17 	3  	742   	2.42284
INFO:gp:451	764   	0.625958	451	0.73017 	0.4439  	764   	0.0693074	8.95894	451	18 	3  	764   	2.56113
INFO:gp:452	781   	0.620653	452	0.73017 	0.438463	781   	0.0698937	8.97849	452	18 	3  	781   	2.65433
INFO:gp:453	772   	0.625011	453	0.73017 	0.419021	772   	0.0664289	9.06647	453	19 	3  	772   	2.61425
INFO:gp:454	792   	0.623384	454	0.73017 	0.449677	792   	0.0667141	9.13881	454	19 	3  	792   	2.58734
INFO:gp:455	771   	0.62684 	455	0.73017 	0.423224	771   	0.0659289	9.33333	455	20 	3  	771   	2.59546
INFO:gp:456	765   	0.626064	456	0.73017 	0.427633	765   	0.0676685	9.40078	456	17 	3  	765   	2.63588
INFO:gp:457	776   	0.623914	457	0.73017 	0.451741	776   	0.0692027	9.41056	457	19 	3  	776   	2.70034
INFO:gp:458	778   	0.623217	458	0.73017 	0.450431	778   	0.0684773	9.48094	458	19 	3  	778   	2.61124
INFO:gp:459	744   	0.627775	459	0.73017 	0.421051	744   	0.0680838	9.54839	459	22 	3  	744   	2.5682 
INFO:gp:460	791   	0.622058	460	0.73017 	0.451633	791   	0.0683114	9.51417	460	22 	3  	791   	2.67451
INFO:gp:461	803   	0.623527	461	0.73017 	0.438053	803   	0.0661183	9.53666	461	21 	3  	803   	2.53622
INFO:gp:462	781   	0.6225  	462	0.73017 	0.455415	781   	0.0677102	9.66178	462	19 	3  	781   	2.52552
INFO:gp:463	759   	0.627435	463	0.73017 	0.453289	759   	0.0675968	9.27175	463	21 	3  	759   	2.67687
INFO:gp:464	761   	0.622467	464	0.73017 	0.440261	761   	0.0711014	9.31085	464	18 	3  	761   	2.80119
INFO:gp:465	774   	0.62335 	465	0.73017 	0.443928	774   	0.0674508	9.21603	465	18 	3  	774   	2.73375
INFO:gp:466	772   	0.625414	466	0.73017 	0.431204	772   	0.0677231	9.3304 	466	18 	3  	772   	2.58659
INFO:gp:467	790   	0.623869	467	0.73017 	0.437307	790   	0.0674827	9.37732	467	20 	3  	790   	2.6174 
INFO:gp:468	754   	0.624377	468	0.73017 	0.461072	754   	0.0687805	9.63245	468	19 	3  	754   	2.56524
INFO:gp:469	789   	0.622531	469	0.73017 	0.450813	789   	0.06875  	9.45455	469	17 	3  	789   	2.58986
INFO:gp:470	789   	0.623804	470	0.73017 	0.443465	789   	0.0678657	9.33333	470	17 	3  	789   	2.54295
INFO:gp:471	746   	0.625348	471	0.73017 	0.41897 	746   	0.0699984	9.20821	471	19 	3  	746   	2.57301
INFO:gp:472	758   	0.627366	472	0.73017 	0.455793	758   	0.0681045	9.18866	472	18 	3  	758   	2.59833
INFO:gp:473	771   	0.626517	473	0.73017 	0.446735	771   	0.0674732	9.17791	473	18 	3  	771   	2.5272 
INFO:gp:474	766   	0.625135	474	0.73017 	0.436558	766   	0.0686872	9.33236	474	17 	3  	766   	2.56432
INFO:gp:475	779   	0.626326	475	0.73017 	0.453631	779   	0.0659722	9.48192	475	18 	3  	779   	2.59057
INFO:gp:476	769   	0.628644	476	0.73017 	0.454025	769   	0.0654471	9.37537	476	18 	3  	769   	2.58915
INFO:gp:477	771   	0.625672	477	0.73017 	0.454086	771   	0.066692 	9.39394	477	17 	3  	771   	2.46148
INFO:gp:478	748   	0.628837	478	0.73017 	0.454041	748   	0.0674339	9.4868 	478	18 	3  	748   	2.51983
INFO:gp:479	781   	0.626367	479	0.73017 	0.45794 	781   	0.066016 	9.33431	479	17 	3  	781   	2.50194
INFO:gp:480	777   	0.623578	480	0.73017 	0.45081 	777   	0.0676779	9.2825 	480	17 	3  	777   	2.5256 
INFO:gp:481	763   	0.625741	481	0.73017 	0.443634	763   	0.0690441	9.26393	481	17 	3  	763   	2.44964
INFO:gp:482	776   	0.62509 	482	0.73017 	0.45126 	776   	0.0680393	9.50147	482	17 	3  	776   	2.55989
INFO:gp:483	812   	0.623636	483	0.73017 	0.426478	812   	0.0664595	9.4653 	483	18 	3  	812   	2.46352
INFO:gp:484	775   	0.625577	484	0.73017 	0.416991	775   	0.0676591	9.49169	484	16 	3  	775   	2.42093
INFO:gp:485	766   	0.625576	485	0.73017 	0.461284	766   	0.0669385	9.44477	485	19 	3  	766   	2.42515
INFO:gp:486	792   	0.625167	486	0.73017 	0.459345	792   	0.065631 	9.435  	486	17 	3  	792   	2.56326
INFO:gp:487	763   	0.625909	487	0.73017 	0.430306	763   	0.0678827	9.39003	487	19 	3  	763   	2.65651
INFO:gp:488	816   	0.617603	488	0.73017 	0.447069	816   	0.068625 	9.25024	488	19 	3  	816   	2.70511
INFO:gp:489	771   	0.62643 	489	0.73017 	0.437745	771   	0.0663654	9.17595	489	17 	3  	771   	2.61366
INFO:gp:490	794   	0.621952	490	0.73017 	0.463994	794   	0.0683648	9.29228	490	19 	3  	794   	2.71011
INFO:gp:491	761   	0.626415	491	0.73017 	0.442833	761   	0.0679569	9.39198	491	18 	3  	761   	2.48629
INFO:gp:492	774   	0.625856	492	0.73017 	0.458583	774   	0.0686351	9.3607 	492	17 	3  	774   	2.51601
INFO:gp:493	784   	0.624096	493	0.73017 	0.46047 	784   	0.0686812	9.34018	493	19 	3  	784   	2.52681
INFO:gp:494	743   	0.626834	494	0.73017 	0.442848	743   	0.0695845	9.2522 	494	18 	3  	743   	2.4739 
INFO:gp:495	786   	0.62377 	495	0.73017 	0.41258 	786   	0.0696734	9.27077	495	19 	3  	786   	2.47332
INFO:gp:496	777   	0.624098	496	0.73017 	0.45409 	777   	0.0676924	9.21017	496	20 	3  	777   	2.51133
INFO:gp:497	798   	0.624677	497	0.73017 	0.441257	798   	0.0665542	9.18768	497	17 	3  	798   	2.51136
INFO:gp:498	777   	0.625525	498	0.73017 	0.411538	777   	0.0675991	9.31476	498	19 	3  	777   	2.56349
INFO:gp:499	746   	0.625684	499	0.73017 	0.446164	746   	0.071148 	9.37146	499	18 	3  	746   	2.51308
INFO:gp:500	778   	0.626452	500	0.73017 	0.432386	778   	0.0674249	9.31574	500	17 	3  	778   	2.54788
INFO:__main__:Saving model to file: checkpoints/run_14.pth
INFO:util:Train accuracy: 0.6299672764649789 +- 0.05216644658946029
INFO:util:Val accuracy: 0.6299672764649789 +- 0.05216644658946029
INFO:util:Test accuracy: 0.6681818181818182 +- 0.0
INFO:util:Train intra-class: 0.24322314401830586, Train Inter-class: 0.2555961614591856
INFO:util:Val intra-class: 0.24715702215029942, Val Inter-class: 0.27185144908948033
INFO:util:Test intra-class: 0.27339926787832075, Test inter-class: 0.30238621442153335
INFO:plot:Saving t-SNE to file: figures/tsne.png
INFO:plot:Saving t-SNE to file: figures/tsne.png
INFO:plot:Saving tree to file: figures/tree-0.pdf
INFO:plot:Saving tree to file: figures/tree-1.pdf
