INFO:data:Reading dataset fish: part
INFO:data:Class Counts: [6 6 3 6 6 3], Class Ratios: [0.2 0.2 0.1 0.2 0.2 0.1]
INFO:data:Number of features: 1023
Number of instances: 30
Number of classes 6.
INFO:__main__:No model found. Train from scratch.
INFO:gp:   	      	                                 fitness                                 	                      size                     
   	      	-------------------------------------------------------------------------	-----------------------------------------------
gen	nevals	avg     	gen	max     	min     	nevals	std      	avg    	gen	max	min	nevals	std    
0  	3069  	0.240235	0  	0.528417	0.102675	3069  	0.0762458	5.74063	0  	7  	3  	3069  	1.56842
INFO:gp:1  	2307  	0.335212	1  	0.568234	0.106505	2307  	0.0697537	5.81134	1  	13 	3  	2307  	1.64073
INFO:gp:2  	2321  	0.398542	2  	0.621002	0.141272	2321  	0.0683016	5.78853	2  	15 	3  	2321  	1.70558
INFO:gp:3  	2309  	0.448517	3  	0.65584 	0.146547	2309  	0.0687587	5.87911	3  	16 	3  	2309  	1.84934
INFO:gp:4  	2337  	0.491278	4  	0.682108	0.140389	2337  	0.0706633	6.16487	4  	13 	3  	2337  	1.9172 
INFO:gp:5  	2258  	0.530004	5  	0.70407 	0.185531	2258  	0.0690901	6.31118	5  	15 	3  	2258  	2.02202
INFO:gp:6  	2305  	0.562416	6  	0.737637	0.239976	2305  	0.0729803	6.43793	6  	16 	3  	2305  	2.10009
INFO:gp:7  	2315  	0.595509	7  	0.757902	0.243176	2315  	0.072765 	6.92343	7  	16 	3  	2315  	2.30198
INFO:gp:8  	2337  	0.617873	8  	0.777255	0.269238	2337  	0.0738237	7.40241	8  	18 	3  	2337  	2.37589
INFO:gp:9  	2339  	0.637282	9  	0.810138	0.13968 	2339  	0.0771332	7.60639	9  	16 	3  	2339  	2.42197
INFO:gp:10 	2341  	0.657829	10 	0.831908	0.286423	2341  	0.0772741	7.72695	10 	22 	3  	2341  	2.42228
INFO:gp:11 	2337  	0.679472	11 	0.832517	0.332277	2337  	0.0803069	7.61388	11 	18 	3  	2337  	2.4792 
INFO:gp:12 	2323  	0.696234	12 	0.832517	0.280443	2323  	0.0836121	7.40991	12 	20 	3  	2323  	2.63163
INFO:gp:13 	2315  	0.713901	13 	0.857412	0.204196	2315  	0.0847104	7.25741	13 	22 	3  	2315  	2.64696
INFO:gp:14 	2357  	0.724753	14 	0.857513	0.402931	2357  	0.0865477	7.23232	14 	26 	3  	2357  	2.64713
INFO:gp:15 	2315  	0.73656 	15 	0.857513	0.321461	2315  	0.091803 	7.04497	15 	19 	3  	2315  	2.66519
INFO:gp:16 	2306  	0.753485	16 	0.858263	0.387601	2306  	0.0914234	6.48583	16 	22 	3  	2306  	2.52228
INFO:gp:17 	2361  	0.767602	17 	0.8589  	0.331226	2361  	0.0935097	5.91365	17 	16 	3  	2361  	2.12543
INFO:gp:18 	2332  	0.782271	18 	0.859013	0.277314	2332  	0.0915688	5.45324	18 	16 	3  	2332  	1.65701
INFO:gp:19 	2306  	0.793406	19 	0.859013	0.399223	2306  	0.0892125	5.42522	19 	15 	3  	2306  	1.48437
INFO:gp:20 	2276  	0.800672	20 	0.859413	0.285804	2276  	0.0885729	5.73183	20 	14 	3  	2276  	1.45804
INFO:gp:21 	2304  	0.80133 	21 	0.859739	0.357493	2304  	0.0877365	6.00358	21 	18 	3  	2304  	1.80951
INFO:gp:22 	2287  	0.799705	22 	0.859739	0.264583	2287  	0.0896088	6.63539	22 	20 	3  	2287  	2.49228
INFO:gp:23 	2311  	0.797914	23 	0.860381	0.339394	2311  	0.0897535	7.97719	23 	21 	3  	2311  	3.29837
INFO:gp:24 	2349  	0.795502	24 	0.860381	0.227013	2349  	0.0922239	9.30824	24 	23 	3  	2349  	3.50601
INFO:gp:25 	2334  	0.800242	25 	0.860381	0.337159	2334  	0.0903835	9.50472	25 	21 	3  	2334  	3.45917
INFO:gp:26 	2330  	0.800431	26 	0.860457	0.348642	2330  	0.0893835	9.39198	26 	24 	3  	2330  	3.68141
INFO:gp:27 	2343  	0.798893	27 	0.860457	0.280303	2343  	0.0932665	10.2874	27 	25 	3  	2343  	3.98688
INFO:gp:28 	2360  	0.797041	28 	0.860797	0.360489	2360  	0.0926496	10.8664	28 	25 	3  	2360  	3.6418 
INFO:gp:29 	2345  	0.799137	29 	0.860797	0.228541	2345  	0.0944003	10.131 	29 	25 	3  	2345  	3.02866
INFO:gp:30 	2347  	0.803647	30 	0.860797	0.278637	2347  	0.0873068	9.95145	30 	20 	3  	2347  	2.29282
INFO:gp:31 	2316  	0.801606	31 	0.86083 	0.411414	2316  	0.0888697	10.0209	31 	20 	3  	2316  	1.97926
INFO:gp:32 	2299  	0.807219	32 	0.86083 	0.365215	2299  	0.0847256	10.2825	32 	20 	3  	2299  	2.13033
INFO:gp:33 	2390  	0.799218	33 	0.861338	0.368033	2390  	0.0894149	11.0854	33 	24 	3  	2390  	2.68734
INFO:gp:34 	2321  	0.805156	34 	0.86138 	0.368482	2321  	0.0834984	12.3271	34 	25 	3  	2321  	2.84345
INFO:gp:35 	2282  	0.806332	35 	0.86138 	0.189144	2282  	0.0859601	13.2659	35 	25 	3  	2282  	2.7088 
INFO:gp:36 	2259  	0.807416	36 	0.86138 	0.416027	2259  	0.0839294	13.6028	36 	32 	3  	2259  	3.04013
INFO:gp:37 	2292  	0.808421	37 	0.861795	0.371926	2292  	0.083434 	14.29  	37 	29 	3  	2292  	3.45713
INFO:gp:38 	2349  	0.809407	38 	0.862041	0.368543	2349  	0.080646 	15.3708	38 	29 	3  	2349  	3.74427
INFO:gp:39 	2323  	0.811025	39 	0.862074	0.391497	2323  	0.082621 	15.3291	39 	32 	3  	2323  	3.2919 
INFO:gp:40 	2355  	0.807712	40 	0.86248 	0.353042	2355  	0.0852369	14.5937	40 	32 	3  	2355  	2.96027
INFO:gp:41 	2315  	0.806872	41 	0.86248 	0.301382	2315  	0.0847786	14.8948	41 	29 	3  	2315  	3.07053
INFO:gp:42 	2289  	0.80653 	42 	0.862521	0.376194	2289  	0.0832569	15.7553	42 	32 	3  	2289  	3.21831
INFO:gp:43 	2319  	0.804143	43 	0.862707	0.29338 	2319  	0.0840892	16.2199	43 	32 	3  	2319  	3.06232
INFO:gp:44 	2283  	0.805057	44 	0.862707	0.38048 	2283  	0.0834755	16.1108	44 	36 	4  	2283  	3.08363
INFO:gp:45 	2287  	0.805052	45 	0.862847	0.4205  	2287  	0.0835572	16.0981	45 	33 	3  	2287  	3.04209
INFO:gp:46 	2321  	0.805453	46 	0.862852	0.439347	2321  	0.08415  	15.7638	46 	32 	3  	2321  	3.07184
INFO:gp:47 	2314  	0.808408	47 	0.862872	0.383658	2314  	0.0797684	15.2105	47 	29 	4  	2314  	2.86812
INFO:gp:48 	2334  	0.804598	48 	0.863116	0.285142	2334  	0.0858677	15.4933	48 	28 	4  	2334  	3.15976
INFO:gp:49 	2305  	0.806754	49 	0.863116	0.424151	2305  	0.0837136	16.3659	49 	41 	4  	2305  	3.37733
INFO:gp:50 	2296  	0.806279	50 	0.863158	0.387425	2296  	0.0831426	16.956 	50 	34 	4  	2296  	3.12032
INFO:gp:51 	2312  	0.805655	51 	0.863158	0.353883	2312  	0.0834716	17.2489	51 	33 	4  	2312  	3.30249
INFO:gp:52 	2320  	0.805352	52 	0.895736	0.366767	2320  	0.0830379	17.5233	52 	37 	3  	2320  	3.87444
INFO:gp:53 	2297  	0.808701	53 	0.896076	0.379946	2297  	0.0811326	18.857 	53 	40 	4  	2297  	4.05398
INFO:gp:54 	2318  	0.806974	54 	0.896076	0.387965	2318  	0.0837562	20.4526	54 	41 	4  	2318  	3.6473 
INFO:gp:55 	2298  	0.807012	55 	0.89616 	0.458213	2298  	0.0853313	20.7165	55 	42 	4  	2298  	3.57416
INFO:gp:56 	2304  	0.814703	56 	0.89616 	0.438847	2304  	0.0822843	19.9492	56 	40 	4  	2304  	4.12615
INFO:gp:57 	2300  	0.816457	57 	0.89616 	0.246023	2300  	0.0865922	18.4324	57 	38 	4  	2300  	4.7261 
INFO:gp:58 	2294  	0.827945	58 	0.89616 	0.361174	2294  	0.0858727	18     	58 	36 	4  	2294  	4.68791
INFO:gp:59 	2303  	0.832646	59 	0.896247	0.459377	2303  	0.0862312	19.4216	59 	41 	4  	2303  	4.28119
INFO:gp:60 	2350  	0.833096	60 	0.89646 	0.395563	2350  	0.0859288	20.868 	60 	41 	5  	2350  	3.28447
INFO:gp:61 	2363  	0.83685 	61 	0.89646 	0.395   	2363  	0.084732 	21.4451	61 	40 	5  	2363  	2.60423
INFO:gp:62 	2332  	0.834863	62 	0.896481	0.477214	2332  	0.0853122	21.5761	62 	41 	6  	2332  	2.48537
INFO:gp:63 	2334  	0.835125	63 	0.896481	0.238873	2334  	0.0888056	21.5839	63 	41 	7  	2334  	2.47685
INFO:gp:64 	2325  	0.83644 	64 	0.896608	0.453667	2325  	0.0846422	21.6562	64 	41 	7  	2325  	2.10016
INFO:gp:65 	2350  	0.837659	65 	0.896608	0.416755	2350  	0.0839061	21.6794	65 	41 	5  	2350  	2.20802
INFO:gp:66 	2322  	0.837484	66 	0.896608	0.413182	2322  	0.0835746	21.7471	66 	41 	6  	2322  	1.94028
INFO:gp:67 	2320  	0.836879	67 	0.896877	0.481627	2320  	0.0821745	21.7814	67 	41 	7  	2320  	2.12345
INFO:gp:68 	2316  	0.837811	68 	0.896877	0.405822	2316  	0.0817602	21.8495	68 	41 	6  	2316  	2.10807
INFO:gp:69 	2292  	0.837239	69 	0.896877	0.356661	2292  	0.0833216	21.8944	69 	41 	7  	2292  	1.91066
INFO:gp:70 	2312  	0.837164	70 	0.897004	0.425962	2312  	0.084514 	21.9006	70 	41 	6  	2312  	2.26356
INFO:gp:71 	2313  	0.839503	71 	0.897004	0.447044	2313  	0.0811544	21.9993	71 	41 	11 	2313  	1.97706
INFO:gp:72 	2319  	0.837895	72 	0.897111	0.313903	2319  	0.0828365	22.1404	72 	43 	13 	2319  	2.04722
INFO:gp:73 	2265  	0.841177	73 	0.897238	0.404607	2265  	0.0798334	22.1704	73 	39 	13 	2265  	1.59829
INFO:gp:74 	2293  	0.838053	74 	0.897238	0.465201	2293  	0.0821462	22.2568	74 	41 	13 	2293  	1.51216
INFO:gp:75 	2295  	0.840788	75 	0.897238	0.357377	2295  	0.0823839	22.3702	75 	41 	16 	2295  	1.70001
INFO:gp:76 	2343  	0.840726	76 	0.897238	0.397431	2343  	0.0807296	22.5833	76 	41 	13 	2343  	1.96317
INFO:gp:77 	2330  	0.838082	77 	0.897366	0.408117	2330  	0.0842403	23.027 	77 	41 	18 	2330  	2.26025
INFO:gp:78 	2328  	0.837261	78 	0.897366	0.389668	2328  	0.0831873	23.3949	78 	46 	18 	2328  	2.59165
INFO:gp:79 	2278  	0.837649	79 	0.897493	0.28029 	2278  	0.0843134	23.2369	79 	41 	11 	2278  	2.39425
INFO:gp:80 	2347  	0.835486	80 	0.897493	0.404779	2347  	0.0850451	23.0319	80 	41 	13 	2347  	2.03784
INFO:gp:81 	2341  	0.833875	81 	0.897493	0.433017	2341  	0.0863021	23.0756	81 	40 	10 	2341  	1.96917
INFO:gp:82 	2298  	0.837135	82 	0.897493	0.328232	2298  	0.0846462	23.0078	82 	41 	10 	2298  	1.89216
INFO:gp:83 	2343  	0.839296	83 	0.89756 	0.186581	2343  	0.084309 	23.0932	83 	41 	8  	2343  	2.07793
INFO:gp:84 	2352  	0.838006	84 	0.897835	0.35038 	2352  	0.086616 	23.3959	84 	41 	8  	2352  	2.12604
INFO:gp:85 	2353  	0.836231	85 	0.897835	0.415659	2353  	0.0871211	23.5523	85 	45 	17 	2353  	2.11658
INFO:gp:86 	2293  	0.835209	86 	0.897958	0.318208	2293  	0.0880359	23.6953	86 	41 	19 	2293  	2.4621 
INFO:gp:87 	2355  	0.835963	87 	0.897958	0.398255	2355  	0.0853578	23.9215	87 	45 	15 	2355  	2.82024
INFO:gp:88 	2307  	0.837677	88 	0.897958	0.411221	2307  	0.0852064	24.5927	88 	53 	16 	2307  	3.62968
INFO:gp:89 	2322  	0.840842	89 	0.89836 	0.235632	2322  	0.0844099	25.5272	89 	43 	13 	2322  	4.37844
INFO:gp:90 	2278  	0.838443	90 	0.89836 	0.459136	2278  	0.0855017	26.1746	90 	49 	17 	2278  	4.80748
INFO:gp:91 	2322  	0.836354	91 	0.89836 	0.351093	2322  	0.0858288	25.1378	91 	45 	8  	2322  	4.34196
INFO:gp:92 	2254  	0.841475	92 	0.898426	0.422141	2254  	0.0829651	24.5647	92 	45 	13 	2254  	3.86066
INFO:gp:93 	2322  	0.839985	93 	0.898426	0.444021	2322  	0.0841823	25.146 	93 	45 	16 	2322  	4.18085
INFO:gp:94 	2347  	0.837365	94 	0.898443	0.232722	2347  	0.0881723	26.2271	94 	45 	15 	2347  	4.74768
INFO:gp:95 	2356  	0.83848 	95 	0.898509	0.396914	2356  	0.0878582	26.5947	95 	45 	17 	2356  	4.84426
INFO:gp:96 	2309  	0.83335 	96 	0.898509	0.193667	2309  	0.0953073	26.2287	96 	45 	16 	2309  	4.73987
INFO:gp:97 	2331  	0.837673	97 	0.898509	0.420711	2331  	0.0950204	26.261 	97 	53 	16 	2331  	4.74092
INFO:gp:98 	2330  	0.832508	98 	0.898949	0.343811	2330  	0.0971348	26.7895	98 	45 	16 	2330  	4.91372
INFO:gp:99 	2366  	0.833556	99 	0.899028	0.314858	2366  	0.0983013	27.0932	99 	45 	16 	2366  	4.98467
INFO:gp:100	2269  	0.838829	100	0.899028	0.405485	2269  	0.0953529	27.1137	100	45 	17 	2269  	5.02082
INFO:gp:101	2287  	0.841201	101	0.899028	0.402164	2287  	0.0908463	28.7928	101	63 	16 	2287  	5.10548
INFO:gp:102	2279  	0.839307	102	0.899028	0.344558	2279  	0.0939767	30.7364	102	45 	19 	2279  	4.1987 
INFO:gp:103	2327  	0.837419	103	0.899252	0.307137	2327  	0.095861 	30.5751	103	55 	16 	2327  	3.98817
INFO:gp:104	2321  	0.837463	104	0.899252	0.271865	2321  	0.0924456	28.9961	104	55 	8  	2321  	4.10302
INFO:gp:105	2276  	0.839386	105	0.899268	0.344462	2276  	0.0958066	27.42  	105	55 	16 	2276  	3.60223
INFO:gp:106	2262  	0.837905	106	0.899268	0.303655	2262  	0.0962738	26.6618	106	55 	16 	2262  	3.10703
INFO:gp:107	2363  	0.834284	107	0.899268	0.309332	2363  	0.0953245	26.317 	107	55 	6  	2363  	3.11789
INFO:gp:108	2307  	0.83828 	108	0.899268	0.30866 	2307  	0.093499 	26.1535	108	55 	6  	2307  	3.66479
INFO:gp:109	2328  	0.836903	109	0.899268	0.279685	2328  	0.094441 	25.7693	109	55 	15 	2328  	4.51732
INFO:gp:110	2321  	0.837856	110	0.899268	0.354957	2321  	0.0927133	25.3196	110	55 	14 	2321  	4.80698
INFO:gp:111	2347  	0.835556	111	0.899272	0.305479	2347  	0.0939188	25.6061	111	55 	10 	2347  	4.64163
INFO:gp:112	2275  	0.840864	112	0.899272	0.303729	2275  	0.0923471	26.9312	112	55 	8  	2275  	4.09374
INFO:gp:113	2333  	0.835958	113	0.899272	0.340408	2333  	0.0970057	28.2783	113	52 	14 	2333  	3.18192
INFO:gp:114	2337  	0.836624	114	0.899272	0.424447	2337  	0.0938738	28.6738	114	55 	16 	2337  	2.5776 
INFO:gp:115	2302  	0.839369	115	0.899272	0.344146	2302  	0.0935849	28.8397	115	55 	6  	2302  	2.65547
INFO:gp:116	2356  	0.832848	116	0.899272	0.344083	2356  	0.100519 	29.06  	116	51 	16 	2356  	2.4894 
INFO:gp:117	2334  	0.837065	117	0.899272	0.343867	2334  	0.0974573	29.3399	117	55 	16 	2334  	2.44886
INFO:gp:118	2286  	0.841186	118	0.899272	0.342984	2286  	0.0914807	29.7032	118	52 	16 	2286  	2.1345 
INFO:gp:119	2346  	0.839336	119	0.899272	0.340752	2346  	0.0933912	29.9153	119	55 	16 	2346  	2.1179 
INFO:gp:120	2328  	0.839048	120	0.899272	0.34214 	2328  	0.0947514	30.0062	120	56 	16 	2328  	2.06121
INFO:gp:121	2297  	0.840094	121	0.899272	0.418033	2297  	0.0928676	30.0244	121	57 	16 	2297  	2.07588
INFO:gp:122	2324  	0.836981	122	0.899494	0.312843	2324  	0.0963898	30.0212	122	57 	16 	2324  	1.91269
INFO:gp:123	2335  	0.840744	123	0.899494	0.34296 	2335  	0.0914417	29.9879	123	54 	10 	2335  	1.66173
INFO:gp:124	2320  	0.839011	124	0.899494	0.340402	2320  	0.0956782	29.9733	124	56 	8  	2320  	1.75715
INFO:gp:125	2315  	0.839179	125	0.899494	0.23597 	2315  	0.0944793	30.0508	125	56 	9  	2315  	1.88977
INFO:gp:126	2344  	0.83777 	126	0.899494	0.357922	2344  	0.094965 	30.0521	126	57 	16 	2344  	1.90536
INFO:gp:127	2305  	0.837494	127	0.899494	0.418926	2305  	0.096017 	30.0613	127	56 	22 	2305  	1.77088
INFO:gp:128	2344  	0.838724	128	0.899494	0.3634  	2344  	0.0936856	29.9932	128	54 	22 	2344  	1.41385
INFO:gp:129	2315  	0.836292	129	0.899505	0.340941	2315  	0.0980184	30.0326	129	46 	19 	2315  	1.41936
INFO:gp:130	2282  	0.840734	130	0.899565	0.382705	2282  	0.0934434	30.0544	130	54 	22 	2282  	1.48589
INFO:gp:131	2305  	0.839178	131	0.899565	0.414721	2305  	0.0925516	30.1323	131	55 	18 	2305  	1.67206
INFO:gp:132	2316  	0.840584	132	0.899567	0.343895	2316  	0.0938675	30.2571	132	56 	10 	2316  	1.76699
INFO:gp:133	2295  	0.839908	133	0.899582	0.382901	2295  	0.0953144	30.5171	133	55 	22 	2295  	1.84424
INFO:gp:134	2315  	0.839739	134	0.899637	0.316369	2315  	0.0958235	31.1079	134	60 	16 	2315  	2.27839
INFO:gp:135	2375  	0.837252	135	0.899662	0.26637 	2375  	0.0982191	31.7465	135	57 	6  	2375  	2.16828
INFO:gp:136	2263  	0.839333	136	0.899662	0.344519	2263  	0.0960846	31.8794	136	63 	8  	2263  	1.73472
INFO:gp:137	2271  	0.840243	137	0.899688	0.28025 	2271  	0.0958813	31.9492	137	61 	22 	2271  	1.96583
INFO:gp:138	2371  	0.836305	138	0.899739	0.361119	2371  	0.0964325	32.0163	138	61 	22 	2371  	1.73639
INFO:gp:139	2337  	0.839778	139	0.899768	0.375685	2337  	0.0928489	32.1587	139	63 	16 	2337  	1.86754
INFO:gp:140	2300  	0.840911	140	0.899768	0.383233	2300  	0.0917323	32.0824	140	56 	20 	2300  	1.45175
INFO:gp:141	2283  	0.838081	141	0.899768	0.338041	2283  	0.0974153	32.1209	141	58 	8  	2283  	1.56827
INFO:gp:142	2267  	0.838589	142	0.899786	0.304761	2267  	0.0957447	32.2607	142	55 	25 	2267  	1.37442
INFO:gp:143	2339  	0.840845	143	0.899822	0.267064	2339  	0.0917568	32.3356	143	61 	20 	2339  	1.94485
INFO:gp:144	2273  	0.838707	144	0.899822	0.304528	2273  	0.096384 	32.3513	144	56 	25 	2273  	1.40536
INFO:gp:145	2319  	0.837591	145	0.899822	0.341079	2319  	0.0948313	32.6149	145	59 	29 	2319  	1.53622
INFO:gp:146	2317  	0.841873	146	0.899837	0.377821	2317  	0.0931677	32.7054	146	63 	23 	2317  	1.72079
INFO:gp:147	2323  	0.83879 	147	0.899837	0.34275 	2323  	0.0934901	32.5386	147	63 	6  	2323  	1.80046
INFO:gp:148	2290  	0.841169	148	0.899837	0.337593	2290  	0.0918013	32.4213	148	61 	26 	2290  	1.55932
INFO:gp:149	2352  	0.838556	149	0.899837	0.370162	2352  	0.0956115	32.5067	149	60 	26 	2352  	1.47413
INFO:gp:150	2277  	0.839269	150	0.899837	0.341883	2277  	0.0943668	32.538 	150	61 	6  	2277  	1.53368
INFO:gp:151	2330  	0.836327	151	0.899837	0.377001	2330  	0.0984738	32.3796	151	58 	18 	2330  	1.38238
INFO:gp:152	2327  	0.837586	152	0.899837	0.272349	2327  	0.09497  	32.1587	152	59 	8  	2327  	1.47198
INFO:gp:153	2345  	0.837327	153	0.899837	0.383144	2345  	0.0946481	32.0749	153	56 	11 	2345  	1.29826
INFO:gp:154	2296  	0.83913 	154	0.899837	0.32679 	2296  	0.0936277	32.0684	154	60 	26 	2296  	1.22795
INFO:gp:155	2339  	0.842067	155	0.899837	0.416404	2339  	0.0875372	32.115 	155	61 	29 	2339  	1.45693
INFO:gp:156	2288  	0.838172	156	0.899837	0.406424	2288  	0.0970665	32.0622	156	59 	28 	2288  	1.19507
INFO:gp:157	2295  	0.842554	157	0.899837	0.357386	2295  	0.091062 	32.0733	157	58 	20 	2295  	1.33681
INFO:gp:158	2305  	0.840182	158	0.899837	0.375759	2305  	0.094101 	32.0642	158	59 	6  	2305  	1.46072
INFO:gp:159	2330  	0.841261	159	0.899837	0.382837	2330  	0.0897092	32.1004	159	61 	14 	2330  	1.35912
INFO:gp:160	2327  	0.838386	160	0.899837	0.257937	2327  	0.0940486	32.0964	160	58 	24 	2327  	1.4766 
INFO:gp:161	2302  	0.839785	161	0.899915	0.314944	2302  	0.0937145	32.1196	161	59 	26 	2302  	1.4728 
INFO:gp:162	2334  	0.841876	162	0.899915	0.344707	2334  	0.0920561	32.0951	162	60 	25 	2334  	1.35445
INFO:gp:163	2333  	0.838636	163	0.899934	0.343017	2333  	0.0922276	32.0577	163	60 	13 	2333  	1.18352
INFO:gp:164	2290  	0.837122	164	0.899934	0.4048  	2290  	0.0954624	32.1395	164	60 	27 	2290  	1.72255
INFO:gp:165	2326  	0.838209	165	0.899939	0.343935	2326  	0.0950792	32.0978	165	58 	6  	2326  	1.40342
INFO:gp:166	2319  	0.837743	166	0.899939	0.268056	2319  	0.0959045	32.1773	166	58 	6  	2319  	1.4876 
INFO:gp:167	2301  	0.838414	167	0.899939	0.397616	2301  	0.0946448	32.246 	167	58 	9  	2301  	1.74033
INFO:gp:168	2320  	0.837951	168	0.899939	0.190221	2320  	0.0966244	32.1163	168	56 	16 	2320  	1.62092
INFO:gp:169	2313  	0.840414	169	0.899942	0.270884	2313  	0.0922304	31.768 	169	61 	28 	2313  	1.76797
INFO:gp:170	2325  	0.839082	170	0.899942	0.236562	2325  	0.0950306	31.3891	170	59 	16 	2325  	1.44425
INFO:gp:171	2313  	0.842228	171	0.899942	0.364269	2313  	0.0921464	31.3014	171	55 	12 	2313  	1.67614
INFO:gp:172	2362  	0.839595	172	0.899942	0.291237	2362  	0.0945606	31.2502	172	56 	10 	2362  	1.37114
INFO:gp:173	2287  	0.841159	173	0.899942	0.391382	2287  	0.0931521	31.3438	173	57 	27 	2287  	1.31591
INFO:gp:174	2304  	0.841366	174	0.899946	0.344062	2304  	0.0942718	31.437 	174	50 	29 	2304  	1.11494
INFO:gp:175	2353  	0.84078 	175	0.899946	0.353855	2353  	0.0934024	31.7211	175	59 	18 	2353  	1.52584
INFO:gp:176	2265  	0.841376	176	0.899946	0.354005	2265  	0.0929584	31.9407	176	54 	6  	2265  	1.32908
INFO:gp:177	2321  	0.840409	177	0.899946	0.405524	2321  	0.0919913	32.0753	177	58 	12 	2321  	1.42061
INFO:gp:178	2337  	0.839063	178	0.899946	0.365893	2337  	0.0977297	32.1173	178	59 	29 	2337  	1.26586
INFO:gp:179	2296  	0.841579	179	0.899946	0.382822	2296  	0.0932816	32.1672	179	62 	25 	2296  	1.24083
INFO:gp:180	2289  	0.84397 	180	0.899947	0.272539	2289  	0.0905756	32.1746	180	58 	26 	2289  	1.22938
INFO:gp:181	2295  	0.84068 	181	0.899947	0.34542 	2295  	0.0933956	32.1333	181	61 	21 	2295  	1.24885
INFO:gp:182	2345  	0.841748	182	0.899947	0.382098	2345  	0.0915088	32.1424	182	61 	8  	2345  	1.59021
INFO:gp:183	2327  	0.840162	183	0.899947	0.31075 	2327  	0.095786 	32.1284	183	61 	22 	2327  	1.46396
INFO:gp:184	2274  	0.846097	184	0.899947	0.382599	2274  	0.0897918	32.1251	184	58 	12 	2274  	1.23698
INFO:gp:185	2336  	0.843248	185	0.899947	0.275815	2336  	0.0903329	32.2871	185	61 	29 	2336  	1.30768
INFO:gp:186	2331  	0.839879	186	0.899947	0.229531	2331  	0.0932247	32.5445	186	58 	6  	2331  	1.597  
INFO:gp:187	2305  	0.843008	187	0.899947	0.325898	2305  	0.0901373	33.0209	187	60 	23 	2305  	1.57351
INFO:gp:188	2337  	0.840437	188	0.899949	0.329394	2337  	0.0947621	33.4757	188	56 	24 	2337  	1.27735
INFO:gp:189	2340  	0.842535	189	0.899949	0.344328	2340  	0.09184  	33.6999	189	65 	8  	2340  	1.64637
INFO:gp:190	2302  	0.841912	190	0.899949	0.267497	2302  	0.0950784	33.7524	190	59 	21 	2302  	1.20656
INFO:gp:191	2302  	0.839994	191	0.899955	0.305982	2302  	0.0945854	33.811 	191	65 	7  	2302  	1.75387
INFO:gp:192	2319  	0.840843	192	0.899955	0.393882	2319  	0.0908991	33.7937	192	62 	29 	2319  	1.63184
INFO:gp:193	2317  	0.843146	193	0.899955	0.341963	2317  	0.0913537	33.7628	193	62 	6  	2317  	1.44107
INFO:gp:194	2310  	0.839903	194	0.899966	0.31635 	2310  	0.0956541	33.7941	194	60 	26 	2310  	1.20657
INFO:gp:195	2306  	0.844739	195	0.899966	0.341739	2306  	0.0885428	33.7885	195	60 	24 	2306  	1.21891
INFO:gp:196	2302  	0.841883	196	0.899966	0.270901	2302  	0.0928685	33.8029	196	65 	26 	2302  	1.46888
INFO:gp:197	2316  	0.841252	197	0.899966	0.343052	2316  	0.0930636	33.7944	197	56 	29 	2316  	1.21376
INFO:gp:198	2346  	0.84057 	198	0.899968	0.340824	2346  	0.093307 	33.7872	198	64 	28 	2346  	1.50269
INFO:gp:199	2302  	0.844996	199	0.899969	0.358796	2302  	0.0880675	33.712 	199	65 	6  	2302  	1.57772
INFO:gp:200	2376  	0.841798	200	0.899973	0.383253	2376  	0.0921547	33.6334	200	64 	29 	2376  	1.56603
INFO:gp:201	2323  	0.841657	201	0.899973	0.238865	2323  	0.0935953	33.6243	201	65 	20 	2323  	1.57859
INFO:gp:202	2313  	0.8432  	202	0.899973	0.436539	2313  	0.08952  	33.6184	202	55 	25 	2313  	1.3067 
INFO:gp:203	2374  	0.841972	203	0.899974	0.425749	2374  	0.0925346	33.5748	203	50 	26 	2374  	1.31117
INFO:gp:204	2289  	0.843163	204	0.899974	0.341088	2289  	0.0917601	33.3457	204	64 	6  	2289  	1.73536
INFO:gp:205	2334  	0.839578	205	0.899977	0.324372	2334  	0.0933733	33.0652	205	60 	8  	2334  	1.54428
INFO:gp:206	2294  	0.843636	206	0.899977	0.307778	2294  	0.0900504	33.2551	206	62 	6  	2294  	1.78598
INFO:gp:207	2331  	0.841806	207	0.899977	0.377916	2331  	0.0944366	33.6142	207	50 	25 	2331  	1.19971
INFO:gp:208	2324  	0.841454	208	0.899977	0.339853	2324  	0.0934996	33.8055	208	62 	29 	2324  	1.33734
INFO:gp:209	2309  	0.844975	209	0.899977	0.366344	2309  	0.0919638	33.783 	209	62 	6  	2309  	1.41415
INFO:gp:210	2270  	0.843579	210	0.899977	0.413839	2270  	0.0910129	33.869 	210	65 	24 	2270  	1.39628
INFO:gp:211	2316  	0.841116	211	0.899977	0.378048	2316  	0.0913405	33.857 	211	62 	28 	2316  	1.22431
INFO:gp:212	2343  	0.840249	212	0.899982	0.292937	2343  	0.0953342	33.8713	212	62 	27 	2343  	1.49007
INFO:gp:213	2366  	0.841533	213	0.900007	0.423462	2366  	0.0933707	33.8961	213	60 	24 	2366  	1.45553
INFO:gp:214	2343  	0.841535	214	0.900007	0.309781	2343  	0.0925257	33.8987	214	64 	27 	2343  	1.54032
INFO:gp:215	2329  	0.842913	215	0.900007	0.310476	2329  	0.0905763	33.842 	215	48 	14 	2329  	1.10309
INFO:gp:216	2373  	0.839724	216	0.900007	0.4064  	2373  	0.0952393	33.8931	216	62 	26 	2373  	1.24656
INFO:gp:217	2295  	0.839793	217	0.900007	0.300387	2295  	0.0945504	33.8837	217	48 	12 	2295  	1.05556
INFO:gp:218	2289  	0.844567	218	0.900007	0.327821	2289  	0.0923827	33.8622	218	65 	29 	2289  	1.24129
INFO:gp:219	2319  	0.842863	219	0.900007	0.345129	2319  	0.0929233	33.841 	219	55 	31 	2319  	1.09181
INFO:gp:220	2331  	0.842084	220	0.900007	0.270062	2331  	0.090808 	33.8648	220	65 	8  	2331  	1.26986
INFO:gp:221	2325  	0.839564	221	0.900007	0.343559	2325  	0.0948565	33.9013	221	60 	30 	2325  	1.11524
INFO:gp:222	2348  	0.839513	222	0.900007	0.281059	2348  	0.0965938	33.957 	222	65 	28 	2348  	1.72426
INFO:gp:223	2326  	0.842754	223	0.900007	0.406125	2326  	0.0918437	33.8948	223	49 	18 	2326  	0.988201
INFO:gp:224	2332  	0.840065	224	0.900007	0.344072	2332  	0.0934732	33.8889	224	59 	29 	2332  	1.16021 
INFO:gp:225	2298  	0.842185	225	0.900007	0.302069	2298  	0.090331 	33.9029	225	62 	20 	2298  	1.20213 
INFO:gp:226	2338  	0.843604	226	0.900007	0.376106	2338  	0.0896861	33.914 	226	62 	8  	2338  	1.46506 
INFO:gp:227	2310  	0.840907	227	0.900007	0.232434	2310  	0.0934468	33.8856	227	64 	6  	2310  	1.39038 
INFO:gp:228	2316  	0.842948	228	0.900007	0.365833	2316  	0.0917018	33.8847	228	49 	29 	2316  	0.896968
INFO:gp:229	2388  	0.836404	229	0.900007	0.34197 	2388  	0.0998237	33.9208	229	60 	31 	2388  	1.24274 
INFO:gp:230	2299  	0.840399	230	0.900007	0.232866	2299  	0.0943488	33.9309	230	60 	29 	2299  	1.20244 
INFO:gp:231	2316  	0.841674	231	0.900007	0.290252	2316  	0.0921697	33.9257	231	62 	20 	2316  	1.28442 
INFO:gp:232	2329  	0.838914	232	0.900007	0.310783	2329  	0.0951872	33.8948	232	62 	20 	2329  	1.29628 
INFO:gp:233	2344  	0.840497	233	0.900007	0.273501	2344  	0.0940643	33.9378	233	62 	26 	2344  	1.4717  
INFO:gp:234	2360  	0.841724	234	0.900007	0.234636	2360  	0.0932827	33.882 	234	62 	6  	2360  	1.40233 
INFO:gp:235	2348  	0.840398	235	0.900007	0.360192	2348  	0.0971422	33.8908	235	60 	12 	2348  	1.19552 
INFO:gp:236	2303  	0.843955	236	0.900007	0.415576	2303  	0.0912066	33.9055	236	60 	30 	2303  	1.01481 
INFO:gp:237	2368  	0.836294	237	0.900007	0.270208	2368  	0.0965564	33.9049	237	65 	8  	2368  	1.29165 
INFO:gp:238	2288  	0.843111	238	0.900007	0.378191	2288  	0.0908398	33.9159	238	65 	26 	2288  	1.38515 
INFO:gp:239	2328  	0.83813 	239	0.900018	0.34428 	2328  	0.0948889	33.8902	239	60 	18 	2328  	1.17595 
INFO:gp:240	2286  	0.843263	240	0.900018	0.404479	2286  	0.0919281	33.9094	240	65 	6  	2286  	1.42006 
INFO:gp:241	2308  	0.838288	241	0.900018	0.377775	2308  	0.0947813	33.9365	241	65 	6  	2308  	1.51398 
INFO:gp:242	2364  	0.838996	242	0.900018	0.281823	2364  	0.0949713	33.9075	242	65 	9  	2364  	1.33281 
INFO:gp:243	2300  	0.841563	243	0.900018	0.270301	2300  	0.0957749	33.9169	243	62 	24 	2300  	1.16002 
INFO:gp:244	2318  	0.846156	244	0.900018	0.382999	2318  	0.0880434	33.929 	244	62 	28 	2318  	1.27365 
INFO:gp:245	2278  	0.843092	245	0.900018	0.343514	2278  	0.0897788	33.9189	245	60 	6  	2278  	1.52516 
INFO:gp:246	2337  	0.84205 	246	0.900018	0.341127	2337  	0.0947652	33.9433	246	65 	28 	2337  	1.49531 
INFO:gp:247	2305  	0.841725	247	0.900018	0.269982	2305  	0.0926574	33.9123	247	62 	30 	2305  	1.23004 
INFO:gp:248	2330  	0.842914	248	0.900018	0.291232	2330  	0.0917101	33.9355	248	62 	31 	2330  	1.33104 
INFO:gp:249	2279  	0.843599	249	0.900018	0.329512	2279  	0.0924609	33.9221	249	65 	27 	2279  	1.22938 
INFO:gp:250	2318  	0.840939	250	0.900018	0.380127	2318  	0.094081 	33.9651	250	64 	8  	2318  	1.71525 
INFO:gp:251	2348  	0.841805	251	0.900018	0.342945	2348  	0.0927164	33.926 	251	64 	23 	2348  	1.31366 
INFO:gp:252	2324  	0.841956	252	0.900018	0.345413	2324  	0.093586 	33.9528	252	65 	31 	2324  	1.50357 
INFO:gp:253	2294  	0.841876	253	0.900018	0.343354	2294  	0.0930467	33.8892	253	50 	22 	2294  	1.0326  
INFO:gp:254	2317  	0.843243	254	0.900018	0.379088	2317  	0.092585 	33.9049	254	62 	8  	2317  	1.32158 
INFO:gp:255	2260  	0.842666	255	0.900018	0.40187 	2260  	0.0913746	33.9234	255	65 	21 	2260  	1.26731 
INFO:gp:256	2264  	0.843717	256	0.900018	0.378244	2264  	0.090997 	33.9299	256	60 	27 	2264  	1.19327 
INFO:gp:257	2298  	0.842719	257	0.900018	0.382501	2298  	0.0929616	33.9045	257	64 	29 	2298  	1.36557 
INFO:gp:258	2330  	0.842236	258	0.900018	0.340896	2330  	0.0937179	33.9544	258	65 	30 	2330  	1.5864  
INFO:gp:259	2313  	0.841421	259	0.900018	0.416317	2313  	0.0913263	33.926 	259	64 	31 	2313  	1.36309 
INFO:gp:260	2344  	0.841263	260	0.900018	0.269623	2344  	0.0918591	33.9404	260	65 	6  	2344  	1.64691 
INFO:gp:261	2319  	0.840391	261	0.900018	0.236525	2319  	0.0955852	33.8967	261	64 	22 	2319  	1.21228 
INFO:gp:262	2344  	0.840423	262	0.900018	0.310804	2344  	0.0927173	33.94  	262	65 	29 	2344  	1.47478 
INFO:gp:263	2290  	0.840509	263	0.900018	0.343166	2290  	0.0945075	33.9345	263	64 	6  	2290  	1.53845 
INFO:gp:264	2288  	0.843766	264	0.900018	0.346952	2288  	0.0925665	33.9355	264	64 	21 	2288  	1.51728 
INFO:gp:265	2299  	0.840959	265	0.900018	0.388002	2299  	0.0922434	33.9009	265	62 	22 	2299  	1.02936 
INFO:gp:266	2323  	0.839374	266	0.900018	0.310646	2323  	0.0933975	33.9231	266	62 	18 	2323  	1.34451 
INFO:gp:267	2320  	0.84038 	267	0.900025	0.325923	2320  	0.095004 	33.8912	267	60 	6  	2320  	1.16421 
INFO:gp:268	2336  	0.84093 	268	0.900025	0.340048	2336  	0.095291 	33.9378	268	62 	27 	2336  	1.32317 
INFO:gp:269	2329  	0.840257	269	0.900025	0.235519	2329  	0.0935509	33.9355	269	62 	11 	2329  	1.37605 
INFO:gp:270	2337  	0.841165	270	0.900025	0.321834	2337  	0.093446 	33.9058	270	62 	21 	2337  	1.22531 
INFO:gp:271	2335  	0.839963	271	0.900025	0.315361	2335  	0.0928545	33.9488	271	62 	27 	2335  	1.39273 
INFO:gp:272	2275  	0.843065	272	0.900025	0.345583	2275  	0.0924081	33.9394	272	64 	18 	2275  	1.41453 
INFO:gp:273	2313  	0.840446	273	0.900025	0.316173	2313  	0.0923117	33.9404	273	62 	29 	2313  	1.36761 
INFO:gp:274	2308  	0.843772	274	0.900025	0.361205	2308  	0.0895749	33.9404	274	62 	27 	2308  	1.20525 
INFO:gp:275	2329  	0.839547	275	0.900025	0.346933	2329  	0.0947001	33.9756	275	65 	21 	2329  	1.84908 
INFO:gp:276	2332  	0.841472	276	0.900025	0.377792	2332  	0.0917694	33.9198	276	65 	8  	2332  	1.51889 
INFO:gp:277	2295  	0.840561	277	0.900025	0.383373	2295  	0.0928371	33.9541	277	62 	18 	2295  	1.40549 
INFO:gp:278	2339  	0.840067	278	0.900025	0.313638	2339  	0.0942   	33.9257	278	65 	21 	2339  	1.42786 
INFO:gp:279	2326  	0.839938	279	0.900025	0.30982 	2326  	0.0947899	33.9231	279	60 	29 	2326  	1.15327 
INFO:gp:280	2334  	0.840517	280	0.900025	0.387501	2334  	0.0911458	33.9355	280	55 	31 	2334  	1.12862 
INFO:gp:281	2324  	0.838992	281	0.900025	0.344747	2324  	0.0952078	33.9003	281	60 	13 	2324  	1.02708 
INFO:gp:282	2318  	0.838567	282	0.900025	0.34549 	2318  	0.0959866	33.9211	282	62 	14 	2318  	1.36985 
INFO:gp:283	2285  	0.839495	283	0.900025	0.367237	2285  	0.0941559	33.9228	283	62 	6  	2285  	1.45696 
INFO:gp:284	2291  	0.839431	284	0.900025	0.343504	2291  	0.0934706	33.9185	284	62 	6  	2291  	1.2245  
INFO:gp:285	2309  	0.838808	285	0.900081	0.340576	2309  	0.0940977	33.9541	285	62 	29 	2309  	1.47451 
INFO:gp:286	2352  	0.838424	286	0.900081	0.31255 	2352  	0.0919964	33.9286	286	64 	28 	2352  	1.52415 
INFO:gp:287	2337  	0.836976	287	0.900081	0.196274	2337  	0.0960252	33.9658	287	62 	16 	2337  	1.51644 
INFO:gp:288	2331  	0.838151	288	0.900081	0.343997	2331  	0.0951566	33.9309	288	64 	26 	2331  	1.28952 
INFO:gp:289	2375  	0.838511	289	0.900081	0.32109 	2375  	0.0938194	33.9619	289	60 	30 	2375  	1.66916 
INFO:gp:290	2314  	0.840138	290	0.900081	0.271931	2314  	0.0923078	33.9234	290	65 	29 	2314  	1.33394 
INFO:gp:291	2317  	0.839073	291	0.90012 	0.232819	2317  	0.0918245	33.9081	291	62 	7  	2317  	1.35492 
INFO:gp:292	2285  	0.842092	292	0.90012 	0.37857 	2285  	0.0894717	33.9397	292	65 	8  	2285  	1.56783 
INFO:gp:293	2343  	0.841871	293	0.900166	0.303471	2343  	0.0885673	33.9319	293	62 	16 	2343  	1.376   
INFO:gp:294	2313  	0.845344	294	0.900166	0.456084	2313  	0.0860738	33.898 	294	62 	30 	2313  	1.04961 
INFO:gp:295	2332  	0.841681	295	0.900254	0.36118 	2332  	0.0899505	33.9831	295	64 	26 	2332  	1.66687 
INFO:gp:296	2356  	0.841474	296	0.900254	0.343993	2356  	0.0874346	33.8996	296	62 	27 	2356  	1.32095 
INFO:gp:297	2319  	0.839354	297	0.900254	0.35104 	2319  	0.0925046	33.9016	297	62 	8  	2319  	1.24595 
INFO:gp:298	2341  	0.840572	298	0.900254	0.359728	2341  	0.088807 	33.8912	298	65 	26 	2341  	1.40609 
INFO:gp:299	2343  	0.8405  	299	0.900254	0.323982	2343  	0.0906953	33.8941	299	62 	14 	2343  	1.24703 
INFO:gp:300	2353  	0.839457	300	0.900268	0.441256	2353  	0.0940318	33.9039	300	64 	27 	2353  	1.33414 
INFO:gp:301	2302  	0.840169	301	0.900284	0.401091	2302  	0.0945783	33.8785	301	64 	22 	2302  	1.41095 
INFO:gp:302	2330  	0.8347  	302	0.900284	0.271916	2330  	0.10051  	33.9146	302	65 	21 	2330  	1.48036 
INFO:gp:303	2339  	0.83613 	303	0.900284	0.377203	2339  	0.0995182	33.9339	303	64 	19 	2339  	1.54456 
INFO:gp:304	2355  	0.835425	304	0.900354	0.305096	2355  	0.0999728	33.9541	304	64 	31 	2355  	1.52363 
INFO:gp:305	2319  	0.835911	305	0.900354	0.341046	2319  	0.0995798	33.9166	305	62 	27 	2319  	1.12187 
INFO:gp:306	2265  	0.841636	306	0.900354	0.277138	2265  	0.0937767	33.9352	306	64 	31 	2265  	1.27001 
INFO:gp:307	2318  	0.838805	307	0.900354	0.376224	2318  	0.0978148	33.94  	307	62 	23 	2318  	1.30854 
INFO:gp:308	2287  	0.836796	308	0.900354	0.310609	2287  	0.101004 	33.9345	308	65 	30 	2287  	1.42201 
INFO:gp:309	2306  	0.833377	309	0.900354	0.301515	2306  	0.101608 	33.9195	309	60 	21 	2306  	1.28392 
INFO:gp:310	2348  	0.830353	310	0.900354	0.288569	2348  	0.103182 	33.9866	310	65 	27 	2348  	1.64398 
INFO:gp:311	2326  	0.830297	311	0.900354	0.313533	2326  	0.104902 	33.9596	311	62 	27 	2326  	1.51446 
INFO:gp:312	2332  	0.834737	312	0.900354	0.38364 	2332  	0.100009 	33.9524	312	65 	30 	2332  	1.42077 
INFO:gp:313	2293  	0.831929	313	0.900354	0.340763	2293  	0.104197 	33.9221	313	62 	27 	2293  	1.20258 
INFO:gp:314	2352  	0.832045	314	0.900407	0.313236	2352  	0.102176 	33.9378	314	59 	27 	2352  	1.32784 
INFO:gp:315	2356  	0.830613	315	0.900407	0.304965	2356  	0.103009 	33.9032	315	65 	29 	2356  	1.25714 
INFO:gp:316	2322  	0.832869	316	0.900407	0.364042	2322  	0.102263 	33.9749	316	64 	21 	2322  	1.80754 
INFO:gp:317	2350  	0.832421	317	0.900407	0.309616	2350  	0.102353 	33.9788	317	65 	28 	2350  	1.50654 
INFO:gp:318	2320  	0.832415	318	0.900407	0.341706	2320  	0.102642 	33.9378	318	62 	22 	2320  	1.332   
INFO:gp:319	2276  	0.833124	319	0.900407	0.342769	2276  	0.103814 	33.9101	319	60 	29 	2276  	1.06228 
INFO:gp:320	2317  	0.832823	320	0.900407	0.344985	2317  	0.102082 	33.9335	320	65 	29 	2317  	1.33436 
INFO:gp:321	2319  	0.835561	321	0.90043 	0.379602	2319  	0.100345 	33.9019	321	65 	27 	2319  	1.12547 
INFO:gp:322	2288  	0.839205	322	0.90043 	0.303724	2288  	0.0965375	33.9475	322	64 	27 	2288  	1.39128 
INFO:gp:323	2322  	0.84001 	323	0.90043 	0.40253 	2322  	0.0939342	33.9368	323	62 	22 	2322  	1.34643 
INFO:gp:324	2308  	0.837675	324	0.90043 	0.310065	2308  	0.0964555	33.9413	324	64 	30 	2308  	1.33302 
INFO:gp:325	2361  	0.834896	325	0.90043 	0.270543	2361  	0.0993429	33.9371	325	62 	27 	2361  	1.17302 
INFO:gp:326	2376  	0.836023	326	0.90043 	0.27286 	2376  	0.0970735	33.969 	326	65 	22 	2376  	1.47887 
INFO:gp:327	2312  	0.838625	327	0.90043 	0.228278	2312  	0.0947996	33.928 	327	56 	24 	2312  	1.13206 
INFO:gp:328	2289  	0.835144	328	0.90043 	0.347075	2289  	0.101039 	33.9586	328	62 	24 	2289  	1.28121 
INFO:gp:329	2300  	0.834099	329	0.90043 	0.310183	2300  	0.102218 	33.9371	329	64 	24 	2300  	1.41131 
INFO:gp:330	2343  	0.831202	330	0.90043 	0.406003	2343  	0.103011 	33.9159	330	62 	24 	2343  	1.35999 
INFO:gp:331	2339  	0.831867	331	0.90043 	0.383586	2339  	0.100778 	33.9345	331	62 	24 	2339  	1.2999  
INFO:gp:332	2296  	0.833601	332	0.90043 	0.313875	2296  	0.103847 	33.941 	332	62 	24 	2296  	1.43461 
INFO:gp:333	2296  	0.836639	333	0.90043 	0.345201	2296  	0.0997746	33.9505	333	65 	24 	2296  	1.44999 
INFO:gp:334	2287  	0.836778	334	0.90043 	0.289887	2287  	0.100257 	33.9179	334	62 	24 	2287  	1.35338 
INFO:gp:335	2335  	0.831579	335	0.90043 	0.316108	2335  	0.103813 	33.9671	335	65 	29 	2335  	1.50026 
INFO:gp:336	2281  	0.831261	336	0.90043 	0.309291	2281  	0.106473 	33.9234	336	59 	24 	2281  	1.1956  
INFO:gp:337	2354  	0.831214	337	0.90043 	0.353392	2354  	0.101631 	33.911 	337	65 	24 	2354  	1.46744 
INFO:gp:338	2332  	0.832229	338	0.90043 	0.235617	2332  	0.103159 	33.9208	338	62 	24 	2332  	1.31286 
INFO:gp:339	2308  	0.833551	339	0.90043 	0.387143	2308  	0.102212 	33.8863	339	60 	24 	2308  	1.11848 
INFO:gp:340	2341  	0.833498	340	0.90043 	0.234957	2341  	0.102051 	33.9123	340	65 	29 	2341  	1.32591 
INFO:gp:341	2297  	0.836119	341	0.90043 	0.277069	2297  	0.0990617	33.9091	341	62 	24 	2297  	1.0896  
INFO:gp:342	2324  	0.830311	342	0.90043 	0.32466 	2324  	0.104856 	33.8827	342	60 	24 	2324  	1.11855 
INFO:gp:343	2308  	0.832546	343	0.90043 	0.310384	2308  	0.103195 	33.9361	343	65 	27 	2308  	1.45727 
INFO:gp:344	2294  	0.83592 	344	0.90043 	0.311483	2294  	0.102262 	33.9198	344	60 	28 	2294  	1.09388 
INFO:gp:345	2366  	0.83038 	345	0.90043 	0.249729	2366  	0.104108 	33.9257	345	64 	24 	2366  	1.55732 
INFO:gp:346	2320  	0.835546	346	0.90043 	0.245966	2320  	0.0997034	33.9332	346	65 	24 	2320  	1.50867 
INFO:gp:347	2331  	0.831707	347	0.90043 	0.304017	2331  	0.103734 	33.8667	347	60 	24 	2331  	1.08313 
INFO:gp:348	2340  	0.830987	348	0.90043 	0.345274	2340  	0.102398 	33.9039	348	62 	27 	2340  	1.28792 
INFO:gp:349	2323  	0.83162 	349	0.90043 	0.343515	2323  	0.103263 	33.9127	349	62 	24 	2323  	1.27238 
INFO:gp:350	2328  	0.830668	350	0.90043 	0.295845	2328  	0.102212 	33.9234	350	65 	24 	2328  	1.26962 
INFO:gp:351	2321  	0.832006	351	0.90043 	0.344201	2321  	0.102332 	33.9045	351	62 	27 	2321  	1.17332 
INFO:gp:352	2303  	0.834554	352	0.90043 	0.211746	2303  	0.0991298	33.9127	352	65 	27 	2303  	1.17243 
INFO:gp:353	2349  	0.835802	353	0.90043 	0.403901	2349  	0.100641 	33.9427	353	60 	24 	2349  	1.37234 
INFO:gp:354	2301  	0.831301	354	0.90043 	0.341125	2301  	0.105507 	33.9638	354	65 	30 	2301  	1.65765 
INFO:gp:355	2299  	0.829439	355	0.90043 	0.36707 	2299  	0.104164 	33.9277	355	64 	27 	2299  	1.31537 
INFO:gp:356	2346  	0.835151	356	0.90043 	0.36736 	2346  	0.100192 	33.9671	356	65 	24 	2346  	1.59133 
INFO:gp:357	2345  	0.830161	357	0.90043 	0.25778 	2345  	0.103159 	33.9384	357	56 	29 	2345  	1.18717 
INFO:gp:358	2350  	0.833702	358	0.90043 	0.381111	2350  	0.100906 	33.8964	358	62 	24 	2350  	1.25439 
INFO:gp:359	2305  	0.835415	359	0.90043 	0.289182	2305  	0.0997209	33.9544	359	62 	29 	2305  	1.44133 
INFO:gp:360	2310  	0.829672	360	0.90043 	0.336782	2310  	0.106124 	33.9384	360	65 	30 	2310  	1.14412 
INFO:gp:361	2294  	0.834234	361	0.90043 	0.364857	2294  	0.10102  	33.9475	361	65 	24 	2294  	1.5172  
INFO:gp:362	2361  	0.832643	362	0.90043 	0.31617 	2361  	0.10342  	33.9567	362	62 	24 	2361  	1.47215 
INFO:gp:363	2287  	0.836957	363	0.90043 	0.381635	2287  	0.0994367	33.9094	363	49 	24 	2287  	1.00647 
INFO:gp:364	2320  	0.83309 	364	0.90043 	0.272585	2320  	0.102652 	33.9231	364	62 	24 	2320  	1.17538 
INFO:gp:365	2309  	0.834878	365	0.90043 	0.346643	2309  	0.100041 	33.912 	365	62 	28 	2309  	1.07403 
INFO:gp:366	2327  	0.832937	366	0.90043 	0.289223	2327  	0.103837 	33.9355	366	62 	25 	2327  	1.12312 
INFO:gp:367	2346  	0.83042 	367	0.90043 	0.3229  	2346  	0.105535 	33.9723	367	65 	24 	2346  	1.57123 
INFO:gp:368	2304  	0.834194	368	0.90043 	0.398581	2304  	0.100771 	33.9625	368	60 	30 	2304  	1.39387 
INFO:gp:369	2293  	0.835647	369	0.90043 	0.343619	2293  	0.102422 	33.9335	369	64 	24 	2293  	1.2478  
INFO:gp:370	2320  	0.836169	370	0.90043 	0.311523	2320  	0.1001   	33.9316	370	62 	27 	2320  	1.34545 
INFO:gp:371	2332  	0.830673	371	0.90043 	0.305276	2332  	0.105735 	33.9818	371	65 	30 	2332  	1.47323 
INFO:gp:372	2326  	0.834166	372	0.90043 	0.388005	2326  	0.101192 	33.969 	372	62 	24 	2326  	1.50637 
INFO:gp:373	2324  	0.832271	373	0.90043 	0.345267	2324  	0.10345  	33.9671	373	62 	24 	2324  	1.43021 
INFO:gp:374	2336  	0.832643	374	0.90043 	0.383348	2336  	0.103135 	33.9394	374	64 	31 	2336  	1.29071 
INFO:gp:375	2315  	0.831602	375	0.90043 	0.344496	2315  	0.102808 	33.9371	375	60 	31 	2315  	1.17552 
INFO:gp:376	2328  	0.833018	376	0.90043 	0.375893	2328  	0.100009 	33.9166	376	64 	27 	2328  	0.983514
INFO:gp:377	2318  	0.832793	377	0.90043 	0.343992	2318  	0.104501 	33.956 	377	65 	31 	2318  	1.40439 
INFO:gp:378	2295  	0.834706	378	0.90043 	0.341308	2295  	0.101524 	33.9596	378	65 	24 	2295  	1.36294 
INFO:gp:379	2348  	0.830315	379	0.90043 	0.342739	2348  	0.104595 	33.9642	379	65 	27 	2348  	1.44273 
INFO:gp:380	2323  	0.831063	380	0.90043 	0.383616	2323  	0.10379  	33.9909	380	65 	24 	2323  	1.46844 
INFO:gp:381	2332  	0.833846	381	0.90043 	0.291054	2332  	0.101177 	33.9404	381	62 	24 	2332  	1.2341  
INFO:gp:382	2310  	0.836454	382	0.90043 	0.425729	2310  	0.100786 	33.9658	382	65 	29 	2310  	1.37299 
INFO:gp:383	2321  	0.830202	383	0.90043 	0.307698	2321  	0.103383 	33.9498	383	65 	27 	2321  	1.33825 
INFO:gp:384	2319  	0.837359	384	0.90043 	0.344083	2319  	0.0979326	33.9583	384	62 	28 	2319  	1.27954 
INFO:gp:385	2307  	0.832749	385	0.90043 	0.313471	2307  	0.102625 	33.9166	385	60 	24 	2307  	1.22782 
INFO:gp:386	2318  	0.832085	386	0.90043 	0.327514	2318  	0.103137 	33.9107	386	48 	24 	2318  	0.852714
INFO:gp:387	2324  	0.829988	387	0.90043 	0.38297 	2324  	0.103931 	33.9651	387	65 	29 	2324  	1.23847 
INFO:gp:388	2314  	0.832944	388	0.90043 	0.235107	2314  	0.105128 	33.9293	388	55 	22 	2314  	0.980031
INFO:gp:389	2329  	0.831795	389	0.90043 	0.387146	2329  	0.104487 	33.9381	389	62 	29 	2329  	1.03887 
INFO:gp:390	2295  	0.831129	390	0.90043 	0.271799	2295  	0.10478  	33.9909	390	65 	24 	2295  	1.65004 
INFO:gp:391	2331  	0.831808	391	0.90043 	0.289001	2331  	0.103351 	33.9694	391	65 	24 	2331  	1.30182 
INFO:gp:392	2348  	0.829399	392	0.90043 	0.405486	2348  	0.104204 	33.9495	392	64 	28 	2348  	1.30632 
INFO:gp:393	2324  	0.831501	393	0.90043 	0.236797	2324  	0.103342 	33.9791	393	64 	31 	2324  	1.40806 
INFO:gp:394	2252  	0.832192	394	0.90043 	0.236797	2252  	0.105424 	33.9475	394	64 	24 	2252  	1.18843 
INFO:gp:395	2357  	0.827746	395	0.90043 	0.23728 	2357  	0.10553  	33.9537	395	62 	29 	2357  	1.23586 
INFO:gp:396	2294  	0.834504	396	0.90043 	0.403133	2294  	0.102283 	33.9251	396	56 	24 	2294  	1.0399  
INFO:gp:397	2311  	0.832879	397	0.90043 	0.304246	2311  	0.105157 	33.9498	397	60 	30 	2311  	1.16317 
INFO:gp:398	2295  	0.835566	398	0.90043 	0.292863	2295  	0.0976238	33.9332	398	65 	28 	2295  	1.27988 
INFO:gp:399	2306  	0.836375	399	0.90043 	0.296407	2306  	0.100593 	33.9775	399	62 	30 	2306  	1.46485 
INFO:gp:400	2340  	0.831396	400	0.90043 	0.236013	2340  	0.10631  	33.9534	400	65 	24 	2340  	1.23571 
INFO:__main__:Saving model to file: checkpoints/run_6.pth
INFO:util:Train accuracy: 0.975 +- 0.025000000000000022
INFO:util:Val accuracy: 0.975 +- 0.025000000000000022
INFO:util:Test accuracy: 0.6666666666666666 +- 0.0
INFO:util:Train intra-class: 0.026392142663245896, Train Inter-class: 0.23069479419302952
INFO:util:Val intra-class: 0.11248783502735336, Val Inter-class: 0.18016450273549728
INFO:util:Test intra-class: 0.0, Test inter-class: 0.22174928557387502
