INFO:data:Reading dataset fish: part
INFO:data:Class Counts: [6 6 3 6 6 3], Class Ratios: [0.2 0.2 0.1 0.2 0.2 0.1]
INFO:data:Number of features: 1023
Number of instances: 30
Number of classes 6.
INFO:__main__:No model found. Train from scratch.
INFO:gp:   	      	                                fitness                                	                      size                     
   	      	-----------------------------------------------------------------------	-----------------------------------------------
gen	nevals	avg     	gen	max     	min     	nevals	std    	avg 	gen	max	min	nevals	std    
0  	100   	0.235953	0  	0.440489	0.106103	100   	0.07804	5.52	0  	7  	3  	100   	1.69399
INFO:gp:1  	77    	0.333061	1  	0.458707	0.128453	77    	0.0674818	5.95	1  	12 	3  	77    	1.73997
INFO:gp:2  	78    	0.38048 	2  	0.514041	0.129071	78    	0.0713962	6.13	2  	16 	3  	78    	2.53636
INFO:gp:3  	73    	0.429581	3  	0.573373	0.227028	73    	0.0681869	7.2 	3  	18 	3  	73    	3.40294
INFO:gp:4  	73    	0.474405	4  	0.64245 	0.313903	73    	0.0606823	6.98	4  	18 	3  	73    	3.2093 
INFO:gp:5  	75    	0.4958  	5  	0.643039	0.314137	75    	0.0605838	6.77	5  	14 	3  	75    	2.34885
INFO:gp:6  	80    	0.536842	6  	0.643039	0.345076	80    	0.0627968	7.58	6  	10 	3  	80    	1.41549
INFO:gp:7  	70    	0.577095	7  	0.675154	0.357915	70    	0.0679522	8.12	7  	13 	3  	70    	1.08885
INFO:gp:8  	76    	0.603055	8  	0.697212	0.423529	76    	0.0581978	7.88	8  	10 	3  	76    	0.82801
INFO:gp:9  	80    	0.612853	9  	0.697212	0.455747	80    	0.0573698	8.2 	9  	13 	3  	80    	1.25698
INFO:gp:10 	75    	0.634759	10 	0.697212	0.397478	75    	0.068154 	8.18	10 	13 	6  	75    	0.84119
INFO:gp:11 	70    	0.63912 	11 	0.697212	0.413685	70    	0.06504  	8.09	11 	13 	4  	70    	1.07791
INFO:gp:12 	72    	0.638566	12 	0.697815	0.475263	72    	0.0632582	8.14	12 	12 	6  	72    	0.848764
INFO:gp:13 	77    	0.644295	13 	0.697815	0.349643	77    	0.0678346	8.01	13 	10 	6  	77    	0.479479
INFO:gp:14 	77    	0.641998	14 	0.698538	0.405138	77    	0.0687612	8.21	14 	18 	6  	77    	1.20246 
INFO:gp:15 	77    	0.64672 	15 	0.698538	0.474316	77    	0.0556438	8.2 	15 	14 	6  	77    	1       
INFO:gp:16 	79    	0.640714	16 	0.698538	0.431125	79    	0.063469 	8.07	16 	13 	6  	79    	0.681982
INFO:gp:17 	73    	0.64386 	17 	0.698538	0.367321	73    	0.0726047	8.11	17 	13 	6  	73    	0.904378
INFO:gp:18 	74    	0.65896 	18 	0.698538	0.459001	74    	0.0592812	8.04	18 	12 	6  	74    	0.705975
INFO:gp:19 	76    	0.642286	19 	0.698621	0.401841	76    	0.0745136	8.15	19 	13 	6  	76    	0.766485
INFO:gp:20 	76    	0.642521	20 	0.698699	0.462848	76    	0.0628886	8.29	20 	14 	5  	76    	1.26724 
INFO:gp:21 	68    	0.669721	21 	0.719194	0.493652	68    	0.0526851	8.36	21 	14 	6  	68    	1.22898 
INFO:gp:22 	72    	0.669351	22 	0.719284	0.498272	72    	0.0528428	9.13	22 	14 	6  	72    	1.90082 
INFO:gp:23 	79    	0.649099	23 	0.719284	0.449129	79    	0.0629704	10.38	23 	21 	6  	79    	2.55648 
INFO:gp:24 	79    	0.645528	24 	0.719284	0.448305	79    	0.0692376	9.98 	24 	17 	6  	79    	2.21802 
INFO:gp:25 	77    	0.655082	25 	0.773435	0.327935	77    	0.0736779	8.66 	25 	14 	6  	77    	1.47797 
INFO:gp:26 	79    	0.673783	26 	0.773435	0.50198 	79    	0.0591806	8.4  	26 	14 	6  	79    	1.31149 
INFO:gp:27 	80    	0.693105	27 	0.773435	0.539975	80    	0.0516328	8.4  	27 	15 	6  	80    	1.39284 
INFO:gp:28 	73    	0.701567	28 	0.774354	0.496898	73    	0.0647237	8.2  	28 	12 	8  	73    	0.663325
INFO:gp:29 	79    	0.708805	29 	0.774354	0.496724	79    	0.073619 	8.39 	29 	13 	8  	79    	1.01877 
INFO:gp:30 	79    	0.709638	30 	0.774425	0.436894	79    	0.0735644	8.53 	30 	13 	8  	79    	1.09959 
INFO:gp:31 	85    	0.721278	31 	0.774425	0.508916	85    	0.0677653	8.61 	31 	14 	8  	85    	1.31069 
INFO:gp:32 	74    	0.733312	32 	0.774425	0.57042 	74    	0.0579578	8.75 	32 	14 	8  	74    	1.24399 
INFO:gp:33 	78    	0.72813 	33 	0.774484	0.492439	78    	0.068753 	9.21 	33 	14 	8  	78    	1.21074 
INFO:gp:34 	76    	0.736715	34 	0.774484	0.500173	76    	0.0620906	9.96 	34 	16 	8  	76    	1.31848 
INFO:gp:35 	81    	0.72277 	35 	0.774499	0.510557	81    	0.0671089	10.04	35 	16 	8  	81    	1.06696 
INFO:gp:36 	75    	0.737012	36 	0.774499	0.467193	75    	0.0612827	10.35	36 	16 	8  	75    	1.62711 
INFO:gp:37 	71    	0.742572	37 	0.774499	0.533149	71    	0.0563705	10.51	37 	16 	8  	71    	1.67628 
INFO:gp:38 	71    	0.735384	38 	0.793909	0.518012	71    	0.0678416	10.28	38 	16 	8  	71    	1.34967 
INFO:gp:39 	80    	0.732474	39 	0.793909	0.427476	80    	0.0697285	10.2 	39 	16 	8  	80    	1.40712 
INFO:gp:40 	74    	0.735547	40 	0.793909	0.499543	74    	0.0659895	10.27	40 	16 	8  	74    	1.56751 
INFO:gp:41 	81    	0.737948	41 	0.793909	0.505798	81    	0.0652692	10.2 	41 	17 	8  	81    	1.2083  
INFO:gp:42 	75    	0.746409	42 	0.794185	0.478867	75    	0.0656122	10.11	42 	16 	8  	75    	1.01877 
INFO:gp:43 	77    	0.736562	43 	0.794185	0.506466	77    	0.0744449	10.23	43 	16 	8  	77    	1.42025 
INFO:gp:44 	74    	0.736536	44 	0.794185	0.55597 	74    	0.071636 	10.49	44 	16 	8  	74    	1.81931 
INFO:gp:45 	73    	0.735968	45 	0.794185	0.420423	73    	0.0764079	10.53	45 	16 	8  	73    	1.45227 
INFO:gp:46 	76    	0.727961	46 	0.794185	0.490811	76    	0.0806721	10.82	46 	16 	8  	76    	1.75146 
INFO:gp:47 	75    	0.736976	47 	0.794383	0.450664	75    	0.0844352	11.29	47 	16 	8  	75    	2.03615 
INFO:gp:48 	81    	0.735854	48 	0.794383	0.505387	81    	0.0745098	10.6 	48 	16 	8  	81    	1.64924 
INFO:gp:49 	80    	0.735011	49 	0.79439 	0.536293	80    	0.0724555	10.56	49 	16 	8  	80    	1.60823 
INFO:gp:50 	78    	0.732715	50 	0.794488	0.433139	78    	0.0802732	10.49	50 	16 	8  	78    	1.59684 
INFO:gp:51 	84    	0.724549	51 	0.794488	0.489193	84    	0.0841464	10.61	51 	16 	8  	84    	1.67269 
INFO:gp:52 	79    	0.74734 	52 	0.794488	0.554519	79    	0.0651759	10.24	52 	16 	10 	79    	1.02098 
INFO:gp:53 	76    	0.749016	53 	0.794547	0.523543	76    	0.064019 	10.33	53 	16 	10 	76    	1.09595 
INFO:gp:54 	74    	0.753902	54 	0.794547	0.527957	74    	0.0637897	10.43	54 	15 	10 	74    	1.15113 
INFO:gp:55 	75    	0.750194	55 	0.794547	0.514775	75    	0.0605842	10.24	55 	15 	10 	75    	0.895768
INFO:gp:56 	76    	0.742537	56 	0.794562	0.46763 	76    	0.0761571	10.3 	56 	16 	10 	76    	1.00499 
INFO:gp:57 	70    	0.748732	57 	0.794562	0.535183	70    	0.0669832	10.48	57 	17 	10 	70    	1.26079 
INFO:gp:58 	78    	0.740756	58 	0.794562	0.397235	78    	0.0719805	10.61	58 	16 	10 	78    	1.2798  
INFO:gp:59 	78    	0.751355	59 	0.794615	0.510639	78    	0.0646963	11.06	59 	17 	10 	78    	1.5609  
INFO:gp:60 	80    	0.74714 	60 	0.794669	0.579595	80    	0.0689071	11.48	60 	17 	10 	80    	1.74057 
INFO:gp:61 	77    	0.760687	61 	0.794669	0.574727	77    	0.0590736	12.45	61 	21 	10 	77    	2.3038  
INFO:gp:62 	82    	0.738506	62 	0.794669	0.508687	82    	0.0692815	13.02	62 	21 	10 	82    	2.10228 
INFO:gp:63 	72    	0.747911	63 	0.79467 	0.51795 	72    	0.0683221	13.7 	63 	22 	10 	72    	2.2383  
INFO:gp:64 	81    	0.729053	64 	0.79467 	0.541189	81    	0.075999 	15.2 	64 	25 	10 	81    	2.17715 
INFO:gp:65 	80    	0.744158	65 	0.794705	0.510063	80    	0.0712712	15.93	65 	22 	10 	80    	2.21926 
INFO:gp:66 	80    	0.731235	66 	0.794705	0.390289	80    	0.091518 	16.59	66 	22 	11 	80    	1.67985 
INFO:gp:67 	79    	0.735096	67 	0.794705	0.510927	79    	0.0774603	16.88	67 	24 	10 	79    	1.85084 
INFO:gp:68 	69    	0.748815	68 	0.794705	0.5063  	69    	0.0696117	16.65	68 	26 	10 	69    	1.98683 
INFO:gp:69 	81    	0.739873	69 	0.794726	0.555465	81    	0.0711315	16.26	69 	23 	10 	81    	1.62862 
INFO:gp:70 	75    	0.738727	70 	0.794726	0.559719	75    	0.0704653	16.32	70 	26 	10 	75    	1.74287 
INFO:gp:71 	74    	0.744326	71 	0.794734	0.441969	74    	0.0723669	16.07	71 	19 	10 	74    	1.15978 
INFO:gp:72 	75    	0.735983	72 	0.794768	0.445572	75    	0.0838751	16.27	72 	19 	10 	75    	1.1735  
INFO:gp:73 	80    	0.737127	73 	0.794768	0.480392	80    	0.0732455	16.4 	73 	19 	15 	80    	1.00995 
INFO:gp:74 	79    	0.733764	74 	0.794768	0.515764	79    	0.0781409	16.46	74 	28 	10 	79    	1.73447 
INFO:gp:75 	75    	0.742687	75 	0.794784	0.461595	75    	0.0754457	16.91	75 	28 	10 	75    	2.37105 
INFO:gp:76 	78    	0.727789	76 	0.794784	0.455777	78    	0.0791327	17.32	76 	22 	16 	78    	1.46888 
INFO:gp:77 	81    	0.740448	77 	0.812751	0.574313	81    	0.068734 	17.45	77 	28 	16 	81    	1.87283 
INFO:gp:78 	70    	0.74137 	78 	0.812751	0.560595	70    	0.0652513	17.48	78 	22 	10 	70    	1.33026 
INFO:gp:79 	72    	0.735071	79 	0.812751	0.494006	72    	0.0798121	17.91	79 	26 	16 	72    	1.63765 
INFO:gp:80 	70    	0.739655	80 	0.812751	0.488855	70    	0.0792602	18.44	80 	35 	16 	70    	2.35508 
INFO:gp:81 	82    	0.729338	81 	0.812751	0.465297	82    	0.0844258	18.08	81 	23 	10 	82    	1.97322 
INFO:gp:82 	74    	0.746195	82 	0.812767	0.47293 	74    	0.0823658	17.91	82 	32 	10 	74    	2.23649 
INFO:gp:83 	83    	0.74576 	83 	0.832657	0.517837	83    	0.0778065	17.41	83 	20 	13 	83    	1.14974 
INFO:gp:84 	84    	0.728295	84 	0.832657	0.47753 	84    	0.0828589	17.97	84 	25 	12 	84    	1.59031 
INFO:gp:85 	75    	0.751199	85 	0.832657	0.507215	75    	0.0859965	17.87	85 	25 	10 	75    	1.80364 
INFO:gp:86 	79    	0.745813	86 	0.832657	0.458036	79    	0.0926929	17.57	86 	30 	10 	79    	2.74683 
INFO:gp:87 	75    	0.756933	87 	0.832678	0.481964	75    	0.0882004	17.52	87 	26 	10 	75    	1.96713 
INFO:gp:88 	81    	0.75613 	88 	0.832678	0.517134	81    	0.0892589	17.35	88 	24 	13 	81    	1.37386 
INFO:gp:89 	69    	0.763627	89 	0.832678	0.464079	69    	0.0910031	17.78	89 	26 	10 	69    	1.70047 
INFO:gp:90 	83    	0.74205 	90 	0.832685	0.483695	83    	0.0919969	18.14	90 	21 	10 	83    	1.46301 
INFO:gp:91 	83    	0.755339	91 	0.832685	0.544089	83    	0.0851417	18.34	91 	25 	10 	83    	1.68653 
INFO:gp:92 	64    	0.757268	92 	0.832695	0.517904	64    	0.0910067	18.54	92 	26 	10 	64    	1.78561 
INFO:gp:93 	61    	0.773094	93 	0.832695	0.498736	61    	0.0844729	18.51	93 	22 	14 	61    	1.05352 
INFO:gp:94 	73    	0.75948 	94 	0.832695	0.256682	73    	0.101744 	18.23	94 	32 	10 	73    	2.34885 
INFO:gp:95 	78    	0.754102	95 	0.832695	0.474878	78    	0.101509 	17.95	95 	20 	10 	78    	1.16082 
INFO:gp:96 	83    	0.74291 	96 	0.832695	0.522748	83    	0.0992649	17.87	96 	24 	10 	83    	1.49436 
INFO:gp:97 	68    	0.760032	97 	0.832695	0.544573	68    	0.0835502	17.64	97 	27 	10 	68    	2.32603 
INFO:gp:98 	70    	0.762938	98 	0.832695	0.517904	70    	0.0906505	17.59	98 	20 	10 	70    	1.5754  
INFO:gp:99 	79    	0.753321	99 	0.832695	0.501197	79    	0.0880026	17.8 	99 	24 	10 	79    	1.4     
INFO:gp:100	82    	0.751465	100	0.832709	0.383065	82    	0.0963803	17.81	100	19 	11 	82    	1.12867 
INFO:gp:101	68    	0.757395	101	0.833637	0.511573	68    	0.0914197	17.82	101	29 	10 	68    	1.85677 
INFO:gp:102	76    	0.760627	102	0.833637	0.470666	76    	0.0915918	17.91	102	29 	10 	76    	1.67389 
INFO:gp:103	75    	0.766174	103	0.837001	0.432712	75    	0.0923345	17.82	103	22 	12 	75    	1.05243 
INFO:gp:104	82    	0.761455	104	0.856482	0.472269	82    	0.0822817	17.61	104	22 	10 	82    	1.44841 
INFO:gp:105	80    	0.763611	105	0.856482	0.464857	80    	0.0860719	17.57	105	21 	10 	80    	1.49837 
INFO:gp:106	78    	0.78662 	106	0.856962	0.480276	78    	0.0831202	17.54	106	24 	10 	78    	1.83532 
INFO:gp:107	69    	0.80556 	107	0.856962	0.592553	69    	0.0706945	17.53	107	27 	10 	69    	1.78581 
INFO:gp:108	71    	0.782153	108	0.856962	0.53262 	71    	0.0899624	17.68	108	20 	10 	71    	1.22376 
INFO:gp:109	81    	0.784858	109	0.857306	0.457152	81    	0.083607 	17.62	109	24 	10 	81    	1.62345 
INFO:gp:110	74    	0.792806	110	0.857728	0.482138	74    	0.0834078	17.46	110	27 	10 	74    	1.7287  
INFO:gp:111	77    	0.783069	111	0.857762	0.333325	77    	0.099052 	17.82	111	22 	13 	77    	1.10797 
INFO:gp:112	66    	0.793654	112	0.857762	0.521047	66    	0.0800095	17.81	112	22 	12 	66    	1.00693 
INFO:gp:113	77    	0.788046	113	0.857762	0.408746	77    	0.0908461	17.5 	113	22 	10 	77    	1.26886 
INFO:gp:114	74    	0.785433	114	0.858041	0.393139	74    	0.0962272	17.19	114	20 	13 	74    	1.21404 
INFO:gp:115	81    	0.785842	115	0.858041	0.384981	81    	0.0941058	17.21	115	21 	10 	81    	1.34384 
INFO:gp:116	69    	0.784232	116	0.858041	0.428815	69    	0.0923465	17.31	116	21 	13 	69    	0.85668 
INFO:gp:117	74    	0.801246	117	0.85806 	0.582738	74    	0.0811682	17.14	117	21 	13 	74    	1.28857 
INFO:gp:118	79    	0.796983	118	0.858077	0.272813	79    	0.10225  	17.38	118	21 	13 	79    	1.27891 
INFO:gp:119	80    	0.780988	119	0.858077	0.262631	80    	0.0983374	17.69	119	23 	13 	80    	1.11081 
INFO:gp:120	82    	0.789076	120	0.858077	0.514558	82    	0.0845928	17.74	120	26 	13 	82    	1.30092 
INFO:gp:121	76    	0.785039	121	0.858089	0.386867	76    	0.102744 	17.7 	121	23 	13 	76    	1.08167 
INFO:gp:122	74    	0.795101	122	0.858365	0.54826 	74    	0.0876172	17.44	122	24 	13 	74    	1.25952 
INFO:gp:123	73    	0.793834	123	0.858365	0.38583 	73    	0.0906502	17.45	123	25 	15 	73    	1.47902 
INFO:gp:124	81    	0.777246	124	0.858401	0.475641	81    	0.0963279	17.5 	124	25 	15 	81    	1.46629 
INFO:gp:125	70    	0.808326	125	0.858506	0.347424	70    	0.0935339	17.63	125	25 	15 	70    	1.54049 
INFO:gp:126	76    	0.808694	126	0.858506	0.536186	76    	0.0764462	17.35	126	25 	15 	76    	1.252   
INFO:gp:127	67    	0.807059	127	0.858561	0.597363	67    	0.0735239	17.92	127	24 	13 	67    	1.98333 
INFO:gp:128	79    	0.798823	128	0.858572	0.534263	79    	0.0828599	18.3 	128	31 	15 	79    	2.42693 
INFO:gp:129	73    	0.808222	129	0.858572	0.528866	73    	0.0758796	18.05	129	25 	15 	73    	2.00187 
INFO:gp:130	81    	0.80529 	130	0.85859 	0.449415	81    	0.0809299	19.03	130	27 	15 	81    	2.50382 
INFO:gp:131	77    	0.804529	131	0.85859 	0.43152 	77    	0.0888625	19.06	131	26 	15 	77    	2.18092 
INFO:gp:132	79    	0.801793	132	0.858626	0.511446	79    	0.0858601	19.97	132	27 	15 	79    	1.91549 
INFO:gp:133	73    	0.820577	133	0.85865 	0.623849	73    	0.0612492	20.48	133	28 	15 	73    	1.80266 
INFO:gp:134	77    	0.809731	134	0.858656	0.638398	77    	0.0698447	20.41	134	25 	17 	77    	1.42895 
INFO:gp:135	72    	0.817185	135	0.858683	0.407648	72    	0.075095 	20.38	135	29 	13 	72    	2.22162 
INFO:gp:136	81    	0.796439	136	0.858683	0.448373	81    	0.0880369	19.52	136	25 	13 	81    	2.01732 
INFO:gp:137	75    	0.785804	137	0.858701	0.386362	75    	0.0931589	19.79	137	26 	13 	75    	2.03615 
INFO:gp:138	78    	0.809801	138	0.858701	0.547601	78    	0.0735402	19.21	138	26 	16 	78    	2.05083 
INFO:gp:139	72    	0.804003	139	0.858709	0.529264	72    	0.072152 	20.1 	139	27 	13 	72    	2.14709 
INFO:gp:140	80    	0.793245	140	0.858709	0.542016	80    	0.0791457	21.31	140	34 	15 	80    	2.63702 
INFO:gp:141	79    	0.788956	141	0.858721	0.387562	79    	0.0890847	22.51	141	29 	17 	79    	2.95464 
INFO:gp:142	70    	0.814093	142	0.858749	0.41219 	70    	0.0819161	23.21	142	31 	20 	70    	2.94039 
INFO:gp:143	78    	0.810762	143	0.858749	0.50038 	78    	0.0739166	24.18	143	34 	19 	78    	2.87534 
INFO:gp:144	76    	0.793932	144	0.858778	0.555715	76    	0.0829083	24.06	144	34 	20 	76    	3.16171 
INFO:gp:145	75    	0.804367	145	0.858818	0.406159	75    	0.0849683	23.87	145	34 	20 	75    	3.11658 
INFO:gp:146	85    	0.804401	146	0.858818	0.546123	85    	0.0743398	23.96	146	34 	17 	85    	3.4027  
INFO:gp:147	79    	0.782843	147	0.858818	0.428815	79    	0.0958441	22.98	147	29 	17 	79    	3.08862 
INFO:gp:148	66    	0.81403 	148	0.858818	0.582147	66    	0.0708673	22.18	148	29 	16 	66    	2.81915 
INFO:gp:149	77    	0.779442	149	0.858857	0.529696	77    	0.090804 	21.27	149	33 	18 	77    	2.23989 
INFO:gp:150	67    	0.813647	150	0.858857	0.430327	67    	0.07848  	21.08	150	30 	18 	67    	2.31378 
INFO:gp:151	73    	0.802107	151	0.858875	0.436677	73    	0.0917616	20.29	151	27 	18 	73    	1.08899 
INFO:gp:152	69    	0.802581	152	0.858875	0.468056	69    	0.0784881	20.2 	152	25 	18 	69    	0.87178 
INFO:gp:153	70    	0.798223	153	0.858875	0.533357	70    	0.0758914	20.2 	153	26 	18 	70    	0.894427
INFO:gp:154	70    	0.792376	154	0.858875	0.520582	70    	0.0860047	20.19	154	25 	18 	70    	0.891011
INFO:gp:155	76    	0.795504	155	0.858875	0.40669 	76    	0.0831671	20.33	155	34 	17 	76    	2.04966 
INFO:gp:156	79    	0.799644	156	0.858916	0.436137	79    	0.0833926	20.19	156	30 	18 	79    	1.34681 
INFO:gp:157	68    	0.795514	157	0.858916	0.40894 	68    	0.0979819	20.54	157	29 	18 	68    	1.74023 
INFO:gp:158	79    	0.809709	158	0.858916	0.307226	79    	0.0840921	21.82	158	32 	18 	79    	2.29948 
INFO:gp:159	71    	0.799046	159	0.858934	0.576662	71    	0.0737764	23.11	159	30 	19 	71    	1.83791 
INFO:gp:160	77    	0.811499	160	0.858934	0.519825	77    	0.0719715	23.57	160	32 	20 	77    	1.89344 
INFO:gp:161	81    	0.806342	161	0.859253	0.504672	81    	0.0724587	23.37	161	26 	20 	81    	1.35392 
INFO:gp:162	73    	0.812245	162	0.859253	0.523183	73    	0.0729338	23.78	162	27 	18 	73    	1.23758 
INFO:gp:163	79    	0.803271	163	0.859253	0.387931	79    	0.0892061	23.96	163	31 	17 	79    	1.83804 
INFO:gp:164	75    	0.807309	164	0.859253	0.536493	75    	0.0731904	23.97	164	31 	20 	75    	1.46598 
INFO:gp:165	72    	0.807964	165	0.859348	0.387434	72    	0.080102 	24.35	165	32 	20 	72    	1.93585 
INFO:gp:166	76    	0.795883	166	0.859348	0.333989	76    	0.0990211	24.32	166	34 	20 	76    	2.08749 
INFO:gp:167	76    	0.808081	167	0.859348	0.345945	76    	0.0889298	24.02	167	35 	20 	76    	2.19991 
INFO:gp:168	76    	0.81649 	168	0.859384	0.58139 	76    	0.0626346	23.43	168	34 	20 	76    	2.01124 
INFO:gp:169	73    	0.798909	169	0.859542	0.374699	73    	0.0984181	23.43	169	34 	20 	73    	1.96089 
INFO:gp:170	70    	0.830397	170	0.859616	0.577113	70    	0.0561528	23.82	170	34 	21 	70    	1.52565 
INFO:gp:171	85    	0.805593	171	0.859616	0.451172	85    	0.0805704	23.91	171	30 	21 	85    	1.41489 
INFO:gp:172	80    	0.790559	172	0.859616	0.361304	80    	0.103677 	23.91	172	29 	21 	80    	1.14974 
INFO:gp:173	72    	0.828801	173	0.859684	0.619384	72    	0.0569936	23.86	173	31 	21 	72    	1.46301 
INFO:gp:174	80    	0.811653	174	0.859684	0.36851 	80    	0.0815339	24.03	174	34 	19 	80    	1.62761 
INFO:gp:175	76    	0.787854	175	0.859684	0.462331	76    	0.0925788	23.98	175	32 	17 	76    	1.3265  
INFO:gp:176	76    	0.799509	176	0.859702	0.347557	76    	0.101482 	24.03	176	32 	22 	76    	0.994535
INFO:gp:177	74    	0.810384	177	0.859702	0.429516	74    	0.0834719	24.12	177	32 	22 	74    	1.31362 
INFO:gp:178	74    	0.814655	178	0.859717	0.399202	74    	0.0774701	24.05	178	30 	22 	74    	1.09886 
INFO:gp:179	71    	0.813311	179	0.859717	0.378272	71    	0.0839125	24.25	179	31 	22 	71    	1.40979 
INFO:gp:180	75    	0.814313	180	0.859717	0.549999	75    	0.0758629	24.72	180	33 	22 	75    	1.89251 
INFO:gp:181	74    	0.811794	181	0.859717	0.405928	74    	0.088198 	25.41	181	34 	22 	74    	2.3626  
INFO:gp:182	73    	0.814133	182	0.859717	0.388169	73    	0.0890296	26.55	182	32 	22 	73    	2.28637 
INFO:gp:183	69    	0.812181	183	0.859717	0.409912	69    	0.0825548	27.2 	183	29 	22 	69    	1.7088  
INFO:gp:184	74    	0.824243	184	0.859734	0.38831 	74    	0.0771425	27.67	184	37 	22 	74    	1.72659 
INFO:gp:185	72    	0.815291	185	0.859734	0.321992	72    	0.0891493	27.66	185	28 	22 	72    	1.1421  
INFO:gp:186	73    	0.791824	186	0.860158	0.354587	73    	0.103288 	27.81	186	36 	22 	73    	2.0625  
INFO:gp:187	84    	0.806242	187	0.860158	0.564683	84    	0.0773111	27.66	187	40 	22 	84    	1.85591 
INFO:gp:188	76    	0.792122	188	0.860171	0.367033	76    	0.0962116	27.79	188	35 	22 	76    	1.43732 
INFO:gp:189	74    	0.79537 	189	0.860171	0.430428	74    	0.0904617	27.98	189	36 	20 	74    	1.95438 
INFO:gp:190	67    	0.817625	190	0.860181	0.582461	67    	0.069336 	28.07	190	40 	22 	67    	1.62638 
INFO:gp:191	76    	0.790707	191	0.860181	0.36062 	76    	0.101798 	27.87	191	35 	22 	76    	1.46051 
INFO:gp:192	71    	0.807502	192	0.860181	0.409068	71    	0.0842914	27.9 	192	32 	22 	71    	1.11803 
INFO:gp:193	76    	0.801957	193	0.860181	0.388428	76    	0.0965031	27.62	193	36 	22 	76    	2.06291 
INFO:gp:194	85    	0.798033	194	0.860181	0.503164	85    	0.0844546	27.87	194	36 	22 	85    	1.98824 
INFO:gp:195	76    	0.799323	195	0.860185	0.565726	76    	0.0852524	28.2 	195	36 	22 	76    	2.14476 
INFO:gp:196	80    	0.788293	196	0.860308	0.366555	80    	0.105798 	28.28	196	36 	22 	80    	2.2049  
INFO:gp:197	77    	0.812247	197	0.860308	0.544036	77    	0.0714202	28.24	197	36 	22 	77    	2.28088 
INFO:gp:198	71    	0.802292	198	0.860326	0.369023	71    	0.0877741	29.64	198	37 	25 	71    	1.97747 
INFO:gp:199	77    	0.810904	199	0.860337	0.409206	77    	0.0830434	30.3 	199	38 	22 	77    	2.32594 
INFO:gp:200	73    	0.811082	200	0.860337	0.23557 	73    	0.0913748	31.06	200	38 	22 	73    	2.40757 
INFO:gp:201	80    	0.79412 	201	0.860337	0.310961	80    	0.0878705	31.16	201	39 	22 	80    	2.80614 
INFO:gp:202	71    	0.790348	202	0.860338	0.356655	71    	0.101087 	30.95	202	38 	22 	71    	2.76179 
INFO:gp:203	78    	0.805856	203	0.860355	0.369208	78    	0.0870562	31.45	203	39 	19 	78    	3.03768 
INFO:gp:204	80    	0.802042	204	0.860355	0.408172	80    	0.0938985	32.56	204	39 	25 	80    	1.97646 
INFO:gp:205	71    	0.803724	205	0.860356	0.494417	71    	0.0826122	33.01	205	42 	24 	71    	1.96212 
INFO:gp:206	72    	0.799761	206	0.860356	0.586375	72    	0.0761751	33.53	206	41 	24 	72    	1.97208 
INFO:gp:207	83    	0.808821	207	0.860356	0.586103	83    	0.0767856	33.6 	207	40 	22 	83    	2.62679 
INFO:gp:208	71    	0.809093	208	0.860478	0.529244	71    	0.0704568	35.2 	208	42 	26 	71    	2.81069 
INFO:gp:209	78    	0.788854	209	0.860478	0.369228	78    	0.117016 	35.15	209	44 	22 	78    	3.04754 
INFO:gp:210	74    	0.816769	210	0.860572	0.584329	74    	0.0728515	34.62	210	40 	26 	74    	2.09179 
INFO:gp:211	78    	0.783628	211	0.860572	0.322694	78    	0.098524 	34.72	211	38 	23 	78    	1.72093 
INFO:gp:212	77    	0.802809	212	0.860572	0.389363	77    	0.0814475	34.17	212	39 	20 	77    	2.04966 
INFO:gp:213	79    	0.803012	213	0.860572	0.619631	79    	0.069524 	34.38	213	40 	28 	79    	1.46137 
INFO:gp:214	72    	0.814122	214	0.860572	0.389387	72    	0.0773021	33.9 	214	42 	20 	72    	2.91376 
INFO:gp:215	77    	0.799131	215	0.860572	0.320352	77    	0.104313 	33.95	215	42 	20 	77    	2.55881 
INFO:gp:216	79    	0.794333	216	0.860628	0.369462	79    	0.104368 	33.43	216	42 	20 	79    	3.47349 
INFO:gp:217	81    	0.801285	217	0.860628	0.349021	81    	0.0973481	33.59	217	42 	20 	81    	2.73896 
INFO:gp:218	75    	0.805527	218	0.860628	0.429451	75    	0.0753185	33.86	218	42 	27 	75    	2.07856 
INFO:gp:219	88    	0.794061	219	0.860628	0.389517	88    	0.0812572	33.89	219	42 	20 	88    	2.6529  
INFO:gp:220	83    	0.79798 	220	0.860673	0.349605	83    	0.100998 	33.6 	220	42 	20 	83    	3.01662 
INFO:gp:221	70    	0.815376	221	0.860673	0.389515	70    	0.0818307	32.98	221	42 	20 	70    	3.12083 
INFO:gp:222	80    	0.803519	222	0.860673	0.277001	80    	0.0964886	32.44	222	42 	20 	80    	3.75851 
INFO:gp:223	71    	0.81011 	223	0.860673	0.367256	71    	0.0911146	33   	223	38 	21 	71    	3.04631 
INFO:gp:224	74    	0.81186 	224	0.860673	0.534863	74    	0.0738074	33.78	224	38 	21 	74    	2.49632 
INFO:gp:225	82    	0.799745	225	0.860673	0.407671	82    	0.095752 	33.5 	225	38 	21 	82    	3.04467 
INFO:gp:226	72    	0.80661 	226	0.860673	0.389319	72    	0.0900169	33.79	226	40 	23 	72    	2.44661 
INFO:gp:227	76    	0.804093	227	0.860673	0.389563	76    	0.0957318	33.25	227	39 	20 	76    	2.79419 
INFO:gp:228	76    	0.813202	228	0.860677	0.389543	76    	0.0849499	32.94	228	38 	20 	76    	2.30573 
INFO:gp:229	75    	0.810789	229	0.860677	0.389562	75    	0.0924114	32.49	229	43 	25 	75    	2.38535 
INFO:gp:230	76    	0.796923	230	0.860677	0.336225	76    	0.110023 	32.31	230	38 	30 	76    	1.7245  
INFO:gp:231	76    	0.814691	231	0.860677	0.625482	76    	0.0677964	31.93	231	38 	28 	76    	1.67484 
INFO:gp:232	74    	0.825706	232	0.860677	0.58193 	74    	0.0587594	31.33	232	39 	20 	74    	2.53399 
INFO:gp:233	83    	0.805573	233	0.860686	0.38952 	83    	0.0948637	30.88	233	40 	20 	83    	2.66188 
INFO:gp:234	82    	0.783762	234	0.860686	0.27668 	82    	0.112912 	30.38	234	39 	20 	82    	2.31422 
INFO:gp:235	72    	0.789743	235	0.860727	0.369492	72    	0.117449 	30.28	235	38 	20 	72    	1.73828 
INFO:gp:236	75    	0.810261	236	0.860727	0.389478	75    	0.0906656	29.78	236	38 	20 	75    	2.25202 
INFO:gp:237	79    	0.808359	237	0.860727	0.42954 	79    	0.080442 	30.18	237	40 	20 	79    	2.13719 
INFO:gp:238	79    	0.797333	238	0.860727	0.389542	79    	0.098522 	29.88	238	39 	20 	79    	2.38025 
INFO:gp:239	76    	0.809025	239	0.860727	0.389561	76    	0.089295 	29.93	239	37 	20 	76    	2.09406 
INFO:gp:240	79    	0.789901	240	0.860728	0.316722	79    	0.113446 	29.63	240	37 	20 	79    	2.41518 
INFO:gp:241	76    	0.804062	241	0.860728	0.353423	76    	0.0889973	29.94	241	37 	20 	76    	1.9278  
INFO:gp:242	72    	0.789781	242	0.860728	0.389613	72    	0.10695  	30.65	242	50 	20 	72    	3.02779 
INFO:gp:243	77    	0.796316	243	0.860728	0.289893	77    	0.0995928	30.87	243	37 	20 	77    	2.11024 
INFO:gp:244	69    	0.806569	244	0.860728	0.36664 	69    	0.0838889	30.9 	244	40 	22 	69    	2.65895 
INFO:gp:245	66    	0.818668	245	0.860728	0.409579	66    	0.0759422	31.36	245	40 	20 	66    	2.68149 
INFO:gp:246	73    	0.783364	246	0.860728	0.349218	73    	0.128019 	32.11	246	40 	20 	73    	2.56084 
INFO:gp:247	62    	0.813692	247	0.860728	0.389616	62    	0.0864713	32.88	247	40 	24 	62    	1.81262 
INFO:gp:248	69    	0.812938	248	0.860728	0.56492 	69    	0.0708697	33.75	248	40 	26 	69    	1.72844 
INFO:gp:249	75    	0.783038	249	0.860729	0.335535	75    	0.135993 	33.87	249	42 	20 	75    	2.63308 
INFO:gp:250	66    	0.81643 	250	0.860729	0.429605	66    	0.0837579	34.07	250	38 	20 	66    	2.60866 
INFO:gp:251	81    	0.800941	251	0.860729	0.355616	81    	0.112464 	35.39	251	48 	20 	81    	3.03939 
INFO:gp:252	69    	0.803534	252	0.860729	0.389381	69    	0.0960719	35.82	252	45 	26 	69    	2.83683 
INFO:gp:253	72    	0.799179	253	0.860729	0.289269	72    	0.0965074	36.1 	253	46 	20 	72    	3.0315  
INFO:gp:254	84    	0.787889	254	0.860729	0.389614	84    	0.106445 	35.98	254	45 	19 	84    	3.7416  
INFO:gp:255	78    	0.784144	255	0.860729	0.277002	78    	0.129551 	36.12	255	42 	26 	78    	2.78668 
INFO:gp:256	81    	0.795627	256	0.860729	0.428107	81    	0.0893019	36.96	256	46 	30 	81    	2.2668  
INFO:gp:257	75    	0.815696	257	0.860729	0.389617	75    	0.0830873	36.78	257	44 	31 	75    	2.27851 
INFO:gp:258	72    	0.812717	258	0.860729	0.388632	72    	0.0901576	36.6 	258	42 	20 	72    	3.4641  
INFO:gp:259	73    	0.799392	259	0.860729	0.362605	73    	0.109441 	37.31	259	42 	20 	73    	2.70812 
INFO:gp:260	73    	0.806822	260	0.86076 	0.388564	73    	0.0924872	37.62	260	41 	20 	73    	2.77049 
INFO:gp:261	85    	0.783665	261	0.86076 	0.389617	85    	0.120992 	37.99	261	45 	19 	85    	2.51593 
INFO:gp:262	73    	0.809444	262	0.86076 	0.38818 	73    	0.0923377	37.87	262	42 	30 	73    	1.33158 
INFO:gp:263	78    	0.820998	263	0.86076 	0.389649	78    	0.0741507	37.83	263	48 	20 	78    	3.16877 
INFO:gp:264	84    	0.798631	264	0.86076 	0.502363	84    	0.0876923	38.19	264	46 	20 	84    	3.43714 
INFO:gp:265	79    	0.804698	265	0.86076 	0.367427	79    	0.105583 	38.25	265	46 	20 	79    	3.98591 
INFO:gp:266	72    	0.806268	266	0.86076 	0.429648	72    	0.0915215	40.29	266	48 	20 	72    	4.95438 
INFO:gp:267	77    	0.8066  	267	0.86076 	0.605372	77    	0.0714097	41.76	267	46 	28 	77    	4.36834 
INFO:gp:268	65    	0.814149	268	0.86076 	0.389649	65    	0.0937369	43.61	268	48 	28 	65    	3.51822 
INFO:gp:269	63    	0.805228	269	0.86076 	0.321064	63    	0.0884178	44.98	269	50 	28 	63    	2.98992 
INFO:gp:270	79    	0.811908	270	0.86076 	0.47222 	79    	0.0781515	45.6 	270	52 	36 	79    	2.85657 
INFO:gp:271	74    	0.807574	271	0.86076 	0.389649	74    	0.0895899	45.09	271	52 	22 	74    	4.41383 
INFO:gp:272	71    	0.810776	272	0.86076 	0.356315	71    	0.094518 	47.4 	272	56 	36 	71    	3.0133  
INFO:gp:273	80    	0.816916	273	0.86076 	0.582768	80    	0.0639368	48.34	273	74 	20 	80    	4.73333 
INFO:gp:274	74    	0.807046	274	0.86076 	0.389649	74    	0.10147  	48.54	274	56 	38 	74    	2.89972 
INFO:gp:275	80    	0.814557	275	0.86076 	0.389649	80    	0.0782985	48.47	275	58 	20 	80    	3.93053 
INFO:gp:276	75    	0.783504	276	0.860786	0.389649	75    	0.0989026	48.21	276	58 	30 	75    	3.35647 
INFO:gp:277	72    	0.821678	277	0.860795	0.5851  	72    	0.0641594	48.32	277	58 	20 	72    	3.55494 
INFO:gp:278	74    	0.780159	278	0.860795	0.316976	74    	0.116579 	48.64	278	53 	40 	74    	1.78056 
INFO:gp:279	80    	0.787482	279	0.860795	0.302579	80    	0.118549 	48.61	279	57 	43 	80    	1.81601 
INFO:gp:280	75    	0.794378	280	0.860807	0.389675	75    	0.106937 	47.75	280	62 	32 	75    	2.93726 
INFO:gp:281	73    	0.804023	281	0.860807	0.333519	73    	0.107    	47.35	281	50 	38 	73    	2.16506 
INFO:gp:282	74    	0.79112 	282	0.860807	0.389684	74    	0.0988543	47.65	282	52 	22 	74    	3.22916 
INFO:gp:283	78    	0.794812	283	0.860811	0.389684	78    	0.104207 	47.56	283	54 	22 	78    	4.30887 
INFO:gp:284	74    	0.82051 	284	0.860811	0.528291	74    	0.0720139	48.21	284	54 	22 	74    	4.11168 
INFO:gp:285	71    	0.804827	285	0.860847	0.362701	71    	0.103917 	48.84	285	58 	22 	71    	6.20116 
INFO:gp:286	73    	0.80069 	286	0.860847	0.350281	73    	0.1081   	50.39	286	66 	23 	73    	4.57798 
INFO:gp:287	77    	0.803592	287	0.860847	0.3897  	77    	0.0811258	51.01	287	58 	23 	77    	5.38608 
INFO:gp:288	85    	0.808482	288	0.860847	0.389029	85    	0.0800294	51.24	288	59 	23 	85    	6.39862 
INFO:gp:289	80    	0.803587	289	0.860847	0.389736	80    	0.0979046	51.19	289	58 	24 	80    	5.13555 
INFO:gp:290	66    	0.808784	290	0.860847	0.330059	66    	0.0985366	50.99	290	60 	38 	66    	4.30928 
INFO:gp:291	65    	0.811642	291	0.860847	0.429736	65    	0.0914543	52.54	291	64 	40 	65    	3.47396 
INFO:gp:292	78    	0.794446	292	0.860861	0.42883 	78    	0.0821566	54.24	292	70 	40 	78    	4.03515 
INFO:gp:293	78    	0.803535	293	0.860861	0.389736	78    	0.0975808	53.8 	293	62 	34 	78    	4.31045 
INFO:gp:294	65    	0.824747	294	0.860874	0.393455	65    	0.071791 	54.43	294	64 	23 	65    	6.20525 
INFO:gp:295	66    	0.804621	295	0.860874	0.365465	66    	0.0840874	55.4 	295	64 	25 	66    	6.87459 
INFO:gp:296	79    	0.799548	296	0.860887	0.388241	79    	0.0925493	55.16	296	60 	23 	79    	5.54566 
INFO:gp:297	69    	0.812896	297	0.860931	0.389776	69    	0.0846952	54.64	297	63 	34 	69    	4.28374 
INFO:gp:298	77    	0.810128	298	0.860931	0.389763	77    	0.102562 	54   	298	59 	25 	77    	4.12311 
INFO:gp:299	73    	0.807212	299	0.860944	0.591495	73    	0.0738852	53.96	299	66 	30 	73    	3.04605 
INFO:gp:300	79    	0.804015	300	0.860944	0.355258	79    	0.0963845	53.44	300	60 	23 	79    	4.10687 
INFO:gp:301	75    	0.819183	301	0.860958	0.42982 	75    	0.076383 	53.9 	301	68 	40 	75    	2.63249 
INFO:gp:302	73    	0.818405	302	0.860958	0.38982 	73    	0.0795309	54.29	302	68 	25 	73    	4.59629 
INFO:gp:303	80    	0.799666	303	0.860958	0.389847	80    	0.103403 	53.88	303	68 	34 	80    	3.23506 
INFO:gp:304	75    	0.807291	304	0.860958	0.289847	75    	0.0993617	53.87	304	68 	34 	75    	3.44283 
INFO:gp:305	82    	0.812733	305	0.860958	0.607215	82    	0.0697028	53.4 	305	68 	25 	82    	5.15558 
INFO:gp:306	76    	0.812784	306	0.860983	0.396068	76    	0.0893503	54.03	306	60 	30 	76    	3.57059 
INFO:gp:307	67    	0.824379	307	0.860983	0.389482	67    	0.0843762	53.84	307	62 	28 	67    	5.11805 
INFO:gp:308	80    	0.805215	308	0.860983	0.389847	80    	0.0832096	55.09	308	68 	34 	80    	4.03756 
INFO:gp:309	77    	0.826275	309	0.860983	0.596439	77    	0.060311 	53.57	309	62 	25 	77    	5.1308  
INFO:gp:310	82    	0.787412	310	0.860983	0.389865	82    	0.101938 	52.96	310	62 	36 	82    	3.75478 
INFO:gp:311	77    	0.820586	311	0.860983	0.333088	77    	0.0728688	53.26	311	62 	38 	77    	3.78846 
INFO:gp:312	78    	0.801817	312	0.860992	0.389872	78    	0.0943913	53.76	312	62 	38 	78    	4.03515 
INFO:gp:313	75    	0.813656	313	0.861007	0.333548	75    	0.0891051	54.96	313	64 	36 	75    	5.00584 
INFO:gp:314	81    	0.805763	314	0.861007	0.349445	81    	0.0877472	56.26	314	64 	27 	81    	5.26236 
INFO:gp:315	80    	0.801602	315	0.861007	0.429008	80    	0.0874068	56.61	315	64 	27 	80    	5.25527 
INFO:gp:316	80    	0.797295	316	0.861007	0.429881	80    	0.0919817	55.72	316	64 	29 	80    	5.54812 
INFO:gp:317	68    	0.819492	317	0.861035	0.5892  	68    	0.0709372	56.31	317	64 	29 	68    	5.16274 
INFO:gp:318	82    	0.786775	318	0.861045	0.356563	82    	0.115781 	57.75	318	68 	30 	82    	4.93432 
INFO:gp:319	75    	0.803513	319	0.861045	0.387418	75    	0.0992331	59.38	319	66 	54 	75    	2.70104 
INFO:gp:320	67    	0.812616	320	0.861045	0.395494	67    	0.0827938	59.42	320	64 	29 	67    	4.14048 
INFO:gp:321	78    	0.813508	321	0.861045	0.355761	78    	0.0953421	59.6 	321	66 	31 	78    	5.64269 
INFO:gp:322	74    	0.819834	322	0.86105 	0.528058	74    	0.069401 	58.92	322	64 	44 	74    	4.36733 
INFO:gp:323	79    	0.808446	323	0.86105 	0.429934	79    	0.0841802	57.57	323	64 	36 	79    	3.94526 
INFO:gp:324	83    	0.808296	324	0.861101	0.388795	83    	0.10875  	57.05	324	64 	31 	83    	4.69548 
INFO:gp:325	78    	0.820866	325	0.861101	0.569934	78    	0.0604022	56.87	325	64 	34 	78    	4.81177 
INFO:gp:326	76    	0.796808	326	0.861101	0.307498	76    	0.112241 	56.47	326	61 	34 	76    	5.58472 
INFO:gp:327	80    	0.819643	327	0.861101	0.651683	80    	0.0604455	55.99	327	71 	36 	80    	6.43039 
INFO:gp:328	70    	0.82861 	328	0.861101	0.622632	70    	0.0561327	55.89	328	68 	36 	70    	6.56642 
INFO:gp:329	71    	0.822954	329	0.861101	0.38999 	71    	0.0846777	58.85	329	69 	36 	71    	5.60245 
INFO:gp:330	83    	0.802212	330	0.861124	0.30999 	83    	0.0897503	63.1 	330	70 	44 	83    	4.28836 
INFO:gp:331	76    	0.818239	331	0.861124	0.388679	76    	0.0766654	64.1 	331	68 	44 	76    	3.74566 
INFO:gp:332	76    	0.828804	332	0.861124	0.356657	76    	0.0700295	65.31	332	76 	50 	76    	3.14228 
INFO:gp:333	76    	0.810785	333	0.861124	0.390013	76    	0.0793183	66.59	333	74 	50 	76    	3.4208  
INFO:gp:334	72    	0.782007	334	0.861165	0.276679	72    	0.127709 	67.28	334	74 	37 	72    	4.82303 
INFO:gp:335	78    	0.805544	335	0.861165	0.595925	78    	0.0755098	68.19	335	74 	37 	78    	5.77875 
INFO:gp:336	79    	0.810242	336	0.861165	0.568169	79    	0.0817461	69.12	336	86 	54 	79    	4.41878 
INFO:gp:337	76    	0.807545	337	0.861173	0.390013	76    	0.0937508	69.72	337	80 	41 	76    	4.47678 
INFO:gp:338	68    	0.826662	338	0.861173	0.301969	68    	0.0875984	70.01	338	77 	48 	68    	4.95277 
INFO:gp:339	73    	0.813068	339	0.861183	0.390054	73    	0.0835174	71.89	339	80 	41 	73    	4.90285 
INFO:gp:340	72    	0.821333	340	0.861183	0.210054	72    	0.0872929	73.07	340	80 	41 	72    	5.27874 
INFO:gp:341	73    	0.8137  	341	0.861183	0.35672 	73    	0.0843535	73.55	341	84 	68 	73    	3.38637 
INFO:gp:342	73    	0.809799	342	0.861183	0.316739	73    	0.0902051	72.52	342	84 	56 	73    	3.72419 
INFO:gp:343	78    	0.805414	343	0.861183	0.276313	78    	0.114567 	72.93	343	87 	56 	78    	4.75658 
INFO:gp:344	85    	0.791719	344	0.861183	0.275111	85    	0.122127 	72.49	344	88 	54 	85    	5.33384 
INFO:gp:345	81    	0.812505	345	0.861183	0.356739	81    	0.0869488	72.64	345	83 	50 	81    	6.05561 
INFO:gp:346	75    	0.791493	346	0.861216	0.276657	75    	0.124373 	74.39	346	79 	54 	75    	3.67667 
INFO:gp:347	67    	0.835162	347	0.861216	0.605481	67    	0.0521685	74.85	347	80 	47 	67    	4.16743 
INFO:gp:348	73    	0.830784	348	0.861216	0.607259	73    	0.0548183	75.85	348	84 	43 	73    	4.05309 
INFO:gp:349	78    	0.809465	349	0.861216	0.554261	78    	0.0736429	75.76	349	84 	56 	78    	3.30188 
INFO:gp:350	75    	0.810016	350	0.861242	0.356772	75    	0.0832141	76.2 	350	84 	54 	75    	3.228   
INFO:gp:351	77    	0.802672	351	0.861242	0.276772	77    	0.116934 	76.25	351	84 	56 	77    	3.35373 
INFO:gp:352	77    	0.822095	352	0.861242	0.645582	77    	0.0587238	75.79	352	84 	54 	77    	3.70485 
INFO:gp:353	82    	0.810338	353	0.861242	0.276772	82    	0.0952517	76.18	353	116	47 	82    	7.99922 
INFO:gp:354	75    	0.818975	354	0.861302	0.316772	75    	0.086438 	75.94	354	81 	47 	75    	4.9514  
INFO:gp:355	75    	0.819672	355	0.861302	0.350131	75    	0.0747558	76.09	355	78 	47 	75    	3.3885  
INFO:gp:356	83    	0.806906	356	0.861302	0.276798	83    	0.1111   	76.69	356	90 	47 	83    	4.27246 
INFO:gp:357	69    	0.818675	357	0.861302	0.343465	69    	0.0818652	77.12	357	84 	47 	69    	4.59191 
INFO:gp:358	83    	0.826994	358	0.861302	0.507388	83    	0.0623161	77.81	358	84 	72 	83    	2.30519 
INFO:gp:359	77    	0.817647	359	0.861411	0.599031	77    	0.0642142	77.01	359	84 	47 	77    	6.09671 
INFO:gp:360	70    	0.810673	360	0.861411	0.356858	70    	0.0757067	78.74	360	88 	72 	70    	3.04834 
INFO:gp:361	75    	0.822337	361	0.861457	0.396616	75    	0.0733705	79.09	361	86 	47 	75    	4.84168 
INFO:gp:362	72    	0.805495	362	0.861542	0.39599 	72    	0.0917749	78.57	362	86 	68 	72    	3.51356 
INFO:gp:363	77    	0.791946	363	0.861542	0.254718	77    	0.138324 	77.33	363	84 	47 	77    	3.7042  
INFO:gp:364	69    	0.812183	364	0.861542	0.3903  	69    	0.080733 	77.02	364	84 	47 	69    	4.10604 
INFO:gp:365	78    	0.79899 	365	0.86163 	0.252845	78    	0.119077 	77.63	365	80 	58 	78    	2.16636 
INFO:gp:366	72    	0.798838	366	0.86163 	0.212541	72    	0.118126 	77.78	366	85 	55 	72    	2.5713  
INFO:gp:367	79    	0.793577	367	0.861632	0.254875	79    	0.110873 	77.52	367	80 	37 	79    	4.12912 
INFO:gp:368	76    	0.826627	368	0.861632	0.440966	76    	0.065604 	77.63	368	83 	56 	76    	2.5871  
INFO:gp:369	72    	0.819669	369	0.861825	0.362432	72    	0.0713649	77.62	369	80 	58 	72    	2.22612 
INFO:gp:370	78    	0.803686	370	0.861825	0.301366	78    	0.0925348	77.12	370	86 	43 	78    	4.76294 
INFO:gp:371	72    	0.815316	371	0.861825	0.301659	72    	0.0823295	77.68	371	82 	58 	72    	3.00626 
INFO:gp:372	78    	0.793439	372	0.861825	0.239127	78    	0.114922 	78   	372	82 	73 	78    	0.648074
INFO:gp:373	72    	0.800452	373	0.861912	0.254969	72    	0.120056 	77.9 	373	84 	64 	72    	1.82483 
INFO:gp:374	68    	0.8122  	374	0.872453	0.252032	68    	0.0920804	77.78	374	84 	66 	68    	1.62222 
INFO:gp:375	75    	0.796321	375	0.872453	0.256898	75    	0.114139 	77.64	375	82 	66 	75    	1.99259 
INFO:gp:376	80    	0.800505	376	0.872453	0.263573	80    	0.105794 	77.86	376	86 	66 	80    	2.13551 
INFO:gp:377	79    	0.804895	377	0.894756	0.277468	79    	0.0982069	77.67	377	80 	57 	79    	2.25856 
INFO:gp:378	80    	0.826469	378	0.894895	0.632221	80    	0.0646921	77.59	378	80 	37 	80    	4.10876 
INFO:gp:379	81    	0.810324	379	0.894895	0.268678	81    	0.109086 	77.89	379	85 	69 	81    	1.58047 
INFO:gp:380	77    	0.841072	380	0.894895	0.643739	77    	0.0636696	77.28	380	83 	34 	77    	4.53008 
INFO:gp:381	72    	0.852208	381	0.894895	0.67254 	72    	0.0565259	77.51	381	78 	58 	72    	2.48393 
INFO:gp:382	74    	0.864763	382	0.895285	0.357117	74    	0.066528 	78.08	382	82 	76 	74    	0.643117
INFO:gp:383	67    	0.856922	383	0.895285	0.651727	67    	0.0554135	77.8 	383	82 	64 	67    	1.66132 
INFO:gp:384	83    	0.806416	384	0.895285	0.239768	83    	0.141362 	77.93	384	83 	43 	83    	3.72895 
INFO:gp:385	77    	0.819128	385	0.895285	0.277117	77    	0.107572 	78.24	385	86 	45 	77    	3.80295 
INFO:gp:386	80    	0.824222	386	0.895285	0.310841	80    	0.117369 	79.03	386	90 	70 	80    	2.76931 
INFO:gp:387	79    	0.838036	387	0.895285	0.350841	79    	0.0880643	78.59	387	82 	45 	79    	5.63932 
INFO:gp:388	76    	0.815527	388	0.895285	0.257508	76    	0.129532 	80.35	388	88 	70 	76    	2.5549  
INFO:gp:389	71    	0.837391	389	0.895285	0.262209	71    	0.0956846	80.67	389	84 	58 	71    	2.93276 
INFO:gp:390	66    	0.851585	390	0.895285	0.666172	66    	0.0628791	81.15	390	87 	60 	66    	2.99124 
INFO:gp:391	77    	0.833972	391	0.895285	0.357508	77    	0.0944479	81.22	391	90 	62 	77    	3.04164 
INFO:gp:392	78    	0.8402  	392	0.895285	0.357508	78    	0.0809926	81.25	392	87 	60 	78    	3.02118 
INFO:gp:393	73    	0.843138	393	0.895285	0.590529	73    	0.0763158	81.35	393	87 	45 	73    	4.64193 
INFO:gp:394	79    	0.828219	394	0.895285	0.257508	79    	0.104406 	81.52	394	98 	60 	79    	4.05581 
INFO:gp:395	76    	0.839814	395	0.895285	0.591817	76    	0.074284 	82.22	395	122	45 	76    	7.9178  
INFO:gp:396	65    	0.846083	396	0.895285	0.492283	65    	0.0790338	83.06	396	94 	45 	65    	4.78711 
INFO:gp:397	80    	0.840596	397	0.895285	0.357508	80    	0.0893718	83.98	397	92 	45 	80    	4.7728  
INFO:gp:398	82    	0.830023	398	0.895285	0.397508	82    	0.0998746	85.09	398	92 	62 	82    	3.76323 
INFO:gp:399	75    	0.857033	399	0.895285	0.585986	75    	0.0639003	86.14	399	94 	74 	75    	3.38237 
INFO:gp:400	75    	0.841407	400	0.895285	0.296852	75    	0.0897717	87.29	400	94 	62 	75    	4.43011 
INFO:__main__:Saving model to file: checkpoints/run_9.pth
INFO:util:Train accuracy: 0.975 +- 0.025000000000000022
INFO:util:Val accuracy: 0.975 +- 0.025000000000000022
INFO:util:Test accuracy: 0.6666666666666666 +- 0.0
INFO:util:Train intra-class: 0.041868768862759614, Train Inter-class: 0.19472327965737066
INFO:util:Val intra-class: 0.13389630501874336, Val Inter-class: 0.1991730481281651
INFO:util:Test intra-class: 0.0, Test inter-class: 0.22868381068954788
