2025-10-16 20:01:23,814 - INFO - Loading data from: /Users/woodj/Desktop/fishy-business/data/REIMS.xlsx
2025-10-16 20:01:27,962 - INFO - Loaded data with shape: (306, 2081)
2025-10-16 20:01:27,965 - INFO - Filtered data shape: (126, 2081)
2025-10-16 20:02:32,509 - INFO - E10 TL:4.068 VL:4.052 VAcur:0.143 BestVAcur:0.143
2025-10-16 20:03:35,832 - INFO - E20 TL:3.998 VL:3.986 VAcur:0.143 BestVAcur:0.143
2025-10-16 20:03:42,135 - INFO - Early stopping: E21, Best val_acc: 0.1429
2025-10-16 20:04:46,744 - INFO - E10 TL:4.131 VL:4.074 VAcur:0.143 BestVAcur:0.143
2025-10-16 20:05:50,709 - INFO - E20 TL:4.018 VL:4.010 VAcur:0.179 BestVAcur:0.179
2025-10-16 20:06:55,029 - INFO - E30 TL:4.024 VL:4.009 VAcur:0.202 BestVAcur:0.238
2025-10-16 20:07:58,921 - INFO - E40 TL:3.870 VL:3.955 VAcur:0.107 BestVAcur:0.274
2025-10-16 20:09:02,776 - INFO - E50 TL:3.802 VL:3.831 VAcur:0.143 BestVAcur:0.286
2025-10-16 20:10:07,025 - INFO - E10 TL:4.175 VL:4.164 VAcur:0.143 BestVAcur:0.143
2025-10-16 20:11:12,663 - INFO - E20 TL:4.158 VL:4.091 VAcur:0.143 BestVAcur:0.143
2025-10-16 20:12:14,925 - INFO - E30 TL:4.033 VL:4.155 VAcur:0.155 BestVAcur:0.333
2025-10-16 20:13:16,963 - INFO - E40 TL:3.997 VL:7.719 VAcur:0.202 BestVAcur:0.333
2025-10-16 20:13:54,525 - INFO - Early stopping: E46, Best val_acc: 0.3333
2025-10-16 20:14:57,973 - INFO - E10 TL:4.160 VL:4.080 VAcur:0.143 BestVAcur:0.143
2025-10-16 20:16:02,456 - INFO - E20 TL:4.149 VL:4.057 VAcur:0.179 BestVAcur:0.179
2025-10-16 20:17:08,058 - INFO - E30 TL:4.055 VL:3.986 VAcur:0.143 BestVAcur:0.190
2025-10-16 20:18:13,422 - INFO - E40 TL:4.036 VL:4.698 VAcur:0.190 BestVAcur:0.226
2025-10-16 20:19:16,340 - INFO - E50 TL:3.896 VL:4.750 VAcur:0.155 BestVAcur:0.262
2025-10-16 20:20:19,822 - INFO - E10 TL:4.275 VL:4.215 VAcur:0.143 BestVAcur:0.143
2025-10-16 20:21:23,020 - INFO - E20 TL:4.257 VL:4.154 VAcur:0.143 BestVAcur:0.250
2025-10-16 20:22:26,082 - INFO - E30 TL:4.220 VL:4.497 VAcur:0.167 BestVAcur:0.250
2025-10-16 20:23:23,658 - INFO - Early stopping: E39, Best val_acc: 0.2500
