2025-10-16 19:33:20,085 - INFO - Loading data from: /Users/woodj/Desktop/fishy-business/data/REIMS.xlsx
2025-10-16 19:33:24,240 - INFO - Loaded data with shape: (306, 2081)
2025-10-16 19:33:24,245 - INFO - Filtered data shape: (126, 2081)
2025-10-16 19:34:38,431 - INFO - E10 TL:0.224 VL:8.284 VAcur:0.357 BestVAcur:0.452
2025-10-16 19:35:51,556 - INFO - E20 TL:0.010 VL:12.851 VAcur:0.274 BestVAcur:0.488
2025-10-16 19:37:04,215 - INFO - E30 TL:0.002 VL:14.483 VAcur:0.369 BestVAcur:0.488
2025-10-16 19:37:33,443 - INFO - Early stopping: E34, Best val_acc: 0.4881
2025-10-16 19:38:47,706 - INFO - E10 TL:0.148 VL:5.995 VAcur:0.405 BestVAcur:0.417
2025-10-16 19:39:58,367 - INFO - E20 TL:0.016 VL:7.829 VAcur:0.321 BestVAcur:0.417
2025-10-16 19:40:27,254 - INFO - Early stopping: E24, Best val_acc: 0.4167
2025-10-16 19:41:42,354 - INFO - E10 TL:0.130 VL:6.035 VAcur:0.321 BestVAcur:0.381
2025-10-16 19:42:55,205 - INFO - E20 TL:0.006 VL:11.266 VAcur:0.274 BestVAcur:0.429
2025-10-16 19:44:07,512 - INFO - E30 TL:0.002 VL:11.658 VAcur:0.238 BestVAcur:0.429
2025-10-16 19:44:21,899 - INFO - Early stopping: E32, Best val_acc: 0.4286
2025-10-16 19:45:36,132 - INFO - E10 TL:0.196 VL:7.627 VAcur:0.119 BestVAcur:0.357
2025-10-16 19:46:49,594 - INFO - E20 TL:0.007 VL:10.762 VAcur:0.179 BestVAcur:0.357
2025-10-16 19:47:32,200 - INFO - Early stopping: E26, Best val_acc: 0.3571
2025-10-16 19:48:44,785 - INFO - E10 TL:0.146 VL:6.890 VAcur:0.298 BestVAcur:0.381
2025-10-16 19:49:54,724 - INFO - E20 TL:0.005 VL:9.957 VAcur:0.286 BestVAcur:0.381
2025-10-16 19:50:29,482 - INFO - Early stopping: E25, Best val_acc: 0.3810
