2025-07-30 21:53:33,335 - INFO - Loading data from: /Users/woodj/Desktop/fishy-business/data/REIMS.xlsx
2025-07-30 21:53:37,321 - INFO - Loaded data with shape: (306, 2081)
2025-07-30 21:53:38,258 - INFO - Starting Masked Spectra Modelling pre-training...
2025-07-30 21:53:43,417 - INFO - MSM Epoch [1/100], Train Loss: 0.3789
2025-07-30 21:53:47,440 - INFO - MSM Epoch [2/100], Train Loss: 0.3468
2025-07-30 21:53:51,517 - INFO - MSM Epoch [3/100], Train Loss: 0.2837
2025-07-30 21:53:55,478 - INFO - MSM Epoch [4/100], Train Loss: 0.2438
2025-07-30 21:53:59,454 - INFO - MSM Epoch [5/100], Train Loss: 0.2181
2025-07-30 21:54:03,412 - INFO - MSM Epoch [6/100], Train Loss: 0.1976
2025-07-30 21:54:07,371 - INFO - MSM Epoch [7/100], Train Loss: 0.1867
2025-07-30 21:54:11,336 - INFO - MSM Epoch [8/100], Train Loss: 0.1756
2025-07-30 21:54:15,299 - INFO - MSM Epoch [9/100], Train Loss: 0.1610
2025-07-30 21:54:19,261 - INFO - MSM Epoch [10/100], Train Loss: 0.1493
2025-07-30 21:54:23,224 - INFO - MSM Epoch [11/100], Train Loss: 0.1387
2025-07-30 21:54:27,183 - INFO - MSM Epoch [12/100], Train Loss: 0.1304
2025-07-30 21:54:31,148 - INFO - MSM Epoch [13/100], Train Loss: 0.1221
2025-07-30 21:54:35,117 - INFO - MSM Epoch [14/100], Train Loss: 0.1168
2025-07-30 21:54:39,080 - INFO - MSM Epoch [15/100], Train Loss: 0.1112
2025-07-30 21:54:43,058 - INFO - MSM Epoch [16/100], Train Loss: 0.1061
2025-07-30 21:54:47,037 - INFO - MSM Epoch [17/100], Train Loss: 0.1008
2025-07-30 21:54:50,991 - INFO - MSM Epoch [18/100], Train Loss: 0.0961
2025-07-30 21:54:54,936 - INFO - MSM Epoch [19/100], Train Loss: 0.0927
2025-07-30 21:54:58,900 - INFO - MSM Epoch [20/100], Train Loss: 0.0881
2025-07-30 21:55:02,850 - INFO - MSM Epoch [21/100], Train Loss: 0.0863
2025-07-30 21:55:06,823 - INFO - MSM Epoch [22/100], Train Loss: 0.0828
2025-07-30 21:55:10,788 - INFO - MSM Epoch [23/100], Train Loss: 0.0812
2025-07-30 21:55:14,764 - INFO - MSM Epoch [24/100], Train Loss: 0.0775
2025-07-30 21:55:18,736 - INFO - MSM Epoch [25/100], Train Loss: 0.0750
2025-07-30 21:55:22,697 - INFO - MSM Epoch [26/100], Train Loss: 0.0735
2025-07-30 21:55:26,666 - INFO - MSM Epoch [27/100], Train Loss: 0.0717
2025-07-30 21:55:30,629 - INFO - MSM Epoch [28/100], Train Loss: 0.0690
2025-07-30 21:55:34,585 - INFO - MSM Epoch [29/100], Train Loss: 0.0669
2025-07-30 21:55:38,543 - INFO - MSM Epoch [30/100], Train Loss: 0.0657
2025-07-30 21:55:42,693 - INFO - MSM Epoch [31/100], Train Loss: 0.0646
2025-07-30 21:55:46,810 - INFO - MSM Epoch [32/100], Train Loss: 0.0627
2025-07-30 21:55:51,569 - INFO - MSM Epoch [33/100], Train Loss: 0.0609
2025-07-30 21:55:55,576 - INFO - MSM Epoch [34/100], Train Loss: 0.0596
2025-07-30 21:55:59,609 - INFO - MSM Epoch [35/100], Train Loss: 0.0585
2025-07-30 21:56:03,593 - INFO - MSM Epoch [36/100], Train Loss: 0.0557
2025-07-30 21:56:07,596 - INFO - MSM Epoch [37/100], Train Loss: 0.0544
2025-07-30 21:56:11,625 - INFO - MSM Epoch [38/100], Train Loss: 0.0532
2025-07-30 21:56:15,596 - INFO - MSM Epoch [39/100], Train Loss: 0.0521
2025-07-30 21:56:19,541 - INFO - MSM Epoch [40/100], Train Loss: 0.0510
2025-07-30 21:56:23,528 - INFO - MSM Epoch [41/100], Train Loss: 0.0498
2025-07-30 21:56:27,483 - INFO - MSM Epoch [42/100], Train Loss: 0.0494
2025-07-30 21:56:31,446 - INFO - MSM Epoch [43/100], Train Loss: 0.0480
2025-07-30 21:56:35,410 - INFO - MSM Epoch [44/100], Train Loss: 0.0470
2025-07-30 21:56:39,378 - INFO - MSM Epoch [45/100], Train Loss: 0.0454
2025-07-30 21:56:43,345 - INFO - MSM Epoch [46/100], Train Loss: 0.0445
2025-07-30 21:56:47,321 - INFO - MSM Epoch [47/100], Train Loss: 0.0437
2025-07-30 21:56:51,296 - INFO - MSM Epoch [48/100], Train Loss: 0.0432
2025-07-30 21:56:55,267 - INFO - MSM Epoch [49/100], Train Loss: 0.0424
2025-07-30 21:56:59,230 - INFO - MSM Epoch [50/100], Train Loss: 0.0415
2025-07-30 21:57:03,187 - INFO - MSM Epoch [51/100], Train Loss: 0.0408
2025-07-30 21:57:07,142 - INFO - MSM Epoch [52/100], Train Loss: 0.0402
2025-07-30 21:57:11,108 - INFO - MSM Epoch [53/100], Train Loss: 0.0397
2025-07-30 21:57:15,072 - INFO - MSM Epoch [54/100], Train Loss: 0.0392
2025-07-30 21:57:19,042 - INFO - MSM Epoch [55/100], Train Loss: 0.0379
2025-07-30 21:57:23,005 - INFO - MSM Epoch [56/100], Train Loss: 0.0374
2025-07-30 21:57:26,976 - INFO - MSM Epoch [57/100], Train Loss: 0.0365
2025-07-30 21:57:30,940 - INFO - MSM Epoch [58/100], Train Loss: 0.0362
2025-07-30 21:57:34,904 - INFO - MSM Epoch [59/100], Train Loss: 0.0353
2025-07-30 21:57:38,875 - INFO - MSM Epoch [60/100], Train Loss: 0.0353
2025-07-30 21:57:42,836 - INFO - MSM Epoch [61/100], Train Loss: 0.0348
2025-07-30 21:57:46,801 - INFO - MSM Epoch [62/100], Train Loss: 0.0344
2025-07-30 21:57:50,773 - INFO - MSM Epoch [63/100], Train Loss: 0.0336
2025-07-30 21:57:54,743 - INFO - MSM Epoch [64/100], Train Loss: 0.0333
2025-07-30 21:57:58,701 - INFO - MSM Epoch [65/100], Train Loss: 0.0325
2025-07-30 21:58:02,664 - INFO - MSM Epoch [66/100], Train Loss: 0.0318
2025-07-30 21:58:06,630 - INFO - MSM Epoch [67/100], Train Loss: 0.0310
2025-07-30 21:58:10,597 - INFO - MSM Epoch [68/100], Train Loss: 0.0309
2025-07-30 21:58:14,566 - INFO - MSM Epoch [69/100], Train Loss: 0.0307
2025-07-30 21:58:18,535 - INFO - MSM Epoch [70/100], Train Loss: 0.0301
2025-07-30 21:58:22,502 - INFO - MSM Epoch [71/100], Train Loss: 0.0299
2025-07-30 21:58:26,485 - INFO - MSM Epoch [72/100], Train Loss: 0.0300
2025-07-30 21:58:30,452 - INFO - MSM Epoch [73/100], Train Loss: 0.0292
2025-07-30 21:58:34,414 - INFO - MSM Epoch [74/100], Train Loss: 0.0290
2025-07-30 21:58:38,381 - INFO - MSM Epoch [75/100], Train Loss: 0.0288
2025-07-30 21:58:42,349 - INFO - MSM Epoch [76/100], Train Loss: 0.0286
2025-07-30 21:58:46,326 - INFO - MSM Epoch [77/100], Train Loss: 0.0279
2025-07-30 21:58:50,289 - INFO - MSM Epoch [78/100], Train Loss: 0.0277
2025-07-30 21:58:54,256 - INFO - MSM Epoch [79/100], Train Loss: 0.0275
2025-07-30 21:58:58,219 - INFO - MSM Epoch [80/100], Train Loss: 0.0268
2025-07-30 21:59:02,185 - INFO - MSM Epoch [81/100], Train Loss: 0.0266
2025-07-30 21:59:06,155 - INFO - MSM Epoch [82/100], Train Loss: 0.0261
2025-07-30 21:59:10,120 - INFO - MSM Epoch [83/100], Train Loss: 0.0260
2025-07-30 21:59:14,079 - INFO - MSM Epoch [84/100], Train Loss: 0.0259
2025-07-30 21:59:18,047 - INFO - MSM Epoch [85/100], Train Loss: 0.0261
2025-07-30 21:59:22,015 - INFO - MSM Epoch [86/100], Train Loss: 0.0254
2025-07-30 21:59:25,984 - INFO - MSM Epoch [87/100], Train Loss: 0.0252
2025-07-30 21:59:29,957 - INFO - MSM Epoch [88/100], Train Loss: 0.0249
2025-07-30 21:59:33,923 - INFO - MSM Epoch [89/100], Train Loss: 0.0246
2025-07-30 21:59:37,900 - INFO - MSM Epoch [90/100], Train Loss: 0.0245
2025-07-30 21:59:41,869 - INFO - MSM Epoch [91/100], Train Loss: 0.0239
2025-07-30 21:59:45,836 - INFO - MSM Epoch [92/100], Train Loss: 0.0234
2025-07-30 21:59:49,806 - INFO - MSM Epoch [93/100], Train Loss: 0.0234
2025-07-30 21:59:53,774 - INFO - MSM Epoch [94/100], Train Loss: 0.0230
2025-07-30 21:59:57,748 - INFO - MSM Epoch [95/100], Train Loss: 0.0226
2025-07-30 22:00:01,725 - INFO - MSM Epoch [96/100], Train Loss: 0.0222
2025-07-30 22:00:05,695 - INFO - MSM Epoch [97/100], Train Loss: 0.0224
2025-07-30 22:00:09,665 - INFO - MSM Epoch [98/100], Train Loss: 0.0221
2025-07-30 22:00:13,640 - INFO - MSM Epoch [99/100], Train Loss: 0.0218
2025-07-30 22:00:17,621 - INFO - MSM Epoch [100/100], Train Loss: 0.0216
2025-07-30 22:00:18,066 - INFO - MSM pre-training finished. Model saved to /Users/woodj/Desktop/fishy-business/data/REIMS.xlsx_msm.pth
2025-07-30 22:00:18,066 - INFO - Loading data from: /Users/woodj/Desktop/fishy-business/data/REIMS.xlsx
2025-07-30 22:00:22,099 - INFO - Loaded data with shape: (306, 2081)
2025-07-30 22:00:22,104 - INFO - Filtered data shape: (36, 2081)
2025-07-30 22:00:22,382 - INFO - Starting 30 independent runs of 3-fold cross validation
2025-07-30 22:00:22,382 - INFO - 
Starting Run 1/30
2025-07-30 22:00:22,383 - INFO - Run 1, Fold 1/3
2025-07-30 22:00:23,722 - INFO - E10 TL:0.540 VL:2.200 VAcur:0.429 BestVAcur:0.714
2025-07-30 22:00:24,811 - INFO - E20 TL:0.481 VL:1.639 VAcur:0.643 BestVAcur:0.714
2025-07-30 22:00:25,894 - INFO - E30 TL:0.471 VL:1.817 VAcur:0.643 BestVAcur:0.714
2025-07-30 22:00:27,009 - INFO - E40 TL:0.460 VL:1.622 VAcur:0.571 BestVAcur:0.714
2025-07-30 22:00:28,083 - INFO - E50 TL:0.461 VL:1.651 VAcur:0.643 BestVAcur:0.714
2025-07-30 22:00:29,168 - INFO - E60 TL:0.463 VL:1.637 VAcur:0.643 BestVAcur:0.714
2025-07-30 22:00:30,253 - INFO - E70 TL:0.458 VL:1.575 VAcur:0.643 BestVAcur:0.714
2025-07-30 22:00:31,339 - INFO - E80 TL:0.460 VL:1.682 VAcur:0.643 BestVAcur:0.714
2025-07-30 22:00:32,424 - INFO - E90 TL:0.461 VL:1.615 VAcur:0.643 BestVAcur:0.714
2025-07-30 22:00:33,513 - INFO - E100 TL:0.459 VL:1.715 VAcur:0.643 BestVAcur:0.714
2025-07-30 22:00:33,513 - INFO - Run 1, Fold 2/3
2025-07-30 22:00:34,690 - INFO - E10 TL:0.521 VL:2.365 VAcur:0.571 BestVAcur:0.714
2025-07-30 22:00:35,768 - INFO - E20 TL:0.483 VL:2.021 VAcur:0.500 BestVAcur:0.714
2025-07-30 22:00:36,934 - INFO - E30 TL:0.477 VL:1.719 VAcur:0.714 BestVAcur:0.714
2025-07-30 22:00:38,058 - INFO - E40 TL:0.462 VL:1.734 VAcur:0.571 BestVAcur:0.714
2025-07-30 22:00:39,144 - INFO - E50 TL:0.457 VL:1.856 VAcur:0.571 BestVAcur:0.714
2025-07-30 22:00:40,230 - INFO - E60 TL:0.456 VL:1.735 VAcur:0.643 BestVAcur:0.714
2025-07-30 22:00:41,318 - INFO - E70 TL:0.456 VL:1.730 VAcur:0.571 BestVAcur:0.714
2025-07-30 22:00:42,398 - INFO - E80 TL:0.456 VL:1.693 VAcur:0.643 BestVAcur:0.714
2025-07-30 22:00:43,477 - INFO - E90 TL:0.458 VL:1.836 VAcur:0.571 BestVAcur:0.714
2025-07-30 22:00:44,570 - INFO - E100 TL:0.455 VL:1.706 VAcur:0.643 BestVAcur:0.714
2025-07-30 22:00:44,570 - INFO - Run 1, Fold 3/3
2025-07-30 22:00:45,801 - INFO - E10 TL:0.552 VL:1.912 VAcur:0.571 BestVAcur:0.643
2025-07-30 22:00:46,886 - INFO - E20 TL:0.492 VL:1.853 VAcur:0.500 BestVAcur:0.643
2025-07-30 22:00:47,967 - INFO - E30 TL:0.471 VL:1.724 VAcur:0.500 BestVAcur:0.643
2025-07-30 22:00:49,053 - INFO - E40 TL:0.473 VL:1.626 VAcur:0.429 BestVAcur:0.643
2025-07-30 22:00:50,139 - INFO - E50 TL:0.466 VL:1.511 VAcur:0.643 BestVAcur:0.643
2025-07-30 22:00:51,257 - INFO - E60 TL:0.460 VL:1.599 VAcur:0.429 BestVAcur:0.714
2025-07-30 22:00:52,363 - INFO - E70 TL:0.463 VL:1.665 VAcur:0.357 BestVAcur:0.714
2025-07-30 22:00:53,430 - INFO - E80 TL:0.459 VL:1.569 VAcur:0.571 BestVAcur:0.714
2025-07-30 22:00:54,461 - INFO - E90 TL:0.458 VL:1.594 VAcur:0.571 BestVAcur:0.714
2025-07-30 22:00:55,617 - INFO - E100 TL:0.455 VL:1.573 VAcur:0.500 BestVAcur:0.714
2025-07-30 22:00:55,620 - INFO - New best overall accuracy: 0.7143 (Run 1)
2025-07-30 22:00:55,620 - INFO - 
Starting Run 2/30
2025-07-30 22:00:55,621 - INFO - Run 2, Fold 1/3
2025-07-30 22:00:56,818 - INFO - E10 TL:0.516 VL:1.786 VAcur:0.500 BestVAcur:0.643
2025-07-30 22:00:57,901 - INFO - E20 TL:0.485 VL:1.666 VAcur:0.500 BestVAcur:0.643
2025-07-30 22:00:58,986 - INFO - E30 TL:0.471 VL:1.506 VAcur:0.500 BestVAcur:0.643
2025-07-30 22:01:00,105 - INFO - E40 TL:0.467 VL:1.401 VAcur:0.500 BestVAcur:0.714
2025-07-30 22:01:01,191 - INFO - E50 TL:0.462 VL:1.512 VAcur:0.643 BestVAcur:0.714
2025-07-30 22:01:02,277 - INFO - E60 TL:0.464 VL:1.396 VAcur:0.500 BestVAcur:0.714
2025-07-30 22:01:03,367 - INFO - E70 TL:0.463 VL:1.324 VAcur:0.714 BestVAcur:0.714
2025-07-30 22:01:04,450 - INFO - E80 TL:0.464 VL:1.427 VAcur:0.357 BestVAcur:0.714
2025-07-30 22:01:05,534 - INFO - E90 TL:0.454 VL:1.321 VAcur:0.643 BestVAcur:0.714
2025-07-30 22:01:06,619 - INFO - E100 TL:0.456 VL:1.323 VAcur:0.500 BestVAcur:0.714
2025-07-30 22:01:06,622 - INFO - Run 2, Fold 2/3
2025-07-30 22:01:07,851 - INFO - E10 TL:0.525 VL:1.959 VAcur:0.429 BestVAcur:0.786
2025-07-30 22:01:08,935 - INFO - E20 TL:0.489 VL:1.971 VAcur:0.500 BestVAcur:0.786
2025-07-30 22:01:10,018 - INFO - E30 TL:0.477 VL:1.666 VAcur:0.571 BestVAcur:0.786
2025-07-30 22:01:11,102 - INFO - E40 TL:0.470 VL:1.651 VAcur:0.714 BestVAcur:0.786
2025-07-30 22:01:12,185 - INFO - E50 TL:0.466 VL:1.688 VAcur:0.571 BestVAcur:0.786
2025-07-30 22:01:13,309 - INFO - E60 TL:0.461 VL:1.700 VAcur:0.643 BestVAcur:0.857
2025-07-30 22:01:14,393 - INFO - E70 TL:0.459 VL:1.607 VAcur:0.643 BestVAcur:0.857
2025-07-30 22:01:15,477 - INFO - E80 TL:0.463 VL:1.595 VAcur:0.714 BestVAcur:0.857
2025-07-30 22:01:16,560 - INFO - E90 TL:0.457 VL:1.592 VAcur:0.643 BestVAcur:0.857
2025-07-30 22:01:17,634 - INFO - E100 TL:0.457 VL:1.615 VAcur:0.714 BestVAcur:0.857
2025-07-30 22:01:17,638 - INFO - Run 2, Fold 3/3
2025-07-30 22:01:18,867 - INFO - E10 TL:0.528 VL:1.936 VAcur:0.357 BestVAcur:0.714
2025-07-30 22:01:19,951 - INFO - E20 TL:0.487 VL:1.663 VAcur:0.429 BestVAcur:0.714
2025-07-30 22:01:21,035 - INFO - E30 TL:0.466 VL:1.473 VAcur:0.643 BestVAcur:0.714
2025-07-30 22:01:22,131 - INFO - E40 TL:0.467 VL:1.320 VAcur:0.643 BestVAcur:0.714
2025-07-30 22:01:23,214 - INFO - E50 TL:0.460 VL:1.468 VAcur:0.500 BestVAcur:0.714
2025-07-30 22:01:24,301 - INFO - E60 TL:0.463 VL:1.466 VAcur:0.571 BestVAcur:0.714
2025-07-30 22:01:25,389 - INFO - E70 TL:0.461 VL:1.387 VAcur:0.571 BestVAcur:0.714
2025-07-30 22:01:26,511 - INFO - E80 TL:0.466 VL:1.412 VAcur:0.643 BestVAcur:0.714
2025-07-30 22:01:27,622 - INFO - E90 TL:0.462 VL:1.356 VAcur:0.643 BestVAcur:0.714
2025-07-30 22:01:28,733 - INFO - E100 TL:0.456 VL:1.414 VAcur:0.643 BestVAcur:0.714
2025-07-30 22:01:28,736 - INFO - New best overall accuracy: 0.8571 (Run 2)
2025-07-30 22:01:28,736 - INFO - 
Starting Run 3/30
2025-07-30 22:01:28,736 - INFO - Run 3, Fold 1/3
2025-07-30 22:01:30,197 - INFO - E10 TL:0.532 VL:2.818 VAcur:0.429 BestVAcur:0.500
2025-07-30 22:01:31,333 - INFO - E20 TL:0.484 VL:1.832 VAcur:0.357 BestVAcur:0.571
2025-07-30 22:01:32,412 - INFO - E30 TL:0.474 VL:1.781 VAcur:0.429 BestVAcur:0.571
2025-07-30 22:01:33,543 - INFO - E40 TL:0.459 VL:1.698 VAcur:0.357 BestVAcur:0.571
2025-07-30 22:01:34,650 - INFO - E50 TL:0.462 VL:1.694 VAcur:0.429 BestVAcur:0.571
2025-07-30 22:01:35,775 - INFO - E60 TL:0.460 VL:1.718 VAcur:0.429 BestVAcur:0.643
2025-07-30 22:01:36,860 - INFO - E70 TL:0.466 VL:1.866 VAcur:0.429 BestVAcur:0.643
2025-07-30 22:01:37,941 - INFO - E80 TL:0.457 VL:1.678 VAcur:0.357 BestVAcur:0.643
2025-07-30 22:01:39,025 - INFO - E90 TL:0.459 VL:1.768 VAcur:0.429 BestVAcur:0.643
2025-07-30 22:01:40,109 - INFO - E100 TL:0.458 VL:1.612 VAcur:0.571 BestVAcur:0.643
2025-07-30 22:01:40,112 - INFO - Run 3, Fold 2/3
2025-07-30 22:01:41,301 - INFO - E10 TL:0.522 VL:1.303 VAcur:0.571 BestVAcur:0.714
2025-07-30 22:01:42,384 - INFO - E20 TL:0.482 VL:1.337 VAcur:0.643 BestVAcur:0.714
2025-07-30 22:01:43,469 - INFO - E30 TL:0.479 VL:1.449 VAcur:0.714 BestVAcur:0.714
2025-07-30 22:01:44,553 - INFO - E40 TL:0.465 VL:1.288 VAcur:0.714 BestVAcur:0.714
2025-07-30 22:01:45,638 - INFO - E50 TL:0.462 VL:1.453 VAcur:0.500 BestVAcur:0.714
2025-07-30 22:01:46,730 - INFO - E60 TL:0.458 VL:1.417 VAcur:0.571 BestVAcur:0.714
2025-07-30 22:01:47,813 - INFO - E70 TL:0.459 VL:1.418 VAcur:0.643 BestVAcur:0.714
2025-07-30 22:01:48,903 - INFO - E80 TL:0.454 VL:1.437 VAcur:0.500 BestVAcur:0.714
2025-07-30 22:01:49,998 - INFO - E90 TL:0.454 VL:1.429 VAcur:0.643 BestVAcur:0.714
2025-07-30 22:01:51,085 - INFO - E100 TL:0.459 VL:1.324 VAcur:0.643 BestVAcur:0.714
2025-07-30 22:01:51,090 - INFO - Run 3, Fold 3/3
2025-07-30 22:01:52,249 - INFO - E10 TL:0.521 VL:1.926 VAcur:0.643 BestVAcur:0.643
2025-07-30 22:01:53,324 - INFO - E20 TL:0.495 VL:1.719 VAcur:0.500 BestVAcur:0.643
2025-07-30 22:01:54,486 - INFO - E30 TL:0.476 VL:1.506 VAcur:0.571 BestVAcur:0.786
2025-07-30 22:01:55,576 - INFO - E40 TL:0.464 VL:1.410 VAcur:0.714 BestVAcur:0.786
2025-07-30 22:01:56,660 - INFO - E50 TL:0.462 VL:1.521 VAcur:0.714 BestVAcur:0.786
2025-07-30 22:01:57,742 - INFO - E60 TL:0.461 VL:1.420 VAcur:0.500 BestVAcur:0.786
2025-07-30 22:01:58,843 - INFO - E70 TL:0.464 VL:1.529 VAcur:0.500 BestVAcur:0.786
2025-07-30 22:01:59,927 - INFO - E80 TL:0.457 VL:1.487 VAcur:0.714 BestVAcur:0.786
2025-07-30 22:02:01,014 - INFO - E90 TL:0.459 VL:1.392 VAcur:0.786 BestVAcur:0.786
2025-07-30 22:02:02,101 - INFO - E100 TL:0.454 VL:1.381 VAcur:0.786 BestVAcur:0.786
2025-07-30 22:02:02,106 - INFO - 
Starting Run 4/30
2025-07-30 22:02:02,107 - INFO - Run 4, Fold 1/3
2025-07-30 22:02:03,341 - INFO - E10 TL:0.531 VL:1.781 VAcur:0.286 BestVAcur:0.714
2025-07-30 22:02:04,426 - INFO - E20 TL:0.488 VL:1.627 VAcur:0.357 BestVAcur:0.714
2025-07-30 22:02:05,509 - INFO - E30 TL:0.471 VL:1.297 VAcur:0.714 BestVAcur:0.714
2025-07-30 22:02:06,593 - INFO - E40 TL:0.463 VL:1.293 VAcur:0.643 BestVAcur:0.714
2025-07-30 22:02:07,668 - INFO - E50 TL:0.460 VL:1.369 VAcur:0.571 BestVAcur:0.714
2025-07-30 22:02:08,761 - INFO - E60 TL:0.457 VL:1.249 VAcur:0.643 BestVAcur:0.714
2025-07-30 22:02:09,850 - INFO - E70 TL:0.461 VL:1.427 VAcur:0.500 BestVAcur:0.714
2025-07-30 22:02:10,934 - INFO - E80 TL:0.461 VL:1.292 VAcur:0.643 BestVAcur:0.714
2025-07-30 22:02:12,017 - INFO - E90 TL:0.462 VL:1.275 VAcur:0.643 BestVAcur:0.714
2025-07-30 22:02:13,099 - INFO - E100 TL:0.455 VL:1.354 VAcur:0.500 BestVAcur:0.714
2025-07-30 22:02:13,104 - INFO - Run 4, Fold 2/3
2025-07-30 22:02:14,335 - INFO - E10 TL:0.550 VL:2.239 VAcur:0.429 BestVAcur:0.643
2025-07-30 22:02:15,420 - INFO - E20 TL:0.478 VL:1.859 VAcur:0.571 BestVAcur:0.643
2025-07-30 22:02:16,557 - INFO - E30 TL:0.472 VL:1.567 VAcur:0.571 BestVAcur:0.714
2025-07-30 22:02:17,643 - INFO - E40 TL:0.466 VL:1.818 VAcur:0.571 BestVAcur:0.714
2025-07-30 22:02:18,729 - INFO - E50 TL:0.466 VL:1.531 VAcur:0.714 BestVAcur:0.714
2025-07-30 22:02:19,854 - INFO - E60 TL:0.455 VL:1.665 VAcur:0.571 BestVAcur:0.786
2025-07-30 22:02:20,927 - INFO - E70 TL:0.461 VL:1.632 VAcur:0.571 BestVAcur:0.786
2025-07-30 22:02:22,010 - INFO - E80 TL:0.463 VL:1.589 VAcur:0.714 BestVAcur:0.786
2025-07-30 22:02:23,089 - INFO - E90 TL:0.459 VL:1.595 VAcur:0.500 BestVAcur:0.786
2025-07-30 22:02:24,172 - INFO - E100 TL:0.461 VL:1.528 VAcur:0.643 BestVAcur:0.786
2025-07-30 22:02:24,177 - INFO - Run 4, Fold 3/3
2025-07-30 22:02:25,408 - INFO - E10 TL:0.539 VL:1.831 VAcur:0.571 BestVAcur:0.571
2025-07-30 22:02:26,491 - INFO - E20 TL:0.483 VL:1.652 VAcur:0.357 BestVAcur:0.571
2025-07-30 22:02:27,570 - INFO - E30 TL:0.464 VL:1.545 VAcur:0.429 BestVAcur:0.571
2025-07-30 22:02:28,650 - INFO - E40 TL:0.463 VL:1.677 VAcur:0.500 BestVAcur:0.571
2025-07-30 22:02:29,734 - INFO - E50 TL:0.463 VL:1.693 VAcur:0.500 BestVAcur:0.571
2025-07-30 22:02:30,810 - INFO - E60 TL:0.467 VL:1.505 VAcur:0.571 BestVAcur:0.571
2025-07-30 22:02:31,891 - INFO - E70 TL:0.459 VL:1.530 VAcur:0.429 BestVAcur:0.571
2025-07-30 22:02:32,972 - INFO - E80 TL:0.456 VL:1.549 VAcur:0.571 BestVAcur:0.571
2025-07-30 22:02:34,096 - INFO - E90 TL:0.457 VL:1.564 VAcur:0.429 BestVAcur:0.643
2025-07-30 22:02:35,179 - INFO - E100 TL:0.457 VL:1.534 VAcur:0.500 BestVAcur:0.643
2025-07-30 22:02:35,180 - INFO - 
Starting Run 5/30
2025-07-30 22:02:35,185 - INFO - Run 5, Fold 1/3
2025-07-30 22:02:36,453 - INFO - E10 TL:0.537 VL:2.012 VAcur:0.500 BestVAcur:0.786
2025-07-30 22:02:37,532 - INFO - E20 TL:0.493 VL:1.614 VAcur:0.571 BestVAcur:0.786
2025-07-30 22:02:38,627 - INFO - E30 TL:0.475 VL:1.508 VAcur:0.500 BestVAcur:0.786
2025-07-30 22:02:39,707 - INFO - E40 TL:0.465 VL:1.470 VAcur:0.643 BestVAcur:0.786
2025-07-30 22:02:40,794 - INFO - E50 TL:0.457 VL:1.502 VAcur:0.571 BestVAcur:0.786
2025-07-30 22:02:41,875 - INFO - E60 TL:0.458 VL:1.479 VAcur:0.571 BestVAcur:0.786
2025-07-30 22:02:42,995 - INFO - E70 TL:0.462 VL:1.514 VAcur:0.500 BestVAcur:0.857
2025-07-30 22:02:44,075 - INFO - E80 TL:0.454 VL:1.516 VAcur:0.571 BestVAcur:0.857
2025-07-30 22:02:45,158 - INFO - E90 TL:0.454 VL:1.487 VAcur:0.571 BestVAcur:0.857
2025-07-30 22:02:46,245 - INFO - E100 TL:0.455 VL:1.498 VAcur:0.571 BestVAcur:0.857
2025-07-30 22:02:46,248 - INFO - Run 5, Fold 2/3
2025-07-30 22:02:47,474 - INFO - E10 TL:0.524 VL:2.149 VAcur:0.500 BestVAcur:0.714
2025-07-30 22:02:48,554 - INFO - E20 TL:0.484 VL:1.599 VAcur:0.643 BestVAcur:0.714
2025-07-30 22:02:49,642 - INFO - E30 TL:0.472 VL:1.526 VAcur:0.714 BestVAcur:0.714
2025-07-30 22:02:50,726 - INFO - E40 TL:0.472 VL:1.471 VAcur:0.714 BestVAcur:0.714
2025-07-30 22:02:51,809 - INFO - E50 TL:0.467 VL:1.600 VAcur:0.500 BestVAcur:0.714
2025-07-30 22:02:52,924 - INFO - E60 TL:0.459 VL:1.529 VAcur:0.643 BestVAcur:0.786
2025-07-30 22:02:54,010 - INFO - E70 TL:0.465 VL:1.505 VAcur:0.786 BestVAcur:0.786
2025-07-30 22:02:55,084 - INFO - E80 TL:0.456 VL:1.454 VAcur:0.786 BestVAcur:0.786
2025-07-30 22:02:56,167 - INFO - E90 TL:0.454 VL:1.507 VAcur:0.714 BestVAcur:0.786
2025-07-30 22:02:57,250 - INFO - E100 TL:0.456 VL:1.489 VAcur:0.786 BestVAcur:0.786
2025-07-30 22:02:57,251 - INFO - Run 5, Fold 3/3
2025-07-30 22:02:58,405 - INFO - E10 TL:0.520 VL:1.853 VAcur:0.500 BestVAcur:0.643
2025-07-30 22:02:59,490 - INFO - E20 TL:0.478 VL:2.251 VAcur:0.286 BestVAcur:0.643
2025-07-30 22:03:00,575 - INFO - E30 TL:0.468 VL:1.820 VAcur:0.643 BestVAcur:0.643
2025-07-30 22:03:01,661 - INFO - E40 TL:0.464 VL:1.994 VAcur:0.429 BestVAcur:0.643
2025-07-30 22:03:02,753 - INFO - E50 TL:0.460 VL:1.928 VAcur:0.571 BestVAcur:0.643
2025-07-30 22:03:03,836 - INFO - E60 TL:0.457 VL:1.815 VAcur:0.643 BestVAcur:0.643
2025-07-30 22:03:04,916 - INFO - E70 TL:0.462 VL:1.995 VAcur:0.500 BestVAcur:0.643
2025-07-30 22:03:06,002 - INFO - E80 TL:0.459 VL:1.962 VAcur:0.500 BestVAcur:0.643
2025-07-30 22:03:07,082 - INFO - E90 TL:0.457 VL:1.937 VAcur:0.429 BestVAcur:0.643
2025-07-30 22:03:08,157 - INFO - E100 TL:0.455 VL:1.841 VAcur:0.643 BestVAcur:0.643
2025-07-30 22:03:08,161 - INFO - 
Starting Run 6/30
2025-07-30 22:03:08,166 - INFO - Run 6, Fold 1/3
2025-07-30 22:03:09,402 - INFO - E10 TL:0.527 VL:2.235 VAcur:0.357 BestVAcur:0.571
2025-07-30 22:03:10,479 - INFO - E20 TL:0.481 VL:1.904 VAcur:0.429 BestVAcur:0.571
2025-07-30 22:03:11,599 - INFO - E30 TL:0.479 VL:1.638 VAcur:0.571 BestVAcur:0.714
2025-07-30 22:03:12,682 - INFO - E40 TL:0.467 VL:1.586 VAcur:0.571 BestVAcur:0.714
2025-07-30 22:03:13,765 - INFO - E50 TL:0.460 VL:1.597 VAcur:0.571 BestVAcur:0.714
2025-07-30 22:03:14,846 - INFO - E60 TL:0.464 VL:1.690 VAcur:0.500 BestVAcur:0.714
2025-07-30 22:03:15,932 - INFO - E70 TL:0.456 VL:1.556 VAcur:0.571 BestVAcur:0.714
2025-07-30 22:03:17,015 - INFO - E80 TL:0.455 VL:1.576 VAcur:0.643 BestVAcur:0.714
2025-07-30 22:03:18,090 - INFO - E90 TL:0.458 VL:1.537 VAcur:0.571 BestVAcur:0.714
2025-07-30 22:03:19,192 - INFO - E100 TL:0.459 VL:1.729 VAcur:0.714 BestVAcur:0.714
2025-07-30 22:03:19,195 - INFO - Run 6, Fold 2/3
2025-07-30 22:03:20,387 - INFO - E10 TL:0.531 VL:2.230 VAcur:0.500 BestVAcur:0.714
2025-07-30 22:03:21,468 - INFO - E20 TL:0.487 VL:1.778 VAcur:0.500 BestVAcur:0.714
2025-07-30 22:03:22,553 - INFO - E30 TL:0.467 VL:1.675 VAcur:0.571 BestVAcur:0.714
2025-07-30 22:03:23,635 - INFO - E40 TL:0.459 VL:1.722 VAcur:0.643 BestVAcur:0.714
2025-07-30 22:03:24,719 - INFO - E50 TL:0.459 VL:1.578 VAcur:0.571 BestVAcur:0.714
2025-07-30 22:03:25,804 - INFO - E60 TL:0.461 VL:1.640 VAcur:0.643 BestVAcur:0.714
2025-07-30 22:03:26,893 - INFO - E70 TL:0.461 VL:1.590 VAcur:0.643 BestVAcur:0.714
2025-07-30 22:03:27,968 - INFO - E80 TL:0.456 VL:1.550 VAcur:0.500 BestVAcur:0.714
2025-07-30 22:03:29,051 - INFO - E90 TL:0.456 VL:1.666 VAcur:0.571 BestVAcur:0.714
2025-07-30 22:03:30,136 - INFO - E100 TL:0.462 VL:1.587 VAcur:0.429 BestVAcur:0.714
2025-07-30 22:03:30,136 - INFO - Run 6, Fold 3/3
2025-07-30 22:03:31,325 - INFO - E10 TL:0.515 VL:2.314 VAcur:0.429 BestVAcur:0.500
2025-07-30 22:03:32,409 - INFO - E20 TL:0.482 VL:2.141 VAcur:0.500 BestVAcur:0.500
2025-07-30 22:03:33,524 - INFO - E30 TL:0.469 VL:2.802 VAcur:0.500 BestVAcur:0.571
2025-07-30 22:03:34,624 - INFO - E40 TL:0.459 VL:2.265 VAcur:0.500 BestVAcur:0.571
2025-07-30 22:03:35,707 - INFO - E50 TL:0.456 VL:2.088 VAcur:0.500 BestVAcur:0.571
2025-07-30 22:03:36,792 - INFO - E60 TL:0.454 VL:2.330 VAcur:0.429 BestVAcur:0.571
2025-07-30 22:03:37,866 - INFO - E70 TL:0.459 VL:2.178 VAcur:0.500 BestVAcur:0.571
2025-07-30 22:03:38,951 - INFO - E80 TL:0.455 VL:2.322 VAcur:0.500 BestVAcur:0.571
2025-07-30 22:03:40,034 - INFO - E90 TL:0.456 VL:2.102 VAcur:0.500 BestVAcur:0.571
2025-07-30 22:03:41,121 - INFO - E100 TL:0.459 VL:2.127 VAcur:0.500 BestVAcur:0.571
2025-07-30 22:03:41,126 - INFO - 
Starting Run 7/30
2025-07-30 22:03:41,134 - INFO - Run 7, Fold 1/3
2025-07-30 22:03:42,333 - INFO - E10 TL:0.565 VL:2.895 VAcur:0.429 BestVAcur:0.643
2025-07-30 22:03:43,404 - INFO - E20 TL:0.489 VL:1.909 VAcur:0.643 BestVAcur:0.643
2025-07-30 22:03:44,476 - INFO - E30 TL:0.477 VL:1.847 VAcur:0.571 BestVAcur:0.643
2025-07-30 22:03:45,574 - INFO - E40 TL:0.471 VL:1.609 VAcur:0.643 BestVAcur:0.643
2025-07-30 22:03:46,634 - INFO - E50 TL:0.466 VL:1.811 VAcur:0.643 BestVAcur:0.643
2025-07-30 22:03:47,722 - INFO - E60 TL:0.464 VL:1.823 VAcur:0.571 BestVAcur:0.643
2025-07-30 22:03:48,772 - INFO - E70 TL:0.463 VL:1.678 VAcur:0.643 BestVAcur:0.643
2025-07-30 22:03:49,853 - INFO - E80 TL:0.476 VL:1.691 VAcur:0.643 BestVAcur:0.643
2025-07-30 22:03:50,917 - INFO - E90 TL:0.462 VL:1.802 VAcur:0.643 BestVAcur:0.643
2025-07-30 22:03:51,985 - INFO - E100 TL:0.460 VL:1.639 VAcur:0.643 BestVAcur:0.643
2025-07-30 22:03:51,988 - INFO - Run 7, Fold 2/3
2025-07-30 22:03:53,140 - INFO - E10 TL:0.552 VL:1.778 VAcur:0.500 BestVAcur:0.714
2025-07-30 22:03:54,195 - INFO - E20 TL:0.485 VL:1.465 VAcur:0.500 BestVAcur:0.714
2025-07-30 22:03:55,267 - INFO - E30 TL:0.463 VL:1.415 VAcur:0.500 BestVAcur:0.714
2025-07-30 22:03:56,346 - INFO - E40 TL:0.478 VL:1.383 VAcur:0.500 BestVAcur:0.714
2025-07-30 22:03:57,415 - INFO - E50 TL:0.460 VL:1.284 VAcur:0.571 BestVAcur:0.714
2025-07-30 22:03:58,488 - INFO - E60 TL:0.459 VL:1.283 VAcur:0.643 BestVAcur:0.714
2025-07-30 22:03:59,568 - INFO - E70 TL:0.462 VL:1.320 VAcur:0.500 BestVAcur:0.714
2025-07-30 22:04:00,651 - INFO - E80 TL:0.456 VL:1.298 VAcur:0.500 BestVAcur:0.714
2025-07-30 22:04:01,735 - INFO - E90 TL:0.459 VL:1.381 VAcur:0.500 BestVAcur:0.714
2025-07-30 22:04:02,820 - INFO - E100 TL:0.457 VL:1.310 VAcur:0.500 BestVAcur:0.714
2025-07-30 22:04:02,825 - INFO - Run 7, Fold 3/3
2025-07-30 22:04:04,017 - INFO - E10 TL:0.568 VL:1.876 VAcur:0.571 BestVAcur:0.571
2025-07-30 22:04:05,088 - INFO - E20 TL:0.485 VL:1.622 VAcur:0.500 BestVAcur:0.571
2025-07-30 22:04:06,179 - INFO - E30 TL:0.469 VL:1.428 VAcur:0.429 BestVAcur:0.571
2025-07-30 22:04:07,256 - INFO - E40 TL:0.466 VL:1.619 VAcur:0.429 BestVAcur:0.571
2025-07-30 22:04:08,406 - INFO - E50 TL:0.466 VL:1.628 VAcur:0.643 BestVAcur:0.714
2025-07-30 22:04:09,489 - INFO - E60 TL:0.463 VL:1.463 VAcur:0.643 BestVAcur:0.714
2025-07-30 22:04:10,574 - INFO - E70 TL:0.460 VL:1.588 VAcur:0.571 BestVAcur:0.714
2025-07-30 22:04:11,656 - INFO - E80 TL:0.460 VL:1.552 VAcur:0.643 BestVAcur:0.714
2025-07-30 22:04:12,737 - INFO - E90 TL:0.455 VL:1.532 VAcur:0.500 BestVAcur:0.714
2025-07-30 22:04:13,819 - INFO - E100 TL:0.457 VL:1.518 VAcur:0.429 BestVAcur:0.714
2025-07-30 22:04:13,820 - INFO - 
Starting Run 8/30
2025-07-30 22:04:13,823 - INFO - Run 8, Fold 1/3
2025-07-30 22:04:15,017 - INFO - E10 TL:0.514 VL:2.081 VAcur:0.500 BestVAcur:0.714
2025-07-30 22:04:16,102 - INFO - E20 TL:0.496 VL:1.823 VAcur:0.571 BestVAcur:0.714
2025-07-30 22:04:17,186 - INFO - E30 TL:0.484 VL:1.886 VAcur:0.571 BestVAcur:0.714
2025-07-30 22:04:18,270 - INFO - E40 TL:0.464 VL:1.726 VAcur:0.500 BestVAcur:0.714
2025-07-30 22:04:19,359 - INFO - E50 TL:0.462 VL:1.796 VAcur:0.571 BestVAcur:0.714
2025-07-30 22:04:20,436 - INFO - E60 TL:0.465 VL:1.651 VAcur:0.571 BestVAcur:0.714
2025-07-30 22:04:21,514 - INFO - E70 TL:0.470 VL:1.675 VAcur:0.643 BestVAcur:0.714
2025-07-30 22:04:22,597 - INFO - E80 TL:0.458 VL:1.595 VAcur:0.714 BestVAcur:0.714
2025-07-30 22:04:23,676 - INFO - E90 TL:0.462 VL:1.658 VAcur:0.643 BestVAcur:0.714
2025-07-30 22:04:24,760 - INFO - E100 TL:0.463 VL:1.729 VAcur:0.643 BestVAcur:0.714
2025-07-30 22:04:24,764 - INFO - Run 8, Fold 2/3
2025-07-30 22:04:25,998 - INFO - E10 TL:0.542 VL:1.782 VAcur:0.643 BestVAcur:0.786
2025-07-30 22:04:27,084 - INFO - E20 TL:0.496 VL:1.536 VAcur:0.429 BestVAcur:0.786
2025-07-30 22:04:28,173 - INFO - E30 TL:0.476 VL:1.349 VAcur:0.714 BestVAcur:0.786
2025-07-30 22:04:29,258 - INFO - E40 TL:0.459 VL:1.353 VAcur:0.714 BestVAcur:0.786
2025-07-30 22:04:30,344 - INFO - E50 TL:0.459 VL:1.341 VAcur:0.714 BestVAcur:0.786
2025-07-30 22:04:31,427 - INFO - E60 TL:0.463 VL:1.308 VAcur:0.714 BestVAcur:0.786
2025-07-30 22:04:32,508 - INFO - E70 TL:0.460 VL:1.330 VAcur:0.714 BestVAcur:0.786
2025-07-30 22:04:33,611 - INFO - E80 TL:0.464 VL:1.277 VAcur:0.714 BestVAcur:0.857
2025-07-30 22:04:34,691 - INFO - E90 TL:0.456 VL:1.309 VAcur:0.714 BestVAcur:0.857
2025-07-30 22:04:35,768 - INFO - E100 TL:0.453 VL:1.291 VAcur:0.714 BestVAcur:0.857
2025-07-30 22:04:35,773 - INFO - Run 8, Fold 3/3
2025-07-30 22:04:36,984 - INFO - E10 TL:0.521 VL:1.812 VAcur:0.643 BestVAcur:0.643
2025-07-30 22:04:38,060 - INFO - E20 TL:0.489 VL:1.483 VAcur:0.643 BestVAcur:0.643
2025-07-30 22:04:39,182 - INFO - E30 TL:0.490 VL:1.461 VAcur:0.571 BestVAcur:0.786
2025-07-30 22:04:40,279 - INFO - E40 TL:0.471 VL:1.430 VAcur:0.571 BestVAcur:0.786
2025-07-30 22:04:41,397 - INFO - E50 TL:0.462 VL:1.479 VAcur:0.714 BestVAcur:0.786
2025-07-30 22:04:42,473 - INFO - E60 TL:0.458 VL:1.454 VAcur:0.500 BestVAcur:0.786
2025-07-30 22:04:43,554 - INFO - E70 TL:0.465 VL:1.357 VAcur:0.786 BestVAcur:0.786
2025-07-30 22:04:44,644 - INFO - E80 TL:0.457 VL:1.448 VAcur:0.714 BestVAcur:0.786
2025-07-30 22:04:45,724 - INFO - E90 TL:0.454 VL:1.401 VAcur:0.714 BestVAcur:0.786
2025-07-30 22:04:46,807 - INFO - E100 TL:0.461 VL:1.340 VAcur:0.714 BestVAcur:0.786
2025-07-30 22:04:46,807 - INFO - 
Starting Run 9/30
2025-07-30 22:04:46,811 - INFO - Run 9, Fold 1/3
2025-07-30 22:04:47,911 - INFO - E10 TL:0.525 VL:1.560 VAcur:0.643 BestVAcur:0.714
2025-07-30 22:04:48,993 - INFO - E20 TL:0.485 VL:1.452 VAcur:0.714 BestVAcur:0.714
2025-07-30 22:04:50,088 - INFO - E30 TL:0.474 VL:1.342 VAcur:0.643 BestVAcur:0.714
2025-07-30 22:04:51,218 - INFO - E40 TL:0.470 VL:1.337 VAcur:0.786 BestVAcur:0.786
2025-07-30 22:04:52,304 - INFO - E50 TL:0.469 VL:1.369 VAcur:0.786 BestVAcur:0.786
2025-07-30 22:04:53,386 - INFO - E60 TL:0.457 VL:1.363 VAcur:0.643 BestVAcur:0.786
2025-07-30 22:04:54,510 - INFO - E70 TL:0.461 VL:1.296 VAcur:0.857 BestVAcur:0.857
2025-07-30 22:04:55,599 - INFO - E80 TL:0.461 VL:1.322 VAcur:0.786 BestVAcur:0.857
2025-07-30 22:04:56,673 - INFO - E90 TL:0.463 VL:1.305 VAcur:0.857 BestVAcur:0.857
2025-07-30 22:04:57,746 - INFO - E100 TL:0.454 VL:1.279 VAcur:0.786 BestVAcur:0.857
2025-07-30 22:04:57,751 - INFO - Run 9, Fold 2/3
2025-07-30 22:04:58,898 - INFO - E10 TL:0.519 VL:2.373 VAcur:0.357 BestVAcur:0.357
2025-07-30 22:04:59,975 - INFO - E20 TL:0.483 VL:2.179 VAcur:0.357 BestVAcur:0.357
2025-07-30 22:05:01,095 - INFO - E30 TL:0.486 VL:1.992 VAcur:0.357 BestVAcur:0.500
2025-07-30 22:05:02,087 - INFO - E40 TL:0.468 VL:2.049 VAcur:0.286 BestVAcur:0.500
2025-07-30 22:05:03,125 - INFO - E50 TL:0.472 VL:2.247 VAcur:0.429 BestVAcur:0.500
2025-07-30 22:05:04,236 - INFO - E60 TL:0.472 VL:2.108 VAcur:0.286 BestVAcur:0.571
2025-07-30 22:05:05,315 - INFO - E70 TL:0.466 VL:1.945 VAcur:0.286 BestVAcur:0.571
2025-07-30 22:05:06,396 - INFO - E80 TL:0.458 VL:1.827 VAcur:0.357 BestVAcur:0.571
2025-07-30 22:05:07,483 - INFO - E90 TL:0.462 VL:2.002 VAcur:0.429 BestVAcur:0.571
2025-07-30 22:05:08,577 - INFO - E100 TL:0.457 VL:1.851 VAcur:0.429 BestVAcur:0.571
2025-07-30 22:05:08,577 - INFO - Run 9, Fold 3/3
2025-07-30 22:05:09,761 - INFO - E10 TL:0.511 VL:1.961 VAcur:0.429 BestVAcur:0.714
2025-07-30 22:05:10,831 - INFO - E20 TL:0.478 VL:2.004 VAcur:0.500 BestVAcur:0.714
2025-07-30 22:05:11,909 - INFO - E30 TL:0.482 VL:1.781 VAcur:0.500 BestVAcur:0.714
2025-07-30 22:05:12,975 - INFO - E40 TL:0.463 VL:1.660 VAcur:0.500 BestVAcur:0.714
2025-07-30 22:05:14,050 - INFO - E50 TL:0.461 VL:1.709 VAcur:0.429 BestVAcur:0.714
2025-07-30 22:05:15,120 - INFO - E60 TL:0.461 VL:1.567 VAcur:0.571 BestVAcur:0.714
2025-07-30 22:05:16,190 - INFO - E70 TL:0.460 VL:1.577 VAcur:0.571 BestVAcur:0.714
2025-07-30 22:05:17,260 - INFO - E80 TL:0.460 VL:1.626 VAcur:0.571 BestVAcur:0.714
2025-07-30 22:05:18,325 - INFO - E90 TL:0.454 VL:1.644 VAcur:0.500 BestVAcur:0.714
2025-07-30 22:05:19,388 - INFO - E100 TL:0.455 VL:1.609 VAcur:0.571 BestVAcur:0.714
2025-07-30 22:05:19,393 - INFO - 
Starting Run 10/30
2025-07-30 22:05:19,401 - INFO - Run 10, Fold 1/3
2025-07-30 22:05:20,622 - INFO - E10 TL:0.523 VL:1.778 VAcur:0.500 BestVAcur:0.714
2025-07-30 22:05:21,688 - INFO - E20 TL:0.488 VL:1.580 VAcur:0.357 BestVAcur:0.714
2025-07-30 22:05:22,757 - INFO - E30 TL:0.470 VL:1.639 VAcur:0.429 BestVAcur:0.714
2025-07-30 22:05:23,833 - INFO - E40 TL:0.461 VL:1.598 VAcur:0.571 BestVAcur:0.714
2025-07-30 22:05:24,860 - INFO - E50 TL:0.466 VL:1.442 VAcur:0.714 BestVAcur:0.714
2025-07-30 22:05:25,948 - INFO - E60 TL:0.465 VL:1.496 VAcur:0.571 BestVAcur:0.714
2025-07-30 22:05:27,020 - INFO - E70 TL:0.457 VL:1.529 VAcur:0.643 BestVAcur:0.714
2025-07-30 22:05:28,089 - INFO - E80 TL:0.458 VL:1.531 VAcur:0.643 BestVAcur:0.714
2025-07-30 22:05:29,210 - INFO - E90 TL:0.458 VL:1.510 VAcur:0.500 BestVAcur:0.786
2025-07-30 22:05:30,292 - INFO - E100 TL:0.460 VL:1.407 VAcur:0.643 BestVAcur:0.786
2025-07-30 22:05:30,295 - INFO - Run 10, Fold 2/3
2025-07-30 22:05:31,490 - INFO - E10 TL:0.528 VL:2.381 VAcur:0.500 BestVAcur:0.643
2025-07-30 22:05:32,585 - INFO - E20 TL:0.486 VL:1.944 VAcur:0.571 BestVAcur:0.643
2025-07-30 22:05:33,668 - INFO - E30 TL:0.470 VL:1.814 VAcur:0.571 BestVAcur:0.643
2025-07-30 22:05:34,751 - INFO - E40 TL:0.468 VL:1.786 VAcur:0.643 BestVAcur:0.643
2025-07-30 22:05:35,834 - INFO - E50 TL:0.466 VL:1.867 VAcur:0.429 BestVAcur:0.643
2025-07-30 22:05:36,919 - INFO - E60 TL:0.462 VL:1.707 VAcur:0.643 BestVAcur:0.643
2025-07-30 22:05:38,000 - INFO - E70 TL:0.460 VL:1.773 VAcur:0.643 BestVAcur:0.643
2025-07-30 22:05:39,085 - INFO - E80 TL:0.458 VL:1.825 VAcur:0.643 BestVAcur:0.643
2025-07-30 22:05:40,164 - INFO - E90 TL:0.456 VL:1.689 VAcur:0.643 BestVAcur:0.643
2025-07-30 22:05:41,250 - INFO - E100 TL:0.459 VL:1.823 VAcur:0.643 BestVAcur:0.643
2025-07-30 22:05:41,251 - INFO - Run 10, Fold 3/3
2025-07-30 22:05:42,479 - INFO - E10 TL:0.525 VL:1.452 VAcur:0.714 BestVAcur:0.786
2025-07-30 22:05:43,593 - INFO - E20 TL:0.488 VL:1.424 VAcur:0.714 BestVAcur:0.857
2025-07-30 22:05:44,677 - INFO - E30 TL:0.467 VL:1.337 VAcur:0.643 BestVAcur:0.857
2025-07-30 22:05:45,759 - INFO - E40 TL:0.463 VL:1.343 VAcur:0.643 BestVAcur:0.857
2025-07-30 22:05:46,844 - INFO - E50 TL:0.466 VL:1.314 VAcur:0.714 BestVAcur:0.857
2025-07-30 22:05:47,927 - INFO - E60 TL:0.458 VL:1.439 VAcur:0.714 BestVAcur:0.857
2025-07-30 22:05:49,013 - INFO - E70 TL:0.459 VL:1.303 VAcur:0.786 BestVAcur:0.857
2025-07-30 22:05:50,114 - INFO - E80 TL:0.461 VL:1.247 VAcur:0.786 BestVAcur:0.857
2025-07-30 22:05:51,197 - INFO - E90 TL:0.460 VL:1.310 VAcur:0.714 BestVAcur:0.857
2025-07-30 22:05:52,281 - INFO - E100 TL:0.457 VL:1.266 VAcur:0.714 BestVAcur:0.857
2025-07-30 22:05:52,292 - INFO - 
Starting Run 11/30
2025-07-30 22:05:52,293 - INFO - Run 11, Fold 1/3
2025-07-30 22:05:53,471 - INFO - E10 TL:0.517 VL:2.779 VAcur:0.286 BestVAcur:0.571
2025-07-30 22:05:54,604 - INFO - E20 TL:0.481 VL:1.873 VAcur:0.500 BestVAcur:0.643
2025-07-30 22:05:55,686 - INFO - E30 TL:0.463 VL:1.691 VAcur:0.571 BestVAcur:0.643
2025-07-30 22:05:56,770 - INFO - E40 TL:0.463 VL:1.729 VAcur:0.571 BestVAcur:0.643
2025-07-30 22:05:57,848 - INFO - E50 TL:0.459 VL:1.628 VAcur:0.643 BestVAcur:0.643
2025-07-30 22:05:58,933 - INFO - E60 TL:0.464 VL:1.856 VAcur:0.571 BestVAcur:0.643
2025-07-30 22:06:00,019 - INFO - E70 TL:0.465 VL:1.606 VAcur:0.571 BestVAcur:0.643
2025-07-30 22:06:01,103 - INFO - E80 TL:0.461 VL:1.676 VAcur:0.643 BestVAcur:0.643
2025-07-30 22:06:02,226 - INFO - E90 TL:0.457 VL:1.587 VAcur:0.643 BestVAcur:0.714
2025-07-30 22:06:03,302 - INFO - E100 TL:0.456 VL:1.670 VAcur:0.643 BestVAcur:0.714
2025-07-30 22:06:03,304 - INFO - Run 11, Fold 2/3
2025-07-30 22:06:04,540 - INFO - E10 TL:0.514 VL:1.313 VAcur:0.714 BestVAcur:0.857
2025-07-30 22:06:05,626 - INFO - E20 TL:0.493 VL:1.206 VAcur:0.714 BestVAcur:0.857
2025-07-30 22:06:06,711 - INFO - E30 TL:0.476 VL:1.077 VAcur:0.786 BestVAcur:0.857
2025-07-30 22:06:07,834 - INFO - E40 TL:0.466 VL:1.108 VAcur:0.857 BestVAcur:0.929
2025-07-30 22:06:08,918 - INFO - E50 TL:0.469 VL:1.058 VAcur:0.857 BestVAcur:0.929
2025-07-30 22:06:10,001 - INFO - E60 TL:0.467 VL:1.063 VAcur:0.929 BestVAcur:0.929
2025-07-30 22:06:11,085 - INFO - E70 TL:0.458 VL:1.048 VAcur:0.786 BestVAcur:0.929
2025-07-30 22:06:12,169 - INFO - E80 TL:0.458 VL:1.021 VAcur:0.857 BestVAcur:0.929
2025-07-30 22:06:13,249 - INFO - E90 TL:0.458 VL:0.960 VAcur:0.857 BestVAcur:0.929
2025-07-30 22:06:14,333 - INFO - E100 TL:0.463 VL:1.027 VAcur:0.857 BestVAcur:0.929
2025-07-30 22:06:14,337 - INFO - Run 11, Fold 3/3
2025-07-30 22:06:15,523 - INFO - E10 TL:0.532 VL:1.605 VAcur:0.714 BestVAcur:0.857
2025-07-30 22:06:16,606 - INFO - E20 TL:0.480 VL:1.571 VAcur:0.500 BestVAcur:0.857
2025-07-30 22:06:17,691 - INFO - E30 TL:0.468 VL:1.414 VAcur:0.500 BestVAcur:0.857
2025-07-30 22:06:18,774 - INFO - E40 TL:0.465 VL:1.443 VAcur:0.643 BestVAcur:0.857
2025-07-30 22:06:19,860 - INFO - E50 TL:0.469 VL:1.531 VAcur:0.500 BestVAcur:0.857
2025-07-30 22:06:20,944 - INFO - E60 TL:0.463 VL:1.410 VAcur:0.714 BestVAcur:0.857
2025-07-30 22:06:22,027 - INFO - E70 TL:0.459 VL:1.358 VAcur:0.643 BestVAcur:0.857
2025-07-30 22:06:23,102 - INFO - E80 TL:0.463 VL:1.395 VAcur:0.429 BestVAcur:0.857
2025-07-30 22:06:24,199 - INFO - E90 TL:0.460 VL:1.382 VAcur:0.571 BestVAcur:0.857
2025-07-30 22:06:25,286 - INFO - E100 TL:0.461 VL:1.315 VAcur:0.786 BestVAcur:0.857
2025-07-30 22:06:25,290 - INFO - New best overall accuracy: 0.9286 (Run 11)
2025-07-30 22:06:25,290 - INFO - 
Starting Run 12/30
2025-07-30 22:06:25,290 - INFO - Run 12, Fold 1/3
2025-07-30 22:06:26,485 - INFO - E10 TL:0.530 VL:2.299 VAcur:0.286 BestVAcur:0.571
2025-07-30 22:06:27,570 - INFO - E20 TL:0.483 VL:2.057 VAcur:0.357 BestVAcur:0.571
2025-07-30 22:06:28,642 - INFO - E30 TL:0.477 VL:1.801 VAcur:0.429 BestVAcur:0.571
2025-07-30 22:06:29,727 - INFO - E40 TL:0.467 VL:1.667 VAcur:0.429 BestVAcur:0.571
2025-07-30 22:06:30,813 - INFO - E50 TL:0.464 VL:1.767 VAcur:0.429 BestVAcur:0.571
2025-07-30 22:06:31,905 - INFO - E60 TL:0.459 VL:1.686 VAcur:0.429 BestVAcur:0.571
2025-07-30 22:06:32,977 - INFO - E70 TL:0.461 VL:1.804 VAcur:0.500 BestVAcur:0.571
2025-07-30 22:06:34,061 - INFO - E80 TL:0.462 VL:1.819 VAcur:0.357 BestVAcur:0.571
2025-07-30 22:06:35,145 - INFO - E90 TL:0.458 VL:1.833 VAcur:0.357 BestVAcur:0.571
2025-07-30 22:06:36,227 - INFO - E100 TL:0.458 VL:1.856 VAcur:0.357 BestVAcur:0.571
2025-07-30 22:06:36,232 - INFO - Run 12, Fold 2/3
2025-07-30 22:06:37,423 - INFO - E10 TL:0.532 VL:1.693 VAcur:0.429 BestVAcur:0.714
2025-07-30 22:06:38,501 - INFO - E20 TL:0.473 VL:1.863 VAcur:0.500 BestVAcur:0.714
2025-07-30 22:06:39,585 - INFO - E30 TL:0.461 VL:1.908 VAcur:0.643 BestVAcur:0.714
2025-07-30 22:06:40,676 - INFO - E40 TL:0.464 VL:1.705 VAcur:0.643 BestVAcur:0.714
2025-07-30 22:06:41,756 - INFO - E50 TL:0.462 VL:1.751 VAcur:0.643 BestVAcur:0.714
2025-07-30 22:06:42,841 - INFO - E60 TL:0.463 VL:1.782 VAcur:0.357 BestVAcur:0.714
2025-07-30 22:06:43,927 - INFO - E70 TL:0.457 VL:1.806 VAcur:0.571 BestVAcur:0.714
2025-07-30 22:06:45,010 - INFO - E80 TL:0.457 VL:1.703 VAcur:0.643 BestVAcur:0.714
2025-07-30 22:06:46,093 - INFO - E90 TL:0.458 VL:1.667 VAcur:0.500 BestVAcur:0.714
2025-07-30 22:06:47,177 - INFO - E100 TL:0.456 VL:1.707 VAcur:0.500 BestVAcur:0.714
2025-07-30 22:06:47,181 - INFO - Run 12, Fold 3/3
2025-07-30 22:06:48,368 - INFO - E10 TL:0.535 VL:2.366 VAcur:0.429 BestVAcur:0.571
2025-07-30 22:06:49,488 - INFO - E20 TL:0.489 VL:1.765 VAcur:0.571 BestVAcur:0.643
2025-07-30 22:06:50,575 - INFO - E30 TL:0.471 VL:1.722 VAcur:0.500 BestVAcur:0.643
2025-07-30 22:06:51,662 - INFO - E40 TL:0.460 VL:1.841 VAcur:0.571 BestVAcur:0.643
2025-07-30 22:06:52,743 - INFO - E50 TL:0.459 VL:1.891 VAcur:0.500 BestVAcur:0.643
2025-07-30 22:06:53,827 - INFO - E60 TL:0.463 VL:1.825 VAcur:0.643 BestVAcur:0.643
2025-07-30 22:06:54,911 - INFO - E70 TL:0.460 VL:1.795 VAcur:0.643 BestVAcur:0.643
2025-07-30 22:06:55,994 - INFO - E80 TL:0.459 VL:1.746 VAcur:0.643 BestVAcur:0.643
2025-07-30 22:06:57,072 - INFO - E90 TL:0.456 VL:1.746 VAcur:0.643 BestVAcur:0.643
2025-07-30 22:06:58,148 - INFO - E100 TL:0.455 VL:1.775 VAcur:0.500 BestVAcur:0.643
2025-07-30 22:06:58,148 - INFO - 
Starting Run 13/30
2025-07-30 22:06:58,152 - INFO - Run 13, Fold 1/3
2025-07-30 22:06:59,310 - INFO - E10 TL:0.539 VL:1.998 VAcur:0.500 BestVAcur:0.571
2025-07-30 22:07:00,432 - INFO - E20 TL:0.485 VL:1.982 VAcur:0.714 BestVAcur:0.714
2025-07-30 22:07:01,515 - INFO - E30 TL:0.476 VL:2.417 VAcur:0.286 BestVAcur:0.714
2025-07-30 22:07:02,601 - INFO - E40 TL:0.459 VL:2.213 VAcur:0.429 BestVAcur:0.714
2025-07-30 22:07:03,676 - INFO - E50 TL:0.462 VL:2.045 VAcur:0.571 BestVAcur:0.714
2025-07-30 22:07:04,761 - INFO - E60 TL:0.459 VL:2.117 VAcur:0.500 BestVAcur:0.714
2025-07-30 22:07:05,849 - INFO - E70 TL:0.458 VL:2.208 VAcur:0.571 BestVAcur:0.714
2025-07-30 22:07:06,932 - INFO - E80 TL:0.459 VL:2.194 VAcur:0.571 BestVAcur:0.714
2025-07-30 22:07:08,005 - INFO - E90 TL:0.457 VL:2.184 VAcur:0.500 BestVAcur:0.714
2025-07-30 22:07:09,091 - INFO - E100 TL:0.454 VL:2.134 VAcur:0.571 BestVAcur:0.714
2025-07-30 22:07:09,094 - INFO - Run 13, Fold 2/3
2025-07-30 22:07:10,286 - INFO - E10 TL:0.536 VL:2.341 VAcur:0.429 BestVAcur:0.571
2025-07-30 22:07:11,410 - INFO - E20 TL:0.496 VL:1.800 VAcur:0.571 BestVAcur:0.643
2025-07-30 22:07:12,495 - INFO - E30 TL:0.469 VL:1.797 VAcur:0.500 BestVAcur:0.643
2025-07-30 22:07:13,569 - INFO - E40 TL:0.466 VL:1.734 VAcur:0.571 BestVAcur:0.643
2025-07-30 22:07:14,665 - INFO - E50 TL:0.455 VL:1.759 VAcur:0.643 BestVAcur:0.643
2025-07-30 22:07:15,744 - INFO - E60 TL:0.459 VL:1.727 VAcur:0.643 BestVAcur:0.643
2025-07-30 22:07:16,829 - INFO - E70 TL:0.458 VL:1.679 VAcur:0.643 BestVAcur:0.643
2025-07-30 22:07:17,901 - INFO - E80 TL:0.458 VL:1.588 VAcur:0.571 BestVAcur:0.643
2025-07-30 22:07:18,986 - INFO - E90 TL:0.456 VL:1.715 VAcur:0.643 BestVAcur:0.643
2025-07-30 22:07:20,068 - INFO - E100 TL:0.452 VL:1.671 VAcur:0.643 BestVAcur:0.643
2025-07-30 22:07:20,068 - INFO - Run 13, Fold 3/3
2025-07-30 22:07:21,294 - INFO - E10 TL:0.505 VL:2.311 VAcur:0.500 BestVAcur:0.714
2025-07-30 22:07:22,378 - INFO - E20 TL:0.476 VL:1.915 VAcur:0.500 BestVAcur:0.714
2025-07-30 22:07:23,449 - INFO - E30 TL:0.464 VL:1.798 VAcur:0.571 BestVAcur:0.714
2025-07-30 22:07:24,528 - INFO - E40 TL:0.465 VL:1.821 VAcur:0.571 BestVAcur:0.714
2025-07-30 22:07:25,611 - INFO - E50 TL:0.465 VL:1.629 VAcur:0.643 BestVAcur:0.714
2025-07-30 22:07:26,693 - INFO - E60 TL:0.461 VL:1.789 VAcur:0.643 BestVAcur:0.714
2025-07-30 22:07:27,774 - INFO - E70 TL:0.464 VL:1.700 VAcur:0.643 BestVAcur:0.714
2025-07-30 22:07:28,860 - INFO - E80 TL:0.456 VL:1.677 VAcur:0.643 BestVAcur:0.714
2025-07-30 22:07:29,944 - INFO - E90 TL:0.454 VL:1.687 VAcur:0.714 BestVAcur:0.714
2025-07-30 22:07:31,028 - INFO - E100 TL:0.457 VL:1.679 VAcur:0.643 BestVAcur:0.714
2025-07-30 22:07:31,032 - INFO - 
Starting Run 14/30
2025-07-30 22:07:31,041 - INFO - Run 14, Fold 1/3
2025-07-30 22:07:32,267 - INFO - E10 TL:0.514 VL:2.189 VAcur:0.714 BestVAcur:0.714
2025-07-30 22:07:33,340 - INFO - E20 TL:0.469 VL:1.859 VAcur:0.643 BestVAcur:0.714
2025-07-30 22:07:34,425 - INFO - E30 TL:0.466 VL:1.754 VAcur:0.500 BestVAcur:0.714
2025-07-30 22:07:35,510 - INFO - E40 TL:0.465 VL:1.682 VAcur:0.643 BestVAcur:0.714
2025-07-30 22:07:36,594 - INFO - E50 TL:0.461 VL:1.607 VAcur:0.500 BestVAcur:0.714
2025-07-30 22:07:37,677 - INFO - E60 TL:0.461 VL:1.633 VAcur:0.571 BestVAcur:0.714
2025-07-30 22:07:38,761 - INFO - E70 TL:0.462 VL:1.850 VAcur:0.571 BestVAcur:0.714
2025-07-30 22:07:39,896 - INFO - E80 TL:0.465 VL:1.587 VAcur:0.786 BestVAcur:0.786
2025-07-30 22:07:40,978 - INFO - E90 TL:0.454 VL:1.580 VAcur:0.714 BestVAcur:0.786
2025-07-30 22:07:42,064 - INFO - E100 TL:0.455 VL:1.542 VAcur:0.714 BestVAcur:0.786
2025-07-30 22:07:42,068 - INFO - Run 14, Fold 2/3
2025-07-30 22:07:43,251 - INFO - E10 TL:0.509 VL:1.755 VAcur:0.571 BestVAcur:0.714
2025-07-30 22:07:44,377 - INFO - E20 TL:0.484 VL:1.474 VAcur:0.714 BestVAcur:0.786
2025-07-30 22:07:45,461 - INFO - E30 TL:0.465 VL:1.520 VAcur:0.571 BestVAcur:0.786
2025-07-30 22:07:46,543 - INFO - E40 TL:0.456 VL:1.523 VAcur:0.571 BestVAcur:0.786
2025-07-30 22:07:47,621 - INFO - E50 TL:0.456 VL:1.469 VAcur:0.714 BestVAcur:0.786
2025-07-30 22:07:48,696 - INFO - E60 TL:0.465 VL:1.556 VAcur:0.571 BestVAcur:0.786
2025-07-30 22:07:49,783 - INFO - E70 TL:0.461 VL:1.565 VAcur:0.500 BestVAcur:0.786
2025-07-30 22:07:50,869 - INFO - E80 TL:0.458 VL:1.479 VAcur:0.714 BestVAcur:0.786
2025-07-30 22:07:51,952 - INFO - E90 TL:0.457 VL:1.447 VAcur:0.643 BestVAcur:0.786
2025-07-30 22:07:53,026 - INFO - E100 TL:0.458 VL:1.566 VAcur:0.500 BestVAcur:0.786
2025-07-30 22:07:53,027 - INFO - Run 14, Fold 3/3
2025-07-30 22:07:54,215 - INFO - E10 TL:0.565 VL:2.374 VAcur:0.500 BestVAcur:0.571
2025-07-30 22:07:55,302 - INFO - E20 TL:0.483 VL:1.969 VAcur:0.357 BestVAcur:0.571
2025-07-30 22:07:56,386 - INFO - E30 TL:0.472 VL:1.670 VAcur:0.500 BestVAcur:0.571
2025-07-30 22:07:57,478 - INFO - E40 TL:0.469 VL:1.738 VAcur:0.500 BestVAcur:0.571
2025-07-30 22:07:58,598 - INFO - E50 TL:0.466 VL:1.667 VAcur:0.643 BestVAcur:0.643
2025-07-30 22:07:59,682 - INFO - E60 TL:0.458 VL:1.530 VAcur:0.571 BestVAcur:0.643
2025-07-30 22:08:00,768 - INFO - E70 TL:0.455 VL:1.727 VAcur:0.571 BestVAcur:0.643
2025-07-30 22:08:01,851 - INFO - E80 TL:0.454 VL:1.591 VAcur:0.500 BestVAcur:0.643
2025-07-30 22:08:02,928 - INFO - E90 TL:0.456 VL:1.559 VAcur:0.643 BestVAcur:0.643
2025-07-30 22:08:04,044 - INFO - E100 TL:0.460 VL:1.585 VAcur:0.571 BestVAcur:0.714
2025-07-30 22:08:04,048 - INFO - 
Starting Run 15/30
2025-07-30 22:08:04,060 - INFO - Run 15, Fold 1/3
2025-07-30 22:08:05,260 - INFO - E10 TL:0.511 VL:2.719 VAcur:0.643 BestVAcur:0.643
2025-07-30 22:08:06,344 - INFO - E20 TL:0.499 VL:1.854 VAcur:0.571 BestVAcur:0.643
2025-07-30 22:08:07,428 - INFO - E30 TL:0.466 VL:1.839 VAcur:0.500 BestVAcur:0.643
2025-07-30 22:08:08,502 - INFO - E40 TL:0.463 VL:1.857 VAcur:0.500 BestVAcur:0.643
2025-07-30 22:08:09,586 - INFO - E50 TL:0.461 VL:1.758 VAcur:0.643 BestVAcur:0.643
2025-07-30 22:08:10,669 - INFO - E60 TL:0.461 VL:1.692 VAcur:0.500 BestVAcur:0.643
2025-07-30 22:08:11,792 - INFO - E70 TL:0.458 VL:1.794 VAcur:0.500 BestVAcur:0.714
2025-07-30 22:08:12,865 - INFO - E80 TL:0.456 VL:1.786 VAcur:0.500 BestVAcur:0.714
2025-07-30 22:08:13,947 - INFO - E90 TL:0.461 VL:1.721 VAcur:0.643 BestVAcur:0.714
2025-07-30 22:08:15,032 - INFO - E100 TL:0.468 VL:1.869 VAcur:0.714 BestVAcur:0.714
2025-07-30 22:08:15,034 - INFO - Run 15, Fold 2/3
2025-07-30 22:08:16,268 - INFO - E10 TL:0.562 VL:2.072 VAcur:0.500 BestVAcur:0.643
2025-07-30 22:08:17,353 - INFO - E20 TL:0.500 VL:1.661 VAcur:0.571 BestVAcur:0.643
2025-07-30 22:08:18,475 - INFO - E30 TL:0.470 VL:1.559 VAcur:0.714 BestVAcur:0.714
2025-07-30 22:08:19,560 - INFO - E40 TL:0.462 VL:1.586 VAcur:0.643 BestVAcur:0.714
2025-07-30 22:08:20,645 - INFO - E50 TL:0.461 VL:1.486 VAcur:0.714 BestVAcur:0.714
2025-07-30 22:08:21,723 - INFO - E60 TL:0.460 VL:1.605 VAcur:0.571 BestVAcur:0.714
2025-07-30 22:08:22,842 - INFO - E70 TL:0.461 VL:1.425 VAcur:0.714 BestVAcur:0.786
2025-07-30 22:08:23,923 - INFO - E80 TL:0.458 VL:1.470 VAcur:0.714 BestVAcur:0.786
2025-07-30 22:08:25,006 - INFO - E90 TL:0.456 VL:1.569 VAcur:0.714 BestVAcur:0.786
2025-07-30 22:08:26,092 - INFO - E100 TL:0.462 VL:1.520 VAcur:0.643 BestVAcur:0.786
2025-07-30 22:08:26,095 - INFO - Run 15, Fold 3/3
2025-07-30 22:08:27,287 - INFO - E10 TL:0.535 VL:2.057 VAcur:0.500 BestVAcur:0.714
2025-07-30 22:08:28,361 - INFO - E20 TL:0.482 VL:1.835 VAcur:0.500 BestVAcur:0.714
2025-07-30 22:08:29,443 - INFO - E30 TL:0.470 VL:1.786 VAcur:0.714 BestVAcur:0.714
2025-07-30 22:08:30,527 - INFO - E40 TL:0.470 VL:1.857 VAcur:0.643 BestVAcur:0.714
2025-07-30 22:08:31,611 - INFO - E50 TL:0.463 VL:1.966 VAcur:0.571 BestVAcur:0.714
2025-07-30 22:08:32,693 - INFO - E60 TL:0.463 VL:1.734 VAcur:0.714 BestVAcur:0.714
2025-07-30 22:08:33,776 - INFO - E70 TL:0.459 VL:1.758 VAcur:0.643 BestVAcur:0.714
2025-07-30 22:08:34,861 - INFO - E80 TL:0.462 VL:2.012 VAcur:0.571 BestVAcur:0.714
2025-07-30 22:08:35,943 - INFO - E90 TL:0.462 VL:1.653 VAcur:0.643 BestVAcur:0.714
2025-07-30 22:08:37,027 - INFO - E100 TL:0.458 VL:1.895 VAcur:0.643 BestVAcur:0.714
2025-07-30 22:08:37,027 - INFO - 
Starting Run 16/30
2025-07-30 22:08:37,032 - INFO - Run 16, Fold 1/3
2025-07-30 22:08:38,257 - INFO - E10 TL:0.529 VL:2.026 VAcur:0.714 BestVAcur:0.714
2025-07-30 22:08:39,355 - INFO - E20 TL:0.488 VL:1.674 VAcur:0.500 BestVAcur:0.714
2025-07-30 22:08:40,439 - INFO - E30 TL:0.469 VL:1.715 VAcur:0.571 BestVAcur:0.714
2025-07-30 22:08:41,524 - INFO - E40 TL:0.461 VL:1.570 VAcur:0.643 BestVAcur:0.714
2025-07-30 22:08:42,608 - INFO - E50 TL:0.457 VL:1.587 VAcur:0.500 BestVAcur:0.714
2025-07-30 22:08:43,688 - INFO - E60 TL:0.461 VL:1.578 VAcur:0.571 BestVAcur:0.714
2025-07-30 22:08:44,773 - INFO - E70 TL:0.461 VL:1.550 VAcur:0.643 BestVAcur:0.714
2025-07-30 22:08:45,858 - INFO - E80 TL:0.456 VL:1.563 VAcur:0.643 BestVAcur:0.714
2025-07-30 22:08:46,942 - INFO - E90 TL:0.457 VL:1.597 VAcur:0.643 BestVAcur:0.714
2025-07-30 22:08:48,022 - INFO - E100 TL:0.453 VL:1.516 VAcur:0.643 BestVAcur:0.714
2025-07-30 22:08:48,026 - INFO - Run 16, Fold 2/3
2025-07-30 22:08:49,241 - INFO - E10 TL:0.505 VL:1.756 VAcur:0.429 BestVAcur:0.500
2025-07-30 22:08:50,361 - INFO - E20 TL:0.479 VL:1.600 VAcur:0.357 BestVAcur:0.571
2025-07-30 22:08:51,445 - INFO - E30 TL:0.473 VL:1.736 VAcur:0.357 BestVAcur:0.571
2025-07-30 22:08:52,566 - INFO - E40 TL:0.471 VL:1.370 VAcur:0.643 BestVAcur:0.643
2025-07-30 22:08:53,636 - INFO - E50 TL:0.461 VL:1.503 VAcur:0.429 BestVAcur:0.643
2025-07-30 22:08:54,719 - INFO - E60 TL:0.466 VL:1.984 VAcur:0.429 BestVAcur:0.643
2025-07-30 22:08:55,842 - INFO - E70 TL:0.462 VL:1.655 VAcur:0.429 BestVAcur:0.786
2025-07-30 22:08:56,935 - INFO - E80 TL:0.465 VL:1.557 VAcur:0.500 BestVAcur:0.786
2025-07-30 22:08:58,011 - INFO - E90 TL:0.459 VL:1.578 VAcur:0.429 BestVAcur:0.786
2025-07-30 22:08:59,094 - INFO - E100 TL:0.456 VL:1.597 VAcur:0.429 BestVAcur:0.786
2025-07-30 22:08:59,099 - INFO - Run 16, Fold 3/3
2025-07-30 22:09:00,329 - INFO - E10 TL:0.518 VL:1.938 VAcur:0.643 BestVAcur:0.786
2025-07-30 22:09:01,411 - INFO - E20 TL:0.490 VL:1.614 VAcur:0.714 BestVAcur:0.786
2025-07-30 22:09:02,494 - INFO - E30 TL:0.472 VL:1.614 VAcur:0.714 BestVAcur:0.786
2025-07-30 22:09:03,573 - INFO - E40 TL:0.466 VL:1.595 VAcur:0.714 BestVAcur:0.786
2025-07-30 22:09:04,661 - INFO - E50 TL:0.458 VL:1.633 VAcur:0.714 BestVAcur:0.786
2025-07-30 22:09:05,760 - INFO - E60 TL:0.462 VL:1.483 VAcur:0.714 BestVAcur:0.786
2025-07-30 22:09:06,844 - INFO - E70 TL:0.459 VL:1.521 VAcur:0.714 BestVAcur:0.786
2025-07-30 22:09:07,923 - INFO - E80 TL:0.457 VL:1.540 VAcur:0.714 BestVAcur:0.786
2025-07-30 22:09:09,003 - INFO - E90 TL:0.456 VL:1.530 VAcur:0.714 BestVAcur:0.786
2025-07-30 22:09:10,087 - INFO - E100 TL:0.460 VL:1.520 VAcur:0.714 BestVAcur:0.786
2025-07-30 22:09:10,087 - INFO - 
Starting Run 17/30
2025-07-30 22:09:10,091 - INFO - Run 17, Fold 1/3
2025-07-30 22:09:11,286 - INFO - E10 TL:0.543 VL:2.238 VAcur:0.500 BestVAcur:0.571
2025-07-30 22:09:12,411 - INFO - E20 TL:0.485 VL:1.653 VAcur:0.643 BestVAcur:0.643
2025-07-30 22:09:13,534 - INFO - E30 TL:0.474 VL:1.795 VAcur:0.714 BestVAcur:0.714
2025-07-30 22:09:14,628 - INFO - E40 TL:0.468 VL:1.546 VAcur:0.571 BestVAcur:0.714
2025-07-30 22:09:15,751 - INFO - E50 TL:0.472 VL:1.598 VAcur:0.429 BestVAcur:0.786
2025-07-30 22:09:16,835 - INFO - E60 TL:0.467 VL:1.503 VAcur:0.714 BestVAcur:0.786
2025-07-30 22:09:17,911 - INFO - E70 TL:0.463 VL:1.555 VAcur:0.643 BestVAcur:0.786
2025-07-30 22:09:18,994 - INFO - E80 TL:0.465 VL:1.567 VAcur:0.571 BestVAcur:0.786
2025-07-30 22:09:20,078 - INFO - E90 TL:0.456 VL:1.484 VAcur:0.500 BestVAcur:0.786
2025-07-30 22:09:21,182 - INFO - E100 TL:0.459 VL:1.505 VAcur:0.571 BestVAcur:0.786
2025-07-30 22:09:21,186 - INFO - Run 17, Fold 2/3
2025-07-30 22:09:22,379 - INFO - E10 TL:0.510 VL:2.305 VAcur:0.500 BestVAcur:0.643
2025-07-30 22:09:23,456 - INFO - E20 TL:0.482 VL:1.764 VAcur:0.500 BestVAcur:0.643
2025-07-30 22:09:24,540 - INFO - E30 TL:0.462 VL:1.688 VAcur:0.500 BestVAcur:0.643
2025-07-30 22:09:25,623 - INFO - E40 TL:0.468 VL:1.613 VAcur:0.500 BestVAcur:0.643
2025-07-30 22:09:26,702 - INFO - E50 TL:0.471 VL:1.593 VAcur:0.500 BestVAcur:0.643
2025-07-30 22:09:27,769 - INFO - E60 TL:0.455 VL:1.605 VAcur:0.643 BestVAcur:0.643
2025-07-30 22:09:28,848 - INFO - E70 TL:0.458 VL:1.632 VAcur:0.643 BestVAcur:0.643
2025-07-30 22:09:29,937 - INFO - E80 TL:0.459 VL:1.502 VAcur:0.643 BestVAcur:0.643
2025-07-30 22:09:30,984 - INFO - E90 TL:0.457 VL:1.630 VAcur:0.500 BestVAcur:0.643
2025-07-30 22:09:32,053 - INFO - E100 TL:0.457 VL:1.545 VAcur:0.500 BestVAcur:0.643
2025-07-30 22:09:32,054 - INFO - Run 17, Fold 3/3
2025-07-30 22:09:33,201 - INFO - E10 TL:0.555 VL:1.944 VAcur:0.286 BestVAcur:0.714
2025-07-30 22:09:34,271 - INFO - E20 TL:0.488 VL:1.593 VAcur:0.500 BestVAcur:0.714
2025-07-30 22:09:35,347 - INFO - E30 TL:0.467 VL:1.696 VAcur:0.429 BestVAcur:0.714
2025-07-30 22:09:36,433 - INFO - E40 TL:0.465 VL:1.553 VAcur:0.571 BestVAcur:0.714
2025-07-30 22:09:37,520 - INFO - E50 TL:0.460 VL:1.565 VAcur:0.571 BestVAcur:0.714
2025-07-30 22:09:38,632 - INFO - E60 TL:0.459 VL:1.537 VAcur:0.714 BestVAcur:0.786
2025-07-30 22:09:39,734 - INFO - E70 TL:0.456 VL:1.476 VAcur:0.714 BestVAcur:0.786
2025-07-30 22:09:40,818 - INFO - E80 TL:0.451 VL:1.525 VAcur:0.571 BestVAcur:0.786
2025-07-30 22:09:41,904 - INFO - E90 TL:0.455 VL:1.571 VAcur:0.786 BestVAcur:0.786
2025-07-30 22:09:42,985 - INFO - E100 TL:0.457 VL:1.463 VAcur:0.643 BestVAcur:0.786
2025-07-30 22:09:42,989 - INFO - 
Starting Run 18/30
2025-07-30 22:09:42,997 - INFO - Run 18, Fold 1/3
2025-07-30 22:09:44,191 - INFO - E10 TL:0.530 VL:2.027 VAcur:0.714 BestVAcur:0.714
2025-07-30 22:09:45,275 - INFO - E20 TL:0.477 VL:1.568 VAcur:0.643 BestVAcur:0.714
2025-07-30 22:09:46,361 - INFO - E30 TL:0.472 VL:1.557 VAcur:0.643 BestVAcur:0.714
2025-07-30 22:09:47,444 - INFO - E40 TL:0.464 VL:1.464 VAcur:0.714 BestVAcur:0.714
2025-07-30 22:09:48,542 - INFO - E50 TL:0.459 VL:1.442 VAcur:0.643 BestVAcur:0.714
2025-07-30 22:09:49,627 - INFO - E60 TL:0.467 VL:1.512 VAcur:0.643 BestVAcur:0.714
2025-07-30 22:09:50,712 - INFO - E70 TL:0.456 VL:1.562 VAcur:0.714 BestVAcur:0.714
2025-07-30 22:09:51,795 - INFO - E80 TL:0.455 VL:1.455 VAcur:0.714 BestVAcur:0.714
2025-07-30 22:09:52,877 - INFO - E90 TL:0.455 VL:1.514 VAcur:0.643 BestVAcur:0.714
2025-07-30 22:09:53,961 - INFO - E100 TL:0.456 VL:1.403 VAcur:0.643 BestVAcur:0.714
2025-07-30 22:09:53,964 - INFO - Run 18, Fold 2/3
2025-07-30 22:09:55,201 - INFO - E10 TL:0.559 VL:1.914 VAcur:0.500 BestVAcur:0.500
2025-07-30 22:09:56,326 - INFO - E20 TL:0.484 VL:1.720 VAcur:0.429 BestVAcur:0.571
2025-07-30 22:09:57,419 - INFO - E30 TL:0.473 VL:1.779 VAcur:0.214 BestVAcur:0.571
2025-07-30 22:09:58,500 - INFO - E40 TL:0.464 VL:1.636 VAcur:0.429 BestVAcur:0.571
2025-07-30 22:09:59,585 - INFO - E50 TL:0.462 VL:1.502 VAcur:0.500 BestVAcur:0.571
2025-07-30 22:10:00,671 - INFO - E60 TL:0.458 VL:1.590 VAcur:0.429 BestVAcur:0.571
2025-07-30 22:10:01,794 - INFO - E70 TL:0.461 VL:1.742 VAcur:0.571 BestVAcur:0.643
2025-07-30 22:10:02,877 - INFO - E80 TL:0.458 VL:1.676 VAcur:0.500 BestVAcur:0.643
2025-07-30 22:10:03,958 - INFO - E90 TL:0.458 VL:1.689 VAcur:0.429 BestVAcur:0.643
2025-07-30 22:10:05,060 - INFO - E100 TL:0.459 VL:1.700 VAcur:0.429 BestVAcur:0.643
2025-07-30 22:10:05,060 - INFO - Run 18, Fold 3/3
2025-07-30 22:10:06,219 - INFO - E10 TL:0.546 VL:2.179 VAcur:0.571 BestVAcur:0.571
2025-07-30 22:10:07,335 - INFO - E20 TL:0.490 VL:1.824 VAcur:0.500 BestVAcur:0.643
2025-07-30 22:10:08,418 - INFO - E30 TL:0.472 VL:2.062 VAcur:0.571 BestVAcur:0.643
2025-07-30 22:10:09,503 - INFO - E40 TL:0.461 VL:1.724 VAcur:0.643 BestVAcur:0.643
2025-07-30 22:10:10,587 - INFO - E50 TL:0.463 VL:1.764 VAcur:0.571 BestVAcur:0.643
2025-07-30 22:10:11,669 - INFO - E60 TL:0.465 VL:1.782 VAcur:0.643 BestVAcur:0.643
2025-07-30 22:10:12,752 - INFO - E70 TL:0.461 VL:1.772 VAcur:0.643 BestVAcur:0.643
2025-07-30 22:10:13,839 - INFO - E80 TL:0.457 VL:1.703 VAcur:0.643 BestVAcur:0.643
2025-07-30 22:10:14,925 - INFO - E90 TL:0.459 VL:1.743 VAcur:0.643 BestVAcur:0.643
2025-07-30 22:10:16,011 - INFO - E100 TL:0.457 VL:1.655 VAcur:0.643 BestVAcur:0.643
2025-07-30 22:10:16,015 - INFO - 
Starting Run 19/30
2025-07-30 22:10:16,023 - INFO - Run 19, Fold 1/3
2025-07-30 22:10:17,251 - INFO - E10 TL:0.527 VL:1.577 VAcur:0.643 BestVAcur:0.714
2025-07-30 22:10:18,340 - INFO - E20 TL:0.485 VL:1.611 VAcur:0.429 BestVAcur:0.714
2025-07-30 22:10:19,427 - INFO - E30 TL:0.477 VL:1.502 VAcur:0.429 BestVAcur:0.714
2025-07-30 22:10:20,511 - INFO - E40 TL:0.465 VL:1.414 VAcur:0.429 BestVAcur:0.714
2025-07-30 22:10:21,592 - INFO - E50 TL:0.470 VL:1.441 VAcur:0.643 BestVAcur:0.714
2025-07-30 22:10:22,690 - INFO - E60 TL:0.460 VL:1.470 VAcur:0.571 BestVAcur:0.714
2025-07-30 22:10:23,768 - INFO - E70 TL:0.458 VL:1.402 VAcur:0.500 BestVAcur:0.714
2025-07-30 22:10:24,852 - INFO - E80 TL:0.457 VL:1.388 VAcur:0.571 BestVAcur:0.714
2025-07-30 22:10:25,935 - INFO - E90 TL:0.458 VL:1.426 VAcur:0.571 BestVAcur:0.714
2025-07-30 22:10:27,018 - INFO - E100 TL:0.459 VL:1.327 VAcur:0.571 BestVAcur:0.714
2025-07-30 22:10:27,021 - INFO - Run 19, Fold 2/3
2025-07-30 22:10:28,216 - INFO - E10 TL:0.545 VL:2.209 VAcur:0.429 BestVAcur:0.571
2025-07-30 22:10:29,341 - INFO - E20 TL:0.500 VL:1.927 VAcur:0.357 BestVAcur:0.643
2025-07-30 22:10:30,418 - INFO - E30 TL:0.465 VL:1.791 VAcur:0.429 BestVAcur:0.643
2025-07-30 22:10:31,502 - INFO - E40 TL:0.466 VL:1.586 VAcur:0.500 BestVAcur:0.643
2025-07-30 22:10:32,586 - INFO - E50 TL:0.461 VL:1.778 VAcur:0.357 BestVAcur:0.643
2025-07-30 22:10:33,669 - INFO - E60 TL:0.461 VL:1.644 VAcur:0.571 BestVAcur:0.643
2025-07-30 22:10:34,753 - INFO - E70 TL:0.462 VL:1.666 VAcur:0.571 BestVAcur:0.643
2025-07-30 22:10:35,836 - INFO - E80 TL:0.459 VL:1.680 VAcur:0.571 BestVAcur:0.643
2025-07-30 22:10:36,919 - INFO - E90 TL:0.458 VL:1.679 VAcur:0.571 BestVAcur:0.643
2025-07-30 22:10:38,038 - INFO - E100 TL:0.455 VL:1.576 VAcur:0.571 BestVAcur:0.714
2025-07-30 22:10:38,038 - INFO - Run 19, Fold 3/3
2025-07-30 22:10:39,315 - INFO - E10 TL:0.519 VL:1.845 VAcur:0.643 BestVAcur:0.714
2025-07-30 22:10:40,401 - INFO - E20 TL:0.480 VL:1.722 VAcur:0.500 BestVAcur:0.714
2025-07-30 22:10:41,488 - INFO - E30 TL:0.467 VL:1.599 VAcur:0.571 BestVAcur:0.714
2025-07-30 22:10:42,611 - INFO - E40 TL:0.470 VL:1.615 VAcur:0.571 BestVAcur:0.786
2025-07-30 22:10:43,691 - INFO - E50 TL:0.460 VL:1.586 VAcur:0.571 BestVAcur:0.786
2025-07-30 22:10:44,776 - INFO - E60 TL:0.471 VL:1.471 VAcur:0.571 BestVAcur:0.786
2025-07-30 22:10:45,863 - INFO - E70 TL:0.460 VL:1.609 VAcur:0.571 BestVAcur:0.786
2025-07-30 22:10:46,944 - INFO - E80 TL:0.459 VL:1.598 VAcur:0.571 BestVAcur:0.786
2025-07-30 22:10:48,036 - INFO - E90 TL:0.458 VL:1.628 VAcur:0.571 BestVAcur:0.786
2025-07-30 22:10:49,120 - INFO - E100 TL:0.460 VL:1.608 VAcur:0.571 BestVAcur:0.786
2025-07-30 22:10:49,132 - INFO - 
Starting Run 20/30
2025-07-30 22:10:49,133 - INFO - Run 20, Fold 1/3
2025-07-30 22:10:50,319 - INFO - E10 TL:0.526 VL:1.669 VAcur:0.357 BestVAcur:0.714
2025-07-30 22:10:51,443 - INFO - E20 TL:0.487 VL:1.618 VAcur:0.500 BestVAcur:0.786
2025-07-30 22:10:52,528 - INFO - E30 TL:0.463 VL:1.320 VAcur:0.714 BestVAcur:0.786
2025-07-30 22:10:53,641 - INFO - E40 TL:0.466 VL:1.368 VAcur:0.857 BestVAcur:0.857
2025-07-30 22:10:54,724 - INFO - E50 TL:0.474 VL:1.469 VAcur:0.571 BestVAcur:0.857
2025-07-30 22:10:55,810 - INFO - E60 TL:0.456 VL:1.340 VAcur:0.714 BestVAcur:0.857
2025-07-30 22:10:56,895 - INFO - E70 TL:0.461 VL:1.356 VAcur:0.714 BestVAcur:0.857
2025-07-30 22:10:57,984 - INFO - E80 TL:0.456 VL:1.424 VAcur:0.714 BestVAcur:0.857
2025-07-30 22:10:59,066 - INFO - E90 TL:0.457 VL:1.412 VAcur:0.714 BestVAcur:0.857
2025-07-30 22:11:00,150 - INFO - E100 TL:0.457 VL:1.406 VAcur:0.643 BestVAcur:0.857
2025-07-30 22:11:00,155 - INFO - Run 20, Fold 2/3
2025-07-30 22:11:01,350 - INFO - E10 TL:0.529 VL:2.153 VAcur:0.429 BestVAcur:0.643
2025-07-30 22:11:02,437 - INFO - E20 TL:0.473 VL:1.773 VAcur:0.429 BestVAcur:0.643
2025-07-30 22:11:03,510 - INFO - E30 TL:0.467 VL:1.645 VAcur:0.571 BestVAcur:0.643
2025-07-30 22:11:04,632 - INFO - E40 TL:0.462 VL:1.709 VAcur:0.500 BestVAcur:0.714
2025-07-30 22:11:05,719 - INFO - E50 TL:0.459 VL:1.566 VAcur:0.643 BestVAcur:0.714
2025-07-30 22:11:06,817 - INFO - E60 TL:0.465 VL:1.458 VAcur:0.714 BestVAcur:0.714
2025-07-30 22:11:07,900 - INFO - E70 TL:0.458 VL:1.593 VAcur:0.643 BestVAcur:0.714
2025-07-30 22:11:08,975 - INFO - E80 TL:0.458 VL:1.734 VAcur:0.571 BestVAcur:0.714
2025-07-30 22:11:10,060 - INFO - E90 TL:0.456 VL:1.537 VAcur:0.643 BestVAcur:0.714
2025-07-30 22:11:11,143 - INFO - E100 TL:0.457 VL:1.542 VAcur:0.643 BestVAcur:0.714
2025-07-30 22:11:11,144 - INFO - Run 20, Fold 3/3
2025-07-30 22:11:12,330 - INFO - E10 TL:0.511 VL:2.137 VAcur:0.571 BestVAcur:0.714
2025-07-30 22:11:13,403 - INFO - E20 TL:0.488 VL:1.586 VAcur:0.500 BestVAcur:0.714
2025-07-30 22:11:14,488 - INFO - E30 TL:0.472 VL:1.850 VAcur:0.500 BestVAcur:0.714
2025-07-30 22:11:15,576 - INFO - E40 TL:0.468 VL:1.889 VAcur:0.571 BestVAcur:0.714
2025-07-30 22:11:16,661 - INFO - E50 TL:0.468 VL:1.645 VAcur:0.571 BestVAcur:0.714
2025-07-30 22:11:17,745 - INFO - E60 TL:0.462 VL:1.668 VAcur:0.571 BestVAcur:0.714
2025-07-30 22:11:18,831 - INFO - E70 TL:0.459 VL:1.652 VAcur:0.500 BestVAcur:0.714
2025-07-30 22:11:19,911 - INFO - E80 TL:0.459 VL:1.583 VAcur:0.643 BestVAcur:0.714
2025-07-30 22:11:20,996 - INFO - E90 TL:0.453 VL:1.607 VAcur:0.643 BestVAcur:0.714
2025-07-30 22:11:22,078 - INFO - E100 TL:0.454 VL:1.571 VAcur:0.571 BestVAcur:0.714
2025-07-30 22:11:22,083 - INFO - 
Starting Run 21/30
2025-07-30 22:11:22,092 - INFO - Run 21, Fold 1/3
2025-07-30 22:11:23,285 - INFO - E10 TL:0.519 VL:1.906 VAcur:0.500 BestVAcur:0.643
2025-07-30 22:11:24,371 - INFO - E20 TL:0.480 VL:1.919 VAcur:0.571 BestVAcur:0.643
2025-07-30 22:11:25,469 - INFO - E30 TL:0.465 VL:1.632 VAcur:0.643 BestVAcur:0.643
2025-07-30 22:11:26,553 - INFO - E40 TL:0.462 VL:1.832 VAcur:0.571 BestVAcur:0.643
2025-07-30 22:11:27,636 - INFO - E50 TL:0.459 VL:1.820 VAcur:0.571 BestVAcur:0.643
2025-07-30 22:11:28,720 - INFO - E60 TL:0.460 VL:1.777 VAcur:0.571 BestVAcur:0.643
2025-07-30 22:11:29,803 - INFO - E70 TL:0.460 VL:1.727 VAcur:0.571 BestVAcur:0.643
2025-07-30 22:11:30,887 - INFO - E80 TL:0.461 VL:1.985 VAcur:0.571 BestVAcur:0.643
2025-07-30 22:11:31,970 - INFO - E90 TL:0.457 VL:1.763 VAcur:0.571 BestVAcur:0.643
2025-07-30 22:11:33,065 - INFO - E100 TL:0.458 VL:1.537 VAcur:0.643 BestVAcur:0.643
2025-07-30 22:11:33,067 - INFO - Run 21, Fold 2/3
2025-07-30 22:11:34,285 - INFO - E10 TL:0.519 VL:2.455 VAcur:0.500 BestVAcur:0.714
2025-07-30 22:11:35,355 - INFO - E20 TL:0.497 VL:1.710 VAcur:0.429 BestVAcur:0.714
2025-07-30 22:11:36,430 - INFO - E30 TL:0.468 VL:1.362 VAcur:0.714 BestVAcur:0.714
2025-07-30 22:11:37,473 - INFO - E40 TL:0.459 VL:1.599 VAcur:0.643 BestVAcur:0.714
2025-07-30 22:11:38,536 - INFO - E50 TL:0.460 VL:1.415 VAcur:0.714 BestVAcur:0.714
2025-07-30 22:11:39,609 - INFO - E60 TL:0.460 VL:1.426 VAcur:0.714 BestVAcur:0.714
2025-07-30 22:11:40,680 - INFO - E70 TL:0.459 VL:1.496 VAcur:0.643 BestVAcur:0.714
2025-07-30 22:11:41,743 - INFO - E80 TL:0.456 VL:1.440 VAcur:0.714 BestVAcur:0.714
2025-07-30 22:11:42,824 - INFO - E90 TL:0.458 VL:1.587 VAcur:0.714 BestVAcur:0.714
2025-07-30 22:11:43,900 - INFO - E100 TL:0.462 VL:1.532 VAcur:0.643 BestVAcur:0.714
2025-07-30 22:11:43,904 - INFO - Run 21, Fold 3/3
2025-07-30 22:11:45,138 - INFO - E10 TL:0.551 VL:1.849 VAcur:0.643 BestVAcur:0.714
2025-07-30 22:11:46,220 - INFO - E20 TL:0.488 VL:1.548 VAcur:0.714 BestVAcur:0.714
2025-07-30 22:11:47,302 - INFO - E30 TL:0.466 VL:1.550 VAcur:0.500 BestVAcur:0.714
2025-07-30 22:11:48,375 - INFO - E40 TL:0.465 VL:1.470 VAcur:0.500 BestVAcur:0.714
2025-07-30 22:11:49,462 - INFO - E50 TL:0.457 VL:1.521 VAcur:0.571 BestVAcur:0.714
2025-07-30 22:11:50,543 - INFO - E60 TL:0.469 VL:1.459 VAcur:0.500 BestVAcur:0.714
2025-07-30 22:11:51,628 - INFO - E70 TL:0.461 VL:1.396 VAcur:0.714 BestVAcur:0.714
2025-07-30 22:11:52,712 - INFO - E80 TL:0.456 VL:1.491 VAcur:0.643 BestVAcur:0.714
2025-07-30 22:11:53,785 - INFO - E90 TL:0.463 VL:1.486 VAcur:0.571 BestVAcur:0.714
2025-07-30 22:11:54,870 - INFO - E100 TL:0.458 VL:1.457 VAcur:0.714 BestVAcur:0.714
2025-07-30 22:11:54,871 - INFO - 
Starting Run 22/30
2025-07-30 22:11:54,876 - INFO - Run 22, Fold 1/3
2025-07-30 22:11:56,110 - INFO - E10 TL:0.542 VL:1.782 VAcur:0.571 BestVAcur:0.571
2025-07-30 22:11:57,202 - INFO - E20 TL:0.482 VL:1.709 VAcur:0.429 BestVAcur:0.571
2025-07-30 22:11:58,283 - INFO - E30 TL:0.472 VL:1.821 VAcur:0.571 BestVAcur:0.571
2025-07-30 22:11:59,366 - INFO - E40 TL:0.472 VL:1.740 VAcur:0.429 BestVAcur:0.571
2025-07-30 22:12:00,452 - INFO - E50 TL:0.457 VL:1.621 VAcur:0.571 BestVAcur:0.571
2025-07-30 22:12:01,536 - INFO - E60 TL:0.458 VL:1.676 VAcur:0.571 BestVAcur:0.571
2025-07-30 22:12:02,622 - INFO - E70 TL:0.458 VL:1.631 VAcur:0.429 BestVAcur:0.571
2025-07-30 22:12:03,693 - INFO - E80 TL:0.456 VL:1.604 VAcur:0.500 BestVAcur:0.571
2025-07-30 22:12:04,817 - INFO - E90 TL:0.454 VL:1.671 VAcur:0.429 BestVAcur:0.643
2025-07-30 22:12:05,902 - INFO - E100 TL:0.456 VL:1.537 VAcur:0.643 BestVAcur:0.643
2025-07-30 22:12:05,907 - INFO - Run 22, Fold 2/3
2025-07-30 22:12:07,120 - INFO - E10 TL:0.530 VL:1.722 VAcur:0.500 BestVAcur:0.643
2025-07-30 22:12:08,234 - INFO - E20 TL:0.487 VL:1.447 VAcur:0.643 BestVAcur:0.714
2025-07-30 22:12:09,321 - INFO - E30 TL:0.477 VL:1.463 VAcur:0.571 BestVAcur:0.714
2025-07-30 22:12:10,403 - INFO - E40 TL:0.464 VL:1.517 VAcur:0.714 BestVAcur:0.714
2025-07-30 22:12:11,528 - INFO - E50 TL:0.460 VL:1.409 VAcur:0.643 BestVAcur:0.786
2025-07-30 22:12:12,612 - INFO - E60 TL:0.456 VL:1.444 VAcur:0.714 BestVAcur:0.786
2025-07-30 22:12:13,688 - INFO - E70 TL:0.455 VL:1.400 VAcur:0.571 BestVAcur:0.786
2025-07-30 22:12:14,770 - INFO - E80 TL:0.455 VL:1.418 VAcur:0.714 BestVAcur:0.786
2025-07-30 22:12:15,865 - INFO - E90 TL:0.456 VL:1.373 VAcur:0.714 BestVAcur:0.786
2025-07-30 22:12:16,948 - INFO - E100 TL:0.462 VL:1.493 VAcur:0.500 BestVAcur:0.786
2025-07-30 22:12:16,952 - INFO - Run 22, Fold 3/3
2025-07-30 22:12:18,147 - INFO - E10 TL:0.519 VL:2.003 VAcur:0.429 BestVAcur:0.643
2025-07-30 22:12:19,236 - INFO - E20 TL:0.482 VL:1.523 VAcur:0.500 BestVAcur:0.643
2025-07-30 22:12:20,358 - INFO - E30 TL:0.462 VL:1.529 VAcur:0.429 BestVAcur:0.714
2025-07-30 22:12:21,444 - INFO - E40 TL:0.459 VL:1.477 VAcur:0.714 BestVAcur:0.714
2025-07-30 22:12:22,531 - INFO - E50 TL:0.459 VL:1.732 VAcur:0.286 BestVAcur:0.714
2025-07-30 22:12:23,608 - INFO - E60 TL:0.459 VL:1.521 VAcur:0.429 BestVAcur:0.714
2025-07-30 22:12:24,695 - INFO - E70 TL:0.460 VL:1.502 VAcur:0.500 BestVAcur:0.714
2025-07-30 22:12:25,776 - INFO - E80 TL:0.463 VL:1.725 VAcur:0.429 BestVAcur:0.714
2025-07-30 22:12:26,862 - INFO - E90 TL:0.457 VL:1.487 VAcur:0.571 BestVAcur:0.714
2025-07-30 22:12:27,940 - INFO - E100 TL:0.455 VL:1.526 VAcur:0.643 BestVAcur:0.714
2025-07-30 22:12:27,941 - INFO - 
Starting Run 23/30
2025-07-30 22:12:27,945 - INFO - Run 23, Fold 1/3
2025-07-30 22:12:29,135 - INFO - E10 TL:0.526 VL:2.528 VAcur:0.429 BestVAcur:0.571
2025-07-30 22:12:30,221 - INFO - E20 TL:0.490 VL:2.029 VAcur:0.286 BestVAcur:0.571
2025-07-30 22:12:31,303 - INFO - E30 TL:0.473 VL:1.956 VAcur:0.571 BestVAcur:0.571
2025-07-30 22:12:32,386 - INFO - E40 TL:0.474 VL:2.076 VAcur:0.429 BestVAcur:0.571
2025-07-30 22:12:33,459 - INFO - E50 TL:0.462 VL:2.115 VAcur:0.500 BestVAcur:0.571
2025-07-30 22:12:34,574 - INFO - E60 TL:0.461 VL:1.955 VAcur:0.429 BestVAcur:0.643
2025-07-30 22:12:35,660 - INFO - E70 TL:0.461 VL:1.788 VAcur:0.643 BestVAcur:0.643
2025-07-30 22:12:36,744 - INFO - E80 TL:0.460 VL:1.909 VAcur:0.500 BestVAcur:0.643
2025-07-30 22:12:37,828 - INFO - E90 TL:0.454 VL:1.933 VAcur:0.500 BestVAcur:0.643
2025-07-30 22:12:38,904 - INFO - E100 TL:0.458 VL:1.869 VAcur:0.571 BestVAcur:0.643
2025-07-30 22:12:38,908 - INFO - Run 23, Fold 2/3
2025-07-30 22:12:40,102 - INFO - E10 TL:0.537 VL:2.263 VAcur:0.429 BestVAcur:0.571
2025-07-30 22:12:41,228 - INFO - E20 TL:0.487 VL:1.814 VAcur:0.643 BestVAcur:0.643
2025-07-30 22:12:42,317 - INFO - E30 TL:0.469 VL:1.720 VAcur:0.571 BestVAcur:0.643
2025-07-30 22:12:43,433 - INFO - E40 TL:0.460 VL:1.543 VAcur:0.571 BestVAcur:0.714
2025-07-30 22:12:44,519 - INFO - E50 TL:0.457 VL:1.593 VAcur:0.571 BestVAcur:0.714
2025-07-30 22:12:45,602 - INFO - E60 TL:0.461 VL:1.630 VAcur:0.571 BestVAcur:0.714
2025-07-30 22:12:46,685 - INFO - E70 TL:0.462 VL:1.530 VAcur:0.643 BestVAcur:0.714
2025-07-30 22:12:47,768 - INFO - E80 TL:0.460 VL:1.515 VAcur:0.571 BestVAcur:0.714
2025-07-30 22:12:48,851 - INFO - E90 TL:0.458 VL:1.657 VAcur:0.429 BestVAcur:0.714
2025-07-30 22:12:49,937 - INFO - E100 TL:0.459 VL:1.576 VAcur:0.643 BestVAcur:0.714
2025-07-30 22:12:49,941 - INFO - Run 23, Fold 3/3
2025-07-30 22:12:51,152 - INFO - E10 TL:0.545 VL:2.239 VAcur:0.500 BestVAcur:0.714
2025-07-30 22:12:52,236 - INFO - E20 TL:0.488 VL:1.614 VAcur:0.643 BestVAcur:0.714
2025-07-30 22:12:53,317 - INFO - E30 TL:0.468 VL:1.611 VAcur:0.571 BestVAcur:0.714
2025-07-30 22:12:54,403 - INFO - E40 TL:0.466 VL:1.426 VAcur:0.714 BestVAcur:0.714
2025-07-30 22:12:55,487 - INFO - E50 TL:0.462 VL:1.441 VAcur:0.500 BestVAcur:0.714
2025-07-30 22:12:56,569 - INFO - E60 TL:0.456 VL:1.425 VAcur:0.643 BestVAcur:0.714
2025-07-30 22:12:57,653 - INFO - E70 TL:0.458 VL:1.404 VAcur:0.643 BestVAcur:0.714
2025-07-30 22:12:58,728 - INFO - E80 TL:0.460 VL:1.386 VAcur:0.643 BestVAcur:0.714
2025-07-30 22:12:59,811 - INFO - E90 TL:0.457 VL:1.447 VAcur:0.714 BestVAcur:0.714
2025-07-30 22:13:00,896 - INFO - E100 TL:0.454 VL:1.432 VAcur:0.643 BestVAcur:0.714
2025-07-30 22:13:00,896 - INFO - 
Starting Run 24/30
2025-07-30 22:13:00,901 - INFO - Run 24, Fold 1/3
2025-07-30 22:13:02,136 - INFO - E10 TL:0.537 VL:1.829 VAcur:0.357 BestVAcur:0.714
2025-07-30 22:13:03,216 - INFO - E20 TL:0.484 VL:1.792 VAcur:0.571 BestVAcur:0.714
2025-07-30 22:13:04,302 - INFO - E30 TL:0.465 VL:1.603 VAcur:0.571 BestVAcur:0.714
2025-07-30 22:13:05,390 - INFO - E40 TL:0.465 VL:1.499 VAcur:0.500 BestVAcur:0.714
2025-07-30 22:13:06,473 - INFO - E50 TL:0.457 VL:1.532 VAcur:0.429 BestVAcur:0.714
2025-07-30 22:13:07,567 - INFO - E60 TL:0.463 VL:1.673 VAcur:0.714 BestVAcur:0.714
2025-07-30 22:13:08,649 - INFO - E70 TL:0.457 VL:1.509 VAcur:0.643 BestVAcur:0.714
2025-07-30 22:13:09,735 - INFO - E80 TL:0.458 VL:1.688 VAcur:0.643 BestVAcur:0.714
2025-07-30 22:13:10,820 - INFO - E90 TL:0.457 VL:1.708 VAcur:0.643 BestVAcur:0.714
2025-07-30 22:13:11,904 - INFO - E100 TL:0.462 VL:1.617 VAcur:0.643 BestVAcur:0.714
2025-07-30 22:13:11,909 - INFO - Run 24, Fold 2/3
2025-07-30 22:13:13,058 - INFO - E10 TL:0.514 VL:2.647 VAcur:0.500 BestVAcur:0.643
2025-07-30 22:13:14,137 - INFO - E20 TL:0.478 VL:1.738 VAcur:0.643 BestVAcur:0.643
2025-07-30 22:13:15,261 - INFO - E30 TL:0.470 VL:1.921 VAcur:0.571 BestVAcur:0.714
2025-07-30 22:13:16,386 - INFO - E40 TL:0.467 VL:1.659 VAcur:0.714 BestVAcur:0.786
2025-07-30 22:13:17,482 - INFO - E50 TL:0.470 VL:1.726 VAcur:0.571 BestVAcur:0.786
2025-07-30 22:13:18,567 - INFO - E60 TL:0.462 VL:1.712 VAcur:0.571 BestVAcur:0.786
2025-07-30 22:13:19,653 - INFO - E70 TL:0.459 VL:1.745 VAcur:0.643 BestVAcur:0.786
2025-07-30 22:13:20,738 - INFO - E80 TL:0.457 VL:1.590 VAcur:0.714 BestVAcur:0.786
2025-07-30 22:13:21,820 - INFO - E90 TL:0.455 VL:1.589 VAcur:0.643 BestVAcur:0.786
2025-07-30 22:13:22,906 - INFO - E100 TL:0.456 VL:1.617 VAcur:0.643 BestVAcur:0.786
2025-07-30 22:13:22,911 - INFO - Run 24, Fold 3/3
2025-07-30 22:13:24,102 - INFO - E10 TL:0.595 VL:2.621 VAcur:0.357 BestVAcur:0.643
2025-07-30 22:13:25,188 - INFO - E20 TL:0.490 VL:1.932 VAcur:0.357 BestVAcur:0.643
2025-07-30 22:13:26,262 - INFO - E30 TL:0.482 VL:2.292 VAcur:0.357 BestVAcur:0.643
2025-07-30 22:13:27,344 - INFO - E40 TL:0.470 VL:2.154 VAcur:0.429 BestVAcur:0.643
2025-07-30 22:13:28,419 - INFO - E50 TL:0.457 VL:2.011 VAcur:0.429 BestVAcur:0.643
2025-07-30 22:13:29,504 - INFO - E60 TL:0.457 VL:2.015 VAcur:0.429 BestVAcur:0.643
2025-07-30 22:13:30,587 - INFO - E70 TL:0.463 VL:2.072 VAcur:0.357 BestVAcur:0.643
2025-07-30 22:13:31,670 - INFO - E80 TL:0.460 VL:1.845 VAcur:0.643 BestVAcur:0.643
2025-07-30 22:13:32,794 - INFO - E90 TL:0.455 VL:1.924 VAcur:0.571 BestVAcur:0.714
2025-07-30 22:13:33,873 - INFO - E100 TL:0.457 VL:1.971 VAcur:0.500 BestVAcur:0.714
2025-07-30 22:13:33,873 - INFO - 
Starting Run 25/30
2025-07-30 22:13:33,878 - INFO - Run 25, Fold 1/3
2025-07-30 22:13:35,053 - INFO - E10 TL:0.505 VL:1.459 VAcur:0.643 BestVAcur:0.714
2025-07-30 22:13:36,136 - INFO - E20 TL:0.482 VL:1.452 VAcur:0.429 BestVAcur:0.714
2025-07-30 22:13:37,220 - INFO - E30 TL:0.472 VL:1.532 VAcur:0.643 BestVAcur:0.714
2025-07-30 22:13:38,294 - INFO - E40 TL:0.474 VL:1.468 VAcur:0.643 BestVAcur:0.714
2025-07-30 22:13:39,379 - INFO - E50 TL:0.462 VL:1.377 VAcur:0.571 BestVAcur:0.714
2025-07-30 22:13:40,461 - INFO - E60 TL:0.462 VL:1.420 VAcur:0.643 BestVAcur:0.714
2025-07-30 22:13:41,587 - INFO - E70 TL:0.460 VL:1.382 VAcur:0.786 BestVAcur:0.786
2025-07-30 22:13:42,669 - INFO - E80 TL:0.461 VL:1.355 VAcur:0.643 BestVAcur:0.786
2025-07-30 22:13:43,743 - INFO - E90 TL:0.458 VL:1.423 VAcur:0.571 BestVAcur:0.786
2025-07-30 22:13:44,828 - INFO - E100 TL:0.453 VL:1.328 VAcur:0.571 BestVAcur:0.786
2025-07-30 22:13:44,833 - INFO - Run 25, Fold 2/3
2025-07-30 22:13:46,069 - INFO - E10 TL:0.546 VL:2.095 VAcur:0.643 BestVAcur:0.643
2025-07-30 22:13:47,154 - INFO - E20 TL:0.487 VL:1.565 VAcur:0.500 BestVAcur:0.643
2025-07-30 22:13:48,232 - INFO - E30 TL:0.463 VL:1.842 VAcur:0.357 BestVAcur:0.643
2025-07-30 22:13:49,321 - INFO - E40 TL:0.465 VL:1.580 VAcur:0.571 BestVAcur:0.643
2025-07-30 22:13:50,405 - INFO - E50 TL:0.459 VL:1.567 VAcur:0.500 BestVAcur:0.643
2025-07-30 22:13:51,487 - INFO - E60 TL:0.460 VL:1.598 VAcur:0.429 BestVAcur:0.643
2025-07-30 22:13:52,586 - INFO - E70 TL:0.460 VL:1.687 VAcur:0.500 BestVAcur:0.643
2025-07-30 22:13:53,668 - INFO - E80 TL:0.457 VL:1.403 VAcur:0.571 BestVAcur:0.643
2025-07-30 22:13:54,752 - INFO - E90 TL:0.459 VL:1.582 VAcur:0.571 BestVAcur:0.643
2025-07-30 22:13:55,837 - INFO - E100 TL:0.459 VL:1.504 VAcur:0.500 BestVAcur:0.643
2025-07-30 22:13:55,838 - INFO - Run 25, Fold 3/3
2025-07-30 22:13:57,029 - INFO - E10 TL:0.563 VL:2.678 VAcur:0.429 BestVAcur:0.571
2025-07-30 22:13:58,111 - INFO - E20 TL:0.491 VL:2.002 VAcur:0.571 BestVAcur:0.571
2025-07-30 22:13:59,232 - INFO - E30 TL:0.475 VL:1.929 VAcur:0.500 BestVAcur:0.643
2025-07-30 22:14:00,318 - INFO - E40 TL:0.466 VL:1.681 VAcur:0.571 BestVAcur:0.643
2025-07-30 22:14:01,395 - INFO - E50 TL:0.460 VL:1.714 VAcur:0.643 BestVAcur:0.643
2025-07-30 22:14:02,512 - INFO - E60 TL:0.461 VL:1.906 VAcur:0.571 BestVAcur:0.714
2025-07-30 22:14:03,594 - INFO - E70 TL:0.458 VL:1.657 VAcur:0.571 BestVAcur:0.714
2025-07-30 22:14:04,679 - INFO - E80 TL:0.455 VL:1.754 VAcur:0.571 BestVAcur:0.714
2025-07-30 22:14:05,762 - INFO - E90 TL:0.462 VL:1.743 VAcur:0.571 BestVAcur:0.714
2025-07-30 22:14:06,846 - INFO - E100 TL:0.455 VL:1.560 VAcur:0.643 BestVAcur:0.714
2025-07-30 22:14:06,850 - INFO - 
Starting Run 26/30
2025-07-30 22:14:06,859 - INFO - Run 26, Fold 1/3
2025-07-30 22:14:08,049 - INFO - E10 TL:0.548 VL:2.042 VAcur:0.429 BestVAcur:0.643
2025-07-30 22:14:09,131 - INFO - E20 TL:0.478 VL:1.512 VAcur:0.500 BestVAcur:0.643
2025-07-30 22:14:10,224 - INFO - E30 TL:0.465 VL:1.475 VAcur:0.500 BestVAcur:0.643
2025-07-30 22:14:11,311 - INFO - E40 TL:0.463 VL:1.552 VAcur:0.643 BestVAcur:0.643
2025-07-30 22:14:12,394 - INFO - E50 TL:0.459 VL:1.627 VAcur:0.643 BestVAcur:0.643
2025-07-30 22:14:13,477 - INFO - E60 TL:0.467 VL:1.570 VAcur:0.643 BestVAcur:0.643
2025-07-30 22:14:14,562 - INFO - E70 TL:0.465 VL:1.606 VAcur:0.643 BestVAcur:0.643
2025-07-30 22:14:15,644 - INFO - E80 TL:0.456 VL:1.505 VAcur:0.643 BestVAcur:0.643
2025-07-30 22:14:16,728 - INFO - E90 TL:0.455 VL:1.500 VAcur:0.571 BestVAcur:0.643
2025-07-30 22:14:17,812 - INFO - E100 TL:0.460 VL:1.387 VAcur:0.643 BestVAcur:0.643
2025-07-30 22:14:17,815 - INFO - Run 26, Fold 2/3
2025-07-30 22:14:19,061 - INFO - E10 TL:0.539 VL:1.473 VAcur:0.286 BestVAcur:0.714
2025-07-30 22:14:20,145 - INFO - E20 TL:0.475 VL:2.024 VAcur:0.214 BestVAcur:0.714
2025-07-30 22:14:21,229 - INFO - E30 TL:0.469 VL:1.598 VAcur:0.500 BestVAcur:0.714
2025-07-30 22:14:22,307 - INFO - E40 TL:0.465 VL:1.533 VAcur:0.500 BestVAcur:0.714
2025-07-30 22:14:23,391 - INFO - E50 TL:0.460 VL:1.504 VAcur:0.500 BestVAcur:0.714
2025-07-30 22:14:24,478 - INFO - E60 TL:0.458 VL:1.557 VAcur:0.357 BestVAcur:0.714
2025-07-30 22:14:25,562 - INFO - E70 TL:0.465 VL:1.604 VAcur:0.500 BestVAcur:0.714
2025-07-30 22:14:26,645 - INFO - E80 TL:0.456 VL:1.544 VAcur:0.429 BestVAcur:0.714
2025-07-30 22:14:27,737 - INFO - E90 TL:0.457 VL:1.536 VAcur:0.429 BestVAcur:0.714
2025-07-30 22:14:28,816 - INFO - E100 TL:0.459 VL:1.401 VAcur:0.429 BestVAcur:0.714
2025-07-30 22:14:28,821 - INFO - Run 26, Fold 3/3
2025-07-30 22:14:30,018 - INFO - E10 TL:0.545 VL:1.754 VAcur:0.643 BestVAcur:0.714
2025-07-30 22:14:31,104 - INFO - E20 TL:0.486 VL:1.856 VAcur:0.500 BestVAcur:0.714
2025-07-30 22:14:32,187 - INFO - E30 TL:0.478 VL:1.749 VAcur:0.643 BestVAcur:0.714
2025-07-30 22:14:33,303 - INFO - E40 TL:0.467 VL:1.639 VAcur:0.643 BestVAcur:0.786
2025-07-30 22:14:34,385 - INFO - E50 TL:0.467 VL:1.892 VAcur:0.571 BestVAcur:0.786
2025-07-30 22:14:35,524 - INFO - E60 TL:0.459 VL:1.566 VAcur:0.786 BestVAcur:0.857
2025-07-30 22:14:36,608 - INFO - E70 TL:0.457 VL:1.660 VAcur:0.643 BestVAcur:0.857
2025-07-30 22:14:37,694 - INFO - E80 TL:0.466 VL:1.541 VAcur:0.643 BestVAcur:0.857
2025-07-30 22:14:38,769 - INFO - E90 TL:0.457 VL:1.571 VAcur:0.714 BestVAcur:0.857
2025-07-30 22:14:39,854 - INFO - E100 TL:0.457 VL:1.599 VAcur:0.714 BestVAcur:0.857
2025-07-30 22:14:39,859 - INFO - 
Starting Run 27/30
2025-07-30 22:14:39,859 - INFO - Run 27, Fold 1/3
2025-07-30 22:14:41,094 - INFO - E10 TL:0.535 VL:1.731 VAcur:0.429 BestVAcur:0.500
2025-07-30 22:14:42,219 - INFO - E20 TL:0.480 VL:1.588 VAcur:0.500 BestVAcur:0.571
2025-07-30 22:14:43,302 - INFO - E30 TL:0.467 VL:1.535 VAcur:0.500 BestVAcur:0.571
2025-07-30 22:14:44,426 - INFO - E40 TL:0.464 VL:1.465 VAcur:0.571 BestVAcur:0.643
2025-07-30 22:14:45,526 - INFO - E50 TL:0.462 VL:1.419 VAcur:0.500 BestVAcur:0.643
2025-07-30 22:14:46,612 - INFO - E60 TL:0.460 VL:1.622 VAcur:0.429 BestVAcur:0.643
2025-07-30 22:14:47,696 - INFO - E70 TL:0.462 VL:1.496 VAcur:0.500 BestVAcur:0.643
2025-07-30 22:14:48,770 - INFO - E80 TL:0.461 VL:1.462 VAcur:0.500 BestVAcur:0.643
2025-07-30 22:14:49,846 - INFO - E90 TL:0.457 VL:1.501 VAcur:0.500 BestVAcur:0.643
2025-07-30 22:14:50,918 - INFO - E100 TL:0.456 VL:1.436 VAcur:0.571 BestVAcur:0.643
2025-07-30 22:14:50,923 - INFO - Run 27, Fold 2/3
2025-07-30 22:14:52,149 - INFO - E10 TL:0.526 VL:1.960 VAcur:0.429 BestVAcur:0.714
2025-07-30 22:14:53,184 - INFO - E20 TL:0.477 VL:1.657 VAcur:0.571 BestVAcur:0.714
2025-07-30 22:14:54,276 - INFO - E30 TL:0.483 VL:1.817 VAcur:0.357 BestVAcur:0.714
2025-07-30 22:14:55,348 - INFO - E40 TL:0.471 VL:1.620 VAcur:0.571 BestVAcur:0.714
2025-07-30 22:14:56,432 - INFO - E50 TL:0.464 VL:1.810 VAcur:0.500 BestVAcur:0.714
2025-07-30 22:14:57,502 - INFO - E60 TL:0.462 VL:1.768 VAcur:0.571 BestVAcur:0.714
2025-07-30 22:14:58,561 - INFO - E70 TL:0.458 VL:1.475 VAcur:0.571 BestVAcur:0.714
2025-07-30 22:14:59,639 - INFO - E80 TL:0.460 VL:1.812 VAcur:0.571 BestVAcur:0.714
2025-07-30 22:15:00,720 - INFO - E90 TL:0.457 VL:1.510 VAcur:0.571 BestVAcur:0.714
2025-07-30 22:15:01,806 - INFO - E100 TL:0.453 VL:1.613 VAcur:0.571 BestVAcur:0.714
2025-07-30 22:15:01,811 - INFO - Run 27, Fold 3/3
2025-07-30 22:15:03,009 - INFO - E10 TL:0.511 VL:1.837 VAcur:0.714 BestVAcur:0.714
2025-07-30 22:15:04,086 - INFO - E20 TL:0.486 VL:1.787 VAcur:0.571 BestVAcur:0.714
2025-07-30 22:15:05,171 - INFO - E30 TL:0.469 VL:1.627 VAcur:0.571 BestVAcur:0.714
2025-07-30 22:15:06,254 - INFO - E40 TL:0.468 VL:1.702 VAcur:0.643 BestVAcur:0.714
2025-07-30 22:15:07,337 - INFO - E50 TL:0.463 VL:1.613 VAcur:0.643 BestVAcur:0.714
2025-07-30 22:15:08,419 - INFO - E60 TL:0.462 VL:1.544 VAcur:0.643 BestVAcur:0.714
2025-07-30 22:15:09,500 - INFO - E70 TL:0.457 VL:1.613 VAcur:0.571 BestVAcur:0.714
2025-07-30 22:15:10,588 - INFO - E80 TL:0.460 VL:1.537 VAcur:0.571 BestVAcur:0.714
2025-07-30 22:15:11,671 - INFO - E90 TL:0.456 VL:1.597 VAcur:0.571 BestVAcur:0.714
2025-07-30 22:15:12,754 - INFO - E100 TL:0.458 VL:1.516 VAcur:0.571 BestVAcur:0.714
2025-07-30 22:15:12,755 - INFO - 
Starting Run 28/30
2025-07-30 22:15:12,760 - INFO - Run 28, Fold 1/3
2025-07-30 22:15:13,944 - INFO - E10 TL:0.507 VL:2.102 VAcur:0.429 BestVAcur:0.714
2025-07-30 22:15:15,032 - INFO - E20 TL:0.473 VL:1.588 VAcur:0.571 BestVAcur:0.714
2025-07-30 22:15:16,120 - INFO - E30 TL:0.472 VL:1.601 VAcur:0.643 BestVAcur:0.714
2025-07-30 22:15:17,220 - INFO - E40 TL:0.465 VL:1.734 VAcur:0.500 BestVAcur:0.714
2025-07-30 22:15:18,302 - INFO - E50 TL:0.459 VL:1.593 VAcur:0.714 BestVAcur:0.714
2025-07-30 22:15:19,387 - INFO - E60 TL:0.463 VL:1.466 VAcur:0.714 BestVAcur:0.714
2025-07-30 22:15:20,471 - INFO - E70 TL:0.465 VL:1.631 VAcur:0.714 BestVAcur:0.714
2025-07-30 22:15:21,554 - INFO - E80 TL:0.458 VL:1.367 VAcur:0.714 BestVAcur:0.714
2025-07-30 22:15:22,638 - INFO - E90 TL:0.462 VL:1.454 VAcur:0.714 BestVAcur:0.714
2025-07-30 22:15:23,711 - INFO - E100 TL:0.458 VL:1.532 VAcur:0.714 BestVAcur:0.714
2025-07-30 22:15:23,716 - INFO - Run 28, Fold 2/3
2025-07-30 22:15:24,913 - INFO - E10 TL:0.549 VL:2.264 VAcur:0.500 BestVAcur:0.571
2025-07-30 22:15:26,030 - INFO - E20 TL:0.495 VL:2.142 VAcur:0.429 BestVAcur:0.643
2025-07-30 22:15:27,111 - INFO - E30 TL:0.504 VL:1.627 VAcur:0.357 BestVAcur:0.643
2025-07-30 22:15:28,192 - INFO - E40 TL:0.468 VL:1.744 VAcur:0.571 BestVAcur:0.643
2025-07-30 22:15:29,276 - INFO - E50 TL:0.463 VL:1.826 VAcur:0.500 BestVAcur:0.643
2025-07-30 22:15:30,362 - INFO - E60 TL:0.456 VL:1.691 VAcur:0.571 BestVAcur:0.643
2025-07-30 22:15:31,445 - INFO - E70 TL:0.457 VL:1.638 VAcur:0.643 BestVAcur:0.643
2025-07-30 22:15:32,531 - INFO - E80 TL:0.460 VL:1.721 VAcur:0.643 BestVAcur:0.643
2025-07-30 22:15:33,604 - INFO - E90 TL:0.454 VL:1.666 VAcur:0.500 BestVAcur:0.643
2025-07-30 22:15:34,683 - INFO - E100 TL:0.459 VL:1.674 VAcur:0.643 BestVAcur:0.643
2025-07-30 22:15:34,684 - INFO - Run 28, Fold 3/3
2025-07-30 22:15:35,906 - INFO - E10 TL:0.521 VL:1.516 VAcur:0.571 BestVAcur:0.643
2025-07-30 22:15:37,024 - INFO - E20 TL:0.494 VL:1.442 VAcur:0.643 BestVAcur:0.786
2025-07-30 22:15:38,110 - INFO - E30 TL:0.469 VL:1.329 VAcur:0.714 BestVAcur:0.786
2025-07-30 22:15:39,191 - INFO - E40 TL:0.460 VL:1.286 VAcur:0.643 BestVAcur:0.786
2025-07-30 22:15:40,269 - INFO - E50 TL:0.458 VL:1.253 VAcur:0.643 BestVAcur:0.786
2025-07-30 22:15:41,354 - INFO - E60 TL:0.460 VL:1.167 VAcur:0.714 BestVAcur:0.786
2025-07-30 22:15:42,437 - INFO - E70 TL:0.463 VL:1.227 VAcur:0.714 BestVAcur:0.786
2025-07-30 22:15:43,520 - INFO - E80 TL:0.461 VL:1.448 VAcur:0.643 BestVAcur:0.786
2025-07-30 22:15:44,604 - INFO - E90 TL:0.457 VL:1.203 VAcur:0.643 BestVAcur:0.786
2025-07-30 22:15:45,688 - INFO - E100 TL:0.456 VL:1.259 VAcur:0.643 BestVAcur:0.786
2025-07-30 22:15:45,701 - INFO - 
Starting Run 29/30
2025-07-30 22:15:45,702 - INFO - Run 29, Fold 1/3
2025-07-30 22:15:46,854 - INFO - E10 TL:0.544 VL:1.699 VAcur:0.714 BestVAcur:0.714
2025-07-30 22:15:47,937 - INFO - E20 TL:0.499 VL:1.561 VAcur:0.643 BestVAcur:0.714
2025-07-30 22:15:49,054 - INFO - E30 TL:0.467 VL:1.561 VAcur:0.500 BestVAcur:0.786
2025-07-30 22:15:50,137 - INFO - E40 TL:0.465 VL:1.465 VAcur:0.643 BestVAcur:0.786
2025-07-30 22:15:51,211 - INFO - E50 TL:0.457 VL:1.528 VAcur:0.714 BestVAcur:0.786
2025-07-30 22:15:52,296 - INFO - E60 TL:0.457 VL:1.446 VAcur:0.786 BestVAcur:0.786
2025-07-30 22:15:53,370 - INFO - E70 TL:0.460 VL:1.372 VAcur:0.786 BestVAcur:0.786
2025-07-30 22:15:54,454 - INFO - E80 TL:0.460 VL:1.475 VAcur:0.786 BestVAcur:0.786
2025-07-30 22:15:55,538 - INFO - E90 TL:0.458 VL:1.424 VAcur:0.786 BestVAcur:0.786
2025-07-30 22:15:56,622 - INFO - E100 TL:0.455 VL:1.429 VAcur:0.643 BestVAcur:0.786
2025-07-30 22:15:56,624 - INFO - Run 29, Fold 2/3
2025-07-30 22:15:57,820 - INFO - E10 TL:0.531 VL:2.395 VAcur:0.429 BestVAcur:0.429
2025-07-30 22:15:58,900 - INFO - E20 TL:0.473 VL:1.988 VAcur:0.357 BestVAcur:0.429
2025-07-30 22:15:59,984 - INFO - E30 TL:0.471 VL:2.071 VAcur:0.214 BestVAcur:0.429
2025-07-30 22:16:01,069 - INFO - E40 TL:0.461 VL:1.911 VAcur:0.357 BestVAcur:0.429
2025-07-30 22:16:02,192 - INFO - E50 TL:0.455 VL:1.961 VAcur:0.429 BestVAcur:0.500
2025-07-30 22:16:03,270 - INFO - E60 TL:0.459 VL:1.980 VAcur:0.357 BestVAcur:0.500
2025-07-30 22:16:04,356 - INFO - E70 TL:0.459 VL:2.018 VAcur:0.429 BestVAcur:0.500
2025-07-30 22:16:05,443 - INFO - E80 TL:0.461 VL:1.836 VAcur:0.214 BestVAcur:0.500
2025-07-30 22:16:06,529 - INFO - E90 TL:0.464 VL:1.896 VAcur:0.429 BestVAcur:0.500
2025-07-30 22:16:07,613 - INFO - E100 TL:0.457 VL:1.980 VAcur:0.357 BestVAcur:0.500
2025-07-30 22:16:07,613 - INFO - Run 29, Fold 3/3
2025-07-30 22:16:08,879 - INFO - E10 TL:0.513 VL:1.855 VAcur:0.286 BestVAcur:0.857
2025-07-30 22:16:09,963 - INFO - E20 TL:0.496 VL:1.556 VAcur:0.500 BestVAcur:0.857
2025-07-30 22:16:11,046 - INFO - E30 TL:0.480 VL:1.360 VAcur:0.571 BestVAcur:0.857
2025-07-30 22:16:12,128 - INFO - E40 TL:0.468 VL:1.391 VAcur:0.571 BestVAcur:0.857
2025-07-30 22:16:13,205 - INFO - E50 TL:0.469 VL:1.367 VAcur:0.643 BestVAcur:0.857
2025-07-30 22:16:14,288 - INFO - E60 TL:0.468 VL:1.383 VAcur:0.714 BestVAcur:0.857
2025-07-30 22:16:15,375 - INFO - E70 TL:0.467 VL:1.392 VAcur:0.643 BestVAcur:0.857
2025-07-30 22:16:16,461 - INFO - E80 TL:0.459 VL:1.337 VAcur:0.857 BestVAcur:0.857
2025-07-30 22:16:17,556 - INFO - E90 TL:0.454 VL:1.373 VAcur:0.643 BestVAcur:0.857
2025-07-30 22:16:18,631 - INFO - E100 TL:0.454 VL:1.289 VAcur:0.786 BestVAcur:0.857
2025-07-30 22:16:18,643 - INFO - 
Starting Run 30/30
2025-07-30 22:16:18,644 - INFO - Run 30, Fold 1/3
2025-07-30 22:16:19,878 - INFO - E10 TL:0.527 VL:2.124 VAcur:0.429 BestVAcur:0.786
2025-07-30 22:16:20,962 - INFO - E20 TL:0.501 VL:1.968 VAcur:0.357 BestVAcur:0.786
2025-07-30 22:16:22,045 - INFO - E30 TL:0.475 VL:1.597 VAcur:0.714 BestVAcur:0.786
2025-07-30 22:16:23,129 - INFO - E40 TL:0.460 VL:1.658 VAcur:0.643 BestVAcur:0.786
2025-07-30 22:16:24,208 - INFO - E50 TL:0.458 VL:1.625 VAcur:0.571 BestVAcur:0.786
2025-07-30 22:16:25,291 - INFO - E60 TL:0.462 VL:1.513 VAcur:0.714 BestVAcur:0.786
2025-07-30 22:16:26,379 - INFO - E70 TL:0.459 VL:1.568 VAcur:0.571 BestVAcur:0.786
2025-07-30 22:16:27,471 - INFO - E80 TL:0.458 VL:1.526 VAcur:0.714 BestVAcur:0.786
2025-07-30 22:16:28,546 - INFO - E90 TL:0.457 VL:1.528 VAcur:0.714 BestVAcur:0.786
2025-07-30 22:16:29,628 - INFO - E100 TL:0.462 VL:1.526 VAcur:0.714 BestVAcur:0.786
2025-07-30 22:16:29,631 - INFO - Run 30, Fold 2/3
2025-07-30 22:16:30,867 - INFO - E10 TL:0.528 VL:1.327 VAcur:0.786 BestVAcur:0.786
2025-07-30 22:16:31,950 - INFO - E20 TL:0.482 VL:1.982 VAcur:0.643 BestVAcur:0.786
2025-07-30 22:16:33,032 - INFO - E30 TL:0.471 VL:1.504 VAcur:0.786 BestVAcur:0.786
2025-07-30 22:16:34,112 - INFO - E40 TL:0.464 VL:1.710 VAcur:0.714 BestVAcur:0.786
2025-07-30 22:16:35,194 - INFO - E50 TL:0.455 VL:1.610 VAcur:0.714 BestVAcur:0.786
2025-07-30 22:16:36,274 - INFO - E60 TL:0.460 VL:1.603 VAcur:0.714 BestVAcur:0.786
2025-07-30 22:16:37,360 - INFO - E70 TL:0.456 VL:1.489 VAcur:0.714 BestVAcur:0.786
2025-07-30 22:16:38,437 - INFO - E80 TL:0.462 VL:1.707 VAcur:0.714 BestVAcur:0.786
2025-07-30 22:16:39,522 - INFO - E90 TL:0.460 VL:1.599 VAcur:0.714 BestVAcur:0.786
2025-07-30 22:16:40,604 - INFO - E100 TL:0.465 VL:1.601 VAcur:0.643 BestVAcur:0.786
2025-07-30 22:16:40,605 - INFO - Run 30, Fold 3/3
2025-07-30 22:16:41,795 - INFO - E10 TL:0.544 VL:1.843 VAcur:0.429 BestVAcur:0.643
2025-07-30 22:16:42,880 - INFO - E20 TL:0.498 VL:1.896 VAcur:0.286 BestVAcur:0.643
2025-07-30 22:16:43,954 - INFO - E30 TL:0.474 VL:1.574 VAcur:0.429 BestVAcur:0.643
2025-07-30 22:16:45,050 - INFO - E40 TL:0.464 VL:1.784 VAcur:0.429 BestVAcur:0.643
2025-07-30 22:16:46,136 - INFO - E50 TL:0.458 VL:1.578 VAcur:0.500 BestVAcur:0.643
2025-07-30 22:16:47,221 - INFO - E60 TL:0.457 VL:1.577 VAcur:0.500 BestVAcur:0.643
2025-07-30 22:16:48,300 - INFO - E70 TL:0.453 VL:1.646 VAcur:0.429 BestVAcur:0.643
2025-07-30 22:16:49,386 - INFO - E80 TL:0.456 VL:1.543 VAcur:0.500 BestVAcur:0.643
2025-07-30 22:16:50,471 - INFO - E90 TL:0.457 VL:1.534 VAcur:0.429 BestVAcur:0.643
2025-07-30 22:16:51,555 - INFO - E100 TL:0.457 VL:1.592 VAcur:0.500 BestVAcur:0.643
2025-07-30 22:16:51,560 - INFO - 
Averaged metrics across all runs:
2025-07-30 22:16:51,560 - INFO - Overall Accuracy: 0.7881  0.0597
2025-07-30 22:16:51,560 - INFO - 
Detailed metrics summary:
2025-07-30 22:16:51,560 - INFO - balanced_accuracy: 0.7254  0.0760
2025-07-30 22:16:51,560 - INFO - precision: 0.6625  0.1185
2025-07-30 22:16:51,560 - INFO - recall: 0.6796  0.0886
2025-07-30 22:16:51,560 - INFO - f1: 0.6509  0.1037
2025-07-30 22:16:51,560 - INFO - auc_roc: 0.8229  0.0548
