INFO:data:Reading dataset fish: oil
INFO:data:Class Counts: [108 126], Class Ratios: [0.46153846 0.53846154]
INFO:data:Number of features: 1023
INFO:data:Number of instances: 234
INFO:data:Number of classes 2.
INFO:__main__:No model found. Train from scratch.
INFO:gp:   	      	                                 fitness                                 	                      size                     
   	      	-------------------------------------------------------------------------	-----------------------------------------------
gen	nevals	avg     	gen	max     	min     	nevals	std      	avg    	gen	max	min	nevals	std    
0  	1023  	0.500195	0  	0.642887	0.360601	1023  	0.0358648	3.53275	0  	7  	2  	1023  	1.34355
INFO:gp:1  	781   	0.530469	1  	0.676742	0.415053	781   	0.0364022	3.87488	1  	11 	2  	781   	1.49942
INFO:gp:2  	772   	0.54995 	2  	0.676742	0.399088	772   	0.043088 	4.16129	2  	12 	2  	772   	1.55083
INFO:gp:3  	789   	0.565822	3  	0.687361	0.305543	789   	0.0526188	4.30499	3  	12 	2  	789   	1.69435
INFO:gp:4  	798   	0.591364	4  	0.695855	0.409126	798   	0.0522955	4.13783	4  	11 	2  	798   	1.58548
INFO:gp:5  	765   	0.611336	5  	0.728921	0.403435	765   	0.0570546	4.38416	5  	13 	2  	765   	1.72782
INFO:gp:6  	788   	0.620275	6  	0.728921	0.435777	788   	0.0662071	4.8915 	6  	15 	1  	788   	1.93818
INFO:gp:7  	781   	0.630267	7  	0.728921	0.381587	781   	0.0694346	5.3304 	7  	15 	1  	781   	2.12151
INFO:gp:8  	743   	0.634134	8  	0.728921	0.439532	743   	0.0709752	4.99902	8  	15 	2  	743   	2.04088
INFO:gp:9  	779   	0.644492	9  	0.728921	0.358169	779   	0.0661709	4.45552	9  	13 	1  	779   	1.75022
INFO:gp:10 	773   	0.652595	10 	0.731179	0.451601	773   	0.062283 	4.08895	10 	10 	1  	773   	1.45002
INFO:gp:11 	784   	0.663783	11 	0.731179	0.469595	784   	0.0575994	4.07331	11 	11 	3  	784   	1.36121
INFO:gp:12 	766   	0.673445	12 	0.735477	0.474937	766   	0.0559223	4.33236	12 	10 	3  	766   	1.35383
INFO:gp:13 	756   	0.675124	13 	0.735477	0.492637	756   	0.0566839	4.826  	13 	12 	3  	756   	1.48338
INFO:gp:14 	766   	0.678511	14 	0.736864	0.48353 	766   	0.0579248	5.38612	14 	13 	3  	766   	1.6815 
INFO:gp:15 	770   	0.678155	15 	0.748115	0.458175	770   	0.0612069	5.83871	15 	14 	3  	770   	1.83439
INFO:gp:16 	759   	0.683987	16 	0.748115	0.433907	759   	0.0590797	6.56891	16 	14 	3  	759   	2.11055
INFO:gp:17 	805   	0.682371	17 	0.748115	0.475635	805   	0.0596867	7.1349 	17 	15 	3  	805   	2.223  
INFO:gp:18 	764   	0.689487	18 	0.748115	0.482923	764   	0.0570152	7.65885	18 	17 	3  	764   	2.38149
INFO:gp:19 	758   	0.689121	19 	0.748115	0.471712	758   	0.0616783	8.07918	19 	20 	3  	758   	2.53125
INFO:gp:20 	765   	0.689127	20 	0.748115	0.481894	765   	0.0620735	8.36852	20 	21 	3  	765   	2.64743
INFO:gp:21 	776   	0.69105 	21 	0.748115	0.479914	776   	0.0622653	8.435  	21 	21 	3  	776   	2.77424
INFO:gp:22 	785   	0.689187	22 	0.748116	0.447606	785   	0.0655739	8.1173 	22 	21 	3  	785   	2.51096
INFO:gp:23 	782   	0.693329	23 	0.754989	0.467061	782   	0.0628871	7.79179	23 	19 	3  	782   	2.44483
INFO:gp:24 	766   	0.692091	24 	0.754989	0.468977	766   	0.0673534	7.7957 	24 	23 	3  	766   	2.41175
INFO:gp:25 	775   	0.693307	25 	0.754989	0.468989	775   	0.0665476	7.89247	25 	23 	3  	775   	2.45829
INFO:gp:26 	766   	0.693107	26 	0.754989	0.46169 	766   	0.0632803	8.33822	26 	20 	3  	766   	2.69915
INFO:gp:27 	808   	0.693253	27 	0.754989	0.474269	808   	0.063533 	9.15347	27 	19 	3  	808   	2.87146
INFO:gp:28 	786   	0.693148	28 	0.756848	0.466147	786   	0.0681235	9.80547	28 	21 	3  	786   	3.23928
INFO:gp:29 	770   	0.695796	29 	0.756851	0.451638	770   	0.0670146	10.0694	29 	24 	3  	770   	3.44175
INFO:gp:30 	760   	0.695996	30 	0.756851	0.445418	760   	0.0677941	9.9218 	30 	30 	3  	760   	3.78397
INFO:gp:31 	754   	0.697098	31 	0.756851	0.485796	754   	0.0691451	9.44673	31 	26 	3  	754   	3.625  
INFO:gp:32 	765   	0.696009	32 	0.760126	0.47533 	765   	0.071243 	9.71261	32 	25 	3  	765   	3.81763
INFO:gp:33 	778   	0.696302	33 	0.760126	0.430286	778   	0.0703588	10.737 	33 	28 	3  	778   	3.87894
INFO:gp:34 	760   	0.699376	34 	0.760126	0.392064	760   	0.0710465	12.1329	34 	25 	3  	760   	3.72541
INFO:gp:35 	746   	0.700402	35 	0.760126	0.496013	746   	0.0719625	13.1984	35 	25 	3  	746   	3.64032
INFO:gp:36 	777   	0.699083	36 	0.760134	0.489362	777   	0.0721234	13.8299	36 	28 	3  	777   	3.82491
INFO:gp:37 	778   	0.69896 	37 	0.760134	0.502973	778   	0.0725695	14.1662	37 	29 	3  	778   	3.99214
INFO:gp:38 	766   	0.704699	38 	0.760134	0.450352	766   	0.0710032	14.3636	38 	28 	3  	766   	3.9343 
INFO:gp:39 	765   	0.701638	39 	0.760134	0.459041	765   	0.0732687	14.3099	39 	27 	3  	765   	3.8247 
INFO:gp:40 	783   	0.700063	40 	0.760134	0.445572	783   	0.0747319	14.6618	40 	31 	3  	783   	4.32964
INFO:gp:41 	784   	0.702811	41 	0.760138	0.471571	784   	0.0728622	16.306 	41 	33 	3  	784   	4.85521
INFO:gp:42 	774   	0.704644	42 	0.76014 	0.480057	774   	0.074776 	18.5415	42 	41 	3  	774   	5.13741
INFO:gp:43 	787   	0.699959	43 	0.76014 	0.485705	787   	0.0760981	20.3539	43 	37 	3  	787   	4.21929
INFO:gp:44 	797   	0.701304	44 	0.76014 	0.485138	797   	0.0762417	20.9853	44 	43 	3  	797   	4.18053
INFO:gp:45 	773   	0.702705	45 	0.760145	0.4739  	773   	0.0770837	21.1799	45 	41 	3  	773   	4.60767
INFO:gp:46 	757   	0.704198	46 	0.760145	0.483432	757   	0.0749456	21.4848	46 	39 	3  	757   	4.04659
INFO:gp:47 	738   	0.705582	47 	0.760156	0.4925  	738   	0.0769674	21.826 	47 	39 	3  	738   	4.12145
INFO:gp:48 	772   	0.711469	48 	0.760156	0.478766	772   	0.070882 	21.914 	48 	40 	3  	772   	4.22376
INFO:gp:49 	765   	0.702641	49 	0.760161	0.397347	765   	0.0764134	21.8622	49 	39 	3  	765   	4.54408
INFO:gp:50 	780   	0.702572	50 	0.760162	0.478695	780   	0.0742022	22.172 	50 	45 	3  	780   	4.56127
INFO:gp:51 	774   	0.705461	51 	0.760203	0.48751 	774   	0.0747386	22.7801	51 	47 	3  	774   	4.93174
INFO:gp:52 	797   	0.702595	52 	0.760203	0.48833 	797   	0.0770983	23.5347	52 	44 	3  	797   	4.58679
INFO:gp:53 	779   	0.699149	53 	0.760203	0.479384	779   	0.0776948	23.4624	53 	50 	3  	779   	4.77656
INFO:gp:54 	772   	0.703273	54 	0.766283	0.482496	772   	0.0748079	23.5396	54 	40 	3  	772   	4.17999
INFO:gp:55 	783   	0.704323	55 	0.766283	0.486568	783   	0.0742626	22.8944	55 	42 	3  	783   	4.67106
INFO:gp:56 	783   	0.704859	56 	0.766283	0.479784	783   	0.0743627	22.0381	56 	42 	3  	783   	4.75721
INFO:gp:57 	768   	0.700409	57 	0.766283	0.472635	768   	0.0781761	21.5445	57 	43 	3  	768   	4.40072
INFO:gp:58 	759   	0.704482	58 	0.766785	0.480652	759   	0.0771274	22.0459	58 	38 	3  	759   	4.96506
INFO:gp:59 	789   	0.702502	59 	0.766785	0.473616	789   	0.0781829	22.8768	59 	41 	3  	789   	5.41499
INFO:gp:60 	779   	0.705758	60 	0.766785	0.475674	779   	0.0766756	22.6061	60 	44 	3  	779   	4.82137
INFO:gp:61 	769   	0.706555	61 	0.766853	0.457639	769   	0.0784952	22.0684	61 	42 	3  	769   	5.20764
INFO:gp:62 	789   	0.706118	62 	0.769586	0.457623	789   	0.0798151	23.4653	62 	42 	3  	789   	5.32213
INFO:gp:63 	774   	0.705334	63 	0.769589	0.465838	774   	0.0808066	25.0362	63 	44 	3  	774   	5.47273
INFO:gp:64 	776   	0.706224	64 	0.769589	0.446072	776   	0.0825433	26.4242	64 	49 	3  	776   	5.27891
INFO:gp:65 	787   	0.703139	65 	0.769589	0.454712	787   	0.0837175	26.8886	65 	47 	3  	787   	5.05641
INFO:gp:66 	775   	0.706819	66 	0.76959 	0.46491 	775   	0.0814178	26.9453	66 	49 	3  	775   	5.35147
INFO:gp:67 	764   	0.705219	67 	0.76959 	0.458635	764   	0.0857444	27.0332	67 	42 	3  	764   	4.70923
INFO:gp:68 	774   	0.707381	68 	0.76959 	0.468881	774   	0.0812007	26.6813	68 	42 	3  	774   	5.03187
INFO:gp:69 	749   	0.706379	69 	0.76959 	0.480173	749   	0.0831568	26.5367	69 	51 	3  	749   	4.871  
INFO:gp:70 	766   	0.707375	70 	0.769594	0.446924	766   	0.0832467	26.3314	70 	46 	3  	766   	4.54785
INFO:gp:71 	786   	0.712285	71 	0.769594	0.466806	786   	0.0781753	25.9384	71 	57 	3  	786   	4.87047
INFO:gp:72 	809   	0.702172	72 	0.769594	0.480189	809   	0.0822206	25.781 	72 	44 	3  	809   	4.47202
INFO:gp:73 	747   	0.706173	73 	0.769594	0.437366	747   	0.0842087	25.6491	73 	49 	3  	747   	5.11825
INFO:gp:74 	811   	0.701634	74 	0.769594	0.474211	811   	0.0835461	26.2366	74 	49 	3  	811   	4.85778
INFO:gp:75 	785   	0.70192 	75 	0.769595	0.440894	785   	0.0853486	26.827 	75 	49 	3  	785   	5.4445 
INFO:gp:76 	766   	0.708791	76 	0.772866	0.427397	766   	0.0804632	27.5533	76 	52 	3  	766   	5.37825
INFO:gp:77 	766   	0.709927	77 	0.772866	0.42705 	766   	0.0800939	28.781 	77 	46 	3  	766   	4.36942
INFO:gp:78 	770   	0.706666	78 	0.772866	0.48018 	770   	0.0843908	28.7273	78 	48 	3  	770   	4.97294
INFO:gp:79 	762   	0.708398	79 	0.772866	0.454697	762   	0.0827856	28.6755	79 	59 	3  	762   	4.6618 
INFO:gp:80 	777   	0.707475	80 	0.772867	0.459967	777   	0.0811822	28.1271	80 	48 	3  	777   	5.24786
INFO:gp:81 	770   	0.711494	81 	0.772867	0.456521	770   	0.0822179	28.6041	81 	56 	3  	770   	4.35168
INFO:gp:82 	758   	0.712744	82 	0.772868	0.451718	758   	0.0811824	28.7322	82 	48 	3  	758   	4.74703
INFO:gp:83 	770   	0.710487	83 	0.772868	0.454441	770   	0.0838954	28.8876	83 	55 	3  	770   	5.15641
INFO:gp:84 	762   	0.713186	84 	0.772868	0.48018 	762   	0.0814853	29.3157	84 	61 	3  	762   	5.02496
INFO:gp:85 	756   	0.712897	85 	0.772868	0.453404	756   	0.0815957	29.3079	85 	62 	3  	756   	5.70606
INFO:gp:86 	768   	0.711278	86 	0.772874	0.477413	768   	0.0829512	29.7507	86 	52 	3  	768   	5.11103
INFO:gp:87 	740   	0.715719	87 	0.772874	0.479313	740   	0.0811653	30.0811	87 	43 	3  	740   	5.34593
INFO:gp:88 	773   	0.707713	88 	0.772874	0.444932	773   	0.0848335	30.7087	88 	39 	3  	773   	4.97749
INFO:gp:89 	775   	0.705839	89 	0.772874	0.479306	775   	0.0843669	30.8104	89 	62 	3  	775   	5.21101
INFO:gp:90 	762   	0.708425	90 	0.772874	0.438327	762   	0.0827289	31.0567	90 	63 	3  	762   	5.53993
INFO:gp:91 	813   	0.709824	91 	0.772874	0.479306	813   	0.084092 	31.349 	91 	57 	3  	813   	5.47334
INFO:gp:92 	789   	0.709191	92 	0.772874	0.465484	789   	0.0828269	31.912 	92 	63 	3  	789   	5.08194
INFO:gp:93 	803   	0.707305	93 	0.772874	0.441644	803   	0.0828843	32.3754	93 	57 	3  	803   	5.13682
INFO:gp:94 	816   	0.706234	94 	0.772874	0.473354	816   	0.0840681	32.3021	94 	52 	3  	816   	5.40479
INFO:gp:95 	767   	0.705206	95 	0.772874	0.45542 	767   	0.0858698	31.783 	95 	56 	3  	767   	6.27255
INFO:gp:96 	771   	0.71159 	96 	0.772874	0.457564	771   	0.0816073	32.1417	96 	64 	3  	771   	5.72286
INFO:gp:97 	749   	0.713157	97 	0.772874	0.430644	749   	0.0810564	31.9433	97 	55 	3  	749   	5.07102
INFO:gp:98 	769   	0.704641	98 	0.772875	0.439931	769   	0.0858356	31.6149	98 	54 	3  	769   	5.36491
INFO:gp:99 	778   	0.706987	99 	0.772875	0.479306	778   	0.0828255	31.4673	99 	63 	3  	778   	5.64653
INFO:gp:100	790   	0.704074	100	0.772875	0.469143	790   	0.086896 	31.3822	100	63 	3  	790   	5.63118
INFO:gp:101	774   	0.709252	101	0.772875	0.462671	774   	0.0850567	31.3441	101	52 	3  	774   	5.73297
INFO:gp:102	802   	0.708758	102	0.772875	0.48018 	802   	0.0833179	31.2366	102	63 	3  	802   	6.1239 
INFO:gp:103	785   	0.705146	103	0.772875	0.470289	785   	0.0857583	31.6022	103	52 	3  	785   	5.31207
INFO:gp:104	773   	0.705944	104	0.772875	0.441669	773   	0.0846179	31.565 	104	58 	3  	773   	5.23406
INFO:gp:105	778   	0.705077	105	0.772875	0.47019 	778   	0.0860951	31.3011	105	61 	3  	778   	6.11884
INFO:gp:106	787   	0.708437	106	0.772879	0.454032	787   	0.0834692	31.5503	106	63 	3  	787   	6.05233
INFO:gp:107	789   	0.710533	107	0.772879	0.45182 	789   	0.0830292	31.5239	107	54 	3  	789   	5.68677
INFO:gp:108	797   	0.705877	108	0.772952	0.480172	797   	0.0842857	31.8807	108	52 	3  	797   	5.01274
INFO:gp:109	789   	0.709144	109	0.772952	0.430723	789   	0.0838286	31.5181	109	55 	3  	789   	5.62248
INFO:gp:110	769   	0.713273	110	0.772952	0.445446	769   	0.0817423	31.957 	110	59 	3  	769   	5.08098
INFO:gp:111	758   	0.706625	111	0.772952	0.463452	758   	0.0836116	31.9853	111	60 	3  	758   	5.32784
INFO:gp:112	779   	0.708992	112	0.772952	0.485292	779   	0.0829771	31.7576	112	57 	3  	779   	5.64006
INFO:gp:113	799   	0.705339	113	0.772952	0.462703	799   	0.0845112	30.7009	113	48 	3  	799   	6.08063
INFO:gp:114	766   	0.712309	114	0.772952	0.474784	766   	0.082301 	30.1994	114	57 	3  	766   	5.76836
INFO:gp:115	790   	0.706909	115	0.772952	0.462735	790   	0.0825269	29.1105	115	55 	3  	790   	5.48138
INFO:gp:116	775   	0.710753	116	0.772952	0.45931 	775   	0.0825575	28.2512	116	55 	3  	775   	5.94471
INFO:gp:117	774   	0.707559	117	0.772952	0.430657	774   	0.0824203	28.4526	117	55 	3  	774   	4.89773
INFO:gp:118	765   	0.703354	118	0.772952	0.452262	765   	0.0858838	28.1114	118	50 	3  	765   	5.34017
INFO:gp:119	782   	0.705709	119	0.772952	0.456336	782   	0.0837989	28.4018	119	44 	3  	782   	4.76566
INFO:gp:120	797   	0.706288	120	0.772952	0.444508	797   	0.0876054	28.2434	120	44 	3  	797   	4.81124
INFO:gp:121	791   	0.712886	121	0.772952	0.462473	791   	0.0819638	28.0371	121	46 	3  	791   	5.50718
INFO:gp:122	754   	0.707259	122	0.772952	0.469436	754   	0.0845879	28.2561	122	55 	3  	754   	5.16766
INFO:gp:123	777   	0.704696	123	0.772952	0.435992	777   	0.0856849	28.2151	123	50 	3  	777   	4.88766
INFO:gp:124	769   	0.706777	124	0.772952	0.475019	769   	0.0849397	28.2854	124	50 	3  	769   	4.69465
INFO:gp:125	761   	0.711863	125	0.772952	0.480178	761   	0.0816288	28.2229	125	50 	3  	761   	4.98161
INFO:gp:126	777   	0.704335	126	0.772952	0.394586	777   	0.0873425	28.3803	126	55 	3  	777   	4.68761
INFO:gp:127	777   	0.705213	127	0.772952	0.440478	777   	0.0843039	28.088 	127	55 	3  	777   	5.32796
INFO:gp:128	759   	0.708404	128	0.772952	0.38951 	759   	0.0836803	28.3627	128	44 	3  	759   	4.51937
INFO:gp:129	769   	0.708591	129	0.772952	0.451924	769   	0.0844079	28.2991	129	50 	3  	769   	4.87462
INFO:gp:130	781   	0.706288	130	0.772952	0.446449	781   	0.0854268	27.9599	130	50 	3  	781   	5.40024
INFO:gp:131	781   	0.709146	131	0.772952	0.468557	781   	0.0834199	28.3548	131	50 	3  	781   	4.5521 
INFO:gp:132	749   	0.719727	132	0.772952	0.41971 	749   	0.0792088	28.1535	132	51 	3  	749   	4.91143
INFO:gp:133	754   	0.704477	133	0.772952	0.434501	754   	0.0840015	28.3069	133	43 	3  	754   	4.42485
INFO:gp:134	775   	0.703123	134	0.772952	0.459116	775   	0.0852697	28.131 	134	44 	3  	775   	4.95635
INFO:gp:135	791   	0.714919	135	0.772952	0.453275	791   	0.0801535	28.3138	135	50 	3  	791   	4.8035 
INFO:gp:136	753   	0.708583	136	0.772952	0.464954	753   	0.0839532	28.5963	136	38 	3  	753   	3.6843 
INFO:gp:137	797   	0.708017	137	0.772952	0.453156	797   	0.0832066	27.998 	137	50 	3  	797   	5.34462
INFO:gp:138	795   	0.712865	138	0.772952	0.467866	795   	0.0806417	28.1017	138	55 	3  	795   	5.07957
INFO:gp:139	790   	0.708564	139	0.772952	0.477682	790   	0.0838129	27.8113	139	50 	3  	790   	5.37768
INFO:gp:140	757   	0.707889	140	0.772952	0.441269	757   	0.0852514	28.0274	140	55 	3  	757   	5.38137
INFO:gp:141	767   	0.707069	141	0.772952	0.454578	767   	0.0844374	28.0665	141	38 	3  	767   	5.17187
INFO:gp:142	779   	0.707005	142	0.772952	0.474994	779   	0.082412 	28.2102	142	52 	3  	779   	4.85869
INFO:gp:143	780   	0.709702	143	0.772952	0.461078	780   	0.0825864	28.0381	143	47 	3  	780   	5.20541
INFO:gp:144	773   	0.70681 	144	0.772953	0.451285	773   	0.083189 	28.2698	144	46 	3  	773   	4.75618
INFO:gp:145	786   	0.711106	145	0.772953	0.459469	786   	0.0828553	28.1505	145	44 	3  	786   	5.10829
INFO:gp:146	775   	0.705792	146	0.772953	0.48017 	775   	0.0842132	28.2561	146	44 	3  	775   	4.76453
INFO:gp:147	757   	0.705057	147	0.772953	0.460002	757   	0.086748 	28.3138	147	50 	3  	757   	4.81914
INFO:gp:148	780   	0.708101	148	0.772953	0.443521	780   	0.0830578	28.2346	148	47 	3  	780   	5.05645
INFO:gp:149	770   	0.710567	149	0.772953	0.441729	770   	0.085288 	28.2102	149	56 	3  	770   	5.51066
INFO:gp:150	791   	0.714589	150	0.772953	0.447645	791   	0.0802194	28.9159	150	57 	3  	791   	4.92433
INFO:gp:151	795   	0.708202	151	0.772953	0.479304	795   	0.0827271	28.8309	151	49 	3  	795   	5.14993
INFO:gp:152	769   	0.710647	152	0.772953	0.471459	769   	0.0819491	29.002 	152	46 	3  	769   	5.14824
INFO:gp:153	775   	0.707071	153	0.772953	0.420425	775   	0.0843532	29.0762	153	57 	3  	775   	4.95493
INFO:gp:154	775   	0.703023	154	0.772953	0.480188	775   	0.0835905	28.8074	154	38 	3  	775   	5.00333
INFO:gp:155	775   	0.706935	155	0.772953	0.485222	775   	0.0824834	28.7654	155	46 	3  	775   	5.25626
INFO:gp:156	773   	0.709789	156	0.772953	0.48017 	773   	0.0820552	28.9062	156	52 	3  	773   	5.15991
INFO:gp:157	740   	0.710338	157	0.772953	0.444368	740   	0.0817169	29.2512	157	52 	3  	740   	4.45993
INFO:gp:158	761   	0.711201	158	0.772953	0.442097	761   	0.0823609	28.9159	158	48 	3  	761   	4.7561 
INFO:gp:159	775   	0.71025 	159	0.772953	0.470663	775   	0.083366 	28.7097	159	48 	3  	775   	5.42709
INFO:gp:160	781   	0.705825	160	0.772953	0.454471	781   	0.0840591	28.9384	160	52 	3  	781   	4.96804
INFO:gp:161	782   	0.706418	161	0.772953	0.448186	782   	0.0828138	28.825 	161	49 	3  	782   	5.08939
INFO:gp:162	784   	0.70518 	162	0.772953	0.450788	784   	0.085968 	28.7771	162	49 	3  	784   	5.49799
INFO:gp:163	769   	0.714547	163	0.772953	0.447932	769   	0.0836237	28.9814	163	57 	3  	769   	5.01889
INFO:gp:164	767   	0.713848	164	0.772953	0.446357	767   	0.0793657	28.8612	164	48 	3  	767   	4.76427
INFO:gp:165	773   	0.712022	165	0.772953	0.480188	773   	0.0835146	29.0039	165	57 	3  	773   	4.85307
INFO:gp:166	772   	0.70153 	166	0.772953	0.453601	772   	0.08719  	28.9228	166	52 	3  	772   	5.01015
INFO:gp:167	801   	0.707399	167	0.772953	0.466999	801   	0.0837848	28.915 	167	54 	3  	801   	5.00612
INFO:gp:168	777   	0.711131	168	0.772953	0.423127	777   	0.0839182	28.9286	168	40 	3  	777   	4.48673
INFO:gp:169	790   	0.708191	169	0.772953	0.479304	790   	0.0844594	29.1095	169	48 	3  	790   	4.4253 
INFO:gp:170	775   	0.709791	170	0.772953	0.47133 	775   	0.0813492	28.8436	170	40 	3  	775   	4.76064
INFO:gp:171	794   	0.704414	171	0.772953	0.43999 	794   	0.0846092	28.8319	171	51 	3  	794   	5.10391
INFO:gp:172	772   	0.703683	172	0.772953	0.442768	772   	0.0845273	28.87  	172	52 	3  	772   	5.11889
INFO:gp:173	792   	0.705062	173	0.772953	0.45265 	792   	0.0842403	28.9267	173	57 	3  	792   	5.42283
INFO:gp:174	780   	0.708778	174	0.772953	0.423348	780   	0.0846569	28.7713	174	57 	3  	780   	5.57596
INFO:gp:175	780   	0.707782	175	0.772953	0.479833	780   	0.0820887	28.74  	175	57 	3  	780   	5.21323
INFO:gp:176	787   	0.706352	176	0.772953	0.420169	787   	0.084626 	28.8143	176	40 	3  	787   	4.90762
INFO:gp:177	757   	0.709127	177	0.772953	0.41452 	757   	0.08586  	28.7107	177	56 	3  	757   	5.26431
INFO:gp:178	751   	0.709231	178	0.772953	0.48017 	751   	0.0839058	28.9853	178	52 	3  	751   	4.54829
INFO:gp:179	750   	0.712202	179	0.772953	0.436143	750   	0.0822344	28.8886	179	49 	3  	750   	4.72895
INFO:gp:180	777   	0.711737	180	0.772953	0.444056	777   	0.0806457	29.0753	180	49 	3  	777   	4.72294
INFO:gp:181	760   	0.709805	181	0.772953	0.419096	760   	0.0808574	29.0723	181	49 	3  	760   	4.62606
INFO:gp:182	757   	0.709741	182	0.772953	0.47247 	757   	0.0843462	28.8152	182	57 	3  	757   	5.22477
INFO:gp:183	771   	0.705827	183	0.772953	0.479304	771   	0.0855196	28.826 	183	48 	3  	771   	4.92654
INFO:gp:184	779   	0.705029	184	0.772953	0.45733 	779   	0.086108 	28.8573	184	57 	3  	779   	5.01427
INFO:gp:185	759   	0.713259	185	0.772953	0.444039	759   	0.0822722	28.7713	185	46 	3  	759   	4.74187
INFO:gp:186	772   	0.711369	186	0.772953	0.47409 	772   	0.0816065	28.52  	186	49 	3  	772   	5.3752 
INFO:gp:187	778   	0.706705	187	0.772953	0.476616	778   	0.0818265	28.8495	187	57 	3  	778   	4.76658
INFO:gp:188	776   	0.709575	188	0.772953	0.445263	776   	0.0827462	28.6383	188	48 	3  	776   	5.18704
INFO:gp:189	780   	0.705466	189	0.772953	0.479305	780   	0.083695 	28.8309	189	57 	3  	780   	4.62575
INFO:gp:190	796   	0.707547	190	0.772953	0.465939	796   	0.0807491	28.8631	190	57 	3  	796   	5.10332
INFO:gp:191	769   	0.709418	191	0.772953	0.480178	769   	0.0833117	28.6784	191	49 	3  	769   	4.89291
INFO:gp:192	774   	0.705254	192	0.772953	0.479304	774   	0.0866923	28.65  	192	57 	3  	774   	5.24984
INFO:gp:193	778   	0.70888 	193	0.772953	0.421523	778   	0.0844732	28.6325	193	48 	3  	778   	5.11393
INFO:gp:194	762   	0.712071	194	0.772953	0.452135	762   	0.0811578	28.8905	194	52 	3  	762   	4.62575
INFO:gp:195	772   	0.710053	195	0.772953	0.459268	772   	0.0836635	28.6061	195	49 	3  	772   	5.12981
INFO:gp:196	781   	0.713883	196	0.772953	0.461643	781   	0.0802565	28.915 	196	52 	3  	781   	4.61135
INFO:gp:197	785   	0.70943 	197	0.772953	0.45072 	785   	0.0815935	28.737 	197	51 	3  	785   	5.04508
INFO:gp:198	764   	0.713222	198	0.772953	0.446361	764   	0.0810019	29.0313	198	48 	3  	764   	4.25931
INFO:gp:199	770   	0.706108	199	0.772953	0.440211	770   	0.0846516	28.7048	199	49 	3  	770   	4.80518
INFO:gp:200	762   	0.70626 	200	0.772953	0.439752	762   	0.0842967	28.8886	200	52 	3  	762   	4.89592
INFO:gp:201	794   	0.71116 	201	0.772953	0.485286	794   	0.0791856	29.2072	201	52 	3  	794   	4.01245
INFO:gp:202	772   	0.707269	202	0.772953	0.475254	772   	0.0833176	28.9453	202	49 	3  	772   	4.63664
INFO:gp:203	761   	0.708707	203	0.772953	0.471577	761   	0.082682 	29.1056	203	49 	3  	761   	4.15165
INFO:gp:204	776   	0.708708	204	0.772953	0.435277	776   	0.0833343	28.9814	204	57 	3  	776   	4.87644
INFO:gp:205	774   	0.709621	205	0.772953	0.480178	774   	0.0833529	28.6588	205	57 	3  	774   	5.18174
INFO:gp:206	792   	0.706366	206	0.772953	0.474384	792   	0.0841394	28.9795	206	57 	3  	792   	4.48921
INFO:gp:207	756   	0.710157	207	0.772953	0.479304	756   	0.0809663	28.8192	207	49 	3  	756   	4.91527
INFO:gp:208	747   	0.712461	208	0.772954	0.444369	747   	0.0829178	28.6931	208	57 	3  	747   	5.2026 
INFO:gp:209	786   	0.711861	209	0.772954	0.469057	786   	0.0802432	28.911 	209	57 	3  	786   	5.23979
INFO:gp:210	789   	0.701238	210	0.772954	0.420983	789   	0.0872252	28.8798	210	49 	3  	789   	4.79371
INFO:gp:211	785   	0.707438	211	0.772955	0.461015	785   	0.0828408	28.825 	211	57 	3  	785   	5.46594
INFO:gp:212	802   	0.70724 	212	0.772959	0.43222 	802   	0.0830007	28.8807	212	49 	3  	802   	5.21404
INFO:gp:213	770   	0.711748	213	0.772959	0.409612	770   	0.081068 	29.5523	213	52 	3  	770   	5.41828
INFO:gp:214	774   	0.712542	214	0.77296 	0.439711	774   	0.0825215	30.6139	214	51 	3  	774   	5.09542
INFO:gp:215	775   	0.713073	215	0.77296 	0.428757	775   	0.0825526	31.8436	215	67 	3  	775   	5.77815
INFO:gp:216	773   	0.70905 	216	0.77296 	0.440134	773   	0.0848616	32.9863	216	68 	3  	773   	5.23297
INFO:gp:217	770   	0.70736 	217	0.77296 	0.469438	770   	0.0842047	32.9922	217	57 	3  	770   	5.12826
INFO:gp:218	793   	0.708437	218	0.77296 	0.474149	793   	0.0827275	32.2004	218	64 	3  	793   	6.04204
INFO:gp:219	796   	0.705604	219	0.77296 	0.439506	796   	0.086077 	32.3773	219	58 	3  	796   	5.27822
INFO:gp:220	783   	0.707697	220	0.77296 	0.446019	783   	0.0819847	32.8925	220	66 	3  	783   	4.63973
INFO:gp:221	755   	0.710158	221	0.77296 	0.472811	755   	0.0822787	32.9384	221	50 	3  	755   	4.75264
INFO:gp:222	790   	0.708723	222	0.77296 	0.431586	790   	0.0821569	32.8641	222	57 	3  	790   	5.09385
INFO:gp:223	757   	0.710833	223	0.77296 	0.480189	757   	0.0830513	32.6608	223	57 	3  	757   	5.59057
INFO:gp:224	761   	0.711193	224	0.77296 	0.479303	761   	0.0797051	32.9472	224	60 	3  	761   	5.12075
INFO:gp:225	756   	0.712893	225	0.77296 	0.447661	756   	0.0818933	32.652 	225	60 	3  	756   	5.65859
INFO:gp:226	786   	0.704344	226	0.77296 	0.471652	786   	0.0846112	32.696 	226	65 	3  	786   	5.51763
INFO:gp:227	771   	0.704801	227	0.77296 	0.469053	771   	0.0848114	33.1056	227	66 	3  	771   	5.02123
INFO:gp:228	770   	0.712349	228	0.77296 	0.470426	770   	0.0817727	32.6305	228	57 	3  	770   	5.4997 
INFO:gp:229	778   	0.704517	229	0.77296 	0.439914	778   	0.0859759	32.9863	229	60 	3  	778   	5.11451
INFO:gp:230	744   	0.71037 	230	0.77296 	0.480178	744   	0.0822006	32.9443	230	65 	3  	744   	5.36214
INFO:gp:231	776   	0.711536	231	0.77296 	0.471003	776   	0.0809945	32.523 	231	44 	3  	776   	5.67421
INFO:gp:232	744   	0.709283	232	0.77296 	0.467376	744   	0.0821721	32.998 	232	61 	3  	744   	4.83531
INFO:gp:233	764   	0.710433	233	0.77296 	0.48017 	764   	0.0817206	32.9492	233	65 	3  	764   	5.08014
INFO:gp:234	777   	0.706709	234	0.77296 	0.457033	777   	0.0839886	32.869 	234	65 	3  	777   	5.20343
INFO:gp:235	766   	0.707418	235	0.77296 	0.439003	766   	0.0831759	32.7488	235	57 	3  	766   	5.50379
INFO:gp:236	774   	0.707643	236	0.77296 	0.474647	774   	0.0834314	32.7791	236	65 	3  	774   	5.51423
INFO:gp:237	770   	0.70823 	237	0.77296 	0.452407	770   	0.0828056	32.9101	237	65 	3  	770   	5.36923
INFO:gp:238	804   	0.706345	238	0.77296 	0.445795	804   	0.083524 	32.913 	238	50 	3  	804   	5.07993
INFO:gp:239	782   	0.706488	239	0.77296 	0.445447	782   	0.0841791	32.9423	239	65 	3  	782   	5.5694 
INFO:gp:240	781   	0.713221	240	0.77296 	0.47889 	781   	0.079014 	32.6422	240	43 	3  	781   	5.68057
INFO:gp:241	783   	0.707197	241	0.77296 	0.470035	783   	0.0825179	32.8543	241	60 	3  	783   	5.24095
INFO:gp:242	803   	0.705105	242	0.77296 	0.442909	803   	0.0822437	32.9814	242	57 	3  	803   	5.24462
INFO:gp:243	760   	0.713824	243	0.77296 	0.48017 	760   	0.0808425	32.8368	243	60 	3  	760   	5.63328
INFO:gp:244	757   	0.710218	244	0.77296 	0.481862	757   	0.082455 	32.9795	244	60 	3  	757   	5.28934
INFO:gp:245	757   	0.704868	245	0.77296 	0.458043	757   	0.0838895	33.1153	245	42 	3  	757   	4.57397
INFO:gp:246	762   	0.713412	246	0.77296 	0.466114	762   	0.0810785	33.0401	246	44 	3  	762   	4.77667
INFO:gp:247	772   	0.707492	247	0.77296 	0.479303	772   	0.0837682	32.7918	247	52 	3  	772   	5.38277
INFO:gp:248	758   	0.708866	248	0.77296 	0.466683	758   	0.0817052	32.9374	248	62 	3  	758   	5.39487
INFO:gp:249	787   	0.709849	249	0.77296 	0.410296	787   	0.0835586	32.958 	249	52 	3  	787   	5.06451
INFO:gp:250	797   	0.703221	250	0.779126	0.45694 	797   	0.0863986	33.1007	250	61 	3  	797   	4.57122
INFO:gp:251	776   	0.7091  	251	0.779126	0.480189	776   	0.0833114	32.9511	251	66 	3  	776   	5.25606
INFO:gp:252	755   	0.710406	252	0.779126	0.480178	755   	0.0811703	32.9433	252	57 	3  	755   	5.17312
INFO:gp:253	780   	0.704651	253	0.779126	0.480189	780   	0.0828444	33.1075	253	60 	3  	780   	4.99503
INFO:gp:254	795   	0.706735	254	0.779126	0.479247	795   	0.0831813	32.9277	254	45 	3  	795   	5.31479
INFO:gp:255	771   	0.713287	255	0.779126	0.480176	771   	0.0820931	33.0694	255	52 	3  	771   	4.92367
INFO:gp:256	800   	0.7155  	256	0.779126	0.480178	800   	0.0822333	32.7898	256	60 	3  	800   	5.37197
INFO:gp:257	772   	0.71652 	257	0.779126	0.447315	772   	0.0831776	32.7292	257	66 	3  	772   	5.55238
INFO:gp:258	780   	0.708129	258	0.779126	0.462825	780   	0.0870027	32.7625	258	50 	3  	780   	5.47091
INFO:gp:259	775   	0.710036	259	0.779126	0.416497	775   	0.0865396	32.6852	259	60 	3  	775   	5.62589
INFO:gp:260	784   	0.707371	260	0.779126	0.433102	784   	0.086492 	32.7742	260	57 	3  	784   	5.25432
INFO:gp:261	748   	0.7176  	261	0.779126	0.423348	748   	0.0819898	32.8456	261	60 	3  	748   	5.28333
INFO:gp:262	764   	0.714902	262	0.779126	0.466438	764   	0.0853148	32.8182	262	57 	3  	764   	5.19269
INFO:gp:263	769   	0.714793	263	0.779126	0.44959 	769   	0.0850786	32.6569	263	52 	3  	769   	5.46906
INFO:gp:264	760   	0.713329	264	0.779126	0.475626	760   	0.0840706	32.8172	264	52 	3  	760   	5.55298
INFO:gp:265	783   	0.712292	265	0.779126	0.45981 	783   	0.0840933	33.1114	265	44 	3  	783   	4.17474
INFO:gp:266	768   	0.713241	266	0.779126	0.40793 	768   	0.0857396	32.5142	266	49 	3  	768   	5.91497
INFO:gp:267	769   	0.715932	267	0.779136	0.475886	769   	0.0838377	32.7693	267	48 	3  	769   	5.13337
INFO:gp:268	777   	0.715605	268	0.779136	0.476143	777   	0.0836022	32.7693	268	65 	3  	777   	5.45967
INFO:gp:269	760   	0.716505	269	0.779136	0.481271	760   	0.0838566	32.9804	269	46 	3  	760   	4.68015
INFO:gp:270	797   	0.711695	270	0.779136	0.463943	797   	0.0849208	33.0616	270	44 	3  	797   	4.65161
INFO:gp:271	772   	0.717435	271	0.779155	0.466703	772   	0.0829048	32.9697	271	60 	3  	772   	5.65029
INFO:gp:272	756   	0.712357	272	0.784212	0.463151	756   	0.0856351	33.2395	272	65 	3  	756   	5.57192
INFO:gp:273	760   	0.713376	273	0.784212	0.448189	760   	0.0854629	33.8113	273	53 	3  	760   	5.48904
INFO:gp:274	768   	0.717371	274	0.784212	0.445515	768   	0.0842854	34.1056	274	69 	3  	768   	5.62467
INFO:gp:275	758   	0.71597 	275	0.784212	0.455822	758   	0.0851636	34.2854	275	58 	3  	758   	5.9144 
INFO:gp:276	779   	0.716779	276	0.784317	0.457869	779   	0.0837446	34.1838	276	53 	3  	779   	5.51931
INFO:gp:277	797   	0.711733	277	0.787964	0.463422	797   	0.0845634	33.4702	277	53 	3  	797   	6.37312
INFO:gp:278	771   	0.71576 	278	0.787964	0.457752	771   	0.0862377	32.6422	278	55 	3  	771   	5.66454
INFO:gp:279	739   	0.722923	279	0.787964	0.463924	739   	0.0832655	31.653 	279	57 	3  	739   	6.02129
INFO:gp:280	793   	0.711914	280	0.787964	0.474131	793   	0.0876474	32.2483	280	57 	3  	793   	5.42783
INFO:gp:281	785   	0.712912	281	0.787964	0.480046	785   	0.0845149	32.9853	281	67 	3  	785   	6.46222
INFO:gp:282	745   	0.72088 	282	0.79028 	0.442568	745   	0.0850303	34.8592	282	46 	3  	745   	6.222  
INFO:gp:283	796   	0.722582	283	0.79028 	0.479296	796   	0.0845051	36.8856	283	67 	3  	796   	5.65889
INFO:gp:284	774   	0.717461	284	0.79028 	0.414701	774   	0.0873949	37.5171	284	59 	3  	774   	6.15818
INFO:gp:285	763   	0.721072	285	0.79028 	0.470619	763   	0.0886468	37.826 	285	51 	3  	763   	5.5718 
INFO:gp:286	753   	0.71791 	286	0.79028 	0.44762 	753   	0.0886074	37.5777	286	77 	3  	753   	6.18243
INFO:gp:287	764   	0.719497	287	0.794035	0.479379	764   	0.0905059	36.4976	287	51 	3  	764   	6.51097
INFO:gp:288	761   	0.724166	288	0.794035	0.47412 	761   	0.0866512	34.6178	288	57 	3  	761   	6.96279
INFO:gp:289	749   	0.723418	289	0.794035	0.452317	749   	0.0859208	32.7781	289	61 	3  	749   	6.20177
INFO:gp:290	757   	0.727834	290	0.794035	0.474195	757   	0.0868848	32.4409	290	69 	3  	757   	6.33754
INFO:gp:291	770   	0.722444	291	0.794035	0.456291	770   	0.0882875	33.8778	291	61 	3  	770   	7.38627
INFO:gp:292	751   	0.721812	292	0.794138	0.462485	751   	0.089954 	36.7195	292	56 	3  	751   	7.66787
INFO:gp:293	790   	0.725514	293	0.794138	0.410497	790   	0.0871712	40.0547	293	85 	3  	790   	7.6833 
INFO:gp:294	784   	0.725211	294	0.794138	0.461656	784   	0.0884771	41.5288	294	67 	3  	784   	6.50309
INFO:gp:295	779   	0.723352	295	0.794138	0.434486	779   	0.0908793	42.0371	295	67 	3  	779   	5.94621
INFO:gp:296	777   	0.723896	296	0.794138	0.45345 	777   	0.0879256	42.1017	296	55 	3  	777   	5.92437
INFO:gp:297	794   	0.726878	297	0.794138	0.480188	794   	0.0864826	42.5015	297	55 	3  	794   	5.02756
INFO:gp:298	774   	0.723353	298	0.794145	0.456378	774   	0.0900143	42.4096	298	54 	3  	774   	5.26013
INFO:gp:299	762   	0.728739	299	0.794145	0.450912	762   	0.0872141	42.4213	299	54 	3  	762   	5.63256
INFO:gp:300	780   	0.725457	300	0.794145	0.42367 	780   	0.0887093	42.609 	300	55 	3  	780   	5.4403 
INFO:gp:301	764   	0.727937	301	0.794145	0.46192 	764   	0.0862199	42.5406	301	85 	3  	764   	6.32162
INFO:gp:302	778   	0.721305	302	0.794145	0.462908	778   	0.0916852	42.7253	302	85 	3  	778   	6.79743
INFO:gp:303	771   	0.727335	303	0.794145	0.443247	771   	0.0874881	43.5943	303	79 	3  	771   	6.12118
INFO:gp:304	739   	0.733255	304	0.794145	0.474108	739   	0.086374 	44.6334	304	55 	3  	739   	5.94217
INFO:gp:305	781   	0.725729	305	0.794147	0.474109	781   	0.0898159	45.6931	305	75 	3  	781   	6.31556
INFO:gp:306	772   	0.727871	306	0.794147	0.474109	772   	0.0889491	46.2835	306	67 	3  	772   	5.73237
INFO:gp:307	743   	0.73037 	307	0.794147	0.474109	743   	0.0867922	46.3294	307	62 	3  	743   	5.83279
INFO:gp:308	796   	0.724506	308	0.794147	0.443645	796   	0.0891628	46.2278	308	59 	3  	796   	5.843  
INFO:gp:309	736   	0.729061	309	0.794147	0.474109	736   	0.0882283	46.1603	309	75 	3  	736   	6.55168
INFO:gp:310	767   	0.721259	310	0.794147	0.474109	767   	0.0909019	46.4457	310	75 	3  	767   	5.79739
INFO:gp:311	771   	0.72667 	311	0.794147	0.452103	771   	0.0873049	46.1017	311	75 	3  	771   	6.87021
INFO:gp:312	788   	0.72937 	312	0.794147	0.480189	788   	0.0863367	46.5327	312	58 	3  	788   	5.47978
INFO:gp:313	775   	0.72891 	313	0.794147	0.467008	775   	0.0868428	46.2395	313	59 	3  	775   	6.03722
INFO:gp:314	781   	0.728368	314	0.794147	0.428102	781   	0.0891125	46.5396	314	77 	3  	781   	5.87472
INFO:gp:315	788   	0.729178	315	0.794147	0.454578	788   	0.0887722	46.3548	315	59 	3  	788   	5.93367
INFO:gp:316	769   	0.726772	316	0.794147	0.457187	769   	0.0893075	46.3773	316	60 	3  	769   	6.05953
INFO:gp:317	771   	0.7282  	317	0.794147	0.474109	771   	0.0891473	46.3294	317	58 	3  	771   	6.3193 
INFO:gp:318	782   	0.726547	318	0.794147	0.480148	782   	0.087566 	46.4272	318	93 	3  	782   	6.35188
INFO:gp:319	768   	0.72901 	319	0.794147	0.402529	768   	0.0873941	46.4809	319	83 	3  	768   	5.54316
INFO:gp:320	757   	0.727075	320	0.794147	0.449597	757   	0.088125 	46.5191	320	60 	3  	757   	5.90884
INFO:gp:321	785   	0.730173	321	0.794147	0.435106	785   	0.085174 	46.3783	321	75 	3  	785   	6.03271
INFO:gp:322	776   	0.725817	322	0.794147	0.48015 	776   	0.0876379	46.217 	322	67 	3  	776   	6.39845
INFO:gp:323	775   	0.727666	323	0.794147	0.474109	775   	0.0901263	46.2033	323	66 	3  	775   	6.82956
INFO:gp:324	768   	0.730504	324	0.794147	0.456556	768   	0.0888444	46.2258	324	59 	3  	768   	6.65744
INFO:gp:325	793   	0.726184	325	0.79456 	0.465812	793   	0.0903637	46.5171	325	83 	3  	793   	5.90802
INFO:gp:326	773   	0.729876	326	0.79456 	0.393577	773   	0.0880126	46.6491	326	59 	3  	773   	5.26697
INFO:gp:327	775   	0.73031 	327	0.79456 	0.425605	775   	0.0867603	46.5494	327	59 	3  	775   	6.06089
INFO:gp:328	771   	0.730432	328	0.79456 	0.474094	771   	0.0850794	46.6843	328	67 	3  	771   	5.33043
INFO:gp:329	765   	0.723329	329	0.79456 	0.464764	765   	0.0894511	46.4223	329	58 	3  	765   	5.60578
INFO:gp:330	775   	0.731334	330	0.794561	0.474112	775   	0.0839309	46.6725	330	62 	4  	775   	5.4239 
INFO:gp:331	775   	0.731365	331	0.794561	0.449551	775   	0.0858332	46.563 	331	62 	3  	775   	5.67959
INFO:gp:332	772   	0.726789	332	0.794561	0.450485	772   	0.0840947	46.3099	332	67 	3  	772   	6.35422
INFO:gp:333	759   	0.729042	333	0.794561	0.464608	759   	0.0864007	46.3353	333	56 	3  	759   	6.33783
INFO:gp:334	785   	0.726262	334	0.79574 	0.475165	785   	0.0870673	46.3519	334	93 	3  	785   	6.59981
INFO:gp:335	743   	0.733888	335	0.79574 	0.473443	743   	0.0844967	46.5103	335	75 	3  	743   	5.71698
INFO:gp:336	734   	0.736685	336	0.79574 	0.448331	734   	0.0831461	46.3558	336	83 	3  	734   	6.06018
INFO:gp:337	784   	0.730577	337	0.79574 	0.439159	784   	0.0863538	46.522 	337	56 	3  	784   	6.2108 
INFO:gp:338	767   	0.730829	338	0.79574 	0.480188	767   	0.0843011	46.5386	338	55 	3  	767   	6.09763
INFO:gp:339	746   	0.732704	339	0.79574 	0.445692	746   	0.084756 	46.9638	339	59 	3  	746   	5.88549
INFO:gp:340	772   	0.725069	340	0.79574 	0.447682	772   	0.0888403	47.4321	340	94 	3  	772   	5.92533
INFO:gp:341	754   	0.730713	341	0.79574 	0.480148	754   	0.0855011	47.6804	341	68 	3  	754   	5.38856
INFO:gp:342	789   	0.73554 	342	0.79574 	0.480189	789   	0.0829614	47.3705	342	58 	3  	789   	5.65656
INFO:gp:343	786   	0.724351	343	0.79574 	0.466291	786   	0.090642 	47.5953	343	60 	3  	786   	5.43049
INFO:gp:344	771   	0.731766	344	0.79574 	0.470487	771   	0.0861718	47.5445	344	67 	3  	771   	5.58938
INFO:gp:345	781   	0.728361	345	0.800444	0.465441	781   	0.0866553	47.739 	345	58 	3  	781   	5.23143
INFO:gp:346	777   	0.729215	346	0.800444	0.456288	777   	0.086139 	47.4839	346	60 	3  	777   	5.83057
INFO:gp:347	755   	0.732176	347	0.800444	0.444417	755   	0.0884702	47.3069	347	56 	3  	755   	6.28343
INFO:gp:348	783   	0.730953	348	0.800762	0.480147	783   	0.0861903	47.5415	348	59 	3  	783   	5.61174
INFO:gp:349	777   	0.7279  	349	0.800762	0.479272	777   	0.0889583	47.3822	349	68 	3  	777   	6.29415
INFO:gp:350	778   	0.729488	350	0.800762	0.473887	778   	0.0880957	47.4008	350	59 	3  	778   	6.39401
INFO:gp:351	750   	0.732305	351	0.800762	0.480154	750   	0.0863122	47.6334	351	60 	3  	750   	5.99148
INFO:gp:352	785   	0.732905	352	0.800762	0.44615 	785   	0.0894411	47.3216	352	58 	3  	785   	6.39718
INFO:gp:353	767   	0.734884	353	0.800762	0.452418	767   	0.0868028	47.5073	353	95 	3  	767   	6.26271
INFO:gp:354	764   	0.732361	354	0.800762	0.445096	764   	0.0877078	47.5415	354	84 	3  	764   	6.29465
INFO:gp:355	748   	0.73612 	355	0.800762	0.478651	748   	0.0861537	47.61  	355	84 	3  	748   	5.99147
INFO:gp:356	764   	0.729199	356	0.800762	0.479273	764   	0.0882562	47.1662	356	60 	3  	764   	7.18215
INFO:gp:357	763   	0.73193 	357	0.800762	0.453147	763   	0.088912 	47.3754	357	95 	3  	763   	7.03099
INFO:gp:358	751   	0.735759	358	0.800762	0.479289	751   	0.0878818	47.6413	358	75 	3  	751   	6.03892
INFO:gp:359	763   	0.735805	359	0.800762	0.444399	763   	0.0859562	47.5836	359	59 	3  	763   	6.17365
INFO:gp:360	773   	0.73567 	360	0.800762	0.470216	773   	0.0883388	47.5826	360	84 	3  	773   	6.61885
INFO:gp:361	773   	0.728197	361	0.800762	0.432588	773   	0.0901316	47.7458	361	63 	3  	773   	5.5041 
INFO:gp:362	777   	0.736906	362	0.800762	0.454422	777   	0.085483 	47.4868	362	75 	3  	777   	6.15009
INFO:gp:363	771   	0.735181	363	0.800762	0.480149	771   	0.0892257	47.9003	363	60 	3  	771   	5.06939
INFO:gp:364	755   	0.735782	364	0.800762	0.476624	755   	0.0892122	47.4741	364	75 	3  	755   	6.46239
INFO:gp:365	765   	0.731565	365	0.800762	0.480151	765   	0.0895976	47.8485	365	75 	3  	765   	5.44407
INFO:gp:366	749   	0.734071	366	0.800762	0.463525	749   	0.0883592	47.6725	366	84 	3  	749   	6.00157
INFO:gp:367	784   	0.736822	367	0.800762	0.466622	784   	0.0857045	47.4624	367	57 	3  	784   	6.1122 
INFO:gp:368	747   	0.734777	368	0.800762	0.480149	747   	0.0884527	47.7458	368	58 	3  	747   	5.22606
INFO:gp:369	780   	0.736048	369	0.800762	0.476346	780   	0.0846479	47.5552	369	59 	3  	780   	5.83117
INFO:gp:370	777   	0.735651	370	0.800762	0.465401	777   	0.0865912	47.7195	370	84 	3  	777   	5.37585
INFO:gp:371	766   	0.737745	371	0.800762	0.443055	766   	0.0860041	47.6383	371	95 	3  	766   	6.45127
INFO:gp:372	759   	0.734336	372	0.800762	0.480141	759   	0.0877548	47.7185	372	57 	3  	759   	5.924  
INFO:gp:373	763   	0.738733	373	0.800762	0.435978	763   	0.0851123	47.4878	373	56 	3  	763   	5.99671
INFO:gp:374	777   	0.734322	374	0.800762	0.480149	777   	0.0881194	47.3587	374	55 	3  	777   	6.51034
INFO:gp:375	773   	0.728209	375	0.800762	0.461495	773   	0.0905082	47.2649	375	56 	3  	773   	6.48747
INFO:gp:376	761   	0.734221	376	0.800762	0.479273	761   	0.0879146	47.5709	376	58 	3  	761   	6.05051
INFO:gp:377	764   	0.732714	377	0.800762	0.430397	764   	0.0894001	47.6188	377	56 	3  	764   	5.83642
INFO:gp:378	759   	0.731263	378	0.800762	0.479273	759   	0.0874958	47.7165	378	95 	3  	759   	6.0104 
INFO:gp:379	765   	0.736075	379	0.800762	0.478419	765   	0.0873592	47.5298	379	66 	3  	765   	6.1648 
INFO:gp:380	776   	0.733252	380	0.800762	0.474738	776   	0.0870163	47.7537	380	84 	3  	776   	5.93447
INFO:gp:381	786   	0.7347  	381	0.800762	0.480141	786   	0.0870777	47.3763	381	95 	3  	786   	6.87339
INFO:gp:382	775   	0.736717	382	0.800762	0.458287	775   	0.0887347	47.4242	382	84 	3  	775   	6.58814
INFO:gp:383	784   	0.731444	383	0.800762	0.480149	784   	0.0870542	47.4565	383	59 	3  	784   	6.43152
INFO:gp:384	760   	0.736501	384	0.800762	0.428676	760   	0.0878616	47.9052	384	75 	3  	760   	4.98402
INFO:gp:385	788   	0.73355 	385	0.800762	0.480189	788   	0.0873281	47.6588	385	84 	3  	788   	5.86088
INFO:gp:386	794   	0.728525	386	0.800762	0.472481	794   	0.090357 	47.8074	386	58 	3  	794   	5.02963
INFO:gp:387	747   	0.738544	387	0.800762	0.449273	747   	0.0854898	47.8006	387	62 	3  	747   	5.45374
INFO:gp:388	742   	0.738074	388	0.800762	0.463155	742   	0.0869045	47.6002	388	95 	3  	742   	6.36166
INFO:gp:389	768   	0.738702	389	0.800762	0.457153	768   	0.0840817	47.7009	389	68 	3  	768   	5.5686 
INFO:gp:390	802   	0.73344 	390	0.800762	0.465758	802   	0.0855904	47.262 	390	75 	3  	802   	6.72543
INFO:gp:391	761   	0.733305	391	0.800762	0.480151	761   	0.0869501	47.5738	391	75 	3  	761   	5.85522
INFO:gp:392	757   	0.738012	392	0.800762	0.480174	757   	0.0868475	47.3196	392	60 	3  	757   	6.67325
INFO:gp:393	780   	0.732134	393	0.800762	0.433654	780   	0.0895274	47.5269	393	84 	3  	780   	6.23795
INFO:gp:394	770   	0.731616	394	0.800762	0.480174	770   	0.0903227	47.3851	394	68 	3  	770   	6.67982
INFO:gp:395	773   	0.729867	395	0.800762	0.467112	773   	0.0891904	47.694 	395	59 	3  	773   	5.87282
INFO:gp:396	796   	0.736449	396	0.800762	0.479273	796   	0.0863558	47.4311	396	63 	3  	796   	6.4316 
INFO:gp:397	770   	0.736058	397	0.800762	0.452432	770   	0.0884384	47.5064	397	84 	3  	770   	6.30921
INFO:gp:398	781   	0.734146	398	0.800762	0.447418	781   	0.0882009	47.8143	398	84 	3  	781   	5.19406
INFO:gp:399	784   	0.736101	399	0.800762	0.460178	784   	0.0884405	47.5005	399	95 	3  	784   	6.41599
INFO:gp:400	777   	0.73504 	400	0.800762	0.465807	777   	0.0892939	47.6823	400	95 	3  	777   	6.116  
INFO:__main__:Saving model to file: checkpoints/run_7.pth
INFO:util:Train accuracy: 0.8723675383511449 +- 0.008407424391030927
INFO:util:Val accuracy: 0.8723675383511449 +- 0.008407424391030927
INFO:util:Test accuracy: 0.69 +- 0.0
INFO:util:Train intra-class: 0.10190757723481687, Train Inter-class: 0.13059001992953506
INFO:util:Val intra-class: 0.14272535539295528, Val Inter-class: 0.17519744550042435
INFO:util:Test intra-class: 0.14866990226856872, Test inter-class: 0.15831544098552944
INFO:plot:Saving t-SNE to file: figures/tsne.png
INFO:plot:Saving t-SNE to file: figures/tsne.png
INFO:plot:Saving tree to file: figures/tree-0.pdf
INFO:plot:Saving tree to file: figures/tree-1.pdf
