INFO:__main__:Reading the dataset: fish species
INFO:__main__:Pre-training the network: Masked Spectra Modelling
INFO:pre_training:Epoch [1/100], Loss: 0.0878, Val: 0.0073
INFO:pre_training:Epoch [2/100], Loss: 0.0758, Val: 0.0069
INFO:pre_training:Epoch [3/100], Loss: 0.0691, Val: 0.0061
INFO:pre_training:Epoch [4/100], Loss: 0.0635, Val: 0.0055
INFO:pre_training:Epoch [5/100], Loss: 0.0591, Val: 0.0053
INFO:pre_training:Epoch [6/100], Loss: 0.0551, Val: 0.0051
INFO:pre_training:Epoch [7/100], Loss: 0.0519, Val: 0.0047
INFO:pre_training:Epoch [8/100], Loss: 0.0493, Val: 0.0047
INFO:pre_training:Epoch [9/100], Loss: 0.0469, Val: 0.0045
INFO:pre_training:Epoch [10/100], Loss: 0.0450, Val: 0.0043
INFO:pre_training:Epoch [11/100], Loss: 0.0430, Val: 0.0043
INFO:pre_training:Epoch [12/100], Loss: 0.0415, Val: 0.0041
INFO:pre_training:Epoch [13/100], Loss: 0.0401, Val: 0.0041
INFO:pre_training:Epoch [14/100], Loss: 0.0390, Val: 0.0040
INFO:pre_training:Epoch [15/100], Loss: 0.0376, Val: 0.0039
INFO:pre_training:Epoch [16/100], Loss: 0.0365, Val: 0.0039
INFO:pre_training:Epoch [17/100], Loss: 0.0355, Val: 0.0038
INFO:pre_training:Epoch [18/100], Loss: 0.0344, Val: 0.0038
INFO:pre_training:Epoch [19/100], Loss: 0.0336, Val: 0.0038
INFO:pre_training:Epoch [20/100], Loss: 0.0328, Val: 0.0036
INFO:pre_training:Epoch [21/100], Loss: 0.0320, Val: 0.0036
INFO:pre_training:Epoch [22/100], Loss: 0.0313, Val: 0.0036
INFO:pre_training:Epoch [23/100], Loss: 0.0306, Val: 0.0036
INFO:pre_training:Epoch [24/100], Loss: 0.0299, Val: 0.0036
INFO:pre_training:Epoch [25/100], Loss: 0.0292, Val: 0.0034
INFO:pre_training:Epoch [26/100], Loss: 0.0287, Val: 0.0034
INFO:pre_training:Epoch [27/100], Loss: 0.0281, Val: 0.0034
INFO:pre_training:Epoch [28/100], Loss: 0.0276, Val: 0.0033
INFO:pre_training:Epoch [29/100], Loss: 0.0270, Val: 0.0033
INFO:pre_training:Epoch [30/100], Loss: 0.0265, Val: 0.0032
INFO:pre_training:Epoch [31/100], Loss: 0.0260, Val: 0.0032
INFO:pre_training:Epoch [32/100], Loss: 0.0256, Val: 0.0032
INFO:pre_training:Epoch [33/100], Loss: 0.0252, Val: 0.0032
INFO:pre_training:Epoch [34/100], Loss: 0.0247, Val: 0.0031
INFO:pre_training:Epoch [35/100], Loss: 0.0242, Val: 0.0031
INFO:pre_training:Epoch [36/100], Loss: 0.0238, Val: 0.0030
INFO:pre_training:Epoch [37/100], Loss: 0.0235, Val: 0.0030
INFO:pre_training:Epoch [38/100], Loss: 0.0230, Val: 0.0030
INFO:pre_training:Epoch [39/100], Loss: 0.0226, Val: 0.0030
INFO:pre_training:Epoch [40/100], Loss: 0.0224, Val: 0.0030
INFO:pre_training:Epoch [41/100], Loss: 0.0219, Val: 0.0029
INFO:pre_training:Epoch [42/100], Loss: 0.0216, Val: 0.0029
INFO:pre_training:Epoch [43/100], Loss: 0.0214, Val: 0.0029
INFO:pre_training:Epoch [44/100], Loss: 0.0210, Val: 0.0029
INFO:pre_training:Epoch [45/100], Loss: 0.0206, Val: 0.0029
INFO:pre_training:Epoch [46/100], Loss: 0.0204, Val: 0.0028
INFO:pre_training:Epoch [47/100], Loss: 0.0201, Val: 0.0028
INFO:pre_training:Epoch [48/100], Loss: 0.0198, Val: 0.0027
INFO:pre_training:Epoch [49/100], Loss: 0.0195, Val: 0.0028
INFO:pre_training:Epoch [50/100], Loss: 0.0193, Val: 0.0028
INFO:pre_training:Epoch [51/100], Loss: 0.0189, Val: 0.0028
INFO:pre_training:Epoch [52/100], Loss: 0.0187, Val: 0.0027
INFO:pre_training:Epoch [53/100], Loss: 0.0185, Val: 0.0027
INFO:pre_training:Epoch [54/100], Loss: 0.0182, Val: 0.0027
INFO:pre_training:Epoch [55/100], Loss: 0.0179, Val: 0.0027
INFO:pre_training:Epoch [56/100], Loss: 0.0177, Val: 0.0027
INFO:pre_training:Epoch [57/100], Loss: 0.0175, Val: 0.0027
INFO:pre_training:Epoch [58/100], Loss: 0.0173, Val: 0.0025
INFO:pre_training:Epoch [59/100], Loss: 0.0171, Val: 0.0026
INFO:pre_training:Epoch [60/100], Loss: 0.0168, Val: 0.0026
INFO:pre_training:Epoch [61/100], Loss: 0.0167, Val: 0.0026
INFO:pre_training:Epoch [62/100], Loss: 0.0164, Val: 0.0025
INFO:pre_training:Epoch [63/100], Loss: 0.0162, Val: 0.0026
INFO:pre_training:Epoch [64/100], Loss: 0.0160, Val: 0.0026
INFO:pre_training:Epoch [65/100], Loss: 0.0158, Val: 0.0026
INFO:pre_training:Epoch [66/100], Loss: 0.0157, Val: 0.0025
INFO:pre_training:Epoch [67/100], Loss: 0.0155, Val: 0.0024
INFO:pre_training:Epoch [68/100], Loss: 0.0152, Val: 0.0024
INFO:pre_training:Epoch [69/100], Loss: 0.0151, Val: 0.0025
INFO:pre_training:Epoch [70/100], Loss: 0.0149, Val: 0.0025
INFO:pre_training:Epoch [71/100], Loss: 0.0147, Val: 0.0024
INFO:pre_training:Epoch [72/100], Loss: 0.0146, Val: 0.0024
INFO:pre_training:Epoch [73/100], Loss: 0.0144, Val: 0.0024
INFO:pre_training:Epoch [74/100], Loss: 0.0142, Val: 0.0024
INFO:pre_training:Epoch [75/100], Loss: 0.0141, Val: 0.0024
INFO:pre_training:Epoch [76/100], Loss: 0.0139, Val: 0.0024
INFO:pre_training:Epoch [77/100], Loss: 0.0137, Val: 0.0023
INFO:pre_training:Epoch [78/100], Loss: 0.0136, Val: 0.0023
INFO:pre_training:Epoch [79/100], Loss: 0.0135, Val: 0.0023
INFO:pre_training:Epoch [80/100], Loss: 0.0133, Val: 0.0023
INFO:pre_training:Epoch [81/100], Loss: 0.0132, Val: 0.0024
INFO:pre_training:Epoch [82/100], Loss: 0.0130, Val: 0.0023
INFO:pre_training:Epoch [83/100], Loss: 0.0129, Val: 0.0023
INFO:pre_training:Epoch [84/100], Loss: 0.0128, Val: 0.0024
INFO:pre_training:Epoch [85/100], Loss: 0.0127, Val: 0.0024
INFO:pre_training:Epoch [86/100], Loss: 0.0125, Val: 0.0023
INFO:pre_training:Epoch [87/100], Loss: 0.0124, Val: 0.0023
INFO:pre_training:Epoch [88/100], Loss: 0.0123, Val: 0.0023
INFO:pre_training:Epoch [89/100], Loss: 0.0121, Val: 0.0023
INFO:pre_training:Epoch [90/100], Loss: 0.0120, Val: 0.0023
INFO:pre_training:Epoch [91/100], Loss: 0.0119, Val: 0.0023
INFO:pre_training:Epoch [92/100], Loss: 0.0118, Val: 0.0023
INFO:pre_training:Epoch [93/100], Loss: 0.0117, Val: 0.0023
INFO:pre_training:Epoch [94/100], Loss: 0.0116, Val: 0.0023
INFO:pre_training:Epoch [95/100], Loss: 0.0115, Val: 0.0022
INFO:pre_training:Epoch [96/100], Loss: 0.0114, Val: 0.0022
INFO:pre_training:Epoch [97/100], Loss: 0.0112, Val: 0.0022
INFO:pre_training:Epoch [98/100], Loss: 0.0110, Val: 0.0022
INFO:pre_training:Epoch [99/100], Loss: 0.0110, Val: 0.0022
INFO:pre_training:Epoch [100/100], Loss: 0.0109, Val: 0.0022
INFO:__main__:Total time taken to pre-train the model: 244.50s
INFO:__main__:Training the network
INFO:train:Epoch 1/100, Train Loss: 0.5093, Train Acc: 0.8396, Val Loss: 0.2723, Val Acc: 1.0000
INFO:train:Epoch 2/100, Train Loss: 0.2510, Train Acc: 0.9920, Val Loss: 0.2536, Val Acc: 1.0000
INFO:train:Epoch 3/100, Train Loss: 0.2142, Train Acc: 0.9982, Val Loss: 0.2361, Val Acc: 1.0000
INFO:train:Epoch 4/100, Train Loss: 0.2069, Train Acc: 1.0000, Val Loss: 0.2227, Val Acc: 1.0000
INFO:train:Epoch 5/100, Train Loss: 0.2049, Train Acc: 1.0000, Val Loss: 0.2284, Val Acc: 1.0000
INFO:train:Epoch 6/100, Train Loss: 0.2035, Train Acc: 1.0000, Val Loss: 0.2257, Val Acc: 1.0000
INFO:train:Epoch 7/100, Train Loss: 0.2026, Train Acc: 1.0000, Val Loss: 0.2306, Val Acc: 1.0000
INFO:train:Epoch 8/100, Train Loss: 0.2018, Train Acc: 1.0000, Val Loss: 0.2291, Val Acc: 1.0000
INFO:train:Epoch 9/100, Train Loss: 0.2014, Train Acc: 1.0000, Val Loss: 0.2298, Val Acc: 1.0000
INFO:train:Epoch 10/100, Train Loss: 0.2011, Train Acc: 1.0000, Val Loss: 0.2286, Val Acc: 1.0000
INFO:train:Epoch 11/100, Train Loss: 0.2007, Train Acc: 1.0000, Val Loss: 0.2295, Val Acc: 1.0000
INFO:train:Epoch 12/100, Train Loss: 0.2007, Train Acc: 1.0000, Val Loss: 0.2297, Val Acc: 1.0000
INFO:train:Epoch 13/100, Train Loss: 0.2005, Train Acc: 1.0000, Val Loss: 0.2301, Val Acc: 1.0000
INFO:train:Epoch 14/100, Train Loss: 0.2003, Train Acc: 1.0000, Val Loss: 0.2296, Val Acc: 1.0000
INFO:train:Epoch 15/100, Train Loss: 0.2002, Train Acc: 1.0000, Val Loss: 0.2291, Val Acc: 1.0000
INFO:train:Epoch 16/100, Train Loss: 0.2002, Train Acc: 1.0000, Val Loss: 0.2300, Val Acc: 1.0000
INFO:train:Epoch 17/100, Train Loss: 0.2002, Train Acc: 1.0000, Val Loss: 0.2305, Val Acc: 1.0000
INFO:train:Epoch 18/100, Train Loss: 0.2001, Train Acc: 1.0000, Val Loss: 0.2301, Val Acc: 1.0000
INFO:train:Epoch 19/100, Train Loss: 0.2000, Train Acc: 1.0000, Val Loss: 0.2276, Val Acc: 1.0000
INFO:train:Epoch 20/100, Train Loss: 0.2001, Train Acc: 1.0000, Val Loss: 0.2278, Val Acc: 1.0000
INFO:train:Epoch 21/100, Train Loss: 0.2001, Train Acc: 1.0000, Val Loss: 0.2295, Val Acc: 1.0000
INFO:train:Epoch 22/100, Train Loss: 0.1998, Train Acc: 1.0000, Val Loss: 0.2293, Val Acc: 1.0000
INFO:train:Epoch 23/100, Train Loss: 0.2000, Train Acc: 1.0000, Val Loss: 0.2302, Val Acc: 1.0000
INFO:train:Epoch 24/100, Train Loss: 0.1999, Train Acc: 1.0000, Val Loss: 0.2322, Val Acc: 1.0000
INFO:train:Epoch 25/100, Train Loss: 0.1998, Train Acc: 1.0000, Val Loss: 0.2308, Val Acc: 1.0000
INFO:train:Epoch 26/100, Train Loss: 0.1998, Train Acc: 1.0000, Val Loss: 0.2290, Val Acc: 1.0000
INFO:train:Epoch 27/100, Train Loss: 0.1998, Train Acc: 1.0000, Val Loss: 0.2301, Val Acc: 1.0000
INFO:train:Epoch 28/100, Train Loss: 0.1997, Train Acc: 1.0000, Val Loss: 0.2296, Val Acc: 1.0000
INFO:train:Epoch 29/100, Train Loss: 0.1998, Train Acc: 1.0000, Val Loss: 0.2277, Val Acc: 1.0000
INFO:train:Epoch 30/100, Train Loss: 0.1996, Train Acc: 1.0000, Val Loss: 0.2292, Val Acc: 1.0000
INFO:train:Epoch 31/100, Train Loss: 0.1997, Train Acc: 1.0000, Val Loss: 0.2292, Val Acc: 1.0000
INFO:train:Epoch 32/100, Train Loss: 0.1997, Train Acc: 1.0000, Val Loss: 0.2285, Val Acc: 1.0000
INFO:train:Epoch 33/100, Train Loss: 0.1996, Train Acc: 1.0000, Val Loss: 0.2296, Val Acc: 1.0000
INFO:train:Epoch 34/100, Train Loss: 0.1996, Train Acc: 1.0000, Val Loss: 0.2266, Val Acc: 1.0000
INFO:train:Epoch 35/100, Train Loss: 0.1996, Train Acc: 1.0000, Val Loss: 0.2285, Val Acc: 1.0000
INFO:train:Epoch 36/100, Train Loss: 0.1996, Train Acc: 1.0000, Val Loss: 0.2274, Val Acc: 1.0000
INFO:train:Epoch 37/100, Train Loss: 0.1995, Train Acc: 1.0000, Val Loss: 0.2267, Val Acc: 1.0000
INFO:train:Epoch 38/100, Train Loss: 0.1996, Train Acc: 1.0000, Val Loss: 0.2270, Val Acc: 1.0000
INFO:train:Epoch 39/100, Train Loss: 0.1996, Train Acc: 1.0000, Val Loss: 0.2289, Val Acc: 1.0000
INFO:train:Epoch 40/100, Train Loss: 0.1996, Train Acc: 1.0000, Val Loss: 0.2264, Val Acc: 1.0000
INFO:train:Epoch 41/100, Train Loss: 0.1996, Train Acc: 1.0000, Val Loss: 0.2276, Val Acc: 1.0000
INFO:train:Epoch 42/100, Train Loss: 0.1996, Train Acc: 1.0000, Val Loss: 0.2256, Val Acc: 1.0000
INFO:train:Epoch 43/100, Train Loss: 0.1995, Train Acc: 1.0000, Val Loss: 0.2278, Val Acc: 1.0000
INFO:train:Epoch 44/100, Train Loss: 0.1995, Train Acc: 1.0000, Val Loss: 0.2278, Val Acc: 1.0000
INFO:train:Epoch 45/100, Train Loss: 0.1995, Train Acc: 1.0000, Val Loss: 0.2273, Val Acc: 1.0000
INFO:train:Epoch 46/100, Train Loss: 0.1995, Train Acc: 1.0000, Val Loss: 0.2245, Val Acc: 1.0000
INFO:train:Epoch 47/100, Train Loss: 0.1996, Train Acc: 1.0000, Val Loss: 0.2244, Val Acc: 1.0000
INFO:train:Epoch 48/100, Train Loss: 0.1995, Train Acc: 1.0000, Val Loss: 0.2249, Val Acc: 1.0000
INFO:train:Epoch 49/100, Train Loss: 0.1994, Train Acc: 1.0000, Val Loss: 0.2268, Val Acc: 1.0000
INFO:train:Epoch 50/100, Train Loss: 0.1994, Train Acc: 1.0000, Val Loss: 0.2249, Val Acc: 1.0000
INFO:train:Epoch 51/100, Train Loss: 0.1994, Train Acc: 1.0000, Val Loss: 0.2237, Val Acc: 1.0000
INFO:train:Epoch 52/100, Train Loss: 0.1995, Train Acc: 1.0000, Val Loss: 0.2235, Val Acc: 1.0000
INFO:train:Epoch 53/100, Train Loss: 0.1995, Train Acc: 1.0000, Val Loss: 0.2239, Val Acc: 1.0000
INFO:train:Epoch 54/100, Train Loss: 0.1994, Train Acc: 1.0000, Val Loss: 0.2239, Val Acc: 1.0000
INFO:train:Epoch 55/100, Train Loss: 0.1994, Train Acc: 1.0000, Val Loss: 0.2235, Val Acc: 1.0000
INFO:train:Epoch 56/100, Train Loss: 0.1995, Train Acc: 1.0000, Val Loss: 0.2229, Val Acc: 1.0000
INFO:train:Epoch 57/100, Train Loss: 0.1995, Train Acc: 1.0000, Val Loss: 0.2259, Val Acc: 1.0000
INFO:train:Epoch 58/100, Train Loss: 0.1995, Train Acc: 1.0000, Val Loss: 0.2247, Val Acc: 1.0000
INFO:train:Epoch 59/100, Train Loss: 0.1995, Train Acc: 1.0000, Val Loss: 0.2249, Val Acc: 1.0000
INFO:train:Epoch 60/100, Train Loss: 0.1994, Train Acc: 1.0000, Val Loss: 0.2239, Val Acc: 1.0000
INFO:train:Epoch 61/100, Train Loss: 0.1994, Train Acc: 1.0000, Val Loss: 0.2232, Val Acc: 1.0000
INFO:train:Epoch 62/100, Train Loss: 0.1993, Train Acc: 1.0000, Val Loss: 0.2252, Val Acc: 1.0000
INFO:train:Epoch 63/100, Train Loss: 0.1994, Train Acc: 1.0000, Val Loss: 0.2217, Val Acc: 1.0000
INFO:train:Epoch 64/100, Train Loss: 0.1993, Train Acc: 1.0000, Val Loss: 0.2222, Val Acc: 1.0000
INFO:train:Epoch 65/100, Train Loss: 0.1994, Train Acc: 1.0000, Val Loss: 0.2234, Val Acc: 1.0000
INFO:train:Epoch 66/100, Train Loss: 0.1993, Train Acc: 1.0000, Val Loss: 0.2220, Val Acc: 1.0000
INFO:train:Epoch 67/100, Train Loss: 0.1994, Train Acc: 1.0000, Val Loss: 0.2242, Val Acc: 1.0000
INFO:train:Epoch 68/100, Train Loss: 0.1994, Train Acc: 1.0000, Val Loss: 0.2233, Val Acc: 1.0000
INFO:train:Epoch 69/100, Train Loss: 0.1993, Train Acc: 1.0000, Val Loss: 0.2232, Val Acc: 1.0000
INFO:train:Epoch 70/100, Train Loss: 0.1993, Train Acc: 1.0000, Val Loss: 0.2215, Val Acc: 1.0000
INFO:train:Epoch 71/100, Train Loss: 0.1992, Train Acc: 1.0000, Val Loss: 0.2223, Val Acc: 1.0000
INFO:train:Epoch 72/100, Train Loss: 0.1993, Train Acc: 1.0000, Val Loss: 0.2238, Val Acc: 1.0000
INFO:train:Epoch 73/100, Train Loss: 0.1992, Train Acc: 1.0000, Val Loss: 0.2234, Val Acc: 1.0000
INFO:train:Epoch 74/100, Train Loss: 0.1993, Train Acc: 1.0000, Val Loss: 0.2224, Val Acc: 1.0000
INFO:train:Epoch 75/100, Train Loss: 0.1993, Train Acc: 1.0000, Val Loss: 0.2225, Val Acc: 1.0000
INFO:train:Epoch 76/100, Train Loss: 0.1993, Train Acc: 1.0000, Val Loss: 0.2222, Val Acc: 1.0000
INFO:train:Epoch 77/100, Train Loss: 0.1993, Train Acc: 1.0000, Val Loss: 0.2250, Val Acc: 1.0000
INFO:train:Epoch 78/100, Train Loss: 0.1993, Train Acc: 1.0000, Val Loss: 0.2223, Val Acc: 1.0000
INFO:train:Epoch 79/100, Train Loss: 0.1993, Train Acc: 1.0000, Val Loss: 0.2218, Val Acc: 1.0000
INFO:train:Epoch 80/100, Train Loss: 0.1993, Train Acc: 1.0000, Val Loss: 0.2202, Val Acc: 1.0000
INFO:train:Epoch 81/100, Train Loss: 0.1992, Train Acc: 1.0000, Val Loss: 0.2207, Val Acc: 1.0000
INFO:train:Epoch 82/100, Train Loss: 0.1992, Train Acc: 1.0000, Val Loss: 0.2225, Val Acc: 1.0000
INFO:train:Epoch 83/100, Train Loss: 0.1993, Train Acc: 1.0000, Val Loss: 0.2232, Val Acc: 1.0000
INFO:train:Epoch 84/100, Train Loss: 0.1992, Train Acc: 1.0000, Val Loss: 0.2226, Val Acc: 1.0000
INFO:train:Epoch 85/100, Train Loss: 0.1993, Train Acc: 1.0000, Val Loss: 0.2202, Val Acc: 1.0000
INFO:train:Epoch 86/100, Train Loss: 0.1993, Train Acc: 1.0000, Val Loss: 0.2219, Val Acc: 1.0000
INFO:train:Epoch 87/100, Train Loss: 0.1992, Train Acc: 1.0000, Val Loss: 0.2201, Val Acc: 1.0000
INFO:train:Epoch 88/100, Train Loss: 0.1993, Train Acc: 1.0000, Val Loss: 0.2208, Val Acc: 1.0000
INFO:train:Epoch 89/100, Train Loss: 0.1992, Train Acc: 1.0000, Val Loss: 0.2214, Val Acc: 1.0000
INFO:train:Epoch 90/100, Train Loss: 0.1993, Train Acc: 1.0000, Val Loss: 0.2212, Val Acc: 1.0000
INFO:train:Epoch 91/100, Train Loss: 0.1992, Train Acc: 1.0000, Val Loss: 0.2208, Val Acc: 1.0000
INFO:train:Epoch 92/100, Train Loss: 0.1992, Train Acc: 1.0000, Val Loss: 0.2215, Val Acc: 1.0000
INFO:train:Epoch 93/100, Train Loss: 0.1992, Train Acc: 1.0000, Val Loss: 0.2211, Val Acc: 1.0000
INFO:train:Epoch 94/100, Train Loss: 0.1993, Train Acc: 1.0000, Val Loss: 0.2225, Val Acc: 1.0000
INFO:train:Epoch 95/100, Train Loss: 0.1993, Train Acc: 1.0000, Val Loss: 0.2211, Val Acc: 1.0000
INFO:train:Epoch 96/100, Train Loss: 0.1992, Train Acc: 1.0000, Val Loss: 0.2220, Val Acc: 1.0000
INFO:train:Epoch 97/100, Train Loss: 0.1992, Train Acc: 1.0000, Val Loss: 0.2207, Val Acc: 1.0000
INFO:train:Epoch 98/100, Train Loss: 0.1992, Train Acc: 1.0000, Val Loss: 0.2196, Val Acc: 1.0000
INFO:train:Epoch 99/100, Train Loss: 0.1991, Train Acc: 1.0000, Val Loss: 0.2199, Val Acc: 1.0000
INFO:train:Epoch 100/100, Train Loss: 0.1992, Train Acc: 1.0000, Val Loss: 0.2203, Val Acc: 1.0000
INFO:plot:Saving attention map to: figures/model_accuracy.png
INFO:__main__:Total time taken to train the model: 277.49s
INFO:__main__:train accuracy: 64 / 64
INFO:plot:Saving cofusion matrix map to: figures/train_confusion_matrix.png
INFO:__main__:train accuracy: 64 / 64
INFO:plot:Saving cofusion matrix map to: figures/train_confusion_matrix.png
INFO:__main__:train accuracy: 64 / 64
INFO:plot:Saving cofusion matrix map to: figures/train_confusion_matrix.png
INFO:__main__:train accuracy: 64 / 64
INFO:plot:Saving cofusion matrix map to: figures/train_confusion_matrix.png
INFO:__main__:train accuracy: 64 / 64
INFO:plot:Saving cofusion matrix map to: figures/train_confusion_matrix.png
INFO:__main__:train accuracy: 64 / 64
INFO:plot:Saving cofusion matrix map to: figures/train_confusion_matrix.png
INFO:__main__:train accuracy: 64 / 64
INFO:plot:Saving cofusion matrix map to: figures/train_confusion_matrix.png
INFO:__main__:train accuracy: 64 / 64
INFO:plot:Saving cofusion matrix map to: figures/train_confusion_matrix.png
INFO:__main__:train accuracy: 64 / 64
INFO:plot:Saving cofusion matrix map to: figures/train_confusion_matrix.png
INFO:__main__:train accuracy: 64 / 64
INFO:plot:Saving cofusion matrix map to: figures/train_confusion_matrix.png
INFO:__main__:train accuracy: 64 / 64
INFO:plot:Saving cofusion matrix map to: figures/train_confusion_matrix.png
INFO:__main__:train accuracy: 64 / 64
INFO:plot:Saving cofusion matrix map to: figures/train_confusion_matrix.png
INFO:__main__:train accuracy: 64 / 64
INFO:plot:Saving cofusion matrix map to: figures/train_confusion_matrix.png
INFO:__main__:train accuracy: 64 / 64
INFO:plot:Saving cofusion matrix map to: figures/train_confusion_matrix.png
INFO:__main__:train accuracy: 64 / 64
INFO:plot:Saving cofusion matrix map to: figures/train_confusion_matrix.png
INFO:__main__:train accuracy: 64 / 64
INFO:plot:Saving cofusion matrix map to: figures/train_confusion_matrix.png
INFO:__main__:train accuracy: 64 / 64
INFO:plot:Saving cofusion matrix map to: figures/train_confusion_matrix.png
INFO:__main__:train accuracy: 34 / 34
INFO:plot:Saving cofusion matrix map to: figures/train_confusion_matrix.png
INFO:__main__:validation accuracy: 23 / 23
INFO:plot:Saving cofusion matrix map to: figures/validation_confusion_matrix.png
INFO:__main__:test accuracy: 24 / 24
INFO:plot:Saving cofusion matrix map to: figures/test_confusion_matrix.png
INFO:plot:Saving attention map to: figures/encoder_attention_map.png
INFO:plot:Saving attention map to: figures/decoder_attention_map.png
