INFO:__main__:Reading the dataset: fish oil
INFO:__main__:Pre-training the network: Masked Spectra Modelling
INFO:pre_training:Epoch [1/100], Loss: 0.0878, Val: 0.0070
INFO:pre_training:Epoch [2/100], Loss: 0.0757, Val: 0.0065
INFO:pre_training:Epoch [3/100], Loss: 0.0689, Val: 0.0059
INFO:pre_training:Epoch [4/100], Loss: 0.0636, Val: 0.0053
INFO:pre_training:Epoch [5/100], Loss: 0.0593, Val: 0.0051
INFO:pre_training:Epoch [6/100], Loss: 0.0552, Val: 0.0046
INFO:pre_training:Epoch [7/100], Loss: 0.0522, Val: 0.0045
INFO:pre_training:Epoch [8/100], Loss: 0.0493, Val: 0.0043
INFO:pre_training:Epoch [9/100], Loss: 0.0473, Val: 0.0041
INFO:pre_training:Epoch [10/100], Loss: 0.0453, Val: 0.0040
INFO:pre_training:Epoch [11/100], Loss: 0.0434, Val: 0.0039
INFO:pre_training:Epoch [12/100], Loss: 0.0417, Val: 0.0038
INFO:pre_training:Epoch [13/100], Loss: 0.0403, Val: 0.0037
INFO:pre_training:Epoch [14/100], Loss: 0.0389, Val: 0.0036
INFO:pre_training:Epoch [15/100], Loss: 0.0377, Val: 0.0035
INFO:pre_training:Epoch [16/100], Loss: 0.0365, Val: 0.0035
INFO:pre_training:Epoch [17/100], Loss: 0.0357, Val: 0.0034
INFO:pre_training:Epoch [18/100], Loss: 0.0347, Val: 0.0034
INFO:pre_training:Epoch [19/100], Loss: 0.0337, Val: 0.0033
INFO:pre_training:Epoch [20/100], Loss: 0.0328, Val: 0.0033
INFO:pre_training:Epoch [21/100], Loss: 0.0321, Val: 0.0033
INFO:pre_training:Epoch [22/100], Loss: 0.0312, Val: 0.0033
INFO:pre_training:Epoch [23/100], Loss: 0.0306, Val: 0.0032
INFO:pre_training:Epoch [24/100], Loss: 0.0298, Val: 0.0031
INFO:pre_training:Epoch [25/100], Loss: 0.0294, Val: 0.0031
INFO:pre_training:Epoch [26/100], Loss: 0.0287, Val: 0.0031
INFO:pre_training:Epoch [27/100], Loss: 0.0281, Val: 0.0031
INFO:pre_training:Epoch [28/100], Loss: 0.0276, Val: 0.0031
INFO:pre_training:Epoch [29/100], Loss: 0.0271, Val: 0.0030
INFO:pre_training:Epoch [30/100], Loss: 0.0266, Val: 0.0029
INFO:pre_training:Epoch [31/100], Loss: 0.0260, Val: 0.0029
INFO:pre_training:Epoch [32/100], Loss: 0.0256, Val: 0.0029
INFO:pre_training:Epoch [33/100], Loss: 0.0251, Val: 0.0029
INFO:pre_training:Epoch [34/100], Loss: 0.0247, Val: 0.0029
INFO:pre_training:Epoch [35/100], Loss: 0.0243, Val: 0.0028
INFO:pre_training:Epoch [36/100], Loss: 0.0238, Val: 0.0028
INFO:pre_training:Epoch [37/100], Loss: 0.0234, Val: 0.0028
INFO:pre_training:Epoch [38/100], Loss: 0.0231, Val: 0.0028
INFO:pre_training:Epoch [39/100], Loss: 0.0227, Val: 0.0027
INFO:pre_training:Epoch [40/100], Loss: 0.0224, Val: 0.0027
INFO:pre_training:Epoch [41/100], Loss: 0.0221, Val: 0.0027
INFO:pre_training:Epoch [42/100], Loss: 0.0217, Val: 0.0027
INFO:pre_training:Epoch [43/100], Loss: 0.0214, Val: 0.0026
INFO:pre_training:Epoch [44/100], Loss: 0.0209, Val: 0.0026
INFO:pre_training:Epoch [45/100], Loss: 0.0207, Val: 0.0026
INFO:pre_training:Epoch [46/100], Loss: 0.0204, Val: 0.0026
INFO:pre_training:Epoch [47/100], Loss: 0.0201, Val: 0.0026
INFO:pre_training:Epoch [48/100], Loss: 0.0199, Val: 0.0026
INFO:pre_training:Epoch [49/100], Loss: 0.0196, Val: 0.0025
INFO:pre_training:Epoch [50/100], Loss: 0.0192, Val: 0.0025
INFO:pre_training:Epoch [51/100], Loss: 0.0190, Val: 0.0025
INFO:pre_training:Epoch [52/100], Loss: 0.0187, Val: 0.0025
INFO:pre_training:Epoch [53/100], Loss: 0.0184, Val: 0.0025
INFO:pre_training:Epoch [54/100], Loss: 0.0182, Val: 0.0024
INFO:pre_training:Epoch [55/100], Loss: 0.0179, Val: 0.0025
INFO:pre_training:Epoch [56/100], Loss: 0.0177, Val: 0.0024
INFO:pre_training:Epoch [57/100], Loss: 0.0175, Val: 0.0024
INFO:pre_training:Epoch [58/100], Loss: 0.0173, Val: 0.0025
INFO:pre_training:Epoch [59/100], Loss: 0.0170, Val: 0.0024
INFO:pre_training:Epoch [60/100], Loss: 0.0169, Val: 0.0023
INFO:pre_training:Epoch [61/100], Loss: 0.0166, Val: 0.0024
INFO:pre_training:Epoch [62/100], Loss: 0.0165, Val: 0.0023
INFO:pre_training:Epoch [63/100], Loss: 0.0162, Val: 0.0024
INFO:pre_training:Epoch [64/100], Loss: 0.0160, Val: 0.0023
INFO:pre_training:Epoch [65/100], Loss: 0.0158, Val: 0.0023
INFO:pre_training:Epoch [66/100], Loss: 0.0157, Val: 0.0023
INFO:pre_training:Epoch [67/100], Loss: 0.0155, Val: 0.0023
INFO:pre_training:Epoch [68/100], Loss: 0.0153, Val: 0.0023
INFO:pre_training:Epoch [69/100], Loss: 0.0151, Val: 0.0023
INFO:pre_training:Epoch [70/100], Loss: 0.0150, Val: 0.0022
INFO:pre_training:Epoch [71/100], Loss: 0.0148, Val: 0.0022
INFO:pre_training:Epoch [72/100], Loss: 0.0146, Val: 0.0023
INFO:pre_training:Epoch [73/100], Loss: 0.0144, Val: 0.0023
INFO:pre_training:Epoch [74/100], Loss: 0.0143, Val: 0.0022
INFO:pre_training:Epoch [75/100], Loss: 0.0141, Val: 0.0023
INFO:pre_training:Epoch [76/100], Loss: 0.0139, Val: 0.0022
INFO:pre_training:Epoch [77/100], Loss: 0.0138, Val: 0.0022
INFO:pre_training:Epoch [78/100], Loss: 0.0137, Val: 0.0022
INFO:pre_training:Epoch [79/100], Loss: 0.0135, Val: 0.0022
INFO:pre_training:Epoch [80/100], Loss: 0.0134, Val: 0.0022
INFO:pre_training:Epoch [81/100], Loss: 0.0132, Val: 0.0021
INFO:pre_training:Epoch [82/100], Loss: 0.0130, Val: 0.0022
INFO:pre_training:Epoch [83/100], Loss: 0.0129, Val: 0.0021
INFO:pre_training:Epoch [84/100], Loss: 0.0127, Val: 0.0021
INFO:pre_training:Epoch [85/100], Loss: 0.0126, Val: 0.0021
INFO:pre_training:Epoch [86/100], Loss: 0.0126, Val: 0.0021
INFO:pre_training:Epoch [87/100], Loss: 0.0124, Val: 0.0021
INFO:pre_training:Epoch [88/100], Loss: 0.0123, Val: 0.0022
INFO:pre_training:Epoch [89/100], Loss: 0.0122, Val: 0.0021
INFO:pre_training:Epoch [90/100], Loss: 0.0120, Val: 0.0021
INFO:pre_training:Epoch [91/100], Loss: 0.0119, Val: 0.0021
INFO:pre_training:Epoch [92/100], Loss: 0.0118, Val: 0.0021
INFO:pre_training:Epoch [93/100], Loss: 0.0117, Val: 0.0021
INFO:pre_training:Epoch [94/100], Loss: 0.0116, Val: 0.0021
INFO:pre_training:Epoch [95/100], Loss: 0.0115, Val: 0.0020
INFO:pre_training:Epoch [96/100], Loss: 0.0113, Val: 0.0020
INFO:pre_training:Epoch [97/100], Loss: 0.0113, Val: 0.0020
INFO:pre_training:Epoch [98/100], Loss: 0.0111, Val: 0.0021
INFO:pre_training:Epoch [99/100], Loss: 0.0110, Val: 0.0020
INFO:pre_training:Epoch [100/100], Loss: 0.0109, Val: 0.0020
INFO:__main__:Total time taken to pre-train the model: 152.43s
INFO:__main__:Pre-training the network: Nex Spectra Prediction
INFO:pre_training:Epoch 1, Average Loss: 0.5516 Validation: 0.3846
INFO:pre_training:Epoch 2, Average Loss: 0.5304 Validation: 0.3710
INFO:pre_training:Epoch 3, Average Loss: 0.5286 Validation: 0.3756
INFO:pre_training:Epoch 4, Average Loss: 0.5232 Validation: 0.3483
INFO:pre_training:Epoch 5, Average Loss: 0.5246 Validation: 0.3286
INFO:pre_training:Epoch 6, Average Loss: 0.5183 Validation: 0.3268
INFO:pre_training:Epoch 7, Average Loss: 0.5231 Validation: 0.3184
INFO:pre_training:Epoch 8, Average Loss: 0.5153 Validation: 0.3308
INFO:pre_training:Epoch 9, Average Loss: 0.5115 Validation: 0.3310
INFO:pre_training:Epoch 10, Average Loss: 0.5166 Validation: 0.3135
INFO:pre_training:Epoch 11, Average Loss: 0.5128 Validation: 0.3105
INFO:pre_training:Epoch 12, Average Loss: 0.5116 Validation: 0.3344
INFO:pre_training:Epoch 13, Average Loss: 0.5144 Validation: 0.3041
INFO:pre_training:Epoch 14, Average Loss: 0.5120 Validation: 0.3049
INFO:pre_training:Epoch 15, Average Loss: 0.5096 Validation: 0.2989
INFO:pre_training:Epoch 16, Average Loss: 0.5137 Validation: 0.3043
INFO:pre_training:Epoch 17, Average Loss: 0.5114 Validation: 0.3045
INFO:pre_training:Epoch 18, Average Loss: 0.5070 Validation: 0.3114
INFO:pre_training:Epoch 19, Average Loss: 0.5125 Validation: 0.3045
INFO:pre_training:Epoch 20, Average Loss: 0.5062 Validation: 0.3132
INFO:pre_training:Epoch 21, Average Loss: 0.5103 Validation: 0.3045
INFO:pre_training:Epoch 22, Average Loss: 0.5092 Validation: 0.3082
INFO:pre_training:Epoch 23, Average Loss: 0.5112 Validation: 0.3092
INFO:pre_training:Epoch 24, Average Loss: 0.5091 Validation: 0.3070
INFO:pre_training:Epoch 25, Average Loss: 0.5108 Validation: 0.3055
INFO:pre_training:Epoch 26, Average Loss: 0.5053 Validation: 0.3090
INFO:pre_training:Epoch 27, Average Loss: 0.5094 Validation: 0.3049
INFO:pre_training:Epoch 28, Average Loss: 0.5068 Validation: 0.2984
INFO:pre_training:Epoch 29, Average Loss: 0.5046 Validation: 0.3046
INFO:pre_training:Epoch 30, Average Loss: 0.5038 Validation: 0.3037
INFO:pre_training:Epoch 31, Average Loss: 0.5020 Validation: 0.3089
INFO:pre_training:Epoch 32, Average Loss: 0.5016 Validation: 0.3258
INFO:pre_training:Epoch 33, Average Loss: 0.5070 Validation: 0.3149
INFO:pre_training:Epoch 34, Average Loss: 0.5088 Validation: 0.3064
INFO:pre_training:Epoch 35, Average Loss: 0.5022 Validation: 0.3093
INFO:pre_training:Epoch 36, Average Loss: 0.5043 Validation: 0.3048
INFO:pre_training:Epoch 37, Average Loss: 0.5026 Validation: 0.3125
INFO:pre_training:Epoch 38, Average Loss: 0.5042 Validation: 0.3135
INFO:pre_training:Epoch 39, Average Loss: 0.5052 Validation: 0.3045
INFO:pre_training:Epoch 40, Average Loss: 0.5042 Validation: 0.3014
INFO:pre_training:Epoch 41, Average Loss: 0.5035 Validation: 0.3143
INFO:pre_training:Epoch 42, Average Loss: 0.4993 Validation: 0.3017
INFO:pre_training:Epoch 43, Average Loss: 0.5025 Validation: 0.3022
INFO:pre_training:Epoch 44, Average Loss: 0.5017 Validation: 0.3047
INFO:pre_training:Epoch 45, Average Loss: 0.5042 Validation: 0.3058
INFO:pre_training:Epoch 46, Average Loss: 0.5024 Validation: 0.3081
INFO:pre_training:Epoch 47, Average Loss: 0.5038 Validation: 0.3079
INFO:pre_training:Epoch 48, Average Loss: 0.5022 Validation: 0.3041
INFO:pre_training:Epoch 49, Average Loss: 0.5005 Validation: 0.3099
INFO:pre_training:Epoch 50, Average Loss: 0.5034 Validation: 0.3103
INFO:pre_training:Epoch 51, Average Loss: 0.4979 Validation: 0.3107
INFO:pre_training:Epoch 52, Average Loss: 0.5013 Validation: 0.3089
INFO:pre_training:Epoch 53, Average Loss: 0.5002 Validation: 0.3090
INFO:pre_training:Epoch 54, Average Loss: 0.5006 Validation: 0.3107
INFO:pre_training:Epoch 55, Average Loss: 0.5011 Validation: 0.3061
INFO:pre_training:Epoch 56, Average Loss: 0.4981 Validation: 0.3118
INFO:pre_training:Epoch 57, Average Loss: 0.4979 Validation: 0.3063
INFO:pre_training:Epoch 58, Average Loss: 0.4989 Validation: 0.3123
INFO:pre_training:Epoch 59, Average Loss: 0.4991 Validation: 0.3078
INFO:pre_training:Epoch 60, Average Loss: 0.5012 Validation: 0.3080
INFO:pre_training:Epoch 61, Average Loss: 0.5016 Validation: 0.3074
INFO:pre_training:Epoch 62, Average Loss: 0.4976 Validation: 0.3141
INFO:pre_training:Epoch 63, Average Loss: 0.4944 Validation: 0.3109
INFO:pre_training:Epoch 64, Average Loss: 0.4982 Validation: 0.3062
INFO:pre_training:Epoch 65, Average Loss: 0.4984 Validation: 0.3126
INFO:pre_training:Epoch 66, Average Loss: 0.5001 Validation: 0.3052
INFO:pre_training:Epoch 67, Average Loss: 0.4985 Validation: 0.3061
INFO:pre_training:Epoch 68, Average Loss: 0.4993 Validation: 0.3091
INFO:pre_training:Epoch 69, Average Loss: 0.4989 Validation: 0.3149
INFO:pre_training:Epoch 70, Average Loss: 0.4998 Validation: 0.3168
INFO:pre_training:Epoch 71, Average Loss: 0.4977 Validation: 0.3068
INFO:pre_training:Epoch 72, Average Loss: 0.4963 Validation: 0.3075
INFO:pre_training:Epoch 73, Average Loss: 0.4995 Validation: 0.3171
INFO:pre_training:Epoch 74, Average Loss: 0.4970 Validation: 0.3106
INFO:pre_training:Epoch 75, Average Loss: 0.4943 Validation: 0.3124
INFO:pre_training:Epoch 76, Average Loss: 0.4975 Validation: 0.3176
INFO:pre_training:Epoch 77, Average Loss: 0.4969 Validation: 0.3141
INFO:pre_training:Epoch 78, Average Loss: 0.4946 Validation: 0.3151
INFO:pre_training:Epoch 79, Average Loss: 0.4977 Validation: 0.3169
INFO:pre_training:Epoch 80, Average Loss: 0.4940 Validation: 0.3125
INFO:pre_training:Epoch 81, Average Loss: 0.4940 Validation: 0.3117
INFO:pre_training:Epoch 82, Average Loss: 0.4952 Validation: 0.3174
INFO:pre_training:Epoch 83, Average Loss: 0.4985 Validation: 0.3169
INFO:pre_training:Epoch 84, Average Loss: 0.4946 Validation: 0.3130
INFO:pre_training:Epoch 85, Average Loss: 0.4969 Validation: 0.3136
INFO:pre_training:Epoch 86, Average Loss: 0.4964 Validation: 0.3171
INFO:pre_training:Epoch 87, Average Loss: 0.4976 Validation: 0.3175
INFO:pre_training:Epoch 88, Average Loss: 0.4943 Validation: 0.3170
INFO:pre_training:Epoch 89, Average Loss: 0.4972 Validation: 0.3123
INFO:pre_training:Epoch 90, Average Loss: 0.4948 Validation: 0.3163
INFO:pre_training:Epoch 91, Average Loss: 0.4937 Validation: 0.3148
INFO:pre_training:Epoch 92, Average Loss: 0.4957 Validation: 0.3186
INFO:pre_training:Epoch 93, Average Loss: 0.4950 Validation: 0.3164
INFO:pre_training:Epoch 94, Average Loss: 0.4960 Validation: 0.3191
INFO:pre_training:Epoch 95, Average Loss: 0.4977 Validation: 0.3250
INFO:pre_training:Epoch 96, Average Loss: 0.4943 Validation: 0.3211
INFO:pre_training:Epoch 97, Average Loss: 0.4950 Validation: 0.3261
INFO:pre_training:Epoch 98, Average Loss: 0.4958 Validation: 0.3197
INFO:pre_training:Epoch 99, Average Loss: 0.4961 Validation: 0.3211
INFO:pre_training:Epoch 100, Average Loss: 0.4950 Validation: 0.3216
INFO:__main__:Total time taken to pre-train the model: 3296.98s
INFO:__main__:Training the network
INFO:train:Epoch 1/100, Train Loss: 0.6991, Train Acc: 0.5811, Val Loss: 0.6731, Val Acc: 0.5652
INFO:train:Epoch 2/100, Train Loss: 0.6213, Train Acc: 0.6480, Val Loss: 0.6222, Val Acc: 0.6957
INFO:train:Epoch 3/100, Train Loss: 0.5708, Train Acc: 0.7522, Val Loss: 0.5704, Val Acc: 0.7826
INFO:train:Epoch 4/100, Train Loss: 0.4916, Train Acc: 0.8422, Val Loss: 0.5314, Val Acc: 0.7826
INFO:train:Epoch 5/100, Train Loss: 0.4051, Train Acc: 0.8859, Val Loss: 0.5256, Val Acc: 0.7391
INFO:train:Epoch 6/100, Train Loss: 0.3400, Train Acc: 0.9162, Val Loss: 0.4783, Val Acc: 0.8261
INFO:train:Epoch 7/100, Train Loss: 0.2879, Train Acc: 0.9599, Val Loss: 0.4708, Val Acc: 0.8696
INFO:train:Epoch 8/100, Train Loss: 0.2642, Train Acc: 0.9777, Val Loss: 0.4506, Val Acc: 0.8696
INFO:train:Epoch 9/100, Train Loss: 0.2473, Train Acc: 0.9840, Val Loss: 0.4196, Val Acc: 0.9130
INFO:train:Epoch 10/100, Train Loss: 0.2333, Train Acc: 0.9938, Val Loss: 0.4181, Val Acc: 0.9130
INFO:train:Epoch 11/100, Train Loss: 0.2245, Train Acc: 0.9955, Val Loss: 0.4217, Val Acc: 0.9130
INFO:train:Epoch 12/100, Train Loss: 0.2176, Train Acc: 0.9991, Val Loss: 0.4273, Val Acc: 0.9130
INFO:train:Epoch 13/100, Train Loss: 0.2127, Train Acc: 1.0000, Val Loss: 0.4372, Val Acc: 0.9130
INFO:train:Epoch 14/100, Train Loss: 0.2104, Train Acc: 1.0000, Val Loss: 0.4125, Val Acc: 0.9130
INFO:train:Epoch 15/100, Train Loss: 0.2086, Train Acc: 1.0000, Val Loss: 0.4216, Val Acc: 0.9130
INFO:train:Epoch 16/100, Train Loss: 0.2061, Train Acc: 1.0000, Val Loss: 0.4062, Val Acc: 0.9130
INFO:train:Epoch 17/100, Train Loss: 0.2046, Train Acc: 1.0000, Val Loss: 0.3919, Val Acc: 0.9130
INFO:train:Epoch 18/100, Train Loss: 0.2032, Train Acc: 1.0000, Val Loss: 0.3952, Val Acc: 0.9130
INFO:train:Epoch 19/100, Train Loss: 0.2025, Train Acc: 1.0000, Val Loss: 0.3835, Val Acc: 0.9130
INFO:train:Epoch 20/100, Train Loss: 0.2023, Train Acc: 1.0000, Val Loss: 0.3853, Val Acc: 0.9130
INFO:train:Epoch 21/100, Train Loss: 0.2018, Train Acc: 1.0000, Val Loss: 0.3732, Val Acc: 0.9565
INFO:train:Epoch 22/100, Train Loss: 0.2014, Train Acc: 1.0000, Val Loss: 0.3747, Val Acc: 0.9565
INFO:train:Epoch 23/100, Train Loss: 0.2009, Train Acc: 1.0000, Val Loss: 0.3733, Val Acc: 0.9565
INFO:train:Epoch 24/100, Train Loss: 0.2006, Train Acc: 1.0000, Val Loss: 0.3676, Val Acc: 0.9565
INFO:train:Epoch 25/100, Train Loss: 0.2007, Train Acc: 1.0000, Val Loss: 0.3665, Val Acc: 0.9565
INFO:train:Epoch 26/100, Train Loss: 0.2005, Train Acc: 1.0000, Val Loss: 0.3656, Val Acc: 0.9565
INFO:train:Epoch 27/100, Train Loss: 0.2005, Train Acc: 1.0000, Val Loss: 0.3640, Val Acc: 0.9565
INFO:train:Epoch 28/100, Train Loss: 0.2003, Train Acc: 1.0000, Val Loss: 0.3655, Val Acc: 0.9565
INFO:train:Epoch 29/100, Train Loss: 0.2002, Train Acc: 1.0000, Val Loss: 0.3626, Val Acc: 0.9565
INFO:train:Epoch 30/100, Train Loss: 0.2002, Train Acc: 1.0000, Val Loss: 0.3631, Val Acc: 0.9565
INFO:train:Epoch 31/100, Train Loss: 0.2000, Train Acc: 1.0000, Val Loss: 0.3631, Val Acc: 0.9565
INFO:train:Epoch 32/100, Train Loss: 0.1999, Train Acc: 1.0000, Val Loss: 0.3598, Val Acc: 0.9565
INFO:train:Epoch 33/100, Train Loss: 0.2000, Train Acc: 1.0000, Val Loss: 0.3608, Val Acc: 0.9565
INFO:train:Epoch 34/100, Train Loss: 0.2000, Train Acc: 1.0000, Val Loss: 0.3607, Val Acc: 0.9565
INFO:train:Epoch 35/100, Train Loss: 0.1999, Train Acc: 1.0000, Val Loss: 0.3622, Val Acc: 0.9565
INFO:train:Epoch 36/100, Train Loss: 0.1998, Train Acc: 1.0000, Val Loss: 0.3599, Val Acc: 0.9565
INFO:train:Epoch 37/100, Train Loss: 0.1999, Train Acc: 1.0000, Val Loss: 0.3589, Val Acc: 0.9565
INFO:train:Epoch 38/100, Train Loss: 0.1999, Train Acc: 1.0000, Val Loss: 0.3554, Val Acc: 0.9565
INFO:train:Epoch 39/100, Train Loss: 0.1997, Train Acc: 1.0000, Val Loss: 0.3541, Val Acc: 0.9565
INFO:train:Epoch 40/100, Train Loss: 0.1997, Train Acc: 1.0000, Val Loss: 0.3550, Val Acc: 0.9565
INFO:train:Epoch 41/100, Train Loss: 0.1997, Train Acc: 1.0000, Val Loss: 0.3534, Val Acc: 0.9565
INFO:train:Epoch 42/100, Train Loss: 0.1997, Train Acc: 1.0000, Val Loss: 0.3555, Val Acc: 0.9565
INFO:train:Epoch 43/100, Train Loss: 0.1996, Train Acc: 1.0000, Val Loss: 0.3539, Val Acc: 0.9565
INFO:train:Epoch 44/100, Train Loss: 0.1997, Train Acc: 1.0000, Val Loss: 0.3566, Val Acc: 0.9565
INFO:train:Epoch 45/100, Train Loss: 0.1995, Train Acc: 1.0000, Val Loss: 0.3539, Val Acc: 0.9565
INFO:train:Epoch 46/100, Train Loss: 0.1997, Train Acc: 1.0000, Val Loss: 0.3526, Val Acc: 0.9565
INFO:train:Epoch 47/100, Train Loss: 0.1996, Train Acc: 1.0000, Val Loss: 0.3534, Val Acc: 0.9565
INFO:train:Epoch 48/100, Train Loss: 0.1995, Train Acc: 1.0000, Val Loss: 0.3519, Val Acc: 0.9565
INFO:train:Epoch 49/100, Train Loss: 0.1996, Train Acc: 1.0000, Val Loss: 0.3525, Val Acc: 0.9565
INFO:train:Epoch 50/100, Train Loss: 0.1995, Train Acc: 1.0000, Val Loss: 0.3525, Val Acc: 0.9565
INFO:train:Epoch 51/100, Train Loss: 0.1995, Train Acc: 1.0000, Val Loss: 0.3525, Val Acc: 0.9565
INFO:train:Epoch 52/100, Train Loss: 0.1996, Train Acc: 1.0000, Val Loss: 0.3512, Val Acc: 0.9565
INFO:train:Epoch 53/100, Train Loss: 0.1994, Train Acc: 1.0000, Val Loss: 0.3510, Val Acc: 0.9565
INFO:train:Epoch 54/100, Train Loss: 0.1995, Train Acc: 1.0000, Val Loss: 0.3478, Val Acc: 0.9565
INFO:train:Epoch 55/100, Train Loss: 0.1994, Train Acc: 1.0000, Val Loss: 0.3488, Val Acc: 0.9565
INFO:train:Epoch 56/100, Train Loss: 0.1994, Train Acc: 1.0000, Val Loss: 0.3480, Val Acc: 0.9565
INFO:train:Epoch 57/100, Train Loss: 0.1994, Train Acc: 1.0000, Val Loss: 0.3471, Val Acc: 0.9565
INFO:train:Epoch 58/100, Train Loss: 0.1994, Train Acc: 1.0000, Val Loss: 0.3480, Val Acc: 0.9565
INFO:train:Epoch 59/100, Train Loss: 0.1993, Train Acc: 1.0000, Val Loss: 0.3468, Val Acc: 0.9565
INFO:train:Epoch 60/100, Train Loss: 0.1993, Train Acc: 1.0000, Val Loss: 0.3467, Val Acc: 0.9565
INFO:train:Epoch 61/100, Train Loss: 0.1994, Train Acc: 1.0000, Val Loss: 0.3485, Val Acc: 0.9565
INFO:train:Epoch 62/100, Train Loss: 0.1993, Train Acc: 1.0000, Val Loss: 0.3477, Val Acc: 0.9565
INFO:train:Epoch 63/100, Train Loss: 0.1993, Train Acc: 1.0000, Val Loss: 0.3463, Val Acc: 0.9565
INFO:train:Epoch 64/100, Train Loss: 0.1993, Train Acc: 1.0000, Val Loss: 0.3458, Val Acc: 0.9565
INFO:train:Epoch 65/100, Train Loss: 0.1993, Train Acc: 1.0000, Val Loss: 0.3455, Val Acc: 0.9565
INFO:train:Epoch 66/100, Train Loss: 0.1993, Train Acc: 1.0000, Val Loss: 0.3456, Val Acc: 0.9565
INFO:train:Epoch 67/100, Train Loss: 0.1992, Train Acc: 1.0000, Val Loss: 0.3460, Val Acc: 0.9565
INFO:train:Epoch 68/100, Train Loss: 0.1993, Train Acc: 1.0000, Val Loss: 0.3442, Val Acc: 0.9565
INFO:train:Epoch 69/100, Train Loss: 0.1993, Train Acc: 1.0000, Val Loss: 0.3453, Val Acc: 0.9565
INFO:train:Epoch 70/100, Train Loss: 0.1992, Train Acc: 1.0000, Val Loss: 0.3470, Val Acc: 0.9565
INFO:train:Epoch 71/100, Train Loss: 0.1992, Train Acc: 1.0000, Val Loss: 0.3457, Val Acc: 0.9565
INFO:train:Epoch 72/100, Train Loss: 0.1993, Train Acc: 1.0000, Val Loss: 0.3454, Val Acc: 0.9565
INFO:train:Epoch 73/100, Train Loss: 0.1992, Train Acc: 1.0000, Val Loss: 0.3454, Val Acc: 0.9565
INFO:train:Epoch 74/100, Train Loss: 0.1993, Train Acc: 1.0000, Val Loss: 0.3453, Val Acc: 0.9565
INFO:train:Epoch 75/100, Train Loss: 0.1991, Train Acc: 1.0000, Val Loss: 0.3447, Val Acc: 0.9565
INFO:train:Epoch 76/100, Train Loss: 0.1992, Train Acc: 1.0000, Val Loss: 0.3439, Val Acc: 0.9565
INFO:train:Epoch 77/100, Train Loss: 0.1991, Train Acc: 1.0000, Val Loss: 0.3429, Val Acc: 0.9565
INFO:train:Epoch 78/100, Train Loss: 0.1992, Train Acc: 1.0000, Val Loss: 0.3430, Val Acc: 0.9565
INFO:train:Epoch 79/100, Train Loss: 0.1999, Train Acc: 1.0000, Val Loss: 0.3370, Val Acc: 0.9565
INFO:train:Epoch 80/100, Train Loss: 0.2058, Train Acc: 0.9964, Val Loss: 0.3664, Val Acc: 0.9565
INFO:train:Epoch 81/100, Train Loss: 0.2080, Train Acc: 0.9947, Val Loss: 0.3732, Val Acc: 0.9565
INFO:train:Epoch 82/100, Train Loss: 0.2168, Train Acc: 0.9929, Val Loss: 0.3698, Val Acc: 0.9565
INFO:train:Epoch 83/100, Train Loss: 0.2021, Train Acc: 1.0000, Val Loss: 0.3421, Val Acc: 0.9565
INFO:train:Epoch 84/100, Train Loss: 0.2024, Train Acc: 0.9991, Val Loss: 0.3294, Val Acc: 0.9565
INFO:train:Epoch 85/100, Train Loss: 0.2004, Train Acc: 0.9991, Val Loss: 0.4333, Val Acc: 0.9130
INFO:train:Epoch 86/100, Train Loss: 0.1995, Train Acc: 1.0000, Val Loss: 0.3421, Val Acc: 0.9565
INFO:train:Epoch 87/100, Train Loss: 0.1994, Train Acc: 1.0000, Val Loss: 0.3369, Val Acc: 0.9565
INFO:train:Epoch 88/100, Train Loss: 0.1993, Train Acc: 1.0000, Val Loss: 0.3355, Val Acc: 0.9565
INFO:train:Epoch 89/100, Train Loss: 0.1992, Train Acc: 1.0000, Val Loss: 0.3332, Val Acc: 0.9565
INFO:train:Epoch 90/100, Train Loss: 0.1992, Train Acc: 1.0000, Val Loss: 0.3330, Val Acc: 0.9565
INFO:train:Epoch 91/100, Train Loss: 0.1992, Train Acc: 1.0000, Val Loss: 0.3338, Val Acc: 0.9565
INFO:train:Epoch 92/100, Train Loss: 0.1992, Train Acc: 1.0000, Val Loss: 0.3338, Val Acc: 0.9565
INFO:train:Epoch 93/100, Train Loss: 0.1992, Train Acc: 1.0000, Val Loss: 0.3353, Val Acc: 0.9565
INFO:train:Epoch 94/100, Train Loss: 0.1991, Train Acc: 1.0000, Val Loss: 0.3354, Val Acc: 0.9565
INFO:train:Epoch 95/100, Train Loss: 0.1991, Train Acc: 1.0000, Val Loss: 0.3343, Val Acc: 0.9565
INFO:train:Epoch 96/100, Train Loss: 0.1992, Train Acc: 1.0000, Val Loss: 0.3332, Val Acc: 0.9565
INFO:train:Epoch 97/100, Train Loss: 0.1991, Train Acc: 1.0000, Val Loss: 0.3321, Val Acc: 0.9565
INFO:train:Epoch 98/100, Train Loss: 0.1992, Train Acc: 1.0000, Val Loss: 0.3337, Val Acc: 0.9565
INFO:train:Epoch 99/100, Train Loss: 0.1991, Train Acc: 1.0000, Val Loss: 0.3331, Val Acc: 0.9565
INFO:train:Epoch 100/100, Train Loss: 0.1991, Train Acc: 1.0000, Val Loss: 0.3337, Val Acc: 0.9565
INFO:plot:Saving attention map to: figures/model_accuracy.png
INFO:__main__:Total time taken to train the model: 184.84s
INFO:__main__:train got 64 / 64 correct, accuracy: 1.0
INFO:plot:Saving cofusion matrix map to: figures/train_confusion_matrix.png
INFO:__main__:train got 64 / 64 correct, accuracy: 1.0
INFO:plot:Saving cofusion matrix map to: figures/train_confusion_matrix.png
INFO:__main__:train got 64 / 64 correct, accuracy: 1.0
INFO:plot:Saving cofusion matrix map to: figures/train_confusion_matrix.png
INFO:__main__:train got 64 / 64 correct, accuracy: 1.0
INFO:plot:Saving cofusion matrix map to: figures/train_confusion_matrix.png
INFO:__main__:train got 64 / 64 correct, accuracy: 1.0
INFO:plot:Saving cofusion matrix map to: figures/train_confusion_matrix.png
INFO:__main__:train got 64 / 64 correct, accuracy: 1.0
INFO:plot:Saving cofusion matrix map to: figures/train_confusion_matrix.png
INFO:__main__:train got 64 / 64 correct, accuracy: 1.0
INFO:plot:Saving cofusion matrix map to: figures/train_confusion_matrix.png
INFO:__main__:train got 64 / 64 correct, accuracy: 1.0
INFO:plot:Saving cofusion matrix map to: figures/train_confusion_matrix.png
INFO:__main__:train got 64 / 64 correct, accuracy: 1.0
INFO:plot:Saving cofusion matrix map to: figures/train_confusion_matrix.png
INFO:__main__:train got 64 / 64 correct, accuracy: 1.0
INFO:plot:Saving cofusion matrix map to: figures/train_confusion_matrix.png
INFO:__main__:train got 64 / 64 correct, accuracy: 1.0
INFO:plot:Saving cofusion matrix map to: figures/train_confusion_matrix.png
INFO:__main__:train got 64 / 64 correct, accuracy: 1.0
INFO:plot:Saving cofusion matrix map to: figures/train_confusion_matrix.png
INFO:__main__:train got 64 / 64 correct, accuracy: 1.0
INFO:plot:Saving cofusion matrix map to: figures/train_confusion_matrix.png
INFO:__main__:train got 64 / 64 correct, accuracy: 1.0
INFO:plot:Saving cofusion matrix map to: figures/train_confusion_matrix.png
INFO:__main__:train got 64 / 64 correct, accuracy: 1.0
INFO:plot:Saving cofusion matrix map to: figures/train_confusion_matrix.png
INFO:__main__:train got 64 / 64 correct, accuracy: 1.0
INFO:plot:Saving cofusion matrix map to: figures/train_confusion_matrix.png
INFO:__main__:train got 64 / 64 correct, accuracy: 1.0
INFO:plot:Saving cofusion matrix map to: figures/train_confusion_matrix.png
INFO:__main__:train got 34 / 34 correct, accuracy: 1.0
INFO:plot:Saving cofusion matrix map to: figures/train_confusion_matrix.png
INFO:__main__:validation got 22 / 23 correct, accuracy: 0.9565217391304348
INFO:plot:Saving cofusion matrix map to: figures/validation_confusion_matrix.png
INFO:__main__:test got 19 / 24 correct, accuracy: 0.7916666666666666
INFO:plot:Saving cofusion matrix map to: figures/test_confusion_matrix.png
INFO:plot:Saving attention map to: figures/encoder_attention_map.png
INFO:plot:Saving attention map to: figures/decoder_attention_map.png
