INFO:data:Reading dataset fish: part
INFO:data:Class Counts: [6 6 3 6 6 3], Class Ratios: [0.2 0.2 0.1 0.2 0.2 0.1]
INFO:data:Number of features: 1023
Number of instances: 30
Number of classes 6.
INFO:__main__:No model found. Train from scratch.
INFO:gp:   	      	                             fitness                             	                      size                     
   	      	-----------------------------------------------------------------	-----------------------------------------------
gen	nevals	avg     	gen	max     	min    	nevals	std      	avg    	gen	max	min	nevals	std    
0  	3069  	0.236491	0  	0.568094	0.10058	3069  	0.0745159	5.68296	0  	7  	3  	3069  	1.61135
INFO:gp:1  	2304  	0.32841 	1  	0.644116	0.104634	2304  	0.0677378	5.69827	1  	13 	3  	2304  	1.74979
INFO:gp:2  	2269  	0.39177 	2  	0.670961	0.105807	2269  	0.0691033	5.74552	2  	13 	3  	2269  	1.80819
INFO:gp:3  	2287  	0.442096	3  	0.671015	0.136195	2287  	0.073449 	5.65624	3  	15 	3  	2287  	1.96187
INFO:gp:4  	2334  	0.485223	4  	0.692043	0.129752	2334  	0.0788412	5.63767	4  	15 	3  	2334  	2.0658 
INFO:gp:5  	2317  	0.523621	5  	0.712043	0.170589	2317  	0.080678 	5.83773	5  	17 	3  	2317  	2.15187
INFO:gp:6  	2321  	0.557098	6  	0.712043	0.172816	2321  	0.079828 	5.91561	6  	15 	3  	2321  	2.25855
INFO:gp:7  	2295  	0.583543	7  	0.744312	0.125553	2295  	0.0819741	5.94819	7  	17 	3  	2295  	2.30621
INFO:gp:8  	2327  	0.606724	8  	0.744312	0.177676	2327  	0.0803647	5.94102	8  	16 	3  	2327  	2.23237
INFO:gp:9  	2320  	0.6209  	9  	0.760881	0.202979	2320  	0.083055 	5.85891	9  	16 	3  	2320  	2.13673
INFO:gp:10 	2356  	0.638124	10 	0.767738	0.248661	2356  	0.0810204	5.86217	10 	18 	3  	2356  	2.25448
INFO:gp:11 	2283  	0.657617	11 	0.769349	0.281729	2283  	0.0842209	5.50798	11 	15 	3  	2283  	2.12397
INFO:gp:12 	2305  	0.687789	12 	0.790424	0.323853	2305  	0.07534  	4.94852	12 	15 	3  	2305  	1.76401
INFO:gp:13 	2339  	0.706265	13 	0.792595	0.3505  	2339  	0.0711146	4.7364 	13 	14 	3  	2339  	1.6447 
INFO:gp:14 	2340  	0.716204	14 	0.793397	0.294033	2340  	0.0712817	5.03486	14 	16 	3  	2340  	1.81781
INFO:gp:15 	2369  	0.723584	15 	0.814012	0.357263	2369  	0.0712142	5.29554	15 	18 	3  	2369  	2.23956
INFO:gp:16 	2265  	0.736736	16 	0.814311	0.394784	2265  	0.0718822	6.31509	16 	20 	3  	2265  	3.03312
INFO:gp:17 	2347  	0.749779	17 	0.830922	0.376976	2347  	0.0687753	7.49984	17 	20 	3  	2347  	3.40611
INFO:gp:18 	2302  	0.754814	18 	0.830922	0.409732	2302  	0.0675578	7.03193	18 	24 	3  	2302  	3.36896
INFO:gp:19 	2327  	0.753865	19 	0.851492	0.350113	2327  	0.0719691	5.88074	19 	20 	3  	2327  	2.76118
INFO:gp:20 	2315  	0.759209	20 	0.852579	0.371076	2315  	0.0730081	6.26458	20 	21 	3  	2315  	2.93756
INFO:gp:21 	2282  	0.764577	21 	0.852579	0.404485	2282  	0.0762242	7.39361	21 	25 	3  	2282  	3.47042
INFO:gp:22 	2280  	0.767578	22 	0.853185	0.355305	2280  	0.0785131	7.32845	22 	23 	3  	2280  	3.56437
INFO:gp:23 	2347  	0.76792 	23 	0.85418 	0.368406	2347  	0.0822979	6.5321 	23 	33 	3  	2347  	3.22917
INFO:gp:24 	2319  	0.773879	24 	0.874776	0.382434	2319  	0.0870624	5.66667	24 	21 	3  	2319  	1.96648
INFO:gp:25 	2319  	0.786381	25 	0.874776	0.394778	2319  	0.083897 	5.38416	25 	14 	3  	2319  	1.09623
INFO:gp:26 	2296  	0.797311	26 	0.875726	0.407085	2296  	0.0832903	5.36266	26 	13 	3  	2296  	1.01718
INFO:gp:27 	2329  	0.795912	27 	0.875726	0.39811 	2329  	0.0861145	5.3594 	27 	12 	3  	2329  	0.947047
INFO:gp:28 	2348  	0.803491	28 	0.875726	0.282529	2348  	0.0876035	5.39883	28 	12 	3  	2348  	1.02109 
INFO:gp:29 	2296  	0.812437	29 	0.908268	0.319473	2296  	0.0892932	5.40502	29 	14 	4  	2296  	0.99421 
INFO:gp:30 	2305  	0.815931	30 	0.908365	0.371816	2305  	0.0899689	5.41512	30 	12 	4  	2305  	0.985912
INFO:gp:31 	2337  	0.818604	31 	0.908365	0.380152	2337  	0.0904055	5.37537	31 	12 	3  	2337  	0.958163
INFO:gp:32 	2355  	0.818281	32 	0.908365	0.384973	2355  	0.0927935	5.33464	32 	11 	3  	2355  	0.975645
INFO:gp:33 	2325  	0.822499	33 	0.908844	0.431037	2325  	0.0933399	5.34963	33 	12 	4  	2325  	1.00631 
INFO:gp:34 	2350  	0.831253	34 	0.909217	0.352727	2350  	0.0948745	5.4275 	34 	15 	4  	2350  	1.11085 
INFO:gp:35 	2337  	0.843138	35 	0.909217	0.416045	2337  	0.0962295	5.27794	35 	11 	3  	2337  	0.929569
INFO:gp:36 	2295  	0.848456	36 	0.909217	0.390023	2295  	0.0929489	5.36266	36 	13 	4  	2295  	1.02134 
INFO:gp:37 	2346  	0.843093	37 	0.909453	0.377646	2346  	0.0951363	5.50603	37 	14 	3  	2346  	1.18494 
INFO:gp:38 	2342  	0.844377	38 	0.909576	0.379508	2342  	0.0949513	5.79114	38 	14 	4  	2342  	1.44172 
INFO:gp:39 	2308  	0.837684	39 	0.909577	0.410402	2308  	0.101097 	6.05865	39 	17 	4  	2308  	1.59355 
INFO:gp:40 	2320  	0.842918	40 	0.90964 	0.363898	2320  	0.0992406	6.04562	40 	14 	4  	2320  	1.52396 
INFO:gp:41 	2275  	0.842367	41 	0.909873	0.326816	2275  	0.0991302	6.25676	41 	14 	4  	2275  	1.60377 
INFO:gp:42 	2328  	0.844367	42 	0.909943	0.352226	2328  	0.0959812	6.57836	42 	16 	4  	2328  	1.71365 
INFO:gp:43 	2304  	0.840379	43 	0.909943	0.400129	2304  	0.0985227	6.6797 	43 	15 	4  	2304  	1.72008 
INFO:gp:44 	2316  	0.840378	44 	0.909944	0.384082	2316  	0.0949736	6.7768 	44 	15 	4  	2316  	1.75291 
INFO:gp:45 	2297  	0.841568	45 	0.910607	0.358245	2297  	0.0944915	7.01108	45 	15 	4  	2297  	1.7662  
INFO:gp:46 	2326  	0.840447	46 	0.910607	0.338704	2326  	0.0955829	7.20528	46 	16 	4  	2326  	1.71196 
INFO:gp:47 	2305  	0.842406	47 	0.910607	0.312544	2305  	0.0964062	7.31248	47 	15 	4  	2305  	1.69404 
INFO:gp:48 	2299  	0.844184	48 	0.910607	0.356781	2299  	0.0930674	7.58521	48 	16 	5  	2299  	1.73881 
INFO:gp:49 	2316  	0.840275	49 	0.910678	0.428574	2316  	0.095529 	7.78234	49 	19 	5  	2316  	1.92872 
INFO:gp:50 	2316  	0.837439	50 	0.910678	0.333722	2316  	0.0982215	7.7188 	50 	19 	5  	2316  	2.01722 
INFO:gp:51 	2279  	0.841115	51 	0.910943	0.232958	2279  	0.09781  	7.43304	51 	17 	5  	2279  	1.92947 
INFO:gp:52 	2346  	0.842488	52 	0.910943	0.405928	2346  	0.0923947	7.05539	52 	17 	4  	2346  	1.95173 
INFO:gp:53 	2268  	0.845158	53 	0.910943	0.34508 	2268  	0.0904083	6.83252	53 	21 	5  	2268  	2.05162 
INFO:gp:54 	2328  	0.850026	54 	0.911062	0.474706	2328  	0.0860322	7.10101	54 	17 	4  	2328  	2.10003 
INFO:gp:55 	2348  	0.845217	55 	0.911223	0.439471	2348  	0.0890768	7.37471	55 	19 	5  	2348  	2.12735 
INFO:gp:56 	2329  	0.84706 	56 	0.911589	0.419982	2329  	0.0884965	7.16292	56 	18 	4  	2329  	2.14515 
INFO:gp:57 	2373  	0.846797	57 	0.911589	0.354795	2373  	0.0883222	6.84588	57 	18 	5  	2373  	2.21507 
INFO:gp:58 	2305  	0.847266	58 	0.911589	0.44386 	2305  	0.0896623	6.92082	58 	18 	5  	2305  	2.24238 
INFO:gp:59 	2326  	0.842638	59 	0.91172 	0.387977	2326  	0.092624 	7.56598	59 	22 	4  	2326  	2.21049 
INFO:gp:60 	2314  	0.84404 	60 	0.91172 	0.412611	2314  	0.0936738	7.83675	60 	17 	5  	2314  	2.15051 
INFO:gp:61 	2320  	0.846711	61 	0.911888	0.395858	2320  	0.0916407	7.90648	61 	18 	4  	2320  	2.20224 
INFO:gp:62 	2305  	0.841195	62 	0.911888	0.353779	2305  	0.0925486	7.90681	62 	18 	5  	2305  	2.02762 
INFO:gp:63 	2325  	0.838831	63 	0.912151	0.387896	2325  	0.0954528	7.855  	63 	21 	5  	2325  	1.81289 
INFO:gp:64 	2327  	0.841494	64 	0.912151	0.427944	2327  	0.0940025	7.5233 	64 	21 	5  	2327  	1.45326 
INFO:gp:65 	2330  	0.838451	65 	0.912528	0.354171	2330  	0.0976009	7.42164	65 	21 	4  	2330  	1.25664 
INFO:gp:66 	2330  	0.840157	66 	0.912528	0.398737	2330  	0.0943827	7.49756	66 	21 	5  	2330  	1.3369  
INFO:gp:67 	2312  	0.839329	67 	0.912528	0.40794 	2312  	0.0948979	7.56012	67 	21 	5  	2312  	1.42433 
INFO:gp:68 	2342  	0.836919	68 	0.912874	0.344313	2342  	0.0989619	7.72401	68 	21 	4  	2342  	1.63192 
INFO:gp:69 	2314  	0.839542	69 	0.912874	0.359629	2314  	0.0966795	7.86575	69 	21 	5  	2314  	1.83026 
INFO:gp:70 	2309  	0.836206	70 	0.912874	0.432545	2309  	0.0975238	7.93711	70 	22 	5  	2309  	2.04151 
INFO:gp:71 	2311  	0.837712	71 	0.912874	0.400438	2311  	0.097599 	8.11926	71 	25 	5  	2311  	2.35608 
INFO:gp:72 	2364  	0.835019	72 	0.913244	0.38347 	2364  	0.0968491	8.10297	72 	27 	5  	2364  	2.28411 
INFO:gp:73 	2306  	0.839843	73 	0.913244	0.422235	2306  	0.0958171	7.98208	73 	21 	5  	2306  	2.13979 
INFO:gp:74 	2346  	0.834147	74 	0.913244	0.41413 	2346  	0.0980739	7.98957	74 	21 	5  	2346  	2.09482 
INFO:gp:75 	2297  	0.837506	75 	0.91362 	0.418287	2297  	0.0961246	8.08341	75 	21 	5  	2297  	2.18056 
INFO:gp:76 	2308  	0.838494	76 	0.91362 	0.387993	2308  	0.0975465	7.84881	76 	21 	5  	2308  	1.93961 
INFO:gp:77 	2332  	0.839752	77 	0.91362 	0.33113 	2332  	0.0978193	7.72369	77 	22 	5  	2332  	1.80832 
INFO:gp:78 	2335  	0.841156	78 	0.91362 	0.3882  	2335  	0.0967162	7.6002 	78 	21 	5  	2335  	1.59774 
INFO:gp:79 	2359  	0.834615	79 	0.91362 	0.413176	2359  	0.101562 	7.6002 	79 	21 	5  	2359  	1.55997 
INFO:gp:80 	2283  	0.834677	80 	0.91364 	0.350238	2283  	0.099986 	7.58847	80 	21 	6  	2283  	1.57915 
INFO:gp:81 	2378  	0.830899	81 	0.91364 	0.400067	2378  	0.101728 	7.59694	81 	21 	6  	2378  	1.51805 
INFO:gp:82 	2336  	0.834419	82 	0.91364 	0.368897	2336  	0.102191 	7.56207	82 	21 	5  	2336  	1.49371 
INFO:gp:83 	2330  	0.831576	83 	0.91364 	0.366946	2330  	0.101483 	7.51874	83 	21 	6  	2330  	1.39918 
INFO:gp:84 	2288  	0.833288	84 	0.91364 	0.401104	2288  	0.101208 	7.55002	84 	21 	5  	2288  	1.41301 
INFO:gp:85 	2330  	0.834992	85 	0.913825	0.415122	2330  	0.0994548	7.48485	85 	21 	6  	2330  	1.304   
INFO:gp:86 	2360  	0.831889	86 	0.913825	0.381954	2360  	0.102629 	7.5057 	86 	19 	6  	2360  	1.32882 
INFO:gp:87 	2316  	0.836994	87 	0.913825	0.43184 	2316  	0.0996744	7.49365	87 	19 	6  	2316  	1.30282 
INFO:gp:88 	2332  	0.836157	88 	0.913825	0.393593	2332  	0.100042 	7.51645	88 	19 	6  	2332  	1.31815 
INFO:gp:89 	2294  	0.835578	89 	0.913851	0.413186	2294  	0.100586 	7.62594	89 	19 	6  	2294  	1.52107 
INFO:gp:90 	2340  	0.834428	90 	0.913851	0.384061	2340  	0.100941 	7.95666	90 	20 	6  	2340  	1.98997 
INFO:gp:91 	2324  	0.835299	91 	0.913982	0.400466	2324  	0.0988084	8.52525	91 	19 	5  	2324  	2.49387 
INFO:gp:92 	2316  	0.833679	92 	0.913982	0.359993	2316  	0.101963 	9.61127	92 	19 	5  	2316  	2.92801 
INFO:gp:93 	2297  	0.834885	93 	0.913982	0.398222	2297  	0.100622 	10.8804	93 	19 	6  	2297  	2.90947 
INFO:gp:94 	2351  	0.833286	94 	0.914173	0.425894	2351  	0.0992751	11.6556	94 	19 	6  	2351  	2.53557 
INFO:gp:95 	2367  	0.831259	95 	0.914173	0.452321	2367  	0.100666 	11.7097	95 	23 	5  	2367  	2.42518 
INFO:gp:96 	2323  	0.83146 	96 	0.914173	0.400982	2323  	0.102719 	11.1984	96 	19 	5  	2323  	2.43362 
INFO:gp:97 	2347  	0.836679	97 	0.914173	0.408644	2347  	0.100875 	10.6471	97 	19 	6  	2347  	2.34433 
INFO:gp:98 	2344  	0.837373	98 	0.914922	0.371043	2344  	0.0977909	10.4552	98 	21 	6  	2344  	2.24944 
INFO:gp:99 	2305  	0.839126	99 	0.914922	0.414565	2305  	0.0968535	10.8426	99 	19 	6  	2305  	2.28978 
INFO:gp:100	2308  	0.835862	100	0.914922	0.362435	2308  	0.0973935	11.2121	100	19 	6  	2308  	2.24334 
INFO:gp:101	2304  	0.838835	101	0.91508 	0.455478	2304  	0.0956245	11.5885	101	24 	7  	2304  	2.2613  
INFO:gp:102	2302  	0.836899	102	0.91519 	0.375295	2302  	0.0973155	12.0521	102	22 	7  	2302  	2.15917 
INFO:gp:103	2338  	0.841053	103	0.9152  	0.400759	2338  	0.092987 	12.5178	103	22 	6  	2338  	2.06558 
INFO:gp:104	2323  	0.838299	104	0.915369	0.462313	2323  	0.094168 	12.7204	104	23 	7  	2323  	2.1398  
INFO:gp:105	2310  	0.841861	105	0.915369	0.437611	2310  	0.0946661	12.812 	105	27 	7  	2310  	2.22947 
INFO:gp:106	2326  	0.843727	106	0.915369	0.448453	2326  	0.0918282	12.8038	106	23 	7  	2326  	2.32009 
INFO:gp:107	2315  	0.843557	107	0.915369	0.38955 	2315  	0.0930468	12.7067	107	23 	7  	2315  	2.24313 
INFO:gp:108	2339  	0.844216	108	0.915369	0.412816	2339  	0.0923253	12.679 	108	25 	7  	2339  	2.21982 
INFO:gp:109	2338  	0.841979	109	0.915369	0.400131	2338  	0.0940061	12.5024	109	25 	7  	2338  	2.19134 
INFO:gp:110	2260  	0.849808	110	0.915369	0.409783	2260  	0.0889643	12.3255	110	29 	7  	2260  	2.26105 
INFO:gp:111	2301  	0.846779	111	0.915369	0.424912	2301  	0.0908338	12.4751	111	23 	7  	2301  	2.04506 
INFO:gp:112	2289  	0.846209	112	0.915369	0.455693	2289  	0.0907325	12.7599	112	23 	7  	2289  	1.93677 
INFO:gp:113	2309  	0.84706 	113	0.915369	0.431552	2309  	0.0904201	12.9097	113	23 	7  	2309  	1.75773 
INFO:gp:114	2316  	0.843626	114	0.915369	0.476458	2316  	0.0921001	12.9563	114	23 	7  	2316  	1.70007 
INFO:gp:115	2305  	0.847686	115	0.915369	0.396672	2305  	0.0911728	12.9919	115	23 	7  	2305  	1.66097 
INFO:gp:116	2326  	0.843745	116	0.915369	0.428527	2326  	0.0938795	12.9804	116	23 	7  	2326  	1.60774 
INFO:gp:117	2314  	0.842457	117	0.915369	0.402776	2314  	0.093946 	12.9482	117	23 	7  	2314  	1.68415 
INFO:gp:118	2366  	0.839349	118	0.915369	0.426187	2366  	0.0938369	12.9195	118	23 	7  	2366  	1.648   
INFO:gp:119	2308  	0.845974	119	0.915369	0.47092 	2308  	0.0900273	12.9629	119	23 	7  	2308  	1.61733 
INFO:gp:120	2311  	0.845545	120	0.915595	0.468826	2311  	0.0927581	12.9521	120	23 	7  	2311  	1.5782  
INFO:gp:121	2321  	0.846114	121	0.915595	0.429644	2321  	0.0908385	12.9681	121	23 	7  	2321  	1.60957 
INFO:gp:122	2296  	0.845003	122	0.915595	0.403496	2296  	0.0912256	12.985 	122	29 	7  	2296  	1.66415 
INFO:gp:123	2342  	0.844899	123	0.915595	0.427039	2342  	0.0936334	12.971 	123	23 	7  	2342  	1.48506 
INFO:gp:124	2313  	0.845978	124	0.915595	0.458293	2313  	0.0919707	12.9505	124	23 	7  	2313  	1.55034 
INFO:gp:125	2314  	0.84574 	125	0.915595	0.43612 	2314  	0.0904457	12.9883	125	23 	7  	2314  	1.55674 
INFO:gp:126	2343  	0.842428	126	0.915595	0.430096	2343  	0.0908618	12.97  	126	23 	7  	2343  	1.49412 
INFO:gp:127	2282  	0.846638	127	0.915595	0.453621	2282  	0.0899378	12.9801	127	23 	7  	2282  	1.58312 
INFO:gp:128	2317  	0.841443	128	0.915713	0.438388	2317  	0.0934986	12.987 	128	23 	7  	2317  	1.50609 
INFO:gp:129	2326  	0.842275	129	0.915713	0.470644	2326  	0.0919585	12.9645	129	23 	7  	2326  	1.5269  
INFO:gp:130	2306  	0.84302 	130	0.915713	0.445988	2306  	0.0932675	12.9772	130	29 	7  	2306  	1.43439 
INFO:gp:131	2336  	0.841422	131	0.915713	0.447419	2336  	0.0934429	12.9827	131	23 	7  	2336  	1.5778  
INFO:gp:132	2294  	0.840469	132	0.915713	0.485332	2294  	0.0923408	13.0072	132	25 	7  	2294  	1.58354 
INFO:gp:133	2299  	0.841342	133	0.915713	0.422277	2299  	0.0928839	13.0042	133	26 	7  	2299  	1.68822 
INFO:gp:134	2322  	0.839449	134	0.915713	0.419054	2322  	0.094579 	13.0587	134	26 	7  	2322  	1.70899 
INFO:gp:135	2291  	0.84182 	135	0.915717	0.415718	2291  	0.0957458	13.0384	135	23 	7  	2291  	1.68615 
INFO:gp:136	2333  	0.841826	136	0.915717	0.396015	2333  	0.0947028	13.0684	136	23 	7  	2333  	1.66438 
INFO:gp:137	2288  	0.843324	137	0.915717	0.459787	2288  	0.0925908	13.0811	137	23 	7  	2288  	1.66156 
INFO:gp:138	2318  	0.839544	138	0.915717	0.389425	2318  	0.093338 	13.0749	138	25 	7  	2318  	1.76501 
INFO:gp:139	2336  	0.842886	139	0.915717	0.354117	2336  	0.0920548	13.2252	139	23 	7  	2336  	1.75916 
INFO:gp:140	2307  	0.841397	140	0.915749	0.381821	2307  	0.0944542	13.478 	140	27 	7  	2307  	2.13321 
INFO:gp:141	2327  	0.843816	141	0.915749	0.456157	2327  	0.0913406	13.9814	141	27 	7  	2327  	2.37588 
INFO:gp:142	2333  	0.841752	142	0.915749	0.446192	2333  	0.0938746	14.8022	142	25 	7  	2333  	2.60041 
INFO:gp:143	2324  	0.843505	143	0.915749	0.422514	2324  	0.0953988	15.5862	143	31 	7  	2324  	2.54887 
INFO:gp:144	2344  	0.843878	144	0.915749	0.457218	2344  	0.0925943	16.0257	144	29 	7  	2344  	2.39167 
INFO:gp:145	2339  	0.845484	145	0.915749	0.433143	2339  	0.0914716	16.1173	145	29 	7  	2339  	2.33059 
INFO:gp:146	2319  	0.842377	146	0.915749	0.411838	2319  	0.093045 	16.0446	146	31 	7  	2319  	2.35847 
INFO:gp:147	2319  	0.841867	147	0.915749	0.479089	2319  	0.093668 	15.7478	147	31 	7  	2319  	2.47126 
INFO:gp:148	2327  	0.841386	148	0.915749	0.396392	2327  	0.0938561	15.3369	148	29 	7  	2327  	2.48578 
INFO:gp:149	2322  	0.844695	149	0.915749	0.430878	2322  	0.0918482	14.6067	149	31 	7  	2322  	2.48464 
INFO:gp:150	2339  	0.83809 	150	0.915749	0.38725 	2339  	0.0963365	13.9316	150	39 	7  	2339  	2.28498 
INFO:gp:151	2333  	0.84053 	151	0.915749	0.403726	2333  	0.0936427	13.5262	151	29 	7  	2333  	2.02824 
INFO:gp:152	2286  	0.839498	152	0.915749	0.419353	2286  	0.0953901	13.3434	152	29 	7  	2286  	1.84174 
INFO:gp:153	2334  	0.842618	153	0.915749	0.380497	2334  	0.0919651	13.2568	153	29 	7  	2334  	1.70557 
INFO:gp:154	2344  	0.841776	154	0.915749	0.401098	2344  	0.0930145	13.2643	154	29 	7  	2344  	1.7943  
INFO:gp:155	2339  	0.843933	155	0.91587 	0.41602 	2339  	0.0923695	13.2063	155	29 	7  	2339  	1.68431 
INFO:gp:156	2369  	0.840375	156	0.91587 	0.416401	2369  	0.0951573	13.1861	156	29 	7  	2369  	1.74272 
INFO:gp:157	2357  	0.842803	157	0.91587 	0.360496	2357  	0.0934068	13.1815	157	29 	7  	2357  	1.76272 
INFO:gp:158	2307  	0.843431	158	0.91587 	0.397442	2307  	0.0934243	13.1746	158	29 	7  	2307  	1.75943 
INFO:gp:159	2259  	0.843454	159	0.91587 	0.436306	2259  	0.0920221	13.1636	159	29 	7  	2259  	1.62398 
INFO:gp:160	2372  	0.836277	160	0.91587 	0.348479	2372  	0.098382 	13.1746	160	29 	7  	2372  	1.66387 
INFO:gp:161	2365  	0.839896	161	0.91587 	0.357562	2365  	0.0959153	13.1799	161	29 	7  	2365  	1.69302 
INFO:gp:162	2313  	0.842452	162	0.91587 	0.415776	2313  	0.0933997	13.1821	162	29 	7  	2313  	1.70036 
INFO:gp:163	2341  	0.841777	163	0.91587 	0.415122	2341  	0.0932331	13.1795	163	29 	7  	2341  	1.63838 
INFO:gp:164	2348  	0.840918	164	0.91587 	0.335069	2348  	0.093549 	13.1906	164	29 	7  	2348  	1.6979  
INFO:gp:165	2272  	0.846456	165	0.916026	0.475374	2272  	0.0918489	13.1593	165	29 	7  	2272  	1.69036 
INFO:gp:166	2350  	0.842997	166	0.916026	0.453212	2350  	0.0926861	13.1746	166	29 	7  	2350  	1.59834 
INFO:gp:167	2287  	0.843824	167	0.916026	0.414926	2287  	0.0941279	13.1522	167	29 	7  	2287  	1.65518 
INFO:gp:168	2303  	0.843634	168	0.916026	0.454116	2303  	0.0934223	13.1404	168	29 	7  	2303  	1.66172 
INFO:gp:169	2291  	0.840945	169	0.916026	0.453747	2291  	0.0944185	13.1531	169	29 	7  	2291  	1.60604 
INFO:gp:170	2314  	0.839762	170	0.916026	0.409537	2314  	0.0946474	13.1398	170	29 	7  	2314  	1.54661 
INFO:gp:171	2339  	0.840262	171	0.916026	0.374961	2339  	0.0951052	13.1877	171	29 	7  	2339  	1.5242  
INFO:gp:172	2345  	0.842603	172	0.916026	0.435475	2345  	0.0928588	13.204 	172	29 	7  	2345  	1.53256 
INFO:gp:173	2327  	0.842452	173	0.91603 	0.41794 	2327  	0.0944216	13.2219	173	29 	7  	2327  	1.4211  
INFO:gp:174	2348  	0.846188	174	0.916088	0.376448	2348  	0.0924457	13.2369	174	23 	7  	2348  	1.34268 
INFO:gp:175	2308  	0.842825	175	0.916088	0.454353	2308  	0.0939949	13.2568	175	23 	7  	2308  	1.33305 
INFO:gp:176	2320  	0.842751	176	0.916125	0.390101	2320  	0.0924175	13.2854	176	24 	7  	2320  	1.44611 
INFO:gp:177	2310  	0.845472	177	0.916125	0.437054	2310  	0.0909454	13.3007	177	23 	7  	2310  	1.31183 
INFO:gp:178	2365  	0.844445	178	0.916125	0.475962	2365  	0.0921293	13.405 	178	27 	11 	2365  	1.41578 
INFO:gp:179	2274  	0.844916	179	0.916125	0.437526	2274  	0.0927813	13.478 	179	23 	9  	2274  	1.39563 
INFO:gp:180	2316  	0.84554 	180	0.916162	0.388812	2316  	0.0910915	13.6155	180	24 	9  	2316  	1.43347 
INFO:gp:181	2346  	0.842794	181	0.916162	0.37265 	2346  	0.0938154	13.7458	181	23 	9  	2346  	1.5944  
INFO:gp:182	2328  	0.846868	182	0.916162	0.360654	2328  	0.0901027	13.9645	182	23 	11 	2328  	1.75542 
INFO:gp:183	2305  	0.845388	183	0.9162  	0.448884	2305  	0.0905014	14.201 	183	26 	9  	2305  	1.98487 
INFO:gp:184	2295  	0.845576	184	0.916207	0.398241	2295  	0.0917758	14.4311	184	27 	7  	2295  	2.11703 
INFO:gp:185	2319  	0.844151	185	0.916219	0.397117	2319  	0.0924238	14.8263	185	28 	10 	2319  	2.22067 
INFO:gp:186	2345  	0.843374	186	0.916219	0.456782	2345  	0.0925561	15.4083	186	29 	7  	2345  	2.2908  
INFO:gp:187	2287  	0.84512 	187	0.916219	0.437617	2287  	0.0917172	15.724 	187	34 	12 	2287  	2.35476 
INFO:gp:188	2335  	0.847742	188	0.916219	0.435081	2335  	0.0905861	15.9602	188	34 	9  	2335  	2.64034 
INFO:gp:189	2302  	0.845258	189	0.9163  	0.422835	2302  	0.0930929	15.6595	189	34 	11 	2302  	2.77664 
INFO:gp:190	2327  	0.844671	190	0.9163  	0.408286	2327  	0.0948395	15.0254	190	34 	7  	2327  	2.66948 
INFO:gp:191	2310  	0.844697	191	0.916303	0.452257	2310  	0.0921257	14.5428	191	34 	9  	2310  	2.32414 
INFO:gp:192	2335  	0.844656	192	0.916303	0.422612	2335  	0.0936452	14.2734	192	34 	11 	2335  	2.1872  
INFO:gp:193	2285  	0.84488 	193	0.916376	0.399603	2285  	0.0944161	14.2232	193	34 	11 	2285  	2.18604 
INFO:gp:194	2337  	0.845797	194	0.916381	0.429329	2337  	0.0920616	14.2887	194	34 	12 	2337  	2.21257 
INFO:gp:195	2330  	0.846139	195	0.916587	0.425311	2330  	0.0916758	14.4174	195	34 	8  	2330  	2.15952 
INFO:gp:196	2319  	0.848822	196	0.917367	0.449769	2319  	0.089007 	14.5337	196	34 	11 	2319  	2.20487 
INFO:gp:197	2257  	0.851021	197	0.917367	0.473123	2257  	0.0888288	14.5559	197	34 	8  	2257  	2.24165 
INFO:gp:198	2336  	0.849324	198	0.917367	0.42015 	2336  	0.0905273	14.7788	198	34 	11 	2336  	2.57989 
INFO:gp:199	2316  	0.849949	199	0.917367	0.439183	2316  	0.0922421	15.3692	199	34 	13 	2316  	2.83537 
INFO:gp:200	2339  	0.850901	200	0.917367	0.418231	2339  	0.0906303	15.9847	200	33 	12 	2339  	2.74104 
INFO:gp:201	2336  	0.847244	201	0.917723	0.392485	2336  	0.0940434	16.4985	201	33 	13 	2336  	2.65327 
INFO:gp:202	2353  	0.847089	202	0.917723	0.396149	2353  	0.0924328	16.5448	202	31 	12 	2353  	2.52786 
INFO:gp:203	2314  	0.850309	203	0.917723	0.450464	2314  	0.0915464	16.2001	203	31 	12 	2314  	2.47168 
INFO:gp:204	2333  	0.850019	204	0.917893	0.430441	2333  	0.092011 	15.8628	204	31 	12 	2333  	2.2509  
INFO:gp:205	2281  	0.852183	205	0.917893	0.405516	2281  	0.0914201	16.1212	205	32 	12 	2281  	2.77228 
INFO:gp:206	2365  	0.850098	206	0.917893	0.446043	2365  	0.0911071	16.8341	206	35 	13 	2365  	3.4412  
INFO:gp:207	2332  	0.848897	207	0.917903	0.417906	2332  	0.0912742	17.5907	207	35 	13 	2332  	3.61931 
INFO:gp:208	2299  	0.850333	208	0.917993	0.294295	2299  	0.0925995	17.6595	208	38 	13 	2299  	3.19789 
INFO:gp:209	2290  	0.852118	209	0.917993	0.419767	2290  	0.0902248	17.5943	209	35 	13 	2290  	2.70669 
INFO:gp:210	2307  	0.850274	210	0.918272	0.388395	2307  	0.0906606	17.65  	210	35 	13 	2307  	2.62939 
INFO:gp:211	2333  	0.84938 	211	0.918272	0.39026 	2333  	0.0926875	17.6703	211	40 	13 	2333  	2.66069 
INFO:gp:212	2356  	0.852459	212	0.918272	0.42871 	2356  	0.0876575	18.1659	212	34 	13 	2356  	3.36111 
INFO:gp:213	2274  	0.853333	213	0.918272	0.439054	2274  	0.0878304	19.1186	213	37 	13 	2274  	4.14312 
INFO:gp:214	2274  	0.85067 	214	0.918284	0.39555 	2274  	0.0916262	20.3584	214	40 	13 	2274  	4.63787 
INFO:gp:215	2289  	0.851162	215	0.918492	0.373107	2289  	0.0900924	21.1743	215	40 	13 	2289  	4.62218 
INFO:gp:216	2343  	0.845225	216	0.918539	0.470781	2343  	0.0939354	20.5966	216	42 	13 	2343  	4.51458 
INFO:gp:217	2316  	0.846386	217	0.91857 	0.388605	2316  	0.0916004	19.5243	217	42 	13 	2316  	4.07415 
INFO:gp:218	2326  	0.843579	218	0.91857 	0.446018	2326  	0.094126 	18.5243	218	42 	12 	2326  	3.53226 
INFO:gp:219	2332  	0.84571 	219	0.91857 	0.386452	2332  	0.0943203	17.9707	219	42 	13 	2332  	3.04358 
INFO:gp:220	2293  	0.846548	220	0.91857 	0.382807	2293  	0.0949376	17.563 	220	42 	13 	2293  	2.50467 
INFO:gp:221	2327  	0.850233	221	0.918581	0.355809	2327  	0.093073 	17.3705	221	35 	13 	2327  	2.23933 
INFO:gp:222	2336  	0.847629	222	0.918581	0.416741	2336  	0.0927284	17.2369	222	35 	13 	2336  	1.7894  
INFO:gp:223	2277  	0.849609	223	0.918801	0.419635	2277  	0.0926732	17.1574	223	35 	13 	2277  	1.57913 
INFO:gp:224	2306  	0.846645	224	0.918801	0.383803	2306  	0.0949807	17.145 	224	35 	13 	2306  	1.45492 
INFO:gp:225	2283  	0.846469	225	0.918801	0.373451	2283  	0.0962988	17.0945	225	31 	13 	2283  	1.23337 
INFO:gp:226	2299  	0.844152	226	0.918801	0.363198	2299  	0.0948291	17.103 	226	31 	12 	2299  	1.29131 
INFO:gp:227	2309  	0.847049	227	0.918801	0.386916	2309  	0.0944411	17.1118	227	31 	13 	2309  	1.2193  
INFO:gp:228	2304  	0.8468  	228	0.918809	0.412896	2304  	0.0934581	17.0668	228	31 	13 	2304  	1.18221 
INFO:gp:229	2296  	0.846533	229	0.918875	0.351219	2296  	0.0944281	17.0495	229	26 	13 	2296  	1.18182 
INFO:gp:230	2285  	0.843896	230	0.918918	0.377359	2285  	0.0964156	17.0661	230	31 	11 	2285  	1.25082 
INFO:gp:231	2316  	0.842474	231	0.918918	0.406479	2316  	0.0969535	17.0505	231	31 	13 	2316  	1.15374 
INFO:gp:232	2329  	0.840898	232	0.918918	0.314013	2329  	0.0985442	17.06  	232	31 	13 	2329  	1.17664 
INFO:gp:233	2322  	0.838443	233	0.918918	0.413932	2322  	0.0991779	17.0495	233	27 	13 	2322  	1.17324 
INFO:gp:234	2364  	0.84082 	234	0.918918	0.345375	2364  	0.0966104	17.0336	234	31 	13 	2364  	1.32445 
INFO:gp:235	2310  	0.84163 	235	0.918918	0.400831	2310  	0.0955152	17.0215	235	26 	13 	2310  	1.25251 
INFO:gp:236	2276  	0.846138	236	0.918924	0.402199	2276  	0.0935547	16.9909	236	31 	13 	2276  	1.3034  
INFO:gp:237	2302  	0.842513	237	0.918977	0.400147	2302  	0.0953908	17.0329	237	31 	13 	2302  	1.28374 
INFO:gp:238	2341  	0.843333	238	0.918977	0.3748  	2341  	0.0928994	17.0293	238	31 	13 	2341  	1.31678 
INFO:gp:239	2310  	0.842562	239	0.918977	0.460263	2310  	0.0940731	16.926 	239	31 	13 	2310  	1.35325 
INFO:gp:240	2282  	0.845039	240	0.918977	0.429605	2282  	0.0947471	16.7211	240	31 	13 	2282  	1.52264 
INFO:gp:241	2304  	0.843283	241	0.918977	0.378604	2304  	0.094838 	16.3783	241	31 	13 	2304  	1.66753 
INFO:gp:242	2313  	0.842259	242	0.918996	0.365977	2313  	0.0958959	15.7862	242	28 	13 	2313  	1.86806 
INFO:gp:243	2329  	0.843728	243	0.918996	0.453016	2329  	0.0955137	15.1714	243	28 	13 	2329  	1.78202 
INFO:gp:244	2349  	0.844076	244	0.918996	0.484277	2349  	0.0915295	14.8152	244	28 	13 	2349  	1.62201 
INFO:gp:245	2268  	0.845232	245	0.918996	0.411185	2268  	0.0922802	14.6553	245	25 	13 	2268  	1.51771 
INFO:gp:246	2366  	0.842669	246	0.91908 	0.418613	2366  	0.0933683	14.622 	246	25 	13 	2366  	1.49088 
INFO:gp:247	2320  	0.845432	247	0.91908 	0.377287	2320  	0.0926502	14.624 	247	26 	13 	2320  	1.54503 
INFO:gp:248	2319  	0.843942	248	0.91908 	0.364294	2319  	0.0935156	14.5595	248	27 	13 	2319  	1.42665 
INFO:gp:249	2266  	0.846912	249	0.91908 	0.397269	2266  	0.0918167	14.5943	249	25 	13 	2266  	1.5257  
INFO:gp:250	2337  	0.844477	250	0.91908 	0.451293	2337  	0.0944198	14.5575	250	25 	13 	2337  	1.49367 
INFO:gp:251	2348  	0.845731	251	0.91908 	0.411092	2348  	0.0928898	14.593 	251	25 	13 	2348  	1.50558 
INFO:gp:252	2286  	0.850018	252	0.91908 	0.408387	2286  	0.0879401	14.5311	252	27 	13 	2286  	1.42686 
INFO:gp:253	2361  	0.845435	253	0.91908 	0.390007	2361  	0.0912143	14.579 	253	26 	13 	2361  	1.48041 
INFO:gp:254	2319  	0.849178	254	0.91908 	0.399658	2319  	0.0887606	14.5516	254	28 	13 	2319  	1.48777 
INFO:gp:255	2341  	0.845812	255	0.91908 	0.453741	2341  	0.0911197	14.4845	255	25 	13 	2341  	1.40549 
INFO:gp:256	2317  	0.844742	256	0.91908 	0.425579	2317  	0.0942019	14.5041	256	25 	13 	2317  	1.43675 
INFO:gp:257	2297  	0.84883 	257	0.91908 	0.390877	2297  	0.088457 	14.4562	257	25 	13 	2297  	1.4028  
INFO:gp:258	2369  	0.847876	258	0.919185	0.417552	2369  	0.0903228	14.4774	258	25 	13 	2369  	1.41924 
INFO:gp:259	2325  	0.84668 	259	0.919185	0.456023	2325  	0.0901268	14.4431	259	26 	13 	2325  	1.36226 
INFO:gp:260	2312  	0.847644	260	0.919185	0.323003	2312  	0.0897243	14.4285	260	25 	13 	2312  	1.36014 
INFO:gp:261	2285  	0.847905	261	0.919185	0.428267	2285  	0.0904966	14.3646	261	25 	13 	2285  	1.23896 
INFO:gp:262	2301  	0.846697	262	0.919185	0.455773	2301  	0.0914158	14.4177	262	27 	13 	2301  	1.31914 
INFO:gp:263	2325  	0.845122	263	0.919234	0.446   	2325  	0.0913912	14.4656	263	27 	11 	2325  	1.46109 
INFO:gp:264	2328  	0.847943	264	0.919234	0.407445	2328  	0.0907704	14.4164	264	25 	13 	2328  	1.30215 
INFO:gp:265	2352  	0.845807	265	0.919355	0.453746	2352  	0.0915782	14.4386	265	25 	13 	2352  	1.3372  
INFO:gp:266	2285  	0.847892	266	0.919355	0.405526	2285  	0.0908544	14.4252	266	25 	13 	2285  	1.35372 
INFO:gp:267	2332  	0.848592	267	0.919355	0.458635	2332  	0.0894298	14.4721	267	25 	13 	2332  	1.45765 
INFO:gp:268	2351  	0.848999	268	0.919355	0.436945	2351  	0.0892151	14.477 	268	25 	13 	2351  	1.45483 
INFO:gp:269	2359  	0.849946	269	0.919355	0.369047	2359  	0.0881503	14.4409	269	25 	13 	2359  	1.35545 
INFO:gp:270	2346  	0.846536	270	0.919355	0.4397  	2346  	0.0906067	14.4777	270	25 	13 	2346  	1.4445  
INFO:gp:271	2306  	0.851245	271	0.919355	0.47326 	2306  	0.0868767	14.4418	271	25 	13 	2306  	1.3831  
INFO:gp:272	2293  	0.853071	272	0.919355	0.399219	2293  	0.0886839	14.4435	272	25 	13 	2293  	1.32296 
INFO:gp:273	2385  	0.852295	273	0.919483	0.466289	2385  	0.0847446	14.4972	273	27 	13 	2385  	1.46727 
INFO:gp:274	2321  	0.850083	274	0.919483	0.414764	2321  	0.0891957	14.4614	274	26 	13 	2321  	1.39387 
INFO:gp:275	2340  	0.850082	275	0.919483	0.433549	2340  	0.0861799	14.4783	275	26 	13 	2340  	1.45619 
INFO:gp:276	2294  	0.852512	276	0.919483	0.427568	2294  	0.0870497	14.4386	276	25 	13 	2294  	1.32397 
INFO:gp:277	2327  	0.849115	277	0.919483	0.336461	2327  	0.0889468	14.4656	277	25 	12 	2327  	1.4033  
INFO:gp:278	2314  	0.851995	278	0.919483	0.461323	2314  	0.088406 	14.4356	278	25 	13 	2314  	1.34095 
INFO:gp:279	2318  	0.846817	279	0.919483	0.414773	2318  	0.0912422	14.4558	279	25 	13 	2318  	1.39066 
INFO:gp:280	2322  	0.853331	280	0.919483	0.439386	2322  	0.087603 	14.4868	280	25 	13 	2322  	1.4545  
INFO:gp:281	2346  	0.853981	281	0.919483	0.378197	2346  	0.0872208	14.4366	281	25 	13 	2346  	1.34076 
INFO:gp:282	2346  	0.848783	282	0.919483	0.438652	2346  	0.0886574	14.4682	282	25 	13 	2346  	1.39194 
INFO:gp:283	2305  	0.853193	283	0.919513	0.366347	2305  	0.0876578	14.448 	283	25 	13 	2305  	1.40253 
INFO:gp:284	2341  	0.85258 	284	0.919513	0.433063	2341  	0.0857316	14.4855	284	25 	13 	2341  	1.41613 
INFO:gp:285	2323  	0.851447	285	0.919513	0.435248	2323  	0.0878307	14.4317	285	23 	13 	2323  	1.34464 
INFO:gp:286	2313  	0.851313	286	0.919513	0.434072	2313  	0.086468 	14.4536	286	25 	13 	2313  	1.37433 
INFO:gp:287	2302  	0.854498	287	0.919513	0.438949	2302  	0.0868739	14.5028	287	25 	13 	2302  	1.45635 
INFO:gp:288	2334  	0.852497	288	0.919513	0.404655	2334  	0.0845698	14.4428	288	25 	13 	2334  	1.35626 
INFO:gp:289	2293  	0.851888	289	0.919521	0.493975	2293  	0.0877217	14.4314	289	25 	13 	2293  	1.35091 
INFO:gp:290	2298  	0.849283	290	0.919521	0.41734 	2298  	0.0880086	14.4568	290	25 	13 	2298  	1.39817 
INFO:gp:291	2326  	0.849596	291	0.919522	0.415965	2326  	0.0891772	14.4702	291	25 	13 	2326  	1.46431 
INFO:gp:292	2317  	0.847596	292	0.919531	0.422564	2317  	0.0885995	14.436 	292	25 	13 	2317  	1.32606 
INFO:gp:293	2302  	0.848684	293	0.919531	0.487997	2302  	0.0886924	14.4601	293	25 	13 	2302  	1.3861  
INFO:gp:294	2376  	0.845492	294	0.919531	0.457401	2376  	0.0906802	14.4386	294	29 	13 	2376  	1.3666  
INFO:gp:295	2284  	0.847783	295	0.919531	0.390633	2284  	0.0912163	14.4461	295	25 	13 	2284  	1.35543 
INFO:gp:296	2341  	0.849486	296	0.919542	0.407115	2341  	0.0881949	14.4435	296	26 	13 	2341  	1.38269 
INFO:gp:297	2333  	0.849125	297	0.919542	0.388107	2333  	0.0879559	14.451 	297	25 	13 	2333  	1.37802 
INFO:gp:298	2299  	0.85244 	298	0.919542	0.428319	2299  	0.0848284	14.4646	298	25 	13 	2299  	1.38245 
INFO:gp:299	2285  	0.849495	299	0.919542	0.443264	2285  	0.0875018	14.4604	299	25 	13 	2285  	1.38658 
INFO:gp:300	2345  	0.852583	300	0.919542	0.461349	2345  	0.0864173	14.4624	300	25 	13 	2345  	1.4219  
INFO:gp:301	2377  	0.849474	301	0.919542	0.427986	2377  	0.0882104	14.4972	301	27 	13 	2377  	1.44715 
INFO:gp:302	2335  	0.854773	302	0.919558	0.481171	2335  	0.084157 	14.4532	302	25 	13 	2335  	1.39852 
INFO:gp:303	2294  	0.853765	303	0.919558	0.434187	2294  	0.0842568	14.4705	303	25 	13 	2294  	1.4129  
INFO:gp:304	2286  	0.855844	304	0.919558	0.340257	2286  	0.0843822	14.4216	304	25 	14 	2286  	1.29571 
INFO:gp:305	2327  	0.853865	305	0.919558	0.452244	2327  	0.0853336	14.4624	305	25 	13 	2327  	1.36651 
INFO:gp:306	2342  	0.853725	306	0.919558	0.451169	2342  	0.0844652	14.4871	306	30 	13 	2342  	1.42737 
INFO:gp:307	2319  	0.854439	307	0.919558	0.401882	2319  	0.0858868	14.4705	307	25 	13 	2319  	1.37811 
INFO:gp:308	2347  	0.853659	308	0.919598	0.400714	2347  	0.0854288	14.45  	308	25 	13 	2347  	1.35365 
INFO:gp:309	2302  	0.854488	309	0.919598	0.434544	2302  	0.0832689	14.464 	309	25 	13 	2302  	1.39557 
INFO:gp:310	2327  	0.853678	310	0.919598	0.410648	2327  	0.0846921	14.4448	310	25 	13 	2327  	1.33234 
INFO:gp:311	2360  	0.857059	311	0.919612	0.375607	2360  	0.0814317	14.4598	311	25 	13 	2360  	1.37239 
INFO:gp:312	2324  	0.855157	312	0.919646	0.435111	2324  	0.0829267	14.4897	312	25 	13 	2324  	1.41409 
INFO:gp:313	2313  	0.854369	313	0.919651	0.337572	2313  	0.0855055	14.5552	313	26 	13 	2313  	1.48479 
INFO:gp:314	2353  	0.853277	314	0.919651	0.394546	2353  	0.0855109	14.6074	314	25 	13 	2353  	1.38439 
INFO:gp:315	2331  	0.853101	315	0.919664	0.429179	2331  	0.0853626	14.8104	315	27 	13 	2331  	1.48344 
INFO:gp:316	2318  	0.854891	316	0.919664	0.434342	2318  	0.0837886	15.0945	316	27 	13 	2318  	1.66232 
INFO:gp:317	2299  	0.856757	317	0.919664	0.508118	2299  	0.0832965	15.3522	317	29 	13 	2299  	1.81287 
INFO:gp:318	2331  	0.852555	318	0.9197  	0.433624	2331  	0.0863037	15.7703	318	29 	13 	2331  	2.07603 
INFO:gp:319	2319  	0.8549  	319	0.9197  	0.441926	2319  	0.0851449	16.288 	319	29 	14 	2319  	2.26145 
INFO:gp:320	2312  	0.853448	320	0.9197  	0.446162	2312  	0.0845718	16.856 	320	29 	13 	2312  	2.25011 
INFO:gp:321	2303  	0.853472	321	0.919703	0.395092	2303  	0.0857794	17.0863	321	29 	14 	2303  	2.185   
INFO:gp:322	2322  	0.854847	322	0.919737	0.473942	2322  	0.0835776	17.2219	322	31 	14 	2322  	2.09173 
INFO:gp:323	2313  	0.854472	323	0.919737	0.483856	2313  	0.082673 	17.3447	323	33 	14 	2313  	2.16682 
INFO:gp:324	2330  	0.853361	324	0.919737	0.441324	2330  	0.0839894	17.6302	324	33 	14 	2330  	2.30115 
INFO:gp:325	2312  	0.853152	325	0.919737	0.378692	2312  	0.0854641	17.8214	325	33 	14 	2312  	2.35288 
INFO:gp:326	2405  	0.850422	326	0.919737	0.389663	2405  	0.08509  	18.1212	326	39 	14 	2405  	2.61789 
INFO:gp:327	2371  	0.850745	327	0.919739	0.387458	2371  	0.085731 	18.4223	327	37 	14 	2371  	2.67379 
INFO:gp:328	2291  	0.850978	328	0.919768	0.459764	2291  	0.0872957	18.9896	328	33 	14 	2291  	2.82703 
INFO:gp:329	2309  	0.850859	329	0.919768	0.406644	2309  	0.0863947	19.3542	329	37 	14 	2309  	2.94591 
INFO:gp:330	2340  	0.850327	330	0.919768	0.458417	2340  	0.0873022	19.0766	330	35 	14 	2340  	2.87079 
INFO:gp:331	2303  	0.852341	331	0.919768	0.434622	2303  	0.0851646	18.6064	331	35 	14 	2303  	2.69115 
INFO:gp:332	2339  	0.84978 	332	0.919768	0.390342	2339  	0.0880318	18.5715	332	35 	14 	2339  	2.41854 
INFO:gp:333	2316  	0.850354	333	0.919781	0.452316	2316  	0.0872823	19.0055	333	35 	14 	2316  	2.66183 
INFO:gp:334	2321  	0.849853	334	0.919781	0.474882	2321  	0.0876233	19.1975	334	35 	14 	2321  	2.71692 
INFO:gp:335	2313  	0.849864	335	0.919781	0.465966	2313  	0.0859667	18.972 	335	37 	14 	2313  	2.78732 
INFO:gp:336	2368  	0.852819	336	0.919781	0.43254 	2368  	0.0838444	18.6312	336	39 	14 	2368  	2.74699 
INFO:gp:337	2274  	0.852053	337	0.919782	0.378593	2274  	0.0867713	18.6865	337	35 	14 	2274  	2.91167 
INFO:gp:338	2276  	0.853679	338	0.919782	0.455626	2276  	0.0850891	19.4141	338	37 	14 	2276  	3.4754  
INFO:gp:339	2304  	0.85108 	339	0.919782	0.466398	2304  	0.0873462	21.0186	339	43 	15 	2304  	3.93462 
INFO:gp:340	2325  	0.855466	340	0.919782	0.474091	2325  	0.0836573	22.5712	340	43 	14 	2325  	3.62478 
INFO:gp:341	2337  	0.852725	341	0.919782	0.47233 	2337  	0.0852808	23.5194	341	43 	14 	2337  	3.07769 
INFO:gp:342	2308  	0.855903	342	0.919902	0.431134	2308  	0.0846328	23.7752	342	43 	15 	2308  	2.76215 
INFO:gp:343	2332  	0.853801	343	0.919902	0.41274 	2332  	0.0848164	23.594 	343	43 	15 	2332  	2.63929 
INFO:gp:344	2323  	0.852028	344	0.919902	0.406196	2323  	0.0866266	23.3369	344	41 	15 	2323  	2.43077 
INFO:gp:345	2334  	0.854255	345	0.919902	0.468117	2334  	0.0857444	22.9567	345	41 	14 	2334  	2.42887 
INFO:gp:346	2330  	0.851155	346	0.919902	0.454779	2330  	0.0885461	22.7563	346	39 	14 	2330  	2.12157 
INFO:gp:347	2350  	0.850611	347	0.919902	0.409359	2350  	0.0879911	22.6266	347	41 	15 	2350  	2.23235 
INFO:gp:348	2321  	0.850786	348	0.919902	0.392597	2321  	0.0888842	22.5569	348	41 	14 	2321  	2.2695  
INFO:gp:349	2298  	0.854481	349	0.919902	0.49268 	2298  	0.0852689	22.5099	349	43 	14 	2298  	2.24435 
INFO:gp:350	2306  	0.854754	350	0.919982	0.468917	2306  	0.0859972	22.5383	350	43 	14 	2306  	2.34071 
INFO:gp:351	2298  	0.857431	351	0.919982	0.490002	2298  	0.083243 	22.5947	351	41 	14 	2298  	2.31108 
INFO:gp:352	2313  	0.858303	352	0.919982	0.400619	2313  	0.0837473	22.7185	352	41 	14 	2313  	2.17623 
INFO:gp:353	2356  	0.855304	353	0.919982	0.436818	2356  	0.0866471	22.7397	353	41 	14 	2356  	2.03912 
INFO:gp:354	2329  	0.857528	354	0.919982	0.392466	2329  	0.0842012	22.7335	354	41 	14 	2329  	2.14268 
INFO:gp:355	2316  	0.858053	355	0.919982	0.454267	2316  	0.0827155	22.7546	355	41 	14 	2316  	2.17605 
INFO:gp:356	2315  	0.857377	356	0.919982	0.489475	2315  	0.0846442	22.7569	356	43 	14 	2315  	2.35347 
INFO:gp:357	2271  	0.858958	357	0.919982	0.464636	2271  	0.0833237	22.7286	357	41 	14 	2271  	2.19295 
INFO:gp:358	2297  	0.85913 	358	0.919982	0.431536	2297  	0.0834702	22.7475	358	41 	14 	2297  	2.12153 
INFO:gp:359	2262  	0.859542	359	0.919982	0.464294	2262  	0.0830541	22.8654	359	41 	14 	2262  	2.04363 
INFO:gp:360	2341  	0.857799	360	0.919982	0.423153	2341  	0.0850394	22.8987	360	41 	14 	2341  	1.93386 
INFO:gp:361	2328  	0.860121	361	0.920234	0.3775  	2328  	0.0822118	22.9329	361	43 	14 	2328  	2.04878 
INFO:gp:362	2320  	0.855814	362	0.92031 	0.413589	2320  	0.0852352	22.8964	362	44 	14 	2320  	1.95143 
INFO:gp:363	2319  	0.863199	363	0.92031 	0.446883	2319  	0.0806753	22.9638	363	41 	14 	2319  	1.97813 
INFO:gp:364	2300  	0.858679	364	0.920638	0.354875	2300  	0.0840986	23.0091	364	43 	14 	2300  	1.94296 
INFO:gp:365	2309  	0.858498	365	0.920638	0.469761	2309  	0.0822474	22.9456	365	39 	14 	2309  	1.86249 
INFO:gp:366	2348  	0.856961	366	0.920638	0.472592	2348  	0.0830071	23.0042	366	39 	14 	2348  	1.79178 
INFO:gp:367	2315  	0.85855 	367	0.92064 	0.438366	2315  	0.0807734	23.0997	367	41 	14 	2315  	2.05904 
INFO:gp:368	2343  	0.858773	368	0.920643	0.423044	2343  	0.0811284	23.0411	368	41 	15 	2343  	2.16317 
INFO:gp:369	2321  	0.860891	369	0.920643	0.469519	2321  	0.0787277	22.9599	369	41 	14 	2321  	2.04893 
INFO:gp:370	2285  	0.861607	370	0.920643	0.454055	2285  	0.0787113	22.9782	370	43 	14 	2285  	2.14887 
INFO:gp:371	2391  	0.857659	371	0.920644	0.478516	2391  	0.0803411	23.0733	371	41 	14 	2391  	2.13449 
INFO:gp:372	2257  	0.859173	372	0.920664	0.48559 	2257  	0.0817583	23.1975	372	41 	14 	2257  	2.18159 
INFO:gp:373	2318  	0.858336	373	0.920664	0.416912	2318  	0.0828587	23.4585	373	43 	15 	2318  	2.13826 
INFO:gp:374	2290  	0.859985	374	0.920664	0.504014	2290  	0.0812901	23.7964	374	43 	14 	2290  	2.30698 
INFO:gp:375	2326  	0.860643	375	0.92068 	0.417033	2326  	0.0804069	24.1121	375	49 	14 	2326  	2.23945 
INFO:gp:376	2328  	0.860036	376	0.92068 	0.505999	2328  	0.0804496	24.3402	376	45 	14 	2328  	2.20539 
INFO:gp:377	2266  	0.863025	377	0.92068 	0.463553	2266  	0.0815905	24.5138	377	45 	16 	2266  	2.22553 
INFO:gp:378	2291  	0.858855	378	0.920692	0.434568	2291  	0.0835621	24.5556	378	43 	16 	2291  	2.08016 
INFO:gp:379	2262  	0.859385	379	0.920692	0.462527	2262  	0.0810524	24.4956	379	45 	15 	2262  	2.32411 
INFO:gp:380	2326  	0.857546	380	0.920694	0.468102	2326  	0.0835288	24.3154	380	43 	14 	2326  	2.22406 
INFO:gp:381	2339  	0.857466	381	0.920694	0.447616	2339  	0.0825893	23.9479	381	45 	14 	2339  	2.38927 
INFO:gp:382	2372  	0.859586	382	0.920712	0.456837	2372  	0.0791733	23.5976	382	43 	15 	2372  	2.41047 
INFO:gp:383	2373  	0.856041	383	0.920712	0.404789	2373  	0.0816707	23.319 	383	45 	14 	2373  	2.49853 
INFO:gp:384	2259  	0.858912	384	0.920743	0.419996	2259  	0.0805567	23.1196	384	41 	14 	2259  	2.82699 
INFO:gp:385	2317  	0.857803	385	0.920743	0.421482	2317  	0.0803651	23.0652	385	45 	14 	2317  	3.02875 
INFO:gp:386	2360  	0.855799	386	0.920756	0.396072	2360  	0.0834501	23.0065	386	43 	15 	2360  	3.13298 
INFO:gp:387	2323  	0.85786 	387	0.920756	0.50874 	2323  	0.0812333	23.1072	387	43 	15 	2323  	3.00297 
INFO:gp:388	2301  	0.857196	388	0.920775	0.408994	2301  	0.0830638	23.2268	388	45 	16 	2301  	2.97026 
INFO:gp:389	2317  	0.856647	389	0.921013	0.465716	2317  	0.0818742	23.2323	389	43 	14 	2317  	2.7949  
INFO:gp:390	2334  	0.852635	390	0.921013	0.421649	2334  	0.0836779	23.5663	390	45 	16 	2334  	2.80748 
INFO:gp:391	2332  	0.855943	391	0.921013	0.489312	2332  	0.0837824	23.7765	391	45 	16 	2332  	2.53324 
INFO:gp:392	2333  	0.855629	392	0.921013	0.443201	2333  	0.0837242	23.9244	392	45 	14 	2333  	2.61861 
INFO:gp:393	2298  	0.857475	393	0.921013	0.455266	2298  	0.0825534	24.0645	393	45 	16 	2298  	2.57638 
INFO:gp:394	2294  	0.855932	394	0.921038	0.444565	2294  	0.0841564	24.1717	394	45 	14 	2294  	2.46596 
INFO:gp:395	2322  	0.856387	395	0.921038	0.444147	2322  	0.0842443	24.4236	395	47 	14 	2322  	2.44372 
INFO:gp:396	2323  	0.85944 	396	0.921079	0.468244	2323  	0.0808239	24.7038	396	45 	15 	2323  	2.31812 
INFO:gp:397	2317  	0.860507	397	0.921079	0.46628 	2317  	0.0799528	24.8609	397	45 	16 	2317  	2.51315 
INFO:gp:398	2295  	0.860489	398	0.92108 	0.500648	2295  	0.0790062	24.8723	398	43 	15 	2295  	2.30106 
INFO:gp:399	2292  	0.859994	399	0.92108 	0.346003	2292  	0.0807877	24.9146	399	45 	14 	2292  	2.33924 
INFO:gp:400	2325  	0.86172 	400	0.921265	0.407886	2325  	0.0809093	24.9081	400	43 	15 	2325  	1.85865 
INFO:__main__:Saving model to file: checkpoints/run_5.pth
INFO:util:Train accuracy: 1.0 +- 0.0
INFO:util:Val accuracy: 1.0 +- 0.0
INFO:util:Test accuracy: 0.5833333333333333 +- 0.08333333333333331
INFO:util:Train intra-class: 0.0190072868943288, Train Inter-class: 0.23165707229233895
INFO:util:Val intra-class: 0.12415849088596807, Val Inter-class: 0.19634601827918485
INFO:util:Test intra-class: 0.0, Test inter-class: 0.21453958828218514
