INFO:data:Reading dataset fish: oil
INFO:data:Class Counts: [108 126], Class Ratios: [0.46153846 0.53846154]
INFO:data:Number of features: 1023
INFO:data:Number of instances: 234
INFO:data:Number of classes 2.
INFO:__main__:No model found. Train from scratch.
INFO:gp:   	      	                                 fitness                                 	                      size                     
   	      	-------------------------------------------------------------------------	-----------------------------------------------
gen	nevals	avg     	gen	max     	min     	nevals	std      	avg    	gen	max	min	nevals	std    
0  	1023  	0.499279	0  	0.633912	0.332539	1023  	0.0364282	3.48192	0  	7  	2  	1023  	1.34237
INFO:gp:1  	774   	0.529367	1  	0.663649	0.393249	774   	0.0378026	3.739  	1  	11 	2  	774   	1.53337
INFO:gp:2  	753   	0.54666 	2  	0.663649	0.372839	753   	0.0440017	3.80059	2  	10 	2  	753   	1.50311
INFO:gp:3  	775   	0.565278	3  	0.700298	0.394275	775   	0.0511192	3.82698	3  	12 	2  	775   	1.48185
INFO:gp:4  	759   	0.583094	4  	0.727288	0.386072	759   	0.0587924	3.78983	4  	13 	2  	759   	1.41898
INFO:gp:5  	789   	0.600422	5  	0.727288	0.394275	789   	0.065218 	3.80156	5  	11 	1  	789   	1.40892
INFO:gp:6  	788   	0.617824	6  	0.750968	0.394275	788   	0.0704468	3.75073	6  	13 	2  	788   	1.43937
INFO:gp:7  	755   	0.63319 	7  	0.750968	0.396189	755   	0.0739158	3.74585	7  	14 	2  	755   	1.38767
INFO:gp:8  	764   	0.643054	8  	0.750968	0.419114	764   	0.0763629	3.80254	8  	13 	2  	764   	1.41494
INFO:gp:9  	778   	0.652064	9  	0.750968	0.428254	778   	0.0776138	3.77224	9  	12 	2  	778   	1.37494
INFO:gp:10 	779   	0.655513	10 	0.750968	0.414521	779   	0.0874739	3.73118	10 	10 	2  	779   	1.31874
INFO:gp:11 	793   	0.671997	11 	0.750968	0.433675	793   	0.0889845	3.54936	11 	9  	2  	793   	1.17869
INFO:gp:12 	761   	0.676317	12 	0.750968	0.487307	761   	0.0922493	3.40958	12 	9  	2  	761   	1.07917
INFO:gp:13 	772   	0.671461	13 	0.750968	0.445226	772   	0.0948774	3.36852	13 	9  	2  	772   	1.00247
INFO:gp:14 	778   	0.671231	14 	0.750968	0.487093	778   	0.0956292	3.38514	14 	9  	2  	778   	1.04271
INFO:gp:15 	783   	0.679496	15 	0.750968	0.464872	783   	0.088498 	3.40274	15 	9  	2  	783   	1.07403
INFO:gp:16 	769   	0.676271	16 	0.750968	0.478769	769   	0.0926533	3.34311	16 	9  	2  	769   	0.988976
INFO:gp:17 	773   	0.675116	17 	0.750968	0.443649	773   	0.0944301	3.37341	17 	9  	2  	773   	1.02718 
INFO:gp:18 	764   	0.667049	18 	0.750968	0.458131	764   	0.0973159	3.31476	18 	9  	2  	764   	0.957885
INFO:gp:19 	780   	0.67963 	19 	0.750968	0.439975	780   	0.088915 	3.35875	19 	9  	2  	780   	1.03664 
INFO:gp:20 	797   	0.673811	20 	0.750968	0.475459	797   	0.0930469	3.3695 	20 	9  	2  	797   	1.04836 
INFO:gp:21 	761   	0.680276	21 	0.750968	0.4424  	761   	0.0915191	3.26979	21 	9  	2  	761   	0.875169
INFO:gp:22 	756   	0.679457	22 	0.750968	0.436243	756   	0.0899661	3.29717	22 	9  	2  	756   	0.91563 
INFO:gp:23 	757   	0.674779	23 	0.750968	0.485262	757   	0.0948331	3.31769	23 	9  	2  	757   	0.947162
INFO:gp:24 	768   	0.682442	24 	0.750968	0.492928	768   	0.0900492	3.29326	24 	9  	2  	768   	0.902924
INFO:gp:25 	780   	0.677717	25 	0.750968	0.449554	780   	0.0923918	3.32258	25 	9  	2  	780   	0.98946 
INFO:gp:26 	769   	0.676917	26 	0.750968	0.453082	769   	0.0938198	3.3392 	26 	10 	2  	769   	1.04507 
INFO:gp:27 	756   	0.673627	27 	0.750968	0.445321	756   	0.0947768	3.35875	27 	10 	2  	756   	1.04322 
INFO:gp:28 	777   	0.671891	28 	0.750968	0.432207	777   	0.0959323	3.34995	28 	10 	2  	777   	1.0448  
INFO:gp:29 	770   	0.675997	29 	0.750968	0.486829	770   	0.0946726	3.38123	29 	10 	2  	770   	1.07732 
INFO:gp:30 	802   	0.674744	30 	0.750968	0.458664	802   	0.0932809	3.33724	30 	10 	2  	802   	1.01631 
INFO:gp:31 	771   	0.6783  	31 	0.750968	0.488222	771   	0.0931531	3.33822	31 	10 	2  	771   	0.981239
INFO:gp:32 	758   	0.684194	32 	0.750968	0.447546	758   	0.0915781	3.34702	32 	10 	2  	758   	1.03592 
INFO:gp:33 	752   	0.677298	33 	0.750968	0.480027	752   	0.0922988	3.3607 	33 	10 	2  	752   	1.04255 
INFO:gp:34 	793   	0.675255	34 	0.750968	0.476213	793   	0.0944512	3.31769	34 	10 	2  	793   	0.993503
INFO:gp:35 	750   	0.686338	35 	0.750968	0.487619	750   	0.0885271	3.27664	35 	10 	2  	750   	0.878054
INFO:gp:36 	784   	0.668946	36 	0.750968	0.487126	784   	0.0968725	3.28055	36 	10 	2  	784   	0.922449
INFO:gp:37 	776   	0.680754	37 	0.750968	0.476664	776   	0.0924999	3.31672	37 	10 	2  	776   	0.953147
INFO:gp:38 	780   	0.669901	38 	0.751719	0.459685	780   	0.0951364	3.34115	38 	10 	2  	780   	0.985693
INFO:gp:39 	793   	0.673943	39 	0.751719	0.469199	793   	0.0939319	3.41251	39 	10 	2  	793   	1.10977 
INFO:gp:40 	792   	0.674238	40 	0.751719	0.473411	792   	0.0941596	3.40567	40 	10 	2  	792   	1.04664 
INFO:gp:41 	791   	0.674375	41 	0.751719	0.446112	791   	0.0933673	3.47703	41 	10 	2  	791   	1.07818 
INFO:gp:42 	765   	0.676776	42 	0.760701	0.46076 	765   	0.0924166	3.60997	42 	11 	2  	765   	1.1502  
INFO:gp:43 	791   	0.680848	43 	0.760701	0.465018	791   	0.0862687	4.01369	43 	11 	2  	791   	1.31753 
INFO:gp:44 	764   	0.683325	44 	0.760701	0.479375	764   	0.0812616	4.45748	44 	11 	2  	764   	1.33379 
INFO:gp:45 	773   	0.684668	45 	0.760701	0.444361	773   	0.0819966	4.74389	45 	11 	2  	773   	1.26108 
INFO:gp:46 	773   	0.685407	46 	0.760701	0.458711	773   	0.0810517	4.94526	46 	12 	3  	773   	1.20237 
INFO:gp:47 	775   	0.69391 	47 	0.760701	0.44872 	775   	0.0762965	5.00196	47 	11 	3  	775   	1.22534 
INFO:gp:48 	763   	0.691805	48 	0.760701	0.47816 	763   	0.0800366	5.01857	48 	12 	3  	763   	1.20954 
INFO:gp:49 	784   	0.69829 	49 	0.760701	0.47312 	784   	0.0751638	5.09873	49 	13 	3  	784   	1.24239 
INFO:gp:50 	783   	0.694284	50 	0.760701	0.434594	783   	0.0815282	5.12708	50 	12 	3  	783   	1.26208 
INFO:gp:51 	783   	0.694491	51 	0.760701	0.469399	783   	0.0811612	5.13978	51 	12 	3  	783   	1.28645 
INFO:gp:52 	764   	0.691999	52 	0.760702	0.469329	764   	0.0861945	5.13783	52 	12 	3  	764   	1.28438 
INFO:gp:53 	777   	0.694429	53 	0.760702	0.477183	777   	0.0829236	5.26882	53 	12 	3  	777   	1.40488 
INFO:gp:54 	780   	0.700278	54 	0.771854	0.464382	780   	0.0757126	5.42913	54 	17 	3  	780   	1.62056 
INFO:gp:55 	753   	0.702876	55 	0.771854	0.465709	753   	0.0775615	5.72825	55 	17 	3  	753   	2.05269 
INFO:gp:56 	790   	0.699006	56 	0.771854	0.473147	790   	0.0777264	6.76735	56 	18 	3  	790   	2.90256 
INFO:gp:57 	785   	0.700577	57 	0.771854	0.460388	785   	0.0747361	8.32845	57 	20 	3  	785   	3.28265 
INFO:gp:58 	769   	0.706613	58 	0.771855	0.471782	769   	0.0707358	9.71945	58 	27 	3  	769   	3.43925 
INFO:gp:59 	775   	0.712616	59 	0.771855	0.451963	775   	0.0705856	10.1769	59 	26 	3  	775   	3.49178 
INFO:gp:60 	766   	0.71514 	60 	0.771856	0.444698	766   	0.0706147	9.71163	60 	24 	3  	766   	3.76509 
INFO:gp:61 	794   	0.721053	61 	0.772875	0.485381	794   	0.069702 	9.61388	61 	25 	3  	794   	4.21101 
INFO:gp:62 	780   	0.720794	62 	0.773711	0.475103	780   	0.0713028	10.4272	62 	25 	3  	780   	4.95713 
INFO:gp:63 	760   	0.727301	63 	0.773711	0.47864 	760   	0.067745 	12.8974	63 	30 	3  	760   	5.39036 
INFO:gp:64 	750   	0.730354	64 	0.778151	0.465044	750   	0.0657715	15.0811	64 	28 	3  	750   	4.83615 
INFO:gp:65 	770   	0.723296	65 	0.778151	0.436622	770   	0.0708417	15.6491	65 	36 	3  	770   	5.0201  
INFO:gp:66 	772   	0.723478	66 	0.780271	0.439731	772   	0.0687131	15.3617	66 	40 	3  	772   	5.00363 
INFO:gp:67 	753   	0.727899	67 	0.780271	0.470154	753   	0.0685924	14.7869	67 	37 	3  	753   	4.89354 
INFO:gp:68 	758   	0.723559	68 	0.787007	0.460727	758   	0.0717466	14.7967	68 	31 	3  	758   	4.60202 
INFO:gp:69 	780   	0.723819	69 	0.787008	0.48064 	780   	0.0723537	16.2317	69 	35 	3  	780   	4.54198 
INFO:gp:70 	758   	0.725474	70 	0.787008	0.427681	758   	0.0769724	17.5562	70 	33 	3  	758   	4.41034 
INFO:gp:71 	790   	0.725484	71 	0.787008	0.478661	790   	0.0765405	18.2884	71 	41 	3  	790   	4.61032 
INFO:gp:72 	807   	0.730944	72 	0.787366	0.480503	807   	0.0739916	18.695 	72 	34 	3  	807   	4.86723 
INFO:gp:73 	787   	0.726404	73 	0.787366	0.485097	787   	0.0801064	18.1369	73 	39 	3  	787   	5.47141 
INFO:gp:74 	768   	0.735481	74 	0.792134	0.454809	768   	0.075333 	17.48  	74 	41 	3  	768   	4.84776 
INFO:gp:75 	752   	0.732709	75 	0.792134	0.486069	752   	0.0747745	16.8485	75 	33 	3  	752   	4.68724 
INFO:gp:76 	765   	0.733633	76 	0.792134	0.448631	765   	0.0757678	17.3715	76 	36 	3  	765   	4.95639 
INFO:gp:77 	783   	0.732457	77 	0.792134	0.480081	783   	0.0744431	16.5767	77 	32 	3  	783   	5.10857 
INFO:gp:78 	764   	0.733519	78 	0.792135	0.461784	764   	0.0772627	15.5015	78 	37 	3  	764   	4.83468 
INFO:gp:79 	793   	0.726971	79 	0.794914	0.472904	793   	0.0804904	14.9795	79 	34 	3  	793   	4.29355 
INFO:gp:80 	761   	0.729369	80 	0.794914	0.486299	761   	0.0794741	14.9022	80 	33 	3  	761   	4.31577 
INFO:gp:81 	775   	0.733474	81 	0.795415	0.473304	775   	0.0772318	14.9365	81 	32 	3  	775   	4.20781 
INFO:gp:82 	740   	0.737001	82 	0.797445	0.468603	740   	0.0761544	15.0782	82 	32 	3  	740   	3.97053 
INFO:gp:83 	788   	0.735403	83 	0.798186	0.437076	788   	0.0754686	15.6911	83 	32 	3  	788   	3.84835 
INFO:gp:84 	765   	0.729746	84 	0.798186	0.464398	765   	0.0820087	16.0909	84 	32 	3  	765   	4.078   
INFO:gp:85 	766   	0.739887	85 	0.798186	0.453264	766   	0.0755339	16.349 	85 	33 	3  	766   	4.01079 
INFO:gp:86 	792   	0.735968	86 	0.798186	0.45849 	792   	0.0802622	16.5982	86 	32 	3  	792   	4.01219 
INFO:gp:87 	783   	0.738822	87 	0.798194	0.479219	783   	0.0763714	16.3392	87 	32 	3  	783   	3.70085 
INFO:gp:88 	798   	0.733502	88 	0.798194	0.476138	798   	0.0800067	16.2336	88 	30 	3  	798   	3.68415 
INFO:gp:89 	792   	0.733016	89 	0.798194	0.461025	792   	0.0800188	16.4829	89 	33 	3  	792   	4.05431 
INFO:gp:90 	784   	0.732789	90 	0.798194	0.454213	784   	0.081354 	17.132 	90 	33 	3  	784   	4.03857 
INFO:gp:91 	757   	0.736593	91 	0.801739	0.427726	757   	0.0817297	18.1564	91 	37 	3  	757   	4.43889 
INFO:gp:92 	771   	0.734224	92 	0.801739	0.478576	771   	0.0814433	19.4868	92 	43 	3  	771   	4.75289 
INFO:gp:93 	791   	0.732498	93 	0.801739	0.472709	791   	0.0855716	20.7732	93 	42 	3  	791   	4.72068 
INFO:gp:94 	769   	0.731095	94 	0.801739	0.468497	769   	0.0865404	21.3636	94 	43 	3  	769   	4.51377 
INFO:gp:95 	778   	0.735121	95 	0.80784 	0.467779	778   	0.082802 	21.7195	95 	43 	3  	778   	4.27597 
INFO:gp:96 	766   	0.737578	96 	0.80784 	0.483786	766   	0.0806482	21.4721	96 	38 	3  	766   	4.53691 
INFO:gp:97 	788   	0.736761	97 	0.80784 	0.430419	788   	0.0822999	21.4809	97 	47 	3  	788   	4.56402 
INFO:gp:98 	783   	0.736809	98 	0.80784 	0.467899	783   	0.0836655	20.8983	98 	44 	3  	783   	4.59625 
INFO:gp:99 	782   	0.736922	99 	0.80784 	0.484608	782   	0.0825838	20.7449	99 	42 	3  	782   	5.07562 
INFO:gp:100	771   	0.735867	100	0.80784 	0.482002	771   	0.0850496	21.0792	100	38 	3  	771   	5.31073 
INFO:gp:101	764   	0.736065	101	0.80784 	0.460733	764   	0.0884778	21.9717	101	45 	3  	764   	5.86723 
INFO:gp:102	787   	0.729772	102	0.80784 	0.458067	787   	0.0891865	22.8856	102	49 	3  	787   	5.53683 
INFO:gp:103	787   	0.73652 	103	0.80784 	0.473236	787   	0.0864517	22.8328	103	40 	3  	787   	5.18159 
INFO:gp:104	770   	0.737979	104	0.80784 	0.470973	770   	0.0860642	22.6188	104	40 	3  	770   	5.03102 
INFO:gp:105	754   	0.740184	105	0.80784 	0.43385 	754   	0.0852906	22.6794	105	46 	3  	754   	4.60426 
INFO:gp:106	765   	0.738265	106	0.80784 	0.471914	765   	0.0849172	22.8866	106	42 	3  	765   	4.56375 
INFO:gp:107	771   	0.741367	107	0.80784 	0.463846	771   	0.0859425	22.5943	107	40 	3  	771   	4.40326 
INFO:gp:108	785   	0.739721	108	0.80784 	0.455369	785   	0.0844565	22.35  	108	43 	3  	785   	4.82992 
INFO:gp:109	777   	0.740923	109	0.80784 	0.465365	777   	0.0887016	22.5367	109	43 	3  	777   	4.92548 
INFO:gp:110	754   	0.739815	110	0.80784 	0.471674	754   	0.0850287	22.5024	110	43 	3  	754   	4.57518 
INFO:gp:111	772   	0.737789	111	0.80784 	0.469293	772   	0.0862762	22.4604	111	40 	3  	772   	4.64688 
INFO:gp:112	788   	0.735741	112	0.80784 	0.434627	788   	0.0879625	22.392 	112	42 	3  	788   	5.0551  
INFO:gp:113	793   	0.73563 	113	0.80784 	0.472953	793   	0.0865695	22.5142	113	43 	3  	793   	5.03279 
INFO:gp:114	765   	0.739201	114	0.80784 	0.456263	765   	0.087296 	22.5024	114	43 	3  	765   	4.57903 
INFO:gp:115	795   	0.733278	115	0.80784 	0.465165	795   	0.0893588	22.6149	115	42 	3  	795   	4.20262 
INFO:gp:116	769   	0.741043	116	0.80784 	0.474375	769   	0.0846638	22.433 	116	49 	3  	769   	4.81091 
INFO:gp:117	764   	0.73612 	117	0.80784 	0.485644	764   	0.0890795	22.6119	117	43 	3  	764   	4.31131 
INFO:gp:118	747   	0.744481	118	0.80784 	0.453238	747   	0.0821844	22.6911	118	44 	3  	747   	4.83171 
INFO:gp:119	753   	0.741206	119	0.80784 	0.459039	753   	0.086163 	22.4448	119	43 	3  	753   	4.85152 
INFO:gp:120	805   	0.73609 	120	0.80784 	0.493443	805   	0.0876809	22.6373	120	43 	3  	805   	4.57205 
INFO:gp:121	782   	0.736454	121	0.80784 	0.463396	782   	0.0888597	22.5836	121	40 	3  	782   	4.59063 
INFO:gp:122	737   	0.739062	122	0.80784 	0.476501	737   	0.0902938	22.6315	122	42 	3  	737   	4.62135 
INFO:gp:123	762   	0.741935	123	0.80784 	0.462566	762   	0.0850964	22.7713	123	42 	3  	762   	4.35727 
INFO:gp:124	740   	0.742654	124	0.80784 	0.461977	740   	0.0842318	22.7625	124	55 	3  	740   	4.6573  
INFO:gp:125	783   	0.738981	125	0.80784 	0.474729	783   	0.084801 	22.7928	125	43 	3  	783   	4.36373 
INFO:gp:126	758   	0.737136	126	0.80784 	0.475441	758   	0.0885116	22.7498	126	55 	3  	758   	4.77509 
INFO:gp:127	781   	0.73749 	127	0.80784 	0.467707	781   	0.0867194	22.6569	127	43 	3  	781   	4.97742 
INFO:gp:128	764   	0.741176	128	0.80784 	0.480737	764   	0.0838191	22.5855	128	42 	3  	764   	4.90618 
INFO:gp:129	751   	0.742603	129	0.80784 	0.472683	751   	0.0860764	22.6598	129	43 	3  	751   	4.64809 
INFO:gp:130	782   	0.738273	130	0.80784 	0.448753	782   	0.0867513	22.5396	130	43 	3  	782   	4.71206 
INFO:gp:131	762   	0.73585 	131	0.80784 	0.484103	762   	0.0899528	22.7331	131	43 	3  	762   	4.51479 
INFO:gp:132	794   	0.735148	132	0.80784 	0.486001	794   	0.0860591	22.7771	132	43 	3  	794   	4.62147 
INFO:gp:133	769   	0.736557	133	0.80784 	0.467534	769   	0.0892067	22.8231	133	43 	3  	769   	4.64318 
INFO:gp:134	771   	0.739847	134	0.80784 	0.491615	771   	0.0845296	23.129 	134	43 	3  	771   	4.52267 
INFO:gp:135	745   	0.736266	135	0.80784 	0.477484	745   	0.0871365	23.0938	135	43 	3  	745   	4.27489 
INFO:gp:136	750   	0.73735 	136	0.80784 	0.467475	750   	0.0896806	23.1584	136	40 	3  	750   	4.18725 
INFO:gp:137	774   	0.737498	137	0.80784 	0.473423	774   	0.0870432	23.0215	137	48 	3  	774   	4.76993 
INFO:gp:138	765   	0.739066	138	0.80784 	0.457947	765   	0.0870257	22.9775	138	43 	3  	765   	4.85231 
INFO:gp:139	789   	0.735921	139	0.80784 	0.462229	789   	0.0889906	22.8231	139	42 	3  	789   	4.70155 
INFO:gp:140	815   	0.734603	140	0.80784 	0.465026	815   	0.0873244	22.7292	140	40 	3  	815   	4.83754 
INFO:gp:141	753   	0.738903	141	0.80784 	0.476333	753   	0.0859025	23.1007	141	42 	3  	753   	4.64399 
INFO:gp:142	802   	0.737986	142	0.80784 	0.476035	802   	0.0859485	22.8866	142	47 	3  	802   	4.77539 
INFO:gp:143	779   	0.739276	143	0.80784 	0.460412	779   	0.0840764	23.1701	143	40 	3  	779   	4.48811 
INFO:gp:144	756   	0.740167	144	0.80784 	0.450196	756   	0.0883552	23.1984	144	47 	3  	756   	4.71274 
INFO:gp:145	771   	0.740839	145	0.80784 	0.470838	771   	0.0857521	22.8543	145	43 	3  	771   	4.91644 
INFO:gp:146	767   	0.739101	146	0.80784 	0.460796	767   	0.0870037	22.9961	146	46 	3  	767   	4.96262 
INFO:gp:147	775   	0.734857	147	0.80784 	0.497322	775   	0.0869999	23.0909	147	40 	3  	775   	4.70338 
INFO:gp:148	777   	0.736678	148	0.80784 	0.416628	777   	0.0886325	23.2913	148	43 	3  	777   	4.65035 
INFO:gp:149	762   	0.733846	149	0.80784 	0.450751	762   	0.0915366	23.306 	149	46 	3  	762   	4.84735 
INFO:gp:150	778   	0.740289	150	0.808195	0.478631	778   	0.0862959	23.3646	150	46 	3  	778   	4.75592 
INFO:gp:151	776   	0.736288	151	0.808195	0.487748	776   	0.0880067	23.2141	151	44 	3  	776   	4.9201  
INFO:gp:152	764   	0.740848	152	0.813362	0.482921	764   	0.0852609	23.3666	152	44 	3  	764   	5.06956 
INFO:gp:153	777   	0.741779	153	0.813362	0.479792	777   	0.0876514	23.7625	153	49 	3  	777   	4.7403  
INFO:gp:154	759   	0.740848	154	0.813362	0.485273	759   	0.0876278	24.3451	154	44 	3  	759   	5.79051 
INFO:gp:155	770   	0.739495	155	0.813362	0.463447	770   	0.0863194	26.261 	155	44 	3  	770   	6.29864 
INFO:gp:156	791   	0.74176 	156	0.813362	0.447908	791   	0.0865766	28.7195	156	50 	3  	791   	7.35608 
INFO:gp:157	786   	0.743609	157	0.818115	0.461512	786   	0.0871689	32.348 	157	60 	3  	786   	7.33916 
INFO:gp:158	757   	0.741928	158	0.818115	0.48414 	757   	0.0874801	34.8377	158	54 	3  	757   	6.82121 
INFO:gp:159	753   	0.75151 	159	0.818115	0.457163	753   	0.0859081	35.8641	159	73 	3  	753   	6.74476 
INFO:gp:160	763   	0.745714	160	0.818115	0.471892	763   	0.0895085	36.9589	160	54 	3  	763   	5.51531 
INFO:gp:161	795   	0.748067	161	0.818115	0.450562	795   	0.0899667	37.7322	161	56 	3  	795   	5.94933 
INFO:gp:162	795   	0.752117	162	0.818115	0.490212	795   	0.0861249	38.869 	162	73 	3  	795   	6.74174 
INFO:gp:163	777   	0.750134	163	0.818115	0.487817	777   	0.0879213	40.3079	163	60 	3  	777   	6.0393  
INFO:gp:164	775   	0.749499	164	0.818115	0.489942	775   	0.087581 	40.696 	164	60 	3  	775   	6.00704 
INFO:gp:165	757   	0.755722	165	0.818115	0.469867	757   	0.0855419	40.7849	165	59 	3  	757   	6.13809 
INFO:gp:166	766   	0.754529	166	0.818219	0.471384	766   	0.0847322	41.044 	166	59 	3  	766   	5.42604 
INFO:gp:167	762   	0.758361	167	0.818219	0.48924 	762   	0.0843065	41.2581	167	61 	3  	762   	5.54321 
INFO:gp:168	762   	0.751739	168	0.818219	0.452104	762   	0.0880378	41.2385	168	61 	3  	762   	6.42848 
INFO:gp:169	795   	0.753364	169	0.818219	0.48063 	795   	0.086847 	42.3333	169	83 	3  	795   	6.21112 
INFO:gp:170	762   	0.75698 	170	0.818219	0.477512	762   	0.0847155	43.3832	170	59 	3  	762   	8.0594  
INFO:gp:171	788   	0.7535  	171	0.818219	0.460031	788   	0.0880221	46.6471	171	62 	3  	788   	8.5621  
INFO:gp:172	765   	0.760601	172	0.818219	0.45329 	765   	0.0824155	49.8006	172	73 	3  	765   	8.49687 
INFO:gp:173	773   	0.752076	173	0.818219	0.469633	773   	0.0860014	51.6041	173	68 	3  	773   	8.43761 
INFO:gp:174	735   	0.75741 	174	0.818219	0.459438	735   	0.0859995	51.869 	174	72 	3  	735   	8.07252 
INFO:gp:175	760   	0.755086	175	0.818219	0.492178	760   	0.0869535	52.3636	175	67 	3  	760   	7.3948  
INFO:gp:176	759   	0.756836	176	0.818219	0.478789	759   	0.0861495	52.7625	176	62 	3  	759   	6.50703 
INFO:gp:177	780   	0.755691	177	0.818219	0.484791	780   	0.0843065	52.7449	177	68 	3  	780   	6.91029 
INFO:gp:178	754   	0.75841 	178	0.818219	0.468059	754   	0.0857893	52.7879	178	87 	3  	754   	7.13444 
INFO:gp:179	775   	0.756194	179	0.818219	0.487711	775   	0.0858393	52.8368	179	62 	3  	775   	6.54854 
INFO:gp:180	780   	0.75394 	180	0.818219	0.446729	780   	0.0885101	52.433 	180	68 	3  	780   	7.74793 
INFO:gp:181	776   	0.754341	181	0.818219	0.464219	776   	0.0881044	52.6852	181	61 	3  	776   	7.27915 
INFO:gp:182	796   	0.75501 	182	0.818219	0.474317	796   	0.0874149	52.7273	182	72 	3  	796   	7.25441 
INFO:gp:183	769   	0.755773	183	0.818219	0.461822	769   	0.0865504	52.783 	183	68 	3  	769   	7.04446 
INFO:gp:184	778   	0.752062	184	0.818219	0.495127	778   	0.0860156	52.6637	184	107	3  	778   	7.74056 
INFO:gp:185	773   	0.752315	185	0.818219	0.478789	773   	0.0869703	52.999 	185	67 	3  	773   	6.44649 
INFO:gp:186	781   	0.754102	186	0.818219	0.483422	781   	0.0865832	52.695 	186	63 	3  	781   	7.39732 
INFO:gp:187	781   	0.760184	187	0.818219	0.479839	781   	0.0841896	53.1114	187	65 	3  	781   	6.1126  
INFO:gp:188	771   	0.756751	188	0.818219	0.492543	771   	0.0846102	52.9629	188	68 	3  	771   	7.04549 
INFO:gp:189	798   	0.752961	189	0.818219	0.460473	798   	0.0860674	53     	189	76 	3  	798   	6.43016 
INFO:gp:190	763   	0.757   	190	0.818219	0.462646	763   	0.0858341	52.9365	190	65 	3  	763   	7.07527 
INFO:gp:191	791   	0.754432	191	0.818219	0.441556	791   	0.083566 	53.259 	191	73 	3  	791   	6.35142 
INFO:gp:192	772   	0.752908	192	0.818219	0.479953	772   	0.0922114	52.9267	192	107	3  	772   	8.0018  
INFO:gp:193	804   	0.754706	193	0.818219	0.465762	804   	0.0875323	53.0772	193	67 	3  	804   	6.91315 
INFO:gp:194	782   	0.756072	194	0.818219	0.478281	782   	0.0844866	53.1163	194	69 	3  	782   	7.3391  
INFO:gp:195	769   	0.756302	195	0.818219	0.473848	769   	0.0857734	53.2209	195	67 	3  	769   	7.64435 
INFO:gp:196	782   	0.752389	196	0.818219	0.485644	782   	0.085263 	53.4106	196	65 	3  	782   	7.24515 
INFO:gp:197	755   	0.760393	197	0.819383	0.463963	755   	0.0831242	53.9531	197	68 	3  	755   	6.47438 
INFO:gp:198	763   	0.757856	198	0.819383	0.442149	763   	0.0861409	53.8895	198	72 	3  	763   	7.0502  
INFO:gp:199	791   	0.750229	199	0.819383	0.47624 	791   	0.0879138	53.6921	199	87 	3  	791   	7.8884  
INFO:gp:200	774   	0.756821	200	0.819383	0.487449	774   	0.0847233	53.9404	200	72 	3  	774   	7.14898 
INFO:gp:201	753   	0.759234	201	0.819383	0.469026	753   	0.0849123	54.1065	201	81 	3  	753   	6.70619 
INFO:gp:202	755   	0.759726	202	0.819383	0.462498	755   	0.08345  	53.7957	202	65 	3  	755   	7.16434 
INFO:gp:203	770   	0.7606  	203	0.819383	0.479854	770   	0.0836315	53.6852	203	65 	3  	770   	5.74981 
INFO:gp:204	784   	0.759291	204	0.819383	0.438773	784   	0.0854786	53.1584	204	71 	3  	784   	6.49974 
INFO:gp:205	781   	0.756876	205	0.819383	0.478657	781   	0.0870667	52.9541	205	69 	3  	781   	7.18971 
INFO:gp:206	773   	0.757241	206	0.819383	0.484085	773   	0.086974 	53.565 	206	69 	3  	773   	5.43183 
INFO:gp:207	748   	0.754977	207	0.819383	0.480748	748   	0.0890159	52.958 	207	73 	3  	748   	7.3637  
INFO:gp:208	784   	0.75549 	208	0.819383	0.469869	784   	0.0873725	52.9697	208	65 	3  	784   	7.45374 
INFO:gp:209	800   	0.757057	209	0.819383	0.482175	800   	0.0843962	53.2405	209	68 	3  	800   	6.40678 
INFO:gp:210	777   	0.76287 	210	0.819383	0.482344	777   	0.082815 	52.9844	210	72 	3  	777   	7.17112 
INFO:gp:211	762   	0.756822	211	0.819383	0.489171	762   	0.0864507	53.0489	211	72 	3  	762   	6.89238 
INFO:gp:212	769   	0.757611	212	0.819383	0.48289 	769   	0.0832189	53.3636	212	65 	3  	769   	6.17825 
INFO:gp:213	781   	0.759959	213	0.819383	0.462147	781   	0.085989 	53.2571	213	66 	3  	781   	6.24346 
INFO:gp:214	770   	0.760799	214	0.819383	0.471716	770   	0.0860652	53.0684	214	69 	3  	770   	7.00337 
INFO:gp:215	767   	0.756458	215	0.819383	0.48342 	767   	0.0865872	53.3324	215	87 	3  	767   	6.56161 
INFO:gp:216	762   	0.759219	216	0.819383	0.483978	762   	0.0864183	53.0313	216	65 	3  	762   	7.14594 
INFO:gp:217	776   	0.760068	217	0.819383	0.467618	776   	0.0851107	53.0948	217	67 	3  	776   	7.05126 
INFO:gp:218	782   	0.757996	218	0.819383	0.49346 	782   	0.0845614	53.3685	218	83 	3  	782   	6.46731 
INFO:gp:219	780   	0.76063 	219	0.819383	0.47613 	780   	0.084012 	53.4008	219	65 	3  	780   	6.00714 
INFO:gp:220	758   	0.756537	220	0.819383	0.465051	758   	0.0868922	53.2942	220	64 	3  	758   	6.88379 
INFO:gp:221	775   	0.758457	221	0.819383	0.48996 	775   	0.084301 	53.4448	221	107	3  	775   	6.6838  
INFO:gp:222	782   	0.758559	222	0.819383	0.484586	782   	0.0836562	53.2825	222	76 	3  	782   	6.4932  
INFO:gp:223	795   	0.75941 	223	0.819383	0.453433	795   	0.0840335	53.1026	223	67 	3  	795   	7.15587 
INFO:gp:224	773   	0.758766	224	0.819383	0.466386	773   	0.086575 	53.4438	224	107	3  	773   	6.35128 
INFO:gp:225	765   	0.763578	225	0.819383	0.464289	765   	0.0818609	53.1339	225	72 	3  	765   	6.83964 
INFO:gp:226	753   	0.758913	226	0.819383	0.461784	753   	0.085345 	53.392 	226	69 	3  	753   	6.83229 
INFO:gp:227	759   	0.757529	227	0.819383	0.463101	759   	0.0881312	53.5347	227	64 	3  	759   	6.40583 
INFO:gp:228	766   	0.75712 	228	0.819383	0.462092	766   	0.086191 	53.4497	228	72 	3  	766   	6.39901 
INFO:gp:229	789   	0.754048	229	0.819383	0.472455	789   	0.0888745	53.2278	229	67 	3  	789   	7.31687 
INFO:gp:230	773   	0.757008	230	0.819383	0.453424	773   	0.0831663	53.1554	230	87 	3  	773   	7.51787 
INFO:gp:231	794   	0.750104	231	0.819383	0.464752	794   	0.0897675	53.4125	231	73 	3  	794   	7.24099 
INFO:gp:232	773   	0.758341	232	0.819383	0.45019 	773   	0.0832562	53.4096	232	91 	3  	773   	7.57145 
INFO:gp:233	790   	0.75528 	233	0.819383	0.481149	790   	0.0886995	53.0362	233	68 	3  	790   	8.06569 
INFO:gp:234	773   	0.753   	234	0.819383	0.459178	773   	0.0871789	53.4262	234	67 	3  	773   	8.0782  
INFO:gp:235	737   	0.759209	235	0.819383	0.480732	737   	0.0856908	53.4995	235	72 	3  	737   	7.31793 
INFO:gp:236	778   	0.755395	236	0.819383	0.462066	778   	0.0879009	53.8348	236	111	3  	778   	6.77347 
INFO:gp:237	782   	0.760206	237	0.819383	0.480103	782   	0.0837441	53.6706	237	72 	3  	782   	7.52019 
INFO:gp:238	787   	0.756996	238	0.819383	0.486686	787   	0.0860417	53.7586	238	87 	3  	787   	7.25242 
INFO:gp:239	731   	0.758873	239	0.819383	0.477745	731   	0.084296 	53.8925	239	68 	3  	731   	7.2818  
INFO:gp:240	770   	0.75627 	240	0.819383	0.464789	770   	0.0888193	53.5005	240	76 	3  	770   	7.58064 
INFO:gp:241	750   	0.761033	241	0.819383	0.46531 	750   	0.0841602	53.8416	241	73 	3  	750   	7.21357 
INFO:gp:242	756   	0.756261	242	0.819383	0.44295 	756   	0.0883738	53.9971	242	87 	3  	756   	6.74584 
INFO:gp:243	790   	0.753898	243	0.819383	0.456887	790   	0.0867501	53.8573	243	71 	3  	790   	7.53948 
INFO:gp:244	773   	0.756911	244	0.819383	0.471716	773   	0.0870285	54.0762	244	65 	3  	773   	7.02015 
INFO:gp:245	748   	0.758965	245	0.819383	0.467133	748   	0.0873122	54     	245	65 	3  	748   	6.98469 
INFO:gp:246	751   	0.762818	246	0.819383	0.479937	751   	0.0847662	54.2121	246	68 	3  	751   	7.02885 
INFO:gp:247	785   	0.754565	247	0.819383	0.472776	785   	0.0864266	54.5455	247	67 	3  	785   	6.2839  
INFO:gp:248	737   	0.762025	248	0.819383	0.478117	737   	0.0832182	54.5161	248	67 	3  	737   	7.37088 
INFO:gp:249	785   	0.754582	249	0.819383	0.46724 	785   	0.0888415	54.2209	249	72 	3  	785   	8.17634 
INFO:gp:250	784   	0.755452	250	0.819383	0.499728	784   	0.0853024	54.7889	250	107	3  	784   	6.81399 
INFO:gp:251	779   	0.75715 	251	0.819383	0.462066	779   	0.084927 	54.6012	251	91 	3  	779   	7.50831 
INFO:gp:252	777   	0.760149	252	0.819383	0.486939	777   	0.082615 	54.8094	252	69 	3  	777   	6.86839 
INFO:gp:253	772   	0.759556	253	0.819383	0.468212	772   	0.0836253	54.7488	253	67 	3  	772   	7.01405 
INFO:gp:254	785   	0.754109	254	0.819383	0.471579	785   	0.0897258	54.5718	254	75 	3  	785   	8.22285 
INFO:gp:255	767   	0.764112	255	0.819383	0.497085	767   	0.0816703	55.3822	255	72 	3  	767   	6.17135 
INFO:gp:256	780   	0.755796	256	0.819383	0.492075	780   	0.0876299	55.2434	256	67 	3  	780   	6.56425 
INFO:gp:257	778   	0.757298	257	0.819383	0.488568	778   	0.0855939	55.1193	257	111	3  	778   	7.64239 
INFO:gp:258	758   	0.759097	258	0.819383	0.485973	758   	0.0857387	55.6667	258	69 	3  	758   	7.00268 
INFO:gp:259	763   	0.758165	259	0.819383	0.458166	763   	0.0884693	55.4721	259	107	3  	763   	8.37961 
INFO:gp:260	760   	0.761935	260	0.819383	0.475924	760   	0.0828364	56.2336	260	76 	3  	760   	6.87958 
INFO:gp:261	757   	0.758072	261	0.819383	0.473511	757   	0.0878249	56.3695	261	69 	3  	757   	6.39391 
INFO:gp:262	796   	0.75818 	262	0.819383	0.488117	796   	0.0858078	55.9951	262	73 	3  	796   	8.06916 
INFO:gp:263	768   	0.76112 	263	0.819383	0.479219	768   	0.0854434	55.9707	263	72 	3  	768   	7.25766 
INFO:gp:264	775   	0.761064	264	0.819383	0.482018	775   	0.0838994	56.0518	264	67 	3  	775   	7.06735 
INFO:gp:265	764   	0.75899 	265	0.819383	0.483127	764   	0.0846504	56.5347	265	71 	3  	764   	5.89933 
INFO:gp:266	805   	0.7632  	266	0.819383	0.498574	805   	0.0804962	56.2258	266	91 	3  	805   	6.47567 
INFO:gp:267	795   	0.750236	267	0.819383	0.464723	795   	0.090107 	55.9795	267	107	3  	795   	7.83846 
INFO:gp:268	746   	0.757868	268	0.819383	0.485301	746   	0.0867048	55.9355	268	73 	3  	746   	7.47376 
INFO:gp:269	779   	0.757718	269	0.819383	0.41383 	779   	0.0882913	55.8289	269	80 	3  	779   	8.33154 
INFO:gp:270	794   	0.758616	270	0.819383	0.492784	794   	0.0850052	56.1173	270	67 	3  	794   	8.61288 
INFO:gp:271	771   	0.756317	271	0.819383	0.462161	771   	0.0886033	55.9824	271	77 	3  	771   	7.63319 
INFO:gp:272	746   	0.764584	272	0.819383	0.500009	746   	0.0827475	56.5279	272	69 	3  	746   	6.79392 
INFO:gp:273	773   	0.76021 	273	0.819383	0.490402	773   	0.0853824	56.219 	273	73 	3  	773   	7.82625 
INFO:gp:274	771   	0.75924 	274	0.819383	0.460414	771   	0.0869892	56.4927	274	70 	3  	771   	7.55803 
INFO:gp:275	754   	0.759388	275	0.819383	0.471483	754   	0.0852877	56.9316	275	69 	6  	754   	5.83926 
INFO:gp:276	783   	0.755591	276	0.819383	0.473767	783   	0.08877  	55.8309	276	80 	3  	783   	8.34904 
INFO:gp:277	748   	0.758573	277	0.819383	0.458166	748   	0.0871331	55.9335	277	70 	3  	748   	7.81816 
INFO:gp:278	753   	0.762048	278	0.819383	0.474196	753   	0.0834173	56.3891	278	81 	3  	753   	6.22274 
INFO:gp:279	796   	0.753675	279	0.819383	0.491921	796   	0.0872994	55.8309	279	87 	3  	796   	7.89098 
INFO:gp:280	786   	0.762085	280	0.819383	0.480216	786   	0.0850318	55.8094	280	77 	3  	786   	7.22775 
INFO:gp:281	746   	0.761684	281	0.819383	0.490069	746   	0.0847761	56.175 	281	71 	3  	746   	6.85171 
INFO:gp:282	762   	0.757489	282	0.819383	0.482077	762   	0.0878563	56.5152	282	72 	3  	762   	6.6341  
