INFO:data:Reading dataset fish: oil
INFO:data:Class Counts: [108 126], Class Ratios: [0.46153846 0.53846154]
INFO:data:Number of features: 1023
INFO:data:Number of instances: 234
INFO:data:Number of classes 2.
INFO:__main__:No model found. Train from scratch.
INFO:gp:   	      	                                 fitness                                 	                      size                     
   	      	-------------------------------------------------------------------------	-----------------------------------------------
gen	nevals	avg     	gen	max     	min     	nevals	std      	avg    	gen	max	min	nevals	std    
0  	1023  	0.503216	0  	0.634969	0.378217	1023  	0.0369283	3.56403	0  	7  	2  	1023  	1.37338
INFO:gp:1  	772   	0.533264	1  	0.664508	0.373253	772   	0.039474 	3.58651	1  	10 	2  	772   	1.42937
INFO:gp:2  	808   	0.5478  	2  	0.676354	0.345633	808   	0.0485507	3.71065	2  	11 	2  	808   	1.5426 
INFO:gp:3  	763   	0.569719	3  	0.684078	0.383958	763   	0.0531923	3.8172 	3  	11 	2  	763   	1.65701
INFO:gp:4  	792   	0.582128	4  	0.686749	0.398691	792   	0.0597311	3.94428	4  	12 	2  	792   	1.71926
INFO:gp:5  	786   	0.600634	5  	0.713263	0.378574	786   	0.0632008	4.75953	5  	11 	2  	786   	2.05421
INFO:gp:6  	772   	0.621474	6  	0.713263	0.351516	772   	0.0663949	5.81623	6  	13 	2  	772   	2.07895
INFO:gp:7  	779   	0.634429	7  	0.718343	0.400819	779   	0.0619727	6.24145	7  	16 	2  	779   	2.10927
INFO:gp:8  	743   	0.637896	8  	0.718343	0.378574	743   	0.0652844	6.18084	8  	14 	2  	743   	2.4414 
INFO:gp:9  	752   	0.643772	9  	0.729208	0.400819	752   	0.0634536	5.73705	9  	14 	2  	752   	2.63562
INFO:gp:10 	759   	0.648339	10 	0.729208	0.459793	759   	0.064484 	5.31183	10 	16 	2  	759   	2.62917
INFO:gp:11 	792   	0.650507	11 	0.732527	0.422591	792   	0.0668627	4.90616	11 	14 	3  	792   	2.42603
INFO:gp:12 	774   	0.658082	12 	0.737942	0.446752	774   	0.0672618	4.76344	12 	14 	3  	774   	2.21978
INFO:gp:13 	807   	0.659549	13 	0.737942	0.476999	807   	0.0670476	4.75855	13 	14 	3  	807   	2.08597
INFO:gp:14 	745   	0.66478 	14 	0.738738	0.385404	745   	0.0688014	5.21408	14 	15 	3  	745   	2.23018
INFO:gp:15 	760   	0.662521	15 	0.740402	0.456098	760   	0.0720132	5.6608 	15 	15 	3  	760   	2.25659
INFO:gp:16 	780   	0.663941	16 	0.748937	0.456801	780   	0.0739302	6.13783	16 	15 	3  	780   	2.1907 
INFO:gp:17 	750   	0.670586	17 	0.748937	0.454611	750   	0.0723922	7.03324	17 	20 	3  	750   	2.65899
INFO:gp:18 	752   	0.667513	18 	0.748937	0.33219 	752   	0.0795761	7.94135	18 	23 	3  	752   	3.08569
INFO:gp:19 	787   	0.668709	19 	0.752698	0.429436	787   	0.079439 	8.80743	19 	26 	3  	787   	3.49543
INFO:gp:20 	784   	0.670136	20 	0.752698	0.384915	784   	0.0805558	9.88074	20 	26 	3  	784   	4.13854
INFO:gp:21 	770   	0.6755  	21 	0.757327	0.440578	770   	0.0796728	11.3314	21 	27 	3  	770   	4.71439
INFO:gp:22 	791   	0.680353	22 	0.759668	0.461398	791   	0.0809706	12.1525	22 	32 	3  	791   	4.84624
INFO:gp:23 	781   	0.683699	23 	0.767107	0.416307	781   	0.0800981	13.0538	23 	31 	3  	781   	4.90437
INFO:gp:24 	780   	0.685343	24 	0.767107	0.451573	780   	0.0811516	14.2326	24 	31 	3  	780   	5.00465
INFO:gp:25 	783   	0.692839	25 	0.767846	0.407095	783   	0.0800986	15.6774	25 	35 	3  	783   	4.82697
INFO:gp:26 	775   	0.701479	26 	0.778712	0.444074	775   	0.0760302	16.4066	26 	34 	3  	775   	5.12167
INFO:gp:27 	770   	0.696539	27 	0.778712	0.458009	770   	0.0805323	17.1525	27 	37 	3  	770   	4.81142
INFO:gp:28 	790   	0.696976	28 	0.778712	0.461099	790   	0.0812221	17.1935	28 	35 	3  	790   	5.21106
INFO:gp:29 	752   	0.697123	29 	0.778712	0.42685 	752   	0.084117 	16.4976	29 	35 	3  	752   	5.13453
INFO:gp:30 	779   	0.698521	30 	0.778712	0.457059	779   	0.0838752	15.6921	30 	35 	3  	779   	5.11376
INFO:gp:31 	781   	0.695877	31 	0.778712	0.434101	781   	0.0837721	15.4741	31 	32 	3  	781   	4.51402
INFO:gp:32 	779   	0.702874	32 	0.778712	0.444809	779   	0.0830717	15.7517	32 	29 	3  	779   	4.33551
INFO:gp:33 	764   	0.702108	33 	0.778712	0.463769	764   	0.0845757	15.8974	33 	29 	3  	764   	4.28166
INFO:gp:34 	815   	0.694845	34 	0.778712	0.378715	815   	0.0865788	15.3157	34 	33 	3  	815   	4.30928
INFO:gp:35 	787   	0.693996	35 	0.778712	0.354935	787   	0.0885576	14.9677	35 	29 	3  	787   	4.20072
INFO:gp:36 	792   	0.692052	36 	0.778712	0.445493	792   	0.0892581	14.6149	36 	32 	3  	792   	3.94863
INFO:gp:37 	782   	0.696111	37 	0.778712	0.473019	782   	0.0927026	14.3705	37 	29 	3  	782   	3.7352 
INFO:gp:38 	767   	0.692218	38 	0.778712	0.396135	767   	0.091373 	14.0674	38 	29 	3  	767   	3.65099
INFO:gp:39 	758   	0.700863	39 	0.778712	0.486452	758   	0.087729 	13.9599	39 	29 	3  	758   	3.5636 
INFO:gp:40 	776   	0.69382 	40 	0.778712	0.35458 	776   	0.0928594	13.9394	40 	29 	3  	776   	3.28363
INFO:gp:41 	765   	0.691031	41 	0.778712	0.275106	765   	0.095682 	13.9658	41 	29 	3  	765   	3.47365
INFO:gp:42 	779   	0.693493	42 	0.778712	0.414875	779   	0.0924705	14.0117	42 	29 	3  	779   	3.71674
INFO:gp:43 	777   	0.701355	43 	0.778712	0.478565	777   	0.0888698	13.9795	43 	32 	3  	777   	3.69573
INFO:gp:44 	775   	0.698209	44 	0.778712	0.454634	775   	0.0897474	13.9902	44 	29 	3  	775   	3.42863
INFO:gp:45 	765   	0.699728	45 	0.778712	0.440612	765   	0.0904193	14.0694	45 	32 	3  	765   	3.56809
INFO:gp:46 	757   	0.701687	46 	0.778712	0.480668	757   	0.0890273	14     	46 	32 	3  	757   	3.49444
INFO:gp:47 	779   	0.700019	47 	0.778712	0.402993	779   	0.0903177	13.9892	47 	33 	3  	779   	3.62635
INFO:gp:48 	768   	0.69964 	48 	0.778712	0.349422	768   	0.0929815	14.0694	48 	33 	3  	768   	3.61166
INFO:gp:49 	750   	0.701465	49 	0.778713	0.460604	750   	0.0905404	13.9902	49 	33 	3  	750   	3.71227
INFO:gp:50 	778   	0.700593	50 	0.778713	0.449637	778   	0.0896488	13.912 	50 	33 	3  	778   	3.5137 
INFO:gp:51 	774   	0.700016	51 	0.778713	0.467622	774   	0.0897619	14.0342	51 	33 	3  	774   	3.60322
INFO:gp:52 	790   	0.695202	52 	0.778714	0.434034	790   	0.0918268	14.2434	52 	33 	3  	790   	3.57771
INFO:gp:53 	767   	0.699469	53 	0.778714	0.479872	767   	0.0903572	14.6696	53 	33 	3  	767   	3.7812 
INFO:gp:54 	764   	0.701106	54 	0.778726	0.417155	764   	0.0895569	15.2708	54 	33 	3  	764   	3.79895
INFO:gp:55 	788   	0.696591	55 	0.778726	0.464052	788   	0.0925477	16.2219	55 	33 	3  	788   	4.1195 
INFO:gp:56 	773   	0.703316	56 	0.778726	0.443889	773   	0.088789 	17.2151	56 	33 	3  	773   	3.6309 
INFO:gp:57 	796   	0.697663	57 	0.778726	0.469097	796   	0.0926357	17.7898	57 	33 	3  	796   	3.77984
INFO:gp:58 	762   	0.712228	58 	0.778726	0.472409	762   	0.0855667	18.3157	58 	30 	3  	762   	3.63229
INFO:gp:59 	762   	0.710456	59 	0.778726	0.39753 	762   	0.0874956	19.608 	59 	34 	3  	762   	3.62863
INFO:gp:60 	762   	0.71366 	60 	0.778726	0.424311	762   	0.0854176	20.7537	60 	35 	3  	762   	4.00317
INFO:gp:61 	783   	0.711443	61 	0.782421	0.475166	783   	0.0863039	21.566 	61 	35 	3  	783   	3.98596
INFO:gp:62 	780   	0.716619	62 	0.782421	0.482591	780   	0.0861605	21.7468	62 	35 	3  	780   	3.57238
INFO:gp:63 	796   	0.713377	63 	0.782421	0.445876	796   	0.084961 	22.131 	63 	35 	5  	796   	3.53511
INFO:gp:64 	775   	0.712484	64 	0.782421	0.484645	775   	0.0865294	22.2805	64 	36 	3  	775   	3.66518
INFO:gp:65 	797   	0.713924	65 	0.782421	0.488208	797   	0.0855514	22.0235	65 	36 	3  	797   	4.21692
INFO:gp:66 	759   	0.713627	66 	0.782421	0.471986	759   	0.0866326	22.2893	66 	37 	3  	759   	3.94344
INFO:gp:67 	795   	0.718245	67 	0.782421	0.472261	795   	0.0832536	22.4575	67 	38 	3  	795   	4.34867
INFO:gp:68 	756   	0.714393	68 	0.782422	0.438105	756   	0.0851719	22.5963	68 	38 	3  	756   	4.94449
INFO:gp:69 	767   	0.707558	69 	0.782422	0.415567	767   	0.0919596	22.3441	69 	40 	3  	767   	5.28049
INFO:gp:70 	776   	0.703111	70 	0.782427	0.46208 	776   	0.0915643	21.3959	70 	40 	5  	776   	5.2489 
INFO:gp:71 	788   	0.703084	71 	0.782427	0.436786	788   	0.0913156	20.567 	71 	40 	3  	788   	5.08069
INFO:gp:72 	742   	0.709679	72 	0.782427	0.454023	742   	0.0903339	20.26  	72 	38 	3  	742   	4.71213
INFO:gp:73 	768   	0.709194	73 	0.782427	0.454953	768   	0.089552 	20.4321	73 	35 	3  	768   	4.6623 
INFO:gp:74 	764   	0.708981	74 	0.782429	0.464287	764   	0.0888457	21.2141	74 	42 	3  	764   	4.49917
INFO:gp:75 	795   	0.703419	75 	0.782433	0.434672	795   	0.0915183	22.3431	75 	40 	3  	795   	4.76183
INFO:gp:76 	763   	0.712221	76 	0.786128	0.493132	763   	0.0882887	23.4614	76 	43 	3  	763   	4.81203
INFO:gp:77 	767   	0.71093 	77 	0.786134	0.462681	767   	0.089373 	24.8886	77 	43 	3  	767   	4.60771
INFO:gp:78 	744   	0.714562	78 	0.786134	0.487295	744   	0.0871909	25.9071	78 	46 	3  	744   	4.74905
INFO:gp:79 	761   	0.71018 	79 	0.786134	0.463345	761   	0.0922268	27.1251	79 	47 	3  	761   	5.74192
INFO:gp:80 	777   	0.720495	80 	0.786134	0.443114	777   	0.0869064	29.6119	80 	52 	3  	777   	6.47357
INFO:gp:81 	782   	0.715173	81 	0.786137	0.463608	782   	0.0920012	32.2757	81 	58 	3  	782   	7.34263
INFO:gp:82 	764   	0.716375	82 	0.786137	0.479382	764   	0.0902628	34.7605	82 	59 	3  	764   	8.07869
INFO:gp:83 	776   	0.719667	83 	0.786137	0.437278	776   	0.0900069	36.8631	83 	72 	3  	776   	7.19447
INFO:gp:84 	801   	0.71481 	84 	0.786137	0.43565 	801   	0.0902974	36.0684	84 	73 	3  	801   	6.76019
INFO:gp:85 	769   	0.717039	85 	0.786137	0.480893	769   	0.0906875	35.5679	85 	50 	3  	769   	6.18571
INFO:gp:86 	742   	0.723923	86 	0.786138	0.488613	742   	0.0871066	35.4428	86 	54 	3  	742   	6.56618
INFO:gp:87 	746   	0.720217	87 	0.786138	0.496253	746   	0.089265 	37.3675	87 	73 	3  	746   	6.81725
INFO:gp:88 	775   	0.718265	88 	0.786138	0.483255	775   	0.0911535	39.3959	88 	75 	3  	775   	6.24215
INFO:gp:89 	778   	0.71767 	89 	0.786138	0.487829	778   	0.0913507	39.8534	89 	73 	4  	778   	6.37382
INFO:gp:90 	789   	0.725037	90 	0.786138	0.464864	789   	0.0884897	39.9208	90 	72 	3  	789   	6.65007
INFO:gp:91 	769   	0.720559	91 	0.786181	0.480795	769   	0.088878 	39.7801	91 	73 	3  	769   	6.37026
INFO:gp:92 	775   	0.722226	92 	0.789833	0.469366	775   	0.0892666	38.7615	92 	66 	3  	775   	6.5997 
INFO:gp:93 	773   	0.722041	93 	0.789833	0.481336	773   	0.088474 	38.0714	93 	51 	3  	773   	5.38451
INFO:gp:94 	793   	0.719275	94 	0.789833	0.461064	793   	0.0894861	37.5142	94 	67 	3  	793   	6.12014
INFO:gp:95 	776   	0.709968	95 	0.789833	0.479679	776   	0.0916852	37.6745	95 	67 	3  	776   	5.73704
INFO:gp:96 	744   	0.718983	96 	0.789834	0.480858	744   	0.0916133	38.3421	96 	56 	5  	744   	5.1199 
INFO:gp:97 	766   	0.721145	97 	0.789834	0.444299	766   	0.0909507	38.9932	97 	66 	5  	766   	5.61862
INFO:gp:98 	757   	0.716993	98 	0.789834	0.452924	757   	0.0927735	39.739 	98 	73 	3  	757   	5.65852
INFO:gp:99 	770   	0.723833	99 	0.789834	0.477906	770   	0.0896775	39.8817	99 	56 	7  	770   	5.00036
INFO:gp:100	750   	0.72291 	100	0.789834	0.472416	750   	0.0889787	39.7361	100	72 	3  	750   	5.98554
INFO:gp:101	768   	0.725465	101	0.789834	0.482479	768   	0.0899591	39.998 	101	75 	3  	768   	5.92227
INFO:gp:102	789   	0.721498	102	0.789834	0.443253	789   	0.0917118	40.7302	102	76 	3  	789   	5.81816
INFO:gp:103	783   	0.714516	103	0.789834	0.444884	783   	0.0923175	41.2434	103	56 	3  	783   	5.51302
INFO:gp:104	765   	0.721722	104	0.789834	0.490689	765   	0.0907771	41.1173	104	62 	3  	765   	6.04431
INFO:gp:105	752   	0.725271	105	0.789834	0.476233	752   	0.0889138	41.2082	105	62 	3  	752   	6.21846
INFO:gp:106	796   	0.718777	106	0.789834	0.481497	796   	0.0894257	41.52  	106	58 	3  	796   	5.51079
INFO:gp:107	748   	0.720216	107	0.789834	0.49064 	748   	0.0899662	41.5239	107	62 	3  	748   	5.77292
INFO:gp:108	771   	0.714039	108	0.789834	0.480995	771   	0.0931776	41.7204	108	75 	3  	771   	5.46329
INFO:gp:109	785   	0.720541	109	0.789834	0.464741	785   	0.0906378	41.6119	109	60 	7  	785   	5.31077
INFO:gp:110	780   	0.722198	110	0.789834	0.483795	780   	0.089054 	41.4047	110	55 	7  	780   	5.73345
INFO:gp:111	771   	0.713646	111	0.789834	0.469641	771   	0.0925034	41.5718	111	76 	3  	771   	5.80933
INFO:gp:112	768   	0.716421	112	0.789834	0.452109	768   	0.0907257	41.781 	112	75 	3  	768   	5.20799
INFO:gp:113	776   	0.717978	113	0.789834	0.494575	776   	0.0928356	41.4712	113	75 	3  	776   	5.81306
INFO:gp:114	773   	0.725609	114	0.789834	0.488591	773   	0.0898942	41.6178	114	60 	3  	773   	5.4754 
INFO:gp:115	787   	0.720062	115	0.789834	0.447086	787   	0.0906546	41.7165	115	76 	7  	787   	5.58116
INFO:gp:116	773   	0.720465	116	0.789834	0.494575	773   	0.0893189	41.4888	116	62 	3  	773   	5.78514
INFO:gp:117	787   	0.718635	117	0.789834	0.459716	787   	0.0916398	41.8436	117	62 	3  	787   	4.73057
INFO:gp:118	729   	0.722658	118	0.789834	0.473025	729   	0.0889406	41.4526	118	76 	3  	729   	6.35704
INFO:gp:119	766   	0.714221	119	0.789834	0.475985	766   	0.0918801	41.9003	119	76 	3  	766   	4.93495
INFO:gp:120	791   	0.714785	120	0.789834	0.459638	791   	0.0940996	41.52  	120	69 	3  	791   	5.68764
INFO:gp:121	753   	0.720224	121	0.789834	0.482561	753   	0.0909397	41.5914	121	55 	3  	753   	5.5184 
INFO:gp:122	769   	0.717376	122	0.789834	0.437277	769   	0.0916405	41.5865	122	74 	6  	769   	5.80441
INFO:gp:123	801   	0.722286	123	0.789834	0.495494	801   	0.0908667	41.8319	123	75 	6  	801   	4.90587
INFO:gp:124	775   	0.721137	124	0.789834	0.470698	775   	0.0912748	41.391 	124	55 	3  	775   	6.15327
INFO:gp:125	761   	0.717473	125	0.789834	0.472331	761   	0.0927322	41.478 	125	76 	3  	761   	6.26689
INFO:gp:126	740   	0.723032	126	0.789834	0.45164 	740   	0.0883666	41.6833	126	75 	3  	740   	5.69881
INFO:gp:127	774   	0.716761	127	0.789834	0.433073	774   	0.0917354	41.6256	127	62 	3  	774   	5.49999
INFO:gp:128	785   	0.715234	128	0.789834	0.470987	785   	0.0928525	41.7683	128	61 	3  	785   	5.24102
INFO:gp:129	784   	0.715814	129	0.789834	0.469456	784   	0.0926289	41.7185	129	79 	7  	784   	5.76002
INFO:gp:130	734   	0.726711	130	0.789834	0.485749	734   	0.0878906	41.6178	130	75 	3  	734   	6.15279
INFO:gp:131	744   	0.72321 	131	0.789834	0.492424	744   	0.0890766	41.9472	131	76 	3  	744   	5.28366
INFO:gp:132	782   	0.717276	132	0.791792	0.47514 	782   	0.0917928	41.7195	132	76 	3  	782   	5.76066
INFO:gp:133	777   	0.719854	133	0.791792	0.490923	777   	0.0893825	41.8446	133	76 	3  	777   	5.61491
INFO:gp:134	759   	0.723703	134	0.791796	0.488591	759   	0.0887911	41.7273	134	55 	4  	759   	5.3886 
INFO:gp:135	785   	0.721499	135	0.791796	0.464481	785   	0.0909435	41.6344	135	62 	3  	785   	5.91081
INFO:gp:136	767   	0.722257	136	0.791796	0.440254	767   	0.0920562	41.7155	136	77 	3  	767   	6.0132 
INFO:gp:137	779   	0.716279	137	0.791796	0.457033	779   	0.093134 	41.7507	137	72 	3  	779   	5.97988
INFO:gp:138	784   	0.723282	138	0.791802	0.493912	784   	0.0893366	42.1476	138	76 	3  	784   	5.31148
INFO:gp:139	772   	0.720047	139	0.795483	0.478396	772   	0.0912115	42.2786	139	55 	3  	772   	5.47951
INFO:gp:140	774   	0.722762	140	0.795483	0.428714	774   	0.0903888	42.8876	140	78 	3  	774   	5.59133
INFO:gp:141	748   	0.723138	141	0.795567	0.474486	748   	0.0925795	43.3069	141	79 	3  	748   	5.83645
INFO:gp:142	764   	0.720312	142	0.795567	0.489795	764   	0.092911 	42.8768	142	82 	7  	764   	7.01851
INFO:gp:143	778   	0.720594	143	0.795567	0.49321 	778   	0.0933329	42.13  	143	81 	3  	778   	7.37328
INFO:gp:144	736   	0.728027	144	0.795567	0.477352	736   	0.0912752	41.7204	144	70 	3  	736   	6.197  
INFO:gp:145	757   	0.723665	145	0.795567	0.481769	757   	0.0942643	41.8368	145	60 	6  	757   	6.08957
INFO:gp:146	763   	0.720103	146	0.795567	0.469764	763   	0.0950241	43.2845	146	71 	3  	763   	6.25307
INFO:gp:147	770   	0.730277	147	0.795623	0.479333	770   	0.089992 	44.7644	147	71 	3  	770   	6.77514
INFO:gp:148	770   	0.718282	148	0.795623	0.489338	770   	0.0967888	45.5738	148	65 	3  	770   	6.85702
INFO:gp:149	764   	0.728929	149	0.795623	0.487108	764   	0.0917815	46.2023	149	82 	3  	764   	6.44998
INFO:gp:150	771   	0.722066	150	0.795623	0.455621	771   	0.0928672	46.1857	150	85 	3  	771   	6.56084
INFO:gp:151	751   	0.728093	151	0.795623	0.463259	751   	0.0902889	46.0704	151	84 	3  	751   	6.34715
INFO:gp:152	787   	0.725106	152	0.795623	0.436649	787   	0.0940078	45.6002	152	71 	3  	787   	7.05899
INFO:gp:153	799   	0.720789	153	0.795623	0.467316	799   	0.0948649	45.7928	153	80 	3  	799   	6.68975
INFO:gp:154	765   	0.727448	154	0.795625	0.474598	765   	0.0909036	46.0039	154	68 	3  	765   	6.4291 
INFO:gp:155	772   	0.722862	155	0.795625	0.469084	772   	0.0937348	46.5406	155	59 	6  	772   	5.57821
INFO:gp:156	802   	0.720627	156	0.795625	0.477214	802   	0.0940254	46.3812	156	84 	3  	802   	6.57562
INFO:gp:157	800   	0.720544	157	0.795625	0.468961	800   	0.0942856	46.2405	157	72 	3  	800   	6.88978
INFO:gp:158	771   	0.724599	158	0.795625	0.490785	771   	0.0930512	46.1681	158	71 	3  	771   	6.58808
INFO:gp:159	764   	0.730004	159	0.795625	0.481839	764   	0.0902941	46.218 	159	72 	3  	764   	6.66269
INFO:gp:160	784   	0.721797	160	0.795625	0.485248	784   	0.0939219	46.3333	160	58 	3  	784   	5.68988
INFO:gp:161	754   	0.723108	161	0.795625	0.474901	754   	0.0936984	46.348 	161	68 	3  	754   	5.90608
INFO:gp:162	765   	0.724467	162	0.795625	0.492659	765   	0.0927078	45.9228	162	75 	5  	765   	6.38737
INFO:gp:163	782   	0.725212	163	0.795625	0.480339	782   	0.0917847	45.6119	163	80 	3  	782   	5.70563
INFO:gp:164	776   	0.715727	164	0.795625	0.465926	776   	0.0988138	45.0332	164	81 	3  	776   	6.05763
INFO:gp:165	761   	0.723286	165	0.795625	0.474124	761   	0.0938862	44.7185	165	81 	3  	761   	6.47628
INFO:gp:166	756   	0.719319	166	0.795625	0.456738	756   	0.0946349	44.7077	166	58 	6  	756   	6.15454
INFO:gp:167	780   	0.718139	167	0.795625	0.461804	780   	0.0969284	44.8817	167	64 	3  	780   	5.59314
INFO:gp:168	776   	0.723538	168	0.795625	0.466166	776   	0.095419 	44.6354	168	67 	3  	776   	5.99796
INFO:gp:169	799   	0.721113	169	0.795625	0.490643	799   	0.0928522	44.7331	169	78 	3  	799   	6.06241
INFO:gp:170	788   	0.725857	170	0.795625	0.456143	788   	0.0933862	44.4389	170	58 	3  	788   	6.63987
INFO:gp:171	777   	0.722247	171	0.795633	0.442448	777   	0.0940373	44.8543	171	58 	3  	777   	5.93985
INFO:gp:172	796   	0.718222	172	0.795633	0.474532	796   	0.0956584	44.6129	172	78 	3  	796   	6.62888
INFO:gp:173	798   	0.718524	173	0.795633	0.495715	798   	0.0950494	44.608 	173	81 	3  	798   	7.08238
INFO:gp:174	775   	0.732405	174	0.795633	0.487479	775   	0.0891001	45.1349	174	68 	5  	775   	6.38236
INFO:gp:175	785   	0.719999	175	0.795633	0.478837	785   	0.0958374	45.4858	175	71 	3  	785   	7.14352
INFO:gp:176	768   	0.722812	176	0.795633	0.451498	768   	0.094502 	46.5992	176	80 	3  	768   	7.32727
INFO:gp:177	784   	0.72427 	177	0.795633	0.438667	784   	0.0917089	48.3451	177	72 	3  	784   	6.81032
INFO:gp:178	738   	0.730519	178	0.795633	0.494017	738   	0.0919121	49.61  	178	64 	3  	738   	6.16849
INFO:gp:179	764   	0.728275	179	0.795633	0.47001 	764   	0.0926227	50.1525	179	93 	3  	764   	6.64107
INFO:gp:180	786   	0.729404	180	0.795633	0.464431	786   	0.0917061	49.915 	180	90 	3  	786   	7.56371
INFO:gp:181	737   	0.730383	181	0.796974	0.471782	737   	0.0894791	50.4409	181	90 	3  	737   	6.03413
INFO:gp:182	763   	0.724048	182	0.796974	0.461688	763   	0.095143 	50.2933	182	63 	3  	763   	6.3366 
INFO:gp:183	763   	0.726474	183	0.796974	0.479608	763   	0.0918685	50.3128	183	81 	3  	763   	6.51533
INFO:gp:184	767   	0.725985	184	0.796974	0.448342	767   	0.0933488	50.4506	184	90 	3  	767   	7.14842
INFO:gp:185	767   	0.725752	185	0.796974	0.432186	767   	0.0938647	50.3773	185	92 	7  	767   	8.34182
INFO:gp:186	774   	0.725442	186	0.796977	0.454223	774   	0.093921 	48.828 	186	72 	3  	774   	8.78146
INFO:gp:187	773   	0.721023	187	0.796977	0.464917	773   	0.0972036	45.694 	187	83 	3  	773   	8.91237
INFO:gp:188	774   	0.724868	188	0.796977	0.489538	774   	0.093327 	43.7009	188	74 	3  	774   	8.01395
INFO:gp:189	751   	0.725368	189	0.796978	0.438234	751   	0.0945581	42.3705	189	73 	3  	751   	7.95666
INFO:gp:190	755   	0.724837	190	0.796995	0.444564	755   	0.0942935	42.5914	190	73 	6  	755   	7.28173
INFO:gp:191	770   	0.723254	191	0.796995	0.456057	770   	0.0947885	42.7732	191	72 	4  	770   	6.903  
INFO:gp:192	772   	0.718354	192	0.796995	0.484168	772   	0.0957819	43.0831	192	72 	3  	772   	7.51512
INFO:gp:193	779   	0.727398	193	0.796995	0.48536 	779   	0.0920199	43.61  	193	77 	3  	779   	7.98871
INFO:gp:194	768   	0.726946	194	0.796995	0.478432	768   	0.0917519	43.7243	194	78 	3  	768   	7.84268
INFO:gp:195	780   	0.722446	195	0.796995	0.482989	780   	0.0926067	43.8886	195	77 	3  	780   	7.05122
INFO:gp:196	780   	0.723533	196	0.796995	0.440639	780   	0.0947622	43.5689	196	78 	3  	780   	7.77675
INFO:gp:197	772   	0.716607	197	0.796995	0.479484	772   	0.0955223	43.5992	197	72 	3  	772   	7.25069
INFO:gp:198	772   	0.720376	198	0.796995	0.465925	772   	0.0947603	43.8035	198	72 	3  	772   	7.06744
INFO:gp:199	744   	0.727223	199	0.796995	0.489746	744   	0.0927696	43.4555	199	74 	3  	744   	7.27895
INFO:gp:200	774   	0.724653	200	0.796995	0.485345	774   	0.0944398	43.4448	200	77 	3  	774   	7.46937
INFO:gp:201	787   	0.72105 	201	0.796995	0.440524	787   	0.0943638	43.3783	201	72 	3  	787   	7.41169
INFO:gp:202	774   	0.723585	202	0.796995	0.494482	774   	0.0926997	43.393 	202	77 	7  	774   	8.12332
INFO:gp:203	756   	0.725467	203	0.796995	0.470751	756   	0.0949087	43.0919	203	72 	3  	756   	7.82478
INFO:gp:204	785   	0.724459	204	0.796998	0.47517 	785   	0.092744 	43.3705	204	72 	3  	785   	7.29979
INFO:gp:205	790   	0.726905	205	0.796998	0.491116	790   	0.0924747	43.2981	205	74 	3  	790   	7.93904
INFO:gp:206	754   	0.727567	206	0.797004	0.491315	754   	0.0927029	43.7067	206	74 	3  	754   	7.6635 
INFO:gp:207	770   	0.726152	207	0.797004	0.469275	770   	0.0934138	43.433 	207	79 	3  	770   	7.61315
INFO:gp:208	741   	0.7189  	208	0.797004	0.46732 	741   	0.096027 	43.2952	208	78 	3  	741   	8.59385
INFO:gp:209	774   	0.722799	209	0.797004	0.476386	774   	0.094438 	43.7146	209	78 	3  	774   	7.41763
INFO:gp:210	794   	0.724644	210	0.797004	0.472366	794   	0.0930721	43.9941	210	77 	3  	794   	6.98007
INFO:gp:211	795   	0.719232	211	0.797004	0.470859	795   	0.0965546	43.8192	211	72 	7  	795   	7.32446
INFO:gp:212	781   	0.720009	212	0.797004	0.474073	781   	0.09584  	43.8182	212	77 	3  	781   	7.0125 
INFO:gp:213	781   	0.717412	213	0.797004	0.46369 	781   	0.0977322	43.4878	213	71 	3  	781   	6.8517 
INFO:gp:214	769   	0.725223	214	0.797004	0.472754	769   	0.0935574	43.2317	214	72 	3  	769   	6.80062
INFO:gp:215	731   	0.729632	215	0.797004	0.470868	731   	0.0924538	43.0469	215	73 	3  	731   	7.64599
INFO:gp:216	768   	0.725979	216	0.797004	0.478361	768   	0.0928756	43.1975	216	78 	3  	768   	6.95455
INFO:gp:217	787   	0.726196	217	0.797004	0.472588	787   	0.0918652	43.304 	217	67 	7  	787   	6.23791
INFO:gp:218	786   	0.721248	218	0.797004	0.477832	786   	0.0946701	43.2111	218	78 	7  	786   	6.32412
INFO:gp:219	780   	0.72147 	219	0.797004	0.479378	780   	0.0949839	43.0929	219	74 	3  	780   	6.85417
INFO:gp:220	757   	0.730663	220	0.797004	0.480045	757   	0.0907393	43.2825	220	67 	6  	757   	5.59774
INFO:gp:221	764   	0.719355	221	0.797004	0.449776	764   	0.0967461	43.0156	221	78 	3  	764   	6.72877
INFO:gp:222	769   	0.727325	222	0.797004	0.492106	769   	0.0936103	42.6911	222	78 	3  	769   	7.2444 
INFO:gp:223	771   	0.717593	223	0.797004	0.472406	771   	0.0969848	42.9609	223	77 	3  	771   	6.49719
INFO:gp:224	790   	0.728427	224	0.797004	0.487025	790   	0.0901924	43.0489	224	76 	3  	790   	6.17927
INFO:gp:225	785   	0.719881	225	0.800669	0.458219	785   	0.0968954	42.5288	225	76 	3  	785   	7.18999
INFO:gp:226	804   	0.72198 	226	0.800669	0.458107	804   	0.0952163	42.3803	226	77 	3  	804   	7.37032
INFO:gp:227	777   	0.723482	227	0.800669	0.446956	777   	0.0950417	43.085 	227	77 	3  	777   	5.74785
INFO:gp:228	773   	0.721991	228	0.800669	0.464934	773   	0.0968583	42.5337	228	74 	5  	773   	6.72447
INFO:gp:229	767   	0.72227 	229	0.800669	0.446299	767   	0.0962891	42.7889	229	77 	3  	767   	5.91801
INFO:gp:230	772   	0.723478	230	0.800669	0.462998	772   	0.0943426	42.9433	230	65 	3  	772   	5.48068
INFO:gp:231	769   	0.729587	231	0.800687	0.495718	769   	0.0917418	42.74  	231	77 	3  	769   	6.15448
INFO:gp:232	739   	0.728885	232	0.800687	0.474266	739   	0.0941249	42.695 	232	64 	3  	739   	5.93751
INFO:gp:233	804   	0.723074	233	0.800687	0.400932	804   	0.0970366	42.6158	233	77 	3  	804   	6.14265
INFO:gp:234	797   	0.721237	234	0.800687	0.445902	797   	0.0971378	42.5875	234	64 	3  	797   	5.82524
INFO:gp:235	791   	0.723676	235	0.800687	0.487782	791   	0.09689  	42.3705	235	78 	3  	791   	6.30696
INFO:gp:236	757   	0.725813	236	0.800687	0.477297	757   	0.0946642	42.8016	236	78 	3  	757   	5.84675
INFO:gp:237	774   	0.718841	237	0.800687	0.474295	774   	0.0974773	42.8182	237	74 	3  	774   	5.62637
INFO:gp:238	774   	0.723454	238	0.800687	0.477303	774   	0.0963069	42.5904	238	74 	3  	774   	5.77802
INFO:gp:239	762   	0.728385	239	0.800687	0.318513	762   	0.094705 	42.3597	239	76 	3  	762   	6.5451 
INFO:gp:240	780   	0.723705	240	0.800687	0.495663	780   	0.0959142	42.6471	240	77 	3  	780   	6.28996
INFO:gp:241	774   	0.723684	241	0.800687	0.432461	774   	0.0979696	42.7576	241	61 	7  	774   	5.26668
INFO:gp:242	779   	0.724441	242	0.800687	0.485359	779   	0.0983999	42.3871	242	60 	4  	779   	6.11112
INFO:gp:243	750   	0.726815	243	0.800687	0.390039	750   	0.0955673	42.2815	243	61 	3  	750   	6.29286
INFO:gp:244	772   	0.72113 	244	0.800687	0.464857	772   	0.0972967	42.4311	244	78 	3  	772   	6.39319
INFO:gp:245	786   	0.724574	245	0.800687	0.451546	786   	0.0961645	42.6735	245	77 	3  	786   	6.09608
INFO:gp:246	780   	0.724394	246	0.800687	0.447538	780   	0.096208 	42.7028	246	76 	3  	780   	6.16708
INFO:gp:247	780   	0.723381	247	0.800687	0.472308	780   	0.0957343	42.8661	247	76 	3  	780   	5.89387
INFO:gp:248	768   	0.72492 	248	0.800687	0.490585	768   	0.0972972	42.4076	248	77 	3  	768   	6.10602
INFO:gp:249	780   	0.722525	249	0.800687	0.447966	780   	0.0962735	42.7234	249	64 	3  	780   	5.83972
INFO:gp:250	759   	0.726859	250	0.800687	0.436653	759   	0.0946506	42.522 	250	77 	3  	759   	6.08616
INFO:gp:251	777   	0.726295	251	0.800687	0.487144	777   	0.094866 	42.5934	251	76 	3  	777   	6.10585
INFO:gp:252	777   	0.730416	252	0.800687	0.47782 	777   	0.0953928	42.871 	252	61 	3  	777   	5.41629
INFO:gp:253	789   	0.725648	253	0.800687	0.487148	789   	0.0962402	42.8123	253	64 	7  	789   	5.62358
INFO:gp:254	764   	0.726814	254	0.800687	0.473288	764   	0.0970307	42.5347	254	77 	7  	764   	6.30788
INFO:gp:255	758   	0.726658	255	0.800687	0.483969	758   	0.0949907	42.6168	255	62 	3  	758   	6.0677 
INFO:gp:256	761   	0.728808	256	0.800687	0.495369	761   	0.0933226	42.6979	256	76 	3  	761   	5.95713
INFO:gp:257	772   	0.729034	257	0.800687	0.480041	772   	0.0924213	42.7263	257	77 	7  	772   	5.79626
INFO:gp:258	773   	0.731316	258	0.800687	0.495453	773   	0.0915607	42.9052	258	60 	7  	773   	4.93316
INFO:gp:259	749   	0.72535 	259	0.800687	0.468832	749   	0.0982183	42.7312	259	77 	3  	749   	5.84477
INFO:gp:260	767   	0.727519	260	0.800687	0.488446	767   	0.0945149	42.2913	260	64 	3  	767   	6.70443
INFO:gp:261	791   	0.726211	261	0.800687	0.479425	791   	0.0950087	42.7302	261	77 	7  	791   	5.88498
INFO:gp:262	787   	0.722327	262	0.800687	0.471563	787   	0.0969333	42.8641	262	76 	3  	787   	5.64441
INFO:gp:263	762   	0.723683	263	0.800687	0.455355	762   	0.0975567	42.697 	263	64 	3  	762   	5.69835
INFO:gp:264	763   	0.7233  	264	0.800687	0.451614	763   	0.0967771	42.3627	264	61 	3  	763   	6.60833
INFO:gp:265	763   	0.726672	265	0.800687	0.487875	763   	0.0961486	42.5083	265	66 	3  	763   	6.25897
INFO:gp:266	770   	0.718918	266	0.800687	0.481435	770   	0.0992678	42.5239	266	77 	3  	770   	6.56475
INFO:gp:267	748   	0.725367	267	0.800798	0.495715	748   	0.0927882	42.8661	267	64 	3  	748   	5.44901
INFO:gp:268	787   	0.728057	268	0.800798	0.495625	787   	0.0936873	42.9101	268	74 	3  	787   	5.48469
INFO:gp:269	764   	0.729248	269	0.800914	0.40886 	764   	0.0930182	42.8739	269	64 	7  	764   	5.39131
INFO:gp:270	782   	0.722099	270	0.800914	0.441583	782   	0.0978677	43.0186	270	78 	3  	782   	5.11459
INFO:gp:271	775   	0.727331	271	0.800914	0.491008	775   	0.0951788	42.8387	271	64 	3  	775   	5.31256
INFO:gp:272	762   	0.724653	272	0.800914	0.462499	762   	0.0961731	43.042 	272	66 	3  	762   	5.11406
INFO:gp:273	771   	0.733577	273	0.800914	0.481555	771   	0.0920732	42.9775	273	64 	3  	771   	5.60499
INFO:gp:274	765   	0.726003	274	0.800914	0.422706	765   	0.0970234	43.3793	274	80 	3  	765   	5.4316 
INFO:gp:275	774   	0.727037	275	0.800914	0.439748	774   	0.0954977	43.6999	275	78 	3  	774   	6.16337
INFO:gp:276	747   	0.722985	276	0.800914	0.472986	747   	0.0984124	44.3069	276	82 	7  	747   	5.68853
INFO:gp:277	769   	0.725506	277	0.800914	0.474821	769   	0.0984981	44.3695	277	81 	4  	769   	6.2112 
INFO:gp:278	794   	0.728433	278	0.800914	0.491153	794   	0.095251 	44.1476	278	65 	3  	794   	6.68921
INFO:gp:279	762   	0.727449	279	0.800914	0.455589	762   	0.0950601	44.3627	279	80 	5  	762   	6.82704
INFO:gp:280	790   	0.725068	280	0.800914	0.454154	790   	0.0945214	44.2737	280	80 	3  	790   	6.89506
INFO:gp:281	774   	0.725278	281	0.806882	0.495276	774   	0.0936851	44.7977	281	82 	3  	774   	5.33795
INFO:gp:282	736   	0.729324	282	0.806882	0.477705	736   	0.0952725	44.2512	282	81 	3  	736   	6.9829 
INFO:gp:283	763   	0.730989	283	0.806882	0.485482	763   	0.0931577	44.2972	283	81 	3  	763   	6.72455
INFO:gp:284	782   	0.726421	284	0.806882	0.465297	782   	0.0965918	44.2141	284	68 	3  	782   	6.76545
INFO:gp:285	743   	0.730288	285	0.806882	0.469966	743   	0.0949308	44.2248	285	55 	3  	743   	5.94043
INFO:gp:286	743   	0.729623	286	0.806882	0.451446	743   	0.0947293	43.9374	286	79 	3  	743   	6.09873
INFO:gp:287	784   	0.727544	287	0.806882	0.456055	784   	0.0981816	43.6305	287	75 	3  	784   	6.08255
INFO:gp:288	762   	0.728956	288	0.806882	0.447796	762   	0.0996656	42.8133	288	78 	3  	762   	6.08408
INFO:gp:289	776   	0.730354	289	0.80703 	0.399218	776   	0.0956772	42.6452	289	77 	3  	776   	6.6956 
INFO:gp:290	780   	0.728345	290	0.80703 	0.464868	780   	0.0978884	42.5093	290	77 	3  	780   	6.59895
INFO:gp:291	774   	0.727128	291	0.80703 	0.43884 	774   	0.0989159	42.6891	291	78 	3  	774   	5.7456 
INFO:gp:292	789   	0.722838	292	0.80703 	0.426249	789   	0.0986389	42.7859	292	77 	7  	789   	5.91171
INFO:gp:293	791   	0.724461	293	0.80703 	0.472599	791   	0.100457 	42.8094	293	62 	3  	791   	5.58747
INFO:gp:294	774   	0.728756	294	0.80703 	0.487686	774   	0.0977982	42.7048	294	77 	3  	774   	5.90167
INFO:gp:295	786   	0.731369	295	0.807049	0.470542	786   	0.0949959	42.8133	295	74 	3  	786   	5.84245
INFO:gp:296	796   	0.731935	296	0.807049	0.464411	796   	0.0930506	42.7634	296	78 	3  	796   	6.12263
INFO:gp:297	763   	0.729869	297	0.807049	0.469092	763   	0.095912 	42.9335	297	77 	3  	763   	5.93591
INFO:gp:298	788   	0.728765	298	0.807049	0.455979	788   	0.100597 	42.2366	298	78 	3  	788   	6.81746
INFO:gp:299	748   	0.730524	299	0.807051	0.495713	748   	0.0972065	42.7009	299	77 	3  	748   	6.0684 
INFO:gp:300	774   	0.733908	300	0.807051	0.488104	774   	0.0941832	42.6598	300	64 	3  	774   	5.88515
INFO:gp:301	756   	0.7303  	301	0.807051	0.490382	756   	0.097425 	42.9042	301	77 	6  	756   	6.14461
INFO:gp:302	770   	0.726158	302	0.807051	0.473613	770   	0.0969626	42.4047	302	63 	3  	770   	6.73579
INFO:gp:303	789   	0.734294	303	0.807051	0.49302 	789   	0.0943924	42.7351	303	65 	5  	789   	6.00091
INFO:gp:304	787   	0.731726	304	0.807051	0.472325	787   	0.0972079	42.9257	304	61 	3  	787   	5.10959
INFO:gp:305	771   	0.725138	305	0.807051	0.489618	771   	0.0972677	42.7429	305	64 	7  	771   	5.90023
INFO:gp:306	749   	0.731939	306	0.807051	0.485851	749   	0.0968637	42.7185	306	64 	3  	749   	5.86796
INFO:gp:307	776   	0.728117	307	0.807051	0.495659	776   	0.0978913	42.825 	307	60 	3  	776   	5.21068
INFO:gp:308	753   	0.735467	308	0.807051	0.495536	753   	0.0941105	42.217 	308	64 	3  	753   	6.93778
INFO:gp:309	753   	0.733349	309	0.807051	0.482585	753   	0.0962186	42.4858	309	77 	3  	753   	6.23204
INFO:gp:310	772   	0.727304	310	0.807051	0.495714	772   	0.0968991	42.6637	310	76 	7  	772   	5.92477
INFO:gp:311	759   	0.727567	311	0.807051	0.451242	759   	0.0994107	42.7566	311	64 	3  	759   	5.71175
INFO:gp:312	787   	0.727128	312	0.807051	0.492542	787   	0.100259 	42.8485	312	76 	4  	787   	5.83426
INFO:gp:313	777   	0.730677	313	0.807051	0.495714	777   	0.0949646	42.5093	313	61 	3  	777   	6.32747
INFO:gp:314	752   	0.734417	314	0.807051	0.456877	752   	0.0949407	42.7722	314	76 	3  	752   	5.78584
INFO:gp:315	767   	0.733137	315	0.807051	0.473644	767   	0.09632  	42.8035	315	60 	5  	767   	5.27981
INFO:gp:316	747   	0.728126	316	0.807051	0.442069	747   	0.0985877	42.5543	316	64 	3  	747   	6.19421
INFO:gp:317	775   	0.726806	317	0.807051	0.483326	775   	0.0989273	42.3959	317	61 	3  	775   	6.08   
INFO:gp:318	774   	0.735736	318	0.807051	0.482562	774   	0.0938978	42.4399	318	76 	3  	774   	6.60268
INFO:gp:319	777   	0.73006 	319	0.807051	0.479401	777   	0.0962824	42.6833	319	76 	3  	777   	6.03147
INFO:gp:320	794   	0.722691	320	0.807051	0.474205	794   	0.099864 	42.9804	320	78 	3  	794   	5.4385 
INFO:gp:321	772   	0.728781	321	0.807051	0.486121	772   	0.0964872	42.3431	321	63 	3  	772   	6.52618
INFO:gp:322	796   	0.730729	322	0.807051	0.486376	796   	0.0961416	42.3773	322	64 	3  	796   	6.47518
INFO:gp:323	772   	0.729534	323	0.807051	0.477675	772   	0.096938 	42.8309	323	61 	3  	772   	5.18662
INFO:gp:324	781   	0.729236	324	0.807051	0.452566	781   	0.0958087	42.6579	324	64 	3  	781   	5.68566
INFO:gp:325	774   	0.735766	325	0.807051	0.479393	774   	0.0944555	42.9668	325	77 	3  	774   	5.41014
INFO:gp:326	767   	0.727909	326	0.807051	0.472846	767   	0.0974517	42.6725	326	65 	4  	767   	6.04409
INFO:gp:327	734   	0.735261	327	0.807051	0.473857	734   	0.0949256	42.4457	327	77 	3  	734   	6.53816
INFO:gp:328	772   	0.729036	328	0.807051	0.403762	772   	0.0968873	42.5777	328	78 	3  	772   	6.66644
INFO:gp:329	764   	0.730653	329	0.807051	0.49389 	764   	0.096792 	42.523 	329	77 	3  	764   	6.73295
INFO:gp:330	772   	0.730207	330	0.807051	0.461465	772   	0.0971796	42.5005	330	74 	3  	772   	6.37472
INFO:gp:331	790   	0.729365	331	0.807051	0.44955 	790   	0.0948683	42.6823	331	77 	3  	790   	6.53195
INFO:gp:332	752   	0.729865	332	0.807052	0.446627	752   	0.098706 	42.6872	332	77 	3  	752   	6.05949
INFO:gp:333	791   	0.730378	333	0.807052	0.458036	791   	0.0982676	42.696 	333	78 	3  	791   	5.96392
INFO:gp:334	785   	0.731665	334	0.807052	0.472471	785   	0.0956827	42.8719	334	64 	3  	785   	5.38037
INFO:gp:335	776   	0.733028	335	0.807052	0.47408 	776   	0.0949989	42.9198	335	78 	3  	776   	5.29477
INFO:gp:336	755   	0.730888	336	0.807052	0.439482	755   	0.0984497	42.7185	336	77 	3  	755   	5.84242
INFO:gp:337	769   	0.732696	337	0.810568	0.476076	769   	0.0964378	42.3245	337	64 	3  	769   	6.57287
INFO:gp:338	783   	0.725767	338	0.810568	0.441432	783   	0.0984952	42.7097	338	77 	4  	783   	5.83772
INFO:gp:339	779   	0.724769	339	0.810568	0.48621 	779   	0.0987798	42.8211	339	78 	3  	779   	5.85172
INFO:gp:340	773   	0.733512	340	0.810568	0.4748  	773   	0.0961114	42.7517	340	74 	3  	773   	5.67505
INFO:gp:341	784   	0.73293 	341	0.810568	0.481484	784   	0.0965912	42.8162	341	76 	7  	784   	5.21497
INFO:gp:342	771   	0.728037	342	0.810568	0.465458	771   	0.0980784	42.7586	342	62 	3  	771   	5.51222
INFO:gp:343	771   	0.731846	343	0.810568	0.464247	771   	0.0972055	42.9052	343	76 	3  	771   	5.35484
INFO:gp:344	774   	0.731217	344	0.810568	0.482433	774   	0.100568 	42.6276	344	56 	6  	774   	5.66144
INFO:gp:345	782   	0.730218	345	0.810568	0.479443	782   	0.100889 	42.3627	345	78 	3  	782   	7.28544
INFO:gp:346	764   	0.726092	346	0.810568	0.446414	764   	0.102476 	42.5963	346	78 	3  	764   	6.53573
INFO:gp:347	785   	0.733712	347	0.810568	0.466861	785   	0.0991549	42.7586	347	77 	3  	785   	5.80233
INFO:gp:348	770   	0.733706	348	0.810568	0.452822	770   	0.0964744	42.2375	348	78 	3  	770   	7.36384
INFO:gp:349	765   	0.733896	349	0.810568	0.494141	765   	0.0973001	42.7224	349	63 	3  	765   	5.58916
INFO:gp:350	760   	0.73818 	350	0.810568	0.479384	760   	0.0971971	42.5044	350	77 	3  	760   	6.64324
INFO:gp:351	778   	0.732507	351	0.810568	0.474638	778   	0.0984509	42.7263	351	74 	4  	778   	5.84212
INFO:gp:352	757   	0.734486	352	0.810568	0.473423	757   	0.0977195	42.4213	352	78 	3  	757   	6.74413
INFO:gp:353	773   	0.72616 	353	0.810568	0.460396	773   	0.102289 	42.2991	353	63 	3  	773   	6.70146
INFO:gp:354	747   	0.737725	354	0.810568	0.47796 	747   	0.0988377	42.5357	354	77 	7  	747   	6.26979
INFO:gp:355	764   	0.735555	355	0.810568	0.450694	764   	0.0968728	42.9492	355	80 	3  	764   	5.58305
INFO:gp:356	773   	0.734379	356	0.810568	0.468547	773   	0.0977631	42.5748	356	78 	3  	773   	6.37367
INFO:gp:357	776   	0.734706	357	0.810568	0.478591	776   	0.0997999	42.522 	357	68 	3  	776   	6.39092
INFO:gp:358	788   	0.73187 	358	0.810568	0.474986	788   	0.0997631	42.7165	358	61 	7  	788   	5.79124
INFO:gp:359	768   	0.733359	359	0.810568	0.482606	768   	0.0993115	42.6149	359	77 	3  	768   	6.065  
INFO:gp:360	786   	0.739116	360	0.810568	0.492107	786   	0.0951348	42.5259	360	78 	3  	786   	6.42979
INFO:gp:361	766   	0.734574	361	0.810568	0.474381	766   	0.0984801	42.6139	361	61 	3  	766   	5.75421
INFO:gp:362	774   	0.732315	362	0.810568	0.478753	774   	0.0970533	42.5904	362	78 	3  	774   	6.19142
INFO:gp:363	781   	0.729832	363	0.810568	0.431822	781   	0.100452 	42.7693	363	78 	3  	781   	5.99605
INFO:gp:364	778   	0.732057	364	0.810568	0.481633	778   	0.0980136	42.8416	364	78 	3  	778   	5.621  
INFO:gp:365	750   	0.734634	365	0.810568	0.465405	750   	0.0966872	42.825 	365	76 	4  	750   	5.94136
INFO:gp:366	758   	0.728652	366	0.810568	0.461415	758   	0.100273 	42.8231	366	78 	3  	758   	5.98409
INFO:gp:367	765   	0.731654	367	0.81057 	0.468321	765   	0.0997208	42.5914	367	74 	3  	765   	6.23609
INFO:gp:368	770   	0.731432	368	0.81057 	0.452684	770   	0.100338 	42.6149	368	78 	3  	770   	6.35864
