INFO:__main__:Reading the dataset: fish species
INFO:__main__:Pre-training the network: Masked Spectra Modelling
INFO:pre_training:Epoch [1/100], Loss: 0.1432, Val: 0.0079
INFO:pre_training:Epoch [2/100], Loss: 0.1323, Val: 0.0073
INFO:pre_training:Epoch [3/100], Loss: 0.1266, Val: 0.0070
INFO:pre_training:Epoch [4/100], Loss: 0.1220, Val: 0.0065
INFO:pre_training:Epoch [5/100], Loss: 0.1175, Val: 0.0066
INFO:pre_training:Epoch [6/100], Loss: 0.1139, Val: 0.0062
INFO:pre_training:Epoch [7/100], Loss: 0.1107, Val: 0.0061
INFO:pre_training:Epoch [8/100], Loss: 0.1078, Val: 0.0059
INFO:pre_training:Epoch [9/100], Loss: 0.1049, Val: 0.0057
INFO:pre_training:Epoch [10/100], Loss: 0.1022, Val: 0.0056
INFO:pre_training:Epoch [11/100], Loss: 0.0995, Val: 0.0053
INFO:pre_training:Epoch [12/100], Loss: 0.0973, Val: 0.0052
INFO:pre_training:Epoch [13/100], Loss: 0.0949, Val: 0.0050
INFO:pre_training:Epoch [14/100], Loss: 0.0926, Val: 0.0048
INFO:pre_training:Epoch [15/100], Loss: 0.0910, Val: 0.0047
INFO:pre_training:Epoch [16/100], Loss: 0.0888, Val: 0.0048
INFO:pre_training:Epoch [17/100], Loss: 0.0868, Val: 0.0046
INFO:pre_training:Epoch [18/100], Loss: 0.0847, Val: 0.0044
INFO:pre_training:Epoch [19/100], Loss: 0.0832, Val: 0.0045
INFO:pre_training:Epoch [20/100], Loss: 0.0819, Val: 0.0043
INFO:pre_training:Epoch [21/100], Loss: 0.0801, Val: 0.0041
INFO:pre_training:Epoch [22/100], Loss: 0.0787, Val: 0.0040
INFO:pre_training:Epoch [23/100], Loss: 0.0769, Val: 0.0039
INFO:pre_training:Epoch [24/100], Loss: 0.0757, Val: 0.0038
INFO:pre_training:Epoch [25/100], Loss: 0.0745, Val: 0.0038
INFO:pre_training:Epoch [26/100], Loss: 0.0730, Val: 0.0038
INFO:pre_training:Epoch [27/100], Loss: 0.0715, Val: 0.0036
INFO:pre_training:Epoch [28/100], Loss: 0.0705, Val: 0.0036
INFO:pre_training:Epoch [29/100], Loss: 0.0692, Val: 0.0036
INFO:pre_training:Epoch [30/100], Loss: 0.0680, Val: 0.0035
INFO:pre_training:Epoch [31/100], Loss: 0.0669, Val: 0.0035
INFO:pre_training:Epoch [32/100], Loss: 0.0655, Val: 0.0035
INFO:pre_training:Epoch [33/100], Loss: 0.0647, Val: 0.0033
INFO:pre_training:Epoch [34/100], Loss: 0.0637, Val: 0.0033
INFO:pre_training:Epoch [35/100], Loss: 0.0625, Val: 0.0034
INFO:pre_training:Epoch [36/100], Loss: 0.0616, Val: 0.0033
INFO:pre_training:Epoch [37/100], Loss: 0.0610, Val: 0.0032
INFO:pre_training:Epoch [38/100], Loss: 0.0598, Val: 0.0032
INFO:pre_training:Epoch [39/100], Loss: 0.0589, Val: 0.0032
INFO:pre_training:Epoch [40/100], Loss: 0.0582, Val: 0.0031
INFO:pre_training:Epoch [41/100], Loss: 0.0573, Val: 0.0032
INFO:pre_training:Epoch [42/100], Loss: 0.0564, Val: 0.0031
INFO:pre_training:Epoch [43/100], Loss: 0.0558, Val: 0.0031
INFO:pre_training:Epoch [44/100], Loss: 0.0550, Val: 0.0030
INFO:pre_training:Epoch [45/100], Loss: 0.0541, Val: 0.0030
INFO:pre_training:Epoch [46/100], Loss: 0.0535, Val: 0.0030
INFO:pre_training:Epoch [47/100], Loss: 0.0528, Val: 0.0029
INFO:pre_training:Epoch [48/100], Loss: 0.0522, Val: 0.0030
INFO:pre_training:Epoch [49/100], Loss: 0.0515, Val: 0.0029
INFO:pre_training:Epoch [50/100], Loss: 0.0509, Val: 0.0028
INFO:pre_training:Epoch [51/100], Loss: 0.0501, Val: 0.0029
INFO:pre_training:Epoch [52/100], Loss: 0.0495, Val: 0.0028
INFO:pre_training:Epoch [53/100], Loss: 0.0487, Val: 0.0028
INFO:pre_training:Epoch [54/100], Loss: 0.0482, Val: 0.0028
INFO:pre_training:Epoch [55/100], Loss: 0.0479, Val: 0.0028
INFO:pre_training:Epoch [56/100], Loss: 0.0472, Val: 0.0028
INFO:pre_training:Epoch [57/100], Loss: 0.0466, Val: 0.0028
INFO:pre_training:Epoch [58/100], Loss: 0.0460, Val: 0.0027
INFO:pre_training:Epoch [59/100], Loss: 0.0455, Val: 0.0027
INFO:pre_training:Epoch [60/100], Loss: 0.0450, Val: 0.0027
INFO:pre_training:Epoch [61/100], Loss: 0.0444, Val: 0.0027
INFO:pre_training:Epoch [62/100], Loss: 0.0438, Val: 0.0026
INFO:pre_training:Epoch [63/100], Loss: 0.0436, Val: 0.0026
INFO:pre_training:Epoch [64/100], Loss: 0.0428, Val: 0.0027
INFO:pre_training:Epoch [65/100], Loss: 0.0424, Val: 0.0026
INFO:pre_training:Epoch [66/100], Loss: 0.0419, Val: 0.0025
INFO:pre_training:Epoch [67/100], Loss: 0.0415, Val: 0.0025
INFO:pre_training:Epoch [68/100], Loss: 0.0410, Val: 0.0025
INFO:pre_training:Epoch [69/100], Loss: 0.0406, Val: 0.0026
INFO:pre_training:Epoch [70/100], Loss: 0.0402, Val: 0.0025
INFO:pre_training:Epoch [71/100], Loss: 0.0396, Val: 0.0025
INFO:pre_training:Epoch [72/100], Loss: 0.0393, Val: 0.0025
INFO:pre_training:Epoch [73/100], Loss: 0.0386, Val: 0.0025
INFO:pre_training:Epoch [74/100], Loss: 0.0384, Val: 0.0025
INFO:pre_training:Epoch [75/100], Loss: 0.0380, Val: 0.0025
INFO:pre_training:Epoch [76/100], Loss: 0.0374, Val: 0.0024
INFO:pre_training:Epoch [77/100], Loss: 0.0370, Val: 0.0025
INFO:pre_training:Epoch [78/100], Loss: 0.0368, Val: 0.0024
INFO:pre_training:Epoch [79/100], Loss: 0.0364, Val: 0.0024
INFO:pre_training:Epoch [80/100], Loss: 0.0361, Val: 0.0024
INFO:pre_training:Epoch [81/100], Loss: 0.0356, Val: 0.0024
INFO:pre_training:Epoch [82/100], Loss: 0.0353, Val: 0.0024
INFO:pre_training:Epoch [83/100], Loss: 0.0348, Val: 0.0024
INFO:pre_training:Epoch [84/100], Loss: 0.0344, Val: 0.0023
INFO:pre_training:Epoch [85/100], Loss: 0.0341, Val: 0.0024
INFO:pre_training:Epoch [86/100], Loss: 0.0339, Val: 0.0023
INFO:pre_training:Epoch [87/100], Loss: 0.0335, Val: 0.0023
INFO:pre_training:Epoch [88/100], Loss: 0.0331, Val: 0.0023
INFO:pre_training:Epoch [89/100], Loss: 0.0328, Val: 0.0023
INFO:pre_training:Epoch [90/100], Loss: 0.0325, Val: 0.0023
INFO:pre_training:Epoch [91/100], Loss: 0.0321, Val: 0.0023
INFO:pre_training:Epoch [92/100], Loss: 0.0318, Val: 0.0023
INFO:pre_training:Epoch [93/100], Loss: 0.0315, Val: 0.0023
INFO:pre_training:Epoch [94/100], Loss: 0.0312, Val: 0.0022
INFO:pre_training:Epoch [95/100], Loss: 0.0309, Val: 0.0022
INFO:pre_training:Epoch [96/100], Loss: 0.0306, Val: 0.0022
INFO:pre_training:Epoch [97/100], Loss: 0.0302, Val: 0.0022
INFO:pre_training:Epoch [98/100], Loss: 0.0300, Val: 0.0022
INFO:pre_training:Epoch [99/100], Loss: 0.0296, Val: 0.0022
INFO:pre_training:Epoch [100/100], Loss: 0.0295, Val: 0.0022
INFO:__main__:Total time taken to pre-train the model: 156.07s
INFO:__main__:Training the network
INFO:train:Epoch 1/100, Train Loss: 0.5655, Train Acc: 0.7772, Val Loss: 0.3789, Val Acc: 0.9565
INFO:train:Epoch 2/100, Train Loss: 0.3089, Train Acc: 0.9750, Val Loss: 0.2157, Val Acc: 1.0000
INFO:train:Epoch 3/100, Train Loss: 0.2203, Train Acc: 0.9982, Val Loss: 0.2429, Val Acc: 1.0000
INFO:train:Epoch 4/100, Train Loss: 0.2123, Train Acc: 1.0000, Val Loss: 0.2263, Val Acc: 1.0000
INFO:train:Epoch 5/100, Train Loss: 0.2075, Train Acc: 1.0000, Val Loss: 0.2197, Val Acc: 1.0000
INFO:train:Epoch 6/100, Train Loss: 0.2066, Train Acc: 1.0000, Val Loss: 0.2220, Val Acc: 1.0000
INFO:train:Epoch 7/100, Train Loss: 0.2055, Train Acc: 1.0000, Val Loss: 0.2224, Val Acc: 1.0000
INFO:train:Epoch 8/100, Train Loss: 0.2049, Train Acc: 1.0000, Val Loss: 0.2225, Val Acc: 1.0000
INFO:train:Epoch 9/100, Train Loss: 0.2046, Train Acc: 1.0000, Val Loss: 0.2211, Val Acc: 1.0000
INFO:train:Epoch 10/100, Train Loss: 0.2037, Train Acc: 1.0000, Val Loss: 0.2224, Val Acc: 1.0000
INFO:train:Epoch 11/100, Train Loss: 0.2035, Train Acc: 1.0000, Val Loss: 0.2264, Val Acc: 1.0000
INFO:train:Epoch 12/100, Train Loss: 0.2034, Train Acc: 1.0000, Val Loss: 0.2249, Val Acc: 1.0000
INFO:train:Epoch 13/100, Train Loss: 0.2033, Train Acc: 1.0000, Val Loss: 0.2268, Val Acc: 1.0000
INFO:train:Epoch 14/100, Train Loss: 0.2028, Train Acc: 1.0000, Val Loss: 0.2272, Val Acc: 1.0000
INFO:train:Epoch 15/100, Train Loss: 0.2029, Train Acc: 1.0000, Val Loss: 0.2288, Val Acc: 1.0000
INFO:train:Epoch 16/100, Train Loss: 0.2025, Train Acc: 1.0000, Val Loss: 0.2304, Val Acc: 1.0000
INFO:train:Epoch 17/100, Train Loss: 0.2026, Train Acc: 1.0000, Val Loss: 0.2288, Val Acc: 1.0000
INFO:train:Epoch 18/100, Train Loss: 0.2022, Train Acc: 1.0000, Val Loss: 0.2285, Val Acc: 1.0000
INFO:train:Epoch 19/100, Train Loss: 0.2025, Train Acc: 1.0000, Val Loss: 0.2328, Val Acc: 1.0000
INFO:train:Epoch 20/100, Train Loss: 0.2021, Train Acc: 1.0000, Val Loss: 0.2322, Val Acc: 1.0000
INFO:train:Epoch 21/100, Train Loss: 0.2019, Train Acc: 1.0000, Val Loss: 0.2317, Val Acc: 1.0000
INFO:train:Epoch 22/100, Train Loss: 0.2020, Train Acc: 1.0000, Val Loss: 0.2345, Val Acc: 1.0000
INFO:train:Epoch 23/100, Train Loss: 0.2020, Train Acc: 1.0000, Val Loss: 0.2308, Val Acc: 1.0000
INFO:train:Epoch 24/100, Train Loss: 0.2019, Train Acc: 1.0000, Val Loss: 0.2346, Val Acc: 1.0000
INFO:train:Epoch 25/100, Train Loss: 0.2018, Train Acc: 1.0000, Val Loss: 0.2326, Val Acc: 1.0000
INFO:train:Epoch 26/100, Train Loss: 0.2018, Train Acc: 1.0000, Val Loss: 0.2365, Val Acc: 1.0000
INFO:train:Epoch 27/100, Train Loss: 0.2016, Train Acc: 1.0000, Val Loss: 0.2339, Val Acc: 1.0000
INFO:train:Epoch 28/100, Train Loss: 0.2016, Train Acc: 1.0000, Val Loss: 0.2352, Val Acc: 1.0000
INFO:train:Epoch 29/100, Train Loss: 0.2015, Train Acc: 1.0000, Val Loss: 0.2326, Val Acc: 1.0000
INFO:train:Epoch 30/100, Train Loss: 0.2012, Train Acc: 1.0000, Val Loss: 0.2291, Val Acc: 1.0000
INFO:train:Epoch 31/100, Train Loss: 0.2016, Train Acc: 1.0000, Val Loss: 0.2320, Val Acc: 1.0000
INFO:train:Epoch 32/100, Train Loss: 0.2013, Train Acc: 1.0000, Val Loss: 0.2322, Val Acc: 1.0000
INFO:train:Epoch 33/100, Train Loss: 0.2016, Train Acc: 1.0000, Val Loss: 0.2317, Val Acc: 1.0000
INFO:train:Epoch 34/100, Train Loss: 0.2016, Train Acc: 1.0000, Val Loss: 0.2358, Val Acc: 1.0000
INFO:train:Epoch 35/100, Train Loss: 0.2012, Train Acc: 1.0000, Val Loss: 0.2330, Val Acc: 1.0000
INFO:train:Epoch 36/100, Train Loss: 0.2013, Train Acc: 1.0000, Val Loss: 0.2325, Val Acc: 1.0000
INFO:train:Epoch 37/100, Train Loss: 0.2012, Train Acc: 1.0000, Val Loss: 0.2346, Val Acc: 1.0000
INFO:train:Epoch 38/100, Train Loss: 0.2014, Train Acc: 1.0000, Val Loss: 0.2336, Val Acc: 1.0000
INFO:train:Epoch 39/100, Train Loss: 0.2012, Train Acc: 1.0000, Val Loss: 0.2375, Val Acc: 1.0000
INFO:train:Epoch 40/100, Train Loss: 0.2010, Train Acc: 1.0000, Val Loss: 0.2343, Val Acc: 1.0000
INFO:train:Epoch 41/100, Train Loss: 0.2010, Train Acc: 1.0000, Val Loss: 0.2358, Val Acc: 1.0000
INFO:train:Epoch 42/100, Train Loss: 0.2013, Train Acc: 1.0000, Val Loss: 0.2394, Val Acc: 1.0000
INFO:train:Epoch 43/100, Train Loss: 0.2013, Train Acc: 1.0000, Val Loss: 0.2402, Val Acc: 1.0000
INFO:train:Epoch 44/100, Train Loss: 0.2012, Train Acc: 1.0000, Val Loss: 0.2348, Val Acc: 1.0000
INFO:train:Epoch 45/100, Train Loss: 0.2010, Train Acc: 1.0000, Val Loss: 0.2370, Val Acc: 1.0000
INFO:train:Epoch 46/100, Train Loss: 0.2010, Train Acc: 1.0000, Val Loss: 0.2337, Val Acc: 1.0000
INFO:train:Epoch 47/100, Train Loss: 0.2007, Train Acc: 1.0000, Val Loss: 0.2339, Val Acc: 1.0000
INFO:train:Epoch 48/100, Train Loss: 0.2009, Train Acc: 1.0000, Val Loss: 0.2337, Val Acc: 1.0000
INFO:train:Epoch 49/100, Train Loss: 0.2008, Train Acc: 1.0000, Val Loss: 0.2349, Val Acc: 1.0000
INFO:train:Epoch 50/100, Train Loss: 0.2007, Train Acc: 1.0000, Val Loss: 0.2357, Val Acc: 1.0000
INFO:train:Epoch 51/100, Train Loss: 0.2009, Train Acc: 1.0000, Val Loss: 0.2311, Val Acc: 1.0000
INFO:train:Epoch 52/100, Train Loss: 0.2009, Train Acc: 1.0000, Val Loss: 0.2350, Val Acc: 1.0000
INFO:train:Epoch 53/100, Train Loss: 0.2009, Train Acc: 1.0000, Val Loss: 0.2334, Val Acc: 1.0000
INFO:train:Epoch 54/100, Train Loss: 0.2009, Train Acc: 1.0000, Val Loss: 0.2336, Val Acc: 1.0000
INFO:train:Epoch 55/100, Train Loss: 0.2007, Train Acc: 1.0000, Val Loss: 0.2347, Val Acc: 1.0000
INFO:train:Epoch 56/100, Train Loss: 0.2008, Train Acc: 1.0000, Val Loss: 0.2339, Val Acc: 1.0000
INFO:train:Epoch 57/100, Train Loss: 0.2007, Train Acc: 1.0000, Val Loss: 0.2304, Val Acc: 1.0000
INFO:train:Epoch 58/100, Train Loss: 0.2009, Train Acc: 1.0000, Val Loss: 0.2285, Val Acc: 1.0000
INFO:train:Epoch 59/100, Train Loss: 0.2007, Train Acc: 1.0000, Val Loss: 0.2334, Val Acc: 1.0000
INFO:train:Epoch 60/100, Train Loss: 0.2007, Train Acc: 1.0000, Val Loss: 0.2304, Val Acc: 1.0000
INFO:train:Epoch 61/100, Train Loss: 0.2007, Train Acc: 1.0000, Val Loss: 0.2352, Val Acc: 1.0000
INFO:train:Epoch 62/100, Train Loss: 0.2007, Train Acc: 1.0000, Val Loss: 0.2330, Val Acc: 1.0000
INFO:train:Epoch 63/100, Train Loss: 0.2006, Train Acc: 1.0000, Val Loss: 0.2304, Val Acc: 1.0000
INFO:train:Epoch 64/100, Train Loss: 0.2006, Train Acc: 1.0000, Val Loss: 0.2300, Val Acc: 1.0000
INFO:train:Epoch 65/100, Train Loss: 0.2006, Train Acc: 1.0000, Val Loss: 0.2300, Val Acc: 1.0000
INFO:train:Epoch 66/100, Train Loss: 0.2005, Train Acc: 1.0000, Val Loss: 0.2308, Val Acc: 1.0000
INFO:train:Epoch 67/100, Train Loss: 0.2006, Train Acc: 1.0000, Val Loss: 0.2330, Val Acc: 1.0000
INFO:train:Epoch 68/100, Train Loss: 0.2005, Train Acc: 1.0000, Val Loss: 0.2297, Val Acc: 1.0000
INFO:train:Epoch 69/100, Train Loss: 0.2005, Train Acc: 1.0000, Val Loss: 0.2322, Val Acc: 1.0000
INFO:train:Epoch 70/100, Train Loss: 0.2005, Train Acc: 1.0000, Val Loss: 0.2295, Val Acc: 1.0000
INFO:train:Epoch 71/100, Train Loss: 0.2005, Train Acc: 1.0000, Val Loss: 0.2297, Val Acc: 1.0000
INFO:train:Epoch 72/100, Train Loss: 0.2004, Train Acc: 1.0000, Val Loss: 0.2303, Val Acc: 1.0000
INFO:train:Epoch 73/100, Train Loss: 0.2005, Train Acc: 1.0000, Val Loss: 0.2302, Val Acc: 1.0000
INFO:train:Epoch 74/100, Train Loss: 0.2005, Train Acc: 1.0000, Val Loss: 0.2353, Val Acc: 1.0000
INFO:train:Epoch 75/100, Train Loss: 0.2005, Train Acc: 1.0000, Val Loss: 0.2307, Val Acc: 1.0000
INFO:train:Epoch 76/100, Train Loss: 0.2004, Train Acc: 1.0000, Val Loss: 0.2327, Val Acc: 1.0000
INFO:train:Epoch 77/100, Train Loss: 0.2004, Train Acc: 1.0000, Val Loss: 0.2351, Val Acc: 1.0000
INFO:train:Epoch 78/100, Train Loss: 0.2005, Train Acc: 1.0000, Val Loss: 0.2311, Val Acc: 1.0000
INFO:train:Epoch 79/100, Train Loss: 0.2004, Train Acc: 1.0000, Val Loss: 0.2293, Val Acc: 1.0000
INFO:train:Epoch 80/100, Train Loss: 0.2002, Train Acc: 1.0000, Val Loss: 0.2308, Val Acc: 1.0000
INFO:train:Epoch 81/100, Train Loss: 0.2004, Train Acc: 1.0000, Val Loss: 0.2267, Val Acc: 1.0000
INFO:train:Epoch 82/100, Train Loss: 0.2004, Train Acc: 1.0000, Val Loss: 0.2301, Val Acc: 1.0000
INFO:train:Epoch 83/100, Train Loss: 0.2003, Train Acc: 1.0000, Val Loss: 0.2291, Val Acc: 1.0000
INFO:train:Epoch 84/100, Train Loss: 0.2002, Train Acc: 1.0000, Val Loss: 0.2274, Val Acc: 1.0000
INFO:train:Epoch 85/100, Train Loss: 0.2003, Train Acc: 1.0000, Val Loss: 0.2307, Val Acc: 1.0000
INFO:train:Epoch 86/100, Train Loss: 0.2003, Train Acc: 1.0000, Val Loss: 0.2274, Val Acc: 1.0000
INFO:train:Epoch 87/100, Train Loss: 0.2002, Train Acc: 1.0000, Val Loss: 0.2280, Val Acc: 1.0000
INFO:train:Epoch 88/100, Train Loss: 0.2002, Train Acc: 1.0000, Val Loss: 0.2264, Val Acc: 1.0000
INFO:train:Epoch 89/100, Train Loss: 0.2003, Train Acc: 1.0000, Val Loss: 0.2294, Val Acc: 1.0000
INFO:train:Epoch 90/100, Train Loss: 0.2004, Train Acc: 1.0000, Val Loss: 0.2279, Val Acc: 1.0000
INFO:train:Epoch 91/100, Train Loss: 0.2002, Train Acc: 1.0000, Val Loss: 0.2273, Val Acc: 1.0000
INFO:train:Epoch 92/100, Train Loss: 0.2002, Train Acc: 1.0000, Val Loss: 0.2293, Val Acc: 1.0000
INFO:train:Epoch 93/100, Train Loss: 0.2003, Train Acc: 1.0000, Val Loss: 0.2273, Val Acc: 1.0000
INFO:train:Epoch 94/100, Train Loss: 0.2002, Train Acc: 1.0000, Val Loss: 0.2322, Val Acc: 1.0000
INFO:train:Epoch 95/100, Train Loss: 0.2003, Train Acc: 1.0000, Val Loss: 0.2289, Val Acc: 1.0000
INFO:train:Epoch 96/100, Train Loss: 0.2002, Train Acc: 1.0000, Val Loss: 0.2286, Val Acc: 1.0000
INFO:train:Epoch 97/100, Train Loss: 0.2003, Train Acc: 1.0000, Val Loss: 0.2316, Val Acc: 1.0000
INFO:train:Epoch 98/100, Train Loss: 0.2002, Train Acc: 1.0000, Val Loss: 0.2300, Val Acc: 1.0000
INFO:train:Epoch 99/100, Train Loss: 0.2001, Train Acc: 1.0000, Val Loss: 0.2296, Val Acc: 1.0000
INFO:train:Epoch 100/100, Train Loss: 0.2002, Train Acc: 1.0000, Val Loss: 0.2301, Val Acc: 1.0000
INFO:plot:Saving attention map to: figures/model_accuracy.png
INFO:__main__:Total time taken to train the model: 152.29s
INFO:__main__:train accuracy: 64 / 64
INFO:plot:Saving cofusion matrix map to: figures/train_confusion_matrix.png
INFO:__main__:train accuracy: 64 / 64
INFO:plot:Saving cofusion matrix map to: figures/train_confusion_matrix.png
INFO:__main__:train accuracy: 64 / 64
INFO:plot:Saving cofusion matrix map to: figures/train_confusion_matrix.png
INFO:__main__:train accuracy: 64 / 64
INFO:plot:Saving cofusion matrix map to: figures/train_confusion_matrix.png
INFO:__main__:train accuracy: 64 / 64
INFO:plot:Saving cofusion matrix map to: figures/train_confusion_matrix.png
INFO:__main__:train accuracy: 64 / 64
INFO:plot:Saving cofusion matrix map to: figures/train_confusion_matrix.png
INFO:__main__:train accuracy: 64 / 64
INFO:plot:Saving cofusion matrix map to: figures/train_confusion_matrix.png
INFO:__main__:train accuracy: 64 / 64
INFO:plot:Saving cofusion matrix map to: figures/train_confusion_matrix.png
INFO:__main__:train accuracy: 64 / 64
INFO:plot:Saving cofusion matrix map to: figures/train_confusion_matrix.png
INFO:__main__:train accuracy: 64 / 64
INFO:plot:Saving cofusion matrix map to: figures/train_confusion_matrix.png
INFO:__main__:train accuracy: 64 / 64
INFO:plot:Saving cofusion matrix map to: figures/train_confusion_matrix.png
INFO:__main__:train accuracy: 64 / 64
INFO:plot:Saving cofusion matrix map to: figures/train_confusion_matrix.png
INFO:__main__:train accuracy: 64 / 64
INFO:plot:Saving cofusion matrix map to: figures/train_confusion_matrix.png
INFO:__main__:train accuracy: 64 / 64
INFO:plot:Saving cofusion matrix map to: figures/train_confusion_matrix.png
INFO:__main__:train accuracy: 64 / 64
INFO:plot:Saving cofusion matrix map to: figures/train_confusion_matrix.png
INFO:__main__:train accuracy: 64 / 64
INFO:plot:Saving cofusion matrix map to: figures/train_confusion_matrix.png
INFO:__main__:train accuracy: 64 / 64
INFO:plot:Saving cofusion matrix map to: figures/train_confusion_matrix.png
INFO:__main__:train accuracy: 34 / 34 accuracy: 1.0
INFO:plot:Saving cofusion matrix map to: figures/train_confusion_matrix.png
INFO:__main__:validation accuracy: 23 / 23 accuracy: 1.0
INFO:plot:Saving cofusion matrix map to: figures/validation_confusion_matrix.png
INFO:__main__:test accuracy: 24 / 24 accuracy: 1.0
INFO:plot:Saving cofusion matrix map to: figures/test_confusion_matrix.png
INFO:plot:Saving attention map to: figures/encoder_attention_map.png
INFO:plot:Saving attention map to: figures/decoder_attention_map.png
