INFO:__main__:Reading the dataset: fish species
INFO:__main__:Pre-training the network: Masked Spectra Modelling
INFO:pre_training:Epoch [1/100], Loss: 0.1435, Val: 0.0076
INFO:pre_training:Epoch [2/100], Loss: 0.1328, Val: 0.0070
INFO:pre_training:Epoch [3/100], Loss: 0.1268, Val: 0.0067
INFO:pre_training:Epoch [4/100], Loss: 0.1222, Val: 0.0063
INFO:pre_training:Epoch [5/100], Loss: 0.1178, Val: 0.0063
INFO:pre_training:Epoch [6/100], Loss: 0.1140, Val: 0.0060
INFO:pre_training:Epoch [7/100], Loss: 0.1113, Val: 0.0058
INFO:pre_training:Epoch [8/100], Loss: 0.1082, Val: 0.0055
INFO:pre_training:Epoch [9/100], Loss: 0.1046, Val: 0.0054
INFO:pre_training:Epoch [10/100], Loss: 0.1025, Val: 0.0052
INFO:pre_training:Epoch [11/100], Loss: 0.0998, Val: 0.0049
INFO:pre_training:Epoch [12/100], Loss: 0.0976, Val: 0.0049
INFO:pre_training:Epoch [13/100], Loss: 0.0949, Val: 0.0047
INFO:pre_training:Epoch [14/100], Loss: 0.0929, Val: 0.0047
INFO:pre_training:Epoch [15/100], Loss: 0.0907, Val: 0.0044
INFO:pre_training:Epoch [16/100], Loss: 0.0890, Val: 0.0043
INFO:pre_training:Epoch [17/100], Loss: 0.0867, Val: 0.0042
INFO:pre_training:Epoch [18/100], Loss: 0.0849, Val: 0.0041
INFO:pre_training:Epoch [19/100], Loss: 0.0836, Val: 0.0040
INFO:pre_training:Epoch [20/100], Loss: 0.0817, Val: 0.0039
INFO:pre_training:Epoch [21/100], Loss: 0.0799, Val: 0.0038
INFO:pre_training:Epoch [22/100], Loss: 0.0785, Val: 0.0037
INFO:pre_training:Epoch [23/100], Loss: 0.0767, Val: 0.0036
INFO:pre_training:Epoch [24/100], Loss: 0.0758, Val: 0.0035
INFO:pre_training:Epoch [25/100], Loss: 0.0744, Val: 0.0035
INFO:pre_training:Epoch [26/100], Loss: 0.0729, Val: 0.0034
INFO:pre_training:Epoch [27/100], Loss: 0.0716, Val: 0.0033
INFO:pre_training:Epoch [28/100], Loss: 0.0703, Val: 0.0032
INFO:pre_training:Epoch [29/100], Loss: 0.0691, Val: 0.0033
INFO:pre_training:Epoch [30/100], Loss: 0.0677, Val: 0.0032
INFO:pre_training:Epoch [31/100], Loss: 0.0670, Val: 0.0031
INFO:pre_training:Epoch [32/100], Loss: 0.0656, Val: 0.0031
INFO:pre_training:Epoch [33/100], Loss: 0.0646, Val: 0.0030
INFO:pre_training:Epoch [34/100], Loss: 0.0636, Val: 0.0030
INFO:pre_training:Epoch [35/100], Loss: 0.0627, Val: 0.0030
INFO:pre_training:Epoch [36/100], Loss: 0.0618, Val: 0.0029
INFO:pre_training:Epoch [37/100], Loss: 0.0609, Val: 0.0028
INFO:pre_training:Epoch [38/100], Loss: 0.0599, Val: 0.0028
INFO:pre_training:Epoch [39/100], Loss: 0.0591, Val: 0.0029
INFO:pre_training:Epoch [40/100], Loss: 0.0581, Val: 0.0028
INFO:pre_training:Epoch [41/100], Loss: 0.0575, Val: 0.0027
INFO:pre_training:Epoch [42/100], Loss: 0.0563, Val: 0.0026
INFO:pre_training:Epoch [43/100], Loss: 0.0555, Val: 0.0027
INFO:pre_training:Epoch [44/100], Loss: 0.0551, Val: 0.0027
INFO:pre_training:Epoch [45/100], Loss: 0.0541, Val: 0.0027
INFO:pre_training:Epoch [46/100], Loss: 0.0537, Val: 0.0026
INFO:pre_training:Epoch [47/100], Loss: 0.0529, Val: 0.0026
INFO:pre_training:Epoch [48/100], Loss: 0.0521, Val: 0.0027
INFO:pre_training:Epoch [49/100], Loss: 0.0514, Val: 0.0026
INFO:pre_training:Epoch [50/100], Loss: 0.0510, Val: 0.0025
INFO:pre_training:Epoch [51/100], Loss: 0.0502, Val: 0.0025
INFO:pre_training:Epoch [52/100], Loss: 0.0496, Val: 0.0025
INFO:pre_training:Epoch [53/100], Loss: 0.0490, Val: 0.0025
INFO:pre_training:Epoch [54/100], Loss: 0.0483, Val: 0.0025
INFO:pre_training:Epoch [55/100], Loss: 0.0476, Val: 0.0025
INFO:pre_training:Epoch [56/100], Loss: 0.0473, Val: 0.0025
INFO:pre_training:Epoch [57/100], Loss: 0.0466, Val: 0.0024
INFO:pre_training:Epoch [58/100], Loss: 0.0459, Val: 0.0024
INFO:pre_training:Epoch [59/100], Loss: 0.0455, Val: 0.0024
INFO:pre_training:Epoch [60/100], Loss: 0.0449, Val: 0.0023
INFO:pre_training:Epoch [61/100], Loss: 0.0445, Val: 0.0023
INFO:pre_training:Epoch [62/100], Loss: 0.0440, Val: 0.0023
INFO:pre_training:Epoch [63/100], Loss: 0.0435, Val: 0.0024
INFO:pre_training:Epoch [64/100], Loss: 0.0430, Val: 0.0023
INFO:pre_training:Epoch [65/100], Loss: 0.0426, Val: 0.0023
INFO:pre_training:Epoch [66/100], Loss: 0.0420, Val: 0.0024
INFO:pre_training:Epoch [67/100], Loss: 0.0415, Val: 0.0023
INFO:pre_training:Epoch [68/100], Loss: 0.0411, Val: 0.0023
INFO:pre_training:Epoch [69/100], Loss: 0.0405, Val: 0.0023
INFO:pre_training:Epoch [70/100], Loss: 0.0401, Val: 0.0023
INFO:pre_training:Epoch [71/100], Loss: 0.0397, Val: 0.0023
INFO:pre_training:Epoch [72/100], Loss: 0.0395, Val: 0.0023
INFO:pre_training:Epoch [73/100], Loss: 0.0389, Val: 0.0023
INFO:pre_training:Epoch [74/100], Loss: 0.0384, Val: 0.0022
INFO:pre_training:Epoch [75/100], Loss: 0.0379, Val: 0.0022
INFO:pre_training:Epoch [76/100], Loss: 0.0374, Val: 0.0022
INFO:pre_training:Epoch [77/100], Loss: 0.0371, Val: 0.0022
INFO:pre_training:Epoch [78/100], Loss: 0.0368, Val: 0.0022
INFO:pre_training:Epoch [79/100], Loss: 0.0365, Val: 0.0022
INFO:pre_training:Epoch [80/100], Loss: 0.0361, Val: 0.0021
INFO:pre_training:Epoch [81/100], Loss: 0.0356, Val: 0.0021
INFO:pre_training:Epoch [82/100], Loss: 0.0354, Val: 0.0021
INFO:pre_training:Epoch [83/100], Loss: 0.0349, Val: 0.0021
INFO:pre_training:Epoch [84/100], Loss: 0.0345, Val: 0.0021
INFO:pre_training:Epoch [85/100], Loss: 0.0342, Val: 0.0021
INFO:pre_training:Epoch [86/100], Loss: 0.0339, Val: 0.0021
INFO:pre_training:Epoch [87/100], Loss: 0.0336, Val: 0.0021
INFO:pre_training:Epoch [88/100], Loss: 0.0331, Val: 0.0021
INFO:pre_training:Epoch [89/100], Loss: 0.0327, Val: 0.0021
INFO:pre_training:Epoch [90/100], Loss: 0.0325, Val: 0.0020
INFO:pre_training:Epoch [91/100], Loss: 0.0321, Val: 0.0020
INFO:pre_training:Epoch [92/100], Loss: 0.0319, Val: 0.0020
INFO:pre_training:Epoch [93/100], Loss: 0.0315, Val: 0.0020
INFO:pre_training:Epoch [94/100], Loss: 0.0312, Val: 0.0020
INFO:pre_training:Epoch [95/100], Loss: 0.0308, Val: 0.0020
INFO:pre_training:Epoch [96/100], Loss: 0.0305, Val: 0.0020
INFO:pre_training:Epoch [97/100], Loss: 0.0303, Val: 0.0020
INFO:pre_training:Epoch [98/100], Loss: 0.0299, Val: 0.0020
INFO:pre_training:Epoch [99/100], Loss: 0.0296, Val: 0.0020
INFO:pre_training:Epoch [100/100], Loss: 0.0294, Val: 0.0020
INFO:__main__:Total time taken to pre-train the model: 152.62s
INFO:__main__:Training the network
INFO:train:Epoch 1/100, Train Loss: 0.5734, Train Acc: 0.7701, Val Loss: 0.4718, Val Acc: 0.6957
INFO:train:Epoch 2/100, Train Loss: 0.3280, Train Acc: 0.9599, Val Loss: 0.2556, Val Acc: 1.0000
INFO:train:Epoch 3/100, Train Loss: 0.2266, Train Acc: 0.9947, Val Loss: 0.2356, Val Acc: 1.0000
INFO:train:Epoch 4/100, Train Loss: 0.2139, Train Acc: 0.9991, Val Loss: 0.2370, Val Acc: 1.0000
INFO:train:Epoch 5/100, Train Loss: 0.2081, Train Acc: 1.0000, Val Loss: 0.2557, Val Acc: 0.9565
INFO:train:Epoch 6/100, Train Loss: 0.2068, Train Acc: 1.0000, Val Loss: 0.2579, Val Acc: 0.9565
INFO:train:Epoch 7/100, Train Loss: 0.2057, Train Acc: 1.0000, Val Loss: 0.2644, Val Acc: 0.9565
INFO:train:Epoch 8/100, Train Loss: 0.2049, Train Acc: 1.0000, Val Loss: 0.2633, Val Acc: 0.9565
INFO:train:Epoch 9/100, Train Loss: 0.2047, Train Acc: 1.0000, Val Loss: 0.2705, Val Acc: 0.9565
INFO:train:Epoch 10/100, Train Loss: 0.2041, Train Acc: 1.0000, Val Loss: 0.2713, Val Acc: 0.9565
INFO:train:Epoch 11/100, Train Loss: 0.2035, Train Acc: 1.0000, Val Loss: 0.2808, Val Acc: 0.9565
INFO:train:Epoch 12/100, Train Loss: 0.2033, Train Acc: 1.0000, Val Loss: 0.2796, Val Acc: 0.9565
INFO:train:Epoch 13/100, Train Loss: 0.2033, Train Acc: 1.0000, Val Loss: 0.2777, Val Acc: 0.9565
INFO:train:Epoch 14/100, Train Loss: 0.2033, Train Acc: 1.0000, Val Loss: 0.2816, Val Acc: 0.9565
INFO:train:Epoch 15/100, Train Loss: 0.2029, Train Acc: 1.0000, Val Loss: 0.2832, Val Acc: 0.9565
INFO:train:Epoch 16/100, Train Loss: 0.2025, Train Acc: 1.0000, Val Loss: 0.2967, Val Acc: 0.9565
INFO:train:Epoch 17/100, Train Loss: 0.2026, Train Acc: 1.0000, Val Loss: 0.2800, Val Acc: 0.9565
INFO:train:Epoch 18/100, Train Loss: 0.2026, Train Acc: 1.0000, Val Loss: 0.2933, Val Acc: 0.9565
INFO:train:Epoch 19/100, Train Loss: 0.2024, Train Acc: 1.0000, Val Loss: 0.2874, Val Acc: 0.9565
INFO:train:Epoch 20/100, Train Loss: 0.2022, Train Acc: 1.0000, Val Loss: 0.2870, Val Acc: 0.9565
INFO:train:Epoch 21/100, Train Loss: 0.2020, Train Acc: 1.0000, Val Loss: 0.2902, Val Acc: 0.9565
INFO:train:Epoch 22/100, Train Loss: 0.2020, Train Acc: 1.0000, Val Loss: 0.2927, Val Acc: 0.9565
INFO:train:Epoch 23/100, Train Loss: 0.2018, Train Acc: 1.0000, Val Loss: 0.2906, Val Acc: 0.9565
INFO:train:Epoch 24/100, Train Loss: 0.2018, Train Acc: 1.0000, Val Loss: 0.2947, Val Acc: 0.9565
INFO:train:Epoch 25/100, Train Loss: 0.2017, Train Acc: 1.0000, Val Loss: 0.2959, Val Acc: 0.9565
INFO:train:Epoch 26/100, Train Loss: 0.2018, Train Acc: 1.0000, Val Loss: 0.2886, Val Acc: 0.9565
INFO:train:Epoch 27/100, Train Loss: 0.2016, Train Acc: 1.0000, Val Loss: 0.2892, Val Acc: 0.9565
INFO:train:Epoch 28/100, Train Loss: 0.2015, Train Acc: 1.0000, Val Loss: 0.2949, Val Acc: 0.9565
INFO:train:Epoch 29/100, Train Loss: 0.2015, Train Acc: 1.0000, Val Loss: 0.2868, Val Acc: 0.9565
INFO:train:Epoch 30/100, Train Loss: 0.2017, Train Acc: 1.0000, Val Loss: 0.2836, Val Acc: 0.9565
INFO:train:Epoch 31/100, Train Loss: 0.2014, Train Acc: 1.0000, Val Loss: 0.2886, Val Acc: 0.9565
INFO:train:Epoch 32/100, Train Loss: 0.2017, Train Acc: 1.0000, Val Loss: 0.2862, Val Acc: 0.9565
INFO:train:Epoch 33/100, Train Loss: 0.2017, Train Acc: 1.0000, Val Loss: 0.3009, Val Acc: 0.9565
INFO:train:Epoch 34/100, Train Loss: 0.2013, Train Acc: 1.0000, Val Loss: 0.2873, Val Acc: 0.9565
INFO:train:Epoch 35/100, Train Loss: 0.2015, Train Acc: 1.0000, Val Loss: 0.2947, Val Acc: 0.9565
INFO:train:Epoch 36/100, Train Loss: 0.2012, Train Acc: 1.0000, Val Loss: 0.2772, Val Acc: 0.9565
INFO:train:Epoch 37/100, Train Loss: 0.2014, Train Acc: 1.0000, Val Loss: 0.2902, Val Acc: 0.9565
INFO:train:Epoch 38/100, Train Loss: 0.2013, Train Acc: 1.0000, Val Loss: 0.2758, Val Acc: 0.9565
INFO:train:Epoch 39/100, Train Loss: 0.2011, Train Acc: 1.0000, Val Loss: 0.2816, Val Acc: 0.9565
INFO:train:Epoch 40/100, Train Loss: 0.2010, Train Acc: 1.0000, Val Loss: 0.2851, Val Acc: 0.9565
INFO:train:Epoch 41/100, Train Loss: 0.2011, Train Acc: 1.0000, Val Loss: 0.2861, Val Acc: 0.9565
INFO:train:Epoch 42/100, Train Loss: 0.2009, Train Acc: 1.0000, Val Loss: 0.2802, Val Acc: 0.9565
INFO:train:Epoch 43/100, Train Loss: 0.2012, Train Acc: 1.0000, Val Loss: 0.2803, Val Acc: 0.9565
INFO:train:Epoch 44/100, Train Loss: 0.2010, Train Acc: 1.0000, Val Loss: 0.2878, Val Acc: 0.9565
INFO:train:Epoch 45/100, Train Loss: 0.2008, Train Acc: 1.0000, Val Loss: 0.2841, Val Acc: 0.9565
INFO:train:Epoch 46/100, Train Loss: 0.2011, Train Acc: 1.0000, Val Loss: 0.2808, Val Acc: 0.9565
INFO:train:Epoch 47/100, Train Loss: 0.2010, Train Acc: 1.0000, Val Loss: 0.2865, Val Acc: 0.9565
INFO:train:Epoch 48/100, Train Loss: 0.2010, Train Acc: 1.0000, Val Loss: 0.2832, Val Acc: 0.9565
INFO:train:Epoch 49/100, Train Loss: 0.2010, Train Acc: 1.0000, Val Loss: 0.2776, Val Acc: 0.9565
INFO:train:Epoch 50/100, Train Loss: 0.2010, Train Acc: 1.0000, Val Loss: 0.2790, Val Acc: 0.9565
INFO:train:Epoch 51/100, Train Loss: 0.2009, Train Acc: 1.0000, Val Loss: 0.2806, Val Acc: 0.9565
INFO:train:Epoch 52/100, Train Loss: 0.2011, Train Acc: 1.0000, Val Loss: 0.2858, Val Acc: 0.9565
INFO:train:Epoch 53/100, Train Loss: 0.2008, Train Acc: 1.0000, Val Loss: 0.2800, Val Acc: 0.9565
INFO:train:Epoch 54/100, Train Loss: 0.2007, Train Acc: 1.0000, Val Loss: 0.2800, Val Acc: 0.9565
INFO:train:Epoch 55/100, Train Loss: 0.2010, Train Acc: 1.0000, Val Loss: 0.2853, Val Acc: 0.9565
INFO:train:Epoch 56/100, Train Loss: 0.2009, Train Acc: 1.0000, Val Loss: 0.2891, Val Acc: 0.9565
INFO:train:Epoch 57/100, Train Loss: 0.2008, Train Acc: 1.0000, Val Loss: 0.2843, Val Acc: 0.9565
INFO:train:Epoch 58/100, Train Loss: 0.2008, Train Acc: 1.0000, Val Loss: 0.2738, Val Acc: 0.9565
INFO:train:Epoch 59/100, Train Loss: 0.2007, Train Acc: 1.0000, Val Loss: 0.2763, Val Acc: 0.9565
INFO:train:Epoch 60/100, Train Loss: 0.2007, Train Acc: 1.0000, Val Loss: 0.2815, Val Acc: 0.9565
INFO:train:Epoch 61/100, Train Loss: 0.2008, Train Acc: 1.0000, Val Loss: 0.2845, Val Acc: 0.9565
INFO:train:Epoch 62/100, Train Loss: 0.2007, Train Acc: 1.0000, Val Loss: 0.2833, Val Acc: 0.9565
INFO:train:Epoch 63/100, Train Loss: 0.2008, Train Acc: 1.0000, Val Loss: 0.2766, Val Acc: 0.9565
INFO:train:Epoch 64/100, Train Loss: 0.2007, Train Acc: 1.0000, Val Loss: 0.2812, Val Acc: 0.9565
INFO:train:Epoch 65/100, Train Loss: 0.2005, Train Acc: 1.0000, Val Loss: 0.2835, Val Acc: 0.9565
INFO:train:Epoch 66/100, Train Loss: 0.2007, Train Acc: 1.0000, Val Loss: 0.2784, Val Acc: 0.9565
INFO:train:Epoch 67/100, Train Loss: 0.2005, Train Acc: 1.0000, Val Loss: 0.2877, Val Acc: 0.9565
INFO:train:Epoch 68/100, Train Loss: 0.2004, Train Acc: 1.0000, Val Loss: 0.2851, Val Acc: 0.9565
INFO:train:Epoch 69/100, Train Loss: 0.2005, Train Acc: 1.0000, Val Loss: 0.2803, Val Acc: 0.9565
INFO:train:Epoch 70/100, Train Loss: 0.2006, Train Acc: 1.0000, Val Loss: 0.2732, Val Acc: 0.9565
INFO:train:Epoch 71/100, Train Loss: 0.2005, Train Acc: 1.0000, Val Loss: 0.2855, Val Acc: 0.9565
INFO:train:Epoch 72/100, Train Loss: 0.2006, Train Acc: 1.0000, Val Loss: 0.2784, Val Acc: 0.9565
INFO:train:Epoch 73/100, Train Loss: 0.2006, Train Acc: 1.0000, Val Loss: 0.2871, Val Acc: 0.9565
INFO:train:Epoch 74/100, Train Loss: 0.2008, Train Acc: 1.0000, Val Loss: 0.2739, Val Acc: 0.9565
INFO:train:Epoch 75/100, Train Loss: 0.2007, Train Acc: 1.0000, Val Loss: 0.2778, Val Acc: 0.9565
INFO:train:Epoch 76/100, Train Loss: 0.2004, Train Acc: 1.0000, Val Loss: 0.2798, Val Acc: 0.9565
INFO:train:Epoch 77/100, Train Loss: 0.2004, Train Acc: 1.0000, Val Loss: 0.2861, Val Acc: 0.9565
INFO:train:Epoch 78/100, Train Loss: 0.2004, Train Acc: 1.0000, Val Loss: 0.2884, Val Acc: 0.9565
INFO:train:Epoch 79/100, Train Loss: 0.2003, Train Acc: 1.0000, Val Loss: 0.2720, Val Acc: 0.9565
INFO:train:Epoch 80/100, Train Loss: 0.2006, Train Acc: 1.0000, Val Loss: 0.2809, Val Acc: 0.9565
INFO:train:Epoch 81/100, Train Loss: 0.2005, Train Acc: 1.0000, Val Loss: 0.2818, Val Acc: 0.9565
INFO:train:Epoch 82/100, Train Loss: 0.2005, Train Acc: 1.0000, Val Loss: 0.2788, Val Acc: 0.9565
INFO:train:Epoch 83/100, Train Loss: 0.2005, Train Acc: 1.0000, Val Loss: 0.2755, Val Acc: 0.9565
INFO:train:Epoch 84/100, Train Loss: 0.2003, Train Acc: 1.0000, Val Loss: 0.2832, Val Acc: 0.9565
INFO:train:Epoch 85/100, Train Loss: 0.2003, Train Acc: 1.0000, Val Loss: 0.2791, Val Acc: 0.9565
INFO:train:Epoch 86/100, Train Loss: 0.2006, Train Acc: 1.0000, Val Loss: 0.2845, Val Acc: 0.9565
INFO:train:Epoch 87/100, Train Loss: 0.2003, Train Acc: 1.0000, Val Loss: 0.2775, Val Acc: 0.9565
INFO:train:Epoch 88/100, Train Loss: 0.2003, Train Acc: 1.0000, Val Loss: 0.2765, Val Acc: 0.9565
INFO:train:Epoch 89/100, Train Loss: 0.2003, Train Acc: 1.0000, Val Loss: 0.2790, Val Acc: 0.9565
INFO:train:Epoch 90/100, Train Loss: 0.2003, Train Acc: 1.0000, Val Loss: 0.2652, Val Acc: 0.9565
INFO:train:Epoch 91/100, Train Loss: 0.2004, Train Acc: 1.0000, Val Loss: 0.2717, Val Acc: 0.9565
INFO:train:Epoch 92/100, Train Loss: 0.2001, Train Acc: 1.0000, Val Loss: 0.2822, Val Acc: 0.9565
INFO:train:Epoch 93/100, Train Loss: 0.2002, Train Acc: 1.0000, Val Loss: 0.2729, Val Acc: 0.9565
INFO:train:Epoch 94/100, Train Loss: 0.2002, Train Acc: 1.0000, Val Loss: 0.2787, Val Acc: 0.9565
INFO:train:Epoch 95/100, Train Loss: 0.2002, Train Acc: 1.0000, Val Loss: 0.2808, Val Acc: 0.9565
INFO:train:Epoch 96/100, Train Loss: 0.2002, Train Acc: 1.0000, Val Loss: 0.2716, Val Acc: 0.9565
INFO:train:Epoch 97/100, Train Loss: 0.2001, Train Acc: 1.0000, Val Loss: 0.2768, Val Acc: 0.9565
INFO:train:Epoch 98/100, Train Loss: 0.2001, Train Acc: 1.0000, Val Loss: 0.2731, Val Acc: 0.9565
INFO:train:Epoch 99/100, Train Loss: 0.2001, Train Acc: 1.0000, Val Loss: 0.2694, Val Acc: 0.9565
INFO:train:Epoch 100/100, Train Loss: 0.2001, Train Acc: 1.0000, Val Loss: 0.2748, Val Acc: 0.9565
INFO:plot:Saving attention map to: figures/model_accuracy.png
INFO:__main__:Total time taken to train the model: 234.97s
INFO:__main__:train accuracy: 64 / 64
INFO:plot:Saving cofusion matrix map to: figures/train_confusion_matrix.png
INFO:__main__:train accuracy: 64 / 64
INFO:plot:Saving cofusion matrix map to: figures/train_confusion_matrix.png
INFO:__main__:train accuracy: 64 / 64
INFO:plot:Saving cofusion matrix map to: figures/train_confusion_matrix.png
INFO:__main__:train accuracy: 64 / 64
INFO:plot:Saving cofusion matrix map to: figures/train_confusion_matrix.png
INFO:__main__:train accuracy: 64 / 64
INFO:plot:Saving cofusion matrix map to: figures/train_confusion_matrix.png
INFO:__main__:train accuracy: 64 / 64
INFO:plot:Saving cofusion matrix map to: figures/train_confusion_matrix.png
INFO:__main__:train accuracy: 64 / 64
INFO:plot:Saving cofusion matrix map to: figures/train_confusion_matrix.png
INFO:__main__:train accuracy: 64 / 64
INFO:plot:Saving cofusion matrix map to: figures/train_confusion_matrix.png
INFO:__main__:train accuracy: 64 / 64
INFO:plot:Saving cofusion matrix map to: figures/train_confusion_matrix.png
INFO:__main__:train accuracy: 64 / 64
INFO:plot:Saving cofusion matrix map to: figures/train_confusion_matrix.png
INFO:__main__:train accuracy: 64 / 64
INFO:plot:Saving cofusion matrix map to: figures/train_confusion_matrix.png
INFO:__main__:train accuracy: 64 / 64
INFO:plot:Saving cofusion matrix map to: figures/train_confusion_matrix.png
INFO:__main__:train accuracy: 64 / 64
INFO:plot:Saving cofusion matrix map to: figures/train_confusion_matrix.png
INFO:__main__:train accuracy: 64 / 64
INFO:plot:Saving cofusion matrix map to: figures/train_confusion_matrix.png
INFO:__main__:train accuracy: 64 / 64
INFO:plot:Saving cofusion matrix map to: figures/train_confusion_matrix.png
INFO:__main__:train accuracy: 64 / 64
INFO:plot:Saving cofusion matrix map to: figures/train_confusion_matrix.png
INFO:__main__:train accuracy: 64 / 64
INFO:plot:Saving cofusion matrix map to: figures/train_confusion_matrix.png
INFO:__main__:train accuracy: 34 / 34 accuracy: 1.0
INFO:plot:Saving cofusion matrix map to: figures/train_confusion_matrix.png
INFO:__main__:validation accuracy: 22 / 23 accuracy: 0.9565217391304348
INFO:plot:Saving cofusion matrix map to: figures/validation_confusion_matrix.png
INFO:__main__:test accuracy: 24 / 24 accuracy: 1.0
INFO:plot:Saving cofusion matrix map to: figures/test_confusion_matrix.png
INFO:plot:Saving attention map to: figures/encoder_attention_map.png
INFO:plot:Saving attention map to: figures/decoder_attention_map.png
