INFO:data:Reading dataset fish: instance-recognition
INFO:__main__:No model found. Train from scratch.
INFO:gp:   	      	                                 fitness                                 	                      size                     
   	      	-------------------------------------------------------------------------	-----------------------------------------------
gen	nevals	avg     	gen	max     	min     	nevals	std      	avg    	gen	max	min	nevals	std    
0  	1023  	0.502105	0  	0.711387	0.319158	1023  	0.0659593	3.54252	0  	7  	2  	1023  	1.37137
INFO:gp:1  	759   	0.559213	1  	0.738088	0.335163	759   	0.0657394	3.76637	1  	12 	2  	759   	1.56862
INFO:gp:2  	805   	0.587012	2  	0.790692	0.323691	805   	0.0716577	3.75269	2  	11 	2  	805   	1.51255
INFO:gp:3  	774   	0.611882	3  	0.790692	0.332146	774   	0.0799484	3.78104	3  	11 	2  	774   	1.41039
INFO:gp:4  	774   	0.633545	4  	0.798314	0.341871	774   	0.0845248	4.03421	4  	12 	2  	774   	1.43337
INFO:gp:5  	782   	0.655375	5  	0.799578	0.327747	782   	0.0923924	4.15934	5  	13 	2  	782   	1.39298
INFO:gp:6  	778   	0.681748	6  	0.810212	0.372374	778   	0.0888867	4.13001	6  	12 	2  	778   	1.25596
INFO:gp:7  	774   	0.695861	7  	0.831177	0.370236	774   	0.0946288	4.29619	7  	12 	2  	774   	1.29789
INFO:gp:8  	759   	0.71624 	8  	0.831177	0.372912	759   	0.09244  	4.34995	8  	10 	2  	759   	1.27412
INFO:gp:9  	775   	0.725078	9  	0.831177	0.363167	775   	0.0970432	4.17595	9  	10 	2  	775   	1.28238
INFO:gp:10 	770   	0.729023	10 	0.840702	0.422892	770   	0.100935 	3.89834	10 	10 	2  	770   	1.33215
INFO:gp:11 	768   	0.734516	11 	0.851899	0.353307	768   	0.110754 	3.65787	11 	10 	2  	768   	1.22624
INFO:gp:12 	761   	0.742237	12 	0.854707	0.436907	761   	0.112123 	3.50733	12 	9  	2  	761   	1.11845
INFO:gp:13 	765   	0.745378	13 	0.854707	0.365281	765   	0.118023 	3.47996	13 	9  	3  	765   	1.08366
INFO:gp:14 	753   	0.748382	14 	0.854707	0.400886	753   	0.126036 	3.55816	14 	9  	3  	753   	1.12568
INFO:gp:15 	750   	0.757404	15 	0.874476	0.332544	750   	0.131074 	3.6305 	15 	9  	3  	750   	1.06684
INFO:gp:16 	746   	0.766924	16 	0.874476	0.328872	746   	0.134049 	3.65885	16 	9  	3  	746   	0.994578
INFO:gp:17 	751   	0.758217	17 	0.874476	0.314371	751   	0.13828  	3.82502	17 	9  	3  	751   	1.02256 
INFO:gp:18 	771   	0.748768	18 	0.874476	0.339248	771   	0.143602 	3.9609 	18 	9  	3  	771   	1.03621 
INFO:gp:19 	753   	0.742075	19 	0.874476	0.292559	753   	0.151013 	3.7869 	19 	10 	3  	753   	0.966468
INFO:gp:20 	766   	0.763211	20 	0.874476	0.326797	766   	0.145107 	3.62952	20 	9  	3  	766   	1.00273 
INFO:gp:21 	763   	0.757086	21 	0.874476	0.365798	763   	0.154839 	3.47703	21 	9  	3  	763   	0.979362
INFO:gp:22 	806   	0.750167	22 	0.874476	0.43569 	806   	0.157211 	3.42424	22 	9  	3  	806   	1.00822 
INFO:gp:23 	777   	0.75331 	23 	0.874476	0.473072	777   	0.15484  	3.43793	23 	9  	3  	777   	1.03403 
INFO:gp:24 	776   	0.738521	24 	0.889421	0.395279	776   	0.163566 	3.44575	24 	9  	3  	776   	1.02688 
INFO:gp:25 	750   	0.761594	25 	0.889421	0.444037	750   	0.153709 	3.42424	25 	9  	3  	750   	0.984672
INFO:gp:26 	777   	0.753901	26 	0.889421	0.493832	777   	0.154683 	3.39003	26 	9  	3  	777   	0.969414
INFO:gp:27 	763   	0.759455	27 	0.889421	0.471127	763   	0.153363 	3.38905	27 	9  	3  	763   	0.932291
INFO:gp:28 	776   	0.756069	28 	0.889421	0.421102	776   	0.15451  	3.40274	28 	9  	3  	776   	0.982781
INFO:gp:29 	747   	0.769604	29 	0.889421	0.458761	747   	0.150369 	3.43109	29 	11 	3  	747   	1.026   
INFO:gp:30 	764   	0.766822	30 	0.889421	0.434722	764   	0.158113 	3.42131	30 	9  	3  	764   	0.996286
INFO:gp:31 	755   	0.764822	31 	0.889421	0.360227	755   	0.158399 	3.3871 	31 	11 	3  	755   	0.997901
INFO:gp:32 	779   	0.757271	32 	0.889421	0.449854	779   	0.160894 	3.44086	32 	9  	3  	779   	1.00933 
INFO:gp:33 	761   	0.763729	33 	0.889421	0.456922	761   	0.160832 	3.41251	33 	9  	3  	761   	1.06206 
INFO:gp:34 	761   	0.763027	34 	0.899861	0.381357	761   	0.16165  	3.38612	34 	11 	3  	761   	1.03906 
INFO:gp:35 	782   	0.761646	35 	0.899861	0.370117	782   	0.161129 	3.39883	35 	9  	3  	782   	1.00501 
INFO:gp:36 	775   	0.767606	36 	0.899861	0.383475	775   	0.158122 	3.45748	36 	10 	3  	775   	1.06113 
INFO:gp:37 	772   	0.760499	37 	0.899861	0.454284	772   	0.161972 	3.53666	37 	10 	3  	772   	1.09846 
INFO:gp:38 	796   	0.769536	38 	0.899861	0.437267	796   	0.157611 	3.58162	38 	9  	3  	796   	1.05329 
INFO:gp:39 	778   	0.769962	39 	0.90121 	0.418178	778   	0.158573 	3.78397	39 	9  	3  	778   	1.04972 
INFO:gp:40 	786   	0.772903	40 	0.90121 	0.462928	786   	0.157848 	4.06061	40 	10 	3  	786   	1.05204 
INFO:gp:41 	786   	0.750497	41 	0.910649	0.40266 	786   	0.167946 	4.22483	41 	10 	3  	786   	1.03897 
INFO:gp:42 	796   	0.753967	42 	0.910649	0.441765	796   	0.165592 	4.24145	42 	11 	3  	796   	1.01858 
INFO:gp:43 	760   	0.76468 	43 	0.910649	0.450871	760   	0.164645 	4.27957	43 	11 	3  	760   	1.15302 
INFO:gp:44 	787   	0.758954	44 	0.911576	0.430469	787   	0.163793 	4.32747	44 	10 	3  	787   	1.1382  
INFO:gp:45 	783   	0.760088	45 	0.911576	0.43012 	783   	0.162709 	4.36461	45 	12 	3  	783   	1.14492 
INFO:gp:46 	776   	0.775162	46 	0.911576	0.430469	776   	0.157185 	4.5435 	46 	11 	3  	776   	1.25444 
INFO:gp:47 	773   	0.782346	47 	0.911576	0.477516	773   	0.155263 	4.826  	47 	12 	3  	773   	1.32242 
INFO:gp:48 	765   	0.785524	48 	0.91192 	0.431671	765   	0.157888 	5.21603	48 	11 	3  	765   	1.41119 
INFO:gp:49 	796   	0.788985	49 	0.91192 	0.465288	796   	0.154339 	5.55816	49 	12 	3  	796   	1.57519 
INFO:gp:50 	801   	0.784018	50 	0.912165	0.430098	801   	0.158056 	5.83187	50 	12 	3  	801   	1.71904 
INFO:gp:51 	762   	0.784723	51 	0.912165	0.478281	762   	0.162466 	5.90714	51 	17 	3  	762   	1.96553 
INFO:gp:52 	749   	0.786398	52 	0.912172	0.45722 	749   	0.161663 	6.29717	52 	14 	3  	749   	2.20407 
INFO:gp:53 	775   	0.788997	53 	0.912172	0.460352	775   	0.161446 	7.11926	53 	17 	3  	775   	2.74627 
INFO:gp:54 	781   	0.791814	54 	0.912198	0.459867	781   	0.16189  	8.68915	54 	20 	3  	781   	2.96133 
INFO:gp:55 	790   	0.797772	55 	0.912558	0.495563	790   	0.159785 	10.3099	55 	21 	3  	790   	3.09901 
INFO:gp:56 	794   	0.799767	56 	0.912558	0.441571	794   	0.160796 	11.4457	56 	22 	3  	794   	2.9046  
INFO:gp:57 	744   	0.822471	57 	0.913428	0.432887	744   	0.148826 	11.8563	57 	24 	3  	744   	2.89738 
INFO:gp:58 	750   	0.815455	58 	0.913428	0.502512	750   	0.150286 	11.9892	58 	24 	3  	750   	2.87587 
INFO:gp:59 	789   	0.804274	59 	0.913428	0.498095	789   	0.159098 	11.6119	59 	26 	3  	789   	3.16489 
INFO:gp:60 	777   	0.806921	60 	0.913709	0.451286	777   	0.157716 	11.3451	60 	20 	3  	777   	2.94412 
INFO:gp:61 	780   	0.80992 	61 	0.913709	0.495009	780   	0.157309 	11.3519	61 	22 	3  	780   	2.97617 
INFO:gp:62 	791   	0.824025	62 	0.913709	0.457668	791   	0.145556 	11.7243	62 	27 	3  	791   	3.58806 
INFO:gp:63 	792   	0.822543	63 	0.914346	0.492782	792   	0.146221 	12.001 	63 	24 	3  	792   	3.76185 
INFO:gp:64 	744   	0.818138	64 	0.914346	0.498343	744   	0.152209 	12.4878	64 	29 	3  	744   	4.11748 
INFO:gp:65 	792   	0.801805	65 	0.914346	0.498458	792   	0.161136 	13.3333	65 	32 	3  	792   	4.38933 
INFO:gp:66 	773   	0.815   	66 	0.914346	0.498578	773   	0.155558 	13.7986	66 	30 	3  	773   	4.61568 
INFO:gp:67 	773   	0.822388	67 	0.914346	0.500208	773   	0.150838 	14.3294	67 	35 	3  	773   	4.87437 
INFO:gp:68 	796   	0.822835	68 	0.914346	0.498038	796   	0.152253 	16.7048	68 	35 	3  	796   	4.76924 
INFO:gp:69 	805   	0.821628	69 	0.914851	0.503501	805   	0.153109 	18.4761	69 	37 	3  	805   	3.88233 
INFO:gp:70 	758   	0.817478	70 	0.914851	0.41172 	758   	0.157155 	18.7449	70 	37 	3  	758   	4.0266  
INFO:gp:71 	775   	0.819723	71 	0.915584	0.500313	775   	0.154526 	18.7732	71 	37 	3  	775   	4.01894 
INFO:gp:72 	769   	0.831186	72 	0.915621	0.427978	769   	0.148346 	18.7507	72 	35 	3  	769   	3.8609  
INFO:gp:73 	788   	0.822775	73 	0.915621	0.482923	788   	0.154356 	18.739 	73 	36 	3  	788   	3.99356 
INFO:gp:74 	787   	0.823238	74 	0.915768	0.509299	787   	0.153212 	18.6764	74 	35 	3  	787   	4.5439  
INFO:gp:75 	772   	0.837372	75 	0.916493	0.480006	772   	0.141717 	19.2659	75 	35 	3  	772   	4.75661 
INFO:gp:76 	776   	0.83237 	76 	0.916493	0.497742	776   	0.145632 	20.4682	76 	44 	3  	776   	6.06101 
INFO:gp:77 	767   	0.824835	77 	0.916493	0.504772	767   	0.154278 	22.9697	77 	41 	3  	767   	6.8065  
INFO:gp:78 	755   	0.822369	78 	0.916493	0.509087	755   	0.15515  	26.3226	78 	40 	3  	755   	6.44031 
INFO:gp:79 	766   	0.838516	79 	0.916573	0.499175	766   	0.1413   	27.7654	79 	49 	3  	766   	5.77737 
INFO:gp:80 	769   	0.821725	80 	0.917535	0.505536	769   	0.156395 	28.5464	80 	43 	3  	769   	4.68182 
INFO:gp:81 	727   	0.833868	81 	0.917684	0.498534	727   	0.146213 	29.6559	81 	39 	3  	727   	3.79752 
INFO:gp:82 	775   	0.825688	82 	0.917684	0.497809	775   	0.15031  	30.3705	82 	46 	3  	775   	4.24685 
INFO:gp:83 	746   	0.825362	83 	0.917684	0.498279	746   	0.152427 	31.6979	83 	45 	3  	746   	4.51993 
INFO:gp:84 	770   	0.835574	84 	0.917912	0.498094	770   	0.142598 	33.0332	84 	44 	3  	770   	4.37656 
INFO:gp:85 	772   	0.836304	85 	0.917912	0.50155 	772   	0.145254 	34.219 	85 	47 	3  	772   	4.47945 
INFO:gp:86 	747   	0.839144	86 	0.917964	0.498047	747   	0.143606 	35.0596	86 	49 	3  	747   	4.47338 
INFO:gp:87 	781   	0.825838	87 	0.917964	0.493379	781   	0.152735 	35.8719	87 	46 	3  	781   	4.00955 
INFO:gp:88 	767   	0.83261 	88 	0.918054	0.50019 	767   	0.148928 	35.9384	88 	45 	3  	767   	3.97636 
INFO:gp:89 	753   	0.838237	89 	0.918119	0.498213	753   	0.14162  	35.0196	89 	45 	3  	753   	4.3123  
INFO:gp:90 	771   	0.838535	90 	0.918285	0.500089	771   	0.142775 	34.263 	90 	45 	3  	771   	4.00955 
INFO:gp:91 	756   	0.820162	91 	0.918398	0.497935	756   	0.157909 	34.2845	91 	46 	3  	756   	4.08801 
INFO:gp:92 	751   	0.836706	92 	0.918398	0.456191	751   	0.143103 	35.1505	92 	48 	3  	751   	4.30563 
INFO:gp:93 	761   	0.823969	93 	0.918659	0.496716	761   	0.154707 	35.8328	93 	50 	3  	761   	4.27368 
INFO:gp:94 	763   	0.8296  	94 	0.918665	0.499228	763   	0.150166 	35.7859	94 	48 	3  	763   	4.37425 
INFO:gp:95 	757   	0.83589 	95 	0.918665	0.499315	757   	0.14648  	35.7947	95 	51 	3  	757   	3.94301 
INFO:gp:96 	794   	0.822879	96 	0.918665	0.506924	794   	0.154657 	36.1877	96 	51 	3  	794   	3.37983 
INFO:gp:97 	752   	0.830613	97 	0.918665	0.498062	752   	0.149543 	36.4086	97 	44 	3  	752   	4.04873 
INFO:gp:98 	784   	0.836462	98 	0.918869	0.497927	784   	0.146099 	37.1857	98 	50 	3  	784   	3.82239 
INFO:gp:99 	762   	0.827878	99 	0.918869	0.499359	762   	0.152802 	37.7077	99 	45 	3  	762   	4.148   
INFO:gp:100	784   	0.823459	100	0.919077	0.498469	784   	0.15646  	38.0215	100	45 	3  	784   	4.12388 
INFO:__main__:Saving model to file: checkpoints/run_10.pth
INFO:util:Train accuracy: 1.0 +- 0.0
INFO:util:Val accuracy: 1.0 +- 0.0
INFO:util:Test accuracy: 0.9 +- 0.0
INFO:util:Train intra-class: 0.1557331583004285, Train Inter-class: 0.34649987776514296
INFO:util:Val intra-class: 0.1322545550397459, Val Inter-class: 0.27837753556251954
INFO:util:Test intra-class: 0.1660375207095874, Test inter-class: 0.3422423321622676
INFO:plot:Saving t-SNE to file: figures/tsne.png
INFO:plot:Saving t-SNE to file: figures/tsne.png
INFO:plot:Saving tree to file: figures/tree-0.pdf
INFO:plot:Saving tree to file: figures/tree-1.pdf
