INFO:data:Reading dataset fish: instance-recognition
INFO:__main__:No model found. Train from scratch.
INFO:gp:   	      	                                 fitness                                 	                      size                     
   	      	-------------------------------------------------------------------------	-----------------------------------------------
gen	nevals	avg     	gen	max     	min     	nevals	std      	avg    	gen	max	min	nevals	std    
0  	1023  	0.502635	0  	0.708041	0.270566	1023  	0.0670471	3.55914	0  	7  	2  	1023  	1.39829
INFO:gp:1  	784   	0.557546	1  	0.759192	0.275765	784   	0.070097 	3.82502	1  	10 	2  	784   	1.56629
INFO:gp:2  	768   	0.598177	2  	0.789027	0.345595	768   	0.0735173	4.01564	2  	12 	2  	768   	1.65669
INFO:gp:3  	740   	0.630494	3  	0.842488	0.321907	740   	0.0822227	4.07918	3  	12 	2  	740   	1.62176
INFO:gp:4  	771   	0.655927	4  	0.842488	0.338239	771   	0.0925605	4.15543	4  	12 	2  	771   	1.63786
INFO:gp:5  	778   	0.693243	5  	0.843808	0.317262	778   	0.096216 	4.32649	5  	12 	1  	778   	1.60673
INFO:gp:6  	785   	0.723941	6  	0.861968	0.382212	785   	0.09478  	4.64907	6  	11 	2  	785   	1.62369
INFO:gp:7  	780   	0.761302	7  	0.875525	0.38416 	780   	0.0898459	4.86315	7  	14 	2  	780   	1.73426
INFO:gp:8  	782   	0.774059	8  	0.876172	0.309811	782   	0.0947267	5.42717	8  	14 	3  	782   	2.00983
INFO:gp:9  	785   	0.781491	9  	0.894871	0.40975 	785   	0.0950107	5.93353	9  	14 	3  	785   	2.1093 
INFO:gp:10 	759   	0.797649	10 	0.894883	0.402283	759   	0.0894881	6.34702	10 	13 	3  	759   	2.09356
INFO:gp:11 	784   	0.804563	11 	0.894883	0.348341	784   	0.0941041	6.46237	11 	13 	3  	784   	1.80265
INFO:gp:12 	753   	0.814465	12 	0.894883	0.420575	753   	0.094917 	6.85142	12 	14 	3  	753   	1.6841 
INFO:gp:13 	770   	0.815734	13 	0.894891	0.433192	770   	0.0969181	6.7869 	13 	17 	3  	770   	1.75073
INFO:gp:14 	780   	0.8175  	14 	0.895996	0.424427	780   	0.104471 	6.74976	14 	15 	3  	780   	1.86545
INFO:gp:15 	777   	0.822738	15 	0.895997	0.367821	777   	0.109145 	7.39492	15 	15 	3  	777   	2.00402
INFO:gp:16 	785   	0.82932 	16 	0.895998	0.427021	785   	0.105462 	7.84653	16 	16 	3  	785   	2.25996
INFO:gp:17 	756   	0.829494	17 	0.896003	0.447349	756   	0.10593  	7.74194	17 	17 	3  	756   	2.24498
INFO:gp:18 	763   	0.829604	18 	0.896032	0.218077	763   	0.104178 	7.56403	18 	17 	3  	763   	2.17997
INFO:gp:19 	757   	0.825452	19 	0.896032	0.391884	757   	0.106571 	7.27664	19 	16 	3  	757   	2.1436 
INFO:gp:20 	766   	0.815392	20 	0.896032	0.359267	766   	0.115686 	7.71359	20 	16 	3  	766   	2.16862
INFO:gp:21 	797   	0.81752 	21 	0.896039	0.425698	797   	0.110336 	8.39883	21 	18 	3  	797   	2.37066
INFO:gp:22 	775   	0.821121	22 	0.896055	0.324924	775   	0.111067 	9.04888	22 	21 	3  	775   	2.57014
INFO:gp:23 	751   	0.821602	23 	0.896055	0.379456	751   	0.111246 	9.53568	23 	19 	3  	751   	2.80351
INFO:gp:24 	770   	0.819156	24 	0.896079	0.366508	770   	0.111435 	10.2258	24 	19 	3  	770   	2.90865
INFO:gp:25 	781   	0.824646	25 	0.89624 	0.360726	781   	0.108023 	11.3949	25 	23 	3  	781   	3.07076
INFO:gp:26 	746   	0.832879	26 	0.896811	0.411422	746   	0.10639  	13.0332	26 	27 	3  	746   	3.50071
INFO:gp:27 	753   	0.827955	27 	0.896811	0.408476	753   	0.107416 	14.7713	27 	27 	3  	753   	3.69201
INFO:gp:28 	794   	0.82412 	28 	0.896814	0.427748	794   	0.108421 	15.957 	28 	29 	3  	794   	4.32955
INFO:gp:29 	773   	0.83234 	29 	0.896827	0.442581	773   	0.1079   	17.5806	29 	33 	3  	773   	4.43737
INFO:gp:30 	789   	0.835779	30 	0.896832	0.428023	789   	0.103699 	18.5934	30 	33 	3  	789   	4.69717
INFO:gp:31 	773   	0.824075	31 	0.896832	0.324499	773   	0.117022 	17.8944	31 	36 	3  	773   	4.83558
INFO:gp:32 	757   	0.832969	32 	0.896834	0.198139	757   	0.114453 	17.3167	32 	33 	3  	757   	4.16279
INFO:gp:33 	789   	0.834324	33 	0.896858	0.445177	789   	0.108725 	17.7576	33 	32 	3  	789   	3.86476
INFO:gp:34 	751   	0.839099	34 	0.908007	0.32788 	751   	0.105788 	18.7859	34 	32 	3  	751   	4.01392
INFO:gp:35 	774   	0.839518	35 	0.908007	0.439197	774   	0.104443 	19.5806	35 	36 	3  	774   	4.19597
INFO:gp:36 	768   	0.828824	36 	0.908007	0.404938	768   	0.113969 	19.5425	36 	42 	3  	768   	4.32885
INFO:gp:37 	746   	0.835114	37 	0.908027	0.341491	746   	0.110322 	19.6833	37 	34 	3  	746   	4.36566
INFO:gp:38 	771   	0.828245	38 	0.908071	0.31836 	771   	0.123749 	18.2512	38 	34 	3  	771   	4.68483
INFO:gp:39 	787   	0.818948	39 	0.908071	0.354628	787   	0.130447 	16.5992	39 	38 	3  	787   	4.44557
INFO:gp:40 	751   	0.817471	40 	0.908091	0.403402	751   	0.13549  	16.6041	40 	36 	3  	751   	3.96029
INFO:gp:41 	784   	0.819875	41 	0.908091	0.273426	784   	0.133519 	18.1085	41 	30 	3  	784   	4.13966
INFO:gp:42 	779   	0.823494	42 	0.908093	0.293387	779   	0.129156 	18.6774	42 	32 	3  	779   	4.08123
INFO:gp:43 	776   	0.819718	43 	0.90813 	0.458511	776   	0.134055 	19.3275	43 	31 	3  	776   	3.77019
INFO:gp:44 	799   	0.816515	44 	0.90815 	0.397831	799   	0.135138 	19.6549	44 	37 	3  	799   	3.74938
INFO:gp:45 	785   	0.820359	45 	0.90818 	0.377211	785   	0.135179 	20.2004	45 	35 	3  	785   	3.96735
INFO:gp:46 	772   	0.815718	46 	0.90818 	0.352694	772   	0.138149 	21.0078	46 	35 	3  	772   	3.95205
INFO:gp:47 	780   	0.8325  	47 	0.908197	0.400015	780   	0.127301 	22.2287	47 	37 	3  	780   	3.69122
INFO:gp:48 	787   	0.828469	48 	0.908197	0.317061	787   	0.130712 	22.9941	48 	37 	3  	787   	3.7599 
INFO:gp:49 	792   	0.82824 	49 	0.908229	0.337461	792   	0.130436 	24.1554	49 	38 	3  	792   	3.93474
INFO:gp:50 	780   	0.819623	50 	0.90825 	0.425955	780   	0.134366 	25.7586	50 	41 	3  	780   	4.00993
INFO:gp:51 	765   	0.830236	51 	0.90825 	0.3998  	765   	0.123457 	26.784 	51 	45 	3  	765   	3.59772
INFO:gp:52 	779   	0.833731	52 	0.90825 	0.382089	779   	0.123097 	27.3949	52 	43 	3  	779   	3.92083
INFO:gp:53 	770   	0.833251	53 	0.90825 	0.267978	770   	0.124967 	28.219 	53 	43 	3  	770   	3.73132
INFO:gp:54 	779   	0.840233	54 	0.908321	0.443449	779   	0.118762 	28.9638	54 	43 	3  	779   	3.51587
INFO:gp:55 	770   	0.828898	55 	0.908325	0.414617	770   	0.128958 	29.0811	55 	43 	3  	770   	3.55109
INFO:gp:56 	762   	0.836122	56 	0.908349	0.436351	762   	0.122317 	28.7351	56 	43 	3  	762   	3.87604
INFO:gp:57 	747   	0.840034	57 	0.90835 	0.296267	747   	0.116093 	28.8563	57 	45 	3  	747   	4.22531
INFO:gp:58 	749   	0.835161	58 	0.90835 	0.448362	749   	0.11899  	29.6921	58 	44 	3  	749   	4.74347
INFO:gp:59 	784   	0.838302	59 	0.908481	0.383993	784   	0.121997 	30.6422	59 	43 	3  	784   	4.69344
INFO:gp:60 	756   	0.839925	60 	0.908481	0.3811  	756   	0.117769 	31.781 	60 	43 	3  	756   	5.13807
INFO:gp:61 	780   	0.834721	61 	0.908481	0.426902	780   	0.122032 	33.9208	61 	45 	3  	780   	4.9982 
INFO:gp:62 	787   	0.838249	62 	0.908481	0.366588	787   	0.117785 	35.5054	62 	47 	3  	787   	4.87956
INFO:gp:63 	792   	0.830571	63 	0.908481	0.441125	792   	0.121409 	36.9648	63 	53 	3  	792   	4.97076
INFO:gp:64 	749   	0.842154	64 	0.908481	0.411922	749   	0.119033 	38.0753	64 	50 	3  	749   	5.21682
INFO:gp:65 	774   	0.835302	65 	0.908536	0.419429	774   	0.118916 	39.4868	65 	50 	3  	774   	4.13217
INFO:gp:66 	775   	0.836467	66 	0.908536	0.391968	775   	0.118394 	39.7869	66 	53 	3  	775   	4.15834
INFO:gp:67 	791   	0.840851	67 	0.908536	0.414807	791   	0.121126 	39.7605	67 	55 	3  	791   	4.40411
INFO:gp:68 	792   	0.837824	68 	0.908536	0.437827	792   	0.120204 	39.6569	68 	51 	3  	792   	4.52457
INFO:gp:69 	787   	0.841696	69 	0.908536	0.44248 	787   	0.113261 	39.4624	69 	55 	3  	787   	4.17017
INFO:gp:70 	753   	0.843718	70 	0.908536	0.411035	753   	0.108167 	38.9501	70 	51 	3  	753   	4.60762
INFO:gp:71 	766   	0.838265	71 	0.908536	0.414825	766   	0.12025  	38.6364	71 	57 	3  	766   	4.57165
INFO:gp:72 	775   	0.839224	72 	0.908536	0.441914	775   	0.118232 	38.3109	72 	53 	3  	775   	4.31768
INFO:gp:73 	769   	0.837038	73 	0.908536	0.384261	769   	0.118776 	38.3617	73 	47 	3  	769   	3.92652
INFO:gp:74 	765   	0.837329	74 	0.908536	0.400552	765   	0.118274 	38.0665	74 	56 	3  	765   	4.73165
INFO:gp:75 	790   	0.841618	75 	0.908536	0.373356	790   	0.114219 	38.2072	75 	49 	3  	790   	4.12584
INFO:gp:76 	778   	0.842408	76 	0.908547	0.451873	778   	0.113969 	37.8201	76 	53 	3  	778   	4.99804
INFO:gp:77 	798   	0.840485	77 	0.908547	0.405537	798   	0.116118 	38.0499	77 	53 	3  	798   	4.4551 
INFO:gp:78 	787   	0.833567	78 	0.908547	0.454233	787   	0.121646 	38.2366	78 	50 	3  	787   	3.83491
INFO:gp:79 	757   	0.841215	79 	0.908547	0.378102	757   	0.114621 	38.0802	79 	49 	3  	757   	4.20415
INFO:gp:80 	795   	0.835281	80 	0.908547	0.362437	795   	0.122087 	38.1544	80 	53 	3  	795   	4.15247
INFO:gp:81 	785   	0.837764	81 	0.90857 	0.326049	785   	0.119347 	38.0978	81 	47 	3  	785   	3.9873 
INFO:gp:82 	736   	0.844436	82 	0.90857 	0.386521	736   	0.113787 	38.1828	82 	49 	3  	736   	3.99986
INFO:gp:83 	765   	0.843518	83 	0.908593	0.407187	765   	0.114406 	38.1515	83 	47 	13 	765   	3.70695
INFO:gp:84 	784   	0.845941	84 	0.908593	0.414683	784   	0.110275 	38.176 	84 	55 	3  	784   	4.04282
INFO:gp:85 	753   	0.842768	85 	0.908607	0.376019	753   	0.11777  	38.3891	85 	55 	3  	753   	4.25106
INFO:gp:86 	757   	0.841266	86 	0.908791	0.353748	757   	0.118527 	38.8837	86 	50 	3  	757   	3.80399
INFO:gp:87 	752   	0.843849	87 	0.908791	0.454758	752   	0.112796 	39.6628	87 	60 	3  	752   	4.5558 
INFO:gp:88 	798   	0.834246	88 	0.908791	0.380449	798   	0.121065 	40.5582	88 	62 	3  	798   	5.07233
INFO:gp:89 	755   	0.842353	89 	0.908791	0.433491	755   	0.114409 	41.259 	89 	64 	3  	755   	5.13668
INFO:gp:90 	773   	0.844358	90 	0.908791	0.408246	773   	0.110283 	41.3069	90 	59 	3  	773   	4.51668
INFO:gp:91 	795   	0.835086	91 	0.908791	0.429424	795   	0.118791 	40.1212	91 	53 	13 	795   	4.44945
INFO:gp:92 	759   	0.837632	92 	0.908801	0.445865	759   	0.117351 	38.9355	92 	51 	3  	759   	4.16682
INFO:gp:93 	760   	0.837248	93 	0.908822	0.398512	760   	0.119226 	38.1222	93 	49 	3  	760   	4.67933
INFO:gp:94 	791   	0.839887	94 	0.908862	0.413925	791   	0.1114   	38.1437	94 	50 	3  	791   	4.04494
INFO:gp:95 	769   	0.840848	95 	0.908916	0.297103	769   	0.112148 	38.0694	95 	55 	3  	769   	4.39364
INFO:gp:96 	802   	0.834166	96 	0.908916	0.430148	802   	0.119486 	38.0538	96 	55 	3  	802   	4.31552
INFO:gp:97 	792   	0.836601	97 	0.908916	0.356959	792   	0.116671 	38.0596	97 	49 	3  	792   	4.12125
INFO:gp:98 	746   	0.839321	98 	0.908946	0.43772 	746   	0.11891  	38.0792	98 	51 	3  	746   	3.92757
INFO:gp:99 	779   	0.840841	99 	0.908946	0.405644	779   	0.117136 	38.1114	99 	49 	3  	779   	3.89366
INFO:gp:100	779   	0.831659	100	0.908946	0.384143	779   	0.122955 	37.9247	100	49 	3  	779   	4.39443
INFO:__main__:Saving model to file: checkpoints/run_12.pth
INFO:util:Train accuracy: 1.0 +- 0.0
INFO:util:Val accuracy: 1.0 +- 0.0
INFO:util:Test accuracy: 1.0 +- 0.0
INFO:util:Train intra-class: 0.13257197996751427, Train Inter-class: 0.22203406051145477
INFO:util:Val intra-class: 0.15456514898284268, Val Inter-class: 0.28725475356325675
INFO:util:Test intra-class: 0.17323767793930386, Test inter-class: 0.3651717280338552
INFO:plot:Saving t-SNE to file: figures/tsne.png
INFO:plot:Saving t-SNE to file: figures/tsne.png
INFO:plot:Saving tree to file: figures/tree-0.pdf
INFO:plot:Saving tree to file: figures/tree-1.pdf
