INFO:data:Reading dataset fish: instance-recognition
INFO:__main__:No model found. Train from scratch.
INFO:gp:   	      	                             fitness                             	                      size                     
   	      	-----------------------------------------------------------------	-----------------------------------------------
gen	nevals	avg    	gen	max     	min     	nevals	std      	avg    	gen	max	min	nevals	std    
0  	1023  	0.50069	0  	0.614211	0.404991	1023  	0.0307677	3.53275	0  	7  	2  	1023  	1.36735
INFO:gp:1  	756   	0.520098	1  	0.629622	0.384988	756   	0.0333881	3.62952	1  	10 	2  	756   	1.44721
INFO:gp:2  	789   	0.529708	2  	0.629622	0.408331	789   	0.0385746	3.76637	2  	10 	2  	789   	1.51988
INFO:gp:3  	763   	0.539277	3  	0.642176	0.387784	763   	0.0438011	3.8915 	3  	10 	2  	763   	1.54153
INFO:gp:4  	758   	0.550722	4  	0.648162	0.392131	758   	0.0463619	4.03519	4  	10 	2  	758   	1.58337
INFO:gp:5  	777   	0.559911	5  	0.662165	0.410831	777   	0.0472002	4.05279	5  	11 	2  	777   	1.6571 
INFO:gp:6  	767   	0.56509 	6  	0.662165	0.355513	767   	0.0510393	4.20821	6  	12 	1  	767   	1.76936
INFO:gp:7  	790   	0.572064	7  	0.668348	0.388258	790   	0.0508078	4.17595	7  	11 	2  	790   	1.71769
INFO:gp:8  	746   	0.577213	8  	0.668348	0.396362	746   	0.0544655	4.08309	8  	12 	1  	746   	1.73119
INFO:gp:9  	758   	0.576151	9  	0.668348	0.403266	758   	0.0559556	4.04203	9  	14 	2  	758   	1.69098
INFO:gp:10 	755   	0.580805	10 	0.668348	0.381554	755   	0.0534667	4.21896	10 	13 	2  	755   	1.71787
INFO:gp:11 	776   	0.580925	11 	0.671184	0.374499	776   	0.0561546	4.20821	11 	11 	2  	776   	1.6599 
INFO:gp:12 	777   	0.577351	12 	0.668348	0.371841	777   	0.0598781	4.30401	12 	13 	1  	777   	1.81135
INFO:gp:13 	751   	0.581357	13 	0.674606	0.373897	751   	0.0588885	4.45943	13 	12 	2  	751   	1.87698
INFO:gp:14 	770   	0.581117	14 	0.683695	0.391622	770   	0.0580441	4.36755	14 	12 	2  	770   	1.87795
INFO:gp:15 	753   	0.584754	15 	0.683695	0.390656	753   	0.0586686	4.55327	15 	12 	1  	753   	1.98155
INFO:gp:16 	781   	0.587083	16 	0.683695	0.410438	781   	0.056056 	4.90518	16 	13 	2  	781   	2.15613
INFO:gp:17 	765   	0.588212	17 	0.683695	0.366533	765   	0.0584043	5.20626	17 	14 	2  	765   	2.44179
INFO:gp:18 	765   	0.591881	18 	0.683695	0.355078	765   	0.0582288	5.53666	18 	15 	2  	765   	2.66331
INFO:gp:19 	761   	0.592686	19 	0.685233	0.354315	761   	0.0583694	5.77615	19 	18 	2  	761   	2.79466
INFO:gp:20 	766   	0.595058	20 	0.700264	0.384926	766   	0.0560549	5.89443	20 	16 	2  	766   	2.8171 
INFO:gp:21 	753   	0.5961  	21 	0.700264	0.379648	753   	0.057399 	6.18573	21 	16 	2  	753   	2.96719
INFO:gp:22 	809   	0.59254 	22 	0.700264	0.374419	809   	0.0562144	6.6129 	22 	20 	2  	809   	3.15217
INFO:gp:23 	776   	0.597037	23 	0.683695	0.406973	776   	0.0568205	6.75367	23 	20 	2  	776   	3.32147
INFO:gp:24 	757   	0.598741	24 	0.69304 	0.405275	757   	0.0554703	6.72825	24 	20 	2  	757   	3.34764
INFO:gp:25 	759   	0.599868	25 	0.69304 	0.372371	759   	0.0574225	6.7654 	25 	17 	2  	759   	3.32232
INFO:gp:26 	776   	0.596857	26 	0.69304 	0.36692 	776   	0.0585757	6.61584	26 	20 	2  	776   	3.38619
INFO:gp:27 	774   	0.599924	27 	0.69304 	0.401319	774   	0.0567061	6.89638	27 	20 	2  	774   	3.56465
INFO:gp:28 	759   	0.596983	28 	0.69304 	0.381758	759   	0.0598631	6.97654	28 	19 	2  	759   	3.50944
INFO:gp:29 	770   	0.601245	29 	0.69304 	0.412906	770   	0.0571434	7.2043 	29 	18 	2  	770   	3.50789
INFO:gp:30 	778   	0.599951	30 	0.69304 	0.374674	778   	0.058308 	7.25904	30 	18 	2  	778   	3.59188
INFO:gp:31 	762   	0.603178	31 	0.69304 	0.409372	762   	0.054457 	7.33529	31 	20 	2  	762   	3.61489
INFO:gp:32 	771   	0.601346	32 	0.69304 	0.404038	771   	0.0559613	7.50831	32 	19 	2  	771   	3.79325
INFO:gp:33 	762   	0.60296 	33 	0.69304 	0.387184	762   	0.0564124	7.76051	33 	20 	2  	762   	3.9345 
INFO:gp:34 	765   	0.605751	34 	0.69304 	0.397563	765   	0.0535532	7.92571	34 	23 	2  	765   	3.92679
INFO:gp:35 	786   	0.60321 	35 	0.69304 	0.414385	786   	0.0546128	8.18964	35 	20 	2  	786   	4.07208
INFO:gp:36 	796   	0.605388	36 	0.69508 	0.40732 	796   	0.0532749	8.49169	36 	22 	2  	796   	4.07957
INFO:gp:37 	757   	0.608102	37 	0.69508 	0.407467	757   	0.0528482	8.48387	37 	26 	2  	757   	3.93315
INFO:gp:38 	787   	0.605927	38 	0.69508 	0.394263	787   	0.0523114	8.21701	38 	26 	2  	787   	3.97571
INFO:gp:39 	786   	0.604139	39 	0.69304 	0.408951	786   	0.0526459	8.15054	39 	21 	2  	786   	3.88254
INFO:gp:40 	771   	0.602983	40 	0.69304 	0.412513	771   	0.0559362	8.23656	40 	21 	2  	771   	3.88781
INFO:gp:41 	772   	0.606826	41 	0.694279	0.437495	772   	0.0528112	8.30987	41 	20 	2  	772   	3.86006
INFO:gp:42 	776   	0.607438	42 	0.694279	0.407272	776   	0.053052 	8.35777	42 	21 	2  	776   	3.89489
INFO:gp:43 	773   	0.606801	43 	0.694279	0.406139	773   	0.0546248	8.40665	43 	22 	2  	773   	3.84281
INFO:gp:44 	783   	0.603357	44 	0.694279	0.412963	783   	0.0553719	8.29521	44 	20 	2  	783   	3.68862
INFO:gp:45 	806   	0.605922	45 	0.694279	0.39012 	806   	0.0498348	8.3783 	45 	20 	2  	806   	3.79852
INFO:gp:46 	759   	0.611553	46 	0.694279	0.405708	759   	0.0509434	8.65787	46 	20 	2  	759   	3.82054
INFO:gp:47 	782   	0.6109  	47 	0.694279	0.436137	782   	0.0486508	8.7566 	47 	22 	2  	782   	3.92381
INFO:gp:48 	766   	0.609403	48 	0.694279	0.387894	766   	0.0522484	8.35191	48 	21 	2  	766   	3.69583
INFO:gp:49 	781   	0.60841 	49 	0.694279	0.410764	781   	0.0498929	8.18377	49 	19 	2  	781   	3.64739
INFO:gp:50 	797   	0.607409	50 	0.701511	0.408193	797   	0.0506677	8.39883	50 	19 	2  	797   	3.6562 
INFO:gp:51 	774   	0.608023	51 	0.701511	0.373911	774   	0.0525979	8.38416	51 	20 	2  	774   	3.67763
INFO:gp:52 	753   	0.6096  	52 	0.701511	0.40905 	753   	0.0509521	8.5435 	52 	23 	2  	753   	3.62027
INFO:gp:53 	763   	0.608682	53 	0.701511	0.400535	763   	0.0523013	8.53861	53 	22 	2  	763   	3.68217
INFO:gp:54 	763   	0.608769	54 	0.701511	0.405552	763   	0.0534574	8.37732	54 	20 	2  	763   	3.69544
INFO:gp:55 	781   	0.607295	55 	0.701511	0.41771 	781   	0.0547337	8.36657	55 	27 	2  	781   	3.62994
INFO:gp:56 	804   	0.605849	56 	0.701511	0.401168	804   	0.0535533	8.46041	56 	24 	2  	804   	3.77367
INFO:gp:57 	747   	0.609581	57 	0.701511	0.406203	747   	0.0535186	8.41447	57 	26 	2  	747   	3.70942
INFO:gp:58 	760   	0.608494	58 	0.701511	0.400434	760   	0.0548593	8.52395	58 	22 	2  	760   	3.75563
INFO:gp:59 	792   	0.606551	59 	0.701511	0.387606	792   	0.0532123	8.58749	59 	21 	2  	792   	3.87184
INFO:gp:60 	780   	0.606894	60 	0.701511	0.399214	780   	0.0543183	8.60411	60 	20 	2  	780   	3.88705
INFO:gp:61 	781   	0.608668	61 	0.701511	0.413235	781   	0.0548696	8.56989	61 	19 	2  	781   	3.878  
INFO:gp:62 	787   	0.608661	62 	0.701511	0.390986	787   	0.0530941	8.64321	62 	21 	2  	787   	3.94696
INFO:gp:63 	790   	0.605183	63 	0.701511	0.419075	790   	0.0554297	8.86119	63 	21 	2  	790   	3.97159
INFO:gp:64 	752   	0.610062	64 	0.701511	0.411514	752   	0.0559376	9.10948	64 	20 	2  	752   	3.94113
INFO:gp:65 	766   	0.608871	65 	0.701511	0.375652	766   	0.0559009	9.37048	65 	20 	2  	766   	3.98219
INFO:gp:66 	793   	0.609687	66 	0.701511	0.438842	793   	0.0522893	9.42229	66 	21 	2  	793   	4.01239
INFO:gp:67 	768   	0.609404	67 	0.701511	0.409526	768   	0.053944 	9.37634	67 	23 	2  	768   	4.06931
INFO:gp:68 	775   	0.609088	68 	0.701511	0.379845	775   	0.0542445	9.32356	68 	23 	2  	775   	4.09991
INFO:gp:69 	777   	0.611887	69 	0.711696	0.412951	777   	0.051313 	9.60117	69 	20 	2  	777   	4.05718
INFO:gp:70 	745   	0.614009	70 	0.711696	0.381171	745   	0.0527046	9.435  	70 	20 	2  	745   	4.17218
INFO:gp:71 	744   	0.60869 	71 	0.711696	0.375834	744   	0.0591324	9.22972	71 	21 	2  	744   	4.1733 
INFO:gp:72 	765   	0.609878	72 	0.711696	0.386408	765   	0.0567087	9.28348	72 	21 	2  	765   	4.17152
INFO:gp:73 	790   	0.607644	73 	0.711696	0.410209	790   	0.0546959	9.0479 	73 	21 	2  	790   	4.12378
INFO:gp:74 	793   	0.607891	74 	0.711696	0.361241	793   	0.0533858	9.06647	74 	23 	2  	793   	4.20648
INFO:gp:75 	785   	0.610244	75 	0.711696	0.43289 	785   	0.0514468	8.96481	75 	24 	2  	785   	4.1929 
INFO:gp:76 	801   	0.604513	76 	0.711696	0.396008	801   	0.056762 	8.87488	76 	23 	2  	801   	4.17763
INFO:gp:77 	778   	0.610815	77 	0.711696	0.40727 	778   	0.0514977	9.44086	77 	22 	2  	778   	4.1523 
INFO:gp:78 	783   	0.611753	78 	0.711696	0.388008	783   	0.0511273	9.31476	78 	26 	2  	783   	4.12283
INFO:gp:79 	801   	0.607631	79 	0.711696	0.395064	801   	0.0530488	9.58358	79 	22 	2  	801   	4.37028
INFO:gp:80 	789   	0.610065	80 	0.711696	0.422349	789   	0.0520033	9.86217	80 	25 	2  	789   	4.51299
INFO:gp:81 	772   	0.611587	81 	0.711696	0.403953	772   	0.0511318	10.0606	81 	26 	1  	772   	4.75193
INFO:gp:82 	782   	0.610978	82 	0.711696	0.418063	782   	0.0545687	9.90714	82 	28 	2  	782   	4.67833
INFO:gp:83 	761   	0.614829	83 	0.711696	0.412205	761   	0.0516072	10.2121	83 	26 	2  	761   	4.54337
INFO:gp:84 	765   	0.612898	84 	0.711696	0.420229	765   	0.0532767	10.0059	84 	26 	2  	765   	4.62176
INFO:gp:85 	794   	0.61049 	85 	0.711696	0.404624	794   	0.0528289	10.2581	85 	29 	2  	794   	4.67119
INFO:gp:86 	795   	0.610892	86 	0.711696	0.401895	795   	0.053424 	10.3539	86 	25 	2  	795   	4.71701
INFO:gp:87 	779   	0.609847	87 	0.711696	0.403467	779   	0.0536438	10.1124	87 	27 	2  	779   	4.62156
INFO:gp:88 	802   	0.607584	88 	0.711696	0.397952	802   	0.0535056	10.2326	88 	29 	2  	802   	4.75978
INFO:gp:89 	757   	0.612999	89 	0.711696	0.421703	757   	0.0519039	10.3851	89 	29 	2  	757   	4.84523
INFO:gp:90 	789   	0.613864	90 	0.711696	0.439732	789   	0.0501728	10.4536	90 	25 	2  	789   	4.79466
INFO:gp:91 	761   	0.614252	91 	0.711696	0.430467	761   	0.0537306	10.4487	91 	30 	1  	761   	4.95898
INFO:gp:92 	775   	0.61397 	92 	0.711696	0.384715	775   	0.0527082	10.349 	92 	25 	2  	775   	4.84747
INFO:gp:93 	756   	0.61382 	93 	0.711696	0.414532	756   	0.052908 	10.4184	93 	25 	2  	756   	5.13712
INFO:gp:94 	772   	0.613398	94 	0.711696	0.409049	772   	0.0535534	10.1075	94 	28 	2  	772   	4.95001
INFO:gp:95 	804   	0.610137	95 	0.711696	0.398939	804   	0.0527331	9.77322	95 	28 	2  	804   	4.96256
INFO:gp:96 	763   	0.61257 	96 	0.711696	0.402802	763   	0.0544311	9.80645	96 	24 	2  	763   	4.67452
INFO:gp:97 	807   	0.607846	97 	0.711696	0.398219	807   	0.0545183	9.93842	97 	22 	2  	807   	4.74008
INFO:gp:98 	754   	0.613538	98 	0.711696	0.404164	754   	0.0523229	9.82893	98 	25 	2  	754   	4.6132 
INFO:gp:99 	763   	0.614482	99 	0.711696	0.393551	763   	0.0528912	10.0948	99 	24 	2  	763   	4.65924
INFO:gp:100	747   	0.61689 	100	0.711696	0.463987	747   	0.0516923	10.1378	100	25 	2  	747   	4.77996
INFO:gp:101	770   	0.611782	101	0.711696	0.420486	770   	0.0562048	10.1896	101	24 	2  	770   	4.83806
INFO:gp:102	772   	0.6133  	102	0.711696	0.432102	772   	0.0541931	9.93451	102	24 	2  	772   	4.75382
INFO:gp:103	758   	0.614859	103	0.711696	0.442351	758   	0.0528244	9.71457	103	23 	2  	758   	4.90762
INFO:gp:104	778   	0.613308	104	0.711696	0.387008	778   	0.0557593	9.4086 	104	26 	2  	778   	4.66965
INFO:gp:105	747   	0.614193	105	0.711696	0.397344	747   	0.055331 	9.15738	105	24 	2  	747   	4.81644
INFO:gp:106	781   	0.610548	106	0.711696	0.436642	781   	0.0549294	9.46823	106	24 	2  	781   	4.89126
INFO:gp:107	784   	0.613296	107	0.711696	0.417975	784   	0.0532948	9.68035	107	24 	2  	784   	4.80352
INFO:gp:108	796   	0.607832	108	0.711696	0.401315	796   	0.0540872	9.85142	108	23 	2  	796   	4.75904
INFO:gp:109	788   	0.610391	109	0.711696	0.396717	788   	0.0535549	9.96872	109	23 	2  	788   	4.61954
INFO:gp:110	771   	0.613544	110	0.711696	0.428302	771   	0.0519184	10.8543	110	22 	2  	771   	4.74463
INFO:gp:111	772   	0.61513 	111	0.711696	0.402076	772   	0.0510648	10.8065	111	25 	2  	772   	4.73415
INFO:gp:112	773   	0.615424	112	0.716471	0.36201 	773   	0.0509587	10.9335	112	27 	2  	773   	4.70867
INFO:gp:113	789   	0.610987	113	0.711696	0.412031	789   	0.0556956	11.3216	113	26 	2  	789   	4.75779
INFO:gp:114	776   	0.615011	114	0.711696	0.417587	776   	0.051487 	11.4614	114	26 	2  	776   	4.90319
INFO:gp:115	798   	0.613256	115	0.711696	0.414079	798   	0.0504998	11.5513	115	28 	2  	798   	4.89729
INFO:gp:116	753   	0.618069	116	0.711696	0.41747 	753   	0.0514726	11.7781	116	34 	2  	753   	4.97488
INFO:gp:117	760   	0.618588	117	0.711696	0.412034	760   	0.0505866	11.7263	117	34 	2  	760   	4.74999
INFO:gp:118	785   	0.612428	118	0.711696	0.415831	785   	0.0525269	11.6002	118	28 	2  	785   	4.87673
INFO:gp:119	766   	0.616928	119	0.711696	0.410434	766   	0.0498166	11.3314	119	24 	2  	766   	4.81979
INFO:gp:120	776   	0.61605 	120	0.711696	0.415   	776   	0.053336 	11.2962	120	28 	2  	776   	4.70407
INFO:gp:121	751   	0.618348	121	0.711696	0.444674	751   	0.0527393	11.5298	121	26 	2  	751   	4.76432
INFO:gp:122	790   	0.612989	122	0.711696	0.368161	790   	0.0542349	11.1857	122	28 	2  	790   	4.81167
INFO:gp:123	771   	0.615998	123	0.711696	0.429793	771   	0.0516892	11.0068	123	28 	2  	771   	4.70591
INFO:gp:124	784   	0.615721	124	0.711696	0.409033	784   	0.05223  	11.3949	124	28 	2  	784   	4.66371
INFO:gp:125	772   	0.617498	125	0.711696	0.405716	772   	0.0500043	11.7126	125	28 	2  	772   	4.59732
INFO:gp:126	782   	0.615113	126	0.711696	0.426169	782   	0.0527531	12.0753	126	28 	2  	782   	4.78933
INFO:gp:127	763   	0.618396	127	0.711696	0.412487	763   	0.0517273	11.9413	127	28 	2  	763   	5.02413
INFO:gp:128	789   	0.617314	128	0.711696	0.422329	789   	0.0509654	11.9384	128	27 	2  	789   	5.13523
INFO:gp:129	768   	0.617814	129	0.711696	0.452255	768   	0.050598 	11.8397	129	27 	2  	768   	5.05548
INFO:gp:130	743   	0.618865	130	0.711696	0.416896	743   	0.054652 	11.5406	130	31 	2  	743   	5.14882
INFO:gp:131	786   	0.617306	131	0.711696	0.421863	786   	0.0524909	11.5347	131	32 	2  	786   	5.28564
INFO:gp:132	801   	0.611922	132	0.711696	0.422216	801   	0.0528152	11.4624	132	29 	2  	801   	5.33055
INFO:gp:133	781   	0.616681	133	0.711696	0.43034 	781   	0.0506977	11.0587	133	29 	2  	781   	5.16251
INFO:gp:134	770   	0.613832	134	0.711696	0.416992	770   	0.0543486	10.9932	134	25 	2  	770   	5.10218
INFO:gp:135	774   	0.615705	135	0.711696	0.416596	774   	0.0526801	11.4614	135	24 	2  	774   	5.41334
INFO:gp:136	762   	0.616568	136	0.711696	0.414207	762   	0.0534136	11.694 	136	27 	2  	762   	5.51929
INFO:gp:137	771   	0.616263	137	0.711696	0.394865	771   	0.0543628	11.9746	137	27 	2  	771   	5.40802
INFO:gp:138	768   	0.618564	138	0.711696	0.413396	768   	0.0530327	12.0371	138	27 	2  	768   	5.44039
INFO:gp:139	780   	0.618506	139	0.711696	0.414518	780   	0.0521192	12.2297	139	37 	2  	780   	5.38553
INFO:gp:140	782   	0.618342	140	0.711696	0.468946	782   	0.0502783	12.2542	140	27 	2  	782   	5.27521
INFO:gp:141	792   	0.615828	141	0.711696	0.424747	792   	0.0521364	12.6882	141	27 	2  	792   	5.44514
INFO:gp:142	766   	0.619781	142	0.711696	0.390309	766   	0.0496193	12.8573	142	27 	2  	766   	5.381  
INFO:gp:143	767   	0.619243	143	0.711696	0.460828	767   	0.0509486	13.2023	143	29 	2  	767   	5.42334
INFO:gp:144	749   	0.622374	144	0.711696	0.439611	749   	0.0510419	13.5249	144	29 	2  	749   	5.6094 
INFO:gp:145	788   	0.618685	145	0.711696	0.414732	788   	0.0504832	13.7957	145	29 	2  	788   	5.77387
INFO:gp:146	776   	0.619341	146	0.711696	0.417097	776   	0.0513708	13.4516	146	27 	2  	776   	5.56744
INFO:gp:147	757   	0.618608	147	0.711696	0.418865	757   	0.0540318	13.1427	147	29 	2  	757   	5.83574
INFO:gp:148	774   	0.617741	148	0.711696	0.430925	774   	0.0519819	12.869 	148	29 	2  	774   	5.83652
INFO:gp:149	767   	0.618359	149	0.711696	0.382113	767   	0.0539097	13.4702	149	28 	2  	767   	5.89637
INFO:gp:150	792   	0.619044	150	0.711696	0.445238	792   	0.0512884	13.4819	150	32 	2  	792   	5.63481
INFO:gp:151	765   	0.618635	151	0.711696	0.399387	765   	0.0543413	12.7517	151	28 	2  	765   	5.59421
INFO:gp:152	795   	0.61799 	152	0.711696	0.416335	795   	0.0508545	13.1505	152	34 	2  	795   	5.3686 
INFO:gp:153	750   	0.620988	153	0.711696	0.385519	750   	0.0524431	13.2796	153	35 	2  	750   	5.54199
INFO:gp:154	780   	0.618478	154	0.711696	0.428713	780   	0.0498535	13.4448	154	28 	2  	780   	5.47371
INFO:gp:155	761   	0.620473	155	0.711696	0.403562	761   	0.0532779	13.304 	155	27 	2  	761   	5.42598
INFO:gp:156	746   	0.621183	156	0.711696	0.394294	746   	0.0536901	13.2659	156	29 	2  	746   	5.57607
INFO:gp:157	801   	0.616939	157	0.711696	0.427053	801   	0.0508361	13.1955	157	29 	2  	801   	5.60363
INFO:gp:158	788   	0.615547	158	0.711696	0.396898	788   	0.0518098	13.2815	158	31 	2  	788   	5.75119
INFO:gp:159	797   	0.619389	159	0.711696	0.397933	797   	0.0483402	13.7009	159	27 	2  	797   	5.70644
INFO:gp:160	790   	0.616154	160	0.711696	0.451174	790   	0.0519092	13.2317	160	26 	2  	790   	5.70299
INFO:gp:161	758   	0.621002	161	0.7164  	0.423353	758   	0.0516855	13.4673	161	28 	2  	758   	5.7962 
INFO:gp:162	768   	0.619171	162	0.711696	0.423982	768   	0.0532734	13.7116	162	28 	2  	768   	5.89596
INFO:gp:163	763   	0.623157	163	0.711696	0.424847	763   	0.0504773	13.5992	163	28 	2  	763   	5.97287
INFO:gp:164	767   	0.621521	164	0.711696	0.407032	767   	0.0520892	13.4829	164	28 	2  	767   	5.90636
INFO:gp:165	775   	0.62003 	165	0.711696	0.452193	775   	0.0516813	13.4252	165	32 	2  	775   	6.12528
INFO:gp:166	752   	0.62194 	166	0.711696	0.379187	752   	0.0535568	13.4223	166	28 	2  	752   	6.12046
INFO:gp:167	774   	0.618288	167	0.711696	0.428262	774   	0.0524603	12.741 	167	27 	2  	774   	6.32474
INFO:gp:168	767   	0.61892 	168	0.711696	0.416605	767   	0.0544519	13.1388	168	30 	2  	767   	6.32226
INFO:gp:169	758   	0.617247	169	0.711696	0.431659	758   	0.0563766	12.7869	169	27 	2  	758   	6.1107 
INFO:gp:170	776   	0.615569	170	0.711696	0.44054 	776   	0.0538676	12.6442	170	29 	2  	776   	6.13186
INFO:gp:171	763   	0.618656	171	0.711696	0.417853	763   	0.0544408	12.7204	171	34 	2  	763   	6.16251
INFO:gp:172	767   	0.620115	172	0.711696	0.472366	767   	0.052084 	13.4594	172	27 	2  	767   	5.86572
INFO:gp:173	760   	0.619966	173	0.711696	0.440376	760   	0.0539319	13.7556	173	35 	2  	760   	5.84275
INFO:gp:174	773   	0.620497	174	0.711696	0.468483	773   	0.051428 	13.6979	174	31 	2  	773   	5.85468
INFO:gp:175	753   	0.619795	175	0.71625 	0.428561	753   	0.0544909	13.2786	175	32 	2  	753   	5.96139
INFO:gp:176	766   	0.619315	176	0.71625 	0.480577	766   	0.0518943	13.2933	176	29 	2  	766   	5.95667
INFO:gp:177	794   	0.615832	177	0.71625 	0.431723	794   	0.0524632	13.2346	177	29 	2  	794   	5.95533
INFO:gp:178	785   	0.617964	178	0.711696	0.431575	785   	0.0523057	13.436 	178	28 	2  	785   	6.07042
INFO:gp:179	793   	0.616952	179	0.711696	0.449051	793   	0.052019 	13.7586	179	32 	2  	793   	5.87333
INFO:gp:180	742   	0.622123	180	0.711696	0.445627	742   	0.0524551	13.9267	180	31 	2  	742   	5.83677
INFO:gp:181	794   	0.618177	181	0.711696	0.42155 	794   	0.0516707	14.1476	181	26 	2  	794   	5.7544 
INFO:gp:182	754   	0.619659	182	0.711696	0.434456	754   	0.0539059	14.176 	182	33 	2  	754   	5.96653
INFO:gp:183	763   	0.619863	183	0.711696	0.443578	763   	0.0540382	13.9198	183	33 	2  	763   	6.06816
INFO:gp:184	767   	0.621027	184	0.711696	0.440488	767   	0.0531336	14.3148	184	30 	2  	767   	6.02444
INFO:gp:185	776   	0.618577	185	0.711696	0.442971	776   	0.054181 	14.132 	185	33 	2  	776   	5.91791
INFO:gp:186	803   	0.619306	186	0.711696	0.463107	803   	0.0507792	14.3167	186	29 	2  	803   	5.97857
INFO:gp:187	790   	0.620273	187	0.711696	0.4546  	790   	0.0526218	14.2952	187	30 	2  	790   	6.10649
INFO:gp:188	778   	0.620495	188	0.711696	0.431628	778   	0.0535003	14.2933	188	37 	2  	778   	6.15172
INFO:gp:189	751   	0.621815	189	0.711696	0.417499	751   	0.0549395	14.5562	189	30 	2  	751   	6.07694
INFO:gp:190	785   	0.622086	190	0.711696	0.414788	785   	0.0517971	14.9824	190	32 	2  	785   	5.96075
INFO:gp:191	775   	0.621692	191	0.711696	0.402821	775   	0.0529315	15.1065	191	36 	2  	775   	6.14403
INFO:gp:192	780   	0.620725	192	0.711696	0.427678	780   	0.0524357	14.6735	192	32 	2  	780   	6.07279
INFO:gp:193	791   	0.616325	193	0.711696	0.431114	791   	0.0553815	14.002 	193	32 	2  	791   	6.21511
INFO:gp:194	752   	0.619233	194	0.711696	0.409092	752   	0.0568138	13.7566	194	26 	2  	752   	6.21278
INFO:gp:195	766   	0.617822	195	0.711696	0.403278	766   	0.0563083	13.2717	195	27 	2  	766   	6.33586
INFO:gp:196	790   	0.618192	196	0.711696	0.389819	790   	0.0536759	13.7097	196	31 	2  	790   	6.4731 
INFO:gp:197	780   	0.620253	197	0.711696	0.43677 	780   	0.0532185	14.2287	197	27 	2  	780   	6.21782
INFO:gp:198	759   	0.622884	198	0.711696	0.404945	759   	0.0532224	14.1281	198	37 	2  	759   	6.22188
INFO:gp:199	759   	0.622937	199	0.711696	0.384852	759   	0.0530565	14.6031	199	29 	2  	759   	6.05569
INFO:gp:200	778   	0.621196	200	0.711696	0.405618	778   	0.0533283	14.1427	200	30 	2  	778   	6.24564
INFO:gp:201	795   	0.619954	201	0.711696	0.442828	795   	0.0530589	13.9853	201	30 	2  	795   	6.23746
INFO:gp:202	771   	0.621217	202	0.715065	0.420807	771   	0.0546009	14.8328	202	33 	2  	771   	6.21435
INFO:gp:203	779   	0.620419	203	0.715065	0.425129	779   	0.0532878	14.9003	203	30 	2  	779   	6.29293
INFO:gp:204	748   	0.623962	204	0.715065	0.428691	748   	0.0528973	15.132 	204	33 	2  	748   	6.2119 
INFO:gp:205	778   	0.62287 	205	0.715065	0.404536	778   	0.0535418	15.564 	205	32 	2  	778   	6.11726
INFO:gp:206	762   	0.625287	206	0.711696	0.437391	762   	0.0533129	15.9589	206	31 	2  	762   	6.05516
INFO:gp:207	759   	0.625436	207	0.711696	0.453994	759   	0.0539127	16.0078	207	31 	2  	759   	6.21636
INFO:gp:208	773   	0.62304 	208	0.711696	0.44507 	773   	0.0541874	15.6481	208	31 	2  	773   	6.22857
INFO:gp:209	772   	0.621229	209	0.711696	0.464596	772   	0.0546487	15.4575	209	32 	2  	772   	6.27676
INFO:gp:210	794   	0.619718	210	0.711696	0.398524	794   	0.0539355	15.3255	210	30 	2  	794   	6.34466
INFO:gp:211	772   	0.622983	211	0.711696	0.391063	772   	0.0539808	15.1417	211	34 	2  	772   	6.31655
INFO:gp:212	806   	0.620116	212	0.711696	0.433558	806   	0.0527224	15.2268	212	36 	2  	806   	6.32636
INFO:gp:213	773   	0.620236	213	0.715604	0.435087	773   	0.0543574	15.5543	213	34 	2  	773   	6.06149
INFO:gp:214	772   	0.623051	214	0.715604	0.472411	772   	0.0522634	16.0782	214	32 	2  	772   	6.12287
INFO:gp:215	758   	0.625101	215	0.715604	0.469173	758   	0.0533551	16.1896	215	32 	2  	758   	6.10203
INFO:gp:216	781   	0.622343	216	0.715604	0.426527	781   	0.05511  	16.0518	216	32 	2  	781   	6.04724
INFO:gp:217	803   	0.62073 	217	0.715604	0.434449	803   	0.0520802	16.3069	217	30 	2  	803   	5.87784
INFO:gp:218	758   	0.624824	218	0.715604	0.42043 	758   	0.0545045	16.0039	218	30 	2  	758   	6.0785 
INFO:gp:219	742   	0.626288	219	0.715604	0.455069	742   	0.0536047	16.0684	219	35 	2  	742   	6.0749 
INFO:gp:220	766   	0.62493 	220	0.715604	0.435876	766   	0.0526236	15.8944	220	30 	2  	766   	5.94292
INFO:gp:221	788   	0.621744	221	0.715604	0.425316	788   	0.0537639	15.8045	221	32 	2  	788   	5.87528
INFO:gp:222	773   	0.624571	222	0.715604	0.483439	773   	0.0513778	15.8338	222	32 	2  	773   	5.88084
INFO:gp:223	763   	0.625347	223	0.715604	0.431352	763   	0.0535796	16.0919	223	31 	2  	763   	5.97055
INFO:gp:224	785   	0.623692	224	0.715604	0.419407	785   	0.0527642	16.0528	224	30 	2  	785   	5.81191
INFO:gp:225	759   	0.627979	225	0.715604	0.419783	759   	0.0500945	16.4751	225	30 	2  	759   	5.77072
INFO:gp:226	785   	0.624566	226	0.715604	0.45541 	785   	0.052547 	16.9306	226	30 	2  	785   	5.5545 
INFO:gp:227	797   	0.623595	227	0.71828 	0.415045	797   	0.0521889	16.6109	227	34 	2  	797   	5.67145
INFO:gp:228	769   	0.624758	228	0.71828 	0.400592	769   	0.0531289	16.5621	228	33 	2  	769   	5.78144
INFO:gp:229	801   	0.621796	229	0.71828 	0.418735	801   	0.0530858	16.5513	229	33 	2  	801   	5.69483
INFO:gp:230	770   	0.622796	230	0.71828 	0.451189	770   	0.0554185	16.7302	230	33 	2  	770   	5.69213
INFO:gp:231	744   	0.625254	231	0.71828 	0.367789	744   	0.0563756	16.3304	231	30 	2  	744   	5.72866
INFO:gp:232	762   	0.624543	232	0.71828 	0.386663	762   	0.055807 	16.566 	232	34 	2  	762   	5.62334
INFO:gp:233	755   	0.625846	233	0.71828 	0.441348	755   	0.0546099	16.7253	233	34 	2  	755   	5.29481
INFO:gp:234	781   	0.623828	234	0.71828 	0.406812	781   	0.0558899	17.1789	234	37 	2  	781   	5.02995
INFO:gp:235	770   	0.622445	235	0.71828 	0.427234	770   	0.0554622	16.6872	235	33 	2  	770   	5.21839
INFO:gp:236	766   	0.625835	236	0.730836	0.416602	766   	0.0554763	16.8983	236	34 	2  	766   	5.01683
INFO:gp:237	771   	0.625643	237	0.730836	0.466041	771   	0.052961 	16.6774	237	40 	2  	771   	5.2447 
INFO:gp:238	754   	0.624484	238	0.730836	0.417985	754   	0.0565956	16.2727	238	34 	2  	754   	5.53977
INFO:gp:239	808   	0.620781	239	0.730836	0.395537	808   	0.0558778	16.3236	239	34 	2  	808   	5.41854
INFO:gp:240	786   	0.623995	240	0.730836	0.420392	786   	0.0536401	16.6315	240	32 	2  	786   	5.33236
INFO:gp:241	785   	0.622706	241	0.730836	0.424863	785   	0.0546184	16.5396	241	31 	2  	785   	5.60095
INFO:gp:242	776   	0.625276	242	0.730836	0.478289	776   	0.0529727	16.2962	242	34 	2  	776   	5.31024
INFO:gp:243	769   	0.625554	243	0.730836	0.413938	769   	0.0553325	16.1466	243	30 	2  	769   	5.31142
INFO:gp:244	768   	0.623893	244	0.730836	0.408763	768   	0.0556599	15.9374	244	30 	2  	768   	5.57189
INFO:gp:245	782   	0.624683	245	0.730836	0.466168	782   	0.0533149	15.9814	245	31 	2  	782   	5.61877
INFO:gp:246	782   	0.623965	246	0.730836	0.394839	782   	0.0535676	16.174 	246	32 	2  	782   	5.75578
INFO:gp:247	779   	0.623996	247	0.730836	0.418219	779   	0.0553686	16.4956	247	31 	2  	779   	5.49502
INFO:gp:248	757   	0.626521	248	0.730836	0.423109	757   	0.0566182	16.7928	248	31 	2  	757   	5.24326
INFO:gp:249	787   	0.624804	249	0.730836	0.454176	787   	0.0532557	16.7928	249	33 	2  	787   	5.18005
INFO:gp:250	766   	0.627989	250	0.730836	0.462531	766   	0.0531352	17.0587	250	30 	2  	766   	4.79517
INFO:gp:251	789   	0.624875	251	0.730836	0.375263	789   	0.0541297	17.1114	251	31 	2  	789   	4.74978
INFO:gp:252	743   	0.630883	252	0.730836	0.432029	743   	0.0535909	17.2053	252	31 	3  	743   	4.78746
INFO:gp:253	774   	0.627467	253	0.730836	0.444722	774   	0.0543184	16.7869	253	31 	2  	774   	5.05488
INFO:gp:254	785   	0.627066	254	0.730836	0.433301	785   	0.0528494	17.0978	254	34 	2  	785   	4.8416 
INFO:gp:255	759   	0.629649	255	0.730836	0.390759	759   	0.0538442	17.0723	255	30 	2  	759   	4.94294
INFO:gp:256	771   	0.628675	256	0.730836	0.397592	771   	0.0527317	17.304 	256	30 	2  	771   	4.66853
INFO:gp:257	768   	0.63002 	257	0.730836	0.450464	768   	0.0533115	17.3685	257	30 	2  	768   	4.62029
INFO:gp:258	788   	0.626822	258	0.730836	0.433455	788   	0.0515492	17.1251	258	31 	2  	788   	4.87618
INFO:gp:259	780   	0.627379	259	0.730836	0.466906	780   	0.053593 	17.3187	259	30 	2  	780   	4.5072 
INFO:gp:260	769   	0.628926	260	0.730836	0.471116	769   	0.0532479	17.3353	260	33 	2  	769   	4.6517 
INFO:gp:261	757   	0.629013	261	0.730836	0.377017	757   	0.0547616	17.3284	261	33 	2  	757   	4.7961 
INFO:gp:262	767   	0.630744	262	0.730836	0.484684	767   	0.0539634	17.2405	262	32 	2  	767   	4.593  
INFO:gp:263	780   	0.628206	263	0.730836	0.390002	780   	0.0543658	17.4858	263	32 	2  	780   	4.65207
INFO:gp:264	781   	0.630032	264	0.730836	0.407805	781   	0.0529636	17.1838	264	30 	2  	781   	4.62403
INFO:gp:265	775   	0.628648	265	0.730836	0.418662	775   	0.0540706	17.4154	265	30 	2  	775   	4.83131
INFO:gp:266	775   	0.62792 	266	0.730836	0.439504	775   	0.0548086	17.523 	266	31 	2  	775   	4.85601
INFO:gp:267	756   	0.629124	267	0.730836	0.443288	756   	0.0533022	17.2414	267	31 	2  	756   	5.37866
INFO:gp:268	732   	0.630716	268	0.730836	0.468458	732   	0.0566956	17.0235	268	31 	2  	732   	5.35042
INFO:gp:269	756   	0.631026	269	0.730836	0.454112	756   	0.0550187	17.3412	269	37 	2  	756   	4.87557
INFO:gp:270	767   	0.631268	270	0.730836	0.446737	767   	0.0542259	17.2395	270	30 	2  	767   	4.71809
INFO:gp:271	790   	0.627746	271	0.730836	0.420033	790   	0.0524744	17.523 	271	32 	2  	790   	4.60494
INFO:gp:272	787   	0.627041	272	0.730836	0.474176	787   	0.0532687	16.8944	272	30 	2  	787   	4.6547 
INFO:gp:273	763   	0.631262	273	0.730836	0.443567	763   	0.0528318	16.8954	273	30 	2  	763   	4.83347
INFO:gp:274	758   	0.632601	274	0.730836	0.438553	758   	0.0545451	17.3001	274	31 	2  	758   	4.62714
INFO:gp:275	779   	0.629755	275	0.730836	0.457266	779   	0.0531638	17.5484	275	30 	2  	779   	4.52681
INFO:gp:276	778   	0.63075 	276	0.730836	0.463053	778   	0.0530844	17.4995	276	31 	2  	778   	4.82821
INFO:gp:277	745   	0.630715	277	0.730836	0.470957	745   	0.0553155	17.2219	277	34 	2  	745   	4.83356
INFO:gp:278	770   	0.629635	278	0.730836	0.479017	770   	0.0544993	16.7595	278	30 	2  	770   	5.1169 
INFO:gp:279	762   	0.629126	279	0.730836	0.432218	762   	0.0563718	16.8485	279	31 	2  	762   	4.71655
INFO:gp:280	793   	0.627547	280	0.730836	0.451934	793   	0.0547955	16.824 	280	30 	2  	793   	4.85653
INFO:gp:281	784   	0.627629	281	0.730836	0.472932	784   	0.0525018	17.172 	281	30 	2  	784   	5.03766
INFO:gp:282	778   	0.628   	282	0.730836	0.455891	778   	0.0541802	17.4614	282	36 	2  	778   	4.77082
INFO:gp:283	770   	0.629187	283	0.730836	0.46303 	770   	0.0538447	17.3587	283	32 	2  	770   	4.99182
INFO:gp:284	773   	0.628896	284	0.730836	0.48781 	773   	0.0537071	17.3539	284	30 	2  	773   	4.7449 
INFO:gp:285	768   	0.627436	285	0.730836	0.434855	768   	0.0539884	17.5298	285	31 	2  	768   	4.73365
INFO:gp:286	794   	0.626441	286	0.730836	0.412889	794   	0.0530564	17.1769	286	31 	2  	794   	5.25489
INFO:gp:287	788   	0.62607 	287	0.730836	0.483442	788   	0.0524326	17.6051	287	32 	2  	788   	5.17574
INFO:gp:288	766   	0.62768 	288	0.730836	0.467659	766   	0.0539108	17.3842	288	33 	2  	766   	5.0001 
INFO:gp:289	779   	0.624874	289	0.730836	0.423822	779   	0.0553575	17.1408	289	34 	2  	779   	5.31397
INFO:gp:290	771   	0.625215	290	0.730836	0.447483	771   	0.0560531	17.2991	290	32 	2  	771   	5.68809
INFO:gp:291	786   	0.626482	291	0.730836	0.422777	786   	0.0557135	17.2405	291	32 	2  	786   	5.46998
INFO:gp:292	788   	0.627519	292	0.730836	0.473158	788   	0.0536001	17.1007	292	34 	2  	788   	5.28953
INFO:gp:293	761   	0.629132	293	0.730836	0.440459	761   	0.0554411	17.1496	293	37 	2  	761   	5.26392
INFO:gp:294	773   	0.628166	294	0.730836	0.453867	773   	0.0547138	16.9824	294	30 	2  	773   	5.18096
INFO:gp:295	780   	0.626984	295	0.730836	0.429871	780   	0.0548078	17.1095	295	31 	2  	780   	5.11622
INFO:gp:296	763   	0.631001	296	0.730836	0.486198	763   	0.0539486	17.654 	296	34 	2  	763   	4.616  
INFO:gp:297	774   	0.631553	297	0.730836	0.433253	774   	0.0549737	17.6471	297	32 	2  	774   	4.72236
INFO:gp:298	767   	0.629965	298	0.730836	0.412654	767   	0.0578301	17.13  	298	30 	2  	767   	4.83751
INFO:gp:299	780   	0.629362	299	0.730836	0.466074	780   	0.0552658	17.4848	299	32 	2  	780   	4.46289
INFO:gp:300	788   	0.628191	300	0.730836	0.470561	788   	0.0550432	17.7019	300	33 	2  	788   	4.60715
INFO:gp:301	793   	0.628718	301	0.730836	0.364734	793   	0.0539678	17.3226	301	32 	2  	793   	4.88194
INFO:gp:302	763   	0.631184	302	0.730836	0.438234	763   	0.0544496	17.3421	302	36 	2  	763   	4.48744
INFO:gp:303	782   	0.629591	303	0.730836	0.433739	782   	0.0556719	17.4311	303	30 	2  	782   	4.55088
INFO:gp:304	775   	0.629229	304	0.730836	0.449812	775   	0.0546464	17.6794	304	33 	2  	775   	4.84126
INFO:gp:305	787   	0.628327	305	0.730836	0.470123	787   	0.0537013	18.1144	305	35 	2  	787   	4.78528
INFO:gp:306	755   	0.63136 	306	0.730836	0.406011	755   	0.0549698	17.8817	306	33 	2  	755   	4.85717
INFO:gp:307	778   	0.630761	307	0.730836	0.453762	778   	0.0535725	17.7781	307	36 	2  	778   	4.87664
INFO:gp:308	766   	0.629251	308	0.730836	0.434566	766   	0.0550145	17.7351	308	30 	2  	766   	4.70532
INFO:gp:309	786   	0.629747	309	0.730836	0.422312	786   	0.0542678	17.5239	309	33 	2  	786   	5.1066 
INFO:gp:310	766   	0.631702	310	0.730836	0.44772 	766   	0.0545216	17.7087	310	32 	2  	766   	5.04866
INFO:gp:311	775   	0.630961	311	0.730836	0.444864	775   	0.0534979	17.4066	311	32 	2  	775   	4.97431
INFO:gp:312	784   	0.627964	312	0.730836	0.424337	784   	0.0543161	17.4184	312	34 	2  	784   	5.1375 
INFO:gp:313	795   	0.6298  	313	0.730836	0.393456	795   	0.0518601	18.3842	313	37 	2  	795   	5.10649
INFO:gp:314	773   	0.628979	314	0.730836	0.438628	773   	0.0544178	18.2952	314	33 	2  	773   	5.37589
INFO:gp:315	783   	0.629486	315	0.730836	0.429865	783   	0.0535579	18.434 	315	36 	2  	783   	5.5361 
INFO:gp:316	771   	0.630215	316	0.730836	0.426891	771   	0.0549837	18.261 	316	32 	2  	771   	5.45893
INFO:gp:317	773   	0.628732	317	0.730836	0.434044	773   	0.0558223	18.3881	317	33 	2  	773   	5.54471
INFO:gp:318	779   	0.629511	318	0.730836	0.447356	779   	0.0545679	18.2649	318	33 	2  	779   	5.78528
INFO:gp:319	782   	0.628636	319	0.730836	0.418007	782   	0.0552518	18.3763	319	32 	2  	782   	5.43657
INFO:gp:320	763   	0.632496	320	0.730836	0.47925 	763   	0.0539716	18.5288	320	32 	2  	763   	5.53695
INFO:gp:321	756   	0.629678	321	0.730836	0.452701	756   	0.0562319	18.4291	321	34 	2  	756   	5.48762
INFO:gp:322	758   	0.629353	322	0.730836	0.445537	758   	0.056562 	18.173 	322	35 	2  	758   	5.71568
INFO:gp:323	773   	0.631404	323	0.730836	0.45297 	773   	0.0542303	18.173 	323	34 	2  	773   	5.38075
INFO:gp:324	784   	0.6321  	324	0.730836	0.416516	784   	0.0542015	18.1906	324	32 	2  	784   	5.46256
INFO:gp:325	761   	0.632181	325	0.730836	0.447635	761   	0.0557538	18.6403	325	34 	2  	761   	4.90293
INFO:gp:326	781   	0.62992 	326	0.730836	0.462023	781   	0.0548694	18.607 	326	32 	2  	781   	4.94842
INFO:gp:327	754   	0.631424	327	0.730836	0.448406	754   	0.0562327	18.6158	327	39 	2  	754   	5.05416
INFO:gp:328	802   	0.629189	328	0.730836	0.406026	802   	0.0540313	18.7019	328	32 	2  	802   	4.91154
INFO:gp:329	745   	0.634494	329	0.730836	0.481979	745   	0.0529791	19.0362	329	33 	2  	745   	4.91906
INFO:gp:330	763   	0.63073 	330	0.730836	0.452126	763   	0.0571964	18.826 	330	32 	2  	763   	4.85519
INFO:gp:331	779   	0.630166	331	0.730836	0.443014	779   	0.0558087	18.5718	331	32 	2  	779   	5.21207
INFO:gp:332	781   	0.627119	332	0.730836	0.445035	781   	0.0571239	18.8759	332	34 	3  	781   	4.85682
INFO:gp:333	751   	0.631987	333	0.730836	0.470521	751   	0.0556089	18.7527	333	36 	2  	751   	5.07947
INFO:gp:334	773   	0.632572	334	0.730836	0.46109 	773   	0.0533523	18.7322	334	32 	2  	773   	5.12623
INFO:gp:335	745   	0.633262	335	0.730836	0.40124 	745   	0.055076 	18.8348	335	32 	2  	745   	5.1474 
INFO:gp:336	770   	0.633718	336	0.730836	0.458605	770   	0.0559136	19.1466	336	36 	2  	770   	4.98639
INFO:gp:337	779   	0.628874	337	0.730836	0.453632	779   	0.0579413	19.0127	337	36 	2  	779   	5.11785
INFO:gp:338	783   	0.632109	338	0.730836	0.450399	783   	0.0541083	18.9756	338	33 	2  	783   	5.15208
INFO:gp:339	758   	0.632607	339	0.730836	0.474911	758   	0.0557603	19.565 	339	33 	2  	758   	5.26515
INFO:gp:340	780   	0.631826	340	0.730836	0.456675	780   	0.0546229	19.3617	340	37 	2  	780   	5.42794
INFO:gp:341	790   	0.630799	341	0.730836	0.447879	790   	0.0555038	19.1515	341	37 	2  	790   	5.53665
INFO:gp:342	797   	0.630422	342	0.730836	0.475375	797   	0.0529813	18.9834	342	35 	2  	797   	5.69154
INFO:gp:343	739   	0.633301	343	0.730836	0.449498	739   	0.0565448	18.9726	343	32 	2  	739   	5.96792
INFO:gp:344	783   	0.630868	344	0.730836	0.43685 	783   	0.0557345	19.1232	344	37 	2  	783   	5.82009
INFO:gp:345	795   	0.63008 	345	0.730836	0.415978	795   	0.05359  	19.2649	345	39 	2  	795   	6.06234
INFO:gp:346	781   	0.630922	346	0.730836	0.429889	781   	0.0548333	19.2825	346	39 	2  	781   	5.93393
INFO:gp:347	748   	0.632371	347	0.730836	0.454678	748   	0.0564341	19.1056	347	39 	2  	748   	5.68328
INFO:gp:348	775   	0.630596	348	0.730836	0.470056	775   	0.0559471	18.8348	348	33 	2  	775   	5.70821
INFO:gp:349	805   	0.628743	349	0.730836	0.4696  	805   	0.0552563	19.1632	349	36 	2  	805   	6.23205
INFO:gp:350	764   	0.631108	350	0.730836	0.463816	764   	0.0552066	19.0665	350	37 	2  	764   	6.16976
INFO:gp:351	778   	0.63021 	351	0.730836	0.443958	778   	0.0548531	19.3148	351	35 	2  	778   	6.49811
INFO:gp:352	805   	0.628508	352	0.730836	0.463798	805   	0.0539648	19.3363	352	34 	2  	805   	6.18929
INFO:gp:353	739   	0.634731	353	0.730836	0.455525	739   	0.0558251	19.4555	353	40 	2  	739   	6.03361
INFO:gp:354	777   	0.631205	354	0.730836	0.424265	777   	0.0550104	19.4506	354	33 	2  	777   	5.59843
INFO:gp:355	790   	0.629663	355	0.730836	0.455514	790   	0.0552   	19.2933	355	36 	2  	790   	5.78737
INFO:gp:356	795   	0.629658	356	0.730836	0.382169	795   	0.0546986	18.6393	356	34 	2  	795   	5.81936
INFO:gp:357	772   	0.635267	357	0.730836	0.430153	772   	0.0534481	19.3519	357	32 	2  	772   	5.36519
INFO:gp:358	746   	0.633203	358	0.730836	0.44057 	746   	0.0563476	19.7908	358	35 	2  	746   	5.23236
INFO:gp:359	773   	0.632894	359	0.730836	0.423908	773   	0.0544586	19.477 	359	36 	2  	773   	5.11082
INFO:gp:360	769   	0.633542	360	0.730836	0.466563	769   	0.0543558	19.3666	360	41 	2  	769   	5.53382
INFO:gp:361	779   	0.634308	361	0.730836	0.451059	779   	0.0546378	19.6139	361	33 	2  	779   	5.31808
INFO:gp:362	765   	0.633471	362	0.730836	0.449243	765   	0.0567376	19.6774	362	36 	2  	765   	5.54124
INFO:gp:363	771   	0.634224	363	0.730836	0.442804	771   	0.05487  	19.4018	363	34 	2  	771   	5.35338
INFO:gp:364	774   	0.631858	364	0.730836	0.441506	774   	0.054706 	19.1554	364	33 	2  	774   	5.18403
INFO:gp:365	772   	0.632538	365	0.730836	0.461428	772   	0.0542768	19.2835	365	35 	2  	772   	5.48381
INFO:gp:366	786   	0.633241	366	0.730836	0.495177	786   	0.0538106	19.6119	366	34 	2  	786   	5.62192
INFO:gp:367	772   	0.631045	367	0.730836	0.465095	772   	0.0556189	19.9247	367	36 	2  	772   	5.9354 
INFO:gp:368	760   	0.632421	368	0.730836	0.389452	760   	0.0557926	19.5455	368	34 	2  	760   	5.73593
INFO:gp:369	781   	0.631518	369	0.730836	0.439642	781   	0.0550972	19.4037	369	34 	2  	781   	5.80897
INFO:gp:370	782   	0.629529	370	0.730836	0.46471 	782   	0.0564779	19.5152	370	35 	2  	782   	5.82773
INFO:gp:371	757   	0.63325 	371	0.730836	0.390349	757   	0.0545393	20.0782	371	37 	2  	757   	5.5142 
INFO:gp:372	798   	0.631752	372	0.730836	0.470878	798   	0.053543 	20.0137	372	37 	2  	798   	5.60284
INFO:gp:373	760   	0.637533	373	0.730836	0.436875	760   	0.0522997	20.346 	373	34 	2  	760   	5.26572
INFO:gp:374	775   	0.633898	374	0.730836	0.468542	775   	0.0543665	20.0137	374	34 	2  	775   	5.41962
INFO:gp:375	772   	0.632969	375	0.730836	0.475566	772   	0.0559828	20.1945	375	38 	2  	772   	5.76862
INFO:gp:376	784   	0.629309	376	0.730836	0.395344	784   	0.0560047	20.0626	376	41 	2  	784   	5.93546
INFO:gp:377	769   	0.634791	377	0.730836	0.436873	769   	0.0529868	19.7273	377	37 	2  	769   	5.4807 
INFO:gp:378	795   	0.632575	378	0.730836	0.459138	795   	0.0542999	19.8954	378	34 	3  	795   	5.57591
INFO:gp:379	762   	0.635784	379	0.730836	0.419061	762   	0.054075 	20.4262	379	34 	2  	762   	5.58102
INFO:gp:380	772   	0.634206	380	0.730836	0.453557	772   	0.0545907	20.567 	380	36 	2  	772   	5.50652
INFO:gp:381	748   	0.637617	381	0.730836	0.441337	748   	0.0545371	20.6256	381	33 	2  	748   	5.32131
INFO:gp:382	766   	0.635412	382	0.730836	0.425974	766   	0.0554823	20.4194	382	34 	2  	766   	5.40293
INFO:gp:383	790   	0.631877	383	0.730836	0.481051	790   	0.0559782	20.0616	383	34 	2  	790   	5.31612
INFO:gp:384	784   	0.634919	384	0.730836	0.454366	784   	0.0532725	20.8368	384	36 	2  	784   	5.25905
INFO:gp:385	767   	0.634457	385	0.730836	0.400466	767   	0.0561178	20.6383	385	35 	2  	767   	5.42055
INFO:gp:386	777   	0.636324	386	0.730836	0.44394 	777   	0.0543963	20.5269	386	35 	2  	777   	5.41214
INFO:gp:387	785   	0.634099	387	0.730836	0.460412	785   	0.0549881	20.871 	387	34 	2  	785   	5.42909
INFO:gp:388	788   	0.634364	388	0.730836	0.459384	788   	0.0535448	21.0088	388	38 	2  	788   	5.64517
INFO:gp:389	762   	0.635886	389	0.730836	0.472912	762   	0.0562912	21.0244	389	37 	2  	762   	5.53001
INFO:gp:390	803   	0.632464	390	0.730836	0.428048	803   	0.0541577	21.086 	390	34 	2  	803   	5.79804
INFO:gp:391	765   	0.635857	391	0.730836	0.464105	765   	0.0552659	21.2884	391	36 	2  	765   	5.77045
INFO:gp:392	787   	0.634118	392	0.730836	0.438978	787   	0.0557882	21.3636	392	33 	2  	787   	5.51322
INFO:gp:393	789   	0.634983	393	0.730836	0.463864	789   	0.0545081	21.1887	393	36 	2  	789   	5.6212 
INFO:gp:394	762   	0.637921	394	0.730836	0.434698	762   	0.0549525	21.1476	394	34 	2  	762   	5.79519
INFO:gp:395	809   	0.631881	395	0.730836	0.40569 	809   	0.0554079	20.9785	395	34 	2  	809   	5.85484
INFO:gp:396	756   	0.635619	396	0.730836	0.440052	756   	0.0567177	20.9804	396	34 	2  	756   	6.11247
INFO:gp:397	783   	0.634174	397	0.730836	0.482508	783   	0.0551876	20.9629	397	36 	2  	783   	6.41484
INFO:gp:398	753   	0.635662	398	0.730836	0.481091	753   	0.0569005	21.1251	398	35 	2  	753   	6.32857
INFO:gp:399	756   	0.63701 	399	0.730836	0.410758	756   	0.0560055	21.7028	399	35 	4  	756   	5.6966 
INFO:gp:400	759   	0.635849	400	0.730836	0.45063 	759   	0.0569967	21.9071	400	35 	2  	759   	6.03445
INFO:gp:401	772   	0.636242	401	0.730836	0.439304	772   	0.0562367	22.349 	401	34 	2  	772   	6.10005
INFO:gp:402	744   	0.638575	402	0.730836	0.458358	744   	0.0576241	21.9785	402	36 	2  	744   	6.19554
INFO:gp:403	780   	0.636191	403	0.730836	0.429252	780   	0.054398 	21.7752	403	35 	2  	780   	6.37246
INFO:gp:404	749   	0.638524	404	0.730836	0.409015	749   	0.0550953	22.4125	404	34 	2  	749   	6.13835
INFO:gp:405	780   	0.635946	405	0.730836	0.428426	780   	0.0570173	21.8514	405	33 	2  	780   	5.95153
INFO:gp:406	764   	0.63908 	406	0.732202	0.477719	764   	0.0546877	21.8358	406	33 	2  	764   	5.98209
INFO:gp:407	795   	0.633934	407	0.730836	0.451776	795   	0.0560908	21.7605	407	35 	2  	795   	6.25464
INFO:gp:408	789   	0.634006	408	0.730836	0.454466	789   	0.054631 	21.7908	408	35 	2  	789   	5.87481
INFO:gp:409	780   	0.63407 	409	0.730836	0.444622	780   	0.0558718	21.6598	409	34 	2  	780   	5.84064
INFO:gp:410	785   	0.637258	410	0.730836	0.459106	785   	0.0545313	21.6139	410	36 	2  	785   	5.83015
INFO:gp:411	802   	0.631218	411	0.730836	0.462646	802   	0.0566331	21.176 	411	34 	2  	802   	5.675  
INFO:gp:412	764   	0.63656 	412	0.730836	0.43845 	764   	0.0549062	21.5963	412	37 	2  	764   	5.73513
INFO:gp:413	807   	0.632389	413	0.730836	0.472143	807   	0.0549124	21.651 	413	36 	2  	807   	5.69701
INFO:gp:414	765   	0.636184	414	0.730836	0.437198	765   	0.0559184	21.4858	414	36 	2  	765   	5.56202
INFO:gp:415	790   	0.63432 	415	0.730836	0.474745	790   	0.0559843	21.3441	415	36 	2  	790   	5.51217
INFO:gp:416	775   	0.636886	416	0.730836	0.450854	775   	0.0542145	21.3128	416	38 	2  	775   	5.57486
INFO:gp:417	777   	0.634797	417	0.730836	0.468989	777   	0.0558234	20.8446	417	36 	2  	777   	5.55874
INFO:gp:418	779   	0.636673	418	0.730836	0.453815	779   	0.0551187	20.9062	418	33 	2  	779   	5.53113
INFO:gp:419	802   	0.635057	419	0.730836	0.456585	802   	0.0532729	21.1232	419	34 	2  	802   	5.8917 
INFO:gp:420	769   	0.637419	420	0.730836	0.427227	769   	0.0549501	21.5024	420	35 	2  	769   	5.75483
INFO:gp:421	769   	0.634291	421	0.730836	0.450394	769   	0.0568714	20.6725	421	35 	2  	769   	5.74493
INFO:gp:422	779   	0.634199	422	0.730836	0.462066	779   	0.0565054	20.9453	422	36 	2  	779   	5.66177
INFO:gp:423	779   	0.637375	423	0.730836	0.482421	779   	0.0533415	21.4399	423	34 	2  	779   	5.74023
INFO:gp:424	770   	0.636851	424	0.730836	0.378112	770   	0.0563883	21.5327	424	33 	2  	770   	5.56088
INFO:gp:425	767   	0.639131	425	0.730836	0.475653	767   	0.054106 	21.7732	425	34 	2  	767   	5.56323
INFO:gp:426	775   	0.638926	426	0.730836	0.438721	775   	0.0543105	21.696 	426	39 	2  	775   	5.59853
INFO:gp:427	796   	0.630962	427	0.730836	0.425919	796   	0.0573412	21.1818	427	35 	2  	796   	5.71652
INFO:gp:428	774   	0.636405	428	0.730836	0.413244	774   	0.0555129	21.3754	428	35 	2  	774   	5.6546 
INFO:gp:429	758   	0.636288	429	0.730836	0.420789	758   	0.0583453	21.0196	429	34 	2  	758   	5.55041
INFO:gp:430	746   	0.639448	430	0.730836	0.484319	746   	0.055581 	20.9638	430	33 	3  	746   	5.51082
INFO:gp:431	784   	0.636656	431	0.730836	0.441386	784   	0.0560371	21.2326	431	34 	2  	784   	5.56808
INFO:gp:432	764   	0.639314	432	0.730836	0.421474	764   	0.0552014	21.1329	432	37 	2  	764   	5.61522
INFO:gp:433	772   	0.634859	433	0.730836	0.411223	772   	0.0584108	21.1124	433	39 	2  	772   	5.74074
INFO:gp:434	808   	0.632709	434	0.730836	0.473136	808   	0.0548826	20.9717	434	34 	2  	808   	5.53441
INFO:gp:435	765   	0.638014	435	0.730836	0.484495	765   	0.0551952	21.6579	435	34 	2  	765   	5.86307
INFO:gp:436	766   	0.637984	436	0.730836	0.447305	766   	0.0566291	22.1515	436	34 	2  	766   	5.58324
INFO:gp:437	779   	0.635788	437	0.730836	0.453453	779   	0.056729 	21.6676	437	36 	2  	779   	5.68521
INFO:gp:438	776   	0.637245	438	0.730836	0.454171	776   	0.0551759	21.8348	438	35 	2  	776   	5.58022
INFO:gp:439	742   	0.639165	439	0.730836	0.453654	742   	0.0563259	21.7107	439	35 	3  	742   	5.57788
INFO:gp:440	782   	0.637791	440	0.731102	0.451565	782   	0.0563473	21.8025	440	34 	2  	782   	5.77182
INFO:gp:441	767   	0.63478 	441	0.730836	0.444049	767   	0.0581153	21.9189	441	35 	2  	767   	5.81603
INFO:gp:442	763   	0.636567	442	0.730836	0.425282	763   	0.0581492	21.5034	442	36 	2  	763   	5.84014
INFO:gp:443	778   	0.638031	443	0.730836	0.485701	778   	0.0548098	21.5034	443	35 	3  	778   	5.93215
INFO:gp:444	783   	0.635837	444	0.730836	0.439123	783   	0.055404 	21.4506	444	34 	2  	783   	6.12187
INFO:gp:445	759   	0.636552	445	0.730836	0.387894	759   	0.0580661	21.3236	445	36 	2  	759   	5.84116
INFO:gp:446	801   	0.634244	446	0.730836	0.461047	801   	0.0556814	21.1222	446	33 	2  	801   	5.90108
INFO:gp:447	766   	0.636737	447	0.730836	0.457373	766   	0.0562774	21.2004	447	34 	2  	766   	5.78263
INFO:gp:448	783   	0.636917	448	0.730836	0.479238	783   	0.0546342	21.4526	448	36 	2  	783   	5.79273
INFO:gp:449	762   	0.636667	449	0.730836	0.47121 	762   	0.0575706	21.9022	449	35 	2  	762   	5.63697
INFO:gp:450	766   	0.637996	450	0.730836	0.475709	766   	0.0566414	22.2805	450	35 	2  	766   	5.45527
INFO:gp:451	748   	0.638105	451	0.730836	0.444393	748   	0.057886 	22.2893	451	38 	2  	748   	5.38275
INFO:gp:452	794   	0.634124	452	0.730836	0.467849	794   	0.058107 	22.3773	452	38 	2  	794   	5.55206
INFO:gp:453	779   	0.637422	453	0.730836	0.441787	779   	0.0556115	22.0166	453	34 	2  	779   	5.44543
INFO:gp:454	789   	0.638019	454	0.730836	0.467512	789   	0.0552167	22.0196	454	34 	2  	789   	5.55569
INFO:gp:455	783   	0.636367	455	0.730836	0.421948	783   	0.0563898	21.5259	455	34 	2  	783   	5.57251
INFO:gp:456	776   	0.635589	456	0.730836	0.436823	776   	0.0561751	21.3773	456	35 	2  	776   	5.64478
INFO:gp:457	766   	0.636385	457	0.730836	0.443355	766   	0.0566957	21.7087	457	33 	2  	766   	5.66594
INFO:gp:458	771   	0.635455	458	0.730836	0.446409	771   	0.0575163	21.7859	458	39 	2  	771   	5.59151
INFO:gp:459	784   	0.634061	459	0.730836	0.46037 	784   	0.0571195	21.8192	459	34 	2  	784   	6.05446
INFO:gp:460	738   	0.641138	460	0.738626	0.435496	738   	0.0560594	22.0137	460	38 	2  	738   	5.71495
INFO:gp:461	788   	0.637101	461	0.730836	0.452814	788   	0.0546683	21.1388	461	37 	2  	788   	5.75045
INFO:gp:462	779   	0.634957	462	0.730836	0.457465	779   	0.0569216	21.0176	462	36 	2  	779   	5.89876
INFO:gp:463	800   	0.634193	463	0.730836	0.46952 	800   	0.0537743	21.5015	463	34 	2  	800   	5.5955 
INFO:gp:464	782   	0.634178	464	0.730836	0.404169	782   	0.0562081	21.3988	464	35 	2  	782   	5.70223
INFO:gp:465	754   	0.639285	465	0.730836	0.48259 	754   	0.0548223	21.9443	465	40 	2  	754   	5.54796
INFO:gp:466	786   	0.635119	466	0.730836	0.45763 	786   	0.057641 	21.6383	466	34 	2  	786   	5.68583
INFO:gp:467	781   	0.636362	467	0.730836	0.40098 	781   	0.0560511	21.9511	467	33 	2  	781   	5.78294
INFO:gp:468	767   	0.636078	468	0.751802	0.462778	767   	0.0576209	22.3245	468	35 	2  	767   	5.79583
INFO:gp:469	733   	0.639203	469	0.751802	0.435812	733   	0.0591633	22.259 	469	36 	2  	733   	5.90561
INFO:gp:470	751   	0.637748	470	0.751802	0.424847	751   	0.0596093	22.5279	470	34 	2  	751   	5.73332
INFO:gp:471	771   	0.637826	471	0.751802	0.470842	771   	0.0577255	22.4242	471	38 	2  	771   	5.47989
INFO:gp:472	764   	0.636229	472	0.751802	0.42859 	764   	0.058107 	22.0723	472	38 	2  	764   	5.70577
INFO:gp:473	742   	0.640006	473	0.735452	0.460339	742   	0.0577591	21.9863	473	34 	2  	742   	5.76569
INFO:gp:474	756   	0.636654	474	0.735452	0.432128	756   	0.0608564	21.5552	474	35 	2  	756   	5.68277
INFO:gp:475	797   	0.635164	475	0.735452	0.454458	797   	0.056604 	21.3646	475	35 	2  	797   	5.59369
INFO:gp:476	778   	0.63646 	476	0.735452	0.44519 	778   	0.0571713	21.3666	476	36 	2  	778   	5.72586
INFO:gp:477	795   	0.636713	477	0.735452	0.416258	795   	0.0549671	21.303 	477	35 	2  	795   	5.68444
INFO:gp:478	759   	0.638139	478	0.735452	0.43262 	759   	0.0572277	21.0235	478	35 	2  	759   	5.89808
INFO:gp:479	778   	0.638455	479	0.735452	0.448203	778   	0.0560753	20.7224	479	34 	2  	778   	5.86598
INFO:gp:480	763   	0.637694	480	0.735452	0.459143	763   	0.0574294	20.6794	480	35 	2  	763   	6.01634
INFO:gp:481	775   	0.637126	481	0.735452	0.466585	775   	0.0574732	20.8719	481	37 	2  	775   	6.20552
INFO:gp:482	796   	0.635921	482	0.735452	0.47008 	796   	0.0567257	21.0547	482	37 	2  	796   	5.89273
INFO:gp:483	751   	0.639502	483	0.735452	0.453919	751   	0.0572241	21.001 	483	38 	2  	751   	5.48516
INFO:gp:484	780   	0.634326	484	0.735452	0.444031	780   	0.0590427	21.0792	484	34 	2  	780   	5.67312
INFO:gp:485	770   	0.636659	485	0.735452	0.457907	770   	0.0579153	21.4125	485	37 	2  	770   	5.26464
INFO:gp:486	767   	0.636846	486	0.735452	0.437083	767   	0.0558306	21.6413	486	33 	2  	767   	5.11121
INFO:gp:487	779   	0.638017	487	0.735452	0.45576 	779   	0.0555662	21.4409	487	34 	3  	779   	5.08118
INFO:gp:488	791   	0.634788	488	0.735452	0.449854	791   	0.0581034	21.0323	488	33 	2  	791   	5.44572
INFO:gp:489	786   	0.635063	489	0.735452	0.431755	786   	0.0568409	21.2072	489	36 	2  	786   	5.55573
INFO:gp:490	779   	0.637894	490	0.735452	0.465057	779   	0.0551916	21.1466	490	34 	2  	779   	5.50624
INFO:gp:491	747   	0.638674	491	0.735452	0.461405	747   	0.0582681	21.3734	491	34 	2  	747   	5.37902
INFO:gp:492	793   	0.636054	492	0.735452	0.453941	793   	0.0553556	21.131 	492	35 	2  	793   	5.30225
INFO:gp:493	785   	0.635708	493	0.735452	0.460455	785   	0.0570207	21.3451	493	33 	2  	785   	5.47822
INFO:gp:494	798   	0.637093	494	0.735452	0.461226	798   	0.0550186	21.5914	494	36 	2  	798   	5.32201
INFO:gp:495	770   	0.636623	495	0.735452	0.465209	770   	0.0569327	21.8221	495	37 	2  	770   	5.14536
INFO:gp:496	780   	0.635202	496	0.735452	0.430123	780   	0.0566372	21.2815	496	37 	2  	780   	5.40219
INFO:gp:497	792   	0.633359	497	0.735452	0.462629	792   	0.0567939	21.4213	497	34 	2  	792   	5.62492
INFO:gp:498	777   	0.634354	498	0.735452	0.457187	777   	0.0581837	21.5083	498	35 	2  	777   	5.72997
INFO:gp:499	760   	0.640059	499	0.735452	0.444952	760   	0.0559035	21.5709	499	35 	2  	760   	5.42546
INFO:gp:500	783   	0.636602	500	0.735452	0.42481 	783   	0.0568075	21.7204	500	34 	2  	783   	5.30829
INFO:__main__:Saving model to file: checkpoints/run_10.pth
INFO:util:Train accuracy: 0.6738844138336193 +- 0.0233518919621854
INFO:util:Val accuracy: 0.6738844138336193 +- 0.0233518919621854
INFO:util:Test accuracy: 0.6873840445269017 +- 0.0
INFO:util:Train intra-class: 0.1896050312980941, Train Inter-class: 0.2808549997856117
INFO:util:Val intra-class: 0.2559171695007594, Val Inter-class: 0.341346428440094
INFO:util:Test intra-class: 0.25751638469137217, Test inter-class: 0.2930205249127625
INFO:plot:Saving t-SNE to file: figures/tsne.png
INFO:plot:Saving t-SNE to file: figures/tsne.png
INFO:plot:Saving tree to file: figures/tree-0.pdf
INFO:plot:Saving tree to file: figures/tree-1.pdf
