INFO:data:Reading dataset fish: oil
INFO:data:Class Counts: [18 18 18 18 18 18 18], Class Ratios: [0.14285714 0.14285714 0.14285714 0.14285714 0.14285714 0.14285714
 0.14285714]
INFO:data:Number of features: 1023
INFO:data:Number of instances: 126
INFO:data:Number of classes 7.
INFO:__main__:No model found. Train from scratch.
INFO:gp:   	      	                         fitness                         	                      size                     
   	      	---------------------------------------------------------	-----------------------------------------------
gen	nevals	avg     	gen	max    	min    	nevals	std      	avg    	gen	max	min	nevals	std    
0  	1023  	0.214378	0  	0.33953	0.12915	1023  	0.0328603	4.82014	0  	7  	2  	1023  	1.45204
INFO:gp:1  	774   	0.253842	1  	0.391655	0.16436	774   	0.0313972	4.85728	1  	9  	2  	774   	1.47881
INFO:gp:2  	775   	0.281261	2  	0.391655	0.164874	775   	0.0328414	4.69306	2  	8  	2  	775   	1.46368
INFO:gp:3  	780   	0.306715	3  	0.39333 	0.192416	780   	0.0341005	4.5347 	3  	9  	2  	780   	1.43225
INFO:gp:4  	810   	0.331953	4  	0.405988	0.184209	810   	0.0355259	4.07918	4  	11 	2  	810   	1.32743
INFO:gp:5  	758   	0.356518	5  	0.433158	0.171298	758   	0.0311021	3.73705	5  	10 	3  	758   	1.09306
INFO:gp:6  	788   	0.366793	6  	0.433158	0.192576	788   	0.0334824	3.68524	6  	9  	3  	788   	1.0513 
INFO:gp:7  	777   	0.373931	7  	0.445917	0.205458	777   	0.0333146	3.87097	7  	9  	3  	777   	1.20075
INFO:gp:8  	774   	0.380742	8  	0.445917	0.195713	774   	0.0369727	4.2219 	8  	10 	3  	774   	1.2863 
INFO:gp:9  	778   	0.393527	9  	0.447916	0.221817	778   	0.0352262	4.41251	9  	10 	3  	778   	1.15636
INFO:gp:10 	754   	0.405918	10 	0.452801	0.242934	754   	0.0350852	4.44086	10 	10 	3  	754   	1.04455
INFO:gp:11 	761   	0.416306	11 	0.452801	0.242584	761   	0.036489 	4.39883	11 	12 	3  	761   	0.980394
INFO:gp:12 	788   	0.424412	12 	0.454522	0.239329	788   	0.0357168	4.38905	12 	9  	3  	788   	0.971318
INFO:gp:13 	774   	0.42675 	13 	0.454522	0.264233	774   	0.0366168	4.45357	13 	11 	4  	774   	1.07288 
INFO:gp:14 	768   	0.430099	14 	0.456775	0.265941	768   	0.0358304	4.40567	14 	11 	4  	768   	1.03159 
INFO:gp:15 	760   	0.431598	15 	0.459991	0.30252 	760   	0.0350725	4.47898	15 	14 	3  	760   	1.11827 
INFO:gp:16 	758   	0.432948	16 	0.461503	0.240247	758   	0.0352897	4.75073	16 	11 	4  	758   	1.22432 
INFO:gp:17 	794   	0.435874	17 	0.462327	0.279877	794   	0.0337166	5.37732	17 	11 	4  	794   	1.21427 
INFO:gp:18 	769   	0.436871	18 	0.471456	0.227687	769   	0.0343075	5.78201	18 	11 	4  	769   	1.15909 
INFO:gp:19 	765   	0.438928	19 	0.471456	0.255737	765   	0.0355576	6.06549	19 	12 	4  	765   	1.18833 
INFO:gp:20 	761   	0.44098 	20 	0.471456	0.242808	761   	0.0340484	6.29326	20 	12 	4  	761   	1.01697 
INFO:gp:21 	789   	0.441356	21 	0.471456	0.252222	789   	0.034667 	6.31085	21 	12 	4  	789   	0.962214
INFO:gp:22 	781   	0.443025	22 	0.471456	0.30063 	781   	0.034974 	6.16618	22 	10 	4  	781   	0.827053
INFO:gp:23 	771   	0.446595	23 	0.475447	0.265386	771   	0.0338366	6.12512	23 	10 	4  	771   	0.886515
INFO:gp:24 	781   	0.447579	24 	0.475447	0.256139	781   	0.0355047	6.15543	24 	10 	4  	781   	0.914896
INFO:gp:25 	767   	0.447318	25 	0.483725	0.258005	767   	0.0380975	6.13587	25 	12 	4  	767   	0.909445
INFO:gp:26 	783   	0.45034 	26 	0.483725	0.289421	783   	0.0350457	6.19648	26 	12 	3  	783   	0.990427
INFO:gp:27 	761   	0.454226	27 	0.486733	0.280804	761   	0.0351104	6.21603	27 	12 	4  	761   	1.01757 
INFO:gp:28 	779   	0.456746	28 	0.486733	0.292717	779   	0.0338224	6.2131 	28 	13 	4  	779   	1.00319 
INFO:gp:29 	775   	0.457926	29 	0.495006	0.269041	775   	0.035664 	6.15543	29 	10 	4  	775   	0.918096
INFO:gp:30 	775   	0.461075	30 	0.495006	0.28081 	775   	0.0341291	6.13978	30 	11 	4  	775   	0.849939
INFO:gp:31 	754   	0.462158	31 	0.495006	0.280302	754   	0.0366942	6.15934	31 	12 	4  	754   	0.987225
INFO:gp:32 	788   	0.462269	32 	0.495008	0.268166	788   	0.0415382	6.18671	32 	12 	4  	788   	0.952098
INFO:gp:33 	770   	0.463097	33 	0.495008	0.299266	770   	0.0412198	6.19453	33 	11 	4  	770   	0.937066
INFO:gp:34 	757   	0.465188	34 	0.495008	0.276143	757   	0.0419309	6.24438	34 	11 	4  	757   	0.997997
INFO:gp:35 	759   	0.466053	35 	0.495008	0.294577	759   	0.0428693	6.33333	35 	11 	4  	759   	0.996246
INFO:gp:36 	768   	0.47059 	36 	0.49501 	0.277478	768   	0.0391142	6.65103	36 	11 	4  	768   	1.01331 
INFO:gp:37 	759   	0.470498	37 	0.495079	0.263908	759   	0.0386805	7.10068	37 	13 	4  	759   	1.06515 
INFO:gp:38 	752   	0.469332	38 	0.495079	0.296719	752   	0.0398403	7.48192	38 	13 	4  	752   	1.30171 
INFO:gp:39 	787   	0.471536	39 	0.495079	0.27162 	787   	0.0379194	8.00978	39 	18 	6  	787   	1.72041 
INFO:gp:40 	788   	0.471538	40 	0.495081	0.253911	788   	0.040086 	9.31085	40 	18 	6  	788   	2.01343 
INFO:gp:41 	779   	0.467651	41 	0.495082	0.269672	779   	0.0431747	10.7429	41 	19 	6  	779   	2.16869 
INFO:gp:42 	776   	0.46929 	42 	0.495137	0.289035	776   	0.0416637	12.2278	42 	20 	6  	776   	2.18811 
INFO:gp:43 	793   	0.471392	43 	0.500215	0.264307	793   	0.0400516	13.1877	43 	21 	6  	793   	2.2262  
INFO:gp:44 	787   	0.471241	44 	0.500215	0.280689	787   	0.0400755	14.3695	44 	24 	4  	787   	2.71204 
INFO:gp:45 	802   	0.4704  	45 	0.500215	0.274851	802   	0.0411163	15.8475	45 	22 	4  	802   	2.86827 
INFO:gp:46 	773   	0.47142 	46 	0.500215	0.230182	773   	0.0413427	16.4321	46 	24 	4  	773   	3.05009 
INFO:gp:47 	776   	0.468726	47 	0.505366	0.285316	776   	0.0450923	15.4135	47 	28 	6  	776   	3.29134 
INFO:gp:48 	786   	0.475835	48 	0.505366	0.241873	786   	0.0394872	13.5562	48 	28 	6  	786   	2.53317 
INFO:gp:49 	777   	0.475205	49 	0.505367	0.299241	777   	0.0403451	13.1916	49 	28 	5  	777   	1.74707 
INFO:gp:50 	789   	0.474166	50 	0.505367	0.327876	789   	0.0405401	13.4995	50 	28 	6  	789   	2.16426 
INFO:gp:51 	797   	0.476834	51 	0.505367	0.302385	797   	0.0414025	14.3314	51 	28 	6  	797   	2.29042 
INFO:gp:52 	790   	0.479754	52 	0.506467	0.296883	790   	0.038518 	14.7947	52 	24 	6  	790   	2.18519 
INFO:gp:53 	769   	0.483444	53 	0.508389	0.291314	769   	0.0377997	15.3236	53 	24 	6  	769   	2.03342 
INFO:gp:54 	773   	0.480951	54 	0.508389	0.298187	773   	0.0397869	16.3578	54 	24 	6  	773   	2.35572 
INFO:gp:55 	764   	0.481458	55 	0.509473	0.291036	764   	0.0399741	17.1105	55 	29 	6  	764   	2.87207 
INFO:gp:56 	745   	0.482734	56 	0.509473	0.280634	745   	0.0383465	16.9501	56 	28 	6  	745   	3.377   
INFO:gp:57 	770   	0.48193 	57 	0.509473	0.25159 	770   	0.0407039	16.1329	57 	26 	6  	770   	3.10487 
INFO:gp:58 	766   	0.48226 	58 	0.509524	0.287796	766   	0.0418624	15.6315	58 	26 	6  	766   	2.3497  
INFO:gp:59 	780   	0.48081 	59 	0.509524	0.259752	780   	0.0423555	15.1144	59 	26 	6  	780   	1.75019 
INFO:gp:60 	769   	0.482756	60 	0.509524	0.275689	769   	0.0415526	15.0714	60 	26 	6  	769   	1.91301 
INFO:gp:61 	783   	0.483082	61 	0.509524	0.276515	783   	0.0419992	15.3206	61 	26 	6  	783   	1.86726 
INFO:gp:62 	788   	0.48126 	62 	0.509525	0.295176	788   	0.0413697	15.5191	62 	26 	6  	788   	1.96633 
INFO:gp:63 	794   	0.480864	63 	0.509525	0.280286	794   	0.0425543	15.3089	63 	26 	6  	794   	1.70514 
INFO:gp:64 	749   	0.48364 	64 	0.509525	0.275617	749   	0.0409736	15.0049	64 	26 	8  	749   	1.56107 
INFO:gp:65 	774   	0.481962	65 	0.509525	0.310955	774   	0.0420729	14.9541	65 	26 	8  	774   	1.58279 
INFO:gp:66 	762   	0.483086	66 	0.509525	0.291778	762   	0.0423039	15.0244	66 	26 	8  	762   	1.4233  
INFO:gp:67 	760   	0.483487	67 	0.509525	0.279453	760   	0.0400826	15.0274	67 	26 	8  	760   	1.50958 
INFO:gp:68 	734   	0.483898	68 	0.509525	0.263432	734   	0.0405856	15.087 	68 	26 	8  	734   	1.35608 
INFO:gp:69 	771   	0.484912	69 	0.509525	0.304936	771   	0.0390677	15.0674	69 	26 	8  	771   	1.45723 
INFO:gp:70 	782   	0.486366	70 	0.523911	0.264503	782   	0.0384369	15.0577	70 	26 	8  	782   	1.48686 
INFO:gp:71 	789   	0.480865	71 	0.523911	0.268371	789   	0.0429949	15.0196	71 	26 	8  	789   	1.42166 
INFO:gp:72 	770   	0.484928	72 	0.523981	0.270297	770   	0.0404725	15.0674	72 	26 	8  	770   	1.45252 
INFO:gp:73 	799   	0.483983	73 	0.523981	0.31065 	799   	0.0406796	15.0723	73 	26 	8  	799   	1.60664 
INFO:gp:74 	746   	0.486082	74 	0.523981	0.266132	746   	0.0404558	15.1417	74 	24 	8  	746   	1.34129 
INFO:gp:75 	790   	0.486407	75 	0.523982	0.304337	790   	0.0436006	15.1329	75 	24 	8  	790   	1.37848 
INFO:gp:76 	767   	0.490616	76 	0.523982	0.283502	767   	0.0425792	15.0958	76 	24 	6  	767   	1.29915 
INFO:gp:77 	786   	0.491794	77 	0.531068	0.30208 	786   	0.041666 	15.176 	77 	24 	8  	786   	1.23896 
INFO:gp:78 	764   	0.49293 	78 	0.531068	0.303045	764   	0.0424384	15.2473	78 	24 	8  	764   	1.39207 
INFO:gp:79 	779   	0.495154	79 	0.531115	0.309655	779   	0.0402858	15.3881	79 	26 	8  	779   	1.56105 
INFO:gp:80 	777   	0.494218	80 	0.531115	0.291747	777   	0.0426816	16.0313	80 	24 	6  	777   	1.48073 
INFO:gp:81 	780   	0.493468	81 	0.531115	0.318308	780   	0.041174 	16.5152	81 	24 	8  	780   	1.4092  
INFO:gp:82 	734   	0.499295	82 	0.531115	0.302866	734   	0.0426355	16.7331	82 	24 	8  	734   	1.27926 
INFO:gp:83 	771   	0.498814	83 	0.531115	0.282733	771   	0.0430388	16.9413	83 	24 	8  	771   	1.12923 
INFO:gp:84 	756   	0.501153	84 	0.531115	0.300194	756   	0.043601 	17.1916	84 	24 	6  	756   	1.17586 
INFO:gp:85 	774   	0.498259	85 	0.531115	0.293056	774   	0.0444752	17.5797	85 	22 	8  	774   	0.972374
INFO:gp:86 	777   	0.496661	86 	0.531115	0.311044	777   	0.046485 	17.7781	86 	23 	13 	777   	0.810868
INFO:gp:87 	744   	0.498775	87 	0.531115	0.306278	744   	0.0444354	17.825 	87 	22 	12 	744   	0.856052
INFO:gp:88 	771   	0.498569	88 	0.531115	0.298803	771   	0.0440892	17.8553	88 	24 	13 	771   	0.801141
INFO:gp:89 	801   	0.498884	89 	0.531115	0.301195	801   	0.0453693	17.8475	89 	23 	13 	801   	0.821397
INFO:gp:90 	801   	0.495952	90 	0.531115	0.301917	801   	0.0457499	17.8661	90 	24 	13 	801   	0.819277
INFO:gp:91 	768   	0.497645	91 	0.531115	0.301707	768   	0.0462268	17.826 	91 	24 	13 	768   	0.800188
INFO:gp:92 	776   	0.497199	92 	0.531115	0.29374 	776   	0.0459803	17.8543	92 	32 	13 	776   	0.8971  
INFO:gp:93 	775   	0.501322	93 	0.531115	0.329404	775   	0.042205 	17.8534	93 	24 	13 	775   	0.867579
INFO:gp:94 	808   	0.496259	94 	0.531115	0.282549	808   	0.0477429	17.8573	94 	24 	13 	808   	0.766582
INFO:gp:95 	751   	0.501161	95 	0.531115	0.302349	751   	0.0434957	17.8876	95 	24 	8  	751   	0.906193
INFO:gp:96 	763   	0.500593	96 	0.531115	0.277589	763   	0.0451391	17.8602	96 	24 	13 	763   	0.77662 
INFO:gp:97 	760   	0.503194	97 	0.531115	0.284714	760   	0.0418672	17.8768	97 	24 	13 	760   	0.796179
INFO:gp:98 	765   	0.501821	98 	0.531115	0.285198	765   	0.0418884	17.8935	98 	28 	13 	765   	0.905822
INFO:gp:99 	784   	0.500265	99 	0.531115	0.315109	784   	0.0442777	17.8778	99 	24 	13 	784   	0.794486
INFO:gp:100	765   	0.498503	100	0.531115	0.261413	765   	0.0456396	17.8798	100	24 	8  	765   	0.854069
INFO:gp:101	799   	0.497932	101	0.531115	0.296143	799   	0.0461991	17.8837	101	24 	8  	799   	0.84772 
INFO:gp:102	781   	0.500998	102	0.531115	0.311754	781   	0.0436672	17.9081	102	24 	13 	781   	0.82327 
INFO:gp:103	762   	0.498733	103	0.531115	0.309468	762   	0.0438359	17.9208	103	24 	13 	762   	0.778867
INFO:gp:104	803   	0.499398	104	0.531115	0.300992	803   	0.0450479	17.8778	104	24 	12 	803   	0.796943
INFO:gp:105	779   	0.501568	105	0.531115	0.298472	779   	0.0450717	17.8954	105	24 	13 	779   	0.714197
INFO:gp:106	751   	0.500724	106	0.531115	0.306417	751   	0.0437401	17.8915	106	24 	12 	751   	0.674168
INFO:gp:107	768   	0.499324	107	0.531115	0.261291	768   	0.0452614	17.8778	107	24 	11 	768   	0.734385
INFO:gp:108	785   	0.498585	108	0.531115	0.310604	785   	0.0447782	17.913 	108	24 	13 	785   	0.764087
INFO:gp:109	761   	0.499022	109	0.531115	0.326438	761   	0.0446571	17.9022	109	24 	12 	761   	0.734717
INFO:gp:110	775   	0.499617	110	0.531115	0.330199	775   	0.0428302	17.8886	110	24 	8  	775   	0.75251 
INFO:gp:111	788   	0.496819	111	0.531115	0.320423	788   	0.0461875	17.9277	111	32 	13 	788   	0.778905
INFO:gp:112	751   	0.502   	112	0.531115	0.318254	751   	0.0434021	17.9218	112	24 	12 	751   	0.730393
INFO:gp:113	762   	0.5004  	113	0.531115	0.309298	762   	0.0432595	17.9296	113	24 	13 	762   	0.768981
INFO:gp:114	764   	0.498682	114	0.531115	0.289186	764   	0.0461132	17.9013	114	32 	13 	764   	0.834864
INFO:gp:115	771   	0.501111	115	0.531115	0.305906	771   	0.0433475	17.9189	115	24 	13 	771   	0.704868
INFO:gp:116	755   	0.499503	116	0.531115	0.305028	755   	0.0445727	17.9423	116	24 	13 	755   	0.724921
INFO:gp:117	771   	0.501106	117	0.531115	0.311879	771   	0.0428998	17.9062	117	24 	12 	771   	0.736555
INFO:gp:118	771   	0.498353	118	0.531115	0.298436	771   	0.0465253	17.9081	118	24 	13 	771   	0.65981 
INFO:gp:119	753   	0.502667	119	0.531115	0.267786	753   	0.0432679	17.911 	119	32 	12 	753   	0.828916
INFO:gp:120	782   	0.498876	120	0.531115	0.310012	782   	0.0445718	17.9345	120	24 	13 	782   	0.713377
INFO:gp:121	763   	0.500239	121	0.531115	0.2938  	763   	0.04492  	17.9189	121	24 	13 	763   	0.768557
INFO:gp:122	765   	0.49853 	122	0.531115	0.312285	765   	0.0465215	17.955 	122	25 	13 	765   	0.795842
INFO:gp:123	780   	0.500543	123	0.531115	0.311309	780   	0.0426675	17.9306	123	24 	13 	780   	0.676423
INFO:gp:124	754   	0.498045	124	0.531115	0.295763	754   	0.0465176	17.9492	124	24 	6  	754   	0.81251 
INFO:gp:125	762   	0.500383	125	0.531115	0.264988	762   	0.0442924	17.9501	125	32 	14 	762   	0.793705
INFO:gp:126	777   	0.501094	126	0.531115	0.319993	777   	0.0443742	17.9345	126	32 	14 	777   	0.763674
INFO:gp:127	801   	0.497865	127	0.531115	0.273371	801   	0.0472324	17.9316	127	24 	14 	801   	0.699958
INFO:gp:128	780   	0.497508	128	0.531115	0.316926	780   	0.0473252	17.9453	128	32 	12 	780   	0.899079
INFO:gp:129	803   	0.498764	129	0.531168	0.318932	803   	0.0452568	17.956 	129	32 	14 	803   	0.827804
INFO:gp:130	759   	0.500598	130	0.531168	0.295654	759   	0.0456735	17.9394	130	24 	14 	759   	0.617631
INFO:gp:131	791   	0.500967	131	0.531168	0.311381	791   	0.0439707	17.9482	131	32 	12 	791   	0.800937
INFO:gp:132	760   	0.499767	132	0.531168	0.30731 	760   	0.0436532	17.9501	132	32 	14 	760   	0.688161
INFO:gp:133	781   	0.499671	133	0.531168	0.317062	781   	0.0442786	17.9091	133	24 	14 	781   	0.648742
INFO:gp:134	762   	0.499953	134	0.531168	0.314436	762   	0.0444819	17.8631	134	22 	14 	762   	0.740426
INFO:gp:135	797   	0.499009	135	0.531168	0.309269	797   	0.0463986	17.8778	135	24 	14 	797   	0.690479
INFO:gp:136	796   	0.500809	136	0.531168	0.269453	796   	0.044032 	17.8915	136	22 	13 	796   	0.689933
INFO:gp:137	761   	0.501606	137	0.531168	0.285665	761   	0.0445885	17.8837	137	22 	15 	761   	0.661138
INFO:gp:138	743   	0.503598	138	0.531168	0.250992	743   	0.0430063	17.8465	138	22 	7  	743   	0.721751
INFO:gp:139	756   	0.501528	139	0.531168	0.281524	756   	0.043371 	17.8974	139	23 	15 	756   	0.617616
INFO:gp:140	763   	0.501159	140	0.531168	0.307021	763   	0.0441305	17.8798	140	22 	15 	763   	0.642432
INFO:gp:141	786   	0.499821	141	0.531168	0.30012 	786   	0.0452112	17.869 	141	22 	12 	786   	0.69522 
INFO:gp:142	803   	0.497791	142	0.531168	0.324556	803   	0.045413 	17.915 	142	32 	14 	803   	0.751409
INFO:gp:143	782   	0.497945	143	0.531168	0.295069	782   	0.0470588	17.868 	143	22 	14 	782   	0.647716
INFO:gp:144	772   	0.498075	144	0.531168	0.285842	772   	0.0489601	17.9228	144	32 	15 	772   	0.941546
INFO:gp:145	782   	0.498335	145	0.531168	0.307518	782   	0.04638  	17.8798	145	24 	14 	782   	0.667798
INFO:gp:146	766   	0.499212	146	0.531168	0.301005	766   	0.0464694	17.8964	146	22 	14 	766   	0.556677
INFO:gp:147	760   	0.499538	147	0.531168	0.311831	760   	0.0453921	17.8817	147	24 	9  	760   	0.752115
INFO:gp:148	792   	0.498084	148	0.531168	0.304202	792   	0.0455405	17.8935	148	22 	14 	792   	0.715275
INFO:gp:149	792   	0.49785 	149	0.531168	0.326803	792   	0.0457165	17.9179	149	32 	12 	792   	0.791637
INFO:gp:150	773   	0.499011	150	0.531168	0.296603	773   	0.0463161	17.9032	150	22 	14 	773   	0.638776
INFO:gp:151	765   	0.497486	151	0.531168	0.324498	765   	0.0469165	17.8993	151	22 	14 	765   	0.676826
INFO:gp:152	737   	0.501415	152	0.531168	0.28893 	737   	0.0451983	17.9296	152	23 	14 	737   	0.646014
INFO:gp:153	765   	0.501585	153	0.531168	0.298111	765   	0.045322 	17.9189	153	24 	14 	765   	0.6693  
INFO:gp:154	768   	0.501624	154	0.531168	0.320188	768   	0.0430762	17.8905	154	32 	7  	768   	0.871924
INFO:gp:155	783   	0.500881	155	0.531168	0.277273	783   	0.0454967	17.9159	155	22 	14 	783   	0.676928
INFO:gp:156	761   	0.499204	156	0.531168	0.31174 	761   	0.0461945	17.8827	156	23 	14 	761   	0.649779
INFO:gp:157	789   	0.499641	157	0.531168	0.328449	789   	0.0439348	17.9286	157	24 	14 	789   	0.689107
INFO:gp:158	758   	0.49869 	158	0.531168	0.314347	758   	0.0449567	17.915 	158	32 	14 	758   	0.811453
INFO:gp:159	795   	0.499518	159	0.531168	0.316223	795   	0.0456801	17.9081	159	32 	14 	795   	0.755147
INFO:gp:160	757   	0.501578	160	0.531168	0.278229	757   	0.0455313	17.8974	160	22 	14 	757   	0.633246
INFO:gp:161	752   	0.501317	161	0.531168	0.281912	752   	0.0447073	17.911 	161	23 	14 	752   	0.708077
INFO:gp:162	768   	0.501616	162	0.531168	0.309504	768   	0.0427412	17.9443	162	24 	14 	768   	0.670437
INFO:gp:163	767   	0.496849	163	0.531168	0.306859	767   	0.04743  	17.9306	163	32 	14 	767   	0.812941
INFO:gp:164	783   	0.499455	164	0.531168	0.323419	783   	0.0451923	17.9032	164	22 	8  	783   	0.684573
INFO:gp:165	754   	0.497963	165	0.531168	0.315883	754   	0.0460926	17.9052	165	32 	9  	754   	0.85269 
INFO:gp:166	761   	0.501171	166	0.531168	0.269677	761   	0.0455469	17.9208	166	24 	14 	761   	0.668073
INFO:gp:167	777   	0.497961	167	0.531168	0.289005	777   	0.0458909	17.9355	167	32 	14 	777   	0.741021
INFO:gp:168	752   	0.501673	168	0.532325	0.325108	752   	0.0438405	17.9198	168	24 	6  	752   	0.774361
INFO:gp:169	772   	0.499669	169	0.532325	0.245323	772   	0.0462009	17.9042	169	22 	14 	772   	0.605136
INFO:gp:170	757   	0.497783	170	0.532325	0.303494	757   	0.0475271	17.9071	170	24 	14 	757   	0.833193
INFO:gp:171	778   	0.497626	171	0.532325	0.306471	778   	0.0465724	17.8827	171	24 	14 	778   	0.715643
INFO:gp:172	798   	0.499584	172	0.532325	0.292601	798   	0.0445234	17.8739	172	24 	6  	798   	0.804881
INFO:gp:173	762   	0.502328	173	0.532341	0.327672	762   	0.0421558	17.8387	173	22 	14 	762   	0.703564
INFO:gp:174	798   	0.498138	174	0.532341	0.26486 	798   	0.0466545	17.8172	174	32 	8  	798   	0.954906
INFO:gp:175	758   	0.502306	175	0.532341	0.298139	758   	0.0449288	17.8426	175	24 	14 	758   	0.750146
INFO:gp:176	760   	0.50165 	176	0.532341	0.235189	760   	0.044687 	17.8592	176	24 	14 	760   	0.780837
INFO:gp:177	780   	0.501081	177	0.538034	0.318808	780   	0.0446878	17.8436	177	24 	6  	780   	0.900188
INFO:gp:178	792   	0.500167	178	0.538034	0.337819	792   	0.046054 	17.8416	178	23 	14 	792   	0.755783
INFO:gp:179	783   	0.502439	179	0.538034	0.284822	783   	0.0446099	17.7019	179	24 	13 	783   	0.921168
INFO:gp:180	741   	0.501735	180	0.538034	0.274239	741   	0.0462919	17.4653	180	24 	14 	741   	1.05865 
INFO:gp:181	783   	0.501898	181	0.538034	0.275495	783   	0.0459991	16.9062	181	22 	14 	783   	1.09696 
INFO:gp:182	775   	0.507963	182	0.538034	0.311965	775   	0.0424743	16.4018	182	24 	10 	775   	0.991596
INFO:gp:183	795   	0.503717	183	0.538034	0.312586	795   	0.0449129	16.2072	183	22 	10 	795   	0.82012 
INFO:gp:184	780   	0.505718	184	0.538034	0.277696	780   	0.0465437	16.1906	184	28 	8  	780   	0.838836
INFO:gp:185	779   	0.505592	185	0.538034	0.317374	779   	0.0434733	16.1877	185	21 	14 	779   	0.687811
INFO:gp:186	784   	0.505685	186	0.538034	0.279275	784   	0.0452893	16.1896	186	22 	14 	784   	0.699958
INFO:gp:187	775   	0.504467	187	0.538034	0.331926	775   	0.0463993	16.1681	187	21 	13 	775   	0.672807
INFO:gp:188	764   	0.505681	188	0.538034	0.312328	764   	0.0459071	16.1867	188	23 	14 	764   	0.735458
INFO:gp:189	763   	0.508586	189	0.538034	0.307632	763   	0.0434531	16.2053	189	28 	14 	763   	0.815833
INFO:gp:190	790   	0.504835	190	0.538034	0.261499	790   	0.0460235	16.1848	190	28 	14 	790   	0.756905
INFO:gp:191	737   	0.506914	191	0.538034	0.269817	737   	0.0467053	16.1476	191	28 	14 	737   	0.703789
INFO:gp:192	784   	0.503272	192	0.538034	0.315293	784   	0.0464103	16.1574	192	22 	6  	784   	0.705835
INFO:gp:193	785   	0.505891	193	0.538034	0.308997	785   	0.0443059	16.1779	193	22 	14 	785   	0.698847
INFO:gp:194	805   	0.507167	194	0.538034	0.326276	805   	0.0438396	16.1632	194	23 	10 	805   	0.704502
INFO:gp:195	772   	0.507188	195	0.538034	0.282943	772   	0.0448174	16.1496	195	28 	14 	772   	0.715775
INFO:gp:196	790   	0.504431	196	0.538034	0.33191 	790   	0.0452929	16.1378	196	20 	14 	790   	0.61392 
INFO:gp:197	776   	0.50731 	197	0.538034	0.326822	776   	0.041476 	16.1202	197	21 	14 	776   	0.590087
INFO:gp:198	773   	0.503094	198	0.538034	0.280022	773   	0.0468515	16.1554	198	28 	10 	773   	0.763467
INFO:gp:199	772   	0.505426	199	0.538034	0.254705	772   	0.047786 	16.1193	199	22 	14 	772   	0.597691
INFO:gp:200	797   	0.504671	200	0.538034	0.295263	797   	0.0457165	16.1232	200	21 	14 	797   	0.536526
INFO:gp:201	743   	0.505043	201	0.538034	0.297463	743   	0.0445135	16.1388	201	28 	14 	743   	0.707652
INFO:gp:202	770   	0.505066	202	0.538034	0.291781	770   	0.0449156	16.1359	202	22 	11 	770   	0.628512
INFO:gp:203	799   	0.505465	203	0.538034	0.284736	799   	0.0463157	16.1662	203	28 	14 	799   	0.77077 
INFO:gp:204	763   	0.50589 	204	0.538034	0.307714	763   	0.0458671	16.1369	204	28 	14 	763   	0.694089
INFO:gp:205	776   	0.506322	205	0.538034	0.329995	776   	0.043807 	16.1408	205	22 	14 	776   	0.604423
INFO:gp:206	762   	0.504131	206	0.538034	0.284948	762   	0.0475566	16.1398	206	21 	14 	762   	0.589092
INFO:gp:207	756   	0.506235	207	0.538034	0.334659	756   	0.0439254	16.1349	207	21 	14 	756   	0.605759
INFO:gp:208	775   	0.507666	208	0.538034	0.307366	775   	0.0442822	16.1251	208	22 	14 	775   	0.591554
INFO:gp:209	778   	0.505953	209	0.538034	0.296007	778   	0.044928 	16.1251	209	28 	14 	778   	0.684977
INFO:gp:210	781   	0.509191	210	0.538034	0.285885	781   	0.0425903	16.0968	210	22 	6  	781   	0.64335 
INFO:gp:211	764   	0.505062	211	0.538034	0.289441	764   	0.0469858	16.132 	211	28 	12 	764   	0.725991
INFO:gp:212	778   	0.503892	212	0.538034	0.269904	778   	0.0486239	16.1447	212	22 	14 	778   	0.654773
INFO:gp:213	764   	0.50647 	213	0.538034	0.297778	764   	0.0460417	16.1281	213	22 	14 	764   	0.595047
INFO:gp:214	769   	0.505997	214	0.538034	0.307613	769   	0.0449184	16.1232	214	21 	14 	769   	0.55971 
INFO:gp:215	770   	0.504843	215	0.538034	0.27077 	770   	0.0458808	16.0987	215	20 	14 	770   	0.52599 
INFO:gp:216	764   	0.507095	216	0.538034	0.289805	764   	0.0453034	16.1975	216	28 	14 	764   	1.03606 
INFO:gp:217	786   	0.504731	217	0.538034	0.318326	786   	0.0470565	16.1193	217	22 	14 	786   	0.637268
INFO:gp:218	794   	0.504001	218	0.538034	0.292655	794   	0.0455867	16.1085	218	20 	10 	794   	0.584047
INFO:gp:219	764   	0.504974	219	0.538034	0.304115	764   	0.0461741	16.1124	219	22 	14 	764   	0.58498 
INFO:gp:220	758   	0.507108	220	0.538034	0.236623	758   	0.0456952	16.1065	220	21 	14 	758   	0.567433
INFO:gp:221	753   	0.505029	221	0.538034	0.228385	753   	0.0469103	16.0929	221	20 	14 	753   	0.500418
INFO:gp:222	765   	0.506151	222	0.538034	0.278244	765   	0.0467165	16.1173	222	22 	10 	765   	0.62368 
INFO:gp:223	776   	0.502863	223	0.538034	0.276065	776   	0.0476609	16.129 	223	22 	6  	776   	0.706739
INFO:gp:224	766   	0.506494	224	0.538034	0.300798	766   	0.0434723	16.1603	224	28 	14 	766   	0.831744
INFO:gp:225	775   	0.506499	225	0.538034	0.334675	775   	0.0423255	16.1281	225	22 	14 	775   	0.608047
INFO:gp:226	801   	0.503976	226	0.538034	0.270287	801   	0.0479023	16.1496	226	28 	14 	801   	0.802073
INFO:gp:227	796   	0.503857	227	0.538034	0.297356	796   	0.0464431	16.1183	227	21 	14 	796   	0.573688
INFO:gp:228	771   	0.505855	228	0.538034	0.28458 	771   	0.0447807	16.132 	228	28 	13 	771   	0.761478
INFO:gp:229	763   	0.506584	229	0.538034	0.270949	763   	0.0440339	16.1075	229	21 	14 	763   	0.604781
INFO:gp:230	780   	0.506127	230	0.538034	0.276882	780   	0.0465244	16.1251	230	22 	14 	780   	0.614253
INFO:gp:231	763   	0.505978	231	0.538034	0.299688	763   	0.0466986	16.1144	231	21 	14 	763   	0.640456
INFO:gp:232	789   	0.50352 	232	0.538034	0.311982	789   	0.0457942	16.1554	232	21 	14 	789   	0.651555
INFO:gp:233	765   	0.505235	233	0.538034	0.311093	765   	0.0460475	16.1017	233	28 	12 	765   	0.70011 
INFO:gp:234	776   	0.506555	234	0.538034	0.300709	776   	0.0441149	16.1603	234	28 	14 	776   	0.774539
INFO:gp:235	773   	0.504495	235	0.538034	0.325427	773   	0.0463967	16.1486	235	22 	12 	773   	0.68742 
INFO:gp:236	758   	0.507658	236	0.538034	0.274352	758   	0.0435507	16.1017	236	22 	6  	758   	0.681717
INFO:gp:237	749   	0.507326	237	0.538034	0.326793	749   	0.0441882	16.1281	237	21 	14 	749   	0.645478
INFO:gp:238	760   	0.505663	238	0.538034	0.245562	760   	0.047221 	16.1163	238	22 	14 	760   	0.615185
INFO:gp:239	756   	0.502917	239	0.538034	0.291582	756   	0.0478008	16.1046	239	23 	14 	756   	0.614113
INFO:gp:240	769   	0.50586 	240	0.538034	0.296401	769   	0.0450345	16.1124	240	21 	14 	769   	0.6047  
INFO:gp:241	787   	0.505859	241	0.538034	0.280372	787   	0.0473891	16.1173	241	28 	12 	787   	0.738498
INFO:gp:242	787   	0.505118	242	0.538034	0.30116 	787   	0.0450942	16.1183	242	28 	14 	787   	0.70099 
INFO:gp:243	749   	0.50925 	243	0.538034	0.323475	749   	0.0421101	16.0899	243	28 	14 	749   	0.703105
INFO:gp:244	789   	0.50452 	244	0.538034	0.266528	789   	0.04692  	16.1085	244	28 	14 	789   	0.696981
INFO:gp:245	773   	0.504319	245	0.538034	0.298572	773   	0.0465463	16.0968	245	22 	14 	773   	0.600927
INFO:gp:246	763   	0.505093	246	0.538034	0.280421	763   	0.0458881	16.1046	246	20 	14 	763   	0.604487
INFO:gp:247	764   	0.507299	247	0.538034	0.300048	764   	0.0448304	16.1134	247	20 	12 	764   	0.644434
INFO:gp:248	766   	0.508353	248	0.538034	0.319472	766   	0.0419323	16.1535	248	28 	14 	766   	0.772768
INFO:gp:249	786   	0.507382	249	0.538034	0.331813	786   	0.0418435	16.1281	249	28 	10 	786   	0.806998
INFO:gp:250	752   	0.504632	250	0.538034	0.311431	752   	0.0462549	16.13  	250	21 	14 	752   	0.584676
INFO:gp:251	764   	0.503118	251	0.538034	0.306285	764   	0.0466599	16.1241	251	28 	6  	764   	0.858079
INFO:gp:252	778   	0.502889	252	0.538034	0.231631	778   	0.0476366	16.1544	252	22 	14 	778   	0.708555
INFO:gp:253	744   	0.507736	253	0.538034	0.305399	744   	0.0447611	16.1017	253	30 	14 	744   	0.728841
INFO:gp:254	792   	0.504883	254	0.538034	0.277366	792   	0.0486168	16.1153	254	28 	12 	792   	0.711853
INFO:gp:255	784   	0.504241	255	0.538034	0.303545	784   	0.0489409	16.1251	255	28 	14 	784   	0.701893
INFO:gp:256	767   	0.505391	256	0.538034	0.290867	767   	0.0475853	16.1075	256	22 	14 	767   	0.585063
INFO:gp:257	777   	0.505487	257	0.538034	0.31072 	777   	0.0459023	16.1105	257	20 	13 	777   	0.60506 
INFO:gp:258	764   	0.505624	258	0.538034	0.3115  	764   	0.0455516	16.176 	258	28 	12 	764   	0.907409
INFO:gp:259	733   	0.507644	259	0.538034	0.323675	733   	0.0431076	16.1163	259	22 	8  	733   	0.725972
INFO:gp:260	762   	0.505963	260	0.538034	0.27916 	762   	0.0459857	16.1564	260	28 	14 	762   	0.747087
INFO:gp:261	769   	0.506123	261	0.538034	0.324827	769   	0.0446127	16.1564	261	21 	13 	769   	0.696995
INFO:gp:262	761   	0.508222	262	0.538034	0.302189	761   	0.0428685	16.1261	262	28 	6  	761   	0.872482
INFO:gp:263	804   	0.503707	263	0.538034	0.308024	804   	0.0458778	16.1623	263	28 	14 	804   	0.739252
INFO:gp:264	794   	0.503935	264	0.538034	0.306874	794   	0.0478899	16.1095	264	20 	6  	794   	0.660088
INFO:gp:265	784   	0.503517	265	0.538034	0.268341	784   	0.0475151	16.1457	265	28 	13 	784   	0.75769 
INFO:gp:266	783   	0.503535	266	0.538034	0.266639	783   	0.0481266	16.1437	266	28 	14 	783   	0.86525 
INFO:gp:267	750   	0.50443 	267	0.538034	0.283976	750   	0.0478916	16.1202	267	28 	14 	750   	0.722634
INFO:gp:268	774   	0.506626	268	0.538034	0.257815	774   	0.0447096	16.1056	268	22 	14 	774   	0.625773
INFO:gp:269	775   	0.508713	269	0.538034	0.304149	775   	0.0435445	16.1329	269	21 	13 	775   	0.637627
INFO:gp:270	781   	0.505802	270	0.538034	0.300718	781   	0.0455071	16.1535	270	28 	14 	781   	0.766417
INFO:gp:271	776   	0.509426	271	0.538034	0.220806	776   	0.0434449	16.1261	271	22 	14 	776   	0.632095
INFO:gp:272	773   	0.505652	272	0.538034	0.283376	773   	0.0471602	16.0782	272	28 	12 	773   	0.730393
INFO:gp:273	779   	0.503045	273	0.538034	0.306378	779   	0.0477227	16.1026	273	21 	14 	779   	0.585106
INFO:gp:274	778   	0.506763	274	0.538034	0.3253  	778   	0.0445489	16.1007	274	22 	14 	778   	0.598654
INFO:gp:275	768   	0.50639 	275	0.538034	0.318651	768   	0.0439695	16.1056	275	28 	14 	768   	0.692509
INFO:gp:276	760   	0.506449	276	0.538034	0.308066	760   	0.0460403	16.1026	276	28 	12 	760   	0.689414
INFO:gp:277	780   	0.504098	277	0.538034	0.334454	780   	0.045061 	16.0831	277	20 	14 	780   	0.560981
INFO:gp:278	762   	0.50599 	278	0.538034	0.27719 	762   	0.0461666	16.0919	278	22 	14 	762   	0.597619
INFO:gp:279	759   	0.506475	279	0.538034	0.298771	759   	0.0443823	16.0997	279	28 	6  	759   	0.793319
INFO:gp:280	794   	0.501177	280	0.538034	0.293351	794   	0.0482724	16.1124	280	21 	12 	794   	0.630034
INFO:gp:281	771   	0.505917	281	0.538034	0.294407	771   	0.0447819	16.1046	281	21 	14 	771   	0.594705
INFO:gp:282	757   	0.505062	282	0.538034	0.294706	757   	0.046971 	16.1065	282	21 	14 	757   	0.643325
INFO:gp:283	772   	0.504809	283	0.538034	0.317892	772   	0.0443245	16.1193	283	22 	14 	772   	0.67886 
INFO:gp:284	784   	0.505442	284	0.538034	0.278142	784   	0.0483896	16.1085	284	21 	14 	784   	0.627612
INFO:gp:285	793   	0.507954	285	0.538034	0.28704 	793   	0.0440384	16.0811	285	22 	14 	793   	0.60647 
INFO:gp:286	761   	0.50577 	286	0.538034	0.302471	761   	0.0455379	16.0792	286	20 	14 	761   	0.529286
INFO:gp:287	787   	0.505754	287	0.538034	0.288255	787   	0.0445934	16.0802	287	20 	12 	787   	0.544615
INFO:gp:288	741   	0.508159	288	0.538034	0.294743	741   	0.044624 	16.0655	288	28 	14 	741   	0.638158
INFO:gp:289	776   	0.503612	289	0.538034	0.285766	776   	0.0471877	16.0733	289	20 	14 	776   	0.537455
INFO:gp:290	794   	0.502662	290	0.538034	0.321703	794   	0.0453585	16.0831	290	22 	12 	794   	0.625256
INFO:gp:291	749   	0.503451	291	0.538034	0.321572	749   	0.0477242	16.0841	291	21 	14 	749   	0.52575 
INFO:gp:292	780   	0.504835	292	0.538034	0.313274	780   	0.045584 	16.088 	292	22 	10 	780   	0.706126
INFO:gp:293	814   	0.50377 	293	0.538034	0.255282	814   	0.0458799	16.0772	293	28 	14 	814   	0.663899
INFO:gp:294	784   	0.506736	294	0.538034	0.275952	784   	0.0450767	16.0792	294	21 	14 	784   	0.614732
INFO:gp:295	766   	0.505405	295	0.538034	0.281093	766   	0.0462493	16.085 	295	28 	14 	766   	0.64803 
INFO:gp:296	773   	0.506712	296	0.538034	0.295706	773   	0.0448592	16.0499	296	20 	12 	773   	0.588633
INFO:gp:297	764   	0.504912	297	0.538034	0.288927	764   	0.0451236	16.0694	297	22 	12 	764   	0.643846
INFO:gp:298	780   	0.503991	298	0.538034	0.284671	780   	0.0478339	16.0518	298	28 	10 	780   	0.685169
INFO:gp:299	750   	0.505375	299	0.538034	0.272983	750   	0.045941 	16.0508	299	20 	14 	750   	0.582707
INFO:gp:300	762   	0.506978	300	0.538034	0.312145	762   	0.044549 	16.0371	300	21 	8  	762   	0.653278
INFO:gp:301	791   	0.504128	301	0.538034	0.257951	791   	0.0478779	16.0626	301	21 	12 	791   	0.642268
INFO:gp:302	764   	0.50632 	302	0.538034	0.259131	764   	0.0457236	16.0938	302	28 	12 	764   	0.8568  
INFO:gp:303	751   	0.509512	303	0.538034	0.268224	751   	0.0444509	16.0567	303	21 	12 	751   	0.614831
INFO:gp:304	783   	0.508008	304	0.540372	0.30578 	783   	0.0440587	16.0391	304	20 	13 	783   	0.498714
INFO:gp:305	776   	0.503159	305	0.540372	0.305041	776   	0.046433 	16.0616	305	28 	14 	776   	0.795343
INFO:gp:306	773   	0.506667	306	0.540372	0.331232	773   	0.0441545	16.0528	306	20 	12 	773   	0.677201
INFO:gp:307	765   	0.508301	307	0.540372	0.265883	765   	0.0457335	16.0342	307	28 	14 	765   	0.643641
INFO:gp:308	785   	0.508235	308	0.540372	0.289036	785   	0.0459751	16.0137	308	22 	14 	785   	0.548533
INFO:gp:309	740   	0.506936	309	0.540372	0.287763	740   	0.0475047	16.0117	309	28 	14 	740   	0.669003
INFO:gp:310	773   	0.509256	310	0.540372	0.301229	773   	0.0437616	16.0244	310	28 	14 	773   	0.746703
INFO:gp:311	759   	0.509437	311	0.540372	0.336464	759   	0.0427315	15.9746	311	28 	12 	759   	0.801599
INFO:gp:312	770   	0.507594	312	0.540372	0.293926	770   	0.0449773	15.9844	312	22 	13 	770   	0.693321
INFO:gp:313	763   	0.507928	313	0.540372	0.304899	763   	0.0447047	15.9775	313	28 	12 	763   	0.778802
INFO:gp:314	757   	0.50878 	314	0.540372	0.29514 	757   	0.0441905	15.999 	314	22 	14 	757   	0.674199
INFO:gp:315	770   	0.506792	315	0.540372	0.27941 	770   	0.0468385	15.9638	315	20 	6  	770   	0.66446 
INFO:gp:316	787   	0.509315	316	0.540372	0.29683 	787   	0.0441968	15.9795	316	28 	8  	787   	0.766203
INFO:gp:317	782   	0.508158	317	0.540372	0.288642	782   	0.0441938	16.0215	317	28 	13 	782   	0.806575
INFO:gp:318	774   	0.510586	318	0.540372	0.303656	774   	0.0420084	15.9844	318	21 	14 	774   	0.577985
INFO:gp:319	767   	0.510461	319	0.540372	0.288091	767   	0.04299  	15.9951	319	28 	6  	767   	0.847615
INFO:gp:320	764   	0.508574	320	0.540372	0.223031	764   	0.0457958	15.9746	320	28 	14 	764   	0.837384
INFO:gp:321	774   	0.507856	321	0.540372	0.281608	774   	0.0442926	15.9668	321	22 	13 	774   	0.750933
INFO:gp:322	779   	0.509577	322	0.540372	0.277746	779   	0.043642 	15.9589	322	20 	8  	779   	0.697906
INFO:gp:323	804   	0.507875	323	0.540372	0.279828	804   	0.0451134	15.9648	323	22 	12 	804   	0.770125
INFO:gp:324	755   	0.506984	324	0.540372	0.188886	755   	0.04553  	15.9658	324	21 	12 	755   	0.734436
INFO:gp:325	763   	0.510135	325	0.540372	0.315151	763   	0.0425748	15.9668	325	28 	12 	763   	0.775272
INFO:gp:326	776   	0.50926 	326	0.540372	0.30163 	776   	0.043089 	15.9589	326	22 	13 	776   	0.678014
INFO:gp:327	790   	0.509073	327	0.540372	0.320631	790   	0.0420628	15.9462	327	22 	14 	790   	0.679286
INFO:gp:328	761   	0.507257	328	0.540372	0.29736 	761   	0.0437733	15.9804	328	20 	14 	761   	0.604325
INFO:gp:329	766   	0.510482	329	0.540372	0.306953	766   	0.0418722	15.9609	329	28 	14 	766   	0.704986
INFO:gp:330	774   	0.509044	330	0.540372	0.279342	774   	0.0445623	15.9423	330	20 	14 	774   	0.668812
INFO:gp:331	768   	0.510135	331	0.540372	0.313209	768   	0.0428821	15.9726	331	22 	12 	768   	0.695772
INFO:gp:332	765   	0.507261	332	0.540372	0.302726	765   	0.0452733	15.9804	332	22 	14 	765   	0.664421
INFO:gp:333	793   	0.507154	333	0.540372	0.289428	793   	0.0457116	15.9521	333	28 	14 	793   	0.752093
INFO:gp:334	776   	0.507966	334	0.540372	0.296551	776   	0.04567  	15.956 	334	22 	8  	776   	0.779139
INFO:gp:335	780   	0.5077  	335	0.540372	0.296855	780   	0.0446092	15.9648	335	22 	14 	780   	0.674006
INFO:gp:336	768   	0.509879	336	0.540372	0.33006 	768   	0.0437233	15.9531	336	20 	14 	768   	0.607664
INFO:gp:337	763   	0.510078	337	0.540372	0.318824	763   	0.043164 	15.9756	337	22 	12 	763   	0.736155
INFO:gp:338	765   	0.510583	338	0.540372	0.317049	765   	0.0425811	15.9863	338	28 	11 	765   	0.924209
INFO:gp:339	764   	0.507727	339	0.540372	0.274391	764   	0.0461434	15.9638	339	22 	10 	764   	0.768173
INFO:gp:340	791   	0.508302	340	0.540372	0.268407	791   	0.0454147	15.9677	340	21 	14 	791   	0.68779 
INFO:gp:341	787   	0.509348	341	0.540372	0.30746 	787   	0.0430275	15.9638	341	20 	14 	787   	0.646565
INFO:gp:342	780   	0.506931	342	0.540372	0.319511	780   	0.0451806	15.9511	342	21 	10 	780   	0.690358
INFO:gp:343	756   	0.511013	343	0.540372	0.280165	756   	0.0444722	16.0078	343	28 	14 	756   	0.800743
INFO:gp:344	782   	0.509987	344	0.540372	0.312618	782   	0.0421084	15.9521	344	20 	14 	782   	0.645802
INFO:gp:345	770   	0.509891	345	0.540372	0.320094	770   	0.0441121	15.9785	345	21 	14 	770   	0.673131
INFO:gp:346	787   	0.507924	346	0.540372	0.267755	787   	0.043325 	15.9511	346	21 	14 	787   	0.680374
INFO:gp:347	763   	0.507992	347	0.540372	0.338365	763   	0.0442791	15.9648	347	28 	14 	763   	0.81093 
INFO:gp:348	767   	0.510873	348	0.540372	0.31301 	767   	0.0412488	15.9804	348	28 	14 	767   	0.735637
INFO:gp:349	800   	0.508386	349	0.540372	0.289726	800   	0.0431951	15.9404	349	28 	12 	800   	0.790562
INFO:gp:350	806   	0.50774 	350	0.540372	0.312837	806   	0.0449227	15.9775	350	23 	14 	806   	0.726864
INFO:gp:351	757   	0.51067 	351	0.540372	0.306808	757   	0.0436336	15.9668	351	22 	6  	757   	0.786538
INFO:gp:352	767   	0.509748	352	0.540372	0.285313	767   	0.0432674	15.9775	352	28 	14 	767   	0.769966
INFO:gp:353	775   	0.509622	353	0.540372	0.292499	775   	0.0432003	15.9892	353	28 	14 	775   	0.868073
INFO:gp:354	772   	0.510838	354	0.540372	0.255811	772   	0.044364 	15.9638	354	28 	12 	772   	0.765624
INFO:gp:355	757   	0.508441	355	0.540372	0.330507	757   	0.0437983	15.9746	355	20 	14 	757   	0.665693
INFO:gp:356	786   	0.50989 	356	0.540372	0.328774	786   	0.0437277	15.9413	356	20 	8  	786   	0.654693
INFO:gp:357	759   	0.510832	357	0.540372	0.318523	759   	0.0418825	15.9619	357	21 	10 	759   	0.647963
INFO:gp:358	777   	0.506654	358	0.540372	0.279777	777   	0.0465878	15.9658	358	22 	12 	777   	0.694766
INFO:gp:359	761   	0.507762	359	0.540372	0.310215	761   	0.0441276	15.9267	359	20 	14 	761   	0.615459
INFO:gp:360	753   	0.509515	360	0.540372	0.29787 	753   	0.0436322	15.9629	360	20 	14 	753   	0.654773
INFO:gp:361	784   	0.507979	361	0.540372	0.268103	784   	0.0442768	15.9609	361	20 	14 	784   	0.590273
INFO:gp:362	779   	0.508498	362	0.540372	0.309265	779   	0.0439044	15.958 	362	20 	10 	779   	0.704123
INFO:gp:363	797   	0.505462	363	0.540372	0.300086	797   	0.0454173	15.9482	363	28 	12 	797   	0.743991
INFO:gp:364	770   	0.510131	364	0.540372	0.332016	770   	0.0427487	15.9629	364	24 	14 	770   	0.666609
INFO:gp:365	792   	0.508731	365	0.540372	0.318106	792   	0.0446615	15.9824	365	28 	14 	792   	0.80667 
INFO:gp:366	779   	0.508691	366	0.540372	0.299357	779   	0.044212 	15.9404	366	28 	14 	779   	0.766709
INFO:gp:367	777   	0.506876	367	0.540372	0.309283	777   	0.0455513	15.9198	367	22 	6  	777   	0.752595
INFO:gp:368	754   	0.510377	368	0.540372	0.284499	754   	0.0444114	15.9091	368	22 	6  	754   	0.733599
INFO:gp:369	771   	0.507319	369	0.540372	0.310897	771   	0.0461232	15.955 	369	28 	12 	771   	0.752923
INFO:gp:370	779   	0.511958	370	0.540372	0.330809	779   	0.0399549	15.9443	370	28 	12 	779   	0.727765
INFO:gp:371	783   	0.508963	371	0.540372	0.346275	783   	0.0430831	15.9335	371	20 	12 	783   	0.621762
INFO:gp:372	794   	0.51023 	372	0.540372	0.304918	794   	0.0428813	15.9453	372	22 	14 	794   	0.656522
INFO:gp:373	754   	0.511006	373	0.540372	0.291681	754   	0.0438239	15.9306	373	20 	14 	754   	0.530656
INFO:gp:374	764   	0.508632	374	0.540372	0.301882	764   	0.0434585	15.9355	374	22 	14 	764   	0.665988
INFO:gp:375	779   	0.511317	375	0.540372	0.283609	779   	0.0416753	15.9081	375	21 	14 	779   	0.66864 
INFO:gp:376	757   	0.511876	376	0.540372	0.310385	757   	0.0430015	15.9071	376	28 	12 	757   	0.704807
INFO:gp:377	772   	0.509243	377	0.540372	0.278282	772   	0.0431131	15.9345	377	20 	14 	772   	0.577022
INFO:gp:378	748   	0.510462	378	0.540372	0.301667	748   	0.0425704	15.9228	378	28 	12 	748   	0.753551
INFO:gp:379	789   	0.507843	379	0.540372	0.309589	789   	0.0444852	15.9335	379	28 	6  	789   	0.88844 
INFO:gp:380	801   	0.50718 	380	0.540372	0.304947	801   	0.044418 	15.9228	380	28 	12 	801   	0.73782 
INFO:gp:381	787   	0.50544 	381	0.543233	0.296911	787   	0.0457094	15.9462	381	21 	14 	787   	0.654366
INFO:gp:382	784   	0.507164	382	0.543233	0.262902	784   	0.0459992	15.9511	382	28 	6  	784   	0.817428
INFO:gp:383	766   	0.508845	383	0.543233	0.292208	766   	0.0437553	15.9189	383	21 	12 	766   	0.642473
INFO:gp:384	758   	0.510823	384	0.543233	0.340515	758   	0.0414704	15.9629	384	28 	10 	758   	0.770033
INFO:gp:385	763   	0.511479	385	0.543233	0.293677	763   	0.0436834	15.9863	385	28 	14 	763   	0.806746
INFO:gp:386	768   	0.509595	386	0.543233	0.327134	768   	0.0449824	16.0538	386	24 	14 	768   	0.670597
INFO:gp:387	768   	0.511321	387	0.543233	0.321048	768   	0.0449061	16.0674	387	28 	14 	768   	0.738778
INFO:gp:388	765   	0.511934	388	0.543233	0.307459	765   	0.0451238	16.0596	388	28 	12 	765   	0.684533
INFO:gp:389	777   	0.51237 	389	0.543233	0.310257	777   	0.0435179	16.0616	389	28 	14 	777   	0.680061
INFO:gp:390	792   	0.512978	390	0.543233	0.309984	792   	0.042262 	16.0489	390	28 	14 	792   	0.651006
INFO:gp:391	769   	0.510068	391	0.543233	0.279479	769   	0.0458885	16.0303	391	22 	12 	769   	0.539777
INFO:gp:392	794   	0.508162	392	0.543233	0.31089 	794   	0.0467672	16.0538	392	28 	13 	794   	0.749091
INFO:gp:393	784   	0.509878	393	0.543233	0.248416	784   	0.0455633	16.085 	393	28 	8  	784   	0.910244
INFO:gp:394	805   	0.509531	394	0.543233	0.34014 	805   	0.0446344	16.042 	394	24 	7  	805   	0.669977
INFO:gp:395	777   	0.510313	395	0.543233	0.290087	777   	0.0450265	16.0655	395	28 	14 	777   	0.671011
INFO:gp:396	781   	0.512199	396	0.543233	0.310133	781   	0.0456656	16.044 	396	28 	14 	781   	0.659557
INFO:gp:397	762   	0.511305	397	0.543233	0.267692	762   	0.0458134	16.0684	397	24 	12 	762   	0.709667
INFO:gp:398	761   	0.512416	398	0.543233	0.303057	761   	0.0440696	16.0694	398	28 	14 	761   	0.754311
INFO:gp:399	785   	0.511814	399	0.543233	0.305392	785   	0.0447959	16.0313	399	22 	14 	785   	0.529666
INFO:gp:400	804   	0.509639	400	0.543233	0.285414	804   	0.0449407	16.0391	400	22 	6  	804   	0.614612
INFO:__main__:Saving model to file: checkpoints/run_7.pth
INFO:util:Train accuracy: 0.553764687693259 +- 0.058356524427953
INFO:util:Val accuracy: 0.553764687693259 +- 0.058356524427953
INFO:util:Test accuracy: 0.4047619047619047 +- 0.0
INFO:util:Train intra-class: 0.13464292172448655, Train Inter-class: 0.13685282834887488
INFO:util:Val intra-class: 0.13465072882483742, Val Inter-class: 0.13627911252665764
INFO:util:Test intra-class: 0.1426495479400853, Test inter-class: 0.14421101946274045
INFO:plot:Saving t-SNE to file: figures/tsne.png
INFO:plot:Saving t-SNE to file: figures/tsne.png
INFO:plot:Saving tree to file: figures/tree-0.pdf
INFO:plot:Saving tree to file: figures/tree-1.pdf
INFO:plot:Saving tree to file: figures/tree-2.pdf
INFO:plot:Saving tree to file: figures/tree-3.pdf
INFO:plot:Saving tree to file: figures/tree-4.pdf
INFO:plot:Saving tree to file: figures/tree-5.pdf
INFO:plot:Saving tree to file: figures/tree-6.pdf
