2025-01-23 16:40:50,308 - INFO - Starting training pipeline
2025-01-23 16:40:50,308 - INFO - Starting main training phase
2025-01-23 16:40:50,308 - INFO - Loading dataset: oil
2025-01-23 16:40:50,308 - INFO - Loading data from: /vol/ecrg-solar/woodj4/fishy-business/data/REIMS.xlsx
2025-01-23 16:41:02,573 - INFO - Loaded data with shape: (306, 2081)
2025-01-23 16:41:02,578 - INFO - Filtered data shape: (126, 2081)
2025-01-23 16:41:02,578 - INFO - Dataset shape after filtering: (126, 2081)
2025-01-23 16:41:02,580 - INFO - Features shape: (126, 2080), Labels shape: (126, 7)
2025-01-23 16:41:02,627 - INFO - Created model: TestTimeTransformer(
  (spectral_embedding): Sequential(
    (0): Linear(in_features=2080, out_features=256, bias=True)
    (1): LayerNorm((256,), eps=1e-05, elementwise_affine=True)
    (2): GELU(approximate='none')
    (3): Dropout(p=0.2, inplace=False)
    (4): Linear(in_features=256, out_features=128, bias=True)
    (5): LayerNorm((128,), eps=1e-05, elementwise_affine=True)
    (6): GELU(approximate='none')
  )
  (attention_layers): ModuleList(
    (0-3): 4 x MultiHeadAttention(
      (qkv): Linear(in_features=128, out_features=384, bias=True)
      (fc_out): Linear(in_features=128, out_features=128, bias=True)
    )
  )
  (feed_forward): Sequential(
    (0): Linear(in_features=128, out_features=512, bias=True)
    (1): GELU(approximate='none')
    (2): Dropout(p=0.2, inplace=False)
    (3): Linear(in_features=512, out_features=128, bias=True)
  )
  (layer_norms): ModuleList(
    (0-7): 8 x LayerNorm((128,), eps=1e-05, elementwise_affine=True)
  )
  (dropout): Dropout(p=0.2, inplace=False)
  (fc_out): Linear(in_features=128, out_features=7, bias=True)
  (prm_encoder): Sequential(
    (0): Linear(in_features=128, out_features=256, bias=True)
    (1): LayerNorm((256,), eps=1e-05, elementwise_affine=True)
    (2): GELU(approximate='none')
    (3): Dropout(p=0.2, inplace=False)
    (4): Linear(in_features=256, out_features=128, bias=True)
    (5): LayerNorm((128,), eps=1e-05, elementwise_affine=True)
    (6): GELU(approximate='none')
  )
  (confidence_net): Sequential(
    (0): Linear(in_features=128, out_features=128, bias=True)
    (1): LayerNorm((128,), eps=1e-05, elementwise_affine=True)
    (2): GELU(approximate='none')
    (3): Dropout(p=0.2, inplace=False)
    (4): Linear(in_features=128, out_features=1, bias=True)
    (5): Sigmoid()
  )
)
2025-01-23 16:41:02,856 - INFO - Evaluating test-time compute performance...
2025-01-23 16:41:02,859 - INFO - 
Processing fold 1/5
2025-01-23 16:41:02,869 - INFO - Created model: TestTimeTransformer(
  (spectral_embedding): Sequential(
    (0): Linear(in_features=2080, out_features=256, bias=True)
    (1): LayerNorm((256,), eps=1e-05, elementwise_affine=True)
    (2): GELU(approximate='none')
    (3): Dropout(p=0.2, inplace=False)
    (4): Linear(in_features=256, out_features=128, bias=True)
    (5): LayerNorm((128,), eps=1e-05, elementwise_affine=True)
    (6): GELU(approximate='none')
  )
  (attention_layers): ModuleList(
    (0-3): 4 x MultiHeadAttention(
      (qkv): Linear(in_features=128, out_features=384, bias=True)
      (fc_out): Linear(in_features=128, out_features=128, bias=True)
    )
  )
  (feed_forward): Sequential(
    (0): Linear(in_features=128, out_features=512, bias=True)
    (1): GELU(approximate='none')
    (2): Dropout(p=0.2, inplace=False)
    (3): Linear(in_features=512, out_features=128, bias=True)
  )
  (layer_norms): ModuleList(
    (0-7): 8 x LayerNorm((128,), eps=1e-05, elementwise_affine=True)
  )
  (dropout): Dropout(p=0.2, inplace=False)
  (fc_out): Linear(in_features=128, out_features=7, bias=True)
  (prm_encoder): Sequential(
    (0): Linear(in_features=128, out_features=256, bias=True)
    (1): LayerNorm((256,), eps=1e-05, elementwise_affine=True)
    (2): GELU(approximate='none')
    (3): Dropout(p=0.2, inplace=False)
    (4): Linear(in_features=256, out_features=128, bias=True)
    (5): LayerNorm((128,), eps=1e-05, elementwise_affine=True)
    (6): GELU(approximate='none')
  )
  (confidence_net): Sequential(
    (0): Linear(in_features=128, out_features=128, bias=True)
    (1): LayerNorm((128,), eps=1e-05, elementwise_affine=True)
    (2): GELU(approximate='none')
    (3): Dropout(p=0.2, inplace=False)
    (4): Linear(in_features=128, out_features=1, bias=True)
    (5): Sigmoid()
  )
)
2025-01-23 16:41:04,031 - INFO - Training base model for fold 1
2025-01-23 16:41:04,031 - INFO - Training model with single train/val split (80/20)
2025-01-23 16:41:04,034 - INFO - Training set size: 66
2025-01-23 16:41:04,034 - INFO - Validation set size: 34
2025-01-23 16:41:04,240 - INFO - Epoch 1: New best validation accuracy: 0.2000
2025-01-23 16:41:04,362 - INFO - Epoch 5
2025-01-23 16:41:04,362 - INFO - Train Loss: 2.2170
2025-01-23 16:41:04,362 - INFO - Val Loss: 2.2169
2025-01-23 16:41:04,362 - INFO - Current Val Accuracy: 0.1429
2025-01-23 16:41:04,362 - INFO - Best Val Accuracy: 0.2000
2025-01-23 16:41:04,511 - INFO - Epoch 10
2025-01-23 16:41:04,511 - INFO - Train Loss: 1.9921
2025-01-23 16:41:04,511 - INFO - Val Loss: 2.0677
2025-01-23 16:41:04,511 - INFO - Current Val Accuracy: 0.2000
2025-01-23 16:41:04,511 - INFO - Best Val Accuracy: 0.2000
2025-01-23 16:41:04,541 - INFO - Early stopping triggered after 11 epochs
2025-01-23 16:41:04,541 - INFO - Best validation accuracy: 0.2000
2025-01-23 16:41:04,571 - INFO - Early stopping triggered after 12 epochs
2025-01-23 16:41:04,571 - INFO - Best validation accuracy: 0.2000
2025-01-23 16:41:04,601 - INFO - Early stopping triggered after 13 epochs
2025-01-23 16:41:04,601 - INFO - Best validation accuracy: 0.2000
2025-01-23 16:41:04,631 - INFO - Early stopping triggered after 14 epochs
2025-01-23 16:41:04,631 - INFO - Best validation accuracy: 0.2000
2025-01-23 16:41:04,661 - INFO - Early stopping triggered after 15 epochs
2025-01-23 16:41:04,661 - INFO - Best validation accuracy: 0.2000
2025-01-23 16:41:04,661 - INFO - Epoch 15
2025-01-23 16:41:04,661 - INFO - Train Loss: 1.9062
2025-01-23 16:41:04,661 - INFO - Val Loss: 1.9651
2025-01-23 16:41:04,661 - INFO - Current Val Accuracy: 0.1214
2025-01-23 16:41:04,661 - INFO - Best Val Accuracy: 0.2000
2025-01-23 16:41:04,695 - INFO - Epoch 16: New best validation accuracy: 0.2571
2025-01-23 16:41:04,728 - INFO - Epoch 17: New best validation accuracy: 0.2857
2025-01-23 16:41:04,819 - INFO - Epoch 20
2025-01-23 16:41:04,819 - INFO - Train Loss: 1.8886
2025-01-23 16:41:04,819 - INFO - Val Loss: 1.9139
2025-01-23 16:41:04,819 - INFO - Current Val Accuracy: 0.2571
2025-01-23 16:41:04,819 - INFO - Best Val Accuracy: 0.2857
2025-01-23 16:41:04,970 - INFO - Epoch 25
2025-01-23 16:41:04,970 - INFO - Train Loss: 1.7451
2025-01-23 16:41:04,970 - INFO - Val Loss: 1.8772
2025-01-23 16:41:04,970 - INFO - Current Val Accuracy: 0.2286
2025-01-23 16:41:04,971 - INFO - Best Val Accuracy: 0.2857
2025-01-23 16:41:05,034 - INFO - Epoch 27: New best validation accuracy: 0.3429
2025-01-23 16:41:05,125 - INFO - Epoch 30
2025-01-23 16:41:05,125 - INFO - Train Loss: 1.6312
2025-01-23 16:41:05,125 - INFO - Val Loss: 1.9461
2025-01-23 16:41:05,125 - INFO - Current Val Accuracy: 0.2000
2025-01-23 16:41:05,125 - INFO - Best Val Accuracy: 0.3429
2025-01-23 16:41:05,275 - INFO - Epoch 35
2025-01-23 16:41:05,275 - INFO - Train Loss: 1.6674
2025-01-23 16:41:05,275 - INFO - Val Loss: 2.2247
2025-01-23 16:41:05,276 - INFO - Current Val Accuracy: 0.2286
2025-01-23 16:41:05,276 - INFO - Best Val Accuracy: 0.3429
2025-01-23 16:41:05,336 - INFO - Early stopping triggered after 37 epochs
2025-01-23 16:41:05,336 - INFO - Best validation accuracy: 0.3429
2025-01-23 16:41:05,367 - INFO - Early stopping triggered after 38 epochs
2025-01-23 16:41:05,367 - INFO - Best validation accuracy: 0.3429
2025-01-23 16:41:05,397 - INFO - Early stopping triggered after 39 epochs
2025-01-23 16:41:05,397 - INFO - Best validation accuracy: 0.3429
2025-01-23 16:41:05,428 - INFO - Early stopping triggered after 40 epochs
2025-01-23 16:41:05,428 - INFO - Best validation accuracy: 0.3429
2025-01-23 16:41:05,428 - INFO - Epoch 40
2025-01-23 16:41:05,428 - INFO - Train Loss: 1.5899
2025-01-23 16:41:05,428 - INFO - Val Loss: 2.0698
2025-01-23 16:41:05,428 - INFO - Current Val Accuracy: 0.2286
2025-01-23 16:41:05,428 - INFO - Best Val Accuracy: 0.3429
2025-01-23 16:41:05,458 - INFO - Early stopping triggered after 41 epochs
2025-01-23 16:41:05,458 - INFO - Best validation accuracy: 0.3429
2025-01-23 16:41:05,491 - INFO - Early stopping triggered after 42 epochs
2025-01-23 16:41:05,491 - INFO - Best validation accuracy: 0.3429
2025-01-23 16:41:05,521 - INFO - Early stopping triggered after 43 epochs
2025-01-23 16:41:05,521 - INFO - Best validation accuracy: 0.3429
2025-01-23 16:41:05,551 - INFO - Early stopping triggered after 44 epochs
2025-01-23 16:41:05,552 - INFO - Best validation accuracy: 0.3429
2025-01-23 16:41:05,582 - INFO - Early stopping triggered after 45 epochs
2025-01-23 16:41:05,582 - INFO - Best validation accuracy: 0.3429
2025-01-23 16:41:05,582 - INFO - Epoch 45
2025-01-23 16:41:05,582 - INFO - Train Loss: 1.4959
2025-01-23 16:41:05,582 - INFO - Val Loss: 1.9887
2025-01-23 16:41:05,582 - INFO - Current Val Accuracy: 0.2571
2025-01-23 16:41:05,582 - INFO - Best Val Accuracy: 0.3429
2025-01-23 16:41:05,612 - INFO - Early stopping triggered after 46 epochs
2025-01-23 16:41:05,612 - INFO - Best validation accuracy: 0.3429
2025-01-23 16:41:05,645 - INFO - Early stopping triggered after 47 epochs
2025-01-23 16:41:05,645 - INFO - Best validation accuracy: 0.3429
2025-01-23 16:41:05,676 - INFO - Early stopping triggered after 48 epochs
2025-01-23 16:41:05,676 - INFO - Best validation accuracy: 0.3429
2025-01-23 16:41:05,706 - INFO - Early stopping triggered after 49 epochs
2025-01-23 16:41:05,706 - INFO - Best validation accuracy: 0.3429
2025-01-23 16:41:05,737 - INFO - Early stopping triggered after 50 epochs
2025-01-23 16:41:05,737 - INFO - Best validation accuracy: 0.3429
2025-01-23 16:41:05,737 - INFO - Epoch 50
2025-01-23 16:41:05,737 - INFO - Train Loss: 1.5200
2025-01-23 16:41:05,737 - INFO - Val Loss: 1.9824
2025-01-23 16:41:05,737 - INFO - Current Val Accuracy: 0.2000
2025-01-23 16:41:05,737 - INFO - Best Val Accuracy: 0.3429
2025-01-23 16:41:05,767 - INFO - Early stopping triggered after 51 epochs
2025-01-23 16:41:05,767 - INFO - Best validation accuracy: 0.3429
2025-01-23 16:41:05,797 - INFO - Early stopping triggered after 52 epochs
2025-01-23 16:41:05,797 - INFO - Best validation accuracy: 0.3429
2025-01-23 16:41:05,827 - INFO - Early stopping triggered after 53 epochs
2025-01-23 16:41:05,827 - INFO - Best validation accuracy: 0.3429
2025-01-23 16:41:05,861 - INFO - Early stopping triggered after 54 epochs
2025-01-23 16:41:05,861 - INFO - Best validation accuracy: 0.3429
2025-01-23 16:41:05,891 - INFO - Early stopping triggered after 55 epochs
2025-01-23 16:41:05,891 - INFO - Best validation accuracy: 0.3429
2025-01-23 16:41:05,891 - INFO - Epoch 55
2025-01-23 16:41:05,891 - INFO - Train Loss: 1.3946
2025-01-23 16:41:05,891 - INFO - Val Loss: 1.9614
2025-01-23 16:41:05,891 - INFO - Current Val Accuracy: 0.2286
2025-01-23 16:41:05,891 - INFO - Best Val Accuracy: 0.3429
2025-01-23 16:41:05,923 - INFO - Early stopping triggered after 56 epochs
2025-01-23 16:41:05,923 - INFO - Best validation accuracy: 0.3429
2025-01-23 16:41:05,953 - INFO - Early stopping triggered after 57 epochs
2025-01-23 16:41:05,953 - INFO - Best validation accuracy: 0.3429
2025-01-23 16:41:05,983 - INFO - Early stopping triggered after 58 epochs
2025-01-23 16:41:05,983 - INFO - Best validation accuracy: 0.3429
2025-01-23 16:41:06,014 - INFO - Early stopping triggered after 59 epochs
2025-01-23 16:41:06,014 - INFO - Best validation accuracy: 0.3429
2025-01-23 16:41:06,044 - INFO - Early stopping triggered after 60 epochs
2025-01-23 16:41:06,044 - INFO - Best validation accuracy: 0.3429
2025-01-23 16:41:06,044 - INFO - Epoch 60
2025-01-23 16:41:06,044 - INFO - Train Loss: 1.4147
2025-01-23 16:41:06,044 - INFO - Val Loss: 2.0902
2025-01-23 16:41:06,044 - INFO - Current Val Accuracy: 0.3143
2025-01-23 16:41:06,044 - INFO - Best Val Accuracy: 0.3429
2025-01-23 16:41:06,074 - INFO - Early stopping triggered after 61 epochs
2025-01-23 16:41:06,074 - INFO - Best validation accuracy: 0.3429
2025-01-23 16:41:06,104 - INFO - Early stopping triggered after 62 epochs
2025-01-23 16:41:06,105 - INFO - Best validation accuracy: 0.3429
2025-01-23 16:41:06,135 - INFO - Early stopping triggered after 63 epochs
2025-01-23 16:41:06,135 - INFO - Best validation accuracy: 0.3429
2025-01-23 16:41:06,165 - INFO - Early stopping triggered after 64 epochs
2025-01-23 16:41:06,165 - INFO - Best validation accuracy: 0.3429
2025-01-23 16:41:06,195 - INFO - Early stopping triggered after 65 epochs
2025-01-23 16:41:06,195 - INFO - Best validation accuracy: 0.3429
2025-01-23 16:41:06,195 - INFO - Epoch 65
2025-01-23 16:41:06,195 - INFO - Train Loss: 1.2661
2025-01-23 16:41:06,195 - INFO - Val Loss: 2.1758
2025-01-23 16:41:06,195 - INFO - Current Val Accuracy: 0.2000
2025-01-23 16:41:06,195 - INFO - Best Val Accuracy: 0.3429
2025-01-23 16:41:06,225 - INFO - Early stopping triggered after 66 epochs
2025-01-23 16:41:06,225 - INFO - Best validation accuracy: 0.3429
2025-01-23 16:41:06,259 - INFO - Epoch 67: New best validation accuracy: 0.3429
2025-01-23 16:41:06,349 - INFO - Epoch 70
2025-01-23 16:41:06,349 - INFO - Train Loss: 1.1310
2025-01-23 16:41:06,349 - INFO - Val Loss: 2.2133
2025-01-23 16:41:06,349 - INFO - Current Val Accuracy: 0.3143
2025-01-23 16:41:06,349 - INFO - Best Val Accuracy: 0.3429
2025-01-23 16:41:06,500 - INFO - Epoch 75
2025-01-23 16:41:06,500 - INFO - Train Loss: 1.0378
2025-01-23 16:41:06,500 - INFO - Val Loss: 2.1591
2025-01-23 16:41:06,500 - INFO - Current Val Accuracy: 0.2571
2025-01-23 16:41:06,500 - INFO - Best Val Accuracy: 0.3429
2025-01-23 16:41:06,561 - INFO - Early stopping triggered after 77 epochs
2025-01-23 16:41:06,561 - INFO - Best validation accuracy: 0.3429
2025-01-23 16:41:06,591 - INFO - Early stopping triggered after 78 epochs
2025-01-23 16:41:06,591 - INFO - Best validation accuracy: 0.3429
2025-01-23 16:41:06,621 - INFO - Early stopping triggered after 79 epochs
2025-01-23 16:41:06,621 - INFO - Best validation accuracy: 0.3429
2025-01-23 16:41:06,651 - INFO - Early stopping triggered after 80 epochs
2025-01-23 16:41:06,652 - INFO - Best validation accuracy: 0.3429
2025-01-23 16:41:06,652 - INFO - Epoch 80
2025-01-23 16:41:06,652 - INFO - Train Loss: 0.9341
2025-01-23 16:41:06,652 - INFO - Val Loss: 2.3008
2025-01-23 16:41:06,652 - INFO - Current Val Accuracy: 0.2571
2025-01-23 16:41:06,652 - INFO - Best Val Accuracy: 0.3429
2025-01-23 16:41:06,682 - INFO - Early stopping triggered after 81 epochs
2025-01-23 16:41:06,682 - INFO - Best validation accuracy: 0.3429
2025-01-23 16:41:06,712 - INFO - Early stopping triggered after 82 epochs
2025-01-23 16:41:06,712 - INFO - Best validation accuracy: 0.3429
2025-01-23 16:41:06,743 - INFO - Early stopping triggered after 83 epochs
2025-01-23 16:41:06,743 - INFO - Best validation accuracy: 0.3429
2025-01-23 16:41:06,774 - INFO - Early stopping triggered after 84 epochs
2025-01-23 16:41:06,774 - INFO - Best validation accuracy: 0.3429
2025-01-23 16:41:06,804 - INFO - Early stopping triggered after 85 epochs
2025-01-23 16:41:06,804 - INFO - Best validation accuracy: 0.3429
2025-01-23 16:41:06,804 - INFO - Epoch 85
2025-01-23 16:41:06,804 - INFO - Train Loss: 0.9292
2025-01-23 16:41:06,804 - INFO - Val Loss: 2.5755
2025-01-23 16:41:06,804 - INFO - Current Val Accuracy: 0.2286
2025-01-23 16:41:06,804 - INFO - Best Val Accuracy: 0.3429
2025-01-23 16:41:06,835 - INFO - Early stopping triggered after 86 epochs
2025-01-23 16:41:06,835 - INFO - Best validation accuracy: 0.3429
2025-01-23 16:41:06,865 - INFO - Early stopping triggered after 87 epochs
2025-01-23 16:41:06,865 - INFO - Best validation accuracy: 0.3429
2025-01-23 16:41:06,896 - INFO - Early stopping triggered after 88 epochs
2025-01-23 16:41:06,896 - INFO - Best validation accuracy: 0.3429
2025-01-23 16:41:06,926 - INFO - Early stopping triggered after 89 epochs
2025-01-23 16:41:06,926 - INFO - Best validation accuracy: 0.3429
2025-01-23 16:41:06,957 - INFO - Early stopping triggered after 90 epochs
2025-01-23 16:41:06,957 - INFO - Best validation accuracy: 0.3429
2025-01-23 16:41:06,957 - INFO - Epoch 90
2025-01-23 16:41:06,957 - INFO - Train Loss: 0.7949
2025-01-23 16:41:06,957 - INFO - Val Loss: 2.5358
2025-01-23 16:41:06,957 - INFO - Current Val Accuracy: 0.3143
2025-01-23 16:41:06,957 - INFO - Best Val Accuracy: 0.3429
2025-01-23 16:41:06,988 - INFO - Early stopping triggered after 91 epochs
2025-01-23 16:41:06,988 - INFO - Best validation accuracy: 0.3429
2025-01-23 16:41:07,018 - INFO - Early stopping triggered after 92 epochs
2025-01-23 16:41:07,019 - INFO - Best validation accuracy: 0.3429
2025-01-23 16:41:07,049 - INFO - Early stopping triggered after 93 epochs
2025-01-23 16:41:07,049 - INFO - Best validation accuracy: 0.3429
2025-01-23 16:41:07,082 - INFO - Epoch 94: New best validation accuracy: 0.3714
2025-01-23 16:41:07,113 - INFO - Epoch 95
2025-01-23 16:41:07,113 - INFO - Train Loss: 0.9989
2025-01-23 16:41:07,113 - INFO - Val Loss: 2.9740
2025-01-23 16:41:07,113 - INFO - Current Val Accuracy: 0.2000
2025-01-23 16:41:07,113 - INFO - Best Val Accuracy: 0.3714
2025-01-23 16:41:07,147 - INFO - Epoch 96: New best validation accuracy: 0.3714
2025-01-23 16:41:07,211 - INFO - Epoch 98: New best validation accuracy: 0.4000
2025-01-23 16:41:07,273 - INFO - Epoch 100
2025-01-23 16:41:07,273 - INFO - Train Loss: 0.8096
2025-01-23 16:41:07,273 - INFO - Val Loss: 2.3514
2025-01-23 16:41:07,273 - INFO - Current Val Accuracy: 0.4000
2025-01-23 16:41:07,273 - INFO - Best Val Accuracy: 0.4000
2025-01-23 16:41:43,275 - INFO - 
Fold 1/5 results:
2025-01-23 16:41:43,275 - INFO - Standard model metrics:
2025-01-23 16:41:43,275 - INFO - accuracy: 0.3846
2025-01-23 16:41:43,275 - INFO - precision: 0.3254
2025-01-23 16:41:43,275 - INFO - recall: 0.3929
2025-01-23 16:41:43,275 - INFO - f1: 0.3192
2025-01-23 16:41:43,275 - INFO - 
Test-time compute metrics (beam search):
2025-01-23 16:41:43,275 - INFO - accuracy: 0.3846
2025-01-23 16:41:43,275 - INFO - precision: 0.3112
2025-01-23 16:41:43,275 - INFO - recall: 0.3929
2025-01-23 16:41:43,275 - INFO - f1: 0.2857
2025-01-23 16:41:43,275 - INFO - 
Test-time compute metrics (genetic programming):
2025-01-23 16:41:43,275 - INFO - accuracy: 0.3846
2025-01-23 16:41:43,275 - INFO - precision: 0.4738
2025-01-23 16:41:43,275 - INFO - recall: 0.3810
2025-01-23 16:41:43,275 - INFO - f1: 0.3590
2025-01-23 16:41:43,275 - INFO - 
Test-time compute metrics (monte carlo rollout):
2025-01-23 16:41:43,275 - INFO - accuracy: 0.3077
2025-01-23 16:41:43,275 - INFO - precision: 0.3085
2025-01-23 16:41:43,275 - INFO - recall: 0.2976
2025-01-23 16:41:43,275 - INFO - f1: 0.2913
2025-01-23 16:41:43,275 - INFO - 
Processing fold 2/5
2025-01-23 16:41:43,286 - INFO - Created model: TestTimeTransformer(
  (spectral_embedding): Sequential(
    (0): Linear(in_features=2080, out_features=256, bias=True)
    (1): LayerNorm((256,), eps=1e-05, elementwise_affine=True)
    (2): GELU(approximate='none')
    (3): Dropout(p=0.2, inplace=False)
    (4): Linear(in_features=256, out_features=128, bias=True)
    (5): LayerNorm((128,), eps=1e-05, elementwise_affine=True)
    (6): GELU(approximate='none')
  )
  (attention_layers): ModuleList(
    (0-3): 4 x MultiHeadAttention(
      (qkv): Linear(in_features=128, out_features=384, bias=True)
      (fc_out): Linear(in_features=128, out_features=128, bias=True)
    )
  )
  (feed_forward): Sequential(
    (0): Linear(in_features=128, out_features=512, bias=True)
    (1): GELU(approximate='none')
    (2): Dropout(p=0.2, inplace=False)
    (3): Linear(in_features=512, out_features=128, bias=True)
  )
  (layer_norms): ModuleList(
    (0-7): 8 x LayerNorm((128,), eps=1e-05, elementwise_affine=True)
  )
  (dropout): Dropout(p=0.2, inplace=False)
  (fc_out): Linear(in_features=128, out_features=7, bias=True)
  (prm_encoder): Sequential(
    (0): Linear(in_features=128, out_features=256, bias=True)
    (1): LayerNorm((256,), eps=1e-05, elementwise_affine=True)
    (2): GELU(approximate='none')
    (3): Dropout(p=0.2, inplace=False)
    (4): Linear(in_features=256, out_features=128, bias=True)
    (5): LayerNorm((128,), eps=1e-05, elementwise_affine=True)
    (6): GELU(approximate='none')
  )
  (confidence_net): Sequential(
    (0): Linear(in_features=128, out_features=128, bias=True)
    (1): LayerNorm((128,), eps=1e-05, elementwise_affine=True)
    (2): GELU(approximate='none')
    (3): Dropout(p=0.2, inplace=False)
    (4): Linear(in_features=128, out_features=1, bias=True)
    (5): Sigmoid()
  )
)
2025-01-23 16:41:43,289 - INFO - Training base model for fold 2
2025-01-23 16:41:43,289 - INFO - Training model with single train/val split (80/20)
2025-01-23 16:41:43,292 - INFO - Training set size: 67
2025-01-23 16:41:43,292 - INFO - Validation set size: 34
2025-01-23 16:41:43,329 - INFO - Epoch 1: New best validation accuracy: 0.1143
2025-01-23 16:41:43,364 - INFO - Epoch 2: New best validation accuracy: 0.1429
2025-01-23 16:41:43,458 - INFO - Epoch 5
2025-01-23 16:41:43,458 - INFO - Train Loss: 2.0671
2025-01-23 16:41:43,458 - INFO - Val Loss: 2.2599
2025-01-23 16:41:43,458 - INFO - Current Val Accuracy: 0.1429
2025-01-23 16:41:43,458 - INFO - Best Val Accuracy: 0.1429
2025-01-23 16:41:43,522 - INFO - Epoch 7: New best validation accuracy: 0.2571
2025-01-23 16:41:43,556 - INFO - Epoch 8: New best validation accuracy: 0.2571
2025-01-23 16:41:43,589 - INFO - Epoch 9: New best validation accuracy: 0.2857
2025-01-23 16:41:43,620 - INFO - Epoch 10
2025-01-23 16:41:43,620 - INFO - Train Loss: 1.8828
2025-01-23 16:41:43,620 - INFO - Val Loss: 2.0918
2025-01-23 16:41:43,620 - INFO - Current Val Accuracy: 0.1714
2025-01-23 16:41:43,620 - INFO - Best Val Accuracy: 0.2857
2025-01-23 16:41:43,779 - INFO - Epoch 15
2025-01-23 16:41:43,779 - INFO - Train Loss: 1.8922
2025-01-23 16:41:43,779 - INFO - Val Loss: 1.9128
2025-01-23 16:41:43,779 - INFO - Current Val Accuracy: 0.2286
2025-01-23 16:41:43,779 - INFO - Best Val Accuracy: 0.2857
2025-01-23 16:41:43,846 - INFO - Epoch 17: New best validation accuracy: 0.3143
2025-01-23 16:41:43,939 - INFO - Epoch 20
2025-01-23 16:41:43,939 - INFO - Train Loss: 1.8170
2025-01-23 16:41:43,939 - INFO - Val Loss: 1.8580
2025-01-23 16:41:43,939 - INFO - Current Val Accuracy: 0.3143
2025-01-23 16:41:43,939 - INFO - Best Val Accuracy: 0.3143
2025-01-23 16:41:44,096 - INFO - Epoch 25
2025-01-23 16:41:44,096 - INFO - Train Loss: 1.7217
2025-01-23 16:41:44,096 - INFO - Val Loss: 1.8648
2025-01-23 16:41:44,096 - INFO - Current Val Accuracy: 0.2357
2025-01-23 16:41:44,096 - INFO - Best Val Accuracy: 0.3143
2025-01-23 16:41:44,157 - INFO - Early stopping triggered after 27 epochs
2025-01-23 16:41:44,157 - INFO - Best validation accuracy: 0.3143
2025-01-23 16:41:44,188 - INFO - Early stopping triggered after 28 epochs
2025-01-23 16:41:44,188 - INFO - Best validation accuracy: 0.3143
2025-01-23 16:41:44,218 - INFO - Early stopping triggered after 29 epochs
2025-01-23 16:41:44,218 - INFO - Best validation accuracy: 0.3143
2025-01-23 16:41:44,249 - INFO - Early stopping triggered after 30 epochs
2025-01-23 16:41:44,249 - INFO - Best validation accuracy: 0.3143
2025-01-23 16:41:44,249 - INFO - Epoch 30
2025-01-23 16:41:44,249 - INFO - Train Loss: 1.6075
2025-01-23 16:41:44,249 - INFO - Val Loss: 1.8699
2025-01-23 16:41:44,249 - INFO - Current Val Accuracy: 0.3143
2025-01-23 16:41:44,249 - INFO - Best Val Accuracy: 0.3143
2025-01-23 16:41:44,279 - INFO - Early stopping triggered after 31 epochs
2025-01-23 16:41:44,280 - INFO - Best validation accuracy: 0.3143
2025-01-23 16:41:44,310 - INFO - Early stopping triggered after 32 epochs
2025-01-23 16:41:44,310 - INFO - Best validation accuracy: 0.3143
2025-01-23 16:41:44,344 - INFO - Epoch 33: New best validation accuracy: 0.3214
2025-01-23 16:41:44,378 - INFO - Epoch 34: New best validation accuracy: 0.3786
2025-01-23 16:41:44,409 - INFO - Epoch 35
2025-01-23 16:41:44,409 - INFO - Train Loss: 1.5637
2025-01-23 16:41:44,409 - INFO - Val Loss: 1.9996
2025-01-23 16:41:44,409 - INFO - Current Val Accuracy: 0.2857
2025-01-23 16:41:44,409 - INFO - Best Val Accuracy: 0.3786
2025-01-23 16:41:44,560 - INFO - Epoch 40
2025-01-23 16:41:44,560 - INFO - Train Loss: 1.4390
2025-01-23 16:41:44,561 - INFO - Val Loss: 2.0007
2025-01-23 16:41:44,561 - INFO - Current Val Accuracy: 0.3714
2025-01-23 16:41:44,561 - INFO - Best Val Accuracy: 0.3786
2025-01-23 16:41:44,594 - INFO - Epoch 41: New best validation accuracy: 0.4286
2025-01-23 16:41:44,717 - INFO - Epoch 45
2025-01-23 16:41:44,717 - INFO - Train Loss: 1.4267
2025-01-23 16:41:44,717 - INFO - Val Loss: 2.0232
2025-01-23 16:41:44,717 - INFO - Current Val Accuracy: 0.3714
2025-01-23 16:41:44,717 - INFO - Best Val Accuracy: 0.4286
2025-01-23 16:41:44,874 - INFO - Epoch 50
2025-01-23 16:41:44,874 - INFO - Train Loss: 1.3215
2025-01-23 16:41:44,874 - INFO - Val Loss: 1.9382
2025-01-23 16:41:44,874 - INFO - Current Val Accuracy: 0.4000
2025-01-23 16:41:44,874 - INFO - Best Val Accuracy: 0.4286
2025-01-23 16:41:44,907 - INFO - Epoch 51: New best validation accuracy: 0.4643
2025-01-23 16:41:45,031 - INFO - Epoch 55
2025-01-23 16:41:45,031 - INFO - Train Loss: 1.2480
2025-01-23 16:41:45,031 - INFO - Val Loss: 2.0716
2025-01-23 16:41:45,031 - INFO - Current Val Accuracy: 0.4357
2025-01-23 16:41:45,031 - INFO - Best Val Accuracy: 0.4643
2025-01-23 16:41:45,187 - INFO - Epoch 60
2025-01-23 16:41:45,187 - INFO - Train Loss: 1.2130
2025-01-23 16:41:45,187 - INFO - Val Loss: 2.1706
2025-01-23 16:41:45,187 - INFO - Current Val Accuracy: 0.3214
2025-01-23 16:41:45,187 - INFO - Best Val Accuracy: 0.4643
2025-01-23 16:41:45,220 - INFO - Early stopping triggered after 61 epochs
2025-01-23 16:41:45,220 - INFO - Best validation accuracy: 0.4643
2025-01-23 16:41:45,250 - INFO - Early stopping triggered after 62 epochs
2025-01-23 16:41:45,251 - INFO - Best validation accuracy: 0.4643
2025-01-23 16:41:45,281 - INFO - Early stopping triggered after 63 epochs
2025-01-23 16:41:45,281 - INFO - Best validation accuracy: 0.4643
2025-01-23 16:41:45,311 - INFO - Early stopping triggered after 64 epochs
2025-01-23 16:41:45,311 - INFO - Best validation accuracy: 0.4643
2025-01-23 16:41:45,342 - INFO - Early stopping triggered after 65 epochs
2025-01-23 16:41:45,342 - INFO - Best validation accuracy: 0.4643
2025-01-23 16:41:45,342 - INFO - Epoch 65
2025-01-23 16:41:45,342 - INFO - Train Loss: 1.1617
2025-01-23 16:41:45,342 - INFO - Val Loss: 2.1825
2025-01-23 16:41:45,342 - INFO - Current Val Accuracy: 0.4071
2025-01-23 16:41:45,342 - INFO - Best Val Accuracy: 0.4643
2025-01-23 16:41:45,372 - INFO - Early stopping triggered after 66 epochs
2025-01-23 16:41:45,372 - INFO - Best validation accuracy: 0.4643
2025-01-23 16:41:45,402 - INFO - Early stopping triggered after 67 epochs
2025-01-23 16:41:45,402 - INFO - Best validation accuracy: 0.4643
2025-01-23 16:41:45,432 - INFO - Early stopping triggered after 68 epochs
2025-01-23 16:41:45,432 - INFO - Best validation accuracy: 0.4643
2025-01-23 16:41:45,462 - INFO - Early stopping triggered after 69 epochs
2025-01-23 16:41:45,462 - INFO - Best validation accuracy: 0.4643
2025-01-23 16:41:45,493 - INFO - Early stopping triggered after 70 epochs
2025-01-23 16:41:45,493 - INFO - Best validation accuracy: 0.4643
2025-01-23 16:41:45,493 - INFO - Epoch 70
2025-01-23 16:41:45,493 - INFO - Train Loss: 1.0304
2025-01-23 16:41:45,493 - INFO - Val Loss: 2.0916
2025-01-23 16:41:45,493 - INFO - Current Val Accuracy: 0.4357
2025-01-23 16:41:45,493 - INFO - Best Val Accuracy: 0.4643
2025-01-23 16:41:45,524 - INFO - Early stopping triggered after 71 epochs
2025-01-23 16:41:45,524 - INFO - Best validation accuracy: 0.4643
2025-01-23 16:41:45,561 - INFO - Early stopping triggered after 72 epochs
2025-01-23 16:41:45,561 - INFO - Best validation accuracy: 0.4643
2025-01-23 16:41:45,591 - INFO - Early stopping triggered after 73 epochs
2025-01-23 16:41:45,591 - INFO - Best validation accuracy: 0.4643
2025-01-23 16:41:45,622 - INFO - Early stopping triggered after 74 epochs
2025-01-23 16:41:45,622 - INFO - Best validation accuracy: 0.4643
2025-01-23 16:41:45,652 - INFO - Early stopping triggered after 75 epochs
2025-01-23 16:41:45,652 - INFO - Best validation accuracy: 0.4643
2025-01-23 16:41:45,652 - INFO - Epoch 75
2025-01-23 16:41:45,652 - INFO - Train Loss: 0.8588
2025-01-23 16:41:45,652 - INFO - Val Loss: 2.2651
2025-01-23 16:41:45,652 - INFO - Current Val Accuracy: 0.3500
2025-01-23 16:41:45,652 - INFO - Best Val Accuracy: 0.4643
2025-01-23 16:41:45,683 - INFO - Early stopping triggered after 76 epochs
2025-01-23 16:41:45,683 - INFO - Best validation accuracy: 0.4643
2025-01-23 16:41:45,713 - INFO - Early stopping triggered after 77 epochs
2025-01-23 16:41:45,713 - INFO - Best validation accuracy: 0.4643
2025-01-23 16:41:45,743 - INFO - Early stopping triggered after 78 epochs
2025-01-23 16:41:45,743 - INFO - Best validation accuracy: 0.4643
2025-01-23 16:41:45,777 - INFO - Epoch 79: New best validation accuracy: 0.4929
2025-01-23 16:41:45,811 - INFO - Epoch 80
2025-01-23 16:41:45,811 - INFO - Train Loss: 0.7164
2025-01-23 16:41:45,811 - INFO - Val Loss: 2.6158
2025-01-23 16:41:45,811 - INFO - Current Val Accuracy: 0.3500
2025-01-23 16:41:45,811 - INFO - Best Val Accuracy: 0.4929
2025-01-23 16:41:45,966 - INFO - Epoch 85
2025-01-23 16:41:45,966 - INFO - Train Loss: 0.6706
2025-01-23 16:41:45,966 - INFO - Val Loss: 2.3733
2025-01-23 16:41:45,966 - INFO - Current Val Accuracy: 0.4643
2025-01-23 16:41:45,966 - INFO - Best Val Accuracy: 0.4929
2025-01-23 16:41:46,098 - INFO - Early stopping triggered after 89 epochs
2025-01-23 16:41:46,098 - INFO - Best validation accuracy: 0.4929
2025-01-23 16:41:46,130 - INFO - Early stopping triggered after 90 epochs
2025-01-23 16:41:46,131 - INFO - Best validation accuracy: 0.4929
2025-01-23 16:41:46,131 - INFO - Epoch 90
2025-01-23 16:41:46,131 - INFO - Train Loss: 0.7284
2025-01-23 16:41:46,131 - INFO - Val Loss: 2.4813
2025-01-23 16:41:46,131 - INFO - Current Val Accuracy: 0.4071
2025-01-23 16:41:46,131 - INFO - Best Val Accuracy: 0.4929
2025-01-23 16:41:46,163 - INFO - Early stopping triggered after 91 epochs
2025-01-23 16:41:46,163 - INFO - Best validation accuracy: 0.4929
2025-01-23 16:41:46,202 - INFO - Early stopping triggered after 92 epochs
2025-01-23 16:41:46,202 - INFO - Best validation accuracy: 0.4929
2025-01-23 16:41:46,234 - INFO - Early stopping triggered after 93 epochs
2025-01-23 16:41:46,234 - INFO - Best validation accuracy: 0.4929
2025-01-23 16:41:46,272 - INFO - Early stopping triggered after 94 epochs
2025-01-23 16:41:46,272 - INFO - Best validation accuracy: 0.4929
2025-01-23 16:41:46,309 - INFO - Early stopping triggered after 95 epochs
2025-01-23 16:41:46,309 - INFO - Best validation accuracy: 0.4929
2025-01-23 16:41:46,309 - INFO - Epoch 95
2025-01-23 16:41:46,309 - INFO - Train Loss: 0.6393
2025-01-23 16:41:46,309 - INFO - Val Loss: 2.2228
2025-01-23 16:41:46,309 - INFO - Current Val Accuracy: 0.4357
2025-01-23 16:41:46,309 - INFO - Best Val Accuracy: 0.4929
2025-01-23 16:41:46,346 - INFO - Early stopping triggered after 96 epochs
2025-01-23 16:41:46,346 - INFO - Best validation accuracy: 0.4929
2025-01-23 16:41:46,379 - INFO - Early stopping triggered after 97 epochs
2025-01-23 16:41:46,379 - INFO - Best validation accuracy: 0.4929
2025-01-23 16:41:46,411 - INFO - Early stopping triggered after 98 epochs
2025-01-23 16:41:46,411 - INFO - Best validation accuracy: 0.4929
2025-01-23 16:41:46,445 - INFO - Early stopping triggered after 99 epochs
2025-01-23 16:41:46,445 - INFO - Best validation accuracy: 0.4929
2025-01-23 16:41:46,477 - INFO - Early stopping triggered after 100 epochs
2025-01-23 16:41:46,477 - INFO - Best validation accuracy: 0.4929
2025-01-23 16:41:46,477 - INFO - Epoch 100
2025-01-23 16:41:46,477 - INFO - Train Loss: 0.5746
2025-01-23 16:41:46,477 - INFO - Val Loss: 2.1345
2025-01-23 16:41:46,477 - INFO - Current Val Accuracy: 0.4071
2025-01-23 16:41:46,477 - INFO - Best Val Accuracy: 0.4929
2025-01-23 16:42:21,948 - INFO - 
Fold 2/5 results:
2025-01-23 16:42:21,948 - INFO - Standard model metrics:
2025-01-23 16:42:21,948 - INFO - accuracy: 0.3600
2025-01-23 16:42:21,948 - INFO - precision: 0.4048
2025-01-23 16:42:21,948 - INFO - recall: 0.3690
2025-01-23 16:42:21,948 - INFO - f1: 0.3400
2025-01-23 16:42:21,948 - INFO - 
Test-time compute metrics (beam search):
2025-01-23 16:42:21,948 - INFO - accuracy: 0.3200
2025-01-23 16:42:21,948 - INFO - precision: 0.3946
2025-01-23 16:42:21,948 - INFO - recall: 0.3214
2025-01-23 16:42:21,948 - INFO - f1: 0.3119
2025-01-23 16:42:21,948 - INFO - 
Test-time compute metrics (genetic programming):
2025-01-23 16:42:21,948 - INFO - accuracy: 0.2800
2025-01-23 16:42:21,948 - INFO - precision: 0.2799
2025-01-23 16:42:21,948 - INFO - recall: 0.2738
2025-01-23 16:42:21,948 - INFO - f1: 0.2666
2025-01-23 16:42:21,948 - INFO - 
Test-time compute metrics (monte carlo rollout):
2025-01-23 16:42:21,948 - INFO - accuracy: 0.1200
2025-01-23 16:42:21,948 - INFO - precision: 0.0762
2025-01-23 16:42:21,948 - INFO - recall: 0.1190
2025-01-23 16:42:21,948 - INFO - f1: 0.0929
2025-01-23 16:42:21,948 - INFO - 
Processing fold 3/5
2025-01-23 16:42:21,958 - INFO - Created model: TestTimeTransformer(
  (spectral_embedding): Sequential(
    (0): Linear(in_features=2080, out_features=256, bias=True)
    (1): LayerNorm((256,), eps=1e-05, elementwise_affine=True)
    (2): GELU(approximate='none')
    (3): Dropout(p=0.2, inplace=False)
    (4): Linear(in_features=256, out_features=128, bias=True)
    (5): LayerNorm((128,), eps=1e-05, elementwise_affine=True)
    (6): GELU(approximate='none')
  )
  (attention_layers): ModuleList(
    (0-3): 4 x MultiHeadAttention(
      (qkv): Linear(in_features=128, out_features=384, bias=True)
      (fc_out): Linear(in_features=128, out_features=128, bias=True)
    )
  )
  (feed_forward): Sequential(
    (0): Linear(in_features=128, out_features=512, bias=True)
    (1): GELU(approximate='none')
    (2): Dropout(p=0.2, inplace=False)
    (3): Linear(in_features=512, out_features=128, bias=True)
  )
  (layer_norms): ModuleList(
    (0-7): 8 x LayerNorm((128,), eps=1e-05, elementwise_affine=True)
  )
  (dropout): Dropout(p=0.2, inplace=False)
  (fc_out): Linear(in_features=128, out_features=7, bias=True)
  (prm_encoder): Sequential(
    (0): Linear(in_features=128, out_features=256, bias=True)
    (1): LayerNorm((256,), eps=1e-05, elementwise_affine=True)
    (2): GELU(approximate='none')
    (3): Dropout(p=0.2, inplace=False)
    (4): Linear(in_features=256, out_features=128, bias=True)
    (5): LayerNorm((128,), eps=1e-05, elementwise_affine=True)
    (6): GELU(approximate='none')
  )
  (confidence_net): Sequential(
    (0): Linear(in_features=128, out_features=128, bias=True)
    (1): LayerNorm((128,), eps=1e-05, elementwise_affine=True)
    (2): GELU(approximate='none')
    (3): Dropout(p=0.2, inplace=False)
    (4): Linear(in_features=128, out_features=1, bias=True)
    (5): Sigmoid()
  )
)
2025-01-23 16:42:21,962 - INFO - Training base model for fold 3
2025-01-23 16:42:21,962 - INFO - Training model with single train/val split (80/20)
2025-01-23 16:42:21,965 - INFO - Training set size: 67
2025-01-23 16:42:21,965 - INFO - Validation set size: 34
2025-01-23 16:42:22,002 - INFO - Epoch 1: New best validation accuracy: 0.1429
2025-01-23 16:42:22,036 - INFO - Epoch 2: New best validation accuracy: 0.1714
2025-01-23 16:42:22,133 - INFO - Epoch 5
2025-01-23 16:42:22,133 - INFO - Train Loss: 2.0373
2025-01-23 16:42:22,133 - INFO - Val Loss: 2.1145
2025-01-23 16:42:22,133 - INFO - Current Val Accuracy: 0.1429
2025-01-23 16:42:22,133 - INFO - Best Val Accuracy: 0.1714
2025-01-23 16:42:22,175 - INFO - Epoch 6: New best validation accuracy: 0.1857
2025-01-23 16:42:22,247 - INFO - Epoch 8: New best validation accuracy: 0.2286
2025-01-23 16:42:22,312 - INFO - Epoch 10
2025-01-23 16:42:22,312 - INFO - Train Loss: 1.9729
2025-01-23 16:42:22,312 - INFO - Val Loss: 2.0002
2025-01-23 16:42:22,312 - INFO - Current Val Accuracy: 0.1429
2025-01-23 16:42:22,313 - INFO - Best Val Accuracy: 0.2286
2025-01-23 16:42:22,348 - INFO - Epoch 11: New best validation accuracy: 0.3143
2025-01-23 16:42:22,470 - INFO - Epoch 15
2025-01-23 16:42:22,470 - INFO - Train Loss: 1.9596
2025-01-23 16:42:22,471 - INFO - Val Loss: 1.9449
2025-01-23 16:42:22,471 - INFO - Current Val Accuracy: 0.1714
2025-01-23 16:42:22,471 - INFO - Best Val Accuracy: 0.3143
2025-01-23 16:42:22,535 - INFO - Epoch 17: New best validation accuracy: 0.3429
2025-01-23 16:42:22,627 - INFO - Epoch 20
2025-01-23 16:42:22,627 - INFO - Train Loss: 1.7287
2025-01-23 16:42:22,627 - INFO - Val Loss: 1.8425
2025-01-23 16:42:22,627 - INFO - Current Val Accuracy: 0.2286
2025-01-23 16:42:22,627 - INFO - Best Val Accuracy: 0.3429
2025-01-23 16:42:22,783 - INFO - Epoch 25
2025-01-23 16:42:22,783 - INFO - Train Loss: 1.7031
2025-01-23 16:42:22,783 - INFO - Val Loss: 1.8246
2025-01-23 16:42:22,783 - INFO - Current Val Accuracy: 0.3429
2025-01-23 16:42:22,783 - INFO - Best Val Accuracy: 0.3429
2025-01-23 16:42:22,844 - INFO - Early stopping triggered after 27 epochs
2025-01-23 16:42:22,844 - INFO - Best validation accuracy: 0.3429
2025-01-23 16:42:22,875 - INFO - Early stopping triggered after 28 epochs
2025-01-23 16:42:22,875 - INFO - Best validation accuracy: 0.3429
2025-01-23 16:42:22,906 - INFO - Early stopping triggered after 29 epochs
2025-01-23 16:42:22,906 - INFO - Best validation accuracy: 0.3429
2025-01-23 16:42:22,940 - INFO - Epoch 30: New best validation accuracy: 0.3500
2025-01-23 16:42:22,940 - INFO - Epoch 30
2025-01-23 16:42:22,940 - INFO - Train Loss: 1.6495
2025-01-23 16:42:22,940 - INFO - Val Loss: 1.8946
2025-01-23 16:42:22,940 - INFO - Current Val Accuracy: 0.3500
2025-01-23 16:42:22,940 - INFO - Best Val Accuracy: 0.3500
2025-01-23 16:42:22,973 - INFO - Epoch 31: New best validation accuracy: 0.3714
2025-01-23 16:42:23,007 - INFO - Epoch 32: New best validation accuracy: 0.4000
2025-01-23 16:42:23,098 - INFO - Epoch 35
2025-01-23 16:42:23,098 - INFO - Train Loss: 1.4399
2025-01-23 16:42:23,098 - INFO - Val Loss: 1.8368
2025-01-23 16:42:23,098 - INFO - Current Val Accuracy: 0.2857
2025-01-23 16:42:23,098 - INFO - Best Val Accuracy: 0.4000
2025-01-23 16:42:23,250 - INFO - Epoch 40
2025-01-23 16:42:23,250 - INFO - Train Loss: 1.5094
2025-01-23 16:42:23,250 - INFO - Val Loss: 1.8472
2025-01-23 16:42:23,250 - INFO - Current Val Accuracy: 0.3714
2025-01-23 16:42:23,250 - INFO - Best Val Accuracy: 0.4000
2025-01-23 16:42:23,311 - INFO - Early stopping triggered after 42 epochs
2025-01-23 16:42:23,311 - INFO - Best validation accuracy: 0.4000
2025-01-23 16:42:23,341 - INFO - Early stopping triggered after 43 epochs
2025-01-23 16:42:23,341 - INFO - Best validation accuracy: 0.4000
2025-01-23 16:42:23,371 - INFO - Early stopping triggered after 44 epochs
2025-01-23 16:42:23,371 - INFO - Best validation accuracy: 0.4000
2025-01-23 16:42:23,402 - INFO - Early stopping triggered after 45 epochs
2025-01-23 16:42:23,402 - INFO - Best validation accuracy: 0.4000
2025-01-23 16:42:23,402 - INFO - Epoch 45
2025-01-23 16:42:23,402 - INFO - Train Loss: 1.4190
2025-01-23 16:42:23,402 - INFO - Val Loss: 1.8515
2025-01-23 16:42:23,402 - INFO - Current Val Accuracy: 0.3714
2025-01-23 16:42:23,402 - INFO - Best Val Accuracy: 0.4000
2025-01-23 16:42:23,432 - INFO - Early stopping triggered after 46 epochs
2025-01-23 16:42:23,432 - INFO - Best validation accuracy: 0.4000
2025-01-23 16:42:23,463 - INFO - Early stopping triggered after 47 epochs
2025-01-23 16:42:23,463 - INFO - Best validation accuracy: 0.4000
2025-01-23 16:42:23,493 - INFO - Early stopping triggered after 48 epochs
2025-01-23 16:42:23,493 - INFO - Best validation accuracy: 0.4000
2025-01-23 16:42:23,523 - INFO - Early stopping triggered after 49 epochs
2025-01-23 16:42:23,523 - INFO - Best validation accuracy: 0.4000
2025-01-23 16:42:23,553 - INFO - Early stopping triggered after 50 epochs
2025-01-23 16:42:23,553 - INFO - Best validation accuracy: 0.4000
2025-01-23 16:42:23,553 - INFO - Epoch 50
2025-01-23 16:42:23,553 - INFO - Train Loss: 1.4148
2025-01-23 16:42:23,553 - INFO - Val Loss: 1.8351
2025-01-23 16:42:23,554 - INFO - Current Val Accuracy: 0.3786
2025-01-23 16:42:23,554 - INFO - Best Val Accuracy: 0.4000
2025-01-23 16:42:23,584 - INFO - Early stopping triggered after 51 epochs
2025-01-23 16:42:23,584 - INFO - Best validation accuracy: 0.4000
2025-01-23 16:42:23,614 - INFO - Early stopping triggered after 52 epochs
2025-01-23 16:42:23,614 - INFO - Best validation accuracy: 0.4000
2025-01-23 16:42:23,645 - INFO - Early stopping triggered after 53 epochs
2025-01-23 16:42:23,645 - INFO - Best validation accuracy: 0.4000
2025-01-23 16:42:23,676 - INFO - Early stopping triggered after 54 epochs
2025-01-23 16:42:23,676 - INFO - Best validation accuracy: 0.4000
2025-01-23 16:42:23,715 - INFO - Epoch 55: New best validation accuracy: 0.4357
2025-01-23 16:42:23,715 - INFO - Epoch 55
2025-01-23 16:42:23,715 - INFO - Train Loss: 1.4945
2025-01-23 16:42:23,715 - INFO - Val Loss: 1.7669
2025-01-23 16:42:23,715 - INFO - Current Val Accuracy: 0.4357
2025-01-23 16:42:23,715 - INFO - Best Val Accuracy: 0.4357
2025-01-23 16:42:23,881 - INFO - Epoch 60
2025-01-23 16:42:23,881 - INFO - Train Loss: 1.3209
2025-01-23 16:42:23,881 - INFO - Val Loss: 1.9364
2025-01-23 16:42:23,881 - INFO - Current Val Accuracy: 0.3786
2025-01-23 16:42:23,881 - INFO - Best Val Accuracy: 0.4357
2025-01-23 16:42:24,019 - INFO - Epoch 64: New best validation accuracy: 0.4429
2025-01-23 16:42:24,051 - INFO - Epoch 65
2025-01-23 16:42:24,051 - INFO - Train Loss: 1.2511
2025-01-23 16:42:24,052 - INFO - Val Loss: 1.8902
2025-01-23 16:42:24,052 - INFO - Current Val Accuracy: 0.4071
2025-01-23 16:42:24,052 - INFO - Best Val Accuracy: 0.4429
2025-01-23 16:42:24,215 - INFO - Epoch 70
2025-01-23 16:42:24,215 - INFO - Train Loss: 1.0750
2025-01-23 16:42:24,215 - INFO - Val Loss: 1.8406
2025-01-23 16:42:24,215 - INFO - Current Val Accuracy: 0.4429
2025-01-23 16:42:24,215 - INFO - Best Val Accuracy: 0.4429
2025-01-23 16:42:24,346 - INFO - Early stopping triggered after 74 epochs
2025-01-23 16:42:24,346 - INFO - Best validation accuracy: 0.4429
2025-01-23 16:42:24,384 - INFO - Epoch 75: New best validation accuracy: 0.4857
2025-01-23 16:42:24,384 - INFO - Epoch 75
2025-01-23 16:42:24,384 - INFO - Train Loss: 0.9271
2025-01-23 16:42:24,384 - INFO - Val Loss: 2.0284
2025-01-23 16:42:24,384 - INFO - Current Val Accuracy: 0.4857
2025-01-23 16:42:24,384 - INFO - Best Val Accuracy: 0.4857
2025-01-23 16:42:24,514 - INFO - Epoch 79: New best validation accuracy: 0.5143
2025-01-23 16:42:24,546 - INFO - Epoch 80
2025-01-23 16:42:24,546 - INFO - Train Loss: 0.8793
2025-01-23 16:42:24,546 - INFO - Val Loss: 1.7747
2025-01-23 16:42:24,546 - INFO - Current Val Accuracy: 0.4571
2025-01-23 16:42:24,546 - INFO - Best Val Accuracy: 0.5143
2025-01-23 16:42:24,710 - INFO - Epoch 85
2025-01-23 16:42:24,710 - INFO - Train Loss: 0.6992
2025-01-23 16:42:24,710 - INFO - Val Loss: 1.9846
2025-01-23 16:42:24,710 - INFO - Current Val Accuracy: 0.3714
2025-01-23 16:42:24,710 - INFO - Best Val Accuracy: 0.5143
2025-01-23 16:42:24,831 - INFO - Early stopping triggered after 89 epochs
2025-01-23 16:42:24,831 - INFO - Best validation accuracy: 0.5143
2025-01-23 16:42:24,863 - INFO - Early stopping triggered after 90 epochs
2025-01-23 16:42:24,863 - INFO - Best validation accuracy: 0.5143
2025-01-23 16:42:24,863 - INFO - Epoch 90
2025-01-23 16:42:24,863 - INFO - Train Loss: 0.8382
2025-01-23 16:42:24,863 - INFO - Val Loss: 1.9381
2025-01-23 16:42:24,863 - INFO - Current Val Accuracy: 0.4857
2025-01-23 16:42:24,863 - INFO - Best Val Accuracy: 0.5143
2025-01-23 16:42:24,894 - INFO - Early stopping triggered after 91 epochs
2025-01-23 16:42:24,894 - INFO - Best validation accuracy: 0.5143
2025-01-23 16:42:24,924 - INFO - Early stopping triggered after 92 epochs
2025-01-23 16:42:24,924 - INFO - Best validation accuracy: 0.5143
2025-01-23 16:42:24,955 - INFO - Early stopping triggered after 93 epochs
2025-01-23 16:42:24,956 - INFO - Best validation accuracy: 0.5143
2025-01-23 16:42:24,986 - INFO - Early stopping triggered after 94 epochs
2025-01-23 16:42:24,986 - INFO - Best validation accuracy: 0.5143
2025-01-23 16:42:25,016 - INFO - Early stopping triggered after 95 epochs
2025-01-23 16:42:25,016 - INFO - Best validation accuracy: 0.5143
2025-01-23 16:42:25,016 - INFO - Epoch 95
2025-01-23 16:42:25,016 - INFO - Train Loss: 0.7094
2025-01-23 16:42:25,016 - INFO - Val Loss: 1.8849
2025-01-23 16:42:25,016 - INFO - Current Val Accuracy: 0.4071
2025-01-23 16:42:25,016 - INFO - Best Val Accuracy: 0.5143
2025-01-23 16:42:25,051 - INFO - Epoch 96: New best validation accuracy: 0.5643
2025-01-23 16:42:25,175 - INFO - Epoch 100
2025-01-23 16:42:25,175 - INFO - Train Loss: 0.7553
2025-01-23 16:42:25,175 - INFO - Val Loss: 1.9801
2025-01-23 16:42:25,175 - INFO - Current Val Accuracy: 0.3714
2025-01-23 16:42:25,175 - INFO - Best Val Accuracy: 0.5643
2025-01-23 16:43:00,301 - INFO - 
Fold 3/5 results:
2025-01-23 16:43:00,301 - INFO - Standard model metrics:
2025-01-23 16:43:00,301 - INFO - accuracy: 0.2000
2025-01-23 16:43:00,301 - INFO - precision: 0.3607
2025-01-23 16:43:00,301 - INFO - recall: 0.2024
2025-01-23 16:43:00,301 - INFO - f1: 0.2198
2025-01-23 16:43:00,301 - INFO - 
Test-time compute metrics (beam search):
2025-01-23 16:43:00,301 - INFO - accuracy: 0.4000
2025-01-23 16:43:00,301 - INFO - precision: 0.4551
2025-01-23 16:43:00,301 - INFO - recall: 0.4048
2025-01-23 16:43:00,301 - INFO - f1: 0.3773
2025-01-23 16:43:00,302 - INFO - 
Test-time compute metrics (genetic programming):
2025-01-23 16:43:00,302 - INFO - accuracy: 0.4000
2025-01-23 16:43:00,302 - INFO - precision: 0.4831
2025-01-23 16:43:00,302 - INFO - recall: 0.3929
2025-01-23 16:43:00,302 - INFO - f1: 0.3651
2025-01-23 16:43:00,302 - INFO - 
Test-time compute metrics (monte carlo rollout):
2025-01-23 16:43:00,302 - INFO - accuracy: 0.2400
2025-01-23 16:43:00,302 - INFO - precision: 0.2279
2025-01-23 16:43:00,302 - INFO - recall: 0.2381
2025-01-23 16:43:00,302 - INFO - f1: 0.2208
2025-01-23 16:43:00,302 - INFO - 
Processing fold 4/5
2025-01-23 16:43:00,312 - INFO - Created model: TestTimeTransformer(
  (spectral_embedding): Sequential(
    (0): Linear(in_features=2080, out_features=256, bias=True)
    (1): LayerNorm((256,), eps=1e-05, elementwise_affine=True)
    (2): GELU(approximate='none')
    (3): Dropout(p=0.2, inplace=False)
    (4): Linear(in_features=256, out_features=128, bias=True)
    (5): LayerNorm((128,), eps=1e-05, elementwise_affine=True)
    (6): GELU(approximate='none')
  )
  (attention_layers): ModuleList(
    (0-3): 4 x MultiHeadAttention(
      (qkv): Linear(in_features=128, out_features=384, bias=True)
      (fc_out): Linear(in_features=128, out_features=128, bias=True)
    )
  )
  (feed_forward): Sequential(
    (0): Linear(in_features=128, out_features=512, bias=True)
    (1): GELU(approximate='none')
    (2): Dropout(p=0.2, inplace=False)
    (3): Linear(in_features=512, out_features=128, bias=True)
  )
  (layer_norms): ModuleList(
    (0-7): 8 x LayerNorm((128,), eps=1e-05, elementwise_affine=True)
  )
  (dropout): Dropout(p=0.2, inplace=False)
  (fc_out): Linear(in_features=128, out_features=7, bias=True)
  (prm_encoder): Sequential(
    (0): Linear(in_features=128, out_features=256, bias=True)
    (1): LayerNorm((256,), eps=1e-05, elementwise_affine=True)
    (2): GELU(approximate='none')
    (3): Dropout(p=0.2, inplace=False)
    (4): Linear(in_features=256, out_features=128, bias=True)
    (5): LayerNorm((128,), eps=1e-05, elementwise_affine=True)
    (6): GELU(approximate='none')
  )
  (confidence_net): Sequential(
    (0): Linear(in_features=128, out_features=128, bias=True)
    (1): LayerNorm((128,), eps=1e-05, elementwise_affine=True)
    (2): GELU(approximate='none')
    (3): Dropout(p=0.2, inplace=False)
    (4): Linear(in_features=128, out_features=1, bias=True)
    (5): Sigmoid()
  )
)
2025-01-23 16:43:00,315 - INFO - Training base model for fold 4
2025-01-23 16:43:00,315 - INFO - Training model with single train/val split (80/20)
2025-01-23 16:43:00,318 - INFO - Training set size: 67
2025-01-23 16:43:00,318 - INFO - Validation set size: 34
2025-01-23 16:43:00,355 - INFO - Epoch 1: New best validation accuracy: 0.1429
2025-01-23 16:43:00,449 - INFO - Epoch 4: New best validation accuracy: 0.1500
2025-01-23 16:43:00,479 - INFO - Epoch 5
2025-01-23 16:43:00,479 - INFO - Train Loss: 2.0643
2025-01-23 16:43:00,479 - INFO - Val Loss: 2.1093
2025-01-23 16:43:00,479 - INFO - Current Val Accuracy: 0.1429
2025-01-23 16:43:00,479 - INFO - Best Val Accuracy: 0.1500
2025-01-23 16:43:00,543 - INFO - Epoch 7: New best validation accuracy: 0.1714
2025-01-23 16:43:00,576 - INFO - Epoch 8: New best validation accuracy: 0.1714
2025-01-23 16:43:00,637 - INFO - Epoch 10
2025-01-23 16:43:00,637 - INFO - Train Loss: 1.9088
2025-01-23 16:43:00,637 - INFO - Val Loss: 1.9798
2025-01-23 16:43:00,637 - INFO - Current Val Accuracy: 0.1429
2025-01-23 16:43:00,637 - INFO - Best Val Accuracy: 0.1714
2025-01-23 16:43:00,670 - INFO - Epoch 11: New best validation accuracy: 0.2500
2025-01-23 16:43:00,764 - INFO - Epoch 14: New best validation accuracy: 0.2857
2025-01-23 16:43:00,794 - INFO - Epoch 15
2025-01-23 16:43:00,794 - INFO - Train Loss: 1.8784
2025-01-23 16:43:00,794 - INFO - Val Loss: 1.8848
2025-01-23 16:43:00,794 - INFO - Current Val Accuracy: 0.2286
2025-01-23 16:43:00,794 - INFO - Best Val Accuracy: 0.2857
2025-01-23 16:43:00,948 - INFO - Epoch 20
2025-01-23 16:43:00,948 - INFO - Train Loss: 1.8384
2025-01-23 16:43:00,948 - INFO - Val Loss: 1.8951
2025-01-23 16:43:00,948 - INFO - Current Val Accuracy: 0.2500
2025-01-23 16:43:00,948 - INFO - Best Val Accuracy: 0.2857
2025-01-23 16:43:00,983 - INFO - Epoch 21: New best validation accuracy: 0.3000
2025-01-23 16:43:01,105 - INFO - Epoch 25
2025-01-23 16:43:01,105 - INFO - Train Loss: 1.8847
2025-01-23 16:43:01,105 - INFO - Val Loss: 1.8285
2025-01-23 16:43:01,105 - INFO - Current Val Accuracy: 0.2714
2025-01-23 16:43:01,105 - INFO - Best Val Accuracy: 0.3000
2025-01-23 16:43:01,260 - INFO - Epoch 30
2025-01-23 16:43:01,260 - INFO - Train Loss: 1.6782
2025-01-23 16:43:01,260 - INFO - Val Loss: 1.8298
2025-01-23 16:43:01,260 - INFO - Current Val Accuracy: 0.2143
2025-01-23 16:43:01,260 - INFO - Best Val Accuracy: 0.3000
2025-01-23 16:43:01,291 - INFO - Early stopping triggered after 31 epochs
2025-01-23 16:43:01,291 - INFO - Best validation accuracy: 0.3000
2025-01-23 16:43:01,322 - INFO - Early stopping triggered after 32 epochs
2025-01-23 16:43:01,322 - INFO - Best validation accuracy: 0.3000
2025-01-23 16:43:01,359 - INFO - Epoch 33: New best validation accuracy: 0.3143
2025-01-23 16:43:01,393 - INFO - Epoch 34: New best validation accuracy: 0.3214
2025-01-23 16:43:01,428 - INFO - Epoch 35
2025-01-23 16:43:01,428 - INFO - Train Loss: 1.6321
2025-01-23 16:43:01,428 - INFO - Val Loss: 1.8778
2025-01-23 16:43:01,428 - INFO - Current Val Accuracy: 0.3143
2025-01-23 16:43:01,428 - INFO - Best Val Accuracy: 0.3214
2025-01-23 16:43:01,587 - INFO - Epoch 40
2025-01-23 16:43:01,587 - INFO - Train Loss: 1.6386
2025-01-23 16:43:01,587 - INFO - Val Loss: 1.8656
2025-01-23 16:43:01,587 - INFO - Current Val Accuracy: 0.2857
2025-01-23 16:43:01,587 - INFO - Best Val Accuracy: 0.3214
2025-01-23 16:43:01,622 - INFO - Epoch 41: New best validation accuracy: 0.3500
2025-01-23 16:43:01,656 - INFO - Epoch 42: New best validation accuracy: 0.3571
2025-01-23 16:43:01,695 - INFO - Epoch 43: New best validation accuracy: 0.3643
2025-01-23 16:43:01,759 - INFO - Epoch 45: New best validation accuracy: 0.3786
2025-01-23 16:43:01,759 - INFO - Epoch 45
2025-01-23 16:43:01,759 - INFO - Train Loss: 1.5030
2025-01-23 16:43:01,759 - INFO - Val Loss: 1.9020
2025-01-23 16:43:01,759 - INFO - Current Val Accuracy: 0.3786
2025-01-23 16:43:01,759 - INFO - Best Val Accuracy: 0.3786
2025-01-23 16:43:01,888 - INFO - Epoch 49: New best validation accuracy: 0.4071
2025-01-23 16:43:01,919 - INFO - Epoch 50
2025-01-23 16:43:01,920 - INFO - Train Loss: 1.6161
2025-01-23 16:43:01,920 - INFO - Val Loss: 1.9205
2025-01-23 16:43:01,920 - INFO - Current Val Accuracy: 0.3857
2025-01-23 16:43:01,920 - INFO - Best Val Accuracy: 0.4071
2025-01-23 16:43:02,082 - INFO - Epoch 55
2025-01-23 16:43:02,082 - INFO - Train Loss: 1.3739
2025-01-23 16:43:02,082 - INFO - Val Loss: 1.8318
2025-01-23 16:43:02,083 - INFO - Current Val Accuracy: 0.3929
2025-01-23 16:43:02,083 - INFO - Best Val Accuracy: 0.4071
2025-01-23 16:43:02,209 - INFO - Early stopping triggered after 59 epochs
2025-01-23 16:43:02,209 - INFO - Best validation accuracy: 0.4071
2025-01-23 16:43:02,237 - INFO - Early stopping triggered after 60 epochs
2025-01-23 16:43:02,237 - INFO - Best validation accuracy: 0.4071
2025-01-23 16:43:02,237 - INFO - Epoch 60
2025-01-23 16:43:02,237 - INFO - Train Loss: 1.3836
2025-01-23 16:43:02,237 - INFO - Val Loss: 1.8169
2025-01-23 16:43:02,237 - INFO - Current Val Accuracy: 0.3500
2025-01-23 16:43:02,237 - INFO - Best Val Accuracy: 0.4071
2025-01-23 16:43:02,264 - INFO - Early stopping triggered after 61 epochs
2025-01-23 16:43:02,264 - INFO - Best validation accuracy: 0.4071
2025-01-23 16:43:02,291 - INFO - Early stopping triggered after 62 epochs
2025-01-23 16:43:02,291 - INFO - Best validation accuracy: 0.4071
2025-01-23 16:43:02,320 - INFO - Early stopping triggered after 63 epochs
2025-01-23 16:43:02,320 - INFO - Best validation accuracy: 0.4071
2025-01-23 16:43:02,350 - INFO - Early stopping triggered after 64 epochs
2025-01-23 16:43:02,350 - INFO - Best validation accuracy: 0.4071
2025-01-23 16:43:02,383 - INFO - Early stopping triggered after 65 epochs
2025-01-23 16:43:02,383 - INFO - Best validation accuracy: 0.4071
2025-01-23 16:43:02,383 - INFO - Epoch 65
2025-01-23 16:43:02,383 - INFO - Train Loss: 1.1481
2025-01-23 16:43:02,383 - INFO - Val Loss: 2.0136
2025-01-23 16:43:02,383 - INFO - Current Val Accuracy: 0.3143
2025-01-23 16:43:02,383 - INFO - Best Val Accuracy: 0.4071
2025-01-23 16:43:02,416 - INFO - Early stopping triggered after 66 epochs
2025-01-23 16:43:02,416 - INFO - Best validation accuracy: 0.4071
2025-01-23 16:43:02,450 - INFO - Early stopping triggered after 67 epochs
2025-01-23 16:43:02,450 - INFO - Best validation accuracy: 0.4071
2025-01-23 16:43:02,486 - INFO - Epoch 68: New best validation accuracy: 0.4143
2025-01-23 16:43:02,554 - INFO - Epoch 70: New best validation accuracy: 0.4357
2025-01-23 16:43:02,554 - INFO - Epoch 70
2025-01-23 16:43:02,554 - INFO - Train Loss: 1.0235
2025-01-23 16:43:02,554 - INFO - Val Loss: 1.9774
2025-01-23 16:43:02,554 - INFO - Current Val Accuracy: 0.4357
2025-01-23 16:43:02,554 - INFO - Best Val Accuracy: 0.4357
2025-01-23 16:43:02,718 - INFO - Epoch 75
2025-01-23 16:43:02,718 - INFO - Train Loss: 1.1019
2025-01-23 16:43:02,718 - INFO - Val Loss: 1.8866
2025-01-23 16:43:02,718 - INFO - Current Val Accuracy: 0.3857
2025-01-23 16:43:02,718 - INFO - Best Val Accuracy: 0.4357
2025-01-23 16:43:02,896 - INFO - Early stopping triggered after 80 epochs
2025-01-23 16:43:02,896 - INFO - Best validation accuracy: 0.4357
2025-01-23 16:43:02,896 - INFO - Epoch 80
2025-01-23 16:43:02,896 - INFO - Train Loss: 1.0525
2025-01-23 16:43:02,896 - INFO - Val Loss: 2.1046
2025-01-23 16:43:02,896 - INFO - Current Val Accuracy: 0.3429
2025-01-23 16:43:02,896 - INFO - Best Val Accuracy: 0.4357
2025-01-23 16:43:02,931 - INFO - Early stopping triggered after 81 epochs
2025-01-23 16:43:02,931 - INFO - Best validation accuracy: 0.4357
2025-01-23 16:43:02,966 - INFO - Early stopping triggered after 82 epochs
2025-01-23 16:43:02,966 - INFO - Best validation accuracy: 0.4357
2025-01-23 16:43:03,001 - INFO - Early stopping triggered after 83 epochs
2025-01-23 16:43:03,001 - INFO - Best validation accuracy: 0.4357
2025-01-23 16:43:03,036 - INFO - Early stopping triggered after 84 epochs
2025-01-23 16:43:03,036 - INFO - Best validation accuracy: 0.4357
2025-01-23 16:43:03,071 - INFO - Early stopping triggered after 85 epochs
2025-01-23 16:43:03,071 - INFO - Best validation accuracy: 0.4357
2025-01-23 16:43:03,071 - INFO - Epoch 85
2025-01-23 16:43:03,071 - INFO - Train Loss: 0.7875
2025-01-23 16:43:03,071 - INFO - Val Loss: 1.8808
2025-01-23 16:43:03,071 - INFO - Current Val Accuracy: 0.4071
2025-01-23 16:43:03,071 - INFO - Best Val Accuracy: 0.4357
2025-01-23 16:43:03,103 - INFO - Early stopping triggered after 86 epochs
2025-01-23 16:43:03,103 - INFO - Best validation accuracy: 0.4357
2025-01-23 16:43:03,141 - INFO - Epoch 87: New best validation accuracy: 0.4643
2025-01-23 16:43:03,243 - INFO - Epoch 90
2025-01-23 16:43:03,243 - INFO - Train Loss: 0.7688
2025-01-23 16:43:03,243 - INFO - Val Loss: 2.3473
2025-01-23 16:43:03,243 - INFO - Current Val Accuracy: 0.2857
2025-01-23 16:43:03,243 - INFO - Best Val Accuracy: 0.4643
2025-01-23 16:43:03,415 - INFO - Epoch 95
2025-01-23 16:43:03,415 - INFO - Train Loss: 0.8424
2025-01-23 16:43:03,415 - INFO - Val Loss: 2.0508
2025-01-23 16:43:03,415 - INFO - Current Val Accuracy: 0.3429
2025-01-23 16:43:03,416 - INFO - Best Val Accuracy: 0.4643
2025-01-23 16:43:03,477 - INFO - Early stopping triggered after 97 epochs
2025-01-23 16:43:03,477 - INFO - Best validation accuracy: 0.4643
2025-01-23 16:43:03,507 - INFO - Early stopping triggered after 98 epochs
2025-01-23 16:43:03,507 - INFO - Best validation accuracy: 0.4643
2025-01-23 16:43:03,538 - INFO - Early stopping triggered after 99 epochs
2025-01-23 16:43:03,538 - INFO - Best validation accuracy: 0.4643
2025-01-23 16:43:03,574 - INFO - Early stopping triggered after 100 epochs
2025-01-23 16:43:03,574 - INFO - Best validation accuracy: 0.4643
2025-01-23 16:43:03,574 - INFO - Epoch 100
2025-01-23 16:43:03,574 - INFO - Train Loss: 0.7279
2025-01-23 16:43:03,574 - INFO - Val Loss: 2.2497
2025-01-23 16:43:03,574 - INFO - Current Val Accuracy: 0.3571
2025-01-23 16:43:03,574 - INFO - Best Val Accuracy: 0.4643
2025-01-23 16:43:38,839 - INFO - 
Fold 4/5 results:
2025-01-23 16:43:38,839 - INFO - Standard model metrics:
2025-01-23 16:43:38,839 - INFO - accuracy: 0.4400
2025-01-23 16:43:38,839 - INFO - precision: 0.3912
2025-01-23 16:43:38,839 - INFO - recall: 0.4524
2025-01-23 16:43:38,839 - INFO - f1: 0.4046
2025-01-23 16:43:38,839 - INFO - 
Test-time compute metrics (beam search):
2025-01-23 16:43:38,839 - INFO - accuracy: 0.3600
2025-01-23 16:43:38,839 - INFO - precision: 0.3000
2025-01-23 16:43:38,839 - INFO - recall: 0.3571
2025-01-23 16:43:38,839 - INFO - f1: 0.2658
2025-01-23 16:43:38,839 - INFO - 
Test-time compute metrics (genetic programming):
2025-01-23 16:43:38,839 - INFO - accuracy: 0.3200
2025-01-23 16:43:38,839 - INFO - precision: 0.2619
2025-01-23 16:43:38,839 - INFO - recall: 0.3214
2025-01-23 16:43:38,839 - INFO - f1: 0.2238
2025-01-23 16:43:38,839 - INFO - 
Test-time compute metrics (monte carlo rollout):
2025-01-23 16:43:38,839 - INFO - accuracy: 0.4400
2025-01-23 16:43:38,839 - INFO - precision: 0.3190
2025-01-23 16:43:38,839 - INFO - recall: 0.4286
2025-01-23 16:43:38,839 - INFO - f1: 0.3401
2025-01-23 16:43:38,839 - INFO - 
Processing fold 5/5
2025-01-23 16:43:38,849 - INFO - Created model: TestTimeTransformer(
  (spectral_embedding): Sequential(
    (0): Linear(in_features=2080, out_features=256, bias=True)
    (1): LayerNorm((256,), eps=1e-05, elementwise_affine=True)
    (2): GELU(approximate='none')
    (3): Dropout(p=0.2, inplace=False)
    (4): Linear(in_features=256, out_features=128, bias=True)
    (5): LayerNorm((128,), eps=1e-05, elementwise_affine=True)
    (6): GELU(approximate='none')
  )
  (attention_layers): ModuleList(
    (0-3): 4 x MultiHeadAttention(
      (qkv): Linear(in_features=128, out_features=384, bias=True)
      (fc_out): Linear(in_features=128, out_features=128, bias=True)
    )
  )
  (feed_forward): Sequential(
    (0): Linear(in_features=128, out_features=512, bias=True)
    (1): GELU(approximate='none')
    (2): Dropout(p=0.2, inplace=False)
    (3): Linear(in_features=512, out_features=128, bias=True)
  )
  (layer_norms): ModuleList(
    (0-7): 8 x LayerNorm((128,), eps=1e-05, elementwise_affine=True)
  )
  (dropout): Dropout(p=0.2, inplace=False)
  (fc_out): Linear(in_features=128, out_features=7, bias=True)
  (prm_encoder): Sequential(
    (0): Linear(in_features=128, out_features=256, bias=True)
    (1): LayerNorm((256,), eps=1e-05, elementwise_affine=True)
    (2): GELU(approximate='none')
    (3): Dropout(p=0.2, inplace=False)
    (4): Linear(in_features=256, out_features=128, bias=True)
    (5): LayerNorm((128,), eps=1e-05, elementwise_affine=True)
    (6): GELU(approximate='none')
  )
  (confidence_net): Sequential(
    (0): Linear(in_features=128, out_features=128, bias=True)
    (1): LayerNorm((128,), eps=1e-05, elementwise_affine=True)
    (2): GELU(approximate='none')
    (3): Dropout(p=0.2, inplace=False)
    (4): Linear(in_features=128, out_features=1, bias=True)
    (5): Sigmoid()
  )
)
2025-01-23 16:43:38,853 - INFO - Training base model for fold 5
2025-01-23 16:43:38,853 - INFO - Training model with single train/val split (80/20)
2025-01-23 16:43:38,856 - INFO - Training set size: 67
2025-01-23 16:43:38,856 - INFO - Validation set size: 34
2025-01-23 16:43:38,893 - INFO - Epoch 1: New best validation accuracy: 0.2286
2025-01-23 16:43:39,015 - INFO - Epoch 5
2025-01-23 16:43:39,015 - INFO - Train Loss: 2.1641
2025-01-23 16:43:39,015 - INFO - Val Loss: 2.2234
2025-01-23 16:43:39,015 - INFO - Current Val Accuracy: 0.1429
2025-01-23 16:43:39,015 - INFO - Best Val Accuracy: 0.2286
2025-01-23 16:43:39,166 - INFO - Epoch 10
2025-01-23 16:43:39,166 - INFO - Train Loss: 1.9348
2025-01-23 16:43:39,167 - INFO - Val Loss: 1.9995
2025-01-23 16:43:39,167 - INFO - Current Val Accuracy: 0.2000
2025-01-23 16:43:39,167 - INFO - Best Val Accuracy: 0.2286
2025-01-23 16:43:39,197 - INFO - Early stopping triggered after 11 epochs
2025-01-23 16:43:39,197 - INFO - Best validation accuracy: 0.2286
2025-01-23 16:43:39,227 - INFO - Early stopping triggered after 12 epochs
2025-01-23 16:43:39,227 - INFO - Best validation accuracy: 0.2286
2025-01-23 16:43:39,258 - INFO - Early stopping triggered after 13 epochs
2025-01-23 16:43:39,258 - INFO - Best validation accuracy: 0.2286
2025-01-23 16:43:39,288 - INFO - Early stopping triggered after 14 epochs
2025-01-23 16:43:39,288 - INFO - Best validation accuracy: 0.2286
2025-01-23 16:43:39,322 - INFO - Epoch 15: New best validation accuracy: 0.2786
2025-01-23 16:43:39,322 - INFO - Epoch 15
2025-01-23 16:43:39,322 - INFO - Train Loss: 1.8112
2025-01-23 16:43:39,322 - INFO - Val Loss: 1.8453
2025-01-23 16:43:39,322 - INFO - Current Val Accuracy: 0.2786
2025-01-23 16:43:39,322 - INFO - Best Val Accuracy: 0.2786
2025-01-23 16:43:39,474 - INFO - Epoch 20
2025-01-23 16:43:39,474 - INFO - Train Loss: 1.7467
2025-01-23 16:43:39,474 - INFO - Val Loss: 1.8647
2025-01-23 16:43:39,474 - INFO - Current Val Accuracy: 0.2214
2025-01-23 16:43:39,474 - INFO - Best Val Accuracy: 0.2786
2025-01-23 16:43:39,625 - INFO - Early stopping triggered after 25 epochs
2025-01-23 16:43:39,625 - INFO - Best validation accuracy: 0.2786
2025-01-23 16:43:39,625 - INFO - Epoch 25
2025-01-23 16:43:39,625 - INFO - Train Loss: 1.6939
2025-01-23 16:43:39,625 - INFO - Val Loss: 1.9122
2025-01-23 16:43:39,625 - INFO - Current Val Accuracy: 0.2000
2025-01-23 16:43:39,625 - INFO - Best Val Accuracy: 0.2786
2025-01-23 16:43:39,655 - INFO - Early stopping triggered after 26 epochs
2025-01-23 16:43:39,656 - INFO - Best validation accuracy: 0.2786
2025-01-23 16:43:39,686 - INFO - Early stopping triggered after 27 epochs
2025-01-23 16:43:39,686 - INFO - Best validation accuracy: 0.2786
2025-01-23 16:43:39,716 - INFO - Early stopping triggered after 28 epochs
2025-01-23 16:43:39,716 - INFO - Best validation accuracy: 0.2786
2025-01-23 16:43:39,746 - INFO - Early stopping triggered after 29 epochs
2025-01-23 16:43:39,747 - INFO - Best validation accuracy: 0.2786
2025-01-23 16:43:39,777 - INFO - Early stopping triggered after 30 epochs
2025-01-23 16:43:39,777 - INFO - Best validation accuracy: 0.2786
2025-01-23 16:43:39,777 - INFO - Epoch 30
2025-01-23 16:43:39,777 - INFO - Train Loss: 1.5533
2025-01-23 16:43:39,777 - INFO - Val Loss: 1.8866
2025-01-23 16:43:39,777 - INFO - Current Val Accuracy: 0.2786
2025-01-23 16:43:39,777 - INFO - Best Val Accuracy: 0.2786
2025-01-23 16:43:39,810 - INFO - Epoch 31: New best validation accuracy: 0.3357
2025-01-23 16:43:39,932 - INFO - Epoch 35
2025-01-23 16:43:39,932 - INFO - Train Loss: 1.5803
2025-01-23 16:43:39,932 - INFO - Val Loss: 1.7911
2025-01-23 16:43:39,932 - INFO - Current Val Accuracy: 0.3000
2025-01-23 16:43:39,932 - INFO - Best Val Accuracy: 0.3357
2025-01-23 16:43:40,056 - INFO - Epoch 39: New best validation accuracy: 0.3857
2025-01-23 16:43:40,086 - INFO - Epoch 40
2025-01-23 16:43:40,086 - INFO - Train Loss: 1.5860
2025-01-23 16:43:40,086 - INFO - Val Loss: 1.7956
2025-01-23 16:43:40,086 - INFO - Current Val Accuracy: 0.2500
2025-01-23 16:43:40,087 - INFO - Best Val Accuracy: 0.3857
2025-01-23 16:43:40,237 - INFO - Epoch 45
2025-01-23 16:43:40,238 - INFO - Train Loss: 1.4229
2025-01-23 16:43:40,238 - INFO - Val Loss: 1.8446
2025-01-23 16:43:40,238 - INFO - Current Val Accuracy: 0.3071
2025-01-23 16:43:40,238 - INFO - Best Val Accuracy: 0.3857
2025-01-23 16:43:40,358 - INFO - Early stopping triggered after 49 epochs
2025-01-23 16:43:40,358 - INFO - Best validation accuracy: 0.3857
2025-01-23 16:43:40,389 - INFO - Early stopping triggered after 50 epochs
2025-01-23 16:43:40,389 - INFO - Best validation accuracy: 0.3857
2025-01-23 16:43:40,389 - INFO - Epoch 50
2025-01-23 16:43:40,389 - INFO - Train Loss: 1.2696
2025-01-23 16:43:40,389 - INFO - Val Loss: 1.8925
2025-01-23 16:43:40,389 - INFO - Current Val Accuracy: 0.3357
2025-01-23 16:43:40,389 - INFO - Best Val Accuracy: 0.3857
2025-01-23 16:43:40,422 - INFO - Epoch 51: New best validation accuracy: 0.4143
2025-01-23 16:43:40,456 - INFO - Epoch 52: New best validation accuracy: 0.4429
2025-01-23 16:43:40,547 - INFO - Epoch 55
2025-01-23 16:43:40,547 - INFO - Train Loss: 1.2247
2025-01-23 16:43:40,547 - INFO - Val Loss: 1.9605
2025-01-23 16:43:40,547 - INFO - Current Val Accuracy: 0.3286
2025-01-23 16:43:40,547 - INFO - Best Val Accuracy: 0.4429
2025-01-23 16:43:40,699 - INFO - Epoch 60
2025-01-23 16:43:40,699 - INFO - Train Loss: 1.2432
2025-01-23 16:43:40,699 - INFO - Val Loss: 2.1254
2025-01-23 16:43:40,699 - INFO - Current Val Accuracy: 0.3929
2025-01-23 16:43:40,699 - INFO - Best Val Accuracy: 0.4429
2025-01-23 16:43:40,760 - INFO - Early stopping triggered after 62 epochs
2025-01-23 16:43:40,760 - INFO - Best validation accuracy: 0.4429
2025-01-23 16:43:40,790 - INFO - Early stopping triggered after 63 epochs
2025-01-23 16:43:40,790 - INFO - Best validation accuracy: 0.4429
2025-01-23 16:43:40,820 - INFO - Early stopping triggered after 64 epochs
2025-01-23 16:43:40,820 - INFO - Best validation accuracy: 0.4429
2025-01-23 16:43:40,851 - INFO - Early stopping triggered after 65 epochs
2025-01-23 16:43:40,851 - INFO - Best validation accuracy: 0.4429
2025-01-23 16:43:40,851 - INFO - Epoch 65
2025-01-23 16:43:40,851 - INFO - Train Loss: 1.0702
2025-01-23 16:43:40,851 - INFO - Val Loss: 2.1343
2025-01-23 16:43:40,851 - INFO - Current Val Accuracy: 0.3643
2025-01-23 16:43:40,851 - INFO - Best Val Accuracy: 0.4429
2025-01-23 16:43:40,882 - INFO - Early stopping triggered after 66 epochs
2025-01-23 16:43:40,882 - INFO - Best validation accuracy: 0.4429
2025-01-23 16:43:40,913 - INFO - Early stopping triggered after 67 epochs
2025-01-23 16:43:40,913 - INFO - Best validation accuracy: 0.4429
2025-01-23 16:43:40,943 - INFO - Early stopping triggered after 68 epochs
2025-01-23 16:43:40,944 - INFO - Best validation accuracy: 0.4429
2025-01-23 16:43:40,974 - INFO - Early stopping triggered after 69 epochs
2025-01-23 16:43:40,974 - INFO - Best validation accuracy: 0.4429
2025-01-23 16:43:41,011 - INFO - Early stopping triggered after 70 epochs
2025-01-23 16:43:41,011 - INFO - Best validation accuracy: 0.4429
2025-01-23 16:43:41,011 - INFO - Epoch 70
2025-01-23 16:43:41,011 - INFO - Train Loss: 0.9653
2025-01-23 16:43:41,011 - INFO - Val Loss: 2.1915
2025-01-23 16:43:41,011 - INFO - Current Val Accuracy: 0.3929
2025-01-23 16:43:41,011 - INFO - Best Val Accuracy: 0.4429
2025-01-23 16:43:41,043 - INFO - Early stopping triggered after 71 epochs
2025-01-23 16:43:41,043 - INFO - Best validation accuracy: 0.4429
2025-01-23 16:43:41,074 - INFO - Early stopping triggered after 72 epochs
2025-01-23 16:43:41,074 - INFO - Best validation accuracy: 0.4429
2025-01-23 16:43:41,106 - INFO - Early stopping triggered after 73 epochs
2025-01-23 16:43:41,106 - INFO - Best validation accuracy: 0.4429
2025-01-23 16:43:41,137 - INFO - Early stopping triggered after 74 epochs
2025-01-23 16:43:41,137 - INFO - Best validation accuracy: 0.4429
2025-01-23 16:43:41,168 - INFO - Early stopping triggered after 75 epochs
2025-01-23 16:43:41,168 - INFO - Best validation accuracy: 0.4429
2025-01-23 16:43:41,168 - INFO - Epoch 75
2025-01-23 16:43:41,168 - INFO - Train Loss: 0.9360
2025-01-23 16:43:41,168 - INFO - Val Loss: 2.0464
2025-01-23 16:43:41,168 - INFO - Current Val Accuracy: 0.4143
2025-01-23 16:43:41,168 - INFO - Best Val Accuracy: 0.4429
2025-01-23 16:43:41,197 - INFO - Early stopping triggered after 76 epochs
2025-01-23 16:43:41,198 - INFO - Best validation accuracy: 0.4429
2025-01-23 16:43:41,228 - INFO - Early stopping triggered after 77 epochs
2025-01-23 16:43:41,228 - INFO - Best validation accuracy: 0.4429
2025-01-23 16:43:41,258 - INFO - Early stopping triggered after 78 epochs
2025-01-23 16:43:41,258 - INFO - Best validation accuracy: 0.4429
2025-01-23 16:43:41,289 - INFO - Early stopping triggered after 79 epochs
2025-01-23 16:43:41,289 - INFO - Best validation accuracy: 0.4429
2025-01-23 16:43:41,320 - INFO - Early stopping triggered after 80 epochs
2025-01-23 16:43:41,320 - INFO - Best validation accuracy: 0.4429
2025-01-23 16:43:41,320 - INFO - Epoch 80
2025-01-23 16:43:41,320 - INFO - Train Loss: 0.7852
2025-01-23 16:43:41,320 - INFO - Val Loss: 2.1427
2025-01-23 16:43:41,320 - INFO - Current Val Accuracy: 0.3571
2025-01-23 16:43:41,320 - INFO - Best Val Accuracy: 0.4429
2025-01-23 16:43:41,351 - INFO - Early stopping triggered after 81 epochs
2025-01-23 16:43:41,351 - INFO - Best validation accuracy: 0.4429
2025-01-23 16:43:41,381 - INFO - Early stopping triggered after 82 epochs
2025-01-23 16:43:41,381 - INFO - Best validation accuracy: 0.4429
2025-01-23 16:43:41,412 - INFO - Early stopping triggered after 83 epochs
2025-01-23 16:43:41,412 - INFO - Best validation accuracy: 0.4429
2025-01-23 16:43:41,444 - INFO - Early stopping triggered after 84 epochs
2025-01-23 16:43:41,445 - INFO - Best validation accuracy: 0.4429
2025-01-23 16:43:41,475 - INFO - Early stopping triggered after 85 epochs
2025-01-23 16:43:41,475 - INFO - Best validation accuracy: 0.4429
2025-01-23 16:43:41,475 - INFO - Epoch 85
2025-01-23 16:43:41,475 - INFO - Train Loss: 0.8427
2025-01-23 16:43:41,475 - INFO - Val Loss: 2.2597
2025-01-23 16:43:41,475 - INFO - Current Val Accuracy: 0.3857
2025-01-23 16:43:41,475 - INFO - Best Val Accuracy: 0.4429
2025-01-23 16:43:41,507 - INFO - Early stopping triggered after 86 epochs
2025-01-23 16:43:41,507 - INFO - Best validation accuracy: 0.4429
2025-01-23 16:43:41,538 - INFO - Early stopping triggered after 87 epochs
2025-01-23 16:43:41,538 - INFO - Best validation accuracy: 0.4429
2025-01-23 16:43:41,569 - INFO - Early stopping triggered after 88 epochs
2025-01-23 16:43:41,569 - INFO - Best validation accuracy: 0.4429
2025-01-23 16:43:41,601 - INFO - Early stopping triggered after 89 epochs
2025-01-23 16:43:41,601 - INFO - Best validation accuracy: 0.4429
2025-01-23 16:43:41,631 - INFO - Early stopping triggered after 90 epochs
2025-01-23 16:43:41,632 - INFO - Best validation accuracy: 0.4429
2025-01-23 16:43:41,632 - INFO - Epoch 90
2025-01-23 16:43:41,632 - INFO - Train Loss: 0.7074
2025-01-23 16:43:41,632 - INFO - Val Loss: 2.4583
2025-01-23 16:43:41,632 - INFO - Current Val Accuracy: 0.3857
2025-01-23 16:43:41,632 - INFO - Best Val Accuracy: 0.4429
2025-01-23 16:43:41,662 - INFO - Early stopping triggered after 91 epochs
2025-01-23 16:43:41,662 - INFO - Best validation accuracy: 0.4429
2025-01-23 16:43:41,692 - INFO - Early stopping triggered after 92 epochs
2025-01-23 16:43:41,692 - INFO - Best validation accuracy: 0.4429
2025-01-23 16:43:41,723 - INFO - Early stopping triggered after 93 epochs
2025-01-23 16:43:41,723 - INFO - Best validation accuracy: 0.4429
2025-01-23 16:43:41,754 - INFO - Early stopping triggered after 94 epochs
2025-01-23 16:43:41,754 - INFO - Best validation accuracy: 0.4429
2025-01-23 16:43:41,785 - INFO - Early stopping triggered after 95 epochs
2025-01-23 16:43:41,785 - INFO - Best validation accuracy: 0.4429
2025-01-23 16:43:41,785 - INFO - Epoch 95
2025-01-23 16:43:41,785 - INFO - Train Loss: 0.6896
2025-01-23 16:43:41,785 - INFO - Val Loss: 2.0472
2025-01-23 16:43:41,785 - INFO - Current Val Accuracy: 0.4143
2025-01-23 16:43:41,785 - INFO - Best Val Accuracy: 0.4429
2025-01-23 16:43:41,817 - INFO - Early stopping triggered after 96 epochs
2025-01-23 16:43:41,817 - INFO - Best validation accuracy: 0.4429
2025-01-23 16:43:41,847 - INFO - Early stopping triggered after 97 epochs
2025-01-23 16:43:41,847 - INFO - Best validation accuracy: 0.4429
2025-01-23 16:43:41,878 - INFO - Early stopping triggered after 98 epochs
2025-01-23 16:43:41,878 - INFO - Best validation accuracy: 0.4429
2025-01-23 16:43:41,909 - INFO - Early stopping triggered after 99 epochs
2025-01-23 16:43:41,909 - INFO - Best validation accuracy: 0.4429
2025-01-23 16:43:41,943 - INFO - Epoch 100: New best validation accuracy: 0.4500
2025-01-23 16:43:41,943 - INFO - Epoch 100
2025-01-23 16:43:41,943 - INFO - Train Loss: 0.5960
2025-01-23 16:43:41,943 - INFO - Val Loss: 2.2201
2025-01-23 16:43:41,943 - INFO - Current Val Accuracy: 0.4500
2025-01-23 16:43:41,943 - INFO - Best Val Accuracy: 0.4500
2025-01-23 16:44:16,864 - INFO - 
Fold 5/5 results:
2025-01-23 16:44:16,864 - INFO - Standard model metrics:
2025-01-23 16:44:16,864 - INFO - accuracy: 0.2400
2025-01-23 16:44:16,864 - INFO - precision: 0.1769
2025-01-23 16:44:16,864 - INFO - recall: 0.2381
2025-01-23 16:44:16,864 - INFO - f1: 0.1907
2025-01-23 16:44:16,864 - INFO - 
Test-time compute metrics (beam search):
2025-01-23 16:44:16,864 - INFO - accuracy: 0.1600
2025-01-23 16:44:16,864 - INFO - precision: 0.1327
2025-01-23 16:44:16,864 - INFO - recall: 0.1667
2025-01-23 16:44:16,865 - INFO - f1: 0.1307
2025-01-23 16:44:16,865 - INFO - 
Test-time compute metrics (genetic programming):
2025-01-23 16:44:16,865 - INFO - accuracy: 0.2800
2025-01-23 16:44:16,865 - INFO - precision: 0.1956
2025-01-23 16:44:16,865 - INFO - recall: 0.3095
2025-01-23 16:44:16,865 - INFO - f1: 0.2119
2025-01-23 16:44:16,865 - INFO - 
Test-time compute metrics (monte carlo rollout):
2025-01-23 16:44:16,865 - INFO - accuracy: 0.1600
2025-01-23 16:44:16,865 - INFO - precision: 0.1408
2025-01-23 16:44:16,865 - INFO - recall: 0.1667
2025-01-23 16:44:16,865 - INFO - f1: 0.1365
2025-01-23 16:44:16,866 - INFO - 
Final Standard Model Performance (mean  std):
2025-01-23 16:44:16,866 - INFO - accuracy: 0.3249  0.0904
2025-01-23 16:44:16,866 - INFO - precision: 0.3318  0.0821
2025-01-23 16:44:16,866 - INFO - recall: 0.3310  0.0951
2025-01-23 16:44:16,866 - INFO - f1: 0.2949  0.0789
2025-01-23 16:44:16,866 - INFO - 
Final Test-Time Compute Performance (Beam Search) (mean  std):
2025-01-23 16:44:16,866 - INFO - accuracy: 0.3249  0.0868
2025-01-23 16:44:16,866 - INFO - precision: 0.3187  0.1090
2025-01-23 16:44:16,866 - INFO - recall: 0.3286  0.0860
2025-01-23 16:44:16,866 - INFO - f1: 0.2743  0.0811
2025-01-23 16:44:16,866 - INFO - 
Final Test-Time Compute Performance (Genetic Programming) (mean  std):
2025-01-23 16:44:16,866 - INFO - accuracy: 0.3329  0.0509
2025-01-23 16:44:16,866 - INFO - precision: 0.3389  0.1174
2025-01-23 16:44:16,866 - INFO - recall: 0.3357  0.0448
2025-01-23 16:44:16,866 - INFO - f1: 0.2853  0.0653
2025-01-23 16:44:16,866 - INFO - 
Final Test-Time Compute Performance (Monte Carlo Search) (mean  std):
2025-01-23 16:44:16,866 - INFO - accuracy: 0.2535  0.1135
2025-01-23 16:44:16,866 - INFO - precision: 0.2145  0.0943
2025-01-23 16:44:16,866 - INFO - recall: 0.2500  0.1081
2025-01-23 16:44:16,866 - INFO - f1: 0.2163  0.0923
2025-01-23 16:44:16,866 - INFO - 
Relative Improvements with Test-Time Compute (Beam Search):
2025-01-23 16:44:16,866 - INFO - accuracy: +0.00%
2025-01-23 16:44:16,866 - INFO - precision: -3.94%
2025-01-23 16:44:16,866 - INFO - recall: -0.72%
2025-01-23 16:44:16,866 - INFO - f1: -6.98%
2025-01-23 16:44:16,866 - INFO - 
Relative Improvements with Test-Time Compute (Genetic Programming):
2025-01-23 16:44:16,866 - INFO - accuracy: +2.46%
2025-01-23 16:44:16,866 - INFO - precision: +2.14%
2025-01-23 16:44:16,866 - INFO - recall: +1.44%
2025-01-23 16:44:16,866 - INFO - f1: -3.26%
2025-01-23 16:44:16,866 - INFO - 
Relative Improvements with Test-Time Compute (Monte Carlo Search):
2025-01-23 16:44:16,866 - INFO - accuracy: -21.97%
2025-01-23 16:44:16,866 - INFO - precision: -35.35%
2025-01-23 16:44:16,866 - INFO - recall: -24.46%
2025-01-23 16:44:16,866 - INFO - f1: -26.64%
