2024-11-27 19:45:00,815 - INFO - Starting training pipeline
2024-11-27 19:45:00,816 - INFO - Starting main training phase
2024-11-27 19:45:00,816 - INFO - Loading dataset: species
2024-11-27 19:45:00,816 - INFO - Loading data from: /vol/ecrg-solar/woodj4/fishy-business/data/REIMS.xlsx
2024-11-27 19:45:09,964 - INFO - Loaded data with shape: (306, 2081)
2024-11-27 19:45:09,969 - INFO - Filtered data shape: (108, 2081)
2024-11-27 19:45:09,969 - INFO - Dataset shape after filtering: (108, 2081)
2024-11-27 19:45:09,971 - INFO - Features shape: (108, 2080), Labels shape: (108, 2)
2024-11-27 19:45:10,450 - INFO - Created model: Transformer(
  (attention_layers): ModuleList(
    (0-3): 4 x MultiHeadAttention(
      (qkv): Linear(in_features=2080, out_features=6240, bias=True)
      (fc_out): Linear(in_features=2080, out_features=2080, bias=True)
    )
  )
  (feed_forward): Sequential(
    (0): Linear(in_features=2080, out_features=128, bias=True)
    (1): GELU(approximate='none')
    (2): Dropout(p=0.2, inplace=False)
    (3): Linear(in_features=128, out_features=2080, bias=True)
  )
  (layer_norm1): LayerNorm((2080,), eps=1e-05, elementwise_affine=True)
  (layer_norm2): LayerNorm((2080,), eps=1e-05, elementwise_affine=True)
  (dropout): Dropout(p=0.2, inplace=False)
  (fc_out): Linear(in_features=2080, out_features=2, bias=True)
)
2024-11-27 19:45:10,747 - INFO - Starting k-fold cross validation training
2024-11-27 19:45:10,753 - INFO - 
Starting Fold 1/5
2024-11-27 19:45:10,914 - INFO - Epoch 1: New best validation accuracy: 0.9083
2024-11-27 19:45:11,006 - INFO - Epoch 4: New best validation accuracy: 0.9583
2024-11-27 19:45:11,037 - INFO - Epoch 5
2024-11-27 19:45:11,037 - INFO - Train Loss: 5.2883
2024-11-27 19:45:11,037 - INFO - Val Loss: 3.9733
2024-11-27 19:45:11,037 - INFO - Current Val Accuracy: 0.9167
2024-11-27 19:45:11,037 - INFO - Best Val Accuracy: 0.9583
2024-11-27 19:45:11,196 - INFO - Epoch 10
2024-11-27 19:45:11,196 - INFO - Train Loss: 5.5776
2024-11-27 19:45:11,196 - INFO - Val Loss: 20.3513
2024-11-27 19:45:11,196 - INFO - Current Val Accuracy: 0.6667
2024-11-27 19:45:11,196 - INFO - Best Val Accuracy: 0.9583
2024-11-27 19:45:11,261 - INFO - Epoch 12: New best validation accuracy: 1.0000
2024-11-27 19:45:11,261 - INFO - Achieved perfect validation accuracy!
2024-11-27 19:45:11,261 - INFO - Current metrics:
2024-11-27 19:45:11,261 - INFO - balanced_accuracy: 1.0000
2024-11-27 19:45:11,261 - INFO - precision: 1.0000
2024-11-27 19:45:11,261 - INFO - recall: 1.0000
2024-11-27 19:45:11,261 - INFO - f1: 1.0000
2024-11-27 19:45:11,261 - INFO - auc_roc: 1.0000
2024-11-27 19:45:11,357 - INFO - Epoch 15
2024-11-27 19:45:11,357 - INFO - Train Loss: 9.0932
2024-11-27 19:45:11,357 - INFO - Val Loss: 6.4486
2024-11-27 19:45:11,357 - INFO - Current Val Accuracy: 1.0000
2024-11-27 19:45:11,357 - INFO - Best Val Accuracy: 1.0000
2024-11-27 19:45:11,517 - INFO - Epoch 20
2024-11-27 19:45:11,517 - INFO - Train Loss: 3.4878
2024-11-27 19:45:11,517 - INFO - Val Loss: 1.5687
2024-11-27 19:45:11,517 - INFO - Current Val Accuracy: 0.9000
2024-11-27 19:45:11,517 - INFO - Best Val Accuracy: 1.0000
2024-11-27 19:45:11,581 - INFO - Early stopping triggered after 22 epochs
2024-11-27 19:45:11,581 - INFO - Best validation accuracy: 1.0000
2024-11-27 19:45:11,613 - INFO - Early stopping triggered after 23 epochs
2024-11-27 19:45:11,613 - INFO - Best validation accuracy: 1.0000
2024-11-27 19:45:11,642 - INFO - Early stopping triggered after 24 epochs
2024-11-27 19:45:11,642 - INFO - Best validation accuracy: 1.0000
2024-11-27 19:45:11,674 - INFO - Early stopping triggered after 25 epochs
2024-11-27 19:45:11,674 - INFO - Best validation accuracy: 1.0000
2024-11-27 19:45:11,674 - INFO - Epoch 25
2024-11-27 19:45:11,674 - INFO - Train Loss: 2.7820
2024-11-27 19:45:11,674 - INFO - Val Loss: 1.8093
2024-11-27 19:45:11,674 - INFO - Current Val Accuracy: 1.0000
2024-11-27 19:45:11,674 - INFO - Best Val Accuracy: 1.0000
2024-11-27 19:45:11,706 - INFO - Early stopping triggered after 26 epochs
2024-11-27 19:45:11,706 - INFO - Best validation accuracy: 1.0000
2024-11-27 19:45:11,738 - INFO - Early stopping triggered after 27 epochs
2024-11-27 19:45:11,738 - INFO - Best validation accuracy: 1.0000
2024-11-27 19:45:11,770 - INFO - Early stopping triggered after 28 epochs
2024-11-27 19:45:11,770 - INFO - Best validation accuracy: 1.0000
2024-11-27 19:45:11,802 - INFO - Early stopping triggered after 29 epochs
2024-11-27 19:45:11,802 - INFO - Best validation accuracy: 1.0000
2024-11-27 19:45:11,834 - INFO - Early stopping triggered after 30 epochs
2024-11-27 19:45:11,834 - INFO - Best validation accuracy: 1.0000
2024-11-27 19:45:11,834 - INFO - Epoch 30
2024-11-27 19:45:11,834 - INFO - Train Loss: 1.8046
2024-11-27 19:45:11,834 - INFO - Val Loss: 1.4180
2024-11-27 19:45:11,834 - INFO - Current Val Accuracy: 0.9167
2024-11-27 19:45:11,834 - INFO - Best Val Accuracy: 1.0000
2024-11-27 19:45:11,866 - INFO - Early stopping triggered after 31 epochs
2024-11-27 19:45:11,866 - INFO - Best validation accuracy: 1.0000
2024-11-27 19:45:11,898 - INFO - Early stopping triggered after 32 epochs
2024-11-27 19:45:11,898 - INFO - Best validation accuracy: 1.0000
2024-11-27 19:45:11,930 - INFO - Early stopping triggered after 33 epochs
2024-11-27 19:45:11,930 - INFO - Best validation accuracy: 1.0000
2024-11-27 19:45:11,962 - INFO - Early stopping triggered after 34 epochs
2024-11-27 19:45:11,962 - INFO - Best validation accuracy: 1.0000
2024-11-27 19:45:11,994 - INFO - Early stopping triggered after 35 epochs
2024-11-27 19:45:11,994 - INFO - Best validation accuracy: 1.0000
2024-11-27 19:45:11,994 - INFO - Epoch 35
2024-11-27 19:45:11,994 - INFO - Train Loss: 1.6275
2024-11-27 19:45:11,994 - INFO - Val Loss: 1.7070
2024-11-27 19:45:11,994 - INFO - Current Val Accuracy: 0.9583
2024-11-27 19:45:11,994 - INFO - Best Val Accuracy: 1.0000
2024-11-27 19:45:12,026 - INFO - Early stopping triggered after 36 epochs
2024-11-27 19:45:12,026 - INFO - Best validation accuracy: 1.0000
2024-11-27 19:45:12,058 - INFO - Early stopping triggered after 37 epochs
2024-11-27 19:45:12,058 - INFO - Best validation accuracy: 1.0000
2024-11-27 19:45:12,090 - INFO - Early stopping triggered after 38 epochs
2024-11-27 19:45:12,090 - INFO - Best validation accuracy: 1.0000
2024-11-27 19:45:12,122 - INFO - Early stopping triggered after 39 epochs
2024-11-27 19:45:12,122 - INFO - Best validation accuracy: 1.0000
2024-11-27 19:45:12,154 - INFO - Early stopping triggered after 40 epochs
2024-11-27 19:45:12,154 - INFO - Best validation accuracy: 1.0000
2024-11-27 19:45:12,154 - INFO - Epoch 40
2024-11-27 19:45:12,154 - INFO - Train Loss: 2.3536
2024-11-27 19:45:12,154 - INFO - Val Loss: 1.7783
2024-11-27 19:45:12,154 - INFO - Current Val Accuracy: 1.0000
2024-11-27 19:45:12,154 - INFO - Best Val Accuracy: 1.0000
2024-11-27 19:45:12,186 - INFO - Early stopping triggered after 41 epochs
2024-11-27 19:45:12,186 - INFO - Best validation accuracy: 1.0000
2024-11-27 19:45:12,218 - INFO - Early stopping triggered after 42 epochs
2024-11-27 19:45:12,218 - INFO - Best validation accuracy: 1.0000
2024-11-27 19:45:12,250 - INFO - Early stopping triggered after 43 epochs
2024-11-27 19:45:12,250 - INFO - Best validation accuracy: 1.0000
2024-11-27 19:45:12,282 - INFO - Early stopping triggered after 44 epochs
2024-11-27 19:45:12,282 - INFO - Best validation accuracy: 1.0000
2024-11-27 19:45:12,314 - INFO - Early stopping triggered after 45 epochs
2024-11-27 19:45:12,314 - INFO - Best validation accuracy: 1.0000
2024-11-27 19:45:12,314 - INFO - Epoch 45
2024-11-27 19:45:12,314 - INFO - Train Loss: 1.5599
2024-11-27 19:45:12,314 - INFO - Val Loss: 0.7884
2024-11-27 19:45:12,314 - INFO - Current Val Accuracy: 1.0000
2024-11-27 19:45:12,314 - INFO - Best Val Accuracy: 1.0000
2024-11-27 19:45:12,346 - INFO - Early stopping triggered after 46 epochs
2024-11-27 19:45:12,346 - INFO - Best validation accuracy: 1.0000
2024-11-27 19:45:12,378 - INFO - Early stopping triggered after 47 epochs
2024-11-27 19:45:12,378 - INFO - Best validation accuracy: 1.0000
2024-11-27 19:45:12,410 - INFO - Early stopping triggered after 48 epochs
2024-11-27 19:45:12,410 - INFO - Best validation accuracy: 1.0000
2024-11-27 19:45:12,441 - INFO - Early stopping triggered after 49 epochs
2024-11-27 19:45:12,441 - INFO - Best validation accuracy: 1.0000
2024-11-27 19:45:12,473 - INFO - Early stopping triggered after 50 epochs
2024-11-27 19:45:12,473 - INFO - Best validation accuracy: 1.0000
2024-11-27 19:45:12,473 - INFO - Epoch 50
2024-11-27 19:45:12,473 - INFO - Train Loss: 4.2960
2024-11-27 19:45:12,473 - INFO - Val Loss: 4.5328
2024-11-27 19:45:12,474 - INFO - Current Val Accuracy: 1.0000
2024-11-27 19:45:12,474 - INFO - Best Val Accuracy: 1.0000
2024-11-27 19:45:12,505 - INFO - Early stopping triggered after 51 epochs
2024-11-27 19:45:12,505 - INFO - Best validation accuracy: 1.0000
2024-11-27 19:45:12,537 - INFO - Early stopping triggered after 52 epochs
2024-11-27 19:45:12,537 - INFO - Best validation accuracy: 1.0000
2024-11-27 19:45:12,569 - INFO - Early stopping triggered after 53 epochs
2024-11-27 19:45:12,569 - INFO - Best validation accuracy: 1.0000
2024-11-27 19:45:12,601 - INFO - Early stopping triggered after 54 epochs
2024-11-27 19:45:12,601 - INFO - Best validation accuracy: 1.0000
2024-11-27 19:45:12,631 - INFO - Early stopping triggered after 55 epochs
2024-11-27 19:45:12,631 - INFO - Best validation accuracy: 1.0000
2024-11-27 19:45:12,631 - INFO - Epoch 55
2024-11-27 19:45:12,631 - INFO - Train Loss: 3.8578
2024-11-27 19:45:12,631 - INFO - Val Loss: 2.6142
2024-11-27 19:45:12,631 - INFO - Current Val Accuracy: 1.0000
2024-11-27 19:45:12,631 - INFO - Best Val Accuracy: 1.0000
2024-11-27 19:45:12,663 - INFO - Early stopping triggered after 56 epochs
2024-11-27 19:45:12,663 - INFO - Best validation accuracy: 1.0000
2024-11-27 19:45:12,695 - INFO - Early stopping triggered after 57 epochs
2024-11-27 19:45:12,695 - INFO - Best validation accuracy: 1.0000
2024-11-27 19:45:12,727 - INFO - Early stopping triggered after 58 epochs
2024-11-27 19:45:12,727 - INFO - Best validation accuracy: 1.0000
2024-11-27 19:45:12,759 - INFO - Early stopping triggered after 59 epochs
2024-11-27 19:45:12,759 - INFO - Best validation accuracy: 1.0000
2024-11-27 19:45:12,791 - INFO - Early stopping triggered after 60 epochs
2024-11-27 19:45:12,791 - INFO - Best validation accuracy: 1.0000
2024-11-27 19:45:12,791 - INFO - Epoch 60
2024-11-27 19:45:12,791 - INFO - Train Loss: 1.4210
2024-11-27 19:45:12,791 - INFO - Val Loss: 2.2182
2024-11-27 19:45:12,791 - INFO - Current Val Accuracy: 0.7833
2024-11-27 19:45:12,791 - INFO - Best Val Accuracy: 1.0000
2024-11-27 19:45:12,823 - INFO - Early stopping triggered after 61 epochs
2024-11-27 19:45:12,823 - INFO - Best validation accuracy: 1.0000
2024-11-27 19:45:12,855 - INFO - Early stopping triggered after 62 epochs
2024-11-27 19:45:12,855 - INFO - Best validation accuracy: 1.0000
2024-11-27 19:45:12,887 - INFO - Early stopping triggered after 63 epochs
2024-11-27 19:45:12,887 - INFO - Best validation accuracy: 1.0000
2024-11-27 19:45:12,919 - INFO - Early stopping triggered after 64 epochs
2024-11-27 19:45:12,919 - INFO - Best validation accuracy: 1.0000
2024-11-27 19:45:12,948 - INFO - Early stopping triggered after 65 epochs
2024-11-27 19:45:12,948 - INFO - Best validation accuracy: 1.0000
2024-11-27 19:45:12,948 - INFO - Epoch 65
2024-11-27 19:45:12,948 - INFO - Train Loss: 1.4182
2024-11-27 19:45:12,948 - INFO - Val Loss: 0.9742
2024-11-27 19:45:12,948 - INFO - Current Val Accuracy: 1.0000
2024-11-27 19:45:12,948 - INFO - Best Val Accuracy: 1.0000
2024-11-27 19:45:12,979 - INFO - Early stopping triggered after 66 epochs
2024-11-27 19:45:12,979 - INFO - Best validation accuracy: 1.0000
2024-11-27 19:45:13,011 - INFO - Early stopping triggered after 67 epochs
2024-11-27 19:45:13,011 - INFO - Best validation accuracy: 1.0000
2024-11-27 19:45:13,043 - INFO - Early stopping triggered after 68 epochs
2024-11-27 19:45:13,043 - INFO - Best validation accuracy: 1.0000
2024-11-27 19:45:13,075 - INFO - Early stopping triggered after 69 epochs
2024-11-27 19:45:13,075 - INFO - Best validation accuracy: 1.0000
2024-11-27 19:45:13,107 - INFO - Early stopping triggered after 70 epochs
2024-11-27 19:45:13,107 - INFO - Best validation accuracy: 1.0000
2024-11-27 19:45:13,107 - INFO - Epoch 70
2024-11-27 19:45:13,107 - INFO - Train Loss: 0.4383
2024-11-27 19:45:13,107 - INFO - Val Loss: 0.4943
2024-11-27 19:45:13,107 - INFO - Current Val Accuracy: 0.9500
2024-11-27 19:45:13,107 - INFO - Best Val Accuracy: 1.0000
2024-11-27 19:45:13,139 - INFO - Early stopping triggered after 71 epochs
2024-11-27 19:45:13,139 - INFO - Best validation accuracy: 1.0000
2024-11-27 19:45:13,171 - INFO - Early stopping triggered after 72 epochs
2024-11-27 19:45:13,171 - INFO - Best validation accuracy: 1.0000
2024-11-27 19:45:13,203 - INFO - Early stopping triggered after 73 epochs
2024-11-27 19:45:13,203 - INFO - Best validation accuracy: 1.0000
2024-11-27 19:45:13,235 - INFO - Early stopping triggered after 74 epochs
2024-11-27 19:45:13,235 - INFO - Best validation accuracy: 1.0000
2024-11-27 19:45:13,267 - INFO - Early stopping triggered after 75 epochs
2024-11-27 19:45:13,267 - INFO - Best validation accuracy: 1.0000
2024-11-27 19:45:13,267 - INFO - Epoch 75
2024-11-27 19:45:13,267 - INFO - Train Loss: 0.3920
2024-11-27 19:45:13,267 - INFO - Val Loss: 0.4088
2024-11-27 19:45:13,267 - INFO - Current Val Accuracy: 0.9500
2024-11-27 19:45:13,267 - INFO - Best Val Accuracy: 1.0000
2024-11-27 19:45:13,299 - INFO - Early stopping triggered after 76 epochs
2024-11-27 19:45:13,299 - INFO - Best validation accuracy: 1.0000
2024-11-27 19:45:13,331 - INFO - Early stopping triggered after 77 epochs
2024-11-27 19:45:13,331 - INFO - Best validation accuracy: 1.0000
2024-11-27 19:45:13,363 - INFO - Early stopping triggered after 78 epochs
2024-11-27 19:45:13,363 - INFO - Best validation accuracy: 1.0000
2024-11-27 19:45:13,394 - INFO - Early stopping triggered after 79 epochs
2024-11-27 19:45:13,395 - INFO - Best validation accuracy: 1.0000
2024-11-27 19:45:13,426 - INFO - Early stopping triggered after 80 epochs
2024-11-27 19:45:13,426 - INFO - Best validation accuracy: 1.0000
2024-11-27 19:45:13,426 - INFO - Epoch 80
2024-11-27 19:45:13,426 - INFO - Train Loss: 1.9303
2024-11-27 19:45:13,427 - INFO - Val Loss: 1.5787
2024-11-27 19:45:13,427 - INFO - Current Val Accuracy: 0.9167
2024-11-27 19:45:13,427 - INFO - Best Val Accuracy: 1.0000
2024-11-27 19:45:13,458 - INFO - Early stopping triggered after 81 epochs
2024-11-27 19:45:13,458 - INFO - Best validation accuracy: 1.0000
2024-11-27 19:45:13,490 - INFO - Early stopping triggered after 82 epochs
2024-11-27 19:45:13,490 - INFO - Best validation accuracy: 1.0000
2024-11-27 19:45:13,522 - INFO - Early stopping triggered after 83 epochs
2024-11-27 19:45:13,522 - INFO - Best validation accuracy: 1.0000
2024-11-27 19:45:13,554 - INFO - Early stopping triggered after 84 epochs
2024-11-27 19:45:13,554 - INFO - Best validation accuracy: 1.0000
2024-11-27 19:45:13,586 - INFO - Early stopping triggered after 85 epochs
2024-11-27 19:45:13,586 - INFO - Best validation accuracy: 1.0000
2024-11-27 19:45:13,586 - INFO - Epoch 85
2024-11-27 19:45:13,586 - INFO - Train Loss: 1.8800
2024-11-27 19:45:13,586 - INFO - Val Loss: 1.7033
2024-11-27 19:45:13,586 - INFO - Current Val Accuracy: 1.0000
2024-11-27 19:45:13,586 - INFO - Best Val Accuracy: 1.0000
2024-11-27 19:45:13,618 - INFO - Early stopping triggered after 86 epochs
2024-11-27 19:45:13,618 - INFO - Best validation accuracy: 1.0000
2024-11-27 19:45:13,650 - INFO - Early stopping triggered after 87 epochs
2024-11-27 19:45:13,650 - INFO - Best validation accuracy: 1.0000
2024-11-27 19:45:13,682 - INFO - Early stopping triggered after 88 epochs
2024-11-27 19:45:13,682 - INFO - Best validation accuracy: 1.0000
2024-11-27 19:45:13,714 - INFO - Early stopping triggered after 89 epochs
2024-11-27 19:45:13,714 - INFO - Best validation accuracy: 1.0000
2024-11-27 19:45:13,746 - INFO - Early stopping triggered after 90 epochs
2024-11-27 19:45:13,746 - INFO - Best validation accuracy: 1.0000
2024-11-27 19:45:13,746 - INFO - Epoch 90
2024-11-27 19:45:13,746 - INFO - Train Loss: 1.0289
2024-11-27 19:45:13,746 - INFO - Val Loss: 0.7242
2024-11-27 19:45:13,746 - INFO - Current Val Accuracy: 1.0000
2024-11-27 19:45:13,746 - INFO - Best Val Accuracy: 1.0000
2024-11-27 19:45:13,778 - INFO - Early stopping triggered after 91 epochs
2024-11-27 19:45:13,778 - INFO - Best validation accuracy: 1.0000
2024-11-27 19:45:13,810 - INFO - Early stopping triggered after 92 epochs
2024-11-27 19:45:13,810 - INFO - Best validation accuracy: 1.0000
2024-11-27 19:45:13,842 - INFO - Early stopping triggered after 93 epochs
2024-11-27 19:45:13,842 - INFO - Best validation accuracy: 1.0000
2024-11-27 19:45:13,873 - INFO - Early stopping triggered after 94 epochs
2024-11-27 19:45:13,873 - INFO - Best validation accuracy: 1.0000
2024-11-27 19:45:13,905 - INFO - Early stopping triggered after 95 epochs
2024-11-27 19:45:13,905 - INFO - Best validation accuracy: 1.0000
2024-11-27 19:45:13,905 - INFO - Epoch 95
2024-11-27 19:45:13,905 - INFO - Train Loss: 0.5083
2024-11-27 19:45:13,905 - INFO - Val Loss: 0.5125
2024-11-27 19:45:13,905 - INFO - Current Val Accuracy: 0.7750
2024-11-27 19:45:13,905 - INFO - Best Val Accuracy: 1.0000
2024-11-27 19:45:13,937 - INFO - Early stopping triggered after 96 epochs
2024-11-27 19:45:13,937 - INFO - Best validation accuracy: 1.0000
2024-11-27 19:45:13,969 - INFO - Early stopping triggered after 97 epochs
2024-11-27 19:45:13,969 - INFO - Best validation accuracy: 1.0000
2024-11-27 19:45:14,001 - INFO - Early stopping triggered after 98 epochs
2024-11-27 19:45:14,001 - INFO - Best validation accuracy: 1.0000
2024-11-27 19:45:14,033 - INFO - Early stopping triggered after 99 epochs
2024-11-27 19:45:14,033 - INFO - Best validation accuracy: 1.0000
2024-11-27 19:45:14,065 - INFO - Early stopping triggered after 100 epochs
2024-11-27 19:45:14,065 - INFO - Best validation accuracy: 1.0000
2024-11-27 19:45:14,065 - INFO - Epoch 100
2024-11-27 19:45:14,065 - INFO - Train Loss: 0.5601
2024-11-27 19:45:14,065 - INFO - Val Loss: 0.7081
2024-11-27 19:45:14,065 - INFO - Current Val Accuracy: 0.8750
2024-11-27 19:45:14,065 - INFO - Best Val Accuracy: 1.0000
2024-11-27 19:45:14,066 - INFO - 
New best overall accuracy: 1.0000 (Fold 1)
2024-11-27 19:45:14,066 - INFO - 
Starting Fold 2/5
2024-11-27 19:45:14,104 - INFO - Epoch 1: New best validation accuracy: 0.9500
2024-11-27 19:45:14,230 - INFO - Epoch 5
2024-11-27 19:45:14,230 - INFO - Train Loss: 6.8739
2024-11-27 19:45:14,230 - INFO - Val Loss: 42.4942
2024-11-27 19:45:14,230 - INFO - Current Val Accuracy: 0.5250
2024-11-27 19:45:14,230 - INFO - Best Val Accuracy: 0.9500
2024-11-27 19:45:14,389 - INFO - Epoch 10
2024-11-27 19:45:14,389 - INFO - Train Loss: 8.9471
2024-11-27 19:45:14,389 - INFO - Val Loss: 10.2644
2024-11-27 19:45:14,389 - INFO - Current Val Accuracy: 0.9500
2024-11-27 19:45:14,389 - INFO - Best Val Accuracy: 0.9500
2024-11-27 19:45:14,421 - INFO - Early stopping triggered after 11 epochs
2024-11-27 19:45:14,421 - INFO - Best validation accuracy: 0.9500
2024-11-27 19:45:14,452 - INFO - Early stopping triggered after 12 epochs
2024-11-27 19:45:14,452 - INFO - Best validation accuracy: 0.9500
2024-11-27 19:45:14,484 - INFO - Early stopping triggered after 13 epochs
2024-11-27 19:45:14,484 - INFO - Best validation accuracy: 0.9500
2024-11-27 19:45:14,516 - INFO - Early stopping triggered after 14 epochs
2024-11-27 19:45:14,516 - INFO - Best validation accuracy: 0.9500
2024-11-27 19:45:14,548 - INFO - Early stopping triggered after 15 epochs
2024-11-27 19:45:14,548 - INFO - Best validation accuracy: 0.9500
2024-11-27 19:45:14,548 - INFO - Epoch 15
2024-11-27 19:45:14,548 - INFO - Train Loss: 3.4683
2024-11-27 19:45:14,548 - INFO - Val Loss: 1.8378
2024-11-27 19:45:14,548 - INFO - Current Val Accuracy: 0.9167
2024-11-27 19:45:14,548 - INFO - Best Val Accuracy: 0.9500
2024-11-27 19:45:14,580 - INFO - Early stopping triggered after 16 epochs
2024-11-27 19:45:14,580 - INFO - Best validation accuracy: 0.9500
2024-11-27 19:45:14,611 - INFO - Early stopping triggered after 17 epochs
2024-11-27 19:45:14,612 - INFO - Best validation accuracy: 0.9500
2024-11-27 19:45:14,643 - INFO - Early stopping triggered after 18 epochs
2024-11-27 19:45:14,643 - INFO - Best validation accuracy: 0.9500
2024-11-27 19:45:14,675 - INFO - Early stopping triggered after 19 epochs
2024-11-27 19:45:14,675 - INFO - Best validation accuracy: 0.9500
2024-11-27 19:45:14,707 - INFO - Early stopping triggered after 20 epochs
2024-11-27 19:45:14,707 - INFO - Best validation accuracy: 0.9500
2024-11-27 19:45:14,707 - INFO - Epoch 20
2024-11-27 19:45:14,707 - INFO - Train Loss: 3.1783
2024-11-27 19:45:14,707 - INFO - Val Loss: 5.5948
2024-11-27 19:45:14,707 - INFO - Current Val Accuracy: 0.9500
2024-11-27 19:45:14,707 - INFO - Best Val Accuracy: 0.9500
2024-11-27 19:45:14,739 - INFO - Early stopping triggered after 21 epochs
2024-11-27 19:45:14,739 - INFO - Best validation accuracy: 0.9500
2024-11-27 19:45:14,771 - INFO - Early stopping triggered after 22 epochs
2024-11-27 19:45:14,771 - INFO - Best validation accuracy: 0.9500
2024-11-27 19:45:14,803 - INFO - Early stopping triggered after 23 epochs
2024-11-27 19:45:14,803 - INFO - Best validation accuracy: 0.9500
2024-11-27 19:45:14,835 - INFO - Early stopping triggered after 24 epochs
2024-11-27 19:45:14,835 - INFO - Best validation accuracy: 0.9500
2024-11-27 19:45:14,867 - INFO - Early stopping triggered after 25 epochs
2024-11-27 19:45:14,867 - INFO - Best validation accuracy: 0.9500
2024-11-27 19:45:14,867 - INFO - Epoch 25
2024-11-27 19:45:14,867 - INFO - Train Loss: 8.5740
2024-11-27 19:45:14,867 - INFO - Val Loss: 3.1499
2024-11-27 19:45:14,867 - INFO - Current Val Accuracy: 0.8083
2024-11-27 19:45:14,867 - INFO - Best Val Accuracy: 0.9500
2024-11-27 19:45:14,899 - INFO - Early stopping triggered after 26 epochs
2024-11-27 19:45:14,899 - INFO - Best validation accuracy: 0.9500
2024-11-27 19:45:14,931 - INFO - Early stopping triggered after 27 epochs
2024-11-27 19:45:14,931 - INFO - Best validation accuracy: 0.9500
2024-11-27 19:45:14,963 - INFO - Early stopping triggered after 28 epochs
2024-11-27 19:45:14,963 - INFO - Best validation accuracy: 0.9500
2024-11-27 19:45:14,995 - INFO - Early stopping triggered after 29 epochs
2024-11-27 19:45:14,995 - INFO - Best validation accuracy: 0.9500
2024-11-27 19:45:15,027 - INFO - Early stopping triggered after 30 epochs
2024-11-27 19:45:15,027 - INFO - Best validation accuracy: 0.9500
2024-11-27 19:45:15,027 - INFO - Epoch 30
2024-11-27 19:45:15,027 - INFO - Train Loss: 4.3445
2024-11-27 19:45:15,027 - INFO - Val Loss: 7.4725
2024-11-27 19:45:15,027 - INFO - Current Val Accuracy: 0.9500
2024-11-27 19:45:15,027 - INFO - Best Val Accuracy: 0.9500
2024-11-27 19:45:15,059 - INFO - Early stopping triggered after 31 epochs
2024-11-27 19:45:15,059 - INFO - Best validation accuracy: 0.9500
2024-11-27 19:45:15,090 - INFO - Early stopping triggered after 32 epochs
2024-11-27 19:45:15,090 - INFO - Best validation accuracy: 0.9500
2024-11-27 19:45:15,122 - INFO - Early stopping triggered after 33 epochs
2024-11-27 19:45:15,122 - INFO - Best validation accuracy: 0.9500
2024-11-27 19:45:15,154 - INFO - Early stopping triggered after 34 epochs
2024-11-27 19:45:15,154 - INFO - Best validation accuracy: 0.9500
2024-11-27 19:45:15,186 - INFO - Early stopping triggered after 35 epochs
2024-11-27 19:45:15,186 - INFO - Best validation accuracy: 0.9500
2024-11-27 19:45:15,186 - INFO - Epoch 35
2024-11-27 19:45:15,186 - INFO - Train Loss: 2.5272
2024-11-27 19:45:15,186 - INFO - Val Loss: 2.0178
2024-11-27 19:45:15,186 - INFO - Current Val Accuracy: 0.9500
2024-11-27 19:45:15,186 - INFO - Best Val Accuracy: 0.9500
2024-11-27 19:45:15,218 - INFO - Early stopping triggered after 36 epochs
2024-11-27 19:45:15,218 - INFO - Best validation accuracy: 0.9500
2024-11-27 19:45:15,250 - INFO - Early stopping triggered after 37 epochs
2024-11-27 19:45:15,250 - INFO - Best validation accuracy: 0.9500
2024-11-27 19:45:15,281 - INFO - Early stopping triggered after 38 epochs
2024-11-27 19:45:15,282 - INFO - Best validation accuracy: 0.9500
2024-11-27 19:45:15,313 - INFO - Early stopping triggered after 39 epochs
2024-11-27 19:45:15,313 - INFO - Best validation accuracy: 0.9500
2024-11-27 19:45:15,346 - INFO - Epoch 40: New best validation accuracy: 0.9583
2024-11-27 19:45:15,347 - INFO - Epoch 40
2024-11-27 19:45:15,347 - INFO - Train Loss: 1.6963
2024-11-27 19:45:15,347 - INFO - Val Loss: 1.6340
2024-11-27 19:45:15,347 - INFO - Current Val Accuracy: 0.9583
2024-11-27 19:45:15,347 - INFO - Best Val Accuracy: 0.9583
2024-11-27 19:45:15,380 - INFO - Epoch 41: New best validation accuracy: 1.0000
2024-11-27 19:45:15,380 - INFO - Achieved perfect validation accuracy!
2024-11-27 19:45:15,380 - INFO - Current metrics:
2024-11-27 19:45:15,380 - INFO - balanced_accuracy: 1.0000
2024-11-27 19:45:15,380 - INFO - precision: 1.0000
2024-11-27 19:45:15,380 - INFO - recall: 1.0000
2024-11-27 19:45:15,380 - INFO - f1: 1.0000
2024-11-27 19:45:15,380 - INFO - auc_roc: 1.0000
2024-11-27 19:45:15,507 - INFO - Epoch 45
2024-11-27 19:45:15,507 - INFO - Train Loss: 1.1189
2024-11-27 19:45:15,507 - INFO - Val Loss: 0.9905
2024-11-27 19:45:15,507 - INFO - Current Val Accuracy: 0.9500
2024-11-27 19:45:15,507 - INFO - Best Val Accuracy: 1.0000
2024-11-27 19:45:15,662 - INFO - Epoch 50
2024-11-27 19:45:15,663 - INFO - Train Loss: 0.7547
2024-11-27 19:45:15,663 - INFO - Val Loss: 1.1858
2024-11-27 19:45:15,663 - INFO - Current Val Accuracy: 0.9583
2024-11-27 19:45:15,663 - INFO - Best Val Accuracy: 1.0000
2024-11-27 19:45:15,695 - INFO - Early stopping triggered after 51 epochs
2024-11-27 19:45:15,695 - INFO - Best validation accuracy: 1.0000
2024-11-27 19:45:15,726 - INFO - Early stopping triggered after 52 epochs
2024-11-27 19:45:15,726 - INFO - Best validation accuracy: 1.0000
2024-11-27 19:45:15,759 - INFO - Early stopping triggered after 53 epochs
2024-11-27 19:45:15,759 - INFO - Best validation accuracy: 1.0000
2024-11-27 19:45:15,790 - INFO - Early stopping triggered after 54 epochs
2024-11-27 19:45:15,790 - INFO - Best validation accuracy: 1.0000
2024-11-27 19:45:15,822 - INFO - Early stopping triggered after 55 epochs
2024-11-27 19:45:15,822 - INFO - Best validation accuracy: 1.0000
2024-11-27 19:45:15,822 - INFO - Epoch 55
2024-11-27 19:45:15,822 - INFO - Train Loss: 0.4347
2024-11-27 19:45:15,822 - INFO - Val Loss: 1.2436
2024-11-27 19:45:15,822 - INFO - Current Val Accuracy: 0.7583
2024-11-27 19:45:15,822 - INFO - Best Val Accuracy: 1.0000
2024-11-27 19:45:15,854 - INFO - Early stopping triggered after 56 epochs
2024-11-27 19:45:15,854 - INFO - Best validation accuracy: 1.0000
2024-11-27 19:45:15,886 - INFO - Early stopping triggered after 57 epochs
2024-11-27 19:45:15,886 - INFO - Best validation accuracy: 1.0000
2024-11-27 19:45:15,918 - INFO - Early stopping triggered after 58 epochs
2024-11-27 19:45:15,918 - INFO - Best validation accuracy: 1.0000
2024-11-27 19:45:15,950 - INFO - Early stopping triggered after 59 epochs
2024-11-27 19:45:15,950 - INFO - Best validation accuracy: 1.0000
2024-11-27 19:45:15,981 - INFO - Early stopping triggered after 60 epochs
2024-11-27 19:45:15,982 - INFO - Best validation accuracy: 1.0000
2024-11-27 19:45:15,982 - INFO - Epoch 60
2024-11-27 19:45:15,982 - INFO - Train Loss: 0.5976
2024-11-27 19:45:15,982 - INFO - Val Loss: 0.7016
2024-11-27 19:45:15,982 - INFO - Current Val Accuracy: 0.9500
2024-11-27 19:45:15,982 - INFO - Best Val Accuracy: 1.0000
2024-11-27 19:45:16,013 - INFO - Early stopping triggered after 61 epochs
2024-11-27 19:45:16,014 - INFO - Best validation accuracy: 1.0000
2024-11-27 19:45:16,045 - INFO - Early stopping triggered after 62 epochs
2024-11-27 19:45:16,045 - INFO - Best validation accuracy: 1.0000
2024-11-27 19:45:16,077 - INFO - Early stopping triggered after 63 epochs
2024-11-27 19:45:16,077 - INFO - Best validation accuracy: 1.0000
2024-11-27 19:45:16,109 - INFO - Early stopping triggered after 64 epochs
2024-11-27 19:45:16,109 - INFO - Best validation accuracy: 1.0000
2024-11-27 19:45:16,141 - INFO - Early stopping triggered after 65 epochs
2024-11-27 19:45:16,141 - INFO - Best validation accuracy: 1.0000
2024-11-27 19:45:16,141 - INFO - Epoch 65
2024-11-27 19:45:16,141 - INFO - Train Loss: 0.4432
2024-11-27 19:45:16,141 - INFO - Val Loss: 0.4884
2024-11-27 19:45:16,141 - INFO - Current Val Accuracy: 0.9083
2024-11-27 19:45:16,141 - INFO - Best Val Accuracy: 1.0000
2024-11-27 19:45:16,173 - INFO - Early stopping triggered after 66 epochs
2024-11-27 19:45:16,173 - INFO - Best validation accuracy: 1.0000
2024-11-27 19:45:16,204 - INFO - Early stopping triggered after 67 epochs
2024-11-27 19:45:16,205 - INFO - Best validation accuracy: 1.0000
2024-11-27 19:45:16,236 - INFO - Early stopping triggered after 68 epochs
2024-11-27 19:45:16,236 - INFO - Best validation accuracy: 1.0000
2024-11-27 19:45:16,268 - INFO - Early stopping triggered after 69 epochs
2024-11-27 19:45:16,268 - INFO - Best validation accuracy: 1.0000
2024-11-27 19:45:16,300 - INFO - Early stopping triggered after 70 epochs
2024-11-27 19:45:16,300 - INFO - Best validation accuracy: 1.0000
2024-11-27 19:45:16,300 - INFO - Epoch 70
2024-11-27 19:45:16,300 - INFO - Train Loss: 0.3977
2024-11-27 19:45:16,300 - INFO - Val Loss: 0.6037
2024-11-27 19:45:16,300 - INFO - Current Val Accuracy: 0.9083
2024-11-27 19:45:16,300 - INFO - Best Val Accuracy: 1.0000
2024-11-27 19:45:16,332 - INFO - Early stopping triggered after 71 epochs
2024-11-27 19:45:16,332 - INFO - Best validation accuracy: 1.0000
2024-11-27 19:45:16,364 - INFO - Early stopping triggered after 72 epochs
2024-11-27 19:45:16,364 - INFO - Best validation accuracy: 1.0000
2024-11-27 19:45:16,396 - INFO - Early stopping triggered after 73 epochs
2024-11-27 19:45:16,396 - INFO - Best validation accuracy: 1.0000
2024-11-27 19:45:16,427 - INFO - Early stopping triggered after 74 epochs
2024-11-27 19:45:16,427 - INFO - Best validation accuracy: 1.0000
2024-11-27 19:45:16,458 - INFO - Early stopping triggered after 75 epochs
2024-11-27 19:45:16,458 - INFO - Best validation accuracy: 1.0000
2024-11-27 19:45:16,459 - INFO - Epoch 75
2024-11-27 19:45:16,459 - INFO - Train Loss: 0.2811
2024-11-27 19:45:16,459 - INFO - Val Loss: 0.7799
2024-11-27 19:45:16,459 - INFO - Current Val Accuracy: 0.4833
2024-11-27 19:45:16,459 - INFO - Best Val Accuracy: 1.0000
2024-11-27 19:45:16,491 - INFO - Early stopping triggered after 76 epochs
2024-11-27 19:45:16,491 - INFO - Best validation accuracy: 1.0000
2024-11-27 19:45:16,522 - INFO - Early stopping triggered after 77 epochs
2024-11-27 19:45:16,522 - INFO - Best validation accuracy: 1.0000
2024-11-27 19:45:16,554 - INFO - Early stopping triggered after 78 epochs
2024-11-27 19:45:16,554 - INFO - Best validation accuracy: 1.0000
2024-11-27 19:45:16,586 - INFO - Early stopping triggered after 79 epochs
2024-11-27 19:45:16,586 - INFO - Best validation accuracy: 1.0000
2024-11-27 19:45:16,618 - INFO - Early stopping triggered after 80 epochs
2024-11-27 19:45:16,618 - INFO - Best validation accuracy: 1.0000
2024-11-27 19:45:16,618 - INFO - Epoch 80
2024-11-27 19:45:16,618 - INFO - Train Loss: 0.3103
2024-11-27 19:45:16,618 - INFO - Val Loss: 0.3515
2024-11-27 19:45:16,618 - INFO - Current Val Accuracy: 0.9500
2024-11-27 19:45:16,618 - INFO - Best Val Accuracy: 1.0000
2024-11-27 19:45:16,650 - INFO - Early stopping triggered after 81 epochs
2024-11-27 19:45:16,650 - INFO - Best validation accuracy: 1.0000
2024-11-27 19:45:16,682 - INFO - Early stopping triggered after 82 epochs
2024-11-27 19:45:16,682 - INFO - Best validation accuracy: 1.0000
2024-11-27 19:45:16,713 - INFO - Early stopping triggered after 83 epochs
2024-11-27 19:45:16,713 - INFO - Best validation accuracy: 1.0000
2024-11-27 19:45:16,745 - INFO - Early stopping triggered after 84 epochs
2024-11-27 19:45:16,745 - INFO - Best validation accuracy: 1.0000
2024-11-27 19:45:16,777 - INFO - Early stopping triggered after 85 epochs
2024-11-27 19:45:16,777 - INFO - Best validation accuracy: 1.0000
2024-11-27 19:45:16,777 - INFO - Epoch 85
2024-11-27 19:45:16,777 - INFO - Train Loss: 0.2438
2024-11-27 19:45:16,777 - INFO - Val Loss: 0.2826
2024-11-27 19:45:16,777 - INFO - Current Val Accuracy: 0.9500
2024-11-27 19:45:16,777 - INFO - Best Val Accuracy: 1.0000
2024-11-27 19:45:16,809 - INFO - Early stopping triggered after 86 epochs
2024-11-27 19:45:16,809 - INFO - Best validation accuracy: 1.0000
2024-11-27 19:45:16,841 - INFO - Early stopping triggered after 87 epochs
2024-11-27 19:45:16,841 - INFO - Best validation accuracy: 1.0000
2024-11-27 19:45:16,872 - INFO - Early stopping triggered after 88 epochs
2024-11-27 19:45:16,872 - INFO - Best validation accuracy: 1.0000
2024-11-27 19:45:16,904 - INFO - Early stopping triggered after 89 epochs
2024-11-27 19:45:16,904 - INFO - Best validation accuracy: 1.0000
2024-11-27 19:45:16,936 - INFO - Early stopping triggered after 90 epochs
2024-11-27 19:45:16,936 - INFO - Best validation accuracy: 1.0000
2024-11-27 19:45:16,936 - INFO - Epoch 90
2024-11-27 19:45:16,936 - INFO - Train Loss: 0.2426
2024-11-27 19:45:16,936 - INFO - Val Loss: 0.2827
2024-11-27 19:45:16,936 - INFO - Current Val Accuracy: 0.9083
2024-11-27 19:45:16,936 - INFO - Best Val Accuracy: 1.0000
2024-11-27 19:45:16,968 - INFO - Early stopping triggered after 91 epochs
2024-11-27 19:45:16,968 - INFO - Best validation accuracy: 1.0000
2024-11-27 19:45:17,000 - INFO - Early stopping triggered after 92 epochs
2024-11-27 19:45:17,000 - INFO - Best validation accuracy: 1.0000
2024-11-27 19:45:17,032 - INFO - Early stopping triggered after 93 epochs
2024-11-27 19:45:17,032 - INFO - Best validation accuracy: 1.0000
2024-11-27 19:45:17,063 - INFO - Early stopping triggered after 94 epochs
2024-11-27 19:45:17,063 - INFO - Best validation accuracy: 1.0000
2024-11-27 19:45:17,095 - INFO - Early stopping triggered after 95 epochs
2024-11-27 19:45:17,095 - INFO - Best validation accuracy: 1.0000
2024-11-27 19:45:17,095 - INFO - Epoch 95
2024-11-27 19:45:17,095 - INFO - Train Loss: 0.2495
2024-11-27 19:45:17,095 - INFO - Val Loss: 0.3022
2024-11-27 19:45:17,095 - INFO - Current Val Accuracy: 0.9500
2024-11-27 19:45:17,095 - INFO - Best Val Accuracy: 1.0000
2024-11-27 19:45:17,127 - INFO - Early stopping triggered after 96 epochs
2024-11-27 19:45:17,127 - INFO - Best validation accuracy: 1.0000
2024-11-27 19:45:17,159 - INFO - Early stopping triggered after 97 epochs
2024-11-27 19:45:17,159 - INFO - Best validation accuracy: 1.0000
2024-11-27 19:45:17,191 - INFO - Early stopping triggered after 98 epochs
2024-11-27 19:45:17,191 - INFO - Best validation accuracy: 1.0000
2024-11-27 19:45:17,222 - INFO - Early stopping triggered after 99 epochs
2024-11-27 19:45:17,223 - INFO - Best validation accuracy: 1.0000
2024-11-27 19:45:17,254 - INFO - Early stopping triggered after 100 epochs
2024-11-27 19:45:17,254 - INFO - Best validation accuracy: 1.0000
2024-11-27 19:45:17,255 - INFO - Epoch 100
2024-11-27 19:45:17,255 - INFO - Train Loss: 0.2313
2024-11-27 19:45:17,255 - INFO - Val Loss: 0.2896
2024-11-27 19:45:17,255 - INFO - Current Val Accuracy: 0.9500
2024-11-27 19:45:17,255 - INFO - Best Val Accuracy: 1.0000
2024-11-27 19:45:17,255 - INFO - 
Starting Fold 3/5
2024-11-27 19:45:17,291 - INFO - Epoch 1: New best validation accuracy: 0.7667
2024-11-27 19:45:17,420 - INFO - Epoch 5: New best validation accuracy: 0.9167
2024-11-27 19:45:17,420 - INFO - Epoch 5
2024-11-27 19:45:17,420 - INFO - Train Loss: 14.6190
2024-11-27 19:45:17,420 - INFO - Val Loss: 3.8891
2024-11-27 19:45:17,420 - INFO - Current Val Accuracy: 0.9167
2024-11-27 19:45:17,420 - INFO - Best Val Accuracy: 0.9167
2024-11-27 19:45:17,548 - INFO - Epoch 9: New best validation accuracy: 0.9583
2024-11-27 19:45:17,579 - INFO - Epoch 10
2024-11-27 19:45:17,579 - INFO - Train Loss: 4.6845
2024-11-27 19:45:17,579 - INFO - Val Loss: 9.5402
2024-11-27 19:45:17,579 - INFO - Current Val Accuracy: 0.9083
2024-11-27 19:45:17,579 - INFO - Best Val Accuracy: 0.9583
2024-11-27 19:45:17,739 - INFO - Epoch 15
2024-11-27 19:45:17,739 - INFO - Train Loss: 5.8657
2024-11-27 19:45:17,739 - INFO - Val Loss: 5.0071
2024-11-27 19:45:17,739 - INFO - Current Val Accuracy: 0.8583
2024-11-27 19:45:17,739 - INFO - Best Val Accuracy: 0.9583
2024-11-27 19:45:17,867 - INFO - Epoch 19: New best validation accuracy: 1.0000
2024-11-27 19:45:17,867 - INFO - Achieved perfect validation accuracy!
2024-11-27 19:45:17,867 - INFO - Current metrics:
2024-11-27 19:45:17,867 - INFO - balanced_accuracy: 1.0000
2024-11-27 19:45:17,867 - INFO - precision: 1.0000
2024-11-27 19:45:17,867 - INFO - recall: 1.0000
2024-11-27 19:45:17,867 - INFO - f1: 1.0000
2024-11-27 19:45:17,867 - INFO - auc_roc: 1.0000
2024-11-27 19:45:17,899 - INFO - Epoch 20
2024-11-27 19:45:17,899 - INFO - Train Loss: 2.1660
2024-11-27 19:45:17,899 - INFO - Val Loss: 1.6506
2024-11-27 19:45:17,899 - INFO - Current Val Accuracy: 0.9583
2024-11-27 19:45:17,899 - INFO - Best Val Accuracy: 1.0000
2024-11-27 19:45:18,058 - INFO - Epoch 25
2024-11-27 19:45:18,058 - INFO - Train Loss: 2.3816
2024-11-27 19:45:18,058 - INFO - Val Loss: 2.3764
2024-11-27 19:45:18,058 - INFO - Current Val Accuracy: 0.9583
2024-11-27 19:45:18,058 - INFO - Best Val Accuracy: 1.0000
2024-11-27 19:45:18,185 - INFO - Early stopping triggered after 29 epochs
2024-11-27 19:45:18,185 - INFO - Best validation accuracy: 1.0000
2024-11-27 19:45:18,217 - INFO - Early stopping triggered after 30 epochs
2024-11-27 19:45:18,217 - INFO - Best validation accuracy: 1.0000
2024-11-27 19:45:18,217 - INFO - Epoch 30
2024-11-27 19:45:18,217 - INFO - Train Loss: 1.9820
2024-11-27 19:45:18,217 - INFO - Val Loss: 3.7974
2024-11-27 19:45:18,217 - INFO - Current Val Accuracy: 0.9083
2024-11-27 19:45:18,217 - INFO - Best Val Accuracy: 1.0000
2024-11-27 19:45:18,249 - INFO - Early stopping triggered after 31 epochs
2024-11-27 19:45:18,249 - INFO - Best validation accuracy: 1.0000
2024-11-27 19:45:18,280 - INFO - Early stopping triggered after 32 epochs
2024-11-27 19:45:18,281 - INFO - Best validation accuracy: 1.0000
2024-11-27 19:45:18,312 - INFO - Early stopping triggered after 33 epochs
2024-11-27 19:45:18,313 - INFO - Best validation accuracy: 1.0000
2024-11-27 19:45:18,344 - INFO - Early stopping triggered after 34 epochs
2024-11-27 19:45:18,344 - INFO - Best validation accuracy: 1.0000
2024-11-27 19:45:18,376 - INFO - Early stopping triggered after 35 epochs
2024-11-27 19:45:18,376 - INFO - Best validation accuracy: 1.0000
2024-11-27 19:45:18,376 - INFO - Epoch 35
2024-11-27 19:45:18,376 - INFO - Train Loss: 6.1137
2024-11-27 19:45:18,376 - INFO - Val Loss: 5.2001
2024-11-27 19:45:18,376 - INFO - Current Val Accuracy: 1.0000
2024-11-27 19:45:18,376 - INFO - Best Val Accuracy: 1.0000
2024-11-27 19:45:18,408 - INFO - Early stopping triggered after 36 epochs
2024-11-27 19:45:18,408 - INFO - Best validation accuracy: 1.0000
2024-11-27 19:45:18,440 - INFO - Early stopping triggered after 37 epochs
2024-11-27 19:45:18,440 - INFO - Best validation accuracy: 1.0000
2024-11-27 19:45:18,472 - INFO - Early stopping triggered after 38 epochs
2024-11-27 19:45:18,472 - INFO - Best validation accuracy: 1.0000
2024-11-27 19:45:18,503 - INFO - Early stopping triggered after 39 epochs
2024-11-27 19:45:18,504 - INFO - Best validation accuracy: 1.0000
2024-11-27 19:45:18,535 - INFO - Early stopping triggered after 40 epochs
2024-11-27 19:45:18,535 - INFO - Best validation accuracy: 1.0000
2024-11-27 19:45:18,535 - INFO - Epoch 40
2024-11-27 19:45:18,535 - INFO - Train Loss: 2.2468
2024-11-27 19:45:18,535 - INFO - Val Loss: 4.5805
2024-11-27 19:45:18,535 - INFO - Current Val Accuracy: 0.8167
2024-11-27 19:45:18,535 - INFO - Best Val Accuracy: 1.0000
2024-11-27 19:45:18,567 - INFO - Early stopping triggered after 41 epochs
2024-11-27 19:45:18,567 - INFO - Best validation accuracy: 1.0000
2024-11-27 19:45:18,599 - INFO - Early stopping triggered after 42 epochs
2024-11-27 19:45:18,599 - INFO - Best validation accuracy: 1.0000
2024-11-27 19:45:18,630 - INFO - Early stopping triggered after 43 epochs
2024-11-27 19:45:18,630 - INFO - Best validation accuracy: 1.0000
2024-11-27 19:45:18,662 - INFO - Early stopping triggered after 44 epochs
2024-11-27 19:45:18,662 - INFO - Best validation accuracy: 1.0000
2024-11-27 19:45:18,694 - INFO - Early stopping triggered after 45 epochs
2024-11-27 19:45:18,694 - INFO - Best validation accuracy: 1.0000
2024-11-27 19:45:18,694 - INFO - Epoch 45
2024-11-27 19:45:18,694 - INFO - Train Loss: 2.6566
2024-11-27 19:45:18,694 - INFO - Val Loss: 1.8583
2024-11-27 19:45:18,694 - INFO - Current Val Accuracy: 1.0000
2024-11-27 19:45:18,694 - INFO - Best Val Accuracy: 1.0000
2024-11-27 19:45:18,726 - INFO - Early stopping triggered after 46 epochs
2024-11-27 19:45:18,726 - INFO - Best validation accuracy: 1.0000
2024-11-27 19:45:18,758 - INFO - Early stopping triggered after 47 epochs
2024-11-27 19:45:18,758 - INFO - Best validation accuracy: 1.0000
2024-11-27 19:45:18,789 - INFO - Early stopping triggered after 48 epochs
2024-11-27 19:45:18,789 - INFO - Best validation accuracy: 1.0000
2024-11-27 19:45:18,821 - INFO - Early stopping triggered after 49 epochs
2024-11-27 19:45:18,821 - INFO - Best validation accuracy: 1.0000
2024-11-27 19:45:18,853 - INFO - Early stopping triggered after 50 epochs
2024-11-27 19:45:18,853 - INFO - Best validation accuracy: 1.0000
2024-11-27 19:45:18,853 - INFO - Epoch 50
2024-11-27 19:45:18,853 - INFO - Train Loss: 1.2128
2024-11-27 19:45:18,853 - INFO - Val Loss: 1.7281
2024-11-27 19:45:18,853 - INFO - Current Val Accuracy: 0.9583
2024-11-27 19:45:18,853 - INFO - Best Val Accuracy: 1.0000
2024-11-27 19:45:18,885 - INFO - Early stopping triggered after 51 epochs
2024-11-27 19:45:18,885 - INFO - Best validation accuracy: 1.0000
2024-11-27 19:45:18,917 - INFO - Early stopping triggered after 52 epochs
2024-11-27 19:45:18,917 - INFO - Best validation accuracy: 1.0000
2024-11-27 19:45:18,949 - INFO - Early stopping triggered after 53 epochs
2024-11-27 19:45:18,949 - INFO - Best validation accuracy: 1.0000
2024-11-27 19:45:18,981 - INFO - Early stopping triggered after 54 epochs
2024-11-27 19:45:18,981 - INFO - Best validation accuracy: 1.0000
2024-11-27 19:45:19,013 - INFO - Early stopping triggered after 55 epochs
2024-11-27 19:45:19,013 - INFO - Best validation accuracy: 1.0000
2024-11-27 19:45:19,013 - INFO - Epoch 55
2024-11-27 19:45:19,013 - INFO - Train Loss: 1.6375
2024-11-27 19:45:19,013 - INFO - Val Loss: 1.7856
2024-11-27 19:45:19,013 - INFO - Current Val Accuracy: 0.8167
2024-11-27 19:45:19,013 - INFO - Best Val Accuracy: 1.0000
2024-11-27 19:45:19,045 - INFO - Early stopping triggered after 56 epochs
2024-11-27 19:45:19,045 - INFO - Best validation accuracy: 1.0000
2024-11-27 19:45:19,076 - INFO - Early stopping triggered after 57 epochs
2024-11-27 19:45:19,076 - INFO - Best validation accuracy: 1.0000
2024-11-27 19:45:19,108 - INFO - Early stopping triggered after 58 epochs
2024-11-27 19:45:19,108 - INFO - Best validation accuracy: 1.0000
2024-11-27 19:45:19,140 - INFO - Early stopping triggered after 59 epochs
2024-11-27 19:45:19,140 - INFO - Best validation accuracy: 1.0000
2024-11-27 19:45:19,172 - INFO - Early stopping triggered after 60 epochs
2024-11-27 19:45:19,172 - INFO - Best validation accuracy: 1.0000
2024-11-27 19:45:19,172 - INFO - Epoch 60
2024-11-27 19:45:19,172 - INFO - Train Loss: 2.0848
2024-11-27 19:45:19,172 - INFO - Val Loss: 1.0403
2024-11-27 19:45:19,172 - INFO - Current Val Accuracy: 0.9000
2024-11-27 19:45:19,172 - INFO - Best Val Accuracy: 1.0000
2024-11-27 19:45:19,204 - INFO - Early stopping triggered after 61 epochs
2024-11-27 19:45:19,204 - INFO - Best validation accuracy: 1.0000
2024-11-27 19:45:19,235 - INFO - Early stopping triggered after 62 epochs
2024-11-27 19:45:19,236 - INFO - Best validation accuracy: 1.0000
2024-11-27 19:45:19,267 - INFO - Early stopping triggered after 63 epochs
2024-11-27 19:45:19,267 - INFO - Best validation accuracy: 1.0000
2024-11-27 19:45:19,299 - INFO - Early stopping triggered after 64 epochs
2024-11-27 19:45:19,299 - INFO - Best validation accuracy: 1.0000
2024-11-27 19:45:19,331 - INFO - Early stopping triggered after 65 epochs
2024-11-27 19:45:19,331 - INFO - Best validation accuracy: 1.0000
2024-11-27 19:45:19,331 - INFO - Epoch 65
2024-11-27 19:45:19,331 - INFO - Train Loss: 2.4739
2024-11-27 19:45:19,331 - INFO - Val Loss: 4.6977
2024-11-27 19:45:19,331 - INFO - Current Val Accuracy: 0.8167
2024-11-27 19:45:19,331 - INFO - Best Val Accuracy: 1.0000
2024-11-27 19:45:19,363 - INFO - Early stopping triggered after 66 epochs
2024-11-27 19:45:19,363 - INFO - Best validation accuracy: 1.0000
2024-11-27 19:45:19,395 - INFO - Early stopping triggered after 67 epochs
2024-11-27 19:45:19,395 - INFO - Best validation accuracy: 1.0000
2024-11-27 19:45:19,426 - INFO - Early stopping triggered after 68 epochs
2024-11-27 19:45:19,426 - INFO - Best validation accuracy: 1.0000
2024-11-27 19:45:19,458 - INFO - Early stopping triggered after 69 epochs
2024-11-27 19:45:19,458 - INFO - Best validation accuracy: 1.0000
2024-11-27 19:45:19,490 - INFO - Early stopping triggered after 70 epochs
2024-11-27 19:45:19,490 - INFO - Best validation accuracy: 1.0000
2024-11-27 19:45:19,490 - INFO - Epoch 70
2024-11-27 19:45:19,490 - INFO - Train Loss: 1.9576
2024-11-27 19:45:19,490 - INFO - Val Loss: 1.0796
2024-11-27 19:45:19,490 - INFO - Current Val Accuracy: 0.8750
2024-11-27 19:45:19,490 - INFO - Best Val Accuracy: 1.0000
2024-11-27 19:45:19,522 - INFO - Early stopping triggered after 71 epochs
2024-11-27 19:45:19,522 - INFO - Best validation accuracy: 1.0000
2024-11-27 19:45:19,554 - INFO - Early stopping triggered after 72 epochs
2024-11-27 19:45:19,554 - INFO - Best validation accuracy: 1.0000
2024-11-27 19:45:19,586 - INFO - Early stopping triggered after 73 epochs
2024-11-27 19:45:19,586 - INFO - Best validation accuracy: 1.0000
2024-11-27 19:45:19,617 - INFO - Early stopping triggered after 74 epochs
2024-11-27 19:45:19,617 - INFO - Best validation accuracy: 1.0000
2024-11-27 19:45:19,649 - INFO - Early stopping triggered after 75 epochs
2024-11-27 19:45:19,649 - INFO - Best validation accuracy: 1.0000
2024-11-27 19:45:19,649 - INFO - Epoch 75
2024-11-27 19:45:19,649 - INFO - Train Loss: 0.8424
2024-11-27 19:45:19,649 - INFO - Val Loss: 0.7446
2024-11-27 19:45:19,649 - INFO - Current Val Accuracy: 0.9167
2024-11-27 19:45:19,649 - INFO - Best Val Accuracy: 1.0000
2024-11-27 19:45:19,681 - INFO - Early stopping triggered after 76 epochs
2024-11-27 19:45:19,681 - INFO - Best validation accuracy: 1.0000
2024-11-27 19:45:19,713 - INFO - Early stopping triggered after 77 epochs
2024-11-27 19:45:19,713 - INFO - Best validation accuracy: 1.0000
2024-11-27 19:45:19,745 - INFO - Early stopping triggered after 78 epochs
2024-11-27 19:45:19,745 - INFO - Best validation accuracy: 1.0000
2024-11-27 19:45:19,776 - INFO - Early stopping triggered after 79 epochs
2024-11-27 19:45:19,776 - INFO - Best validation accuracy: 1.0000
2024-11-27 19:45:19,808 - INFO - Early stopping triggered after 80 epochs
2024-11-27 19:45:19,808 - INFO - Best validation accuracy: 1.0000
2024-11-27 19:45:19,808 - INFO - Epoch 80
2024-11-27 19:45:19,808 - INFO - Train Loss: 2.0718
2024-11-27 19:45:19,808 - INFO - Val Loss: 2.7868
2024-11-27 19:45:19,808 - INFO - Current Val Accuracy: 1.0000
2024-11-27 19:45:19,808 - INFO - Best Val Accuracy: 1.0000
2024-11-27 19:45:19,840 - INFO - Early stopping triggered after 81 epochs
2024-11-27 19:45:19,840 - INFO - Best validation accuracy: 1.0000
2024-11-27 19:45:19,872 - INFO - Early stopping triggered after 82 epochs
2024-11-27 19:45:19,872 - INFO - Best validation accuracy: 1.0000
2024-11-27 19:45:19,903 - INFO - Early stopping triggered after 83 epochs
2024-11-27 19:45:19,904 - INFO - Best validation accuracy: 1.0000
2024-11-27 19:45:19,935 - INFO - Early stopping triggered after 84 epochs
2024-11-27 19:45:19,935 - INFO - Best validation accuracy: 1.0000
2024-11-27 19:45:19,967 - INFO - Early stopping triggered after 85 epochs
2024-11-27 19:45:19,967 - INFO - Best validation accuracy: 1.0000
2024-11-27 19:45:19,967 - INFO - Epoch 85
2024-11-27 19:45:19,967 - INFO - Train Loss: 1.6608
2024-11-27 19:45:19,967 - INFO - Val Loss: 1.5228
2024-11-27 19:45:19,967 - INFO - Current Val Accuracy: 1.0000
2024-11-27 19:45:19,967 - INFO - Best Val Accuracy: 1.0000
2024-11-27 19:45:19,999 - INFO - Early stopping triggered after 86 epochs
2024-11-27 19:45:19,999 - INFO - Best validation accuracy: 1.0000
2024-11-27 19:45:20,031 - INFO - Early stopping triggered after 87 epochs
2024-11-27 19:45:20,031 - INFO - Best validation accuracy: 1.0000
2024-11-27 19:45:20,068 - INFO - Early stopping triggered after 88 epochs
2024-11-27 19:45:20,068 - INFO - Best validation accuracy: 1.0000
2024-11-27 19:45:20,100 - INFO - Early stopping triggered after 89 epochs
2024-11-27 19:45:20,100 - INFO - Best validation accuracy: 1.0000
2024-11-27 19:45:20,132 - INFO - Early stopping triggered after 90 epochs
2024-11-27 19:45:20,132 - INFO - Best validation accuracy: 1.0000
2024-11-27 19:45:20,132 - INFO - Epoch 90
2024-11-27 19:45:20,132 - INFO - Train Loss: 0.9056
2024-11-27 19:45:20,132 - INFO - Val Loss: 4.2761
2024-11-27 19:45:20,132 - INFO - Current Val Accuracy: 0.8667
2024-11-27 19:45:20,132 - INFO - Best Val Accuracy: 1.0000
2024-11-27 19:45:20,164 - INFO - Early stopping triggered after 91 epochs
2024-11-27 19:45:20,164 - INFO - Best validation accuracy: 1.0000
2024-11-27 19:45:20,195 - INFO - Early stopping triggered after 92 epochs
2024-11-27 19:45:20,196 - INFO - Best validation accuracy: 1.0000
2024-11-27 19:45:20,227 - INFO - Early stopping triggered after 93 epochs
2024-11-27 19:45:20,227 - INFO - Best validation accuracy: 1.0000
2024-11-27 19:45:20,259 - INFO - Early stopping triggered after 94 epochs
2024-11-27 19:45:20,259 - INFO - Best validation accuracy: 1.0000
2024-11-27 19:45:20,291 - INFO - Early stopping triggered after 95 epochs
2024-11-27 19:45:20,291 - INFO - Best validation accuracy: 1.0000
2024-11-27 19:45:20,291 - INFO - Epoch 95
2024-11-27 19:45:20,291 - INFO - Train Loss: 1.4978
2024-11-27 19:45:20,291 - INFO - Val Loss: 4.0235
2024-11-27 19:45:20,291 - INFO - Current Val Accuracy: 0.7667
2024-11-27 19:45:20,291 - INFO - Best Val Accuracy: 1.0000
2024-11-27 19:45:20,323 - INFO - Early stopping triggered after 96 epochs
2024-11-27 19:45:20,323 - INFO - Best validation accuracy: 1.0000
2024-11-27 19:45:20,355 - INFO - Early stopping triggered after 97 epochs
2024-11-27 19:45:20,355 - INFO - Best validation accuracy: 1.0000
2024-11-27 19:45:20,387 - INFO - Early stopping triggered after 98 epochs
2024-11-27 19:45:20,387 - INFO - Best validation accuracy: 1.0000
2024-11-27 19:45:20,419 - INFO - Early stopping triggered after 99 epochs
2024-11-27 19:45:20,419 - INFO - Best validation accuracy: 1.0000
2024-11-27 19:45:20,450 - INFO - Early stopping triggered after 100 epochs
2024-11-27 19:45:20,450 - INFO - Best validation accuracy: 1.0000
2024-11-27 19:45:20,450 - INFO - Epoch 100
2024-11-27 19:45:20,450 - INFO - Train Loss: 1.3145
2024-11-27 19:45:20,450 - INFO - Val Loss: 4.4414
2024-11-27 19:45:20,450 - INFO - Current Val Accuracy: 0.7667
2024-11-27 19:45:20,450 - INFO - Best Val Accuracy: 1.0000
2024-11-27 19:45:20,451 - INFO - 
Starting Fold 4/5
2024-11-27 19:45:20,488 - INFO - Epoch 1: New best validation accuracy: 0.9583
2024-11-27 19:45:20,615 - INFO - Epoch 5
2024-11-27 19:45:20,615 - INFO - Train Loss: 4.4825
2024-11-27 19:45:20,615 - INFO - Val Loss: 5.6999
2024-11-27 19:45:20,615 - INFO - Current Val Accuracy: 0.9167
2024-11-27 19:45:20,615 - INFO - Best Val Accuracy: 0.9583
2024-11-27 19:45:20,774 - INFO - Epoch 10
2024-11-27 19:45:20,774 - INFO - Train Loss: 7.0221
2024-11-27 19:45:20,774 - INFO - Val Loss: 8.3878
2024-11-27 19:45:20,774 - INFO - Current Val Accuracy: 0.6806
2024-11-27 19:45:20,774 - INFO - Best Val Accuracy: 0.9583
2024-11-27 19:45:20,807 - INFO - Epoch 11: New best validation accuracy: 1.0000
2024-11-27 19:45:20,807 - INFO - Achieved perfect validation accuracy!
2024-11-27 19:45:20,807 - INFO - Current metrics:
2024-11-27 19:45:20,807 - INFO - balanced_accuracy: 1.0000
2024-11-27 19:45:20,807 - INFO - precision: 1.0000
2024-11-27 19:45:20,807 - INFO - recall: 1.0000
2024-11-27 19:45:20,807 - INFO - f1: 1.0000
2024-11-27 19:45:20,807 - INFO - auc_roc: 1.0000
2024-11-27 19:45:20,934 - INFO - Epoch 15
2024-11-27 19:45:20,934 - INFO - Train Loss: 2.1463
2024-11-27 19:45:20,934 - INFO - Val Loss: 26.8201
2024-11-27 19:45:20,934 - INFO - Current Val Accuracy: 0.2917
2024-11-27 19:45:20,934 - INFO - Best Val Accuracy: 1.0000
2024-11-27 19:45:21,092 - INFO - Epoch 20
2024-11-27 19:45:21,092 - INFO - Train Loss: 7.9793
2024-11-27 19:45:21,092 - INFO - Val Loss: 7.4043
2024-11-27 19:45:21,092 - INFO - Current Val Accuracy: 0.9444
2024-11-27 19:45:21,092 - INFO - Best Val Accuracy: 1.0000
2024-11-27 19:45:21,124 - INFO - Early stopping triggered after 21 epochs
2024-11-27 19:45:21,124 - INFO - Best validation accuracy: 1.0000
2024-11-27 19:45:21,156 - INFO - Early stopping triggered after 22 epochs
2024-11-27 19:45:21,156 - INFO - Best validation accuracy: 1.0000
2024-11-27 19:45:21,187 - INFO - Early stopping triggered after 23 epochs
2024-11-27 19:45:21,187 - INFO - Best validation accuracy: 1.0000
2024-11-27 19:45:21,219 - INFO - Early stopping triggered after 24 epochs
2024-11-27 19:45:21,219 - INFO - Best validation accuracy: 1.0000
2024-11-27 19:45:21,251 - INFO - Early stopping triggered after 25 epochs
2024-11-27 19:45:21,251 - INFO - Best validation accuracy: 1.0000
2024-11-27 19:45:21,251 - INFO - Epoch 25
2024-11-27 19:45:21,251 - INFO - Train Loss: 3.4934
2024-11-27 19:45:21,251 - INFO - Val Loss: 9.2801
2024-11-27 19:45:21,251 - INFO - Current Val Accuracy: 0.7083
2024-11-27 19:45:21,251 - INFO - Best Val Accuracy: 1.0000
2024-11-27 19:45:21,283 - INFO - Early stopping triggered after 26 epochs
2024-11-27 19:45:21,283 - INFO - Best validation accuracy: 1.0000
2024-11-27 19:45:21,314 - INFO - Early stopping triggered after 27 epochs
2024-11-27 19:45:21,314 - INFO - Best validation accuracy: 1.0000
2024-11-27 19:45:21,346 - INFO - Early stopping triggered after 28 epochs
2024-11-27 19:45:21,346 - INFO - Best validation accuracy: 1.0000
2024-11-27 19:45:21,378 - INFO - Early stopping triggered after 29 epochs
2024-11-27 19:45:21,378 - INFO - Best validation accuracy: 1.0000
2024-11-27 19:45:21,410 - INFO - Early stopping triggered after 30 epochs
2024-11-27 19:45:21,410 - INFO - Best validation accuracy: 1.0000
2024-11-27 19:45:21,410 - INFO - Epoch 30
2024-11-27 19:45:21,410 - INFO - Train Loss: 6.6130
2024-11-27 19:45:21,410 - INFO - Val Loss: 8.8258
2024-11-27 19:45:21,410 - INFO - Current Val Accuracy: 0.9583
2024-11-27 19:45:21,410 - INFO - Best Val Accuracy: 1.0000
2024-11-27 19:45:21,440 - INFO - Early stopping triggered after 31 epochs
2024-11-27 19:45:21,440 - INFO - Best validation accuracy: 1.0000
2024-11-27 19:45:21,472 - INFO - Early stopping triggered after 32 epochs
2024-11-27 19:45:21,472 - INFO - Best validation accuracy: 1.0000
2024-11-27 19:45:21,504 - INFO - Early stopping triggered after 33 epochs
2024-11-27 19:45:21,504 - INFO - Best validation accuracy: 1.0000
2024-11-27 19:45:21,536 - INFO - Early stopping triggered after 34 epochs
2024-11-27 19:45:21,536 - INFO - Best validation accuracy: 1.0000
2024-11-27 19:45:21,567 - INFO - Early stopping triggered after 35 epochs
2024-11-27 19:45:21,567 - INFO - Best validation accuracy: 1.0000
2024-11-27 19:45:21,568 - INFO - Epoch 35
2024-11-27 19:45:21,568 - INFO - Train Loss: 5.8083
2024-11-27 19:45:21,568 - INFO - Val Loss: 7.7669
2024-11-27 19:45:21,568 - INFO - Current Val Accuracy: 0.8611
2024-11-27 19:45:21,568 - INFO - Best Val Accuracy: 1.0000
2024-11-27 19:45:21,599 - INFO - Early stopping triggered after 36 epochs
2024-11-27 19:45:21,599 - INFO - Best validation accuracy: 1.0000
2024-11-27 19:45:21,630 - INFO - Early stopping triggered after 37 epochs
2024-11-27 19:45:21,630 - INFO - Best validation accuracy: 1.0000
2024-11-27 19:45:21,662 - INFO - Early stopping triggered after 38 epochs
2024-11-27 19:45:21,662 - INFO - Best validation accuracy: 1.0000
2024-11-27 19:45:21,693 - INFO - Early stopping triggered after 39 epochs
2024-11-27 19:45:21,693 - INFO - Best validation accuracy: 1.0000
2024-11-27 19:45:21,725 - INFO - Early stopping triggered after 40 epochs
2024-11-27 19:45:21,725 - INFO - Best validation accuracy: 1.0000
2024-11-27 19:45:21,725 - INFO - Epoch 40
2024-11-27 19:45:21,725 - INFO - Train Loss: 4.5055
2024-11-27 19:45:21,725 - INFO - Val Loss: 10.2547
2024-11-27 19:45:21,725 - INFO - Current Val Accuracy: 0.6389
2024-11-27 19:45:21,725 - INFO - Best Val Accuracy: 1.0000
2024-11-27 19:45:21,757 - INFO - Early stopping triggered after 41 epochs
2024-11-27 19:45:21,757 - INFO - Best validation accuracy: 1.0000
2024-11-27 19:45:21,788 - INFO - Early stopping triggered after 42 epochs
2024-11-27 19:45:21,789 - INFO - Best validation accuracy: 1.0000
2024-11-27 19:45:21,820 - INFO - Early stopping triggered after 43 epochs
2024-11-27 19:45:21,820 - INFO - Best validation accuracy: 1.0000
2024-11-27 19:45:21,852 - INFO - Early stopping triggered after 44 epochs
2024-11-27 19:45:21,852 - INFO - Best validation accuracy: 1.0000
2024-11-27 19:45:21,884 - INFO - Early stopping triggered after 45 epochs
2024-11-27 19:45:21,884 - INFO - Best validation accuracy: 1.0000
2024-11-27 19:45:21,884 - INFO - Epoch 45
2024-11-27 19:45:21,884 - INFO - Train Loss: 4.1650
2024-11-27 19:45:21,884 - INFO - Val Loss: 5.1559
2024-11-27 19:45:21,884 - INFO - Current Val Accuracy: 0.9583
2024-11-27 19:45:21,884 - INFO - Best Val Accuracy: 1.0000
2024-11-27 19:45:21,916 - INFO - Early stopping triggered after 46 epochs
2024-11-27 19:45:21,916 - INFO - Best validation accuracy: 1.0000
2024-11-27 19:45:21,947 - INFO - Early stopping triggered after 47 epochs
2024-11-27 19:45:21,947 - INFO - Best validation accuracy: 1.0000
2024-11-27 19:45:21,979 - INFO - Early stopping triggered after 48 epochs
2024-11-27 19:45:21,979 - INFO - Best validation accuracy: 1.0000
2024-11-27 19:45:22,011 - INFO - Early stopping triggered after 49 epochs
2024-11-27 19:45:22,011 - INFO - Best validation accuracy: 1.0000
2024-11-27 19:45:22,043 - INFO - Early stopping triggered after 50 epochs
2024-11-27 19:45:22,043 - INFO - Best validation accuracy: 1.0000
2024-11-27 19:45:22,043 - INFO - Epoch 50
2024-11-27 19:45:22,043 - INFO - Train Loss: 4.1565
2024-11-27 19:45:22,043 - INFO - Val Loss: 3.6457
2024-11-27 19:45:22,043 - INFO - Current Val Accuracy: 0.9583
2024-11-27 19:45:22,043 - INFO - Best Val Accuracy: 1.0000
2024-11-27 19:45:22,074 - INFO - Early stopping triggered after 51 epochs
2024-11-27 19:45:22,074 - INFO - Best validation accuracy: 1.0000
2024-11-27 19:45:22,106 - INFO - Early stopping triggered after 52 epochs
2024-11-27 19:45:22,106 - INFO - Best validation accuracy: 1.0000
2024-11-27 19:45:22,138 - INFO - Early stopping triggered after 53 epochs
2024-11-27 19:45:22,138 - INFO - Best validation accuracy: 1.0000
2024-11-27 19:45:22,170 - INFO - Early stopping triggered after 54 epochs
2024-11-27 19:45:22,170 - INFO - Best validation accuracy: 1.0000
2024-11-27 19:45:22,201 - INFO - Early stopping triggered after 55 epochs
2024-11-27 19:45:22,201 - INFO - Best validation accuracy: 1.0000
2024-11-27 19:45:22,201 - INFO - Epoch 55
2024-11-27 19:45:22,201 - INFO - Train Loss: 2.6950
2024-11-27 19:45:22,201 - INFO - Val Loss: 4.3611
2024-11-27 19:45:22,201 - INFO - Current Val Accuracy: 0.7083
2024-11-27 19:45:22,201 - INFO - Best Val Accuracy: 1.0000
2024-11-27 19:45:22,233 - INFO - Early stopping triggered after 56 epochs
2024-11-27 19:45:22,233 - INFO - Best validation accuracy: 1.0000
2024-11-27 19:45:22,265 - INFO - Early stopping triggered after 57 epochs
2024-11-27 19:45:22,265 - INFO - Best validation accuracy: 1.0000
2024-11-27 19:45:22,297 - INFO - Early stopping triggered after 58 epochs
2024-11-27 19:45:22,297 - INFO - Best validation accuracy: 1.0000
2024-11-27 19:45:22,328 - INFO - Early stopping triggered after 59 epochs
2024-11-27 19:45:22,328 - INFO - Best validation accuracy: 1.0000
2024-11-27 19:45:22,360 - INFO - Early stopping triggered after 60 epochs
2024-11-27 19:45:22,360 - INFO - Best validation accuracy: 1.0000
2024-11-27 19:45:22,360 - INFO - Epoch 60
2024-11-27 19:45:22,360 - INFO - Train Loss: 1.8518
2024-11-27 19:45:22,360 - INFO - Val Loss: 2.0808
2024-11-27 19:45:22,360 - INFO - Current Val Accuracy: 0.9028
2024-11-27 19:45:22,360 - INFO - Best Val Accuracy: 1.0000
2024-11-27 19:45:22,392 - INFO - Early stopping triggered after 61 epochs
2024-11-27 19:45:22,392 - INFO - Best validation accuracy: 1.0000
2024-11-27 19:45:22,424 - INFO - Early stopping triggered after 62 epochs
2024-11-27 19:45:22,424 - INFO - Best validation accuracy: 1.0000
2024-11-27 19:45:22,455 - INFO - Early stopping triggered after 63 epochs
2024-11-27 19:45:22,455 - INFO - Best validation accuracy: 1.0000
2024-11-27 19:45:22,487 - INFO - Early stopping triggered after 64 epochs
2024-11-27 19:45:22,487 - INFO - Best validation accuracy: 1.0000
2024-11-27 19:45:22,518 - INFO - Early stopping triggered after 65 epochs
2024-11-27 19:45:22,518 - INFO - Best validation accuracy: 1.0000
2024-11-27 19:45:22,518 - INFO - Epoch 65
2024-11-27 19:45:22,519 - INFO - Train Loss: 1.3006
2024-11-27 19:45:22,519 - INFO - Val Loss: 3.8844
2024-11-27 19:45:22,519 - INFO - Current Val Accuracy: 0.7083
2024-11-27 19:45:22,519 - INFO - Best Val Accuracy: 1.0000
2024-11-27 19:45:22,550 - INFO - Early stopping triggered after 66 epochs
2024-11-27 19:45:22,550 - INFO - Best validation accuracy: 1.0000
2024-11-27 19:45:22,582 - INFO - Early stopping triggered after 67 epochs
2024-11-27 19:45:22,582 - INFO - Best validation accuracy: 1.0000
2024-11-27 19:45:22,614 - INFO - Early stopping triggered after 68 epochs
2024-11-27 19:45:22,614 - INFO - Best validation accuracy: 1.0000
2024-11-27 19:45:22,645 - INFO - Early stopping triggered after 69 epochs
2024-11-27 19:45:22,645 - INFO - Best validation accuracy: 1.0000
2024-11-27 19:45:22,677 - INFO - Early stopping triggered after 70 epochs
2024-11-27 19:45:22,677 - INFO - Best validation accuracy: 1.0000
2024-11-27 19:45:22,677 - INFO - Epoch 70
2024-11-27 19:45:22,677 - INFO - Train Loss: 0.7937
2024-11-27 19:45:22,677 - INFO - Val Loss: 1.4955
2024-11-27 19:45:22,677 - INFO - Current Val Accuracy: 0.9028
2024-11-27 19:45:22,677 - INFO - Best Val Accuracy: 1.0000
2024-11-27 19:45:22,709 - INFO - Early stopping triggered after 71 epochs
2024-11-27 19:45:22,709 - INFO - Best validation accuracy: 1.0000
2024-11-27 19:45:22,741 - INFO - Early stopping triggered after 72 epochs
2024-11-27 19:45:22,741 - INFO - Best validation accuracy: 1.0000
2024-11-27 19:45:22,772 - INFO - Early stopping triggered after 73 epochs
2024-11-27 19:45:22,772 - INFO - Best validation accuracy: 1.0000
2024-11-27 19:45:22,804 - INFO - Early stopping triggered after 74 epochs
2024-11-27 19:45:22,804 - INFO - Best validation accuracy: 1.0000
2024-11-27 19:45:22,836 - INFO - Early stopping triggered after 75 epochs
2024-11-27 19:45:22,836 - INFO - Best validation accuracy: 1.0000
2024-11-27 19:45:22,836 - INFO - Epoch 75
2024-11-27 19:45:22,836 - INFO - Train Loss: 0.9657
2024-11-27 19:45:22,836 - INFO - Val Loss: 8.8527
2024-11-27 19:45:22,836 - INFO - Current Val Accuracy: 0.3889
2024-11-27 19:45:22,836 - INFO - Best Val Accuracy: 1.0000
2024-11-27 19:45:22,868 - INFO - Early stopping triggered after 76 epochs
2024-11-27 19:45:22,868 - INFO - Best validation accuracy: 1.0000
2024-11-27 19:45:22,899 - INFO - Early stopping triggered after 77 epochs
2024-11-27 19:45:22,900 - INFO - Best validation accuracy: 1.0000
2024-11-27 19:45:22,931 - INFO - Early stopping triggered after 78 epochs
2024-11-27 19:45:22,931 - INFO - Best validation accuracy: 1.0000
2024-11-27 19:45:22,963 - INFO - Early stopping triggered after 79 epochs
2024-11-27 19:45:22,963 - INFO - Best validation accuracy: 1.0000
2024-11-27 19:45:22,995 - INFO - Early stopping triggered after 80 epochs
2024-11-27 19:45:22,995 - INFO - Best validation accuracy: 1.0000
2024-11-27 19:45:22,995 - INFO - Epoch 80
2024-11-27 19:45:22,995 - INFO - Train Loss: 2.6885
2024-11-27 19:45:22,995 - INFO - Val Loss: 2.2023
2024-11-27 19:45:22,995 - INFO - Current Val Accuracy: 1.0000
2024-11-27 19:45:22,995 - INFO - Best Val Accuracy: 1.0000
2024-11-27 19:45:23,027 - INFO - Early stopping triggered after 81 epochs
2024-11-27 19:45:23,027 - INFO - Best validation accuracy: 1.0000
2024-11-27 19:45:23,058 - INFO - Early stopping triggered after 82 epochs
2024-11-27 19:45:23,058 - INFO - Best validation accuracy: 1.0000
2024-11-27 19:45:23,090 - INFO - Early stopping triggered after 83 epochs
2024-11-27 19:45:23,090 - INFO - Best validation accuracy: 1.0000
2024-11-27 19:45:23,122 - INFO - Early stopping triggered after 84 epochs
2024-11-27 19:45:23,122 - INFO - Best validation accuracy: 1.0000
2024-11-27 19:45:23,154 - INFO - Early stopping triggered after 85 epochs
2024-11-27 19:45:23,154 - INFO - Best validation accuracy: 1.0000
2024-11-27 19:45:23,154 - INFO - Epoch 85
2024-11-27 19:45:23,154 - INFO - Train Loss: 2.4104
2024-11-27 19:45:23,154 - INFO - Val Loss: 4.4466
2024-11-27 19:45:23,154 - INFO - Current Val Accuracy: 0.6111
2024-11-27 19:45:23,154 - INFO - Best Val Accuracy: 1.0000
2024-11-27 19:45:23,187 - INFO - Early stopping triggered after 86 epochs
2024-11-27 19:45:23,187 - INFO - Best validation accuracy: 1.0000
2024-11-27 19:45:23,219 - INFO - Early stopping triggered after 87 epochs
2024-11-27 19:45:23,219 - INFO - Best validation accuracy: 1.0000
2024-11-27 19:45:23,252 - INFO - Early stopping triggered after 88 epochs
2024-11-27 19:45:23,252 - INFO - Best validation accuracy: 1.0000
2024-11-27 19:45:23,284 - INFO - Early stopping triggered after 89 epochs
2024-11-27 19:45:23,284 - INFO - Best validation accuracy: 1.0000
2024-11-27 19:45:23,315 - INFO - Early stopping triggered after 90 epochs
2024-11-27 19:45:23,316 - INFO - Best validation accuracy: 1.0000
2024-11-27 19:45:23,316 - INFO - Epoch 90
2024-11-27 19:45:23,316 - INFO - Train Loss: 1.3499
2024-11-27 19:45:23,316 - INFO - Val Loss: 0.8955
2024-11-27 19:45:23,316 - INFO - Current Val Accuracy: 1.0000
2024-11-27 19:45:23,316 - INFO - Best Val Accuracy: 1.0000
2024-11-27 19:45:23,347 - INFO - Early stopping triggered after 91 epochs
2024-11-27 19:45:23,347 - INFO - Best validation accuracy: 1.0000
2024-11-27 19:45:23,379 - INFO - Early stopping triggered after 92 epochs
2024-11-27 19:45:23,379 - INFO - Best validation accuracy: 1.0000
2024-11-27 19:45:23,411 - INFO - Early stopping triggered after 93 epochs
2024-11-27 19:45:23,411 - INFO - Best validation accuracy: 1.0000
2024-11-27 19:45:23,442 - INFO - Early stopping triggered after 94 epochs
2024-11-27 19:45:23,443 - INFO - Best validation accuracy: 1.0000
2024-11-27 19:45:23,474 - INFO - Early stopping triggered after 95 epochs
2024-11-27 19:45:23,474 - INFO - Best validation accuracy: 1.0000
2024-11-27 19:45:23,474 - INFO - Epoch 95
2024-11-27 19:45:23,474 - INFO - Train Loss: 0.5427
2024-11-27 19:45:23,474 - INFO - Val Loss: 2.2779
2024-11-27 19:45:23,474 - INFO - Current Val Accuracy: 0.7500
2024-11-27 19:45:23,474 - INFO - Best Val Accuracy: 1.0000
2024-11-27 19:45:23,506 - INFO - Early stopping triggered after 96 epochs
2024-11-27 19:45:23,506 - INFO - Best validation accuracy: 1.0000
2024-11-27 19:45:23,538 - INFO - Early stopping triggered after 97 epochs
2024-11-27 19:45:23,538 - INFO - Best validation accuracy: 1.0000
2024-11-27 19:45:23,569 - INFO - Early stopping triggered after 98 epochs
2024-11-27 19:45:23,570 - INFO - Best validation accuracy: 1.0000
2024-11-27 19:45:23,601 - INFO - Early stopping triggered after 99 epochs
2024-11-27 19:45:23,601 - INFO - Best validation accuracy: 1.0000
2024-11-27 19:45:23,632 - INFO - Early stopping triggered after 100 epochs
2024-11-27 19:45:23,632 - INFO - Best validation accuracy: 1.0000
2024-11-27 19:45:23,632 - INFO - Epoch 100
2024-11-27 19:45:23,632 - INFO - Train Loss: 2.0497
2024-11-27 19:45:23,632 - INFO - Val Loss: 1.0275
2024-11-27 19:45:23,632 - INFO - Current Val Accuracy: 0.8611
2024-11-27 19:45:23,632 - INFO - Best Val Accuracy: 1.0000
2024-11-27 19:45:23,632 - INFO - 
Starting Fold 5/5
2024-11-27 19:45:23,668 - INFO - Epoch 1: New best validation accuracy: 0.8611
2024-11-27 19:45:23,765 - INFO - Epoch 4: New best validation accuracy: 0.9167
2024-11-27 19:45:23,797 - INFO - Epoch 5
2024-11-27 19:45:23,797 - INFO - Train Loss: 6.2307
2024-11-27 19:45:23,797 - INFO - Val Loss: 4.4172
2024-11-27 19:45:23,797 - INFO - Current Val Accuracy: 0.9028
2024-11-27 19:45:23,797 - INFO - Best Val Accuracy: 0.9167
2024-11-27 19:45:23,925 - INFO - Epoch 9: New best validation accuracy: 0.9583
2024-11-27 19:45:23,957 - INFO - Epoch 10
2024-11-27 19:45:23,957 - INFO - Train Loss: 6.3078
2024-11-27 19:45:23,957 - INFO - Val Loss: 18.1926
2024-11-27 19:45:23,957 - INFO - Current Val Accuracy: 0.9167
2024-11-27 19:45:23,957 - INFO - Best Val Accuracy: 0.9583
2024-11-27 19:45:24,116 - INFO - Epoch 15
2024-11-27 19:45:24,116 - INFO - Train Loss: 7.5168
2024-11-27 19:45:24,116 - INFO - Val Loss: 11.1032
2024-11-27 19:45:24,116 - INFO - Current Val Accuracy: 0.8056
2024-11-27 19:45:24,116 - INFO - Best Val Accuracy: 0.9583
2024-11-27 19:45:24,213 - INFO - Epoch 18: New best validation accuracy: 1.0000
2024-11-27 19:45:24,213 - INFO - Achieved perfect validation accuracy!
2024-11-27 19:45:24,213 - INFO - Current metrics:
2024-11-27 19:45:24,213 - INFO - balanced_accuracy: 1.0000
2024-11-27 19:45:24,213 - INFO - precision: 1.0000
2024-11-27 19:45:24,213 - INFO - recall: 1.0000
2024-11-27 19:45:24,213 - INFO - f1: 1.0000
2024-11-27 19:45:24,213 - INFO - auc_roc: 1.0000
2024-11-27 19:45:24,276 - INFO - Epoch 20
2024-11-27 19:45:24,276 - INFO - Train Loss: 3.0227
2024-11-27 19:45:24,276 - INFO - Val Loss: 9.1627
2024-11-27 19:45:24,276 - INFO - Current Val Accuracy: 0.7917
2024-11-27 19:45:24,276 - INFO - Best Val Accuracy: 1.0000
2024-11-27 19:45:24,435 - INFO - Epoch 25
2024-11-27 19:45:24,435 - INFO - Train Loss: 5.3940
2024-11-27 19:45:24,436 - INFO - Val Loss: 2.3059
2024-11-27 19:45:24,436 - INFO - Current Val Accuracy: 0.9028
2024-11-27 19:45:24,436 - INFO - Best Val Accuracy: 1.0000
2024-11-27 19:45:24,531 - INFO - Early stopping triggered after 28 epochs
2024-11-27 19:45:24,531 - INFO - Best validation accuracy: 1.0000
2024-11-27 19:45:24,562 - INFO - Early stopping triggered after 29 epochs
2024-11-27 19:45:24,563 - INFO - Best validation accuracy: 1.0000
2024-11-27 19:45:24,594 - INFO - Early stopping triggered after 30 epochs
2024-11-27 19:45:24,594 - INFO - Best validation accuracy: 1.0000
2024-11-27 19:45:24,594 - INFO - Epoch 30
2024-11-27 19:45:24,594 - INFO - Train Loss: 3.9619
2024-11-27 19:45:24,594 - INFO - Val Loss: 3.6704
2024-11-27 19:45:24,594 - INFO - Current Val Accuracy: 0.8889
2024-11-27 19:45:24,594 - INFO - Best Val Accuracy: 1.0000
2024-11-27 19:45:24,626 - INFO - Early stopping triggered after 31 epochs
2024-11-27 19:45:24,626 - INFO - Best validation accuracy: 1.0000
2024-11-27 19:45:24,658 - INFO - Early stopping triggered after 32 epochs
2024-11-27 19:45:24,658 - INFO - Best validation accuracy: 1.0000
2024-11-27 19:45:24,690 - INFO - Early stopping triggered after 33 epochs
2024-11-27 19:45:24,690 - INFO - Best validation accuracy: 1.0000
2024-11-27 19:45:24,722 - INFO - Early stopping triggered after 34 epochs
2024-11-27 19:45:24,722 - INFO - Best validation accuracy: 1.0000
2024-11-27 19:45:24,753 - INFO - Early stopping triggered after 35 epochs
2024-11-27 19:45:24,753 - INFO - Best validation accuracy: 1.0000
2024-11-27 19:45:24,753 - INFO - Epoch 35
2024-11-27 19:45:24,753 - INFO - Train Loss: 4.2741
2024-11-27 19:45:24,754 - INFO - Val Loss: 4.0768
2024-11-27 19:45:24,754 - INFO - Current Val Accuracy: 0.9028
2024-11-27 19:45:24,754 - INFO - Best Val Accuracy: 1.0000
2024-11-27 19:45:24,785 - INFO - Early stopping triggered after 36 epochs
2024-11-27 19:45:24,785 - INFO - Best validation accuracy: 1.0000
2024-11-27 19:45:24,817 - INFO - Early stopping triggered after 37 epochs
2024-11-27 19:45:24,817 - INFO - Best validation accuracy: 1.0000
2024-11-27 19:45:24,849 - INFO - Early stopping triggered after 38 epochs
2024-11-27 19:45:24,849 - INFO - Best validation accuracy: 1.0000
2024-11-27 19:45:24,881 - INFO - Early stopping triggered after 39 epochs
2024-11-27 19:45:24,881 - INFO - Best validation accuracy: 1.0000
2024-11-27 19:45:24,912 - INFO - Early stopping triggered after 40 epochs
2024-11-27 19:45:24,912 - INFO - Best validation accuracy: 1.0000
2024-11-27 19:45:24,912 - INFO - Epoch 40
2024-11-27 19:45:24,912 - INFO - Train Loss: 6.1384
2024-11-27 19:45:24,912 - INFO - Val Loss: 5.9236
2024-11-27 19:45:24,912 - INFO - Current Val Accuracy: 0.9583
2024-11-27 19:45:24,912 - INFO - Best Val Accuracy: 1.0000
2024-11-27 19:45:24,944 - INFO - Early stopping triggered after 41 epochs
2024-11-27 19:45:24,944 - INFO - Best validation accuracy: 1.0000
2024-11-27 19:45:24,976 - INFO - Early stopping triggered after 42 epochs
2024-11-27 19:45:24,976 - INFO - Best validation accuracy: 1.0000
2024-11-27 19:45:25,008 - INFO - Early stopping triggered after 43 epochs
2024-11-27 19:45:25,008 - INFO - Best validation accuracy: 1.0000
2024-11-27 19:45:25,040 - INFO - Early stopping triggered after 44 epochs
2024-11-27 19:45:25,040 - INFO - Best validation accuracy: 1.0000
2024-11-27 19:45:25,072 - INFO - Early stopping triggered after 45 epochs
2024-11-27 19:45:25,072 - INFO - Best validation accuracy: 1.0000
2024-11-27 19:45:25,072 - INFO - Epoch 45
2024-11-27 19:45:25,072 - INFO - Train Loss: 3.4205
2024-11-27 19:45:25,072 - INFO - Val Loss: 16.2905
2024-11-27 19:45:25,072 - INFO - Current Val Accuracy: 0.4861
2024-11-27 19:45:25,072 - INFO - Best Val Accuracy: 1.0000
2024-11-27 19:45:25,104 - INFO - Early stopping triggered after 46 epochs
2024-11-27 19:45:25,104 - INFO - Best validation accuracy: 1.0000
2024-11-27 19:45:25,135 - INFO - Early stopping triggered after 47 epochs
2024-11-27 19:45:25,135 - INFO - Best validation accuracy: 1.0000
2024-11-27 19:45:25,167 - INFO - Early stopping triggered after 48 epochs
2024-11-27 19:45:25,167 - INFO - Best validation accuracy: 1.0000
2024-11-27 19:45:25,199 - INFO - Early stopping triggered after 49 epochs
2024-11-27 19:45:25,199 - INFO - Best validation accuracy: 1.0000
2024-11-27 19:45:25,231 - INFO - Early stopping triggered after 50 epochs
2024-11-27 19:45:25,231 - INFO - Best validation accuracy: 1.0000
2024-11-27 19:45:25,231 - INFO - Epoch 50
2024-11-27 19:45:25,231 - INFO - Train Loss: 2.1123
2024-11-27 19:45:25,231 - INFO - Val Loss: 2.6940
2024-11-27 19:45:25,231 - INFO - Current Val Accuracy: 0.9583
2024-11-27 19:45:25,231 - INFO - Best Val Accuracy: 1.0000
2024-11-27 19:45:25,263 - INFO - Early stopping triggered after 51 epochs
2024-11-27 19:45:25,263 - INFO - Best validation accuracy: 1.0000
2024-11-27 19:45:25,295 - INFO - Early stopping triggered after 52 epochs
2024-11-27 19:45:25,295 - INFO - Best validation accuracy: 1.0000
2024-11-27 19:45:25,327 - INFO - Early stopping triggered after 53 epochs
2024-11-27 19:45:25,327 - INFO - Best validation accuracy: 1.0000
2024-11-27 19:45:25,358 - INFO - Early stopping triggered after 54 epochs
2024-11-27 19:45:25,358 - INFO - Best validation accuracy: 1.0000
2024-11-27 19:45:25,390 - INFO - Early stopping triggered after 55 epochs
2024-11-27 19:45:25,390 - INFO - Best validation accuracy: 1.0000
2024-11-27 19:45:25,390 - INFO - Epoch 55
2024-11-27 19:45:25,390 - INFO - Train Loss: 0.5119
2024-11-27 19:45:25,390 - INFO - Val Loss: 4.2382
2024-11-27 19:45:25,390 - INFO - Current Val Accuracy: 0.4722
2024-11-27 19:45:25,390 - INFO - Best Val Accuracy: 1.0000
2024-11-27 19:45:25,422 - INFO - Early stopping triggered after 56 epochs
2024-11-27 19:45:25,422 - INFO - Best validation accuracy: 1.0000
2024-11-27 19:45:25,453 - INFO - Early stopping triggered after 57 epochs
2024-11-27 19:45:25,453 - INFO - Best validation accuracy: 1.0000
2024-11-27 19:45:25,485 - INFO - Early stopping triggered after 58 epochs
2024-11-27 19:45:25,485 - INFO - Best validation accuracy: 1.0000
2024-11-27 19:45:25,517 - INFO - Early stopping triggered after 59 epochs
2024-11-27 19:45:25,517 - INFO - Best validation accuracy: 1.0000
2024-11-27 19:45:25,549 - INFO - Early stopping triggered after 60 epochs
2024-11-27 19:45:25,549 - INFO - Best validation accuracy: 1.0000
2024-11-27 19:45:25,549 - INFO - Epoch 60
2024-11-27 19:45:25,549 - INFO - Train Loss: 1.8422
2024-11-27 19:45:25,549 - INFO - Val Loss: 2.4080
2024-11-27 19:45:25,549 - INFO - Current Val Accuracy: 0.9028
2024-11-27 19:45:25,549 - INFO - Best Val Accuracy: 1.0000
2024-11-27 19:45:25,581 - INFO - Early stopping triggered after 61 epochs
2024-11-27 19:45:25,581 - INFO - Best validation accuracy: 1.0000
2024-11-27 19:45:25,613 - INFO - Early stopping triggered after 62 epochs
2024-11-27 19:45:25,613 - INFO - Best validation accuracy: 1.0000
2024-11-27 19:45:25,644 - INFO - Early stopping triggered after 63 epochs
2024-11-27 19:45:25,644 - INFO - Best validation accuracy: 1.0000
2024-11-27 19:45:25,676 - INFO - Early stopping triggered after 64 epochs
2024-11-27 19:45:25,676 - INFO - Best validation accuracy: 1.0000
2024-11-27 19:45:25,708 - INFO - Early stopping triggered after 65 epochs
2024-11-27 19:45:25,708 - INFO - Best validation accuracy: 1.0000
2024-11-27 19:45:25,708 - INFO - Epoch 65
2024-11-27 19:45:25,708 - INFO - Train Loss: 1.0918
2024-11-27 19:45:25,708 - INFO - Val Loss: 0.7921
2024-11-27 19:45:25,708 - INFO - Current Val Accuracy: 0.9028
2024-11-27 19:45:25,708 - INFO - Best Val Accuracy: 1.0000
2024-11-27 19:45:25,740 - INFO - Early stopping triggered after 66 epochs
2024-11-27 19:45:25,740 - INFO - Best validation accuracy: 1.0000
2024-11-27 19:45:25,771 - INFO - Early stopping triggered after 67 epochs
2024-11-27 19:45:25,771 - INFO - Best validation accuracy: 1.0000
2024-11-27 19:45:25,803 - INFO - Early stopping triggered after 68 epochs
2024-11-27 19:45:25,803 - INFO - Best validation accuracy: 1.0000
2024-11-27 19:45:25,835 - INFO - Early stopping triggered after 69 epochs
2024-11-27 19:45:25,835 - INFO - Best validation accuracy: 1.0000
2024-11-27 19:45:25,867 - INFO - Early stopping triggered after 70 epochs
2024-11-27 19:45:25,867 - INFO - Best validation accuracy: 1.0000
2024-11-27 19:45:25,867 - INFO - Epoch 70
2024-11-27 19:45:25,867 - INFO - Train Loss: 0.4593
2024-11-27 19:45:25,867 - INFO - Val Loss: 0.9032
2024-11-27 19:45:25,867 - INFO - Current Val Accuracy: 0.9167
2024-11-27 19:45:25,867 - INFO - Best Val Accuracy: 1.0000
2024-11-27 19:45:25,899 - INFO - Early stopping triggered after 71 epochs
2024-11-27 19:45:25,899 - INFO - Best validation accuracy: 1.0000
2024-11-27 19:45:25,930 - INFO - Early stopping triggered after 72 epochs
2024-11-27 19:45:25,930 - INFO - Best validation accuracy: 1.0000
2024-11-27 19:45:25,962 - INFO - Early stopping triggered after 73 epochs
2024-11-27 19:45:25,962 - INFO - Best validation accuracy: 1.0000
2024-11-27 19:45:25,994 - INFO - Early stopping triggered after 74 epochs
2024-11-27 19:45:25,994 - INFO - Best validation accuracy: 1.0000
2024-11-27 19:45:26,026 - INFO - Early stopping triggered after 75 epochs
2024-11-27 19:45:26,026 - INFO - Best validation accuracy: 1.0000
2024-11-27 19:45:26,026 - INFO - Epoch 75
2024-11-27 19:45:26,026 - INFO - Train Loss: 0.4414
2024-11-27 19:45:26,026 - INFO - Val Loss: 0.8497
2024-11-27 19:45:26,026 - INFO - Current Val Accuracy: 0.8472
2024-11-27 19:45:26,026 - INFO - Best Val Accuracy: 1.0000
2024-11-27 19:45:26,058 - INFO - Early stopping triggered after 76 epochs
2024-11-27 19:45:26,058 - INFO - Best validation accuracy: 1.0000
2024-11-27 19:45:26,089 - INFO - Early stopping triggered after 77 epochs
2024-11-27 19:45:26,090 - INFO - Best validation accuracy: 1.0000
2024-11-27 19:45:26,121 - INFO - Early stopping triggered after 78 epochs
2024-11-27 19:45:26,121 - INFO - Best validation accuracy: 1.0000
2024-11-27 19:45:26,153 - INFO - Early stopping triggered after 79 epochs
2024-11-27 19:45:26,153 - INFO - Best validation accuracy: 1.0000
2024-11-27 19:45:26,185 - INFO - Early stopping triggered after 80 epochs
2024-11-27 19:45:26,185 - INFO - Best validation accuracy: 1.0000
2024-11-27 19:45:26,185 - INFO - Epoch 80
2024-11-27 19:45:26,185 - INFO - Train Loss: 0.4199
2024-11-27 19:45:26,185 - INFO - Val Loss: 0.6653
2024-11-27 19:45:26,185 - INFO - Current Val Accuracy: 0.8472
2024-11-27 19:45:26,185 - INFO - Best Val Accuracy: 1.0000
2024-11-27 19:45:26,219 - INFO - Early stopping triggered after 81 epochs
2024-11-27 19:45:26,219 - INFO - Best validation accuracy: 1.0000
2024-11-27 19:45:26,250 - INFO - Early stopping triggered after 82 epochs
2024-11-27 19:45:26,250 - INFO - Best validation accuracy: 1.0000
2024-11-27 19:45:26,282 - INFO - Early stopping triggered after 83 epochs
2024-11-27 19:45:26,282 - INFO - Best validation accuracy: 1.0000
2024-11-27 19:45:26,314 - INFO - Early stopping triggered after 84 epochs
2024-11-27 19:45:26,314 - INFO - Best validation accuracy: 1.0000
2024-11-27 19:45:26,346 - INFO - Early stopping triggered after 85 epochs
2024-11-27 19:45:26,346 - INFO - Best validation accuracy: 1.0000
2024-11-27 19:45:26,346 - INFO - Epoch 85
2024-11-27 19:45:26,346 - INFO - Train Loss: 0.2912
2024-11-27 19:45:26,346 - INFO - Val Loss: 0.8410
2024-11-27 19:45:26,346 - INFO - Current Val Accuracy: 0.8889
2024-11-27 19:45:26,346 - INFO - Best Val Accuracy: 1.0000
2024-11-27 19:45:26,378 - INFO - Early stopping triggered after 86 epochs
2024-11-27 19:45:26,378 - INFO - Best validation accuracy: 1.0000
2024-11-27 19:45:26,410 - INFO - Early stopping triggered after 87 epochs
2024-11-27 19:45:26,410 - INFO - Best validation accuracy: 1.0000
2024-11-27 19:45:26,441 - INFO - Early stopping triggered after 88 epochs
2024-11-27 19:45:26,441 - INFO - Best validation accuracy: 1.0000
2024-11-27 19:45:26,473 - INFO - Early stopping triggered after 89 epochs
2024-11-27 19:45:26,473 - INFO - Best validation accuracy: 1.0000
2024-11-27 19:45:26,504 - INFO - Early stopping triggered after 90 epochs
2024-11-27 19:45:26,504 - INFO - Best validation accuracy: 1.0000
2024-11-27 19:45:26,505 - INFO - Epoch 90
2024-11-27 19:45:26,505 - INFO - Train Loss: 0.2944
2024-11-27 19:45:26,505 - INFO - Val Loss: 0.5675
2024-11-27 19:45:26,505 - INFO - Current Val Accuracy: 0.9583
2024-11-27 19:45:26,505 - INFO - Best Val Accuracy: 1.0000
2024-11-27 19:45:26,536 - INFO - Early stopping triggered after 91 epochs
2024-11-27 19:45:26,536 - INFO - Best validation accuracy: 1.0000
2024-11-27 19:45:26,568 - INFO - Early stopping triggered after 92 epochs
2024-11-27 19:45:26,568 - INFO - Best validation accuracy: 1.0000
2024-11-27 19:45:26,600 - INFO - Early stopping triggered after 93 epochs
2024-11-27 19:45:26,600 - INFO - Best validation accuracy: 1.0000
2024-11-27 19:45:26,631 - INFO - Early stopping triggered after 94 epochs
2024-11-27 19:45:26,631 - INFO - Best validation accuracy: 1.0000
2024-11-27 19:45:26,663 - INFO - Early stopping triggered after 95 epochs
2024-11-27 19:45:26,663 - INFO - Best validation accuracy: 1.0000
2024-11-27 19:45:26,663 - INFO - Epoch 95
2024-11-27 19:45:26,663 - INFO - Train Loss: 0.2873
2024-11-27 19:45:26,663 - INFO - Val Loss: 0.4827
2024-11-27 19:45:26,663 - INFO - Current Val Accuracy: 0.8472
2024-11-27 19:45:26,663 - INFO - Best Val Accuracy: 1.0000
2024-11-27 19:45:26,693 - INFO - Early stopping triggered after 96 epochs
2024-11-27 19:45:26,693 - INFO - Best validation accuracy: 1.0000
2024-11-27 19:45:26,724 - INFO - Early stopping triggered after 97 epochs
2024-11-27 19:45:26,724 - INFO - Best validation accuracy: 1.0000
2024-11-27 19:45:26,756 - INFO - Early stopping triggered after 98 epochs
2024-11-27 19:45:26,756 - INFO - Best validation accuracy: 1.0000
2024-11-27 19:45:26,788 - INFO - Early stopping triggered after 99 epochs
2024-11-27 19:45:26,788 - INFO - Best validation accuracy: 1.0000
2024-11-27 19:45:26,820 - INFO - Early stopping triggered after 100 epochs
2024-11-27 19:45:26,820 - INFO - Best validation accuracy: 1.0000
2024-11-27 19:45:26,820 - INFO - Epoch 100
2024-11-27 19:45:26,820 - INFO - Train Loss: 0.2440
2024-11-27 19:45:26,820 - INFO - Val Loss: 0.4320
2024-11-27 19:45:26,820 - INFO - Current Val Accuracy: 0.8472
2024-11-27 19:45:26,820 - INFO - Best Val Accuracy: 1.0000
2024-11-27 19:45:26,820 - INFO - 
Best validation metrics for each fold:
2024-11-27 19:45:26,820 - INFO - 
Fold 1:
2024-11-27 19:45:26,820 - INFO - balanced_accuracy: 1.0000
2024-11-27 19:45:26,820 - INFO - precision: 1.0000
2024-11-27 19:45:26,820 - INFO - recall: 1.0000
2024-11-27 19:45:26,820 - INFO - f1: 1.0000
2024-11-27 19:45:26,820 - INFO - auc_roc: 1.0000
2024-11-27 19:45:26,820 - INFO - 
Fold 2:
2024-11-27 19:45:26,820 - INFO - balanced_accuracy: 1.0000
2024-11-27 19:45:26,820 - INFO - precision: 1.0000
2024-11-27 19:45:26,820 - INFO - recall: 1.0000
2024-11-27 19:45:26,820 - INFO - f1: 1.0000
2024-11-27 19:45:26,820 - INFO - auc_roc: 1.0000
2024-11-27 19:45:26,820 - INFO - 
Fold 3:
2024-11-27 19:45:26,820 - INFO - balanced_accuracy: 1.0000
2024-11-27 19:45:26,820 - INFO - precision: 1.0000
2024-11-27 19:45:26,820 - INFO - recall: 1.0000
2024-11-27 19:45:26,821 - INFO - f1: 1.0000
2024-11-27 19:45:26,821 - INFO - auc_roc: 1.0000
2024-11-27 19:45:26,821 - INFO - 
Fold 4:
2024-11-27 19:45:26,821 - INFO - balanced_accuracy: 1.0000
2024-11-27 19:45:26,821 - INFO - precision: 1.0000
2024-11-27 19:45:26,821 - INFO - recall: 1.0000
2024-11-27 19:45:26,821 - INFO - f1: 1.0000
2024-11-27 19:45:26,821 - INFO - auc_roc: 1.0000
2024-11-27 19:45:26,821 - INFO - 
Fold 5:
2024-11-27 19:45:26,821 - INFO - balanced_accuracy: 1.0000
2024-11-27 19:45:26,821 - INFO - precision: 1.0000
2024-11-27 19:45:26,821 - INFO - recall: 1.0000
2024-11-27 19:45:26,821 - INFO - f1: 1.0000
2024-11-27 19:45:26,821 - INFO - auc_roc: 1.0000
2024-11-27 19:45:26,821 - INFO - 
Average metrics across all folds:
2024-11-27 19:45:26,821 - INFO - Average balanced_accuracy: 1.0000
2024-11-27 19:45:26,821 - INFO - Average precision: 1.0000
2024-11-27 19:45:26,821 - INFO - Average recall: 1.0000
2024-11-27 19:45:26,821 - INFO - Average f1: 1.0000
2024-11-27 19:45:26,821 - INFO - Average auc_roc: 1.0000
2024-11-27 19:45:26,821 - INFO - 
Metric standard deviations across folds:
2024-11-27 19:45:26,821 - INFO - balanced_accuracy std: 0.0000
2024-11-27 19:45:26,821 - INFO - precision std: 0.0000
2024-11-27 19:45:26,821 - INFO - recall std: 0.0000
2024-11-27 19:45:26,821 - INFO - f1 std: 0.0000
2024-11-27 19:45:26,821 - INFO - auc_roc std: 0.0000
2024-11-27 19:45:26,821 - INFO - 
Training completed. Best overall accuracy: 1.0000
2024-11-27 19:45:26,823 - INFO - Training time: 16.08s
