INFO:__main__:Reading the dataset: fish part
INFO:__main__:Pre-training the network: Masked Spectra Modelling
INFO:pre_training:Epoch [1/100], Loss: 0.0360, Val: 0.1972
INFO:pre_training:Epoch [2/100], Loss: 0.0337, Val: 0.1979
INFO:pre_training:Epoch [3/100], Loss: 0.0316, Val: 0.1898
INFO:pre_training:Epoch [4/100], Loss: 0.0305, Val: 0.1874
INFO:pre_training:Epoch [5/100], Loss: 0.0291, Val: 0.1833
INFO:pre_training:Epoch [6/100], Loss: 0.0287, Val: 0.1730
INFO:pre_training:Epoch [7/100], Loss: 0.0279, Val: 0.1752
INFO:pre_training:Epoch [8/100], Loss: 0.0272, Val: 0.1754
INFO:pre_training:Epoch [9/100], Loss: 0.0268, Val: 0.1765
INFO:pre_training:Epoch [10/100], Loss: 0.0261, Val: 0.1672
INFO:pre_training:Epoch [11/100], Loss: 0.0260, Val: 0.1697
INFO:pre_training:Epoch [12/100], Loss: 0.0255, Val: 0.1725
INFO:pre_training:Epoch [13/100], Loss: 0.0253, Val: 0.1715
INFO:pre_training:Epoch [14/100], Loss: 0.0245, Val: 0.1654
INFO:pre_training:Epoch [15/100], Loss: 0.0242, Val: 0.1656
INFO:pre_training:Epoch [16/100], Loss: 0.0244, Val: 0.1747
INFO:pre_training:Epoch [17/100], Loss: 0.0235, Val: 0.1703
INFO:pre_training:Epoch [18/100], Loss: 0.0235, Val: 0.1654
INFO:pre_training:Epoch [19/100], Loss: 0.0232, Val: 0.1698
INFO:pre_training:Epoch [20/100], Loss: 0.0229, Val: 0.1626
INFO:pre_training:Epoch [21/100], Loss: 0.0224, Val: 0.1544
INFO:pre_training:Epoch [22/100], Loss: 0.0227, Val: 0.1608
INFO:pre_training:Epoch [23/100], Loss: 0.0225, Val: 0.1574
INFO:pre_training:Epoch [24/100], Loss: 0.0217, Val: 0.1576
INFO:pre_training:Epoch [25/100], Loss: 0.0214, Val: 0.1610
INFO:pre_training:Epoch [26/100], Loss: 0.0214, Val: 0.1533
INFO:pre_training:Epoch [27/100], Loss: 0.0214, Val: 0.1519
INFO:pre_training:Epoch [28/100], Loss: 0.0213, Val: 0.1600
INFO:pre_training:Epoch [29/100], Loss: 0.0206, Val: 0.1533
INFO:pre_training:Epoch [30/100], Loss: 0.0204, Val: 0.1548
INFO:pre_training:Epoch [31/100], Loss: 0.0202, Val: 0.1503
INFO:pre_training:Epoch [32/100], Loss: 0.0199, Val: 0.1507
INFO:pre_training:Epoch [33/100], Loss: 0.0199, Val: 0.1515
INFO:pre_training:Epoch [34/100], Loss: 0.0197, Val: 0.1458
INFO:pre_training:Epoch [35/100], Loss: 0.0198, Val: 0.1522
INFO:pre_training:Epoch [36/100], Loss: 0.0192, Val: 0.1513
INFO:pre_training:Epoch [37/100], Loss: 0.0192, Val: 0.1524
INFO:pre_training:Epoch [38/100], Loss: 0.0191, Val: 0.1470
INFO:pre_training:Epoch [39/100], Loss: 0.0188, Val: 0.1426
INFO:pre_training:Epoch [40/100], Loss: 0.0188, Val: 0.1494
INFO:pre_training:Epoch [41/100], Loss: 0.0190, Val: 0.1455
INFO:pre_training:Epoch [42/100], Loss: 0.0186, Val: 0.1407
INFO:pre_training:Epoch [43/100], Loss: 0.0179, Val: 0.1481
INFO:pre_training:Epoch [44/100], Loss: 0.0186, Val: 0.1420
INFO:pre_training:Epoch [45/100], Loss: 0.0182, Val: 0.1471
INFO:pre_training:Epoch [46/100], Loss: 0.0179, Val: 0.1439
INFO:pre_training:Epoch [47/100], Loss: 0.0176, Val: 0.1475
INFO:pre_training:Epoch [48/100], Loss: 0.0175, Val: 0.1435
INFO:pre_training:Epoch [49/100], Loss: 0.0177, Val: 0.1424
INFO:pre_training:Epoch [50/100], Loss: 0.0172, Val: 0.1455
INFO:pre_training:Epoch [51/100], Loss: 0.0174, Val: 0.1428
INFO:pre_training:Epoch [52/100], Loss: 0.0173, Val: 0.1406
INFO:pre_training:Epoch [53/100], Loss: 0.0168, Val: 0.1444
INFO:pre_training:Epoch [54/100], Loss: 0.0170, Val: 0.1410
INFO:pre_training:Epoch [55/100], Loss: 0.0168, Val: 0.1425
INFO:pre_training:Epoch [56/100], Loss: 0.0169, Val: 0.1416
INFO:pre_training:Epoch [57/100], Loss: 0.0169, Val: 0.1415
INFO:pre_training:Epoch [58/100], Loss: 0.0165, Val: 0.1480
INFO:pre_training:Epoch [59/100], Loss: 0.0165, Val: 0.1380
INFO:pre_training:Epoch [60/100], Loss: 0.0163, Val: 0.1457
INFO:pre_training:Epoch [61/100], Loss: 0.0162, Val: 0.1368
INFO:pre_training:Epoch [62/100], Loss: 0.0163, Val: 0.1386
INFO:pre_training:Epoch [63/100], Loss: 0.0163, Val: 0.1390
INFO:pre_training:Epoch [64/100], Loss: 0.0160, Val: 0.1399
INFO:pre_training:Epoch [65/100], Loss: 0.0162, Val: 0.1394
INFO:pre_training:Epoch [66/100], Loss: 0.0159, Val: 0.1374
INFO:pre_training:Epoch [67/100], Loss: 0.0157, Val: 0.1428
INFO:pre_training:Epoch [68/100], Loss: 0.0158, Val: 0.1399
INFO:pre_training:Epoch [69/100], Loss: 0.0156, Val: 0.1356
INFO:pre_training:Epoch [70/100], Loss: 0.0153, Val: 0.1351
INFO:pre_training:Epoch [71/100], Loss: 0.0155, Val: 0.1437
INFO:pre_training:Epoch [72/100], Loss: 0.0152, Val: 0.1454
INFO:pre_training:Epoch [73/100], Loss: 0.0154, Val: 0.1339
INFO:pre_training:Epoch [74/100], Loss: 0.0153, Val: 0.1379
INFO:pre_training:Epoch [75/100], Loss: 0.0151, Val: 0.1389
INFO:pre_training:Epoch [76/100], Loss: 0.0149, Val: 0.1354
INFO:pre_training:Epoch [77/100], Loss: 0.0147, Val: 0.1370
INFO:pre_training:Epoch [78/100], Loss: 0.0150, Val: 0.1370
INFO:pre_training:Epoch [79/100], Loss: 0.0148, Val: 0.1334
INFO:pre_training:Epoch [80/100], Loss: 0.0149, Val: 0.1422
INFO:pre_training:Epoch [81/100], Loss: 0.0147, Val: 0.1391
INFO:pre_training:Epoch [82/100], Loss: 0.0145, Val: 0.1371
INFO:pre_training:Epoch [83/100], Loss: 0.0146, Val: 0.1359
INFO:pre_training:Epoch [84/100], Loss: 0.0143, Val: 0.1324
INFO:pre_training:Epoch [85/100], Loss: 0.0143, Val: 0.1330
INFO:pre_training:Epoch [86/100], Loss: 0.0142, Val: 0.1411
INFO:pre_training:Epoch [87/100], Loss: 0.0142, Val: 0.1369
INFO:pre_training:Epoch [88/100], Loss: 0.0143, Val: 0.1342
INFO:pre_training:Epoch [89/100], Loss: 0.0142, Val: 0.1361
INFO:pre_training:Epoch [90/100], Loss: 0.0142, Val: 0.1321
INFO:pre_training:Epoch [91/100], Loss: 0.0141, Val: 0.1372
INFO:pre_training:Epoch [92/100], Loss: 0.0138, Val: 0.1349
INFO:pre_training:Epoch [93/100], Loss: 0.0137, Val: 0.1373
INFO:pre_training:Epoch [94/100], Loss: 0.0140, Val: 0.1341
INFO:pre_training:Epoch [95/100], Loss: 0.0137, Val: 0.1347
INFO:pre_training:Epoch [96/100], Loss: 0.0138, Val: 0.1324
INFO:pre_training:Epoch [97/100], Loss: 0.0137, Val: 0.1362
INFO:pre_training:Epoch [98/100], Loss: 0.0138, Val: 0.1340
INFO:pre_training:Epoch [99/100], Loss: 0.0135, Val: 0.1284
INFO:pre_training:Epoch [100/100], Loss: 0.0136, Val: 0.1373
INFO:__main__:Total time taken to pre-train the model: 20.61s
INFO:__main__:Training the network
INFO:train:Epoch 1/100, Train Loss: 1.7899, Train Acc: 0.3958, Val Loss: 1.7813, Val Acc: 0.6667
INFO:train:Epoch 2/100, Train Loss: 1.7804, Train Acc: 0.5903, Val Loss: 1.7671, Val Acc: 0.6667
INFO:train:Epoch 3/100, Train Loss: 1.7675, Train Acc: 0.5694, Val Loss: 1.7460, Val Acc: 0.6667
INFO:train:Epoch 4/100, Train Loss: 1.7496, Train Acc: 0.4444, Val Loss: 1.7197, Val Acc: 0.6667
INFO:train:Epoch 5/100, Train Loss: 1.7263, Train Acc: 0.4167, Val Loss: 1.6877, Val Acc: 0.6667
INFO:train:Epoch 6/100, Train Loss: 1.6972, Train Acc: 0.4167, Val Loss: 1.6501, Val Acc: 0.6667
INFO:train:Epoch 7/100, Train Loss: 1.6622, Train Acc: 0.4514, Val Loss: 1.6085, Val Acc: 0.6667
INFO:train:Epoch 8/100, Train Loss: 1.6202, Train Acc: 0.4583, Val Loss: 1.5606, Val Acc: 0.6667
INFO:train:Epoch 9/100, Train Loss: 1.5729, Train Acc: 0.4583, Val Loss: 1.5095, Val Acc: 0.6667
INFO:train:Epoch 10/100, Train Loss: 1.5229, Train Acc: 0.4306, Val Loss: 1.4574, Val Acc: 0.6667
INFO:train:Epoch 11/100, Train Loss: 1.4725, Train Acc: 0.4167, Val Loss: 1.4124, Val Acc: 0.6667
INFO:train:Epoch 12/100, Train Loss: 1.4262, Train Acc: 0.4514, Val Loss: 1.3798, Val Acc: 0.6667
INFO:train:Epoch 13/100, Train Loss: 1.3842, Train Acc: 0.4583, Val Loss: 1.3620, Val Acc: 0.6667
INFO:train:Epoch 14/100, Train Loss: 1.3477, Train Acc: 0.4167, Val Loss: 1.3703, Val Acc: 0.6667
INFO:train:Epoch 15/100, Train Loss: 1.3196, Train Acc: 0.4583, Val Loss: 1.3890, Val Acc: 0.6667
INFO:train:Epoch 16/100, Train Loss: 1.3017, Train Acc: 0.4236, Val Loss: 1.4038, Val Acc: 0.6667
INFO:train:Epoch 17/100, Train Loss: 1.2955, Train Acc: 0.4167, Val Loss: 1.4130, Val Acc: 0.6667
INFO:train:Epoch 18/100, Train Loss: 1.2931, Train Acc: 0.4167, Val Loss: 1.3989, Val Acc: 0.6667
INFO:train:Epoch 19/100, Train Loss: 1.2885, Train Acc: 0.4167, Val Loss: 1.3837, Val Acc: 0.6667
INFO:train:Epoch 20/100, Train Loss: 1.2820, Train Acc: 0.4306, Val Loss: 1.3656, Val Acc: 0.6667
INFO:train:Epoch 21/100, Train Loss: 1.2695, Train Acc: 0.5000, Val Loss: 1.3557, Val Acc: 0.6667
INFO:train:Epoch 22/100, Train Loss: 1.2628, Train Acc: 0.5000, Val Loss: 1.3598, Val Acc: 0.6667
INFO:train:Epoch 23/100, Train Loss: 1.2506, Train Acc: 0.5694, Val Loss: 1.3642, Val Acc: 0.6667
INFO:train:Epoch 24/100, Train Loss: 1.2412, Train Acc: 0.6944, Val Loss: 1.3646, Val Acc: 0.3333
INFO:train:Epoch 25/100, Train Loss: 1.2307, Train Acc: 0.5972, Val Loss: 1.3511, Val Acc: 0.3333
INFO:train:Epoch 26/100, Train Loss: 1.2189, Train Acc: 0.5486, Val Loss: 1.3318, Val Acc: 0.3333
INFO:train:Epoch 27/100, Train Loss: 1.2065, Train Acc: 0.6389, Val Loss: 1.3208, Val Acc: 0.3333
INFO:train:Epoch 28/100, Train Loss: 1.1934, Train Acc: 0.6806, Val Loss: 1.3190, Val Acc: 0.3333
INFO:train:Epoch 29/100, Train Loss: 1.1771, Train Acc: 0.6806, Val Loss: 1.3267, Val Acc: 0.3333
INFO:train:Epoch 30/100, Train Loss: 1.1613, Train Acc: 0.6181, Val Loss: 1.3374, Val Acc: 0.3333
INFO:train:Epoch 31/100, Train Loss: 1.1419, Train Acc: 0.6944, Val Loss: 1.3309, Val Acc: 0.3333
INFO:train:Epoch 32/100, Train Loss: 1.1224, Train Acc: 0.7431, Val Loss: 1.3216, Val Acc: 0.3333
INFO:train:Epoch 33/100, Train Loss: 1.0996, Train Acc: 0.7639, Val Loss: 1.3103, Val Acc: 0.3333
INFO:train:Epoch 34/100, Train Loss: 1.0784, Train Acc: 0.7986, Val Loss: 1.2949, Val Acc: 0.6667
INFO:train:Epoch 35/100, Train Loss: 1.0532, Train Acc: 0.8333, Val Loss: 1.2783, Val Acc: 0.6667
INFO:train:Epoch 36/100, Train Loss: 1.0264, Train Acc: 0.7847, Val Loss: 1.2648, Val Acc: 0.6667
INFO:train:Epoch 37/100, Train Loss: 0.9988, Train Acc: 0.7569, Val Loss: 1.2791, Val Acc: 0.6667
INFO:train:Epoch 38/100, Train Loss: 0.9687, Train Acc: 0.7569, Val Loss: 1.3239, Val Acc: 0.6667
INFO:train:Epoch 39/100, Train Loss: 0.9330, Train Acc: 0.8889, Val Loss: 1.3692, Val Acc: 0.6667
INFO:train:Epoch 40/100, Train Loss: 0.8961, Train Acc: 0.9236, Val Loss: 1.3740, Val Acc: 0.6667
INFO:train:Epoch 41/100, Train Loss: 0.8590, Train Acc: 0.9097, Val Loss: 1.3993, Val Acc: 0.3333
INFO:train:Epoch 42/100, Train Loss: 0.8184, Train Acc: 0.8750, Val Loss: 1.4889, Val Acc: 0.3333
INFO:train:Epoch 43/100, Train Loss: 0.7814, Train Acc: 0.9028, Val Loss: 1.5368, Val Acc: 0.3333
INFO:train:Epoch 44/100, Train Loss: 0.7456, Train Acc: 0.9306, Val Loss: 1.5529, Val Acc: 0.6667
INFO:train:Epoch 45/100, Train Loss: 0.7174, Train Acc: 0.9514, Val Loss: 1.5472, Val Acc: 0.6667
INFO:train:Epoch 46/100, Train Loss: 0.6879, Train Acc: 0.9583, Val Loss: 1.5274, Val Acc: 0.6667
INFO:train:Epoch 47/100, Train Loss: 0.6625, Train Acc: 1.0000, Val Loss: 1.5678, Val Acc: 0.6667
INFO:train:Epoch 48/100, Train Loss: 0.6413, Train Acc: 0.9931, Val Loss: 1.6490, Val Acc: 0.6667
INFO:train:Epoch 49/100, Train Loss: 0.6171, Train Acc: 1.0000, Val Loss: 1.6999, Val Acc: 0.6667
INFO:train:Epoch 50/100, Train Loss: 0.6001, Train Acc: 1.0000, Val Loss: 1.7200, Val Acc: 0.6667
INFO:train:Epoch 51/100, Train Loss: 0.5819, Train Acc: 1.0000, Val Loss: 1.6926, Val Acc: 0.6667
INFO:train:Epoch 52/100, Train Loss: 0.5681, Train Acc: 1.0000, Val Loss: 1.6442, Val Acc: 0.6667
INFO:train:Epoch 53/100, Train Loss: 0.5557, Train Acc: 1.0000, Val Loss: 1.6306, Val Acc: 0.6667
INFO:train:Epoch 54/100, Train Loss: 0.5465, Train Acc: 1.0000, Val Loss: 1.6277, Val Acc: 0.6667
INFO:train:Epoch 55/100, Train Loss: 0.5385, Train Acc: 1.0000, Val Loss: 1.6374, Val Acc: 0.6667
INFO:train:Epoch 56/100, Train Loss: 0.5310, Train Acc: 1.0000, Val Loss: 1.6353, Val Acc: 0.6667
INFO:train:Epoch 57/100, Train Loss: 0.5227, Train Acc: 1.0000, Val Loss: 1.6067, Val Acc: 0.6667
INFO:train:Epoch 58/100, Train Loss: 0.5164, Train Acc: 1.0000, Val Loss: 1.5705, Val Acc: 0.6667
INFO:train:Epoch 59/100, Train Loss: 0.5119, Train Acc: 1.0000, Val Loss: 1.5612, Val Acc: 0.6667
INFO:train:Epoch 60/100, Train Loss: 0.5050, Train Acc: 1.0000, Val Loss: 1.5811, Val Acc: 0.6667
INFO:train:Epoch 61/100, Train Loss: 0.4997, Train Acc: 1.0000, Val Loss: 1.6004, Val Acc: 0.6667
INFO:train:Epoch 62/100, Train Loss: 0.4956, Train Acc: 1.0000, Val Loss: 1.5980, Val Acc: 0.6667
INFO:train:Epoch 63/100, Train Loss: 0.4923, Train Acc: 1.0000, Val Loss: 1.5754, Val Acc: 0.6667
INFO:train:Epoch 64/100, Train Loss: 0.4896, Train Acc: 1.0000, Val Loss: 1.5539, Val Acc: 0.6667
INFO:train:Epoch 65/100, Train Loss: 0.4863, Train Acc: 1.0000, Val Loss: 1.5360, Val Acc: 0.6667
INFO:train:Epoch 66/100, Train Loss: 0.4837, Train Acc: 1.0000, Val Loss: 1.5168, Val Acc: 0.6667
INFO:train:Epoch 67/100, Train Loss: 0.4810, Train Acc: 1.0000, Val Loss: 1.5068, Val Acc: 0.6667
INFO:train:Epoch 68/100, Train Loss: 0.4792, Train Acc: 1.0000, Val Loss: 1.5024, Val Acc: 0.6667
INFO:train:Epoch 69/100, Train Loss: 0.4772, Train Acc: 1.0000, Val Loss: 1.5064, Val Acc: 0.6667
INFO:train:Epoch 70/100, Train Loss: 0.4759, Train Acc: 1.0000, Val Loss: 1.5216, Val Acc: 0.6667
INFO:train:Epoch 71/100, Train Loss: 0.4740, Train Acc: 1.0000, Val Loss: 1.5344, Val Acc: 0.6667
INFO:train:Epoch 72/100, Train Loss: 0.4728, Train Acc: 1.0000, Val Loss: 1.5509, Val Acc: 0.6667
INFO:train:Epoch 73/100, Train Loss: 0.4714, Train Acc: 1.0000, Val Loss: 1.5673, Val Acc: 0.6667
INFO:train:Epoch 74/100, Train Loss: 0.4700, Train Acc: 1.0000, Val Loss: 1.5720, Val Acc: 0.6667
INFO:train:Epoch 75/100, Train Loss: 0.4691, Train Acc: 1.0000, Val Loss: 1.5755, Val Acc: 0.6667
INFO:train:Epoch 76/100, Train Loss: 0.4683, Train Acc: 1.0000, Val Loss: 1.5723, Val Acc: 0.6667
INFO:train:Epoch 77/100, Train Loss: 0.4670, Train Acc: 1.0000, Val Loss: 1.5668, Val Acc: 0.6667
INFO:train:Epoch 78/100, Train Loss: 0.4663, Train Acc: 1.0000, Val Loss: 1.5640, Val Acc: 0.6667
INFO:train:Epoch 79/100, Train Loss: 0.4657, Train Acc: 1.0000, Val Loss: 1.5626, Val Acc: 0.6667
INFO:train:Epoch 80/100, Train Loss: 0.4650, Train Acc: 1.0000, Val Loss: 1.5598, Val Acc: 0.6667
INFO:train:Epoch 81/100, Train Loss: 0.4645, Train Acc: 1.0000, Val Loss: 1.5588, Val Acc: 0.6667
INFO:train:Epoch 82/100, Train Loss: 0.4638, Train Acc: 1.0000, Val Loss: 1.5573, Val Acc: 0.6667
INFO:train:Epoch 83/100, Train Loss: 0.4634, Train Acc: 1.0000, Val Loss: 1.5495, Val Acc: 0.6667
INFO:train:Epoch 84/100, Train Loss: 0.4628, Train Acc: 1.0000, Val Loss: 1.5406, Val Acc: 0.6667
INFO:train:Epoch 85/100, Train Loss: 0.4626, Train Acc: 1.0000, Val Loss: 1.5340, Val Acc: 0.6667
INFO:train:Epoch 86/100, Train Loss: 0.4624, Train Acc: 1.0000, Val Loss: 1.5281, Val Acc: 0.6667
INFO:train:Epoch 87/100, Train Loss: 0.4615, Train Acc: 1.0000, Val Loss: 1.5233, Val Acc: 0.6667
INFO:train:Epoch 88/100, Train Loss: 0.4614, Train Acc: 1.0000, Val Loss: 1.5166, Val Acc: 0.6667
INFO:train:Epoch 89/100, Train Loss: 0.4609, Train Acc: 1.0000, Val Loss: 1.5060, Val Acc: 0.6667
INFO:train:Epoch 90/100, Train Loss: 0.4606, Train Acc: 1.0000, Val Loss: 1.4922, Val Acc: 0.6667
INFO:train:Epoch 91/100, Train Loss: 0.4604, Train Acc: 1.0000, Val Loss: 1.4715, Val Acc: 0.6667
INFO:train:Epoch 92/100, Train Loss: 0.4600, Train Acc: 1.0000, Val Loss: 1.4589, Val Acc: 0.6667
INFO:train:Epoch 93/100, Train Loss: 0.4597, Train Acc: 1.0000, Val Loss: 1.4584, Val Acc: 0.6667
INFO:train:Epoch 94/100, Train Loss: 0.4597, Train Acc: 1.0000, Val Loss: 1.4679, Val Acc: 0.6667
INFO:train:Epoch 95/100, Train Loss: 0.4593, Train Acc: 1.0000, Val Loss: 1.4783, Val Acc: 0.6667
INFO:train:Epoch 96/100, Train Loss: 0.4591, Train Acc: 1.0000, Val Loss: 1.4820, Val Acc: 0.6667
INFO:train:Epoch 97/100, Train Loss: 0.4590, Train Acc: 1.0000, Val Loss: 1.4803, Val Acc: 0.6667
INFO:train:Epoch 98/100, Train Loss: 0.4588, Train Acc: 1.0000, Val Loss: 1.4737, Val Acc: 0.6667
INFO:train:Epoch 99/100, Train Loss: 0.4586, Train Acc: 1.0000, Val Loss: 1.4640, Val Acc: 0.6667
INFO:train:Epoch 100/100, Train Loss: 0.4581, Train Acc: 1.0000, Val Loss: 1.4525, Val Acc: 0.6667
INFO:plot:Saving attention map to: figures/model_accuracy.png
INFO:__main__:Total time taken to train the model: 17.70s
INFO:__main__:train accuracy: 64 / 64
INFO:plot:Saving cofusion matrix map to: figures/train_confusion_matrix.png
INFO:__main__:train accuracy: 64 / 64
INFO:plot:Saving cofusion matrix map to: figures/train_confusion_matrix.png
INFO:__main__:train accuracy: 16 / 16
INFO:plot:Saving cofusion matrix map to: figures/train_confusion_matrix.png
INFO:__main__:validation accuracy: 2 / 3
INFO:plot:Saving cofusion matrix map to: figures/validation_confusion_matrix.png
INFO:__main__:test accuracy: 1 / 3
INFO:plot:Saving cofusion matrix map to: figures/test_confusion_matrix.png
INFO:plot:Saving attention map to: figures/encoder_attention_map.png
INFO:plot:Saving attention map to: figures/decoder_attention_map.png
