INFO:__main__:Reading the dataset: fish species
INFO:__main__:Pre-training the network: Masked Spectra Modelling
INFO:pre_training:Epoch [1/100], Loss: 0.3992, Val: 0.0202
INFO:pre_training:Epoch [2/100], Loss: 0.3571, Val: 0.0192
INFO:pre_training:Epoch [3/100], Loss: 0.3401, Val: 0.0177
INFO:pre_training:Epoch [4/100], Loss: 0.3223, Val: 0.0175
INFO:pre_training:Epoch [5/100], Loss: 0.3120, Val: 0.0173
INFO:pre_training:Epoch [6/100], Loss: 0.3017, Val: 0.0164
INFO:pre_training:Epoch [7/100], Loss: 0.2908, Val: 0.0159
INFO:pre_training:Epoch [8/100], Loss: 0.2830, Val: 0.0154
INFO:pre_training:Epoch [9/100], Loss: 0.2733, Val: 0.0152
INFO:pre_training:Epoch [10/100], Loss: 0.2666, Val: 0.0149
INFO:pre_training:Epoch [11/100], Loss: 0.2609, Val: 0.0146
INFO:pre_training:Epoch [12/100], Loss: 0.2542, Val: 0.0142
INFO:pre_training:Epoch [13/100], Loss: 0.2456, Val: 0.0141
INFO:pre_training:Epoch [14/100], Loss: 0.2406, Val: 0.0133
INFO:pre_training:Epoch [15/100], Loss: 0.2389, Val: 0.0138
INFO:pre_training:Epoch [16/100], Loss: 0.2316, Val: 0.0132
INFO:pre_training:Epoch [17/100], Loss: 0.2281, Val: 0.0133
INFO:pre_training:Epoch [18/100], Loss: 0.2212, Val: 0.0129
INFO:pre_training:Epoch [19/100], Loss: 0.2188, Val: 0.0129
INFO:pre_training:Epoch [20/100], Loss: 0.2158, Val: 0.0126
INFO:pre_training:Epoch [21/100], Loss: 0.2137, Val: 0.0131
INFO:pre_training:Epoch [22/100], Loss: 0.2080, Val: 0.0130
INFO:pre_training:Epoch [23/100], Loss: 0.2042, Val: 0.0122
INFO:pre_training:Epoch [24/100], Loss: 0.2076, Val: 0.0124
INFO:pre_training:Epoch [25/100], Loss: 0.1974, Val: 0.0124
INFO:pre_training:Epoch [26/100], Loss: 0.1965, Val: 0.0122
INFO:pre_training:Epoch [27/100], Loss: 0.1947, Val: 0.0119
INFO:pre_training:Epoch [28/100], Loss: 0.1882, Val: 0.0115
INFO:pre_training:Epoch [29/100], Loss: 0.1870, Val: 0.0120
INFO:pre_training:Epoch [30/100], Loss: 0.1869, Val: 0.0118
INFO:pre_training:Epoch [31/100], Loss: 0.1831, Val: 0.0117
INFO:pre_training:Epoch [32/100], Loss: 0.1819, Val: 0.0118
INFO:pre_training:Epoch [33/100], Loss: 0.1778, Val: 0.0116
INFO:pre_training:Epoch [34/100], Loss: 0.1781, Val: 0.0116
INFO:pre_training:Epoch [35/100], Loss: 0.1753, Val: 0.0114
INFO:pre_training:Epoch [36/100], Loss: 0.1729, Val: 0.0113
INFO:pre_training:Epoch [37/100], Loss: 0.1713, Val: 0.0112
INFO:pre_training:Epoch [38/100], Loss: 0.1684, Val: 0.0117
INFO:pre_training:Epoch [39/100], Loss: 0.1684, Val: 0.0115
INFO:pre_training:Epoch [40/100], Loss: 0.1669, Val: 0.0113
INFO:pre_training:Epoch [41/100], Loss: 0.1632, Val: 0.0114
INFO:pre_training:Epoch [42/100], Loss: 0.1634, Val: 0.0114
INFO:pre_training:Epoch [43/100], Loss: 0.1615, Val: 0.0114
INFO:pre_training:Epoch [44/100], Loss: 0.1581, Val: 0.0110
INFO:pre_training:Epoch [45/100], Loss: 0.1616, Val: 0.0111
INFO:pre_training:Epoch [46/100], Loss: 0.1561, Val: 0.0111
INFO:pre_training:Epoch [47/100], Loss: 0.1558, Val: 0.0107
INFO:pre_training:Epoch [48/100], Loss: 0.1542, Val: 0.0108
INFO:pre_training:Epoch [49/100], Loss: 0.1513, Val: 0.0108
INFO:pre_training:Epoch [50/100], Loss: 0.1516, Val: 0.0108
INFO:pre_training:Epoch [51/100], Loss: 0.1493, Val: 0.0107
INFO:pre_training:Epoch [52/100], Loss: 0.1486, Val: 0.0108
INFO:pre_training:Epoch [53/100], Loss: 0.1491, Val: 0.0108
INFO:pre_training:Epoch [54/100], Loss: 0.1452, Val: 0.0108
INFO:pre_training:Epoch [55/100], Loss: 0.1468, Val: 0.0108
INFO:pre_training:Epoch [56/100], Loss: 0.1427, Val: 0.0104
INFO:pre_training:Epoch [57/100], Loss: 0.1424, Val: 0.0105
INFO:pre_training:Epoch [58/100], Loss: 0.1419, Val: 0.0108
INFO:pre_training:Epoch [59/100], Loss: 0.1394, Val: 0.0105
INFO:pre_training:Epoch [60/100], Loss: 0.1393, Val: 0.0104
INFO:pre_training:Epoch [61/100], Loss: 0.1381, Val: 0.0102
INFO:pre_training:Epoch [62/100], Loss: 0.1362, Val: 0.0103
INFO:pre_training:Epoch [63/100], Loss: 0.1361, Val: 0.0103
INFO:pre_training:Epoch [64/100], Loss: 0.1356, Val: 0.0105
INFO:pre_training:Epoch [65/100], Loss: 0.1342, Val: 0.0103
INFO:pre_training:Epoch [66/100], Loss: 0.1345, Val: 0.0102
INFO:pre_training:Epoch [67/100], Loss: 0.1314, Val: 0.0103
INFO:pre_training:Epoch [68/100], Loss: 0.1320, Val: 0.0101
INFO:pre_training:Epoch [69/100], Loss: 0.1302, Val: 0.0102
INFO:pre_training:Epoch [70/100], Loss: 0.1296, Val: 0.0101
INFO:pre_training:Epoch [71/100], Loss: 0.1291, Val: 0.0102
INFO:pre_training:Epoch [72/100], Loss: 0.1275, Val: 0.0102
INFO:pre_training:Epoch [73/100], Loss: 0.1266, Val: 0.0103
INFO:pre_training:Epoch [74/100], Loss: 0.1255, Val: 0.0100
INFO:pre_training:Epoch [75/100], Loss: 0.1251, Val: 0.0098
INFO:pre_training:Epoch [76/100], Loss: 0.1247, Val: 0.0099
INFO:pre_training:Epoch [77/100], Loss: 0.1234, Val: 0.0100
INFO:pre_training:Epoch [78/100], Loss: 0.1224, Val: 0.0100
INFO:pre_training:Epoch [79/100], Loss: 0.1211, Val: 0.0100
INFO:pre_training:Epoch [80/100], Loss: 0.1209, Val: 0.0099
INFO:pre_training:Epoch [81/100], Loss: 0.1202, Val: 0.0101
INFO:pre_training:Epoch [82/100], Loss: 0.1192, Val: 0.0098
INFO:pre_training:Epoch [83/100], Loss: 0.1180, Val: 0.0101
INFO:pre_training:Epoch [84/100], Loss: 0.1173, Val: 0.0097
INFO:pre_training:Epoch [85/100], Loss: 0.1163, Val: 0.0099
INFO:pre_training:Epoch [86/100], Loss: 0.1177, Val: 0.0099
INFO:pre_training:Epoch [87/100], Loss: 0.1158, Val: 0.0097
INFO:pre_training:Epoch [88/100], Loss: 0.1163, Val: 0.0098
INFO:pre_training:Epoch [89/100], Loss: 0.1137, Val: 0.0097
INFO:pre_training:Epoch [90/100], Loss: 0.1143, Val: 0.0098
INFO:pre_training:Epoch [91/100], Loss: 0.1123, Val: 0.0097
INFO:pre_training:Epoch [92/100], Loss: 0.1137, Val: 0.0098
INFO:pre_training:Epoch [93/100], Loss: 0.1115, Val: 0.0098
INFO:pre_training:Epoch [94/100], Loss: 0.1105, Val: 0.0097
INFO:pre_training:Epoch [95/100], Loss: 0.1096, Val: 0.0093
INFO:pre_training:Epoch [96/100], Loss: 0.1090, Val: 0.0094
INFO:pre_training:Epoch [97/100], Loss: 0.1098, Val: 0.0098
INFO:pre_training:Epoch [98/100], Loss: 0.1081, Val: 0.0098
INFO:pre_training:Epoch [99/100], Loss: 0.1080, Val: 0.0096
INFO:pre_training:Epoch [100/100], Loss: 0.1064, Val: 0.0096
INFO:__main__:Total time taken to pre-train the model: 62.19s
INFO:__main__:Pre-training the network: Next Spectra Prediction
INFO:pre_training:Epoch 1, Average Loss: 0.5454 Validation: 0.2952
INFO:pre_training:Epoch 2, Average Loss: 0.5196 Validation: 0.3074
INFO:pre_training:Epoch 3, Average Loss: 0.5093 Validation: 0.2630
INFO:pre_training:Epoch 4, Average Loss: 0.5164 Validation: 0.3752
INFO:pre_training:Epoch 5, Average Loss: 0.5109 Validation: 0.3210
INFO:pre_training:Epoch 6, Average Loss: 0.4913 Validation: 0.2983
INFO:pre_training:Epoch 7, Average Loss: 0.5082 Validation: 0.3180
INFO:pre_training:Epoch 8, Average Loss: 0.4929 Validation: 0.2667
INFO:pre_training:Epoch 9, Average Loss: 0.4961 Validation: 0.2647
INFO:pre_training:Epoch 10, Average Loss: 0.4963 Validation: 0.2979
INFO:pre_training:Epoch 11, Average Loss: 0.4948 Validation: 0.2736
INFO:pre_training:Epoch 12, Average Loss: 0.4952 Validation: 0.2746
INFO:pre_training:Epoch 13, Average Loss: 0.4957 Validation: 0.2902
INFO:pre_training:Epoch 14, Average Loss: 0.4925 Validation: 0.2999
INFO:pre_training:Epoch 15, Average Loss: 0.4856 Validation: 0.2455
INFO:pre_training:Epoch 16, Average Loss: 0.4912 Validation: 0.2522
INFO:pre_training:Epoch 17, Average Loss: 0.4945 Validation: 0.2924
INFO:pre_training:Epoch 18, Average Loss: 0.4863 Validation: 0.3573
INFO:pre_training:Epoch 19, Average Loss: 0.4931 Validation: 0.2704
INFO:pre_training:Epoch 20, Average Loss: 0.4858 Validation: 0.3447
INFO:pre_training:Epoch 21, Average Loss: 0.4845 Validation: 0.2526
INFO:pre_training:Epoch 22, Average Loss: 0.4893 Validation: 0.2412
INFO:pre_training:Epoch 23, Average Loss: 0.4824 Validation: 0.3857
INFO:pre_training:Epoch 24, Average Loss: 0.4907 Validation: 0.2704
INFO:pre_training:Epoch 25, Average Loss: 0.4887 Validation: 0.2962
INFO:pre_training:Epoch 26, Average Loss: 0.4807 Validation: 0.2656
INFO:pre_training:Epoch 27, Average Loss: 0.4936 Validation: 0.2788
INFO:pre_training:Epoch 28, Average Loss: 0.4880 Validation: 0.2730
INFO:pre_training:Epoch 29, Average Loss: 0.4879 Validation: 0.2495
INFO:pre_training:Epoch 30, Average Loss: 0.4838 Validation: 0.3426
INFO:pre_training:Epoch 31, Average Loss: 0.4865 Validation: 0.2698
INFO:pre_training:Epoch 32, Average Loss: 0.4848 Validation: 0.2593
INFO:pre_training:Epoch 33, Average Loss: 0.4914 Validation: 0.3326
INFO:pre_training:Epoch 34, Average Loss: 0.4851 Validation: 0.2960
INFO:pre_training:Epoch 35, Average Loss: 0.4912 Validation: 0.2551
INFO:pre_training:Epoch 36, Average Loss: 0.4863 Validation: 0.3234
INFO:pre_training:Epoch 37, Average Loss: 0.4831 Validation: 0.2852
INFO:pre_training:Epoch 38, Average Loss: 0.4809 Validation: 0.3809
INFO:pre_training:Epoch 39, Average Loss: 0.4827 Validation: 0.2502
INFO:pre_training:Epoch 40, Average Loss: 0.4822 Validation: 0.2872
INFO:pre_training:Epoch 41, Average Loss: 0.4798 Validation: 0.3165
INFO:pre_training:Epoch 42, Average Loss: 0.4844 Validation: 0.2667
INFO:pre_training:Epoch 43, Average Loss: 0.4808 Validation: 0.3069
INFO:pre_training:Epoch 44, Average Loss: 0.4886 Validation: 0.3335
INFO:pre_training:Epoch 45, Average Loss: 0.4839 Validation: 0.2590
INFO:pre_training:Epoch 46, Average Loss: 0.4802 Validation: 0.4407
INFO:pre_training:Epoch 47, Average Loss: 0.4887 Validation: 0.2827
INFO:pre_training:Epoch 48, Average Loss: 0.4781 Validation: 0.2840
INFO:pre_training:Epoch 49, Average Loss: 0.4820 Validation: 0.3187
INFO:pre_training:Epoch 50, Average Loss: 0.4766 Validation: 0.2856
INFO:pre_training:Epoch 51, Average Loss: 0.4859 Validation: 0.2698
INFO:pre_training:Epoch 52, Average Loss: 0.4836 Validation: 0.3155
INFO:pre_training:Epoch 53, Average Loss: 0.4823 Validation: 0.4120
INFO:pre_training:Epoch 54, Average Loss: 0.4845 Validation: 0.2722
INFO:pre_training:Epoch 55, Average Loss: 0.4758 Validation: 0.3338
INFO:pre_training:Epoch 56, Average Loss: 0.4876 Validation: 0.2973
INFO:pre_training:Epoch 57, Average Loss: 0.4750 Validation: 0.2904
INFO:pre_training:Epoch 58, Average Loss: 0.4799 Validation: 0.3572
INFO:pre_training:Epoch 59, Average Loss: 0.4771 Validation: 0.2684
INFO:pre_training:Epoch 60, Average Loss: 0.4828 Validation: 0.3870
INFO:pre_training:Epoch 61, Average Loss: 0.4807 Validation: 0.2846
INFO:pre_training:Epoch 62, Average Loss: 0.4795 Validation: 0.3166
INFO:pre_training:Epoch 63, Average Loss: 0.4813 Validation: 0.2861
INFO:pre_training:Epoch 64, Average Loss: 0.4773 Validation: 0.2741
INFO:pre_training:Epoch 65, Average Loss: 0.4757 Validation: 0.3052
INFO:pre_training:Epoch 66, Average Loss: 0.4872 Validation: 0.2877
INFO:pre_training:Epoch 67, Average Loss: 0.4792 Validation: 0.5117
INFO:pre_training:Epoch 68, Average Loss: 0.4814 Validation: 0.3113
INFO:pre_training:Epoch 69, Average Loss: 0.4759 Validation: 0.2671
INFO:pre_training:Epoch 70, Average Loss: 0.4780 Validation: 0.3776
INFO:pre_training:Epoch 71, Average Loss: 0.4755 Validation: 0.2983
INFO:pre_training:Epoch 72, Average Loss: 0.4760 Validation: 0.2917
INFO:pre_training:Epoch 73, Average Loss: 0.4821 Validation: 0.3406
INFO:pre_training:Epoch 74, Average Loss: 0.4790 Validation: 0.4284
INFO:pre_training:Epoch 75, Average Loss: 0.4769 Validation: 0.2819
INFO:pre_training:Epoch 76, Average Loss: 0.4850 Validation: 0.3208
INFO:pre_training:Epoch 77, Average Loss: 0.4769 Validation: 0.3876
INFO:pre_training:Epoch 78, Average Loss: 0.4752 Validation: 0.2819
INFO:pre_training:Epoch 79, Average Loss: 0.4808 Validation: 0.3330
INFO:pre_training:Epoch 80, Average Loss: 0.4797 Validation: 0.2945
INFO:pre_training:Epoch 81, Average Loss: 0.4735 Validation: 0.3434
INFO:pre_training:Epoch 82, Average Loss: 0.4721 Validation: 0.2871
INFO:pre_training:Epoch 83, Average Loss: 0.4828 Validation: 0.3000
INFO:pre_training:Epoch 84, Average Loss: 0.4750 Validation: 0.2797
INFO:pre_training:Epoch 85, Average Loss: 0.4776 Validation: 0.3423
INFO:pre_training:Epoch 86, Average Loss: 0.4755 Validation: 0.3175
INFO:pre_training:Epoch 87, Average Loss: 0.4764 Validation: 0.2963
INFO:pre_training:Epoch 88, Average Loss: 0.4811 Validation: 0.3927
INFO:pre_training:Epoch 89, Average Loss: 0.4757 Validation: 0.2777
INFO:pre_training:Epoch 90, Average Loss: 0.4866 Validation: 0.3031
INFO:pre_training:Epoch 91, Average Loss: 0.4785 Validation: 0.4417
INFO:pre_training:Epoch 92, Average Loss: 0.4797 Validation: 0.3120
INFO:pre_training:Epoch 93, Average Loss: 0.4803 Validation: 0.3896
INFO:pre_training:Epoch 94, Average Loss: 0.4825 Validation: 0.2843
INFO:pre_training:Epoch 95, Average Loss: 0.4764 Validation: 0.3801
INFO:pre_training:Epoch 96, Average Loss: 0.4831 Validation: 0.3107
INFO:pre_training:Epoch 97, Average Loss: 0.4732 Validation: 0.3172
INFO:pre_training:Epoch 98, Average Loss: 0.4795 Validation: 0.2921
INFO:pre_training:Epoch 99, Average Loss: 0.4725 Validation: 0.3184
INFO:pre_training:Epoch 100, Average Loss: 0.4765 Validation: 0.2800
INFO:__main__:Total time taken to pre-train the model: 1758.59s
INFO:__main__:Training the network
INFO:train:Epoch 1/100, Train Loss: 0.7973, Train Acc: 0.5174, Val Loss: 0.7125, Val Acc: 0.6364
INFO:train:Epoch 2/100, Train Loss: 0.6894, Train Acc: 0.6570, Val Loss: 0.5834, Val Acc: 0.7273
INFO:train:Epoch 3/100, Train Loss: 0.5628, Train Acc: 0.7946, Val Loss: 0.4863, Val Acc: 0.9091
INFO:train:Epoch 4/100, Train Loss: 0.4490, Train Acc: 0.9225, Val Loss: 0.3909, Val Acc: 0.8182
INFO:train:Epoch 5/100, Train Loss: 0.3557, Train Acc: 0.9593, Val Loss: 0.3043, Val Acc: 0.9091
INFO:train:Epoch 6/100, Train Loss: 0.2835, Train Acc: 0.9690, Val Loss: 0.2594, Val Acc: 1.0000
INFO:train:Epoch 7/100, Train Loss: 0.2451, Train Acc: 0.9961, Val Loss: 0.2471, Val Acc: 1.0000
INFO:train:Epoch 8/100, Train Loss: 0.2338, Train Acc: 0.9981, Val Loss: 0.2398, Val Acc: 1.0000
INFO:train:Epoch 9/100, Train Loss: 0.2255, Train Acc: 1.0000, Val Loss: 0.2321, Val Acc: 1.0000
INFO:train:Epoch 10/100, Train Loss: 0.2215, Train Acc: 1.0000, Val Loss: 0.2257, Val Acc: 1.0000
INFO:train:Epoch 11/100, Train Loss: 0.2180, Train Acc: 1.0000, Val Loss: 0.2249, Val Acc: 1.0000
INFO:train:Epoch 12/100, Train Loss: 0.2166, Train Acc: 1.0000, Val Loss: 0.2242, Val Acc: 1.0000
INFO:train:Epoch 13/100, Train Loss: 0.2118, Train Acc: 1.0000, Val Loss: 0.2209, Val Acc: 1.0000
INFO:train:Epoch 14/100, Train Loss: 0.2114, Train Acc: 1.0000, Val Loss: 0.2199, Val Acc: 1.0000
INFO:train:Epoch 15/100, Train Loss: 0.2098, Train Acc: 1.0000, Val Loss: 0.2215, Val Acc: 1.0000
INFO:train:Epoch 16/100, Train Loss: 0.2121, Train Acc: 1.0000, Val Loss: 0.2174, Val Acc: 1.0000
INFO:train:Epoch 17/100, Train Loss: 0.2077, Train Acc: 1.0000, Val Loss: 0.2160, Val Acc: 1.0000
INFO:train:Epoch 18/100, Train Loss: 0.2059, Train Acc: 1.0000, Val Loss: 0.2205, Val Acc: 1.0000
INFO:train:Epoch 19/100, Train Loss: 0.2056, Train Acc: 1.0000, Val Loss: 0.2181, Val Acc: 1.0000
INFO:train:Epoch 20/100, Train Loss: 0.2043, Train Acc: 1.0000, Val Loss: 0.2172, Val Acc: 1.0000
INFO:train:Epoch 21/100, Train Loss: 0.2041, Train Acc: 1.0000, Val Loss: 0.2166, Val Acc: 1.0000
INFO:train:Epoch 22/100, Train Loss: 0.2038, Train Acc: 1.0000, Val Loss: 0.2159, Val Acc: 1.0000
INFO:train:Epoch 23/100, Train Loss: 0.2031, Train Acc: 1.0000, Val Loss: 0.2150, Val Acc: 1.0000
INFO:train:Epoch 24/100, Train Loss: 0.2025, Train Acc: 1.0000, Val Loss: 0.2156, Val Acc: 1.0000
INFO:train:Epoch 25/100, Train Loss: 0.2028, Train Acc: 1.0000, Val Loss: 0.2145, Val Acc: 1.0000
INFO:train:Epoch 26/100, Train Loss: 0.2030, Train Acc: 1.0000, Val Loss: 0.2142, Val Acc: 1.0000
INFO:train:Epoch 27/100, Train Loss: 0.2026, Train Acc: 1.0000, Val Loss: 0.2140, Val Acc: 1.0000
INFO:train:Epoch 28/100, Train Loss: 0.2018, Train Acc: 1.0000, Val Loss: 0.2142, Val Acc: 1.0000
INFO:train:Epoch 29/100, Train Loss: 0.2022, Train Acc: 1.0000, Val Loss: 0.2150, Val Acc: 1.0000
INFO:train:Epoch 30/100, Train Loss: 0.2018, Train Acc: 1.0000, Val Loss: 0.2139, Val Acc: 1.0000
INFO:train:Epoch 31/100, Train Loss: 0.2013, Train Acc: 1.0000, Val Loss: 0.2156, Val Acc: 1.0000
INFO:train:Epoch 32/100, Train Loss: 0.2015, Train Acc: 1.0000, Val Loss: 0.2152, Val Acc: 1.0000
INFO:train:Epoch 33/100, Train Loss: 0.2018, Train Acc: 1.0000, Val Loss: 0.2148, Val Acc: 1.0000
INFO:train:Epoch 34/100, Train Loss: 0.2012, Train Acc: 1.0000, Val Loss: 0.2148, Val Acc: 1.0000
INFO:train:Epoch 35/100, Train Loss: 0.2010, Train Acc: 1.0000, Val Loss: 0.2133, Val Acc: 1.0000
INFO:train:Epoch 36/100, Train Loss: 0.2011, Train Acc: 1.0000, Val Loss: 0.2134, Val Acc: 1.0000
INFO:train:Epoch 37/100, Train Loss: 0.2010, Train Acc: 1.0000, Val Loss: 0.2129, Val Acc: 1.0000
INFO:train:Epoch 38/100, Train Loss: 0.2010, Train Acc: 1.0000, Val Loss: 0.2136, Val Acc: 1.0000
INFO:train:Epoch 39/100, Train Loss: 0.2010, Train Acc: 1.0000, Val Loss: 0.2144, Val Acc: 1.0000
INFO:train:Epoch 40/100, Train Loss: 0.2010, Train Acc: 1.0000, Val Loss: 0.2126, Val Acc: 1.0000
INFO:train:Epoch 41/100, Train Loss: 0.2007, Train Acc: 1.0000, Val Loss: 0.2133, Val Acc: 1.0000
INFO:train:Epoch 42/100, Train Loss: 0.2008, Train Acc: 1.0000, Val Loss: 0.2141, Val Acc: 1.0000
INFO:train:Epoch 43/100, Train Loss: 0.2006, Train Acc: 1.0000, Val Loss: 0.2127, Val Acc: 1.0000
INFO:train:Epoch 44/100, Train Loss: 0.2008, Train Acc: 1.0000, Val Loss: 0.2135, Val Acc: 1.0000
INFO:train:Epoch 45/100, Train Loss: 0.2005, Train Acc: 1.0000, Val Loss: 0.2142, Val Acc: 1.0000
INFO:train:Epoch 46/100, Train Loss: 0.2006, Train Acc: 1.0000, Val Loss: 0.2136, Val Acc: 1.0000
INFO:train:Epoch 47/100, Train Loss: 0.2005, Train Acc: 1.0000, Val Loss: 0.2146, Val Acc: 1.0000
INFO:train:Epoch 48/100, Train Loss: 0.2005, Train Acc: 1.0000, Val Loss: 0.2126, Val Acc: 1.0000
INFO:train:Epoch 49/100, Train Loss: 0.2004, Train Acc: 1.0000, Val Loss: 0.2124, Val Acc: 1.0000
INFO:train:Epoch 50/100, Train Loss: 0.2003, Train Acc: 1.0000, Val Loss: 0.2134, Val Acc: 1.0000
INFO:train:Epoch 51/100, Train Loss: 0.2003, Train Acc: 1.0000, Val Loss: 0.2136, Val Acc: 1.0000
INFO:train:Epoch 52/100, Train Loss: 0.2005, Train Acc: 1.0000, Val Loss: 0.2138, Val Acc: 1.0000
INFO:train:Epoch 53/100, Train Loss: 0.2006, Train Acc: 1.0000, Val Loss: 0.2141, Val Acc: 1.0000
INFO:train:Epoch 54/100, Train Loss: 0.2003, Train Acc: 1.0000, Val Loss: 0.2127, Val Acc: 1.0000
INFO:train:Epoch 55/100, Train Loss: 0.2005, Train Acc: 1.0000, Val Loss: 0.2136, Val Acc: 1.0000
INFO:train:Epoch 56/100, Train Loss: 0.2003, Train Acc: 1.0000, Val Loss: 0.2133, Val Acc: 1.0000
INFO:train:Epoch 57/100, Train Loss: 0.2004, Train Acc: 1.0000, Val Loss: 0.2147, Val Acc: 1.0000
INFO:train:Epoch 58/100, Train Loss: 0.2003, Train Acc: 1.0000, Val Loss: 0.2119, Val Acc: 1.0000
INFO:train:Epoch 59/100, Train Loss: 0.2002, Train Acc: 1.0000, Val Loss: 0.2119, Val Acc: 1.0000
INFO:train:Epoch 60/100, Train Loss: 0.2002, Train Acc: 1.0000, Val Loss: 0.2130, Val Acc: 1.0000
INFO:train:Epoch 61/100, Train Loss: 0.2003, Train Acc: 1.0000, Val Loss: 0.2134, Val Acc: 1.0000
INFO:train:Epoch 62/100, Train Loss: 0.2000, Train Acc: 1.0000, Val Loss: 0.2135, Val Acc: 1.0000
INFO:train:Epoch 63/100, Train Loss: 0.2002, Train Acc: 1.0000, Val Loss: 0.2128, Val Acc: 1.0000
INFO:train:Epoch 64/100, Train Loss: 0.2001, Train Acc: 1.0000, Val Loss: 0.2129, Val Acc: 1.0000
INFO:train:Epoch 65/100, Train Loss: 0.2001, Train Acc: 1.0000, Val Loss: 0.2121, Val Acc: 1.0000
INFO:train:Epoch 66/100, Train Loss: 0.2003, Train Acc: 1.0000, Val Loss: 0.2120, Val Acc: 1.0000
INFO:train:Epoch 67/100, Train Loss: 0.2002, Train Acc: 1.0000, Val Loss: 0.2128, Val Acc: 1.0000
INFO:train:Epoch 68/100, Train Loss: 0.2002, Train Acc: 1.0000, Val Loss: 0.2117, Val Acc: 1.0000
INFO:train:Epoch 69/100, Train Loss: 0.2001, Train Acc: 1.0000, Val Loss: 0.2126, Val Acc: 1.0000
INFO:train:Epoch 70/100, Train Loss: 0.2001, Train Acc: 1.0000, Val Loss: 0.2118, Val Acc: 1.0000
INFO:train:Epoch 71/100, Train Loss: 0.1999, Train Acc: 1.0000, Val Loss: 0.2110, Val Acc: 1.0000
INFO:train:Epoch 72/100, Train Loss: 0.1999, Train Acc: 1.0000, Val Loss: 0.2108, Val Acc: 1.0000
INFO:train:Epoch 73/100, Train Loss: 0.2001, Train Acc: 1.0000, Val Loss: 0.2119, Val Acc: 1.0000
INFO:train:Epoch 74/100, Train Loss: 0.2001, Train Acc: 1.0000, Val Loss: 0.2107, Val Acc: 1.0000
INFO:train:Epoch 75/100, Train Loss: 0.1999, Train Acc: 1.0000, Val Loss: 0.2105, Val Acc: 1.0000
INFO:train:Epoch 76/100, Train Loss: 0.1998, Train Acc: 1.0000, Val Loss: 0.2116, Val Acc: 1.0000
INFO:train:Epoch 77/100, Train Loss: 0.2001, Train Acc: 1.0000, Val Loss: 0.2113, Val Acc: 1.0000
INFO:train:Epoch 78/100, Train Loss: 0.2000, Train Acc: 1.0000, Val Loss: 0.2120, Val Acc: 1.0000
INFO:train:Epoch 79/100, Train Loss: 0.2000, Train Acc: 1.0000, Val Loss: 0.2116, Val Acc: 1.0000
INFO:train:Epoch 80/100, Train Loss: 0.2001, Train Acc: 1.0000, Val Loss: 0.2103, Val Acc: 1.0000
INFO:train:Epoch 81/100, Train Loss: 0.2000, Train Acc: 1.0000, Val Loss: 0.2103, Val Acc: 1.0000
INFO:train:Epoch 82/100, Train Loss: 0.1999, Train Acc: 1.0000, Val Loss: 0.2105, Val Acc: 1.0000
INFO:train:Epoch 83/100, Train Loss: 0.2002, Train Acc: 1.0000, Val Loss: 0.2106, Val Acc: 1.0000
INFO:train:Epoch 84/100, Train Loss: 0.1999, Train Acc: 1.0000, Val Loss: 0.2112, Val Acc: 1.0000
INFO:train:Epoch 85/100, Train Loss: 0.2000, Train Acc: 1.0000, Val Loss: 0.2100, Val Acc: 1.0000
INFO:train:Epoch 86/100, Train Loss: 0.2000, Train Acc: 1.0000, Val Loss: 0.2077, Val Acc: 1.0000
INFO:train:Epoch 87/100, Train Loss: 0.1999, Train Acc: 1.0000, Val Loss: 0.2090, Val Acc: 1.0000
INFO:train:Epoch 88/100, Train Loss: 0.1998, Train Acc: 1.0000, Val Loss: 0.2095, Val Acc: 1.0000
INFO:train:Epoch 89/100, Train Loss: 0.1998, Train Acc: 1.0000, Val Loss: 0.2092, Val Acc: 1.0000
INFO:train:Epoch 90/100, Train Loss: 0.1997, Train Acc: 1.0000, Val Loss: 0.2098, Val Acc: 1.0000
INFO:train:Epoch 91/100, Train Loss: 0.1999, Train Acc: 1.0000, Val Loss: 0.2094, Val Acc: 1.0000
INFO:train:Epoch 92/100, Train Loss: 0.1998, Train Acc: 1.0000, Val Loss: 0.2094, Val Acc: 1.0000
INFO:train:Epoch 93/100, Train Loss: 0.1999, Train Acc: 1.0000, Val Loss: 0.2099, Val Acc: 1.0000
INFO:train:Epoch 94/100, Train Loss: 0.1999, Train Acc: 1.0000, Val Loss: 0.2099, Val Acc: 1.0000
INFO:train:Epoch 95/100, Train Loss: 0.1998, Train Acc: 1.0000, Val Loss: 0.2100, Val Acc: 1.0000
INFO:train:Epoch 96/100, Train Loss: 0.1997, Train Acc: 1.0000, Val Loss: 0.2083, Val Acc: 1.0000
INFO:train:Epoch 97/100, Train Loss: 0.1998, Train Acc: 1.0000, Val Loss: 0.2087, Val Acc: 1.0000
INFO:train:Epoch 98/100, Train Loss: 0.1999, Train Acc: 1.0000, Val Loss: 0.2092, Val Acc: 1.0000
INFO:train:Epoch 99/100, Train Loss: 0.1999, Train Acc: 1.0000, Val Loss: 0.2090, Val Acc: 1.0000
INFO:train:Epoch 100/100, Train Loss: 0.1998, Train Acc: 1.0000, Val Loss: 0.2091, Val Acc: 1.0000
INFO:plot:Saving attention map to: figures/model_accuracy.png
INFO:__main__:Total time taken to train the model: 77.01s
INFO:__main__:train got 64 / 64 correct, accuracy: 1.0
INFO:plot:Saving cofusion matrix map to: figures/train_confusion_matrix.png
INFO:__main__:train got 64 / 64 correct, accuracy: 1.0
INFO:plot:Saving cofusion matrix map to: figures/train_confusion_matrix.png
INFO:__main__:train got 64 / 64 correct, accuracy: 1.0
INFO:plot:Saving cofusion matrix map to: figures/train_confusion_matrix.png
INFO:__main__:train got 64 / 64 correct, accuracy: 1.0
INFO:plot:Saving cofusion matrix map to: figures/train_confusion_matrix.png
INFO:__main__:train got 64 / 64 correct, accuracy: 1.0
INFO:plot:Saving cofusion matrix map to: figures/train_confusion_matrix.png
INFO:__main__:train got 64 / 64 correct, accuracy: 1.0
INFO:plot:Saving cofusion matrix map to: figures/train_confusion_matrix.png
INFO:__main__:train got 64 / 64 correct, accuracy: 1.0
INFO:plot:Saving cofusion matrix map to: figures/train_confusion_matrix.png
INFO:__main__:train got 64 / 64 correct, accuracy: 1.0
INFO:plot:Saving cofusion matrix map to: figures/train_confusion_matrix.png
INFO:__main__:train got 4 / 4 correct, accuracy: 1.0
