INFO:__main__:Reading the dataset: fish species
INFO:__main__:Pre-training the network: Masked Spectra Modelling
INFO:pre_training:Epoch [1/100], Loss: 0.4002, Val: 0.0205
INFO:pre_training:Epoch [2/100], Loss: 0.3607, Val: 0.0198
INFO:pre_training:Epoch [3/100], Loss: 0.3370, Val: 0.0186
INFO:pre_training:Epoch [4/100], Loss: 0.3223, Val: 0.0179
INFO:pre_training:Epoch [5/100], Loss: 0.3094, Val: 0.0178
INFO:pre_training:Epoch [6/100], Loss: 0.3004, Val: 0.0172
INFO:pre_training:Epoch [7/100], Loss: 0.2902, Val: 0.0161
INFO:pre_training:Epoch [8/100], Loss: 0.2829, Val: 0.0162
INFO:pre_training:Epoch [9/100], Loss: 0.2729, Val: 0.0152
INFO:pre_training:Epoch [10/100], Loss: 0.2649, Val: 0.0155
INFO:pre_training:Epoch [11/100], Loss: 0.2561, Val: 0.0148
INFO:pre_training:Epoch [12/100], Loss: 0.2479, Val: 0.0143
INFO:pre_training:Epoch [13/100], Loss: 0.2427, Val: 0.0144
INFO:pre_training:Epoch [14/100], Loss: 0.2374, Val: 0.0137
INFO:pre_training:Epoch [15/100], Loss: 0.2328, Val: 0.0141
INFO:pre_training:Epoch [16/100], Loss: 0.2292, Val: 0.0137
INFO:pre_training:Epoch [17/100], Loss: 0.2241, Val: 0.0132
INFO:pre_training:Epoch [18/100], Loss: 0.2227, Val: 0.0134
INFO:pre_training:Epoch [19/100], Loss: 0.2138, Val: 0.0134
INFO:pre_training:Epoch [20/100], Loss: 0.2134, Val: 0.0131
INFO:pre_training:Epoch [21/100], Loss: 0.2075, Val: 0.0125
INFO:pre_training:Epoch [22/100], Loss: 0.2045, Val: 0.0125
INFO:pre_training:Epoch [23/100], Loss: 0.2025, Val: 0.0127
INFO:pre_training:Epoch [24/100], Loss: 0.1983, Val: 0.0126
INFO:pre_training:Epoch [25/100], Loss: 0.1946, Val: 0.0129
INFO:pre_training:Epoch [26/100], Loss: 0.1940, Val: 0.0124
INFO:pre_training:Epoch [27/100], Loss: 0.1866, Val: 0.0123
INFO:pre_training:Epoch [28/100], Loss: 0.1880, Val: 0.0127
INFO:pre_training:Epoch [29/100], Loss: 0.1851, Val: 0.0121
INFO:pre_training:Epoch [30/100], Loss: 0.1833, Val: 0.0120
INFO:pre_training:Epoch [31/100], Loss: 0.1801, Val: 0.0123
INFO:pre_training:Epoch [32/100], Loss: 0.1781, Val: 0.0121
INFO:pre_training:Epoch [33/100], Loss: 0.1767, Val: 0.0123
INFO:pre_training:Epoch [34/100], Loss: 0.1733, Val: 0.0122
INFO:pre_training:Epoch [35/100], Loss: 0.1716, Val: 0.0122
INFO:pre_training:Epoch [36/100], Loss: 0.1676, Val: 0.0118
INFO:pre_training:Epoch [37/100], Loss: 0.1688, Val: 0.0117
INFO:pre_training:Epoch [38/100], Loss: 0.1671, Val: 0.0120
INFO:pre_training:Epoch [39/100], Loss: 0.1628, Val: 0.0120
INFO:pre_training:Epoch [40/100], Loss: 0.1617, Val: 0.0116
INFO:pre_training:Epoch [41/100], Loss: 0.1605, Val: 0.0115
INFO:pre_training:Epoch [42/100], Loss: 0.1624, Val: 0.0118
INFO:pre_training:Epoch [43/100], Loss: 0.1585, Val: 0.0114
INFO:pre_training:Epoch [44/100], Loss: 0.1588, Val: 0.0113
INFO:pre_training:Epoch [45/100], Loss: 0.1539, Val: 0.0116
INFO:pre_training:Epoch [46/100], Loss: 0.1542, Val: 0.0117
INFO:pre_training:Epoch [47/100], Loss: 0.1528, Val: 0.0117
INFO:pre_training:Epoch [48/100], Loss: 0.1498, Val: 0.0118
INFO:pre_training:Epoch [49/100], Loss: 0.1513, Val: 0.0111
INFO:pre_training:Epoch [50/100], Loss: 0.1489, Val: 0.0112
INFO:pre_training:Epoch [51/100], Loss: 0.1465, Val: 0.0113
INFO:pre_training:Epoch [52/100], Loss: 0.1458, Val: 0.0109
INFO:pre_training:Epoch [53/100], Loss: 0.1462, Val: 0.0112
INFO:pre_training:Epoch [54/100], Loss: 0.1429, Val: 0.0113
INFO:pre_training:Epoch [55/100], Loss: 0.1430, Val: 0.0114
INFO:pre_training:Epoch [56/100], Loss: 0.1401, Val: 0.0109
INFO:pre_training:Epoch [57/100], Loss: 0.1405, Val: 0.0113
INFO:pre_training:Epoch [58/100], Loss: 0.1392, Val: 0.0114
INFO:pre_training:Epoch [59/100], Loss: 0.1385, Val: 0.0110
INFO:pre_training:Epoch [60/100], Loss: 0.1367, Val: 0.0110
INFO:pre_training:Epoch [61/100], Loss: 0.1353, Val: 0.0111
INFO:pre_training:Epoch [62/100], Loss: 0.1358, Val: 0.0112
INFO:pre_training:Epoch [63/100], Loss: 0.1344, Val: 0.0107
INFO:pre_training:Epoch [64/100], Loss: 0.1328, Val: 0.0108
INFO:pre_training:Epoch [65/100], Loss: 0.1314, Val: 0.0108
INFO:pre_training:Epoch [66/100], Loss: 0.1320, Val: 0.0105
INFO:pre_training:Epoch [67/100], Loss: 0.1313, Val: 0.0108
INFO:pre_training:Epoch [68/100], Loss: 0.1307, Val: 0.0106
INFO:pre_training:Epoch [69/100], Loss: 0.1295, Val: 0.0107
INFO:pre_training:Epoch [70/100], Loss: 0.1285, Val: 0.0108
INFO:pre_training:Epoch [71/100], Loss: 0.1273, Val: 0.0106
INFO:pre_training:Epoch [72/100], Loss: 0.1268, Val: 0.0109
INFO:pre_training:Epoch [73/100], Loss: 0.1249, Val: 0.0107
INFO:pre_training:Epoch [74/100], Loss: 0.1252, Val: 0.0107
INFO:pre_training:Epoch [75/100], Loss: 0.1222, Val: 0.0106
INFO:pre_training:Epoch [76/100], Loss: 0.1227, Val: 0.0107
INFO:pre_training:Epoch [77/100], Loss: 0.1208, Val: 0.0104
INFO:pre_training:Epoch [78/100], Loss: 0.1209, Val: 0.0107
INFO:pre_training:Epoch [79/100], Loss: 0.1214, Val: 0.0102
INFO:pre_training:Epoch [80/100], Loss: 0.1191, Val: 0.0105
INFO:pre_training:Epoch [81/100], Loss: 0.1190, Val: 0.0105
INFO:pre_training:Epoch [82/100], Loss: 0.1175, Val: 0.0104
INFO:pre_training:Epoch [83/100], Loss: 0.1169, Val: 0.0106
INFO:pre_training:Epoch [84/100], Loss: 0.1159, Val: 0.0105
INFO:pre_training:Epoch [85/100], Loss: 0.1143, Val: 0.0105
INFO:pre_training:Epoch [86/100], Loss: 0.1164, Val: 0.0102
INFO:pre_training:Epoch [87/100], Loss: 0.1143, Val: 0.0101
INFO:pre_training:Epoch [88/100], Loss: 0.1144, Val: 0.0105
INFO:pre_training:Epoch [89/100], Loss: 0.1131, Val: 0.0102
INFO:pre_training:Epoch [90/100], Loss: 0.1124, Val: 0.0100
INFO:pre_training:Epoch [91/100], Loss: 0.1116, Val: 0.0101
INFO:pre_training:Epoch [92/100], Loss: 0.1129, Val: 0.0102
INFO:pre_training:Epoch [93/100], Loss: 0.1114, Val: 0.0102
INFO:pre_training:Epoch [94/100], Loss: 0.1095, Val: 0.0100
INFO:pre_training:Epoch [95/100], Loss: 0.1094, Val: 0.0101
INFO:pre_training:Epoch [96/100], Loss: 0.1085, Val: 0.0100
INFO:pre_training:Epoch [97/100], Loss: 0.1071, Val: 0.0099
INFO:pre_training:Epoch [98/100], Loss: 0.1056, Val: 0.0102
INFO:pre_training:Epoch [99/100], Loss: 0.1073, Val: 0.0101
INFO:pre_training:Epoch [100/100], Loss: 0.1065, Val: 0.0098
INFO:__main__:Total time taken to pre-train the model: 61.83s
INFO:__main__:Pre-training the network: Next Spectra Prediction
INFO:pre_training:Epoch 1, Average Loss: 0.5649 Validation: 0.2418
INFO:pre_training:Epoch 2, Average Loss: 0.5682 Validation: 0.2352
INFO:pre_training:Epoch 3, Average Loss: 0.5508 Validation: 0.2620
INFO:pre_training:Epoch 4, Average Loss: 0.5541 Validation: 0.2456
INFO:pre_training:Epoch 5, Average Loss: 0.5379 Validation: 0.2626
INFO:pre_training:Epoch 6, Average Loss: 0.5403 Validation: 0.2287
INFO:pre_training:Epoch 7, Average Loss: 0.5428 Validation: 0.2804
INFO:pre_training:Epoch 8, Average Loss: 0.5280 Validation: 0.2732
INFO:pre_training:Epoch 9, Average Loss: 0.5376 Validation: 0.3736
INFO:pre_training:Epoch 10, Average Loss: 0.5317 Validation: 0.3141
INFO:pre_training:Epoch 11, Average Loss: 0.5409 Validation: 0.3676
INFO:pre_training:Epoch 12, Average Loss: 0.5399 Validation: 0.2862
INFO:pre_training:Epoch 13, Average Loss: 0.5387 Validation: 0.4700
INFO:pre_training:Epoch 14, Average Loss: 0.5303 Validation: 0.3106
INFO:pre_training:Epoch 15, Average Loss: 0.5288 Validation: 0.3374
INFO:pre_training:Epoch 16, Average Loss: 0.5277 Validation: 0.2772
INFO:pre_training:Epoch 17, Average Loss: 0.5342 Validation: 0.4081
INFO:pre_training:Epoch 18, Average Loss: 0.5227 Validation: 0.2752
INFO:pre_training:Epoch 19, Average Loss: 0.5241 Validation: 0.3891
INFO:pre_training:Epoch 20, Average Loss: 0.5351 Validation: 0.2737
INFO:pre_training:Epoch 21, Average Loss: 0.5253 Validation: 0.3767
INFO:pre_training:Epoch 22, Average Loss: 0.5317 Validation: 0.2684
INFO:pre_training:Epoch 23, Average Loss: 0.5208 Validation: 0.3560
INFO:pre_training:Epoch 24, Average Loss: 0.5243 Validation: 0.2557
INFO:pre_training:Epoch 25, Average Loss: 0.5247 Validation: 0.3486
INFO:pre_training:Epoch 26, Average Loss: 0.5189 Validation: 0.2429
INFO:pre_training:Epoch 27, Average Loss: 0.5251 Validation: 0.4526
INFO:pre_training:Epoch 28, Average Loss: 0.5275 Validation: 0.3176
INFO:pre_training:Epoch 29, Average Loss: 0.5186 Validation: 0.3080
INFO:pre_training:Epoch 30, Average Loss: 0.5213 Validation: 0.3289
INFO:pre_training:Epoch 31, Average Loss: 0.5246 Validation: 0.3339
INFO:pre_training:Epoch 32, Average Loss: 0.5187 Validation: 0.2895
INFO:pre_training:Epoch 33, Average Loss: 0.5179 Validation: 0.4892
INFO:pre_training:Epoch 34, Average Loss: 0.5237 Validation: 0.2949
INFO:pre_training:Epoch 35, Average Loss: 0.5221 Validation: 0.3477
INFO:pre_training:Epoch 36, Average Loss: 0.5170 Validation: 0.3471
INFO:pre_training:Epoch 37, Average Loss: 0.5278 Validation: 0.2675
INFO:pre_training:Epoch 38, Average Loss: 0.5192 Validation: 0.4115
INFO:pre_training:Epoch 39, Average Loss: 0.5176 Validation: 0.2714
INFO:pre_training:Epoch 40, Average Loss: 0.5269 Validation: 0.3211
INFO:pre_training:Epoch 41, Average Loss: 0.5177 Validation: 0.5209
INFO:pre_training:Epoch 42, Average Loss: 0.5178 Validation: 0.3088
INFO:pre_training:Epoch 43, Average Loss: 0.5206 Validation: 0.2600
INFO:pre_training:Epoch 44, Average Loss: 0.5109 Validation: 0.3380
INFO:pre_training:Epoch 45, Average Loss: 0.5175 Validation: 0.2698
INFO:pre_training:Epoch 46, Average Loss: 0.5235 Validation: 0.3580
INFO:pre_training:Epoch 47, Average Loss: 0.5247 Validation: 0.2730
INFO:pre_training:Epoch 48, Average Loss: 0.5192 Validation: 0.4140
INFO:pre_training:Epoch 49, Average Loss: 0.5191 Validation: 0.2750
INFO:pre_training:Epoch 50, Average Loss: 0.5177 Validation: 0.3344
INFO:pre_training:Epoch 51, Average Loss: 0.5225 Validation: 0.3145
INFO:pre_training:Epoch 52, Average Loss: 0.5238 Validation: 0.4118
INFO:pre_training:Epoch 53, Average Loss: 0.5247 Validation: 0.2577
INFO:pre_training:Epoch 54, Average Loss: 0.5247 Validation: 0.4960
INFO:pre_training:Epoch 55, Average Loss: 0.5214 Validation: 0.3228
INFO:pre_training:Epoch 56, Average Loss: 0.5147 Validation: 0.3674
INFO:pre_training:Epoch 57, Average Loss: 0.5248 Validation: 0.4435
INFO:pre_training:Epoch 58, Average Loss: 0.5180 Validation: 0.3030
INFO:pre_training:Epoch 59, Average Loss: 0.5114 Validation: 0.4159
INFO:pre_training:Epoch 60, Average Loss: 0.5163 Validation: 0.2729
INFO:pre_training:Epoch 61, Average Loss: 0.5173 Validation: 0.4193
INFO:pre_training:Epoch 62, Average Loss: 0.5163 Validation: 0.3096
INFO:pre_training:Epoch 63, Average Loss: 0.5114 Validation: 0.4420
INFO:pre_training:Epoch 64, Average Loss: 0.5209 Validation: 0.2906
INFO:pre_training:Epoch 65, Average Loss: 0.5134 Validation: 0.5383
INFO:pre_training:Epoch 66, Average Loss: 0.5177 Validation: 0.3352
INFO:pre_training:Epoch 67, Average Loss: 0.5224 Validation: 0.3419
INFO:pre_training:Epoch 68, Average Loss: 0.5131 Validation: 0.3216
INFO:pre_training:Epoch 69, Average Loss: 0.5152 Validation: 0.4136
INFO:pre_training:Epoch 70, Average Loss: 0.5168 Validation: 0.3271
INFO:pre_training:Epoch 71, Average Loss: 0.5145 Validation: 0.4966
INFO:pre_training:Epoch 72, Average Loss: 0.5211 Validation: 0.3076
INFO:pre_training:Epoch 73, Average Loss: 0.5162 Validation: 0.5099
INFO:pre_training:Epoch 74, Average Loss: 0.5094 Validation: 0.3281
INFO:pre_training:Epoch 75, Average Loss: 0.5136 Validation: 0.6530
INFO:pre_training:Epoch 76, Average Loss: 0.5167 Validation: 0.3701
INFO:pre_training:Epoch 77, Average Loss: 0.5138 Validation: 0.6922
INFO:pre_training:Epoch 78, Average Loss: 0.5217 Validation: 0.3958
INFO:pre_training:Epoch 79, Average Loss: 0.5104 Validation: 0.3126
INFO:pre_training:Epoch 80, Average Loss: 0.5194 Validation: 0.4438
INFO:pre_training:Epoch 81, Average Loss: 0.5149 Validation: 0.3264
INFO:pre_training:Epoch 82, Average Loss: 0.5116 Validation: 0.3996
INFO:pre_training:Epoch 83, Average Loss: 0.5132 Validation: 0.2723
INFO:pre_training:Epoch 84, Average Loss: 0.5185 Validation: 0.4469
INFO:pre_training:Epoch 85, Average Loss: 0.5137 Validation: 0.3330
INFO:pre_training:Epoch 86, Average Loss: 0.5229 Validation: 0.5418
INFO:pre_training:Epoch 87, Average Loss: 0.5116 Validation: 0.3104
INFO:pre_training:Epoch 88, Average Loss: 0.5140 Validation: 0.4906
INFO:pre_training:Epoch 89, Average Loss: 0.5138 Validation: 0.3069
INFO:pre_training:Epoch 90, Average Loss: 0.5137 Validation: 0.4305
INFO:pre_training:Epoch 91, Average Loss: 0.5137 Validation: 0.2954
INFO:pre_training:Epoch 92, Average Loss: 0.5134 Validation: 0.5489
INFO:pre_training:Epoch 93, Average Loss: 0.5157 Validation: 0.3121
INFO:pre_training:Epoch 94, Average Loss: 0.5088 Validation: 0.3081
INFO:pre_training:Epoch 95, Average Loss: 0.5111 Validation: 0.4382
INFO:pre_training:Epoch 96, Average Loss: 0.5097 Validation: 0.3193
INFO:pre_training:Epoch 97, Average Loss: 0.5138 Validation: 0.3181
INFO:pre_training:Epoch 98, Average Loss: 0.5126 Validation: 0.4773
INFO:pre_training:Epoch 99, Average Loss: 0.5129 Validation: 0.3160
INFO:pre_training:Epoch 100, Average Loss: 0.5163 Validation: 0.6489
INFO:__main__:Total time taken to pre-train the model: 1673.49s
INFO:__main__:Training the network
INFO:train:Epoch 1/100, Train Loss: 0.6973, Train Acc: 0.5756, Val Loss: 0.6365, Val Acc: 0.6364
INFO:train:Epoch 2/100, Train Loss: 0.6067, Train Acc: 0.7597, Val Loss: 0.5690, Val Acc: 0.9091
INFO:train:Epoch 3/100, Train Loss: 0.5271, Train Acc: 0.8217, Val Loss: 0.4731, Val Acc: 0.9091
INFO:train:Epoch 4/100, Train Loss: 0.4557, Train Acc: 0.8779, Val Loss: 0.4103, Val Acc: 0.9091
INFO:train:Epoch 5/100, Train Loss: 0.3789, Train Acc: 0.9535, Val Loss: 0.4061, Val Acc: 0.9091
INFO:train:Epoch 6/100, Train Loss: 0.3115, Train Acc: 0.9651, Val Loss: 0.2958, Val Acc: 0.9091
INFO:train:Epoch 7/100, Train Loss: 0.2601, Train Acc: 0.9767, Val Loss: 0.2816, Val Acc: 0.9091
INFO:train:Epoch 8/100, Train Loss: 0.2327, Train Acc: 0.9961, Val Loss: 0.2625, Val Acc: 1.0000
INFO:train:Epoch 9/100, Train Loss: 0.2217, Train Acc: 0.9981, Val Loss: 0.2535, Val Acc: 1.0000
INFO:train:Epoch 10/100, Train Loss: 0.2179, Train Acc: 1.0000, Val Loss: 0.2604, Val Acc: 1.0000
INFO:train:Epoch 11/100, Train Loss: 0.2158, Train Acc: 1.0000, Val Loss: 0.2543, Val Acc: 1.0000
INFO:train:Epoch 12/100, Train Loss: 0.2151, Train Acc: 0.9981, Val Loss: 0.2466, Val Acc: 1.0000
INFO:train:Epoch 13/100, Train Loss: 0.2125, Train Acc: 1.0000, Val Loss: 0.2700, Val Acc: 1.0000
INFO:train:Epoch 14/100, Train Loss: 0.2099, Train Acc: 1.0000, Val Loss: 0.2463, Val Acc: 1.0000
INFO:train:Epoch 15/100, Train Loss: 0.2088, Train Acc: 1.0000, Val Loss: 0.2492, Val Acc: 1.0000
INFO:train:Epoch 16/100, Train Loss: 0.2093, Train Acc: 1.0000, Val Loss: 0.2448, Val Acc: 1.0000
INFO:train:Epoch 17/100, Train Loss: 0.2087, Train Acc: 1.0000, Val Loss: 0.2535, Val Acc: 1.0000
INFO:train:Epoch 18/100, Train Loss: 0.2077, Train Acc: 1.0000, Val Loss: 0.2509, Val Acc: 1.0000
INFO:train:Epoch 19/100, Train Loss: 0.2072, Train Acc: 1.0000, Val Loss: 0.2463, Val Acc: 1.0000
INFO:train:Epoch 20/100, Train Loss: 0.2061, Train Acc: 1.0000, Val Loss: 0.2482, Val Acc: 1.0000
INFO:train:Epoch 21/100, Train Loss: 0.2048, Train Acc: 1.0000, Val Loss: 0.2416, Val Acc: 1.0000
INFO:train:Epoch 22/100, Train Loss: 0.2053, Train Acc: 1.0000, Val Loss: 0.2533, Val Acc: 1.0000
INFO:train:Epoch 23/100, Train Loss: 0.2046, Train Acc: 1.0000, Val Loss: 0.2464, Val Acc: 1.0000
INFO:train:Epoch 24/100, Train Loss: 0.2048, Train Acc: 1.0000, Val Loss: 0.2422, Val Acc: 1.0000
INFO:train:Epoch 25/100, Train Loss: 0.2044, Train Acc: 1.0000, Val Loss: 0.2493, Val Acc: 1.0000
INFO:train:Epoch 26/100, Train Loss: 0.2039, Train Acc: 1.0000, Val Loss: 0.2465, Val Acc: 1.0000
INFO:train:Epoch 27/100, Train Loss: 0.2034, Train Acc: 1.0000, Val Loss: 0.2477, Val Acc: 1.0000
INFO:train:Epoch 28/100, Train Loss: 0.2030, Train Acc: 1.0000, Val Loss: 0.2524, Val Acc: 1.0000
INFO:train:Epoch 29/100, Train Loss: 0.2028, Train Acc: 1.0000, Val Loss: 0.2425, Val Acc: 1.0000
INFO:train:Epoch 30/100, Train Loss: 0.2025, Train Acc: 1.0000, Val Loss: 0.2459, Val Acc: 1.0000
INFO:train:Epoch 31/100, Train Loss: 0.2023, Train Acc: 1.0000, Val Loss: 0.2405, Val Acc: 1.0000
INFO:train:Epoch 32/100, Train Loss: 0.2025, Train Acc: 1.0000, Val Loss: 0.2443, Val Acc: 1.0000
INFO:train:Epoch 33/100, Train Loss: 0.2022, Train Acc: 1.0000, Val Loss: 0.2456, Val Acc: 1.0000
INFO:train:Epoch 34/100, Train Loss: 0.2023, Train Acc: 1.0000, Val Loss: 0.2510, Val Acc: 1.0000
INFO:train:Epoch 35/100, Train Loss: 0.2023, Train Acc: 1.0000, Val Loss: 0.2463, Val Acc: 1.0000
INFO:train:Epoch 36/100, Train Loss: 0.2020, Train Acc: 1.0000, Val Loss: 0.2493, Val Acc: 1.0000
INFO:train:Epoch 37/100, Train Loss: 0.2018, Train Acc: 1.0000, Val Loss: 0.2423, Val Acc: 1.0000
INFO:train:Epoch 38/100, Train Loss: 0.2021, Train Acc: 1.0000, Val Loss: 0.2496, Val Acc: 1.0000
INFO:train:Epoch 39/100, Train Loss: 0.2020, Train Acc: 1.0000, Val Loss: 0.2513, Val Acc: 1.0000
INFO:train:Epoch 40/100, Train Loss: 0.2021, Train Acc: 1.0000, Val Loss: 0.2410, Val Acc: 1.0000
INFO:train:Epoch 41/100, Train Loss: 0.2018, Train Acc: 1.0000, Val Loss: 0.2482, Val Acc: 1.0000
INFO:train:Epoch 42/100, Train Loss: 0.2018, Train Acc: 1.0000, Val Loss: 0.2466, Val Acc: 1.0000
INFO:train:Epoch 43/100, Train Loss: 0.2015, Train Acc: 1.0000, Val Loss: 0.2454, Val Acc: 1.0000
INFO:train:Epoch 44/100, Train Loss: 0.2020, Train Acc: 1.0000, Val Loss: 0.2400, Val Acc: 1.0000
INFO:train:Epoch 45/100, Train Loss: 0.2014, Train Acc: 1.0000, Val Loss: 0.2436, Val Acc: 1.0000
INFO:train:Epoch 46/100, Train Loss: 0.2017, Train Acc: 1.0000, Val Loss: 0.2384, Val Acc: 1.0000
INFO:train:Epoch 47/100, Train Loss: 0.2018, Train Acc: 1.0000, Val Loss: 0.2420, Val Acc: 1.0000
INFO:train:Epoch 48/100, Train Loss: 0.2012, Train Acc: 1.0000, Val Loss: 0.2403, Val Acc: 1.0000
INFO:train:Epoch 49/100, Train Loss: 0.2013, Train Acc: 1.0000, Val Loss: 0.2422, Val Acc: 1.0000
INFO:train:Epoch 50/100, Train Loss: 0.2011, Train Acc: 1.0000, Val Loss: 0.2373, Val Acc: 1.0000
INFO:train:Epoch 51/100, Train Loss: 0.2008, Train Acc: 1.0000, Val Loss: 0.2413, Val Acc: 1.0000
INFO:train:Epoch 52/100, Train Loss: 0.2012, Train Acc: 1.0000, Val Loss: 0.2401, Val Acc: 1.0000
INFO:train:Epoch 53/100, Train Loss: 0.2010, Train Acc: 1.0000, Val Loss: 0.2396, Val Acc: 1.0000
INFO:train:Epoch 54/100, Train Loss: 0.2007, Train Acc: 1.0000, Val Loss: 0.2406, Val Acc: 1.0000
INFO:train:Epoch 55/100, Train Loss: 0.2011, Train Acc: 1.0000, Val Loss: 0.2402, Val Acc: 1.0000
INFO:train:Epoch 56/100, Train Loss: 0.2010, Train Acc: 1.0000, Val Loss: 0.2493, Val Acc: 1.0000
INFO:train:Epoch 57/100, Train Loss: 0.2009, Train Acc: 1.0000, Val Loss: 0.2429, Val Acc: 1.0000
INFO:train:Epoch 58/100, Train Loss: 0.2013, Train Acc: 1.0000, Val Loss: 0.2401, Val Acc: 1.0000
INFO:train:Epoch 59/100, Train Loss: 0.2011, Train Acc: 1.0000, Val Loss: 0.2456, Val Acc: 1.0000
INFO:train:Epoch 60/100, Train Loss: 0.2009, Train Acc: 1.0000, Val Loss: 0.2324, Val Acc: 1.0000
INFO:train:Epoch 61/100, Train Loss: 0.2009, Train Acc: 1.0000, Val Loss: 0.2454, Val Acc: 1.0000
INFO:train:Epoch 62/100, Train Loss: 0.2009, Train Acc: 1.0000, Val Loss: 0.2369, Val Acc: 1.0000
INFO:train:Epoch 63/100, Train Loss: 0.2010, Train Acc: 1.0000, Val Loss: 0.2358, Val Acc: 1.0000
INFO:train:Epoch 64/100, Train Loss: 0.2010, Train Acc: 1.0000, Val Loss: 0.2372, Val Acc: 1.0000
INFO:train:Epoch 65/100, Train Loss: 0.2009, Train Acc: 1.0000, Val Loss: 0.2377, Val Acc: 1.0000
INFO:train:Epoch 66/100, Train Loss: 0.2007, Train Acc: 1.0000, Val Loss: 0.2398, Val Acc: 1.0000
INFO:train:Epoch 67/100, Train Loss: 0.2007, Train Acc: 1.0000, Val Loss: 0.2369, Val Acc: 1.0000
INFO:train:Epoch 68/100, Train Loss: 0.2006, Train Acc: 1.0000, Val Loss: 0.2383, Val Acc: 1.0000
INFO:train:Epoch 69/100, Train Loss: 0.2006, Train Acc: 1.0000, Val Loss: 0.2330, Val Acc: 1.0000
INFO:train:Epoch 70/100, Train Loss: 0.2007, Train Acc: 1.0000, Val Loss: 0.2395, Val Acc: 1.0000
INFO:train:Epoch 71/100, Train Loss: 0.2009, Train Acc: 1.0000, Val Loss: 0.2389, Val Acc: 1.0000
INFO:train:Epoch 72/100, Train Loss: 0.2007, Train Acc: 1.0000, Val Loss: 0.2355, Val Acc: 1.0000
INFO:train:Epoch 73/100, Train Loss: 0.2005, Train Acc: 1.0000, Val Loss: 0.2370, Val Acc: 1.0000
INFO:train:Epoch 74/100, Train Loss: 0.2005, Train Acc: 1.0000, Val Loss: 0.2360, Val Acc: 1.0000
INFO:train:Epoch 75/100, Train Loss: 0.2007, Train Acc: 1.0000, Val Loss: 0.2362, Val Acc: 1.0000
INFO:train:Epoch 76/100, Train Loss: 0.2004, Train Acc: 1.0000, Val Loss: 0.2347, Val Acc: 1.0000
INFO:train:Epoch 77/100, Train Loss: 0.2006, Train Acc: 1.0000, Val Loss: 0.2327, Val Acc: 1.0000
INFO:train:Epoch 78/100, Train Loss: 0.2007, Train Acc: 1.0000, Val Loss: 0.2405, Val Acc: 1.0000
INFO:train:Epoch 79/100, Train Loss: 0.2006, Train Acc: 1.0000, Val Loss: 0.2346, Val Acc: 1.0000
INFO:train:Epoch 80/100, Train Loss: 0.2003, Train Acc: 1.0000, Val Loss: 0.2367, Val Acc: 1.0000
INFO:train:Epoch 81/100, Train Loss: 0.2005, Train Acc: 1.0000, Val Loss: 0.2343, Val Acc: 1.0000
INFO:train:Epoch 82/100, Train Loss: 0.2005, Train Acc: 1.0000, Val Loss: 0.2422, Val Acc: 1.0000
INFO:train:Epoch 83/100, Train Loss: 0.2007, Train Acc: 1.0000, Val Loss: 0.2306, Val Acc: 1.0000
INFO:train:Epoch 84/100, Train Loss: 0.2006, Train Acc: 1.0000, Val Loss: 0.2374, Val Acc: 1.0000
INFO:train:Epoch 85/100, Train Loss: 0.2004, Train Acc: 1.0000, Val Loss: 0.2360, Val Acc: 1.0000
INFO:train:Epoch 86/100, Train Loss: 0.2006, Train Acc: 1.0000, Val Loss: 0.2352, Val Acc: 1.0000
INFO:train:Epoch 87/100, Train Loss: 0.2007, Train Acc: 1.0000, Val Loss: 0.2388, Val Acc: 1.0000
INFO:train:Epoch 88/100, Train Loss: 0.2005, Train Acc: 1.0000, Val Loss: 0.2320, Val Acc: 1.0000
INFO:train:Epoch 89/100, Train Loss: 0.2004, Train Acc: 1.0000, Val Loss: 0.2373, Val Acc: 1.0000
INFO:train:Epoch 90/100, Train Loss: 0.2002, Train Acc: 1.0000, Val Loss: 0.2318, Val Acc: 1.0000
INFO:train:Epoch 91/100, Train Loss: 0.2003, Train Acc: 1.0000, Val Loss: 0.2422, Val Acc: 1.0000
INFO:train:Epoch 92/100, Train Loss: 0.2004, Train Acc: 1.0000, Val Loss: 0.2348, Val Acc: 1.0000
INFO:train:Epoch 93/100, Train Loss: 0.2004, Train Acc: 1.0000, Val Loss: 0.2336, Val Acc: 1.0000
INFO:train:Epoch 94/100, Train Loss: 0.2004, Train Acc: 1.0000, Val Loss: 0.2337, Val Acc: 1.0000
INFO:train:Epoch 95/100, Train Loss: 0.2001, Train Acc: 1.0000, Val Loss: 0.2355, Val Acc: 1.0000
INFO:train:Epoch 96/100, Train Loss: 0.2000, Train Acc: 1.0000, Val Loss: 0.2328, Val Acc: 1.0000
INFO:train:Epoch 97/100, Train Loss: 0.2002, Train Acc: 1.0000, Val Loss: 0.2343, Val Acc: 1.0000
INFO:train:Epoch 98/100, Train Loss: 0.2003, Train Acc: 1.0000, Val Loss: 0.2309, Val Acc: 1.0000
INFO:train:Epoch 99/100, Train Loss: 0.2002, Train Acc: 1.0000, Val Loss: 0.2367, Val Acc: 1.0000
INFO:train:Epoch 100/100, Train Loss: 0.2001, Train Acc: 1.0000, Val Loss: 0.2303, Val Acc: 1.0000
INFO:plot:Saving attention map to: figures/model_accuracy.png
INFO:__main__:Total time taken to train the model: 77.13s
INFO:__main__:train got 64 / 64 correct, accuracy: 1.0
INFO:plot:Saving cofusion matrix map to: figures/train_confusion_matrix.png
INFO:__main__:train got 64 / 64 correct, accuracy: 1.0
INFO:plot:Saving cofusion matrix map to: figures/train_confusion_matrix.png
INFO:__main__:train got 64 / 64 correct, accuracy: 1.0
INFO:plot:Saving cofusion matrix map to: figures/train_confusion_matrix.png
INFO:__main__:train got 64 / 64 correct, accuracy: 1.0
INFO:plot:Saving cofusion matrix map to: figures/train_confusion_matrix.png
INFO:__main__:train got 64 / 64 correct, accuracy: 1.0
INFO:plot:Saving cofusion matrix map to: figures/train_confusion_matrix.png
INFO:__main__:train got 64 / 64 correct, accuracy: 1.0
INFO:plot:Saving cofusion matrix map to: figures/train_confusion_matrix.png
INFO:__main__:train got 64 / 64 correct, accuracy: 1.0
INFO:plot:Saving cofusion matrix map to: figures/train_confusion_matrix.png
INFO:__main__:train got 64 / 64 correct, accuracy: 1.0
INFO:plot:Saving cofusion matrix map to: figures/train_confusion_matrix.png
INFO:__main__:train got 4 / 4 correct, accuracy: 1.0
INFO:plot:Saving cofusion matrix map to: figures/train_confusion_matrix.png
INFO:__main__:validation got 11 / 11 correct, accuracy: 1.0
INFO:plot:Saving cofusion matrix map to: figures/validation_confusion_matrix.png
INFO:__main__:test got 11 / 11 correct, accuracy: 1.0
INFO:plot:Saving cofusion matrix map to: figures/test_confusion_matrix.png
INFO:plot:Saving attention map to: figures/encoder_attention_map.png
INFO:plot:Saving attention map to: figures/decoder_attention_map.png
