INFO:__main__:Reading the dataset: fish species
INFO:__main__:Pre-training the network: Masked Spectra Modelling
INFO:pre_training:Epoch [1/100], Loss: 0.3966, Val: 0.0211
INFO:pre_training:Epoch [2/100], Loss: 0.3622, Val: 0.0200
INFO:pre_training:Epoch [3/100], Loss: 0.3369, Val: 0.0187
INFO:pre_training:Epoch [4/100], Loss: 0.3248, Val: 0.0181
INFO:pre_training:Epoch [5/100], Loss: 0.3092, Val: 0.0176
INFO:pre_training:Epoch [6/100], Loss: 0.2977, Val: 0.0176
INFO:pre_training:Epoch [7/100], Loss: 0.2919, Val: 0.0169
INFO:pre_training:Epoch [8/100], Loss: 0.2783, Val: 0.0161
INFO:pre_training:Epoch [9/100], Loss: 0.2724, Val: 0.0156
INFO:pre_training:Epoch [10/100], Loss: 0.2658, Val: 0.0150
INFO:pre_training:Epoch [11/100], Loss: 0.2563, Val: 0.0154
INFO:pre_training:Epoch [12/100], Loss: 0.2489, Val: 0.0150
INFO:pre_training:Epoch [13/100], Loss: 0.2412, Val: 0.0148
INFO:pre_training:Epoch [14/100], Loss: 0.2375, Val: 0.0142
INFO:pre_training:Epoch [15/100], Loss: 0.2301, Val: 0.0142
INFO:pre_training:Epoch [16/100], Loss: 0.2267, Val: 0.0142
INFO:pre_training:Epoch [17/100], Loss: 0.2234, Val: 0.0138
INFO:pre_training:Epoch [18/100], Loss: 0.2193, Val: 0.0133
INFO:pre_training:Epoch [19/100], Loss: 0.2173, Val: 0.0138
INFO:pre_training:Epoch [20/100], Loss: 0.2120, Val: 0.0136
INFO:pre_training:Epoch [21/100], Loss: 0.2076, Val: 0.0136
INFO:pre_training:Epoch [22/100], Loss: 0.2045, Val: 0.0133
INFO:pre_training:Epoch [23/100], Loss: 0.2036, Val: 0.0128
INFO:pre_training:Epoch [24/100], Loss: 0.2016, Val: 0.0132
INFO:pre_training:Epoch [25/100], Loss: 0.1953, Val: 0.0132
INFO:pre_training:Epoch [26/100], Loss: 0.1945, Val: 0.0127
INFO:pre_training:Epoch [27/100], Loss: 0.1909, Val: 0.0127
INFO:pre_training:Epoch [28/100], Loss: 0.1887, Val: 0.0128
INFO:pre_training:Epoch [29/100], Loss: 0.1840, Val: 0.0126
INFO:pre_training:Epoch [30/100], Loss: 0.1846, Val: 0.0123
INFO:pre_training:Epoch [31/100], Loss: 0.1840, Val: 0.0125
INFO:pre_training:Epoch [32/100], Loss: 0.1786, Val: 0.0122
INFO:pre_training:Epoch [33/100], Loss: 0.1746, Val: 0.0119
INFO:pre_training:Epoch [34/100], Loss: 0.1736, Val: 0.0124
INFO:pre_training:Epoch [35/100], Loss: 0.1709, Val: 0.0122
INFO:pre_training:Epoch [36/100], Loss: 0.1714, Val: 0.0122
INFO:pre_training:Epoch [37/100], Loss: 0.1683, Val: 0.0120
INFO:pre_training:Epoch [38/100], Loss: 0.1667, Val: 0.0118
INFO:pre_training:Epoch [39/100], Loss: 0.1645, Val: 0.0121
INFO:pre_training:Epoch [40/100], Loss: 0.1648, Val: 0.0116
INFO:pre_training:Epoch [41/100], Loss: 0.1625, Val: 0.0119
INFO:pre_training:Epoch [42/100], Loss: 0.1619, Val: 0.0115
INFO:pre_training:Epoch [43/100], Loss: 0.1585, Val: 0.0118
INFO:pre_training:Epoch [44/100], Loss: 0.1587, Val: 0.0117
INFO:pre_training:Epoch [45/100], Loss: 0.1569, Val: 0.0113
INFO:pre_training:Epoch [46/100], Loss: 0.1541, Val: 0.0115
INFO:pre_training:Epoch [47/100], Loss: 0.1528, Val: 0.0112
INFO:pre_training:Epoch [48/100], Loss: 0.1519, Val: 0.0115
INFO:pre_training:Epoch [49/100], Loss: 0.1493, Val: 0.0113
INFO:pre_training:Epoch [50/100], Loss: 0.1488, Val: 0.0113
INFO:pre_training:Epoch [51/100], Loss: 0.1486, Val: 0.0111
INFO:pre_training:Epoch [52/100], Loss: 0.1446, Val: 0.0111
INFO:pre_training:Epoch [53/100], Loss: 0.1443, Val: 0.0111
INFO:pre_training:Epoch [54/100], Loss: 0.1454, Val: 0.0113
INFO:pre_training:Epoch [55/100], Loss: 0.1446, Val: 0.0110
INFO:pre_training:Epoch [56/100], Loss: 0.1421, Val: 0.0110
INFO:pre_training:Epoch [57/100], Loss: 0.1409, Val: 0.0110
INFO:pre_training:Epoch [58/100], Loss: 0.1406, Val: 0.0109
INFO:pre_training:Epoch [59/100], Loss: 0.1402, Val: 0.0109
INFO:pre_training:Epoch [60/100], Loss: 0.1383, Val: 0.0106
INFO:pre_training:Epoch [61/100], Loss: 0.1372, Val: 0.0111
INFO:pre_training:Epoch [62/100], Loss: 0.1366, Val: 0.0109
INFO:pre_training:Epoch [63/100], Loss: 0.1356, Val: 0.0107
INFO:pre_training:Epoch [64/100], Loss: 0.1344, Val: 0.0104
INFO:pre_training:Epoch [65/100], Loss: 0.1322, Val: 0.0106
INFO:pre_training:Epoch [66/100], Loss: 0.1312, Val: 0.0105
INFO:pre_training:Epoch [67/100], Loss: 0.1323, Val: 0.0107
INFO:pre_training:Epoch [68/100], Loss: 0.1298, Val: 0.0107
INFO:pre_training:Epoch [69/100], Loss: 0.1283, Val: 0.0108
INFO:pre_training:Epoch [70/100], Loss: 0.1280, Val: 0.0108
INFO:pre_training:Epoch [71/100], Loss: 0.1282, Val: 0.0104
INFO:pre_training:Epoch [72/100], Loss: 0.1259, Val: 0.0106
INFO:pre_training:Epoch [73/100], Loss: 0.1241, Val: 0.0106
INFO:pre_training:Epoch [74/100], Loss: 0.1241, Val: 0.0103
INFO:pre_training:Epoch [75/100], Loss: 0.1246, Val: 0.0107
INFO:pre_training:Epoch [76/100], Loss: 0.1215, Val: 0.0102
INFO:pre_training:Epoch [77/100], Loss: 0.1235, Val: 0.0106
INFO:pre_training:Epoch [78/100], Loss: 0.1216, Val: 0.0105
INFO:pre_training:Epoch [79/100], Loss: 0.1201, Val: 0.0108
INFO:pre_training:Epoch [80/100], Loss: 0.1197, Val: 0.0101
INFO:pre_training:Epoch [81/100], Loss: 0.1192, Val: 0.0102
INFO:pre_training:Epoch [82/100], Loss: 0.1174, Val: 0.0103
INFO:pre_training:Epoch [83/100], Loss: 0.1194, Val: 0.0099
INFO:pre_training:Epoch [84/100], Loss: 0.1174, Val: 0.0104
INFO:pre_training:Epoch [85/100], Loss: 0.1162, Val: 0.0103
INFO:pre_training:Epoch [86/100], Loss: 0.1161, Val: 0.0104
INFO:pre_training:Epoch [87/100], Loss: 0.1148, Val: 0.0102
INFO:pre_training:Epoch [88/100], Loss: 0.1136, Val: 0.0104
INFO:pre_training:Epoch [89/100], Loss: 0.1127, Val: 0.0105
INFO:pre_training:Epoch [90/100], Loss: 0.1144, Val: 0.0101
INFO:pre_training:Epoch [91/100], Loss: 0.1122, Val: 0.0102
INFO:pre_training:Epoch [92/100], Loss: 0.1114, Val: 0.0102
INFO:pre_training:Epoch [93/100], Loss: 0.1106, Val: 0.0101
INFO:pre_training:Epoch [94/100], Loss: 0.1097, Val: 0.0100
INFO:pre_training:Epoch [95/100], Loss: 0.1092, Val: 0.0100
INFO:pre_training:Epoch [96/100], Loss: 0.1089, Val: 0.0099
INFO:pre_training:Epoch [97/100], Loss: 0.1078, Val: 0.0104
INFO:pre_training:Epoch [98/100], Loss: 0.1077, Val: 0.0097
INFO:pre_training:Epoch [99/100], Loss: 0.1076, Val: 0.0100
INFO:pre_training:Epoch [100/100], Loss: 0.1053, Val: 0.0099
INFO:__main__:Total time taken to pre-train the model: 61.63s
INFO:__main__:Pre-training the network: Next Spectra Prediction
INFO:pre_training:Epoch 1, Average Loss: 0.5600 Validation: 0.4044
INFO:pre_training:Epoch 2, Average Loss: 0.5439 Validation: 0.4846
INFO:pre_training:Epoch 3, Average Loss: 0.5445 Validation: 0.5382
INFO:pre_training:Epoch 4, Average Loss: 0.5375 Validation: 0.6028
INFO:pre_training:Epoch 5, Average Loss: 0.5395 Validation: 0.6562
INFO:pre_training:Epoch 6, Average Loss: 0.5379 Validation: 0.5330
INFO:pre_training:Epoch 7, Average Loss: 0.5316 Validation: 0.4161
INFO:pre_training:Epoch 8, Average Loss: 0.5280 Validation: 0.4377
INFO:pre_training:Epoch 9, Average Loss: 0.5283 Validation: 0.4242
INFO:pre_training:Epoch 10, Average Loss: 0.5317 Validation: 0.4101
INFO:pre_training:Epoch 11, Average Loss: 0.5288 Validation: 0.5061
INFO:pre_training:Epoch 12, Average Loss: 0.5387 Validation: 0.4968
INFO:pre_training:Epoch 13, Average Loss: 0.5217 Validation: 0.5115
INFO:pre_training:Epoch 14, Average Loss: 0.5219 Validation: 0.2762
INFO:pre_training:Epoch 15, Average Loss: 0.5290 Validation: 0.2618
INFO:pre_training:Epoch 16, Average Loss: 0.5170 Validation: 0.2665
INFO:pre_training:Epoch 17, Average Loss: 0.5205 Validation: 0.2623
INFO:pre_training:Epoch 18, Average Loss: 0.5154 Validation: 0.3486
INFO:pre_training:Epoch 19, Average Loss: 0.5169 Validation: 0.3213
INFO:pre_training:Epoch 20, Average Loss: 0.5236 Validation: 0.6611
INFO:pre_training:Epoch 21, Average Loss: 0.5119 Validation: 0.2495
INFO:pre_training:Epoch 22, Average Loss: 0.5161 Validation: 0.3202
INFO:pre_training:Epoch 23, Average Loss: 0.5174 Validation: 0.3608
INFO:pre_training:Epoch 24, Average Loss: 0.5155 Validation: 0.2487
INFO:pre_training:Epoch 25, Average Loss: 0.5124 Validation: 0.2830
INFO:pre_training:Epoch 26, Average Loss: 0.5082 Validation: 0.2567
INFO:pre_training:Epoch 27, Average Loss: 0.5199 Validation: 0.2630
INFO:pre_training:Epoch 28, Average Loss: 0.5090 Validation: 0.2845
INFO:pre_training:Epoch 29, Average Loss: 0.5109 Validation: 0.2811
INFO:pre_training:Epoch 30, Average Loss: 0.5186 Validation: 0.3172
INFO:pre_training:Epoch 31, Average Loss: 0.5089 Validation: 0.3442
INFO:pre_training:Epoch 32, Average Loss: 0.5113 Validation: 0.2428
INFO:pre_training:Epoch 33, Average Loss: 0.5076 Validation: 0.2432
INFO:pre_training:Epoch 34, Average Loss: 0.5181 Validation: 0.2954
INFO:pre_training:Epoch 35, Average Loss: 0.5071 Validation: 0.3424
INFO:pre_training:Epoch 36, Average Loss: 0.5112 Validation: 0.2658
INFO:pre_training:Epoch 37, Average Loss: 0.5052 Validation: 0.2868
INFO:pre_training:Epoch 38, Average Loss: 0.5141 Validation: 0.2763
INFO:pre_training:Epoch 39, Average Loss: 0.5085 Validation: 0.2625
INFO:pre_training:Epoch 40, Average Loss: 0.5112 Validation: 0.2721
INFO:pre_training:Epoch 41, Average Loss: 0.5120 Validation: 0.2840
INFO:pre_training:Epoch 42, Average Loss: 0.5120 Validation: 0.2475
INFO:pre_training:Epoch 43, Average Loss: 0.5096 Validation: 0.2650
INFO:pre_training:Epoch 44, Average Loss: 0.5131 Validation: 0.2509
INFO:pre_training:Epoch 45, Average Loss: 0.5052 Validation: 0.2741
INFO:pre_training:Epoch 46, Average Loss: 0.5124 Validation: 0.4519
INFO:pre_training:Epoch 47, Average Loss: 0.5069 Validation: 0.2700
INFO:pre_training:Epoch 48, Average Loss: 0.5114 Validation: 0.2421
INFO:pre_training:Epoch 49, Average Loss: 0.5140 Validation: 0.2334
INFO:pre_training:Epoch 50, Average Loss: 0.5137 Validation: 0.2619
INFO:pre_training:Epoch 51, Average Loss: 0.5060 Validation: 0.2564
INFO:pre_training:Epoch 52, Average Loss: 0.5120 Validation: 0.2509
INFO:pre_training:Epoch 53, Average Loss: 0.5093 Validation: 0.3006
INFO:pre_training:Epoch 54, Average Loss: 0.5115 Validation: 0.3376
INFO:pre_training:Epoch 55, Average Loss: 0.5101 Validation: 0.2575
INFO:pre_training:Epoch 56, Average Loss: 0.5083 Validation: 0.4661
INFO:pre_training:Epoch 57, Average Loss: 0.5082 Validation: 0.2740
INFO:pre_training:Epoch 58, Average Loss: 0.5074 Validation: 0.2458
INFO:pre_training:Epoch 59, Average Loss: 0.5106 Validation: 0.2467
INFO:pre_training:Epoch 60, Average Loss: 0.5049 Validation: 0.2579
INFO:pre_training:Epoch 61, Average Loss: 0.5121 Validation: 0.2503
INFO:pre_training:Epoch 62, Average Loss: 0.5051 Validation: 0.3228
INFO:pre_training:Epoch 63, Average Loss: 0.5106 Validation: 0.2572
INFO:pre_training:Epoch 64, Average Loss: 0.5084 Validation: 0.3064
INFO:pre_training:Epoch 65, Average Loss: 0.5057 Validation: 0.3330
INFO:pre_training:Epoch 66, Average Loss: 0.5013 Validation: 0.2428
INFO:pre_training:Epoch 67, Average Loss: 0.5143 Validation: 0.2436
INFO:pre_training:Epoch 68, Average Loss: 0.5008 Validation: 0.2592
INFO:pre_training:Epoch 69, Average Loss: 0.5069 Validation: 0.2651
INFO:pre_training:Epoch 70, Average Loss: 0.5104 Validation: 0.3896
INFO:pre_training:Epoch 71, Average Loss: 0.5089 Validation: 0.2673
INFO:pre_training:Epoch 72, Average Loss: 0.5070 Validation: 0.2797
INFO:pre_training:Epoch 73, Average Loss: 0.5053 Validation: 0.2528
INFO:pre_training:Epoch 74, Average Loss: 0.5067 Validation: 0.2418
INFO:pre_training:Epoch 75, Average Loss: 0.4959 Validation: 0.2580
INFO:pre_training:Epoch 76, Average Loss: 0.5047 Validation: 0.2808
INFO:pre_training:Epoch 77, Average Loss: 0.5090 Validation: 0.2710
INFO:pre_training:Epoch 78, Average Loss: 0.5037 Validation: 0.2558
INFO:pre_training:Epoch 79, Average Loss: 0.5078 Validation: 0.3075
INFO:pre_training:Epoch 80, Average Loss: 0.5077 Validation: 0.2592
INFO:pre_training:Epoch 81, Average Loss: 0.5037 Validation: 0.2886
INFO:pre_training:Epoch 82, Average Loss: 0.5027 Validation: 0.2454
INFO:pre_training:Epoch 83, Average Loss: 0.5077 Validation: 0.2902
INFO:pre_training:Epoch 84, Average Loss: 0.5018 Validation: 0.3082
INFO:pre_training:Epoch 85, Average Loss: 0.5031 Validation: 0.2662
INFO:pre_training:Epoch 86, Average Loss: 0.5062 Validation: 0.3302
INFO:pre_training:Epoch 87, Average Loss: 0.5058 Validation: 0.2466
INFO:pre_training:Epoch 88, Average Loss: 0.5014 Validation: 0.3298
INFO:pre_training:Epoch 89, Average Loss: 0.5076 Validation: 0.2736
INFO:pre_training:Epoch 90, Average Loss: 0.4992 Validation: 0.3013
INFO:pre_training:Epoch 91, Average Loss: 0.5039 Validation: 0.2446
INFO:pre_training:Epoch 92, Average Loss: 0.5057 Validation: 0.2730
INFO:pre_training:Epoch 93, Average Loss: 0.5083 Validation: 0.2751
INFO:pre_training:Epoch 94, Average Loss: 0.5008 Validation: 0.2607
INFO:pre_training:Epoch 95, Average Loss: 0.5065 Validation: 0.3646
INFO:pre_training:Epoch 96, Average Loss: 0.5040 Validation: 0.3166
INFO:pre_training:Epoch 97, Average Loss: 0.5060 Validation: 0.2662
INFO:pre_training:Epoch 98, Average Loss: 0.5009 Validation: 0.2916
INFO:pre_training:Epoch 99, Average Loss: 0.5019 Validation: 0.2643
INFO:pre_training:Epoch 100, Average Loss: 0.5042 Validation: 0.3313
INFO:__main__:Total time taken to pre-train the model: 1668.12s
INFO:__main__:Training the network
INFO:train:Epoch 1/100, Train Loss: 0.6286, Train Acc: 0.6609, Val Loss: 0.5720, Val Acc: 0.7273
INFO:train:Epoch 2/100, Train Loss: 0.4980, Train Acc: 0.8333, Val Loss: 0.5479, Val Acc: 0.9091
INFO:train:Epoch 3/100, Train Loss: 0.4286, Train Acc: 0.9089, Val Loss: 0.4987, Val Acc: 0.7273
INFO:train:Epoch 4/100, Train Loss: 0.3703, Train Acc: 0.9322, Val Loss: 0.4877, Val Acc: 0.7273
INFO:train:Epoch 5/100, Train Loss: 0.3180, Train Acc: 0.9612, Val Loss: 0.4224, Val Acc: 0.8182
INFO:train:Epoch 6/100, Train Loss: 0.2860, Train Acc: 0.9845, Val Loss: 0.3909, Val Acc: 0.9091
INFO:train:Epoch 7/100, Train Loss: 0.2514, Train Acc: 0.9942, Val Loss: 0.3418, Val Acc: 0.9091
INFO:train:Epoch 8/100, Train Loss: 0.2413, Train Acc: 0.9981, Val Loss: 0.3539, Val Acc: 0.9091
INFO:train:Epoch 9/100, Train Loss: 0.2295, Train Acc: 1.0000, Val Loss: 0.3930, Val Acc: 0.9091
INFO:train:Epoch 10/100, Train Loss: 0.2267, Train Acc: 1.0000, Val Loss: 0.4036, Val Acc: 0.8182
INFO:train:Epoch 11/100, Train Loss: 0.2217, Train Acc: 1.0000, Val Loss: 0.4042, Val Acc: 0.8182
INFO:train:Epoch 12/100, Train Loss: 0.2201, Train Acc: 1.0000, Val Loss: 0.3992, Val Acc: 0.8182
INFO:train:Epoch 13/100, Train Loss: 0.2174, Train Acc: 1.0000, Val Loss: 0.4141, Val Acc: 0.8182
INFO:train:Epoch 14/100, Train Loss: 0.2159, Train Acc: 1.0000, Val Loss: 0.3986, Val Acc: 0.8182
INFO:train:Epoch 15/100, Train Loss: 0.2142, Train Acc: 1.0000, Val Loss: 0.4122, Val Acc: 0.8182
INFO:train:Epoch 16/100, Train Loss: 0.2143, Train Acc: 1.0000, Val Loss: 0.4143, Val Acc: 0.8182
INFO:train:Epoch 17/100, Train Loss: 0.2126, Train Acc: 1.0000, Val Loss: 0.4500, Val Acc: 0.8182
INFO:train:Epoch 18/100, Train Loss: 0.2112, Train Acc: 1.0000, Val Loss: 0.4484, Val Acc: 0.8182
INFO:train:Epoch 19/100, Train Loss: 0.2104, Train Acc: 1.0000, Val Loss: 0.4469, Val Acc: 0.8182
INFO:train:Epoch 20/100, Train Loss: 0.2090, Train Acc: 1.0000, Val Loss: 0.4312, Val Acc: 0.8182
INFO:train:Epoch 21/100, Train Loss: 0.2096, Train Acc: 1.0000, Val Loss: 0.4462, Val Acc: 0.8182
INFO:train:Epoch 22/100, Train Loss: 0.2087, Train Acc: 1.0000, Val Loss: 0.4366, Val Acc: 0.8182
INFO:train:Epoch 23/100, Train Loss: 0.2094, Train Acc: 1.0000, Val Loss: 0.4379, Val Acc: 0.8182
INFO:train:Epoch 24/100, Train Loss: 0.2084, Train Acc: 1.0000, Val Loss: 0.4473, Val Acc: 0.8182
INFO:train:Epoch 25/100, Train Loss: 0.2068, Train Acc: 1.0000, Val Loss: 0.4364, Val Acc: 0.8182
INFO:train:Epoch 26/100, Train Loss: 0.2065, Train Acc: 1.0000, Val Loss: 0.4508, Val Acc: 0.8182
INFO:train:Epoch 27/100, Train Loss: 0.2059, Train Acc: 1.0000, Val Loss: 0.4231, Val Acc: 0.8182
INFO:train:Epoch 28/100, Train Loss: 0.2050, Train Acc: 1.0000, Val Loss: 0.4351, Val Acc: 0.8182
INFO:train:Epoch 29/100, Train Loss: 0.2055, Train Acc: 1.0000, Val Loss: 0.4449, Val Acc: 0.8182
INFO:train:Epoch 30/100, Train Loss: 0.2051, Train Acc: 1.0000, Val Loss: 0.4539, Val Acc: 0.8182
INFO:train:Epoch 31/100, Train Loss: 0.2048, Train Acc: 1.0000, Val Loss: 0.4684, Val Acc: 0.8182
INFO:train:Epoch 32/100, Train Loss: 0.2043, Train Acc: 1.0000, Val Loss: 0.4451, Val Acc: 0.8182
INFO:train:Epoch 33/100, Train Loss: 0.2046, Train Acc: 1.0000, Val Loss: 0.4429, Val Acc: 0.8182
INFO:train:Epoch 34/100, Train Loss: 0.2037, Train Acc: 1.0000, Val Loss: 0.4918, Val Acc: 0.8182
INFO:train:Epoch 35/100, Train Loss: 0.2039, Train Acc: 1.0000, Val Loss: 0.4638, Val Acc: 0.8182
INFO:train:Epoch 36/100, Train Loss: 0.2036, Train Acc: 1.0000, Val Loss: 0.4559, Val Acc: 0.8182
INFO:train:Epoch 37/100, Train Loss: 0.2033, Train Acc: 1.0000, Val Loss: 0.4216, Val Acc: 0.8182
INFO:train:Epoch 38/100, Train Loss: 0.2032, Train Acc: 1.0000, Val Loss: 0.4185, Val Acc: 0.8182
INFO:train:Epoch 39/100, Train Loss: 0.2027, Train Acc: 1.0000, Val Loss: 0.4633, Val Acc: 0.8182
INFO:train:Epoch 40/100, Train Loss: 0.2020, Train Acc: 1.0000, Val Loss: 0.4624, Val Acc: 0.8182
INFO:train:Epoch 41/100, Train Loss: 0.2022, Train Acc: 1.0000, Val Loss: 0.4452, Val Acc: 0.8182
INFO:train:Epoch 42/100, Train Loss: 0.2021, Train Acc: 1.0000, Val Loss: 0.4396, Val Acc: 0.8182
INFO:train:Epoch 43/100, Train Loss: 0.2020, Train Acc: 1.0000, Val Loss: 0.4335, Val Acc: 0.8182
INFO:train:Epoch 44/100, Train Loss: 0.2017, Train Acc: 1.0000, Val Loss: 0.4546, Val Acc: 0.8182
INFO:train:Epoch 45/100, Train Loss: 0.2015, Train Acc: 1.0000, Val Loss: 0.4367, Val Acc: 0.8182
INFO:train:Epoch 46/100, Train Loss: 0.2019, Train Acc: 1.0000, Val Loss: 0.4555, Val Acc: 0.8182
INFO:train:Epoch 47/100, Train Loss: 0.2019, Train Acc: 1.0000, Val Loss: 0.4476, Val Acc: 0.8182
INFO:train:Epoch 48/100, Train Loss: 0.2017, Train Acc: 1.0000, Val Loss: 0.4482, Val Acc: 0.8182
INFO:train:Epoch 49/100, Train Loss: 0.2012, Train Acc: 1.0000, Val Loss: 0.4510, Val Acc: 0.8182
INFO:train:Epoch 50/100, Train Loss: 0.2013, Train Acc: 1.0000, Val Loss: 0.4297, Val Acc: 0.8182
INFO:train:Epoch 51/100, Train Loss: 0.2015, Train Acc: 1.0000, Val Loss: 0.4516, Val Acc: 0.8182
INFO:train:Epoch 52/100, Train Loss: 0.2013, Train Acc: 1.0000, Val Loss: 0.4332, Val Acc: 0.8182
INFO:train:Epoch 53/100, Train Loss: 0.2015, Train Acc: 1.0000, Val Loss: 0.4384, Val Acc: 0.8182
INFO:train:Epoch 54/100, Train Loss: 0.2013, Train Acc: 1.0000, Val Loss: 0.4222, Val Acc: 0.8182
INFO:train:Epoch 55/100, Train Loss: 0.2013, Train Acc: 1.0000, Val Loss: 0.4600, Val Acc: 0.8182
INFO:train:Epoch 56/100, Train Loss: 0.2014, Train Acc: 1.0000, Val Loss: 0.4417, Val Acc: 0.8182
INFO:train:Epoch 57/100, Train Loss: 0.2011, Train Acc: 1.0000, Val Loss: 0.4463, Val Acc: 0.8182
INFO:train:Epoch 58/100, Train Loss: 0.2009, Train Acc: 1.0000, Val Loss: 0.4245, Val Acc: 0.8182
INFO:train:Epoch 59/100, Train Loss: 0.2009, Train Acc: 1.0000, Val Loss: 0.4328, Val Acc: 0.8182
INFO:train:Epoch 60/100, Train Loss: 0.2007, Train Acc: 1.0000, Val Loss: 0.4301, Val Acc: 0.8182
INFO:train:Epoch 61/100, Train Loss: 0.2007, Train Acc: 1.0000, Val Loss: 0.4328, Val Acc: 0.8182
INFO:train:Epoch 62/100, Train Loss: 0.2006, Train Acc: 1.0000, Val Loss: 0.4283, Val Acc: 0.8182
INFO:train:Epoch 63/100, Train Loss: 0.2007, Train Acc: 1.0000, Val Loss: 0.4416, Val Acc: 0.8182
INFO:train:Epoch 64/100, Train Loss: 0.2007, Train Acc: 1.0000, Val Loss: 0.4397, Val Acc: 0.8182
INFO:train:Epoch 65/100, Train Loss: 0.2005, Train Acc: 1.0000, Val Loss: 0.4365, Val Acc: 0.8182
INFO:train:Epoch 66/100, Train Loss: 0.2006, Train Acc: 1.0000, Val Loss: 0.4257, Val Acc: 0.8182
INFO:train:Epoch 67/100, Train Loss: 0.2008, Train Acc: 1.0000, Val Loss: 0.4311, Val Acc: 0.8182
INFO:train:Epoch 68/100, Train Loss: 0.2007, Train Acc: 1.0000, Val Loss: 0.4362, Val Acc: 0.8182
INFO:train:Epoch 69/100, Train Loss: 0.2009, Train Acc: 1.0000, Val Loss: 0.4483, Val Acc: 0.8182
INFO:train:Epoch 70/100, Train Loss: 0.2008, Train Acc: 1.0000, Val Loss: 0.4273, Val Acc: 0.8182
INFO:train:Epoch 71/100, Train Loss: 0.2006, Train Acc: 1.0000, Val Loss: 0.4284, Val Acc: 0.8182
INFO:train:Epoch 72/100, Train Loss: 0.2003, Train Acc: 1.0000, Val Loss: 0.4413, Val Acc: 0.8182
INFO:train:Epoch 73/100, Train Loss: 0.2008, Train Acc: 1.0000, Val Loss: 0.4365, Val Acc: 0.8182
INFO:train:Epoch 74/100, Train Loss: 0.2004, Train Acc: 1.0000, Val Loss: 0.4426, Val Acc: 0.8182
INFO:train:Epoch 75/100, Train Loss: 0.2009, Train Acc: 1.0000, Val Loss: 0.4235, Val Acc: 0.8182
INFO:train:Epoch 76/100, Train Loss: 0.2007, Train Acc: 1.0000, Val Loss: 0.4237, Val Acc: 0.8182
INFO:train:Epoch 77/100, Train Loss: 0.2003, Train Acc: 1.0000, Val Loss: 0.4191, Val Acc: 0.8182
INFO:train:Epoch 78/100, Train Loss: 0.2007, Train Acc: 1.0000, Val Loss: 0.4485, Val Acc: 0.8182
INFO:train:Epoch 79/100, Train Loss: 0.2006, Train Acc: 1.0000, Val Loss: 0.4120, Val Acc: 0.8182
INFO:train:Epoch 80/100, Train Loss: 0.2009, Train Acc: 1.0000, Val Loss: 0.4395, Val Acc: 0.8182
INFO:train:Epoch 81/100, Train Loss: 0.2006, Train Acc: 1.0000, Val Loss: 0.4110, Val Acc: 0.8182
INFO:train:Epoch 82/100, Train Loss: 0.2008, Train Acc: 1.0000, Val Loss: 0.4355, Val Acc: 0.8182
INFO:train:Epoch 83/100, Train Loss: 0.2007, Train Acc: 1.0000, Val Loss: 0.4063, Val Acc: 0.8182
INFO:train:Epoch 84/100, Train Loss: 0.2003, Train Acc: 1.0000, Val Loss: 0.4212, Val Acc: 0.8182
INFO:train:Epoch 85/100, Train Loss: 0.2003, Train Acc: 1.0000, Val Loss: 0.4256, Val Acc: 0.8182
INFO:train:Epoch 86/100, Train Loss: 0.2002, Train Acc: 1.0000, Val Loss: 0.4354, Val Acc: 0.8182
INFO:train:Epoch 87/100, Train Loss: 0.2004, Train Acc: 1.0000, Val Loss: 0.4169, Val Acc: 0.8182
INFO:train:Epoch 88/100, Train Loss: 0.2004, Train Acc: 1.0000, Val Loss: 0.4262, Val Acc: 0.8182
INFO:train:Epoch 89/100, Train Loss: 0.2003, Train Acc: 1.0000, Val Loss: 0.4222, Val Acc: 0.8182
INFO:train:Epoch 90/100, Train Loss: 0.2005, Train Acc: 1.0000, Val Loss: 0.4349, Val Acc: 0.8182
INFO:train:Epoch 91/100, Train Loss: 0.2004, Train Acc: 1.0000, Val Loss: 0.4033, Val Acc: 0.8182
INFO:train:Epoch 92/100, Train Loss: 0.2002, Train Acc: 1.0000, Val Loss: 0.4172, Val Acc: 0.8182
INFO:train:Epoch 93/100, Train Loss: 0.2001, Train Acc: 1.0000, Val Loss: 0.4172, Val Acc: 0.8182
INFO:train:Epoch 94/100, Train Loss: 0.2003, Train Acc: 1.0000, Val Loss: 0.4300, Val Acc: 0.8182
INFO:train:Epoch 95/100, Train Loss: 0.2004, Train Acc: 1.0000, Val Loss: 0.4159, Val Acc: 0.8182
INFO:train:Epoch 96/100, Train Loss: 0.2002, Train Acc: 1.0000, Val Loss: 0.4335, Val Acc: 0.8182
INFO:train:Epoch 97/100, Train Loss: 0.2001, Train Acc: 1.0000, Val Loss: 0.4158, Val Acc: 0.8182
INFO:train:Epoch 98/100, Train Loss: 0.2001, Train Acc: 1.0000, Val Loss: 0.4289, Val Acc: 0.8182
INFO:train:Epoch 99/100, Train Loss: 0.1999, Train Acc: 1.0000, Val Loss: 0.4114, Val Acc: 0.8182
INFO:train:Epoch 100/100, Train Loss: 0.1999, Train Acc: 1.0000, Val Loss: 0.4321, Val Acc: 0.8182
INFO:plot:Saving attention map to: figures/model_accuracy.png
INFO:__main__:Total time taken to train the model: 62.55s
INFO:__main__:train got 64 / 64 correct, accuracy: 1.0
INFO:plot:Saving cofusion matrix map to: figures/train_confusion_matrix.png
INFO:__main__:train got 64 / 64 correct, accuracy: 1.0
INFO:plot:Saving cofusion matrix map to: figures/train_confusion_matrix.png
INFO:__main__:train got 64 / 64 correct, accuracy: 1.0
INFO:plot:Saving cofusion matrix map to: figures/train_confusion_matrix.png
INFO:__main__:train got 64 / 64 correct, accuracy: 1.0
INFO:plot:Saving cofusion matrix map to: figures/train_confusion_matrix.png
INFO:__main__:train got 64 / 64 correct, accuracy: 1.0
INFO:plot:Saving cofusion matrix map to: figures/train_confusion_matrix.png
INFO:__main__:train got 64 / 64 correct, accuracy: 1.0
INFO:plot:Saving cofusion matrix map to: figures/train_confusion_matrix.png
INFO:__main__:train got 64 / 64 correct, accuracy: 1.0
INFO:plot:Saving cofusion matrix map to: figures/train_confusion_matrix.png
INFO:__main__:train got 64 / 64 correct, accuracy: 1.0
INFO:plot:Saving cofusion matrix map to: figures/train_confusion_matrix.png
INFO:__main__:train got 4 / 4 correct, accuracy: 1.0
INFO:plot:Saving cofusion matrix map to: figures/train_confusion_matrix.png
INFO:__main__:validation got 9 / 11 correct, accuracy: 0.8181818181818182
INFO:plot:Saving cofusion matrix map to: figures/validation_confusion_matrix.png
INFO:__main__:test got 10 / 11 correct, accuracy: 0.9090909090909091
INFO:plot:Saving cofusion matrix map to: figures/test_confusion_matrix.png
INFO:plot:Saving attention map to: figures/encoder_attention_map.png
INFO:plot:Saving attention map to: figures/decoder_attention_map.png
