INFO:__main__:Dataset: part
INFO:train:Epoch 1/1000 	Train Loss: 2.0492, Train Acc: 0.1250	 Val Loss: 1.9506, Val Acc: 0.3333
INFO:train:Epoch 2/1000 	Train Loss: 1.7251, Train Acc: 0.2917	 Val Loss: 1.9060, Val Acc: 0.1667
INFO:train:Epoch 3/1000 	Train Loss: 1.5976, Train Acc: 0.4583	 Val Loss: 1.8073, Val Acc: 0.1667
INFO:train:Epoch 4/1000 	Train Loss: 1.5817, Train Acc: 0.4583	 Val Loss: 1.6676, Val Acc: 0.1667
INFO:train:Epoch 5/1000 	Train Loss: 1.3485, Train Acc: 0.7500	 Val Loss: 1.5363, Val Acc: 0.3333
INFO:train:Epoch 6/1000 	Train Loss: 1.2963, Train Acc: 0.7083	 Val Loss: 1.4132, Val Acc: 0.3333
INFO:train:Epoch 7/1000 	Train Loss: 1.1487, Train Acc: 0.6667	 Val Loss: 1.3175, Val Acc: 0.5000
INFO:train:Epoch 8/1000 	Train Loss: 1.1943, Train Acc: 0.6667	 Val Loss: 1.2719, Val Acc: 0.5000
INFO:train:Epoch 9/1000 	Train Loss: 1.0469, Train Acc: 0.7500	 Val Loss: 1.2665, Val Acc: 0.5000
INFO:train:Epoch 10/1000 	Train Loss: 1.0395, Train Acc: 0.7083	 Val Loss: 1.2816, Val Acc: 0.6667
INFO:train:Epoch 11/1000 	Train Loss: 0.9425, Train Acc: 0.7917	 Val Loss: 1.3058, Val Acc: 0.6667
INFO:train:Epoch 12/1000 	Train Loss: 0.8833, Train Acc: 0.8333	 Val Loss: 1.3326, Val Acc: 0.5000
INFO:train:Epoch 13/1000 	Train Loss: 0.8102, Train Acc: 0.9167	 Val Loss: 1.3535, Val Acc: 0.5000
INFO:train:Epoch 14/1000 	Train Loss: 0.8255, Train Acc: 0.8750	 Val Loss: 1.3743, Val Acc: 0.5000
INFO:train:Epoch 15/1000 	Train Loss: 0.7804, Train Acc: 0.9167	 Val Loss: 1.4051, Val Acc: 0.5000
INFO:train:Epoch 16/1000 	Train Loss: 0.7256, Train Acc: 0.9167	 Val Loss: 1.4360, Val Acc: 0.5000
INFO:train:Epoch 17/1000 	Train Loss: 0.7395, Train Acc: 0.8333	 Val Loss: 1.4539, Val Acc: 0.5000
INFO:train:Epoch 18/1000 	Train Loss: 0.7609, Train Acc: 0.8333	 Val Loss: 1.4752, Val Acc: 0.5000
INFO:train:Epoch 19/1000 	Train Loss: 0.6635, Train Acc: 0.8750	 Val Loss: 1.5056, Val Acc: 0.5000
INFO:train:Epoch 20/1000 	Train Loss: 0.7207, Train Acc: 0.8750	 Val Loss: 1.5512, Val Acc: 0.3333
INFO:train:Epoch 21/1000 	Train Loss: 0.6488, Train Acc: 0.9167	 Val Loss: 1.6004, Val Acc: 0.3333
INFO:train:Epoch 22/1000 	Train Loss: 0.6762, Train Acc: 0.9167	 Val Loss: 1.6436, Val Acc: 0.3333
INFO:train:Epoch 23/1000 	Train Loss: 0.6106, Train Acc: 0.9167	 Val Loss: 1.6662, Val Acc: 0.3333
INFO:train:Epoch 24/1000 	Train Loss: 0.5936, Train Acc: 0.9583	 Val Loss: 1.6779, Val Acc: 0.5000
INFO:train:Epoch 25/1000 	Train Loss: 0.6270, Train Acc: 0.9583	 Val Loss: 1.7010, Val Acc: 0.5000
INFO:train:Epoch 26/1000 	Train Loss: 0.5430, Train Acc: 1.0000	 Val Loss: 1.7138, Val Acc: 0.5000
INFO:train:Epoch 27/1000 	Train Loss: 0.6097, Train Acc: 0.9583	 Val Loss: 1.7236, Val Acc: 0.5000
INFO:train:Epoch 28/1000 	Train Loss: 0.5883, Train Acc: 0.9583	 Val Loss: 1.7141, Val Acc: 0.5000
INFO:train:Epoch 29/1000 	Train Loss: 0.5668, Train Acc: 0.9583	 Val Loss: 1.7141, Val Acc: 0.5000
INFO:train:Epoch 30/1000 	Train Loss: 0.5436, Train Acc: 0.9583	 Val Loss: 1.7200, Val Acc: 0.5000
INFO:train:Epoch 31/1000 	Train Loss: 0.5440, Train Acc: 0.9583	 Val Loss: 1.7342, Val Acc: 0.5000
INFO:train:Epoch 32/1000 	Train Loss: 0.5476, Train Acc: 0.9583	 Val Loss: 1.7445, Val Acc: 0.5000
INFO:train:Epoch 33/1000 	Train Loss: 0.5384, Train Acc: 1.0000	 Val Loss: 1.7719, Val Acc: 0.5000
INFO:train:Epoch 34/1000 	Train Loss: 0.5189, Train Acc: 0.9583	 Val Loss: 1.7844, Val Acc: 0.5000
INFO:train:Epoch 35/1000 	Train Loss: 0.5257, Train Acc: 0.9583	 Val Loss: 1.7671, Val Acc: 0.5000
INFO:train:Epoch 36/1000 	Train Loss: 0.5155, Train Acc: 0.9583	 Val Loss: 1.7387, Val Acc: 0.5000
INFO:train:Epoch 37/1000 	Train Loss: 0.5343, Train Acc: 0.9583	 Val Loss: 1.7282, Val Acc: 0.5000
INFO:train:Epoch 38/1000 	Train Loss: 0.5529, Train Acc: 0.9583	 Val Loss: 1.7195, Val Acc: 0.5000
INFO:train:Epoch 39/1000 	Train Loss: 0.5320, Train Acc: 0.9583	 Val Loss: 1.7224, Val Acc: 0.5000
INFO:train:Epoch 40/1000 	Train Loss: 0.5117, Train Acc: 1.0000	 Val Loss: 1.7430, Val Acc: 0.5000
INFO:train:Epoch 41/1000 	Train Loss: 0.4760, Train Acc: 1.0000	 Val Loss: 1.7680, Val Acc: 0.5000
INFO:train:Epoch 42/1000 	Train Loss: 0.5043, Train Acc: 1.0000	 Val Loss: 1.8115, Val Acc: 0.5000
INFO:train:Epoch 43/1000 	Train Loss: 0.5028, Train Acc: 0.9583	 Val Loss: 1.8306, Val Acc: 0.5000
INFO:train:Epoch 44/1000 	Train Loss: 0.4992, Train Acc: 1.0000	 Val Loss: 1.8175, Val Acc: 0.5000
INFO:train:Epoch 45/1000 	Train Loss: 0.5038, Train Acc: 1.0000	 Val Loss: 1.7839, Val Acc: 0.5000
INFO:train:Epoch 46/1000 	Train Loss: 0.5257, Train Acc: 0.9583	 Val Loss: 1.7582, Val Acc: 0.5000
INFO:train:Epoch 47/1000 	Train Loss: 0.5203, Train Acc: 0.9583	 Val Loss: 1.7474, Val Acc: 0.5000
INFO:train:Epoch 48/1000 	Train Loss: 0.4769, Train Acc: 1.0000	 Val Loss: 1.7582, Val Acc: 0.5000
INFO:train:Epoch 49/1000 	Train Loss: 0.4747, Train Acc: 1.0000	 Val Loss: 1.7771, Val Acc: 0.5000
INFO:train:Epoch 50/1000 	Train Loss: 0.4934, Train Acc: 1.0000	 Val Loss: 1.8190, Val Acc: 0.5000
INFO:train:Epoch 51/1000 	Train Loss: 0.4806, Train Acc: 1.0000	 Val Loss: 1.8682, Val Acc: 0.5000
INFO:train:Epoch 52/1000 	Train Loss: 0.4864, Train Acc: 1.0000	 Val Loss: 1.8777, Val Acc: 0.5000
INFO:train:Epoch 53/1000 	Train Loss: 0.4983, Train Acc: 0.9583	 Val Loss: 1.8497, Val Acc: 0.5000
INFO:train:Epoch 54/1000 	Train Loss: 0.4812, Train Acc: 1.0000	 Val Loss: 1.8182, Val Acc: 0.5000
INFO:train:Epoch 55/1000 	Train Loss: 0.4812, Train Acc: 1.0000	 Val Loss: 1.8044, Val Acc: 0.5000
INFO:train:Epoch 56/1000 	Train Loss: 0.4617, Train Acc: 1.0000	 Val Loss: 1.7771, Val Acc: 0.5000
INFO:train:Epoch 57/1000 	Train Loss: 0.4683, Train Acc: 1.0000	 Val Loss: 1.7490, Val Acc: 0.5000
INFO:train:Epoch 58/1000 	Train Loss: 0.4728, Train Acc: 1.0000	 Val Loss: 1.7351, Val Acc: 0.5000
INFO:train:Epoch 59/1000 	Train Loss: 0.4923, Train Acc: 1.0000	 Val Loss: 1.7373, Val Acc: 0.5000
INFO:train:Epoch 60/1000 	Train Loss: 0.4538, Train Acc: 1.0000	 Val Loss: 1.7477, Val Acc: 0.5000
INFO:train:Epoch 61/1000 	Train Loss: 0.4649, Train Acc: 1.0000	 Val Loss: 1.7580, Val Acc: 0.5000
INFO:train:Epoch 62/1000 	Train Loss: 0.4553, Train Acc: 1.0000	 Val Loss: 1.7666, Val Acc: 0.5000
INFO:train:Epoch 63/1000 	Train Loss: 0.4612, Train Acc: 1.0000	 Val Loss: 1.7633, Val Acc: 0.5000
INFO:train:Early stopping triggered after 63 epochs
INFO:plot:Saving attention map to: figures/model_accuracy.png
INFO:__main__:Best model saved to checkpoints/LSTM_checkpoint_9.pth
INFO:train:train got 24 / 24 correct, accuracy: 1.0
INFO:plot:Saving cofusion matrix map to: figures/train_confusion_matrix.png
INFO:train:Total time taken evaluate on train set the model: 0.11s
INFO:train:validation got 3 / 6 correct, accuracy: 0.5
INFO:plot:Saving cofusion matrix map to: figures/validation_confusion_matrix.png
INFO:train:Total time taken evaluate on validation set the model: 0.20s
