INFO:__main__:Reading the dataset: fish oil_simple
INFO:__main__:model: Transformer(
  (encoder): Encoder(
    (layers): ModuleList(
      (0-2): 3 x EncoderLayer(
        (self_attention): MultiHeadAttention(
          (query): Linear(in_features=1023, out_features=1023, bias=True)
          (key): Linear(in_features=1023, out_features=1023, bias=True)
          (value): Linear(in_features=1023, out_features=1023, bias=True)
          (fc_out): Linear(in_features=1023, out_features=1023, bias=True)
        )
        (feed_forward): FeedForward(
          (fc1): Linear(in_features=1023, out_features=128, bias=True)
          (fc2): Linear(in_features=128, out_features=1023, bias=True)
          (dropout): Dropout(p=0.2, inplace=False)
        )
        (norm1): LayerNorm((1023,), eps=1e-05, elementwise_affine=True)
        (norm2): LayerNorm((1023,), eps=1e-05, elementwise_affine=True)
        (dropout1): Dropout(p=0.2, inplace=False)
        (dropout2): Dropout(p=0.2, inplace=False)
      )
    )
  )
  (decoder): Decoder(
    (layers): ModuleList(
      (0-2): 3 x DecoderLayer(
        (self_attention): MultiHeadAttention(
          (query): Linear(in_features=1023, out_features=1023, bias=True)
          (key): Linear(in_features=1023, out_features=1023, bias=True)
          (value): Linear(in_features=1023, out_features=1023, bias=True)
          (fc_out): Linear(in_features=1023, out_features=1023, bias=True)
        )
        (cross_attention): MultiHeadAttention(
          (query): Linear(in_features=1023, out_features=1023, bias=True)
          (key): Linear(in_features=1023, out_features=1023, bias=True)
          (value): Linear(in_features=1023, out_features=1023, bias=True)
          (fc_out): Linear(in_features=1023, out_features=1023, bias=True)
        )
        (feed_forward): FeedForward(
          (fc1): Linear(in_features=1023, out_features=128, bias=True)
          (fc2): Linear(in_features=128, out_features=1023, bias=True)
          (dropout): Dropout(p=0.2, inplace=False)
        )
        (norm1): LayerNorm((1023,), eps=1e-05, elementwise_affine=True)
        (norm2): LayerNorm((1023,), eps=1e-05, elementwise_affine=True)
        (norm3): LayerNorm((1023,), eps=1e-05, elementwise_affine=True)
        (dropout1): Dropout(p=0.2, inplace=False)
        (dropout2): Dropout(p=0.2, inplace=False)
        (dropout3): Dropout(p=0.2, inplace=False)
      )
    )
  )
  (fc): Linear(in_features=1023, out_features=1023, bias=True)
)
INFO:__main__:Pre-training the network: Masked Spectra Modelling
INFO:pre_training:Epoch [1/100], Loss: 0.0855, Val: 0.0025
INFO:pre_training:Epoch [2/100], Loss: 0.0711, Val: 0.0021
INFO:pre_training:Epoch [3/100], Loss: 0.0619, Val: 0.0018
INFO:pre_training:Epoch [4/100], Loss: 0.0544, Val: 0.0015
INFO:pre_training:Epoch [5/100], Loss: 0.0491, Val: 0.0013
INFO:pre_training:Epoch [6/100], Loss: 0.0450, Val: 0.0012
INFO:pre_training:Epoch [7/100], Loss: 0.0420, Val: 0.0011
INFO:pre_training:Epoch [8/100], Loss: 0.0397, Val: 0.0010
INFO:pre_training:Epoch [9/100], Loss: 0.0377, Val: 0.0010
INFO:pre_training:Epoch [10/100], Loss: 0.0361, Val: 0.0009
INFO:pre_training:Epoch [11/100], Loss: 0.0347, Val: 0.0009
INFO:pre_training:Epoch [12/100], Loss: 0.0333, Val: 0.0009
INFO:pre_training:Epoch [13/100], Loss: 0.0321, Val: 0.0009
INFO:pre_training:Epoch [14/100], Loss: 0.0311, Val: 0.0008
INFO:pre_training:Epoch [15/100], Loss: 0.0302, Val: 0.0008
INFO:pre_training:Epoch [16/100], Loss: 0.0292, Val: 0.0008
INFO:pre_training:Epoch [17/100], Loss: 0.0284, Val: 0.0007
INFO:pre_training:Epoch [18/100], Loss: 0.0275, Val: 0.0008
INFO:pre_training:Epoch [19/100], Loss: 0.0268, Val: 0.0007
INFO:pre_training:Epoch [20/100], Loss: 0.0262, Val: 0.0010
INFO:pre_training:Epoch [21/100], Loss: 0.0255, Val: 0.0007
INFO:pre_training:Epoch [22/100], Loss: 0.0248, Val: 0.0007
INFO:pre_training:Epoch [23/100], Loss: 0.0243, Val: 0.0007
INFO:pre_training:Epoch [24/100], Loss: 0.0237, Val: 0.0007
INFO:pre_training:Epoch [25/100], Loss: 0.0231, Val: 0.0006
INFO:pre_training:Epoch [26/100], Loss: 0.0227, Val: 0.0006
INFO:pre_training:Epoch [27/100], Loss: 0.0221, Val: 0.0006
INFO:pre_training:Epoch [28/100], Loss: 0.0216, Val: 0.0006
INFO:pre_training:Epoch [29/100], Loss: 0.0211, Val: 0.0009
INFO:pre_training:Epoch [30/100], Loss: 0.0207, Val: 0.0006
INFO:pre_training:Epoch [31/100], Loss: 0.0202, Val: 0.0006
INFO:pre_training:Epoch [32/100], Loss: 0.0199, Val: 0.0006
INFO:pre_training:Epoch [33/100], Loss: 0.0195, Val: 0.0006
INFO:pre_training:Epoch [34/100], Loss: 0.0191, Val: 0.0006
INFO:pre_training:Epoch [35/100], Loss: 0.0188, Val: 0.0005
INFO:pre_training:Epoch [36/100], Loss: 0.0184, Val: 0.0005
INFO:pre_training:Epoch [37/100], Loss: 0.0180, Val: 0.0005
INFO:pre_training:Epoch [38/100], Loss: 0.0178, Val: 0.0005
INFO:pre_training:Epoch [39/100], Loss: 0.0174, Val: 0.0005
INFO:pre_training:Epoch [40/100], Loss: 0.0171, Val: 0.0005
INFO:pre_training:Epoch [41/100], Loss: 0.0168, Val: 0.0005
INFO:pre_training:Epoch [42/100], Loss: 0.0164, Val: 0.0005
INFO:pre_training:Epoch [43/100], Loss: 0.0162, Val: 0.0005
INFO:pre_training:Epoch [44/100], Loss: 0.0159, Val: 0.0005
INFO:pre_training:Epoch [45/100], Loss: 0.0157, Val: 0.0005
INFO:pre_training:Epoch [46/100], Loss: 0.0154, Val: 0.0004
INFO:pre_training:Epoch [47/100], Loss: 0.0152, Val: 0.0004
INFO:pre_training:Epoch [48/100], Loss: 0.0149, Val: 0.0005
INFO:pre_training:Epoch [49/100], Loss: 0.0146, Val: 0.0004
INFO:pre_training:Epoch [50/100], Loss: 0.0144, Val: 0.0004
INFO:pre_training:Epoch [51/100], Loss: 0.0142, Val: 0.0004
INFO:pre_training:Epoch [52/100], Loss: 0.0140, Val: 0.0005
INFO:pre_training:Epoch [53/100], Loss: 0.0137, Val: 0.0004
INFO:pre_training:Epoch [54/100], Loss: 0.0136, Val: 0.0004
INFO:pre_training:Epoch [55/100], Loss: 0.0134, Val: 0.0004
INFO:pre_training:Epoch [56/100], Loss: 0.0131, Val: 0.0004
INFO:pre_training:Epoch [57/100], Loss: 0.0130, Val: 0.0004
INFO:pre_training:Epoch [58/100], Loss: 0.0128, Val: 0.0004
INFO:pre_training:Epoch [59/100], Loss: 0.0126, Val: 0.0006
INFO:pre_training:Epoch [60/100], Loss: 0.0124, Val: 0.0004
INFO:pre_training:Epoch [61/100], Loss: 0.0122, Val: 0.0004
INFO:pre_training:Epoch [62/100], Loss: 0.0121, Val: 0.0004
INFO:pre_training:Epoch [63/100], Loss: 0.0119, Val: 0.0004
INFO:pre_training:Epoch [64/100], Loss: 0.0117, Val: 0.0004
INFO:pre_training:Epoch [65/100], Loss: 0.0116, Val: 0.0004
INFO:pre_training:Epoch [66/100], Loss: 0.0114, Val: 0.0004
INFO:pre_training:Epoch [67/100], Loss: 0.0112, Val: 0.0004
INFO:pre_training:Epoch [68/100], Loss: 0.0111, Val: 0.0004
INFO:pre_training:Epoch [69/100], Loss: 0.0110, Val: 0.0004
INFO:pre_training:Epoch [70/100], Loss: 0.0108, Val: 0.0004
INFO:pre_training:Epoch [71/100], Loss: 0.0107, Val: 0.0004
INFO:pre_training:Epoch [72/100], Loss: 0.0105, Val: 0.0004
INFO:pre_training:Epoch [73/100], Loss: 0.0104, Val: 0.0004
INFO:pre_training:Epoch [74/100], Loss: 0.0103, Val: 0.0006
INFO:pre_training:Epoch [75/100], Loss: 0.0102, Val: 0.0003
INFO:pre_training:Epoch [76/100], Loss: 0.0101, Val: 0.0006
INFO:pre_training:Epoch [77/100], Loss: 0.0099, Val: 0.0003
INFO:pre_training:Epoch [78/100], Loss: 0.0098, Val: 0.0003
INFO:pre_training:Epoch [79/100], Loss: 0.0096, Val: 0.0003
INFO:pre_training:Epoch [80/100], Loss: 0.0095, Val: 0.0003
INFO:pre_training:Epoch [81/100], Loss: 0.0094, Val: 0.0003
INFO:pre_training:Epoch [82/100], Loss: 0.0093, Val: 0.0003
INFO:pre_training:Epoch [83/100], Loss: 0.0092, Val: 0.0003
INFO:pre_training:Epoch [84/100], Loss: 0.0091, Val: 0.0003
INFO:pre_training:Epoch [85/100], Loss: 0.0090, Val: 0.0003
INFO:pre_training:Epoch [86/100], Loss: 0.0089, Val: 0.0003
INFO:pre_training:Epoch [87/100], Loss: 0.0088, Val: 0.0003
INFO:pre_training:Epoch [88/100], Loss: 0.0086, Val: 0.0003
INFO:pre_training:Epoch [89/100], Loss: 0.0086, Val: 0.0003
INFO:pre_training:Epoch [90/100], Loss: 0.0085, Val: 0.0003
INFO:pre_training:Epoch [91/100], Loss: 0.0084, Val: 0.0003
INFO:pre_training:Epoch [92/100], Loss: 0.0083, Val: 0.0003
INFO:pre_training:Epoch [93/100], Loss: 0.0082, Val: 0.0003
INFO:pre_training:Epoch [94/100], Loss: 0.0081, Val: 0.0003
INFO:pre_training:Epoch [95/100], Loss: 0.0080, Val: 0.0003
INFO:pre_training:Epoch [96/100], Loss: 0.0079, Val: 0.0003
INFO:pre_training:Epoch [97/100], Loss: 0.0078, Val: 0.0003
INFO:pre_training:Epoch [98/100], Loss: 0.0078, Val: 0.0003
INFO:pre_training:Epoch [99/100], Loss: 0.0077, Val: 0.0003
INFO:pre_training:Epoch [100/100], Loss: 0.0076, Val: 0.0003
INFO:__main__:Total time taken to pre-train the model: 215.07s
INFO:__main__:model: Transformer(
  (encoder): Encoder(
    (layers): ModuleList(
      (0-2): 3 x EncoderLayer(
        (self_attention): MultiHeadAttention(
          (query): Linear(in_features=1023, out_features=1023, bias=True)
          (key): Linear(in_features=1023, out_features=1023, bias=True)
          (value): Linear(in_features=1023, out_features=1023, bias=True)
          (fc_out): Linear(in_features=1023, out_features=1023, bias=True)
        )
        (feed_forward): FeedForward(
          (fc1): Linear(in_features=1023, out_features=128, bias=True)
          (fc2): Linear(in_features=128, out_features=1023, bias=True)
          (dropout): Dropout(p=0.2, inplace=False)
        )
        (norm1): LayerNorm((1023,), eps=1e-05, elementwise_affine=True)
        (norm2): LayerNorm((1023,), eps=1e-05, elementwise_affine=True)
        (dropout1): Dropout(p=0.2, inplace=False)
        (dropout2): Dropout(p=0.2, inplace=False)
      )
    )
  )
  (decoder): Decoder(
    (layers): ModuleList(
      (0-2): 3 x DecoderLayer(
        (self_attention): MultiHeadAttention(
          (query): Linear(in_features=1023, out_features=1023, bias=True)
          (key): Linear(in_features=1023, out_features=1023, bias=True)
          (value): Linear(in_features=1023, out_features=1023, bias=True)
          (fc_out): Linear(in_features=1023, out_features=1023, bias=True)
        )
        (cross_attention): MultiHeadAttention(
          (query): Linear(in_features=1023, out_features=1023, bias=True)
          (key): Linear(in_features=1023, out_features=1023, bias=True)
          (value): Linear(in_features=1023, out_features=1023, bias=True)
          (fc_out): Linear(in_features=1023, out_features=1023, bias=True)
        )
        (feed_forward): FeedForward(
          (fc1): Linear(in_features=1023, out_features=128, bias=True)
          (fc2): Linear(in_features=128, out_features=1023, bias=True)
          (dropout): Dropout(p=0.2, inplace=False)
        )
        (norm1): LayerNorm((1023,), eps=1e-05, elementwise_affine=True)
        (norm2): LayerNorm((1023,), eps=1e-05, elementwise_affine=True)
        (norm3): LayerNorm((1023,), eps=1e-05, elementwise_affine=True)
        (dropout1): Dropout(p=0.2, inplace=False)
        (dropout2): Dropout(p=0.2, inplace=False)
        (dropout3): Dropout(p=0.2, inplace=False)
      )
    )
  )
  (fc): Linear(in_features=1023, out_features=2, bias=True)
)
INFO:__main__:Training the network
INFO:train:Epoch 1/100, Train Loss: 0.6538, Train Acc: 0.6024, Val Loss: 0.6026, Val Acc: 0.6429
INFO:train:Epoch 2/100, Train Loss: 0.5438, Train Acc: 0.7661, Val Loss: 0.5632, Val Acc: 0.7500
INFO:train:Epoch 3/100, Train Loss: 0.4519, Train Acc: 0.8513, Val Loss: 0.5818, Val Acc: 0.6964
INFO:train:Epoch 4/100, Train Loss: 0.3312, Train Acc: 0.9544, Val Loss: 0.5550, Val Acc: 0.8214
INFO:train:Epoch 5/100, Train Loss: 0.2530, Train Acc: 0.9918, Val Loss: 0.7072, Val Acc: 0.7321
INFO:train:Epoch 6/100, Train Loss: 0.2244, Train Acc: 0.9993, Val Loss: 0.6942, Val Acc: 0.7143
INFO:train:Epoch 7/100, Train Loss: 0.2182, Train Acc: 1.0000, Val Loss: 0.7363, Val Acc: 0.6964
INFO:train:Epoch 8/100, Train Loss: 0.2144, Train Acc: 1.0000, Val Loss: 0.7573, Val Acc: 0.6964
INFO:train:Epoch 9/100, Train Loss: 0.2097, Train Acc: 1.0000, Val Loss: 0.8387, Val Acc: 0.6607
INFO:train:Epoch 10/100, Train Loss: 0.2076, Train Acc: 1.0000, Val Loss: 0.8114, Val Acc: 0.6429
INFO:train:Epoch 11/100, Train Loss: 0.2069, Train Acc: 1.0000, Val Loss: 0.8754, Val Acc: 0.6429
INFO:train:Epoch 12/100, Train Loss: 0.2051, Train Acc: 1.0000, Val Loss: 0.8123, Val Acc: 0.6429
INFO:train:Epoch 13/100, Train Loss: 0.2052, Train Acc: 1.0000, Val Loss: 0.8219, Val Acc: 0.6429
INFO:train:Epoch 14/100, Train Loss: 0.2047, Train Acc: 1.0000, Val Loss: 0.8791, Val Acc: 0.6429
INFO:train:Epoch 15/100, Train Loss: 0.2039, Train Acc: 1.0000, Val Loss: 0.8066, Val Acc: 0.6250
INFO:train:Epoch 16/100, Train Loss: 0.2037, Train Acc: 1.0000, Val Loss: 0.8780, Val Acc: 0.6429
INFO:train:Early stopping
INFO:plot:Saving attention map to: figures/model_accuracy.png
INFO:__main__:Total time taken to train the model: 35.62s
INFO:__main__:train got 64 / 64 correct, accuracy: 1.0
INFO:plot:Saving cofusion matrix map to: figures/train_confusion_matrix.png
INFO:__main__:train got 64 / 64 correct, accuracy: 1.0
INFO:plot:Saving cofusion matrix map to: figures/train_confusion_matrix.png
INFO:__main__:train got 64 / 64 correct, accuracy: 1.0
INFO:plot:Saving cofusion matrix map to: figures/train_confusion_matrix.png
INFO:__main__:train got 64 / 64 correct, accuracy: 1.0
INFO:plot:Saving cofusion matrix map to: figures/train_confusion_matrix.png
INFO:__main__:train got 64 / 64 correct, accuracy: 1.0
INFO:plot:Saving cofusion matrix map to: figures/train_confusion_matrix.png
INFO:__main__:train got 64 / 64 correct, accuracy: 1.0
INFO:plot:Saving cofusion matrix map to: figures/train_confusion_matrix.png
INFO:__main__:train got 64 / 64 correct, accuracy: 1.0
INFO:plot:Saving cofusion matrix map to: figures/train_confusion_matrix.png
INFO:__main__:train got 64 / 64 correct, accuracy: 1.0
INFO:plot:Saving cofusion matrix map to: figures/train_confusion_matrix.png
INFO:__main__:train got 64 / 64 correct, accuracy: 1.0
INFO:plot:Saving cofusion matrix map to: figures/train_confusion_matrix.png
INFO:__main__:train got 64 / 64 correct, accuracy: 1.0
INFO:plot:Saving cofusion matrix map to: figures/train_confusion_matrix.png
INFO:__main__:train got 64 / 64 correct, accuracy: 1.0
INFO:plot:Saving cofusion matrix map to: figures/train_confusion_matrix.png
INFO:__main__:train got 64 / 64 correct, accuracy: 1.0
INFO:plot:Saving cofusion matrix map to: figures/train_confusion_matrix.png
INFO:__main__:train got 64 / 64 correct, accuracy: 1.0
INFO:plot:Saving cofusion matrix map to: figures/train_confusion_matrix.png
INFO:__main__:train got 64 / 64 correct, accuracy: 1.0
INFO:plot:Saving cofusion matrix map to: figures/train_confusion_matrix.png
INFO:__main__:train got 64 / 64 correct, accuracy: 1.0
INFO:plot:Saving cofusion matrix map to: figures/train_confusion_matrix.png
INFO:__main__:train got 64 / 64 correct, accuracy: 1.0
INFO:plot:Saving cofusion matrix map to: figures/train_confusion_matrix.png
INFO:__main__:train got 64 / 64 correct, accuracy: 1.0
INFO:plot:Saving cofusion matrix map to: figures/train_confusion_matrix.png
INFO:__main__:train got 64 / 64 correct, accuracy: 1.0
INFO:plot:Saving cofusion matrix map to: figures/train_confusion_matrix.png
INFO:__main__:train got 64 / 64 correct, accuracy: 1.0
INFO:plot:Saving cofusion matrix map to: figures/train_confusion_matrix.png
INFO:__main__:train got 64 / 64 correct, accuracy: 1.0
INFO:plot:Saving cofusion matrix map to: figures/train_confusion_matrix.png
INFO:__main__:train got 58 / 58 correct, accuracy: 1.0
INFO:plot:Saving cofusion matrix map to: figures/train_confusion_matrix.png
INFO:__main__:Total time taken evaluate on train set the model: 2.55s
INFO:__main__:validation got 39 / 56 correct, accuracy: 0.6964285714285714
INFO:plot:Saving cofusion matrix map to: figures/validation_confusion_matrix.png
INFO:__main__:Total time taken evaluate on validation set the model: 0.14s
INFO:plot:Saving attention map to: figures/encoder_attention_map.png
INFO:plot:Saving attention map to: figures/decoder_attention_map.png
