INFO:__main__:Reading the dataset: fish species
INFO:__main__:Pre-training the network: Masked Spectra Modelling
INFO:pre_training:Epoch [1/100], Loss: 0.1425, Val: 0.0080
INFO:pre_training:Epoch [2/100], Loss: 0.1322, Val: 0.0075
INFO:pre_training:Epoch [3/100], Loss: 0.1264, Val: 0.0072
INFO:pre_training:Epoch [4/100], Loss: 0.1214, Val: 0.0068
INFO:pre_training:Epoch [5/100], Loss: 0.1174, Val: 0.0065
INFO:pre_training:Epoch [6/100], Loss: 0.1138, Val: 0.0064
INFO:pre_training:Epoch [7/100], Loss: 0.1103, Val: 0.0062
INFO:pre_training:Epoch [8/100], Loss: 0.1072, Val: 0.0061
INFO:pre_training:Epoch [9/100], Loss: 0.1042, Val: 0.0059
INFO:pre_training:Epoch [10/100], Loss: 0.1013, Val: 0.0056
INFO:pre_training:Epoch [11/100], Loss: 0.0992, Val: 0.0054
INFO:pre_training:Epoch [12/100], Loss: 0.0962, Val: 0.0054
INFO:pre_training:Epoch [13/100], Loss: 0.0943, Val: 0.0052
INFO:pre_training:Epoch [14/100], Loss: 0.0922, Val: 0.0051
INFO:pre_training:Epoch [15/100], Loss: 0.0902, Val: 0.0050
INFO:pre_training:Epoch [16/100], Loss: 0.0881, Val: 0.0047
INFO:pre_training:Epoch [17/100], Loss: 0.0860, Val: 0.0048
INFO:pre_training:Epoch [18/100], Loss: 0.0843, Val: 0.0046
INFO:pre_training:Epoch [19/100], Loss: 0.0830, Val: 0.0045
INFO:pre_training:Epoch [20/100], Loss: 0.0810, Val: 0.0045
INFO:pre_training:Epoch [21/100], Loss: 0.0794, Val: 0.0043
INFO:pre_training:Epoch [22/100], Loss: 0.0777, Val: 0.0043
INFO:pre_training:Epoch [23/100], Loss: 0.0764, Val: 0.0040
INFO:pre_training:Epoch [24/100], Loss: 0.0747, Val: 0.0041
INFO:pre_training:Epoch [25/100], Loss: 0.0736, Val: 0.0040
INFO:pre_training:Epoch [26/100], Loss: 0.0724, Val: 0.0037
INFO:pre_training:Epoch [27/100], Loss: 0.0709, Val: 0.0038
INFO:pre_training:Epoch [28/100], Loss: 0.0696, Val: 0.0037
INFO:pre_training:Epoch [29/100], Loss: 0.0686, Val: 0.0037
INFO:pre_training:Epoch [30/100], Loss: 0.0672, Val: 0.0037
INFO:pre_training:Epoch [31/100], Loss: 0.0663, Val: 0.0037
INFO:pre_training:Epoch [32/100], Loss: 0.0652, Val: 0.0036
INFO:pre_training:Epoch [33/100], Loss: 0.0642, Val: 0.0036
INFO:pre_training:Epoch [34/100], Loss: 0.0629, Val: 0.0035
INFO:pre_training:Epoch [35/100], Loss: 0.0622, Val: 0.0035
INFO:pre_training:Epoch [36/100], Loss: 0.0611, Val: 0.0035
INFO:pre_training:Epoch [37/100], Loss: 0.0604, Val: 0.0033
INFO:pre_training:Epoch [38/100], Loss: 0.0594, Val: 0.0034
INFO:pre_training:Epoch [39/100], Loss: 0.0587, Val: 0.0033
INFO:pre_training:Epoch [40/100], Loss: 0.0577, Val: 0.0034
INFO:pre_training:Epoch [41/100], Loss: 0.0569, Val: 0.0033
INFO:pre_training:Epoch [42/100], Loss: 0.0562, Val: 0.0033
INFO:pre_training:Epoch [43/100], Loss: 0.0554, Val: 0.0033
INFO:pre_training:Epoch [44/100], Loss: 0.0547, Val: 0.0032
INFO:pre_training:Epoch [45/100], Loss: 0.0541, Val: 0.0032
INFO:pre_training:Epoch [46/100], Loss: 0.0532, Val: 0.0032
INFO:pre_training:Epoch [47/100], Loss: 0.0526, Val: 0.0031
INFO:pre_training:Epoch [48/100], Loss: 0.0520, Val: 0.0031
INFO:pre_training:Epoch [49/100], Loss: 0.0511, Val: 0.0030
INFO:pre_training:Epoch [50/100], Loss: 0.0504, Val: 0.0031
INFO:pre_training:Epoch [51/100], Loss: 0.0500, Val: 0.0030
INFO:pre_training:Epoch [52/100], Loss: 0.0492, Val: 0.0029
INFO:pre_training:Epoch [53/100], Loss: 0.0485, Val: 0.0030
INFO:pre_training:Epoch [54/100], Loss: 0.0481, Val: 0.0029
INFO:pre_training:Epoch [55/100], Loss: 0.0474, Val: 0.0029
INFO:pre_training:Epoch [56/100], Loss: 0.0470, Val: 0.0029
INFO:pre_training:Epoch [57/100], Loss: 0.0463, Val: 0.0029
INFO:pre_training:Epoch [58/100], Loss: 0.0457, Val: 0.0029
INFO:pre_training:Epoch [59/100], Loss: 0.0451, Val: 0.0028
INFO:pre_training:Epoch [60/100], Loss: 0.0446, Val: 0.0028
INFO:pre_training:Epoch [61/100], Loss: 0.0443, Val: 0.0028
INFO:pre_training:Epoch [62/100], Loss: 0.0437, Val: 0.0028
INFO:pre_training:Epoch [63/100], Loss: 0.0432, Val: 0.0027
INFO:pre_training:Epoch [64/100], Loss: 0.0426, Val: 0.0027
INFO:pre_training:Epoch [65/100], Loss: 0.0422, Val: 0.0027
INFO:pre_training:Epoch [66/100], Loss: 0.0417, Val: 0.0027
INFO:pre_training:Epoch [67/100], Loss: 0.0413, Val: 0.0027
INFO:pre_training:Epoch [68/100], Loss: 0.0408, Val: 0.0028
INFO:pre_training:Epoch [69/100], Loss: 0.0405, Val: 0.0027
INFO:pre_training:Epoch [70/100], Loss: 0.0397, Val: 0.0026
INFO:pre_training:Epoch [71/100], Loss: 0.0395, Val: 0.0027
INFO:pre_training:Epoch [72/100], Loss: 0.0390, Val: 0.0027
INFO:pre_training:Epoch [73/100], Loss: 0.0388, Val: 0.0026
INFO:pre_training:Epoch [74/100], Loss: 0.0381, Val: 0.0026
INFO:pre_training:Epoch [75/100], Loss: 0.0378, Val: 0.0026
INFO:pre_training:Epoch [76/100], Loss: 0.0374, Val: 0.0026
INFO:pre_training:Epoch [77/100], Loss: 0.0371, Val: 0.0026
INFO:pre_training:Epoch [78/100], Loss: 0.0367, Val: 0.0025
INFO:pre_training:Epoch [79/100], Loss: 0.0362, Val: 0.0025
INFO:pre_training:Epoch [80/100], Loss: 0.0358, Val: 0.0026
INFO:pre_training:Epoch [81/100], Loss: 0.0355, Val: 0.0026
INFO:pre_training:Epoch [82/100], Loss: 0.0350, Val: 0.0025
INFO:pre_training:Epoch [83/100], Loss: 0.0347, Val: 0.0026
INFO:pre_training:Epoch [84/100], Loss: 0.0344, Val: 0.0025
INFO:pre_training:Epoch [85/100], Loss: 0.0340, Val: 0.0025
INFO:pre_training:Epoch [86/100], Loss: 0.0336, Val: 0.0025
INFO:pre_training:Epoch [87/100], Loss: 0.0334, Val: 0.0025
INFO:pre_training:Epoch [88/100], Loss: 0.0329, Val: 0.0024
INFO:pre_training:Epoch [89/100], Loss: 0.0327, Val: 0.0024
INFO:pre_training:Epoch [90/100], Loss: 0.0322, Val: 0.0024
INFO:pre_training:Epoch [91/100], Loss: 0.0319, Val: 0.0025
INFO:pre_training:Epoch [92/100], Loss: 0.0317, Val: 0.0024
INFO:pre_training:Epoch [93/100], Loss: 0.0315, Val: 0.0024
INFO:pre_training:Epoch [94/100], Loss: 0.0311, Val: 0.0024
INFO:pre_training:Epoch [95/100], Loss: 0.0307, Val: 0.0023
INFO:pre_training:Epoch [96/100], Loss: 0.0306, Val: 0.0024
INFO:pre_training:Epoch [97/100], Loss: 0.0302, Val: 0.0023
INFO:pre_training:Epoch [98/100], Loss: 0.0299, Val: 0.0024
INFO:pre_training:Epoch [99/100], Loss: 0.0295, Val: 0.0024
INFO:pre_training:Epoch [100/100], Loss: 0.0292, Val: 0.0023
INFO:__main__:Total time taken to pre-train the model: 153.11s
INFO:__main__:Training the network
INFO:train:Epoch 1/100, Train Loss: 0.5792, Train Acc: 0.7371, Val Loss: 0.3959, Val Acc: 0.9565
INFO:train:Epoch 2/100, Train Loss: 0.3302, Train Acc: 0.9759, Val Loss: 0.2229, Val Acc: 1.0000
INFO:train:Epoch 3/100, Train Loss: 0.2259, Train Acc: 0.9929, Val Loss: 0.2356, Val Acc: 1.0000
INFO:train:Epoch 4/100, Train Loss: 0.2133, Train Acc: 1.0000, Val Loss: 0.2262, Val Acc: 1.0000
INFO:train:Epoch 5/100, Train Loss: 0.2089, Train Acc: 1.0000, Val Loss: 0.2176, Val Acc: 1.0000
INFO:train:Epoch 6/100, Train Loss: 0.2071, Train Acc: 1.0000, Val Loss: 0.2184, Val Acc: 1.0000
INFO:train:Epoch 7/100, Train Loss: 0.2054, Train Acc: 1.0000, Val Loss: 0.2185, Val Acc: 1.0000
INFO:train:Epoch 8/100, Train Loss: 0.2051, Train Acc: 1.0000, Val Loss: 0.2181, Val Acc: 1.0000
INFO:train:Epoch 9/100, Train Loss: 0.2049, Train Acc: 1.0000, Val Loss: 0.2176, Val Acc: 1.0000
INFO:train:Epoch 10/100, Train Loss: 0.2042, Train Acc: 1.0000, Val Loss: 0.2187, Val Acc: 1.0000
INFO:train:Epoch 11/100, Train Loss: 0.2039, Train Acc: 1.0000, Val Loss: 0.2168, Val Acc: 1.0000
INFO:train:Epoch 12/100, Train Loss: 0.2036, Train Acc: 1.0000, Val Loss: 0.2178, Val Acc: 1.0000
INFO:train:Epoch 13/100, Train Loss: 0.2028, Train Acc: 1.0000, Val Loss: 0.2166, Val Acc: 1.0000
INFO:train:Epoch 14/100, Train Loss: 0.2031, Train Acc: 1.0000, Val Loss: 0.2169, Val Acc: 1.0000
INFO:train:Epoch 15/100, Train Loss: 0.2030, Train Acc: 1.0000, Val Loss: 0.2164, Val Acc: 1.0000
INFO:train:Epoch 16/100, Train Loss: 0.2026, Train Acc: 1.0000, Val Loss: 0.2185, Val Acc: 1.0000
INFO:train:Epoch 17/100, Train Loss: 0.2026, Train Acc: 1.0000, Val Loss: 0.2165, Val Acc: 1.0000
INFO:train:Epoch 18/100, Train Loss: 0.2026, Train Acc: 1.0000, Val Loss: 0.2198, Val Acc: 1.0000
INFO:train:Epoch 19/100, Train Loss: 0.2023, Train Acc: 1.0000, Val Loss: 0.2188, Val Acc: 1.0000
INFO:train:Epoch 20/100, Train Loss: 0.2021, Train Acc: 1.0000, Val Loss: 0.2179, Val Acc: 1.0000
INFO:train:Epoch 21/100, Train Loss: 0.2021, Train Acc: 1.0000, Val Loss: 0.2196, Val Acc: 1.0000
INFO:train:Epoch 22/100, Train Loss: 0.2018, Train Acc: 1.0000, Val Loss: 0.2171, Val Acc: 1.0000
INFO:train:Epoch 23/100, Train Loss: 0.2016, Train Acc: 1.0000, Val Loss: 0.2182, Val Acc: 1.0000
INFO:train:Epoch 24/100, Train Loss: 0.2021, Train Acc: 1.0000, Val Loss: 0.2180, Val Acc: 1.0000
INFO:train:Epoch 25/100, Train Loss: 0.2019, Train Acc: 1.0000, Val Loss: 0.2188, Val Acc: 1.0000
INFO:train:Epoch 26/100, Train Loss: 0.2018, Train Acc: 1.0000, Val Loss: 0.2184, Val Acc: 1.0000
INFO:train:Epoch 27/100, Train Loss: 0.2019, Train Acc: 1.0000, Val Loss: 0.2177, Val Acc: 1.0000
INFO:train:Epoch 28/100, Train Loss: 0.2014, Train Acc: 1.0000, Val Loss: 0.2170, Val Acc: 1.0000
INFO:train:Epoch 29/100, Train Loss: 0.2014, Train Acc: 1.0000, Val Loss: 0.2191, Val Acc: 1.0000
INFO:train:Epoch 30/100, Train Loss: 0.2016, Train Acc: 1.0000, Val Loss: 0.2176, Val Acc: 1.0000
INFO:train:Epoch 31/100, Train Loss: 0.2014, Train Acc: 1.0000, Val Loss: 0.2174, Val Acc: 1.0000
INFO:train:Epoch 32/100, Train Loss: 0.2013, Train Acc: 1.0000, Val Loss: 0.2196, Val Acc: 1.0000
INFO:train:Epoch 33/100, Train Loss: 0.2014, Train Acc: 1.0000, Val Loss: 0.2172, Val Acc: 1.0000
INFO:train:Epoch 34/100, Train Loss: 0.2015, Train Acc: 1.0000, Val Loss: 0.2163, Val Acc: 1.0000
INFO:train:Epoch 35/100, Train Loss: 0.2017, Train Acc: 1.0000, Val Loss: 0.2180, Val Acc: 1.0000
INFO:train:Epoch 36/100, Train Loss: 0.2012, Train Acc: 1.0000, Val Loss: 0.2198, Val Acc: 1.0000
INFO:train:Epoch 37/100, Train Loss: 0.2012, Train Acc: 1.0000, Val Loss: 0.2168, Val Acc: 1.0000
INFO:train:Epoch 38/100, Train Loss: 0.2014, Train Acc: 1.0000, Val Loss: 0.2181, Val Acc: 1.0000
INFO:train:Epoch 39/100, Train Loss: 0.2013, Train Acc: 1.0000, Val Loss: 0.2200, Val Acc: 1.0000
INFO:train:Epoch 40/100, Train Loss: 0.2011, Train Acc: 1.0000, Val Loss: 0.2191, Val Acc: 1.0000
INFO:train:Epoch 41/100, Train Loss: 0.2012, Train Acc: 1.0000, Val Loss: 0.2190, Val Acc: 1.0000
INFO:train:Epoch 42/100, Train Loss: 0.2011, Train Acc: 1.0000, Val Loss: 0.2202, Val Acc: 1.0000
INFO:train:Epoch 43/100, Train Loss: 0.2011, Train Acc: 1.0000, Val Loss: 0.2187, Val Acc: 1.0000
INFO:train:Epoch 44/100, Train Loss: 0.2010, Train Acc: 1.0000, Val Loss: 0.2175, Val Acc: 1.0000
INFO:train:Epoch 45/100, Train Loss: 0.2010, Train Acc: 1.0000, Val Loss: 0.2186, Val Acc: 1.0000
INFO:train:Epoch 46/100, Train Loss: 0.2011, Train Acc: 1.0000, Val Loss: 0.2192, Val Acc: 1.0000
INFO:train:Epoch 47/100, Train Loss: 0.2012, Train Acc: 1.0000, Val Loss: 0.2197, Val Acc: 1.0000
INFO:train:Epoch 48/100, Train Loss: 0.2010, Train Acc: 1.0000, Val Loss: 0.2195, Val Acc: 1.0000
INFO:train:Epoch 49/100, Train Loss: 0.2010, Train Acc: 1.0000, Val Loss: 0.2179, Val Acc: 1.0000
INFO:train:Epoch 50/100, Train Loss: 0.2011, Train Acc: 1.0000, Val Loss: 0.2200, Val Acc: 1.0000
INFO:train:Epoch 51/100, Train Loss: 0.2011, Train Acc: 1.0000, Val Loss: 0.2189, Val Acc: 1.0000
INFO:train:Epoch 52/100, Train Loss: 0.2009, Train Acc: 1.0000, Val Loss: 0.2183, Val Acc: 1.0000
INFO:train:Epoch 53/100, Train Loss: 0.2008, Train Acc: 1.0000, Val Loss: 0.2173, Val Acc: 1.0000
INFO:train:Epoch 54/100, Train Loss: 0.2007, Train Acc: 1.0000, Val Loss: 0.2188, Val Acc: 1.0000
INFO:train:Epoch 55/100, Train Loss: 0.2007, Train Acc: 1.0000, Val Loss: 0.2169, Val Acc: 1.0000
INFO:train:Epoch 56/100, Train Loss: 0.2006, Train Acc: 1.0000, Val Loss: 0.2192, Val Acc: 1.0000
INFO:train:Epoch 57/100, Train Loss: 0.2007, Train Acc: 1.0000, Val Loss: 0.2178, Val Acc: 1.0000
INFO:train:Epoch 58/100, Train Loss: 0.2009, Train Acc: 1.0000, Val Loss: 0.2182, Val Acc: 1.0000
INFO:train:Epoch 59/100, Train Loss: 0.2005, Train Acc: 1.0000, Val Loss: 0.2184, Val Acc: 1.0000
INFO:train:Epoch 60/100, Train Loss: 0.2007, Train Acc: 1.0000, Val Loss: 0.2178, Val Acc: 1.0000
INFO:train:Epoch 61/100, Train Loss: 0.2007, Train Acc: 1.0000, Val Loss: 0.2192, Val Acc: 1.0000
INFO:train:Epoch 62/100, Train Loss: 0.2006, Train Acc: 1.0000, Val Loss: 0.2194, Val Acc: 1.0000
INFO:train:Epoch 63/100, Train Loss: 0.2007, Train Acc: 1.0000, Val Loss: 0.2189, Val Acc: 1.0000
INFO:train:Epoch 64/100, Train Loss: 0.2006, Train Acc: 1.0000, Val Loss: 0.2188, Val Acc: 1.0000
INFO:train:Epoch 65/100, Train Loss: 0.2005, Train Acc: 1.0000, Val Loss: 0.2197, Val Acc: 1.0000
INFO:train:Epoch 66/100, Train Loss: 0.2006, Train Acc: 1.0000, Val Loss: 0.2213, Val Acc: 1.0000
INFO:train:Epoch 67/100, Train Loss: 0.2007, Train Acc: 1.0000, Val Loss: 0.2208, Val Acc: 1.0000
INFO:train:Epoch 68/100, Train Loss: 0.2008, Train Acc: 1.0000, Val Loss: 0.2195, Val Acc: 1.0000
INFO:train:Epoch 69/100, Train Loss: 0.2006, Train Acc: 1.0000, Val Loss: 0.2180, Val Acc: 1.0000
INFO:train:Epoch 70/100, Train Loss: 0.2006, Train Acc: 1.0000, Val Loss: 0.2171, Val Acc: 1.0000
INFO:train:Epoch 71/100, Train Loss: 0.2006, Train Acc: 1.0000, Val Loss: 0.2199, Val Acc: 1.0000
INFO:train:Epoch 72/100, Train Loss: 0.2006, Train Acc: 1.0000, Val Loss: 0.2196, Val Acc: 1.0000
INFO:train:Epoch 73/100, Train Loss: 0.2004, Train Acc: 1.0000, Val Loss: 0.2188, Val Acc: 1.0000
INFO:train:Epoch 74/100, Train Loss: 0.2004, Train Acc: 1.0000, Val Loss: 0.2191, Val Acc: 1.0000
INFO:train:Epoch 75/100, Train Loss: 0.2004, Train Acc: 1.0000, Val Loss: 0.2207, Val Acc: 1.0000
INFO:train:Epoch 76/100, Train Loss: 0.2004, Train Acc: 1.0000, Val Loss: 0.2190, Val Acc: 1.0000
INFO:train:Epoch 77/100, Train Loss: 0.2005, Train Acc: 1.0000, Val Loss: 0.2195, Val Acc: 1.0000
INFO:train:Epoch 78/100, Train Loss: 0.2004, Train Acc: 1.0000, Val Loss: 0.2193, Val Acc: 1.0000
INFO:train:Epoch 79/100, Train Loss: 0.2004, Train Acc: 1.0000, Val Loss: 0.2206, Val Acc: 1.0000
INFO:train:Epoch 80/100, Train Loss: 0.2003, Train Acc: 1.0000, Val Loss: 0.2195, Val Acc: 1.0000
INFO:train:Epoch 81/100, Train Loss: 0.2003, Train Acc: 1.0000, Val Loss: 0.2203, Val Acc: 1.0000
INFO:train:Epoch 82/100, Train Loss: 0.2005, Train Acc: 1.0000, Val Loss: 0.2188, Val Acc: 1.0000
INFO:train:Epoch 83/100, Train Loss: 0.2003, Train Acc: 1.0000, Val Loss: 0.2183, Val Acc: 1.0000
INFO:train:Epoch 84/100, Train Loss: 0.2005, Train Acc: 1.0000, Val Loss: 0.2173, Val Acc: 1.0000
INFO:train:Epoch 85/100, Train Loss: 0.2004, Train Acc: 1.0000, Val Loss: 0.2187, Val Acc: 1.0000
INFO:train:Epoch 86/100, Train Loss: 0.2004, Train Acc: 1.0000, Val Loss: 0.2200, Val Acc: 1.0000
INFO:train:Epoch 87/100, Train Loss: 0.2004, Train Acc: 1.0000, Val Loss: 0.2209, Val Acc: 1.0000
INFO:train:Epoch 88/100, Train Loss: 0.2004, Train Acc: 1.0000, Val Loss: 0.2213, Val Acc: 1.0000
INFO:train:Epoch 89/100, Train Loss: 0.2003, Train Acc: 1.0000, Val Loss: 0.2232, Val Acc: 1.0000
INFO:train:Epoch 90/100, Train Loss: 0.2003, Train Acc: 1.0000, Val Loss: 0.2210, Val Acc: 1.0000
INFO:train:Epoch 91/100, Train Loss: 0.2002, Train Acc: 1.0000, Val Loss: 0.2202, Val Acc: 1.0000
INFO:train:Epoch 92/100, Train Loss: 0.2003, Train Acc: 1.0000, Val Loss: 0.2203, Val Acc: 1.0000
INFO:train:Epoch 93/100, Train Loss: 0.2003, Train Acc: 1.0000, Val Loss: 0.2203, Val Acc: 1.0000
INFO:train:Epoch 94/100, Train Loss: 0.2002, Train Acc: 1.0000, Val Loss: 0.2179, Val Acc: 1.0000
INFO:train:Epoch 95/100, Train Loss: 0.2002, Train Acc: 1.0000, Val Loss: 0.2182, Val Acc: 1.0000
INFO:train:Epoch 96/100, Train Loss: 0.2003, Train Acc: 1.0000, Val Loss: 0.2187, Val Acc: 1.0000
INFO:train:Epoch 97/100, Train Loss: 0.2003, Train Acc: 1.0000, Val Loss: 0.2185, Val Acc: 1.0000
INFO:train:Epoch 98/100, Train Loss: 0.2002, Train Acc: 1.0000, Val Loss: 0.2179, Val Acc: 1.0000
INFO:train:Epoch 99/100, Train Loss: 0.2002, Train Acc: 1.0000, Val Loss: 0.2186, Val Acc: 1.0000
INFO:train:Epoch 100/100, Train Loss: 0.2002, Train Acc: 1.0000, Val Loss: 0.2195, Val Acc: 1.0000
INFO:plot:Saving attention map to: figures/model_accuracy.png
INFO:__main__:Total time taken to train the model: 154.82s
INFO:__main__:train accuracy: 64 / 64
INFO:plot:Saving cnfusion matrix map to: figures/train_confusion_matrix.png
INFO:__main__:train accuracy: 64 / 64
INFO:plot:Saving cnfusion matrix map to: figures/train_confusion_matrix.png
INFO:__main__:train accuracy: 64 / 64
INFO:plot:Saving cnfusion matrix map to: figures/train_confusion_matrix.png
INFO:__main__:train accuracy: 64 / 64
INFO:plot:Saving cnfusion matrix map to: figures/train_confusion_matrix.png
INFO:__main__:train accuracy: 64 / 64
INFO:plot:Saving cnfusion matrix map to: figures/train_confusion_matrix.png
INFO:__main__:train accuracy: 64 / 64
INFO:plot:Saving cnfusion matrix map to: figures/train_confusion_matrix.png
INFO:__main__:train accuracy: 64 / 64
INFO:plot:Saving cnfusion matrix map to: figures/train_confusion_matrix.png
INFO:__main__:train accuracy: 64 / 64
INFO:plot:Saving cnfusion matrix map to: figures/train_confusion_matrix.png
INFO:__main__:train accuracy: 64 / 64
INFO:plot:Saving cnfusion matrix map to: figures/train_confusion_matrix.png
INFO:__main__:train accuracy: 64 / 64
INFO:plot:Saving cnfusion matrix map to: figures/train_confusion_matrix.png
INFO:__main__:train accuracy: 64 / 64
INFO:plot:Saving cnfusion matrix map to: figures/train_confusion_matrix.png
INFO:__main__:train accuracy: 64 / 64
INFO:plot:Saving cnfusion matrix map to: figures/train_confusion_matrix.png
INFO:__main__:train accuracy: 64 / 64
INFO:plot:Saving cnfusion matrix map to: figures/train_confusion_matrix.png
INFO:__main__:train accuracy: 64 / 64
INFO:plot:Saving cnfusion matrix map to: figures/train_confusion_matrix.png
INFO:__main__:train accuracy: 64 / 64
INFO:plot:Saving cnfusion matrix map to: figures/train_confusion_matrix.png
INFO:__main__:train accuracy: 64 / 64
INFO:plot:Saving cnfusion matrix map to: figures/train_confusion_matrix.png
INFO:__main__:train accuracy: 64 / 64
INFO:plot:Saving cnfusion matrix map to: figures/train_confusion_matrix.png
INFO:__main__:train accuracy: 34 / 34
INFO:plot:Saving cnfusion matrix map to: figures/train_confusion_matrix.png
INFO:__main__:validation accuracy: 23 / 23
INFO:plot:Saving cnfusion matrix map to: figures/validation_confusion_matrix.png
INFO:__main__:test accuracy: 23 / 24
INFO:plot:Saving cnfusion matrix map to: figures/test_confusion_matrix.png
INFO:plot:Saving attention map to: figures/encoder_attention_map.png
INFO:plot:Saving attention map to: figures/decoder_attention_map.png
