INFO:data:Reading dataset fish: oil
INFO:data:Class Counts: [108 126], Class Ratios: [0.46153846 0.53846154]
INFO:data:Number of features: 1023
Number of instances: 234
Number of classes 2.
INFO:__main__:No model found. Train from scratch.
INFO:gp:   	      	                                 fitness                                 	                      size                     
   	      	-------------------------------------------------------------------------	-----------------------------------------------
gen	nevals	avg     	gen	max     	min     	nevals	std      	avg    	gen	max	min	nevals	std    
0  	3069  	0.501124	0  	0.662829	0.351602	3069  	0.0366789	3.52428	0  	7  	2  	3069  	1.34906
INFO:gp:1  	2338  	0.532874	1  	0.675406	0.377883	2338  	0.0372591	3.78755	1  	12 	2  	2338  	1.47063
INFO:gp:2  	2332  	0.551999	2  	0.683657	0.370979	2332  	0.04559  	3.97165	2  	12 	1  	2332  	1.6069 
INFO:gp:3  	2319  	0.569843	3  	0.703947	0.384636	2319  	0.0522448	4.06321	3  	13 	2  	2319  	1.58415
INFO:gp:4  	2321  	0.588781	4  	0.706311	0.382637	2321  	0.0538235	4.18442	4  	13 	2  	2321  	1.57816
INFO:gp:5  	2287  	0.602947	5  	0.726897	0.373238	2287  	0.0570347	4.28283	5  	12 	1  	2287  	1.68625
INFO:gp:6  	2331  	0.615915	6  	0.726897	0.391526	2331  	0.0599443	4.19616	6  	12 	1  	2331  	1.67903
INFO:gp:7  	2313  	0.630109	7  	0.738254	0.397535	2313  	0.0628069	4.36755	7  	13 	1  	2313  	1.7706 
INFO:gp:8  	2295  	0.644712	8  	0.760617	0.422341	2295  	0.0641061	4.55458	8  	15 	3  	2295  	1.89597
INFO:gp:9  	2308  	0.652316	9  	0.760617	0.398947	2308  	0.0674462	4.59661	9  	12 	1  	2308  	1.8492 
INFO:gp:10 	2277  	0.659965	10 	0.760617	0.399282	2277  	0.069803 	4.50766	10 	15 	3  	2277  	1.71447
INFO:gp:11 	2300  	0.667602	11 	0.760617	0.409031	2300  	0.0728363	4.62952	11 	15 	3  	2300  	1.73532
INFO:gp:12 	2298  	0.673481	12 	0.766245	0.395289	2298  	0.0751931	4.78006	12 	15 	3  	2298  	1.76333
INFO:gp:13 	2335  	0.67783 	13 	0.768802	0.413171	2335  	0.0767875	5.10916	13 	16 	3  	2335  	1.9904 
INFO:gp:14 	2287  	0.681254	14 	0.768803	0.378373	2287  	0.0799723	5.62366	14 	18 	3  	2287  	2.2644 
INFO:gp:15 	2300  	0.685225	15 	0.768803	0.387776	2300  	0.0797258	6.19355	15 	18 	3  	2300  	2.48154
INFO:gp:16 	2307  	0.686185	16 	0.768803	0.432158	2307  	0.0878678	6.92636	16 	18 	3  	2307  	2.61953
INFO:gp:17 	2287  	0.687169	17 	0.768803	0.439762	2287  	0.0955951	7.6683 	17 	19 	3  	2287  	2.52858
INFO:gp:18 	2293  	0.682182	18 	0.76918 	0.46381 	2293  	0.103324 	8.22906	18 	24 	3  	2293  	2.58766
INFO:gp:19 	2324  	0.686576	19 	0.777215	0.459691	2324  	0.103204 	8.6973 	19 	24 	3  	2324  	2.8606 
INFO:gp:20 	2343  	0.684307	20 	0.777215	0.457325	2343  	0.105704 	9.51613	20 	25 	3  	2343  	3.4661 
INFO:gp:21 	2332  	0.686076	21 	0.777215	0.453776	2332  	0.106128 	10.942 	21 	26 	3  	2332  	3.7473 
INFO:gp:22 	2346  	0.685878	22 	0.777258	0.449345	2346  	0.107803 	11.8964	22 	27 	3  	2346  	3.81116
INFO:gp:23 	2291  	0.691519	23 	0.777258	0.402656	2291  	0.105568 	12.5494	23 	29 	3  	2291  	3.78356
INFO:gp:24 	2278  	0.689265	24 	0.777258	0.400409	2278  	0.108075 	13.1316	24 	27 	3  	2278  	3.85814
INFO:gp:25 	2313  	0.690106	25 	0.777258	0.403213	2313  	0.107927 	13.2809	25 	30 	3  	2313  	3.91286
INFO:gp:26 	2275  	0.69217 	26 	0.777258	0.409271	2275  	0.108431 	13.0841	26 	30 	3  	2275  	4.1196 
INFO:gp:27 	2307  	0.690051	27 	0.777258	0.406881	2307  	0.11004  	12.3539	27 	33 	3  	2307  	4.18736
INFO:gp:28 	2302  	0.691358	28 	0.78091 	0.406841	2302  	0.108253 	11.3382	28 	30 	3  	2302  	3.88826
INFO:gp:29 	2331  	0.688902	29 	0.78091 	0.466534	2331  	0.10814  	10.535 	29 	30 	3  	2331  	3.69105
INFO:gp:30 	2314  	0.689601	30 	0.78091 	0.360407	2314  	0.108951 	10.263 	30 	26 	3  	2314  	3.55448
INFO:gp:31 	2342  	0.684996	31 	0.78091 	0.424263	2342  	0.110765 	10.0681	31 	26 	3  	2342  	3.41239
INFO:gp:32 	2281  	0.693966	32 	0.78091 	0.431055	2281  	0.10721  	10.1294	32 	27 	3  	2281  	3.43139
INFO:gp:33 	2301  	0.688276	33 	0.782383	0.459362	2301  	0.110617 	10.1033	33 	27 	3  	2301  	3.32679
INFO:gp:34 	2331  	0.691317	34 	0.782383	0.459231	2331  	0.107817 	10.596 	34 	27 	3  	2331  	3.52402
INFO:gp:35 	2286  	0.692384	35 	0.782383	0.435358	2286  	0.107838 	11.1215	35 	26 	3  	2286  	3.48341
INFO:gp:36 	2367  	0.685815	36 	0.782383	0.450531	2367  	0.111626 	11.9205	36 	26 	3  	2367  	3.5464 
INFO:gp:37 	2344  	0.69037 	37 	0.786035	0.390592	2344  	0.110411 	12.7364	37 	26 	3  	2344  	3.37654
INFO:gp:38 	2335  	0.687841	38 	0.786035	0.40921 	2335  	0.113091 	13.0261	38 	26 	3  	2335  	3.22239
INFO:gp:39 	2301  	0.694363	39 	0.786035	0.459427	2301  	0.109139 	13.1215	39 	28 	3  	2301  	3.31263
INFO:gp:40 	2317  	0.694894	40 	0.786035	0.430923	2317  	0.10964  	13.23  	40 	29 	3  	2317  	3.25227
INFO:gp:41 	2337  	0.692534	41 	0.78615 	0.398375	2337  	0.11143  	13.5412	41 	29 	3  	2337  	3.40663
INFO:gp:42 	2298  	0.693387	42 	0.78615 	0.462198	2298  	0.110896 	14.0345	42 	27 	3  	2298  	3.51695
INFO:gp:43 	2328  	0.696822	43 	0.78615 	0.475528	2328  	0.111032 	14.8442	43 	31 	3  	2328  	3.73266
INFO:gp:44 	2347  	0.69731 	44 	0.78615 	0.442364	2347  	0.110944 	15.8524	44 	33 	3  	2347  	3.54638
INFO:gp:45 	2369  	0.697229	45 	0.78615 	0.4551  	2369  	0.110734 	16.204 	45 	33 	3  	2369  	3.56343
INFO:gp:46 	2327  	0.699986	46 	0.78615 	0.455753	2327  	0.110903 	16.4008	46 	33 	3  	2327  	3.44775
INFO:gp:47 	2333  	0.70205 	47 	0.78615 	0.440107	2333  	0.110571 	16.4119	47 	33 	3  	2333  	3.39922
INFO:gp:48 	2333  	0.691965	48 	0.786166	0.457464	2333  	0.114295 	16.5243	48 	35 	3  	2333  	3.48059
INFO:gp:49 	2297  	0.699961	49 	0.786166	0.441555	2297  	0.110668 	16.6641	49 	35 	3  	2297  	3.46723
INFO:gp:50 	2277  	0.700144	50 	0.786166	0.450918	2277  	0.11164  	16.6259	50 	35 	3  	2277  	3.86581
INFO:gp:51 	2331  	0.695834	51 	0.788952	0.454729	2331  	0.113753 	16.8055	51 	35 	3  	2331  	3.68819
INFO:gp:52 	2325  	0.700483	52 	0.788952	0.43979 	2325  	0.111953 	17.1404	52 	38 	3  	2325  	4.07043
INFO:gp:53 	2323  	0.698274	53 	0.789443	0.419161	2323  	0.114354 	18.0238	53 	36 	3  	2323  	4.52945
INFO:gp:54 	2317  	0.698534	54 	0.789443	0.471729	2317  	0.114359 	19.2871	54 	44 	3  	2317  	5.35887
INFO:gp:55 	2343  	0.702333	55 	0.789443	0.440691	2343  	0.112024 	20.405 	55 	38 	3  	2343  	6.19509
INFO:gp:56 	2296  	0.706589	56 	0.789857	0.4622  	2296  	0.111526 	22.0759	56 	47 	3  	2296  	7.4769 
INFO:gp:57 	2352  	0.697671	57 	0.792606	0.462195	2352  	0.11632  	22.911 	57 	49 	3  	2352  	8.05801
INFO:gp:58 	2311  	0.701527	58 	0.792606	0.466529	2311  	0.114651 	21.824 	58 	49 	3  	2311  	7.42981
INFO:gp:59 	2333  	0.701534	59 	0.792606	0.469995	2333  	0.11485  	20.5855	59 	49 	3  	2333  	6.42816
INFO:gp:60 	2336  	0.700074	60 	0.792606	0.467534	2336  	0.11557  	20.5067	60 	51 	3  	2336  	5.95205
INFO:gp:61 	2334  	0.705481	61 	0.792615	0.460874	2334  	0.113502 	21.0218	61 	51 	3  	2334  	5.93962
INFO:gp:62 	2322  	0.708784	62 	0.79315 	0.469107	2322  	0.111983 	22.4171	62 	51 	3  	2322  	6.68195
INFO:gp:63 	2346  	0.709945	63 	0.796268	0.419699	2346  	0.112955 	24.1108	63 	51 	3  	2346  	6.89479
INFO:gp:64 	2223  	0.703866	64 	0.799434	0.457265	2223  	0.11654  	24.2199	64 	49 	3  	2223  	6.49943
INFO:gp:65 	2340  	0.699335	65 	0.799434	0.458104	2340  	0.119392 	22.7175	65 	47 	3  	2340  	5.70355
INFO:gp:66 	2291  	0.70172 	66 	0.799434	0.436497	2291  	0.116651 	21.7488	66 	47 	3  	2291  	5.21025
INFO:gp:67 	2324  	0.704525	67 	0.799545	0.441254	2324  	0.115377 	21.768 	67 	47 	3  	2324  	4.96501
INFO:gp:68 	2336  	0.699538	68 	0.799545	0.430723	2336  	0.118815 	22.0042	68 	53 	3  	2336  	5.02548
INFO:gp:69 	2291  	0.710285	69 	0.799545	0.469188	2291  	0.112967 	22.115 	69 	47 	3  	2291  	4.97529
INFO:gp:70 	2316  	0.705908	70 	0.803209	0.448296	2316  	0.117102 	22.1939	70 	47 	3  	2316  	4.65078
INFO:gp:71 	2326  	0.702571	71 	0.803209	0.459936	2326  	0.118363 	22.1652	71 	47 	3  	2326  	5.01764
INFO:gp:72 	2300  	0.70677 	72 	0.803209	0.447687	2300  	0.118043 	22.3718	72 	47 	3  	2300  	4.74796
INFO:gp:73 	2321  	0.707629	73 	0.803209	0.451621	2321  	0.117222 	22.0844	73 	53 	3  	2321  	4.80839
INFO:gp:74 	2313  	0.707621	74 	0.803209	0.443578	2313  	0.118105 	21.9286	74 	49 	3  	2313  	4.74908
INFO:gp:75 	2296  	0.703212	75 	0.803209	0.448941	2296  	0.119915 	22.2066	75 	47 	3  	2296  	4.93553
INFO:gp:76 	2278  	0.708074	76 	0.803209	0.441555	2278  	0.11946  	22.7771	76 	47 	3  	2278  	4.95116
INFO:gp:77 	2326  	0.703034	77 	0.803252	0.461128	2326  	0.121574 	23.4047	77 	49 	3  	2326  	4.87796
INFO:gp:78 	2356  	0.706162	78 	0.803252	0.413647	2356  	0.120274 	23.7019	78 	47 	3  	2356  	4.55909
INFO:gp:79 	2285  	0.707269	79 	0.803252	0.464052	2285  	0.121007 	23.5842	79 	50 	3  	2285  	4.48688
INFO:gp:80 	2289  	0.706327	80 	0.803252	0.440691	2289  	0.122735 	23.4633	80 	45 	3  	2289  	4.48273
INFO:gp:81 	2314  	0.707071	81 	0.803252	0.452027	2314  	0.120934 	23.5344	81 	45 	3  	2314  	4.25987
INFO:gp:82 	2316  	0.708976	82 	0.803252	0.460677	2316  	0.11975  	23.752 	82 	45 	3  	2316  	4.58554
INFO:gp:83 	2340  	0.70647 	83 	0.803252	0.43979 	2340  	0.121236 	24.1903	83 	45 	3  	2340  	4.79556
INFO:gp:84 	2311  	0.706264	84 	0.803252	0.448133	2311  	0.121713 	24.6318	84 	49 	3  	2311  	4.64988
INFO:gp:85 	2269  	0.713031	85 	0.803252	0.465554	2269  	0.119621 	24.8817	85 	49 	3  	2269  	4.87525
INFO:gp:86 	2337  	0.709836	86 	0.803252	0.434711	2337  	0.121112 	24.9166	86 	49 	3  	2337  	4.68015
INFO:gp:87 	2316  	0.710328	87 	0.803252	0.455866	2316  	0.120719 	25.0016	87 	49 	3  	2316  	4.75523
INFO:gp:88 	2281  	0.714771	88 	0.803252	0.416567	2281  	0.117254 	25.0283	88 	49 	3  	2281  	4.70202
INFO:gp:89 	2343  	0.707092	89 	0.803252	0.449048	2343  	0.120412 	25.0573	89 	49 	3  	2343  	4.71846
INFO:gp:90 	2314  	0.711295	90 	0.803252	0.446598	2314  	0.118788 	25.1033	90 	56 	3  	2314  	4.81635
INFO:gp:91 	2319  	0.708995	91 	0.803252	0.476651	2319  	0.120803 	25.042 	91 	49 	3  	2319  	4.95465
INFO:gp:92 	2294  	0.712085	92 	0.803252	0.454327	2294  	0.11955  	25.0476	92 	49 	3  	2294  	4.98499
INFO:gp:93 	2301  	0.712833	93 	0.803261	0.461408	2301  	0.119202 	25.1887	93 	49 	3  	2301  	4.63555
INFO:gp:94 	2332  	0.706305	94 	0.803261	0.460957	2332  	0.121447 	25.0046	94 	50 	3  	2332  	5.07789
INFO:gp:95 	2287  	0.711541	95 	0.803261	0.406346	2287  	0.120364 	25.1802	95 	50 	3  	2287  	4.77917
INFO:gp:96 	2282  	0.712779	96 	0.803261	0.476957	2282  	0.119592 	25.3337	96 	50 	3  	2282  	4.64982
INFO:gp:97 	2297  	0.711522	97 	0.803261	0.463784	2297  	0.120068 	25.4461	97 	50 	3  	2297  	4.97594
INFO:gp:98 	2357  	0.710354	98 	0.803261	0.404908	2357  	0.120455 	25.6686	98 	51 	3  	2357  	5.05048
INFO:gp:99 	2342  	0.710702	99 	0.806517	0.468273	2342  	0.119397 	26.2783	99 	53 	3  	2342  	5.23443
INFO:gp:100	2316  	0.711742	100	0.806517	0.456219	2316  	0.120607 	27.2297	100	50 	3  	2316  	5.08074
INFO:gp:101	2355  	0.711054	101	0.806517	0.441555	2355  	0.121299 	28.1874	101	59 	3  	2355  	4.94925
INFO:gp:102	2326  	0.712487	102	0.806517	0.43194 	2326  	0.121088 	28.5846	102	50 	3  	2326  	4.73134
INFO:gp:103	2360  	0.710642	103	0.806517	0.458485	2360  	0.121328 	28.7429	103	50 	3  	2360  	4.75192
INFO:gp:104	2325  	0.714113	104	0.806517	0.468637	2325  	0.120908 	28.9664	104	60 	3  	2325  	4.53025
INFO:gp:105	2311  	0.712235	105	0.808334	0.390592	2311  	0.123037 	28.9492	105	50 	3  	2311  	4.46302
INFO:gp:106	2372  	0.710895	106	0.808334	0.462488	2372  	0.12245  	28.9932	106	50 	3  	2372  	4.63243
INFO:gp:107	2317  	0.716126	107	0.808334	0.462836	2317  	0.120183 	29.0521	107	50 	3  	2317  	4.55714
INFO:gp:108	2348  	0.71331 	108	0.808334	0.446391	2348  	0.121488 	28.9238	108	50 	3  	2348  	4.73701
INFO:gp:109	2336  	0.70991 	109	0.808334	0.426029	2336  	0.123657 	28.8667	109	50 	3  	2336  	4.90657
INFO:gp:110	2319  	0.713371	110	0.808334	0.468147	2319  	0.122177 	29.0863	110	52 	3  	2319  	4.44964
INFO:gp:111	2255  	0.720462	111	0.808334	0.470673	2255  	0.118644 	29.0701	111	52 	3  	2255  	4.48995
INFO:gp:112	2304  	0.711867	112	0.808334	0.451781	2304  	0.123733 	29.0179	112	52 	3  	2304  	4.63015
INFO:gp:113	2305  	0.713262	113	0.808334	0.45356 	2305  	0.122657 	29.0723	113	52 	3  	2305  	4.61697
INFO:gp:114	2343  	0.7185  	114	0.809281	0.414848	2343  	0.121018 	29.2186	114	52 	3  	2343  	4.10962
INFO:gp:115	2291  	0.717485	115	0.809281	0.456883	2291  	0.121194 	29.0984	115	52 	3  	2291  	4.44723
INFO:gp:116	2320  	0.712356	116	0.809281	0.427769	2320  	0.124308 	29.1307	116	52 	3  	2320  	4.5731 
INFO:gp:117	2353  	0.718248	117	0.809281	0.410721	2353  	0.120818 	29.2124	117	52 	3  	2353  	4.44361
INFO:gp:118	2326  	0.714517	118	0.809281	0.461774	2326  	0.122667 	29.2186	118	54 	3  	2326  	4.5942 
INFO:gp:119	2296  	0.715247	119	0.809281	0.473148	2296  	0.122189 	29.1277	119	54 	3  	2296  	4.71342
INFO:gp:120	2318  	0.719124	120	0.809281	0.453456	2318  	0.119194 	29.0199	120	52 	3  	2318  	4.7517 
INFO:gp:121	2361  	0.712858	121	0.809281	0.456073	2361  	0.123408 	28.8925	121	49 	3  	2361  	4.50815
INFO:gp:122	2273  	0.713136	122	0.809281	0.462902	2273  	0.122541 	28.594 	122	49 	3  	2273  	4.83215
INFO:gp:123	2297  	0.720647	123	0.809281	0.405599	2297  	0.120114 	28.4317	123	49 	3  	2297  	4.67744
INFO:gp:124	2283  	0.717602	124	0.809281	0.401074	2283  	0.122608 	28.4262	124	49 	3  	2283  	4.72221
INFO:gp:125	2308  	0.708604	125	0.809281	0.404344	2308  	0.126153 	28.3294	125	49 	3  	2308  	4.59943
INFO:gp:126	2350  	0.711719	126	0.809281	0.43979 	2350  	0.123673 	28.2998	126	49 	3  	2350  	4.77142
INFO:gp:127	2312  	0.713249	127	0.809281	0.464225	2312  	0.122999 	28.2183	127	59 	3  	2312  	4.87697
INFO:gp:128	2384  	0.71081 	128	0.809281	0.375908	2384  	0.123592 	28.348 	128	49 	3  	2384  	4.80355
INFO:gp:129	2303  	0.712805	129	0.809281	0.459083	2303  	0.124097 	28.4321	129	52 	3  	2303  	4.60648
INFO:gp:130	2308  	0.712624	130	0.809281	0.461564	2308  	0.123237 	28.1935	130	49 	3  	2308  	4.76721
INFO:gp:131	2257  	0.712311	131	0.809281	0.441993	2257  	0.124028 	28.4376	131	49 	3  	2257  	4.48949
INFO:gp:132	2298  	0.716631	132	0.809281	0.442364	2298  	0.122381 	28.3421	132	49 	3  	2298  	4.52201
INFO:gp:133	2322  	0.709531	133	0.809281	0.425197	2322  	0.125146 	28.4301	133	49 	3  	2322  	4.40719
INFO:gp:134	2339  	0.711469	134	0.809281	0.425782	2339  	0.124735 	28.2607	134	49 	3  	2339  	4.70669
INFO:gp:135	2347  	0.711387	135	0.809281	0.465094	2347  	0.124875 	28.3395	135	49 	3  	2347  	4.50553
INFO:gp:136	2307  	0.717899	136	0.809281	0.452724	2307  	0.121441 	28.2734	136	49 	3  	2307  	4.57698
INFO:gp:137	2340  	0.715054	137	0.809281	0.447136	2340  	0.122826 	28.2714	137	49 	3  	2340  	4.75701
INFO:gp:138	2316  	0.710945	138	0.809281	0.438377	2316  	0.124089 	28.2121	138	49 	3  	2316  	4.92885
INFO:gp:139	2319  	0.713241	139	0.809281	0.435161	2319  	0.122617 	28.1515	139	49 	3  	2319  	4.87306
INFO:gp:140	2293  	0.710295	140	0.809281	0.445432	2293  	0.12464  	28.2229	140	49 	3  	2293  	4.92735
INFO:gp:141	2299  	0.713649	141	0.809281	0.444389	2299  	0.123377 	28.3633	141	49 	3  	2299  	4.58574
INFO:gp:142	2302  	0.711365	142	0.809281	0.446125	2302  	0.124846 	28.2861	142	53 	3  	2302  	4.62144
INFO:gp:143	2333  	0.71622 	143	0.809281	0.447005	2333  	0.121806 	28.3864	143	49 	3  	2333  	4.4527 
INFO:gp:144	2281  	0.717409	144	0.809281	0.406416	2281  	0.121104 	28.4389	144	49 	3  	2281  	4.56444
INFO:gp:145	2353  	0.712261	145	0.809281	0.433487	2353  	0.123449 	28.3522	145	52 	3  	2353  	4.8884 
INFO:gp:146	2335  	0.711763	146	0.809281	0.405864	2335  	0.123749 	28.667 	146	49 	3  	2335  	4.49973
INFO:gp:147	2296  	0.714102	147	0.809294	0.433222	2296  	0.123027 	28.87  	147	52 	3  	2296  	4.81841
INFO:gp:148	2354  	0.712315	148	0.809294	0.453651	2354  	0.123413 	29.6266	148	57 	3  	2354  	4.98627
INFO:gp:149	2321  	0.71366 	149	0.809294	0.422035	2321  	0.122368 	30.651 	149	58 	3  	2321  	5.30839
INFO:gp:150	2314  	0.717467	150	0.809294	0.433961	2314  	0.122253 	31.4568	150	57 	3  	2314  	5.0855 
INFO:gp:151	2341  	0.716315	151	0.809698	0.463433	2341  	0.122689 	32.1049	151	59 	3  	2341  	5.04932
INFO:gp:152	2343  	0.719732	152	0.809698	0.447361	2343  	0.121664 	32.5712	152	58 	3  	2343  	4.92861
INFO:gp:153	2283  	0.71383 	153	0.809698	0.412978	2283  	0.124605 	33.0824	153	57 	3  	2283  	5.31461
INFO:gp:154	2330  	0.718395	154	0.809698	0.442515	2330  	0.122446 	33.5448	154	62 	3  	2330  	5.36528
INFO:gp:155	2255  	0.720823	155	0.809698	0.404908	2255  	0.121722 	34.1284	155	62 	3  	2255  	5.30495
INFO:gp:156	2317  	0.71986 	156	0.809746	0.461832	2317  	0.122024 	34.5393	156	62 	3  	2317  	5.58084
INFO:gp:157	2332  	0.716064	157	0.809746	0.433214	2332  	0.124928 	35.2548	157	63 	3  	2332  	5.50792
INFO:gp:158	2300  	0.715093	158	0.809746	0.422122	2300  	0.125288 	35.6263	158	61 	3  	2300  	5.45912
INFO:gp:159	2278  	0.714683	159	0.809746	0.444083	2278  	0.126523 	35.6432	159	65 	3  	2278  	5.5978 
INFO:gp:160	2350  	0.718109	160	0.811097	0.462207	2350  	0.123423 	35.7836	160	65 	3  	2350  	5.44801
INFO:gp:161	2292  	0.719686	161	0.812988	0.475303	2292  	0.123583 	35.8948	161	65 	3  	2292  	5.43162
INFO:gp:162	2305  	0.719313	162	0.812988	0.420366	2305  	0.123684 	35.824 	162	67 	3  	2305  	5.86074
INFO:gp:163	2314  	0.711492	163	0.812988	0.437508	2314  	0.128077 	36.0143	163	67 	3  	2314  	5.85736
INFO:gp:164	2304  	0.711152	164	0.812988	0.461148	2304  	0.127271 	36.1554	164	65 	3  	2304  	6.1457 
INFO:gp:165	2393  	0.713046	165	0.812988	0.428342	2393  	0.126184 	36.7908	165	70 	3  	2393  	6.19583
INFO:gp:166	2328  	0.717657	166	0.813021	0.450581	2328  	0.125448 	37.5705	166	71 	3  	2328  	6.17096
INFO:gp:167	2329  	0.716974	167	0.816272	0.40439 	2329  	0.125344 	37.5448	167	73 	3  	2329  	6.09026
INFO:gp:168	2268  	0.72303 	168	0.816272	0.452824	2268  	0.122909 	36.8319	168	73 	3  	2268  	6.34814
INFO:gp:169	2298  	0.721219	169	0.816272	0.422554	2298  	0.12427  	36.6689	169	73 	3  	2298  	5.9238 
INFO:gp:170	2287  	0.718365	170	0.816272	0.443607	2287  	0.125997 	36.9488	170	71 	3  	2287  	6.00122
INFO:gp:171	2365  	0.718913	171	0.816272	0.416322	2365  	0.125252 	38.0098	171	66 	3  	2365  	6.64997
INFO:gp:172	2307  	0.721823	172	0.816272	0.438958	2307  	0.124182 	40.1092	172	72 	3  	2307  	6.76628
INFO:gp:173	2323  	0.716081	173	0.816272	0.456086	2323  	0.128088 	41.883 	173	74 	3  	2323  	6.15942
INFO:gp:174	2292  	0.726589	174	0.816272	0.442553	2292  	0.124355 	42.3822	174	76 	3  	2292  	5.99687
INFO:gp:175	2326  	0.723601	175	0.816272	0.457895	2326  	0.12641  	42.667 	175	73 	3  	2326  	5.69937
INFO:gp:176	2339  	0.718938	176	0.816272	0.455818	2339  	0.127702 	42.7504	176	73 	3  	2339  	5.73172
INFO:gp:177	2345  	0.726835	177	0.816272	0.429277	2345  	0.123994 	42.7208	177	76 	3  	2345  	6.02654
INFO:gp:178	2320  	0.718267	178	0.816272	0.437797	2320  	0.127825 	42.9078	178	77 	3  	2320  	5.56794
INFO:gp:179	2323  	0.721487	179	0.816508	0.432362	2323  	0.126942 	42.8221	179	77 	3  	2323  	5.94985
INFO:gp:180	2336  	0.719994	180	0.816508	0.457246	2336  	0.127668 	42.7674	180	77 	3  	2336  	5.79069
INFO:gp:181	2331  	0.726498	181	0.816508	0.465961	2331  	0.124223 	42.9642	181	77 	4  	2331  	5.20095
INFO:gp:182	2311  	0.721301	182	0.816508	0.407558	2311  	0.126882 	42.8847	182	77 	3  	2311  	5.57309
INFO:gp:183	2362  	0.720644	183	0.816508	0.455333	2362  	0.127656 	42.8289	183	72 	3  	2362  	5.55212
INFO:gp:184	2339  	0.717456	184	0.816508	0.430894	2339  	0.129019 	42.625 	184	77 	3  	2339  	5.86714
INFO:gp:185	2319  	0.721215	185	0.816508	0.434293	2319  	0.128021 	42.2815	185	65 	3  	2319  	6.22608
INFO:gp:186	2347  	0.718006	186	0.816508	0.442862	2347  	0.128243 	42.3845	186	65 	3  	2347  	5.63221
INFO:gp:187	2312  	0.723294	187	0.818337	0.446864	2312  	0.125221 	42.1626	187	71 	3  	2312  	5.63631
INFO:gp:188	2318  	0.716666	188	0.818337	0.456912	2318  	0.12886  	41.8247	188	76 	3  	2318  	6.19541
INFO:gp:189	2317  	0.716601	189	0.818337	0.447225	2317  	0.129724 	41.9671	189	75 	3  	2317  	5.87453
INFO:gp:190	2328  	0.720239	190	0.818337	0.398348	2328  	0.12623  	42.0013	190	75 	3  	2328  	5.82256
INFO:gp:191	2322  	0.72248 	191	0.818337	0.440896	2322  	0.125849 	42.0515	191	75 	3  	2322  	6.04237
INFO:gp:192	2319  	0.720336	192	0.818337	0.452356	2319  	0.128841 	42.4917	192	75 	3  	2319  	5.75465
INFO:gp:193	2361  	0.719999	193	0.818337	0.463925	2361  	0.126543 	42.8133	193	75 	3  	2361  	5.84669
INFO:gp:194	2302  	0.727875	194	0.819764	0.456488	2302  	0.124733 	43.32  	194	77 	3  	2302  	5.59557
INFO:gp:195	2327  	0.720508	195	0.819764	0.456586	2327  	0.127855 	43.4855	195	75 	3  	2327  	5.96691
INFO:gp:196	2340  	0.724632	196	0.819764	0.43956 	2340  	0.125911 	43.711 	196	75 	3  	2340  	5.69047
INFO:gp:197	2316  	0.720391	197	0.819764	0.432762	2316  	0.128187 	44.0055	197	75 	3  	2316  	5.48165
INFO:gp:198	2295  	0.720794	198	0.819764	0.4646  	2295  	0.128117 	44.1688	198	75 	3  	2295  	6.03926
INFO:gp:199	2359  	0.726324	199	0.819764	0.44167 	2359  	0.124798 	44.6895	199	75 	3  	2359  	6.30725
INFO:gp:200	2304  	0.722429	200	0.819764	0.466924	2304  	0.128308 	46.2131	200	75 	3  	2304  	6.39334
INFO:gp:201	2364  	0.724289	201	0.819764	0.402147	2364  	0.127333 	48.1659	201	81 	3  	2364  	6.69093
INFO:gp:202	2295  	0.73033 	202	0.819764	0.474111	2295  	0.124557 	50.1489	202	75 	3  	2295  	6.08512
INFO:gp:203	2325  	0.723716	203	0.819764	0.463126	2325  	0.129051 	50.7631	203	75 	3  	2325  	5.92345
INFO:gp:204	2313  	0.723958	204	0.819764	0.408764	2313  	0.127389 	50.9361	204	75 	3  	2313  	6.23634
INFO:gp:205	2321  	0.725923	205	0.819764	0.460816	2321  	0.127669 	51.0235	205	81 	3  	2321  	5.92624
INFO:gp:206	2334  	0.726143	206	0.819764	0.433489	2334  	0.127011 	51.1701	206	75 	3  	2334  	5.7461 
INFO:gp:207	2323  	0.727108	207	0.819764	0.45404 	2323  	0.126971 	51.16  	207	75 	3  	2323  	5.76425
INFO:gp:208	2317  	0.724607	208	0.819764	0.435304	2317  	0.128406 	51.1619	208	81 	3  	2317  	5.72449
INFO:gp:209	2323  	0.725737	209	0.819764	0.46448 	2323  	0.12756  	51.2936	209	81 	3  	2323  	5.76629
INFO:gp:210	2293  	0.728749	210	0.819764	0.44059 	2293  	0.125357 	51.1877	210	82 	3  	2293  	5.64855
INFO:gp:211	2279  	0.728651	211	0.819764	0.456086	2279  	0.126385 	51.3265	211	75 	3  	2279  	5.82438
INFO:gp:212	2317  	0.726635	212	0.819764	0.440155	2317  	0.126439 	51.1245	212	75 	3  	2317  	6.17235
INFO:gp:213	2302  	0.724593	213	0.819764	0.41229 	2302  	0.128479 	51.2405	213	81 	3  	2302  	5.83348
INFO:gp:214	2323  	0.722055	214	0.819764	0.469216	2323  	0.129318 	51.1636	214	81 	3  	2323  	5.74391
INFO:gp:215	2317  	0.723073	215	0.819764	0.403274	2317  	0.128973 	51.2669	215	81 	3  	2317  	5.90244
INFO:gp:216	2282  	0.731237	216	0.819764	0.446   	2282  	0.125273 	51.4125	216	81 	3  	2282  	5.66163
INFO:gp:217	2320  	0.727084	217	0.819764	0.468793	2320  	0.126847 	51.3848	217	73 	3  	2320  	5.50022
INFO:gp:218	2347  	0.720284	218	0.819764	0.467417	2347  	0.130548 	51.3969	218	81 	3  	2347  	5.69064
INFO:gp:219	2313  	0.726096	219	0.819764	0.463826	2313  	0.126496 	51.4226	219	81 	3  	2313  	5.63443
INFO:gp:220	2282  	0.72773 	220	0.819764	0.43178 	2282  	0.126626 	51.4998	220	71 	3  	2282  	5.36656
INFO:gp:221	2249  	0.723485	221	0.819764	0.437641	2249  	0.129112 	51.434 	221	72 	3  	2249  	5.7613 
INFO:gp:222	2274  	0.724687	222	0.819764	0.455785	2274  	0.127851 	51.4692	222	71 	3  	2274  	5.59542
INFO:gp:223	2282  	0.726355	223	0.819764	0.451388	2282  	0.127617 	51.5207	223	66 	3  	2282  	5.41163
INFO:gp:224	2313  	0.726793	224	0.819764	0.463632	2313  	0.127762 	51.3855	224	71 	3  	2313  	5.84287
INFO:gp:225	2312  	0.720865	225	0.819764	0.444065	2312  	0.130687 	51.5702	225	85 	3  	2312  	5.44585
INFO:gp:226	2351  	0.72421 	226	0.819764	0.475103	2351  	0.127402 	51.3069	226	75 	3  	2351  	6.05925
INFO:gp:227	2297  	0.725588	227	0.819764	0.469216	2297  	0.12752  	51.5738	227	72 	3  	2297  	5.40442
INFO:gp:228	2293  	0.729646	228	0.819764	0.428429	2293  	0.125847 	51.6015	228	75 	3  	2293  	5.39775
INFO:gp:229	2353  	0.721624	229	0.819787	0.476468	2353  	0.129005 	51.4555	229	75 	3  	2353  	5.71454
INFO:gp:230	2306  	0.725039	230	0.819787	0.472427	2306  	0.127543 	51.5816	230	74 	3  	2306  	5.47499
INFO:gp:231	2325  	0.724657	231	0.819787	0.461823	2325  	0.127391 	51.522 	231	79 	3  	2325  	5.79232
INFO:gp:232	2325  	0.72701 	232	0.819787	0.452284	2325  	0.126711 	51.6168	232	72 	3  	2325  	5.79084
INFO:gp:233	2329  	0.728648	233	0.819787	0.467779	2329  	0.125693 	52.1056	233	81 	3  	2329  	5.55531
INFO:gp:234	2309  	0.73195 	234	0.819787	0.451995	2309  	0.124252 	53.0596	234	75 	3  	2309  	6.09034
INFO:gp:235	2327  	0.726261	235	0.819787	0.469164	2327  	0.127662 	54.2568	235	87 	3  	2327  	7.47542
INFO:gp:236	2329  	0.728004	236	0.819789	0.455296	2329  	0.126675 	56.5471	236	97 	3  	2329  	7.00734
INFO:gp:237	2314  	0.731202	237	0.819789	0.450483	2314  	0.124955 	58.2603	237	97 	3  	2314  	6.3989 
INFO:gp:238	2310  	0.726321	238	0.819789	0.47497 	2310  	0.128609 	58.9528	238	91 	3  	2310  	6.12624
INFO:gp:239	2311  	0.730005	239	0.819789	0.446771	2311  	0.126649 	58.8804	239	97 	3  	2311  	7.05231
INFO:gp:240	2322  	0.728392	240	0.819789	0.464266	2322  	0.127297 	59.1281	240	87 	3  	2322  	6.62289
INFO:gp:241	2329  	0.725789	241	0.819928	0.452109	2329  	0.128046 	59.3082	241	83 	3  	2329  	6.29037
INFO:gp:242	2327  	0.725734	242	0.819928	0.385293	2327  	0.128807 	59.5569	242	85 	3  	2327  	6.53734
INFO:gp:243	2348  	0.73616 	243	0.819928	0.470064	2348  	0.123343 	59.9185	243	98 	3  	2348  	5.99467
INFO:gp:244	2301  	0.727336	244	0.819928	0.412461	2301  	0.128437 	60.103 	244	92 	3  	2301  	6.41767
INFO:gp:245	2322  	0.728129	245	0.819928	0.406886	2322  	0.127049 	60.1864	245	99 	3  	2322  	6.16783
INFO:gp:246	2318  	0.725364	246	0.82125 	0.458779	2318  	0.129275 	60.1258	246	93 	3  	2318  	6.15181
INFO:gp:247	2280  	0.733362	247	0.82125 	0.44926 	2280  	0.124478 	59.8071	247	80 	3  	2280  	6.43654
INFO:gp:248	2310  	0.725904	248	0.82125 	0.454088	2310  	0.129136 	59.8068	248	98 	3  	2310  	6.22235
INFO:gp:249	2347  	0.728409	249	0.82125 	0.470322	2347  	0.12828  	59.6696	249	87 	3  	2347  	5.96986
INFO:gp:250	2309  	0.728921	250	0.82125 	0.430573	2309  	0.127861 	59.6171	250	97 	3  	2309  	5.9294 
INFO:gp:251	2350  	0.727682	251	0.82125 	0.448584	2350  	0.128572 	59.4669	251	91 	3  	2350  	5.53951
INFO:gp:252	2327  	0.723533	252	0.82125 	0.467937	2327  	0.129941 	58.9661	252	71 	3  	2327  	5.84993
INFO:gp:253	2290  	0.730033	253	0.82125 	0.48287 	2290  	0.126335 	58.3776	253	80 	3  	2290  	5.63803
INFO:gp:254	2320  	0.724782	254	0.82127 	0.457318	2320  	0.129642 	57.4161	254	91 	3  	2320  	6.65418
INFO:gp:255	2341  	0.727307	255	0.82127 	0.468384	2341  	0.12838  	57.1786	255	91 	3  	2341  	6.20504
INFO:gp:256	2316  	0.728568	256	0.821273	0.441257	2316  	0.127776 	57.1962	256	91 	3  	2316  	5.91638
INFO:gp:257	2323  	0.727438	257	0.821273	0.443978	2323  	0.128907 	57.3144	257	81 	3  	2323  	5.8202 
INFO:gp:258	2318  	0.72727 	258	0.821273	0.443757	2318  	0.128595 	57.6272	258	76 	3  	2318  	5.71438
INFO:gp:259	2289  	0.729118	259	0.821273	0.445523	2289  	0.127844 	57.6569	259	89 	3  	2289  	6.09691
INFO:gp:260	2335  	0.726562	260	0.823706	0.452059	2335  	0.128691 	57.6536	260	84 	3  	2335  	5.77268
INFO:gp:261	2326  	0.728623	261	0.823706	0.462148	2326  	0.127319 	57.6318	261	73 	3  	2326  	5.67726
INFO:gp:262	2343  	0.729326	262	0.823706	0.460605	2343  	0.126432 	57.7615	262	91 	3  	2343  	6.53924
INFO:gp:263	2326  	0.730262	263	0.823706	0.46323 	2326  	0.127    	58.5852	263	95 	3  	2326  	6.5049 
INFO:gp:264	2273  	0.731261	264	0.824956	0.446955	2273  	0.128668 	59.5715	264	99 	3  	2273  	6.0816 
INFO:gp:265	2329  	0.730092	265	0.827393	0.446319	2329  	0.127999 	59.6872	265	99 	3  	2329  	6.2307 
INFO:gp:266	2286  	0.731491	266	0.827393	0.460665	2286  	0.127662 	58.8993	266	76 	3  	2286  	6.50653
INFO:gp:267	2281  	0.729683	267	0.827394	0.459296	2281  	0.12892  	57.6859	267	87 	5  	2281  	6.63893
INFO:gp:268	2299  	0.73064 	268	0.827394	0.452556	2299  	0.127734 	56.6165	268	83 	3  	2299  	6.80438
INFO:gp:269	2290  	0.732624	269	0.827394	0.41046 	2290  	0.128351 	57.3402	269	92 	3  	2290  	6.51401
INFO:gp:270	2304  	0.736506	270	0.827394	0.435025	2304  	0.125863 	58.3561	270	95 	3  	2304  	7.27892
INFO:gp:271	2306  	0.732188	271	0.827394	0.453822	2306  	0.12998  	59.3555	271	91 	3  	2306  	6.61872
INFO:gp:272	2309  	0.735592	272	0.827426	0.472057	2309  	0.127849 	58.9254	272	97 	3  	2309  	6.56561
INFO:gp:273	2346  	0.734706	273	0.827426	0.466007	2346  	0.127938 	58.5999	273	86 	3  	2346  	6.13189
INFO:gp:274	2304  	0.72684 	274	0.827428	0.46912 	2304  	0.132379 	58.2994	274	87 	3  	2304  	6.53406
INFO:gp:275	2315  	0.735815	275	0.827428	0.364589	2315  	0.128057 	58.4197	275	80 	3  	2315  	5.79551
INFO:gp:276	2334  	0.731547	276	0.830729	0.438782	2334  	0.130008 	58.7807	276	93 	3  	2334  	6.24949
INFO:gp:277	2324  	0.732893	277	0.830729	0.479557	2324  	0.129979 	59.4741	277	95 	3  	2324  	6.27462
INFO:gp:278	2341  	0.727083	278	0.830729	0.45573 	2341  	0.133306 	59.7625	278	94 	3  	2341  	7.12079
INFO:gp:279	2321  	0.735591	279	0.830729	0.446792	2321  	0.128372 	59.5546	279	88 	3  	2321  	6.60278
INFO:gp:280	2268  	0.73885 	280	0.830729	0.446663	2268  	0.126419 	58.8586	280	88 	3  	2268  	6.2452 
INFO:gp:281	2300  	0.734372	281	0.830729	0.406873	2300  	0.12966  	58.768 	281	80 	3  	2300  	6.26021
INFO:gp:282	2307  	0.733065	282	0.830731	0.449288	2307  	0.129889 	59.2864	282	92 	3  	2307  	6.29593
INFO:gp:283	2305  	0.73458 	283	0.830731	0.450077	2305  	0.130719 	60.754 	283	82 	3  	2305  	5.75279
INFO:gp:284	2360  	0.735197	284	0.830731	0.466893	2360  	0.13056  	61.6963	284	84 	3  	2360  	6.34428
INFO:gp:285	2299  	0.738645	285	0.830731	0.403998	2299  	0.129977 	62.3047	285	84 	3  	2299  	6.68044
INFO:gp:286	2308  	0.73989 	286	0.830731	0.453822	2308  	0.1298   	62.77  	286	105	3  	2308  	6.63619
INFO:gp:287	2329  	0.733874	287	0.830731	0.425052	2329  	0.132093 	62.9078	287	105	3  	2329  	6.35752
INFO:gp:288	2259  	0.74171 	288	0.830731	0.469677	2259  	0.128015 	62.5771	288	90 	3  	2259  	6.13551
INFO:gp:289	2366  	0.733466	289	0.830731	0.44808 	2366  	0.131752 	62.2512	289	90 	3  	2366  	5.6334 
INFO:gp:290	2305  	0.735523	290	0.830731	0.460656	2305  	0.131898 	61.9668	290	83 	3  	2305  	6.13014
INFO:gp:291	2359  	0.732301	291	0.830731	0.437324	2359  	0.132679 	62.1541	291	101	3  	2359  	6.69666
INFO:gp:292	2296  	0.731619	292	0.830731	0.480244	2296  	0.134352 	63.1069	292	104	3  	2296  	5.74683
INFO:gp:293	2313  	0.737922	293	0.830733	0.456366	2313  	0.130477 	63.5738	293	89 	3  	2313  	6.01211
INFO:gp:294	2296  	0.738501	294	0.830733	0.470517	2296  	0.130626 	64.3183	294	97 	3  	2296  	5.62896
INFO:gp:295	2329  	0.732915	295	0.830733	0.456051	2329  	0.134204 	64.027 	295	107	3  	2329  	6.84842
INFO:gp:296	2360  	0.733307	296	0.830733	0.483834	2360  	0.132106 	63.8185	296	93 	3  	2360  	6.68004
INFO:gp:297	2321  	0.734032	297	0.830733	0.453818	2321  	0.132475 	63.9068	297	93 	3  	2321  	6.1729 
INFO:gp:298	2277  	0.739995	298	0.830733	0.448796	2277  	0.130432 	63.7455	298	101	3  	2277  	7.20971
INFO:gp:299	2312  	0.735833	299	0.830733	0.453855	2312  	0.131746 	64.9902	299	89 	3  	2312  	6.2724 
INFO:gp:300	2350  	0.73754 	300	0.830733	0.434502	2350  	0.131405 	66.0772	300	83 	3  	2350  	6.90915
INFO:gp:301	2300  	0.736726	301	0.830733	0.446877	2300  	0.132261 	66.7996	301	114	3  	2300  	6.51848
INFO:gp:302	2321  	0.739721	302	0.830733	0.448371	2321  	0.130054 	66.7628	302	113	3  	2321  	6.97235
INFO:gp:303	2391  	0.7324  	303	0.830733	0.463405	2391  	0.132951 	66.5653	303	89 	3  	2391  	6.50283
INFO:gp:304	2323  	0.732835	304	0.830733	0.460465	2323  	0.134517 	65.9182	304	95 	3  	2323  	6.50013
INFO:gp:305	2325  	0.737984	305	0.830733	0.385993	2325  	0.130973 	65.0531	305	92 	3  	2325  	6.89601
INFO:gp:306	2334  	0.733258	306	0.830733	0.451246	2334  	0.132993 	64.7465	306	91 	3  	2334  	6.85655
INFO:gp:307	2294  	0.739756	307	0.830734	0.402021	2294  	0.129495 	64.8801	307	89 	3  	2294  	6.74861
INFO:gp:308	2328  	0.734358	308	0.830734	0.436926	2328  	0.132729 	65.2929	308	113	3  	2328  	6.89326
INFO:gp:309	2304  	0.73459 	309	0.831064	0.437495	2304  	0.133245 	66.0212	309	86 	3  	2304  	6.80989
INFO:gp:310	2333  	0.741043	310	0.831064	0.47397 	2333  	0.128946 	66.4829	310	101	3  	2333  	6.85759
INFO:gp:311	2303  	0.739813	311	0.831064	0.472414	2303  	0.129884 	66.2701	311	111	3  	2303  	7.00335
INFO:gp:312	2321  	0.73639 	312	0.831064	0.442496	2321  	0.132135 	65.679 	312	91 	3  	2321  	7.15665
INFO:gp:313	2282  	0.734689	313	0.831197	0.453429	2282  	0.133458 	65.77  	313	95 	3  	2282  	6.05798
INFO:gp:314	2371  	0.73777 	314	0.831197	0.466826	2371  	0.129422 	65.9945	314	98 	3  	2371  	6.70694
INFO:gp:315	2295  	0.736029	315	0.831197	0.433622	2295  	0.133157 	66.8889	315	86 	3  	2295  	7.19231
INFO:gp:316	2273  	0.732266	316	0.831197	0.47609 	2273  	0.135033 	68.4428	316	100	3  	2273  	6.32814
INFO:gp:317	2301  	0.738598	317	0.831197	0.47705 	2301  	0.130984 	69.0277	317	108	3  	2301  	6.09089
INFO:gp:318	2318  	0.74286 	318	0.83445 	0.447963	2318  	0.129156 	67.9413	318	107	3  	2318  	7.22197
INFO:gp:319	2270  	0.737759	319	0.83445 	0.445753	2270  	0.13246  	66.6106	319	103	3  	2270  	6.76972
INFO:gp:320	2344  	0.74122 	320	0.83445 	0.433713	2344  	0.128879 	65.5383	320	107	3  	2344  	6.53743
INFO:gp:321	2333  	0.736865	321	0.83445 	0.437561	2333  	0.130741 	64.8117	321	78 	3  	2333  	6.84729
INFO:gp:322	2284  	0.742617	322	0.83445 	0.477378	2284  	0.129169 	64.7732	322	95 	3  	2284  	6.75311
INFO:gp:323	2303  	0.739392	323	0.834478	0.472346	2303  	0.130851 	64.9576	323	94 	3  	2303  	5.84899
INFO:gp:324	2322  	0.73805 	324	0.834478	0.459782	2322  	0.13287  	64.8276	324	104	3  	2322  	6.25826
INFO:gp:325	2292  	0.73751 	325	0.834478	0.44808 	2292  	0.132633 	64.7713	325	107	3  	2292  	6.39234
INFO:gp:326	2301  	0.74007 	326	0.834478	0.469862	2301  	0.132186 	64.7876	326	107	3  	2301  	6.56058
INFO:gp:327	2320  	0.740427	327	0.834478	0.43272 	2320  	0.131842 	64.8667	327	101	3  	2320  	6.17409
INFO:gp:328	2384  	0.741627	328	0.834478	0.473935	2384  	0.13023  	64.8814	328	107	3  	2384  	6.7246 
INFO:gp:329	2322  	0.734854	329	0.834479	0.43272 	2322  	0.133602 	65.0802	329	108	3  	2322  	6.64214
INFO:gp:330	2311  	0.73993 	330	0.834479	0.425817	2311  	0.132558 	65.3265	330	101	3  	2311  	6.95503
INFO:gp:331	2337  	0.736735	331	0.834479	0.467385	2337  	0.133572 	65.6409	331	84 	3  	2337  	6.29492
INFO:gp:332	2383  	0.74015 	332	0.834479	0.465754	2383  	0.130451 	65.4545	332	103	3  	2383  	7.16602
INFO:gp:333	2283  	0.744897	333	0.834479	0.456094	2283  	0.128826 	65.6634	333	109	3  	2283  	6.89344
INFO:gp:334	2285  	0.735434	334	0.834479	0.440667	2285  	0.133886 	65.944 	334	111	3  	2285  	6.50574
INFO:gp:335	2328  	0.740609	335	0.834483	0.469973	2328  	0.13141  	66.3607	335	82 	3  	2328  	6.02546
INFO:gp:336	2302  	0.737142	336	0.834483	0.460052	2302  	0.133768 	66.4011	336	99 	3  	2302  	7.87672
INFO:gp:337	2344  	0.736215	337	0.834483	0.468274	2344  	0.133715 	67.1792	337	107	3  	2344  	6.67788
INFO:gp:338	2318  	0.734072	338	0.834483	0.460733	2318  	0.136271 	67.5367	338	94 	3  	2318  	5.97183
INFO:gp:339	2342  	0.742837	339	0.834483	0.464904	2342  	0.130815 	67.259 	339	102	3  	2342  	6.97968
INFO:gp:340	2288  	0.739273	340	0.834483	0.472817	2288  	0.133025 	67.4803	340	113	3  	2288  	6.4    
INFO:gp:341	2329  	0.733913	341	0.834577	0.460941	2329  	0.135978 	67.4555	341	95 	3  	2329  	6.23952
INFO:gp:342	2312  	0.736473	342	0.83461 	0.469836	2312  	0.134143 	67.0101	342	113	3  	2312  	7.8277 
INFO:gp:343	2324  	0.737533	343	0.83461 	0.456659	2324  	0.133378 	67.3679	343	103	3  	2324  	6.64747
INFO:gp:344	2346  	0.735955	344	0.838172	0.452357	2346  	0.134091 	67.2985	344	95 	3  	2346  	6.70207
INFO:gp:345	2303  	0.741282	345	0.838172	0.444011	2303  	0.131876 	67.3926	345	107	3  	2303  	6.21783
INFO:gp:346	2346  	0.73864 	346	0.838172	0.479279	2346  	0.132293 	67.3265	346	113	3  	2346  	6.32458
INFO:gp:347	2305  	0.738877	347	0.838172	0.476244	2305  	0.133237 	67.1492	347	88 	3  	2305  	6.90582
INFO:gp:348	2372  	0.741417	348	0.838172	0.465769	2372  	0.131865 	66.8759	348	102	3  	2372  	7.51732
INFO:gp:349	2316  	0.73841 	349	0.838172	0.413647	2316  	0.135173 	67.2138	349	84 	3  	2316  	6.94206
INFO:gp:350	2371  	0.740089	350	0.838172	0.475258	2371  	0.133095 	67.2085	350	81 	3  	2371  	6.71179
INFO:gp:351	2348  	0.740955	351	0.838172	0.477965	2348  	0.132614 	67.349 	351	103	3  	2348  	6.31412
INFO:gp:352	2339  	0.737802	352	0.838202	0.474402	2339  	0.134479 	67.1981	352	94 	3  	2339  	6.7218 
INFO:gp:353	2333  	0.742826	353	0.838202	0.444889	2333  	0.133577 	67.4875	353	90 	3  	2333  	6.28799
INFO:gp:354	2306  	0.740151	354	0.838202	0.456659	2306  	0.135072 	67.348 	354	102	3  	2306  	6.84113
INFO:gp:355	2299  	0.744221	355	0.838202	0.479545	2299  	0.132986 	67.4132	355	107	3  	2299  	6.36354
INFO:gp:356	2307  	0.746411	356	0.838202	0.463908	2307  	0.130761 	67.3656	356	94 	3  	2307  	6.63482
INFO:gp:357	2320  	0.740436	357	0.838202	0.463804	2320  	0.133948 	67.1942	357	84 	3  	2320  	7.16291
INFO:gp:358	2295  	0.746846	358	0.838202	0.47597 	2295  	0.129971 	67.5552	358	94 	3  	2295  	5.92172
INFO:gp:359	2332  	0.740286	359	0.838202	0.449061	2332  	0.134395 	67.4174	359	113	3  	2332  	6.67547
INFO:gp:360	2334  	0.743366	360	0.838202	0.466546	2334  	0.132728 	67.5311	360	103	3  	2334  	6.32132
INFO:gp:361	2364  	0.741326	361	0.838202	0.462222	2364  	0.133507 	67.246 	361	103	3  	2364  	6.91218
INFO:gp:362	2285  	0.740119	362	0.838202	0.440162	2285  	0.134395 	67.3346	362	107	3  	2285  	6.81538
INFO:gp:363	2323  	0.742089	363	0.838202	0.480399	2323  	0.133792 	67.5158	363	95 	3  	2323  	6.3814 
INFO:gp:364	2316  	0.740471	364	0.838202	0.450709	2316  	0.133707 	67.4871	364	103	3  	2316  	6.39385
INFO:gp:365	2371  	0.736918	365	0.838202	0.456893	2371  	0.136282 	67.5067	365	113	3  	2371  	6.33586
INFO:gp:366	2300  	0.741668	366	0.838202	0.43978 	2300  	0.133981 	67.392 	366	93 	3  	2300  	6.50266
INFO:gp:367	2369  	0.742294	367	0.838202	0.45323 	2369  	0.132152 	67.1831	367	93 	3  	2369  	7.25397
INFO:gp:368	2344  	0.741044	368	0.838202	0.480829	2344  	0.133264 	67.4246	368	93 	3  	2344  	6.51573
INFO:gp:369	2262  	0.7406  	369	0.838202	0.446601	2262  	0.13396  	67.4295	369	95 	3  	2262  	6.69033
INFO:gp:370	2396  	0.739331	370	0.838202	0.429072	2396  	0.133946 	67.5002	370	103	3  	2396  	6.23284
INFO:gp:371	2276  	0.743531	371	0.838202	0.408311	2276  	0.132452 	67.1984	371	103	3  	2276  	7.21684
INFO:gp:372	2313  	0.739343	372	0.838202	0.412978	2313  	0.135132 	67.4334	372	95 	3  	2313  	6.9482 
INFO:gp:373	2309  	0.741   	373	0.838202	0.460287	2309  	0.133061 	67.5119	373	103	3  	2309  	6.41268
INFO:gp:374	2309  	0.743566	374	0.838202	0.453452	2309  	0.132337 	67.5367	374	113	3  	2309  	6.35716
INFO:gp:375	2349  	0.740146	375	0.838202	0.469027	2349  	0.134156 	67.231 	375	113	3  	2349  	7.01684
INFO:gp:376	2329  	0.741643	376	0.838202	0.461265	2329  	0.133877 	67.3193	376	113	3  	2329  	7.05273
INFO:gp:377	2297  	0.741949	377	0.838202	0.459116	2297  	0.133852 	67.3832	377	103	3  	2297  	6.48349
INFO:gp:378	2302  	0.743519	378	0.838202	0.466187	2302  	0.131535 	67.6031	378	82 	3  	2302  	5.61559
INFO:gp:379	2309  	0.739568	379	0.84063 	0.351939	2309  	0.135197 	67.4907	379	82 	3  	2309  	6.47035
INFO:gp:380	2283  	0.741444	380	0.84063 	0.459276	2283  	0.134108 	67.5751	380	94 	3  	2283  	5.90574
INFO:gp:381	2346  	0.740498	381	0.84063 	0.45789 	2346  	0.13461  	67.2004	381	94 	3  	2346  	7.16968
INFO:gp:382	2289  	0.737796	382	0.84063 	0.443172	2289  	0.136097 	67.4927	382	102	3  	2289  	6.1721 
INFO:gp:383	2304  	0.745239	383	0.84063 	0.439985	2304  	0.130615 	67.4914	383	113	3  	2304  	6.59811
INFO:gp:384	2319  	0.74103 	384	0.84063 	0.464729	2319  	0.133367 	67.2046	384	107	3  	2319  	7.10682
INFO:gp:385	2308  	0.737503	385	0.84063 	0.483835	2308  	0.135466 	67.1017	385	82 	3  	2308  	7.22637
INFO:gp:386	2331  	0.742069	386	0.84063 	0.423521	2331  	0.132025 	67.0283	386	95 	3  	2331  	6.64126
INFO:gp:387	2315  	0.741855	387	0.84063 	0.465804	2315  	0.134118 	66.7406	387	107	3  	2315  	6.43238
INFO:gp:388	2347  	0.741672	388	0.84063 	0.469152	2347  	0.134838 	66.0466	388	109	3  	2347  	7.08912
INFO:gp:389	2331  	0.743851	389	0.84063 	0.46623 	2331  	0.134232 	65.6592	389	85 	3  	2331  	6.8915 
INFO:gp:390	2313  	0.741885	390	0.84063 	0.427996	2313  	0.135579 	65.6439	390	82 	3  	2313  	6.69427
INFO:gp:391	2329  	0.740904	391	0.84063 	0.475252	2329  	0.136278 	65.7181	391	103	3  	2329  	6.5464 
INFO:gp:392	2341  	0.744011	392	0.84063 	0.463384	2341  	0.134047 	65.7221	392	82 	3  	2341  	6.31218
INFO:gp:393	2340  	0.73979 	393	0.84063 	0.456588	2340  	0.135493 	65.6256	393	90 	3  	2340  	6.57113
INFO:gp:394	2338  	0.740804	394	0.84063 	0.465852	2338  	0.135627 	65.709 	394	103	3  	2338  	6.42076
INFO:gp:395	2342  	0.745756	395	0.84063 	0.47206 	2342  	0.133329 	65.6833	395	97 	3  	2342  	6.26815
INFO:gp:396	2346  	0.744298	396	0.84063 	0.440923	2346  	0.134239 	65.5386	396	99 	3  	2346  	6.90787
INFO:gp:397	2317  	0.741664	397	0.84063 	0.477882	2317  	0.134952 	65.5448	397	100	4  	2317  	6.80705
INFO:gp:398	2301  	0.748035	398	0.84063 	0.475207	2301  	0.131901 	65.6895	398	109	3  	2301  	6.70267
INFO:gp:399	2302  	0.746991	399	0.84063 	0.464284	2302  	0.13228  	65.8527	399	99 	5  	2302  	5.65701
INFO:gp:400	2355  	0.74559 	400	0.84063 	0.424638	2355  	0.134066 	65.5354	400	99 	3  	2355  	6.92998
INFO:__main__:Saving model to file: checkpoints/run_8.pth
