INFO:data:Reading dataset fish: oil
INFO:data:Class Counts: [108 126], Class Ratios: [0.46153846 0.53846154]
INFO:data:Number of features: 1023
INFO:data:Number of instances: 234
INFO:data:Number of classes 2.
INFO:__main__:No model found. Train from scratch.
INFO:gp:   	      	                                 fitness                                 	                      size                     
   	      	-------------------------------------------------------------------------	-----------------------------------------------
gen	nevals	avg     	gen	max     	min     	nevals	std      	avg    	gen	max	min	nevals	std    
0  	1023  	0.500423	0  	0.649357	0.393647	1023  	0.0347566	3.54154	0  	7  	2  	1023  	1.34404
INFO:gp:1  	785   	0.529963	1  	0.649357	0.39232 	785   	0.0367265	3.81818	1  	12 	2  	785   	1.49949
INFO:gp:2  	780   	0.545052	2  	0.657562	0.347113	780   	0.043357 	3.84751	2  	12 	2  	780   	1.38425
INFO:gp:3  	743   	0.562617	3  	0.689823	0.378194	743   	0.0492183	3.83382	3  	9  	1  	743   	1.27375
INFO:gp:4  	772   	0.57299 	4  	0.689823	0.379051	772   	0.0549733	4.25513	4  	11 	2  	772   	1.47591
INFO:gp:5  	778   	0.582375	5  	0.689823	0.368913	778   	0.0606663	4.48583	5  	10 	1  	778   	1.5277 
INFO:gp:6  	811   	0.597994	6  	0.69467 	0.385044	811   	0.0616406	4.59629	6  	11 	2  	811   	1.63128
INFO:gp:7  	761   	0.608757	7  	0.69467 	0.361273	761   	0.0654545	5.03226	7  	13 	1  	761   	1.93893
INFO:gp:8  	753   	0.618352	8  	0.69467 	0.357274	753   	0.0683414	5.3783 	8  	14 	2  	753   	2.04222
INFO:gp:9  	758   	0.625237	9  	0.69467 	0.379327	758   	0.0683053	5.5132 	9  	16 	2  	758   	2.0738 
INFO:gp:10 	791   	0.63267 	10 	0.699437	0.395196	791   	0.0663726	5.5738 	10 	13 	2  	791   	1.81343
INFO:gp:11 	787   	0.631755	11 	0.699437	0.384833	787   	0.0712048	5.70088	11 	13 	2  	787   	1.89212
INFO:gp:12 	772   	0.635769	12 	0.699437	0.403711	772   	0.0709126	5.78006	12 	15 	2  	772   	1.81002
INFO:gp:13 	786   	0.638372	13 	0.699437	0.393875	786   	0.0695106	5.79277	13 	15 	2  	786   	1.67847
INFO:gp:14 	781   	0.640523	14 	0.707478	0.415329	781   	0.0690675	5.77908	14 	15 	2  	781   	1.67498
INFO:gp:15 	765   	0.641717	15 	0.707478	0.357597	765   	0.0708418	5.57576	15 	14 	2  	765   	1.67024
INFO:gp:16 	781   	0.656387	16 	0.707478	0.401197	781   	0.0617351	5.18084	16 	14 	2  	781   	1.82723
INFO:gp:17 	749   	0.66309 	17 	0.707478	0.423655	749   	0.0600458	4.83578	17 	14 	2  	749   	1.82156
INFO:gp:18 	806   	0.664583	18 	0.712878	0.44971 	806   	0.0569922	4.99707	18 	14 	2  	806   	1.97566
INFO:gp:19 	781   	0.665052	19 	0.712878	0.453487	781   	0.0581833	5.13881	19 	14 	2  	781   	2.00007
INFO:gp:20 	780   	0.660736	20 	0.715026	0.444956	780   	0.0600344	5.66569	20 	14 	2  	780   	2.26747
INFO:gp:21 	764   	0.658212	21 	0.715026	0.370839	764   	0.0634572	6.27175	21 	15 	2  	764   	2.44519
INFO:gp:22 	738   	0.661206	22 	0.72076 	0.39612 	738   	0.0637441	7.32356	22 	16 	2  	738   	2.46419
INFO:gp:23 	771   	0.659071	23 	0.760556	0.448164	771   	0.0684503	8.35191	23 	19 	2  	771   	2.60748
INFO:gp:24 	746   	0.670537	24 	0.760556	0.391543	746   	0.0646439	9.39198	24 	22 	2  	746   	2.61169
INFO:gp:25 	772   	0.671699	25 	0.760556	0.388412	772   	0.0652124	9.7566 	25 	24 	2  	772   	2.75957
INFO:gp:26 	766   	0.672561	26 	0.763409	0.404738	766   	0.0695987	9.70577	26 	20 	2  	766   	2.76135
INFO:gp:27 	740   	0.688791	27 	0.767365	0.474819	740   	0.0665259	9.68133	27 	21 	2  	740   	2.6651 
INFO:gp:28 	770   	0.697234	28 	0.775064	0.440495	770   	0.0759169	9.85142	28 	22 	2  	770   	2.87359
INFO:gp:29 	771   	0.709296	29 	0.77507 	0.380689	771   	0.0754131	10.2121	29 	25 	4  	771   	2.95204
INFO:gp:30 	770   	0.711913	30 	0.77959 	0.470077	770   	0.077976 	10.7292	30 	28 	4  	770   	3.2074 
INFO:gp:31 	781   	0.716068	31 	0.77959 	0.468655	781   	0.0788809	11.5914	31 	31 	2  	781   	3.56276
INFO:gp:32 	788   	0.719638	32 	0.77959 	0.470015	788   	0.079473 	11.9765	32 	28 	4  	788   	3.56142
INFO:gp:33 	776   	0.721899	33 	0.77959 	0.475632	776   	0.0805774	11.784 	33 	28 	4  	776   	3.55508
INFO:gp:34 	779   	0.725298	34 	0.782054	0.482728	779   	0.0796094	12.2395	34 	28 	2  	779   	3.81645
INFO:gp:35 	741   	0.724545	35 	0.782054	0.489363	741   	0.0807522	13.4927	35 	28 	6  	741   	3.95845
INFO:gp:36 	770   	0.730176	36 	0.783196	0.474507	770   	0.0759883	14.7576	36 	27 	4  	770   	3.7372 
INFO:gp:37 	788   	0.732842	37 	0.784283	0.482727	788   	0.0729266	15.6764	37 	33 	4  	788   	3.35135
INFO:gp:38 	813   	0.738583	38 	0.789064	0.490496	813   	0.0688134	16.3431	38 	32 	6  	813   	3.52433
INFO:gp:39 	762   	0.737532	39 	0.789064	0.48116 	762   	0.0707855	17.5367	39 	36 	4  	762   	3.97701
INFO:gp:40 	793   	0.737642	40 	0.789064	0.485778	793   	0.0702774	18.4321	40 	39 	6  	793   	4.53088
INFO:gp:41 	786   	0.745443	41 	0.789064	0.494651	786   	0.0631848	19.5298	41 	39 	6  	786   	4.53582
INFO:gp:42 	755   	0.747942	42 	0.789065	0.498985	755   	0.0639009	20.4233	42 	41 	6  	755   	4.86893
INFO:gp:43 	749   	0.74635 	43 	0.789065	0.491071	749   	0.0668766	21.0811	43 	43 	4  	749   	5.01262
INFO:gp:44 	771   	0.745098	44 	0.789065	0.488268	771   	0.0679387	21.5024	44 	39 	6  	771   	4.97616
INFO:gp:45 	785   	0.74592 	45 	0.789071	0.495595	785   	0.066965 	21.7703	45 	40 	6  	785   	5.07144
INFO:gp:46 	767   	0.745147	46 	0.794364	0.479959	767   	0.069393 	22.0684	46 	38 	4  	767   	4.72604
INFO:gp:47 	755   	0.744676	47 	0.797915	0.483764	755   	0.0681877	21.5425	47 	41 	5  	755   	4.53787
INFO:gp:48 	777   	0.745382	48 	0.797915	0.483054	777   	0.0699126	21.2649	48 	37 	7  	777   	3.77769
INFO:gp:49 	766   	0.747565	49 	0.80373 	0.462798	766   	0.0674332	21.5806	49 	37 	6  	766   	3.59416
INFO:gp:50 	781   	0.750238	50 	0.803975	0.493035	781   	0.0691819	21.7996	50 	39 	7  	781   	3.6808 
INFO:gp:51 	782   	0.752829	51 	0.807263	0.461087	782   	0.0709736	21.9257	51 	38 	4  	782   	3.37265
INFO:gp:52 	756   	0.761952	52 	0.812277	0.470276	756   	0.06485  	22.0948	52 	40 	8  	756   	3.34609
INFO:gp:53 	774   	0.759972	53 	0.812277	0.479089	774   	0.0709854	22.2933	53 	38 	8  	774   	3.59972
INFO:gp:54 	771   	0.763177	54 	0.812284	0.452506	771   	0.0691336	22.7576	54 	36 	8  	771   	3.34756
INFO:gp:55 	793   	0.756812	55 	0.812284	0.444211	793   	0.0792332	23.7107	55 	41 	10 	793   	3.46161
INFO:gp:56 	774   	0.765482	56 	0.812299	0.43163 	774   	0.072787 	24.218 	56 	48 	4  	774   	3.68113
INFO:gp:57 	763   	0.76796 	57 	0.812321	0.490161	763   	0.0748413	24.7449	57 	40 	6  	763   	2.98258
INFO:gp:58 	779   	0.76921 	58 	0.814818	0.475985	779   	0.0752944	25.2053	58 	48 	14 	779   	3.0619 
INFO:gp:59 	761   	0.778414	59 	0.815677	0.500006	761   	0.0618478	25.8905	59 	48 	16 	761   	2.77676
INFO:gp:60 	790   	0.769113	60 	0.815677	0.491193	790   	0.0768385	26.7195	60 	48 	10 	790   	2.76878
INFO:gp:61 	770   	0.779286	61 	0.817548	0.478328	770   	0.0630047	27.0762	61 	48 	19 	770   	2.74993
INFO:gp:62 	790   	0.777341	62 	0.820819	0.489579	790   	0.0669418	27.4438	62 	49 	5  	790   	2.64381
INFO:gp:63 	773   	0.774732	63 	0.820819	0.492175	773   	0.0692846	27.8211	63 	47 	14 	773   	2.70698
INFO:gp:64 	751   	0.774992	64 	0.822183	0.489659	751   	0.0709245	28.1466	64 	48 	9  	751   	3.08941
INFO:gp:65 	756   	0.775465	65 	0.822184	0.489016	756   	0.0711227	28.3978	65 	47 	7  	756   	3.28614
INFO:gp:66 	771   	0.774191	66 	0.825946	0.491441	771   	0.0722709	28.4565	66 	47 	14 	771   	3.63025
INFO:gp:67 	752   	0.772548	67 	0.825946	0.48659 	752   	0.0794242	29.1065	67 	54 	11 	752   	3.35099
INFO:gp:68 	788   	0.780097	68 	0.825947	0.502848	788   	0.0688317	29.0694	68 	55 	18 	788   	2.88558
INFO:gp:69 	790   	0.778968	69 	0.825947	0.496636	790   	0.0711972	29.2229	69 	52 	19 	790   	2.92647
INFO:gp:70 	801   	0.780327	70 	0.829107	0.49273 	801   	0.0695675	29.5611	70 	55 	4  	801   	3.09857
INFO:gp:71 	774   	0.780415	71 	0.829107	0.440336	774   	0.0742762	29.9218	71 	48 	22 	774   	2.60118
INFO:gp:72 	776   	0.778437	72 	0.829107	0.401705	776   	0.0758102	29.9765	72 	50 	21 	776   	2.74163
INFO:gp:73 	792   	0.782354	73 	0.829231	0.492389	792   	0.0723919	29.8416	73 	52 	21 	792   	2.91696
INFO:gp:74 	781   	0.781669	74 	0.829239	0.475941	781   	0.0717444	30.3196	74 	45 	21 	781   	3.09644
INFO:gp:75 	786   	0.781224	75 	0.832505	0.481597	786   	0.0754475	30.7801	75 	47 	13 	786   	3.23312
INFO:gp:76 	761   	0.786219	76 	0.832505	0.462456	761   	0.0722706	30.9707	76 	47 	22 	761   	3.13108
INFO:gp:77 	777   	0.781636	77 	0.832505	0.473573	777   	0.0765751	30.8436	77 	47 	24 	777   	3.16366
INFO:gp:78 	749   	0.783752	78 	0.832506	0.498531	749   	0.0751603	31.1183	78 	63 	21 	749   	3.34884
INFO:gp:79 	797   	0.78264 	79 	0.832506	0.469295	797   	0.0773417	31.3089	79 	56 	7  	797   	3.34471
INFO:gp:80 	775   	0.786673	80 	0.832512	0.452336	775   	0.0749079	31.1369	80 	49 	22 	775   	2.89585
INFO:gp:81 	785   	0.785401	81 	0.832514	0.501558	785   	0.0738823	30.9804	81 	57 	22 	785   	2.83561
INFO:gp:82 	774   	0.784745	82 	0.832515	0.442707	774   	0.0770337	30.9814	82 	58 	9  	774   	2.85366
INFO:gp:83 	762   	0.789966	83 	0.832515	0.423009	762   	0.0688372	31.2893	83 	66 	11 	762   	3.10242
INFO:gp:84 	779   	0.782503	84 	0.832516	0.45973 	779   	0.077962 	32.305 	84 	55 	25 	779   	3.336  
INFO:gp:85 	769   	0.785899	85 	0.835822	0.503199	769   	0.0728258	33.2229	85 	57 	11 	769   	3.63984
INFO:gp:86 	783   	0.786361	86 	0.835822	0.492477	783   	0.0752649	34.2884	86 	53 	24 	783   	3.14584
INFO:gp:87 	768   	0.789795	87 	0.835822	0.492454	768   	0.0714443	34.8094	87 	55 	22 	768   	3.10957
INFO:gp:88 	789   	0.792817	88 	0.835823	0.488234	789   	0.0656184	35.9932	88 	53 	23 	789   	2.98038
INFO:gp:89 	774   	0.790453	89 	0.835849	0.492586	774   	0.0731433	36.5054	89 	64 	14 	774   	3.20125
INFO:gp:90 	760   	0.795843	90 	0.835849	0.492073	760   	0.0641919	36.7693	90 	55 	4  	760   	2.95445
INFO:gp:91 	792   	0.789738	91 	0.835849	0.492685	792   	0.0729194	37.1251	91 	67 	28 	792   	3.01317
INFO:gp:92 	766   	0.79422 	92 	0.835853	0.504689	766   	0.0703611	37.2199	92 	66 	24 	766   	2.90641
INFO:gp:93 	766   	0.79194 	93 	0.835853	0.492502	766   	0.0729558	37.0254	93 	57 	27 	766   	3.40624
INFO:gp:94 	744   	0.792548	94 	0.839165	0.504733	744   	0.0729282	35.9326	94 	61 	25 	744   	3.80209
INFO:gp:95 	778   	0.794344	95 	0.839169	0.492715	778   	0.0666601	34.8456	95 	70 	22 	778   	4.01191
INFO:gp:96 	796   	0.794754	96 	0.839171	0.474916	796   	0.0693593	35.5425	96 	56 	23 	796   	3.79534
INFO:gp:97 	780   	0.791232	97 	0.839171	0.452679	780   	0.0752769	37.0479	97 	62 	26 	780   	3.92608
INFO:gp:98 	784   	0.79335 	98 	0.839171	0.486484	784   	0.0712673	38.5992	98 	51 	14 	784   	3.39422
INFO:gp:99 	768   	0.794358	99 	0.839231	0.492414	768   	0.0714644	39.8025	99 	74 	13 	768   	3.14773
