INFO:data:Reading dataset fish: oil
INFO:data:Class Counts: [108 126], Class Ratios: [0.46153846 0.53846154]
INFO:data:Number of features: 1023
INFO:data:Number of instances: 234
INFO:data:Number of classes 2.
INFO:__main__:No model found. Train from scratch.
INFO:gp:   	      	                                 fitness                                 	                      size                     
   	      	-------------------------------------------------------------------------	-----------------------------------------------
gen	nevals	avg     	gen	max     	min     	nevals	std      	avg    	gen	max	min	nevals	std    
0  	1023  	0.503187	0  	0.646676	0.373361	1023  	0.0354206	3.54448	0  	7  	2  	1023  	1.40441
INFO:gp:1  	776   	0.533409	1  	0.662574	0.372497	776   	0.0375963	3.72239	1  	12 	2  	776   	1.45817
INFO:gp:2  	771   	0.550807	2  	0.68848 	0.369794	771   	0.0463244	3.76051	2  	15 	2  	771   	1.51058
INFO:gp:3  	768   	0.56836 	3  	0.690956	0.38629 	768   	0.054455 	4.05181	3  	11 	2  	768   	1.59981
INFO:gp:4  	747   	0.588821	4  	0.70265 	0.399698	747   	0.0619776	4.07918	4  	13 	2  	747   	1.6054 
INFO:gp:5  	782   	0.607029	5  	0.724046	0.383378	782   	0.065107 	3.9433 	5  	9  	1  	782   	1.42273
INFO:gp:6  	783   	0.63022 	6  	0.735857	0.420421	783   	0.0665323	3.71554	6  	11 	1  	783   	1.20856
INFO:gp:7  	782   	0.656721	7  	0.736058	0.443027	782   	0.0616665	3.78201	7  	9  	1  	782   	1.12224
INFO:gp:8  	746   	0.674807	8  	0.746981	0.446575	746   	0.061932 	3.82209	8  	9  	3  	746   	1.152  
INFO:gp:9  	779   	0.687249	9  	0.75234 	0.430168	779   	0.0650828	3.85924	9  	9  	3  	779   	1.22524
INFO:gp:10 	768   	0.692029	10 	0.75234 	0.472867	768   	0.0684334	3.79472	10 	10 	3  	768   	1.19173
INFO:gp:11 	788   	0.697908	11 	0.753677	0.464031	788   	0.0673752	3.76931	11 	10 	3  	788   	1.21877
INFO:gp:12 	775   	0.706327	12 	0.753677	0.469733	775   	0.0608029	3.61486	12 	9  	3  	775   	1.08137
INFO:gp:13 	773   	0.707556	13 	0.753677	0.453474	773   	0.0639523	3.57674	13 	11 	3  	773   	1.07114
INFO:gp:14 	752   	0.71094 	14 	0.762285	0.463592	752   	0.0628705	3.56403	14 	9  	3  	752   	1.08736
INFO:gp:15 	753   	0.707582	15 	0.762285	0.465181	753   	0.0671062	3.51711	15 	9  	3  	753   	1.03291
INFO:gp:16 	793   	0.707507	16 	0.762285	0.424223	793   	0.0679481	3.66373	16 	10 	3  	793   	1.13864
INFO:gp:17 	749   	0.711679	17 	0.762285	0.462746	749   	0.0655838	3.99218	17 	11 	3  	749   	1.29739
INFO:gp:18 	774   	0.705335	18 	0.762285	0.441243	774   	0.0699223	4.42424	18 	10 	3  	774   	1.34254
INFO:gp:19 	790   	0.706648	19 	0.762285	0.459917	790   	0.0708926	4.61095	19 	10 	3  	790   	1.31283
INFO:gp:20 	772   	0.703995	20 	0.762285	0.417031	772   	0.0772369	4.69892	20 	13 	3  	772   	1.40007
INFO:gp:21 	774   	0.706155	21 	0.762285	0.454189	774   	0.0774415	4.8651 	21 	11 	3  	774   	1.52509
INFO:gp:22 	770   	0.710697	22 	0.762285	0.391021	770   	0.0748729	5.02542	22 	11 	3  	770   	1.4542 
INFO:gp:23 	781   	0.707538	23 	0.762285	0.433701	781   	0.0781128	5.19355	23 	12 	3  	781   	1.45566
INFO:gp:24 	766   	0.712013	24 	0.762285	0.452083	766   	0.0761227	5.37341	24 	13 	3  	766   	1.59648
INFO:gp:25 	784   	0.711674	25 	0.765564	0.451513	784   	0.0727554	5.82796	25 	19 	3  	784   	2.11722
INFO:gp:26 	761   	0.715876	26 	0.765564	0.444603	761   	0.0700634	6.64712	26 	20 	3  	761   	2.77815
INFO:gp:27 	788   	0.718886	27 	0.765564	0.425825	788   	0.0700024	8.07038	27 	17 	3  	788   	3.03819
INFO:gp:28 	777   	0.723388	28 	0.772443	0.424039	777   	0.0642419	9.38612	28 	21 	3  	777   	3.00675
INFO:gp:29 	785   	0.720898	29 	0.772443	0.397435	785   	0.0687453	9.6393 	29 	24 	3  	785   	2.81247
INFO:gp:30 	783   	0.725359	30 	0.772443	0.446146	783   	0.0630274	9.56403	30 	20 	3  	783   	3.02863
INFO:gp:31 	784   	0.725004	31 	0.776148	0.410375	784   	0.0641343	10.1799	31 	22 	3  	784   	3.28254
INFO:gp:32 	790   	0.724618	32 	0.776148	0.409429	790   	0.0676112	11.0626	32 	26 	3  	790   	3.52231
INFO:gp:33 	750   	0.723234	33 	0.776149	0.357724	750   	0.0708562	10.7458	33 	30 	3  	750   	3.66056
INFO:gp:34 	785   	0.72773 	34 	0.776151	0.434412	785   	0.0640331	10.4438	34 	27 	3  	785   	3.42416
INFO:gp:35 	774   	0.729118	35 	0.776151	0.423815	774   	0.0680964	10.5279	35 	23 	3  	774   	3.19166
INFO:gp:36 	772   	0.734001	36 	0.776151	0.428317	772   	0.0616105	11.5621	36 	28 	3  	772   	3.37952
INFO:gp:37 	751   	0.73657 	37 	0.779428	0.462588	751   	0.0602025	12.4673	37 	28 	3  	751   	3.71789
INFO:gp:38 	758   	0.735953	38 	0.779525	0.4205  	758   	0.0620074	13.436 	38 	26 	3  	758   	3.23706
INFO:gp:39 	788   	0.735807	39 	0.779525	0.426693	788   	0.0635659	14.1505	39 	28 	3  	788   	3.75142
INFO:gp:40 	777   	0.737321	40 	0.781295	0.436463	777   	0.0628445	14.9355	40 	31 	3  	777   	3.88819
INFO:gp:41 	784   	0.738422	41 	0.781295	0.431768	784   	0.0642948	15.6598	41 	32 	3  	784   	3.95893
INFO:gp:42 	789   	0.738759	42 	0.781314	0.406204	789   	0.0637382	15.8534	42 	30 	3  	789   	4.17271
INFO:gp:43 	768   	0.738455	43 	0.781314	0.442381	768   	0.0638142	16.3675	43 	34 	3  	768   	4.22923
INFO:gp:44 	797   	0.740961	44 	0.781314	0.447067	797   	0.059929 	17.2805	44 	35 	3  	797   	4.54805
INFO:gp:45 	785   	0.741157	45 	0.781317	0.457177	785   	0.0602144	18.479 	45 	40 	3  	785   	4.49821
INFO:gp:46 	800   	0.741315	46 	0.78467 	0.409874	800   	0.0644584	19.7801	46 	40 	3  	800   	4.42859
INFO:gp:47 	773   	0.744609	47 	0.78467 	0.469809	773   	0.0610677	20.8592	47 	40 	3  	773   	4.10347
INFO:gp:48 	749   	0.746581	48 	0.78467 	0.471175	749   	0.059501 	21.1632	48 	41 	3  	749   	4.18601
INFO:gp:49 	803   	0.746494	49 	0.784694	0.44691 	803   	0.0596646	21.6432	49 	41 	3  	803   	4.39505
INFO:gp:50 	763   	0.750808	50 	0.784694	0.428276	763   	0.0542645	22.0283	50 	39 	3  	763   	4.34578
INFO:gp:51 	780   	0.747804	51 	0.784694	0.453871	780   	0.0601777	22.0743	51 	41 	3  	780   	4.42051
INFO:gp:52 	760   	0.74996 	52 	0.787804	0.44719 	760   	0.0570215	21.6872	52 	43 	3  	760   	4.47518
INFO:gp:53 	789   	0.746931	53 	0.787804	0.486261	789   	0.0592595	22.1437	53 	35 	3  	789   	3.923  
INFO:gp:54 	774   	0.746625	54 	0.787804	0.461009	774   	0.0612845	22.2424	54 	44 	3  	774   	4.88338
INFO:gp:55 	790   	0.746676	55 	0.787804	0.428758	790   	0.063004 	23.1075	55 	44 	3  	790   	4.37492
INFO:gp:56 	773   	0.745689	56 	0.787804	0.467779	773   	0.0641717	23.6403	56 	45 	3  	773   	4.68245
INFO:gp:57 	767   	0.750226	57 	0.787804	0.454999	767   	0.0610512	24.0127	57 	38 	3  	767   	4.73138
INFO:gp:58 	753   	0.749997	58 	0.787815	0.447958	753   	0.062166 	24.4164	58 	45 	3  	753   	4.58701
INFO:gp:59 	794   	0.748754	59 	0.787815	0.473608	794   	0.0610729	24.7683	59 	49 	3  	794   	4.59186
INFO:gp:60 	774   	0.751423	60 	0.787815	0.435172	774   	0.0635028	24.7097	60 	40 	3  	774   	5.07584
INFO:gp:61 	793   	0.75011 	61 	0.787818	0.430506	793   	0.0629718	25.7243	61 	57 	3  	793   	5.24719
INFO:gp:62 	789   	0.750356	62 	0.787818	0.432534	789   	0.0641473	26.6109	62 	36 	3  	789   	5.42767
INFO:gp:63 	774   	0.753821	63 	0.787818	0.451144	774   	0.0565726	27.7322	63 	55 	3  	774   	5.69651
INFO:gp:64 	798   	0.748951	64 	0.788054	0.448287	798   	0.0602042	28.218 	64 	55 	3  	798   	5.54219
INFO:gp:65 	785   	0.750386	65 	0.791082	0.445072	785   	0.0629792	28.6158	65 	55 	3  	785   	5.01123
INFO:gp:66 	805   	0.750621	66 	0.791124	0.439321	805   	0.0627767	28.4037	66 	57 	3  	805   	5.77793
INFO:gp:67 	772   	0.750656	67 	0.791124	0.452203	772   	0.0640586	28.3744	67 	48 	3  	772   	5.69986
INFO:gp:68 	789   	0.749397	68 	0.791124	0.432499	789   	0.0649813	28.5279	68 	57 	3  	789   	6.04002
INFO:gp:69 	774   	0.752816	69 	0.791124	0.427493	774   	0.063822 	28.9883	69 	57 	3  	774   	5.50072
INFO:gp:70 	773   	0.755334	70 	0.791345	0.447926	773   	0.058495 	29.2336	70 	59 	3  	773   	5.60208
INFO:gp:71 	783   	0.751822	71 	0.791345	0.449165	783   	0.0641613	28.9677	71 	55 	3  	783   	5.83095
INFO:gp:72 	763   	0.756425	72 	0.791345	0.455203	763   	0.0585619	29.042 	72 	48 	3  	763   	5.03509
INFO:gp:73 	761   	0.751801	73 	0.791345	0.496219	761   	0.0654842	28.7312	73 	57 	3  	761   	5.6087 
INFO:gp:74 	773   	0.752663	74 	0.791345	0.451206	773   	0.0642721	29.3353	74 	51 	3  	773   	5.28152
INFO:gp:75 	773   	0.750438	75 	0.791348	0.445239	773   	0.0630375	30.3646	75 	67 	3  	773   	5.86697
INFO:gp:76 	741   	0.755157	76 	0.791348	0.452107	741   	0.0624658	31.6637	76 	58 	3  	741   	6.5305 
INFO:gp:77 	775   	0.752561	77 	0.791348	0.441848	775   	0.063573 	32.9629	77 	65 	3  	775   	6.42686
INFO:gp:78 	775   	0.751016	78 	0.791348	0.461647	775   	0.0646982	32.7165	78 	65 	3  	775   	5.88218
INFO:gp:79 	773   	0.753762	79 	0.794152	0.448492	773   	0.0610002	32.5142	79 	65 	3  	773   	5.69797
INFO:gp:80 	768   	0.753575	80 	0.794152	0.462797	768   	0.0600082	32.4907	80 	56 	3  	768   	5.57326
INFO:gp:81 	774   	0.752499	81 	0.794152	0.455426	774   	0.0632554	32.2268	81 	49 	3  	774   	5.83308
INFO:gp:82 	782   	0.754823	82 	0.794152	0.47289 	782   	0.0606892	31.7038	82 	63 	3  	782   	6.51153
INFO:gp:83 	767   	0.754079	83 	0.794152	0.44839 	767   	0.0612902	31.5601	83 	58 	3  	767   	6.03218
INFO:gp:84 	757   	0.753664	84 	0.794152	0.433306	757   	0.0634249	31.2571	84 	58 	3  	757   	6.52759
INFO:gp:85 	744   	0.758038	85 	0.794152	0.477633	744   	0.0574066	33.0674	85 	58 	3  	744   	7.02852
INFO:gp:86 	772   	0.757274	86 	0.794152	0.468171	772   	0.0629468	35.1564	86 	73 	3  	772   	7.40762
INFO:gp:87 	750   	0.757279	87 	0.794152	0.395503	750   	0.0636853	36.4663	87 	73 	3  	750   	6.81085
INFO:gp:88 	752   	0.760256	88 	0.794152	0.436321	752   	0.0593563	36.8759	88 	54 	3  	752   	6.30298
INFO:gp:89 	779   	0.760084	89 	0.794152	0.476372	779   	0.0575057	37.2375	89 	49 	3  	779   	5.60122
INFO:gp:90 	748   	0.758362	90 	0.794152	0.45122 	748   	0.0605808	36.9687	90 	66 	3  	748   	6.30156
INFO:gp:91 	761   	0.75524 	91 	0.794152	0.437863	761   	0.0667835	36.958 	91 	66 	3  	761   	6.21363
INFO:gp:92 	788   	0.756827	92 	0.794152	0.453933	788   	0.0631708	37.0929	92 	75 	3  	788   	6.6018 
INFO:gp:93 	782   	0.756097	93 	0.794152	0.490478	782   	0.0618629	37.2942	93 	75 	3  	782   	5.61544
INFO:gp:94 	773   	0.756916	94 	0.794152	0.456626	773   	0.0628605	36.8338	94 	73 	3  	773   	6.81395
INFO:gp:95 	759   	0.761159	95 	0.794152	0.464392	759   	0.0591473	37.3216	95 	54 	3  	759   	5.62368
INFO:gp:96 	792   	0.756716	96 	0.794152	0.462243	792   	0.0634723	37.1153	96 	67 	3  	792   	6.33432
INFO:gp:97 	772   	0.75793 	97 	0.794152	0.471148	772   	0.0578796	37.0479	97 	75 	3  	772   	6.67267
INFO:gp:98 	789   	0.756622	98 	0.794152	0.44791 	789   	0.0608745	36.956 	98 	66 	3  	789   	6.345  
INFO:gp:99 	787   	0.756934	99 	0.794152	0.48914 	787   	0.0591866	37.3803	99 	54 	3  	787   	5.6585 
INFO:gp:100	762   	0.758016	100	0.797459	0.482984	762   	0.0618403	36.9374	100	73 	3  	762   	6.82529
INFO:gp:101	775   	0.756041	101	0.797459	0.483805	775   	0.0626239	37.1281	101	54 	3  	775   	6.33122
INFO:gp:102	768   	0.758416	102	0.797459	0.453663	768   	0.0611758	37.2053	102	75 	3  	768   	6.62388
INFO:gp:103	761   	0.758203	103	0.797459	0.44076 	761   	0.062316 	37.0147	103	49 	3  	761   	6.85107
INFO:gp:104	766   	0.760287	104	0.797459	0.455331	766   	0.0579389	37.4692	104	70 	3  	766   	6.67635
INFO:gp:105	770   	0.755673	105	0.797459	0.476489	770   	0.0670655	38.2972	105	72 	3  	770   	6.16645
INFO:gp:106	769   	0.760894	106	0.797459	0.462653	769   	0.0621239	38.5484	106	73 	3  	769   	6.83826
INFO:gp:107	758   	0.764039	107	0.797459	0.459209	758   	0.0597681	39.087 	107	75 	3  	758   	6.14975
INFO:gp:108	803   	0.762715	108	0.797459	0.494499	803   	0.0562982	39.0929	108	79 	3  	803   	6.9648 
INFO:gp:109	779   	0.760555	109	0.797459	0.433939	779   	0.0635314	39.3832	109	73 	3  	779   	6.18134
INFO:gp:110	776   	0.763913	110	0.797459	0.439485	776   	0.0582863	39.6061	110	51 	3  	776   	5.28931
INFO:gp:111	740   	0.76287 	111	0.797459	0.433939	740   	0.061283 	38.9697	111	66 	3  	740   	7.30605
INFO:gp:112	778   	0.764459	112	0.797459	0.464873	778   	0.0548442	39.3431	112	79 	3  	778   	6.48365
INFO:gp:113	754   	0.763413	113	0.797459	0.462483	754   	0.0595988	39.2141	113	68 	3  	754   	6.65283
INFO:gp:114	772   	0.765837	114	0.797459	0.456876	772   	0.0548362	39.2258	114	56 	3  	772   	6.46993
INFO:gp:115	771   	0.758944	115	0.797459	0.473159	771   	0.06474  	39.564 	115	75 	3  	771   	6.18891
INFO:gp:116	764   	0.75807 	116	0.797459	0.462278	764   	0.0681023	39.0948	116	75 	3  	764   	7.26807
INFO:gp:117	758   	0.763659	117	0.797459	0.479224	758   	0.057775 	39.564 	117	75 	3  	758   	6.49984
INFO:gp:118	782   	0.76127 	118	0.797459	0.457305	782   	0.0641043	39.5894	118	56 	3  	782   	6.09533
INFO:gp:119	769   	0.76555 	119	0.797459	0.438406	769   	0.0577208	39.5015	119	75 	3  	769   	6.52012
INFO:gp:120	782   	0.762125	120	0.797459	0.460494	782   	0.0604849	39.4995	120	68 	3  	782   	6.2402 
INFO:gp:121	764   	0.763274	121	0.797459	0.481903	764   	0.060856 	39.4291	121	79 	3  	764   	6.79044
INFO:gp:122	791   	0.763526	122	0.797459	0.443565	791   	0.0582986	39.5689	122	81 	3  	791   	6.70543
INFO:gp:123	795   	0.76135 	123	0.797459	0.439212	795   	0.0596015	39.3793	123	75 	3  	795   	7.19311
INFO:gp:124	766   	0.761145	124	0.797459	0.451047	766   	0.0615663	39.7791	124	63 	3  	766   	6.10418
INFO:gp:125	785   	0.76476 	125	0.797459	0.458553	785   	0.0605575	39.3548	125	79 	3  	785   	6.93386
INFO:gp:126	755   	0.760812	126	0.797459	0.470478	755   	0.0623508	39.6129	126	68 	3  	755   	6.12262
INFO:gp:127	761   	0.758004	127	0.797459	0.434595	761   	0.0658862	39.5885	127	68 	3  	761   	6.46759
INFO:gp:128	790   	0.760293	128	0.797459	0.442367	790   	0.0626244	39.6755	128	73 	3  	790   	6.1967 
INFO:gp:129	774   	0.759072	129	0.797459	0.431906	774   	0.0651364	39.697 	129	63 	3  	774   	6.02796
INFO:gp:130	790   	0.760903	130	0.797459	0.450263	790   	0.0637378	39.5797	130	63 	3  	790   	6.2458 
INFO:gp:131	743   	0.761027	131	0.797459	0.438996	743   	0.0623112	39.6491	131	79 	3  	743   	6.41228
INFO:gp:132	775   	0.765095	132	0.797459	0.448028	775   	0.0580973	39.5875	132	68 	3  	775   	6.11409
INFO:gp:133	783   	0.762699	133	0.797459	0.467316	783   	0.0588894	39.7439	133	56 	3  	783   	5.83756
INFO:gp:134	752   	0.759949	134	0.797459	0.452069	752   	0.0637096	39.2864	134	75 	3  	752   	7.53571
INFO:gp:135	757   	0.764484	135	0.797459	0.462483	757   	0.0564958	39.8592	135	68 	3  	757   	5.89611
INFO:gp:136	795   	0.764464	136	0.797459	0.474081	795   	0.0581967	39.6608	136	53 	3  	795   	5.72789
INFO:gp:137	792   	0.75731 	137	0.797459	0.444944	792   	0.0655506	39.7937	137	68 	3  	792   	5.71919
INFO:gp:138	766   	0.763917	138	0.798757	0.451736	766   	0.0604391	39.172 	138	79 	3  	766   	7.28002
INFO:gp:139	774   	0.762947	139	0.798757	0.488078	774   	0.0578036	39.7967	139	75 	3  	774   	5.89777
INFO:gp:140	782   	0.761205	140	0.798757	0.467687	782   	0.0624137	39.7351	140	53 	3  	782   	5.39932
INFO:gp:141	786   	0.757538	141	0.798757	0.453755	786   	0.0684055	39.5474	141	68 	3  	786   	5.92124
INFO:gp:142	769   	0.762747	142	0.798757	0.470014	769   	0.0572077	39.4673	142	79 	3  	769   	6.01454
INFO:gp:143	762   	0.763244	143	0.798789	0.478132	762   	0.0597591	38.7527	143	77 	3  	762   	6.66797
INFO:gp:144	762   	0.766513	144	0.79889 	0.445855	762   	0.0589927	38.1603	144	64 	3  	762   	6.48931
INFO:gp:145	774   	0.762022	145	0.79889 	0.444849	774   	0.0661149	37.8289	145	69 	3  	774   	6.74193
INFO:gp:146	758   	0.763843	146	0.79889 	0.444849	758   	0.0649339	37.8426	146	66 	3  	758   	6.17152
INFO:gp:147	766   	0.76581 	147	0.79889 	0.445155	766   	0.0567703	38.0538	147	53 	3  	766   	5.33456
INFO:gp:148	777   	0.764253	148	0.79889 	0.445799	777   	0.0620728	37.4487	148	75 	3  	777   	7.1851 
INFO:gp:149	786   	0.76216 	149	0.799907	0.444758	786   	0.0649908	36.999 	149	66 	3  	786   	6.63922
INFO:gp:150	758   	0.76322 	150	0.799907	0.472912	758   	0.0625938	36.8495	150	69 	3  	758   	6.18   
INFO:gp:151	795   	0.764002	151	0.799907	0.42349 	795   	0.0632433	36.4389	151	53 	3  	795   	5.51581
INFO:gp:152	791   	0.76046 	152	0.799907	0.471036	791   	0.0668711	36.3988	152	61 	3  	791   	5.77581
INFO:gp:153	780   	0.764192	153	0.799907	0.471716	780   	0.064036 	36.2072	153	71 	3  	780   	6.74548
INFO:gp:154	777   	0.764276	154	0.799907	0.481498	777   	0.0616311	35.9257	154	65 	3  	777   	6.95793
INFO:gp:155	778   	0.760471	155	0.799907	0.430978	778   	0.0662586	35.7028	155	63 	3  	778   	6.4706 
INFO:gp:156	785   	0.763547	156	0.799907	0.466153	785   	0.0624499	35.9433	156	62 	3  	785   	5.96526
INFO:gp:157	750   	0.764031	157	0.799907	0.450771	750   	0.0656337	35.9804	157	62 	3  	750   	5.86185
INFO:gp:158	798   	0.762816	158	0.799907	0.465011	798   	0.0651966	36.0137	158	71 	3  	798   	6.07817
INFO:gp:159	791   	0.762999	159	0.799907	0.455685	791   	0.0644801	36.0283	159	67 	3  	791   	5.96029
INFO:gp:160	779   	0.762871	160	0.799907	0.443355	779   	0.0674583	35.5855	160	53 	3  	779   	6.53947
INFO:gp:161	775   	0.765692	161	0.799907	0.45359 	775   	0.0593486	35.6862	161	53 	3  	775   	6.12227
INFO:gp:162	779   	0.766092	162	0.799907	0.476038	779   	0.0615475	36.1193	162	69 	3  	779   	5.84898
INFO:gp:163	784   	0.765532	163	0.799907	0.43912 	784   	0.0591652	35.8065	163	69 	3  	784   	6.34398
INFO:gp:164	777   	0.765353	164	0.799907	0.466984	777   	0.0627579	36.0978	164	62 	3  	777   	5.29115
INFO:gp:165	796   	0.763167	165	0.799907	0.445442	796   	0.0625175	35.349 	165	67 	3  	796   	6.71239
INFO:gp:166	776   	0.766321	166	0.802539	0.452665	776   	0.0613101	35.7576	166	53 	3  	776   	5.9216 
INFO:gp:167	767   	0.765008	167	0.802539	0.491473	767   	0.0630042	35.8905	167	71 	3  	767   	6.04106
INFO:gp:168	753   	0.763381	168	0.802539	0.451292	753   	0.0670123	35.8192	168	62 	3  	753   	6.00827
INFO:gp:169	749   	0.764402	169	0.802539	0.445797	749   	0.0629124	35.9052	169	67 	3  	749   	6.02697
INFO:gp:170	770   	0.764091	170	0.806295	0.463362	770   	0.0671477	35.5738	170	71 	3  	770   	6.32163
INFO:gp:171	754   	0.767155	171	0.806295	0.477783	754   	0.0591412	35.2757	171	65 	3  	754   	6.08463
INFO:gp:172	768   	0.764693	172	0.806295	0.473214	768   	0.0615096	34.955 	172	67 	3  	768   	6.35938
INFO:gp:173	790   	0.764859	173	0.806295	0.470722	790   	0.0631894	34.2346	173	67 	3  	790   	6.56583
INFO:gp:174	797   	0.762004	174	0.806295	0.439354	797   	0.0686153	33.9883	174	67 	3  	797   	6.56912
INFO:gp:175	778   	0.764506	175	0.806295	0.456877	778   	0.0665763	34.0899	175	63 	3  	778   	5.71528
INFO:gp:176	778   	0.764297	176	0.806295	0.450133	778   	0.0688557	33.869 	176	58 	3  	778   	5.75404
INFO:gp:177	792   	0.76598 	177	0.806295	0.47985 	792   	0.064227 	33.5396	177	67 	3  	792   	5.94485
INFO:gp:178	772   	0.769403	178	0.806295	0.452447	772   	0.0641765	33.8035	178	52 	3  	772   	5.01313
INFO:gp:179	755   	0.768546	179	0.806295	0.443516	755   	0.062885 	33.5513	179	67 	3  	755   	6.14162
INFO:gp:180	754   	0.766006	180	0.806295	0.464749	754   	0.0667307	33.8289	180	63 	3  	754   	5.07163
INFO:gp:181	758   	0.768473	181	0.806295	0.451222	758   	0.0649562	33.4135	181	65 	3  	758   	5.79666
INFO:gp:182	765   	0.765897	182	0.806295	0.434324	765   	0.0687927	33.6197	182	61 	3  	765   	5.3106 
INFO:gp:183	758   	0.767798	183	0.806295	0.451227	758   	0.0615683	33.437 	183	67 	3  	758   	5.89462
INFO:gp:184	797   	0.768524	184	0.806295	0.465168	797   	0.0637446	33.5376	184	60 	3  	797   	5.42056
INFO:gp:185	796   	0.763904	185	0.806295	0.45968 	796   	0.0673835	33.3695	185	67 	3  	796   	5.86058
INFO:gp:186	757   	0.771259	186	0.806295	0.464746	757   	0.0592964	33.7439	186	45 	3  	757   	4.94593
INFO:gp:187	756   	0.767113	187	0.806295	0.452447	756   	0.0642254	33.6432	187	61 	3  	756   	5.19425
INFO:gp:188	776   	0.765363	188	0.806295	0.448614	776   	0.0638517	33.5034	188	63 	3  	776   	5.68544
INFO:gp:189	772   	0.762887	189	0.806295	0.431367	772   	0.0702659	33.3822	189	62 	3  	772   	6.12445
INFO:gp:190	777   	0.766921	190	0.806295	0.462501	777   	0.061283 	33.5846	190	67 	3  	777   	6.00704
INFO:gp:191	772   	0.769812	191	0.806295	0.474525	772   	0.059524 	33.5484	191	64 	3  	772   	5.80149
INFO:gp:192	796   	0.763011	192	0.806295	0.434231	796   	0.0698192	33.436 	192	61 	3  	796   	5.4918 
INFO:gp:193	765   	0.763849	193	0.806295	0.470534	765   	0.0684717	33.4477	193	46 	3  	765   	5.74626
INFO:gp:194	771   	0.767878	194	0.806295	0.4588  	771   	0.0662145	33.3832	194	58 	3  	771   	5.60476
INFO:gp:195	765   	0.766904	195	0.806295	0.467749	765   	0.0656729	33.304 	195	67 	3  	765   	6.13919
INFO:gp:196	790   	0.764291	196	0.806295	0.460965	790   	0.0691364	33.4575	196	58 	3  	790   	5.64491
INFO:gp:197	785   	0.766524	197	0.806295	0.430923	785   	0.0661641	33.305 	197	58 	3  	785   	5.92449
INFO:gp:198	791   	0.766319	198	0.806295	0.47086 	791   	0.0645143	33.4712	198	67 	3  	791   	6.40449
INFO:gp:199	759   	0.764701	199	0.806295	0.450179	759   	0.0665593	33.2297	199	46 	3  	759   	5.88527
INFO:gp:200	761   	0.763243	200	0.806295	0.420821	761   	0.0716181	33.4966	200	61 	3  	761   	5.80556
INFO:gp:201	766   	0.766447	201	0.806295	0.451227	766   	0.0657891	33.3079	201	61 	3  	766   	6.1077 
INFO:gp:202	750   	0.763957	202	0.806295	0.45981 	750   	0.0679287	33.3402	202	65 	3  	750   	5.97172
INFO:gp:203	776   	0.767716	203	0.806295	0.440164	776   	0.0657903	33.609 	203	67 	3  	776   	5.65699
INFO:gp:204	740   	0.765666	204	0.806295	0.479686	740   	0.0666816	33.2239	204	58 	3  	740   	6.12462
INFO:gp:205	778   	0.766251	205	0.806295	0.443177	778   	0.0676015	33.6012	205	56 	3  	778   	5.28312
INFO:gp:206	738   	0.766314	206	0.806295	0.469001	738   	0.0681857	33.7996	206	67 	3  	738   	4.96655
INFO:gp:207	749   	0.769298	207	0.806295	0.48194 	749   	0.0607455	33.4995	207	58 	3  	749   	5.56801
INFO:gp:208	783   	0.76386 	208	0.806295	0.456777	783   	0.0693012	33.6364	208	67 	3  	783   	5.55333
INFO:gp:209	770   	0.766181	209	0.806295	0.44544 	770   	0.0643498	33.4037	209	61 	3  	770   	5.94684
INFO:gp:210	770   	0.766941	210	0.806296	0.453341	770   	0.0635611	33.7136	210	63 	3  	770   	5.62888
INFO:gp:211	779   	0.764702	211	0.806296	0.440722	779   	0.0700734	33.5836	211	67 	3  	779   	5.8576 
INFO:gp:212	770   	0.766531	212	0.806296	0.450097	770   	0.0703869	33.9599	212	61 	3  	770   	6.40025
INFO:gp:213	772   	0.763763	213	0.806296	0.434851	772   	0.068692 	35.2356	213	58 	3  	772   	5.60392
INFO:gp:214	782   	0.763898	214	0.806296	0.441268	782   	0.068804 	36.2121	214	67 	3  	782   	6.33822
INFO:gp:215	750   	0.769701	215	0.806296	0.444118	750   	0.0635179	37.1769	215	59 	3  	750   	5.73979
INFO:gp:216	795   	0.76486 	216	0.806296	0.454119	795   	0.0667828	37.4291	216	61 	3  	795   	5.83888
INFO:gp:217	788   	0.766073	217	0.806296	0.448009	788   	0.0680742	37.437 	217	75 	3  	788   	6.20454
INFO:gp:218	795   	0.767476	218	0.806296	0.449237	795   	0.0642027	37.4536	218	49 	3  	795   	5.78497
INFO:gp:219	758   	0.766781	219	0.806296	0.475604	758   	0.0665665	37.7488	219	75 	3  	758   	5.70233
INFO:gp:220	803   	0.761335	220	0.806296	0.465315	803   	0.0717569	37.6041	220	59 	3  	803   	5.84875
INFO:gp:221	756   	0.76722 	221	0.806296	0.440271	756   	0.0668998	37.4027	221	61 	3  	756   	6.38685
INFO:gp:222	759   	0.765404	222	0.806296	0.456194	759   	0.0684959	37.6852	222	50 	3  	759   	5.82698
INFO:gp:223	778   	0.762897	223	0.806296	0.4407  	778   	0.0706705	37.8768	223	48 	3  	778   	5.50681
INFO:gp:224	782   	0.765875	224	0.806296	0.446779	782   	0.0665176	37.7067	224	50 	3  	782   	5.86839
INFO:gp:225	774   	0.768962	225	0.806296	0.454651	774   	0.0672589	37.9101	225	59 	3  	774   	5.37451
INFO:gp:226	751   	0.768184	226	0.806298	0.477743	751   	0.0656236	37.6549	226	59 	3  	751   	6.26751
INFO:gp:227	747   	0.767989	227	0.806298	0.44309 	747   	0.0672023	38.1369	227	75 	3  	747   	4.88488
INFO:gp:228	789   	0.765807	228	0.806298	0.445688	789   	0.0660692	37.8641	228	59 	3  	789   	5.94732
INFO:gp:229	776   	0.771618	229	0.806298	0.44992 	776   	0.0614493	38.4037	229	62 	3  	776   	5.33238
INFO:gp:230	788   	0.763954	230	0.806298	0.448009	788   	0.0713899	38.6344	230	63 	3  	788   	5.96645
INFO:gp:231	778   	0.765499	231	0.8063  	0.462282	778   	0.0697001	39.4946	231	62 	3  	778   	6.16217
INFO:gp:232	761   	0.767952	232	0.8063  	0.452467	761   	0.0659296	40.6804	232	61 	3  	761   	5.72047
INFO:gp:233	791   	0.768623	233	0.8063  	0.460986	791   	0.0647796	41.3412	233	61 	3  	791   	5.7317 
INFO:gp:234	783   	0.767214	234	0.8063  	0.47467 	783   	0.0664701	41.6197	234	58 	3  	783   	5.78729
INFO:gp:235	732   	0.771737	235	0.8063  	0.446421	732   	0.0633536	41.824 	235	83 	3  	732   	6.02766
INFO:gp:236	779   	0.768801	236	0.8063  	0.415599	779   	0.0663596	42.5376	236	87 	3  	779   	5.85256
INFO:gp:237	774   	0.770662	237	0.8063  	0.495485	774   	0.0622728	43.0401	237	90 	3  	774   	7.1272 
INFO:gp:238	792   	0.768459	238	0.8063  	0.465258	792   	0.0619113	44.6686	238	67 	3  	792   	6.44525
INFO:gp:239	772   	0.769004	239	0.8063  	0.438687	772   	0.0654514	45.3783	239	57 	3  	772   	5.68517
INFO:gp:240	803   	0.767538	240	0.8063  	0.464794	803   	0.0675303	45.4194	240	59 	3  	803   	6.07634
INFO:gp:241	762   	0.769604	241	0.8063  	0.456135	762   	0.0626686	45.2933	241	61 	3  	762   	6.33305
INFO:gp:242	759   	0.768776	242	0.806313	0.448742	759   	0.0675625	45.2542	242	75 	3  	759   	6.88503
INFO:gp:243	779   	0.77149 	243	0.806313	0.486516	779   	0.0607524	45.6354	243	59 	3  	779   	5.73025
INFO:gp:244	789   	0.771615	244	0.806313	0.467418	789   	0.0602898	45.784 	244	75 	3  	789   	5.63116
INFO:gp:245	786   	0.768367	245	0.806313	0.443168	786   	0.065414 	45.9413	245	57 	3  	786   	5.50344
INFO:gp:246	792   	0.767676	246	0.806313	0.429501	792   	0.0682472	45.8543	246	55 	3  	792   	5.44333
INFO:gp:247	777   	0.76719 	247	0.806314	0.428741	777   	0.0650399	46.0587	247	61 	3  	777   	6.27696
INFO:gp:248	776   	0.770371	248	0.806314	0.45179 	776   	0.0631227	46.6588	248	69 	3  	776   	6.05965
INFO:gp:249	775   	0.769032	249	0.806314	0.479821	775   	0.0643509	47.4653	249	69 	3  	775   	5.64773
INFO:gp:250	765   	0.773585	250	0.806314	0.462341	765   	0.0595122	47.6676	250	72 	3  	765   	5.88543
INFO:gp:251	736   	0.768751	251	0.80633 	0.460255	736   	0.0677589	48.0489	251	75 	3  	736   	5.33873
INFO:gp:252	773   	0.769425	252	0.80633 	0.424294	773   	0.0679429	48.7155	252	61 	3  	773   	6.0827 
INFO:gp:253	780   	0.769954	253	0.806487	0.443978	780   	0.0634969	49.176 	253	74 	3  	780   	6.25464
INFO:gp:254	760   	0.768503	254	0.806487	0.435198	760   	0.0659969	49.3978	254	69 	3  	760   	6.12201
INFO:gp:255	745   	0.770299	255	0.806487	0.462989	745   	0.0655259	48.7761	255	61 	3  	745   	6.52012
INFO:gp:256	792   	0.763941	256	0.806487	0.457274	792   	0.0702797	46.9413	256	73 	3  	792   	7.16994
INFO:gp:257	771   	0.771192	257	0.806493	0.456096	771   	0.0651751	45.9638	257	60 	3  	771   	6.92098
INFO:gp:258	767   	0.768703	258	0.806493	0.452584	767   	0.0680459	46.8807	258	71 	3  	767   	6.76237
INFO:gp:259	772   	0.771859	259	0.806493	0.449584	772   	0.0635871	48.2747	259	69 	3  	772   	6.70302
INFO:gp:260	770   	0.766516	260	0.806493	0.474651	770   	0.0717479	49.1642	260	64 	3  	770   	5.99629
INFO:gp:261	780   	0.761826	261	0.808794	0.462051	780   	0.071442 	49.261 	261	71 	3  	780   	6.00662
INFO:gp:262	779   	0.766135	262	0.808794	0.45408 	779   	0.0688319	48.8935	262	72 	3  	779   	6.70809
INFO:gp:263	787   	0.767394	263	0.808794	0.432634	787   	0.0681962	48.5435	263	78 	3  	787   	6.4517 
INFO:gp:264	767   	0.7661  	264	0.808794	0.450149	767   	0.0690675	48.3715	264	66 	3  	767   	6.19043
INFO:gp:265	798   	0.770412	265	0.808794	0.445644	798   	0.0641737	48.1877	265	63 	3  	798   	6.01773
INFO:gp:266	764   	0.766193	266	0.808794	0.42828 	764   	0.0704214	47.9736	266	61 	3  	764   	5.52505
INFO:gp:267	767   	0.767313	267	0.812514	0.458306	767   	0.0730467	47.5191	267	93 	3  	767   	6.27625
INFO:gp:268	789   	0.769049	268	0.812514	0.450612	789   	0.0691775	47.0508	268	59 	3  	789   	5.96662
INFO:gp:269	780   	0.771277	269	0.812514	0.447562	780   	0.0636526	47.0147	269	68 	3  	780   	6.33095
INFO:gp:270	782   	0.769158	270	0.812575	0.462903	782   	0.0689451	47.2903	270	62 	3  	782   	6.55071
INFO:gp:271	799   	0.766004	271	0.812575	0.447941	799   	0.070835 	47.9658	271	71 	3  	799   	6.92367
INFO:gp:272	773   	0.765734	272	0.812575	0.469617	773   	0.075325 	48.8289	272	93 	3  	773   	7.33323
INFO:gp:273	784   	0.769063	273	0.812575	0.458353	784   	0.0721695	50.8133	273	70 	3  	784   	6.6607 
INFO:gp:274	765   	0.773176	274	0.812589	0.395662	765   	0.0673399	51.9423	274	74 	3  	765   	5.81161
INFO:gp:275	786   	0.777314	275	0.812818	0.475036	786   	0.0602587	52.523 	275	64 	3  	786   	5.82031
INFO:gp:276	743   	0.777614	276	0.812818	0.454107	743   	0.0636578	52.1975	276	105	3  	743   	7.63808
INFO:gp:277	796   	0.770451	277	0.812818	0.45303 	796   	0.0721127	52.5943	277	65 	3  	796   	5.05963
INFO:gp:278	786   	0.770866	278	0.812818	0.449657	786   	0.0728269	51.8358	278	105	3  	786   	7.90291
INFO:gp:279	782   	0.769912	279	0.812818	0.446965	782   	0.0716492	52.1906	279	73 	3  	782   	7.15584
INFO:gp:280	786   	0.774881	280	0.812864	0.47237 	786   	0.0663333	52.4154	280	64 	3  	786   	6.39667
INFO:gp:281	772   	0.776406	281	0.812864	0.444453	772   	0.0658376	52.4399	281	105	3  	772   	7.11902
INFO:gp:282	772   	0.771397	282	0.812864	0.468054	772   	0.0695323	52.6647	282	82 	3  	772   	5.73971
INFO:gp:283	788   	0.774191	283	0.812864	0.492935	788   	0.0676715	52.5435	283	70 	3  	788   	5.7723 
INFO:gp:284	778   	0.771537	284	0.812864	0.450953	778   	0.0705678	52.7067	284	64 	3  	778   	5.78196
INFO:gp:285	756   	0.771381	285	0.812864	0.46997 	756   	0.0721489	53.2854	285	78 	3  	756   	5.50026
INFO:gp:286	767   	0.777926	286	0.812864	0.463071	767   	0.0634113	53.5797	286	75 	3  	767   	6.40696
INFO:gp:287	766   	0.774411	287	0.812864	0.455358	766   	0.0660375	54.1828	287	72 	3  	766   	6.03434
INFO:gp:288	744   	0.76995 	288	0.812872	0.442226	744   	0.0722324	54.1945	288	81 	3  	744   	6.29995
INFO:gp:289	742   	0.778469	289	0.812872	0.442285	742   	0.0641096	54.3891	289	65 	3  	742   	5.69021
INFO:gp:290	772   	0.773809	290	0.812881	0.452115	772   	0.068911 	53.871 	290	78 	3  	772   	7.11826
INFO:gp:291	769   	0.775036	291	0.812881	0.481559	769   	0.0667807	54.0577	291	81 	3  	769   	6.50645
INFO:gp:292	784   	0.774091	292	0.812959	0.466632	784   	0.0683781	53.7058	292	76 	3  	784   	7.03979
INFO:gp:293	789   	0.773707	293	0.812959	0.469412	789   	0.0662825	53.7283	293	75 	3  	789   	6.54979
INFO:gp:294	756   	0.774555	294	0.812959	0.457149	756   	0.0676478	53.7605	294	68 	3  	756   	6.81872
INFO:gp:295	751   	0.774708	295	0.812959	0.464293	751   	0.066439 	53.6471	295	83 	3  	751   	7.18582
INFO:gp:296	746   	0.774084	296	0.816149	0.476597	746   	0.0675282	53.7253	296	108	3  	746   	6.82986
INFO:gp:297	753   	0.778389	297	0.816149	0.440308	753   	0.0633163	53.2972	297	69 	3  	753   	6.64088
INFO:gp:298	771   	0.773596	298	0.816149	0.471084	771   	0.0659633	52.5699	298	77 	3  	771   	7.34573
INFO:gp:299	768   	0.773762	299	0.816169	0.460397	768   	0.0679159	52.8465	299	84 	3  	768   	6.28742
INFO:gp:300	784   	0.775643	300	0.816169	0.444544	784   	0.067297 	53.042 	300	68 	3  	784   	5.68179
INFO:gp:301	776   	0.774992	301	0.816169	0.482879	776   	0.0703182	53.0723	301	79 	3  	776   	6.64625
INFO:gp:302	770   	0.773672	302	0.816169	0.454024	770   	0.0700081	53.3353	302	96 	3  	770   	6.53122
INFO:gp:303	765   	0.775705	303	0.819409	0.456432	765   	0.0703277	53.3881	303	64 	3  	765   	6.63597
INFO:gp:304	786   	0.776079	304	0.819409	0.458347	786   	0.0659481	53.7879	304	64 	3  	786   	5.46695
INFO:gp:305	759   	0.778914	305	0.819409	0.489469	759   	0.063456 	53.6334	305	80 	3  	759   	5.78429
INFO:gp:306	795   	0.778553	306	0.819409	0.475492	795   	0.0656664	53.6266	306	83 	3  	795   	6.29336
INFO:gp:307	779   	0.774334	307	0.819409	0.437236	779   	0.068913 	53.4154	307	70 	3  	779   	6.44356
INFO:gp:308	754   	0.774585	308	0.819409	0.449217	754   	0.0727131	54.0811	308	85 	3  	754   	6.55559
INFO:gp:309	771   	0.776941	309	0.819409	0.473001	771   	0.0711315	54.9531	309	69 	3  	771   	6.96842
INFO:gp:310	781   	0.775168	310	0.819409	0.440257	781   	0.0725746	55.8192	310	88 	3  	781   	7.07394
INFO:gp:311	767   	0.776975	311	0.819409	0.472763	767   	0.0723501	56.6491	311	69 	3  	767   	6.26219
INFO:gp:312	770   	0.782265	312	0.819409	0.47684 	770   	0.0660275	56.6373	312	69 	3  	770   	5.58909
INFO:gp:313	767   	0.776913	313	0.819428	0.43908 	767   	0.0724426	56.2346	313	73 	3  	767   	7.12421
INFO:gp:314	792   	0.776719	314	0.819428	0.438659	792   	0.0703461	56.6393	314	69 	3  	792   	6.36107
INFO:gp:315	812   	0.776584	315	0.819428	0.480137	812   	0.0717003	56.563 	315	69 	3  	812   	6.31602
INFO:gp:316	797   	0.778033	316	0.819428	0.451202	797   	0.0690246	56.9335	316	69 	4  	797   	6.03051
INFO:gp:317	756   	0.776225	317	0.819438	0.459789	756   	0.0749847	57.0381	317	116	3  	756   	6.81235
INFO:gp:318	776   	0.780185	318	0.819438	0.461016	776   	0.0633619	57.2092	318	88 	3  	776   	7.18198
INFO:gp:319	784   	0.777781	319	0.819438	0.468807	784   	0.0704803	58.0303	319	84 	3  	784   	6.89355
INFO:gp:320	760   	0.779362	320	0.819438	0.452676	760   	0.0698934	58.5367	320	116	3  	760   	7.89635
INFO:gp:321	767   	0.780247	321	0.819438	0.451406	767   	0.0693976	59.3793	321	83 	3  	767   	7.58844
INFO:gp:322	748   	0.781844	322	0.819438	0.420553	748   	0.0690443	60.1535	322	83 	3  	748   	6.68133
INFO:gp:323	777   	0.777064	323	0.819438	0.471947	777   	0.0691986	60.9531	323	72 	3  	777   	6.56688
INFO:gp:324	766   	0.777958	324	0.819444	0.482581	766   	0.0684903	61.0088	324	123	3  	766   	6.98532
INFO:gp:325	758   	0.776937	325	0.819444	0.440426	758   	0.0714643	61.1818	325	72 	3  	758   	7.16801
INFO:gp:326	778   	0.776485	326	0.819444	0.433147	778   	0.0721655	60.9599	326	72 	3  	778   	7.54701
INFO:gp:327	759   	0.775787	327	0.819444	0.444251	759   	0.0723843	61.1789	327	72 	3  	759   	7.18627
INFO:gp:328	790   	0.778211	328	0.819449	0.449462	790   	0.0711194	61.0068	328	72 	3  	790   	7.42476
INFO:gp:329	773   	0.779251	329	0.819449	0.468561	773   	0.070309 	61.1877	329	86 	3  	773   	7.14861
INFO:gp:330	770   	0.777422	330	0.819449	0.453471	770   	0.068925 	61.0499	330	72 	3  	770   	7.89771
INFO:gp:331	764   	0.779345	331	0.819449	0.480578	764   	0.0708755	61.2248	331	73 	3  	764   	7.24696
INFO:gp:332	762   	0.775806	332	0.819456	0.46951 	762   	0.0724111	61.7175	332	125	3  	762   	7.70188
INFO:gp:333	767   	0.781888	333	0.819456	0.479759	767   	0.0678042	61.9501	333	87 	3  	767   	6.99326
INFO:gp:334	771   	0.778296	334	0.819456	0.470283	771   	0.0714679	62.0371	334	127	3  	771   	8.45519
INFO:gp:335	766   	0.77621 	335	0.819456	0.459774	766   	0.0756479	62.9902	335	72 	3  	766   	5.65685
INFO:gp:336	793   	0.77444 	336	0.819456	0.462068	793   	0.0726615	62.9668	336	87 	3  	793   	7.04051
INFO:gp:337	773   	0.782014	337	0.819489	0.498837	773   	0.0654208	63.1065	337	75 	3  	773   	6.44682
INFO:gp:338	760   	0.778626	338	0.819489	0.46969 	760   	0.0710462	62.6481	338	127	3  	760   	9.22391
INFO:gp:339	763   	0.775432	339	0.819489	0.447198	763   	0.0767307	63.0655	339	75 	3  	763   	7.18208
INFO:gp:340	812   	0.77691 	340	0.819495	0.487301	812   	0.0696598	63.0655	340	90 	3  	812   	6.26887
INFO:gp:341	760   	0.777175	341	0.819495	0.481827	760   	0.0723017	62.7537	341	125	3  	760   	7.8838 
INFO:gp:342	755   	0.776142	342	0.819495	0.459618	755   	0.0745928	62.6696	342	87 	3  	755   	5.38456
INFO:gp:343	781   	0.779163	343	0.819495	0.455684	781   	0.0688482	61.7009	343	74 	5  	781   	6.48922
INFO:gp:344	801   	0.778303	344	0.819495	0.469485	801   	0.0695951	61.2385	344	73 	3  	801   	7.09148
INFO:gp:345	778   	0.780595	345	0.819495	0.461741	778   	0.0711327	61.1603	345	123	3  	778   	8.14133
INFO:gp:346	788   	0.773997	346	0.819495	0.466709	788   	0.0753205	61.4682	346	73 	3  	788   	7.15877
INFO:gp:347	779   	0.773309	347	0.819495	0.483405	779   	0.0748069	61.0762	347	76 	3  	779   	8.37209
INFO:gp:348	762   	0.778425	348	0.819495	0.472873	762   	0.0734046	61.5728	348	83 	3  	762   	6.43976
INFO:gp:349	792   	0.777119	349	0.819495	0.443803	792   	0.0712496	61.4682	349	85 	3  	792   	6.96133
INFO:gp:350	791   	0.774648	350	0.81991 	0.470613	791   	0.0755922	61.523 	350	73 	3  	791   	6.13909
INFO:gp:351	784   	0.77625 	351	0.81991 	0.444039	784   	0.0708732	61.5347	351	92 	3  	784   	6.3266 
INFO:gp:352	785   	0.776015	352	0.81991 	0.448032	785   	0.0741782	61.7097	352	93 	3  	785   	6.31022
INFO:gp:353	737   	0.778186	353	0.81991 	0.462843	737   	0.072612 	61.4399	353	85 	3  	737   	6.98721
INFO:gp:354	753   	0.775432	354	0.81991 	0.458063	753   	0.0753527	61.3333	354	88 	3  	753   	7.32884
INFO:gp:355	789   	0.774943	355	0.81991 	0.450821	789   	0.0780937	60.8983	355	93 	3  	789   	8.78345
INFO:gp:356	788   	0.779456	356	0.819916	0.438825	788   	0.0695889	61.2659	356	83 	3  	788   	7.49765
INFO:gp:357	765   	0.777324	357	0.819916	0.485835	765   	0.0728867	61.3842	357	83 	3  	765   	6.89057
INFO:gp:358	786   	0.776412	358	0.823133	0.39885 	786   	0.0712267	61.132 	358	85 	3  	786   	7.81151
INFO:gp:359	810   	0.775792	359	0.823133	0.456532	810   	0.0709255	61.2063	359	85 	3  	810   	7.47505
INFO:gp:360	770   	0.777062	360	0.823133	0.471808	770   	0.0736365	61.6931	360	91 	4  	770   	5.86469
INFO:gp:361	773   	0.77408 	361	0.823133	0.427904	773   	0.0756735	61.303 	361	93 	3  	773   	7.49076
INFO:gp:362	799   	0.777242	362	0.823133	0.43534 	799   	0.0679674	61.4858	362	93 	3  	799   	6.73079
INFO:gp:363	777   	0.779756	363	0.823133	0.476924	777   	0.0720525	61.3372	363	70 	3  	777   	6.9346 
INFO:gp:364	777   	0.77546 	364	0.823133	0.475934	777   	0.0756452	61.3568	364	75 	3  	777   	6.63345
INFO:gp:365	755   	0.77828 	365	0.823133	0.456912	755   	0.0746332	61.347 	365	74 	3  	755   	7.2391 
INFO:gp:366	758   	0.77894 	366	0.823133	0.46854 	758   	0.0727501	61.3392	366	74 	3  	758   	7.50193
INFO:gp:367	768   	0.775585	367	0.823133	0.454788	768   	0.0773547	61.4477	367	79 	3  	768   	6.72828
INFO:gp:368	758   	0.779831	368	0.823133	0.455565	758   	0.0736968	61.6178	368	74 	3  	758   	6.72047
INFO:gp:369	759   	0.779949	369	0.823133	0.441266	759   	0.0734884	61.4673	369	93 	3  	759   	6.79303
INFO:gp:370	768   	0.779562	370	0.823133	0.463113	768   	0.0703794	61.3372	370	93 	3  	768   	7.72857
INFO:gp:371	767   	0.782827	371	0.823133	0.446996	767   	0.070626 	61.2639	371	91 	3  	767   	7.47421
INFO:gp:372	774   	0.77905 	372	0.823133	0.421073	774   	0.0713565	61.0948	372	85 	3  	774   	7.95231
INFO:gp:373	788   	0.777542	373	0.823133	0.441236	788   	0.0755299	61.8368	373	74 	3  	788   	5.69592
INFO:gp:374	805   	0.77963 	374	0.823133	0.486946	805   	0.0691999	61.1662	374	78 	3  	805   	8.00047
INFO:gp:375	763   	0.784496	375	0.823133	0.470034	763   	0.0696652	61.3099	375	74 	3  	763   	7.10174
INFO:gp:376	743   	0.780096	376	0.823133	0.424284	743   	0.07572  	61.9022	376	74 	3  	743   	6.02019
INFO:gp:377	790   	0.777666	377	0.823133	0.471866	790   	0.0741472	61.7546	377	74 	3  	790   	6.00972
INFO:gp:378	790   	0.783636	378	0.823133	0.466941	790   	0.0673551	61.3842	378	76 	3  	790   	7.07162
INFO:gp:379	752   	0.77684 	379	0.823133	0.457882	752   	0.077604 	61.089 	379	123	3  	752   	8.1771 
INFO:gp:380	766   	0.77881 	380	0.823133	0.454863	766   	0.0748278	61.9736	380	74 	4  	766   	4.91395
INFO:gp:381	772   	0.777751	381	0.823133	0.446795	772   	0.0721382	61.6843	381	85 	3  	772   	6.18365
INFO:gp:382	777   	0.779809	382	0.823133	0.482084	777   	0.0726242	61.2454	382	85 	3  	777   	7.3836 
INFO:gp:383	762   	0.781674	383	0.823133	0.444028	762   	0.0729463	60.9814	383	74 	3  	762   	7.93452
INFO:gp:384	774   	0.781016	384	0.823133	0.484029	774   	0.0706455	61.5562	384	74 	3  	774   	6.13871
INFO:gp:385	790   	0.777897	385	0.823361	0.434291	790   	0.0724562	61.5533	385	123	4  	790   	7.11344
INFO:gp:386	786   	0.780227	386	0.823361	0.455231	786   	0.0697761	61.4047	386	91 	3  	786   	7.21168
INFO:gp:387	786   	0.774744	387	0.823361	0.468991	786   	0.0784144	61.0391	387	76 	3  	786   	8.2718 
INFO:gp:388	796   	0.776549	388	0.823361	0.465552	796   	0.0750105	61.5513	388	85 	3  	796   	6.70456
INFO:gp:389	773   	0.778433	389	0.823361	0.486513	773   	0.0767579	61.1681	389	76 	3  	773   	7.67287
INFO:gp:390	783   	0.782302	390	0.823361	0.446181	783   	0.0693853	61.4594	390	76 	3  	783   	6.56571
INFO:gp:391	771   	0.781432	391	0.823361	0.470341	771   	0.0702549	61.8231	391	85 	3  	771   	6.04552
INFO:gp:392	775   	0.779151	392	0.823361	0.478836	775   	0.0739983	61.7185	392	85 	3  	775   	6.16068
INFO:gp:393	758   	0.778633	393	0.823361	0.447486	758   	0.0729756	61.5161	393	88 	3  	758   	6.87463
INFO:gp:394	766   	0.78166 	394	0.823361	0.48034 	766   	0.0690905	61.3284	394	123	3  	766   	7.36452
INFO:gp:395	776   	0.779962	395	0.823361	0.452844	776   	0.073259 	61.4878	395	76 	3  	776   	7.02652
INFO:gp:396	791   	0.78151 	396	0.823361	0.479927	791   	0.0699409	61.1857	396	83 	3  	791   	7.72478
INFO:gp:397	786   	0.77926 	397	0.823361	0.482373	786   	0.0718185	61.4917	397	76 	3  	786   	6.65647
INFO:gp:398	768   	0.784424	398	0.823361	0.458683	768   	0.0687848	61.7478	398	76 	3  	768   	5.62001
INFO:gp:399	793   	0.7832  	399	0.823361	0.469898	793   	0.0676389	61.5572	399	88 	3  	793   	6.60685
INFO:gp:400	758   	0.781251	400	0.823361	0.476286	758   	0.068017 	61.65  	400	86 	3  	758   	6.03628
INFO:__main__:Saving model to file: checkpoints/run_14.pth
INFO:util:Train accuracy: 0.9022098878656255 +- 0.01830675396249165
INFO:util:Val accuracy: 0.9022098878656255 +- 0.01830675396249165
INFO:util:Test accuracy: 0.6809090909090909 +- 0.0
INFO:util:Train intra-class: 0.1389347062975516, Train Inter-class: 0.15486397281694714
INFO:util:Val intra-class: 0.16552101143509146, Val Inter-class: 0.18309234415813525
INFO:util:Test intra-class: 0.15938575262334898, Test inter-class: 0.16697128448487564
INFO:plot:Saving t-SNE to file: figures/tsne.png
INFO:plot:Saving t-SNE to file: figures/tsne.png
INFO:plot:Saving tree to file: figures/tree-0.pdf
INFO:plot:Saving tree to file: figures/tree-1.pdf
