INFO:__main__:Reading the dataset: fish part
INFO:__main__:Pre-training the network: Masked Spectra Modelling
INFO:pre_training:Epoch [1/100], Loss: 0.0556, Val: 0.1818
INFO:pre_training:Epoch [2/100], Loss: 0.0535, Val: 0.1698
INFO:pre_training:Epoch [3/100], Loss: 0.0530, Val: 0.1774
INFO:pre_training:Epoch [4/100], Loss: 0.0513, Val: 0.1657
INFO:pre_training:Epoch [5/100], Loss: 0.0503, Val: 0.1732
INFO:pre_training:Epoch [6/100], Loss: 0.0493, Val: 0.1619
INFO:pre_training:Epoch [7/100], Loss: 0.0479, Val: 0.1578
INFO:pre_training:Epoch [8/100], Loss: 0.0473, Val: 0.1678
INFO:pre_training:Epoch [9/100], Loss: 0.0476, Val: 0.1621
INFO:pre_training:Epoch [10/100], Loss: 0.0475, Val: 0.1552
INFO:pre_training:Epoch [11/100], Loss: 0.0470, Val: 0.1573
INFO:pre_training:Epoch [12/100], Loss: 0.0460, Val: 0.1546
INFO:pre_training:Epoch [13/100], Loss: 0.0463, Val: 0.1569
INFO:pre_training:Epoch [14/100], Loss: 0.0456, Val: 0.1595
INFO:pre_training:Epoch [15/100], Loss: 0.0454, Val: 0.1640
INFO:pre_training:Epoch [16/100], Loss: 0.0445, Val: 0.1504
INFO:pre_training:Epoch [17/100], Loss: 0.0446, Val: 0.1558
INFO:pre_training:Epoch [18/100], Loss: 0.0445, Val: 0.1553
INFO:pre_training:Epoch [19/100], Loss: 0.0435, Val: 0.1545
INFO:pre_training:Epoch [20/100], Loss: 0.0434, Val: 0.1553
INFO:pre_training:Epoch [21/100], Loss: 0.0442, Val: 0.1487
INFO:pre_training:Epoch [22/100], Loss: 0.0429, Val: 0.1490
INFO:pre_training:Epoch [23/100], Loss: 0.0435, Val: 0.1541
INFO:pre_training:Epoch [24/100], Loss: 0.0421, Val: 0.1432
INFO:pre_training:Epoch [25/100], Loss: 0.0427, Val: 0.1562
INFO:pre_training:Epoch [26/100], Loss: 0.0423, Val: 0.1534
INFO:pre_training:Epoch [27/100], Loss: 0.0417, Val: 0.1483
INFO:pre_training:Epoch [28/100], Loss: 0.0420, Val: 0.1537
INFO:pre_training:Epoch [29/100], Loss: 0.0411, Val: 0.1519
INFO:pre_training:Epoch [30/100], Loss: 0.0413, Val: 0.1469
INFO:pre_training:Epoch [31/100], Loss: 0.0407, Val: 0.1457
INFO:pre_training:Epoch [32/100], Loss: 0.0413, Val: 0.1471
INFO:pre_training:Epoch [33/100], Loss: 0.0402, Val: 0.1470
INFO:pre_training:Epoch [34/100], Loss: 0.0400, Val: 0.1449
INFO:pre_training:Epoch [35/100], Loss: 0.0399, Val: 0.1436
INFO:pre_training:Epoch [36/100], Loss: 0.0403, Val: 0.1456
INFO:pre_training:Epoch [37/100], Loss: 0.0395, Val: 0.1398
INFO:pre_training:Epoch [38/100], Loss: 0.0399, Val: 0.1365
INFO:pre_training:Epoch [39/100], Loss: 0.0392, Val: 0.1403
INFO:pre_training:Epoch [40/100], Loss: 0.0393, Val: 0.1349
INFO:pre_training:Epoch [41/100], Loss: 0.0395, Val: 0.1428
INFO:pre_training:Epoch [42/100], Loss: 0.0391, Val: 0.1454
INFO:pre_training:Epoch [43/100], Loss: 0.0383, Val: 0.1369
INFO:pre_training:Epoch [44/100], Loss: 0.0386, Val: 0.1381
INFO:pre_training:Epoch [45/100], Loss: 0.0385, Val: 0.1387
INFO:pre_training:Epoch [46/100], Loss: 0.0385, Val: 0.1353
INFO:pre_training:Epoch [47/100], Loss: 0.0381, Val: 0.1355
INFO:pre_training:Epoch [48/100], Loss: 0.0380, Val: 0.1416
INFO:pre_training:Epoch [49/100], Loss: 0.0377, Val: 0.1319
INFO:pre_training:Epoch [50/100], Loss: 0.0373, Val: 0.1366
INFO:pre_training:Epoch [51/100], Loss: 0.0378, Val: 0.1388
INFO:pre_training:Epoch [52/100], Loss: 0.0370, Val: 0.1346
INFO:pre_training:Epoch [53/100], Loss: 0.0377, Val: 0.1356
INFO:pre_training:Epoch [54/100], Loss: 0.0374, Val: 0.1341
INFO:pre_training:Epoch [55/100], Loss: 0.0368, Val: 0.1331
INFO:pre_training:Epoch [56/100], Loss: 0.0369, Val: 0.1354
INFO:pre_training:Epoch [57/100], Loss: 0.0365, Val: 0.1323
INFO:pre_training:Epoch [58/100], Loss: 0.0366, Val: 0.1314
INFO:pre_training:Epoch [59/100], Loss: 0.0366, Val: 0.1306
INFO:pre_training:Epoch [60/100], Loss: 0.0361, Val: 0.1301
INFO:pre_training:Epoch [61/100], Loss: 0.0368, Val: 0.1386
INFO:pre_training:Epoch [62/100], Loss: 0.0360, Val: 0.1389
INFO:pre_training:Epoch [63/100], Loss: 0.0363, Val: 0.1252
INFO:pre_training:Epoch [64/100], Loss: 0.0356, Val: 0.1383
INFO:pre_training:Epoch [65/100], Loss: 0.0354, Val: 0.1299
INFO:pre_training:Epoch [66/100], Loss: 0.0353, Val: 0.1291
INFO:pre_training:Epoch [67/100], Loss: 0.0355, Val: 0.1290
INFO:pre_training:Epoch [68/100], Loss: 0.0358, Val: 0.1273
INFO:pre_training:Epoch [69/100], Loss: 0.0356, Val: 0.1316
INFO:pre_training:Epoch [70/100], Loss: 0.0347, Val: 0.1271
INFO:pre_training:Epoch [71/100], Loss: 0.0350, Val: 0.1317
INFO:pre_training:Epoch [72/100], Loss: 0.0349, Val: 0.1279
INFO:pre_training:Epoch [73/100], Loss: 0.0340, Val: 0.1317
INFO:pre_training:Epoch [74/100], Loss: 0.0349, Val: 0.1276
INFO:pre_training:Epoch [75/100], Loss: 0.0347, Val: 0.1251
INFO:pre_training:Epoch [76/100], Loss: 0.0347, Val: 0.1309
INFO:pre_training:Epoch [77/100], Loss: 0.0340, Val: 0.1294
INFO:pre_training:Epoch [78/100], Loss: 0.0339, Val: 0.1274
INFO:pre_training:Epoch [79/100], Loss: 0.0340, Val: 0.1256
INFO:pre_training:Epoch [80/100], Loss: 0.0339, Val: 0.1262
INFO:pre_training:Epoch [81/100], Loss: 0.0341, Val: 0.1242
INFO:pre_training:Epoch [82/100], Loss: 0.0337, Val: 0.1240
INFO:pre_training:Epoch [83/100], Loss: 0.0332, Val: 0.1275
INFO:pre_training:Epoch [84/100], Loss: 0.0327, Val: 0.1234
INFO:pre_training:Epoch [85/100], Loss: 0.0334, Val: 0.1303
INFO:pre_training:Epoch [86/100], Loss: 0.0337, Val: 0.1236
INFO:pre_training:Epoch [87/100], Loss: 0.0334, Val: 0.1265
INFO:pre_training:Epoch [88/100], Loss: 0.0334, Val: 0.1265
INFO:pre_training:Epoch [89/100], Loss: 0.0329, Val: 0.1218
INFO:pre_training:Epoch [90/100], Loss: 0.0333, Val: 0.1210
INFO:pre_training:Epoch [91/100], Loss: 0.0325, Val: 0.1266
INFO:pre_training:Epoch [92/100], Loss: 0.0328, Val: 0.1171
INFO:pre_training:Epoch [93/100], Loss: 0.0324, Val: 0.1288
INFO:pre_training:Epoch [94/100], Loss: 0.0322, Val: 0.1224
INFO:pre_training:Epoch [95/100], Loss: 0.0322, Val: 0.1225
INFO:pre_training:Epoch [96/100], Loss: 0.0318, Val: 0.1228
INFO:pre_training:Epoch [97/100], Loss: 0.0318, Val: 0.1259
INFO:pre_training:Epoch [98/100], Loss: 0.0325, Val: 0.1222
INFO:pre_training:Epoch [99/100], Loss: 0.0316, Val: 0.1297
INFO:pre_training:Epoch [100/100], Loss: 0.0319, Val: 0.1188
INFO:__main__:Total time taken to pre-train the model: 21.21s
INFO:__main__:Training the network
INFO:train:Epoch 1/100, Train Loss: 1.7913, Train Acc: 0.4653, Val Loss: 1.7917, Val Acc: 0.0000
INFO:train:Epoch 2/100, Train Loss: 1.7883, Train Acc: 0.8056, Val Loss: 1.7914, Val Acc: 0.0000
INFO:train:Epoch 3/100, Train Loss: 1.7845, Train Acc: 0.7778, Val Loss: 1.7909, Val Acc: 0.0000
INFO:train:Epoch 4/100, Train Loss: 1.7795, Train Acc: 0.7847, Val Loss: 1.7911, Val Acc: 0.0000
INFO:train:Epoch 5/100, Train Loss: 1.7726, Train Acc: 0.7708, Val Loss: 1.7917, Val Acc: 0.0000
INFO:train:Epoch 6/100, Train Loss: 1.7629, Train Acc: 0.7917, Val Loss: 1.7923, Val Acc: 0.0000
INFO:train:Epoch 7/100, Train Loss: 1.7507, Train Acc: 0.7639, Val Loss: 1.7936, Val Acc: 0.0000
INFO:train:Epoch 8/100, Train Loss: 1.7357, Train Acc: 0.7569, Val Loss: 1.7960, Val Acc: 0.0000
INFO:train:Epoch 9/100, Train Loss: 1.7147, Train Acc: 0.7361, Val Loss: 1.8001, Val Acc: 0.0000
INFO:train:Epoch 10/100, Train Loss: 1.6895, Train Acc: 0.7292, Val Loss: 1.8073, Val Acc: 0.0000
INFO:train:Epoch 11/100, Train Loss: 1.6580, Train Acc: 0.7083, Val Loss: 1.8183, Val Acc: 0.0000
INFO:train:Epoch 12/100, Train Loss: 1.6216, Train Acc: 0.7014, Val Loss: 1.8340, Val Acc: 0.0000
INFO:train:Epoch 13/100, Train Loss: 1.5776, Train Acc: 0.6806, Val Loss: 1.8547, Val Acc: 0.0000
INFO:train:Epoch 14/100, Train Loss: 1.5296, Train Acc: 0.6597, Val Loss: 1.8837, Val Acc: 0.0000
INFO:train:Epoch 15/100, Train Loss: 1.4775, Train Acc: 0.6458, Val Loss: 1.9221, Val Acc: 0.0000
INFO:train:Epoch 16/100, Train Loss: 1.4230, Train Acc: 0.6389, Val Loss: 1.9718, Val Acc: 0.0000
INFO:train:Epoch 17/100, Train Loss: 1.3732, Train Acc: 0.6250, Val Loss: 2.0364, Val Acc: 0.0000
INFO:train:Epoch 18/100, Train Loss: 1.3277, Train Acc: 0.6181, Val Loss: 2.1062, Val Acc: 0.0000
INFO:train:Epoch 19/100, Train Loss: 1.2870, Train Acc: 0.6389, Val Loss: 2.1782, Val Acc: 0.0000
INFO:train:Epoch 20/100, Train Loss: 1.2583, Train Acc: 0.6528, Val Loss: 2.2375, Val Acc: 0.0000
INFO:train:Epoch 21/100, Train Loss: 1.2357, Train Acc: 0.6806, Val Loss: 2.2791, Val Acc: 0.0000
INFO:train:Epoch 22/100, Train Loss: 1.2162, Train Acc: 0.6111, Val Loss: 2.3178, Val Acc: 0.0000
INFO:train:Epoch 23/100, Train Loss: 1.1969, Train Acc: 0.5347, Val Loss: 2.3353, Val Acc: 0.0000
INFO:train:Epoch 24/100, Train Loss: 1.1831, Train Acc: 0.5417, Val Loss: 2.3640, Val Acc: 0.0000
INFO:train:Epoch 25/100, Train Loss: 1.1644, Train Acc: 0.5486, Val Loss: 2.3943, Val Acc: 0.0000
INFO:train:Epoch 26/100, Train Loss: 1.1425, Train Acc: 0.5833, Val Loss: 2.4270, Val Acc: 0.0000
INFO:train:Epoch 27/100, Train Loss: 1.1167, Train Acc: 0.6806, Val Loss: 2.4569, Val Acc: 0.0000
INFO:train:Epoch 28/100, Train Loss: 1.0847, Train Acc: 0.8403, Val Loss: 2.4932, Val Acc: 0.0000
INFO:train:Epoch 29/100, Train Loss: 1.0593, Train Acc: 0.8333, Val Loss: 2.5522, Val Acc: 0.0000
INFO:train:Epoch 30/100, Train Loss: 1.0300, Train Acc: 0.8403, Val Loss: 2.6307, Val Acc: 0.0000
INFO:train:Epoch 31/100, Train Loss: 1.0002, Train Acc: 0.8264, Val Loss: 2.7129, Val Acc: 0.0000
INFO:train:Epoch 32/100, Train Loss: 0.9745, Train Acc: 0.7917, Val Loss: 2.8156, Val Acc: 0.0000
INFO:train:Epoch 33/100, Train Loss: 0.9443, Train Acc: 0.7986, Val Loss: 2.9171, Val Acc: 0.0000
INFO:train:Epoch 34/100, Train Loss: 0.9105, Train Acc: 0.8125, Val Loss: 3.0327, Val Acc: 0.0000
INFO:train:Epoch 35/100, Train Loss: 0.8812, Train Acc: 0.7778, Val Loss: 3.1921, Val Acc: 0.0000
INFO:train:Epoch 36/100, Train Loss: 0.8469, Train Acc: 0.8264, Val Loss: 3.3740, Val Acc: 0.0000
INFO:train:Epoch 37/100, Train Loss: 0.8089, Train Acc: 0.8889, Val Loss: 3.5329, Val Acc: 0.0000
INFO:train:Epoch 38/100, Train Loss: 0.7739, Train Acc: 0.9028, Val Loss: 3.6617, Val Acc: 0.0000
INFO:train:Epoch 39/100, Train Loss: 0.7360, Train Acc: 0.9444, Val Loss: 3.7943, Val Acc: 0.0000
INFO:train:Epoch 40/100, Train Loss: 0.7117, Train Acc: 0.9514, Val Loss: 3.8939, Val Acc: 0.0000
INFO:train:Epoch 41/100, Train Loss: 0.6866, Train Acc: 0.9236, Val Loss: 3.9841, Val Acc: 0.0000
INFO:train:Epoch 42/100, Train Loss: 0.6648, Train Acc: 0.9444, Val Loss: 4.0466, Val Acc: 0.0000
INFO:train:Epoch 43/100, Train Loss: 0.6432, Train Acc: 0.9444, Val Loss: 4.0828, Val Acc: 0.0000
INFO:train:Epoch 44/100, Train Loss: 0.6308, Train Acc: 0.9583, Val Loss: 4.1176, Val Acc: 0.0000
INFO:train:Epoch 45/100, Train Loss: 0.6184, Train Acc: 0.9931, Val Loss: 4.1347, Val Acc: 0.0000
INFO:train:Epoch 46/100, Train Loss: 0.6032, Train Acc: 0.9861, Val Loss: 4.1496, Val Acc: 0.0000
INFO:train:Epoch 47/100, Train Loss: 0.5936, Train Acc: 0.9861, Val Loss: 4.1416, Val Acc: 0.0000
INFO:train:Epoch 48/100, Train Loss: 0.5844, Train Acc: 1.0000, Val Loss: 4.1200, Val Acc: 0.0000
INFO:train:Epoch 49/100, Train Loss: 0.5782, Train Acc: 1.0000, Val Loss: 4.0975, Val Acc: 0.0000
INFO:train:Epoch 50/100, Train Loss: 0.5697, Train Acc: 1.0000, Val Loss: 4.0462, Val Acc: 0.0000
INFO:train:Epoch 51/100, Train Loss: 0.5615, Train Acc: 1.0000, Val Loss: 3.9715, Val Acc: 0.0000
INFO:train:Epoch 52/100, Train Loss: 0.5537, Train Acc: 1.0000, Val Loss: 3.8785, Val Acc: 0.0000
INFO:train:Epoch 53/100, Train Loss: 0.5467, Train Acc: 1.0000, Val Loss: 3.7914, Val Acc: 0.0000
INFO:train:Epoch 54/100, Train Loss: 0.5438, Train Acc: 1.0000, Val Loss: 3.7330, Val Acc: 0.0000
INFO:train:Epoch 55/100, Train Loss: 0.5363, Train Acc: 1.0000, Val Loss: 3.6842, Val Acc: 0.0000
INFO:train:Epoch 56/100, Train Loss: 0.5312, Train Acc: 1.0000, Val Loss: 3.6504, Val Acc: 0.0000
INFO:train:Epoch 57/100, Train Loss: 0.5281, Train Acc: 1.0000, Val Loss: 3.6049, Val Acc: 0.0000
INFO:train:Epoch 58/100, Train Loss: 0.5227, Train Acc: 1.0000, Val Loss: 3.5411, Val Acc: 0.0000
INFO:train:Epoch 59/100, Train Loss: 0.5183, Train Acc: 1.0000, Val Loss: 3.4768, Val Acc: 0.3333
INFO:train:Epoch 60/100, Train Loss: 0.5140, Train Acc: 1.0000, Val Loss: 3.4257, Val Acc: 0.3333
INFO:train:Epoch 61/100, Train Loss: 0.5113, Train Acc: 1.0000, Val Loss: 3.3945, Val Acc: 0.3333
INFO:train:Epoch 62/100, Train Loss: 0.5086, Train Acc: 1.0000, Val Loss: 3.3905, Val Acc: 0.3333
INFO:train:Epoch 63/100, Train Loss: 0.5046, Train Acc: 1.0000, Val Loss: 3.4012, Val Acc: 0.3333
INFO:train:Epoch 64/100, Train Loss: 0.5036, Train Acc: 1.0000, Val Loss: 3.4044, Val Acc: 0.3333
INFO:train:Epoch 65/100, Train Loss: 0.5006, Train Acc: 1.0000, Val Loss: 3.3934, Val Acc: 0.3333
INFO:train:Epoch 66/100, Train Loss: 0.5009, Train Acc: 1.0000, Val Loss: 3.3801, Val Acc: 0.3333
INFO:train:Epoch 67/100, Train Loss: 0.4982, Train Acc: 1.0000, Val Loss: 3.3731, Val Acc: 0.3333
INFO:train:Epoch 68/100, Train Loss: 0.4972, Train Acc: 1.0000, Val Loss: 3.3610, Val Acc: 0.3333
INFO:train:Epoch 69/100, Train Loss: 0.4946, Train Acc: 1.0000, Val Loss: 3.3478, Val Acc: 0.3333
INFO:train:Epoch 70/100, Train Loss: 0.4933, Train Acc: 1.0000, Val Loss: 3.3334, Val Acc: 0.3333
INFO:train:Epoch 71/100, Train Loss: 0.4922, Train Acc: 1.0000, Val Loss: 3.3180, Val Acc: 0.3333
INFO:train:Epoch 72/100, Train Loss: 0.4905, Train Acc: 1.0000, Val Loss: 3.3060, Val Acc: 0.3333
INFO:train:Epoch 73/100, Train Loss: 0.4902, Train Acc: 1.0000, Val Loss: 3.2930, Val Acc: 0.3333
INFO:train:Epoch 74/100, Train Loss: 0.4885, Train Acc: 1.0000, Val Loss: 3.2757, Val Acc: 0.3333
INFO:train:Epoch 75/100, Train Loss: 0.4868, Train Acc: 1.0000, Val Loss: 3.2589, Val Acc: 0.3333
INFO:train:Epoch 76/100, Train Loss: 0.4860, Train Acc: 1.0000, Val Loss: 3.2354, Val Acc: 0.3333
INFO:train:Epoch 77/100, Train Loss: 0.4856, Train Acc: 1.0000, Val Loss: 3.2181, Val Acc: 0.3333
INFO:train:Epoch 78/100, Train Loss: 0.4847, Train Acc: 1.0000, Val Loss: 3.2143, Val Acc: 0.3333
INFO:train:Epoch 79/100, Train Loss: 0.4832, Train Acc: 1.0000, Val Loss: 3.2131, Val Acc: 0.3333
INFO:train:Epoch 80/100, Train Loss: 0.4814, Train Acc: 1.0000, Val Loss: 3.2108, Val Acc: 0.3333
INFO:train:Epoch 81/100, Train Loss: 0.4809, Train Acc: 1.0000, Val Loss: 3.2080, Val Acc: 0.3333
INFO:train:Epoch 82/100, Train Loss: 0.4796, Train Acc: 1.0000, Val Loss: 3.2030, Val Acc: 0.3333
INFO:train:Epoch 83/100, Train Loss: 0.4776, Train Acc: 1.0000, Val Loss: 3.1920, Val Acc: 0.3333
INFO:train:Epoch 84/100, Train Loss: 0.4770, Train Acc: 1.0000, Val Loss: 3.1788, Val Acc: 0.3333
INFO:train:Epoch 85/100, Train Loss: 0.4754, Train Acc: 1.0000, Val Loss: 3.1622, Val Acc: 0.3333
INFO:train:Epoch 86/100, Train Loss: 0.4747, Train Acc: 1.0000, Val Loss: 3.1431, Val Acc: 0.3333
INFO:train:Epoch 87/100, Train Loss: 0.4730, Train Acc: 1.0000, Val Loss: 3.1219, Val Acc: 0.3333
INFO:train:Epoch 88/100, Train Loss: 0.4717, Train Acc: 1.0000, Val Loss: 3.1006, Val Acc: 0.3333
INFO:train:Epoch 89/100, Train Loss: 0.4711, Train Acc: 1.0000, Val Loss: 3.0817, Val Acc: 0.3333
INFO:train:Epoch 90/100, Train Loss: 0.4694, Train Acc: 1.0000, Val Loss: 3.0607, Val Acc: 0.3333
INFO:train:Epoch 91/100, Train Loss: 0.4680, Train Acc: 1.0000, Val Loss: 3.0398, Val Acc: 0.3333
INFO:train:Epoch 92/100, Train Loss: 0.4664, Train Acc: 1.0000, Val Loss: 3.0206, Val Acc: 0.3333
INFO:train:Epoch 93/100, Train Loss: 0.4655, Train Acc: 1.0000, Val Loss: 3.0034, Val Acc: 0.3333
INFO:train:Epoch 94/100, Train Loss: 0.4638, Train Acc: 1.0000, Val Loss: 2.9858, Val Acc: 0.3333
INFO:train:Epoch 95/100, Train Loss: 0.4631, Train Acc: 1.0000, Val Loss: 2.9621, Val Acc: 0.3333
INFO:train:Epoch 96/100, Train Loss: 0.4616, Train Acc: 1.0000, Val Loss: 2.9308, Val Acc: 0.3333
INFO:train:Epoch 97/100, Train Loss: 0.4600, Train Acc: 1.0000, Val Loss: 2.9016, Val Acc: 0.3333
INFO:train:Epoch 98/100, Train Loss: 0.4585, Train Acc: 1.0000, Val Loss: 2.8675, Val Acc: 0.3333
INFO:train:Epoch 99/100, Train Loss: 0.4568, Train Acc: 1.0000, Val Loss: 2.8353, Val Acc: 0.3333
INFO:train:Epoch 100/100, Train Loss: 0.4565, Train Acc: 1.0000, Val Loss: 2.8060, Val Acc: 0.3333
INFO:plot:Saving attention map to: figures/model_accuracy.png
INFO:__main__:Total time taken to train the model: 21.78s
INFO:__main__:train accuracy: 64 / 64
INFO:__main__:train accuracy: 64 / 64
INFO:__main__:train accuracy: 16 / 16
INFO:__main__:validation accuracy: 1 / 3
INFO:__main__:test accuracy: 3 / 3
INFO:plot:Saving attention map to: figures/encoder_attention_map.png
INFO:plot:Saving attention map to: figures/decoder_attention_map.png
