INFO:__main__:Reading the dataset: fish part
INFO:__main__:Pre-training the network: Masked Spectra Modelling
INFO:pre_training:Epoch [1/100], Loss: 0.0551, Val: 0.1770
INFO:pre_training:Epoch [2/100], Loss: 0.0533, Val: 0.1676
INFO:pre_training:Epoch [3/100], Loss: 0.0533, Val: 0.1726
INFO:pre_training:Epoch [4/100], Loss: 0.0514, Val: 0.1635
INFO:pre_training:Epoch [5/100], Loss: 0.0497, Val: 0.1634
INFO:pre_training:Epoch [6/100], Loss: 0.0488, Val: 0.1601
INFO:pre_training:Epoch [7/100], Loss: 0.0485, Val: 0.1617
INFO:pre_training:Epoch [8/100], Loss: 0.0478, Val: 0.1528
INFO:pre_training:Epoch [9/100], Loss: 0.0477, Val: 0.1588
INFO:pre_training:Epoch [10/100], Loss: 0.0473, Val: 0.1551
INFO:pre_training:Epoch [11/100], Loss: 0.0466, Val: 0.1583
INFO:pre_training:Epoch [12/100], Loss: 0.0464, Val: 0.1548
INFO:pre_training:Epoch [13/100], Loss: 0.0460, Val: 0.1521
INFO:pre_training:Epoch [14/100], Loss: 0.0449, Val: 0.1468
INFO:pre_training:Epoch [15/100], Loss: 0.0447, Val: 0.1482
INFO:pre_training:Epoch [16/100], Loss: 0.0452, Val: 0.1501
INFO:pre_training:Epoch [17/100], Loss: 0.0446, Val: 0.1521
INFO:pre_training:Epoch [18/100], Loss: 0.0439, Val: 0.1512
INFO:pre_training:Epoch [19/100], Loss: 0.0437, Val: 0.1506
INFO:pre_training:Epoch [20/100], Loss: 0.0439, Val: 0.1454
INFO:pre_training:Epoch [21/100], Loss: 0.0437, Val: 0.1480
INFO:pre_training:Epoch [22/100], Loss: 0.0432, Val: 0.1438
INFO:pre_training:Epoch [23/100], Loss: 0.0427, Val: 0.1466
INFO:pre_training:Epoch [24/100], Loss: 0.0428, Val: 0.1502
INFO:pre_training:Epoch [25/100], Loss: 0.0426, Val: 0.1440
INFO:pre_training:Epoch [26/100], Loss: 0.0422, Val: 0.1429
INFO:pre_training:Epoch [27/100], Loss: 0.0414, Val: 0.1431
INFO:pre_training:Epoch [28/100], Loss: 0.0415, Val: 0.1426
INFO:pre_training:Epoch [29/100], Loss: 0.0409, Val: 0.1464
INFO:pre_training:Epoch [30/100], Loss: 0.0412, Val: 0.1409
INFO:pre_training:Epoch [31/100], Loss: 0.0412, Val: 0.1405
INFO:pre_training:Epoch [32/100], Loss: 0.0405, Val: 0.1408
INFO:pre_training:Epoch [33/100], Loss: 0.0404, Val: 0.1349
INFO:pre_training:Epoch [34/100], Loss: 0.0405, Val: 0.1376
INFO:pre_training:Epoch [35/100], Loss: 0.0400, Val: 0.1404
INFO:pre_training:Epoch [36/100], Loss: 0.0399, Val: 0.1372
INFO:pre_training:Epoch [37/100], Loss: 0.0398, Val: 0.1374
INFO:pre_training:Epoch [38/100], Loss: 0.0398, Val: 0.1328
INFO:pre_training:Epoch [39/100], Loss: 0.0397, Val: 0.1340
INFO:pre_training:Epoch [40/100], Loss: 0.0398, Val: 0.1359
INFO:pre_training:Epoch [41/100], Loss: 0.0389, Val: 0.1351
INFO:pre_training:Epoch [42/100], Loss: 0.0388, Val: 0.1326
INFO:pre_training:Epoch [43/100], Loss: 0.0386, Val: 0.1394
INFO:pre_training:Epoch [44/100], Loss: 0.0387, Val: 0.1361
INFO:pre_training:Epoch [45/100], Loss: 0.0384, Val: 0.1342
INFO:pre_training:Epoch [46/100], Loss: 0.0382, Val: 0.1407
INFO:pre_training:Epoch [47/100], Loss: 0.0384, Val: 0.1360
INFO:pre_training:Epoch [48/100], Loss: 0.0371, Val: 0.1255
INFO:pre_training:Epoch [49/100], Loss: 0.0379, Val: 0.1341
INFO:pre_training:Epoch [50/100], Loss: 0.0376, Val: 0.1327
INFO:pre_training:Epoch [51/100], Loss: 0.0380, Val: 0.1334
INFO:pre_training:Epoch [52/100], Loss: 0.0371, Val: 0.1352
INFO:pre_training:Epoch [53/100], Loss: 0.0371, Val: 0.1303
INFO:pre_training:Epoch [54/100], Loss: 0.0369, Val: 0.1299
INFO:pre_training:Epoch [55/100], Loss: 0.0368, Val: 0.1308
INFO:pre_training:Epoch [56/100], Loss: 0.0368, Val: 0.1328
INFO:pre_training:Epoch [57/100], Loss: 0.0362, Val: 0.1345
INFO:pre_training:Epoch [58/100], Loss: 0.0366, Val: 0.1273
INFO:pre_training:Epoch [59/100], Loss: 0.0360, Val: 0.1293
INFO:pre_training:Epoch [60/100], Loss: 0.0366, Val: 0.1330
INFO:pre_training:Epoch [61/100], Loss: 0.0364, Val: 0.1359
INFO:pre_training:Epoch [62/100], Loss: 0.0359, Val: 0.1295
INFO:pre_training:Epoch [63/100], Loss: 0.0361, Val: 0.1309
INFO:pre_training:Epoch [64/100], Loss: 0.0356, Val: 0.1282
INFO:pre_training:Epoch [65/100], Loss: 0.0355, Val: 0.1298
INFO:pre_training:Epoch [66/100], Loss: 0.0354, Val: 0.1270
INFO:pre_training:Epoch [67/100], Loss: 0.0352, Val: 0.1301
INFO:pre_training:Epoch [68/100], Loss: 0.0353, Val: 0.1283
INFO:pre_training:Epoch [69/100], Loss: 0.0345, Val: 0.1226
INFO:pre_training:Epoch [70/100], Loss: 0.0349, Val: 0.1303
INFO:pre_training:Epoch [71/100], Loss: 0.0348, Val: 0.1253
INFO:pre_training:Epoch [72/100], Loss: 0.0349, Val: 0.1274
INFO:pre_training:Epoch [73/100], Loss: 0.0343, Val: 0.1221
INFO:pre_training:Epoch [74/100], Loss: 0.0343, Val: 0.1292
INFO:pre_training:Epoch [75/100], Loss: 0.0340, Val: 0.1232
INFO:pre_training:Epoch [76/100], Loss: 0.0345, Val: 0.1209
INFO:pre_training:Epoch [77/100], Loss: 0.0342, Val: 0.1281
INFO:pre_training:Epoch [78/100], Loss: 0.0343, Val: 0.1253
INFO:pre_training:Epoch [79/100], Loss: 0.0334, Val: 0.1234
INFO:pre_training:Epoch [80/100], Loss: 0.0338, Val: 0.1196
INFO:pre_training:Epoch [81/100], Loss: 0.0334, Val: 0.1241
INFO:pre_training:Epoch [82/100], Loss: 0.0332, Val: 0.1234
INFO:pre_training:Epoch [83/100], Loss: 0.0336, Val: 0.1235
INFO:pre_training:Epoch [84/100], Loss: 0.0334, Val: 0.1265
INFO:pre_training:Epoch [85/100], Loss: 0.0333, Val: 0.1178
INFO:pre_training:Epoch [86/100], Loss: 0.0327, Val: 0.1183
INFO:pre_training:Epoch [87/100], Loss: 0.0328, Val: 0.1185
INFO:pre_training:Epoch [88/100], Loss: 0.0331, Val: 0.1209
INFO:pre_training:Epoch [89/100], Loss: 0.0329, Val: 0.1209
INFO:pre_training:Epoch [90/100], Loss: 0.0326, Val: 0.1190
INFO:pre_training:Epoch [91/100], Loss: 0.0326, Val: 0.1220
INFO:pre_training:Epoch [92/100], Loss: 0.0322, Val: 0.1219
INFO:pre_training:Epoch [93/100], Loss: 0.0325, Val: 0.1212
INFO:pre_training:Epoch [94/100], Loss: 0.0327, Val: 0.1220
INFO:pre_training:Epoch [95/100], Loss: 0.0323, Val: 0.1187
INFO:pre_training:Epoch [96/100], Loss: 0.0320, Val: 0.1182
INFO:pre_training:Epoch [97/100], Loss: 0.0318, Val: 0.1198
INFO:pre_training:Epoch [98/100], Loss: 0.0320, Val: 0.1187
INFO:pre_training:Epoch [99/100], Loss: 0.0324, Val: 0.1131
INFO:pre_training:Epoch [100/100], Loss: 0.0313, Val: 0.1193
INFO:__main__:Total time taken to pre-train the model: 20.82s
INFO:__main__:Training the network
INFO:train:Epoch 1/100, Train Loss: 1.7913, Train Acc: 0.4931, Val Loss: 1.7881, Val Acc: 0.6667
INFO:train:Epoch 2/100, Train Loss: 1.7884, Train Acc: 0.7708, Val Loss: 1.7832, Val Acc: 0.6667
INFO:train:Epoch 3/100, Train Loss: 1.7847, Train Acc: 0.7639, Val Loss: 1.7755, Val Acc: 0.6667
INFO:train:Epoch 4/100, Train Loss: 1.7793, Train Acc: 0.7500, Val Loss: 1.7648, Val Acc: 0.6667
INFO:train:Epoch 5/100, Train Loss: 1.7723, Train Acc: 0.7569, Val Loss: 1.7499, Val Acc: 0.6667
INFO:train:Epoch 6/100, Train Loss: 1.7630, Train Acc: 0.7778, Val Loss: 1.7297, Val Acc: 0.6667
INFO:train:Epoch 7/100, Train Loss: 1.7508, Train Acc: 0.7361, Val Loss: 1.7029, Val Acc: 0.6667
INFO:train:Epoch 8/100, Train Loss: 1.7339, Train Acc: 0.7153, Val Loss: 1.6685, Val Acc: 0.6667
INFO:train:Epoch 9/100, Train Loss: 1.7140, Train Acc: 0.6597, Val Loss: 1.6258, Val Acc: 0.6667
INFO:train:Epoch 10/100, Train Loss: 1.6883, Train Acc: 0.6944, Val Loss: 1.5747, Val Acc: 0.6667
INFO:train:Epoch 11/100, Train Loss: 1.6564, Train Acc: 0.6458, Val Loss: 1.5133, Val Acc: 0.6667
INFO:train:Epoch 12/100, Train Loss: 1.6184, Train Acc: 0.6319, Val Loss: 1.4417, Val Acc: 0.6667
INFO:train:Epoch 13/100, Train Loss: 1.5768, Train Acc: 0.6111, Val Loss: 1.3634, Val Acc: 0.6667
INFO:train:Epoch 14/100, Train Loss: 1.5291, Train Acc: 0.6042, Val Loss: 1.2826, Val Acc: 0.6667
INFO:train:Epoch 15/100, Train Loss: 1.4794, Train Acc: 0.5486, Val Loss: 1.2078, Val Acc: 0.6667
INFO:train:Epoch 16/100, Train Loss: 1.4265, Train Acc: 0.5694, Val Loss: 1.1456, Val Acc: 0.6667
INFO:train:Epoch 17/100, Train Loss: 1.3799, Train Acc: 0.5694, Val Loss: 1.0936, Val Acc: 0.6667
INFO:train:Epoch 18/100, Train Loss: 1.3407, Train Acc: 0.5347, Val Loss: 1.0555, Val Acc: 0.6667
INFO:train:Epoch 19/100, Train Loss: 1.3016, Train Acc: 0.5069, Val Loss: 1.0311, Val Acc: 0.6667
INFO:train:Epoch 20/100, Train Loss: 1.2765, Train Acc: 0.5347, Val Loss: 1.0127, Val Acc: 0.6667
INFO:train:Epoch 21/100, Train Loss: 1.2573, Train Acc: 0.5486, Val Loss: 1.0053, Val Acc: 0.6667
INFO:train:Epoch 22/100, Train Loss: 1.2357, Train Acc: 0.5764, Val Loss: 1.0042, Val Acc: 1.0000
INFO:train:Epoch 23/100, Train Loss: 1.2243, Train Acc: 0.6736, Val Loss: 1.0115, Val Acc: 1.0000
INFO:train:Epoch 24/100, Train Loss: 1.2093, Train Acc: 0.7153, Val Loss: 1.0131, Val Acc: 1.0000
INFO:train:Epoch 25/100, Train Loss: 1.1938, Train Acc: 0.7431, Val Loss: 1.0071, Val Acc: 1.0000
INFO:train:Epoch 26/100, Train Loss: 1.1782, Train Acc: 0.7500, Val Loss: 0.9948, Val Acc: 1.0000
INFO:train:Epoch 27/100, Train Loss: 1.1518, Train Acc: 0.7431, Val Loss: 0.9753, Val Acc: 1.0000
INFO:train:Epoch 28/100, Train Loss: 1.1250, Train Acc: 0.7431, Val Loss: 0.9552, Val Acc: 1.0000
INFO:train:Epoch 29/100, Train Loss: 1.0983, Train Acc: 0.7569, Val Loss: 0.9342, Val Acc: 1.0000
INFO:train:Epoch 30/100, Train Loss: 1.0692, Train Acc: 0.8333, Val Loss: 0.9109, Val Acc: 1.0000
INFO:train:Epoch 31/100, Train Loss: 1.0421, Train Acc: 0.8403, Val Loss: 0.8862, Val Acc: 1.0000
INFO:train:Epoch 32/100, Train Loss: 1.0090, Train Acc: 0.8264, Val Loss: 0.8637, Val Acc: 1.0000
INFO:train:Epoch 33/100, Train Loss: 0.9777, Train Acc: 0.8403, Val Loss: 0.8458, Val Acc: 1.0000
INFO:train:Epoch 34/100, Train Loss: 0.9461, Train Acc: 0.8611, Val Loss: 0.8277, Val Acc: 1.0000
INFO:train:Epoch 35/100, Train Loss: 0.9114, Train Acc: 0.8611, Val Loss: 0.8122, Val Acc: 1.0000
INFO:train:Epoch 36/100, Train Loss: 0.8808, Train Acc: 0.8611, Val Loss: 0.7956, Val Acc: 1.0000
INFO:train:Epoch 37/100, Train Loss: 0.8440, Train Acc: 0.8611, Val Loss: 0.7863, Val Acc: 1.0000
INFO:train:Epoch 38/100, Train Loss: 0.8106, Train Acc: 0.8750, Val Loss: 0.7781, Val Acc: 1.0000
INFO:train:Epoch 39/100, Train Loss: 0.7703, Train Acc: 0.9097, Val Loss: 0.7793, Val Acc: 1.0000
INFO:train:Epoch 40/100, Train Loss: 0.7405, Train Acc: 0.9514, Val Loss: 0.8006, Val Acc: 1.0000
INFO:train:Epoch 41/100, Train Loss: 0.7214, Train Acc: 0.9236, Val Loss: 0.8405, Val Acc: 0.6667
INFO:train:Epoch 42/100, Train Loss: 0.6729, Train Acc: 0.9792, Val Loss: 0.8527, Val Acc: 0.6667
INFO:train:Epoch 43/100, Train Loss: 0.6464, Train Acc: 0.9792, Val Loss: 0.8491, Val Acc: 0.6667
INFO:train:Epoch 44/100, Train Loss: 0.6212, Train Acc: 1.0000, Val Loss: 0.8470, Val Acc: 1.0000
INFO:train:Epoch 45/100, Train Loss: 0.6020, Train Acc: 1.0000, Val Loss: 0.8342, Val Acc: 1.0000
INFO:train:Epoch 46/100, Train Loss: 0.5845, Train Acc: 1.0000, Val Loss: 0.7984, Val Acc: 1.0000
INFO:train:Epoch 47/100, Train Loss: 0.5709, Train Acc: 1.0000, Val Loss: 0.7676, Val Acc: 1.0000
INFO:train:Epoch 48/100, Train Loss: 0.5569, Train Acc: 1.0000, Val Loss: 0.7545, Val Acc: 1.0000
INFO:train:Epoch 49/100, Train Loss: 0.5487, Train Acc: 1.0000, Val Loss: 0.7595, Val Acc: 0.6667
INFO:train:Epoch 50/100, Train Loss: 0.5395, Train Acc: 1.0000, Val Loss: 0.7756, Val Acc: 0.6667
INFO:train:Epoch 51/100, Train Loss: 0.5296, Train Acc: 1.0000, Val Loss: 0.7812, Val Acc: 0.6667
INFO:train:Epoch 52/100, Train Loss: 0.5227, Train Acc: 1.0000, Val Loss: 0.7736, Val Acc: 0.6667
INFO:train:Epoch 53/100, Train Loss: 0.5160, Train Acc: 1.0000, Val Loss: 0.7682, Val Acc: 0.6667
INFO:train:Epoch 54/100, Train Loss: 0.5084, Train Acc: 1.0000, Val Loss: 0.7760, Val Acc: 0.6667
INFO:train:Epoch 55/100, Train Loss: 0.5039, Train Acc: 1.0000, Val Loss: 0.7978, Val Acc: 0.6667
INFO:train:Epoch 56/100, Train Loss: 0.4984, Train Acc: 1.0000, Val Loss: 0.8187, Val Acc: 0.6667
INFO:train:Epoch 57/100, Train Loss: 0.4957, Train Acc: 1.0000, Val Loss: 0.8416, Val Acc: 0.6667
INFO:train:Epoch 58/100, Train Loss: 0.4897, Train Acc: 1.0000, Val Loss: 0.8668, Val Acc: 0.6667
INFO:train:Epoch 59/100, Train Loss: 0.4865, Train Acc: 1.0000, Val Loss: 0.9026, Val Acc: 0.6667
INFO:train:Epoch 60/100, Train Loss: 0.4818, Train Acc: 1.0000, Val Loss: 0.9264, Val Acc: 0.6667
INFO:train:Epoch 61/100, Train Loss: 0.4809, Train Acc: 1.0000, Val Loss: 0.9334, Val Acc: 0.6667
INFO:train:Epoch 62/100, Train Loss: 0.4781, Train Acc: 1.0000, Val Loss: 0.9303, Val Acc: 0.6667
INFO:train:Epoch 63/100, Train Loss: 0.4755, Train Acc: 1.0000, Val Loss: 0.9289, Val Acc: 0.6667
INFO:train:Epoch 64/100, Train Loss: 0.4733, Train Acc: 1.0000, Val Loss: 0.9347, Val Acc: 0.6667
INFO:train:Epoch 65/100, Train Loss: 0.4718, Train Acc: 1.0000, Val Loss: 0.9467, Val Acc: 0.6667
INFO:train:Epoch 66/100, Train Loss: 0.4701, Train Acc: 1.0000, Val Loss: 0.9610, Val Acc: 0.6667
INFO:train:Epoch 67/100, Train Loss: 0.4686, Train Acc: 1.0000, Val Loss: 0.9693, Val Acc: 0.6667
INFO:train:Epoch 68/100, Train Loss: 0.4669, Train Acc: 1.0000, Val Loss: 0.9726, Val Acc: 0.6667
INFO:train:Epoch 69/100, Train Loss: 0.4652, Train Acc: 1.0000, Val Loss: 0.9786, Val Acc: 0.6667
INFO:train:Epoch 70/100, Train Loss: 0.4649, Train Acc: 1.0000, Val Loss: 0.9898, Val Acc: 0.6667
INFO:train:Epoch 71/100, Train Loss: 0.4636, Train Acc: 1.0000, Val Loss: 0.9947, Val Acc: 0.6667
INFO:train:Epoch 72/100, Train Loss: 0.4623, Train Acc: 1.0000, Val Loss: 1.0021, Val Acc: 0.6667
INFO:train:Epoch 73/100, Train Loss: 0.4617, Train Acc: 1.0000, Val Loss: 1.0090, Val Acc: 0.6667
INFO:train:Epoch 74/100, Train Loss: 0.4613, Train Acc: 1.0000, Val Loss: 1.0125, Val Acc: 0.6667
INFO:train:Epoch 75/100, Train Loss: 0.4605, Train Acc: 1.0000, Val Loss: 1.0128, Val Acc: 0.6667
INFO:train:Epoch 76/100, Train Loss: 0.4595, Train Acc: 1.0000, Val Loss: 1.0249, Val Acc: 0.6667
INFO:train:Epoch 77/100, Train Loss: 0.4588, Train Acc: 1.0000, Val Loss: 1.0450, Val Acc: 0.6667
INFO:train:Epoch 78/100, Train Loss: 0.4584, Train Acc: 1.0000, Val Loss: 1.0662, Val Acc: 0.6667
INFO:train:Epoch 79/100, Train Loss: 0.4573, Train Acc: 1.0000, Val Loss: 1.0876, Val Acc: 0.6667
INFO:train:Epoch 80/100, Train Loss: 0.4571, Train Acc: 1.0000, Val Loss: 1.1027, Val Acc: 0.6667
INFO:train:Epoch 81/100, Train Loss: 0.4564, Train Acc: 1.0000, Val Loss: 1.1125, Val Acc: 0.6667
INFO:train:Epoch 82/100, Train Loss: 0.4558, Train Acc: 1.0000, Val Loss: 1.1171, Val Acc: 0.6667
INFO:train:Epoch 83/100, Train Loss: 0.4552, Train Acc: 1.0000, Val Loss: 1.1172, Val Acc: 0.6667
INFO:train:Epoch 84/100, Train Loss: 0.4558, Train Acc: 1.0000, Val Loss: 1.1066, Val Acc: 0.6667
INFO:train:Epoch 85/100, Train Loss: 0.4548, Train Acc: 1.0000, Val Loss: 1.0982, Val Acc: 0.6667
INFO:train:Epoch 86/100, Train Loss: 0.4543, Train Acc: 1.0000, Val Loss: 1.0974, Val Acc: 0.6667
INFO:train:Epoch 87/100, Train Loss: 0.4532, Train Acc: 1.0000, Val Loss: 1.1004, Val Acc: 0.6667
INFO:train:Epoch 88/100, Train Loss: 0.4533, Train Acc: 1.0000, Val Loss: 1.1017, Val Acc: 0.6667
INFO:train:Epoch 89/100, Train Loss: 0.4530, Train Acc: 1.0000, Val Loss: 1.1062, Val Acc: 0.6667
INFO:train:Epoch 90/100, Train Loss: 0.4526, Train Acc: 1.0000, Val Loss: 1.1101, Val Acc: 0.6667
INFO:train:Epoch 91/100, Train Loss: 0.4521, Train Acc: 1.0000, Val Loss: 1.1090, Val Acc: 0.6667
INFO:train:Epoch 92/100, Train Loss: 0.4512, Train Acc: 1.0000, Val Loss: 1.1044, Val Acc: 0.6667
INFO:train:Epoch 93/100, Train Loss: 0.4510, Train Acc: 1.0000, Val Loss: 1.0992, Val Acc: 0.6667
INFO:train:Epoch 94/100, Train Loss: 0.4514, Train Acc: 1.0000, Val Loss: 1.0987, Val Acc: 0.6667
INFO:train:Epoch 95/100, Train Loss: 0.4507, Train Acc: 1.0000, Val Loss: 1.0998, Val Acc: 0.6667
INFO:train:Epoch 96/100, Train Loss: 0.4503, Train Acc: 1.0000, Val Loss: 1.1030, Val Acc: 0.6667
INFO:train:Epoch 97/100, Train Loss: 0.4498, Train Acc: 1.0000, Val Loss: 1.1124, Val Acc: 0.6667
INFO:train:Epoch 98/100, Train Loss: 0.4494, Train Acc: 1.0000, Val Loss: 1.1240, Val Acc: 0.6667
INFO:train:Epoch 99/100, Train Loss: 0.4494, Train Acc: 1.0000, Val Loss: 1.1325, Val Acc: 0.6667
INFO:train:Epoch 100/100, Train Loss: 0.4487, Train Acc: 1.0000, Val Loss: 1.1404, Val Acc: 0.6667
INFO:plot:Saving attention map to: figures/model_accuracy.png
INFO:__main__:Total time taken to train the model: 21.34s
INFO:__main__:train accuracy: 64 / 64
INFO:__main__:train accuracy: 64 / 64
INFO:__main__:train accuracy: 16 / 16
INFO:__main__:validation accuracy: 2 / 3
INFO:__main__:test accuracy: 2 / 3
INFO:plot:Saving attention map to: figures/encoder_attention_map.png
INFO:plot:Saving attention map to: figures/decoder_attention_map.png
