INFO:__main__:Reading the dataset: fish cross-species
INFO:__main__:model: Transformer(
  (encoder): Encoder(
    (layers): ModuleList(
      (0-2): 3 x EncoderLayer(
        (self_attention): MultiHeadAttention(
          (query): Linear(in_features=1023, out_features=1023, bias=True)
          (key): Linear(in_features=1023, out_features=1023, bias=True)
          (value): Linear(in_features=1023, out_features=1023, bias=True)
          (fc_out): Linear(in_features=1023, out_features=1023, bias=True)
        )
        (feed_forward): FeedForward(
          (fc1): Linear(in_features=1023, out_features=128, bias=True)
          (fc2): Linear(in_features=128, out_features=1023, bias=True)
          (dropout): Dropout(p=0.2, inplace=False)
        )
        (norm1): LayerNorm((1023,), eps=1e-05, elementwise_affine=True)
        (norm2): LayerNorm((1023,), eps=1e-05, elementwise_affine=True)
        (dropout1): Dropout(p=0.2, inplace=False)
        (dropout2): Dropout(p=0.2, inplace=False)
      )
    )
  )
  (fc): Linear(in_features=1023, out_features=1023, bias=True)
)
INFO:__main__:Pre-training the network: Masked Spectra Modelling
INFO:pre_training:Epoch [1/100], Loss: 0.0685, Val: 0.0021
INFO:pre_training:Epoch [2/100], Loss: 0.0588, Val: 0.0018
INFO:pre_training:Epoch [3/100], Loss: 0.0533, Val: 0.0017
INFO:pre_training:Epoch [4/100], Loss: 0.0486, Val: 0.0015
INFO:pre_training:Epoch [5/100], Loss: 0.0450, Val: 0.0016
INFO:pre_training:Epoch [6/100], Loss: 0.0419, Val: 0.0012
INFO:pre_training:Epoch [7/100], Loss: 0.0394, Val: 0.0011
INFO:pre_training:Epoch [8/100], Loss: 0.0373, Val: 0.0011
INFO:pre_training:Epoch [9/100], Loss: 0.0355, Val: 0.0010
INFO:pre_training:Epoch [10/100], Loss: 0.0340, Val: 0.0010
INFO:pre_training:Epoch [11/100], Loss: 0.0324, Val: 0.0009
INFO:pre_training:Epoch [12/100], Loss: 0.0312, Val: 0.0009
INFO:pre_training:Epoch [13/100], Loss: 0.0301, Val: 0.0009
INFO:pre_training:Epoch [14/100], Loss: 0.0291, Val: 0.0008
INFO:pre_training:Epoch [15/100], Loss: 0.0281, Val: 0.0008
INFO:pre_training:Epoch [16/100], Loss: 0.0272, Val: 0.0008
INFO:pre_training:Epoch [17/100], Loss: 0.0263, Val: 0.0008
INFO:pre_training:Epoch [18/100], Loss: 0.0255, Val: 0.0007
INFO:pre_training:Epoch [19/100], Loss: 0.0248, Val: 0.0007
INFO:pre_training:Epoch [20/100], Loss: 0.0241, Val: 0.0007
INFO:pre_training:Epoch [21/100], Loss: 0.0234, Val: 0.0007
INFO:pre_training:Epoch [22/100], Loss: 0.0228, Val: 0.0007
INFO:pre_training:Epoch [23/100], Loss: 0.0223, Val: 0.0006
INFO:pre_training:Epoch [24/100], Loss: 0.0217, Val: 0.0006
INFO:pre_training:Epoch [25/100], Loss: 0.0212, Val: 0.0006
INFO:pre_training:Epoch [26/100], Loss: 0.0206, Val: 0.0006
INFO:pre_training:Epoch [27/100], Loss: 0.0202, Val: 0.0006
INFO:pre_training:Epoch [28/100], Loss: 0.0197, Val: 0.0006
INFO:pre_training:Epoch [29/100], Loss: 0.0193, Val: 0.0006
INFO:pre_training:Epoch [30/100], Loss: 0.0188, Val: 0.0006
INFO:pre_training:Epoch [31/100], Loss: 0.0185, Val: 0.0006
INFO:pre_training:Epoch [32/100], Loss: 0.0180, Val: 0.0005
INFO:pre_training:Epoch [33/100], Loss: 0.0177, Val: 0.0005
INFO:pre_training:Epoch [34/100], Loss: 0.0173, Val: 0.0005
INFO:pre_training:Epoch [35/100], Loss: 0.0170, Val: 0.0005
INFO:pre_training:Epoch [36/100], Loss: 0.0167, Val: 0.0005
INFO:pre_training:Epoch [37/100], Loss: 0.0163, Val: 0.0005
INFO:pre_training:Epoch [38/100], Loss: 0.0160, Val: 0.0005
INFO:pre_training:Epoch [39/100], Loss: 0.0157, Val: 0.0005
INFO:pre_training:Epoch [40/100], Loss: 0.0154, Val: 0.0005
INFO:pre_training:Epoch [41/100], Loss: 0.0151, Val: 0.0005
INFO:pre_training:Epoch [42/100], Loss: 0.0149, Val: 0.0005
INFO:pre_training:Epoch [43/100], Loss: 0.0146, Val: 0.0005
INFO:pre_training:Epoch [44/100], Loss: 0.0144, Val: 0.0004
INFO:pre_training:Epoch [45/100], Loss: 0.0141, Val: 0.0007
INFO:pre_training:Epoch [46/100], Loss: 0.0139, Val: 0.0004
INFO:pre_training:Epoch [47/100], Loss: 0.0137, Val: 0.0004
INFO:pre_training:Epoch [48/100], Loss: 0.0134, Val: 0.0005
INFO:pre_training:Epoch [49/100], Loss: 0.0132, Val: 0.0004
INFO:pre_training:Epoch [50/100], Loss: 0.0130, Val: 0.0004
INFO:pre_training:Epoch [51/100], Loss: 0.0128, Val: 0.0004
INFO:pre_training:Epoch [52/100], Loss: 0.0126, Val: 0.0004
INFO:pre_training:Epoch [53/100], Loss: 0.0124, Val: 0.0004
INFO:pre_training:Epoch [54/100], Loss: 0.0122, Val: 0.0004
INFO:pre_training:Epoch [55/100], Loss: 0.0120, Val: 0.0004
INFO:pre_training:Epoch [56/100], Loss: 0.0118, Val: 0.0004
INFO:pre_training:Epoch [57/100], Loss: 0.0116, Val: 0.0004
INFO:pre_training:Epoch [58/100], Loss: 0.0115, Val: 0.0004
INFO:pre_training:Epoch [59/100], Loss: 0.0113, Val: 0.0004
INFO:pre_training:Epoch [60/100], Loss: 0.0111, Val: 0.0004
INFO:pre_training:Epoch [61/100], Loss: 0.0110, Val: 0.0004
INFO:pre_training:Epoch [62/100], Loss: 0.0109, Val: 0.0004
INFO:pre_training:Epoch [63/100], Loss: 0.0107, Val: 0.0004
INFO:pre_training:Epoch [64/100], Loss: 0.0105, Val: 0.0004
INFO:pre_training:Epoch [65/100], Loss: 0.0104, Val: 0.0004
INFO:pre_training:Epoch [66/100], Loss: 0.0103, Val: 0.0004
INFO:pre_training:Epoch [67/100], Loss: 0.0101, Val: 0.0004
INFO:pre_training:Epoch [68/100], Loss: 0.0099, Val: 0.0004
INFO:pre_training:Epoch [69/100], Loss: 0.0098, Val: 0.0003
INFO:pre_training:Epoch [70/100], Loss: 0.0097, Val: 0.0004
INFO:pre_training:Epoch [71/100], Loss: 0.0096, Val: 0.0003
INFO:pre_training:Epoch [72/100], Loss: 0.0095, Val: 0.0003
INFO:pre_training:Epoch [73/100], Loss: 0.0093, Val: 0.0003
INFO:pre_training:Epoch [74/100], Loss: 0.0092, Val: 0.0003
INFO:pre_training:Epoch [75/100], Loss: 0.0091, Val: 0.0003
INFO:pre_training:Epoch [76/100], Loss: 0.0090, Val: 0.0003
INFO:pre_training:Epoch [77/100], Loss: 0.0088, Val: 0.0003
INFO:pre_training:Epoch [78/100], Loss: 0.0087, Val: 0.0003
INFO:pre_training:Epoch [79/100], Loss: 0.0087, Val: 0.0003
INFO:pre_training:Epoch [80/100], Loss: 0.0086, Val: 0.0004
INFO:pre_training:Epoch [81/100], Loss: 0.0085, Val: 0.0003
INFO:pre_training:Epoch [82/100], Loss: 0.0083, Val: 0.0003
INFO:pre_training:Epoch [83/100], Loss: 0.0082, Val: 0.0003
INFO:pre_training:Epoch [84/100], Loss: 0.0081, Val: 0.0003
INFO:pre_training:Epoch [85/100], Loss: 0.0080, Val: 0.0003
INFO:pre_training:Epoch [86/100], Loss: 0.0079, Val: 0.0003
INFO:pre_training:Epoch [87/100], Loss: 0.0079, Val: 0.0003
INFO:pre_training:Epoch [88/100], Loss: 0.0077, Val: 0.0003
INFO:pre_training:Epoch [89/100], Loss: 0.0077, Val: 0.0003
INFO:pre_training:Epoch [90/100], Loss: 0.0076, Val: 0.0003
INFO:pre_training:Epoch [91/100], Loss: 0.0074, Val: 0.0003
INFO:pre_training:Epoch [92/100], Loss: 0.0074, Val: 0.0003
INFO:pre_training:Epoch [93/100], Loss: 0.0073, Val: 0.0003
INFO:pre_training:Epoch [94/100], Loss: 0.0072, Val: 0.0003
INFO:pre_training:Epoch [95/100], Loss: 0.0071, Val: 0.0003
INFO:pre_training:Epoch [96/100], Loss: 0.0071, Val: 0.0003
INFO:pre_training:Epoch [97/100], Loss: 0.0070, Val: 0.0003
INFO:pre_training:Epoch [98/100], Loss: 0.0069, Val: 0.0003
INFO:pre_training:Epoch [99/100], Loss: 0.0068, Val: 0.0003
INFO:pre_training:Epoch [100/100], Loss: 0.0067, Val: 0.0003
INFO:__main__:Total time taken to pre-train the model: 57.18s
INFO:__main__:model: Transformer(
  (encoder): Encoder(
    (layers): ModuleList(
      (0-2): 3 x EncoderLayer(
        (self_attention): MultiHeadAttention(
          (query): Linear(in_features=1023, out_features=1023, bias=True)
          (key): Linear(in_features=1023, out_features=1023, bias=True)
          (value): Linear(in_features=1023, out_features=1023, bias=True)
          (fc_out): Linear(in_features=1023, out_features=1023, bias=True)
        )
        (feed_forward): FeedForward(
          (fc1): Linear(in_features=1023, out_features=128, bias=True)
          (fc2): Linear(in_features=128, out_features=1023, bias=True)
          (dropout): Dropout(p=0.2, inplace=False)
        )
        (norm1): LayerNorm((1023,), eps=1e-05, elementwise_affine=True)
        (norm2): LayerNorm((1023,), eps=1e-05, elementwise_affine=True)
        (dropout1): Dropout(p=0.2, inplace=False)
        (dropout2): Dropout(p=0.2, inplace=False)
      )
    )
  )
  (fc): Linear(in_features=1023, out_features=3, bias=True)
)
INFO:__main__:Training the network
INFO:train:Epoch 1/100, Train Loss: 1.0969, Train Acc: 0.3948, Val Loss: 1.0923, Val Acc: 0.4194
INFO:train:Epoch 2/100, Train Loss: 1.0895, Train Acc: 0.4180, Val Loss: 1.0781, Val Acc: 0.4194
INFO:train:Epoch 3/100, Train Loss: 1.0762, Train Acc: 0.4180, Val Loss: 1.0526, Val Acc: 0.4516
INFO:train:Epoch 4/100, Train Loss: 1.0483, Train Acc: 0.4331, Val Loss: 0.9998, Val Acc: 0.6452
INFO:train:Epoch 5/100, Train Loss: 0.9822, Train Acc: 0.6544, Val Loss: 0.8939, Val Acc: 0.7419
INFO:train:Epoch 6/100, Train Loss: 0.8602, Train Acc: 0.7391, Val Loss: 0.7577, Val Acc: 0.6774
INFO:train:Epoch 7/100, Train Loss: 0.7450, Train Acc: 0.7104, Val Loss: 0.6773, Val Acc: 0.7097
INFO:train:Epoch 8/100, Train Loss: 0.6624, Train Acc: 0.7363, Val Loss: 0.6443, Val Acc: 0.7097
INFO:train:Epoch 9/100, Train Loss: 0.5915, Train Acc: 0.8620, Val Loss: 0.6377, Val Acc: 0.7419
INFO:train:Epoch 10/100, Train Loss: 0.5113, Train Acc: 0.9167, Val Loss: 0.6210, Val Acc: 0.8065
INFO:train:Epoch 11/100, Train Loss: 0.4303, Train Acc: 0.9577, Val Loss: 0.6414, Val Acc: 0.8065
INFO:train:Epoch 12/100, Train Loss: 0.3721, Train Acc: 0.9781, Val Loss: 0.6364, Val Acc: 0.8065
INFO:train:Epoch 13/100, Train Loss: 0.3312, Train Acc: 0.9986, Val Loss: 0.6454, Val Acc: 0.8065
INFO:train:Epoch 14/100, Train Loss: 0.3092, Train Acc: 1.0000, Val Loss: 0.5966, Val Acc: 0.7742
INFO:train:Epoch 15/100, Train Loss: 0.3004, Train Acc: 1.0000, Val Loss: 0.5961, Val Acc: 0.8065
INFO:train:Epoch 16/100, Train Loss: 0.2965, Train Acc: 1.0000, Val Loss: 0.5932, Val Acc: 0.8065
INFO:train:Epoch 17/100, Train Loss: 0.2947, Train Acc: 1.0000, Val Loss: 0.5900, Val Acc: 0.8065
INFO:train:Epoch 18/100, Train Loss: 0.2940, Train Acc: 1.0000, Val Loss: 0.5870, Val Acc: 0.8065
INFO:train:Epoch 19/100, Train Loss: 0.2937, Train Acc: 1.0000, Val Loss: 0.5840, Val Acc: 0.8065
INFO:train:Epoch 20/100, Train Loss: 0.2936, Train Acc: 1.0000, Val Loss: 0.5821, Val Acc: 0.8065
INFO:train:Epoch 21/100, Train Loss: 0.2935, Train Acc: 1.0000, Val Loss: 0.5788, Val Acc: 0.8387
INFO:train:Epoch 22/100, Train Loss: 0.2933, Train Acc: 1.0000, Val Loss: 0.5778, Val Acc: 0.8387
INFO:train:Epoch 23/100, Train Loss: 0.2932, Train Acc: 1.0000, Val Loss: 0.5713, Val Acc: 0.8387
INFO:train:Epoch 24/100, Train Loss: 0.2931, Train Acc: 1.0000, Val Loss: 0.5704, Val Acc: 0.8387
INFO:train:Epoch 25/100, Train Loss: 0.2931, Train Acc: 1.0000, Val Loss: 0.5719, Val Acc: 0.8387
INFO:train:Epoch 26/100, Train Loss: 0.2930, Train Acc: 1.0000, Val Loss: 0.5723, Val Acc: 0.8387
INFO:train:Epoch 27/100, Train Loss: 0.2929, Train Acc: 1.0000, Val Loss: 0.5694, Val Acc: 0.8387
INFO:train:Epoch 28/100, Train Loss: 0.2929, Train Acc: 1.0000, Val Loss: 0.5694, Val Acc: 0.8387
INFO:train:Epoch 29/100, Train Loss: 0.2926, Train Acc: 1.0000, Val Loss: 0.5693, Val Acc: 0.8387
INFO:train:Epoch 30/100, Train Loss: 0.2927, Train Acc: 1.0000, Val Loss: 0.5695, Val Acc: 0.8387
INFO:train:Epoch 31/100, Train Loss: 0.2926, Train Acc: 1.0000, Val Loss: 0.5705, Val Acc: 0.8387
INFO:train:Epoch 32/100, Train Loss: 0.2926, Train Acc: 1.0000, Val Loss: 0.5680, Val Acc: 0.8387
INFO:train:Epoch 33/100, Train Loss: 0.2925, Train Acc: 1.0000, Val Loss: 0.5663, Val Acc: 0.8387
INFO:train:Epoch 34/100, Train Loss: 0.2925, Train Acc: 1.0000, Val Loss: 0.5644, Val Acc: 0.8387
INFO:train:Epoch 35/100, Train Loss: 0.2924, Train Acc: 1.0000, Val Loss: 0.5639, Val Acc: 0.8387
INFO:train:Epoch 36/100, Train Loss: 0.2924, Train Acc: 1.0000, Val Loss: 0.5621, Val Acc: 0.8387
INFO:train:Epoch 37/100, Train Loss: 0.2924, Train Acc: 1.0000, Val Loss: 0.5630, Val Acc: 0.8387
INFO:train:Epoch 38/100, Train Loss: 0.2924, Train Acc: 1.0000, Val Loss: 0.5610, Val Acc: 0.8387
INFO:train:Epoch 39/100, Train Loss: 0.2923, Train Acc: 1.0000, Val Loss: 0.5596, Val Acc: 0.8387
INFO:train:Epoch 40/100, Train Loss: 0.2922, Train Acc: 1.0000, Val Loss: 0.5597, Val Acc: 0.8387
INFO:train:Epoch 41/100, Train Loss: 0.2923, Train Acc: 1.0000, Val Loss: 0.5594, Val Acc: 0.8387
INFO:train:Epoch 42/100, Train Loss: 0.2923, Train Acc: 1.0000, Val Loss: 0.5571, Val Acc: 0.8387
INFO:train:Epoch 43/100, Train Loss: 0.2922, Train Acc: 1.0000, Val Loss: 0.5583, Val Acc: 0.8387
INFO:train:Epoch 44/100, Train Loss: 0.2922, Train Acc: 1.0000, Val Loss: 0.5567, Val Acc: 0.8387
INFO:train:Epoch 45/100, Train Loss: 0.2921, Train Acc: 1.0000, Val Loss: 0.5553, Val Acc: 0.8710
INFO:train:Epoch 46/100, Train Loss: 0.2921, Train Acc: 1.0000, Val Loss: 0.5545, Val Acc: 0.8710
INFO:train:Epoch 47/100, Train Loss: 0.2921, Train Acc: 1.0000, Val Loss: 0.5526, Val Acc: 0.8710
INFO:train:Epoch 48/100, Train Loss: 0.2921, Train Acc: 1.0000, Val Loss: 0.5530, Val Acc: 0.8710
INFO:train:Epoch 49/100, Train Loss: 0.2920, Train Acc: 1.0000, Val Loss: 0.5533, Val Acc: 0.8710
INFO:train:Epoch 50/100, Train Loss: 0.2920, Train Acc: 1.0000, Val Loss: 0.5520, Val Acc: 0.8710
INFO:train:Epoch 51/100, Train Loss: 0.2920, Train Acc: 1.0000, Val Loss: 0.5529, Val Acc: 0.8710
INFO:train:Epoch 52/100, Train Loss: 0.2920, Train Acc: 1.0000, Val Loss: 0.5533, Val Acc: 0.8710
INFO:train:Epoch 53/100, Train Loss: 0.2920, Train Acc: 1.0000, Val Loss: 0.5523, Val Acc: 0.8710
INFO:train:Epoch 54/100, Train Loss: 0.2920, Train Acc: 1.0000, Val Loss: 0.5518, Val Acc: 0.8710
INFO:train:Epoch 55/100, Train Loss: 0.2920, Train Acc: 1.0000, Val Loss: 0.5510, Val Acc: 0.8710
INFO:train:Epoch 56/100, Train Loss: 0.2919, Train Acc: 1.0000, Val Loss: 0.5493, Val Acc: 0.8710
INFO:train:Epoch 57/100, Train Loss: 0.2919, Train Acc: 1.0000, Val Loss: 0.5491, Val Acc: 0.8710
INFO:train:Epoch 58/100, Train Loss: 0.2919, Train Acc: 1.0000, Val Loss: 0.5482, Val Acc: 0.8710
INFO:train:Epoch 59/100, Train Loss: 0.2919, Train Acc: 1.0000, Val Loss: 0.5482, Val Acc: 0.8387
INFO:train:Epoch 60/100, Train Loss: 0.2919, Train Acc: 1.0000, Val Loss: 0.5480, Val Acc: 0.8387
INFO:train:Epoch 61/100, Train Loss: 0.2919, Train Acc: 1.0000, Val Loss: 0.5504, Val Acc: 0.8387
INFO:train:Epoch 62/100, Train Loss: 0.2918, Train Acc: 1.0000, Val Loss: 0.5495, Val Acc: 0.8710
INFO:train:Epoch 63/100, Train Loss: 0.2919, Train Acc: 1.0000, Val Loss: 0.5484, Val Acc: 0.8710
INFO:train:Epoch 64/100, Train Loss: 0.2919, Train Acc: 1.0000, Val Loss: 0.5448, Val Acc: 0.8387
INFO:train:Epoch 65/100, Train Loss: 0.2918, Train Acc: 1.0000, Val Loss: 0.5473, Val Acc: 0.9032
INFO:train:Epoch 66/100, Train Loss: 0.2918, Train Acc: 1.0000, Val Loss: 0.5466, Val Acc: 0.8387
INFO:train:Epoch 67/100, Train Loss: 0.2918, Train Acc: 1.0000, Val Loss: 0.5462, Val Acc: 0.8710
INFO:train:Epoch 68/100, Train Loss: 0.2918, Train Acc: 1.0000, Val Loss: 0.5453, Val Acc: 0.8387
INFO:train:Epoch 69/100, Train Loss: 0.2918, Train Acc: 1.0000, Val Loss: 0.5442, Val Acc: 0.8710
INFO:train:Epoch 70/100, Train Loss: 0.2918, Train Acc: 1.0000, Val Loss: 0.5436, Val Acc: 0.9032
INFO:train:Epoch 71/100, Train Loss: 0.2918, Train Acc: 1.0000, Val Loss: 0.5444, Val Acc: 0.9032
INFO:train:Epoch 72/100, Train Loss: 0.2917, Train Acc: 1.0000, Val Loss: 0.5451, Val Acc: 0.8387
INFO:train:Epoch 73/100, Train Loss: 0.2917, Train Acc: 1.0000, Val Loss: 0.5440, Val Acc: 0.8710
INFO:train:Epoch 74/100, Train Loss: 0.2918, Train Acc: 1.0000, Val Loss: 0.5445, Val Acc: 0.8710
INFO:train:Epoch 75/100, Train Loss: 0.2917, Train Acc: 1.0000, Val Loss: 0.5463, Val Acc: 0.8710
INFO:train:Epoch 76/100, Train Loss: 0.2917, Train Acc: 1.0000, Val Loss: 0.5437, Val Acc: 0.8710
INFO:train:Epoch 77/100, Train Loss: 0.2917, Train Acc: 1.0000, Val Loss: 0.5435, Val Acc: 0.8710
INFO:train:Epoch 78/100, Train Loss: 0.2917, Train Acc: 1.0000, Val Loss: 0.5404, Val Acc: 0.8387
INFO:train:Epoch 79/100, Train Loss: 0.2917, Train Acc: 1.0000, Val Loss: 0.5412, Val Acc: 0.8710
INFO:train:Epoch 80/100, Train Loss: 0.2917, Train Acc: 1.0000, Val Loss: 0.5414, Val Acc: 0.8710
INFO:train:Epoch 81/100, Train Loss: 0.2917, Train Acc: 1.0000, Val Loss: 0.5409, Val Acc: 0.8710
INFO:train:Epoch 82/100, Train Loss: 0.2917, Train Acc: 1.0000, Val Loss: 0.5388, Val Acc: 0.8710
INFO:train:Epoch 83/100, Train Loss: 0.2917, Train Acc: 1.0000, Val Loss: 0.5383, Val Acc: 0.8710
INFO:train:Epoch 84/100, Train Loss: 0.2917, Train Acc: 1.0000, Val Loss: 0.5405, Val Acc: 0.8710
INFO:train:Epoch 85/100, Train Loss: 0.2917, Train Acc: 1.0000, Val Loss: 0.5381, Val Acc: 0.8710
INFO:train:Epoch 86/100, Train Loss: 0.2916, Train Acc: 1.0000, Val Loss: 0.5384, Val Acc: 0.8710
INFO:train:Epoch 87/100, Train Loss: 0.2917, Train Acc: 1.0000, Val Loss: 0.5378, Val Acc: 0.8710
INFO:train:Epoch 88/100, Train Loss: 0.2916, Train Acc: 1.0000, Val Loss: 0.5377, Val Acc: 0.8710
INFO:train:Epoch 89/100, Train Loss: 0.2916, Train Acc: 1.0000, Val Loss: 0.5386, Val Acc: 0.8710
INFO:train:Epoch 90/100, Train Loss: 0.2916, Train Acc: 1.0000, Val Loss: 0.5364, Val Acc: 0.8710
INFO:train:Epoch 91/100, Train Loss: 0.2917, Train Acc: 1.0000, Val Loss: 0.5382, Val Acc: 0.8710
INFO:train:Epoch 92/100, Train Loss: 0.2916, Train Acc: 1.0000, Val Loss: 0.5386, Val Acc: 0.8710
INFO:train:Epoch 93/100, Train Loss: 0.2916, Train Acc: 1.0000, Val Loss: 0.5386, Val Acc: 0.8710
INFO:train:Epoch 94/100, Train Loss: 0.2916, Train Acc: 1.0000, Val Loss: 0.5392, Val Acc: 0.8710
INFO:train:Epoch 95/100, Train Loss: 0.2916, Train Acc: 1.0000, Val Loss: 0.5377, Val Acc: 0.8710
INFO:train:Epoch 96/100, Train Loss: 0.2916, Train Acc: 1.0000, Val Loss: 0.5383, Val Acc: 0.8710
INFO:train:Epoch 97/100, Train Loss: 0.2916, Train Acc: 1.0000, Val Loss: 0.5380, Val Acc: 0.8710
INFO:train:Epoch 98/100, Train Loss: 0.2916, Train Acc: 1.0000, Val Loss: 0.5396, Val Acc: 0.8710
INFO:train:Epoch 99/100, Train Loss: 0.2916, Train Acc: 1.0000, Val Loss: 0.5393, Val Acc: 0.8710
INFO:train:Early stopping
INFO:plot:Saving attention map to: figures/model_accuracy.png
INFO:__main__:Total time taken to train the model: 45.19s
INFO:__main__:train got 64 / 64 correct, accuracy: 1.0
INFO:plot:Saving cofusion matrix map to: figures/train_confusion_matrix.png
INFO:__main__:train got 64 / 64 correct, accuracy: 1.0
INFO:plot:Saving cofusion matrix map to: figures/train_confusion_matrix.png
INFO:__main__:train got 64 / 64 correct, accuracy: 1.0
INFO:plot:Saving cofusion matrix map to: figures/train_confusion_matrix.png
INFO:__main__:train got 64 / 64 correct, accuracy: 1.0
INFO:plot:Saving cofusion matrix map to: figures/train_confusion_matrix.png
INFO:__main__:train got 64 / 64 correct, accuracy: 1.0
INFO:plot:Saving cofusion matrix map to: figures/train_confusion_matrix.png
INFO:__main__:train got 64 / 64 correct, accuracy: 1.0
INFO:plot:Saving cofusion matrix map to: figures/train_confusion_matrix.png
INFO:__main__:train got 64 / 64 correct, accuracy: 1.0
INFO:plot:Saving cofusion matrix map to: figures/train_confusion_matrix.png
INFO:__main__:train got 64 / 64 correct, accuracy: 1.0
INFO:plot:Saving cofusion matrix map to: figures/train_confusion_matrix.png
INFO:__main__:train got 64 / 64 correct, accuracy: 1.0
INFO:plot:Saving cofusion matrix map to: figures/train_confusion_matrix.png
INFO:__main__:train got 64 / 64 correct, accuracy: 1.0
INFO:plot:Saving cofusion matrix map to: figures/train_confusion_matrix.png
INFO:__main__:train got 64 / 64 correct, accuracy: 1.0
INFO:plot:Saving cofusion matrix map to: figures/train_confusion_matrix.png
INFO:__main__:train got 28 / 28 correct, accuracy: 1.0
INFO:plot:Saving cofusion matrix map to: figures/train_confusion_matrix.png
INFO:__main__:validation got 27 / 31 correct, accuracy: 0.8709677419354839
INFO:plot:Saving cofusion matrix map to: figures/validation_confusion_matrix.png
INFO:plot:Saving attention map to: figures/encoder_attention_map.png
