INFO:data:Reading dataset fish: species
INFO:data:Class Counts: [48 60], Class Ratios: [0.44444444 0.55555556]
INFO:data:Number of features: 1023
INFO:data:Number of instances: 108
INFO:data:Number of classes 2.
INFO:__main__:No model found. Train from scratch.
INFO:gp:   	      	                                 fitness                                 	                      size                     
   	      	-------------------------------------------------------------------------	-----------------------------------------------
gen	nevals	avg     	gen	max     	min     	nevals	std      	avg    	gen	max	min	nevals	std    
0  	1023  	0.502295	0  	0.739329	0.349313	1023  	0.0544339	3.49853	0  	7  	2  	1023  	1.32121
INFO:gp:1  	752   	0.548755	1  	0.863165	0.259803	752   	0.0598874	3.50635	1  	9  	2  	752   	1.26989
INFO:gp:2  	786   	0.581525	2  	0.863165	0.31021 	786   	0.0703664	3.52004	2  	11 	2  	786   	1.31587
INFO:gp:3  	789   	0.611147	3  	0.863165	0.284351	789   	0.0927133	3.56403	3  	10 	2  	789   	1.22994
INFO:gp:4  	802   	0.660419	4  	0.887922	0.237328	802   	0.106177 	3.66862	4  	9  	2  	802   	1.23276
INFO:gp:5  	765   	0.704917	5  	0.888148	0.292973	765   	0.119708 	3.65005	5  	10 	2  	765   	1.19657
INFO:gp:6  	780   	0.75406 	6  	0.888148	0.343279	780   	0.122823 	3.70674	6  	10 	2  	780   	1.27845
INFO:gp:7  	777   	0.786142	7  	0.894608	0.316287	777   	0.120142 	4.1349 	7  	12 	3  	777   	1.59403
INFO:gp:8  	771   	0.806506	8  	0.909965	0.437122	771   	0.117592 	5.02835	8  	11 	2  	771   	1.88013
INFO:gp:9  	769   	0.821328	9  	0.909965	0.407654	769   	0.106274 	6.05181	9  	13 	3  	769   	1.93346
INFO:gp:10 	770   	0.818151	10 	0.90999 	0.359604	770   	0.110416 	6.81623	10 	14 	3  	770   	2.09394
INFO:gp:11 	782   	0.824723	11 	0.90999 	0.452154	782   	0.105626 	7.35484	11 	16 	3  	782   	2.384  
INFO:gp:12 	762   	0.833352	12 	0.910014	0.437055	762   	0.0972692	7.44379	12 	17 	3  	762   	2.84471
INFO:gp:13 	772   	0.817815	13 	0.910062	0.437059	772   	0.119928 	7.16227	13 	20 	3  	772   	3.34422
INFO:gp:14 	750   	0.824071	14 	0.920004	0.465565	750   	0.122368 	6.59531	14 	18 	3  	750   	3.42843
INFO:gp:15 	775   	0.823101	15 	0.920004	0.422524	775   	0.123726 	6.47703	15 	18 	3  	775   	3.22369
INFO:gp:16 	775   	0.843776	16 	0.920071	0.477793	775   	0.104938 	7.54741	16 	21 	3  	775   	3.07664
INFO:gp:17 	785   	0.844138	17 	0.920145	0.482481	785   	0.105541 	8.31476	17 	21 	3  	785   	3.26758
INFO:gp:18 	795   	0.845247	18 	0.920424	0.460749	795   	0.10344  	8.83578	18 	20 	3  	795   	3.51125
INFO:gp:19 	739   	0.850859	19 	0.92107 	0.454526	739   	0.100835 	8.93353	19 	23 	3  	739   	3.65275
INFO:gp:20 	758   	0.84345 	20 	0.921238	0.486048	758   	0.110106 	8.92766	20 	23 	3  	758   	3.58157
INFO:gp:21 	773   	0.857862	21 	0.921238	0.496167	773   	0.0962925	9.80352	21 	22 	3  	773   	3.62509
INFO:gp:22 	791   	0.858309	22 	0.922239	0.476295	791   	0.0981559	11.26  	22 	24 	3  	791   	3.75793
INFO:gp:23 	782   	0.860773	23 	0.92268 	0.475834	782   	0.0948945	12.1212	23 	28 	3  	782   	3.77015
INFO:gp:24 	778   	0.862817	24 	0.92268 	0.437416	778   	0.094533 	12.2776	24 	26 	3  	778   	4.03251
INFO:gp:25 	763   	0.865405	25 	0.923382	0.470557	763   	0.0912211	12.4008	25 	39 	3  	763   	4.28753
INFO:gp:26 	771   	0.864711	26 	0.923382	0.350098	771   	0.0941245	13.0303	26 	34 	3  	771   	4.9862 
INFO:gp:27 	769   	0.874077	27 	0.923382	0.49513 	769   	0.0832777	15.5963	27 	38 	3  	769   	5.78182
INFO:gp:28 	774   	0.880387	28 	0.923783	0.491211	774   	0.0789988	17.9785	28 	41 	3  	774   	6.4053 
INFO:gp:29 	761   	0.875591	29 	0.924607	0.508863	761   	0.0805414	19.0538	29 	41 	3  	761   	6.88745
INFO:gp:30 	788   	0.874682	30 	0.925133	0.503083	788   	0.0798943	18.1525	30 	40 	3  	788   	6.98023
INFO:gp:31 	785   	0.877951	31 	0.925133	0.491772	785   	0.0802959	17.4751	31 	38 	3  	785   	6.56817
INFO:gp:32 	772   	0.874392	32 	0.925858	0.513207	772   	0.0836521	18.0782	32 	42 	3  	772   	6.8049 
INFO:gp:33 	769   	0.876356	33 	0.925874	0.498186	769   	0.0803839	18.8338	33 	44 	3  	769   	6.67803
INFO:gp:34 	781   	0.87984 	34 	0.926197	0.319904	781   	0.0843181	19.9697	34 	38 	3  	781   	6.54304
INFO:gp:35 	755   	0.884189	35 	0.926434	0.513207	755   	0.0767704	22.0733	35 	52 	3  	755   	6.0107 
INFO:gp:36 	784   	0.88022 	36 	0.926607	0.438288	784   	0.081567 	22.7077	36 	45 	3  	784   	5.33763
INFO:gp:37 	757   	0.883438	37 	0.92763 	0.464535	757   	0.0813378	23.0293	37 	47 	3  	757   	5.82669
INFO:gp:38 	782   	0.878513	38 	0.92763 	0.471315	782   	0.0809828	23.6119	38 	45 	3  	782   	6.21282
INFO:gp:39 	793   	0.876704	39 	0.927634	0.478736	793   	0.0801268	23.8817	39 	45 	3  	793   	6.24466
INFO:gp:40 	782   	0.874356	40 	0.927678	0.472257	782   	0.0864859	24.1486	40 	45 	3  	782   	6.52144
INFO:gp:41 	764   	0.880126	41 	0.929515	0.490642	764   	0.0765132	25.7478	41 	46 	3  	764   	6.93321
INFO:gp:42 	755   	0.880279	42 	0.929515	0.469459	755   	0.0793191	24.6676	42 	44 	3  	755   	5.97854
INFO:gp:43 	759   	0.883566	43 	0.929515	0.526729	759   	0.0768693	22.479 	43 	42 	3  	759   	4.21227
INFO:gp:44 	785   	0.883522	44 	0.929515	0.49451 	785   	0.0759376	21.828 	44 	42 	3  	785   	4.30005
INFO:gp:45 	751   	0.883272	45 	0.932219	0.504782	751   	0.0732028	21.0108	45 	34 	3  	751   	4.52633
INFO:gp:46 	768   	0.877396	46 	0.932219	0.492199	768   	0.0821907	20.0137	46 	40 	3  	768   	4.57903
INFO:gp:47 	778   	0.876229	47 	0.932219	0.432577	778   	0.082502 	18.5024	47 	30 	3  	778   	4.52621
INFO:gp:48 	791   	0.881264	48 	0.932219	0.513207	791   	0.0820435	17.4096	48 	34 	3  	791   	4.14985
INFO:gp:49 	763   	0.879048	49 	0.932371	0.507909	763   	0.0812887	17.0156	49 	29 	3  	763   	4.01655
INFO:gp:50 	774   	0.877387	50 	0.932712	0.49126 	774   	0.0798815	16.4585	50 	28 	3  	774   	4.26974
INFO:gp:51 	757   	0.882476	51 	0.932899	0.461359	757   	0.0785743	15.6432	51 	28 	3  	757   	3.91238
INFO:gp:52 	771   	0.882947	52 	0.932899	0.513207	771   	0.0770413	15.8123	52 	29 	3  	771   	4.22971
INFO:gp:53 	779   	0.886564	53 	0.933598	0.401087	779   	0.0740238	17.4526	53 	34 	3  	779   	5.254  
INFO:gp:54 	781   	0.883756	54 	0.933598	0.317561	781   	0.0834626	19.6022	54 	39 	3  	781   	5.74406
INFO:gp:55 	793   	0.88987 	55 	0.933598	0.477694	793   	0.0714165	21.6051	55 	39 	3  	793   	5.30943
INFO:gp:56 	784   	0.891794	56 	0.933598	0.436288	784   	0.0709314	22.7722	56 	37 	3  	784   	4.79491
INFO:gp:57 	798   	0.889897	57 	0.933598	0.474492	798   	0.072579 	23.9961	57 	45 	3  	798   	4.50784
INFO:gp:58 	786   	0.891844	58 	0.933727	0.513207	786   	0.0702419	24.7908	58 	45 	3  	786   	4.09267
INFO:gp:59 	776   	0.892602	59 	0.933727	0.513207	776   	0.0732054	24.7859	59 	45 	3  	776   	4.39053
INFO:gp:60 	775   	0.893992	60 	0.934155	0.515176	775   	0.0690424	24.8319	60 	37 	3  	775   	4.25703
INFO:gp:61 	777   	0.895256	61 	0.93432 	0.561796	777   	0.0654292	25.1017	61 	39 	3  	777   	4.08624
INFO:gp:62 	773   	0.894941	62 	0.93432 	0.382847	773   	0.0750607	25.4751	62 	39 	3  	773   	4.32311
INFO:gp:63 	780   	0.895594	63 	0.934592	0.513207	780   	0.0694163	25.9511	63 	47 	3  	780   	4.4561 
INFO:gp:64 	767   	0.896017	64 	0.935137	0.506875	767   	0.0665263	26.7849	64 	42 	3  	767   	3.96054
INFO:gp:65 	767   	0.900311	65 	0.93519 	0.566939	767   	0.062743 	26.9892	65 	41 	3  	767   	4.61868
INFO:gp:66 	769   	0.898345	66 	0.93519 	0.525976	769   	0.0649819	27.0098	66 	38 	3  	769   	4.49197
INFO:gp:67 	772   	0.900068	67 	0.935297	0.474286	772   	0.0651607	27.5738	67 	48 	5  	772   	4.33226
INFO:gp:68 	760   	0.899724	68 	0.935297	0.541148	760   	0.0607742	28.3294	68 	47 	3  	760   	4.70768
INFO:gp:69 	757   	0.900749	69 	0.937649	0.516428	757   	0.0602244	29.477 	69 	54 	3  	757   	5.04789
INFO:gp:70 	770   	0.902952	70 	0.9377  	0.570544	770   	0.0572949	30.741 	70 	44 	3  	770   	4.45136
INFO:gp:71 	787   	0.900986	71 	0.9377  	0.501677	787   	0.060987 	31.8739	71 	53 	3  	787   	4.68257
INFO:gp:72 	770   	0.901388	72 	0.937732	0.441257	770   	0.061353 	32.5288	72 	53 	3  	770   	4.76269
INFO:gp:73 	753   	0.902641	73 	0.937747	0.493962	753   	0.0650951	32.8348	73 	47 	3  	753   	5.05581
INFO:gp:74 	758   	0.902151	74 	0.937747	0.483107	758   	0.0635677	32.9453	74 	51 	3  	758   	4.87667
INFO:gp:75 	770   	0.905434	75 	0.937747	0.513323	770   	0.0573567	32.6383	75 	49 	3  	770   	4.79004
INFO:gp:76 	779   	0.905008	76 	0.937747	0.508146	779   	0.0612357	31.7615	76 	44 	3  	779   	5.24062
INFO:gp:77 	772   	0.902212	77 	0.937747	0.423119	772   	0.0622776	31.1544	77 	52 	3  	772   	5.67183
INFO:gp:78 	770   	0.902849	78 	0.93776 	0.507468	770   	0.0642192	30.7175	78 	48 	3  	770   	5.60193
INFO:gp:79 	786   	0.902473	79 	0.93776 	0.472646	786   	0.0623783	31.8211	79 	46 	5  	786   	5.69322
INFO:gp:80 	777   	0.905006	80 	0.937768	0.520609	777   	0.0585191	34.2825	80 	52 	3  	777   	5.49214
INFO:gp:81 	811   	0.903247	81 	0.937777	0.442981	811   	0.0620706	35.5777	81 	48 	3  	811   	5.11009
INFO:gp:82 	761   	0.903393	82 	0.937793	0.517496	761   	0.0649915	36.5855	82 	53 	7  	761   	4.06596
INFO:gp:83 	778   	0.905725	83 	0.937793	0.563258	778   	0.0560289	36.9619	83 	47 	3  	778   	4.26442
INFO:gp:84 	809   	0.905082	84 	0.937793	0.498125	809   	0.0582306	37.0489	84 	52 	3  	809   	4.11392
INFO:gp:85 	771   	0.905339	85 	0.937803	0.507321	771   	0.0574104	37.4624	85 	50 	3  	771   	4.2161 
INFO:gp:86 	767   	0.90518 	86 	0.937803	0.533018	767   	0.0590455	38.0577	86 	53 	3  	767   	4.43478
INFO:gp:87 	761   	0.90781 	87 	0.937803	0.51997 	761   	0.0536039	38.8543	87 	49 	3  	761   	4.2692 
INFO:gp:88 	745   	0.904366	88 	0.937803	0.367738	745   	0.0647635	38.8543	88 	55 	3  	745   	4.79749
INFO:gp:89 	756   	0.905376	89 	0.937803	0.517496	756   	0.0616937	39.2004	89 	53 	3  	756   	3.87789
INFO:gp:90 	769   	0.902283	90 	0.937803	0.507411	769   	0.0646784	38.9159	90 	53 	3  	769   	4.03053
INFO:gp:91 	797   	0.904079	91 	0.937811	0.500336	797   	0.0611118	38.5777	91 	52 	3  	797   	4.45215
INFO:gp:92 	796   	0.904527	92 	0.937811	0.485841	796   	0.0585593	38.4653	92 	48 	3  	796   	4.09163
INFO:gp:93 	732   	0.908721	93 	0.937861	0.565008	732   	0.0528714	38.3734	93 	53 	14 	732   	3.84669
INFO:gp:94 	792   	0.903466	94 	0.937867	0.413944	792   	0.0636525	38.4428	94 	48 	3  	792   	4.40945
INFO:gp:95 	782   	0.899046	95 	0.937871	0.498858	782   	0.0666614	38.4066	95 	53 	3  	782   	4.40262
INFO:gp:96 	777   	0.905607	96 	0.937928	0.42021 	777   	0.0622924	38.8573	96 	54 	3  	777   	4.58003
INFO:gp:97 	764   	0.906709	97 	0.937928	0.526365	764   	0.0563854	39.4203	97 	55 	13 	764   	4.52118
INFO:gp:98 	771   	0.905183	98 	0.937928	0.489277	771   	0.0602018	40.7019	98 	55 	3  	771   	5.33474
INFO:gp:99 	762   	0.904985	99 	0.937928	0.453122	762   	0.0614599	42.7869	99 	59 	3  	762   	5.54635
INFO:gp:100	776   	0.905725	100	0.937928	0.510114	776   	0.0579545	45.0196	100	59 	3  	776   	4.79059
INFO:gp:101	779   	0.908203	101	0.937928	0.519132	779   	0.0560721	46.1652	101	58 	3  	779   	5.01757
INFO:gp:102	794   	0.909016	102	0.937934	0.56713 	794   	0.0531387	47.2239	102	61 	3  	794   	4.63926
INFO:gp:103	770   	0.909518	103	0.937935	0.535372	770   	0.0553385	47.8055	103	63 	3  	770   	4.56754
INFO:gp:104	787   	0.911326	104	0.937938	0.524235	787   	0.0521817	47.7654	104	57 	3  	787   	4.54129
INFO:gp:105	756   	0.907705	105	0.937938	0.561133	756   	0.0562706	47.957 	105	60 	3  	756   	4.31099
INFO:gp:106	756   	0.906196	106	0.937938	0.500766	756   	0.0645374	47.7341	106	67 	3  	756   	4.62701
INFO:gp:107	778   	0.90478 	107	0.937947	0.499193	778   	0.0609327	47.6745	107	68 	3  	778   	4.80292
INFO:gp:108	762   	0.907025	108	0.937947	0.499909	762   	0.0549465	48.0293	108	68 	3  	762   	4.94734
INFO:gp:109	774   	0.90739 	109	0.937948	0.5417  	774   	0.0579847	48.652 	109	60 	6  	774   	4.52733
INFO:gp:110	776   	0.907692	110	0.937948	0.528566	776   	0.0546126	49.2903	110	58 	7  	776   	4.17187
INFO:gp:111	760   	0.907811	111	0.937958	0.504649	760   	0.0616397	49.0127	111	64 	3  	760   	4.67735
INFO:gp:112	768   	0.904557	112	0.937961	0.513678	768   	0.0626702	48.5914	112	67 	3  	768   	5.22618
INFO:gp:113	787   	0.906544	113	0.937961	0.517518	787   	0.0570468	48.1652	113	61 	7  	787   	4.69095
INFO:gp:114	784   	0.906316	114	0.937961	0.466661	784   	0.0615046	48.1926	114	59 	3  	784   	4.93982
INFO:gp:115	757   	0.906661	115	0.937961	0.52047 	757   	0.0574662	49.1261	115	61 	9  	757   	4.28696
INFO:gp:116	774   	0.910905	116	0.937961	0.57938 	774   	0.0495661	49.7195	116	59 	3  	774   	4.39858
INFO:gp:117	776   	0.905716	117	0.937961	0.579474	776   	0.0572196	50.2893	117	68 	3  	776   	4.82462
INFO:gp:118	769   	0.907569	118	0.937961	0.531288	769   	0.060563 	50.8172	118	64 	4  	769   	4.83843
INFO:gp:119	778   	0.90708 	119	0.938248	0.564481	778   	0.0557111	51.2942	119	66 	3  	778   	5.08947
INFO:gp:120	791   	0.90714 	120	0.938248	0.551594	791   	0.0542307	51.5582	120	68 	6  	791   	4.60484
INFO:gp:121	776   	0.909543	121	0.938312	0.533801	776   	0.0570419	51.4536	121	64 	28 	776   	4.68056
INFO:gp:122	770   	0.909939	122	0.938312	0.520356	770   	0.0552584	51.9501	122	68 	3  	770   	4.34941
INFO:gp:123	761   	0.909028	123	0.938312	0.474252	761   	0.0573258	51.8348	123	69 	3  	761   	4.84431
INFO:gp:124	798   	0.906045	124	0.938312	0.51142 	798   	0.0595738	51.6647	124	66 	3  	798   	4.92167
INFO:gp:125	740   	0.907405	125	0.938312	0.494441	740   	0.0604046	51.6862	125	77 	3  	740   	5.11226
INFO:gp:126	747   	0.906473	126	0.938325	0.573347	747   	0.0610094	51.8397	126	64 	3  	747   	5.1166 
INFO:gp:127	762   	0.903223	127	0.938356	0.469203	762   	0.0652002	51.6608	127	68 	3  	762   	5.47234
INFO:gp:128	813   	0.900933	128	0.938356	0.492508	813   	0.0693475	51.7341	128	65 	3  	813   	5.094  
INFO:gp:129	774   	0.907701	129	0.938356	0.485712	774   	0.059024 	51.7175	129	64 	3  	774   	5.37266
INFO:gp:130	801   	0.908832	130	0.938577	0.49899 	801   	0.0601872	51.9472	130	65 	3  	801   	5.32622
INFO:gp:131	747   	0.904712	131	0.938577	0.50112 	747   	0.0635458	52.1515	131	62 	23 	747   	5.00845
INFO:gp:132	795   	0.907731	132	0.938577	0.493465	795   	0.0604867	51.9365	132	66 	3  	795   	5.30468
INFO:gp:133	791   	0.910881	133	0.938577	0.497598	791   	0.0553768	51.6764	133	78 	25 	791   	4.72963
INFO:gp:134	778   	0.907644	134	0.938733	0.501758	778   	0.0596191	51.4702	134	71 	3  	778   	5.28678
INFO:gp:135	755   	0.910103	135	0.938733	0.531378	755   	0.0561002	51.6266	135	68 	3  	755   	5.0886 
INFO:gp:136	766   	0.906451	136	0.938771	0.501059	766   	0.0629857	51.9091	136	62 	4  	766   	4.68568
INFO:gp:137	781   	0.905648	137	0.938771	0.450078	781   	0.0624363	51.5982	137	68 	23 	781   	5.02213
INFO:gp:138	777   	0.904537	138	0.938771	0.520463	777   	0.064071 	51.3265	138	66 	23 	777   	4.57467
INFO:gp:139	755   	0.905455	139	0.938772	0.51371 	755   	0.0676331	50.3851	139	68 	3  	755   	5.18855
INFO:gp:140	770   	0.909741	140	0.938776	0.498289	770   	0.0582356	49.5767	140	70 	3  	770   	5.16774
INFO:gp:141	770   	0.907565	141	0.938785	0.441529	770   	0.0630998	49.4585	141	64 	3  	770   	5.58783
INFO:gp:142	802   	0.909461	142	0.938785	0.534014	802   	0.0525852	50.2043	142	64 	23 	802   	4.64185
INFO:gp:143	789   	0.907958	143	0.939183	0.488371	789   	0.0589124	49.8768	143	68 	23 	789   	4.51721
INFO:gp:144	747   	0.910378	144	0.939183	0.519873	747   	0.0508772	49.2444	144	64 	23 	747   	4.8056 
INFO:gp:145	761   	0.908452	145	0.939183	0.532768	761   	0.060759 	49.0215	145	63 	21 	761   	5.41707
INFO:gp:146	759   	0.910367	146	0.939187	0.489685	759   	0.0559528	50.1105	146	68 	3  	759   	5.6337 
INFO:gp:147	793   	0.90588 	147	0.939192	0.52924 	793   	0.0643388	51.7693	147	70 	3  	793   	5.22809
INFO:gp:148	766   	0.910125	148	0.939213	0.501443	766   	0.0578618	51.913 	148	65 	3  	766   	5.04557
INFO:gp:149	796   	0.910752	149	0.939228	0.502482	796   	0.0564029	50.7898	149	63 	3  	796   	6.08219
INFO:gp:150	756   	0.912313	150	0.939228	0.525648	756   	0.0566439	50.6041	150	64 	3  	756   	5.44883
INFO:gp:151	776   	0.909985	151	0.939599	0.494563	776   	0.0622069	49.8074	151	68 	3  	776   	5.94197
INFO:gp:152	773   	0.911124	152	0.939599	0.513988	773   	0.0584171	50.1691	152	63 	3  	773   	5.28797
INFO:gp:153	761   	0.909951	153	0.939599	0.557932	761   	0.0610064	50.827 	153	68 	3  	761   	5.69632
INFO:gp:154	768   	0.908951	154	0.939599	0.468887	768   	0.0653658	51.0616	154	62 	3  	768   	5.57602
INFO:gp:155	787   	0.911016	155	0.939617	0.577037	787   	0.0546522	50.6882	155	64 	3  	787   	5.26126
INFO:gp:156	736   	0.912094	156	0.939617	0.527184	736   	0.0605666	49.5758	156	61 	3  	736   	5.45235
INFO:gp:157	769   	0.909167	157	0.939617	0.537316	769   	0.0650406	48.1672	157	66 	23 	769   	4.78618
INFO:gp:158	767   	0.90909 	158	0.939617	0.542297	767   	0.0620753	47.5112	158	59 	3  	767   	5.1717 
INFO:gp:159	777   	0.91176 	159	0.939617	0.5202  	777   	0.0558316	47.7478	159	60 	3  	777   	4.95324
INFO:gp:160	776   	0.909056	160	0.939869	0.55637 	776   	0.0616428	48.1515	160	65 	20 	776   	4.28203
INFO:gp:161	754   	0.911411	161	0.939869	0.505601	754   	0.0594651	48.2786	161	75 	3  	754   	5.31451
INFO:gp:162	781   	0.907914	162	0.939869	0.461172	781   	0.0655713	48.9081	162	62 	25 	781   	4.30932
INFO:gp:163	795   	0.908072	163	0.939869	0.528881	795   	0.0675639	48.7996	163	75 	3  	795   	5.29482
INFO:gp:164	796   	0.908541	164	0.939869	0.480513	796   	0.0678199	49.0215	164	70 	3  	796   	5.0628 
INFO:gp:165	795   	0.907913	165	0.940488	0.539734	795   	0.0635965	48.9384	165	62 	3  	795   	4.8556 
INFO:gp:166	751   	0.907288	166	0.940488	0.461667	751   	0.0668424	48.7351	166	61 	3  	751   	5.36718
INFO:gp:167	761   	0.908171	167	0.940488	0.522094	761   	0.065373 	48.8035	167	75 	3  	761   	5.40623
INFO:gp:168	798   	0.907999	168	0.940488	0.517496	798   	0.0640949	49.1241	168	59 	3  	798   	4.38442
INFO:gp:169	757   	0.908293	169	0.940523	0.5215  	757   	0.0635637	49.173 	169	59 	3  	757   	4.65363
INFO:gp:170	778   	0.904515	170	0.940636	0.460329	778   	0.0721364	48.8328	170	60 	3  	778   	5.07465
INFO:gp:171	789   	0.9066  	171	0.940699	0.562106	789   	0.0619978	49.0176	171	64 	3  	789   	4.92839
INFO:gp:172	783   	0.905137	172	0.941038	0.516957	783   	0.0622241	48.9619	172	75 	7  	783   	4.64218
INFO:gp:173	794   	0.898999	173	0.941212	0.508017	794   	0.07512  	48.6452	173	62 	3  	794   	4.94053
INFO:gp:174	787   	0.900111	174	0.941212	0.502297	787   	0.0703573	48.7263	174	64 	7  	787   	4.76479
INFO:gp:175	785   	0.902889	175	0.941309	0.558952	785   	0.0665424	48.8739	175	75 	7  	785   	4.92611
INFO:gp:176	796   	0.904123	176	0.941384	0.534281	796   	0.0660113	48.6901	176	70 	4  	796   	5.03485
INFO:gp:177	778   	0.90641 	177	0.941384	0.536997	778   	0.0650574	48.9599	177	70 	7  	778   	4.83343
INFO:gp:178	783   	0.906189	178	0.941384	0.510886	783   	0.064264 	49.1408	178	61 	10 	783   	4.23938
INFO:gp:179	759   	0.906117	179	0.941475	0.558579	759   	0.0642791	48.9472	179	65 	10 	759   	4.54016
INFO:gp:180	748   	0.907645	180	0.941475	0.520081	748   	0.0689563	48.9726	180	62 	13 	748   	4.41773
INFO:gp:181	808   	0.90596 	181	0.941821	0.559315	808   	0.0659113	48.8905	181	65 	16 	808   	4.57796
INFO:gp:182	780   	0.909337	182	0.942026	0.517614	780   	0.0638884	48.8631	182	70 	13 	780   	4.72456
INFO:gp:183	766   	0.905587	183	0.942026	0.443967	766   	0.0699962	49.131 	183	67 	8  	766   	4.21078
INFO:gp:184	781   	0.907874	184	0.942078	0.461209	781   	0.064641 	48.9394	184	70 	7  	781   	4.84301
INFO:gp:185	770   	0.910936	185	0.942905	0.518523	770   	0.0636076	48.9648	185	62 	11 	770   	4.49815
INFO:gp:186	770   	0.913803	186	0.942966	0.554948	770   	0.0580448	49.0411	186	65 	25 	770   	4.13415
INFO:gp:187	776   	0.912188	187	0.943263	0.562229	776   	0.0603076	49.0186	187	75 	17 	776   	4.39192
INFO:gp:188	764   	0.913612	188	0.943263	0.569601	764   	0.0569616	49.0518	188	75 	13 	764   	4.39166
INFO:gp:189	771   	0.911487	189	0.94334 	0.509235	771   	0.0651223	48.5963	189	65 	4  	771   	5.23917
INFO:gp:190	800   	0.912435	190	0.943372	0.530343	800   	0.0630715	49.0156	190	70 	21 	800   	4.39783
INFO:gp:191	780   	0.914781	191	0.943643	0.596367	780   	0.0559682	48.8817	191	63 	25 	780   	4.65828
INFO:gp:192	761   	0.912772	192	0.943643	0.504338	761   	0.0624825	49.0049	192	75 	21 	761   	4.40308
INFO:gp:193	770   	0.912241	193	0.943643	0.446545	770   	0.0639921	49.0508	193	75 	7  	770   	4.36118
INFO:gp:194	787   	0.913455	194	0.943684	0.536403	787   	0.0589565	48.7077	194	60 	25 	787   	4.61897
INFO:gp:195	787   	0.913241	195	0.943691	0.504319	787   	0.0614927	48.9492	195	64 	23 	787   	4.14231
INFO:gp:196	772   	0.918569	196	0.943718	0.539429	772   	0.0533645	49.0997	196	70 	26 	772   	3.99191
INFO:gp:197	752   	0.91953 	197	0.943857	0.538876	752   	0.0517215	49.1163	197	65 	27 	752   	4.12241
INFO:gp:198	786   	0.917281	198	0.944015	0.597321	786   	0.0546565	48.9394	198	58 	10 	786   	4.33858
INFO:gp:199	791   	0.916329	199	0.944059	0.491837	791   	0.0590165	49.0108	199	65 	22 	791   	4.01011
INFO:gp:200	783   	0.914799	200	0.944193	0.511159	783   	0.0615814	49.0987	200	63 	27 	783   	3.8692 
INFO:gp:201	789   	0.913132	201	0.944214	0.441691	789   	0.0650076	49.1007	201	70 	25 	789   	3.9191 
INFO:gp:202	789   	0.917884	202	0.944214	0.558616	789   	0.0532858	48.8025	202	65 	26 	789   	4.40276
INFO:gp:203	772   	0.917412	203	0.944214	0.482556	772   	0.0563756	48.9961	203	59 	25 	772   	3.93793
INFO:gp:204	765   	0.91745 	204	0.944214	0.579203	765   	0.0547874	48.9785	204	64 	25 	765   	4.08841
INFO:gp:205	772   	0.915807	205	0.944272	0.411   	772   	0.0620558	49.0186	205	62 	25 	772   	4.17326
INFO:gp:206	780   	0.917392	206	0.944272	0.56117 	780   	0.0551368	48.9198	206	65 	26 	780   	4.51406
INFO:gp:207	778   	0.916392	207	0.944368	0.532395	778   	0.0568409	49.1163	207	65 	25 	778   	4.14464
INFO:gp:208	776   	0.919227	208	0.944368	0.575837	776   	0.0554742	49.0381	208	60 	6  	776   	4.03449
INFO:gp:209	781   	0.916168	209	0.944368	0.539535	781   	0.055779 	48.868 	209	75 	25 	781   	4.54361
INFO:gp:210	756   	0.916264	210	0.944368	0.507487	756   	0.0585803	48.8065	210	65 	25 	756   	4.56962
INFO:gp:211	781   	0.920418	211	0.944406	0.49996 	781   	0.0488647	49.1554	211	70 	27 	781   	3.97183
INFO:gp:212	769   	0.922471	212	0.944406	0.611939	769   	0.0465249	49.2014	212	63 	28 	769   	3.76438
INFO:gp:213	782   	0.917354	213	0.944406	0.454534	782   	0.0569727	48.9892	213	61 	27 	782   	3.99301
INFO:gp:214	758   	0.919739	214	0.944433	0.483276	758   	0.0528724	49.1144	214	65 	28 	758   	4.0124 
INFO:gp:215	789   	0.918351	215	0.944441	0.521696	789   	0.0563956	49.0068	215	64 	27 	789   	3.95292
INFO:gp:216	772   	0.917355	216	0.944441	0.574334	772   	0.0536326	49.0313	216	64 	28 	772   	3.97561
INFO:gp:217	771   	0.920965	217	0.944461	0.58141 	771   	0.0479662	49.2326	217	70 	30 	771   	3.79595
INFO:gp:218	793   	0.916628	218	0.944503	0.528648	793   	0.0561399	48.9306	218	60 	27 	793   	4.03601
INFO:gp:219	773   	0.917546	219	0.944675	0.493335	773   	0.0546938	49.1163	219	62 	28 	773   	3.67459
INFO:gp:220	762   	0.919586	220	0.944714	0.494809	762   	0.0552892	49.2551	220	70 	30 	762   	3.53289
INFO:gp:221	776   	0.921979	221	0.944723	0.628868	776   	0.0449398	49.2405	221	70 	32 	776   	3.40043
INFO:gp:222	760   	0.920117	222	0.944769	0.564962	760   	0.052401 	49.3421	222	65 	29 	760   	3.27648
INFO:gp:223	781   	0.920334	223	0.944769	0.547911	781   	0.0515604	49.4751	223	72 	31 	781   	3.48171
INFO:gp:224	776   	0.912948	224	0.944862	0.484755	776   	0.0651901	49.4066	224	64 	28 	776   	3.63819
INFO:gp:225	775   	0.91511 	225	0.944866	0.492389	775   	0.0598157	49.4848	225	63 	34 	775   	3.56527
INFO:gp:226	763   	0.917223	226	0.944866	0.498967	763   	0.0566961	49.5767	226	70 	33 	763   	3.76558
INFO:gp:227	763   	0.914201	227	0.944915	0.510981	763   	0.0571645	49.523 	227	73 	29 	763   	3.84464
INFO:gp:228	785   	0.912648	228	0.94501 	0.615547	785   	0.0563031	49.477 	228	75 	35 	785   	4.0347 
INFO:gp:229	776   	0.917162	229	0.94501 	0.5431  	776   	0.0543907	49.6041	229	67 	35 	776   	3.45317
INFO:gp:230	767   	0.912973	230	0.94501 	0.53688 	767   	0.0619955	49.609 	230	69 	23 	767   	3.41945
INFO:gp:231	744   	0.915397	231	0.94501 	0.534392	744   	0.061639 	49.4467	231	67 	35 	744   	3.32896
INFO:gp:232	760   	0.91494 	232	0.94501 	0.550114	760   	0.0609409	49.4682	232	75 	28 	760   	3.37009
INFO:gp:233	791   	0.914119	233	0.945101	0.530779	791   	0.0586771	49.2307	233	73 	35 	791   	3.31582
INFO:gp:234	768   	0.913116	234	0.945103	0.536227	768   	0.0600598	49.4008	234	67 	36 	768   	3.15944
INFO:gp:235	777   	0.914828	235	0.945103	0.458403	777   	0.0586977	49.6022	235	79 	38 	777   	3.31958
INFO:gp:236	750   	0.914552	236	0.945103	0.478127	750   	0.0644478	49.4985	236	82 	34 	750   	2.72632
INFO:gp:237	763   	0.913954	237	0.945123	0.548092	763   	0.0604527	49.4164	237	75 	27 	763   	2.84782
INFO:gp:238	762   	0.91546 	238	0.945123	0.481653	762   	0.0592956	49.5806	238	76 	39 	762   	2.63355
INFO:gp:239	764   	0.912914	239	0.945163	0.504073	764   	0.0662895	49.5679	239	75 	28 	764   	2.73621
INFO:gp:240	748   	0.913689	240	0.945163	0.513894	748   	0.0614002	49.5435	240	86 	30 	748   	2.7069 
INFO:gp:241	793   	0.916821	241	0.945163	0.473494	793   	0.0539032	49.6178	241	83 	37 	793   	2.62843
INFO:gp:242	760   	0.915561	242	0.945163	0.515692	760   	0.0556404	49.6901	242	64 	25 	760   	2.32643
INFO:gp:243	763   	0.915637	243	0.945183	0.525978	763   	0.0569845	49.739 	243	66 	41 	763   	2.3341 
INFO:gp:244	776   	0.915409	244	0.945183	0.583463	776   	0.0572779	49.6598	244	67 	25 	776   	2.33081
INFO:gp:245	786   	0.912946	245	0.945224	0.308197	786   	0.0622884	49.7419	245	75 	10 	786   	2.81211
INFO:gp:246	781   	0.911741	246	0.945224	0.555056	781   	0.0621625	49.8309	246	66 	40 	781   	2.24191
INFO:gp:247	762   	0.912994	247	0.945224	0.488765	762   	0.0640495	49.9736	247	75 	28 	762   	2.20244
INFO:gp:248	755   	0.917005	248	0.945224	0.533199	755   	0.0567673	50.0479	248	71 	28 	755   	2.47858
INFO:gp:249	778   	0.911833	249	0.945224	0.46424 	778   	0.0648819	50.1828	249	89 	26 	778   	2.80845
INFO:gp:250	781   	0.915146	250	0.945224	0.496758	781   	0.0571093	50.4868	250	67 	40 	781   	2.29402
INFO:gp:251	781   	0.914802	251	0.945242	0.559649	781   	0.0593884	50.5191	251	86 	40 	781   	2.52638
INFO:gp:252	806   	0.915412	252	0.945242	0.525903	806   	0.0596944	50.4233	252	66 	31 	806   	2.20364
INFO:gp:253	763   	0.917572	253	0.945242	0.542707	763   	0.0549766	50.5396	253	67 	37 	763   	2.055  
INFO:gp:254	774   	0.91558 	254	0.94534 	0.546177	774   	0.0558914	50.5689	254	86 	35 	774   	2.55705
INFO:gp:255	793   	0.916369	255	0.94534 	0.521449	793   	0.0575851	50.6569	255	80 	28 	793   	2.60509
INFO:gp:256	796   	0.914494	256	0.945372	0.519879	796   	0.0588099	50.7224	256	85 	36 	796   	2.53329
INFO:gp:257	782   	0.917267	257	0.945512	0.547368	782   	0.0563127	50.651 	257	89 	39 	782   	2.91395
INFO:gp:258	806   	0.916417	258	0.945512	0.510494	806   	0.0583248	50.4428	258	72 	41 	806   	2.28951
INFO:gp:259	788   	0.918466	259	0.945521	0.54648 	788   	0.0557046	50.3148	259	72 	35 	788   	2.4106 
INFO:gp:260	786   	0.914976	260	0.945554	0.467969	786   	0.0594241	50.1261	260	89 	35 	786   	2.53668
INFO:gp:261	779   	0.913195	261	0.945554	0.534811	779   	0.0610813	50.1212	261	66 	31 	779   	2.3151 
INFO:gp:262	765   	0.918352	262	0.945554	0.632894	765   	0.0505785	50.3382	262	67 	38 	765   	2.34989
INFO:gp:263	778   	0.917493	263	0.945554	0.563067	778   	0.0550861	50.6237	263	89 	31 	778   	2.59447
INFO:gp:264	787   	0.913625	264	0.945554	0.526013	787   	0.0599295	50.8778	264	76 	42 	787   	2.50117
INFO:gp:265	754   	0.919499	265	0.945564	0.461696	754   	0.0547827	50.7165	265	86 	23 	754   	2.82562
INFO:gp:266	774   	0.914187	266	0.945628	0.544843	774   	0.0601095	50.7898	266	72 	42 	774   	2.28682
INFO:gp:267	748   	0.917443	267	0.945628	0.477409	748   	0.0574057	50.8944	267	89 	26 	748   	2.84129
INFO:gp:268	787   	0.917725	268	0.945628	0.534949	787   	0.0559746	50.8954	268	64 	35 	787   	2.18942
INFO:gp:269	740   	0.915617	269	0.945671	0.498528	740   	0.0601806	50.958 	269	66 	26 	740   	2.46801
INFO:gp:270	763   	0.916309	270	0.945671	0.488035	763   	0.0578967	50.9619	270	89 	5  	763   	2.99095
INFO:gp:271	768   	0.914655	271	0.945681	0.47906 	768   	0.0619367	51.0117	271	67 	32 	768   	1.94747
INFO:gp:272	784   	0.917021	272	0.945681	0.504776	784   	0.0556984	50.9687	272	67 	40 	784   	1.82065
INFO:gp:273	752   	0.917611	273	0.945681	0.486766	752   	0.058902 	51.043 	273	72 	4  	752   	2.34471
INFO:gp:274	806   	0.915865	274	0.945681	0.564919	806   	0.0561117	51.2864	274	91 	31 	806   	2.70604
INFO:gp:275	781   	0.912849	275	0.945681	0.496196	781   	0.0638426	51.2571	275	94 	29 	781   	2.96137
INFO:gp:276	762   	0.918   	276	0.945757	0.528974	762   	0.0572594	51.2033	276	69 	30 	762   	1.9965 
INFO:gp:277	755   	0.917142	277	0.945757	0.514969	755   	0.0567365	51.1632	277	67 	42 	755   	1.86749
INFO:gp:278	762   	0.918733	278	0.945757	0.567975	762   	0.0529886	51.2385	278	71 	41 	762   	2.10474
INFO:gp:279	753   	0.918631	279	0.945757	0.543703	753   	0.0546826	51.2698	279	92 	41 	753   	2.32785
INFO:gp:280	770   	0.917361	280	0.945767	0.558169	770   	0.0562609	51.3324	280	92 	31 	770   	2.4928 
INFO:gp:281	780   	0.919206	281	0.945767	0.587447	780   	0.0528887	51.7996	281	69 	40 	780   	2.2218 
INFO:gp:282	774   	0.917883	282	0.945767	0.630504	774   	0.0532848	52.3881	282	92 	45 	774   	2.41309
INFO:gp:283	769   	0.91571 	283	0.945834	0.589895	769   	0.0573295	53.0205	283	79 	41 	769   	2.37463
INFO:gp:284	769   	0.917268	284	0.945834	0.538987	769   	0.0573024	53.1828	284	79 	33 	769   	2.25171
INFO:gp:285	758   	0.919002	285	0.945913	0.591384	758   	0.0565301	53.4995	285	92 	43 	758   	2.5187 
INFO:gp:286	804   	0.91898 	286	0.945913	0.603559	804   	0.0541593	53.5132	286	91 	43 	804   	2.36287
INFO:gp:287	785   	0.918378	287	0.945913	0.583857	785   	0.0566637	53.5826	287	70 	45 	785   	2.05705
INFO:gp:288	763   	0.916726	288	0.945913	0.52629 	763   	0.0609177	53.5503	288	78 	42 	763   	2.25309
INFO:gp:289	795   	0.917505	289	0.945962	0.553003	795   	0.0573598	53.6217	289	95 	29 	795   	2.63234
INFO:gp:290	756   	0.918364	290	0.945981	0.524645	756   	0.0552455	53.6442	290	96 	41 	756   	2.54202
INFO:gp:291	768   	0.916483	291	0.945981	0.515638	768   	0.0622527	53.7097	291	71 	43 	768   	2.20698
INFO:gp:292	762   	0.921978	292	0.945981	0.523464	762   	0.0493776	53.6129	292	70 	41 	762   	2.26381
INFO:gp:293	794   	0.918255	293	0.945981	0.502485	794   	0.0577122	53.8827	293	68 	45 	794   	2.14342
INFO:gp:294	793   	0.917853	294	0.945981	0.549344	793   	0.0541015	54.0528	294	91 	44 	793   	2.4541 
INFO:gp:295	782   	0.917766	295	0.945981	0.542619	782   	0.0570804	54.3363	295	70 	46 	782   	2.18193
INFO:gp:296	776   	0.922136	296	0.945981	0.562871	776   	0.0486659	54.4829	296	69 	45 	776   	2.21199
INFO:gp:297	760   	0.922314	297	0.945981	0.64256 	760   	0.047972 	54.5855	297	95 	46 	760   	2.58809
INFO:gp:298	761   	0.91846 	298	0.945981	0.416687	761   	0.0558132	54.5621	298	67 	39 	761   	2.03436
INFO:gp:299	803   	0.917511	299	0.945981	0.541094	803   	0.057183 	54.4575	299	70 	29 	803   	2.52957
INFO:gp:300	792   	0.918701	300	0.945981	0.563552	792   	0.0527934	54.4379	300	71 	46 	792   	2.18629
INFO:gp:301	783   	0.917119	301	0.945981	0.53999 	783   	0.0575923	54.5024	301	71 	45 	783   	2.12506
INFO:gp:302	757   	0.918581	302	0.945981	0.442002	757   	0.0558179	54.6158	302	95 	47 	757   	2.89031
INFO:gp:303	779   	0.91778 	303	0.945981	0.526403	779   	0.0569504	54.477 	303	69 	35 	779   	2.43452
INFO:gp:304	791   	0.918684	304	0.945981	0.537296	791   	0.053215 	54.5367	304	80 	44 	791   	2.43556
INFO:gp:305	762   	0.92032 	305	0.945981	0.511794	762   	0.0557202	54.479 	305	92 	6  	762   	3.08297
INFO:gp:306	794   	0.917452	306	0.945981	0.518827	794   	0.0584452	54.5064	306	68 	30 	794   	2.36786
INFO:gp:307	769   	0.920354	307	0.945981	0.571808	769   	0.0527268	54.6217	307	92 	46 	769   	2.66372
INFO:gp:308	755   	0.917196	308	0.945981	0.524418	755   	0.0587839	54.5152	308	69 	43 	755   	2.10653
INFO:gp:309	754   	0.916803	309	0.945981	0.468426	754   	0.0607356	54.5279	309	91 	30 	754   	2.40782
INFO:gp:310	789   	0.921518	310	0.945981	0.549007	789   	0.0531181	54.653 	310	92 	33 	789   	2.49923
INFO:gp:311	739   	0.921393	311	0.945981	0.486834	739   	0.0521794	54.5924	311	71 	39 	739   	2.04424
INFO:gp:312	773   	0.919592	312	0.945981	0.550812	773   	0.0555328	54.6061	312	68 	31 	773   	2.18952
INFO:gp:313	789   	0.917006	313	0.94602 	0.544716	789   	0.0546874	54.4888	313	71 	34 	789   	2.19918
INFO:gp:314	766   	0.919797	314	0.94602 	0.539773	766   	0.0547508	54.6334	314	69 	45 	766   	1.89756
INFO:gp:315	742   	0.918117	315	0.94602 	0.537773	742   	0.058404 	54.6041	315	71 	33 	742   	2.21756
INFO:gp:316	804   	0.919056	316	0.94602 	0.561885	804   	0.0564109	54.6031	316	94 	43 	804   	2.23298
INFO:gp:317	784   	0.916559	317	0.946036	0.533095	784   	0.060055 	54.5122	317	94 	6  	784   	3.0668 
INFO:gp:318	765   	0.91816 	318	0.946036	0.620847	765   	0.0549157	54.6579	318	77 	28 	765   	2.20154
INFO:gp:319	755   	0.918097	319	0.946036	0.566927	755   	0.0566751	54.8192	319	97 	28 	755   	2.47086
INFO:gp:320	805   	0.91491 	320	0.946052	0.525273	805   	0.0596796	54.9189	320	99 	46 	805   	2.66952
INFO:gp:321	754   	0.920483	321	0.946104	0.547572	754   	0.051305 	54.8661	321	71 	44 	754   	1.59135
INFO:gp:322	776   	0.918493	322	0.946104	0.570221	776   	0.053674 	54.8416	322	72 	47 	776   	1.6108 
INFO:gp:323	796   	0.918384	323	0.946104	0.470225	796   	0.055734 	54.8152	323	70 	30 	796   	1.7267 
INFO:gp:324	776   	0.918442	324	0.946104	0.632686	776   	0.0541062	54.9071	324	68 	48 	776   	1.69069
INFO:gp:325	764   	0.92061 	325	0.946104	0.457531	764   	0.0517634	54.8573	325	67 	48 	764   	1.35172
INFO:gp:326	771   	0.915135	326	0.946264	0.517056	771   	0.0641706	54.9052	326	71 	7  	771   	2.30767
INFO:gp:327	778   	0.918236	327	0.946264	0.502589	778   	0.05658  	54.8778	327	76 	43 	778   	1.83048
INFO:gp:328	786   	0.922148	328	0.946264	0.523046	786   	0.051672 	54.9492	328	76 	44 	786   	1.90676
INFO:gp:329	767   	0.918781	329	0.946264	0.552859	767   	0.0541164	54.958 	329	74 	47 	767   	1.70595
INFO:gp:330	787   	0.922486	330	0.946264	0.412099	787   	0.0492354	54.9638	330	70 	44 	787   	1.47367
INFO:gp:331	783   	0.91776 	331	0.946264	0.509231	783   	0.0565531	55.0264	331	71 	49 	783   	1.64322
INFO:gp:332	783   	0.921497	332	0.946264	0.55981 	783   	0.0516753	55.0411	332	73 	45 	783   	1.59859
INFO:gp:333	765   	0.919382	333	0.946264	0.526668	765   	0.0580385	55.1056	333	101	45 	765   	2.00405
INFO:gp:334	808   	0.920302	334	0.946281	0.568116	808   	0.0537997	55.174 	334	105	41 	808   	2.25826
INFO:gp:335	773   	0.917451	335	0.946906	0.455729	773   	0.0601756	55.1662	335	80 	49 	773   	1.52071
INFO:gp:336	763   	0.918406	336	0.946906	0.5342  	763   	0.0568811	55.131 	336	72 	40 	763   	1.66043
INFO:gp:337	775   	0.915776	337	0.946906	0.549178	775   	0.0601802	55.1505	337	79 	43 	775   	1.72295
INFO:gp:338	776   	0.920824	338	0.946906	0.493194	776   	0.0514096	55.2561	338	102	30 	776   	2.58783
INFO:gp:339	760   	0.915626	339	0.947113	0.475953	760   	0.0606589	55.1808	339	80 	34 	760   	2.08038
INFO:gp:340	746   	0.920185	340	0.947124	0.577351	746   	0.0543517	55.2375	340	100	35 	746   	2.25571
INFO:gp:341	803   	0.917183	341	0.947209	0.523622	803   	0.0577815	55.0792	341	71 	38 	803   	1.71549
INFO:gp:342	782   	0.917804	342	0.947209	0.523316	782   	0.0619123	54.9677	342	103	47 	782   	2.0291 
INFO:gp:343	771   	0.918237	343	0.947209	0.536748	771   	0.0560681	55.0518	343	103	50 	771   	2.17069
INFO:gp:344	779   	0.919839	344	0.947209	0.534531	779   	0.0540687	55.2297	344	71 	49 	779   	1.67933
INFO:gp:345	776   	0.920657	345	0.947228	0.44624 	776   	0.0560433	55.4663	345	80 	50 	776   	1.63496
INFO:gp:346	766   	0.917972	346	0.947228	0.497894	766   	0.0591108	55.6794	346	75 	30 	766   	1.81846
INFO:gp:347	780   	0.919412	347	0.947239	0.448175	780   	0.0538755	56.0196	347	103	51 	780   	2.09165
INFO:gp:348	771   	0.916757	348	0.947301	0.513507	771   	0.0599608	56.1417	348	107	46 	771   	2.48445
INFO:gp:349	765   	0.919022	349	0.947301	0.536226	765   	0.0570588	56.1408	349	109	47 	765   	2.73955
INFO:gp:350	758   	0.921435	350	0.947301	0.479974	758   	0.0527003	56.1134	350	66 	41 	758   	1.5908 
INFO:gp:351	788   	0.919796	351	0.947301	0.57248 	788   	0.0530817	56.346 	351	81 	36 	788   	2.28076
INFO:gp:352	783   	0.919643	352	0.947301	0.572601	783   	0.0554038	56.5132	352	81 	47 	783   	2.412  
INFO:gp:353	776   	0.920302	353	0.947301	0.524193	776   	0.0527953	56.479 	353	80 	44 	776   	2.19644
INFO:gp:354	778   	0.91835 	354	0.947301	0.571594	778   	0.0558894	56.4389	354	105	43 	778   	2.80621
INFO:gp:355	812   	0.91785 	355	0.947301	0.539147	812   	0.0598385	56.3343	355	105	48 	812   	2.32326
INFO:gp:356	775   	0.920094	356	0.947301	0.55292 	775   	0.057186 	56.1769	356	86 	40 	775   	1.73993
INFO:gp:357	783   	0.919728	357	0.947301	0.558195	783   	0.0544129	56.1095	357	73 	35 	783   	1.72094
INFO:gp:358	751   	0.917696	358	0.947301	0.550828	751   	0.0589039	56.1623	358	83 	44 	751   	1.98308
INFO:gp:359	776   	0.91899 	359	0.947301	0.566664	776   	0.0549844	56.1026	359	77 	43 	776   	1.66566
INFO:gp:360	778   	0.91728 	360	0.947301	0.563603	778   	0.0554927	56.1232	360	77 	42 	778   	1.86349
INFO:gp:361	781   	0.920756	361	0.947301	0.589808	781   	0.0523605	56.0596	361	69 	46 	781   	1.21226
INFO:gp:362	766   	0.921646	362	0.947301	0.6066  	766   	0.0525301	56.085 	362	76 	38 	766   	1.51487
INFO:gp:363	781   	0.920642	363	0.947301	0.528799	781   	0.0526652	56.218 	363	109	45 	781   	2.6816 
INFO:gp:364	787   	0.918798	364	0.947301	0.540925	787   	0.0551787	56.1085	364	76 	49 	787   	1.51853
INFO:gp:365	769   	0.916938	365	0.947301	0.511855	769   	0.0606257	56.1212	365	83 	33 	769   	1.86938
INFO:gp:366	769   	0.921015	366	0.947301	0.554408	769   	0.05379  	56.1193	366	83 	5  	769   	2.36946
INFO:gp:367	758   	0.923258	367	0.947306	0.594946	758   	0.0490809	56.175 	367	83 	39 	758   	1.90068
INFO:gp:368	790   	0.9211  	368	0.947306	0.564324	790   	0.0542667	56.1554	368	80 	50 	790   	1.60835
INFO:gp:369	797   	0.92034 	369	0.947306	0.575499	797   	0.0507179	56.2297	369	109	39 	797   	2.87114
INFO:gp:370	772   	0.917098	370	0.947306	0.514645	772   	0.0588428	56.1701	370	84 	42 	772   	1.85348
INFO:gp:371	748   	0.92014 	371	0.947306	0.504768	748   	0.0556407	56.1652	371	75 	39 	748   	1.66825
INFO:gp:372	774   	0.918315	372	0.947688	0.556076	774   	0.0549529	56.1593	372	71 	51 	774   	1.50172
INFO:gp:373	775   	0.918374	373	0.947688	0.5533  	775   	0.0562595	56.085 	373	104	49 	775   	2.227  
INFO:gp:374	783   	0.916664	374	0.947692	0.528799	783   	0.0595088	55.7654	374	75 	32 	783   	1.89502
INFO:gp:375	744   	0.921298	375	0.947692	0.582825	744   	0.0538002	55.6764	375	75 	43 	744   	1.79494
INFO:gp:376	750   	0.920329	376	0.947692	0.533768	750   	0.0539636	55.5816	376	81 	32 	750   	1.71102
INFO:gp:377	788   	0.918676	377	0.947692	0.552179	788   	0.0572799	55.8338	377	107	45 	788   	2.27136
INFO:gp:378	787   	0.920189	378	0.947692	0.572859	787   	0.0561618	55.9824	378	73 	44 	787   	1.76079
INFO:gp:379	751   	0.922717	379	0.947692	0.557007	751   	0.0507368	55.9042	379	83 	39 	751   	2.00747
INFO:gp:380	750   	0.921286	380	0.947692	0.563952	750   	0.0528177	55.6862	380	82 	3  	750   	2.58204
INFO:gp:381	774   	0.920503	381	0.947692	0.508968	774   	0.0521648	55.5455	381	66 	49 	774   	1.29199
INFO:gp:382	762   	0.922237	382	0.947692	0.591321	762   	0.0528947	55.4751	382	80 	50 	762   	1.73997
INFO:gp:383	773   	0.920296	383	0.947695	0.511798	773   	0.0562941	55.4497	383	80 	34 	773   	1.79582
INFO:gp:384	757   	0.920952	384	0.947695	0.590643	757   	0.0520075	55.4487	384	76 	40 	757   	1.78049
INFO:gp:385	758   	0.920299	385	0.947695	0.493307	758   	0.0563873	55.3881	385	80 	50 	758   	1.42761
INFO:gp:386	756   	0.922057	386	0.947695	0.589442	756   	0.0499451	55.4673	386	70 	49 	756   	1.52677
INFO:gp:387	768   	0.917269	387	0.947695	0.516689	768   	0.0588687	55.563 	387	107	45 	768   	2.69819
INFO:gp:388	767   	0.920081	388	0.947695	0.451795	767   	0.0556528	55.4536	388	81 	37 	767   	2.17233
INFO:gp:389	791   	0.918835	389	0.947695	0.511031	791   	0.0574671	55.4487	389	71 	40 	791   	1.75282
INFO:gp:390	760   	0.919907	390	0.947695	0.587912	760   	0.0542357	55.4516	390	107	40 	760   	2.36985
INFO:gp:391	752   	0.922982	391	0.947695	0.568905	752   	0.0498138	55.436 	391	81 	41 	752   	1.79593
INFO:gp:392	749   	0.920423	392	0.947695	0.520358	749   	0.0564667	55.3783	392	73 	46 	749   	1.4158 
INFO:gp:393	777   	0.919926	393	0.947695	0.570117	777   	0.0556684	55.4379	393	103	44 	777   	2.34673
INFO:gp:394	788   	0.917665	394	0.947695	0.540206	788   	0.0573472	55.4282	394	80 	30 	788   	2.1197 
INFO:gp:395	793   	0.917665	395	0.947695	0.445657	793   	0.0589605	55.4164	395	103	44 	793   	2.04127
INFO:gp:396	741   	0.920235	396	0.947695	0.513132	741   	0.0568421	55.3861	396	80 	46 	741   	1.54074
INFO:gp:397	770   	0.91963 	397	0.947695	0.582494	770   	0.0574467	55.4321	397	79 	30 	770   	1.95427
INFO:gp:398	748   	0.922792	398	0.947695	0.506784	748   	0.0502854	55.4545	398	103	41 	748   	2.37979
INFO:gp:399	756   	0.919826	399	0.947695	0.566833	756   	0.0557124	55.3372	399	80 	38 	756   	1.82538
INFO:gp:400	781   	0.917601	400	0.947695	0.509944	781   	0.0636652	55.3656	400	75 	39 	781   	1.37896
INFO:__main__:Saving model to file: checkpoints/run_13.pth
INFO:util:Train accuracy: 1.0 +- 0.0
INFO:util:Val accuracy: 1.0 +- 0.0
INFO:util:Test accuracy: 0.85 +- 0.0
INFO:util:Train intra-class: 0.06976425481176207, Train Inter-class: 0.5467102682362281
INFO:util:Val intra-class: 0.12569918627092005, Val Inter-class: 0.33915798402816644
INFO:util:Test intra-class: 0.10470856769768942, Test inter-class: 0.3176379929449816
INFO:plot:Saving t-SNE to file: figures/tsne.png
INFO:plot:Saving t-SNE to file: figures/tsne.png
INFO:plot:Saving tree to file: figures/tree-0.pdf
INFO:plot:Saving tree to file: figures/tree-1.pdf
