INFO:data:Reading dataset fish: species
INFO:data:Class Counts: [48 60], Class Ratios: [0.44444444 0.55555556]
INFO:data:Number of features: 1023
INFO:data:Number of instances: 108
INFO:data:Number of classes 2.
INFO:__main__:No model found. Train from scratch.
INFO:gp:   	      	                                 fitness                                 	                      size                     
   	      	-------------------------------------------------------------------------	-----------------------------------------------
gen	nevals	avg     	gen	max     	min     	nevals	std      	avg    	gen	max	min	nevals	std    
0  	1023  	0.500865	0  	0.698496	0.263057	1023  	0.0555786	3.50733	0  	7  	2  	1023  	1.35408
INFO:gp:1  	763   	0.549166	1  	0.813284	0.317073	763   	0.0597043	3.66276	1  	11 	2  	763   	1.46068
INFO:gp:2  	773   	0.580712	2  	0.833076	0.229946	773   	0.0771171	3.94917	2  	11 	2  	773   	1.58295
INFO:gp:3  	753   	0.615578	3  	0.841625	0.270301	753   	0.0934343	4.261  	3  	13 	2  	753   	1.82127
INFO:gp:4  	775   	0.647808	4  	0.88275 	0.18585 	775   	0.116436 	4.25122	4  	14 	2  	775   	1.88279
INFO:gp:5  	762   	0.69489 	5  	0.892047	0.254387	762   	0.121837 	3.89052	5  	12 	2  	762   	1.55943
INFO:gp:6  	765   	0.734281	6  	0.892047	0.285966	765   	0.11709  	3.68524	6  	11 	2  	765   	1.28174
INFO:gp:7  	795   	0.751055	7  	0.892047	0.327459	795   	0.127391 	3.65591	7  	13 	3  	795   	1.25408
INFO:gp:8  	755   	0.77651 	8  	0.898638	0.385007	755   	0.130106 	3.59433	8  	11 	3  	755   	1.14221
INFO:gp:9  	775   	0.778786	9  	0.898638	0.342747	775   	0.131231 	3.57771	9  	12 	3  	775   	1.10786
INFO:gp:10 	779   	0.784286	10 	0.902025	0.447919	779   	0.132377 	3.81232	10 	12 	3  	779   	1.28833
INFO:gp:11 	775   	0.790975	11 	0.905224	0.382725	775   	0.133744 	4.0479 	11 	12 	3  	775   	1.25943
INFO:gp:12 	773   	0.786543	12 	0.905424	0.236173	773   	0.142563 	4.31378	12 	12 	3  	773   	1.40181
INFO:gp:13 	768   	0.788555	13 	0.909694	0.275675	768   	0.14561  	4.41838	13 	14 	3  	768   	1.35813
INFO:gp:14 	783   	0.79441 	14 	0.909694	0.244088	783   	0.137604 	4.54252	14 	12 	3  	783   	1.44088
INFO:gp:15 	769   	0.792367	15 	0.909694	0.365039	769   	0.144001 	4.6911 	15 	13 	3  	769   	1.50866
INFO:gp:16 	768   	0.791762	16 	0.909694	0.223202	768   	0.143755 	4.65689	16 	12 	3  	768   	1.45797
INFO:gp:17 	755   	0.781761	17 	0.909694	0.383158	755   	0.148996 	4.85142	17 	13 	3  	755   	1.58605
INFO:gp:18 	783   	0.778139	18 	0.909694	0.39267 	783   	0.15326  	4.89443	18 	14 	3  	783   	1.60784
INFO:gp:19 	764   	0.788121	19 	0.909694	0.33093 	764   	0.14378  	5.05572	19 	13 	3  	764   	1.68364
INFO:gp:20 	781   	0.781907	20 	0.909694	0.357423	781   	0.147271 	4.93157	20 	14 	3  	781   	1.82499
INFO:gp:21 	771   	0.785307	21 	0.909694	0.275675	771   	0.149222 	4.48876	21 	14 	3  	771   	1.73279
INFO:gp:22 	783   	0.795194	22 	0.909694	0.463654	783   	0.147114 	3.96285	22 	13 	3  	783   	1.54584
INFO:gp:23 	775   	0.783412	23 	0.909694	0.369928	775   	0.161114 	3.65103	23 	11 	3  	775   	1.36082
INFO:gp:24 	764   	0.794301	24 	0.909694	0.472192	764   	0.152047 	3.58162	24 	11 	3  	764   	1.29852
INFO:gp:25 	767   	0.784948	25 	0.909694	0.385287	767   	0.159249 	3.56696	25 	11 	3  	767   	1.29181
INFO:gp:26 	767   	0.786783	26 	0.909694	0.383321	767   	0.160137 	3.58162	26 	11 	3  	767   	1.35019
INFO:gp:27 	782   	0.79285 	27 	0.909694	0.363356	782   	0.155336 	3.62854	27 	11 	3  	782   	1.36527
INFO:gp:28 	789   	0.791594	28 	0.909694	0.489014	789   	0.151874 	3.5738 	28 	11 	3  	789   	1.31618
INFO:gp:29 	783   	0.791638	29 	0.909694	0.468723	783   	0.156933 	3.5914 	29 	12 	3  	783   	1.35173
INFO:gp:30 	781   	0.800163	30 	0.909694	0.452914	781   	0.153687 	3.5738 	30 	11 	3  	781   	1.32359
INFO:gp:31 	796   	0.790274	31 	0.909694	0.38345 	796   	0.155938 	3.52981	31 	11 	3  	796   	1.21446
INFO:gp:32 	767   	0.80202 	32 	0.909694	0.383405	767   	0.150062 	3.55327	32 	11 	3  	767   	1.2711 
INFO:gp:33 	771   	0.791684	33 	0.909694	0.37672 	771   	0.15662  	3.51515	33 	11 	3  	771   	1.22115
INFO:gp:34 	791   	0.788462	34 	0.909699	0.383161	791   	0.156567 	3.5132 	34 	11 	3  	791   	1.23392
INFO:gp:35 	762   	0.796461	35 	0.909699	0.396528	762   	0.152848 	3.59824	35 	11 	3  	762   	1.28754
INFO:gp:36 	747   	0.798404	36 	0.909699	0.318802	747   	0.156044 	3.54545	36 	11 	3  	747   	1.23948
INFO:gp:37 	769   	0.790775	37 	0.914631	0.383394	769   	0.159432 	3.59629	37 	11 	3  	769   	1.24837
INFO:gp:38 	760   	0.790356	38 	0.914631	0.383369	760   	0.157256 	3.84066	38 	11 	3  	760   	1.41111
INFO:gp:39 	796   	0.773074	39 	0.914631	0.423181	796   	0.16424  	4.2913 	39 	11 	3  	796   	1.4702 
INFO:gp:40 	751   	0.774932	40 	0.914631	0.363367	751   	0.166062 	4.74194	40 	12 	3  	751   	1.40724
INFO:gp:41 	750   	0.780792	41 	0.914631	0.462506	750   	0.160081 	5.20626	41 	12 	3  	750   	1.43667
INFO:gp:42 	791   	0.780563	42 	0.914631	0.481479	791   	0.15804  	5.48094	42 	14 	3  	791   	1.72877
INFO:gp:43 	772   	0.786638	43 	0.914631	0.364023	772   	0.156801 	5.65396	43 	15 	3  	772   	2.2195 
INFO:gp:44 	775   	0.787777	44 	0.914631	0.486915	775   	0.155706 	5.10655	44 	14 	3  	775   	2.29356
INFO:gp:45 	786   	0.789703	45 	0.914631	0.464677	786   	0.157978 	4.34311	45 	13 	3  	786   	2.11187
INFO:gp:46 	775   	0.807882	46 	0.914631	0.472164	775   	0.149924 	3.91691	46 	13 	3  	775   	1.88733
INFO:gp:47 	742   	0.805596	47 	0.914631	0.464677	742   	0.153124 	3.71554	47 	13 	3  	742   	1.68607
INFO:gp:48 	787   	0.794674	48 	0.914631	0.479093	787   	0.155604 	3.76833	48 	13 	3  	787   	1.78187
INFO:gp:49 	793   	0.795971	49 	0.914631	0.482341	793   	0.155742 	3.79765	49 	17 	3  	793   	1.82336
INFO:gp:50 	790   	0.79858 	50 	0.917238	0.390022	790   	0.15716  	3.73509	50 	13 	3  	790   	1.77833
INFO:gp:51 	743   	0.805623	51 	0.917238	0.491122	743   	0.155956 	3.72043	51 	13 	3  	743   	1.77966
INFO:gp:52 	797   	0.794257	52 	0.917238	0.476648	797   	0.157976 	3.68915	52 	13 	3  	797   	1.69962
INFO:gp:53 	767   	0.815123	53 	0.917238	0.478624	767   	0.146467 	3.67155	53 	13 	3  	767   	1.72261
INFO:gp:54 	762   	0.804251	54 	0.917238	0.480525	762   	0.154317 	3.64614	54 	13 	3  	762   	1.68424
INFO:gp:55 	811   	0.800038	55 	0.917238	0.486723	811   	0.152741 	3.67253	55 	13 	3  	811   	1.72478
INFO:gp:56 	784   	0.796422	56 	0.917238	0.469349	784   	0.157535 	3.65982	56 	13 	3  	784   	1.67951
INFO:gp:57 	788   	0.782822	57 	0.924704	0.46293 	788   	0.159412 	3.61388	57 	13 	3  	788   	1.58021
INFO:gp:58 	782   	0.790923	58 	0.924704	0.491923	782   	0.156528 	3.58456	58 	13 	3  	782   	1.53373
INFO:gp:59 	767   	0.797766	59 	0.927032	0.483298	767   	0.155371 	3.54252	59 	13 	3  	767   	1.49417
INFO:gp:60 	768   	0.794525	60 	0.927032	0.450279	768   	0.157573 	3.57674	60 	13 	3  	768   	1.46037
INFO:gp:61 	797   	0.793654	61 	0.927032	0.446384	797   	0.151855 	3.53666	61 	13 	3  	797   	1.37225
INFO:gp:62 	767   	0.793401	62 	0.927032	0.337149	767   	0.151946 	3.46725	62 	12 	3  	767   	1.21197
INFO:gp:63 	777   	0.793644	63 	0.927032	0.411754	777   	0.153188 	3.47898	63 	12 	3  	777   	1.19926
INFO:gp:64 	751   	0.799771	64 	0.927032	0.3442  	751   	0.150791 	3.43597	64 	11 	3  	751   	1.09006
INFO:gp:65 	770   	0.784783	65 	0.927032	0.337542	770   	0.162355 	3.52199	65 	11 	3  	770   	1.23379
INFO:gp:66 	780   	0.783507	66 	0.927032	0.39177 	780   	0.165977 	3.45357	66 	11 	3  	780   	1.134  
INFO:gp:67 	770   	0.780597	67 	0.927032	0.464023	770   	0.168772 	3.41153	67 	9  	3  	770   	1.05088
INFO:gp:68 	781   	0.778825	68 	0.927032	0.407273	781   	0.170818 	3.42033	68 	9  	3  	781   	1.01468
INFO:gp:69 	774   	0.772665	69 	0.927032	0.388458	774   	0.169764 	3.37146	69 	11 	3  	774   	1.01062
INFO:gp:70 	770   	0.781632	70 	0.927032	0.405893	770   	0.170997 	3.42913	70 	9  	3  	770   	1.10566
INFO:gp:71 	799   	0.769217	71 	0.927032	0.419752	799   	0.174806 	3.38319	71 	9  	3  	799   	1.00136
INFO:gp:72 	782   	0.773693	72 	0.927032	0.449844	782   	0.171    	3.3998 	72 	9  	3  	782   	1.05168
INFO:gp:73 	758   	0.783125	73 	0.927032	0.420069	758   	0.166177 	3.38612	73 	9  	3  	758   	0.98199
INFO:gp:74 	750   	0.7888  	74 	0.927032	0.433688	750   	0.16593  	3.43695	74 	9  	3  	750   	1.09993
INFO:gp:75 	768   	0.771187	75 	0.927032	0.450553	768   	0.169961 	3.43597	75 	9  	3  	768   	1.09988
INFO:gp:76 	778   	0.775638	76 	0.927032	0.387994	778   	0.167028 	3.43011	76 	14 	3  	778   	1.10307
INFO:gp:77 	776   	0.780929	77 	0.927032	0.429576	776   	0.167866 	3.45552	77 	9  	3  	776   	1.15543
INFO:gp:78 	777   	0.785358	78 	0.927032	0.412793	777   	0.167269 	3.45161	78 	10 	3  	777   	1.14934
INFO:gp:79 	773   	0.790108	79 	0.927032	0.41864 	773   	0.165046 	3.39687	79 	9  	3  	773   	1.04768
INFO:gp:80 	785   	0.786716	80 	0.927032	0.434504	785   	0.166112 	3.36657	80 	9  	3  	785   	0.989454
INFO:gp:81 	736   	0.78179 	81 	0.927032	0.409328	736   	0.167232 	3.36266	81 	9  	3  	736   	0.974982
INFO:gp:82 	784   	0.787448	82 	0.927032	0.450092	784   	0.16953  	3.36755	82 	9  	3  	784   	0.988597
INFO:gp:83 	787   	0.782211	83 	0.927032	0.404524	787   	0.165929 	3.33724	83 	9  	3  	787   	0.956866
INFO:gp:84 	746   	0.784772	84 	0.927032	0.407193	746   	0.168016 	3.36657	84 	9  	3  	746   	1.01095 
INFO:gp:85 	751   	0.782938	85 	0.927032	0.414993	751   	0.169082 	3.37634	85 	9  	3  	751   	1.00054 
INFO:gp:86 	770   	0.778643	86 	0.927032	0.371111	770   	0.170209 	3.43206	86 	9  	3  	770   	1.06899 
INFO:gp:87 	752   	0.779412	87 	0.927032	0.422438	752   	0.168522 	3.38807	87 	9  	3  	752   	0.997031
INFO:gp:88 	805   	0.778767	88 	0.927032	0.43397 	805   	0.169158 	3.43597	88 	9  	3  	805   	1.0981  
INFO:gp:89 	800   	0.772164	89 	0.927032	0.433338	800   	0.170206 	3.36852	89 	9  	3  	800   	0.967743
INFO:gp:90 	788   	0.779498	90 	0.927032	0.40643 	788   	0.168484 	3.38025	90 	9  	3  	788   	1.01363 
INFO:gp:91 	773   	0.784387	91 	0.927032	0.390995	773   	0.167913 	3.34115	91 	9  	3  	773   	0.954455
INFO:gp:92 	797   	0.776992	92 	0.927032	0.451881	797   	0.168343 	3.43402	92 	9  	3  	797   	1.09798 
INFO:gp:93 	773   	0.777281	93 	0.927032	0.425577	773   	0.171441 	3.35973	93 	9  	3  	773   	0.986527
INFO:gp:94 	773   	0.781793	94 	0.927032	0.416706	773   	0.167332 	3.36266	94 	10 	3  	773   	0.988919
INFO:gp:95 	786   	0.775015	95 	0.927032	0.420812	786   	0.170973 	3.45748	95 	9  	3  	786   	1.11941 
INFO:gp:96 	744   	0.774562	96 	0.927032	0.424933	744   	0.172159 	3.39003	96 	9  	3  	744   	1.00214 
INFO:gp:97 	787   	0.775014	97 	0.927032	0.378806	787   	0.169346 	3.43891	97 	9  	3  	787   	1.11942 
INFO:gp:98 	775   	0.770659	98 	0.927032	0.408511	775   	0.173358 	3.43304	98 	9  	3  	775   	1.11296 
INFO:gp:99 	753   	0.780123	99 	0.927032	0.396459	753   	0.169677 	3.42522	99 	13 	3  	753   	1.07855 
INFO:gp:100	769   	0.776191	100	0.927032	0.395131	769   	0.172307 	3.41838	100	10 	3  	769   	1.10315 
INFO:gp:101	766   	0.789829	101	0.927032	0.414299	766   	0.166921 	3.36266	101	9  	3  	766   	0.998755
INFO:gp:102	787   	0.777476	102	0.927032	0.404832	787   	0.170701 	3.36461	102	9  	3  	787   	1.00876 
INFO:gp:103	760   	0.77813 	103	0.927032	0.419795	760   	0.170264 	3.41056	103	9  	3  	760   	1.11313 
INFO:gp:104	762   	0.789039	104	0.927032	0.407172	762   	0.166741 	3.40274	104	9  	3  	762   	1.04356 
INFO:gp:105	771   	0.783481	105	0.927032	0.402926	771   	0.168045 	3.38221	105	9  	3  	771   	1.02917 
INFO:gp:106	793   	0.777668	106	0.927032	0.450829	793   	0.168307 	3.38905	106	9  	3  	793   	1.05987 
INFO:gp:107	764   	0.773256	107	0.927032	0.403853	764   	0.170492 	3.41056	107	9  	3  	764   	1.10432 
INFO:gp:108	757   	0.791113	108	0.927032	0.416834	757   	0.163192 	3.38025	108	9  	3  	757   	1.03084 
INFO:gp:109	778   	0.781158	109	0.927032	0.425971	778   	0.168609 	3.3304 	109	9  	3  	778   	0.974917
INFO:gp:110	754   	0.779821	110	0.927032	0.386262	754   	0.170084 	3.3695 	110	11 	3  	754   	1.06592 
INFO:gp:111	774   	0.790219	111	0.927032	0.387308	774   	0.166259 	3.38319	111	11 	3  	774   	1.0666  
INFO:gp:112	757   	0.781697	112	0.927032	0.430862	757   	0.167636 	3.37048	112	11 	3  	757   	1.05498 
INFO:gp:113	782   	0.777025	113	0.927032	0.376288	782   	0.17223  	3.36755	113	11 	3  	782   	1.04811 
INFO:gp:114	760   	0.788651	114	0.927032	0.419785	760   	0.163839 	3.35679	114	11 	3  	760   	1.04389 
INFO:gp:115	748   	0.783525	115	0.927032	0.415645	748   	0.171314 	3.40665	115	11 	3  	748   	1.08973 
INFO:gp:116	774   	0.795606	116	0.927032	0.373314	774   	0.16764  	3.42717	116	11 	3  	774   	1.12916 
INFO:gp:117	783   	0.775371	117	0.927032	0.447563	783   	0.170586 	3.41153	117	11 	3  	783   	1.07661 
INFO:gp:118	767   	0.789514	118	0.927032	0.447331	767   	0.167544 	3.41349	118	11 	3  	767   	1.07677 
INFO:gp:119	774   	0.786709	119	0.927032	0.404832	774   	0.167599 	3.41838	119	11 	3  	774   	1.11286 
INFO:gp:120	762   	0.790011	120	0.927032	0.459645	762   	0.164921 	3.37928	120	11 	3  	762   	1.04205 
INFO:gp:121	789   	0.79022 	121	0.927032	0.435369	789   	0.165916 	3.33529	121	11 	3  	789   	1.01021 
INFO:gp:122	798   	0.771437	122	0.927032	0.441327	798   	0.170679 	3.42033	122	11 	3  	798   	1.10418 
INFO:gp:123	788   	0.777524	123	0.927032	0.40769 	788   	0.166746 	3.38319	123	11 	3  	788   	1.03874 
INFO:gp:124	803   	0.782021	124	0.927032	0.39184 	803   	0.167691 	3.39785	124	11 	3  	803   	1.07993 
INFO:gp:125	781   	0.780865	125	0.927032	0.451432	781   	0.167488 	3.47116	125	11 	3  	781   	1.16854 
INFO:gp:126	768   	0.780534	126	0.927032	0.426047	768   	0.170975 	3.46628	126	11 	3  	768   	1.12841 
INFO:gp:127	780   	0.781238	127	0.927059	0.392209	780   	0.168634 	3.50831	127	11 	3  	780   	1.14179 
INFO:gp:128	758   	0.787837	128	0.927059	0.459634	758   	0.170421 	3.48485	128	10 	3  	758   	1.14344 
INFO:gp:129	764   	0.7867  	129	0.927059	0.452748	764   	0.16804  	3.61681	129	10 	3  	764   	1.3396  
INFO:gp:130	781   	0.768595	130	0.927059	0.424743	781   	0.174315 	3.89443	130	14 	3  	781   	1.62597 
INFO:gp:131	775   	0.777996	131	0.927059	0.403083	775   	0.171309 	4.21896	131	13 	3  	775   	1.92299 
INFO:gp:132	778   	0.785147	132	0.928346	0.44202 	778   	0.167825 	5.13783	132	14 	3  	778   	2.36328 
INFO:gp:133	814   	0.793007	133	0.928346	0.38901 	814   	0.164901 	6.11828	133	17 	3  	814   	2.6357  
INFO:gp:134	767   	0.797923	134	0.928366	0.382283	767   	0.167323 	7.56989	134	18 	3  	767   	2.82094 
INFO:gp:135	760   	0.811702	135	0.928366	0.420731	760   	0.16212  	8.77419	135	22 	3  	760   	3.05102 
INFO:gp:136	749   	0.808102	136	0.928366	0.45894 	749   	0.165246 	9.85728	136	22 	3  	749   	3.14012 
INFO:gp:137	779   	0.806627	137	0.928514	0.403298	779   	0.168534 	10.2649	137	22 	3  	779   	2.90097 
INFO:gp:138	775   	0.817334	138	0.929045	0.430601	775   	0.163633 	10.5855	138	22 	3  	775   	2.85051 
INFO:gp:139	791   	0.798201	139	0.929199	0.425944	791   	0.172507 	10.8211	139	22 	3  	791   	2.94629 
INFO:gp:140	772   	0.81026 	140	0.929199	0.397173	772   	0.167638 	11.5953	140	22 	3  	772   	3.52986 
INFO:gp:141	760   	0.810857	141	0.929397	0.473191	760   	0.166952 	12.7889	141	26 	3  	760   	3.58017 
INFO:gp:142	784   	0.81336 	142	0.929397	0.479552	784   	0.16541  	13.6383	142	31 	3  	784   	3.9158  
INFO:gp:143	774   	0.821067	143	0.929663	0.466409	774   	0.161515 	15.1437	143	25 	3  	774   	4.0447  
INFO:gp:144	754   	0.829052	144	0.929663	0.449455	754   	0.157293 	16.4282	144	34 	3  	754   	3.79129 
INFO:gp:145	750   	0.835186	145	0.929723	0.470629	750   	0.155557 	17.1711	145	30 	3  	750   	3.56109 
INFO:gp:146	774   	0.820114	146	0.929723	0.415487	774   	0.162334 	17.7517	146	30 	3  	774   	3.46254 
INFO:gp:147	775   	0.810113	147	0.929723	0.479552	775   	0.167554 	18.3998	147	35 	3  	775   	3.5394  
INFO:gp:148	776   	0.820993	148	0.930011	0.442997	776   	0.164134 	19.0215	148	37 	3  	776   	3.63209 
INFO:gp:149	776   	0.816577	149	0.930446	0.469529	776   	0.164543 	20.0049	149	33 	3  	776   	3.97782 
INFO:gp:150	756   	0.823285	150	0.930446	0.46479 	756   	0.159309 	20.7009	150	33 	3  	756   	3.81365 
INFO:gp:151	773   	0.824164	151	0.930858	0.452233	773   	0.162059 	21.5005	151	36 	3  	773   	3.96536 
INFO:gp:152	787   	0.814458	152	0.930858	0.481145	787   	0.165303 	22.1212	152	45 	3  	787   	4.2538  
INFO:gp:153	763   	0.827688	153	0.9328  	0.440962	763   	0.159794 	23.0508	153	44 	3  	763   	4.62444 
INFO:gp:154	756   	0.825946	154	0.9328  	0.479552	756   	0.159213 	24.5846	154	50 	3  	756   	5.06675 
INFO:gp:155	758   	0.822894	155	0.9328  	0.466391	758   	0.162509 	26.0371	155	40 	3  	758   	4.59659 
INFO:gp:156	786   	0.821462	156	0.9328  	0.430712	786   	0.164147 	26.8387	156	41 	3  	786   	4.3377  
INFO:gp:157	777   	0.829685	157	0.9328  	0.320616	777   	0.159314 	26.1632	157	40 	3  	777   	4.27749 
INFO:gp:158	765   	0.839344	158	0.9328  	0.404152	765   	0.153734 	24.8358	158	50 	3  	765   	4.57782 
INFO:gp:159	768   	0.826664	159	0.9328  	0.401261	768   	0.162571 	24.0723	159	35 	3  	768   	3.95856 
INFO:gp:160	794   	0.814615	160	0.9328  	0.405187	794   	0.168669 	24.1036	160	32 	3  	794   	3.7182  
INFO:gp:161	778   	0.830786	161	0.932913	0.404152	778   	0.160911 	24.1026	161	43 	3  	778   	3.81106 
INFO:gp:162	788   	0.822199	162	0.932913	0.441736	788   	0.165099 	24.1339	162	47 	3  	788   	3.90511 
INFO:gp:163	762   	0.831393	163	0.932913	0.404152	762   	0.16031  	24.2747	163	47 	3  	762   	3.94015 
INFO:gp:164	763   	0.83685 	164	0.932913	0.453667	763   	0.155197 	24.8172	164	42 	3  	763   	4.00181 
INFO:gp:165	787   	0.823463	165	0.932913	0.414816	787   	0.163707 	25.9932	165	46 	3  	787   	4.11242 
INFO:gp:166	779   	0.838668	166	0.932913	0.438298	779   	0.155289 	26.8534	166	36 	3  	779   	4.44055 
INFO:gp:167	764   	0.827766	167	0.932913	0.404152	764   	0.160482 	27.6276	167	55 	3  	764   	4.50579 
INFO:gp:168	772   	0.826649	168	0.932913	0.403334	772   	0.163776 	27.6442	168	39 	3  	772   	4.41322 
INFO:gp:169	766   	0.822561	169	0.932913	0.462489	766   	0.165495 	27.9218	169	46 	3  	766   	4.08652 
INFO:gp:170	775   	0.828225	170	0.932913	0.479552	775   	0.160263 	27.9316	170	43 	3  	775   	4.22616 
INFO:gp:171	769   	0.840073	171	0.932913	0.414173	769   	0.152398 	27.6774	171	54 	3  	769   	4.70306 
INFO:gp:172	759   	0.82607 	172	0.932913	0.450708	759   	0.160972 	27.9785	172	55 	3  	759   	4.5837  
INFO:gp:173	783   	0.839008	173	0.9331  	0.479552	783   	0.15286  	28.089 	173	46 	3  	783   	4.07492 
INFO:gp:174	771   	0.829072	174	0.933106	0.404152	771   	0.160544 	27.8201	174	42 	3  	771   	4.63833 
INFO:gp:175	750   	0.836472	175	0.933106	0.436598	750   	0.157894 	27.8592	175	42 	3  	750   	4.33537 
INFO:gp:176	773   	0.836876	176	0.933106	0.475724	773   	0.157509 	27.9306	176	55 	3  	773   	4.27753 
INFO:gp:177	747   	0.833019	177	0.933106	0.459345	747   	0.158131 	27.957 	177	44 	3  	747   	4.39075 
INFO:gp:178	770   	0.826505	178	0.933106	0.423362	770   	0.162552 	27.7195	178	40 	3  	770   	4.58039 
INFO:gp:179	746   	0.833958	179	0.933106	0.47543 	746   	0.15723  	27.5621	179	55 	3  	746   	4.85748 
INFO:gp:180	785   	0.828507	180	0.933106	0.404152	785   	0.160823 	27.4536	180	55 	3  	785   	4.10035 
INFO:gp:181	778   	0.830467	181	0.933106	0.40643 	778   	0.160923 	27.2033	181	35 	3  	778   	3.97078 
INFO:gp:182	773   	0.831653	182	0.933282	0.463513	773   	0.160135 	27.1808	182	40 	3  	773   	3.89143 
INFO:gp:183	768   	0.830328	183	0.933799	0.336511	768   	0.160507 	27.3558	183	53 	3  	768   	3.64753 
INFO:gp:184	779   	0.827597	184	0.933799	0.469986	779   	0.160752 	27.1926	184	53 	3  	779   	4.15335 
INFO:gp:185	785   	0.824665	185	0.933799	0.465427	785   	0.163223 	26.9189	185	53 	3  	785   	4.73834 
INFO:gp:186	760   	0.840858	186	0.933799	0.442852	760   	0.154919 	27.2082	186	53 	3  	760   	4.31377 
INFO:gp:187	788   	0.825924	187	0.934117	0.404152	788   	0.160994 	27.2512	187	39 	3  	788   	4.3074  
INFO:gp:188	785   	0.844709	188	0.934117	0.404152	785   	0.149866 	27.6843	188	40 	3  	785   	4.15664 
INFO:gp:189	763   	0.833896	189	0.934309	0.468481	763   	0.159472 	28.1329	189	47 	3  	763   	4.73067 
INFO:gp:190	773   	0.842001	190	0.934309	0.484385	773   	0.151661 	28.9795	190	55 	3  	773   	4.84849 
INFO:gp:191	795   	0.822372	191	0.934309	0.404152	795   	0.166285 	29.9316	191	57 	3  	795   	4.68679 
INFO:gp:192	762   	0.833184	192	0.934309	0.471462	762   	0.158845 	30.5298	192	47 	3  	762   	4.83156 
INFO:gp:193	765   	0.832312	193	0.934309	0.443685	765   	0.160659 	31.1056	193	48 	3  	765   	5.15058 
INFO:gp:194	761   	0.831698	194	0.934309	0.456871	761   	0.162366 	31.219 	194	63 	3  	761   	5.32309 
INFO:gp:195	783   	0.838386	195	0.934309	0.377806	783   	0.15627  	31.3177	195	50 	3  	783   	5.12004 
INFO:gp:196	772   	0.834043	196	0.934309	0.456152	772   	0.159365 	31.3206	196	41 	3  	772   	5.15553 
INFO:gp:197	763   	0.824135	197	0.934309	0.44048 	763   	0.164442 	31.7566	197	42 	3  	763   	4.41077 
INFO:gp:198	773   	0.84035 	198	0.934309	0.464652	773   	0.155698 	31.3773	198	54 	3  	773   	5.3651  
INFO:gp:199	779   	0.84611 	199	0.934309	0.404152	779   	0.149688 	31.5533	199	48 	3  	779   	4.85879 
INFO:gp:200	782   	0.832208	200	0.934309	0.461493	782   	0.159513 	31.7713	200	63 	3  	782   	4.72183 
INFO:gp:201	756   	0.837901	201	0.934309	0.404152	756   	0.155385 	31.6051	201	50 	3  	756   	5.14639 
INFO:gp:202	759   	0.830131	202	0.934309	0.314965	759   	0.163797 	31.6354	202	50 	3  	759   	5.08337 
INFO:gp:203	772   	0.831729	203	0.934309	0.471155	772   	0.16259  	31.7634	203	43 	3  	772   	4.59958 
INFO:gp:204	763   	0.840322	204	0.934309	0.404152	763   	0.154501 	31.5601	204	52 	3  	763   	5.20152 
INFO:gp:205	753   	0.83704 	205	0.934309	0.475724	753   	0.157678 	31.8856	205	54 	3  	753   	4.46422 
INFO:gp:206	806   	0.827256	206	0.934309	0.410458	806   	0.162117 	31.4125	206	63 	3  	806   	5.64751 
INFO:gp:207	759   	0.841482	207	0.934309	0.47139 	759   	0.156827 	31.5885	207	65 	3  	759   	5.1486  
INFO:gp:208	765   	0.844676	208	0.934503	0.401532	765   	0.153    	31.7683	208	48 	3  	765   	4.31801 
INFO:gp:209	775   	0.829601	209	0.934503	0.451091	775   	0.162699 	31.8074	209	63 	3  	775   	5.08145 
INFO:gp:210	775   	0.839484	210	0.934503	0.404152	775   	0.157131 	31.6755	210	41 	3  	775   	4.7276  
INFO:gp:211	786   	0.838863	211	0.934503	0.461518	786   	0.155491 	31.6178	211	50 	3  	786   	5.02268 
INFO:gp:212	770   	0.82822 	212	0.934503	0.404152	770   	0.162518 	31.7214	212	43 	3  	770   	4.35201 
INFO:gp:213	784   	0.828428	213	0.934503	0.456196	784   	0.164788 	31.4604	213	62 	3  	784   	4.88581 
INFO:gp:214	775   	0.839428	214	0.934503	0.404152	775   	0.156252 	31.2219	214	47 	3  	775   	4.89405 
INFO:gp:215	776   	0.823775	215	0.934503	0.404152	776   	0.166661 	30.8592	215	61 	3  	776   	5.42772 
INFO:gp:216	768   	0.831432	216	0.935542	0.461411	768   	0.162938 	30.9609	216	62 	3  	768   	5.16042 
INFO:gp:217	787   	0.834882	217	0.935542	0.404152	787   	0.159057 	30.7175	217	52 	3  	787   	5.11332 
INFO:gp:218	780   	0.829088	218	0.935542	0.401572	780   	0.162616 	30.8915	218	45 	3  	780   	4.73222 
INFO:gp:219	785   	0.83713 	219	0.935542	0.418937	785   	0.159932 	30.7458	219	46 	3  	785   	4.89138 
INFO:gp:220	761   	0.823763	220	0.935542	0.405952	761   	0.163778 	30.8231	220	48 	3  	761   	5.03953 
INFO:gp:221	762   	0.847454	221	0.935542	0.404152	762   	0.147797 	30.9198	221	48 	3  	762   	4.82777 
INFO:gp:222	773   	0.845884	222	0.935542	0.461416	773   	0.147243 	31.0831	222	48 	3  	773   	4.44956 
INFO:gp:223	784   	0.835913	223	0.935542	0.457683	784   	0.155974 	30.8622	223	61 	3  	784   	5.15541 
INFO:gp:224	769   	0.8365  	224	0.935934	0.484513	769   	0.1579   	30.8495	224	52 	3  	769   	5.01111 
INFO:gp:225	776   	0.842886	225	0.935934	0.484144	776   	0.157225 	31.1584	225	52 	3  	776   	3.99589 
INFO:gp:226	749   	0.837768	226	0.935934	0.453068	749   	0.158198 	31.0802	226	52 	3  	749   	4.79689 
INFO:gp:227	761   	0.831785	227	0.935934	0.435842	761   	0.161306 	30.9932	227	56 	3  	761   	5.58826 
INFO:gp:228	773   	0.843617	228	0.935934	0.407385	773   	0.154991 	31.5582	228	56 	3  	773   	5.38274 
INFO:gp:229	765   	0.833501	229	0.935934	0.45065 	765   	0.160813 	32.5894	229	56 	3  	765   	5.49927 
INFO:gp:230	777   	0.844601	230	0.936439	0.434549	777   	0.154912 	33.5083	230	65 	3  	777   	6.04283 
INFO:gp:231	760   	0.832211	231	0.936439	0.448601	760   	0.161983 	34.1584	231	69 	3  	760   	5.82847 
INFO:gp:232	765   	0.838154	232	0.936439	0.463069	765   	0.158251 	34.0401	232	56 	3  	765   	5.9275  
INFO:gp:233	784   	0.838987	233	0.936439	0.475901	784   	0.16006  	34.5679	233	66 	3  	784   	4.93566 
INFO:gp:234	777   	0.839079	234	0.936439	0.456726	777   	0.157315 	34.3089	234	68 	3  	777   	5.24273 
INFO:gp:235	762   	0.839374	235	0.936811	0.464941	762   	0.156704 	33.824 	235	48 	3  	762   	5.25818 
INFO:gp:236	790   	0.832154	236	0.936811	0.407396	790   	0.161081 	33.6188	236	58 	3  	790   	5.65161 
INFO:gp:237	782   	0.841886	237	0.936811	0.474801	782   	0.153667 	33.7546	237	58 	3  	782   	4.99593 
INFO:gp:238	786   	0.851202	238	0.936811	0.47733 	786   	0.149346 	33.8915	238	44 	3  	786   	4.72705 
INFO:gp:239	759   	0.842845	239	0.936811	0.465175	759   	0.154076 	33.6755	239	54 	3  	759   	5.30831 
INFO:gp:240	769   	0.850885	240	0.936811	0.468361	769   	0.146056 	33.5855	240	67 	3  	769   	5.45185 
INFO:gp:241	770   	0.838416	241	0.936811	0.426153	770   	0.155602 	33.7849	241	58 	3  	770   	4.98823 
INFO:gp:242	776   	0.83917 	242	0.936811	0.408956	776   	0.152922 	33.9355	242	55 	3  	776   	5.058   
INFO:gp:243	770   	0.843056	243	0.936811	0.446148	770   	0.147589 	34.1202	243	68 	3  	770   	5.20548 
INFO:gp:244	772   	0.845109	244	0.936811	0.462648	772   	0.14626  	34.1114	244	59 	3  	772   	5.47127 
INFO:gp:245	779   	0.839325	245	0.936811	0.441448	779   	0.150157 	34.48  	245	49 	3  	779   	5.17923 
INFO:gp:246	755   	0.843514	246	0.936811	0.454094	755   	0.149272 	34.5904	246	62 	3  	755   	5.34859 
INFO:gp:247	782   	0.836555	247	0.936959	0.493872	782   	0.152261 	34.6246	247	60 	3  	782   	5.43871 
INFO:gp:248	768   	0.852465	248	0.936959	0.45165 	768   	0.142897 	34.437 	248	49 	3  	768   	5.32572 
INFO:gp:249	768   	0.831213	249	0.936959	0.470941	768   	0.157751 	34.5767	249	69 	3  	768   	5.47059 
INFO:gp:250	775   	0.833456	250	0.936959	0.426319	775   	0.157547 	34.8231	250	71 	3  	775   	4.93447 
INFO:gp:251	770   	0.83496 	251	0.936959	0.455956	770   	0.154113 	34.6911	251	56 	3  	770   	5.14638 
INFO:gp:252	778   	0.841524	252	0.936959	0.430536	778   	0.151415 	34.3842	252	60 	3  	778   	5.76249 
INFO:gp:253	779   	0.842123	253	0.937179	0.468401	779   	0.152017 	34.6618	253	44 	3  	779   	4.73119 
INFO:gp:254	755   	0.837461	254	0.937179	0.407054	755   	0.15455  	34.609 	254	60 	3  	755   	5.39773 
INFO:gp:255	789   	0.829041	255	0.937179	0.416857	789   	0.158164 	34.825 	255	69 	3  	789   	5.14536 
INFO:gp:256	768   	0.830594	256	0.937179	0.461803	768   	0.160416 	34.7468	256	45 	3  	768   	5.54528 
INFO:gp:257	781   	0.836566	257	0.93755 	0.452727	781   	0.155869 	35.0156	257	59 	3  	781   	4.89975 
INFO:gp:258	781   	0.832831	258	0.93755 	0.460893	781   	0.157655 	35.0371	258	56 	3  	781   	5.61005 
INFO:gp:259	782   	0.836644	259	0.93755 	0.457559	782   	0.154487 	35.6549	259	72 	3  	782   	6.24908 
INFO:gp:260	776   	0.83205 	260	0.93755 	0.458808	776   	0.159972 	36.6921	260	75 	3  	776   	5.29649 
INFO:gp:261	770   	0.835843	261	0.93755 	0.409342	770   	0.157491 	37.35  	261	63 	3  	770   	5.85327 
INFO:gp:262	779   	0.842936	262	0.93755 	0.474073	779   	0.152867 	37.8983	262	77 	3  	779   	5.64625 
INFO:gp:263	780   	0.849624	263	0.93755 	0.461566	780   	0.146363 	38.5689	263	57 	3  	780   	5.40509 
INFO:gp:264	789   	0.83586 	264	0.93755 	0.433791	789   	0.158122 	39.1632	264	50 	3  	789   	4.76852 
INFO:gp:265	773   	0.838162	265	0.937696	0.47098 	773   	0.156048 	39.1466	265	52 	3  	773   	5.50801 
INFO:gp:266	784   	0.843035	266	0.937696	0.449995	784   	0.152492 	39.0841	266	51 	3  	784   	5.28547 
INFO:gp:267	784   	0.8293  	267	0.937696	0.461713	784   	0.160986 	39.1447	267	52 	3  	784   	5.6467  
INFO:gp:268	761   	0.834079	268	0.937696	0.441286	761   	0.159807 	39.437 	268	61 	3  	761   	5.02192 
INFO:gp:269	754   	0.834062	269	0.937696	0.461713	754   	0.160751 	39.5024	269	61 	3  	754   	4.66091 
INFO:gp:270	766   	0.838333	270	0.937696	0.350085	766   	0.156992 	39.2395	270	59 	3  	766   	4.72678 
INFO:gp:271	760   	0.847669	271	0.937696	0.45125 	760   	0.147902 	38.7283	271	50 	3  	760   	5.24143 
INFO:gp:272	778   	0.835838	272	0.937696	0.471182	778   	0.158982 	38.4448	272	51 	3  	778   	5.49937 
INFO:gp:273	754   	0.847831	273	0.937696	0.395836	754   	0.148763 	38.6207	273	49 	3  	754   	5.03272 
INFO:gp:274	779   	0.842521	274	0.937696	0.47039 	779   	0.150972 	38.0909	274	53 	3  	779   	6.10502 
INFO:gp:275	766   	0.843617	275	0.937696	0.453975	766   	0.153886 	38.3861	275	64 	3  	766   	6.00167 
INFO:gp:276	791   	0.835339	276	0.937696	0.442871	791   	0.157161 	38.4995	276	58 	3  	791   	5.6166  
INFO:gp:277	738   	0.837406	277	0.937696	0.457022	738   	0.157427 	38.7449	277	60 	3  	738   	5.22854 
INFO:gp:278	769   	0.841392	278	0.937696	0.418013	769   	0.154475 	38.4076	278	64 	3  	769   	5.49282 
INFO:gp:279	777   	0.838586	279	0.937696	0.417975	777   	0.154744 	38.6022	279	55 	3  	777   	5.20443 
INFO:gp:280	771   	0.839879	280	0.937696	0.446952	771   	0.155596 	38.6735	280	64 	3  	771   	5.15403 
INFO:gp:281	772   	0.839077	281	0.937696	0.445836	772   	0.153664 	38.4409	281	75 	3  	772   	5.59711 
INFO:gp:282	778   	0.835313	282	0.937696	0.424283	778   	0.157303 	38.2669	282	60 	3  	778   	5.7172  
INFO:gp:283	743   	0.840235	283	0.937696	0.392211	743   	0.154345 	38.0371	283	49 	3  	743   	6.2387  
INFO:gp:284	762   	0.838038	284	0.937696	0.445956	762   	0.157611 	38.3851	284	58 	3  	762   	5.75011 
INFO:gp:285	786   	0.842913	285	0.937696	0.471094	786   	0.149897 	38.4819	285	75 	3  	786   	5.43003 
INFO:gp:286	783   	0.83821 	286	0.937696	0.455078	783   	0.155903 	38.3744	286	58 	3  	783   	5.45215 
INFO:gp:287	780   	0.839783	287	0.937696	0.467175	780   	0.153852 	38.3675	287	49 	3  	780   	5.42286 
INFO:gp:288	786   	0.838977	288	0.937696	0.45093 	786   	0.156648 	38.4927	288	77 	3  	786   	5.64351 
INFO:gp:289	776   	0.832047	289	0.937696	0.461709	776   	0.160488 	38.3421	289	60 	3  	776   	5.8749  
INFO:gp:290	791   	0.840877	290	0.937696	0.447959	791   	0.154692 	38.2287	290	48 	3  	791   	5.88124 
INFO:gp:291	769   	0.843046	291	0.937696	0.436436	769   	0.153933 	38.4037	291	53 	3  	769   	5.35196 
INFO:gp:292	771   	0.831531	292	0.937696	0.469683	771   	0.160731 	38.3324	292	77 	3  	771   	5.92681 
INFO:gp:293	778   	0.831525	293	0.937696	0.471033	778   	0.159206 	38.4272	293	60 	3  	778   	5.50609 
INFO:gp:294	776   	0.838598	294	0.937696	0.367351	776   	0.154717 	38.6383	294	58 	3  	776   	5.21242 
INFO:gp:295	774   	0.842564	295	0.937696	0.471767	774   	0.153207 	38.4809	295	58 	3  	774   	5.51222 
INFO:gp:296	765   	0.836036	296	0.937696	0.449113	765   	0.157901 	38.4291	296	48 	3  	765   	5.52012 
INFO:gp:297	773   	0.84126 	297	0.937696	0.483264	773   	0.154686 	38.6735	297	49 	3  	773   	5.09009 
INFO:gp:298	769   	0.835704	298	0.937696	0.461709	769   	0.15701  	38.3705	298	64 	3  	769   	5.83301 
INFO:gp:299	778   	0.837002	299	0.937696	0.459962	778   	0.156394 	38.6579	299	69 	3  	778   	5.02061 
INFO:gp:300	772   	0.833772	300	0.937696	0.4293  	772   	0.159599 	38.7038	300	47 	3  	772   	4.6024  
INFO:gp:301	763   	0.846243	301	0.937696	0.472799	763   	0.14961  	38.3275	301	77 	3  	763   	6.09707 
INFO:gp:302	783   	0.82738 	302	0.937696	0.423149	783   	0.162535 	38.1232	302	49 	3  	783   	6.16524 
INFO:gp:303	783   	0.842254	303	0.937696	0.419064	783   	0.151587 	38.4633	303	77 	3  	783   	5.67276 
INFO:gp:304	787   	0.844068	304	0.937696	0.455961	787   	0.151719 	38.3206	304	58 	3  	787   	5.67332 
INFO:gp:305	738   	0.841014	305	0.937696	0.449971	738   	0.154255 	38.7009	305	77 	3  	738   	5.26451 
INFO:gp:306	760   	0.839556	306	0.937696	0.452736	760   	0.153991 	38.6471	306	77 	3  	760   	5.20129 
INFO:gp:307	774   	0.841193	307	0.937696	0.461566	774   	0.152021 	38.4223	307	49 	3  	774   	5.86951 
INFO:gp:308	784   	0.8349  	308	0.937696	0.44699 	784   	0.155791 	38.306 	308	60 	3  	784   	5.88828 
INFO:gp:309	778   	0.840209	309	0.937696	0.424052	778   	0.155329 	38.6373	309	53 	3  	778   	4.80535 
INFO:gp:310	765   	0.830142	310	0.937696	0.461566	765   	0.161517 	38.3891	310	60 	3  	765   	5.76411 
INFO:gp:311	744   	0.853823	311	0.937696	0.455157	744   	0.143713 	38.3421	311	50 	3  	744   	5.3938  
INFO:gp:312	795   	0.82833 	312	0.937696	0.427926	795   	0.16286  	38.3597	312	49 	3  	795   	5.63067 
INFO:gp:313	761   	0.846668	313	0.937696	0.461566	761   	0.152058 	38.5269	313	77 	3  	761   	5.39297 
INFO:gp:314	776   	0.838451	314	0.937696	0.358083	776   	0.154504 	38.4848	314	58 	3  	776   	5.43796 
INFO:gp:315	776   	0.8428  	315	0.937696	0.443494	776   	0.151909 	38.4438	315	50 	3  	776   	5.53868 
INFO:gp:316	783   	0.841197	316	0.937696	0.461709	783   	0.151805 	38.4477	316	52 	3  	783   	5.35056 
INFO:gp:317	766   	0.844548	317	0.937696	0.471094	766   	0.151146 	38.4741	317	77 	3  	766   	5.95446 
INFO:gp:318	757   	0.832257	318	0.937696	0.448694	757   	0.158822 	38.5621	318	60 	3  	757   	5.63103 
INFO:gp:319	754   	0.842067	319	0.937696	0.469732	754   	0.15322  	38.6764	319	50 	3  	754   	5.05434 
INFO:gp:320	777   	0.84113 	320	0.937696	0.429308	777   	0.155389 	38.303 	320	50 	3  	777   	5.65029 
INFO:gp:321	752   	0.841206	321	0.937696	0.447116	752   	0.154074 	38.5777	321	53 	3  	752   	5.18095 
INFO:gp:322	772   	0.844037	322	0.937696	0.424855	772   	0.151519 	38.1017	322	64 	3  	772   	6.47798 
INFO:gp:323	777   	0.839676	323	0.937696	0.328626	777   	0.155468 	38.4927	323	49 	3  	777   	5.15372 
INFO:gp:324	749   	0.841829	324	0.937696	0.453235	749   	0.153256 	38.5885	324	62 	3  	749   	4.89197 
INFO:gp:325	774   	0.836493	325	0.937696	0.394753	774   	0.157547 	38.0733	325	60 	3  	774   	6.21444 
INFO:gp:326	764   	0.840002	326	0.937736	0.454091	764   	0.15455  	38.2151	326	50 	3  	764   	5.44219 
INFO:gp:327	785   	0.830492	327	0.937736	0.428765	785   	0.161534 	38.3421	327	51 	3  	785   	5.15377 
INFO:gp:328	792   	0.843198	328	0.937736	0.471094	792   	0.150902 	38.4839	328	60 	3  	792   	4.64765 
INFO:gp:329	779   	0.838918	329	0.937736	0.461566	779   	0.152856 	38.0147	329	62 	3  	779   	5.5491  
INFO:gp:330	770   	0.835577	330	0.937736	0.430921	770   	0.15911  	37.2962	330	77 	3  	770   	6.13718 
INFO:gp:331	766   	0.840202	331	0.937736	0.398904	766   	0.154458 	36.0948	331	51 	3  	766   	5.69559 
INFO:gp:332	781   	0.84365 	332	0.938303	0.469131	781   	0.149157 	34.3832	332	60 	3  	781   	6.11392 
INFO:gp:333	773   	0.830047	333	0.938303	0.371005	773   	0.15999  	33.4995	333	45 	3  	773   	5.82489 
INFO:gp:334	792   	0.838332	334	0.938303	0.407785	792   	0.15487  	33.5718	334	55 	3  	792   	5.59434 
INFO:gp:335	757   	0.836303	335	0.938303	0.469316	757   	0.157393 	33.3372	335	45 	3  	757   	5.57545 
INFO:gp:336	788   	0.841917	336	0.938303	0.474009	788   	0.151986 	33.437 	336	76 	3  	788   	6.01332 
INFO:gp:337	776   	0.835108	337	0.938303	0.468236	776   	0.155406 	33.477 	337	56 	3  	776   	5.87132 
INFO:gp:338	758   	0.836272	338	0.938303	0.458598	758   	0.158026 	33.7116	338	52 	3  	758   	4.90276 
INFO:gp:339	774   	0.836796	339	0.938303	0.499553	774   	0.155283 	33.3851	339	54 	3  	774   	5.41984 
INFO:gp:340	779   	0.821319	340	0.938303	0.474009	779   	0.163884 	33.3685	340	65 	3  	779   	5.86322 
INFO:gp:341	770   	0.835238	341	0.938303	0.424442	770   	0.157474 	33.3001	341	58 	3  	770   	5.74897 
INFO:gp:342	795   	0.834914	342	0.938303	0.483265	795   	0.155794 	33.4066	342	52 	3  	795   	5.21098 
INFO:gp:343	781   	0.840149	343	0.938303	0.430683	781   	0.154227 	33.0557	343	49 	3  	781   	5.63953 
INFO:gp:344	781   	0.838992	344	0.938303	0.47279 	781   	0.153454 	33.0117	344	52 	3  	781   	5.66151 
INFO:gp:345	759   	0.838177	345	0.938303	0.47279 	759   	0.155679 	33.1515	345	58 	3  	759   	5.49447 
INFO:gp:346	757   	0.842192	346	0.938303	0.44494 	757   	0.154823 	33.2287	346	52 	3  	757   	5.15379 
INFO:gp:347	752   	0.833336	347	0.938303	0.47279 	752   	0.15861  	33.4291	347	45 	3  	752   	4.87002 
INFO:gp:348	772   	0.830524	348	0.938303	0.393945	772   	0.160118 	33.1193	348	65 	3  	772   	5.53205 
INFO:gp:349	794   	0.83837 	349	0.938303	0.422195	794   	0.155005 	33.0704	349	45 	3  	794   	5.25433 
INFO:gp:350	767   	0.838514	350	0.938303	0.456676	767   	0.154482 	33.2864	350	52 	3  	767   	5.24764 
INFO:gp:351	764   	0.84781 	351	0.938303	0.454622	764   	0.149499 	32.8553	351	45 	3  	764   	5.67932 
INFO:gp:352	755   	0.841849	352	0.938303	0.426555	755   	0.154292 	33.1828	352	52 	3  	755   	5.25152 
INFO:gp:353	769   	0.837258	353	0.938303	0.477459	769   	0.15473  	33.1818	353	55 	3  	769   	5.21935 
INFO:gp:354	752   	0.84433 	354	0.938303	0.456527	752   	0.150405 	32.9169	354	45 	3  	752   	5.25423 
INFO:gp:355	766   	0.837009	355	0.938303	0.453193	766   	0.156768 	32.9511	355	60 	3  	766   	5.65682 
INFO:gp:356	744   	0.84053 	356	0.938303	0.45187 	744   	0.151811 	32.7292	356	65 	3  	744   	6.23348 
INFO:gp:357	766   	0.83975 	357	0.938303	0.446133	766   	0.156791 	33.0235	357	52 	3  	766   	5.40333 
INFO:gp:358	771   	0.833395	358	0.938303	0.44432 	771   	0.158551 	33.1613	358	45 	3  	771   	4.9443  
INFO:gp:359	780   	0.830109	359	0.938303	0.454987	780   	0.158411 	33.1515	359	53 	3  	780   	5.27128 
INFO:gp:360	789   	0.826935	360	0.938303	0.442664	789   	0.162034 	32.9198	360	45 	3  	789   	5.596   
INFO:gp:361	765   	0.834779	361	0.938303	0.457442	765   	0.156668 	33.0899	361	51 	3  	765   	5.09209 
INFO:gp:362	771   	0.84022 	362	0.938303	0.475615	771   	0.155324 	33.1535	362	58 	3  	771   	5.37498 
INFO:gp:363	759   	0.837108	363	0.938303	0.471251	759   	0.155823 	32.6197	363	54 	3  	759   	6.4135  
INFO:gp:364	792   	0.83644 	364	0.938303	0.474009	792   	0.156875 	33.2561	364	47 	3  	792   	4.85618 
INFO:gp:365	770   	0.838206	365	0.938303	0.470084	770   	0.15602  	33.2414	365	56 	3  	770   	4.89872 
INFO:gp:366	764   	0.838933	366	0.938303	0.360515	764   	0.155651 	33.1398	366	54 	3  	764   	5.43791 
INFO:gp:367	749   	0.83719 	367	0.938303	0.477459	749   	0.15493  	33.0499	367	54 	3  	749   	5.46064 
INFO:gp:368	785   	0.847969	368	0.938303	0.487045	785   	0.148436 	33.0899	368	65 	3  	785   	5.33178 
INFO:gp:369	786   	0.842763	369	0.938303	0.359827	786   	0.151953 	33.044 	369	56 	3  	786   	5.29935 
INFO:gp:370	803   	0.841147	370	0.938303	0.443827	803   	0.153623 	33.1662	370	47 	3  	803   	5.02231 
INFO:gp:371	785   	0.845522	371	0.938303	0.335546	785   	0.149486 	32.8475	371	65 	3  	785   	5.70317 
INFO:gp:372	783   	0.841265	372	0.938303	0.458216	783   	0.151494 	33.0674	372	52 	3  	783   	5.17214 
INFO:gp:373	782   	0.83473 	373	0.938303	0.456651	782   	0.158656 	32.869 	373	53 	3  	782   	5.30372 
INFO:gp:374	775   	0.838538	374	0.938303	0.477412	775   	0.154566 	32.9814	374	52 	3  	775   	5.21771 
INFO:gp:375	787   	0.837236	375	0.938303	0.47279 	787   	0.155601 	32.9746	375	65 	3  	787   	5.46913 
INFO:gp:376	778   	0.837502	376	0.938303	0.461171	778   	0.156201 	33.262 	376	58 	3  	778   	5.34826 
INFO:gp:377	777   	0.842286	377	0.938303	0.459017	777   	0.152377 	33.1935	377	58 	3  	777   	5.2959  
INFO:gp:378	746   	0.846161	378	0.938303	0.464825	746   	0.149972 	33.0616	378	58 	3  	746   	5.51007 
INFO:gp:379	767   	0.837722	379	0.938303	0.467438	767   	0.152031 	32.6237	379	53 	3  	767   	6.15331 
INFO:gp:380	788   	0.832857	380	0.938303	0.470986	788   	0.157807 	33.0929	380	44 	3  	788   	5.25388 
INFO:gp:381	780   	0.844035	381	0.938303	0.411381	780   	0.150338 	33.1408	381	49 	3  	780   	5.09036 
INFO:gp:382	776   	0.838152	382	0.938303	0.443243	776   	0.155649 	33.0186	382	57 	3  	776   	5.13975 
INFO:gp:383	816   	0.840612	383	0.938303	0.454946	816   	0.152625 	32.7771	383	51 	3  	816   	5.63965 
INFO:gp:384	774   	0.839157	384	0.938303	0.281963	774   	0.155157 	33.085 	384	58 	3  	774   	5.18755 
INFO:gp:385	787   	0.827199	385	0.938303	0.474009	787   	0.162019 	32.8964	385	65 	3  	787   	5.60887 
INFO:gp:386	787   	0.84436 	386	0.938303	0.473337	787   	0.150442 	33.1349	386	52 	3  	787   	5.13164 
INFO:gp:387	784   	0.834951	387	0.938303	0.411367	784   	0.157432 	32.9971	387	56 	3  	784   	5.18372 
INFO:gp:388	779   	0.840044	388	0.938303	0.466954	779   	0.152322 	32.9443	388	65 	3  	779   	5.50818 
INFO:gp:389	761   	0.833977	389	0.938303	0.4664  	761   	0.158782 	33.1838	389	66 	3  	761   	5.10452 
INFO:gp:390	767   	0.845169	390	0.938303	0.409702	767   	0.15125  	32.9071	390	65 	3  	767   	5.59763 
INFO:gp:391	765   	0.841542	391	0.938303	0.460087	765   	0.152428 	33.0381	391	58 	3  	765   	5.62684 
INFO:gp:392	745   	0.844102	392	0.938303	0.467287	745   	0.151009 	33.0684	392	66 	3  	745   	5.17298 
INFO:gp:393	776   	0.831314	393	0.938303	0.47279 	776   	0.160522 	33.259 	393	60 	3  	776   	5.2908  
INFO:gp:394	786   	0.84004 	394	0.938303	0.438703	786   	0.154612 	33.4868	394	56 	3  	786   	4.69828 
INFO:gp:395	760   	0.847249	395	0.938303	0.45697 	760   	0.148557 	33.2962	395	60 	3  	760   	4.88752 
INFO:gp:396	746   	0.839411	396	0.938303	0.442765	746   	0.15714  	33.3196	396	54 	3  	746   	4.68024 
INFO:gp:397	759   	0.844181	397	0.938303	0.40774 	759   	0.149479 	32.9091	397	60 	3  	759   	5.81505 
INFO:gp:398	754   	0.844453	398	0.938303	0.400902	754   	0.152633 	32.9198	398	67 	3  	754   	6.01606 
INFO:gp:399	802   	0.839132	399	0.938303	0.429172	802   	0.151561 	33.2639	399	54 	3  	802   	5.07931 
INFO:gp:400	774   	0.838919	400	0.938303	0.467199	774   	0.154104 	33.2444	400	53 	3  	774   	5.27957 
INFO:__main__:Saving model to file: checkpoints/run_26.pth
INFO:util:Train accuracy: 1.0 +- 0.0
INFO:util:Val accuracy: 1.0 +- 0.0
INFO:util:Test accuracy: 1.0 +- 0.0
INFO:util:Train intra-class: 0.10076521997853179, Train Inter-class: 0.4837979474995754
INFO:util:Val intra-class: 0.11646086843674898, Val Inter-class: 0.30824347037925703
INFO:util:Test intra-class: 0.11944810466284259, Test inter-class: 0.2920203672327579
INFO:plot:Saving t-SNE to file: figures/tsne.png
INFO:plot:Saving t-SNE to file: figures/tsne.png
INFO:plot:Saving tree to file: figures/tree-0.pdf
INFO:plot:Saving tree to file: figures/tree-1.pdf
