INFO:data:Reading dataset fish: species
INFO:data:Class Counts: [48 60], Class Ratios: [0.44444444 0.55555556]
INFO:data:Number of features: 1023
INFO:data:Number of instances: 108
INFO:data:Number of classes 2.
INFO:__main__:No model found. Train from scratch.
INFO:gp:   	      	                                fitness                                 	                      size                     
   	      	------------------------------------------------------------------------	-----------------------------------------------
gen	nevals	avg     	gen	max     	min     	nevals	std     	avg    	gen	max	min	nevals	std    
0  	1023  	0.502379	0  	0.786554	0.322445	1023  	0.054772	3.50733	0  	7  	2  	1023  	1.35624
INFO:gp:1  	775   	0.550955	1  	0.836839	0.325145	775   	0.059631	3.91202	1  	12 	2  	775   	1.63062
INFO:gp:2  	787   	0.579454	2  	0.868245	0.294564	787   	0.076197	4.21701	2  	12 	2  	787   	1.67724
INFO:gp:3  	765   	0.625395	3  	0.890807	0.23482 	765   	0.10763 	4.78886	3  	12 	2  	765   	1.70801
INFO:gp:4  	771   	0.701768	4  	0.890807	0.236943	771   	0.128511	5.47605	4  	13 	1  	771   	1.48803
INFO:gp:5  	787   	0.75868 	5  	0.906897	0.270992	787   	0.123883	6.07331	5  	12 	1  	787   	1.21955
INFO:gp:6  	770   	0.772508	6  	0.912634	0.270992	770   	0.133644	6.20723	6  	13 	2  	770   	1.36285
INFO:gp:7  	778   	0.775932	7  	0.91562 	0.18098 	778   	0.136783	6.52688	7  	13 	2  	778   	1.51597
INFO:gp:8  	754   	0.784815	8  	0.920822	0.236047	754   	0.140006	6.6911 	8  	15 	3  	754   	1.61626
INFO:gp:9  	766   	0.800782	9  	0.920822	0.294273	766   	0.134265	6.56696	9  	14 	3  	766   	1.62855
INFO:gp:10 	773   	0.818172	10 	0.921647	0.358284	773   	0.128402	6.8827 	10 	14 	3  	773   	1.6761 
INFO:gp:11 	753   	0.818991	11 	0.921837	0.305669	753   	0.134152	7.21505	11 	15 	3  	753   	1.76882
INFO:gp:12 	764   	0.814393	12 	0.922922	0.36028 	764   	0.135052	7.36461	12 	14 	3  	764   	1.58222
INFO:gp:13 	773   	0.810662	13 	0.925099	0.362495	773   	0.139199	7.54252	13 	15 	3  	773   	1.59174
INFO:gp:14 	784   	0.808609	14 	0.925808	0.44911 	784   	0.138403	7.66471	14 	17 	3  	784   	1.54249
INFO:gp:15 	759   	0.812233	15 	0.925808	0.415562	759   	0.138993	7.80938	15 	16 	3  	759   	1.69521
INFO:gp:16 	768   	0.821316	16 	0.925808	0.411575	768   	0.134711	8.05376	16 	16 	5  	768   	1.73742
INFO:gp:17 	756   	0.819048	17 	0.926897	0.439493	756   	0.138036	8.11632	17 	17 	3  	756   	1.75953
INFO:gp:18 	786   	0.832219	18 	0.926919	0.43703 	786   	0.131355	8.19355	18 	18 	5  	786   	1.75968
INFO:gp:19 	782   	0.827839	19 	0.926919	0.248852	782   	0.132065	8.48192	19 	18 	5  	782   	1.832  
INFO:gp:20 	785   	0.825146	20 	0.926919	0.136461	785   	0.132529	8.64516	20 	22 	5  	785   	1.95156
INFO:gp:21 	778   	0.832115	21 	0.926953	0.401279	778   	0.123161	8.97067	21 	19 	5  	778   	1.94778
INFO:gp:22 	783   	0.830407	22 	0.926989	0.29391 	783   	0.12897 	9.22972	22 	17 	5  	783   	1.90719
INFO:gp:23 	764   	0.835726	23 	0.927324	0.466426	764   	0.118555	9.52102	23 	18 	5  	764   	2.04095
INFO:gp:24 	768   	0.836931	24 	0.928813	0.431307	768   	0.120187	9.79374	24 	20 	5  	768   	2.20713
INFO:gp:25 	768   	0.836711	25 	0.928813	0.367332	768   	0.123075	9.81134	25 	22 	5  	768   	2.20605
INFO:gp:26 	773   	0.830672	26 	0.928978	0.445441	773   	0.127241	9.49756	26 	19 	5  	773   	1.65905
INFO:gp:27 	780   	0.834634	27 	0.929121	0.354461	780   	0.124023	9.57869	27 	17 	5  	780   	1.74061
INFO:gp:28 	781   	0.839235	28 	0.929121	0.463692	781   	0.12347 	9.68231	28 	19 	5  	781   	1.82192
INFO:gp:29 	768   	0.837143	29 	0.929821	0.477848	768   	0.124593	10.0528	29 	23 	5  	768   	2.25655
INFO:gp:30 	787   	0.844671	30 	0.929928	0.465754	787   	0.12141 	10.5455	30 	23 	5  	787   	2.67636
INFO:gp:31 	770   	0.843982	31 	0.930601	0.352919	770   	0.122087	10.6481	31 	20 	3  	770   	2.52288
INFO:gp:32 	785   	0.838996	32 	0.930601	0.480367	785   	0.121133	11.1701	32 	21 	5  	785   	2.69034
INFO:gp:33 	753   	0.838019	33 	0.930672	0.392173	753   	0.124267	11.609 	33 	22 	5  	753   	2.63141
INFO:gp:34 	780   	0.842884	34 	0.930827	0.450495	780   	0.120154	12.4037	34 	25 	5  	780   	2.83917
INFO:gp:35 	762   	0.832007	35 	0.930827	0.345782	762   	0.130167	12.9511	35 	29 	6  	762   	3.0399 
INFO:gp:36 	779   	0.83817 	36 	0.930827	0.464891	779   	0.123561	13.4946	36 	24 	6  	779   	2.99555
INFO:gp:37 	788   	0.833239	37 	0.931026	0.478979	788   	0.12544 	13.3675	37 	24 	3  	788   	2.85625
INFO:gp:38 	777   	0.835527	38 	0.93135 	0.425219	777   	0.12716 	13.2287	38 	28 	5  	777   	2.62265
INFO:gp:39 	806   	0.832089	39 	0.93135 	0.481971	806   	0.129315	13.5885	39 	28 	7  	806   	2.61878
INFO:gp:40 	785   	0.834459	40 	0.931528	0.330013	785   	0.129425	13.9159	40 	28 	5  	785   	2.65456
INFO:gp:41 	763   	0.843008	41 	0.933095	0.449243	763   	0.122523	14.3803	41 	27 	7  	763   	2.98237
INFO:gp:42 	793   	0.836763	42 	0.933358	0.458008	793   	0.129094	14.7674	42 	29 	7  	793   	2.93271
INFO:gp:43 	771   	0.843763	43 	0.935591	0.448755	771   	0.124249	14.9873	43 	37 	7  	771   	3.0029 
INFO:gp:44 	775   	0.850389	44 	0.935904	0.453342	775   	0.120208	15.1496	44 	27 	6  	775   	2.85356
INFO:gp:45 	779   	0.853763	45 	0.935904	0.451048	779   	0.117145	15.1329	45 	30 	9  	779   	2.99591
INFO:gp:46 	801   	0.84646 	46 	0.937035	0.488263	801   	0.121869	15.0811	46 	29 	7  	801   	3.13406
INFO:gp:47 	759   	0.853339	47 	0.937035	0.392002	759   	0.121267	15.2815	47 	29 	5  	759   	3.2879 
INFO:gp:48 	761   	0.854343	48 	0.937159	0.474876	761   	0.119817	16.085 	48 	35 	5  	761   	3.90498
INFO:gp:49 	765   	0.858499	49 	0.937322	0.483034	765   	0.117115	16.9501	49 	36 	5  	765   	4.43487
INFO:gp:50 	768   	0.863713	50 	0.937322	0.46873 	768   	0.117197	17.7625	50 	35 	8  	768   	4.53673
INFO:gp:51 	745   	0.871938	51 	0.937322	0.452662	745   	0.109206	18.7107	51 	37 	5  	745   	4.60167
INFO:gp:52 	779   	0.869845	52 	0.937819	0.526833	779   	0.110309	19.2981	52 	36 	7  	779   	4.69958
INFO:gp:53 	766   	0.868895	53 	0.937819	0.197601	766   	0.114518	18.9022	53 	36 	9  	766   	4.3282 
INFO:gp:54 	754   	0.875496	54 	0.937819	0.468541	754   	0.10643 	18.6364	54 	34 	11 	754   	4.43005
INFO:gp:55 	780   	0.873973	55 	0.938017	0.310544	780   	0.107216	18.305 	55 	34 	11 	780   	4.27396
INFO:gp:56 	743   	0.863088	56 	0.938101	0.196364	743   	0.121742	19.2972	56 	38 	9  	743   	4.43677
INFO:gp:57 	756   	0.881843	57 	0.938334	0.485058	756   	0.103972	21.0587	57 	43 	7  	756   	3.90609
INFO:gp:58 	777   	0.882854	58 	0.938716	0.488813	777   	0.101293	21.6432	58 	38 	9  	777   	3.49651
INFO:gp:59 	764   	0.877366	59 	0.938716	0.462726	764   	0.108201	21.4956	59 	38 	9  	764   	3.92647
INFO:gp:60 	763   	0.876683	60 	0.938752	0.459332	763   	0.107036	21.6618	60 	40 	12 	763   	4.04604
INFO:gp:61 	787   	0.869905	61 	0.938788	0.465237	787   	0.112551	22.0293	61 	45 	7  	787   	4.29498
INFO:gp:62 	756   	0.87437 	62 	0.938788	0.472501	756   	0.11069 	22.1779	62 	37 	12 	756   	4.09487
INFO:gp:63 	753   	0.873494	63 	0.938868	0.506022	753   	0.111194	22.2004	63 	41 	5  	753   	4.25368
INFO:gp:64 	753   	0.868024	64 	0.939083	0.476998	753   	0.117677	22.1251	64 	39 	7  	753   	4.71867
INFO:gp:65 	800   	0.865628	65 	0.939083	0.427798	800   	0.114033	22.3939	65 	41 	9  	800   	5.12257
INFO:gp:66 	779   	0.871607	66 	0.939337	0.52249 	779   	0.109605	22.7713	66 	46 	7  	779   	5.21338
INFO:gp:67 	772   	0.87121 	67 	0.939337	0.506111	772   	0.112963	23.3803	67 	43 	7  	772   	5.20819
INFO:gp:68 	782   	0.872399	68 	0.939337	0.256002	782   	0.113641	23.9218	68 	42 	11 	782   	5.22661
INFO:gp:69 	797   	0.879383	69 	0.939522	0.5121  	797   	0.105847	24.7722	69 	48 	13 	797   	5.31454
INFO:gp:70 	785   	0.881051	70 	0.939568	0.372936	785   	0.109345	25.3998	70 	52 	5  	785   	4.99457
INFO:gp:71 	768   	0.882954	71 	0.939826	0.489529	768   	0.107354	25.6442	71 	45 	9  	768   	4.70545
INFO:gp:72 	768   	0.88975 	72 	0.939826	0.533811	768   	0.0995939	26.2532	72 	41 	16 	768   	4.75103
INFO:gp:73 	763   	0.892148	73 	0.939826	0.519875	763   	0.0982989	27.0674	73 	56 	8  	763   	4.9231 
INFO:gp:74 	763   	0.888415	74 	0.939826	0.491393	763   	0.102326 	27.3685	74 	47 	17 	763   	5.16701
INFO:gp:75 	798   	0.881285	75 	0.939826	0.459876	798   	0.107922 	27.7996	75 	62 	18 	798   	5.67427
INFO:gp:76 	756   	0.887034	76 	0.939826	0.483393	756   	0.102054 	27.9492	76 	49 	18 	756   	5.60995
INFO:gp:77 	733   	0.890934	77 	0.939826	0.501312	733   	0.101178 	27.9785	77 	48 	18 	733   	5.46611
INFO:gp:78 	768   	0.887512	78 	0.940034	0.468682	768   	0.0998091	27.5806	78 	55 	16 	768   	4.86384
INFO:gp:79 	793   	0.887115	79 	0.940034	0.504025	793   	0.0986175	27.8172	79 	48 	18 	793   	4.46479
INFO:gp:80 	757   	0.888561	80 	0.940034	0.472374	757   	0.102491 	27.4585	80 	56 	11 	757   	4.48283
INFO:gp:81 	774   	0.887289	81 	0.940692	0.504245	774   	0.100921 	27.2766	81 	46 	19 	774   	3.74201
INFO:gp:82 	778   	0.891934	82 	0.940692	0.458558	778   	0.0932843	27.3177	82 	48 	17 	778   	4.01826
INFO:gp:83 	785   	0.889823	83 	0.940692	0.519123	785   	0.0971504	27.435 	83 	44 	9  	785   	3.85634
INFO:gp:84 	769   	0.886743	84 	0.940893	0.453465	769   	0.100852 	27.7361	84 	59 	12 	769   	4.18823
INFO:gp:85 	756   	0.886912	85 	0.940893	0.471364	756   	0.102791 	28.5806	85 	51 	16 	756   	4.58173
INFO:gp:86 	774   	0.888761	86 	0.940893	0.456717	774   	0.0994832	29.8426	86 	51 	7  	774   	5.43185
INFO:gp:87 	754   	0.892131	87 	0.941238	0.529101	754   	0.0938196	32.6843	87 	54 	17 	754   	6.22163
INFO:gp:88 	779   	0.894033	88 	0.941374	0.400917	779   	0.0948859	34.9091	88 	62 	9  	779   	6.15096
INFO:gp:89 	765   	0.893075	89 	0.941587	0.493302	765   	0.099291 	36.4917	89 	55 	14 	765   	5.05316
INFO:gp:90 	783   	0.893208	90 	0.941587	0.5051  	783   	0.0995744	36.6295	90 	63 	19 	783   	4.44325
INFO:gp:91 	766   	0.89466 	91 	0.941587	0.522044	766   	0.0958671	36.5435	91 	59 	17 	766   	4.0827 
INFO:gp:92 	774   	0.89697 	92 	0.941587	0.496557	774   	0.0918356	36.6452	92 	65 	20 	774   	4.00686
INFO:gp:93 	762   	0.902407	93 	0.941587	0.512064	762   	0.0869542	36.7234	93 	65 	22 	762   	3.42618
INFO:gp:94 	785   	0.899675	94 	0.941646	0.49549 	785   	0.0924401	36.8935	94 	61 	25 	785   	3.391  
INFO:gp:95 	741   	0.903219	95 	0.941646	0.54044 	741   	0.0841989	37.1026	95 	51 	19 	741   	3.12406
INFO:gp:96 	778   	0.900085	96 	0.941646	0.477986	778   	0.0897937	37.3138	96 	55 	26 	778   	3.36102
INFO:gp:97 	785   	0.896211	97 	0.941646	0.508572	785   	0.0942417	37.65  	97 	61 	24 	785   	3.53377
INFO:gp:98 	799   	0.900282	98 	0.941646	0.534221	799   	0.0877345	37.8719	98 	67 	20 	799   	3.57714
INFO:gp:99 	775   	0.901954	99 	0.941646	0.494227	775   	0.0868345	37.739 	99 	67 	22 	775   	3.46316
INFO:gp:100	768   	0.902709	100	0.941646	0.414888	768   	0.0865498	37.7449	100	67 	28 	768   	3.39634
INFO:gp:101	782   	0.897361	101	0.941646	0.470144	782   	0.0926766	37.6207	101	58 	24 	782   	3.39582
INFO:gp:102	762   	0.899557	102	0.941679	0.442721	762   	0.092299 	37.522 	102	51 	9  	762   	3.37712
INFO:gp:103	757   	0.898331	103	0.941679	0.538722	757   	0.0916253	37.2229	103	52 	19 	757   	3.27364
INFO:gp:104	786   	0.902413	104	0.941679	0.522005	786   	0.0883757	37.261 	104	58 	27 	786   	3.23883
INFO:gp:105	808   	0.894068	105	0.941679	0.505042	808   	0.096907 	37.1584	105	65 	9  	808   	3.58889
INFO:gp:106	774   	0.90071 	106	0.941939	0.51113 	774   	0.08957  	37.0958	106	52 	22 	774   	3.3342 
INFO:gp:107	754   	0.900593	107	0.941939	0.520898	754   	0.0920955	37.5523	107	57 	21 	754   	3.48786
INFO:gp:108	769   	0.902604	108	0.941939	0.483818	769   	0.0881616	37.828 	108	56 	24 	769   	3.50948
INFO:gp:109	787   	0.897334	109	0.941939	0.476317	787   	0.0916349	38.5376	109	57 	25 	787   	3.7711 
INFO:gp:110	743   	0.900999	110	0.942126	0.525972	743   	0.0902803	39.0684	110	67 	11 	743   	4.06391
INFO:gp:111	769   	0.900801	111	0.942343	0.539001	769   	0.0897842	40.0088	111	64 	17 	769   	4.20595
INFO:gp:112	782   	0.899684	112	0.942343	0.519843	782   	0.090438 	40.5787	112	74 	24 	782   	4.84898
INFO:gp:113	775   	0.90419 	113	0.942436	0.521198	775   	0.0870687	41.0665	113	75 	7  	775   	5.30161
INFO:gp:114	798   	0.90238 	114	0.942436	0.482505	798   	0.0876454	42.4497	114	62 	22 	798   	5.02692
INFO:gp:115	775   	0.900766	115	0.942436	0.538722	775   	0.0900512	43.3558	115	61 	25 	775   	4.80046
INFO:gp:116	798   	0.902075	116	0.942436	0.529237	798   	0.0890131	44.2414	116	60 	25 	798   	5.01507
INFO:gp:117	785   	0.903087	117	0.942566	0.497045	785   	0.087289 	44.914 	117	79 	25 	785   	5.30077
INFO:gp:118	798   	0.902872	118	0.942566	0.476616	798   	0.0884692	45.5347	118	85 	25 	798   	4.83071
INFO:gp:119	764   	0.908583	119	0.942566	0.514051	764   	0.0806017	45.8583	119	80 	22 	764   	4.54546
INFO:gp:120	774   	0.903328	120	0.942609	0.487124	774   	0.0878411	46.173 	120	79 	25 	774   	4.74866
INFO:gp:121	773   	0.905886	121	0.942683	0.530433	773   	0.0832561	46.6882	121	70 	25 	773   	4.53072
INFO:gp:122	768   	0.906267	122	0.942683	0.532833	768   	0.0834091	46.8768	122	79 	15 	768   	4.96266
INFO:gp:123	790   	0.903336	123	0.942804	0.548751	790   	0.0866295	47.7165	123	63 	23 	790   	5.141  
INFO:gp:124	814   	0.908622	124	0.942804	0.531627	814   	0.0816854	48.2571	124	91 	28 	814   	5.0761 
INFO:gp:125	777   	0.907971	125	0.943218	0.505196	777   	0.0826267	48.1808	125	67 	29 	777   	4.88074
INFO:gp:126	772   	0.911212	126	0.943218	0.302563	772   	0.0809394	48.4702	126	66 	29 	772   	4.9994 
INFO:gp:127	755   	0.908015	127	0.943218	0.475725	755   	0.0833441	49.2942	127	65 	13 	755   	5.56051
INFO:gp:128	801   	0.907254	128	0.943368	0.52132 	801   	0.0848677	50.8387	128	71 	29 	801   	6.10213
INFO:gp:129	777   	0.910758	129	0.943452	0.507546	777   	0.0790107	53.0186	129	69 	24 	777   	6.95444
INFO:gp:130	746   	0.911822	130	0.943452	0.541272	746   	0.0784184	55.7419	130	71 	29 	746   	6.46336
INFO:gp:131	765   	0.908478	131	0.943571	0.532623	765   	0.0795671	57.7683	131	80 	29 	765   	6.0101 
INFO:gp:132	794   	0.909599	132	0.943571	0.473237	794   	0.0797502	58.7537	132	71 	29 	794   	4.83894
INFO:gp:133	781   	0.911974	133	0.943571	0.506519	781   	0.0796416	59.129 	133	80 	15 	781   	4.34542
INFO:gp:134	768   	0.914089	134	0.943636	0.501076	768   	0.0740654	59.3412	134	77 	31 	768   	4.1123 
INFO:gp:135	764   	0.91866 	135	0.943636	0.521842	764   	0.0654047	58.9619	135	69 	29 	764   	4.37172
INFO:gp:136	771   	0.914312	136	0.943733	0.534631	771   	0.0766891	59.3529	136	80 	34 	771   	3.98035
INFO:gp:137	750   	0.916733	137	0.943747	0.540911	750   	0.0727376	59.3587	137	76 	36 	750   	3.43254
INFO:gp:138	745   	0.920757	138	0.943747	0.539865	745   	0.065977 	59.2483	138	72 	15 	745   	4.04386
INFO:gp:139	792   	0.915147	139	0.943874	0.56266 	792   	0.0744129	59.608 	139	83 	32 	792   	3.98013
INFO:gp:140	772   	0.918233	140	0.943874	0.549502	772   	0.0688999	59.694 	140	74 	40 	772   	3.72742
INFO:gp:141	768   	0.918596	141	0.943995	0.562711	768   	0.0692982	60.219 	141	105	38 	768   	3.98861
INFO:gp:142	773   	0.919096	142	0.943995	0.539545	773   	0.0683021	60.6295	142	85 	38 	773   	3.48781
INFO:gp:143	772   	0.920776	143	0.943995	0.561617	772   	0.0643483	60.9091	143	105	42 	772   	3.80622
INFO:gp:144	770   	0.922337	144	0.943996	0.575703	770   	0.0633182	61.3734	144	83 	34 	770   	3.75045
INFO:gp:145	775   	0.922295	145	0.944087	0.520135	775   	0.0651013	61.6725	145	83 	44 	775   	3.31755
INFO:gp:146	771   	0.919303	146	0.944087	0.538655	771   	0.0699982	61.8299	146	73 	37 	771   	3.25585
INFO:gp:147	785   	0.921476	147	0.944087	0.538827	785   	0.0660135	62.2004	147	75 	40 	785   	2.92492
INFO:gp:148	796   	0.92141 	148	0.944109	0.521561	796   	0.0642786	62.1838	148	111	28 	796   	3.62535
INFO:gp:149	764   	0.92116 	149	0.944113	0.442418	764   	0.0669893	62.3353	149	80 	39 	764   	3.01673
INFO:gp:150	814   	0.915945	150	0.944113	0.54353 	814   	0.0752902	62.2248	150	75 	31 	814   	3.24139
INFO:gp:151	772   	0.923   	151	0.944113	0.496515	772   	0.0630788	62.2023	151	80 	35 	772   	3.26466
INFO:gp:152	785   	0.925097	152	0.944119	0.56279 	785   	0.0584083	62.3109	152	89 	47 	785   	2.93347
INFO:gp:153	773   	0.919147	153	0.944119	0.446466	773   	0.0714416	62.262 	153	111	50 	773   	3.18994
INFO:gp:154	782   	0.920377	154	0.944181	0.505887	782   	0.0673072	62.0772	154	82 	48 	782   	3.15344
INFO:gp:155	805   	0.91894 	155	0.944181	0.528635	805   	0.0712666	61.958 	155	111	50 	805   	3.5319 
INFO:gp:156	741   	0.92165 	156	0.944278	0.570125	741   	0.0637941	61.7889	156	92 	50 	741   	3.43952
INFO:gp:157	774   	0.921174	157	0.944305	0.379038	774   	0.0683079	61.2786	157	90 	47 	774   	3.75491
INFO:gp:158	781   	0.921871	158	0.944305	0.470952	781   	0.0680841	61.5953	158	73 	41 	781   	3.49283
INFO:gp:159	770   	0.920635	159	0.944378	0.53448 	770   	0.0670546	62.0156	159	76 	50 	770   	3.28088
INFO:gp:160	769   	0.923131	160	0.944378	0.525511	769   	0.0640169	62.3177	160	74 	31 	769   	3.57106
INFO:gp:161	783   	0.919723	161	0.944644	0.56343 	783   	0.0692281	62.8328	161	77 	50 	783   	3.37178
INFO:gp:162	764   	0.920854	162	0.944644	0.515246	764   	0.0689757	63.0479	162	89 	48 	764   	3.57008
INFO:gp:163	773   	0.922103	163	0.944644	0.544053	773   	0.0631135	63.217 	163	92 	30 	773   	3.87712
INFO:gp:164	777   	0.920182	164	0.944692	0.56295 	777   	0.0679541	63.8866	164	82 	48 	777   	3.56682
INFO:gp:165	767   	0.919775	165	0.944763	0.537539	767   	0.0721288	64.3607	165	115	44 	767   	3.93817
INFO:gp:166	788   	0.919869	166	0.944763	0.468636	788   	0.0694459	64.7859	166	89 	50 	788   	3.64561
INFO:gp:167	784   	0.919382	167	0.944871	0.470065	784   	0.0670504	64.8426	167	86 	43 	784   	3.67013
INFO:gp:168	805   	0.918051	168	0.944927	0.564214	805   	0.0714566	64.8377	168	88 	45 	805   	3.5523 
INFO:gp:169	791   	0.923148	169	0.945205	0.541126	791   	0.0637042	64.7273	169	89 	46 	791   	3.49709
INFO:gp:170	781   	0.921559	170	0.945205	0.522648	781   	0.0649686	64.4878	170	86 	50 	781   	3.66559
INFO:gp:171	790   	0.923002	171	0.945205	0.491448	790   	0.0661332	63.6461	171	77 	42 	790   	3.67761
INFO:gp:172	756   	0.924305	172	0.945265	0.52199 	756   	0.0628418	63.0479	172	93 	37 	756   	3.24898
INFO:gp:173	769   	0.921165	173	0.94535 	0.52765 	769   	0.0673902	62.8319	173	83 	48 	769   	3.20848
INFO:gp:174	772   	0.922859	174	0.94535 	0.550142	772   	0.0655634	63.0459	174	84 	47 	772   	3.23786
INFO:gp:175	792   	0.921961	175	0.945361	0.508287	792   	0.065216 	63.0626	175	93 	44 	792   	3.43349
INFO:gp:176	764   	0.922735	176	0.945394	0.542406	764   	0.0641062	63.2923	176	78 	49 	764   	3.26473
INFO:gp:177	759   	0.924805	177	0.945394	0.525143	759   	0.0614293	63.3519	177	82 	51 	759   	2.97748
INFO:gp:178	803   	0.923367	178	0.945406	0.563638	803   	0.061842 	63.3412	178	93 	49 	803   	3.25128
INFO:gp:179	776   	0.922286	179	0.945406	0.453174	776   	0.0665436	63.5064	179	113	33 	776   	3.3994 
INFO:gp:180	759   	0.924422	180	0.945406	0.542467	759   	0.0618917	63.6716	180	79 	50 	759   	2.90307
INFO:gp:181	778   	0.925943	181	0.945414	0.535173	778   	0.0563895	63.7625	181	83 	44 	778   	2.77245
INFO:gp:182	782   	0.925893	182	0.945414	0.570522	782   	0.0596615	63.5494	182	80 	48 	782   	2.83624
INFO:gp:183	760   	0.927755	183	0.945423	0.502647	760   	0.0581972	63.5376	183	75 	20 	760   	3.00477
INFO:gp:184	788   	0.923784	184	0.945423	0.534175	788   	0.0644512	63.4936	184	77 	49 	788   	2.81521
INFO:gp:185	755   	0.924921	185	0.945455	0.538534	755   	0.0599099	63.5826	185	88 	44 	755   	2.96819
INFO:gp:186	790   	0.924293	186	0.945455	0.483046	790   	0.064489 	63.74  	186	113	33 	790   	3.45998
INFO:gp:187	780   	0.923853	187	0.945484	0.508206	780   	0.064054 	64.0499	187	96 	44 	780   	3.01713
INFO:gp:188	773   	0.923552	188	0.945501	0.527681	773   	0.0637191	64.4809	188	96 	46 	773   	3.17945
INFO:gp:189	769   	0.923943	189	0.945501	0.433676	769   	0.0643022	64.6657	189	78 	27 	769   	3.4343 
INFO:gp:190	775   	0.925792	190	0.945518	0.551274	775   	0.0591248	64.7732	190	77 	54 	775   	2.64656
INFO:gp:191	781   	0.927001	191	0.94552 	0.497406	781   	0.0584701	64.8759	191	89 	54 	781   	2.84381
INFO:gp:192	760   	0.928349	192	0.94552 	0.511012	760   	0.0564308	65.0626	192	89 	51 	760   	2.62032
INFO:gp:193	777   	0.922292	193	0.945536	0.546335	777   	0.0670752	65.4213	193	89 	51 	777   	2.45854
INFO:gp:194	804   	0.924236	194	0.945536	0.569676	804   	0.063347 	65.6813	194	85 	42 	804   	2.53386
INFO:gp:195	782   	0.928419	195	0.945541	0.595572	782   	0.0535282	66.1623	195	97 	46 	782   	2.31554
INFO:gp:196	758   	0.930145	196	0.945541	0.491364	758   	0.0524327	66.4966	196	82 	56 	758   	1.92167
INFO:gp:197	754   	0.927645	197	0.945553	0.541591	754   	0.0584328	66.9589	197	90 	52 	754   	2.28435
INFO:gp:198	771   	0.928143	198	0.945553	0.490269	771   	0.0547924	66.9619	198	88 	59 	771   	1.84373
INFO:gp:199	785   	0.924086	199	0.945553	0.530318	785   	0.0650497	67.1026	199	116	56 	785   	2.34348
INFO:gp:200	795   	0.924272	200	0.945553	0.523575	795   	0.0608417	67.086 	200	79 	46 	795   	1.81404
INFO:gp:201	797   	0.926001	201	0.945568	0.572422	797   	0.0583504	67.1867	201	94 	48 	797   	2.18216
INFO:gp:202	745   	0.927018	202	0.945568	0.509225	745   	0.0600716	67.2219	202	88 	44 	745   	2.12894
INFO:gp:203	767   	0.925384	203	0.945568	0.507717	767   	0.0625692	67.4262	203	86 	47 	767   	2.03925
INFO:gp:204	776   	0.93011 	204	0.945568	0.511821	776   	0.0514047	67.5112	204	101	38 	776   	2.54301
INFO:gp:205	786   	0.928298	205	0.945654	0.546357	786   	0.0552409	67.5934	205	79 	56 	786   	1.69377
INFO:gp:206	760   	0.927518	206	0.945654	0.505755	760   	0.0585907	67.9677	206	91 	56 	760   	1.93338
INFO:gp:207	779   	0.927028	207	0.945654	0.510957	779   	0.0601946	68.2092	207	81 	46 	779   	1.92966
INFO:gp:208	794   	0.926691	208	0.945654	0.603077	794   	0.0568402	68.609 	208	94 	54 	794   	2.19739
INFO:gp:209	766   	0.928135	209	0.945654	0.568315	766   	0.0557955	68.7889	209	89 	45 	766   	2.19312
INFO:gp:210	766   	0.928475	210	0.945673	0.570552	766   	0.0559059	68.8954	210	88 	47 	766   	2.31148
INFO:gp:211	802   	0.926059	211	0.945682	0.566404	802   	0.0615876	68.7517	211	83 	52 	802   	2.43848
INFO:gp:212	760   	0.925539	212	0.94577 	0.521114	760   	0.0617112	68.3998	212	119	57 	760   	3.05689
INFO:gp:213	791   	0.926924	213	0.94577 	0.557696	791   	0.0575559	67.74  	213	77 	57 	791   	2.30449
INFO:gp:214	777   	0.929631	214	0.945789	0.510438	777   	0.0543347	67.5728	214	83 	59 	777   	2.5312 
INFO:gp:215	782   	0.924705	215	0.945789	0.56794 	782   	0.0615506	67.4858	215	92 	43 	782   	2.95743
INFO:gp:216	758   	0.928544	216	0.94579 	0.542801	758   	0.0578666	67.7761	216	121	53 	758   	3.32674
INFO:gp:217	778   	0.925869	217	0.945808	0.500466	778   	0.0607612	68.0596	217	92 	57 	778   	2.81932
INFO:gp:218	763   	0.927104	218	0.945816	0.563949	763   	0.0574577	68.3245	218	92 	59 	763   	2.60915
INFO:gp:219	787   	0.925439	219	0.945816	0.522785	787   	0.0615729	68.7713	219	96 	57 	787   	3.18422
INFO:gp:220	755   	0.923833	220	0.945825	0.502259	755   	0.0669176	68.9091	220	95 	52 	755   	2.91397
INFO:gp:221	777   	0.926951	221	0.945852	0.546355	777   	0.0575249	69.1183	221	123	58 	777   	2.93572
INFO:gp:222	761   	0.92631 	222	0.945852	0.53378 	761   	0.0613206	68.8152	222	85 	60 	761   	2.10851
INFO:gp:223	784   	0.928509	223	0.945863	0.593942	784   	0.0547173	68.6149	223	92 	47 	784   	2.51802
INFO:gp:224	773   	0.925735	224	0.945884	0.585741	773   	0.0582714	68.6588	224	85 	59 	773   	2.49024
INFO:gp:225	762   	0.926018	225	0.945932	0.533109	762   	0.0604731	68.7468	225	99 	56 	762   	2.64065
INFO:gp:226	782   	0.927857	226	0.945932	0.502186	782   	0.0583943	68.7996	226	87 	42 	782   	2.74528
INFO:gp:227	753   	0.928476	227	0.945936	0.537688	753   	0.0540777	69.1486	227	98 	58 	753   	2.56173
INFO:gp:228	773   	0.926232	228	0.945948	0.579367	773   	0.0594721	69.2991	228	83 	63 	773   	2.20602
INFO:gp:229	770   	0.927787	229	0.945962	0.579363	770   	0.0561442	69.3803	229	96 	49 	770   	2.78262
INFO:gp:230	799   	0.928165	230	0.945969	0.498164	799   	0.0543736	69.3236	230	85 	40 	799   	2.43707
INFO:gp:231	774   	0.928894	231	0.945983	0.515099	774   	0.0571634	69.4311	231	98 	62 	774   	2.39968
INFO:gp:232	779   	0.928696	232	0.945983	0.516008	779   	0.0540385	69.7048	232	124	56 	779   	3.41792
INFO:gp:233	770   	0.927578	233	0.945983	0.570584	770   	0.0575437	69.7908	233	98 	58 	770   	2.48185
INFO:gp:234	768   	0.929241	234	0.945991	0.535235	768   	0.05306  	69.784 	234	89 	60 	768   	2.29566
INFO:gp:235	799   	0.926336	235	0.945991	0.520747	799   	0.0600711	69.9306	235	88 	43 	799   	2.67863
INFO:gp:236	772   	0.926324	236	0.945991	0.531839	772   	0.0579526	70.1935	236	122	62 	772   	2.99457
INFO:gp:237	758   	0.925763	237	0.945991	0.587975	758   	0.0604697	70.4418	237	108	36 	758   	3.02487
INFO:gp:238	758   	0.928195	238	0.945991	0.528121	758   	0.0568657	70.4311	238	85 	63 	758   	2.49944
INFO:gp:239	800   	0.928435	239	0.945995	0.551904	800   	0.0547633	70.0538	239	96 	64 	800   	2.27358
INFO:gp:240	766   	0.926426	240	0.946002	0.575877	766   	0.057919 	70.0391	240	92 	60 	766   	2.13486
INFO:gp:241	786   	0.928258	241	0.946011	0.579824	786   	0.0556003	69.9541	241	86 	54 	786   	1.99139
INFO:gp:242	762   	0.926722	242	0.946011	0.572672	762   	0.0593982	70.0352	242	83 	62 	762   	1.5969 
INFO:gp:243	787   	0.929788	243	0.946011	0.57953 	787   	0.0503448	70.0117	243	100	58 	787   	1.83532
INFO:gp:244	751   	0.928712	244	0.946011	0.563547	751   	0.0544194	70.0499	244	98 	62 	751   	2.07024
INFO:gp:245	747   	0.928722	245	0.946018	0.515736	747   	0.0534021	70.0489	245	95 	59 	747   	1.98123
INFO:gp:246	750   	0.927531	246	0.946021	0.524018	750   	0.0584883	69.8886	246	91 	51 	750   	2.05242
INFO:gp:247	770   	0.925411	247	0.946021	0.529456	770   	0.0618141	69.7898	247	87 	61 	770   	1.78727
INFO:gp:248	766   	0.928508	248	0.946021	0.535273	766   	0.0558692	69.7967	248	92 	44 	766   	2.24973
INFO:gp:249	794   	0.926798	249	0.946055	0.506146	794   	0.0557557	69.6804	249	94 	54 	794   	2.34729
INFO:gp:250	768   	0.924767	250	0.946066	0.535375	768   	0.0631909	69.6246	250	80 	47 	768   	2.18093
INFO:gp:251	763   	0.924617	251	0.946097	0.50655 	763   	0.0647371	69.6716	251	98 	58 	763   	2.41769
INFO:gp:252	785   	0.928061	252	0.946097	0.567799	785   	0.0561354	69.6608	252	98 	39 	785   	2.88036
INFO:gp:253	748   	0.927747	253	0.946184	0.550419	748   	0.0581344	70.1466	253	93 	61 	748   	2.88997
INFO:gp:254	775   	0.923952	254	0.946261	0.527936	775   	0.0635987	71.1007	254	95 	48 	775   	3.25018
INFO:gp:255	782   	0.929176	255	0.946261	0.630718	782   	0.0511564	72.0919	255	121	65 	782   	3.45667
INFO:gp:256	775   	0.926101	256	0.946261	0.528249	775   	0.0600502	72.4399	256	89 	66 	775   	2.86961
INFO:gp:257	782   	0.92944 	257	0.946261	0.60284 	782   	0.0501011	72.7009	257	104	58 	782   	3.29555
INFO:gp:258	771   	0.926835	258	0.946261	0.494582	771   	0.0553674	72.3627	258	86 	57 	771   	3.07458
INFO:gp:259	773   	0.927121	259	0.946261	0.540124	773   	0.0593588	72.7009	259	122	58 	773   	3.74459
INFO:gp:260	768   	0.928085	260	0.946261	0.563993	768   	0.0550313	73.045 	260	97 	59 	768   	3.03836
INFO:gp:261	775   	0.925577	261	0.946261	0.513033	775   	0.0610855	73.2268	261	98 	58 	775   	2.97651
INFO:gp:262	771   	0.92867 	262	0.946276	0.581417	771   	0.051974 	73.2776	262	90 	62 	771   	2.55021
INFO:gp:263	743   	0.929381	263	0.946276	0.555771	743   	0.0534152	73.5464	263	95 	9  	743   	3.27578
INFO:gp:264	756   	0.925841	264	0.946309	0.541992	756   	0.0588328	73.4506	264	97 	56 	756   	2.6803 
INFO:gp:265	783   	0.926235	265	0.946309	0.470992	783   	0.0581462	73.5347	265	106	67 	783   	2.64862
INFO:gp:266	783   	0.927866	266	0.946309	0.538678	783   	0.05719  	73.5054	266	120	62 	783   	3.02252
INFO:gp:267	812   	0.925087	267	0.946309	0.532002	812   	0.0613728	73.609 	267	99 	58 	812   	2.57661
INFO:gp:268	774   	0.92653 	268	0.946309	0.552579	774   	0.0564627	73.5406	268	92 	60 	774   	2.75633
INFO:gp:269	776   	0.926494	269	0.946388	0.528212	776   	0.0601152	73.5288	269	92 	61 	776   	2.6722 
INFO:gp:270	765   	0.929303	270	0.946388	0.571563	765   	0.0526837	73.6979	270	122	61 	765   	3.12241
INFO:gp:271	787   	0.929192	271	0.946437	0.528696	787   	0.0530983	73.5904	271	106	56 	787   	3.03408
INFO:gp:272	779   	0.925743	272	0.946471	0.542665	779   	0.0600532	73.4692	272	92 	56 	779   	2.84338
INFO:gp:273	790   	0.927863	273	0.946471	0.542098	790   	0.0572781	73.3001	273	86 	58 	790   	2.73654
INFO:gp:274	782   	0.926159	274	0.946471	0.564341	782   	0.0587962	73.3763	274	122	9  	782   	3.83559
INFO:gp:275	763   	0.931127	275	0.946471	0.541374	763   	0.0499589	73.1603	275	98 	57 	763   	2.7029 
INFO:gp:276	761   	0.927688	276	0.946471	0.555419	761   	0.055228 	72.8935	276	101	60 	761   	2.86199
INFO:gp:277	744   	0.930921	277	0.946471	0.53905 	744   	0.0530069	72.9736	277	85 	62 	744   	2.50869
INFO:gp:278	764   	0.929892	278	0.946745	0.571303	764   	0.0535878	73.3118	278	92 	50 	764   	2.65691
INFO:gp:279	794   	0.928447	279	0.946745	0.542498	794   	0.057067 	73.434 	279	88 	63 	794   	2.564  
INFO:gp:280	772   	0.922405	280	0.946745	0.514833	772   	0.0661785	73.4985	280	96 	59 	772   	2.88179
INFO:gp:281	776   	0.925662	281	0.946745	0.546353	776   	0.0583173	73.3382	281	90 	45 	776   	2.9371 
INFO:gp:282	782   	0.93005 	282	0.946745	0.556258	782   	0.0522328	73.8495	282	99 	65 	782   	3.01654
INFO:gp:283	761   	0.928993	283	0.946745	0.544983	761   	0.0557347	74.1153	283	104	62 	761   	2.84778
INFO:gp:284	766   	0.928884	284	0.946745	0.565449	766   	0.0534927	74.2463	284	122	56 	766   	3.18107
INFO:gp:285	771   	0.927172	285	0.946745	0.519775	771   	0.0577342	74.1359	285	99 	63 	771   	2.32923
INFO:gp:286	770   	0.930928	286	0.946745	0.572682	770   	0.0525543	74.1525	286	95 	65 	770   	2.18638
INFO:gp:287	776   	0.927364	287	0.946745	0.556895	776   	0.0569492	74.1017	287	102	63 	776   	2.26526
INFO:gp:288	772   	0.931652	288	0.946745	0.578604	772   	0.049147 	74.0518	288	95 	68 	772   	1.88586
INFO:gp:289	746   	0.929618	289	0.946745	0.588703	746   	0.0528843	74.1026	289	93 	69 	746   	1.95707
INFO:gp:290	766   	0.925476	290	0.946745	0.522525	766   	0.0617184	74.1486	290	106	62 	766   	2.27945
INFO:gp:291	755   	0.929618	291	0.946745	0.564912	755   	0.0524175	74.0078	291	101	66 	755   	1.90126
INFO:gp:292	757   	0.931312	292	0.946745	0.599939	757   	0.0484633	73.9267	292	84 	64 	757   	1.60385
INFO:gp:293	770   	0.92752 	293	0.946745	0.535725	770   	0.0583934	74.0274	293	88 	57 	770   	1.93169
INFO:gp:294	785   	0.926835	294	0.94677 	0.524601	785   	0.0577253	74.1916	294	101	67 	785   	2.41015
INFO:gp:295	780   	0.929788	295	0.94677 	0.53072 	780   	0.0537213	74.0411	295	95 	55 	780   	1.97993
INFO:gp:296	779   	0.923886	296	0.94677 	0.54166 	779   	0.0639468	74.1466	296	104	62 	779   	2.24501
INFO:gp:297	770   	0.930393	297	0.94677 	0.570777	770   	0.0491656	74.0342	297	90 	63 	770   	1.82033
INFO:gp:298	775   	0.928822	298	0.94677 	0.534823	775   	0.0566573	74.0547	298	95 	67 	775   	1.80174
INFO:gp:299	765   	0.929915	299	0.94677 	0.537728	765   	0.052064 	74.0694	299	89 	64 	765   	1.83271
INFO:gp:300	769   	0.929032	300	0.94677 	0.480546	769   	0.0561532	74.13  	300	102	64 	769   	2.15656
INFO:gp:301	754   	0.926719	301	0.94677 	0.52725 	754   	0.0602835	74.1799	301	95 	68 	754   	2.02499
INFO:gp:302	743   	0.925442	302	0.94677 	0.556863	743   	0.0641028	74.0743	302	106	64 	743   	2.29035
INFO:gp:303	752   	0.927286	303	0.94677 	0.461503	752   	0.0599182	74.0293	303	98 	58 	752   	2.05142
INFO:gp:304	776   	0.927954	304	0.946784	0.418189	776   	0.0593269	73.9462	304	86 	46 	776   	1.8311 
INFO:gp:305	775   	0.929547	305	0.946784	0.563383	775   	0.0545373	73.9521	305	86 	57 	775   	1.60603
INFO:gp:306	746   	0.9281  	306	0.946784	0.505237	746   	0.0573356	74.0176	306	99 	63 	746   	1.95794
INFO:gp:307	784   	0.924886	307	0.946784	0.556292	784   	0.0622562	74.0684	307	86 	64 	784   	1.66946
INFO:gp:308	792   	0.927861	308	0.946784	0.543836	792   	0.0599206	74.263 	308	102	68 	792   	1.99664
INFO:gp:309	786   	0.928595	309	0.946784	0.537405	786   	0.0570024	74.3558	309	95 	61 	786   	2.10071
INFO:gp:310	724   	0.929754	310	0.946784	0.589207	724   	0.0530711	74.6716	310	104	62 	724   	2.1683 
INFO:gp:311	770   	0.930923	311	0.946977	0.558171	770   	0.0516224	75.0802	311	99 	68 	770   	2.09254
INFO:gp:312	773   	0.930768	312	0.946977	0.588703	773   	0.050698 	75.5142	312	129	68 	773   	3.5383 
INFO:gp:313	784   	0.928732	313	0.946977	0.523462	784   	0.0548684	75.6266	313	99 	56 	784   	2.28501
INFO:gp:314	761   	0.932844	314	0.946998	0.469802	761   	0.0499745	75.7654	314	93 	56 	761   	2.43783
INFO:gp:315	760   	0.930209	315	0.946998	0.527052	760   	0.0535961	76.0547	315	96 	61 	760   	2.85644
INFO:gp:316	766   	0.928286	316	0.947032	0.598683	766   	0.0557623	76.2444	316	108	62 	766   	3.07147
INFO:gp:317	757   	0.928938	317	0.947185	0.544601	757   	0.0577454	76.174 	317	100	64 	757   	3.02014
INFO:gp:318	780   	0.931068	318	0.94722 	0.587466	780   	0.0492295	75.7097	318	91 	62 	780   	2.71788
INFO:gp:319	787   	0.931405	319	0.94722 	0.526749	787   	0.0500372	75.4145	319	106	64 	787   	3.13094
INFO:gp:320	786   	0.928526	320	0.94722 	0.565219	786   	0.0546023	75.1095	320	93 	64 	786   	3.25155
INFO:gp:321	772   	0.932842	321	0.947227	0.549309	772   	0.0494242	74.6725	321	92 	58 	772   	3.15474
INFO:gp:322	760   	0.932464	322	0.947229	0.559486	760   	0.048596 	74.0958	322	86 	61 	760   	2.49665
INFO:gp:323	813   	0.928883	323	0.947237	0.583629	813   	0.0529313	73.868 	323	90 	49 	813   	2.11848
INFO:gp:324	780   	0.930569	324	0.947237	0.447384	780   	0.0522083	74.0782	324	88 	65 	780   	1.85699
INFO:gp:325	767   	0.929401	325	0.947237	0.55099 	767   	0.0544442	74.089 	325	87 	63 	767   	1.67054
INFO:gp:326	765   	0.932252	326	0.947237	0.50399 	765   	0.0488378	74.1398	326	97 	68 	765   	1.55103
INFO:gp:327	761   	0.930533	327	0.947237	0.512092	761   	0.0534757	74.2835	327	97 	66 	761   	1.9125 
INFO:gp:328	786   	0.929991	328	0.947239	0.428273	786   	0.0548062	74.2923	328	104	49 	786   	2.25449
INFO:gp:329	776   	0.931021	329	0.947239	0.565194	776   	0.0510481	74.1544	329	93 	61 	776   	2.07192
INFO:gp:330	752   	0.930368	330	0.947239	0.571319	752   	0.0530238	73.7507	330	84 	59 	752   	1.74958
INFO:gp:331	786   	0.928541	331	0.947239	0.523777	786   	0.0549913	73.5601	331	97 	62 	786   	2.11314
INFO:gp:332	765   	0.932882	332	0.947263	0.44029 	765   	0.0473504	73.3656	332	102	38 	765   	2.33576
INFO:gp:333	793   	0.930937	333	0.947338	0.581333	793   	0.0488423	73.2297	333	95 	64 	793   	1.77828
INFO:gp:334	764   	0.930726	334	0.947338	0.500202	764   	0.0498418	73.1926	334	93 	64 	764   	1.91538
INFO:gp:335	781   	0.930612	335	0.947338	0.572033	781   	0.0506342	73.2649	335	85 	61 	781   	2.02603
INFO:gp:336	786   	0.928436	336	0.947338	0.580764	786   	0.0546452	73.8328	336	95 	65 	786   	2.67175
INFO:gp:337	791   	0.930438	337	0.947386	0.543425	791   	0.0513452	74.9814	337	97 	57 	791   	3.1388 
INFO:gp:338	778   	0.930261	338	0.947386	0.557459	778   	0.0519699	76.0538	338	102	62 	778   	2.91355
INFO:gp:339	766   	0.928638	339	0.947407	0.559244	766   	0.0534717	76.9413	339	108	60 	766   	2.74503
INFO:gp:340	782   	0.929304	340	0.947407	0.528452	782   	0.0518499	77.3539	340	99 	63 	782   	2.50784
INFO:gp:341	763   	0.931842	341	0.94745 	0.526788	763   	0.0536483	77.4878	341	91 	55 	763   	2.46532
INFO:gp:342	760   	0.930938	342	0.94745 	0.545871	760   	0.0526387	77.8397	342	108	63 	760   	2.89364
INFO:gp:343	768   	0.930656	343	0.94745 	0.529282	768   	0.0524688	77.7713	343	109	68 	768   	3.02619
INFO:gp:344	782   	0.932184	344	0.947468	0.572033	782   	0.0465111	77.9189	344	96 	60 	782   	2.63042
INFO:gp:345	775   	0.929426	345	0.947479	0.557869	775   	0.054255 	78.1075	345	102	62 	775   	2.7407 
INFO:gp:346	785   	0.931521	346	0.947479	0.619418	785   	0.0473692	78.2268	346	92 	64 	785   	2.49445
INFO:gp:347	793   	0.931354	347	0.947491	0.571609	793   	0.0502681	78.4917	347	95 	70 	793   	2.24625
INFO:gp:348	748   	0.931018	348	0.947491	0.565194	748   	0.0517432	78.5914	348	131	58 	748   	3.14013
INFO:gp:349	786   	0.930999	349	0.947491	0.437093	786   	0.0495378	78.6188	349	95 	61 	786   	2.6774 
INFO:gp:350	764   	0.932799	350	0.94754 	0.551682	764   	0.0501867	78.4868	350	107	67 	764   	2.49448
INFO:gp:351	779   	0.932505	351	0.94754 	0.542738	779   	0.0468405	78.5269	351	96 	63 	779   	2.50493
INFO:gp:352	776   	0.931292	352	0.947544	0.618822	776   	0.0479026	78.7263	352	99 	57 	776   	2.67631
INFO:gp:353	769   	0.933693	353	0.947544	0.503259	769   	0.0458898	78.9873	353	108	62 	769   	2.6846 
INFO:gp:354	744   	0.930659	354	0.947548	0.542771	744   	0.0531032	79.1437	354	100	66 	744   	2.76974
INFO:gp:355	767   	0.932816	355	0.947556	0.547269	767   	0.047217 	79.2659	355	89 	66 	767   	2.39902
INFO:gp:356	784   	0.930067	356	0.947556	0.478871	784   	0.0524094	79.1544	356	93 	67 	784   	2.46492
INFO:gp:357	785   	0.931695	357	0.947556	0.553732	785   	0.0504321	79.0215	357	131	67 	785   	2.95941
INFO:gp:358	749   	0.932858	358	0.947556	0.534545	749   	0.0458575	78.9501	358	95 	68 	749   	2.29719
INFO:gp:359	784   	0.932599	359	0.947566	0.565256	784   	0.0489051	78.9159	359	102	68 	784   	2.58818
INFO:gp:360	770   	0.929394	360	0.947575	0.554191	770   	0.0534125	78.7615	360	102	61 	770   	2.48747
INFO:gp:361	775   	0.933181	361	0.947575	0.516122	775   	0.0473728	78.8084	361	95 	63 	775   	2.41623
INFO:gp:362	751   	0.929542	362	0.947639	0.532074	751   	0.0557746	78.8739	362	100	61 	751   	2.54706
INFO:gp:363	765   	0.931476	363	0.947639	0.553186	765   	0.0500512	78.8221	363	90 	58 	765   	2.43942
INFO:gp:364	782   	0.932242	364	0.947639	0.535267	782   	0.0479066	78.8299	364	104	29 	782   	3.06342
INFO:gp:365	771   	0.931489	365	0.94766 	0.558129	771   	0.0492476	79.0694	365	131	60 	771   	3.17124
INFO:gp:366	793   	0.931773	366	0.94766 	0.565833	793   	0.0484676	79.1105	366	101	59 	793   	2.78252
INFO:gp:367	763   	0.929361	367	0.94766 	0.523725	763   	0.0545743	79.5112	367	104	62 	763   	3.05883
INFO:gp:368	789   	0.928717	368	0.94766 	0.571674	789   	0.0531289	79.911 	368	96 	69 	789   	2.98856
INFO:gp:369	748   	0.932312	369	0.947739	0.528315	748   	0.049488 	80.4321	369	92 	67 	748   	2.96922
INFO:gp:370	783   	0.929419	370	0.947791	0.58699 	783   	0.0567005	81.0997	370	101	60 	783   	3.00176
INFO:gp:371	746   	0.932384	371	0.947791	0.447847	746   	0.0487165	81.3324	371	95 	63 	746   	2.86909
INFO:gp:372	754   	0.930623	372	0.947791	0.536065	754   	0.0517024	81.5259	372	108	65 	754   	3.09748
INFO:gp:373	763   	0.931724	373	0.947791	0.476238	763   	0.0518533	81.7556	373	101	59 	763   	3.15344
INFO:gp:374	771   	0.930505	374	0.947812	0.463046	771   	0.0558931	81.9736	374	115	47 	771   	3.65072
INFO:gp:375	762   	0.934107	375	0.947812	0.524109	762   	0.0459485	82.0528	375	101	64 	762   	3.27423
INFO:gp:376	774   	0.932983	376	0.947812	0.516256	774   	0.0456947	82.2278	376	104	71 	774   	3.46183
INFO:gp:377	767   	0.933292	377	0.947847	0.619805	767   	0.0452041	81.828 	377	95 	65 	767   	3.31526
INFO:gp:378	760   	0.933066	378	0.947847	0.507348	760   	0.0477589	81.5024	378	103	66 	760   	3.43573
INFO:gp:379	781   	0.932798	379	0.947847	0.496469	781   	0.0478102	80.9179	379	101	68 	781   	3.36811
INFO:gp:380	757   	0.932306	380	0.947847	0.589589	757   	0.0501691	81     	380	108	67 	757   	3.47874
INFO:gp:381	787   	0.931304	381	0.947849	0.504713	787   	0.0505929	81.741 	381	102	63 	787   	3.71417
INFO:gp:382	789   	0.930915	382	0.947849	0.530567	789   	0.0517172	82.5494	382	131	69 	789   	4.22339
INFO:gp:383	784   	0.930207	383	0.947881	0.543867	784   	0.054048 	82.3539	383	101	49 	784   	4.30257
INFO:gp:384	763   	0.934066	384	0.947881	0.486262	763   	0.0455859	82.3196	384	105	9  	763   	4.53513
INFO:gp:385	804   	0.930061	385	0.947899	0.512624	804   	0.0533683	82.2805	385	106	62 	804   	4.16574
INFO:gp:386	808   	0.931181	386	0.947899	0.58985 	808   	0.0507906	82.87  	386	108	71 	808   	4.46423
INFO:gp:387	778   	0.93388 	387	0.94792 	0.582697	778   	0.0450697	83.9629	387	93 	26 	778   	4.78089
INFO:gp:388	778   	0.932696	388	0.94792 	0.58504 	778   	0.0471162	84.8426	388	98 	63 	778   	4.64009
INFO:gp:389	774   	0.931443	389	0.94792 	0.556376	774   	0.0526191	85.5523	389	128	70 	774   	4.56654
INFO:gp:390	798   	0.932146	390	0.94792 	0.43309 	798   	0.0504871	84.828 	390	103	70 	798   	4.92065
INFO:gp:391	794   	0.930001	391	0.947944	0.53514 	794   	0.0534663	84.0841	391	108	63 	794   	5.0895 
INFO:gp:392	776   	0.933838	392	0.947944	0.572436	776   	0.0470368	83.653 	392	101	72 	776   	4.98029
INFO:gp:393	764   	0.93234 	393	0.947963	0.514465	764   	0.0517007	84.654 	393	102	59 	764   	5.25457
INFO:gp:394	791   	0.932284	394	0.947963	0.543654	791   	0.0478834	86.3343	394	105	71 	791   	5.53648
INFO:gp:395	774   	0.930599	395	0.947963	0.566265	774   	0.0539665	88.1926	395	111	70 	774   	4.90128
INFO:gp:396	795   	0.933474	396	0.947963	0.570283	795   	0.0451268	88.9521	396	102	71 	795   	4.65828
INFO:gp:397	763   	0.93341 	397	0.947973	0.549466	763   	0.0474199	89.2151	397	109	68 	763   	4.19755
INFO:gp:398	784   	0.931481	398	0.947973	0.472754	784   	0.0528685	88.7175	398	108	63 	784   	4.63922
INFO:gp:399	759   	0.929464	399	0.947991	0.523204	759   	0.0552433	88.607 	399	113	66 	759   	3.93893
INFO:gp:400	767   	0.933425	400	0.947991	0.508004	767   	0.0484427	88.3109	400	96 	70 	767   	4.00356
INFO:__main__:Saving model to file: checkpoints/run_17.pth
INFO:util:Train accuracy: 1.0 +- 0.0
INFO:util:Val accuracy: 1.0 +- 0.0
INFO:util:Test accuracy: 1.0 +- 0.0
INFO:util:Train intra-class: 0.09960737763227866, Train Inter-class: 0.5795162375431017
INFO:util:Val intra-class: 0.10424026678533219, Val Inter-class: 0.3108778797723808
INFO:util:Test intra-class: 0.08697704277297619, Test inter-class: 0.39254461522036055
INFO:plot:Saving t-SNE to file: figures/tsne.png
INFO:plot:Saving t-SNE to file: figures/tsne.png
INFO:plot:Saving tree to file: figures/tree-0.pdf
INFO:plot:Saving tree to file: figures/tree-1.pdf
