INFO:data:Reading dataset fish: species
INFO:data:Class Counts: [48 60], Class Ratios: [0.44444444 0.55555556]
INFO:data:Number of features: 1023
INFO:data:Number of instances: 108
INFO:data:Number of classes 2.
INFO:__main__:No model found. Train from scratch.
INFO:gp:   	      	                                 fitness                                 	                      size                     
   	      	-------------------------------------------------------------------------	-----------------------------------------------
gen	nevals	avg     	gen	max     	min     	nevals	std      	avg    	gen	max	min	nevals	std    
0  	1023  	0.501841	0  	0.701061	0.317202	1023  	0.0527673	3.45161	0  	7  	2  	1023  	1.28886
INFO:gp:1  	768   	0.549503	1  	0.769218	0.255167	768   	0.0560033	3.79961	1  	12 	2  	768   	1.53038
INFO:gp:2  	807   	0.57543 	2  	0.864881	0.320068	807   	0.0651927	4.0088 	2  	14 	2  	807   	1.55415
INFO:gp:3  	724   	0.60278 	3  	0.864881	0.305671	724   	0.0775695	4.15445	3  	12 	2  	724   	1.51809
INFO:gp:4  	798   	0.624075	4  	0.864881	0.296073	798   	0.085818 	4.39785	4  	12 	2  	798   	1.65236
INFO:gp:5  	762   	0.656218	5  	0.864881	0.326682	762   	0.100787 	4.3001 	5  	12 	3  	762   	1.56853
INFO:gp:6  	770   	0.695359	6  	0.867404	0.375595	770   	0.110931 	4.10557	6  	11 	3  	770   	1.36016
INFO:gp:7  	780   	0.731594	7  	0.874157	0.358496	780   	0.121192 	3.93939	7  	9  	3  	780   	1.18323
INFO:gp:8  	755   	0.751515	8  	0.874157	0.389241	755   	0.135604 	4.07625	8  	14 	3  	755   	1.24593
INFO:gp:9  	780   	0.759905	9  	0.881208	0.459696	780   	0.146258 	4.35191	9  	11 	3  	780   	1.42018
INFO:gp:10 	774   	0.768354	10 	0.88601 	0.446435	774   	0.142422 	4.42717	10 	11 	3  	774   	1.55773
INFO:gp:11 	792   	0.759107	11 	0.88601 	0.45734 	792   	0.142768 	4.16325	11 	12 	3  	792   	1.6209 
INFO:gp:12 	786   	0.770029	12 	0.88601 	0.39342 	786   	0.136597 	4.20332	12 	13 	3  	786   	1.82191
INFO:gp:13 	781   	0.771852	13 	0.90682 	0.465383	781   	0.133144 	4.36559	13 	15 	3  	781   	2.12817
INFO:gp:14 	793   	0.781963	14 	0.90682 	0.439288	793   	0.128726 	4.40567	14 	16 	3  	793   	2.23687
INFO:gp:15 	771   	0.799394	15 	0.90682 	0.448415	771   	0.119611 	4.33138	15 	15 	3  	771   	2.24646
INFO:gp:16 	767   	0.804839	16 	0.90682 	0.468924	767   	0.112539 	3.94624	16 	15 	3  	767   	1.9324 
INFO:gp:17 	760   	0.811981	17 	0.90682 	0.419575	760   	0.107134 	3.79961	17 	15 	3  	760   	1.78511
INFO:gp:18 	773   	0.821931	18 	0.90682 	0.421113	773   	0.100505 	3.65885	18 	15 	3  	773   	1.62758
INFO:gp:19 	762   	0.83043 	19 	0.90682 	0.463299	762   	0.0956807	3.61193	19 	15 	3  	762   	1.60611
INFO:gp:20 	798   	0.832643	20 	0.90682 	0.459801	798   	0.0997834	3.59922	20 	15 	3  	798   	1.58243
INFO:gp:21 	784   	0.8356  	21 	0.90682 	0.459801	784   	0.0996745	3.65298	21 	15 	3  	784   	1.61245
INFO:gp:22 	773   	0.835686	22 	0.90682 	0.448313	773   	0.1036   	3.565  	22 	15 	3  	773   	1.51546
INFO:gp:23 	787   	0.840326	23 	0.90682 	0.423523	787   	0.0958627	3.5523 	23 	15 	3  	787   	1.50559
INFO:gp:24 	760   	0.841459	24 	0.90682 	0.459984	760   	0.094963 	3.5044 	24 	15 	3  	760   	1.43471
INFO:gp:25 	756   	0.842119	25 	0.90682 	0.464202	756   	0.0947475	3.52297	25 	15 	3  	756   	1.48673
INFO:gp:26 	763   	0.843636	26 	0.90682 	0.4498  	763   	0.0944264	3.43011	26 	15 	3  	763   	1.3802 
INFO:gp:27 	757   	0.842686	27 	0.90682 	0.470251	757   	0.10139  	3.47019	27 	15 	3  	757   	1.3887 
INFO:gp:28 	777   	0.842933	28 	0.90682 	0.404447	777   	0.0921561	3.42815	28 	14 	3  	777   	1.31108
INFO:gp:29 	779   	0.835863	29 	0.90682 	0.438283	779   	0.104709 	3.42229	29 	14 	3  	779   	1.26984
INFO:gp:30 	769   	0.841021	30 	0.90682 	0.475537	769   	0.0981912	3.42033	30 	14 	3  	769   	1.23062
INFO:gp:31 	749   	0.84531 	31 	0.90682 	0.439573	749   	0.0950965	3.30596	31 	9  	3  	749   	0.939642
INFO:gp:32 	785   	0.842955	32 	0.90682 	0.426931	785   	0.0986428	3.33822	32 	9  	3  	785   	1.03079 
INFO:gp:33 	754   	0.84037 	33 	0.90682 	0.456436	754   	0.100271 	3.34115	33 	9  	3  	754   	1.0063  
INFO:gp:34 	779   	0.848335	34 	0.911353	0.457098	779   	0.0906581	3.30596	34 	9  	3  	779   	0.92918 
INFO:gp:35 	780   	0.848503	35 	0.911353	0.46302 	780   	0.0912394	3.31769	35 	9  	3  	780   	0.94613 
INFO:gp:36 	766   	0.840569	36 	0.911353	0.450414	766   	0.0985709	3.39492	36 	9  	3  	766   	1.03339 
INFO:gp:37 	789   	0.844977	37 	0.911353	0.425646	789   	0.087089 	3.38807	37 	10 	3  	789   	1.02793 
INFO:gp:38 	786   	0.835548	38 	0.911353	0.460009	786   	0.0972061	3.52297	38 	9  	3  	786   	1.1226  
INFO:gp:39 	783   	0.840226	39 	0.911353	0.456035	783   	0.0941295	3.73705	39 	13 	3  	783   	1.29902 
INFO:gp:40 	765   	0.831104	40 	0.911353	0.363646	765   	0.107554 	4.06745	40 	11 	3  	765   	1.3155  
INFO:gp:41 	774   	0.836015	41 	0.911353	0.453138	774   	0.101579 	4.50244	41 	11 	3  	774   	1.32932 
INFO:gp:42 	748   	0.830531	42 	0.911477	0.451365	748   	0.108192 	4.88856	42 	11 	3  	748   	1.22666 
INFO:gp:43 	795   	0.81297 	43 	0.911477	0.395516	795   	0.117686 	5.07038	43 	15 	3  	795   	1.27803 
INFO:gp:44 	746   	0.825061	44 	0.911755	0.421795	746   	0.109566 	5.17889	44 	11 	3  	746   	1.35572 
INFO:gp:45 	776   	0.827705	45 	0.912751	0.418613	776   	0.111755 	5.36266	45 	15 	3  	776   	1.48451 
INFO:gp:46 	770   	0.827434	46 	0.912751	0.38518 	770   	0.109827 	5.91496	46 	15 	3  	770   	1.9474  
INFO:gp:47 	789   	0.819911	47 	0.912751	0.334522	789   	0.116717 	6.46139	47 	15 	3  	789   	2.24811 
INFO:gp:48 	783   	0.832256	48 	0.912751	0.388661	783   	0.108396 	6.4086 	48 	15 	3  	783   	2.22779 
INFO:gp:49 	768   	0.829965	49 	0.912751	0.40741 	768   	0.11359  	6.1173 	49 	15 	3  	768   	2.02669 
INFO:gp:50 	759   	0.820859	50 	0.915154	0.458874	759   	0.122184 	6.00684	50 	15 	3  	759   	1.99338 
INFO:gp:51 	759   	0.827905	51 	0.915154	0.442321	759   	0.115166 	6.07625	51 	16 	3  	759   	2.04161 
INFO:gp:52 	761   	0.834254	52 	0.915154	0.451945	761   	0.109976 	5.74291	52 	15 	3  	761   	1.78716 
INFO:gp:53 	772   	0.82948 	53 	0.915154	0.455472	772   	0.109427 	5.53763	53 	15 	3  	772   	1.72846 
INFO:gp:54 	748   	0.836967	54 	0.915154	0.323608	748   	0.107405 	5.56989	54 	15 	3  	748   	1.74659 
INFO:gp:55 	767   	0.829619	55 	0.915154	0.454607	767   	0.112427 	5.63734	55 	15 	3  	767   	1.81566 
INFO:gp:56 	755   	0.835144	56 	0.921652	0.394803	755   	0.105551 	5.72336	56 	15 	3  	755   	1.84934 
INFO:gp:57 	778   	0.837821	57 	0.921652	0.456141	778   	0.101553 	5.68035	57 	16 	3  	778   	1.8535  
INFO:gp:58 	780   	0.836651	58 	0.922233	0.419542	780   	0.103989 	5.81525	58 	15 	3  	780   	1.76699 
INFO:gp:59 	799   	0.838741	59 	0.922233	0.432544	799   	0.101648 	6.25611	59 	15 	3  	799   	1.96621 
INFO:gp:60 	759   	0.843906	60 	0.922791	0.443013	759   	0.101133 	6.96188	60 	16 	3  	759   	2.04005 
INFO:gp:61 	758   	0.839168	61 	0.922791	0.479196	758   	0.102612 	7.56109	61 	15 	3  	758   	1.84966 
INFO:gp:62 	769   	0.838031	62 	0.923303	0.456096	769   	0.107327 	8.0782 	62 	15 	3  	769   	1.99308 
INFO:gp:63 	799   	0.830372	63 	0.923303	0.442743	799   	0.113889 	8.75953	63 	18 	3  	799   	2.07457 
INFO:gp:64 	773   	0.834952	64 	0.923303	0.474702	773   	0.112435 	9.28837	64 	17 	3  	773   	2.25975 
INFO:gp:65 	765   	0.830252	65 	0.923303	0.479966	765   	0.116753 	9.32063	65 	17 	3  	765   	2.2849  
INFO:gp:66 	784   	0.829153	66 	0.923736	0.467562	784   	0.119199 	9.44673	66 	22 	3  	784   	2.49238 
INFO:gp:67 	781   	0.829797	67 	0.924342	0.487755	781   	0.121286 	9.8827 	67 	18 	3  	781   	2.64037 
INFO:gp:68 	772   	0.833136	68 	0.924783	0.435623	772   	0.117617 	10.9062	68 	20 	3  	772   	2.69335 
INFO:gp:69 	773   	0.835105	69 	0.925006	0.483345	773   	0.110963 	11.828 	69 	26 	3  	773   	2.55377 
INFO:gp:70 	751   	0.83743 	70 	0.925249	0.407533	751   	0.112168 	12.3715	70 	21 	3  	751   	2.59235 
INFO:gp:71 	766   	0.832925	71 	0.926665	0.409584	766   	0.116856 	12.7937	71 	24 	3  	766   	2.89967 
INFO:gp:72 	768   	0.838378	72 	0.927779	0.441233	768   	0.113549 	13.5083	72 	26 	3  	768   	3.18563 
INFO:gp:73 	783   	0.833501	73 	0.927779	0.38714 	783   	0.116316 	14.1945	73 	24 	3  	783   	3.18051 
INFO:gp:74 	751   	0.849028	74 	0.927947	0.485511	751   	0.107484 	14.6979	74 	26 	3  	751   	3.17087 
INFO:gp:75 	761   	0.844886	75 	0.928766	0.432446	761   	0.109764 	14.8847	75 	29 	3  	761   	3.19708 
INFO:gp:76 	763   	0.843503	76 	0.928945	0.483955	763   	0.110795 	15.4037	76 	29 	3  	763   	3.45    
INFO:gp:77 	752   	0.846207	77 	0.928945	0.445886	752   	0.108288 	15.8182	77 	28 	3  	752   	3.32386 
INFO:gp:78 	767   	0.846838	78 	0.930106	0.472661	767   	0.111127 	16.4301	78 	31 	3  	767   	3.62984 
INFO:gp:79 	787   	0.842525	79 	0.930467	0.479689	787   	0.111833 	17.1593	79 	29 	3  	787   	3.55669 
INFO:gp:80 	775   	0.844362	80 	0.930467	0.50925 	775   	0.109928 	18.6442	80 	33 	3  	775   	4.01737 
INFO:gp:81 	776   	0.845605	81 	0.930624	0.49539 	776   	0.108148 	19.5406	81 	33 	3  	776   	3.72989 
INFO:gp:82 	746   	0.858285	82 	0.931486	0.41739 	746   	0.101651 	20.3675	82 	33 	3  	746   	3.585   
INFO:gp:83 	773   	0.853554	83 	0.931486	0.513237	773   	0.103449 	21.2698	83 	38 	3  	773   	3.76711 
INFO:gp:84 	775   	0.853442	84 	0.931976	0.511224	775   	0.0993321	21.9492	84 	39 	3  	775   	3.62237 
INFO:gp:85 	782   	0.860546	85 	0.933157	0.527134	782   	0.095945 	22.3382	85 	41 	3  	782   	3.8702  
INFO:gp:86 	755   	0.862337	86 	0.933157	0.476436	755   	0.0983461	22.6383	86 	39 	3  	755   	3.82922 
INFO:gp:87 	802   	0.862411	87 	0.933684	0.403509	802   	0.0985648	22.5894	87 	39 	3  	802   	4.05215 
INFO:gp:88 	752   	0.867436	88 	0.934204	0.463317	752   	0.0975167	22.608 	88 	43 	3  	752   	4.12439 
INFO:gp:89 	787   	0.87276 	89 	0.936246	0.524356	787   	0.0885554	22.3734	89 	36 	3  	787   	4.24809 
INFO:gp:90 	771   	0.868119	90 	0.936246	0.39892 	771   	0.0941073	22.8377	90 	37 	3  	771   	3.75614 
INFO:gp:91 	784   	0.869823	91 	0.936246	0.512574	784   	0.09158  	23.2874	91 	36 	3  	784   	4.28226 
INFO:gp:92 	774   	0.871851	92 	0.936291	0.327449	774   	0.0890104	23.8309	92 	44 	3  	774   	4.29755 
INFO:gp:93 	775   	0.870304	93 	0.936291	0.526746	775   	0.0882647	24.694 	93 	39 	3  	775   	4.15407 
INFO:gp:94 	789   	0.873026	94 	0.936291	0.491875	789   	0.0867206	25.5846	94 	42 	3  	789   	4.38945 
INFO:gp:95 	745   	0.877121	95 	0.936291	0.518467	745   	0.0889305	25.8514	95 	41 	3  	745   	4.13286 
INFO:gp:96 	793   	0.877734	96 	0.936291	0.452148	793   	0.0854993	25.5484	96 	43 	3  	793   	4.19134 
INFO:gp:97 	748   	0.880159	97 	0.936789	0.495915	748   	0.0874288	25.4829	97 	39 	3  	748   	3.6818  
INFO:gp:98 	760   	0.880555	98 	0.936789	0.517459	760   	0.0822728	26.0323	98 	39 	3  	760   	3.97622 
INFO:gp:99 	751   	0.884933	99 	0.936789	0.437096	751   	0.0797973	27.3148	99 	40 	4  	751   	3.75009 
INFO:gp:100	757   	0.886313	100	0.936789	0.465647	757   	0.0797384	27.8876	100	45 	3  	757   	3.85541 
INFO:gp:101	786   	0.887211	101	0.936789	0.542547	786   	0.0778566	27.9247	101	43 	3  	786   	3.75017 
INFO:gp:102	769   	0.88651 	102	0.936789	0.49648 	769   	0.0793092	27.8719	102	43 	3  	769   	3.87364 
INFO:gp:103	795   	0.880157	103	0.936789	0.482985	795   	0.0839171	27.5044	103	39 	3  	795   	4.1303  
INFO:gp:104	754   	0.886118	104	0.93769 	0.514533	754   	0.0824778	27.1789	104	49 	3  	754   	4.31396 
INFO:gp:105	780   	0.883003	105	0.93769 	0.498399	780   	0.0796794	26.3128	105	49 	3  	780   	4.46578 
INFO:gp:106	783   	0.876315	106	0.93769 	0.494763	783   	0.0917303	25.1339	106	49 	3  	783   	4.55837 
INFO:gp:107	786   	0.874184	107	0.93769 	0.483728	786   	0.0932797	24.435 	107	49 	3  	786   	4.84979 
INFO:gp:108	780   	0.88186 	108	0.93769 	0.511383	780   	0.0835119	24.8084	108	49 	3  	780   	4.31715 
INFO:gp:109	791   	0.872149	109	0.93769 	0.517502	791   	0.0890622	25.3382	109	49 	3  	791   	4.48926 
INFO:gp:110	757   	0.878057	110	0.93769 	0.497325	757   	0.0894367	26.0166	110	41 	3  	757   	4.26318 
INFO:gp:111	756   	0.878392	111	0.93769 	0.502922	756   	0.0910667	26.9355	111	40 	3  	756   	3.64314 
INFO:gp:112	760   	0.875882	112	0.93769 	0.486052	760   	0.0896272	27.3529	112	41 	6  	760   	3.54659 
INFO:gp:113	783   	0.872102	113	0.937708	0.481206	783   	0.0907804	27.1681	113	41 	3  	783   	3.76238 
INFO:gp:114	769   	0.868419	114	0.937708	0.490788	769   	0.093428 	27.3705	114	41 	3  	769   	3.49704 
INFO:gp:115	781   	0.86392 	115	0.937708	0.503082	781   	0.100938 	27.4448	115	41 	8  	781   	3.71947 
INFO:gp:116	777   	0.870521	116	0.937716	0.525847	777   	0.0917858	27.5249	116	39 	3  	777   	3.79318 
INFO:gp:117	760   	0.878178	117	0.937716	0.509441	760   	0.0884167	27.8886	117	40 	3  	760   	3.63798 
INFO:gp:118	783   	0.87703 	118	0.937716	0.520618	783   	0.0887113	28.3822	118	41 	3  	783   	3.94755 
INFO:gp:119	773   	0.880623	119	0.93774 	0.520757	773   	0.0865854	29.2845	119	45 	3  	773   	4.28508 
INFO:gp:120	780   	0.876785	120	0.93774 	0.511213	780   	0.0882897	29.8055	120	45 	3  	780   	3.82106 
INFO:gp:121	783   	0.875622	121	0.93774 	0.508791	783   	0.0851176	30.1701	121	44 	3  	783   	3.50762 
INFO:gp:122	739   	0.880738	122	0.93774 	0.494584	739   	0.0852   	30.218 	122	40 	3  	739   	3.57989 
INFO:gp:123	765   	0.87397 	123	0.93774 	0.454532	765   	0.0930599	30.3099	123	43 	3  	765   	3.93182 
INFO:gp:124	782   	0.882141	124	0.93774 	0.514716	782   	0.0853952	30.4438	124	43 	3  	782   	3.77605 
INFO:gp:125	785   	0.867637	125	0.93774 	0.51165 	785   	0.092988 	30.3812	125	43 	3  	785   	3.73948 
INFO:gp:126	751   	0.876248	126	0.938151	0.520631	751   	0.0862995	30.2542	126	41 	3  	751   	3.74869 
INFO:gp:127	771   	0.880614	127	0.938151	0.481658	771   	0.0849739	30.2737	127	41 	3  	771   	3.69425 
INFO:gp:128	771   	0.875186	128	0.938176	0.521246	771   	0.0889244	30.263 	128	44 	3  	771   	3.58288 
INFO:gp:129	781   	0.878258	129	0.938176	0.531635	781   	0.0894215	30.1965	129	41 	3  	781   	3.70616 
INFO:gp:130	766   	0.878191	130	0.938176	0.498525	766   	0.0892875	30.0792	130	45 	3  	766   	3.84735 
INFO:gp:131	775   	0.877019	131	0.938176	0.440524	775   	0.0882372	30.1183	131	43 	13 	775   	3.4276  
INFO:gp:132	795   	0.880863	132	0.93819 	0.467599	795   	0.0854315	29.8651	132	47 	3  	795   	4.45828 
INFO:gp:133	800   	0.880045	133	0.938394	0.519137	800   	0.0827569	30.1906	133	43 	3  	800   	4.01656 
INFO:gp:134	781   	0.884817	134	0.938394	0.506305	781   	0.0815641	30.7028	134	45 	4  	781   	3.88969 
INFO:gp:135	794   	0.885444	135	0.938394	0.485171	794   	0.0850043	31.35  	135	47 	3  	794   	4.47484 
INFO:gp:136	769   	0.884535	136	0.938394	0.493804	769   	0.0822224	31.9413	136	46 	3  	769   	4.35098 
INFO:gp:137	772   	0.887167	137	0.938418	0.517325	772   	0.0833816	31.9932	137	53 	3  	772   	4.61509 
INFO:gp:138	755   	0.882868	138	0.938418	0.499869	755   	0.0867803	31.8104	138	47 	3  	755   	4.01965 
INFO:gp:139	758   	0.880994	139	0.938418	0.506364	758   	0.0851884	31.5953	139	45 	3  	758   	4.33478 
INFO:gp:140	782   	0.882962	140	0.938418	0.51166 	782   	0.0841914	31.6862	140	45 	3  	782   	4.0244  
INFO:gp:141	759   	0.880977	141	0.938418	0.50695 	759   	0.0867389	31.9717	141	43 	3  	759   	3.87364 
INFO:gp:142	773   	0.874923	142	0.938418	0.510731	773   	0.0909773	32.1701	142	45 	3  	773   	4.15539 
INFO:gp:143	774   	0.883563	143	0.938697	0.519577	774   	0.0847593	32.8925	143	47 	3  	774   	4.31734 
INFO:gp:144	784   	0.881691	144	0.938697	0.460496	784   	0.0872603	33.3021	144	44 	3  	784   	4.33536 
INFO:gp:145	777   	0.883577	145	0.938697	0.536161	777   	0.0850672	33.8827	145	49 	18 	777   	4.02363 
INFO:gp:146	763   	0.879572	146	0.938697	0.504147	763   	0.087598 	33.5904	146	47 	3  	763   	4.38086 
INFO:gp:147	759   	0.882875	147	0.938697	0.534909	759   	0.0851358	33.1173	147	48 	3  	759   	4.56515 
INFO:gp:148	742   	0.875836	148	0.938697	0.52217 	742   	0.0873553	32.3578	148	45 	3  	742   	4.56548 
INFO:gp:149	769   	0.876088	149	0.938697	0.501057	769   	0.0888904	31.477 	149	43 	3  	769   	4.29999 
INFO:gp:150	743   	0.878817	150	0.938716	0.489061	743   	0.0896123	30.8866	150	43 	3  	743   	4.43293 
INFO:gp:151	794   	0.873298	151	0.938716	0.545241	794   	0.0922079	30.9247	151	45 	6  	794   	4.11007 
INFO:gp:152	769   	0.87496 	152	0.938716	0.421843	769   	0.0919441	30.695 	152	43 	3  	769   	4.35215 
INFO:gp:153	747   	0.880201	153	0.938716	0.508227	747   	0.0884584	30.8084	153	43 	3  	747   	4.10879 
INFO:gp:154	767   	0.882452	154	0.938716	0.498539	767   	0.0891107	30.8084	154	43 	3  	767   	4.26682 
INFO:gp:155	777   	0.882698	155	0.938718	0.458293	777   	0.0850481	31.1183	155	43 	3  	777   	4.05735 
INFO:gp:156	769   	0.881209	156	0.938944	0.514353	769   	0.08919  	31.5494	156	45 	3  	769   	4.01187 
INFO:gp:157	765   	0.878973	157	0.938944	0.483142	765   	0.0879536	32.1241	157	48 	13 	765   	3.83955 
INFO:gp:158	786   	0.877571	158	0.938944	0.482924	786   	0.088543 	32.5005	158	45 	3  	786   	3.63938 
INFO:gp:159	762   	0.883185	159	0.938944	0.507089	762   	0.0865954	32.2981	159	45 	3  	762   	4.21398 
INFO:gp:160	748   	0.882428	160	0.939254	0.532864	748   	0.0846799	32.8045	160	45 	3  	748   	3.55613 
INFO:gp:161	784   	0.88178 	161	0.939254	0.53609 	784   	0.0849551	32.4213	161	44 	3  	784   	4.34367 
INFO:gp:162	772   	0.887634	162	0.939254	0.510215	772   	0.0860241	32.2786	162	45 	3  	772   	3.85256 
INFO:gp:163	791   	0.882392	163	0.939254	0.488595	791   	0.086591 	31.6882	163	44 	3  	791   	4.11344 
INFO:gp:164	770   	0.885765	164	0.939254	0.52878 	770   	0.082594 	31.6804	164	45 	3  	770   	4.01713 
INFO:gp:165	764   	0.886713	165	0.939254	0.488819	764   	0.0826244	31.8651	165	43 	3  	764   	3.95693 
INFO:gp:166	768   	0.885087	166	0.939254	0.50115 	768   	0.0851515	31.9384	166	44 	3  	768   	4.55499 
INFO:gp:167	757   	0.886009	167	0.939254	0.513861	757   	0.0849321	33.0831	167	46 	3  	757   	4.8262  
INFO:gp:168	743   	0.882576	168	0.939579	0.476429	743   	0.0865806	34.7781	168	45 	3  	743   	4.41501 
INFO:gp:169	753   	0.882739	169	0.939579	0.516443	753   	0.0864527	35.9169	169	51 	3  	753   	4.27202 
INFO:gp:170	786   	0.880835	170	0.939579	0.503387	786   	0.089327 	36.6364	170	52 	3  	786   	4.91181 
INFO:gp:171	802   	0.882155	171	0.939579	0.441951	802   	0.0900261	37.2483	171	48 	3  	802   	4.83096 
INFO:gp:172	773   	0.885311	172	0.939579	0.505221	773   	0.0868174	38.2942	172	59 	3  	773   	5.18178 
INFO:gp:173	775   	0.883329	173	0.939579	0.479368	775   	0.0885204	39.2297	173	55 	3  	775   	5.32805 
INFO:gp:174	803   	0.888318	174	0.939579	0.450667	803   	0.0871141	39.8993	174	53 	3  	803   	5.08795 
INFO:gp:175	766   	0.889824	175	0.939579	0.51696 	766   	0.0820943	39.828 	175	57 	3  	766   	5.0965  
INFO:gp:176	792   	0.889058	176	0.939634	0.502419	792   	0.0836208	40.0313	176	53 	3  	792   	4.26986 
INFO:gp:177	756   	0.89076 	177	0.939634	0.506541	756   	0.0807703	39.998 	177	57 	3  	756   	4.14474 
INFO:gp:178	759   	0.886207	178	0.939634	0.511455	759   	0.0846899	39.9922	178	51 	3  	759   	4.79042 
INFO:gp:179	770   	0.89371 	179	0.939634	0.483448	770   	0.0761365	40.3099	179	51 	3  	770   	3.76675 
INFO:gp:180	781   	0.890318	180	0.939634	0.523184	781   	0.0809537	40.4047	180	55 	3  	781   	4.75627 
INFO:gp:181	770   	0.884104	181	0.939644	0.495548	770   	0.0882308	41.4027	181	53 	4  	770   	4.67121 
INFO:gp:182	764   	0.892864	182	0.939662	0.516129	764   	0.0794858	42.4585	182	57 	3  	764   	4.79369 
INFO:gp:183	776   	0.888919	183	0.939662	0.521707	776   	0.0839974	43.3803	183	57 	15 	776   	4.02886 
INFO:gp:184	782   	0.889525	184	0.939677	0.499508	782   	0.0817438	43.8123	184	53 	3  	782   	4.51672 
INFO:gp:185	795   	0.883843	185	0.939677	0.444907	795   	0.0857143	44.043 	185	55 	3  	795   	4.29828 
INFO:gp:186	773   	0.889445	186	0.93973 	0.521848	773   	0.0808906	43.9717	186	61 	3  	773   	4.88941 
INFO:gp:187	772   	0.894436	187	0.93973 	0.520205	772   	0.0767997	44.5601	187	64 	3  	772   	4.57927 
INFO:gp:188	751   	0.894627	188	0.93973 	0.492309	751   	0.0809333	45.0499	188	59 	3  	751   	4.57163 
INFO:gp:189	795   	0.888477	189	0.93973 	0.456748	795   	0.082404 	45.1437	189	55 	3  	795   	4.77918 
INFO:gp:190	766   	0.89168 	190	0.939739	0.5051  	766   	0.0821223	45.2835	190	57 	15 	766   	3.67494 
INFO:gp:191	791   	0.893315	191	0.939827	0.551261	791   	0.077904 	45.2141	191	56 	3  	791   	4.30986 
INFO:gp:192	773   	0.88515 	192	0.939827	0.471564	773   	0.0865971	45.4497	192	65 	3  	773   	4.37905 
INFO:gp:193	748   	0.891516	193	0.939925	0.52077 	748   	0.0783806	45.4057	193	57 	3  	748   	4.76266 
INFO:gp:194	772   	0.88856 	194	0.939925	0.536946	772   	0.0793508	45.4624	194	64 	3  	772   	5.12601 
INFO:gp:195	760   	0.891408	195	0.939944	0.520614	760   	0.0799568	45.2512	195	65 	3  	760   	5.24553 
INFO:gp:196	740   	0.89031 	196	0.939991	0.497931	740   	0.0843   	45.5943	196	55 	4  	740   	4.65471 
INFO:gp:197	793   	0.889314	197	0.940071	0.496776	793   	0.0805837	45.5054	197	55 	3  	793   	5.23502 
INFO:gp:198	781   	0.890967	198	0.940071	0.542932	781   	0.0794216	46.1007	198	67 	3  	781   	4.42629 
INFO:gp:199	773   	0.888404	199	0.940071	0.507201	773   	0.0830175	46.477 	199	56 	5  	773   	4.06655 
INFO:gp:200	792   	0.887867	200	0.940087	0.473703	792   	0.0825573	46.5748	200	60 	3  	792   	4.95592 
INFO:gp:201	800   	0.888351	201	0.940087	0.50514 	800   	0.0794962	46.9609	201	61 	15 	800   	4.29809 
INFO:gp:202	791   	0.88753 	202	0.940087	0.472337	791   	0.0825108	46.7869	202	61 	3  	791   	5.20015 
INFO:gp:203	786   	0.88674 	203	0.940087	0.502039	786   	0.0846684	47.0147	203	69 	3  	786   	5.66262 
INFO:gp:204	776   	0.893777	204	0.940135	0.506482	776   	0.0750628	48.0166	204	69 	3  	776   	5.72562 
INFO:gp:205	783   	0.89134 	205	0.940135	0.460765	783   	0.0809238	48.8768	205	63 	6  	783   	5.12545 
INFO:gp:206	790   	0.895722	206	0.940202	0.513699	790   	0.0758474	50.4594	206	62 	3  	790   	5.64977 
INFO:gp:207	778   	0.894083	207	0.940242	0.469607	778   	0.0829424	52.5865	207	65 	5  	778   	6.27787 
INFO:gp:208	762   	0.895364	208	0.940387	0.504844	762   	0.078422 	54.2229	208	66 	15 	762   	5.43469 
INFO:gp:209	774   	0.895501	209	0.940387	0.514246	774   	0.0776937	54.0039	209	77 	3  	774   	6.05191 
INFO:gp:210	771   	0.896882	210	0.940387	0.507499	771   	0.0742011	54.4018	210	77 	3  	771   	6.49911 
INFO:gp:211	755   	0.893625	211	0.94048 	0.520487	755   	0.0799441	56.5728	211	71 	3  	755   	6.81671 
INFO:gp:212	758   	0.8986  	212	0.94048 	0.531095	758   	0.0709109	58.52  	212	73 	7  	758   	5.47074 
INFO:gp:213	780   	0.889183	213	0.94048 	0.510164	780   	0.0799943	58.9785	213	80 	6  	780   	6.10542 
INFO:gp:214	768   	0.894705	214	0.940485	0.435234	768   	0.0805369	59.1554	214	70 	3  	768   	5.49293 
INFO:gp:215	746   	0.899565	215	0.940736	0.431688	746   	0.0794724	58.1535	215	72 	3  	746   	6.28975 
INFO:gp:216	778   	0.889207	216	0.940736	0.430354	778   	0.0827819	56.2063	216	69 	11 	778   	6.30734 
INFO:gp:217	748   	0.897917	217	0.940778	0.548872	748   	0.0766904	54.6471	217	69 	4  	748   	6.0216  
INFO:gp:218	812   	0.892443	218	0.940792	0.529266	812   	0.0820064	53.9541	218	69 	4  	812   	5.66021 
INFO:gp:219	761   	0.898439	219	0.940874	0.512922	761   	0.0749783	54.2356	219	69 	3  	761   	5.26188 
INFO:gp:220	767   	0.892538	220	0.940943	0.509055	767   	0.0810369	54.3011	220	72 	15 	767   	5.14323 
INFO:gp:221	761   	0.896875	221	0.941135	0.505485	761   	0.0779367	53.955 	221	83 	5  	761   	6.37443 
INFO:gp:222	743   	0.896213	222	0.941135	0.499025	743   	0.0785086	53.8866	222	69 	3  	743   	6.1713  
INFO:gp:223	772   	0.893953	223	0.941135	0.467412	772   	0.0802788	54.0108	223	82 	3  	772   	7.07445 
INFO:gp:224	760   	0.894627	224	0.941135	0.503366	760   	0.0807326	54.6784	224	69 	3  	760   	6.56669 
INFO:gp:225	773   	0.891929	225	0.941226	0.505184	773   	0.0824782	54.7801	225	82 	3  	773   	6.65748 
INFO:gp:226	744   	0.900655	226	0.941226	0.536894	744   	0.0706794	54.1114	226	80 	3  	744   	5.4006  
INFO:gp:227	738   	0.899119	227	0.941226	0.447638	738   	0.0746779	54.0616	227	71 	3  	738   	4.958   
INFO:gp:228	754   	0.894673	228	0.941337	0.51255 	754   	0.0771725	54.1241	228	73 	11 	754   	5.64676 
INFO:gp:229	788   	0.900518	229	0.941337	0.509694	788   	0.0716701	55.0987	229	77 	3  	788   	5.83757 
INFO:gp:230	764   	0.899   	230	0.941337	0.53171 	764   	0.0762579	54.7273	230	76 	3  	764   	6.91754 
INFO:gp:231	763   	0.896883	231	0.941337	0.528103	763   	0.0773751	54.6725	231	75 	3  	763   	6.73005 
INFO:gp:232	757   	0.897475	232	0.941337	0.486832	757   	0.0799078	54.4731	232	75 	3  	757   	6.80039 
INFO:gp:233	767   	0.903247	233	0.941337	0.551474	767   	0.0697427	55.7429	233	76 	3  	767   	6.51499 
INFO:gp:234	737   	0.904624	234	0.941571	0.524851	737   	0.0699925	57.1378	234	73 	3  	737   	5.52605 
INFO:gp:235	802   	0.902389	235	0.941571	0.527639	802   	0.0711742	57.5191	235	73 	6  	802   	5.28553 
INFO:gp:236	783   	0.900221	236	0.941571	0.525926	783   	0.0764569	57.8553	236	82 	19 	783   	4.6547  
INFO:gp:237	752   	0.900629	237	0.941571	0.51815 	752   	0.0762298	57.6608	237	83 	19 	752   	5.45499 
INFO:gp:238	773   	0.898744	238	0.941571	0.430249	773   	0.0757704	57.5015	238	75 	19 	773   	5.52748 
INFO:gp:239	787   	0.904816	239	0.941571	0.525094	787   	0.0686771	57.6471	239	73 	5  	787   	5.26164 
INFO:gp:240	754   	0.898573	240	0.941575	0.512407	754   	0.0786921	57.7977	240	73 	3  	754   	5.75256 
INFO:gp:241	768   	0.90457 	241	0.942163	0.524931	768   	0.0720139	58.1877	241	73 	3  	768   	5.34389 
INFO:gp:242	766   	0.901359	242	0.942163	0.543593	766   	0.0692352	58.6109	242	74 	3  	766   	5.57006 
INFO:gp:243	782   	0.904729	243	0.942163	0.490707	782   	0.0699219	58.4076	243	77 	3  	782   	6.10634 
INFO:gp:244	778   	0.906844	244	0.942163	0.45521 	778   	0.0646895	58.6862	244	76 	3  	778   	5.98697 
INFO:gp:245	788   	0.904764	245	0.942163	0.492315	788   	0.0684121	58.8348	245	72 	3  	788   	5.62106 
INFO:gp:246	773   	0.901329	246	0.942163	0.511747	773   	0.0779111	59.4555	246	76 	6  	773   	5.96009 
INFO:gp:247	786   	0.90335 	247	0.942181	0.538297	786   	0.0717611	60.2121	247	79 	3  	786   	5.99845 
INFO:gp:248	794   	0.905565	248	0.942181	0.435433	794   	0.0718818	60.6432	248	79 	3  	794   	4.91539 
INFO:gp:249	757   	0.904847	249	0.942181	0.515052	757   	0.0690633	60.2375	249	84 	3  	757   	6.28325 
INFO:gp:250	782   	0.901656	250	0.942181	0.485364	782   	0.0769465	60.1398	250	79 	3  	782   	5.59177 
INFO:gp:251	771   	0.904934	251	0.942181	0.52044 	771   	0.0730885	59.5298	251	81 	3  	771   	6.4054  
INFO:gp:252	773   	0.906727	252	0.942189	0.471937	773   	0.066461 	59.6716	252	79 	20 	773   	5.47844 
INFO:gp:253	779   	0.904599	253	0.942302	0.535849	779   	0.0731684	59.7722	253	79 	3  	779   	5.96601 
INFO:gp:254	778   	0.905306	254	0.942302	0.551474	778   	0.0692365	60.3861	254	78 	3  	778   	5.96491 
INFO:gp:255	783   	0.898546	255	0.942302	0.492603	783   	0.0827044	60.3734	255	90 	3  	783   	6.32157 
INFO:gp:256	755   	0.906368	256	0.942302	0.521971	755   	0.0697002	60.4633	256	88 	3  	755   	5.82981 
INFO:gp:257	773   	0.904336	257	0.942302	0.471587	773   	0.0743717	59.9374	257	78 	3  	773   	6.66574 
INFO:gp:258	760   	0.902549	258	0.942342	0.510575	760   	0.0717571	60.3519	258	85 	3  	760   	6.19268 
INFO:gp:259	777   	0.899825	259	0.942342	0.516442	777   	0.0747526	61.0997	259	79 	3  	777   	5.49521 
INFO:gp:260	775   	0.901059	260	0.942342	0.524561	775   	0.0712527	61.132 	260	79 	3  	775   	6.61341 
INFO:gp:261	773   	0.901544	261	0.942342	0.551332	773   	0.0686048	61.5435	261	79 	3  	773   	6.21777 
INFO:gp:262	748   	0.899456	262	0.942342	0.521671	748   	0.0722724	62.0381	262	83 	3  	748   	5.30013 
INFO:gp:263	790   	0.903297	263	0.942342	0.518233	790   	0.0639018	61.5953	263	79 	3  	790   	5.7649  
INFO:gp:264	801   	0.899061	264	0.942602	0.504055	801   	0.0708555	61.39  	264	79 	3  	801   	6.3313  
INFO:gp:265	779   	0.904687	265	0.942602	0.482634	779   	0.0707739	61.4936	265	90 	3  	779   	6.58486 
INFO:gp:266	784   	0.894988	266	0.942602	0.51843 	784   	0.0780098	61.5513	266	90 	20 	784   	6.13923 
INFO:gp:267	772   	0.89937 	267	0.942641	0.533345	772   	0.0716831	61.6139	267	90 	3  	772   	5.81336 
INFO:gp:268	774   	0.901744	268	0.942641	0.527109	774   	0.0729845	61.6755	268	79 	5  	774   	5.1155  
INFO:gp:269	775   	0.899684	269	0.942641	0.498145	775   	0.0740857	61.3978	269	79 	3  	775   	5.44492 
INFO:gp:270	756   	0.902181	270	0.94271 	0.54843 	756   	0.0671446	60.9834	270	79 	3  	756   	5.75219 
INFO:gp:271	785   	0.90056 	271	0.94271 	0.529673	785   	0.075081 	60.7859	271	79 	20 	785   	5.91535 
INFO:gp:272	762   	0.903463	272	0.94271 	0.49475 	762   	0.074021 	60.7898	272	79 	3  	762   	6.13037 
INFO:gp:273	754   	0.900502	273	0.94271 	0.540488	754   	0.074389 	60.9961	273	79 	3  	754   	6.30024 
INFO:gp:274	788   	0.899643	274	0.94271 	0.517335	788   	0.07394  	61.4066	274	79 	3  	788   	5.9569  
INFO:gp:275	768   	0.900637	275	0.94271 	0.536678	768   	0.0731699	62.5064	275	87 	3  	768   	6.15376 
INFO:gp:276	782   	0.899907	276	0.942732	0.469887	782   	0.0720535	63.1838	276	91 	3  	782   	7.12405 
INFO:gp:277	759   	0.903204	277	0.94275 	0.485452	759   	0.0699273	63.7341	277	86 	3  	759   	6.77264 
INFO:gp:278	791   	0.899997	278	0.94275 	0.504349	791   	0.0684695	64.3206	278	89 	3  	791   	6.19106 
INFO:gp:279	795   	0.900717	279	0.94275 	0.527371	795   	0.0699741	64.2649	279	96 	3  	795   	6.4097  
INFO:gp:280	797   	0.895793	280	0.94275 	0.5149  	797   	0.0804455	64.3118	280	96 	20 	797   	6.18701 
INFO:gp:281	777   	0.903333	281	0.94275 	0.487693	777   	0.0702022	64.5973	281	89 	20 	777   	5.26948 
INFO:gp:282	796   	0.898968	282	0.94275 	0.532924	796   	0.0719232	64.3021	282	77 	3  	796   	6.15883 
INFO:gp:283	808   	0.902945	283	0.94275 	0.531273	808   	0.0699833	64.5601	283	79 	5  	808   	5.16512 
INFO:gp:284	809   	0.898084	284	0.94275 	0.497   	809   	0.0734986	64.5064	284	87 	20 	809   	5.64143 
INFO:gp:285	781   	0.9022  	285	0.94275 	0.483764	781   	0.0724348	64.5816	285	87 	3  	781   	5.49281 
INFO:gp:286	784   	0.899238	286	0.94275 	0.550379	784   	0.0739423	64.3988	286	88 	9  	784   	5.95415 
INFO:gp:287	765   	0.898404	287	0.942882	0.503897	765   	0.0733178	64.6989	287	79 	20 	765   	5.08186 
INFO:gp:288	762   	0.901005	288	0.942882	0.486357	762   	0.071319 	64.5298	288	81 	20 	762   	5.49494 
INFO:gp:289	784   	0.898179	289	0.942882	0.50022 	784   	0.0740406	64.3978	289	95 	3  	784   	5.83171 
INFO:gp:290	764   	0.902904	290	0.942882	0.509796	764   	0.0732122	64.433 	290	81 	3  	764   	5.38808 
INFO:gp:291	793   	0.900688	291	0.942882	0.547987	793   	0.0717795	64.1613	291	95 	4  	793   	6.1395  
INFO:gp:292	754   	0.903276	292	0.942882	0.455939	754   	0.072666 	63.827 	292	86 	3  	754   	5.69151 
INFO:gp:293	770   	0.900514	293	0.942882	0.493868	770   	0.0734697	63.6461	293	95 	3  	770   	6.23614 
INFO:gp:294	793   	0.900569	294	0.942882	0.546388	793   	0.0678644	63.6207	294	87 	3  	793   	5.74421 
INFO:gp:295	760   	0.906094	295	0.942882	0.577538	760   	0.064881 	63.697 	295	77 	3  	760   	5.8098  
INFO:gp:296	751   	0.902948	296	0.942882	0.548921	751   	0.0709394	63.3529	296	77 	3  	751   	6.39064 
INFO:gp:297	790   	0.899954	297	0.942882	0.47325 	790   	0.074261 	63.3539	297	83 	3  	790   	6.82285 
INFO:gp:298	782   	0.903267	298	0.942882	0.544606	782   	0.0683059	63.6207	298	77 	3  	782   	5.90201 
INFO:gp:299	792   	0.902497	299	0.942882	0.455964	792   	0.0722563	63.4956	299	85 	3  	792   	6.43653 
INFO:gp:300	740   	0.908089	300	0.942882	0.504287	740   	0.0650876	63.6794	300	77 	3  	740   	5.92878 
INFO:gp:301	767   	0.906657	301	0.942882	0.533097	767   	0.062924 	63.5826	301	94 	11 	767   	5.68502 
INFO:gp:302	789   	0.903546	302	0.942882	0.533241	789   	0.072152 	63.7439	302	85 	19 	789   	5.20084 
INFO:gp:303	751   	0.904751	303	0.942882	0.560582	751   	0.0695193	63.5992	303	94 	6  	751   	5.97189 
INFO:gp:304	782   	0.904303	304	0.942889	0.543862	782   	0.0694161	63.4858	304	83 	20 	782   	5.96008 
INFO:gp:305	767   	0.900487	305	0.942889	0.427739	767   	0.0722657	63.5953	305	94 	3  	767   	6.52287 
INFO:gp:306	787   	0.901945	306	0.942924	0.522628	787   	0.070927 	63.7654	306	80 	3  	787   	5.35519 
INFO:gp:307	779   	0.902086	307	0.942924	0.500286	779   	0.0738998	63.522 	307	77 	3  	779   	5.74203 
INFO:gp:308	763   	0.904363	308	0.942924	0.531123	763   	0.0723389	63.4047	308	80 	3  	763   	5.87525 
INFO:gp:309	761   	0.90125 	309	0.942924	0.503093	761   	0.0710494	63.3206	309	84 	3  	761   	5.69396 
INFO:gp:310	777   	0.901843	310	0.942966	0.532493	777   	0.0705372	62.3959	310	77 	3  	777   	6.20209 
INFO:gp:311	761   	0.9049  	311	0.942966	0.467805	761   	0.0705477	61.8211	311	76 	3  	761   	5.27265 
INFO:gp:312	772   	0.902318	312	0.942966	0.474497	772   	0.073608 	60.5073	312	75 	20 	772   	6.00812 
INFO:gp:313	785   	0.8999  	313	0.942966	0.52278 	785   	0.0754075	60.0479	313	72 	3  	785   	5.94046 
INFO:gp:314	780   	0.902405	314	0.942974	0.525905	780   	0.0667628	60.1593	314	76 	20 	780   	5.30119 
INFO:gp:315	768   	0.902263	315	0.942974	0.404496	768   	0.0709904	59.8719	315	83 	3  	768   	6.21009 
INFO:gp:316	786   	0.904152	316	0.942974	0.517075	786   	0.0718504	59.5748	316	76 	3  	786   	6.43533 
INFO:gp:317	777   	0.899448	317	0.942974	0.513534	777   	0.0757702	59.8759	317	74 	3  	777   	5.61342 
INFO:gp:318	790   	0.899745	318	0.942974	0.535233	790   	0.0707541	59.9971	318	76 	3  	790   	5.97576 
INFO:gp:319	783   	0.902785	319	0.942974	0.497963	783   	0.0675817	60.2512	319	85 	3  	783   	5.39654 
INFO:gp:320	789   	0.903737	320	0.942974	0.544786	789   	0.0702802	59.8368	320	80 	3  	789   	6.37196 
INFO:gp:321	802   	0.898881	321	0.942974	0.52515 	802   	0.0727348	59.8583	321	72 	3  	802   	6.02361 
INFO:gp:322	798   	0.896782	322	0.942974	0.507121	798   	0.078303 	59.6735	322	76 	3  	798   	6.51586 
INFO:gp:323	780   	0.900897	323	0.942974	0.552517	780   	0.0683544	60.2111	323	73 	3  	780   	5.00619 
INFO:gp:324	788   	0.899556	324	0.942974	0.497079	788   	0.074142 	59.6452	324	76 	7  	788   	6.4402  
INFO:gp:325	777   	0.90111 	325	0.942974	0.350807	777   	0.0710321	60.2581	325	85 	3  	777   	5.27928 
INFO:gp:326	784   	0.899222	326	0.942974	0.455851	784   	0.0746859	60.2014	326	75 	3  	784   	5.06811 
INFO:gp:327	774   	0.897223	327	0.942974	0.46818 	774   	0.0780922	59.8368	327	74 	3  	774   	6.32299 
INFO:gp:328	755   	0.903909	328	0.942974	0.512344	755   	0.0701949	60.2092	328	76 	3  	755   	5.08685 
INFO:gp:329	794   	0.902282	329	0.942974	0.502406	794   	0.0686398	60.1134	329	76 	20 	794   	5.16292 
INFO:gp:330	759   	0.905231	330	0.942974	0.501594	759   	0.0688841	60.1476	330	71 	3  	759   	5.52261 
INFO:gp:331	780   	0.902264	331	0.942974	0.503028	780   	0.0692123	60.0332	331	83 	3  	780   	5.53341 
INFO:gp:332	762   	0.902826	332	0.942995	0.508123	762   	0.0695409	59.4047	332	76 	3  	762   	7.46831 
INFO:gp:333	804   	0.901495	333	0.942995	0.517413	804   	0.0716517	60.3138	333	76 	14 	804   	4.58548 
INFO:gp:334	772   	0.904394	334	0.942995	0.517099	772   	0.066078 	59.9912	334	73 	3  	772   	5.70357 
INFO:gp:335	793   	0.9029  	335	0.942995	0.551711	793   	0.0696524	60     	335	76 	3  	793   	5.74278 
INFO:gp:336	793   	0.901715	336	0.942995	0.546628	793   	0.0714594	60.0987	336	83 	14 	793   	5.18844 
INFO:gp:337	780   	0.901672	337	0.942995	0.526061	780   	0.070371 	60.1544	337	76 	3  	780   	5.40443 
INFO:gp:338	744   	0.905021	338	0.942995	0.534555	744   	0.070909 	59.8983	338	85 	3  	744   	5.93097 
INFO:gp:339	791   	0.900921	339	0.942995	0.492465	791   	0.0743536	59.9668	339	82 	3  	791   	5.73723 
INFO:gp:340	771   	0.899917	340	0.943059	0.474888	771   	0.0763939	59.9472	340	86 	20 	771   	5.65436 
INFO:gp:341	765   	0.90326 	341	0.943074	0.512572	765   	0.0676703	60.0538	341	78 	3  	765   	5.56083 
INFO:gp:342	773   	0.904175	342	0.943074	0.545804	773   	0.0676877	60.3539	342	80 	20 	773   	4.94267 
INFO:gp:343	777   	0.90044 	343	0.943363	0.503512	777   	0.071463 	60.2278	343	81 	3  	777   	5.77299 
INFO:gp:344	768   	0.90098 	344	0.943363	0.496325	768   	0.0746155	60.259 	344	82 	3  	768   	6.17252 
INFO:gp:345	782   	0.902131	345	0.943363	0.527546	782   	0.0700923	60.7175	345	76 	3  	782   	5.42336 
INFO:gp:346	800   	0.896129	346	0.943363	0.485202	800   	0.0774479	60.3314	346	78 	3  	800   	6.77286 
INFO:gp:347	795   	0.902252	347	0.943363	0.528534	795   	0.0707065	60.6178	347	85 	3  	795   	5.99638 
INFO:gp:348	775   	0.899714	348	0.943363	0.507001	775   	0.0723047	60.2248	348	77 	3  	775   	6.28535 
INFO:gp:349	789   	0.901273	349	0.943363	0.52421 	789   	0.0714991	60.4409	349	77 	3  	789   	5.64597 
INFO:gp:350	799   	0.903758	350	0.943363	0.547979	799   	0.0690086	60.5337	350	81 	3  	799   	5.87093 
INFO:gp:351	779   	0.901285	351	0.943363	0.456981	779   	0.0763304	60.7067	351	82 	3  	779   	6.08879 
INFO:gp:352	768   	0.903964	352	0.943363	0.485105	768   	0.0676242	60.5855	352	84 	21 	768   	5.69528 
INFO:gp:353	779   	0.902221	353	0.943363	0.544595	779   	0.0702149	60.9717	353	79 	21 	779   	5.01826 
INFO:gp:354	783   	0.900174	354	0.943363	0.494727	783   	0.0705632	60.9101	354	76 	21 	783   	4.69372 
INFO:gp:355	797   	0.900332	355	0.943363	0.486969	797   	0.073339 	60.7693	355	77 	3  	797   	5.47201 
INFO:gp:356	751   	0.901292	356	0.943363	0.497643	751   	0.0726563	60.7771	356	85 	21 	751   	5.57936 
INFO:gp:357	762   	0.902555	357	0.943363	0.526911	762   	0.0735343	60.8123	357	81 	3  	762   	5.87371 
INFO:gp:358	792   	0.904235	358	0.943363	0.518638	792   	0.0693132	60.6657	358	76 	3  	792   	5.76687 
INFO:gp:359	790   	0.89641 	359	0.943363	0.544245	790   	0.0756614	60.9482	359	86 	3  	790   	4.94014 
INFO:gp:360	768   	0.899847	360	0.943363	0.459075	768   	0.0754483	60.6657	360	77 	3  	768   	5.93395 
INFO:gp:361	773   	0.900578	361	0.943363	0.445302	773   	0.073832 	60.6716	361	76 	3  	773   	6.08522 
INFO:gp:362	797   	0.908199	362	0.943363	0.52606 	797   	0.063189 	60.6344	362	81 	3  	797   	5.8808  
INFO:gp:363	737   	0.903672	363	0.943363	0.552612	737   	0.0713818	60.7937	363	77 	3  	737   	5.73864 
INFO:gp:364	740   	0.907091	364	0.943363	0.525173	740   	0.0651065	60.9071	364	86 	5  	740   	5.33237 
INFO:gp:365	722   	0.906045	365	0.943363	0.560845	722   	0.0709963	60.5738	365	77 	3  	722   	6.23271 
INFO:gp:366	781   	0.902347	366	0.943363	0.491587	781   	0.0721821	60.7488	366	77 	3  	781   	5.52028 
INFO:gp:367	758   	0.906602	367	0.943363	0.533375	758   	0.0681516	60.4702	367	86 	3  	758   	5.99077 
INFO:gp:368	805   	0.902308	368	0.943363	0.480388	805   	0.0721809	60.5298	368	76 	21 	805   	5.64516 
INFO:gp:369	788   	0.898042	369	0.943363	0.504922	788   	0.0779292	60.7879	369	76 	4  	788   	5.27605 
INFO:gp:370	794   	0.900365	370	0.943363	0.467313	794   	0.0732366	60.7771	370	86 	6  	794   	5.52884 
INFO:gp:371	744   	0.903504	371	0.943363	0.511089	744   	0.071489 	60.7918	371	76 	3  	744   	5.51162 
INFO:gp:372	768   	0.903129	372	0.943363	0.525495	768   	0.0696402	60.8143	372	76 	4  	768   	5.15742 
INFO:gp:373	803   	0.901952	373	0.943363	0.503477	803   	0.0731673	60.6227	373	82 	3  	803   	5.90246 
INFO:gp:374	763   	0.903101	374	0.943363	0.558754	763   	0.0690542	60.653 	374	86 	3  	763   	5.90689 
INFO:gp:375	783   	0.899339	375	0.943363	0.547399	783   	0.0713874	60.5963	375	76 	21 	783   	5.59939 
INFO:gp:376	736   	0.898738	376	0.943363	0.452088	736   	0.0771626	60.9736	376	76 	21 	736   	4.7982  
INFO:gp:377	795   	0.899647	377	0.943363	0.501118	795   	0.0742114	60.7468	377	84 	3  	795   	5.6556  
INFO:gp:378	764   	0.901818	378	0.943363	0.498896	764   	0.0751106	60.9218	378	86 	3  	764   	5.25738 
INFO:gp:379	778   	0.899114	379	0.943363	0.505023	778   	0.0721939	60.5875	379	86 	3  	778   	6.31635 
INFO:gp:380	768   	0.90309 	380	0.943363	0.548216	768   	0.0694239	60.695 	380	84 	3  	768   	5.82566 
INFO:gp:381	791   	0.904135	381	0.943363	0.505107	791   	0.0664869	60.7732	381	81 	3  	791   	5.81983 
INFO:gp:382	779   	0.900883	382	0.943363	0.5054  	779   	0.0727653	60.5024	382	77 	3  	779   	6.29231 
INFO:gp:383	760   	0.899214	383	0.943363	0.483491	760   	0.0772074	60.7175	383	77 	3  	760   	6.01345 
INFO:gp:384	773   	0.90453 	384	0.943363	0.51017 	773   	0.0711574	60.8104	384	78 	7  	773   	5.36682 
INFO:gp:385	775   	0.903331	385	0.943363	0.520261	775   	0.0687691	60.7889	385	85 	3  	775   	5.36656 
INFO:gp:386	755   	0.905353	386	0.943363	0.524425	755   	0.0661771	60.8368	386	77 	21 	755   	4.92701 
INFO:gp:387	792   	0.899814	387	0.943363	0.53223 	792   	0.078714 	60.9345	387	77 	21 	792   	4.85635 
INFO:gp:388	762   	0.904922	388	0.943363	0.532046	762   	0.0650532	60.7605	388	76 	3  	762   	5.50751 
INFO:gp:389	764   	0.902581	389	0.943363	0.49242 	764   	0.0723629	60.609 	389	75 	5  	764   	5.91629 
INFO:gp:390	791   	0.902426	390	0.943363	0.414251	791   	0.0698792	60.651 	390	81 	3  	791   	5.84789 
INFO:gp:391	740   	0.901859	391	0.943363	0.467379	740   	0.0735021	60.7273	391	71 	3  	740   	5.51554 
INFO:gp:392	782   	0.905678	392	0.943363	0.464795	782   	0.0710416	60.5787	392	72 	3  	782   	5.55673 
INFO:gp:393	783   	0.90214 	393	0.943363	0.411725	783   	0.0716599	60.5347	393	86 	3  	783   	6.18914 
INFO:gp:394	784   	0.899853	394	0.943363	0.48505 	784   	0.0738782	60.4135	394	82 	21 	784   	5.85972 
INFO:gp:395	795   	0.900882	395	0.943363	0.525164	795   	0.0717209	60.5367	395	84 	21 	795   	5.93401 
INFO:gp:396	779   	0.901642	396	0.943363	0.427123	779   	0.0741147	60.5415	396	74 	5  	779   	5.41855 
INFO:gp:397	743   	0.90326 	397	0.943363	0.544484	743   	0.071986 	60.6276	397	72 	3  	743   	5.30691 
INFO:gp:398	765   	0.904715	398	0.943363	0.49212 	765   	0.0677844	60.8182	398	75 	3  	765   	5.08848 
INFO:gp:399	782   	0.903384	399	0.943363	0.534666	782   	0.070648 	60.7625	399	82 	21 	782   	4.71487 
INFO:gp:400	782   	0.904729	400	0.943363	0.51643 	782   	0.0676836	60.35  	400	81 	3  	782   	6.18426 
INFO:__main__:Saving model to file: checkpoints/run_9.pth
INFO:util:Train accuracy: 1.0 +- 0.0
INFO:util:Val accuracy: 1.0 +- 0.0
INFO:util:Test accuracy: 1.0 +- 0.0
INFO:util:Train intra-class: 0.08071371312490126, Train Inter-class: 0.5143410100493411
INFO:util:Val intra-class: 0.107417149011622, Val Inter-class: 0.3703036332649728
INFO:util:Test intra-class: 0.10067393763210615, Test inter-class: 0.45070458449415646
INFO:plot:Saving t-SNE to file: figures/tsne.png
INFO:plot:Saving t-SNE to file: figures/tsne.png
INFO:plot:Saving tree to file: figures/tree-0.pdf
INFO:plot:Saving tree to file: figures/tree-1.pdf
