INFO:__main__:Reading the dataset: fish oil
INFO:__main__:model: Transformer(
  (encoder): Encoder(
    (layers): ModuleList(
      (0-2): 3 x EncoderLayer(
        (self_attention): MultiHeadAttention(
          (query): Linear(in_features=1023, out_features=1023, bias=True)
          (key): Linear(in_features=1023, out_features=1023, bias=True)
          (value): Linear(in_features=1023, out_features=1023, bias=True)
          (fc_out): Linear(in_features=1023, out_features=1023, bias=True)
        )
        (feed_forward): FeedForward(
          (fc1): Linear(in_features=1023, out_features=128, bias=True)
          (fc2): Linear(in_features=128, out_features=1023, bias=True)
          (dropout): Dropout(p=0.2, inplace=False)
        )
        (norm1): LayerNorm((1023,), eps=1e-05, elementwise_affine=True)
        (norm2): LayerNorm((1023,), eps=1e-05, elementwise_affine=True)
        (dropout1): Dropout(p=0.2, inplace=False)
        (dropout2): Dropout(p=0.2, inplace=False)
      )
    )
  )
  (decoder): Decoder(
    (layers): ModuleList(
      (0-2): 3 x DecoderLayer(
        (self_attention): MultiHeadAttention(
          (query): Linear(in_features=1023, out_features=1023, bias=True)
          (key): Linear(in_features=1023, out_features=1023, bias=True)
          (value): Linear(in_features=1023, out_features=1023, bias=True)
          (fc_out): Linear(in_features=1023, out_features=1023, bias=True)
        )
        (cross_attention): MultiHeadAttention(
          (query): Linear(in_features=1023, out_features=1023, bias=True)
          (key): Linear(in_features=1023, out_features=1023, bias=True)
          (value): Linear(in_features=1023, out_features=1023, bias=True)
          (fc_out): Linear(in_features=1023, out_features=1023, bias=True)
        )
        (feed_forward): FeedForward(
          (fc1): Linear(in_features=1023, out_features=128, bias=True)
          (fc2): Linear(in_features=128, out_features=1023, bias=True)
          (dropout): Dropout(p=0.2, inplace=False)
        )
        (norm1): LayerNorm((1023,), eps=1e-05, elementwise_affine=True)
        (norm2): LayerNorm((1023,), eps=1e-05, elementwise_affine=True)
        (norm3): LayerNorm((1023,), eps=1e-05, elementwise_affine=True)
        (dropout1): Dropout(p=0.2, inplace=False)
        (dropout2): Dropout(p=0.2, inplace=False)
        (dropout3): Dropout(p=0.2, inplace=False)
      )
    )
  )
  (fc): Linear(in_features=1023, out_features=1023, bias=True)
)
INFO:__main__:Pre-training the network: Masked Spectra Modelling
INFO:pre_training:Epoch [1/100], Loss: 0.0843, Val: 0.0026
INFO:pre_training:Epoch [2/100], Loss: 0.0697, Val: 0.0022
INFO:pre_training:Epoch [3/100], Loss: 0.0600, Val: 0.0018
INFO:pre_training:Epoch [4/100], Loss: 0.0526, Val: 0.0016
INFO:pre_training:Epoch [5/100], Loss: 0.0476, Val: 0.0014
INFO:pre_training:Epoch [6/100], Loss: 0.0438, Val: 0.0013
INFO:pre_training:Epoch [7/100], Loss: 0.0411, Val: 0.0012
INFO:pre_training:Epoch [8/100], Loss: 0.0388, Val: 0.0011
INFO:pre_training:Epoch [9/100], Loss: 0.0371, Val: 0.0011
INFO:pre_training:Epoch [10/100], Loss: 0.0355, Val: 0.0010
INFO:pre_training:Epoch [11/100], Loss: 0.0340, Val: 0.0010
INFO:pre_training:Epoch [12/100], Loss: 0.0327, Val: 0.0010
INFO:pre_training:Epoch [13/100], Loss: 0.0314, Val: 0.0010
INFO:pre_training:Epoch [14/100], Loss: 0.0305, Val: 0.0009
INFO:pre_training:Epoch [15/100], Loss: 0.0295, Val: 0.0009
INFO:pre_training:Epoch [16/100], Loss: 0.0287, Val: 0.0009
INFO:pre_training:Epoch [17/100], Loss: 0.0278, Val: 0.0009
INFO:pre_training:Epoch [18/100], Loss: 0.0271, Val: 0.0009
INFO:pre_training:Epoch [19/100], Loss: 0.0264, Val: 0.0008
INFO:pre_training:Epoch [20/100], Loss: 0.0257, Val: 0.0008
INFO:pre_training:Epoch [21/100], Loss: 0.0249, Val: 0.0008
INFO:pre_training:Epoch [22/100], Loss: 0.0244, Val: 0.0008
INFO:pre_training:Epoch [23/100], Loss: 0.0238, Val: 0.0007
INFO:pre_training:Epoch [24/100], Loss: 0.0233, Val: 0.0007
INFO:pre_training:Epoch [25/100], Loss: 0.0227, Val: 0.0008
INFO:pre_training:Epoch [26/100], Loss: 0.0222, Val: 0.0007
INFO:pre_training:Epoch [27/100], Loss: 0.0217, Val: 0.0007
INFO:pre_training:Epoch [28/100], Loss: 0.0213, Val: 0.0007
INFO:pre_training:Epoch [29/100], Loss: 0.0209, Val: 0.0007
INFO:pre_training:Epoch [30/100], Loss: 0.0205, Val: 0.0007
INFO:pre_training:Epoch [31/100], Loss: 0.0200, Val: 0.0006
INFO:pre_training:Epoch [32/100], Loss: 0.0195, Val: 0.0006
INFO:pre_training:Epoch [33/100], Loss: 0.0192, Val: 0.0006
INFO:pre_training:Epoch [34/100], Loss: 0.0189, Val: 0.0006
INFO:pre_training:Epoch [35/100], Loss: 0.0185, Val: 0.0006
INFO:pre_training:Epoch [36/100], Loss: 0.0181, Val: 0.0006
INFO:pre_training:Epoch [37/100], Loss: 0.0178, Val: 0.0006
INFO:pre_training:Epoch [38/100], Loss: 0.0174, Val: 0.0006
INFO:pre_training:Epoch [39/100], Loss: 0.0171, Val: 0.0005
INFO:pre_training:Epoch [40/100], Loss: 0.0168, Val: 0.0006
INFO:pre_training:Epoch [41/100], Loss: 0.0165, Val: 0.0005
INFO:pre_training:Epoch [42/100], Loss: 0.0163, Val: 0.0005
INFO:pre_training:Epoch [43/100], Loss: 0.0159, Val: 0.0005
INFO:pre_training:Epoch [44/100], Loss: 0.0157, Val: 0.0005
INFO:pre_training:Epoch [45/100], Loss: 0.0154, Val: 0.0005
INFO:pre_training:Epoch [46/100], Loss: 0.0152, Val: 0.0005
INFO:pre_training:Epoch [47/100], Loss: 0.0149, Val: 0.0007
INFO:pre_training:Epoch [48/100], Loss: 0.0147, Val: 0.0005
INFO:pre_training:Epoch [49/100], Loss: 0.0145, Val: 0.0005
INFO:pre_training:Epoch [50/100], Loss: 0.0142, Val: 0.0005
INFO:pre_training:Epoch [51/100], Loss: 0.0141, Val: 0.0005
INFO:pre_training:Epoch [52/100], Loss: 0.0138, Val: 0.0005
INFO:pre_training:Epoch [53/100], Loss: 0.0135, Val: 0.0005
INFO:pre_training:Epoch [54/100], Loss: 0.0134, Val: 0.0005
INFO:pre_training:Epoch [55/100], Loss: 0.0132, Val: 0.0005
INFO:pre_training:Epoch [56/100], Loss: 0.0130, Val: 0.0004
INFO:pre_training:Epoch [57/100], Loss: 0.0128, Val: 0.0004
INFO:pre_training:Epoch [58/100], Loss: 0.0126, Val: 0.0004
INFO:pre_training:Epoch [59/100], Loss: 0.0124, Val: 0.0004
INFO:pre_training:Epoch [60/100], Loss: 0.0123, Val: 0.0004
INFO:pre_training:Epoch [61/100], Loss: 0.0121, Val: 0.0004
INFO:pre_training:Epoch [62/100], Loss: 0.0120, Val: 0.0004
INFO:pre_training:Epoch [63/100], Loss: 0.0117, Val: 0.0004
INFO:pre_training:Epoch [64/100], Loss: 0.0116, Val: 0.0004
INFO:pre_training:Epoch [65/100], Loss: 0.0114, Val: 0.0004
INFO:pre_training:Epoch [66/100], Loss: 0.0113, Val: 0.0004
INFO:pre_training:Epoch [67/100], Loss: 0.0111, Val: 0.0004
INFO:pre_training:Epoch [68/100], Loss: 0.0110, Val: 0.0004
INFO:pre_training:Epoch [69/100], Loss: 0.0108, Val: 0.0004
INFO:pre_training:Epoch [70/100], Loss: 0.0107, Val: 0.0004
INFO:pre_training:Epoch [71/100], Loss: 0.0106, Val: 0.0004
INFO:pre_training:Epoch [72/100], Loss: 0.0104, Val: 0.0004
INFO:pre_training:Epoch [73/100], Loss: 0.0103, Val: 0.0004
INFO:pre_training:Epoch [74/100], Loss: 0.0101, Val: 0.0004
INFO:pre_training:Epoch [75/100], Loss: 0.0100, Val: 0.0004
INFO:pre_training:Epoch [76/100], Loss: 0.0099, Val: 0.0004
INFO:pre_training:Epoch [77/100], Loss: 0.0098, Val: 0.0004
INFO:pre_training:Epoch [78/100], Loss: 0.0097, Val: 0.0004
INFO:pre_training:Epoch [79/100], Loss: 0.0096, Val: 0.0004
INFO:pre_training:Epoch [80/100], Loss: 0.0094, Val: 0.0004
INFO:pre_training:Epoch [81/100], Loss: 0.0093, Val: 0.0004
INFO:pre_training:Epoch [82/100], Loss: 0.0092, Val: 0.0003
INFO:pre_training:Epoch [83/100], Loss: 0.0091, Val: 0.0003
INFO:pre_training:Epoch [84/100], Loss: 0.0090, Val: 0.0004
INFO:pre_training:Epoch [85/100], Loss: 0.0089, Val: 0.0004
INFO:pre_training:Epoch [86/100], Loss: 0.0088, Val: 0.0003
INFO:pre_training:Epoch [87/100], Loss: 0.0087, Val: 0.0003
INFO:pre_training:Epoch [88/100], Loss: 0.0086, Val: 0.0003
INFO:pre_training:Epoch [89/100], Loss: 0.0084, Val: 0.0003
INFO:pre_training:Epoch [90/100], Loss: 0.0084, Val: 0.0004
INFO:pre_training:Epoch [91/100], Loss: 0.0083, Val: 0.0003
INFO:pre_training:Epoch [92/100], Loss: 0.0082, Val: 0.0003
INFO:pre_training:Epoch [93/100], Loss: 0.0081, Val: 0.0003
INFO:pre_training:Epoch [94/100], Loss: 0.0080, Val: 0.0003
INFO:pre_training:Epoch [95/100], Loss: 0.0079, Val: 0.0003
INFO:pre_training:Epoch [96/100], Loss: 0.0078, Val: 0.0003
INFO:pre_training:Epoch [97/100], Loss: 0.0077, Val: 0.0003
INFO:pre_training:Epoch [98/100], Loss: 0.0077, Val: 0.0003
INFO:pre_training:Epoch [99/100], Loss: 0.0075, Val: 0.0003
INFO:pre_training:Epoch [100/100], Loss: 0.0075, Val: 0.0003
INFO:__main__:Total time taken to pre-train the model: 176.34s
INFO:__main__:model: Transformer(
  (encoder): Encoder(
    (layers): ModuleList(
      (0-2): 3 x EncoderLayer(
        (self_attention): MultiHeadAttention(
          (query): Linear(in_features=1023, out_features=1023, bias=True)
          (key): Linear(in_features=1023, out_features=1023, bias=True)
          (value): Linear(in_features=1023, out_features=1023, bias=True)
          (fc_out): Linear(in_features=1023, out_features=1023, bias=True)
        )
        (feed_forward): FeedForward(
          (fc1): Linear(in_features=1023, out_features=128, bias=True)
          (fc2): Linear(in_features=128, out_features=1023, bias=True)
          (dropout): Dropout(p=0.2, inplace=False)
        )
        (norm1): LayerNorm((1023,), eps=1e-05, elementwise_affine=True)
        (norm2): LayerNorm((1023,), eps=1e-05, elementwise_affine=True)
        (dropout1): Dropout(p=0.2, inplace=False)
        (dropout2): Dropout(p=0.2, inplace=False)
      )
    )
  )
  (decoder): Decoder(
    (layers): ModuleList(
      (0-2): 3 x DecoderLayer(
        (self_attention): MultiHeadAttention(
          (query): Linear(in_features=1023, out_features=1023, bias=True)
          (key): Linear(in_features=1023, out_features=1023, bias=True)
          (value): Linear(in_features=1023, out_features=1023, bias=True)
          (fc_out): Linear(in_features=1023, out_features=1023, bias=True)
        )
        (cross_attention): MultiHeadAttention(
          (query): Linear(in_features=1023, out_features=1023, bias=True)
          (key): Linear(in_features=1023, out_features=1023, bias=True)
          (value): Linear(in_features=1023, out_features=1023, bias=True)
          (fc_out): Linear(in_features=1023, out_features=1023, bias=True)
        )
        (feed_forward): FeedForward(
          (fc1): Linear(in_features=1023, out_features=128, bias=True)
          (fc2): Linear(in_features=128, out_features=1023, bias=True)
          (dropout): Dropout(p=0.2, inplace=False)
        )
        (norm1): LayerNorm((1023,), eps=1e-05, elementwise_affine=True)
        (norm2): LayerNorm((1023,), eps=1e-05, elementwise_affine=True)
        (norm3): LayerNorm((1023,), eps=1e-05, elementwise_affine=True)
        (dropout1): Dropout(p=0.2, inplace=False)
        (dropout2): Dropout(p=0.2, inplace=False)
        (dropout3): Dropout(p=0.2, inplace=False)
      )
    )
  )
  (fc): Linear(in_features=1023, out_features=2, bias=True)
)
INFO:__main__:Training the network
INFO:train:Epoch 1/100, Train Loss: 0.6295, Train Acc: 0.6221, Val Loss: 0.6216, Val Acc: 0.6809
INFO:train:Epoch 2/100, Train Loss: 0.5087, Train Acc: 0.8235, Val Loss: 0.5902, Val Acc: 0.6596
INFO:train:Epoch 3/100, Train Loss: 0.4158, Train Acc: 0.9029, Val Loss: 0.5123, Val Acc: 0.7447
INFO:train:Epoch 4/100, Train Loss: 0.3202, Train Acc: 0.9492, Val Loss: 0.4774, Val Acc: 0.8511
INFO:train:Epoch 5/100, Train Loss: 0.2405, Train Acc: 0.9920, Val Loss: 0.4595, Val Acc: 0.8723
INFO:train:Epoch 6/100, Train Loss: 0.2203, Train Acc: 1.0000, Val Loss: 0.4469, Val Acc: 0.8511
INFO:train:Epoch 7/100, Train Loss: 0.2134, Train Acc: 1.0000, Val Loss: 0.4575, Val Acc: 0.8511
INFO:train:Epoch 8/100, Train Loss: 0.2100, Train Acc: 1.0000, Val Loss: 0.4483, Val Acc: 0.8511
INFO:train:Epoch 9/100, Train Loss: 0.2084, Train Acc: 1.0000, Val Loss: 0.4452, Val Acc: 0.8511
INFO:train:Epoch 10/100, Train Loss: 0.2058, Train Acc: 1.0000, Val Loss: 0.4275, Val Acc: 0.8511
INFO:train:Epoch 11/100, Train Loss: 0.2054, Train Acc: 1.0000, Val Loss: 0.4332, Val Acc: 0.8511
INFO:train:Epoch 12/100, Train Loss: 0.2045, Train Acc: 1.0000, Val Loss: 0.4356, Val Acc: 0.8298
INFO:train:Epoch 13/100, Train Loss: 0.2033, Train Acc: 1.0000, Val Loss: 0.4369, Val Acc: 0.8298
INFO:train:Epoch 14/100, Train Loss: 0.2049, Train Acc: 1.0000, Val Loss: 0.4673, Val Acc: 0.8298
INFO:train:Epoch 15/100, Train Loss: 0.2049, Train Acc: 1.0000, Val Loss: 0.4284, Val Acc: 0.8298
INFO:train:Epoch 16/100, Train Loss: 0.2033, Train Acc: 1.0000, Val Loss: 0.4369, Val Acc: 0.8723
INFO:train:Epoch 17/100, Train Loss: 0.2028, Train Acc: 1.0000, Val Loss: 0.4359, Val Acc: 0.8298
INFO:train:Epoch 18/100, Train Loss: 0.2022, Train Acc: 1.0000, Val Loss: 0.4374, Val Acc: 0.8511
INFO:train:Epoch 19/100, Train Loss: 0.2022, Train Acc: 1.0000, Val Loss: 0.4336, Val Acc: 0.8298
INFO:train:Early stopping
INFO:plot:Saving attention map to: figures/model_accuracy.png
INFO:__main__:Total time taken to train the model: 33.05s
INFO:__main__:train got 64 / 64 correct, accuracy: 1.0
INFO:plot:Saving cofusion matrix map to: figures/train_confusion_matrix.png
INFO:__main__:train got 64 / 64 correct, accuracy: 1.0
INFO:plot:Saving cofusion matrix map to: figures/train_confusion_matrix.png
INFO:__main__:train got 64 / 64 correct, accuracy: 1.0
INFO:plot:Saving cofusion matrix map to: figures/train_confusion_matrix.png
INFO:__main__:train got 64 / 64 correct, accuracy: 1.0
INFO:plot:Saving cofusion matrix map to: figures/train_confusion_matrix.png
INFO:__main__:train got 64 / 64 correct, accuracy: 1.0
INFO:plot:Saving cofusion matrix map to: figures/train_confusion_matrix.png
INFO:__main__:train got 64 / 64 correct, accuracy: 1.0
INFO:plot:Saving cofusion matrix map to: figures/train_confusion_matrix.png
INFO:__main__:train got 64 / 64 correct, accuracy: 1.0
INFO:plot:Saving cofusion matrix map to: figures/train_confusion_matrix.png
INFO:__main__:train got 64 / 64 correct, accuracy: 1.0
INFO:plot:Saving cofusion matrix map to: figures/train_confusion_matrix.png
INFO:__main__:train got 64 / 64 correct, accuracy: 1.0
INFO:plot:Saving cofusion matrix map to: figures/train_confusion_matrix.png
INFO:__main__:train got 64 / 64 correct, accuracy: 1.0
INFO:plot:Saving cofusion matrix map to: figures/train_confusion_matrix.png
INFO:__main__:train got 64 / 64 correct, accuracy: 1.0
INFO:plot:Saving cofusion matrix map to: figures/train_confusion_matrix.png
INFO:__main__:train got 64 / 64 correct, accuracy: 1.0
INFO:plot:Saving cofusion matrix map to: figures/train_confusion_matrix.png
INFO:__main__:train got 64 / 64 correct, accuracy: 1.0
INFO:plot:Saving cofusion matrix map to: figures/train_confusion_matrix.png
INFO:__main__:train got 64 / 64 correct, accuracy: 1.0
INFO:plot:Saving cofusion matrix map to: figures/train_confusion_matrix.png
INFO:__main__:train got 64 / 64 correct, accuracy: 1.0
INFO:plot:Saving cofusion matrix map to: figures/train_confusion_matrix.png
INFO:__main__:train got 64 / 64 correct, accuracy: 1.0
INFO:plot:Saving cofusion matrix map to: figures/train_confusion_matrix.png
INFO:__main__:train got 64 / 64 correct, accuracy: 1.0
INFO:plot:Saving cofusion matrix map to: figures/train_confusion_matrix.png
INFO:__main__:train got 34 / 34 correct, accuracy: 1.0
INFO:plot:Saving cofusion matrix map to: figures/train_confusion_matrix.png
INFO:__main__:validation got 40 / 47 correct, accuracy: 0.851063829787234
INFO:plot:Saving cofusion matrix map to: figures/validation_confusion_matrix.png
INFO:plot:Saving attention map to: figures/encoder_attention_map.png
