INFO:__main__:Dataset: species
INFO:train:Epoch 1/1000 	Train Loss: 0.7127, Train Acc: 0.5581	 Val Loss: 0.6442, Val Acc: 0.6364
INFO:train:Epoch 2/1000 	Train Loss: 0.6413, Train Acc: 0.6395	 Val Loss: 0.6760, Val Acc: 0.4545
INFO:train:Epoch 3/1000 	Train Loss: 0.6825, Train Acc: 0.5581	 Val Loss: 0.5796, Val Acc: 0.9091
INFO:train:Epoch 4/1000 	Train Loss: 0.5853, Train Acc: 0.7093	 Val Loss: 0.5441, Val Acc: 0.9091
INFO:train:Epoch 5/1000 	Train Loss: 0.6161, Train Acc: 0.6512	 Val Loss: 0.6157, Val Acc: 0.5909
INFO:train:Epoch 6/1000 	Train Loss: 0.6130, Train Acc: 0.7093	 Val Loss: 0.6066, Val Acc: 0.5909
INFO:train:Epoch 7/1000 	Train Loss: 0.5799, Train Acc: 0.7674	 Val Loss: 0.5170, Val Acc: 0.7727
INFO:train:Epoch 8/1000 	Train Loss: 0.5707, Train Acc: 0.7326	 Val Loss: 0.4238, Val Acc: 0.9091
INFO:train:Epoch 9/1000 	Train Loss: 0.5106, Train Acc: 0.7093	 Val Loss: 0.4796, Val Acc: 0.7727
INFO:train:Epoch 10/1000 	Train Loss: 0.4772, Train Acc: 0.8721	 Val Loss: 0.5934, Val Acc: 0.6818
INFO:train:Epoch 11/1000 	Train Loss: 0.4370, Train Acc: 0.8721	 Val Loss: 0.4056, Val Acc: 0.8182
INFO:train:Epoch 12/1000 	Train Loss: 0.4038, Train Acc: 0.8953	 Val Loss: 0.4310, Val Acc: 0.8182
INFO:train:Epoch 13/1000 	Train Loss: 0.3431, Train Acc: 0.9302	 Val Loss: 0.4608, Val Acc: 0.8182
INFO:train:Epoch 14/1000 	Train Loss: 0.3449, Train Acc: 0.9535	 Val Loss: 0.4063, Val Acc: 0.8636
INFO:train:Epoch 15/1000 	Train Loss: 0.2684, Train Acc: 0.9651	 Val Loss: 0.4389, Val Acc: 0.8636
INFO:train:Epoch 16/1000 	Train Loss: 0.2875, Train Acc: 0.9535	 Val Loss: 0.3508, Val Acc: 0.9091
INFO:train:Epoch 17/1000 	Train Loss: 0.2534, Train Acc: 0.9767	 Val Loss: 0.3921, Val Acc: 0.8636
INFO:train:Epoch 18/1000 	Train Loss: 0.2739, Train Acc: 0.9535	 Val Loss: 0.3373, Val Acc: 0.9091
INFO:train:Epoch 19/1000 	Train Loss: 0.2934, Train Acc: 0.9419	 Val Loss: 0.3360, Val Acc: 0.9545
INFO:train:Epoch 20/1000 	Train Loss: 0.2480, Train Acc: 0.9767	 Val Loss: 0.5581, Val Acc: 0.8182
INFO:train:Epoch 21/1000 	Train Loss: 0.2844, Train Acc: 0.9419	 Val Loss: 0.4519, Val Acc: 0.8636
INFO:train:Epoch 22/1000 	Train Loss: 0.2709, Train Acc: 0.9535	 Val Loss: 0.3340, Val Acc: 0.9545
INFO:train:Epoch 23/1000 	Train Loss: 0.2776, Train Acc: 0.9651	 Val Loss: 0.4782, Val Acc: 0.8636
INFO:train:Epoch 24/1000 	Train Loss: 0.2677, Train Acc: 0.9535	 Val Loss: 0.7787, Val Acc: 0.6818
INFO:train:Epoch 25/1000 	Train Loss: 0.2847, Train Acc: 0.9767	 Val Loss: 0.5146, Val Acc: 0.8636
INFO:train:Epoch 26/1000 	Train Loss: 0.2524, Train Acc: 1.0000	 Val Loss: 0.3568, Val Acc: 0.9545
INFO:train:Epoch 27/1000 	Train Loss: 0.2762, Train Acc: 0.9767	 Val Loss: 0.4042, Val Acc: 0.8636
INFO:train:Epoch 28/1000 	Train Loss: 0.2383, Train Acc: 0.9884	 Val Loss: 0.7051, Val Acc: 0.6818
INFO:train:Epoch 29/1000 	Train Loss: 0.3095, Train Acc: 0.9419	 Val Loss: 0.4839, Val Acc: 0.8636
INFO:train:Epoch 30/1000 	Train Loss: 0.2356, Train Acc: 1.0000	 Val Loss: 0.2944, Val Acc: 0.9545
INFO:train:Epoch 31/1000 	Train Loss: 0.2964, Train Acc: 0.9535	 Val Loss: 0.3336, Val Acc: 0.9545
INFO:train:Epoch 32/1000 	Train Loss: 0.2450, Train Acc: 0.9884	 Val Loss: 0.5659, Val Acc: 0.8182
INFO:train:Epoch 33/1000 	Train Loss: 0.2681, Train Acc: 0.9535	 Val Loss: 0.5126, Val Acc: 0.8182
INFO:train:Epoch 34/1000 	Train Loss: 0.2675, Train Acc: 0.9767	 Val Loss: 0.3235, Val Acc: 0.9545
INFO:train:Epoch 35/1000 	Train Loss: 0.2779, Train Acc: 0.9767	 Val Loss: 0.3525, Val Acc: 0.9545
INFO:train:Epoch 36/1000 	Train Loss: 0.2550, Train Acc: 0.9884	 Val Loss: 0.5413, Val Acc: 0.8182
INFO:train:Epoch 37/1000 	Train Loss: 0.2470, Train Acc: 0.9767	 Val Loss: 0.5784, Val Acc: 0.8182
INFO:train:Epoch 38/1000 	Train Loss: 0.2451, Train Acc: 1.0000	 Val Loss: 0.4351, Val Acc: 0.8636
INFO:train:Epoch 39/1000 	Train Loss: 0.2345, Train Acc: 1.0000	 Val Loss: 0.3996, Val Acc: 0.9091
INFO:train:Epoch 40/1000 	Train Loss: 0.2399, Train Acc: 0.9884	 Val Loss: 0.4896, Val Acc: 0.8636
INFO:train:Epoch 41/1000 	Train Loss: 0.2337, Train Acc: 0.9884	 Val Loss: 0.6878, Val Acc: 0.6818
INFO:train:Epoch 42/1000 	Train Loss: 0.2527, Train Acc: 0.9767	 Val Loss: 0.6983, Val Acc: 0.6818
INFO:train:Epoch 43/1000 	Train Loss: 0.2556, Train Acc: 0.9767	 Val Loss: 0.4598, Val Acc: 0.8636
INFO:train:Epoch 44/1000 	Train Loss: 0.2205, Train Acc: 1.0000	 Val Loss: 0.3454, Val Acc: 0.9545
INFO:train:Epoch 45/1000 	Train Loss: 0.2527, Train Acc: 0.9767	 Val Loss: 0.3890, Val Acc: 0.9091
INFO:train:Epoch 46/1000 	Train Loss: 0.2282, Train Acc: 1.0000	 Val Loss: 0.5196, Val Acc: 0.8636
INFO:train:Epoch 47/1000 	Train Loss: 0.2280, Train Acc: 1.0000	 Val Loss: 0.5373, Val Acc: 0.8636
INFO:train:Epoch 48/1000 	Train Loss: 0.2258, Train Acc: 1.0000	 Val Loss: 0.4210, Val Acc: 0.9091
INFO:train:Epoch 49/1000 	Train Loss: 0.2245, Train Acc: 1.0000	 Val Loss: 0.3433, Val Acc: 0.9545
INFO:train:Epoch 50/1000 	Train Loss: 0.2308, Train Acc: 0.9884	 Val Loss: 0.3521, Val Acc: 0.9545
INFO:train:Epoch 51/1000 	Train Loss: 0.2291, Train Acc: 0.9884	 Val Loss: 0.4716, Val Acc: 0.9091
INFO:train:Epoch 52/1000 	Train Loss: 0.2289, Train Acc: 1.0000	 Val Loss: 0.5770, Val Acc: 0.8182
INFO:train:Epoch 53/1000 	Train Loss: 0.2406, Train Acc: 0.9884	 Val Loss: 0.4481, Val Acc: 0.9091
INFO:train:Epoch 54/1000 	Train Loss: 0.2188, Train Acc: 1.0000	 Val Loss: 0.3269, Val Acc: 0.9545
INFO:train:Epoch 55/1000 	Train Loss: 0.2499, Train Acc: 1.0000	 Val Loss: 0.3845, Val Acc: 0.9091
INFO:train:Epoch 56/1000 	Train Loss: 0.2139, Train Acc: 1.0000	 Val Loss: 0.7024, Val Acc: 0.6818
INFO:train:Epoch 57/1000 	Train Loss: 0.2435, Train Acc: 0.9884	 Val Loss: 0.7125, Val Acc: 0.6818
INFO:train:Epoch 58/1000 	Train Loss: 0.2355, Train Acc: 0.9884	 Val Loss: 0.4396, Val Acc: 0.9091
INFO:train:Epoch 59/1000 	Train Loss: 0.2231, Train Acc: 1.0000	 Val Loss: 0.3684, Val Acc: 0.9545
INFO:train:Epoch 60/1000 	Train Loss: 0.2386, Train Acc: 0.9884	 Val Loss: 0.4451, Val Acc: 0.9091
INFO:train:Epoch 61/1000 	Train Loss: 0.2194, Train Acc: 1.0000	 Val Loss: 0.6110, Val Acc: 0.7727
INFO:train:Epoch 62/1000 	Train Loss: 0.2291, Train Acc: 1.0000	 Val Loss: 0.6033, Val Acc: 0.7727
INFO:train:Epoch 63/1000 	Train Loss: 0.2268, Train Acc: 1.0000	 Val Loss: 0.4841, Val Acc: 0.9091
INFO:train:Epoch 64/1000 	Train Loss: 0.2142, Train Acc: 1.0000	 Val Loss: 0.4108, Val Acc: 0.9091
INFO:train:Epoch 65/1000 	Train Loss: 0.2221, Train Acc: 0.9884	 Val Loss: 0.4524, Val Acc: 0.9091
INFO:train:Epoch 66/1000 	Train Loss: 0.2121, Train Acc: 1.0000	 Val Loss: 0.5679, Val Acc: 0.8182
INFO:train:Epoch 67/1000 	Train Loss: 0.2236, Train Acc: 1.0000	 Val Loss: 0.5557, Val Acc: 0.8636
INFO:train:Epoch 68/1000 	Train Loss: 0.2201, Train Acc: 0.9884	 Val Loss: 0.4026, Val Acc: 0.9091
INFO:train:Epoch 69/1000 	Train Loss: 0.2280, Train Acc: 0.9884	 Val Loss: 0.3486, Val Acc: 0.9545
INFO:train:Epoch 70/1000 	Train Loss: 0.2348, Train Acc: 1.0000	 Val Loss: 0.4783, Val Acc: 0.9091
INFO:train:Epoch 71/1000 	Train Loss: 0.2241, Train Acc: 1.0000	 Val Loss: 0.6574, Val Acc: 0.6818
INFO:train:Epoch 72/1000 	Train Loss: 0.2487, Train Acc: 0.9884	 Val Loss: 0.4213, Val Acc: 0.9091
INFO:train:Epoch 73/1000 	Train Loss: 0.2222, Train Acc: 0.9884	 Val Loss: 0.3507, Val Acc: 0.9545
INFO:train:Epoch 74/1000 	Train Loss: 0.2358, Train Acc: 0.9767	 Val Loss: 0.4179, Val Acc: 0.9091
INFO:train:Epoch 75/1000 	Train Loss: 0.2253, Train Acc: 1.0000	 Val Loss: 0.6099, Val Acc: 0.8182
INFO:train:Epoch 76/1000 	Train Loss: 0.2465, Train Acc: 0.9767	 Val Loss: 0.5233, Val Acc: 0.8636
INFO:train:Epoch 77/1000 	Train Loss: 0.2249, Train Acc: 1.0000	 Val Loss: 0.3867, Val Acc: 0.9091
INFO:train:Epoch 78/1000 	Train Loss: 0.2211, Train Acc: 1.0000	 Val Loss: 0.3496, Val Acc: 0.9545
INFO:train:Epoch 79/1000 	Train Loss: 0.2284, Train Acc: 1.0000	 Val Loss: 0.4112, Val Acc: 0.9091
INFO:train:Epoch 80/1000 	Train Loss: 0.2172, Train Acc: 1.0000	 Val Loss: 0.5437, Val Acc: 0.8636
INFO:train:Epoch 81/1000 	Train Loss: 0.2179, Train Acc: 1.0000	 Val Loss: 0.5732, Val Acc: 0.8182
INFO:train:Epoch 82/1000 	Train Loss: 0.2193, Train Acc: 1.0000	 Val Loss: 0.4666, Val Acc: 0.9091
INFO:train:Epoch 83/1000 	Train Loss: 0.2159, Train Acc: 1.0000	 Val Loss: 0.3857, Val Acc: 0.9091
INFO:train:Epoch 84/1000 	Train Loss: 0.2188, Train Acc: 1.0000	 Val Loss: 0.4011, Val Acc: 0.9091
INFO:train:Epoch 85/1000 	Train Loss: 0.2153, Train Acc: 1.0000	 Val Loss: 0.5182, Val Acc: 0.8636
INFO:train:Epoch 86/1000 	Train Loss: 0.2228, Train Acc: 0.9884	 Val Loss: 0.5383, Val Acc: 0.8636
INFO:train:Epoch 87/1000 	Train Loss: 0.2202, Train Acc: 1.0000	 Val Loss: 0.4651, Val Acc: 0.9091
INFO:train:Epoch 88/1000 	Train Loss: 0.2109, Train Acc: 1.0000	 Val Loss: 0.3814, Val Acc: 0.9091
INFO:train:Epoch 89/1000 	Train Loss: 0.2186, Train Acc: 1.0000	 Val Loss: 0.4016, Val Acc: 0.9091
INFO:train:Epoch 90/1000 	Train Loss: 0.2113, Train Acc: 1.0000	 Val Loss: 0.4574, Val Acc: 0.9091
INFO:train:Epoch 91/1000 	Train Loss: 0.2104, Train Acc: 1.0000	 Val Loss: 0.5102, Val Acc: 0.8636
INFO:train:Epoch 92/1000 	Train Loss: 0.2096, Train Acc: 1.0000	 Val Loss: 0.5357, Val Acc: 0.8636
INFO:train:Epoch 93/1000 	Train Loss: 0.2135, Train Acc: 1.0000	 Val Loss: 0.4711, Val Acc: 0.8636
INFO:train:Epoch 94/1000 	Train Loss: 0.2110, Train Acc: 1.0000	 Val Loss: 0.4123, Val Acc: 0.9091
INFO:train:Epoch 95/1000 	Train Loss: 0.2138, Train Acc: 1.0000	 Val Loss: 0.4302, Val Acc: 0.9091
INFO:train:Epoch 96/1000 	Train Loss: 0.2093, Train Acc: 1.0000	 Val Loss: 0.4855, Val Acc: 0.8636
INFO:train:Early stopping triggered after 96 epochs
INFO:plot:Saving attention map to: figures/model_accuracy.png
INFO:__main__:Best model saved to checkpoints/LSTM_checkpoint_6.pth
INFO:train:train got 64 / 64 correct, accuracy: 1.0
INFO:plot:Saving cofusion matrix map to: figures/train_confusion_matrix.png
INFO:train:train got 22 / 22 correct, accuracy: 1.0
INFO:plot:Saving cofusion matrix map to: figures/train_confusion_matrix.png
INFO:train:Total time taken evaluate on train set the model: 0.16s
INFO:train:validation got 19 / 22 correct, accuracy: 0.8636363636363636
INFO:plot:Saving cofusion matrix map to: figures/validation_confusion_matrix.png
INFO:train:Total time taken evaluate on validation set the model: 0.07s
