INFO:__main__:Dataset: species
INFO:train:Epoch 1/1000 	Train Loss: 0.7951, Train Acc: 0.5581	 Val Loss: 0.9938, Val Acc: 0.4545
INFO:train:Epoch 2/1000 	Train Loss: 0.8077, Train Acc: 0.4651	 Val Loss: 0.6749, Val Acc: 0.5909
INFO:train:Epoch 3/1000 	Train Loss: 0.6879, Train Acc: 0.6163	 Val Loss: 0.7118, Val Acc: 0.5455
INFO:train:Epoch 4/1000 	Train Loss: 0.7284, Train Acc: 0.5698	 Val Loss: 0.6762, Val Acc: 0.5909
INFO:train:Epoch 5/1000 	Train Loss: 0.6682, Train Acc: 0.6395	 Val Loss: 0.6501, Val Acc: 0.5909
INFO:train:Epoch 6/1000 	Train Loss: 0.6600, Train Acc: 0.6047	 Val Loss: 0.6843, Val Acc: 0.5455
INFO:train:Epoch 7/1000 	Train Loss: 0.6341, Train Acc: 0.6395	 Val Loss: 0.7145, Val Acc: 0.4545
INFO:train:Epoch 8/1000 	Train Loss: 0.6321, Train Acc: 0.6860	 Val Loss: 0.6982, Val Acc: 0.5000
INFO:train:Epoch 9/1000 	Train Loss: 0.6002, Train Acc: 0.7442	 Val Loss: 0.6404, Val Acc: 0.8636
INFO:train:Epoch 10/1000 	Train Loss: 0.5887, Train Acc: 0.7442	 Val Loss: 0.6022, Val Acc: 0.8636
INFO:train:Epoch 11/1000 	Train Loss: 0.5695, Train Acc: 0.7326	 Val Loss: 0.5848, Val Acc: 0.5909
INFO:train:Epoch 12/1000 	Train Loss: 0.5735, Train Acc: 0.7209	 Val Loss: 0.5762, Val Acc: 0.8636
INFO:train:Epoch 13/1000 	Train Loss: 0.5666, Train Acc: 0.6744	 Val Loss: 0.6141, Val Acc: 0.8182
INFO:train:Epoch 14/1000 	Train Loss: 0.5227, Train Acc: 0.8605	 Val Loss: 0.6624, Val Acc: 0.6364
INFO:train:Epoch 15/1000 	Train Loss: 0.4883, Train Acc: 0.8721	 Val Loss: 0.6148, Val Acc: 0.7727
INFO:train:Epoch 16/1000 	Train Loss: 0.4658, Train Acc: 0.8953	 Val Loss: 0.4810, Val Acc: 0.8636
INFO:train:Epoch 17/1000 	Train Loss: 0.4184, Train Acc: 0.9070	 Val Loss: 0.4124, Val Acc: 0.8636
INFO:train:Epoch 18/1000 	Train Loss: 0.4256, Train Acc: 0.9070	 Val Loss: 0.4634, Val Acc: 0.8636
INFO:train:Epoch 19/1000 	Train Loss: 0.3790, Train Acc: 0.8837	 Val Loss: 0.5835, Val Acc: 0.7727
INFO:train:Epoch 20/1000 	Train Loss: 0.3457, Train Acc: 0.9186	 Val Loss: 0.3491, Val Acc: 0.9091
INFO:train:Epoch 21/1000 	Train Loss: 0.2906, Train Acc: 0.9651	 Val Loss: 0.3739, Val Acc: 0.9091
INFO:train:Epoch 22/1000 	Train Loss: 0.3129, Train Acc: 0.9419	 Val Loss: 0.4908, Val Acc: 0.9091
INFO:train:Epoch 23/1000 	Train Loss: 0.2837, Train Acc: 0.9419	 Val Loss: 0.3545, Val Acc: 0.9091
INFO:train:Epoch 24/1000 	Train Loss: 0.2725, Train Acc: 0.9767	 Val Loss: 0.3343, Val Acc: 0.9545
INFO:train:Epoch 25/1000 	Train Loss: 0.2517, Train Acc: 1.0000	 Val Loss: 0.4641, Val Acc: 0.9091
INFO:train:Epoch 26/1000 	Train Loss: 0.2664, Train Acc: 0.9651	 Val Loss: 0.3574, Val Acc: 0.9091
INFO:train:Epoch 27/1000 	Train Loss: 0.2612, Train Acc: 0.9767	 Val Loss: 0.2985, Val Acc: 0.9545
INFO:train:Epoch 28/1000 	Train Loss: 0.2779, Train Acc: 0.9535	 Val Loss: 0.3409, Val Acc: 0.9545
INFO:train:Epoch 29/1000 	Train Loss: 0.2681, Train Acc: 0.9767	 Val Loss: 0.4722, Val Acc: 0.9091
INFO:train:Epoch 30/1000 	Train Loss: 0.2847, Train Acc: 0.9419	 Val Loss: 0.3665, Val Acc: 0.9091
INFO:train:Epoch 31/1000 	Train Loss: 0.2527, Train Acc: 0.9767	 Val Loss: 0.2696, Val Acc: 0.9545
INFO:train:Epoch 32/1000 	Train Loss: 0.2551, Train Acc: 0.9884	 Val Loss: 0.2962, Val Acc: 0.9545
INFO:train:Epoch 33/1000 	Train Loss: 0.2689, Train Acc: 0.9767	 Val Loss: 0.3752, Val Acc: 0.9545
INFO:train:Epoch 34/1000 	Train Loss: 0.2711, Train Acc: 0.9535	 Val Loss: 0.2967, Val Acc: 0.9545
INFO:train:Epoch 35/1000 	Train Loss: 0.2533, Train Acc: 0.9884	 Val Loss: 0.2632, Val Acc: 0.9545
INFO:train:Epoch 36/1000 	Train Loss: 0.2782, Train Acc: 0.9419	 Val Loss: 0.3722, Val Acc: 0.9545
INFO:train:Epoch 37/1000 	Train Loss: 0.2505, Train Acc: 0.9535	 Val Loss: 0.5706, Val Acc: 0.8636
INFO:train:Epoch 38/1000 	Train Loss: 0.2578, Train Acc: 0.9767	 Val Loss: 0.4760, Val Acc: 0.8636
INFO:train:Epoch 39/1000 	Train Loss: 0.2550, Train Acc: 0.9535	 Val Loss: 0.3506, Val Acc: 0.9545
INFO:train:Epoch 40/1000 	Train Loss: 0.2369, Train Acc: 0.9884	 Val Loss: 0.4025, Val Acc: 0.9091
INFO:train:Epoch 41/1000 	Train Loss: 0.2342, Train Acc: 0.9884	 Val Loss: 0.5037, Val Acc: 0.8636
INFO:train:Epoch 42/1000 	Train Loss: 0.2415, Train Acc: 0.9884	 Val Loss: 0.4031, Val Acc: 0.9545
INFO:train:Epoch 43/1000 	Train Loss: 0.2301, Train Acc: 0.9884	 Val Loss: 0.3035, Val Acc: 0.9545
INFO:train:Epoch 44/1000 	Train Loss: 0.2395, Train Acc: 1.0000	 Val Loss: 0.3761, Val Acc: 0.9545
INFO:train:Epoch 45/1000 	Train Loss: 0.2296, Train Acc: 1.0000	 Val Loss: 0.5458, Val Acc: 0.8636
INFO:train:Epoch 46/1000 	Train Loss: 0.2483, Train Acc: 0.9767	 Val Loss: 0.4260, Val Acc: 0.9091
INFO:train:Epoch 47/1000 	Train Loss: 0.2265, Train Acc: 1.0000	 Val Loss: 0.3378, Val Acc: 0.9545
INFO:train:Epoch 48/1000 	Train Loss: 0.2290, Train Acc: 1.0000	 Val Loss: 0.4155, Val Acc: 0.9545
INFO:train:Epoch 49/1000 	Train Loss: 0.2263, Train Acc: 1.0000	 Val Loss: 0.4873, Val Acc: 0.8636
INFO:train:Epoch 50/1000 	Train Loss: 0.2307, Train Acc: 1.0000	 Val Loss: 0.3851, Val Acc: 0.9545
INFO:train:Epoch 51/1000 	Train Loss: 0.2206, Train Acc: 1.0000	 Val Loss: 0.3337, Val Acc: 0.9545
INFO:train:Epoch 52/1000 	Train Loss: 0.2229, Train Acc: 1.0000	 Val Loss: 0.3583, Val Acc: 0.9545
INFO:train:Epoch 53/1000 	Train Loss: 0.2257, Train Acc: 1.0000	 Val Loss: 0.4581, Val Acc: 0.8636
INFO:train:Epoch 54/1000 	Train Loss: 0.2243, Train Acc: 1.0000	 Val Loss: 0.4801, Val Acc: 0.8636
INFO:train:Epoch 55/1000 	Train Loss: 0.2262, Train Acc: 1.0000	 Val Loss: 0.4676, Val Acc: 0.8636
INFO:train:Epoch 56/1000 	Train Loss: 0.2223, Train Acc: 1.0000	 Val Loss: 0.4467, Val Acc: 0.8636
INFO:train:Early stopping triggered after 56 epochs
INFO:plot:Saving attention map to: figures/model_accuracy.png
INFO:__main__:Best model saved to checkpoints/LSTM_checkpoint_5.pth
INFO:train:train got 64 / 64 correct, accuracy: 1.0
INFO:plot:Saving cofusion matrix map to: figures/train_confusion_matrix.png
INFO:train:train got 22 / 22 correct, accuracy: 1.0
INFO:plot:Saving cofusion matrix map to: figures/train_confusion_matrix.png
INFO:train:Total time taken evaluate on train set the model: 0.16s
INFO:train:validation got 19 / 22 correct, accuracy: 0.8636363636363636
INFO:plot:Saving cofusion matrix map to: figures/validation_confusion_matrix.png
INFO:train:Total time taken evaluate on validation set the model: 0.07s
