INFO:train:Epoch 1/1000 	Train Loss: 2.0420, Train Acc: 0.1100	 Val Loss: 1.9448, Val Acc: 0.1154
INFO:train:Epoch 2/1000 	Train Loss: 1.9047, Train Acc: 0.2200	 Val Loss: 1.9445, Val Acc: 0.1538
INFO:train:Epoch 3/1000 	Train Loss: 1.8111, Train Acc: 0.2900	 Val Loss: 1.9373, Val Acc: 0.1538
INFO:train:Epoch 4/1000 	Train Loss: 1.6863, Train Acc: 0.3500	 Val Loss: 1.9313, Val Acc: 0.1538
INFO:train:Epoch 5/1000 	Train Loss: 1.6852, Train Acc: 0.3900	 Val Loss: 1.9240, Val Acc: 0.1923
INFO:train:Epoch 6/1000 	Train Loss: 1.5818, Train Acc: 0.4400	 Val Loss: 1.9130, Val Acc: 0.2308
INFO:train:Epoch 7/1000 	Train Loss: 1.4903, Train Acc: 0.5200	 Val Loss: 1.9010, Val Acc: 0.3462
INFO:train:Epoch 8/1000 	Train Loss: 1.4697, Train Acc: 0.5600	 Val Loss: 1.8946, Val Acc: 0.2692
INFO:train:Epoch 9/1000 	Train Loss: 1.4119, Train Acc: 0.6000	 Val Loss: 1.8882, Val Acc: 0.1538
INFO:train:Epoch 10/1000 	Train Loss: 1.3684, Train Acc: 0.6000	 Val Loss: 1.8845, Val Acc: 0.1538
INFO:train:Epoch 11/1000 	Train Loss: 1.3338, Train Acc: 0.6000	 Val Loss: 1.8717, Val Acc: 0.1923
INFO:train:Epoch 12/1000 	Train Loss: 1.2574, Train Acc: 0.6800	 Val Loss: 1.8741, Val Acc: 0.1923
INFO:train:Epoch 13/1000 	Train Loss: 1.2594, Train Acc: 0.6900	 Val Loss: 1.8896, Val Acc: 0.1923
INFO:train:Epoch 14/1000 	Train Loss: 1.2022, Train Acc: 0.7100	 Val Loss: 1.9318, Val Acc: 0.1923
INFO:train:Epoch 15/1000 	Train Loss: 1.1556, Train Acc: 0.6800	 Val Loss: 1.9899, Val Acc: 0.1923
INFO:train:Epoch 16/1000 	Train Loss: 1.0667, Train Acc: 0.8000	 Val Loss: 2.0776, Val Acc: 0.1923
INFO:train:Epoch 17/1000 	Train Loss: 1.0659, Train Acc: 0.8100	 Val Loss: 2.2138, Val Acc: 0.2308
INFO:train:Epoch 18/1000 	Train Loss: 1.0163, Train Acc: 0.7800	 Val Loss: 2.3449, Val Acc: 0.2308
INFO:train:Epoch 19/1000 	Train Loss: 0.9018, Train Acc: 0.8700	 Val Loss: 2.4311, Val Acc: 0.2308
INFO:train:Epoch 20/1000 	Train Loss: 0.9014, Train Acc: 0.8400	 Val Loss: 2.6674, Val Acc: 0.2308
INFO:train:Epoch 21/1000 	Train Loss: 0.8922, Train Acc: 0.8700	 Val Loss: 2.9540, Val Acc: 0.2308
INFO:train:Epoch 22/1000 	Train Loss: 0.8677, Train Acc: 0.8800	 Val Loss: 3.1296, Val Acc: 0.2692
INFO:train:Epoch 23/1000 	Train Loss: 0.8014, Train Acc: 0.9100	 Val Loss: 3.2424, Val Acc: 0.2308
INFO:train:Epoch 24/1000 	Train Loss: 0.8108, Train Acc: 0.8600	 Val Loss: 3.5621, Val Acc: 0.2308
INFO:train:Epoch 25/1000 	Train Loss: 0.7743, Train Acc: 0.9000	 Val Loss: 3.9621, Val Acc: 0.1923
INFO:train:Epoch 26/1000 	Train Loss: 0.7464, Train Acc: 0.9500	 Val Loss: 4.3658, Val Acc: 0.1923
INFO:train:Epoch 27/1000 	Train Loss: 0.7200, Train Acc: 0.9600	 Val Loss: 4.5171, Val Acc: 0.2308
INFO:train:Epoch 28/1000 	Train Loss: 0.7374, Train Acc: 0.9200	 Val Loss: 4.5341, Val Acc: 0.2308
INFO:train:Epoch 29/1000 	Train Loss: 0.6721, Train Acc: 0.9500	 Val Loss: 4.5756, Val Acc: 0.1923
INFO:train:Epoch 30/1000 	Train Loss: 0.6394, Train Acc: 0.9500	 Val Loss: 4.6878, Val Acc: 0.2308
INFO:train:Epoch 31/1000 	Train Loss: 0.6179, Train Acc: 0.9700	 Val Loss: 4.7535, Val Acc: 0.2308
INFO:train:Epoch 32/1000 	Train Loss: 0.6308, Train Acc: 0.9700	 Val Loss: 4.9225, Val Acc: 0.2308
INFO:train:Epoch 33/1000 	Train Loss: 0.6382, Train Acc: 0.9500	 Val Loss: 5.2601, Val Acc: 0.1923
INFO:train:Epoch 34/1000 	Train Loss: 0.5829, Train Acc: 0.9800	 Val Loss: 5.5406, Val Acc: 0.1923
INFO:train:Epoch 35/1000 	Train Loss: 0.5848, Train Acc: 0.9700	 Val Loss: 5.7399, Val Acc: 0.1923
INFO:train:Epoch 36/1000 	Train Loss: 0.6175, Train Acc: 0.9700	 Val Loss: 5.6094, Val Acc: 0.1923
INFO:train:Epoch 37/1000 	Train Loss: 0.5711, Train Acc: 0.9800	 Val Loss: 5.4483, Val Acc: 0.1923
INFO:train:Epoch 38/1000 	Train Loss: 0.5530, Train Acc: 0.9800	 Val Loss: 5.5271, Val Acc: 0.1923
INFO:train:Epoch 39/1000 	Train Loss: 0.5492, Train Acc: 0.9800	 Val Loss: 5.3887, Val Acc: 0.1923
INFO:train:Epoch 40/1000 	Train Loss: 0.5515, Train Acc: 0.9800	 Val Loss: 5.2924, Val Acc: 0.2308
INFO:train:Epoch 41/1000 	Train Loss: 0.5284, Train Acc: 0.9900	 Val Loss: 5.3370, Val Acc: 0.1923
INFO:train:Epoch 42/1000 	Train Loss: 0.5175, Train Acc: 0.9800	 Val Loss: 5.3459, Val Acc: 0.1923
INFO:train:Epoch 43/1000 	Train Loss: 0.5782, Train Acc: 0.9700	 Val Loss: 5.7124, Val Acc: 0.1923
INFO:train:Epoch 44/1000 	Train Loss: 0.5611, Train Acc: 0.9800	 Val Loss: 6.0811, Val Acc: 0.1538
INFO:train:Epoch 45/1000 	Train Loss: 0.5496, Train Acc: 0.9800	 Val Loss: 6.3767, Val Acc: 0.1538
INFO:train:Epoch 46/1000 	Train Loss: 0.5348, Train Acc: 1.0000	 Val Loss: 6.2610, Val Acc: 0.1923
INFO:train:Epoch 47/1000 	Train Loss: 0.5091, Train Acc: 1.0000	 Val Loss: 5.6129, Val Acc: 0.2308
INFO:train:Epoch 48/1000 	Train Loss: 0.5415, Train Acc: 0.9800	 Val Loss: 5.3614, Val Acc: 0.2308
INFO:train:Epoch 49/1000 	Train Loss: 0.5124, Train Acc: 1.0000	 Val Loss: 5.2811, Val Acc: 0.2308
INFO:train:Epoch 50/1000 	Train Loss: 0.5407, Train Acc: 0.9900	 Val Loss: 5.3849, Val Acc: 0.2308
INFO:train:Epoch 51/1000 	Train Loss: 0.5877, Train Acc: 0.9600	 Val Loss: 5.5413, Val Acc: 0.1923
INFO:train:Epoch 52/1000 	Train Loss: 0.5453, Train Acc: 0.9900	 Val Loss: 5.6450, Val Acc: 0.1923
INFO:train:Epoch 53/1000 	Train Loss: 0.5451, Train Acc: 0.9900	 Val Loss: 5.3736, Val Acc: 0.1923
INFO:train:Epoch 54/1000 	Train Loss: 0.5430, Train Acc: 0.9800	 Val Loss: 4.6644, Val Acc: 0.2692
INFO:train:Epoch 55/1000 	Train Loss: 0.5062, Train Acc: 1.0000	 Val Loss: 4.2101, Val Acc: 0.3077
INFO:train:Epoch 56/1000 	Train Loss: 0.5298, Train Acc: 0.9900	 Val Loss: 4.0862, Val Acc: 0.3077
INFO:train:Epoch 57/1000 	Train Loss: 0.5308, Train Acc: 0.9900	 Val Loss: 3.8840, Val Acc: 0.3462
INFO:train:Epoch 58/1000 	Train Loss: 0.5246, Train Acc: 1.0000	 Val Loss: 3.8715, Val Acc: 0.3077
INFO:train:Epoch 59/1000 	Train Loss: 0.5146, Train Acc: 0.9900	 Val Loss: 4.1572, Val Acc: 0.3077
INFO:train:Epoch 60/1000 	Train Loss: 0.5141, Train Acc: 0.9900	 Val Loss: 4.5616, Val Acc: 0.3077
INFO:train:Epoch 61/1000 	Train Loss: 0.5151, Train Acc: 0.9900	 Val Loss: 4.8364, Val Acc: 0.2308
INFO:train:Epoch 62/1000 	Train Loss: 0.5068, Train Acc: 1.0000	 Val Loss: 4.9728, Val Acc: 0.2308
INFO:train:Epoch 63/1000 	Train Loss: 0.5380, Train Acc: 0.9900	 Val Loss: 5.1087, Val Acc: 0.2308
INFO:train:Epoch 64/1000 	Train Loss: 0.5330, Train Acc: 0.9800	 Val Loss: 5.1884, Val Acc: 0.2692
INFO:train:Epoch 65/1000 	Train Loss: 0.5051, Train Acc: 1.0000	 Val Loss: 5.2885, Val Acc: 0.2308
INFO:train:Epoch 66/1000 	Train Loss: 0.5040, Train Acc: 1.0000	 Val Loss: 5.3822, Val Acc: 0.2308
INFO:train:Epoch 67/1000 	Train Loss: 0.5544, Train Acc: 0.9800	 Val Loss: 5.6604, Val Acc: 0.1923
INFO:train:Epoch 68/1000 	Train Loss: 0.5244, Train Acc: 0.9900	 Val Loss: 5.9733, Val Acc: 0.1538
INFO:train:Epoch 69/1000 	Train Loss: 0.5261, Train Acc: 0.9800	 Val Loss: 5.7210, Val Acc: 0.1538
INFO:train:Epoch 70/1000 	Train Loss: 0.5135, Train Acc: 0.9900	 Val Loss: 5.2925, Val Acc: 0.1538
INFO:train:Epoch 71/1000 	Train Loss: 0.5013, Train Acc: 1.0000	 Val Loss: 5.1102, Val Acc: 0.1538
INFO:train:Epoch 72/1000 	Train Loss: 0.4886, Train Acc: 1.0000	 Val Loss: 4.8890, Val Acc: 0.1538
INFO:train:Epoch 73/1000 	Train Loss: 0.5062, Train Acc: 0.9900	 Val Loss: 4.6726, Val Acc: 0.1538
INFO:train:Epoch 74/1000 	Train Loss: 0.5002, Train Acc: 1.0000	 Val Loss: 4.5227, Val Acc: 0.2308
INFO:train:Epoch 75/1000 	Train Loss: 0.5641, Train Acc: 0.9700	 Val Loss: 4.6632, Val Acc: 0.2308
INFO:train:Epoch 76/1000 	Train Loss: 0.5023, Train Acc: 0.9900	 Val Loss: 4.8216, Val Acc: 0.2308
INFO:train:Epoch 77/1000 	Train Loss: 0.5028, Train Acc: 0.9900	 Val Loss: 4.8753, Val Acc: 0.2308
INFO:train:Epoch 78/1000 	Train Loss: 0.4904, Train Acc: 1.0000	 Val Loss: 4.9290, Val Acc: 0.2308
INFO:train:Epoch 79/1000 	Train Loss: 0.4958, Train Acc: 1.0000	 Val Loss: 5.0461, Val Acc: 0.1923
INFO:train:Epoch 80/1000 	Train Loss: 0.4904, Train Acc: 1.0000	 Val Loss: 5.1457, Val Acc: 0.1538
INFO:train:Epoch 81/1000 	Train Loss: 0.4882, Train Acc: 1.0000	 Val Loss: 5.1227, Val Acc: 0.1538
INFO:train:Epoch 82/1000 	Train Loss: 0.4834, Train Acc: 1.0000	 Val Loss: 5.0777, Val Acc: 0.1538
INFO:train:Epoch 83/1000 	Train Loss: 0.4870, Train Acc: 1.0000	 Val Loss: 4.9687, Val Acc: 0.1538
INFO:train:Epoch 84/1000 	Train Loss: 0.4809, Train Acc: 1.0000	 Val Loss: 4.8405, Val Acc: 0.1538
INFO:train:Epoch 85/1000 	Train Loss: 0.4887, Train Acc: 1.0000	 Val Loss: 4.8246, Val Acc: 0.1538
INFO:train:Epoch 86/1000 	Train Loss: 0.4890, Train Acc: 1.0000	 Val Loss: 4.7810, Val Acc: 0.1538
INFO:train:Epoch 87/1000 	Train Loss: 0.4918, Train Acc: 1.0000	 Val Loss: 4.5892, Val Acc: 0.1538
INFO:train:Early stopping triggered after 87 epochs
INFO:plot:Saving attention map to: figures/model_accuracy.png
INFO:train:train got 64 / 64 correct, accuracy: 1.0
INFO:plot:Saving cofusion matrix map to: figures/train_confusion_matrix.png
INFO:train:train got 36 / 36 correct, accuracy: 1.0
INFO:plot:Saving cofusion matrix map to: figures/train_confusion_matrix.png
INFO:train:Total time taken evaluate on train set the model: 0.23s
INFO:train:validation got 4 / 26 correct, accuracy: 0.15384615384615385
INFO:plot:Saving cofusion matrix map to: figures/validation_confusion_matrix.png
INFO:train:Total time taken evaluate on validation set the model: 0.12s
