INFO:__main__:Dataset: cross-species
INFO:train:Epoch 1/1000 	Train Loss: 1.1022, Train Acc: 0.3197	 Val Loss: 1.0982, Val Acc: 0.4194
INFO:train:Epoch 2/1000 	Train Loss: 1.1017, Train Acc: 0.3443	 Val Loss: 1.0899, Val Acc: 0.4194
INFO:train:Epoch 3/1000 	Train Loss: 1.1016, Train Acc: 0.3115	 Val Loss: 1.0840, Val Acc: 0.3871
INFO:train:Epoch 4/1000 	Train Loss: 1.0974, Train Acc: 0.3689	 Val Loss: 1.1020, Val Acc: 0.3871
INFO:train:Epoch 5/1000 	Train Loss: 1.0944, Train Acc: 0.4098	 Val Loss: 1.0911, Val Acc: 0.3871
INFO:train:Epoch 6/1000 	Train Loss: 1.0909, Train Acc: 0.3689	 Val Loss: 1.0865, Val Acc: 0.3871
INFO:train:Epoch 7/1000 	Train Loss: 1.0903, Train Acc: 0.3770	 Val Loss: 1.1106, Val Acc: 0.3871
INFO:train:Epoch 8/1000 	Train Loss: 1.0860, Train Acc: 0.3934	 Val Loss: 1.0849, Val Acc: 0.3871
INFO:train:Epoch 9/1000 	Train Loss: 1.0866, Train Acc: 0.4098	 Val Loss: 1.0980, Val Acc: 0.3871
INFO:train:Epoch 10/1000 	Train Loss: 1.1012, Train Acc: 0.3934	 Val Loss: 1.1016, Val Acc: 0.3871
INFO:train:Epoch 11/1000 	Train Loss: 1.0930, Train Acc: 0.3934	 Val Loss: 1.0908, Val Acc: 0.3871
INFO:train:Epoch 12/1000 	Train Loss: 1.0770, Train Acc: 0.3934	 Val Loss: 1.0700, Val Acc: 0.3871
INFO:train:Epoch 13/1000 	Train Loss: 1.0723, Train Acc: 0.4016	 Val Loss: 1.0415, Val Acc: 0.3871
INFO:train:Epoch 14/1000 	Train Loss: 1.0612, Train Acc: 0.4016	 Val Loss: 1.0358, Val Acc: 0.3871
INFO:train:Epoch 15/1000 	Train Loss: 1.0551, Train Acc: 0.4098	 Val Loss: 1.0483, Val Acc: 0.3871
INFO:train:Epoch 16/1000 	Train Loss: 1.0232, Train Acc: 0.4098	 Val Loss: 1.0252, Val Acc: 0.4516
INFO:train:Epoch 17/1000 	Train Loss: 1.0012, Train Acc: 0.5000	 Val Loss: 0.9811, Val Acc: 0.5806
INFO:train:Epoch 18/1000 	Train Loss: 0.9713, Train Acc: 0.5410	 Val Loss: 0.9948, Val Acc: 0.5161
INFO:train:Epoch 19/1000 	Train Loss: 0.9598, Train Acc: 0.5656	 Val Loss: 0.9930, Val Acc: 0.5806
INFO:train:Epoch 20/1000 	Train Loss: 0.9383, Train Acc: 0.5820	 Val Loss: 0.9581, Val Acc: 0.5806
INFO:train:Epoch 21/1000 	Train Loss: 0.9250, Train Acc: 0.6803	 Val Loss: 0.9654, Val Acc: 0.6129
INFO:train:Epoch 22/1000 	Train Loss: 0.8995, Train Acc: 0.6967	 Val Loss: 0.9338, Val Acc: 0.6129
INFO:train:Epoch 23/1000 	Train Loss: 0.8826, Train Acc: 0.6967	 Val Loss: 0.9698, Val Acc: 0.5806
INFO:train:Epoch 24/1000 	Train Loss: 0.8597, Train Acc: 0.7131	 Val Loss: 0.9820, Val Acc: 0.5484
INFO:train:Epoch 25/1000 	Train Loss: 0.8459, Train Acc: 0.7213	 Val Loss: 0.9576, Val Acc: 0.6129
INFO:train:Epoch 26/1000 	Train Loss: 0.8426, Train Acc: 0.7541	 Val Loss: 0.9525, Val Acc: 0.6129
INFO:train:Epoch 27/1000 	Train Loss: 0.8353, Train Acc: 0.7869	 Val Loss: 0.9884, Val Acc: 0.5806
INFO:train:Epoch 28/1000 	Train Loss: 0.8201, Train Acc: 0.7787	 Val Loss: 0.8939, Val Acc: 0.6774
INFO:train:Epoch 29/1000 	Train Loss: 0.8342, Train Acc: 0.7541	 Val Loss: 0.9946, Val Acc: 0.5806
INFO:train:Epoch 30/1000 	Train Loss: 0.8458, Train Acc: 0.7377	 Val Loss: 0.9979, Val Acc: 0.5484
INFO:train:Epoch 31/1000 	Train Loss: 0.8226, Train Acc: 0.7705	 Val Loss: 0.8966, Val Acc: 0.6774
INFO:train:Epoch 32/1000 	Train Loss: 0.9638, Train Acc: 0.5984	 Val Loss: 0.9141, Val Acc: 0.6774
INFO:train:Epoch 33/1000 	Train Loss: 0.8990, Train Acc: 0.6803	 Val Loss: 0.9593, Val Acc: 0.6129
INFO:train:Epoch 34/1000 	Train Loss: 0.7988, Train Acc: 0.8197	 Val Loss: 1.0210, Val Acc: 0.5161
INFO:train:Epoch 35/1000 	Train Loss: 0.8737, Train Acc: 0.6967	 Val Loss: 0.9883, Val Acc: 0.5484
INFO:train:Epoch 36/1000 	Train Loss: 0.8150, Train Acc: 0.7787	 Val Loss: 0.8892, Val Acc: 0.7097
INFO:train:Epoch 37/1000 	Train Loss: 0.8924, Train Acc: 0.6803	 Val Loss: 0.8868, Val Acc: 0.7097
INFO:train:Epoch 38/1000 	Train Loss: 0.8429, Train Acc: 0.7459	 Val Loss: 0.9050, Val Acc: 0.6774
INFO:train:Epoch 39/1000 	Train Loss: 0.8455, Train Acc: 0.7377	 Val Loss: 0.9822, Val Acc: 0.5806
INFO:train:Epoch 40/1000 	Train Loss: 0.8317, Train Acc: 0.7623	 Val Loss: 1.0056, Val Acc: 0.5484
INFO:train:Epoch 41/1000 	Train Loss: 0.8373, Train Acc: 0.7623	 Val Loss: 0.9793, Val Acc: 0.6129
INFO:train:Epoch 42/1000 	Train Loss: 0.8146, Train Acc: 0.7787	 Val Loss: 0.9117, Val Acc: 0.6774
INFO:train:Epoch 43/1000 	Train Loss: 0.8108, Train Acc: 0.7705	 Val Loss: 0.8784, Val Acc: 0.7097
INFO:train:Epoch 44/1000 	Train Loss: 0.8049, Train Acc: 0.7951	 Val Loss: 0.9196, Val Acc: 0.6452
INFO:train:Epoch 45/1000 	Train Loss: 0.7759, Train Acc: 0.8197	 Val Loss: 0.9785, Val Acc: 0.5806
INFO:train:Epoch 46/1000 	Train Loss: 0.7989, Train Acc: 0.8033	 Val Loss: 1.0030, Val Acc: 0.5806
INFO:train:Epoch 47/1000 	Train Loss: 0.7938, Train Acc: 0.8033	 Val Loss: 0.9634, Val Acc: 0.6129
INFO:train:Epoch 48/1000 	Train Loss: 0.7630, Train Acc: 0.8443	 Val Loss: 0.9611, Val Acc: 0.5806
INFO:train:Epoch 49/1000 	Train Loss: 0.7548, Train Acc: 0.8607	 Val Loss: 0.9540, Val Acc: 0.6129
INFO:train:Epoch 50/1000 	Train Loss: 0.7608, Train Acc: 0.8443	 Val Loss: 0.9599, Val Acc: 0.6129
INFO:train:Epoch 51/1000 	Train Loss: 0.7684, Train Acc: 0.8279	 Val Loss: 0.9620, Val Acc: 0.6129
INFO:train:Epoch 52/1000 	Train Loss: 0.7607, Train Acc: 0.8443	 Val Loss: 0.9407, Val Acc: 0.6452
INFO:train:Epoch 53/1000 	Train Loss: 0.7509, Train Acc: 0.8607	 Val Loss: 0.9409, Val Acc: 0.6452
INFO:train:Epoch 54/1000 	Train Loss: 0.7667, Train Acc: 0.8279	 Val Loss: 0.9808, Val Acc: 0.5806
INFO:train:Epoch 55/1000 	Train Loss: 0.7469, Train Acc: 0.8607	 Val Loss: 0.9936, Val Acc: 0.5806
INFO:train:Epoch 56/1000 	Train Loss: 0.7693, Train Acc: 0.8197	 Val Loss: 0.9044, Val Acc: 0.6774
INFO:train:Epoch 57/1000 	Train Loss: 0.7538, Train Acc: 0.8607	 Val Loss: 0.9072, Val Acc: 0.6774
INFO:train:Epoch 58/1000 	Train Loss: 0.7575, Train Acc: 0.8443	 Val Loss: 0.9247, Val Acc: 0.6452
INFO:train:Epoch 59/1000 	Train Loss: 0.7548, Train Acc: 0.8443	 Val Loss: 0.9729, Val Acc: 0.5806
INFO:train:Epoch 60/1000 	Train Loss: 0.7625, Train Acc: 0.8197	 Val Loss: 0.9499, Val Acc: 0.6129
INFO:train:Epoch 61/1000 	Train Loss: 0.7468, Train Acc: 0.8525	 Val Loss: 0.9062, Val Acc: 0.6774
INFO:train:Epoch 62/1000 	Train Loss: 0.7399, Train Acc: 0.8689	 Val Loss: 0.9173, Val Acc: 0.6452
INFO:train:Epoch 63/1000 	Train Loss: 0.7317, Train Acc: 0.8770	 Val Loss: 0.9593, Val Acc: 0.6129
INFO:train:Epoch 64/1000 	Train Loss: 0.7308, Train Acc: 0.8852	 Val Loss: 0.9820, Val Acc: 0.5806
INFO:train:Epoch 65/1000 	Train Loss: 0.7298, Train Acc: 0.8852	 Val Loss: 0.9032, Val Acc: 0.6774
INFO:train:Epoch 66/1000 	Train Loss: 0.7241, Train Acc: 0.8852	 Val Loss: 0.8986, Val Acc: 0.6774
INFO:train:Epoch 67/1000 	Train Loss: 0.7323, Train Acc: 0.8770	 Val Loss: 0.9799, Val Acc: 0.6129
INFO:train:Epoch 68/1000 	Train Loss: 0.7392, Train Acc: 0.8689	 Val Loss: 0.9955, Val Acc: 0.5484
INFO:train:Epoch 69/1000 	Train Loss: 0.7216, Train Acc: 0.8770	 Val Loss: 0.8666, Val Acc: 0.7419
INFO:train:Epoch 70/1000 	Train Loss: 0.7276, Train Acc: 0.8852	 Val Loss: 0.8818, Val Acc: 0.7097
INFO:train:Epoch 71/1000 	Train Loss: 0.7418, Train Acc: 0.8525	 Val Loss: 0.9004, Val Acc: 0.6774
INFO:train:Epoch 72/1000 	Train Loss: 0.7202, Train Acc: 0.8770	 Val Loss: 0.9760, Val Acc: 0.6129
INFO:train:Epoch 73/1000 	Train Loss: 0.7325, Train Acc: 0.8770	 Val Loss: 0.9734, Val Acc: 0.6129
INFO:train:Epoch 74/1000 	Train Loss: 0.7008, Train Acc: 0.9180	 Val Loss: 0.9437, Val Acc: 0.6452
INFO:train:Epoch 75/1000 	Train Loss: 0.7021, Train Acc: 0.9098	 Val Loss: 0.9407, Val Acc: 0.6452
INFO:train:Epoch 76/1000 	Train Loss: 0.7095, Train Acc: 0.8934	 Val Loss: 0.9605, Val Acc: 0.5806
INFO:train:Epoch 77/1000 	Train Loss: 0.7030, Train Acc: 0.8852	 Val Loss: 0.9288, Val Acc: 0.6452
INFO:train:Epoch 78/1000 	Train Loss: 0.6894, Train Acc: 0.9180	 Val Loss: 0.9333, Val Acc: 0.6452
INFO:train:Epoch 79/1000 	Train Loss: 0.6990, Train Acc: 0.9180	 Val Loss: 0.9409, Val Acc: 0.6452
INFO:train:Epoch 80/1000 	Train Loss: 0.6983, Train Acc: 0.9180	 Val Loss: 0.9317, Val Acc: 0.6452
INFO:train:Epoch 81/1000 	Train Loss: 0.6995, Train Acc: 0.9016	 Val Loss: 0.9745, Val Acc: 0.6129
INFO:train:Epoch 82/1000 	Train Loss: 0.7035, Train Acc: 0.9016	 Val Loss: 0.9501, Val Acc: 0.6452
INFO:train:Epoch 83/1000 	Train Loss: 0.7050, Train Acc: 0.9098	 Val Loss: 0.9369, Val Acc: 0.6452
INFO:train:Epoch 84/1000 	Train Loss: 0.7171, Train Acc: 0.8770	 Val Loss: 0.8180, Val Acc: 0.7742
INFO:train:Epoch 85/1000 	Train Loss: 0.7375, Train Acc: 0.8689	 Val Loss: 0.8974, Val Acc: 0.6774
INFO:train:Epoch 86/1000 	Train Loss: 0.7036, Train Acc: 0.9016	 Val Loss: 0.9742, Val Acc: 0.6129
INFO:train:Epoch 87/1000 	Train Loss: 0.7695, Train Acc: 0.8279	 Val Loss: 0.9999, Val Acc: 0.5806
INFO:train:Epoch 88/1000 	Train Loss: 0.7291, Train Acc: 0.8770	 Val Loss: 0.8822, Val Acc: 0.7097
INFO:train:Epoch 89/1000 	Train Loss: 0.7150, Train Acc: 0.8852	 Val Loss: 0.8694, Val Acc: 0.7097
INFO:train:Epoch 90/1000 	Train Loss: 0.7133, Train Acc: 0.8934	 Val Loss: 0.9357, Val Acc: 0.6452
INFO:train:Epoch 91/1000 	Train Loss: 0.6683, Train Acc: 0.9508	 Val Loss: 0.9249, Val Acc: 0.6452
INFO:train:Epoch 92/1000 	Train Loss: 0.6755, Train Acc: 0.9426	 Val Loss: 0.9355, Val Acc: 0.6452
INFO:train:Epoch 93/1000 	Train Loss: 0.6791, Train Acc: 0.9262	 Val Loss: 0.9366, Val Acc: 0.6452
INFO:train:Epoch 94/1000 	Train Loss: 0.6844, Train Acc: 0.9262	 Val Loss: 0.9367, Val Acc: 0.6452
INFO:train:Epoch 95/1000 	Train Loss: 0.6614, Train Acc: 0.9508	 Val Loss: 0.9371, Val Acc: 0.6452
INFO:train:Epoch 96/1000 	Train Loss: 0.6578, Train Acc: 0.9590	 Val Loss: 0.9405, Val Acc: 0.6129
INFO:train:Epoch 97/1000 	Train Loss: 0.6583, Train Acc: 0.9590	 Val Loss: 0.9085, Val Acc: 0.6774
INFO:train:Epoch 98/1000 	Train Loss: 0.6656, Train Acc: 0.9344	 Val Loss: 0.8893, Val Acc: 0.6774
INFO:train:Epoch 99/1000 	Train Loss: 0.6637, Train Acc: 0.9590	 Val Loss: 0.8963, Val Acc: 0.6774
INFO:train:Epoch 100/1000 	Train Loss: 0.6671, Train Acc: 0.9508	 Val Loss: 0.9334, Val Acc: 0.6452
INFO:train:Epoch 101/1000 	Train Loss: 0.6607, Train Acc: 0.9590	 Val Loss: 0.9227, Val Acc: 0.6452
INFO:train:Epoch 102/1000 	Train Loss: 0.6703, Train Acc: 0.9344	 Val Loss: 0.9244, Val Acc: 0.6452
INFO:train:Epoch 103/1000 	Train Loss: 0.6589, Train Acc: 0.9508	 Val Loss: 0.9368, Val Acc: 0.6452
INFO:train:Epoch 104/1000 	Train Loss: 0.6731, Train Acc: 0.9426	 Val Loss: 0.9104, Val Acc: 0.6452
INFO:train:Epoch 105/1000 	Train Loss: 0.6666, Train Acc: 0.9508	 Val Loss: 0.8777, Val Acc: 0.7097
INFO:train:Epoch 106/1000 	Train Loss: 0.6492, Train Acc: 0.9590	 Val Loss: 0.9385, Val Acc: 0.6452
INFO:train:Epoch 107/1000 	Train Loss: 0.6424, Train Acc: 0.9754	 Val Loss: 0.9656, Val Acc: 0.6129
INFO:train:Epoch 108/1000 	Train Loss: 0.6525, Train Acc: 0.9672	 Val Loss: 0.9657, Val Acc: 0.6129
INFO:train:Epoch 109/1000 	Train Loss: 0.6531, Train Acc: 0.9590	 Val Loss: 0.9403, Val Acc: 0.6452
INFO:train:Epoch 110/1000 	Train Loss: 0.6413, Train Acc: 0.9754	 Val Loss: 0.9318, Val Acc: 0.6452
INFO:train:Epoch 111/1000 	Train Loss: 0.6407, Train Acc: 0.9754	 Val Loss: 0.9236, Val Acc: 0.6452
INFO:train:Epoch 112/1000 	Train Loss: 0.6408, Train Acc: 0.9754	 Val Loss: 0.9363, Val Acc: 0.6452
INFO:train:Epoch 113/1000 	Train Loss: 0.6372, Train Acc: 0.9754	 Val Loss: 0.9371, Val Acc: 0.6452
INFO:train:Epoch 114/1000 	Train Loss: 0.6354, Train Acc: 0.9836	 Val Loss: 0.9354, Val Acc: 0.6452
INFO:train:Epoch 115/1000 	Train Loss: 0.6373, Train Acc: 0.9836	 Val Loss: 0.9346, Val Acc: 0.6452
INFO:train:Epoch 116/1000 	Train Loss: 0.6299, Train Acc: 0.9918	 Val Loss: 0.9082, Val Acc: 0.6774
INFO:train:Epoch 117/1000 	Train Loss: 0.6287, Train Acc: 0.9918	 Val Loss: 0.8797, Val Acc: 0.7097
INFO:train:Epoch 118/1000 	Train Loss: 0.6533, Train Acc: 0.9672	 Val Loss: 0.9354, Val Acc: 0.6452
INFO:train:Epoch 119/1000 	Train Loss: 0.6300, Train Acc: 0.9918	 Val Loss: 0.9590, Val Acc: 0.6129
INFO:train:Epoch 120/1000 	Train Loss: 0.6701, Train Acc: 0.9426	 Val Loss: 0.9561, Val Acc: 0.6129
INFO:train:Epoch 121/1000 	Train Loss: 0.6718, Train Acc: 0.9344	 Val Loss: 0.8870, Val Acc: 0.6774
INFO:train:Epoch 122/1000 	Train Loss: 0.6540, Train Acc: 0.9508	 Val Loss: 0.9077, Val Acc: 0.6774
INFO:train:Epoch 123/1000 	Train Loss: 0.6253, Train Acc: 0.9918	 Val Loss: 0.8306, Val Acc: 0.7742
INFO:train:Epoch 124/1000 	Train Loss: 0.6582, Train Acc: 0.9672	 Val Loss: 0.8790, Val Acc: 0.7097
INFO:train:Epoch 125/1000 	Train Loss: 0.6358, Train Acc: 0.9836	 Val Loss: 0.8580, Val Acc: 0.7419
INFO:train:Epoch 126/1000 	Train Loss: 0.6504, Train Acc: 0.9672	 Val Loss: 0.8556, Val Acc: 0.7419
INFO:train:Epoch 127/1000 	Train Loss: 0.6392, Train Acc: 0.9754	 Val Loss: 0.9630, Val Acc: 0.6129
INFO:train:Epoch 128/1000 	Train Loss: 0.6361, Train Acc: 0.9836	 Val Loss: 0.9402, Val Acc: 0.6452
INFO:train:Epoch 129/1000 	Train Loss: 0.6257, Train Acc: 0.9918	 Val Loss: 0.8972, Val Acc: 0.6774
INFO:train:Epoch 130/1000 	Train Loss: 0.6388, Train Acc: 0.9754	 Val Loss: 0.9071, Val Acc: 0.6774
INFO:train:Epoch 131/1000 	Train Loss: 0.6559, Train Acc: 0.9590	 Val Loss: 0.9116, Val Acc: 0.6774
INFO:train:Epoch 132/1000 	Train Loss: 0.6262, Train Acc: 0.9918	 Val Loss: 0.9583, Val Acc: 0.6129
INFO:train:Epoch 133/1000 	Train Loss: 0.6409, Train Acc: 0.9754	 Val Loss: 0.9470, Val Acc: 0.6452
INFO:train:Epoch 134/1000 	Train Loss: 0.6473, Train Acc: 0.9672	 Val Loss: 0.9111, Val Acc: 0.6774
INFO:train:Epoch 135/1000 	Train Loss: 0.6467, Train Acc: 0.9672	 Val Loss: 0.8506, Val Acc: 0.7419
INFO:train:Epoch 136/1000 	Train Loss: 0.6520, Train Acc: 0.9508	 Val Loss: 0.9218, Val Acc: 0.6452
INFO:train:Epoch 137/1000 	Train Loss: 0.6260, Train Acc: 0.9918	 Val Loss: 0.9155, Val Acc: 0.6452
INFO:train:Epoch 138/1000 	Train Loss: 0.6358, Train Acc: 0.9836	 Val Loss: 0.8529, Val Acc: 0.7419
INFO:train:Epoch 139/1000 	Train Loss: 0.6404, Train Acc: 0.9672	 Val Loss: 0.8897, Val Acc: 0.7097
INFO:train:Epoch 140/1000 	Train Loss: 0.6262, Train Acc: 0.9918	 Val Loss: 0.9187, Val Acc: 0.6452
INFO:train:Epoch 141/1000 	Train Loss: 0.6268, Train Acc: 0.9918	 Val Loss: 0.8367, Val Acc: 0.7419
INFO:train:Epoch 142/1000 	Train Loss: 0.6298, Train Acc: 0.9836	 Val Loss: 0.9384, Val Acc: 0.6129
INFO:train:Epoch 143/1000 	Train Loss: 0.6287, Train Acc: 0.9918	 Val Loss: 0.9663, Val Acc: 0.6129
INFO:train:Epoch 144/1000 	Train Loss: 0.6266, Train Acc: 0.9918	 Val Loss: 0.9461, Val Acc: 0.6452
INFO:train:Epoch 145/1000 	Train Loss: 0.6379, Train Acc: 0.9836	 Val Loss: 0.9427, Val Acc: 0.6452
INFO:train:Epoch 146/1000 	Train Loss: 0.6188, Train Acc: 1.0000	 Val Loss: 0.9075, Val Acc: 0.6774
INFO:train:Epoch 147/1000 	Train Loss: 0.6285, Train Acc: 0.9918	 Val Loss: 0.8523, Val Acc: 0.7419
INFO:train:Epoch 148/1000 	Train Loss: 0.6330, Train Acc: 0.9836	 Val Loss: 0.8797, Val Acc: 0.7097
INFO:train:Epoch 149/1000 	Train Loss: 0.6204, Train Acc: 1.0000	 Val Loss: 0.8691, Val Acc: 0.7097
INFO:train:Epoch 150/1000 	Train Loss: 0.6211, Train Acc: 1.0000	 Val Loss: 0.8725, Val Acc: 0.7097
INFO:train:Epoch 151/1000 	Train Loss: 0.6234, Train Acc: 1.0000	 Val Loss: 0.8717, Val Acc: 0.7097
INFO:train:Epoch 152/1000 	Train Loss: 0.6216, Train Acc: 1.0000	 Val Loss: 0.8497, Val Acc: 0.7419
INFO:train:Epoch 153/1000 	Train Loss: 0.6275, Train Acc: 0.9918	 Val Loss: 0.8433, Val Acc: 0.7419
INFO:train:Epoch 154/1000 	Train Loss: 0.6198, Train Acc: 1.0000	 Val Loss: 0.9069, Val Acc: 0.6774
INFO:train:Epoch 155/1000 	Train Loss: 0.6254, Train Acc: 0.9918	 Val Loss: 0.9263, Val Acc: 0.6452
INFO:train:Epoch 156/1000 	Train Loss: 0.6257, Train Acc: 0.9918	 Val Loss: 0.9367, Val Acc: 0.6452
INFO:train:Epoch 157/1000 	Train Loss: 0.6279, Train Acc: 0.9918	 Val Loss: 0.9130, Val Acc: 0.6774
INFO:train:Epoch 158/1000 	Train Loss: 0.6256, Train Acc: 0.9918	 Val Loss: 0.8954, Val Acc: 0.6774
INFO:train:Epoch 159/1000 	Train Loss: 0.6214, Train Acc: 0.9918	 Val Loss: 0.8169, Val Acc: 0.7742
INFO:train:Epoch 160/1000 	Train Loss: 0.6327, Train Acc: 0.9836	 Val Loss: 0.7970, Val Acc: 0.7742
INFO:train:Epoch 161/1000 	Train Loss: 0.6218, Train Acc: 0.9918	 Val Loss: 0.8826, Val Acc: 0.7097
INFO:train:Epoch 162/1000 	Train Loss: 0.6236, Train Acc: 0.9918	 Val Loss: 0.9036, Val Acc: 0.6774
INFO:train:Epoch 163/1000 	Train Loss: 0.6202, Train Acc: 1.0000	 Val Loss: 0.8853, Val Acc: 0.7097
INFO:train:Epoch 164/1000 	Train Loss: 0.6206, Train Acc: 1.0000	 Val Loss: 0.7893, Val Acc: 0.8065
INFO:train:Epoch 165/1000 	Train Loss: 0.6184, Train Acc: 1.0000	 Val Loss: 0.7633, Val Acc: 0.8387
INFO:train:Epoch 166/1000 	Train Loss: 0.6291, Train Acc: 0.9918	 Val Loss: 0.7652, Val Acc: 0.8387
INFO:train:Epoch 167/1000 	Train Loss: 0.6196, Train Acc: 1.0000	 Val Loss: 0.8373, Val Acc: 0.7419
INFO:train:Epoch 168/1000 	Train Loss: 0.6182, Train Acc: 1.0000	 Val Loss: 0.9141, Val Acc: 0.6774
INFO:train:Epoch 169/1000 	Train Loss: 0.6188, Train Acc: 1.0000	 Val Loss: 0.9215, Val Acc: 0.6452
INFO:train:Epoch 170/1000 	Train Loss: 0.6371, Train Acc: 0.9754	 Val Loss: 0.9001, Val Acc: 0.6774
INFO:train:Epoch 171/1000 	Train Loss: 0.6183, Train Acc: 1.0000	 Val Loss: 0.8473, Val Acc: 0.7419
INFO:train:Epoch 172/1000 	Train Loss: 0.6201, Train Acc: 1.0000	 Val Loss: 0.8301, Val Acc: 0.7419
INFO:train:Epoch 173/1000 	Train Loss: 0.6255, Train Acc: 0.9918	 Val Loss: 0.8997, Val Acc: 0.6774
INFO:train:Epoch 174/1000 	Train Loss: 0.6183, Train Acc: 1.0000	 Val Loss: 0.9658, Val Acc: 0.6129
INFO:train:Epoch 175/1000 	Train Loss: 0.6285, Train Acc: 0.9918	 Val Loss: 0.9608, Val Acc: 0.6129
INFO:train:Epoch 176/1000 	Train Loss: 0.6186, Train Acc: 1.0000	 Val Loss: 0.9188, Val Acc: 0.6452
INFO:train:Epoch 177/1000 	Train Loss: 0.6203, Train Acc: 1.0000	 Val Loss: 0.8438, Val Acc: 0.7419
INFO:train:Epoch 178/1000 	Train Loss: 0.6187, Train Acc: 1.0000	 Val Loss: 0.8496, Val Acc: 0.7419
INFO:train:Epoch 179/1000 	Train Loss: 0.6183, Train Acc: 1.0000	 Val Loss: 0.8741, Val Acc: 0.7097
INFO:train:Epoch 180/1000 	Train Loss: 0.6187, Train Acc: 1.0000	 Val Loss: 0.8786, Val Acc: 0.7097
INFO:train:Epoch 181/1000 	Train Loss: 0.6187, Train Acc: 1.0000	 Val Loss: 0.9012, Val Acc: 0.6774
INFO:train:Epoch 182/1000 	Train Loss: 0.6183, Train Acc: 1.0000	 Val Loss: 0.9258, Val Acc: 0.6452
INFO:train:Epoch 183/1000 	Train Loss: 0.6182, Train Acc: 1.0000	 Val Loss: 0.9359, Val Acc: 0.6452
INFO:train:Epoch 184/1000 	Train Loss: 0.6183, Train Acc: 1.0000	 Val Loss: 0.9391, Val Acc: 0.6452
INFO:train:Epoch 185/1000 	Train Loss: 0.6183, Train Acc: 1.0000	 Val Loss: 0.9370, Val Acc: 0.6452
INFO:train:Early stopping triggered after 185 epochs
INFO:plot:Saving attention map to: figures/model_accuracy.png
INFO:train:train got 64 / 64 correct, accuracy: 1.0
INFO:plot:Saving cofusion matrix map to: figures/train_confusion_matrix.png
INFO:train:train got 58 / 58 correct, accuracy: 1.0
INFO:plot:Saving cofusion matrix map to: figures/train_confusion_matrix.png
INFO:train:Total time taken evaluate on train set the model: 0.18s
INFO:train:validation got 20 / 31 correct, accuracy: 0.6451612903225806
INFO:plot:Saving cofusion matrix map to: figures/validation_confusion_matrix.png
INFO:train:Total time taken evaluate on validation set the model: 0.08s
