INFO:data:Reading dataset fish: species
INFO:data:Class Counts: [48 60], Class Ratios: [0.44444444 0.55555556]
INFO:data:Number of features: 1023
INFO:data:Number of instances: 108
INFO:data:Number of classes 2.
INFO:__main__:No model found. Train from scratch.
INFO:gp:   	      	                                 fitness                                 	                      size                     
   	      	-------------------------------------------------------------------------	-----------------------------------------------
gen	nevals	avg     	gen	max     	min     	nevals	std      	avg    	gen	max	min	nevals	std    
0  	1023  	0.503092	0  	0.699911	0.306618	1023  	0.0516588	3.52786	0  	7  	2  	1023  	1.36245
INFO:gp:1  	763   	0.547249	1  	0.748338	0.329617	763   	0.0536988	3.63343	1  	10 	2  	763   	1.42507
INFO:gp:2  	782   	0.571834	2  	0.80594 	0.356185	782   	0.0659448	3.70381	2  	10 	2  	782   	1.46955
INFO:gp:3  	782   	0.599687	3  	0.859814	0.230805	782   	0.0843952	3.69501	3  	9  	2  	782   	1.36885
INFO:gp:4  	758   	0.641665	4  	0.867367	0.345617	758   	0.100689 	3.80547	4  	9  	2  	758   	1.33393
INFO:gp:5  	767   	0.680874	5  	0.890747	0.243278	767   	0.111966 	3.89834	5  	11 	2  	767   	1.49336
INFO:gp:6  	763   	0.723591	6  	0.896739	0.320021	763   	0.117207 	4.13001	6  	12 	1  	763   	1.86539
INFO:gp:7  	769   	0.745581	7  	0.89794 	0.261326	769   	0.127438 	4.42033	7  	13 	3  	769   	2.14965
INFO:gp:8  	769   	0.776886	8  	0.910145	0.317804	769   	0.122797 	4.21017	8  	12 	3  	769   	1.85649
INFO:gp:9  	764   	0.804008	9  	0.910161	0.355255	764   	0.115772 	4.14761	9  	11 	3  	764   	1.69142
INFO:gp:10 	769   	0.812086	10 	0.910171	0.398674	769   	0.115619 	4.15836	10 	13 	3  	769   	1.61383
INFO:gp:11 	779   	0.818071	11 	0.916768	0.450267	779   	0.116968 	4.37243	11 	14 	3  	779   	1.88556
INFO:gp:12 	778   	0.829685	12 	0.917266	0.445285	778   	0.111543 	5.36755	12 	16 	3  	778   	2.56829
INFO:gp:13 	774   	0.832072	13 	0.917266	0.414574	774   	0.115274 	7.17204	13 	17 	3  	774   	2.70868
INFO:gp:14 	782   	0.835253	14 	0.917749	0.419173	782   	0.116822 	7.55523	14 	20 	3  	782   	2.62379
INFO:gp:15 	775   	0.831933	15 	0.917749	0.429717	775   	0.116582 	7.25611	15 	20 	3  	775   	3.06286
INFO:gp:16 	778   	0.842791	16 	0.917749	0.434288	778   	0.112322 	6.41056	16 	20 	3  	778   	3.39074
INFO:gp:17 	757   	0.844892	17 	0.917749	0.363502	757   	0.111989 	5.88856	17 	21 	3  	757   	3.69503
INFO:gp:18 	772   	0.851691	18 	0.918076	0.438294	772   	0.107188 	6.60802	18 	18 	3  	772   	4.01899
INFO:gp:19 	801   	0.854953	19 	0.918367	0.467431	801   	0.105508 	8.88172	19 	21 	3  	801   	4.56866
INFO:gp:20 	760   	0.855005	20 	0.918367	0.4139  	760   	0.11393  	11.697 	20 	25 	3  	760   	3.92427
INFO:gp:21 	766   	0.848247	21 	0.918904	0.41318 	766   	0.116853 	11.8407	21 	30 	3  	766   	3.97463
INFO:gp:22 	788   	0.846127	22 	0.919406	0.432044	788   	0.120067 	12.0235	22 	30 	3  	788   	4.37819
INFO:gp:23 	758   	0.854796	23 	0.919615	0.462627	758   	0.11219  	12.1848	23 	28 	3  	758   	4.22371
INFO:gp:24 	779   	0.852615	24 	0.920088	0.236847	779   	0.113214 	11.3167	24 	27 	3  	779   	4.62719
INFO:gp:25 	747   	0.85152 	25 	0.920118	0.399435	747   	0.11225  	11.48  	25 	28 	3  	747   	4.83484
INFO:gp:26 	807   	0.850882	26 	0.920342	0.477595	807   	0.11048  	12.1085	26 	27 	3  	807   	4.85518
INFO:gp:27 	783   	0.856511	27 	0.920793	0.426657	783   	0.10539  	13.435 	27 	31 	3  	783   	5.25121
INFO:gp:28 	773   	0.849618	28 	0.921037	0.438518	773   	0.113699 	15.8524	28 	35 	3  	773   	5.10522
INFO:gp:29 	781   	0.849507	29 	0.921039	0.459247	781   	0.11338  	17.6862	29 	33 	3  	781   	5.37674
INFO:gp:30 	771   	0.854371	30 	0.92167 	0.467744	771   	0.107977 	18.5484	30 	39 	3  	771   	6.11373
INFO:gp:31 	768   	0.853569	31 	0.92167 	0.439276	768   	0.108899 	20.652 	31 	41 	3  	768   	6.73722
INFO:gp:32 	755   	0.858468	32 	0.921671	0.480429	755   	0.105321 	22.9883	32 	49 	3  	755   	6.46956
INFO:gp:33 	779   	0.854055	33 	0.92188 	0.462374	779   	0.109645 	24.6706	33 	42 	3  	779   	5.99609
INFO:gp:34 	772   	0.858538	34 	0.921903	0.464214	772   	0.103799 	25.0147	34 	43 	3  	772   	6.24576
INFO:gp:35 	781   	0.857378	35 	0.922001	0.455222	781   	0.108039 	24.7625	35 	39 	3  	781   	6.70545
INFO:gp:36 	766   	0.857958	36 	0.922068	0.487637	766   	0.106208 	24.087 	36 	42 	3  	766   	7.70327
INFO:gp:37 	772   	0.852937	37 	0.924868	0.452009	772   	0.110687 	23.9844	37 	46 	3  	772   	7.99277
INFO:gp:38 	765   	0.84659 	38 	0.924868	0.464288	765   	0.115336 	25.4878	38 	40 	3  	765   	8.07913
INFO:gp:39 	769   	0.864744	39 	0.928008	0.475446	769   	0.105424 	28.0762	39 	50 	3  	769   	7.65125
INFO:gp:40 	748   	0.863605	40 	0.928008	0.4622  	748   	0.103453 	27.9951	40 	42 	3  	748   	8.23001
INFO:gp:41 	768   	0.860305	41 	0.928156	0.367528	768   	0.106532 	26.7185	41 	46 	3  	768   	9.74328
INFO:gp:42 	773   	0.856643	42 	0.928164	0.471881	773   	0.109083 	24.7165	42 	47 	3  	773   	11.1194
INFO:gp:43 	780   	0.851148	43 	0.928823	0.45162 	780   	0.11446  	21.3294	43 	47 	3  	780   	11.466 
INFO:gp:44 	761   	0.857593	44 	0.928823	0.426925	761   	0.111294 	22.6706	44 	41 	3  	761   	10.5756
INFO:gp:45 	750   	0.860354	45 	0.928823	0.466122	750   	0.111548 	28.4497	45 	43 	3  	750   	7.14445
INFO:gp:46 	797   	0.851629	46 	0.928823	0.483819	797   	0.117949 	30.4917	46 	50 	3  	797   	4.83184
INFO:gp:47 	769   	0.865559	47 	0.929101	0.445814	769   	0.107888 	31.3069	47 	54 	3  	769   	4.46422
INFO:gp:48 	786   	0.862719	48 	0.929157	0.451618	786   	0.105    	32.2581	48 	45 	7  	786   	3.75364
INFO:gp:49 	774   	0.864928	49 	0.929168	0.493299	774   	0.10277  	32.6149	49 	57 	3  	774   	3.90907
INFO:gp:50 	767   	0.868912	50 	0.929168	0.432367	767   	0.105376 	32.6794	50 	55 	3  	767   	3.88229
INFO:gp:51 	769   	0.866324	51 	0.929197	0.462745	769   	0.103002 	32.3069	51 	47 	3  	769   	4.11938
INFO:gp:52 	726   	0.865089	52 	0.929387	0.441764	726   	0.106589 	32.0811	52 	40 	3  	726   	3.93449
INFO:gp:53 	791   	0.86401 	53 	0.929516	0.479982	791   	0.104995 	31.824 	53 	58 	3  	791   	4.3803 
INFO:gp:54 	794   	0.86886 	54 	0.929516	0.454958	794   	0.103609 	32.2698	54 	46 	3  	794   	4.26969
INFO:gp:55 	777   	0.861779	55 	0.929516	0.422297	777   	0.108241 	33.0978	55 	61 	3  	777   	4.81081
INFO:gp:56 	789   	0.862574	56 	0.92975 	0.463683	789   	0.108427 	33.9355	56 	46 	3  	789   	4.82152
INFO:gp:57 	778   	0.85639 	57 	0.92975 	0.48478 	778   	0.110906 	34.347 	57 	59 	3  	778   	4.56428
INFO:gp:58 	750   	0.864509	58 	0.92975 	0.449111	750   	0.103613 	34.5171	58 	46 	3  	750   	4.99731
INFO:gp:59 	788   	0.85832 	59 	0.930064	0.459644	788   	0.109782 	34.9697	59 	57 	3  	788   	4.59972
INFO:gp:60 	775   	0.864694	60 	0.930064	0.428609	775   	0.108173 	34.8954	60 	61 	3  	775   	4.98873
INFO:gp:61 	786   	0.861578	61 	0.930431	0.445484	786   	0.107359 	34.9521	61 	49 	3  	786   	4.80292
INFO:gp:62 	773   	0.862822	62 	0.930431	0.453071	773   	0.106141 	35.7224	62 	53 	3  	773   	4.01891
INFO:gp:63 	754   	0.866456	63 	0.930431	0.496224	754   	0.101703 	35.8289	63 	57 	3  	754   	4.6356 
INFO:gp:64 	756   	0.865329	64 	0.930741	0.432473	756   	0.10464  	35.5503	64 	52 	3  	756   	5.03295
INFO:gp:65 	778   	0.860197	65 	0.930802	0.487666	778   	0.108575 	35.7683	65 	51 	4  	778   	3.929  
INFO:gp:66 	777   	0.864273	66 	0.930804	0.454659	777   	0.104085 	35.3763	66 	53 	3  	777   	4.35364
INFO:gp:67 	759   	0.869068	67 	0.93102 	0.410732	759   	0.102841 	35.4272	67 	53 	3  	759   	4.24452
INFO:gp:68 	777   	0.870816	68 	0.931092	0.465946	777   	0.100096 	35.4585	68 	49 	3  	777   	4.20701
INFO:gp:69 	743   	0.879347	69 	0.931481	0.461405	743   	0.0942448	35.8798	69 	55 	3  	743   	4.32617
INFO:gp:70 	797   	0.868612	70 	0.931481	0.469275	797   	0.103217 	35.6168	70 	67 	3  	797   	5.18794
INFO:gp:71 	747   	0.872489	71 	0.931481	0.469911	747   	0.0969711	36.2297	71 	51 	7  	747   	3.75066
INFO:gp:72 	786   	0.878339	72 	0.931482	0.456046	786   	0.0918499	36.2483	72 	47 	3  	786   	4.42455
INFO:gp:73 	795   	0.868923	73 	0.931567	0.461142	795   	0.0971743	36.174 	73 	53 	3  	795   	4.92674
INFO:gp:74 	777   	0.871578	74 	0.932248	0.465177	777   	0.0968722	36.3842	74 	65 	3  	777   	5.5603 
INFO:gp:75 	773   	0.876908	75 	0.932248	0.458749	773   	0.0935836	36.6061	75 	51 	7  	773   	4.58527
INFO:gp:76 	770   	0.876554	76 	0.932248	0.464698	770   	0.0935275	36.7155	76 	47 	3  	770   	3.83127
INFO:gp:77 	758   	0.881746	77 	0.932248	0.44805 	758   	0.0887759	36.9267	77 	51 	3  	758   	4.27106
INFO:gp:78 	744   	0.876178	78 	0.932589	0.493718	744   	0.0921951	36.7908	78 	51 	3  	744   	4.27446
INFO:gp:79 	782   	0.872931	79 	0.932589	0.479245	782   	0.0983675	36.6217	79 	63 	3  	782   	4.38702
INFO:gp:80 	760   	0.867139	80 	0.932589	0.449211	760   	0.103256 	36.3314	80 	63 	3  	760   	4.3781 
INFO:gp:81 	751   	0.864452	81 	0.932589	0.442673	751   	0.10416  	36.2278	81 	45 	3  	751   	4.52623
INFO:gp:82 	769   	0.869219	82 	0.932835	0.443793	769   	0.101327 	36.3783	82 	53 	3  	769   	4.22609
INFO:gp:83 	760   	0.872689	83 	0.932835	0.468368	760   	0.0952422	36.5376	83 	63 	7  	760   	4.20379
INFO:gp:84 	786   	0.856057	84 	0.932932	0.451848	786   	0.108742 	36.7253	84 	49 	3  	786   	3.96931
INFO:gp:85 	759   	0.87283 	85 	0.933676	0.487715	759   	0.0971233	36.8094	85 	63 	3  	759   	4.48717
INFO:gp:86 	788   	0.869232	86 	0.933676	0.480379	788   	0.100582 	37.0674	86 	58 	3  	788   	4.65111
INFO:gp:87 	767   	0.867006	87 	0.933676	0.44845 	767   	0.0996846	37.6022	87 	48 	4  	767   	3.95368
INFO:gp:88 	761   	0.870308	88 	0.933814	0.434912	761   	0.100668 	37.9619	88 	48 	7  	761   	4.59413
INFO:gp:89 	769   	0.869694	89 	0.933814	0.41694 	769   	0.0983112	38.2356	89 	65 	3  	769   	4.42867
INFO:gp:90 	782   	0.870529	90 	0.933888	0.384058	782   	0.100215 	37.5846	90 	53 	6  	782   	4.77883
INFO:gp:91 	745   	0.874778	91 	0.933888	0.449238	745   	0.0950967	37.0283	91 	53 	3  	745   	4.8327 
INFO:gp:92 	798   	0.878332	92 	0.933888	0.44336 	798   	0.0932355	36.6804	92 	63 	3  	798   	4.67962
INFO:gp:93 	794   	0.865113	93 	0.93394 	0.474084	794   	0.102027 	36.8426	93 	54 	3  	794   	4.97124
INFO:gp:94 	791   	0.873173	94 	0.934087	0.482112	791   	0.100561 	37.2942	94 	63 	3  	791   	4.86036
INFO:gp:95 	763   	0.870787	95 	0.934087	0.465109	763   	0.098406 	37.6628	95 	51 	3  	763   	4.07777
INFO:gp:96 	785   	0.871299	96 	0.934087	0.48134 	785   	0.100239 	36.8084	96 	66 	3  	785   	5.16232
INFO:gp:97 	778   	0.875295	97 	0.934087	0.486534	778   	0.0917045	36.8983	97 	63 	3  	778   	4.59327
INFO:gp:98 	761   	0.878637	98 	0.934121	0.485239	761   	0.0890712	37.2972	98 	50 	3  	761   	4.8371 
INFO:gp:99 	778   	0.869941	99 	0.934121	0.485243	778   	0.0987934	38.4135	99 	57 	3  	778   	4.82642
INFO:gp:100	778   	0.869678	100	0.9343  	0.468112	778   	0.0977369	38.695 	100	59 	3  	778   	5.31223
INFO:gp:101	768   	0.873953	101	0.9343  	0.481265	768   	0.096635 	38.2913	101	46 	3  	768   	5.82887
INFO:gp:102	758   	0.870986	102	0.9343  	0.491374	758   	0.0984878	38.2551	102	69 	3  	758   	4.90819
INFO:gp:103	756   	0.87559 	103	0.9343  	0.44476 	756   	0.0951544	37.9912	103	56 	3  	756   	4.18148
INFO:gp:104	771   	0.8713  	104	0.934303	0.413752	771   	0.0930038	37.654 	104	55 	3  	771   	4.52553
INFO:gp:105	784   	0.867856	105	0.934303	0.476728	784   	0.0984722	37.348 	105	56 	3  	784   	5.20941
INFO:gp:106	767   	0.870722	106	0.934303	0.436236	767   	0.094818 	37.392 	106	47 	3  	767   	4.81463
INFO:gp:107	768   	0.870616	107	0.934303	0.469788	768   	0.0961178	37.4731	107	51 	3  	768   	3.54044
INFO:gp:108	784   	0.871403	108	0.934305	0.479522	784   	0.0947324	37.2121	108	44 	3  	784   	4.20875
INFO:gp:109	802   	0.872264	109	0.93434 	0.46932 	802   	0.0917574	37.0762	109	65 	7  	802   	4.78451
INFO:gp:110	772   	0.869617	110	0.93434 	0.468007	772   	0.0972941	37.3216	110	67 	6  	772   	4.84271
INFO:gp:111	772   	0.872311	111	0.93434 	0.446734	772   	0.0961502	37.9746	111	53 	3  	772   	4.09507
INFO:gp:112	755   	0.875391	112	0.93434 	0.465733	755   	0.091431 	38.6989	112	48 	3  	755   	4.78872
INFO:gp:113	801   	0.873498	113	0.934346	0.45496 	801   	0.0957157	39.261 	113	70 	3  	801   	6.16864
INFO:gp:114	763   	0.885172	114	0.934346	0.465967	763   	0.0866859	40.1271	114	48 	3  	763   	5.29312
INFO:gp:115	776   	0.875468	115	0.934346	0.454487	776   	0.0949165	39.6197	115	50 	3  	776   	5.2929 
INFO:gp:116	777   	0.876907	116	0.934346	0.460992	777   	0.092507 	38.6667	116	55 	3  	777   	4.97357
INFO:gp:117	780   	0.874679	117	0.934346	0.45379 	780   	0.0929171	38.1848	117	55 	3  	780   	5.3576 
INFO:gp:118	779   	0.875135	118	0.934398	0.458256	779   	0.0956332	39.1466	118	53 	3  	779   	4.80489
INFO:gp:119	776   	0.880896	119	0.934401	0.468382	776   	0.0930688	40.5797	119	60 	7  	776   	5.18996
INFO:gp:120	792   	0.881386	120	0.934401	0.436788	792   	0.0884889	41.6051	120	52 	3  	792   	4.51266
INFO:gp:121	779   	0.877587	121	0.934401	0.455213	779   	0.0918908	41.5132	121	57 	3  	779   	5.34861
INFO:gp:122	785   	0.877409	122	0.934402	0.416234	785   	0.093218 	41.2053	122	52 	3  	785   	5.51075
INFO:gp:123	772   	0.86983 	123	0.934708	0.493407	772   	0.0929247	41.1232	123	52 	3  	772   	4.66267
INFO:gp:124	768   	0.871383	124	0.934711	0.465781	768   	0.0974206	40.3822	124	56 	3  	768   	5.33011
INFO:gp:125	765   	0.874039	125	0.934829	0.470843	765   	0.0938106	39.8856	125	58 	3  	765   	5.14289
INFO:gp:126	788   	0.883588	126	0.934829	0.463554	788   	0.0912191	39.6764	126	48 	3  	788   	4.42157
INFO:gp:127	792   	0.874471	127	0.934829	0.491751	792   	0.0957601	40.2366	127	51 	4  	792   	4.63156
INFO:gp:128	794   	0.874681	128	0.934843	0.464737	794   	0.0946345	41.3392	128	51 	4  	794   	5.02927
INFO:gp:129	800   	0.870278	129	0.934846	0.45413 	800   	0.102909 	42.1095	129	59 	3  	800   	5.42628
INFO:gp:130	759   	0.870133	130	0.934894	0.473602	759   	0.101412 	42.521 	130	58 	3  	759   	5.28571
INFO:gp:131	779   	0.87417 	131	0.935156	0.474919	779   	0.102307 	42.9892	131	62 	3  	779   	5.36278
INFO:gp:132	756   	0.869161	132	0.935157	0.462962	756   	0.104278 	43.4076	132	78 	7  	756   	4.62208
INFO:gp:133	784   	0.869481	133	0.935157	0.51617 	784   	0.101815 	43.0489	133	59 	3  	784   	4.93353
INFO:gp:134	766   	0.870127	134	0.935188	0.459079	766   	0.102727 	42.8407	134	77 	3  	766   	5.2781 
INFO:gp:135	763   	0.876695	135	0.935312	0.439137	763   	0.0967183	42.5318	135	60 	3  	763   	6.03385
INFO:gp:136	801   	0.876008	136	0.935456	0.463922	801   	0.0960508	42.7253	136	62 	3  	801   	5.03165
INFO:gp:137	734   	0.879459	137	0.935456	0.436663	734   	0.0923491	42.7761	137	60 	3  	734   	4.92482
INFO:gp:138	763   	0.874389	138	0.935469	0.486184	763   	0.0979636	42.5357	138	52 	4  	763   	4.83253
INFO:gp:139	778   	0.871803	139	0.935469	0.490014	778   	0.0982071	42.2297	139	61 	3  	778   	5.28013
INFO:gp:140	802   	0.872859	140	0.935527	0.499853	802   	0.0968785	41.695 	140	55 	3  	802   	5.0302 
INFO:gp:141	779   	0.875026	141	0.935682	0.459474	779   	0.0943942	41.4096	141	61 	3  	779   	5.19544
INFO:gp:142	736   	0.879509	142	0.935682	0.477702	736   	0.0927571	41.74  	142	75 	3  	736   	5.158  
INFO:gp:143	752   	0.876076	143	0.935697	0.461693	752   	0.0946047	41.8475	143	57 	3  	752   	4.57181
INFO:gp:144	787   	0.875222	144	0.935697	0.473367	787   	0.0949649	41.3988	144	56 	3  	787   	5.66957
INFO:gp:145	766   	0.873016	145	0.935887	0.462869	766   	0.0986696	41.7742	145	52 	3  	766   	4.83317
INFO:gp:146	752   	0.879848	146	0.935906	0.472086	752   	0.0905509	42.2346	146	51 	3  	752   	4.46839
INFO:gp:147	791   	0.877604	147	0.936004	0.470803	791   	0.0897765	42.7615	147	58 	3  	791   	4.35921
INFO:gp:148	766   	0.88296 	148	0.936004	0.440902	766   	0.0870097	42.7977	148	59 	3  	766   	4.59643
INFO:gp:149	782   	0.874727	149	0.936013	0.452488	782   	0.091022 	42.6305	149	62 	3  	782   	5.15131
INFO:gp:150	776   	0.874252	150	0.936013	0.425621	776   	0.0960012	42.6559	150	63 	3  	776   	4.63094
INFO:gp:151	769   	0.878241	151	0.93621 	0.468391	769   	0.0937105	42.5288	151	60 	3  	769   	5.26529
INFO:gp:152	769   	0.877402	152	0.93621 	0.463366	769   	0.091007 	43.1153	152	63 	3  	769   	5.11112
INFO:gp:153	793   	0.870057	153	0.93621 	0.417676	793   	0.10111  	43.5386	153	55 	3  	793   	5.25017
INFO:gp:154	774   	0.870805	154	0.93621 	0.478151	774   	0.0982463	43.7586	154	79 	3  	774   	5.43776
INFO:gp:155	770   	0.880938	155	0.93621 	0.462566	770   	0.0940453	43.8661	155	67 	3  	770   	5.65881
INFO:gp:156	765   	0.875037	156	0.936268	0.503783	765   	0.0937058	44.871 	156	66 	3  	765   	4.80499
INFO:gp:157	810   	0.871507	157	0.936268	0.493344	810   	0.0934492	45.5435	157	62 	3  	810   	5.17134
INFO:gp:158	763   	0.879397	158	0.936268	0.464569	763   	0.0900493	45.8798	158	85 	3  	763   	6.26416
INFO:gp:159	765   	0.873927	159	0.936268	0.448271	765   	0.0970887	46.0323	159	66 	3  	765   	5.90607
INFO:gp:160	788   	0.873445	160	0.936268	0.468466	788   	0.095362 	46.263 	160	62 	3  	788   	4.99308
INFO:gp:161	778   	0.877694	161	0.936268	0.464269	778   	0.0902792	45.6315	161	56 	3  	778   	5.37072
INFO:gp:162	744   	0.874548	162	0.936456	0.500513	744   	0.0950249	45.3294	162	56 	3  	744   	5.41097
INFO:gp:163	759   	0.870159	163	0.936456	0.494128	759   	0.0986225	44.9941	163	61 	7  	759   	5.28077
INFO:gp:164	779   	0.871873	164	0.936456	0.470853	779   	0.0972715	44.87  	164	54 	3  	779   	5.08555
INFO:gp:165	760   	0.876498	165	0.936456	0.448444	760   	0.0932094	44.8348	165	81 	3  	760   	5.8082 
INFO:gp:166	776   	0.881459	166	0.936456	0.480573	776   	0.0930511	45.1887	166	56 	3  	776   	4.41035
INFO:gp:167	782   	0.876613	167	0.936456	0.496246	782   	0.0910434	44.5259	167	64 	3  	782   	6.14751
INFO:gp:168	767   	0.879887	168	0.936456	0.485653	767   	0.0936218	44.8895	168	65 	3  	767   	5.20006
INFO:gp:169	771   	0.885313	169	0.936456	0.443162	771   	0.0851891	44.9198	169	64 	3  	771   	5.04345
INFO:gp:170	774   	0.88201 	170	0.936539	0.485735	774   	0.0900625	44.8964	170	81 	3  	774   	5.56285
INFO:gp:171	779   	0.885044	171	0.936539	0.34938 	779   	0.08602  	44.828 	171	81 	3  	779   	5.31728
INFO:gp:172	754   	0.883185	172	0.936539	0.470387	754   	0.0885313	44.8661	172	56 	3  	754   	5.39964
INFO:gp:173	766   	0.88852 	173	0.936539	0.404964	766   	0.0851801	45.0557	173	81 	3  	766   	5.04407
INFO:gp:174	763   	0.885659	174	0.936539	0.463475	763   	0.0862277	44.6471	174	56 	3  	763   	5.64402
INFO:gp:175	762   	0.876791	175	0.936539	0.474571	762   	0.0936211	45.0078	175	81 	3  	762   	4.91053
INFO:gp:176	769   	0.877176	176	0.936539	0.470319	769   	0.0917053	44.9003	176	56 	3  	769   	4.88778
INFO:gp:177	790   	0.881447	177	0.936539	0.439539	790   	0.0887516	44.9541	177	83 	3  	790   	5.02495
INFO:gp:178	784   	0.878722	178	0.936539	0.457613	784   	0.0911672	44.998 	178	64 	3  	784   	4.97481
INFO:gp:179	742   	0.879714	179	0.936539	0.527574	742   	0.0873849	44.9726	179	81 	3  	742   	5.10833
INFO:gp:180	769   	0.881553	180	0.936539	0.450494	769   	0.0882462	44.7341	180	56 	3  	769   	5.46111
INFO:gp:181	783   	0.875446	181	0.936539	0.492927	783   	0.0905138	44.8759	181	58 	3  	783   	5.37556
INFO:gp:182	765   	0.881093	182	0.936539	0.491692	765   	0.0863492	45.0802	182	65 	3  	765   	4.36186
INFO:gp:183	772   	0.883278	183	0.936539	0.43047 	772   	0.0856202	45.043 	183	61 	3  	772   	4.52365
INFO:gp:184	785   	0.879019	184	0.93665 	0.459632	785   	0.0891132	44.9228	184	56 	3  	785   	4.72105
INFO:gp:185	759   	0.883803	185	0.93665 	0.485508	759   	0.0897834	44.8886	185	63 	7  	759   	4.9716 
INFO:gp:186	756   	0.884003	186	0.93665 	0.489214	756   	0.0855118	44.8905	186	63 	3  	756   	5.44067
INFO:gp:187	784   	0.882935	187	0.93665 	0.481537	784   	0.0872421	45.1945	187	54 	3  	784   	5.46278
INFO:gp:188	801   	0.880114	188	0.93665 	0.421944	801   	0.0911466	45.8729	188	58 	3  	801   	5.3145 
INFO:gp:189	796   	0.87859 	189	0.93665 	0.484843	796   	0.0900408	46.6471	189	56 	3  	796   	5.53171
INFO:gp:190	753   	0.887189	190	0.93665 	0.465344	753   	0.0841904	47.6285	190	89 	7  	753   	5.87029
INFO:gp:191	769   	0.88604 	191	0.936729	0.487049	769   	0.0856271	48.4174	191	65 	7  	769   	4.7852 
INFO:gp:192	784   	0.887639	192	0.936729	0.492185	784   	0.0848611	48.0704	192	60 	3  	784   	6.28898
INFO:gp:193	762   	0.882861	193	0.936729	0.525633	762   	0.0851069	48.3431	193	72 	3  	762   	6.02411
INFO:gp:194	766   	0.886713	194	0.936729	0.459886	766   	0.0845156	48.6901	194	60 	3  	766   	4.64084
INFO:gp:195	807   	0.882107	195	0.93688 	0.468261	807   	0.0845406	48.6784	195	56 	7  	807   	4.39821
INFO:gp:196	790   	0.879771	196	0.93688 	0.474386	790   	0.0921067	48.6452	196	72 	3  	790   	5.15244
INFO:gp:197	784   	0.881216	197	0.93688 	0.501312	784   	0.0872542	48.4878	197	60 	3  	784   	5.41473
INFO:gp:198	761   	0.883704	198	0.93688 	0.394865	761   	0.0885335	48.6237	198	60 	3  	761   	5.04584
INFO:gp:199	779   	0.883342	199	0.936942	0.403354	779   	0.0891562	48.5816	199	60 	3  	779   	4.98296
INFO:gp:200	779   	0.884533	200	0.936942	0.456821	779   	0.0841404	48.5885	200	89 	3  	779   	5.70929
INFO:gp:201	806   	0.887677	201	0.936942	0.468588	806   	0.081021 	48.6188	201	89 	3  	806   	5.79187
INFO:gp:202	785   	0.881743	202	0.936942	0.452148	785   	0.0872951	48.4653	202	70 	3  	785   	5.87775
INFO:gp:203	765   	0.881682	203	0.936942	0.486635	765   	0.0897893	48.8084	203	72 	3  	765   	4.51547
INFO:gp:204	777   	0.879839	204	0.936942	0.490542	777   	0.0879087	48.6989	204	60 	5  	777   	4.89052
INFO:gp:205	778   	0.883261	205	0.936942	0.464191	778   	0.0858006	48.9052	205	69 	7  	778   	4.35899
INFO:gp:206	779   	0.884868	206	0.937015	0.518268	779   	0.0845082	48.7537	206	60 	3  	779   	4.61901
INFO:gp:207	765   	0.884024	207	0.937015	0.450787	765   	0.0886326	48.7986	207	60 	3  	765   	5.02803
INFO:gp:208	791   	0.879752	208	0.937015	0.448654	791   	0.0899216	48.7048	208	70 	3  	791   	5.1293 
INFO:gp:209	750   	0.889346	209	0.937015	0.453783	750   	0.0832308	48.4399	209	56 	3  	750   	5.88369
INFO:gp:210	761   	0.885703	210	0.937015	0.489215	761   	0.0873296	48.7312	210	72 	3  	761   	5.28347
INFO:gp:211	755   	0.884483	211	0.937015	0.491504	755   	0.0874817	48.9257	211	72 	3  	755   	4.26153
INFO:gp:212	761   	0.877599	212	0.937025	0.483821	761   	0.0917434	48.7713	212	68 	3  	761   	5.15815
INFO:gp:213	764   	0.881616	213	0.937025	0.483177	764   	0.0907857	48.7488	213	89 	3  	764   	5.69203
INFO:gp:214	768   	0.87946 	214	0.937025	0.436276	768   	0.0895932	48.9932	214	89 	3  	768   	4.85478
INFO:gp:215	775   	0.876138	215	0.937025	0.44035 	775   	0.0928094	48.5347	215	60 	3  	775   	6.26777
INFO:gp:216	776   	0.88892 	216	0.937025	0.461339	776   	0.083405 	48.6276	216	69 	3  	776   	5.64778
INFO:gp:217	752   	0.883526	217	0.937025	0.463596	752   	0.0886306	48.8211	217	69 	3  	752   	5.2317 
INFO:gp:218	790   	0.883684	218	0.937065	0.476875	790   	0.0903355	48.7586	218	56 	3  	790   	5.41254
INFO:gp:219	771   	0.878277	219	0.937065	0.475231	771   	0.093937 	48.7077	219	68 	3  	771   	5.5149 
INFO:gp:220	768   	0.882039	220	0.937065	0.465545	768   	0.0889773	49.174 	220	70 	7  	768   	3.85579
INFO:gp:221	762   	0.87712 	221	0.937065	0.521137	762   	0.0884523	48.9922	221	69 	3  	762   	4.87617
INFO:gp:222	781   	0.87933 	222	0.937065	0.504805	781   	0.0849584	48.6813	222	89 	6  	781   	5.65496
INFO:gp:223	754   	0.884842	223	0.937065	0.499033	754   	0.085679 	49.0538	223	60 	4  	754   	4.37469
INFO:gp:224	774   	0.882637	224	0.937252	0.405739	774   	0.0892117	48.869 	224	89 	3  	774   	5.05226
INFO:gp:225	771   	0.877941	225	0.937252	0.468205	771   	0.091547 	48.7097	225	67 	3  	771   	5.56968
INFO:gp:226	783   	0.884461	226	0.937252	0.482837	783   	0.0850565	48.5445	226	57 	3  	783   	5.88317
INFO:gp:227	768   	0.878056	227	0.937252	0.432731	768   	0.0903389	48.6931	227	60 	3  	768   	5.37268
INFO:gp:228	801   	0.884684	228	0.937252	0.475154	801   	0.0834136	48.781 	228	72 	7  	801   	4.35441
INFO:gp:229	783   	0.884055	229	0.937252	0.486924	783   	0.0874053	48.2512	229	60 	3  	783   	5.23658
INFO:gp:230	760   	0.883665	230	0.937252	0.476477	760   	0.0872448	48.1515	230	70 	4  	760   	5.5202 
INFO:gp:231	763   	0.884805	231	0.937252	0.49371 	763   	0.0881581	47.7605	231	87 	3  	763   	6.12435
INFO:gp:232	762   	0.89137 	232	0.937252	0.483378	762   	0.0823098	47.8817	232	87 	3  	762   	5.48282
INFO:gp:233	744   	0.887307	233	0.937252	0.474899	744   	0.0862919	47.7087	233	71 	3  	744   	6.05088
INFO:gp:234	758   	0.885803	234	0.937252	0.453329	758   	0.0840757	47.8113	234	59 	3  	758   	5.79839
INFO:gp:235	793   	0.885015	235	0.937252	0.54022 	793   	0.0836986	48.0088	235	85 	4  	793   	5.0197 
INFO:gp:236	774   	0.884911	236	0.937252	0.507251	774   	0.0855611	47.6755	236	59 	3  	774   	5.59834
INFO:gp:237	775   	0.881605	237	0.937252	0.449246	775   	0.0893743	47.8113	237	71 	3  	775   	5.64306
INFO:gp:238	765   	0.885711	238	0.937252	0.469033	765   	0.0845595	47.6373	238	87 	3  	765   	6.14762
INFO:gp:239	737   	0.89272 	239	0.937252	0.52324 	737   	0.07785  	47.9482	239	87 	3  	737   	5.45704
INFO:gp:240	760   	0.884501	240	0.937252	0.508775	760   	0.0860251	47.7517	240	67 	4  	760   	5.58196
INFO:gp:241	767   	0.879512	241	0.937252	0.460606	767   	0.089801 	47.9071	241	59 	3  	767   	5.15338
INFO:gp:242	735   	0.88863 	242	0.937252	0.470594	735   	0.0840315	48.0117	242	59 	3  	735   	4.97951
INFO:gp:243	771   	0.886453	243	0.937252	0.481124	771   	0.0837261	47.7781	243	59 	3  	771   	5.16139
INFO:gp:244	777   	0.883065	244	0.937252	0.490128	777   	0.0866896	47.8104	244	63 	3  	777   	5.35606
INFO:gp:245	792   	0.883435	245	0.937252	0.444274	792   	0.0869583	47.8925	245	69 	3  	792   	5.59344
INFO:gp:246	776   	0.88963 	246	0.937252	0.469823	776   	0.0813873	47.7928	246	59 	3  	776   	5.35541
INFO:gp:247	755   	0.881975	247	0.937252	0.466726	755   	0.0870743	47.8886	247	67 	3  	755   	5.18922
INFO:gp:248	767   	0.890854	248	0.937252	0.470554	767   	0.082106 	47.8671	248	59 	3  	767   	5.15829
INFO:gp:249	767   	0.886699	249	0.937252	0.50741 	767   	0.0819543	47.6735	249	59 	7  	767   	5.8653 
INFO:gp:250	786   	0.884004	250	0.937252	0.507243	786   	0.0843092	47.8465	250	69 	3  	786   	5.6443 
INFO:gp:251	772   	0.884656	251	0.937252	0.450114	772   	0.0840199	47.9736	251	59 	7  	772   	5.06269
INFO:gp:252	762   	0.881639	252	0.937252	0.46016 	762   	0.0906785	47.7889	252	59 	7  	762   	5.6323 
INFO:gp:253	760   	0.889536	253	0.937252	0.507713	760   	0.0817231	48.0772	253	68 	7  	760   	4.58683
INFO:gp:254	776   	0.88645 	254	0.937252	0.509715	776   	0.0843376	48.0371	254	67 	3  	776   	4.88885
INFO:gp:255	759   	0.885392	255	0.937252	0.477986	759   	0.0871353	47.6891	255	59 	3  	759   	6.14083
INFO:gp:256	778   	0.885141	256	0.937252	0.493719	778   	0.0828202	47.9697	256	63 	3  	778   	5.05783
INFO:gp:257	740   	0.883907	257	0.937252	0.512223	740   	0.0880927	47.9208	257	65 	3  	740   	5.16952
INFO:gp:258	774   	0.886995	258	0.937252	0.498559	774   	0.0848007	47.8847	258	87 	3  	774   	5.72474
INFO:gp:259	762   	0.891912	259	0.937252	0.547128	762   	0.0773363	47.825 	259	63 	3  	762   	5.27501
INFO:gp:260	787   	0.884156	260	0.937252	0.472307	787   	0.0861057	48.1134	260	87 	5  	787   	4.98628
INFO:gp:261	782   	0.881145	261	0.937252	0.444701	782   	0.0911423	48.0694	261	71 	3  	782   	4.58781
INFO:gp:262	757   	0.885269	262	0.937252	0.477502	757   	0.0846434	47.7312	262	69 	3  	757   	5.75205
INFO:gp:263	749   	0.888855	263	0.937252	0.486675	749   	0.0837532	47.9453	263	69 	3  	749   	5.45173
INFO:gp:264	769   	0.883247	264	0.937252	0.443326	769   	0.0896098	47.8641	264	57 	3  	769   	5.32429
INFO:gp:265	765   	0.883714	265	0.937252	0.521501	765   	0.0850202	48.1114	265	59 	3  	765   	4.37728
INFO:gp:266	770   	0.890104	266	0.937252	0.407336	770   	0.0824642	47.7625	266	55 	3  	770   	5.46555
INFO:gp:267	758   	0.884943	267	0.937252	0.514473	758   	0.0859506	48.1202	267	57 	3  	758   	4.25922
INFO:gp:268	786   	0.883507	268	0.937252	0.433617	786   	0.089257 	47.827 	268	67 	3  	786   	5.40739
INFO:gp:269	748   	0.883827	269	0.937252	0.433454	748   	0.0868901	47.9179	269	67 	3  	748   	5.26716
INFO:gp:270	774   	0.880266	270	0.937252	0.493182	774   	0.0902235	48.0811	270	67 	3  	774   	4.52842
INFO:gp:271	764   	0.884443	271	0.937252	0.483837	764   	0.086484 	47.6843	271	87 	3  	764   	6.17669
INFO:gp:272	740   	0.891337	272	0.937252	0.47426 	740   	0.0815965	48.0704	272	71 	7  	740   	5.08183
INFO:gp:273	810   	0.879271	273	0.937252	0.473485	810   	0.092215 	48.0098	273	71 	3  	810   	4.57883
INFO:gp:274	765   	0.882318	274	0.937252	0.48778 	765   	0.0928166	47.7566	274	87 	3  	765   	6.16524
INFO:gp:275	752   	0.884555	275	0.937261	0.458929	752   	0.0878667	47.9218	275	59 	3  	752   	4.66825
INFO:gp:276	776   	0.883855	276	0.937261	0.489389	776   	0.0860334	47.9433	276	69 	3  	776   	5.4646 
INFO:gp:277	755   	0.883758	277	0.937261	0.397611	755   	0.0863551	48.1564	277	59 	3  	755   	4.20991
INFO:gp:278	781   	0.886957	278	0.937261	0.462279	781   	0.08699  	47.7488	278	71 	3  	781   	5.62935
INFO:gp:279	765   	0.886871	279	0.937261	0.466518	765   	0.0852904	47.781 	279	87 	3  	765   	5.94656
INFO:gp:280	759   	0.887516	280	0.937261	0.507598	759   	0.0845821	48.042 	280	59 	3  	759   	4.77645
INFO:gp:281	777   	0.881773	281	0.937333	0.474005	777   	0.0874735	47.7898	281	65 	3  	777   	5.57328
INFO:gp:282	785   	0.884388	282	0.937333	0.412626	785   	0.0869575	47.7185	282	67 	3  	785   	5.68967
INFO:gp:283	792   	0.878384	283	0.937333	0.47671 	792   	0.0932972	47.7693	283	67 	3  	792   	5.59024
INFO:gp:284	796   	0.881513	284	0.937333	0.472493	796   	0.088463 	47.7224	284	87 	3  	796   	6.15959
INFO:gp:285	778   	0.885524	285	0.937333	0.470177	778   	0.0858473	48.0254	285	59 	7  	778   	4.70221
INFO:gp:286	784   	0.882407	286	0.937333	0.423652	784   	0.0882083	47.871 	286	60 	3  	784   	4.92256
INFO:gp:287	745   	0.886812	287	0.937333	0.486623	745   	0.084366 	48.0029	287	69 	5  	745   	5.05135
INFO:gp:288	744   	0.883452	288	0.937523	0.47455 	744   	0.0900032	47.8798	288	65 	3  	744   	5.21917
INFO:gp:289	770   	0.882919	289	0.937523	0.440537	770   	0.0921054	48.088 	289	59 	3  	770   	4.73275
INFO:gp:290	795   	0.876369	290	0.937523	0.482572	795   	0.0941788	47.8788	290	69 	7  	795   	5.32694
INFO:gp:291	791   	0.882502	291	0.937523	0.493166	791   	0.0887779	47.7556	291	87 	3  	791   	5.34763
INFO:gp:292	780   	0.884844	292	0.937727	0.483845	780   	0.0863801	47.7028	292	59 	3  	780   	5.52075
INFO:gp:293	768   	0.880822	293	0.937762	0.453775	768   	0.0932767	48.1388	293	59 	3  	768   	4.53942
INFO:gp:294	754   	0.87834 	294	0.937762	0.500646	754   	0.090695 	48.0186	294	55 	3  	754   	4.2673 
INFO:gp:295	778   	0.882147	295	0.937963	0.505033	778   	0.0879165	47.8172	295	67 	3  	778   	5.55069
INFO:gp:296	775   	0.884514	296	0.937963	0.492153	775   	0.0891511	47.6022	296	71 	3  	775   	6.24813
INFO:gp:297	785   	0.889384	297	0.937963	0.469535	785   	0.0808204	47.5914	297	69 	3  	785   	6.04004
INFO:gp:298	763   	0.885644	298	0.938095	0.503209	763   	0.0853106	48.1926	298	72 	7  	763   	4.98415
INFO:gp:299	791   	0.881557	299	0.938095	0.428691	791   	0.0902094	47.957 	299	68 	3  	791   	5.94863
INFO:gp:300	782   	0.886657	300	0.938095	0.471878	782   	0.0892135	48.1476	300	66 	3  	782   	4.78315
INFO:gp:301	777   	0.88019 	301	0.938095	0.50548 	777   	0.0874804	47.9472	301	59 	3  	777   	5.28292
INFO:gp:302	766   	0.887443	302	0.938095	0.450288	766   	0.0883631	47.7243	302	87 	7  	766   	6.26619
INFO:gp:303	780   	0.886654	303	0.938095	0.462389	780   	0.084905 	48.3402	303	87 	3  	780   	4.71718
INFO:gp:304	769   	0.881909	304	0.938196	0.487286	769   	0.0885276	48.2043	304	67 	3  	769   	6.07467
INFO:gp:305	800   	0.885149	305	0.938196	0.496988	800   	0.0826234	48.6012	305	70 	3  	800   	5.56375
INFO:gp:306	769   	0.888653	306	0.938196	0.441291	769   	0.083825 	48.6413	306	70 	3  	769   	5.56077
INFO:gp:307	800   	0.885322	307	0.938196	0.485307	800   	0.0852981	48.6618	307	72 	5  	800   	5.4782 
INFO:gp:308	777   	0.882132	308	0.938196	0.461916	777   	0.0929248	48.6129	308	72 	3  	777   	5.73483
INFO:gp:309	773   	0.883843	309	0.938196	0.501224	773   	0.0859815	48.3431	309	60 	3  	773   	6.51553
INFO:gp:310	786   	0.88531 	310	0.938196	0.495068	786   	0.0861126	48.7175	310	68 	3  	786   	4.89033
INFO:gp:311	791   	0.882467	311	0.938196	0.472055	791   	0.0897383	48.567 	311	72 	3  	791   	5.78882
INFO:gp:312	771   	0.884105	312	0.938196	0.484126	771   	0.0895356	48.9355	312	60 	7  	771   	4.25503
INFO:gp:313	777   	0.883444	313	0.938196	0.441407	777   	0.0899072	48.7586	313	72 	3  	777   	5.26366
INFO:gp:314	779   	0.885203	314	0.938196	0.491795	779   	0.0860468	48.4399	314	75 	3  	779   	6.33167
INFO:gp:315	750   	0.892715	315	0.938344	0.491197	750   	0.0817317	48.566 	315	60 	6  	750   	5.42768
INFO:gp:316	768   	0.884395	316	0.938344	0.492747	768   	0.0872013	48.7537	316	69 	3  	768   	5.13264
INFO:gp:317	782   	0.885569	317	0.938394	0.48789 	782   	0.0821243	48.435 	317	70 	3  	782   	6.38604
INFO:gp:318	766   	0.887608	318	0.938394	0.485393	766   	0.0824197	48.5357	318	69 	3  	766   	5.75625
INFO:gp:319	776   	0.885585	319	0.938394	0.480247	776   	0.0843353	48.7087	319	72 	3  	776   	5.20932
INFO:gp:320	764   	0.880703	320	0.938394	0.486474	764   	0.085503 	48.654 	320	69 	3  	764   	5.31395
INFO:gp:321	810   	0.880043	321	0.938394	0.458885	810   	0.0881857	48.7664	321	58 	3  	810   	5.13657
INFO:gp:322	803   	0.886011	322	0.938394	0.481086	803   	0.0841699	48.7977	322	67 	3  	803   	5.43378
INFO:gp:323	784   	0.882615	323	0.938705	0.491486	784   	0.086921 	48.7361	323	67 	7  	784   	5.02474
INFO:gp:324	766   	0.885624	324	0.938705	0.459548	766   	0.0873768	48.8749	324	89 	3  	766   	5.07866
INFO:gp:325	757   	0.883671	325	0.938705	0.449785	757   	0.0894655	48.5181	325	89 	3  	757   	6.05445
INFO:gp:326	784   	0.878434	326	0.938705	0.414554	784   	0.0952287	48.7195	326	68 	7  	784   	5.45205
INFO:gp:327	758   	0.887377	327	0.938705	0.503527	758   	0.0911306	48.8739	327	60 	3  	758   	5.2089 
INFO:gp:328	790   	0.8863  	328	0.938705	0.492065	790   	0.0872314	48.7527	328	57 	3  	790   	5.14315
INFO:gp:329	765   	0.884986	329	0.93873 	0.47967 	765   	0.0891439	48.5357	329	60 	3  	765   	6.11062
INFO:gp:330	752   	0.884667	330	0.93873 	0.48782 	752   	0.0888534	48.7879	330	72 	3  	752   	5.3868 
INFO:gp:331	752   	0.883677	331	0.93873 	0.455426	752   	0.0883195	49.0694	331	68 	3  	752   	4.20911
INFO:gp:332	763   	0.886325	332	0.93873 	0.508014	763   	0.0885358	48.9159	332	68 	7  	763   	4.82588
INFO:gp:333	761   	0.885984	333	0.93873 	0.484751	761   	0.0898937	48.8886	333	89 	3  	761   	5.03179
INFO:gp:334	777   	0.886398	334	0.93873 	0.488239	777   	0.0849669	48.8935	334	63 	7  	777   	4.69598
INFO:gp:335	775   	0.883774	335	0.93873 	0.462205	775   	0.0909898	48.174 	335	89 	3  	775   	7.20005
INFO:gp:336	781   	0.884231	336	0.93873 	0.488578	781   	0.085644 	48.9521	336	60 	7  	781   	4.42872
INFO:gp:337	782   	0.881547	337	0.93873 	0.500274	782   	0.0920102	48.7224	337	72 	3  	782   	5.86998
INFO:gp:338	761   	0.888151	338	0.938739	0.473034	761   	0.0872593	48.8319	338	72 	7  	761   	4.89589
INFO:gp:339	799   	0.880351	339	0.938739	0.480797	799   	0.0897348	48.87  	339	72 	7  	799   	5.06861
INFO:gp:340	779   	0.889488	340	0.938739	0.491578	779   	0.0820493	48.6755	340	70 	7  	779   	5.59554
INFO:gp:341	780   	0.888998	341	0.938739	0.476401	780   	0.0854634	48.6657	341	89 	3  	780   	5.66718
INFO:gp:342	763   	0.882481	342	0.938739	0.468284	763   	0.0932346	48.7752	342	89 	3  	763   	5.68188
INFO:gp:343	764   	0.885272	343	0.938928	0.477568	764   	0.0887526	48.5347	343	68 	3  	764   	5.87492
INFO:gp:344	789   	0.886385	344	0.938928	0.455531	789   	0.0862084	48.5435	344	60 	3  	789   	5.66996
INFO:gp:345	763   	0.888278	345	0.938928	0.475105	763   	0.0840605	48.7752	345	89 	3  	763   	5.57419
INFO:gp:346	785   	0.887173	346	0.938928	0.483   	785   	0.0818849	48.5885	346	60 	7  	785   	5.59882
INFO:gp:347	769   	0.882162	347	0.938928	0.489277	769   	0.0876368	48.7097	347	60 	3  	769   	5.6299 
INFO:gp:348	760   	0.884228	348	0.938928	0.516278	760   	0.0880094	48.5112	348	70 	3  	760   	6.24192
INFO:gp:349	779   	0.888112	349	0.938928	0.44194 	779   	0.0859017	48.8983	349	72 	7  	779   	4.9602 
INFO:gp:350	802   	0.886131	350	0.939033	0.474032	802   	0.0862719	48.8974	350	60 	7  	802   	4.76631
INFO:gp:351	755   	0.891218	351	0.939215	0.488042	755   	0.0817244	48.7429	351	70 	3  	755   	5.64764
INFO:gp:352	794   	0.891877	352	0.939215	0.491994	794   	0.0821925	48.8651	352	60 	3  	794   	5.06356
INFO:gp:353	749   	0.890154	353	0.939215	0.477718	749   	0.0868553	48.9902	353	69 	7  	749   	4.82336
INFO:gp:354	767   	0.885989	354	0.939215	0.475375	767   	0.0844644	48.9629	354	60 	3  	767   	5.12012
INFO:gp:355	796   	0.887283	355	0.939587	0.480352	796   	0.0886884	48.9492	355	58 	3  	796   	5.73318
INFO:gp:356	771   	0.884596	356	0.939587	0.468966	771   	0.0898115	49.2913	356	57 	3  	771   	5.16844
INFO:gp:357	771   	0.886237	357	0.939587	0.448139	771   	0.0847345	49.2825	357	89 	3  	771   	5.53328
INFO:gp:358	787   	0.886675	358	0.939587	0.43588 	787   	0.0877096	49.2405	358	62 	3  	787   	5.43933
INFO:gp:359	751   	0.892356	359	0.939587	0.497096	751   	0.0788561	49.4233	359	72 	3  	751   	5.49146
INFO:gp:360	753   	0.889081	360	0.939587	0.474094	753   	0.0854687	50.1691	360	64 	3  	753   	5.47363
INFO:gp:361	756   	0.893153	361	0.939587	0.485615	756   	0.0810756	51.3969	361	60 	6  	756   	4.54379
INFO:gp:362	771   	0.886884	362	0.939587	0.501844	771   	0.0874185	52.1535	362	74 	3  	771   	5.23382
INFO:gp:363	772   	0.89281 	363	0.939587	0.465586	772   	0.0789072	52.2219	363	75 	3  	772   	6.10535
INFO:gp:364	793   	0.889168	364	0.939587	0.487373	793   	0.0830387	52.7146	364	77 	3  	793   	5.13557
INFO:gp:365	759   	0.895755	365	0.939587	0.496926	759   	0.0780945	52.3744	365	73 	3  	759   	6.33395
INFO:gp:366	790   	0.898177	366	0.939587	0.483123	790   	0.0740379	52.6745	366	76 	7  	790   	5.18029
INFO:gp:367	760   	0.896822	367	0.939587	0.56601 	760   	0.0737159	52.6686	367	60 	3  	760   	4.83194
INFO:gp:368	788   	0.889624	368	0.939587	0.468805	788   	0.0876402	52.2561	368	66 	3  	788   	6.19407
INFO:gp:369	783   	0.890994	369	0.939587	0.483594	783   	0.0840282	52.3245	369	68 	5  	783   	6.40429
INFO:gp:370	755   	0.898499	370	0.939587	0.52782 	755   	0.0723174	52.48  	370	75 	3  	755   	6.36088
INFO:gp:371	787   	0.897209	371	0.939587	0.466901	787   	0.0768485	52.5894	371	77 	7  	787   	5.59758
INFO:gp:372	783   	0.889133	372	0.939587	0.498841	783   	0.0844575	52.7644	372	65 	7  	783   	4.61883
INFO:gp:373	777   	0.889193	373	0.939587	0.494239	777   	0.0865101	52.4076	373	77 	3  	777   	5.83941
INFO:gp:374	782   	0.890821	374	0.939587	0.504312	782   	0.083026 	52.7546	374	62 	4  	782   	4.83505
INFO:gp:375	769   	0.891144	375	0.939587	0.494892	769   	0.081922 	52.3627	375	64 	3  	769   	6.41025
INFO:gp:376	778   	0.896352	376	0.939587	0.472142	778   	0.077161 	52.6188	376	76 	3  	778   	5.54192
INFO:gp:377	781   	0.894356	377	0.939587	0.432538	781   	0.0776793	52.6774	377	74 	3  	781   	5.37795
INFO:gp:378	764   	0.899279	378	0.939587	0.495882	764   	0.0738553	52.651 	378	77 	3  	764   	5.53743
INFO:gp:379	769   	0.893187	379	0.939587	0.510523	769   	0.0802525	52.5513	379	66 	3  	769   	5.90517
INFO:gp:380	752   	0.893815	380	0.939587	0.433215	752   	0.086177 	52.7204	380	64 	3  	752   	5.28596
INFO:gp:381	770   	0.896011	381	0.939587	0.495369	770   	0.0784541	52.8162	381	68 	3  	770   	4.96177
INFO:gp:382	795   	0.893081	382	0.939587	0.494116	795   	0.0786795	52.3881	382	69 	7  	795   	6.05408
INFO:gp:383	784   	0.890733	383	0.939587	0.509746	784   	0.0846973	52.6549	383	73 	3  	784   	5.40909
INFO:gp:384	776   	0.891984	384	0.939587	0.495084	776   	0.0845218	52.5924	384	74 	7  	776   	5.48088
INFO:gp:385	753   	0.897556	385	0.939587	0.521534	753   	0.0734867	52.6383	385	97 	3  	753   	5.83934
INFO:gp:386	767   	0.892196	386	0.939587	0.497393	767   	0.0821401	52.7214	386	76 	7  	767   	5.25402
INFO:gp:387	742   	0.895778	387	0.939587	0.491836	742   	0.0776917	52.8377	387	68 	3  	742   	5.21906
INFO:gp:388	726   	0.895907	388	0.939587	0.508146	726   	0.0798678	52.8025	388	64 	3  	726   	4.80002
INFO:gp:389	769   	0.891975	389	0.939587	0.493832	769   	0.0817991	52.7302	389	64 	3  	769   	5.22977
INFO:gp:390	779   	0.88878 	390	0.939587	0.485642	779   	0.0856483	52.8944	390	93 	9  	779   	4.7177 
INFO:gp:391	794   	0.892297	391	0.939587	0.457532	794   	0.0802838	52.7458	391	77 	7  	794   	5.3718 
INFO:gp:392	785   	0.886572	392	0.939587	0.392014	785   	0.0842064	52.4477	392	73 	3  	785   	6.16988
INFO:gp:393	753   	0.8908  	393	0.939587	0.488575	753   	0.0810343	52.7879	393	61 	3  	753   	5.28327
INFO:gp:394	764   	0.888816	394	0.939587	0.485576	764   	0.0866196	52.6911	394	91 	3  	764   	5.69203
INFO:gp:395	800   	0.88703 	395	0.939587	0.440283	800   	0.0872371	52.8925	395	61 	3  	800   	4.84724
INFO:gp:396	788   	0.892271	396	0.939587	0.466261	788   	0.0857813	52.9228	396	64 	3  	788   	4.2888 
INFO:gp:397	764   	0.895261	397	0.939587	0.533801	764   	0.0757972	52.4927	397	97 	3  	764   	6.44426
INFO:gp:398	793   	0.887049	398	0.939587	0.477125	793   	0.0869197	52.3021	398	74 	4  	793   	6.49503
INFO:gp:399	783   	0.891291	399	0.939587	0.467118	783   	0.0838052	52.5904	399	77 	3  	783   	6.01216
INFO:gp:400	788   	0.892892	400	0.939587	0.500749	788   	0.0824108	52.6813	400	61 	3  	788   	5.46455
INFO:__main__:Saving model to file: checkpoints/run_22.pth
INFO:util:Train accuracy: 1.0 +- 0.0
INFO:util:Val accuracy: 1.0 +- 0.0
INFO:util:Test accuracy: 1.0 +- 0.0
INFO:util:Train intra-class: 0.09644342584925218, Train Inter-class: 0.49231031048084123
INFO:util:Val intra-class: 0.126389300455817, Val Inter-class: 0.29923904244289434
INFO:util:Test intra-class: 0.13323519707112158, Test inter-class: 0.3743582367832177
INFO:plot:Saving t-SNE to file: figures/tsne.png
INFO:plot:Saving t-SNE to file: figures/tsne.png
INFO:plot:Saving tree to file: figures/tree-0.pdf
INFO:plot:Saving tree to file: figures/tree-1.pdf
