INFO:data:Reading dataset fish: species
INFO:data:Class Counts: [48 60], Class Ratios: [0.44444444 0.55555556]
INFO:data:Number of features: 1023
INFO:data:Number of instances: 108
INFO:data:Number of classes 2.
INFO:__main__:No model found. Train from scratch.
INFO:gp:   	      	                                fitness                                 	                      size                     
   	      	------------------------------------------------------------------------	-----------------------------------------------
gen	nevals	avg     	gen	max     	min     	nevals	std     	avg    	gen	max	min	nevals	std    
0  	1023  	0.500347	0  	0.879864	0.294805	1023  	0.055584	3.48583	0  	7  	2  	1023  	1.35185
INFO:gp:1  	785   	0.549304	1  	0.879864	0.366439	785   	0.0619261	3.81036	1  	11 	2  	785   	1.54034
INFO:gp:2  	784   	0.588832	2  	0.888574	0.332542	784   	0.0816435	4.18866	2  	13 	2  	784   	1.68907
INFO:gp:3  	783   	0.650105	3  	0.907428	0.358975	783   	0.103613 	4.93646	3  	14 	2  	783   	1.67053
INFO:gp:4  	786   	0.713753	4  	0.907428	0.377238	786   	0.127234 	5.69013	4  	11 	2  	786   	1.40616
INFO:gp:5  	778   	0.776637	5  	0.907428	0.356557	778   	0.136931 	5.90127	5  	12 	2  	778   	1.23449
INFO:gp:6  	770   	0.794188	6  	0.907428	0.356712	770   	0.140801 	6.08798	6  	13 	2  	770   	1.39125
INFO:gp:7  	786   	0.799227	7  	0.912901	0.339717	786   	0.135916 	6.19746	7  	12 	2  	786   	1.43892
INFO:gp:8  	763   	0.809428	8  	0.914352	0.361995	763   	0.13031  	6.29228	8  	14 	2  	763   	1.36912
INFO:gp:9  	769   	0.84008 	9  	0.914352	0.372119	769   	0.104774 	6.6393 	9  	13 	3  	769   	1.39399
INFO:gp:10 	775   	0.845881	10 	0.914389	0.391088	775   	0.103395 	6.88074	10 	13 	3  	775   	1.47692
INFO:gp:11 	761   	0.844949	11 	0.914395	0.366842	761   	0.10817  	6.98436	11 	13 	3  	761   	1.54747
INFO:gp:12 	781   	0.845362	12 	0.914464	0.398048	781   	0.107509 	7.03519	12 	14 	3  	781   	1.65166
INFO:gp:13 	782   	0.840246	13 	0.914753	0.441955	782   	0.111835 	7.24829	13 	16 	3  	782   	1.8012 
INFO:gp:14 	755   	0.849208	14 	0.917394	0.486685	755   	0.102506 	7.36852	14 	16 	4  	755   	1.79662
INFO:gp:15 	814   	0.842292	15 	0.917394	0.398115	814   	0.102051 	7.30694	15 	16 	3  	814   	1.92265
INFO:gp:16 	761   	0.846129	16 	0.917533	0.452152	761   	0.105672 	7.49853	16 	16 	5  	761   	2.10147
INFO:gp:17 	794   	0.847392	17 	0.917604	0.427011	794   	0.10378  	7.98436	17 	19 	3  	794   	2.25798
INFO:gp:18 	769   	0.848666	18 	0.917604	0.447576	769   	0.102532 	8.37146	18 	18 	4  	769   	2.14318
INFO:gp:19 	778   	0.844309	19 	0.918009	0.436835	778   	0.107204 	8.52786	19 	18 	4  	778   	1.93162
INFO:gp:20 	774   	0.848395	20 	0.918009	0.478025	774   	0.102208 	8.78104	20 	20 	5  	774   	2.15729
INFO:gp:21 	748   	0.84513 	21 	0.918406	0.46076 	748   	0.106794 	8.83382	21 	16 	5  	748   	2.30765
INFO:gp:22 	797   	0.843917	22 	0.919524	0.43646 	797   	0.10814  	9.13881	22 	18 	5  	797   	2.52423
INFO:gp:23 	787   	0.839894	23 	0.919524	0.486021	787   	0.11045  	9.22385	23 	17 	3  	787   	2.5618 
INFO:gp:24 	775   	0.843428	24 	0.919592	0.471586	775   	0.107347 	9.76344	24 	20 	5  	775   	2.66925
INFO:gp:25 	789   	0.848144	25 	0.92113 	0.414992	789   	0.106661 	10.1672	25 	19 	6  	789   	2.63416
INFO:gp:26 	779   	0.854326	26 	0.92113 	0.460679	779   	0.0997654	10.564 	26 	23 	5  	779   	2.35084
INFO:gp:27 	753   	0.860473	27 	0.92113 	0.454554	753   	0.0968999	10.3627	27 	24 	5  	753   	2.19135
INFO:gp:28 	777   	0.862461	28 	0.921218	0.459049	777   	0.0954087	10.2854	28 	21 	4  	777   	2.23599
INFO:gp:29 	768   	0.858118	29 	0.921471	0.425695	768   	0.0971376	10.8192	29 	21 	3  	768   	2.37483
INFO:gp:30 	759   	0.8613  	30 	0.921783	0.475694	759   	0.0959441	11.3118	30 	21 	5  	759   	2.57166
INFO:gp:31 	797   	0.858776	31 	0.921783	0.461789	797   	0.0996013	12.0743	31 	21 	3  	797   	2.63341
INFO:gp:32 	787   	0.862463	32 	0.921898	0.47095 	787   	0.0941012	12.7419	32 	23 	5  	787   	2.74385
INFO:gp:33 	768   	0.867699	33 	0.923067	0.468146	768   	0.0911109	13.4848	33 	23 	5  	768   	2.82489
INFO:gp:34 	814   	0.862523	34 	0.923271	0.493809	814   	0.0927594	14.2209	34 	23 	7  	814   	3.04095
INFO:gp:35 	765   	0.879303	35 	0.923271	0.481002	765   	0.0780845	14.6442	35 	27 	9  	765   	3.09676
INFO:gp:36 	762   	0.880408	36 	0.923469	0.487103	762   	0.080431 	15.4252	36 	27 	6  	762   	2.95552
INFO:gp:37 	778   	0.879158	37 	0.924088	0.402395	778   	0.0828565	15.349 	37 	27 	7  	778   	2.64638
INFO:gp:38 	801   	0.87379 	38 	0.924088	0.468514	801   	0.085059 	14.915 	38 	28 	6  	801   	2.58191
INFO:gp:39 	732   	0.875411	39 	0.924088	0.46494 	732   	0.0890043	14.8886	39 	28 	5  	732   	2.57275
INFO:gp:40 	791   	0.871743	40 	0.924629	0.476234	791   	0.0913678	15.393 	40 	27 	6  	791   	2.77505
INFO:gp:41 	805   	0.87644 	41 	0.924629	0.491193	805   	0.0832919	16.2884	41 	31 	9  	805   	3.10172
INFO:gp:42 	747   	0.88154 	42 	0.924629	0.479708	747   	0.0813277	17.174 	42 	30 	7  	747   	3.2045 
INFO:gp:43 	774   	0.883942	43 	0.925024	0.476918	774   	0.0779223	17.697 	43 	27 	9  	774   	3.17401
INFO:gp:44 	755   	0.886497	44 	0.925024	0.49776 	755   	0.0748432	17.8152	44 	28 	9  	755   	2.89741
INFO:gp:45 	791   	0.879078	45 	0.925024	0.4908  	791   	0.0806173	17.48  	45 	28 	7  	791   	2.55943
INFO:gp:46 	775   	0.883367	46 	0.925068	0.471429	775   	0.0807826	17.6031	46 	27 	6  	775   	2.17308
INFO:gp:47 	759   	0.88034 	47 	0.925333	0.479746	759   	0.0819849	17.6725	47 	27 	7  	759   	2.19599
INFO:gp:48 	789   	0.889384	48 	0.925333	0.480472	789   	0.073104 	18.0371	48 	30 	8  	789   	2.16625
INFO:gp:49 	767   	0.886237	49 	0.92625 	0.479829	767   	0.0780214	18.087 	49 	31 	8  	767   	2.0953 
INFO:gp:50 	757   	0.887537	50 	0.926636	0.479447	757   	0.0793212	18.3245	50 	30 	8  	757   	2.3238 
INFO:gp:51 	759   	0.879347	51 	0.926646	0.476939	759   	0.0832371	18.4575	51 	33 	8  	759   	2.65366
INFO:gp:52 	751   	0.886809	52 	0.9268  	0.472601	751   	0.0755105	18.3529	52 	31 	7  	751   	2.88922
INFO:gp:53 	769   	0.88249 	53 	0.92923 	0.44775 	769   	0.0855219	18.2043	53 	35 	6  	769   	3.18604
INFO:gp:54 	760   	0.885512	54 	0.929424	0.476789	760   	0.0824448	17.9003	54 	33 	7  	760   	3.04926
INFO:gp:55 	781   	0.881579	55 	0.931788	0.481294	781   	0.0882914	17.9824	55 	32 	6  	781   	3.13709
INFO:gp:56 	772   	0.88371 	56 	0.931788	0.4913  	772   	0.0817616	18.0821	56 	35 	5  	772   	3.18278
INFO:gp:57 	781   	0.887174	57 	0.931837	0.472015	781   	0.0815863	18.2239	57 	31 	7  	781   	2.70833
INFO:gp:58 	763   	0.891797	58 	0.933652	0.502626	763   	0.0792272	18.1408	58 	31 	5  	763   	2.48431
INFO:gp:59 	776   	0.890656	59 	0.934306	0.479041	776   	0.0774644	18.3519	59 	35 	6  	776   	2.4913 
INFO:gp:60 	779   	0.890388	60 	0.936094	0.495518	779   	0.0857407	18.5572	60 	33 	7  	779   	2.46389
INFO:gp:61 	807   	0.894293	61 	0.936222	0.468562	807   	0.0796862	18.8055	61 	31 	11 	807   	2.33179
INFO:gp:62 	791   	0.895985	62 	0.936222	0.491868	791   	0.0792063	18.8338	62 	31 	6  	791   	2.6654 
INFO:gp:63 	798   	0.901192	63 	0.936323	0.465588	798   	0.0732383	19.0411	63 	31 	6  	798   	2.26458
INFO:gp:64 	779   	0.900908	64 	0.936323	0.501306	779   	0.0761399	19.2356	64 	31 	10 	779   	2.05644
INFO:gp:65 	782   	0.902943	65 	0.93677 	0.497263	782   	0.0736305	19.2747	65 	29 	13 	782   	2.03772
INFO:gp:66 	774   	0.904883	66 	0.93677 	0.481933	774   	0.0652253	19.3734	66 	31 	9  	774   	2.11066
INFO:gp:67 	771   	0.901971	67 	0.93677 	0.50027 	771   	0.0671715	19.2326	67 	31 	5  	771   	2.18066
INFO:gp:68 	775   	0.894898	68 	0.93677 	0.447757	775   	0.080479 	18.9677	68 	31 	9  	775   	2.20458
INFO:gp:69 	766   	0.899481	69 	0.93677 	0.513811	766   	0.0711649	18.999 	69 	31 	10 	766   	2.33738
INFO:gp:70 	801   	0.900944	70 	0.93677 	0.492078	801   	0.0699494	19.3148	70 	31 	9  	801   	2.44962
INFO:gp:71 	755   	0.904038	71 	0.936895	0.514141	755   	0.0661357	19.5816	71 	33 	7  	755   	2.09569
INFO:gp:72 	774   	0.906474	72 	0.936895	0.535691	774   	0.0648745	19.8964	72 	31 	13 	774   	2.16093
INFO:gp:73 	794   	0.906974	73 	0.937053	0.474227	794   	0.0644367	19.7937	73 	31 	10 	794   	1.80352
INFO:gp:74 	784   	0.908548	74 	0.937053	0.432822	784   	0.0606861	19.9247	74 	31 	11 	784   	1.91695
INFO:gp:75 	764   	0.907638	75 	0.937053	0.563122	764   	0.0618109	19.9189	75 	31 	11 	764   	1.89774
INFO:gp:76 	798   	0.905313	76 	0.937053	0.444346	798   	0.0667221	19.8944	76 	31 	13 	798   	1.86719
INFO:gp:77 	764   	0.906555	77 	0.937565	0.506658	764   	0.0666188	20.0626	77 	31 	5  	764   	2.15572
INFO:gp:78 	764   	0.909867	78 	0.937565	0.463155	764   	0.0610539	20.2219	78 	35 	10 	764   	2.6882 
INFO:gp:79 	760   	0.908749	79 	0.937565	0.555134	760   	0.0574571	19.956 	79 	31 	10 	760   	2.84549
INFO:gp:80 	769   	0.910745	80 	0.937565	0.488082	769   	0.0596501	19.1408	80 	31 	3  	769   	2.80129
INFO:gp:81 	769   	0.905712	81 	0.937565	0.49324 	769   	0.0641779	18.4917	81 	31 	13 	769   	2.37321
INFO:gp:82 	779   	0.907628	82 	0.937565	0.531954	779   	0.0587023	18.3969	82 	31 	7  	779   	2.15138
INFO:gp:83 	800   	0.912222	83 	0.937565	0.497134	800   	0.0511917	18.6393	83 	31 	12 	800   	2.16339
INFO:gp:84 	791   	0.90928 	84 	0.937589	0.541336	791   	0.0566879	18.8368	84 	30 	15 	791   	1.85172
INFO:gp:85 	773   	0.90439 	85 	0.937589	0.417566	773   	0.0686386	18.9814	85 	30 	13 	773   	1.79514
INFO:gp:86 	748   	0.906075	86 	0.937618	0.48684 	748   	0.0644329	18.9971	86 	30 	11 	748   	1.63688
INFO:gp:87 	793   	0.906237	87 	0.937826	0.440992	793   	0.0631026	19.0723	87 	30 	12 	793   	1.79242
INFO:gp:88 	775   	0.909051	88 	0.93784 	0.452216	775   	0.0609242	19.1251	88 	30 	11 	775   	1.78568
INFO:gp:89 	788   	0.90665 	89 	0.93784 	0.425047	788   	0.0617266	19.3363	89 	30 	13 	788   	1.92487
INFO:gp:90 	765   	0.907057	90 	0.939151	0.460785	765   	0.0613934	19.5836	90 	29 	11 	765   	1.92189
INFO:gp:91 	794   	0.909015	91 	0.939151	0.503083	794   	0.0587962	19.9795	91 	29 	13 	794   	2.14266
INFO:gp:92 	752   	0.908435	92 	0.939151	0.481222	752   	0.0631944	20.5601	92 	28 	9  	752   	2.30984
INFO:gp:93 	796   	0.908428	93 	0.939245	0.49742 	796   	0.0603364	21.262 	93 	28 	7  	796   	2.2662 
INFO:gp:94 	776   	0.907801	94 	0.939317	0.516506	776   	0.0619489	21.5826	94 	29 	9  	776   	2.23689
INFO:gp:95 	787   	0.90796 	95 	0.939317	0.51655 	787   	0.0603391	21.607 	95 	30 	10 	787   	2.08097
INFO:gp:96 	772   	0.9047  	96 	0.939342	0.49898 	772   	0.0691199	21.4848	96 	33 	13 	772   	2.23574
INFO:gp:97 	760   	0.908273	97 	0.939342	0.511733	760   	0.0611189	21.261 	97 	33 	7  	760   	2.07233
INFO:gp:98 	780   	0.906644	98 	0.939342	0.498012	780   	0.0659604	21.1388	98 	33 	13 	780   	2.15986
INFO:gp:99 	741   	0.90799 	99 	0.939342	0.417238	741   	0.0674841	21.2493	99 	33 	8  	741   	2.29442
INFO:gp:100	773   	0.906953	100	0.939404	0.510834	773   	0.0631081	21.4252	100	33 	11 	773   	2.28216
INFO:gp:101	759   	0.904803	101	0.939487	0.53926 	759   	0.066395 	21.4066	101	33 	7  	759   	2.31423
INFO:gp:102	754   	0.907289	102	0.939729	0.4982  	754   	0.0670651	21.477 	102	35 	13 	754   	2.03085
INFO:gp:103	766   	0.912092	103	0.940116	0.510095	766   	0.0569242	21.4096	103	35 	11 	766   	2.14694
INFO:gp:104	775   	0.908277	104	0.940116	0.495599	775   	0.0624949	21.3529	104	35 	9  	775   	2.12687
INFO:gp:105	781   	0.908394	105	0.940621	0.508937	781   	0.0666943	21.5015	105	35 	3  	781   	2.1452 
INFO:gp:106	792   	0.908948	106	0.940621	0.465818	792   	0.0644268	21.7918	106	35 	12 	792   	2.24036
INFO:gp:107	784   	0.912832	107	0.940661	0.570503	784   	0.0557382	22.0596	107	35 	14 	784   	2.58716
INFO:gp:108	801   	0.91275 	108	0.940661	0.484434	801   	0.0635815	21.8514	108	35 	11 	801   	2.34373
INFO:gp:109	798   	0.913858	109	0.94138 	0.470477	798   	0.0637036	21.7879	109	33 	6  	798   	1.95925
INFO:gp:110	762   	0.921102	110	0.94138 	0.524028	762   	0.0514552	21.7879	110	33 	18 	762   	1.57912
INFO:gp:111	777   	0.917376	111	0.94138 	0.538944	777   	0.0568683	21.9834	111	33 	13 	777   	1.64097
INFO:gp:112	790   	0.917178	112	0.94138 	0.51813 	790   	0.0561069	22.088 	112	31 	15 	790   	1.61072
INFO:gp:113	771   	0.919048	113	0.94138 	0.530534	771   	0.0528758	22.0733	113	34 	15 	771   	1.56686
INFO:gp:114	767   	0.919296	114	0.941681	0.556624	767   	0.0526024	22.1026	114	33 	14 	767   	1.38637
INFO:gp:115	765   	0.917431	115	0.941946	0.496418	765   	0.0573625	22.1574	115	33 	15 	765   	1.53157
INFO:gp:116	793   	0.918032	116	0.941946	0.537894	793   	0.0558773	22.1877	116	33 	15 	793   	1.43955
INFO:gp:117	772   	0.919833	117	0.941946	0.522427	772   	0.0531938	22.2053	117	34 	11 	772   	1.61399
INFO:gp:118	769   	0.918967	118	0.941946	0.533733	769   	0.0551924	22.2639	118	35 	17 	769   	1.64455
INFO:gp:119	783   	0.919623	119	0.941979	0.526481	783   	0.0515574	22.131 	119	35 	11 	783   	1.86558
INFO:gp:120	786   	0.920282	120	0.941979	0.523465	786   	0.0469468	21.825 	120	35 	13 	786   	1.97186
INFO:gp:121	788   	0.913965	121	0.941979	0.488026	788   	0.0627514	21.3509	121	34 	3  	788   	2.13682
INFO:gp:122	762   	0.917497	122	0.941979	0.521464	762   	0.0539718	21.2757	122	30 	14 	762   	1.92231
INFO:gp:123	766   	0.921236	123	0.941979	0.552663	766   	0.0480061	21.4526	123	33 	8  	766   	2.19291
INFO:gp:124	767   	0.919555	124	0.941979	0.505696	767   	0.0515263	21.9062	124	32 	7  	767   	2.22071
INFO:gp:125	786   	0.920133	125	0.942011	0.505111	786   	0.0531814	22.4917	125	33 	13 	786   	2.3417 
INFO:gp:126	777   	0.922309	126	0.942011	0.531206	777   	0.0425679	23.0088	126	33 	13 	777   	2.19591
INFO:gp:127	781   	0.920356	127	0.942011	0.617919	781   	0.045136 	23.0665	127	33 	13 	781   	2.31394
INFO:gp:128	748   	0.92137 	128	0.942011	0.518722	748   	0.0480316	23.2688	128	33 	13 	748   	2.32061
INFO:gp:129	798   	0.917686	129	0.942011	0.495445	798   	0.0557184	23.2893	129	33 	16 	798   	2.14625
INFO:gp:130	776   	0.91881 	130	0.942011	0.485838	776   	0.0546185	23.3138	130	33 	13 	776   	2.21791
INFO:gp:131	764   	0.920924	131	0.942011	0.492652	764   	0.0474793	23.3939	131	33 	13 	764   	2.16933
INFO:gp:132	767   	0.920923	132	0.942011	0.532314	767   	0.0503541	23.3402	132	33 	8  	767   	2.28121
INFO:gp:133	756   	0.918768	133	0.942011	0.577415	756   	0.0514926	23.3715	133	33 	16 	756   	2.28019
INFO:gp:134	794   	0.918452	134	0.942011	0.459704	794   	0.0534614	23.2151	134	33 	4  	794   	2.39841
INFO:gp:135	785   	0.921557	135	0.942011	0.504821	785   	0.0478468	23.2581	135	33 	13 	785   	2.2253 
INFO:gp:136	763   	0.92018 	136	0.942011	0.51335 	763   	0.0512615	23.3001	136	33 	14 	763   	2.22903
INFO:gp:137	774   	0.919008	137	0.942336	0.504762	774   	0.0528064	23.2493	137	33 	13 	774   	2.29484
INFO:gp:138	756   	0.92018 	138	0.942336	0.511131	756   	0.0497898	23.3441	138	33 	13 	756   	2.06939
INFO:gp:139	790   	0.919493	139	0.942336	0.530891	790   	0.0520456	23.303 	139	34 	16 	790   	2.19081
INFO:gp:140	770   	0.923125	140	0.942336	0.576575	770   	0.0425168	23.3558	140	33 	16 	770   	2.06457
INFO:gp:141	752   	0.921857	141	0.942336	0.583559	752   	0.0462508	23.4076	141	33 	13 	752   	2.16951
INFO:gp:142	772   	0.922391	142	0.942336	0.576795	772   	0.044396 	23.3216	142	32 	14 	772   	2.11201
INFO:gp:143	758   	0.921708	143	0.942336	0.576571	758   	0.0466624	23.2923	143	33 	13 	758   	2.26228
INFO:gp:144	767   	0.924034	144	0.942336	0.52211 	767   	0.0420194	23.3099	144	32 	15 	767   	2.18114
INFO:gp:145	778   	0.921428	145	0.942336	0.52109 	778   	0.0483569	23.2307	145	32 	3  	778   	2.40185
INFO:gp:146	783   	0.923609	146	0.942336	0.602634	783   	0.0410772	23.2835	146	33 	14 	783   	2.24235
INFO:gp:147	780   	0.922192	147	0.942336	0.514432	780   	0.0479393	23.3959	147	32 	13 	780   	2.29468
INFO:gp:148	768   	0.921149	148	0.942336	0.460952	768   	0.0498916	23.3236	148	33 	12 	768   	2.2817 
INFO:gp:149	765   	0.921648	149	0.942336	0.474603	765   	0.0499449	23.3167	149	33 	6  	765   	2.44657
INFO:gp:150	804   	0.921742	150	0.942336	0.486036	804   	0.0483127	23.2747	150	33 	3  	804   	2.43344
INFO:gp:151	782   	0.921601	151	0.942336	0.445266	782   	0.0503541	23.3734	151	32 	14 	782   	2.29781
INFO:gp:152	770   	0.92388 	152	0.942336	0.558762	770   	0.0436952	23.3021	152	33 	15 	770   	2.43662
INFO:gp:153	751   	0.925147	153	0.942548	0.475645	751   	0.0386918	23.4418	153	33 	15 	751   	2.10578
INFO:gp:154	752   	0.92175 	154	0.94267 	0.444637	752   	0.0494814	23.4115	154	34 	15 	752   	2.30002
INFO:gp:155	774   	0.919356	155	0.94267 	0.493126	774   	0.05414  	23.3832	155	33 	16 	774   	2.27094
INFO:gp:156	776   	0.923934	156	0.94267 	0.507624	776   	0.041703 	23.3871	156	33 	14 	776   	2.1477 
INFO:gp:157	778   	0.922411	157	0.943328	0.476836	778   	0.0511872	23.3578	157	33 	9  	778   	2.26561
INFO:gp:158	764   	0.924365	158	0.943328	0.550173	764   	0.046254 	23.2825	158	33 	13 	764   	2.29611
INFO:gp:159	808   	0.924891	159	0.943328	0.517996	808   	0.0455847	23.4008	159	33 	9  	808   	2.40919
INFO:gp:160	777   	0.926156	160	0.943328	0.489355	777   	0.0443521	23.2805	160	34 	9  	777   	2.52968
INFO:gp:161	760   	0.926045	161	0.943328	0.51918 	760   	0.0450532	23.391 	161	31 	12 	760   	2.42776
INFO:gp:162	795   	0.924038	162	0.943328	0.493285	795   	0.0482374	23.1906	162	33 	9  	795   	2.66688
INFO:gp:163	803   	0.923172	163	0.943328	0.514853	803   	0.0508174	23.2854	163	32 	14 	803   	2.50798
INFO:gp:164	745   	0.925275	164	0.943328	0.493099	745   	0.0501615	23.393 	164	33 	13 	745   	2.38479
INFO:gp:165	781   	0.924305	165	0.943447	0.490791	781   	0.0514042	23.3226	165	33 	10 	781   	2.644  
INFO:gp:166	763   	0.928506	166	0.943447	0.609041	763   	0.0397296	23.435 	166	33 	12 	763   	2.46846
INFO:gp:167	794   	0.927041	167	0.943447	0.58978 	794   	0.0435319	23.3675	167	32 	15 	794   	2.32202
INFO:gp:168	790   	0.926801	168	0.943447	0.494006	790   	0.0449619	23.4096	168	33 	13 	790   	2.51669
INFO:gp:169	782   	0.927456	169	0.943447	0.524916	782   	0.0403663	23.3021	169	33 	7  	782   	2.533  
INFO:gp:170	794   	0.924548	170	0.943447	0.507023	794   	0.0482135	23.3871	170	33 	13 	794   	2.48293
INFO:gp:171	807   	0.923812	171	0.943447	0.53539 	807   	0.0464709	23.2424	171	33 	11 	807   	2.51445
INFO:gp:172	769   	0.921972	172	0.943447	0.486552	769   	0.0555243	23.3245	172	32 	13 	769   	2.45393
INFO:gp:173	781   	0.92552 	173	0.943447	0.467253	781   	0.0479569	23.3851	173	33 	14 	781   	2.328  
INFO:gp:174	754   	0.926478	174	0.943454	0.543161	754   	0.0407587	23.3011	174	33 	15 	754   	2.48343
INFO:gp:175	782   	0.926224	175	0.943454	0.471161	782   	0.0467212	23.4047	175	37 	14 	782   	2.44359
INFO:gp:176	774   	0.924523	176	0.943454	0.477413	774   	0.0484089	23.3324	176	35 	14 	774   	2.41594
INFO:gp:177	771   	0.92692 	177	0.943454	0.523097	771   	0.0443297	23.4233	177	33 	16 	771   	2.43382
INFO:gp:178	782   	0.927792	178	0.943454	0.49914 	782   	0.0404941	23.2229	178	33 	15 	782   	2.53908
INFO:gp:179	781   	0.926363	179	0.943479	0.442772	781   	0.044066 	23.4242	179	33 	13 	781   	2.2817 
INFO:gp:180	771   	0.925814	180	0.943479	0.475757	771   	0.0479994	23.3421	180	33 	11 	771   	2.22407
INFO:gp:181	785   	0.922919	181	0.943483	0.491994	785   	0.0521928	23.48  	181	32 	15 	785   	1.93323
INFO:gp:182	758   	0.927164	182	0.943483	0.435685	758   	0.0445821	23.6256	182	37 	13 	758   	1.88517
INFO:gp:183	781   	0.923961	183	0.943483	0.552396	781   	0.0496178	23.5865	183	37 	13 	781   	1.86654
INFO:gp:184	806   	0.92309 	184	0.943483	0.503451	806   	0.0495317	23.564 	184	33 	13 	806   	1.63884
INFO:gp:185	771   	0.925915	185	0.943483	0.505413	771   	0.0452696	23.5298	185	37 	13 	771   	1.76111
INFO:gp:186	760   	0.929299	186	0.943483	0.532457	760   	0.0385062	23.5611	186	37 	16 	760   	1.7553 
INFO:gp:187	797   	0.927587	187	0.943511	0.517556	797   	0.0452746	23.5591	187	33 	13 	797   	1.79392
INFO:gp:188	768   	0.92514 	188	0.943511	0.478613	768   	0.0523999	23.6266	188	33 	16 	768   	1.70083
INFO:gp:189	757   	0.925562	189	0.943511	0.515431	757   	0.0509595	23.6745	189	37 	13 	757   	1.87764
INFO:gp:190	793   	0.92697 	190	0.943511	0.626815	793   	0.0427676	23.61  	190	37 	11 	793   	1.73046
INFO:gp:191	755   	0.927327	191	0.943511	0.491241	755   	0.0476967	23.6579	191	37 	16 	755   	1.80752
INFO:gp:192	749   	0.928358	192	0.943511	0.504427	749   	0.0478447	23.5552	192	37 	14 	749   	1.92291
INFO:gp:193	735   	0.928033	193	0.943511	0.478101	735   	0.0444097	23.6979	193	33 	16 	735   	1.59289
INFO:gp:194	756   	0.92835 	194	0.943511	0.565219	756   	0.0429823	23.6774	194	33 	14 	756   	1.70261
INFO:gp:195	766   	0.928285	195	0.943511	0.430201	766   	0.0506802	23.563 	195	32 	3  	766   	1.82244
INFO:gp:196	797   	0.930115	196	0.944394	0.576869	797   	0.039327 	23.5689	196	37 	12 	797   	1.69436
INFO:gp:197	763   	0.927194	197	0.944394	0.53064 	763   	0.0466732	23.6989	197	37 	17 	763   	1.80183
INFO:gp:198	793   	0.929299	198	0.944394	0.580821	793   	0.041791 	23.6422	198	37 	15 	793   	1.68225
INFO:gp:199	754   	0.927   	199	0.944394	0.453841	754   	0.0483568	23.6422	199	39 	15 	754   	1.78816
INFO:gp:200	764   	0.92768 	200	0.945129	0.505097	764   	0.0499531	23.6295	200	32 	14 	764   	1.62055
INFO:gp:201	772   	0.925114	201	0.945129	0.491068	772   	0.0509935	23.5494	201	36 	16 	772   	1.84313
INFO:gp:202	779   	0.928463	202	0.945129	0.465316	779   	0.0464542	23.5181	202	33 	16 	779   	1.85005
INFO:gp:203	768   	0.926702	203	0.945196	0.507003	768   	0.0486865	23.6882	203	37 	11 	768   	1.91039
INFO:gp:204	762   	0.928312	204	0.945196	0.48915 	762   	0.0478182	23.6354	204	38 	16 	762   	1.78869
INFO:gp:205	783   	0.927705	205	0.945196	0.508817	783   	0.0450373	23.654 	205	40 	14 	783   	1.70489
INFO:gp:206	770   	0.927441	206	0.945231	0.541111	770   	0.048063 	23.6344	206	37 	16 	770   	1.57052
INFO:gp:207	764   	0.927557	207	0.945231	0.524417	764   	0.0480289	23.6119	207	40 	17 	764   	1.68744
INFO:gp:208	777   	0.926919	208	0.945231	0.493878	777   	0.0500754	23.6041	208	39 	15 	777   	1.66226
INFO:gp:209	774   	0.924744	209	0.945253	0.500766	774   	0.0558202	23.6413	209	37 	17 	774   	1.77011
INFO:gp:210	783   	0.92692 	210	0.945253	0.50342 	783   	0.0495879	23.7087	210	39 	17 	783   	1.78108
INFO:gp:211	775   	0.928493	211	0.945253	0.486626	775   	0.0473797	23.7576	211	43 	13 	775   	1.69753
INFO:gp:212	761   	0.930102	212	0.945253	0.511201	761   	0.04211  	23.911 	212	43 	3  	761   	1.52172
INFO:gp:213	781   	0.928709	213	0.945253	0.508458	781   	0.0485958	23.9912	213	35 	17 	781   	1.32091
INFO:gp:214	771   	0.927421	214	0.945253	0.452667	771   	0.0518475	24.0733	214	35 	17 	771   	1.32703
INFO:gp:215	806   	0.926422	215	0.945253	0.505211	806   	0.0504066	24.0235	215	43 	18 	806   	1.28052
INFO:gp:216	772   	0.928798	216	0.945253	0.461654	772   	0.0487354	23.9687	216	43 	15 	772   	1.28188
INFO:gp:217	758   	0.929216	217	0.945253	0.502348	758   	0.0480333	24.043 	217	35 	19 	758   	1.19141
INFO:gp:218	774   	0.926679	218	0.945253	0.508317	774   	0.052392 	24.0078	218	33 	3  	774   	1.4341 
INFO:gp:219	780   	0.927149	219	0.945253	0.484944	780   	0.0507032	24.0665	219	35 	17 	780   	1.26363
INFO:gp:220	776   	0.92887 	220	0.945268	0.538496	776   	0.0474455	24.0772	220	43 	18 	776   	1.37243
INFO:gp:221	733   	0.930662	221	0.945268	0.516476	733   	0.0430867	24.0059	221	43 	13 	733   	1.46779
INFO:gp:222	765   	0.92694 	222	0.945332	0.505808	765   	0.0516156	24.087 	222	43 	19 	765   	1.50829
INFO:gp:223	793   	0.930411	223	0.945332	0.548674	793   	0.0442093	24.0772	223	43 	20 	793   	1.31645
INFO:gp:224	761   	0.928645	224	0.945332	0.499703	761   	0.0470402	24.0283	224	35 	17 	761   	1.13083
INFO:gp:225	780   	0.925658	225	0.94535 	0.485831	780   	0.0547999	23.9951	225	33 	3  	780   	1.55227
INFO:gp:226	783   	0.927809	226	0.94535 	0.464494	783   	0.0497817	24.0342	226	42 	17 	783   	1.38269
INFO:gp:227	777   	0.926641	227	0.94535 	0.485488	777   	0.053315 	23.9863	227	42 	15 	777   	1.23322
INFO:gp:228	787   	0.927387	228	0.94535 	0.553397	787   	0.0483756	24.0283	228	43 	15 	787   	1.7587 
INFO:gp:229	764   	0.929596	229	0.94535 	0.502109	764   	0.0423575	23.9619	229	34 	17 	764   	1.26287
INFO:gp:230	766   	0.928857	230	0.945418	0.495622	766   	0.0438223	23.8983	230	42 	15 	766   	1.5051 
INFO:gp:231	750   	0.930881	231	0.945418	0.488732	750   	0.0410976	23.9218	231	41 	14 	750   	1.33006
INFO:gp:232	760   	0.929101	232	0.945418	0.561028	760   	0.0459709	23.8495	232	34 	17 	760   	1.29621
INFO:gp:233	760   	0.929166	233	0.945418	0.585952	760   	0.0434482	23.9609	233	41 	18 	760   	1.34347
INFO:gp:234	755   	0.930069	234	0.945418	0.541825	755   	0.042353 	23.8837	234	33 	17 	755   	1.2827 
INFO:gp:235	769   	0.930308	235	0.945418	0.482406	769   	0.0420803	23.9296	235	33 	17 	769   	1.3327 
INFO:gp:236	771   	0.93096 	236	0.945418	0.524125	771   	0.0430509	23.8768	236	41 	17 	771   	1.30735
INFO:gp:237	779   	0.927888	237	0.945418	0.539807	779   	0.0483996	23.9286	237	34 	15 	779   	1.44762
INFO:gp:238	772   	0.929248	238	0.945577	0.492601	772   	0.0490674	23.913 	238	41 	17 	772   	1.56303
INFO:gp:239	786   	0.925806	239	0.945577	0.502451	786   	0.0551041	23.8583	239	34 	17 	786   	1.33764
INFO:gp:240	755   	0.927881	240	0.945577	0.501028	755   	0.0514162	23.8553	240	32 	14 	755   	1.1842 
INFO:gp:241	759   	0.927961	241	0.945577	0.503703	759   	0.048142 	23.9638	241	42 	14 	759   	1.59351
INFO:gp:242	755   	0.926363	242	0.945577	0.485175	755   	0.0489136	23.911 	242	43 	17 	755   	1.7007 
INFO:gp:243	783   	0.92847 	243	0.945577	0.62592 	783   	0.0426125	23.7644	243	34 	18 	783   	1.33829
INFO:gp:244	781   	0.925983	244	0.94571 	0.543726	781   	0.0487525	23.6491	244	42 	3  	781   	1.66823
INFO:gp:245	791   	0.923766	245	0.94571 	0.510706	791   	0.0508437	23.4203	245	42 	15 	791   	1.56927
INFO:gp:246	773   	0.9209  	246	0.94571 	0.526285	773   	0.0552783	23.2522	246	32 	15 	773   	1.19339
INFO:gp:247	771   	0.919009	247	0.94571 	0.473144	771   	0.060631 	23.2522	247	41 	14 	771   	1.48796
INFO:gp:248	782   	0.922526	248	0.94571 	0.496588	782   	0.0527417	23.2141	248	34 	16 	782   	1.22698
INFO:gp:249	761   	0.91408 	249	0.94571 	0.47926 	761   	0.0673253	23.2151	249	41 	16 	761   	1.58336
INFO:gp:250	771   	0.919775	250	0.94571 	0.50694 	771   	0.0591576	23.1544	250	32 	18 	771   	1.30926
INFO:gp:251	778   	0.919749	251	0.94571 	0.586633	778   	0.0558436	22.9736	251	30 	12 	778   	1.30354
INFO:gp:252	779   	0.922807	252	0.946018	0.540417	779   	0.0500921	23.0049	252	34 	12 	779   	1.32831
INFO:gp:253	794   	0.918503	253	0.946018	0.503386	794   	0.0610347	23     	253	33 	7  	794   	1.53359
INFO:gp:254	788   	0.917629	254	0.946018	0.487522	788   	0.0593362	22.9951	254	31 	16 	788   	1.18271
INFO:gp:255	791   	0.920032	255	0.946018	0.460622	791   	0.0556204	23.0958	255	35 	15 	791   	1.31857
INFO:gp:256	763   	0.919191	256	0.946018	0.482641	763   	0.0593314	23.2444	256	41 	17 	763   	1.35162
INFO:gp:257	753   	0.917236	257	0.946018	0.508691	753   	0.0597211	23.4751	257	42 	14 	753   	1.57854
INFO:gp:258	791   	0.918158	258	0.946018	0.554382	791   	0.0591854	23.6843	258	45 	7  	791   	1.5692 
INFO:gp:259	774   	0.917823	259	0.946018	0.472276	774   	0.0586359	23.8944	259	45 	14 	774   	1.46734
INFO:gp:260	788   	0.915777	260	0.946018	0.463579	788   	0.0634129	23.9423	260	45 	14 	788   	1.32927
INFO:gp:261	775   	0.918237	261	0.946018	0.478393	775   	0.0586336	24.043 	261	45 	17 	775   	1.66151
INFO:gp:262	803   	0.918973	262	0.946018	0.508737	803   	0.05818  	23.9541	262	45 	20 	803   	1.3667 
INFO:gp:263	780   	0.918739	263	0.946096	0.473415	780   	0.0600699	23.9912	263	44 	19 	780   	1.4166 
INFO:gp:264	789   	0.919372	264	0.946096	0.524616	789   	0.053293 	23.9472	264	44 	14 	789   	1.24165
INFO:gp:265	757   	0.920398	265	0.946096	0.520144	757   	0.0526488	23.957 	265	31 	14 	757   	1.07222
INFO:gp:266	771   	0.918167	266	0.946096	0.495367	771   	0.0566221	23.9922	266	32 	18 	771   	1.16814
INFO:gp:267	801   	0.91556 	267	0.946096	0.504731	801   	0.0609677	23.9883	267	45 	16 	801   	1.38342
INFO:gp:268	770   	0.92087 	268	0.946096	0.548909	770   	0.0545302	23.9599	268	32 	18 	770   	1.11304
INFO:gp:269	773   	0.918893	269	0.946096	0.495503	773   	0.056541 	23.9912	269	45 	14 	773   	1.41038
INFO:gp:270	746   	0.92191 	270	0.946096	0.504546	746   	0.0523924	24.0196	270	44 	19 	746   	1.32116
INFO:gp:271	767   	0.921592	271	0.946096	0.528488	767   	0.0536101	24.0557	271	45 	12 	767   	1.51429
INFO:gp:272	785   	0.91677 	272	0.946096	0.60349 	785   	0.0583009	24.0205	272	45 	17 	785   	1.41786
INFO:gp:273	787   	0.918178	273	0.946096	0.488502	787   	0.0596506	24.0186	273	32 	18 	787   	1.25008
INFO:gp:274	780   	0.91834 	274	0.946096	0.497416	780   	0.0618789	23.9775	274	45 	12 	780   	1.48452
INFO:gp:275	781   	0.917606	275	0.946096	0.467794	781   	0.0604443	24.0469	275	45 	13 	781   	1.60393
INFO:gp:276	790   	0.915628	276	0.946096	0.479831	790   	0.0635959	24.0078	276	35 	18 	790   	1.21087
INFO:gp:277	801   	0.921633	277	0.946096	0.467492	801   	0.0532385	23.9091	277	36 	16 	801   	1.13616
INFO:gp:278	751   	0.919961	278	0.946096	0.498905	751   	0.0554559	23.999 	278	36 	14 	751   	1.35887
INFO:gp:279	771   	0.916599	279	0.946096	0.48529 	771   	0.0620141	24.0772	279	36 	14 	771   	1.41866
INFO:gp:280	746   	0.919351	280	0.946096	0.489579	746   	0.0585762	24.002 	280	33 	19 	746   	1.17067
INFO:gp:281	773   	0.91941 	281	0.946096	0.499472	773   	0.0587158	23.9824	281	45 	16 	773   	1.38477
INFO:gp:282	791   	0.916191	282	0.946096	0.48219 	791   	0.0609886	24.044 	282	45 	14 	791   	1.33566
INFO:gp:283	776   	0.919912	283	0.946096	0.521483	776   	0.0526059	23.9814	283	36 	14 	776   	1.19327
INFO:gp:284	803   	0.916284	284	0.946096	0.474383	803   	0.0619726	24.0655	284	45 	19 	803   	1.59686
INFO:gp:285	770   	0.917292	285	0.946096	0.496703	770   	0.0600703	24.0039	285	45 	14 	770   	1.41213
INFO:gp:286	768   	0.91765 	286	0.946096	0.496154	768   	0.06034  	24.0029	286	32 	16 	768   	1.19913
INFO:gp:287	750   	0.923867	287	0.946096	0.500562	750   	0.0487474	23.9717	287	36 	15 	750   	1.07499
INFO:gp:288	776   	0.919327	288	0.946258	0.534452	776   	0.0552709	24.0137	288	45 	16 	776   	1.42035
INFO:gp:289	785   	0.916504	289	0.946258	0.499365	785   	0.0592594	24.0831	289	45 	14 	785   	1.47443
INFO:gp:290	765   	0.921751	290	0.946258	0.50261 	765   	0.0557016	24.0459	290	32 	14 	765   	1.20639
INFO:gp:291	762   	0.920134	291	0.946258	0.498379	762   	0.0575896	24.1281	291	45 	19 	762   	1.3339 
INFO:gp:292	773   	0.917564	292	0.946271	0.392721	773   	0.0625957	24.434 	292	36 	12 	773   	1.4188 
INFO:gp:293	785   	0.916214	293	0.946271	0.502313	785   	0.0630411	24.7498	293	36 	16 	785   	1.59543
INFO:gp:294	779   	0.919028	294	0.946333	0.520181	779   	0.0565737	25.2072	294	46 	18 	779   	1.67439
INFO:gp:295	759   	0.921216	295	0.946333	0.474794	759   	0.0556372	25.5327	295	47 	19 	759   	1.62238
INFO:gp:296	784   	0.917852	296	0.946333	0.501609	784   	0.0596217	25.6471	296	40 	10 	784   	1.66077
INFO:gp:297	742   	0.923262	297	0.946342	0.575344	742   	0.04772  	25.8553	297	49 	14 	742   	1.82429
INFO:gp:298	781   	0.916255	298	0.946342	0.457997	781   	0.0617173	26.0978	298	49 	18 	781   	1.69935
INFO:gp:299	755   	0.919226	299	0.946342	0.553905	755   	0.0571747	26.26  	299	40 	19 	755   	1.41726
INFO:gp:300	771   	0.919896	300	0.946342	0.440931	771   	0.0600364	26.2698	300	36 	21 	771   	1.23073
INFO:gp:301	767   	0.921439	301	0.946376	0.509295	767   	0.0559854	26.2864	301	49 	20 	767   	1.62492
INFO:gp:302	749   	0.922857	302	0.946376	0.482566	749   	0.0582139	26.2307	302	49 	19 	749   	1.50579
INFO:gp:303	752   	0.921111	303	0.946376	0.503994	752   	0.0554608	26.3861	303	49 	15 	752   	1.56466
INFO:gp:304	770   	0.922721	304	0.946401	0.510379	770   	0.0552768	26.4115	304	49 	3  	770   	1.63112
INFO:gp:305	779   	0.918184	305	0.946401	0.509464	779   	0.0576553	26.6051	305	49 	20 	779   	1.57834
INFO:gp:306	782   	0.91919 	306	0.946401	0.548838	782   	0.0585117	26.8719	306	36 	16 	782   	1.31248
INFO:gp:307	778   	0.920857	307	0.946401	0.497073	778   	0.0562264	27.0332	307	40 	4  	778   	1.63086
INFO:gp:308	763   	0.92156 	308	0.946401	0.542579	763   	0.0542076	27.1398	308	40 	20 	763   	1.31426
INFO:gp:309	783   	0.924339	309	0.946625	0.516092	783   	0.0470495	27.3861	309	49 	22 	783   	1.58884
INFO:gp:310	771   	0.924123	310	0.946625	0.556874	771   	0.0481467	27.6852	310	49 	19 	771   	1.92088
INFO:gp:311	799   	0.921176	311	0.946625	0.483799	799   	0.0555073	27.74  	311	38 	16 	799   	1.48989
INFO:gp:312	775   	0.924636	312	0.946625	0.578937	775   	0.0447335	27.8172	312	49 	21 	775   	1.48001
INFO:gp:313	753   	0.922868	313	0.946694	0.498956	753   	0.0516372	28.1173	313	49 	18 	753   	1.81121
INFO:gp:314	759   	0.926057	314	0.946694	0.43864 	759   	0.0500774	28.1975	314	49 	16 	759   	1.74641
INFO:gp:315	767   	0.926163	315	0.947379	0.61809 	767   	0.0448363	28.4506	315	40 	19 	767   	1.83782
INFO:gp:316	789   	0.922241	316	0.947379	0.50928 	789   	0.0561813	28.303 	316	49 	22 	789   	1.7267 
INFO:gp:317	789   	0.922552	317	0.947538	0.443152	789   	0.0547511	28.2678	317	49 	19 	789   	2.00698
INFO:gp:318	780   	0.920856	318	0.947538	0.509025	780   	0.0568904	28.2981	318	49 	14 	780   	1.66091
INFO:gp:319	775   	0.922074	319	0.947538	0.492049	775   	0.0542349	28.4457	319	41 	19 	775   	1.53638
INFO:gp:320	788   	0.92243 	320	0.947935	0.414625	788   	0.0545911	28.5249	320	42 	22 	788   	1.51471
INFO:gp:321	761   	0.922495	321	0.947935	0.538328	761   	0.0542967	28.3167	321	49 	3  	761   	2.13141
INFO:gp:322	788   	0.924686	322	0.947935	0.522413	788   	0.0485567	28.3431	322	49 	19 	788   	1.89679
INFO:gp:323	807   	0.925986	323	0.948282	0.492296	807   	0.0478858	28.2424	323	38 	16 	807   	1.5361 
INFO:gp:324	770   	0.922188	324	0.948827	0.48019 	770   	0.0553338	28.4858	324	49 	14 	770   	1.85167
INFO:gp:325	765   	0.925466	325	0.948827	0.466168	765   	0.049376 	28.6481	325	39 	21 	765   	1.47356
INFO:gp:326	773   	0.925425	326	0.948827	0.536851	773   	0.0467165	28.6764	326	40 	22 	773   	1.39679
INFO:gp:327	771   	0.923832	327	0.948827	0.51072 	771   	0.051616 	28.6882	327	43 	21 	771   	1.41405
INFO:gp:328	763   	0.926459	328	0.948867	0.48885 	763   	0.0537202	28.694 	328	37 	8  	763   	1.41395
INFO:gp:329	783   	0.927864	329	0.948867	0.493998	783   	0.0486982	28.8104	329	49 	20 	783   	1.40632
INFO:gp:330	748   	0.929034	330	0.948867	0.480081	748   	0.048671 	28.9638	330	53 	18 	748   	1.44284
INFO:gp:331	778   	0.930272	331	0.948867	0.503724	778   	0.0450054	29.0156	331	37 	13 	778   	1.19536
INFO:gp:332	799   	0.931455	332	0.948867	0.472866	799   	0.043737 	29.219 	332	42 	21 	799   	1.31201
INFO:gp:333	775   	0.928684	333	0.948867	0.49776 	775   	0.049401 	29.3793	333	42 	25 	775   	1.28258
INFO:gp:334	745   	0.931149	334	0.948867	0.495449	745   	0.0475225	29.6276	334	55 	23 	745   	1.49195
INFO:gp:335	760   	0.93052 	335	0.948867	0.496052	760   	0.0472596	29.7722	335	57 	16 	760   	1.44157
INFO:gp:336	753   	0.929968	336	0.948867	0.489398	753   	0.0476106	29.9042	336	44 	20 	753   	1.22877
INFO:gp:337	765   	0.928864	337	0.948867	0.467062	765   	0.049483 	29.8876	337	42 	18 	765   	1.21254
INFO:gp:338	769   	0.931741	338	0.948867	0.520855	769   	0.0419058	30.001 	338	57 	25 	769   	1.61584
INFO:gp:339	790   	0.932088	339	0.948867	0.474558	790   	0.0414811	30.0078	339	57 	20 	790   	1.85494
INFO:gp:340	766   	0.928937	340	0.948867	0.498225	766   	0.049984 	29.9511	340	44 	21 	766   	1.25356
INFO:gp:341	766   	0.928797	341	0.948867	0.465038	766   	0.0526436	29.9218	341	41 	20 	766   	1.26296
INFO:gp:342	768   	0.930553	342	0.948867	0.434845	768   	0.0445558	29.9394	342	57 	23 	768   	1.38072
INFO:gp:343	778   	0.928336	343	0.948867	0.495615	778   	0.0502246	29.9433	343	57 	16 	778   	1.56661
INFO:gp:344	782   	0.93061 	344	0.948867	0.656418	782   	0.0396536	29.9834	344	57 	22 	782   	1.45063
INFO:gp:345	766   	0.930537	345	0.94905 	0.525425	766   	0.0447598	29.9492	345	42 	23 	766   	1.12005
INFO:gp:346	759   	0.931168	346	0.94905 	0.51742 	759   	0.0439995	29.9863	346	57 	22 	759   	1.76581
INFO:gp:347	778   	0.92977 	347	0.94905 	0.510928	778   	0.0459149	29.914 	347	57 	21 	778   	1.39277
INFO:gp:348	759   	0.93168 	348	0.94905 	0.488434	759   	0.0448702	29.8974	348	39 	16 	759   	1.05481
INFO:gp:349	757   	0.929806	349	0.94905 	0.50857 	757   	0.0466571	30     	349	42 	25 	757   	1.24826
INFO:gp:350	792   	0.930087	350	0.94905 	0.508662	792   	0.0451513	29.998 	350	50 	19 	792   	1.51241
INFO:gp:351	799   	0.930528	351	0.94905 	0.541369	799   	0.0424674	30.0147	351	57 	22 	799   	1.66347
INFO:gp:352	767   	0.930304	352	0.949088	0.507268	767   	0.0488521	29.9531	352	44 	24 	767   	1.11934
INFO:gp:353	766   	0.932939	353	0.949088	0.507681	766   	0.0425979	30.0274	353	41 	26 	766   	1.08091
INFO:gp:354	774   	0.931967	354	0.949088	0.548221	774   	0.0431261	30.0293	354	37 	22 	774   	0.980315
INFO:gp:355	786   	0.933593	355	0.949088	0.475111	786   	0.0410595	30.1613	355	42 	21 	786   	1.18329 
INFO:gp:356	772   	0.929687	356	0.949214	0.480724	772   	0.0511671	30.2962	356	41 	15 	772   	1.4236  
INFO:gp:357	790   	0.931148	357	0.949214	0.516499	790   	0.0423229	30.6716	357	46 	20 	790   	1.53539 
INFO:gp:358	779   	0.9344  	358	0.949214	0.611406	779   	0.0365936	31.0176	358	42 	23 	779   	1.46503 
INFO:gp:359	759   	0.932892	359	0.949214	0.511968	759   	0.0401302	31.479 	359	61 	24 	759   	1.84896 
INFO:gp:360	761   	0.933173	360	0.949214	0.577401	761   	0.0389645	31.5738	360	46 	25 	761   	1.58444 
INFO:gp:361	790   	0.929555	361	0.949214	0.510239	790   	0.0487774	31.5152	361	46 	23 	790   	1.50253 
INFO:gp:362	765   	0.931728	362	0.949214	0.487385	765   	0.0429864	31.4751	362	42 	16 	765   	1.51793 
INFO:gp:363	751   	0.932659	363	0.949214	0.537948	751   	0.0439626	31.5621	363	46 	23 	751   	1.3505  
INFO:gp:364	754   	0.932554	364	0.949214	0.496827	754   	0.0451299	31.7165	364	61 	27 	754   	1.93688 
INFO:gp:365	774   	0.930429	365	0.949214	0.512541	774   	0.0457615	31.6276	365	43 	23 	774   	1.30309 
INFO:gp:366	758   	0.933242	366	0.949214	0.513653	758   	0.0383241	31.6843	366	61 	24 	758   	1.62369 
INFO:gp:367	789   	0.93336 	367	0.949214	0.517356	789   	0.0410062	31.6129	367	41 	23 	789   	1.43095 
INFO:gp:368	774   	0.930156	368	0.949406	0.605715	774   	0.0466795	31.5562	368	46 	18 	774   	1.50675 
INFO:gp:369	759   	0.931758	369	0.949406	0.523173	759   	0.0444444	31.5513	369	46 	18 	759   	1.6025  
INFO:gp:370	759   	0.934286	370	0.949406	0.537194	759   	0.0364743	31.6471	370	61 	25 	759   	1.72657 
INFO:gp:371	779   	0.927869	371	0.949406	0.483086	779   	0.052239 	31.5982	371	45 	18 	779   	1.62996 
INFO:gp:372	780   	0.931241	372	0.949406	0.508654	780   	0.0431858	31.6422	372	46 	21 	780   	1.40348 
INFO:gp:373	795   	0.932824	373	0.949406	0.546917	795   	0.0380529	31.6139	373	46 	15 	795   	1.75489 
INFO:gp:374	756   	0.933189	374	0.949516	0.579281	756   	0.0406905	31.6579	374	61 	23 	756   	1.67736 
INFO:gp:375	802   	0.931527	375	0.949516	0.61162 	802   	0.0421745	31.6149	375	61 	14 	802   	1.85976 
INFO:gp:376	755   	0.929558	376	0.949516	0.533114	755   	0.0495566	31.6334	376	45 	23 	755   	1.42232 
INFO:gp:377	767   	0.931327	377	0.949516	0.511736	767   	0.0422146	31.5601	377	46 	23 	767   	1.5001  
INFO:gp:378	759   	0.931158	378	0.949516	0.54291 	759   	0.0460787	31.6999	378	46 	26 	759   	1.39293 
INFO:gp:379	796   	0.927624	379	0.949516	0.496326	796   	0.0522333	31.6354	379	43 	23 	796   	1.32978 
INFO:gp:380	786   	0.930701	380	0.949516	0.605233	786   	0.04494  	31.609 	380	43 	18 	786   	1.55813 
INFO:gp:381	783   	0.930713	381	0.949516	0.466241	783   	0.046476 	31.6716	381	61 	24 	783   	1.67602 
INFO:gp:382	759   	0.931534	382	0.949516	0.504069	759   	0.0466249	31.7185	382	61 	19 	759   	1.82492 
INFO:gp:383	781   	0.93077 	383	0.949516	0.510877	781   	0.0487423	31.6735	383	45 	19 	781   	1.61037 
INFO:gp:384	757   	0.930812	384	0.949516	0.516184	757   	0.0503376	31.7126	384	61 	14 	757   	1.67131 
INFO:gp:385	757   	0.927795	385	0.949516	0.52704 	757   	0.0554603	31.651 	385	42 	20 	757   	1.45524 
INFO:gp:386	743   	0.930698	386	0.949516	0.621015	743   	0.0459799	31.6882	386	61 	18 	743   	1.74064 
INFO:gp:387	755   	0.931854	387	0.949516	0.525215	755   	0.0445291	31.7165	387	43 	22 	755   	1.32418 
INFO:gp:388	784   	0.92857 	388	0.949516	0.490588	784   	0.0498781	31.7224	388	61 	24 	784   	1.64586 
INFO:gp:389	748   	0.929911	389	0.949516	0.488315	748   	0.0503283	31.6735	389	48 	20 	748   	1.54659 
INFO:gp:390	784   	0.928196	390	0.949516	0.496526	784   	0.050824 	31.6139	390	43 	16 	784   	1.51644 
INFO:gp:391	772   	0.930382	391	0.949516	0.52003 	772   	0.0470664	31.6217	391	43 	18 	772   	1.51067 
INFO:gp:392	763   	0.92926 	392	0.949717	0.49404 	763   	0.0510632	31.6901	392	46 	18 	763   	1.57099 
INFO:gp:393	786   	0.927848	393	0.949717	0.419158	786   	0.0547003	31.6931	393	43 	19 	786   	1.55939 
INFO:gp:394	748   	0.930061	394	0.949717	0.5858  	748   	0.0480367	31.695 	394	46 	21 	748   	1.45    
INFO:gp:395	786   	0.928692	395	0.949717	0.535329	786   	0.0507057	31.6813	395	46 	14 	786   	1.70793 
INFO:gp:396	764   	0.929812	396	0.949717	0.526282	764   	0.0478204	31.6735	396	41 	21 	764   	1.33856 
INFO:gp:397	755   	0.927882	397	0.949717	0.51045 	755   	0.0540347	31.6999	397	61 	20 	755   	1.63565 
INFO:gp:398	753   	0.928687	398	0.949717	0.512577	753   	0.0505226	31.6784	398	61 	24 	753   	1.83993 
INFO:gp:399	768   	0.928732	399	0.949717	0.517761	768   	0.0465429	31.6149	399	45 	25 	768   	1.55896 
INFO:gp:400	781   	0.92925 	400	0.949839	0.578017	781   	0.0445282	31.5738	400	44 	19 	781   	1.61317 
INFO:__main__:Saving model to file: checkpoints/run_20.pth
INFO:util:Train accuracy: 1.0 +- 0.0
INFO:util:Val accuracy: 1.0 +- 0.0
INFO:util:Test accuracy: 1.0 +- 0.0
INFO:util:Train intra-class: 0.0705990245384816, Train Inter-class: 0.5689886745117079
INFO:util:Val intra-class: 0.1016529273112494, Val Inter-class: 0.3044384349644818
INFO:util:Test intra-class: 0.09982634064730064, Test inter-class: 0.36839149554496653
INFO:plot:Saving t-SNE to file: figures/tsne.png
INFO:plot:Saving t-SNE to file: figures/tsne.png
INFO:plot:Saving tree to file: figures/tree-0.pdf
INFO:plot:Saving tree to file: figures/tree-1.pdf
