INFO:data:Reading dataset fish: species
INFO:data:Class Counts: [48 60], Class Ratios: [0.44444444 0.55555556]
INFO:data:Number of features: 1023
INFO:data:Number of instances: 108
INFO:data:Number of classes 2.
INFO:__main__:No model found. Train from scratch.
INFO:gp:   	      	                             fitness                             	                      size                     
   	      	-----------------------------------------------------------------	-----------------------------------------------
gen	nevals	avg    	gen	max     	min     	nevals	std      	avg    	gen	max	min	nevals	std    
0  	1023  	0.50249	0  	0.742094	0.317421	1023  	0.0566179	3.56403	0  	7  	2  	1023  	1.37338
INFO:gp:1  	791   	0.550204	1  	0.742094	0.313771	791   	0.0560564	3.6608 	1  	11 	2  	791   	1.45754
INFO:gp:2  	783   	0.570993	2  	0.790493	0.275796	783   	0.07012  	3.71065	2  	11 	2  	783   	1.46526
INFO:gp:3  	776   	0.593271	3  	0.847464	0.287412	776   	0.0844818	3.79472	3  	11 	2  	776   	1.53069
INFO:gp:4  	778   	0.626671	4  	0.855504	0.300934	778   	0.0953451	3.85728	4  	10 	1  	778   	1.53715
INFO:gp:5  	775   	0.660834	5  	0.869807	0.305141	775   	0.116241 	3.95601	5  	11 	1  	775   	1.55481
INFO:gp:6  	784   	0.712514	6  	0.869807	0.20884 	784   	0.128449 	3.95015	6  	10 	1  	784   	1.51965
INFO:gp:7  	762   	0.783971	7  	0.896568	0.318156	762   	0.111726 	3.75855	7  	10 	1  	762   	1.51994
INFO:gp:8  	764   	0.813104	8  	0.896568	0.410738	764   	0.0996986	3.39003	8  	11 	1  	764   	1.81591
INFO:gp:9  	766   	0.819852	9  	0.896568	0.298553	766   	0.105316 	2.71065	9  	10 	1  	766   	2.07963
INFO:gp:10 	778   	0.8259  	10 	0.904387	0.419123	778   	0.10407  	3.2913 	10 	14 	1  	778   	2.24353
INFO:gp:11 	798   	0.823122	11 	0.904387	0.424577	798   	0.0985915	4.78495	11 	14 	1  	798   	2.32852
INFO:gp:12 	773   	0.832698	12 	0.904387	0.433407	773   	0.096415 	6.21017	12 	15 	1  	773   	2.61394
INFO:gp:13 	776   	0.828722	13 	0.904405	0.464259	776   	0.106944 	7.6696 	13 	20 	1  	776   	2.50831
INFO:gp:14 	776   	0.836633	14 	0.909085	0.483956	776   	0.101081 	8.56109	14 	18 	1  	776   	2.5918 
INFO:gp:15 	765   	0.844438	15 	0.910949	0.484048	765   	0.100986 	9.5347 	15 	24 	1  	765   	2.79129
INFO:gp:16 	759   	0.84934 	16 	0.910949	0.486815	759   	0.0993008	10.1554	16 	22 	1  	759   	2.84433
INFO:gp:17 	799   	0.850074	17 	0.910949	0.489576	799   	0.0985449	10.4692	17 	21 	1  	799   	3.06412
INFO:gp:18 	775   	0.850487	18 	0.911304	0.384409	775   	0.101583 	11.0371	18 	24 	2  	775   	3.26548
INFO:gp:19 	771   	0.854476	19 	0.911332	0.466369	771   	0.0965831	12.0547	19 	27 	1  	771   	3.8334 
INFO:gp:20 	771   	0.866372	20 	0.911347	0.448251	771   	0.0928111	14.2649	20 	32 	1  	771   	4.21736
INFO:gp:21 	776   	0.871979	21 	0.911944	0.468078	776   	0.0906627	16.4076	21 	40 	1  	776   	4.88369
INFO:gp:22 	783   	0.867487	22 	0.911944	0.484139	783   	0.0969998	17.6413	22 	40 	1  	783   	4.92657
INFO:gp:23 	791   	0.871939	23 	0.912156	0.483944	791   	0.0924186	17.9443	23 	41 	1  	791   	4.84317
INFO:gp:24 	752   	0.873115	24 	0.912158	0.466853	752   	0.0915188	18.6637	24 	36 	1  	752   	5.45472
INFO:gp:25 	782   	0.870702	25 	0.912158	0.464439	782   	0.0933036	19.2649	25 	40 	1  	782   	4.99826
INFO:gp:26 	774   	0.869436	26 	0.912862	0.4378  	774   	0.09561  	20.0127	26 	43 	2  	774   	4.62524
INFO:gp:27 	781   	0.877369	27 	0.912882	0.470268	781   	0.0852667	21.0674	27 	45 	2  	781   	4.54739
INFO:gp:28 	752   	0.878349	28 	0.912882	0.483835	752   	0.0872342	21.8798	28 	46 	3  	752   	4.56175
INFO:gp:29 	767   	0.879103	29 	0.912882	0.483868	767   	0.0866015	22.4946	29 	38 	1  	767   	5.34259
INFO:gp:30 	802   	0.874663	30 	0.912882	0.490522	802   	0.0896423	25.6413	30 	57 	1  	802   	5.56288
INFO:gp:31 	762   	0.872487	31 	0.912893	0.452307	762   	0.0935925	27.8964	31 	41 	1  	762   	4.82408
INFO:gp:32 	802   	0.87872 	32 	0.912893	0.490094	802   	0.0842359	29.306 	32 	42 	1  	802   	4.47904
INFO:gp:33 	774   	0.87863 	33 	0.913163	0.484447	774   	0.0857123	29.6334	33 	46 	1  	774   	4.42992
INFO:gp:34 	766   	0.881849	34 	0.913163	0.477037	766   	0.0812614	29.2111	34 	57 	1  	766   	4.84081
INFO:gp:35 	766   	0.875591	35 	0.913218	0.504823	766   	0.0905808	28.6012	35 	57 	1  	766   	4.8536 
INFO:gp:36 	757   	0.879244	36 	0.913609	0.506489	757   	0.0845476	28.4194	36 	57 	2  	757   	4.79441
INFO:gp:37 	784   	0.876939	37 	0.913609	0.455504	784   	0.0886528	29.088 	37 	44 	3  	784   	4.62241
INFO:gp:38 	788   	0.873599	38 	0.913609	0.488971	788   	0.0915316	29.6618	38 	59 	1  	788   	4.77581
INFO:gp:39 	762   	0.881167	39 	0.913609	0.475674	762   	0.0809519	30.0215	39 	42 	1  	762   	4.47886
INFO:gp:40 	784   	0.882121	40 	0.913641	0.483581	784   	0.0826754	30.52  	40 	61 	2  	784   	5.28497
INFO:gp:41 	769   	0.881264	41 	0.914589	0.522875	769   	0.0791623	32.087 	41 	48 	1  	769   	5.68093
INFO:gp:42 	769   	0.882894	42 	0.914974	0.519204	769   	0.0809956	33.436 	42 	61 	3  	769   	5.19771
INFO:gp:43 	774   	0.880619	43 	0.914974	0.484445	774   	0.0842763	34.4721	43 	48 	3  	774   	5.21774
INFO:gp:44 	781   	0.877883	44 	0.914974	0.484396	781   	0.0860317	36.2942	44 	65 	2  	781   	6.08561
INFO:gp:45 	761   	0.881061	45 	0.914974	0.502525	761   	0.0865952	39.8416	45 	55 	1  	761   	5.97848
INFO:gp:46 	775   	0.880611	46 	0.914974	0.513209	775   	0.0830779	42.434 	46 	52 	1  	775   	6.54985
INFO:gp:47 	773   	0.878567	47 	0.914974	0.496735	773   	0.0860215	44.609 	47 	91 	1  	773   	6.75732
INFO:gp:48 	765   	0.882251	48 	0.914974	0.477403	765   	0.0819303	45.5777	48 	58 	1  	765   	5.02288
INFO:gp:49 	782   	0.881176	49 	0.914974	0.401084	782   	0.0825469	45.3226	49 	61 	1  	782   	6.12045
INFO:gp:50 	778   	0.880055	50 	0.914974	0.484259	778   	0.085671 	45.1153	50 	61 	1  	778   	6.30818
INFO:gp:51 	756   	0.881295	51 	0.914974	0.48394 	756   	0.0839684	45.4242	51 	73 	1  	756   	5.74566
INFO:gp:52 	767   	0.886058	52 	0.914974	0.495324	767   	0.0792365	45.522 	52 	60 	1  	767   	5.53662
INFO:gp:53 	792   	0.881526	53 	0.914974	0.483908	792   	0.0834115	45.5767	53 	53 	1  	792   	5.14024
INFO:gp:54 	767   	0.885025	54 	0.914974	0.518283	767   	0.0790061	45.3705	54 	58 	1  	767   	5.43769
INFO:gp:55 	749   	0.879666	55 	0.914974	0.404959	749   	0.0849001	45.1271	55 	61 	1  	749   	6.78647
INFO:gp:56 	769   	0.879709	56 	0.914974	0.479332	769   	0.0840197	45.4438	56 	60 	1  	769   	5.69633
INFO:gp:57 	783   	0.884596	57 	0.914974	0.502098	783   	0.0782587	45.2141	57 	60 	3  	783   	5.81031
INFO:gp:58 	754   	0.88231 	58 	0.914974	0.444107	754   	0.0829641	45.4536	58 	91 	3  	754   	5.4934 
INFO:gp:59 	764   	0.882202	59 	0.914974	0.483835	764   	0.0838415	45.3392	59 	91 	1  	764   	6.8739 
INFO:gp:60 	774   	0.881542	60 	0.914974	0.497193	774   	0.0820115	45.3372	60 	61 	1  	774   	5.9139 
INFO:gp:61 	770   	0.878587	61 	0.914974	0.50359 	770   	0.0870714	45.3734	61 	61 	1  	770   	6.03228
INFO:gp:62 	786   	0.88124 	62 	0.914974	0.502525	786   	0.0847781	45.5826	62 	63 	1  	786   	5.39167
INFO:gp:63 	778   	0.884822	63 	0.914974	0.533301	778   	0.0795027	45.6647	63 	63 	1  	778   	5.25033
INFO:gp:64 	770   	0.879784	64 	0.914974	0.471893	770   	0.0864695	45.6237	64 	58 	1  	770   	5.71052
INFO:gp:65 	783   	0.881436	65 	0.914974	0.478198	783   	0.0844669	45.5064	65 	58 	1  	783   	5.47988
INFO:gp:66 	770   	0.885042	66 	0.914974	0.490525	770   	0.0794563	45.7136	66 	60 	2  	770   	5.13294
INFO:gp:67 	772   	0.87759 	67 	0.914974	0.449613	772   	0.0885776	45.5464	67 	91 	2  	772   	5.55815
INFO:gp:68 	778   	0.883683	68 	0.914974	0.54199 	778   	0.0778902	45.4389	68 	58 	1  	778   	5.58905
INFO:gp:69 	776   	0.886054	69 	0.914974	0.479681	776   	0.0769537	45.5269	69 	61 	1  	776   	5.44133
INFO:gp:70 	798   	0.878639	70 	0.914974	0.404959	798   	0.0874329	45.521 	70 	91 	3  	798   	5.66387
INFO:gp:71 	789   	0.881292	71 	0.914974	0.459987	789   	0.0832352	45.348 	71 	53 	1  	789   	6.3514 
INFO:gp:72 	785   	0.881866	72 	0.914974	0.473804	785   	0.0831972	45.5034	72 	61 	1  	785   	5.83897
INFO:gp:73 	776   	0.881728	73 	0.914974	0.470989	776   	0.081998 	45.2424	73 	53 	1  	776   	6.08958
INFO:gp:74 	764   	0.882906	74 	0.914974	0.468455	764   	0.0843966	45.5582	74 	58 	3  	764   	5.51283
INFO:gp:75 	776   	0.878425	75 	0.914974	0.478873	776   	0.0858828	45.2317	75 	73 	1  	776   	6.40153
INFO:gp:76 	779   	0.880071	76 	0.914974	0.503836	779   	0.0871822	45.6823	76 	63 	1  	779   	5.67219
INFO:gp:77 	744   	0.888064	77 	0.914974	0.554755	744   	0.0741457	45.6383	77 	60 	3  	744   	5.06962
INFO:gp:78 	762   	0.883411	78 	0.914974	0.477429	762   	0.0815805	45.4614	78 	63 	3  	762   	5.56612
INFO:gp:79 	750   	0.881958	79 	0.914974	0.490567	750   	0.082354 	45.4174	79 	91 	3  	750   	6.54817
INFO:gp:80 	773   	0.883498	80 	0.914974	0.504981	773   	0.0789989	45.479 	80 	63 	2  	773   	5.95267
INFO:gp:81 	758   	0.885616	81 	0.914974	0.497338	758   	0.0768683	45.4487	81 	58 	3  	758   	5.41341
INFO:gp:82 	779   	0.883747	82 	0.914974	0.466149	779   	0.0819413	45.6158	82 	61 	3  	779   	5.23654
INFO:gp:83 	771   	0.88407 	83 	0.914974	0.513816	771   	0.0783699	45.6051	83 	60 	1  	771   	5.71107
INFO:gp:84 	793   	0.877865	84 	0.914974	0.506383	793   	0.0859426	45.825 	84 	63 	3  	793   	5.03008
INFO:gp:85 	778   	0.886464	85 	0.914974	0.51361 	778   	0.0751708	45.5738	85 	58 	1  	778   	5.33933
INFO:gp:86 	766   	0.881598	86 	0.914974	0.484147	766   	0.0844394	45.5797	86 	61 	3  	766   	5.20877
INFO:gp:87 	774   	0.878502	87 	0.914974	0.460545	774   	0.0871245	45.7067	87 	58 	2  	774   	5.1791 
INFO:gp:88 	780   	0.885834	88 	0.914974	0.497821	780   	0.0764042	45.6686	88 	60 	3  	780   	5.17009
INFO:gp:89 	779   	0.881867	89 	0.914974	0.477455	779   	0.0803857	45.6364	89 	63 	1  	779   	5.31369
INFO:gp:90 	768   	0.88304 	90 	0.914974	0.474866	768   	0.0809773	45.5396	90 	73 	3  	768   	5.96259
INFO:gp:91 	785   	0.879452	91 	0.914974	0.475117	785   	0.0840125	45.6207	91 	58 	2  	785   	5.19219
INFO:gp:92 	755   	0.881547	92 	0.914974	0.449613	755   	0.0843452	45.651 	92 	91 	1  	755   	5.84789
INFO:gp:93 	755   	0.883209	93 	0.914974	0.477764	755   	0.0823513	45.4321	93 	58 	3  	755   	5.38916
INFO:gp:94 	782   	0.878294	94 	0.915151	0.484075	782   	0.0868006	45.5572	94 	58 	1  	782   	5.46046
INFO:gp:95 	762   	0.882011	95 	0.915151	0.483743	762   	0.084115 	45.6295	95 	61 	1  	762   	5.39039
INFO:gp:96 	760   	0.886997	96 	0.915151	0.490512	760   	0.0730033	45.5357	96 	58 	2  	760   	5.66725
INFO:gp:97 	766   	0.880675	97 	0.915151	0.497691	766   	0.0837015	45.4917	97 	61 	1  	766   	5.5815 
INFO:gp:98 	759   	0.887748	98 	0.915386	0.503099	759   	0.0731396	45.4428	98 	58 	1  	759   	5.1243 
INFO:gp:99 	790   	0.882033	99 	0.915386	0.52071 	790   	0.0812992	45.0626	99 	56 	3  	790   	5.64613
INFO:gp:100	794   	0.880952	100	0.915386	0.514308	794   	0.0826423	44.5611	100	59 	2  	794   	6.01269
INFO:gp:101	790   	0.883046	101	0.915727	0.468272	790   	0.0836672	44.9257	101	61 	1  	790   	5.23806
INFO:gp:102	789   	0.87836 	102	0.915727	0.446756	789   	0.0899343	44.911 	102	60 	2  	789   	5.70682
INFO:gp:103	802   	0.883333	103	0.915727	0.483727	802   	0.0831318	45.6197	103	58 	3  	802   	4.90607
INFO:gp:104	756   	0.886543	104	0.915727	0.499182	756   	0.0769923	46     	104	91 	1  	756   	5.4468 
INFO:gp:105	753   	0.888507	105	0.915989	0.477414	753   	0.0785455	46.303 	105	59 	1  	753   	5.92838
INFO:gp:106	793   	0.884947	106	0.915989	0.490754	793   	0.0788914	46.8416	106	62 	1  	793   	6.32273
INFO:gp:107	766   	0.885831	107	0.915989	0.484327	766   	0.0796777	47.4223	107	95 	1  	766   	5.77279
INFO:gp:108	765   	0.884811	108	0.915989	0.494607	765   	0.0809031	47.3842	108	63 	2  	765   	5.73051
INFO:gp:109	761   	0.885091	109	0.915989	0.487978	761   	0.0802799	47.4897	109	59 	1  	761   	5.91002
INFO:gp:110	755   	0.885681	110	0.916403	0.499878	755   	0.0789107	47.5992	110	63 	3  	755   	6.1466 
INFO:gp:111	786   	0.886482	111	0.916403	0.489869	786   	0.078798 	47.7204	111	63 	2  	786   	5.48133
INFO:gp:112	770   	0.883867	112	0.916403	0.496807	770   	0.0828608	47.5376	112	63 	1  	770   	6.32721
INFO:gp:113	783   	0.88182 	113	0.916403	0.484383	783   	0.0883641	48.6383	113	65 	3  	783   	5.39506
INFO:gp:114	758   	0.886985	114	0.916403	0.454182	758   	0.0788338	49.8827	114	68 	1  	758   	6.44656
INFO:gp:115	764   	0.881319	115	0.916403	0.48384 	764   	0.0863063	50.7537	115	84 	1  	764   	7.45701
INFO:gp:116	781   	0.887236	116	0.916403	0.385837	781   	0.0795584	51.1486	116	67 	1  	781   	6.37316
INFO:gp:117	788   	0.882271	117	0.916403	0.484252	788   	0.0858646	51.4477	117	82 	1  	788   	5.78492
INFO:gp:118	771   	0.884697	118	0.916403	0.483575	771   	0.0822118	51.5846	118	63 	1  	771   	5.3549 
INFO:gp:119	784   	0.883473	119	0.916403	0.484032	784   	0.0831533	51.3382	119	65 	2  	784   	5.95626
INFO:gp:120	740   	0.882125	120	0.916699	0.496823	740   	0.0860902	51.2659	120	70 	1  	740   	6.34783
INFO:gp:121	780   	0.883701	121	0.916699	0.483954	780   	0.0839347	51.3011	121	72 	1  	780   	6.25378
INFO:gp:122	790   	0.883403	122	0.916699	0.484018	790   	0.0839489	51.3783	122	72 	3  	790   	6.20729
INFO:gp:123	751   	0.883263	123	0.916699	0.519671	751   	0.0839403	51.2805	123	103	3  	751   	7.19009
INFO:gp:124	757   	0.885677	124	0.916699	0.529776	757   	0.0810449	51.2747	124	63 	1  	757   	6.5822 
INFO:gp:125	740   	0.885073	125	0.916699	0.490188	740   	0.0825885	51.2268	125	72 	1  	740   	6.58202
INFO:gp:126	783   	0.88355 	126	0.916699	0.49046 	783   	0.0845332	51.2913	126	63 	1  	783   	6.46346
INFO:gp:127	779   	0.882939	127	0.916699	0.507405	779   	0.0830889	51.2854	127	70 	2  	779   	6.31811
INFO:gp:128	752   	0.887813	128	0.916699	0.52331 	752   	0.0791324	51.3284	128	70 	1  	752   	6.45411
INFO:gp:129	799   	0.882373	129	0.916699	0.476082	799   	0.0845475	51.4545	129	60 	1  	799   	5.62806
INFO:gp:130	784   	0.879432	130	0.916699	0.451046	784   	0.0915227	51.3939	130	63 	1  	784   	5.78012
INFO:gp:131	784   	0.88473 	131	0.916699	0.484089	784   	0.082129 	51.3861	131	69 	1  	784   	6.23321
INFO:gp:132	757   	0.888069	132	0.916699	0.482717	757   	0.078917 	51.4858	132	82 	1  	757   	5.74035
INFO:gp:133	769   	0.881431	133	0.916699	0.502022	769   	0.085957 	51.131 	133	64 	1  	769   	6.97057
INFO:gp:134	770   	0.887179	134	0.916799	0.492271	770   	0.0797655	51.6315	134	61 	2  	770   	5.24941
INFO:gp:135	784   	0.885365	135	0.916799	0.499922	784   	0.0803903	51.218 	135	63 	2  	784   	6.03139
INFO:gp:136	759   	0.882272	136	0.916799	0.499292	759   	0.0859849	51.3881	136	68 	1  	759   	6.29861
INFO:gp:137	796   	0.882266	137	0.916971	0.438972	796   	0.0837405	50.9472	137	69 	1  	796   	7.29072
INFO:gp:138	765   	0.886269	138	0.916971	0.470372	765   	0.0791041	51.1144	138	59 	3  	765   	5.38195
INFO:gp:139	799   	0.887625	139	0.916971	0.475644	799   	0.0775333	50.3891	139	68 	1  	799   	6.16149
INFO:gp:140	762   	0.886621	140	0.916971	0.484178	762   	0.0797533	50.6481	140	62 	3  	762   	5.78799
INFO:gp:141	772   	0.892209	141	0.916971	0.554141	772   	0.0713789	50.694 	141	70 	1  	772   	5.94889
INFO:gp:142	808   	0.886379	142	0.916996	0.459689	808   	0.0837177	50.8319	142	59 	1  	808   	6.71884
INFO:gp:143	769   	0.886466	143	0.916996	0.489603	769   	0.0813424	51.3431	143	65 	3  	769   	6.31315
INFO:gp:144	759   	0.885967	144	0.916996	0.43907 	759   	0.082734 	51.3988	144	72 	3  	759   	5.53486
INFO:gp:145	755   	0.888864	145	0.916996	0.493685	755   	0.0782432	51.8104	145	69 	3  	755   	4.70282
INFO:gp:146	765   	0.885903	146	0.917231	0.504686	765   	0.0799434	51.7136	146	70 	1  	765   	5.60696
INFO:gp:147	740   	0.889437	147	0.917231	0.483495	740   	0.0755747	51.8358	147	83 	3  	740   	6.47806
INFO:gp:148	757   	0.886443	148	0.917231	0.46549 	757   	0.0792453	52.3773	148	64 	3  	757   	5.29892
INFO:gp:149	760   	0.885428	149	0.917231	0.496672	760   	0.0795241	52.1369	149	65 	2  	760   	6.96738
INFO:gp:150	766   	0.884626	150	0.917231	0.480357	766   	0.0818092	51.825 	150	65 	1  	766   	7.4173 
INFO:gp:151	780   	0.886918	151	0.917231	0.486113	780   	0.0778387	52.3275	151	105	3  	780   	6.63497
INFO:gp:152	770   	0.890864	152	0.917231	0.49932 	770   	0.0723699	52.3558	152	84 	1  	770   	6.38244
INFO:gp:153	765   	0.885379	153	0.917231	0.481043	765   	0.082547 	52.4907	153	84 	1  	765   	5.71442
INFO:gp:154	772   	0.884213	154	0.917231	0.478397	772   	0.0825386	52.4311	154	84 	1  	772   	5.97362
INFO:gp:155	753   	0.890539	155	0.917231	0.501353	753   	0.073226 	52.6139	155	71 	1  	753   	5.30428
INFO:gp:156	771   	0.880395	156	0.917231	0.483919	771   	0.087931 	52.2239	156	71 	2  	771   	6.62246
INFO:gp:157	755   	0.886891	157	0.917231	0.501695	755   	0.0783464	52.4731	157	84 	1  	755   	6.0863 
INFO:gp:158	771   	0.883185	158	0.917231	0.498255	771   	0.0825907	52.0186	158	60 	1  	771   	7.11851
INFO:gp:159	774   	0.882994	159	0.917358	0.472871	774   	0.0837807	52.2023	159	71 	3  	774   	7.13979
INFO:gp:160	765   	0.885759	160	0.917358	0.505582	765   	0.0785155	52.216 	160	71 	1  	765   	6.48656
INFO:gp:161	773   	0.882362	161	0.917358	0.47215 	773   	0.0841656	52.3705	161	84 	3  	773   	5.3168 
INFO:gp:162	758   	0.88674 	162	0.917358	0.483924	758   	0.0782998	51.9922	162	71 	2  	758   	6.06175
INFO:gp:163	782   	0.884925	163	0.917358	0.477576	782   	0.0824634	51.1515	163	62 	2  	782   	6.69978
INFO:gp:164	771   	0.88615 	164	0.917358	0.48778 	771   	0.0777419	49.1877	164	63 	3  	771   	6.25149
INFO:gp:165	771   	0.884023	165	0.917652	0.485029	771   	0.0829358	48.1672	165	64 	2  	771   	5.89385
INFO:gp:166	774   	0.888509	166	0.917652	0.489953	774   	0.0745798	47.8113	166	64 	1  	774   	6.20098
INFO:gp:167	768   	0.884482	167	0.917652	0.496269	768   	0.0804957	47.8573	167	60 	3  	768   	6.45377
INFO:gp:168	787   	0.882509	168	0.917652	0.483243	787   	0.0825352	47.9081	168	74 	1  	787   	6.17023
INFO:gp:169	767   	0.883167	169	0.917652	0.455404	767   	0.0858157	47.7928	169	68 	1  	767   	6.38226
INFO:gp:170	779   	0.881009	170	0.917652	0.479534	779   	0.0852763	47.7058	170	64 	3  	779   	6.21137
INFO:gp:171	753   	0.886104	171	0.917652	0.428678	753   	0.0818597	47.7419	171	66 	3  	753   	6.01528
INFO:gp:172	779   	0.884324	172	0.917652	0.458158	779   	0.0813311	47.3441	172	66 	1  	779   	7.09239
INFO:gp:173	761   	0.885395	173	0.917652	0.490219	761   	0.0802215	48.0997	173	65 	2  	761   	5.13815
INFO:gp:174	774   	0.881692	174	0.917652	0.490145	774   	0.088961 	47.6481	174	60 	3  	774   	6.06557
INFO:gp:175	768   	0.883581	175	0.917652	0.490219	768   	0.0835665	47.7537	175	66 	1  	768   	6.18831
INFO:gp:176	787   	0.880855	176	0.917652	0.484896	787   	0.0873445	47.6706	176	74 	3  	787   	6.11857
INFO:gp:177	765   	0.885097	177	0.917652	0.490257	765   	0.0806023	47.6051	177	64 	1  	765   	5.82931
INFO:gp:178	776   	0.883983	178	0.917652	0.467959	776   	0.0841287	47.8006	178	68 	1  	776   	6.01085
INFO:gp:179	781   	0.880471	179	0.917652	0.490257	781   	0.0858276	47.7478	179	64 	3  	781   	6.01732
INFO:gp:180	754   	0.886203	180	0.917652	0.486905	754   	0.0811207	47.654 	180	95 	1  	754   	6.46046
INFO:gp:181	774   	0.886243	181	0.917652	0.481417	774   	0.0801213	48.0616	181	60 	2  	774   	4.76927
INFO:gp:182	778   	0.88537 	182	0.917652	0.474603	778   	0.0803506	47.8094	182	93 	3  	778   	5.95222
INFO:gp:183	770   	0.888438	183	0.917652	0.497113	770   	0.0741363	47.781 	183	64 	1  	770   	5.77714
INFO:gp:184	784   	0.881983	184	0.917652	0.490248	784   	0.0862645	47.8289	184	66 	1  	784   	5.87713
INFO:gp:185	797   	0.880742	185	0.917652	0.476465	797   	0.0878127	47.5758	185	66 	1  	797   	6.49956
INFO:gp:186	758   	0.880782	186	0.917652	0.490256	758   	0.0878769	47.436 	186	60 	3  	758   	6.6397 
INFO:gp:187	748   	0.890032	187	0.917652	0.483554	748   	0.0747415	47.8172	187	74 	1  	748   	5.75407
INFO:gp:188	770   	0.879465	188	0.917652	0.483994	770   	0.0887976	47.4604	188	60 	1  	770   	6.60328
INFO:gp:189	755   	0.879937	189	0.917652	0.490249	755   	0.0897994	47.5269	189	60 	1  	755   	6.77447
INFO:gp:190	788   	0.883824	190	0.917652	0.480231	788   	0.0843779	47.737 	190	66 	3  	788   	5.55768
INFO:gp:191	760   	0.88228 	191	0.917652	0.431943	760   	0.0882825	47.3587	191	74 	1  	760   	7.20414
INFO:gp:192	766   	0.884891	192	0.917652	0.489011	766   	0.0830539	47.393 	192	60 	1  	766   	6.7614 
INFO:gp:193	772   	0.882606	193	0.917652	0.485329	772   	0.08594  	47.478 	193	66 	1  	772   	6.46362
INFO:gp:194	757   	0.884769	194	0.917652	0.490244	757   	0.0834015	47.8123	194	74 	2  	757   	5.40717
INFO:gp:195	762   	0.880269	195	0.917652	0.484578	762   	0.0874327	47.7703	195	60 	2  	762   	5.67488
INFO:gp:196	778   	0.877532	196	0.917652	0.476498	778   	0.0892323	47.7419	196	66 	1  	778   	5.85787
INFO:gp:197	776   	0.88376 	197	0.917748	0.334851	776   	0.0838587	47.8759	197	60 	3  	776   	5.23852
INFO:gp:198	771   	0.882757	198	0.917748	0.515368	771   	0.0836457	47.8006	198	64 	3  	771   	5.57358
INFO:gp:199	776   	0.885181	199	0.917748	0.484441	776   	0.0817215	47.9169	199	66 	1  	776   	5.28983
INFO:gp:200	774   	0.888028	200	0.917748	0.490211	774   	0.076676 	47.7683	200	64 	1  	774   	5.72522
INFO:gp:201	766   	0.880627	201	0.917748	0.490253	766   	0.0861514	48.3509	201	60 	2  	766   	5.33849
INFO:gp:202	769   	0.88601 	202	0.917748	0.477621	769   	0.078689 	48.4184	202	68 	1  	769   	7.09432
INFO:gp:203	777   	0.883003	203	0.917748	0.484253	777   	0.0849727	50.347 	203	70 	3  	777   	5.41131
INFO:gp:204	787   	0.884725	204	0.917748	0.490184	787   	0.0838339	50.9648	204	62 	3  	787   	6.59191
INFO:gp:205	746   	0.883007	205	0.917748	0.490184	746   	0.0854493	51.4946	205	68 	2  	746   	5.18266
INFO:gp:206	793   	0.876884	206	0.917748	0.490218	793   	0.0909969	51.0929	206	103	2  	793   	6.9378 
INFO:gp:207	752   	0.879956	207	0.917748	0.467215	752   	0.0900281	51.4066	207	82 	1  	752   	5.97002
INFO:gp:208	777   	0.884384	208	0.917748	0.48393 	777   	0.085688 	51.4135	208	103	1  	777   	6.44065
INFO:gp:209	775   	0.881743	209	0.917748	0.484471	775   	0.0844189	51.1613	209	68 	2  	775   	6.49809
INFO:gp:210	767   	0.885644	210	0.917865	0.485376	767   	0.0822798	51.2199	210	72 	1  	767   	6.29741
INFO:gp:211	772   	0.885652	211	0.917865	0.493405	772   	0.0800261	51.0186	211	72 	1  	772   	6.90181
INFO:gp:212	797   	0.87871 	212	0.917865	0.482037	797   	0.0893148	51.3558	212	70 	1  	797   	6.07935
INFO:gp:213	792   	0.885453	213	0.917865	0.470923	792   	0.0820092	51.3724	213	103	1  	792   	6.17955
INFO:gp:214	747   	0.886985	214	0.917865	0.488185	747   	0.0807707	51.088 	214	103	1  	747   	7.36774
INFO:gp:215	773   	0.887754	215	0.91815 	0.484269	773   	0.0770316	51.1496	215	61 	3  	773   	6.21307
INFO:gp:216	771   	0.884832	216	0.91815 	0.481205	771   	0.0807157	51.4262	216	103	2  	771   	6.35971
INFO:gp:217	787   	0.880999	217	0.91815 	0.481695	787   	0.0860532	51.262 	217	82 	3  	787   	6.05916
INFO:gp:218	767   	0.8885  	218	0.91815 	0.515737	767   	0.0768931	51.3275	218	63 	1  	767   	5.70908
INFO:gp:219	776   	0.885465	219	0.91815 	0.480583	776   	0.079347 	51.3451	219	104	3  	776   	6.71477
INFO:gp:220	782   	0.886772	220	0.91815 	0.540199	782   	0.077695 	51.2962	220	72 	1  	782   	6.37484
INFO:gp:221	776   	0.885395	221	0.91815 	0.483562	776   	0.0810077	51.2405	221	62 	1  	776   	6.35099
INFO:gp:222	764   	0.883993	222	0.918157	0.452544	764   	0.0824707	51.3128	222	70 	1  	764   	6.44231
INFO:gp:223	775   	0.886032	223	0.918157	0.489332	775   	0.0786304	51.2131	223	72 	1  	775   	6.35551
INFO:gp:224	788   	0.887267	224	0.918157	0.476863	788   	0.0779729	51.1232	224	62 	3  	788   	6.85747
INFO:gp:225	794   	0.890419	225	0.918157	0.531158	794   	0.0700575	51.4848	225	103	2  	794   	6.74095
INFO:gp:226	794   	0.88642 	226	0.918157	0.481087	794   	0.0780164	51.7986	226	63 	1  	794   	6.27432
INFO:gp:227	794   	0.883677	227	0.918157	0.483391	794   	0.0824122	52.1691	227	72 	1  	794   	6.38973
INFO:gp:228	783   	0.888947	228	0.918157	0.470518	783   	0.076461 	52.1466	228	72 	2  	783   	6.37781
INFO:gp:229	805   	0.888072	229	0.918157	0.508991	805   	0.0745478	52.3245	229	105	1  	805   	6.46868
INFO:gp:230	752   	0.886628	230	0.918279	0.483988	752   	0.0804761	52.5679	230	84 	1  	752   	5.30027
INFO:gp:231	777   	0.8913  	231	0.918279	0.445883	777   	0.0725265	52.3402	231	70 	3  	777   	5.96123
INFO:gp:232	769   	0.887479	232	0.918279	0.510073	769   	0.0771886	52.1867	232	71 	3  	769   	6.08134
INFO:gp:233	784   	0.884919	233	0.918279	0.490198	784   	0.0816079	52.1281	233	70 	1  	784   	6.4145 
INFO:gp:234	785   	0.885097	234	0.918279	0.494532	785   	0.0786624	52.2639	234	72 	1  	785   	6.20761
INFO:gp:235	779   	0.88498 	235	0.918279	0.521048	779   	0.0807501	52.348 	235	84 	2  	779   	6.13772
INFO:gp:236	756   	0.890038	236	0.918279	0.500681	756   	0.0711613	52.3343	236	71 	1  	756   	6.15772
INFO:gp:237	774   	0.885307	237	0.918279	0.396259	774   	0.0806792	52.4956	237	71 	1  	774   	5.84081
INFO:gp:238	787   	0.886138	238	0.918279	0.518402	787   	0.0765847	52.1584	238	105	1  	787   	6.84305
INFO:gp:239	804   	0.885115	239	0.918279	0.4792  	804   	0.0770133	52.0459	239	64 	3  	804   	6.70382
INFO:gp:240	783   	0.886376	240	0.918279	0.519733	783   	0.0748598	52.1447	240	72 	1  	783   	6.56724
INFO:gp:241	776   	0.882453	241	0.918279	0.451738	776   	0.0815722	52.1945	241	70 	1  	776   	5.88687
INFO:gp:242	769   	0.889529	242	0.918279	0.515806	769   	0.0712552	52.4888	242	72 	3  	769   	5.443  
INFO:gp:243	778   	0.879438	243	0.918279	0.4905  	778   	0.0857017	52.3314	243	71 	1  	778   	5.99859
INFO:gp:244	768   	0.879841	244	0.918279	0.472309	768   	0.0879189	52.434 	244	73 	1  	768   	6.11564
INFO:gp:245	759   	0.887518	245	0.918279	0.538449	759   	0.0752995	52.3206	245	63 	3  	759   	6.16036
INFO:gp:246	774   	0.883806	246	0.918279	0.481722	774   	0.0810905	52.1672	246	64 	1  	774   	6.89571
INFO:gp:247	777   	0.887006	247	0.918279	0.489262	777   	0.0761201	52.4526	247	70 	2  	777   	5.60019
INFO:gp:248	775   	0.883478	248	0.918279	0.497492	775   	0.0805644	52.4291	248	105	3  	775   	6.5501 
INFO:gp:249	778   	0.882825	249	0.918279	0.477693	778   	0.0838349	52.2454	249	70 	3  	778   	6.25426
INFO:gp:250	761   	0.884323	250	0.918279	0.512372	761   	0.08117  	52.2727	250	70 	1  	761   	6.5286 
INFO:gp:251	768   	0.882031	251	0.918279	0.477504	768   	0.0826998	52.3372	251	105	1  	768   	6.62991
INFO:gp:252	792   	0.882731	252	0.918279	0.496653	792   	0.0823986	52.6755	252	71 	1  	792   	5.17421
INFO:gp:253	786   	0.886545	253	0.918279	0.448698	786   	0.0743608	52.3382	253	84 	2  	786   	6.26219
INFO:gp:254	790   	0.885113	254	0.91832 	0.483922	790   	0.0789799	52.5777	254	72 	3  	790   	5.0184 
INFO:gp:255	738   	0.888481	255	0.91832 	0.483888	738   	0.0755868	52.4457	255	70 	1  	738   	5.7193 
INFO:gp:256	752   	0.885563	256	0.91832 	0.477535	752   	0.0785907	52.3372	256	64 	1  	752   	5.76271
INFO:gp:257	758   	0.886926	257	0.91832 	0.516668	758   	0.0747253	51.5875	257	66 	3  	758   	6.10657
INFO:gp:258	772   	0.883187	258	0.91832 	0.472353	772   	0.083555 	50.043 	258	68 	3  	772   	6.72764
INFO:gp:259	780   	0.884181	259	0.91832 	0.490491	780   	0.0816117	48.1623	259	65 	1  	780   	6.27405
INFO:gp:260	768   	0.883055	260	0.91832 	0.503748	768   	0.082795 	48.0078	260	67 	3  	768   	5.56293
INFO:gp:261	754   	0.885029	261	0.91832 	0.511773	754   	0.0780414	48.1525	261	61 	3  	754   	5.59414
INFO:gp:262	784   	0.882968	262	0.91832 	0.488347	784   	0.0841931	48.0655	262	59 	3  	784   	5.8869 
INFO:gp:263	766   	0.883136	263	0.91832 	0.479095	766   	0.0841012	47.824 	263	65 	3  	766   	6.28193
INFO:gp:264	764   	0.884649	264	0.91832 	0.496972	764   	0.0785367	48.1378	264	59 	3  	764   	5.44784
INFO:gp:265	768   	0.88307 	265	0.91832 	0.477486	768   	0.0834491	47.6696	265	65 	3  	768   	6.71092
INFO:gp:266	765   	0.884646	266	0.91832 	0.484344	765   	0.081123 	47.4594	266	67 	1  	765   	7.26109
INFO:gp:267	799   	0.879005	267	0.91832 	0.484235	799   	0.0868233	47.5288	267	63 	1  	799   	6.76724
INFO:gp:268	738   	0.880711	268	0.91832 	0.479501	738   	0.0869297	48.2757	268	65 	3  	738   	5.14941
INFO:gp:269	780   	0.885145	269	0.91832 	0.478099	780   	0.0796422	47.8133	269	59 	1  	780   	6.27314
INFO:gp:270	758   	0.885576	270	0.91832 	0.459334	758   	0.0793432	47.8123	270	67 	1  	758   	6.44762
INFO:gp:271	762   	0.882728	271	0.91832 	0.485232	762   	0.0841172	47.7615	271	67 	1  	762   	6.61449
INFO:gp:272	776   	0.883479	272	0.91832 	0.483966	776   	0.0809795	47.7312	272	61 	1  	776   	6.39671
INFO:gp:273	783   	0.881412	273	0.91832 	0.462207	783   	0.0850152	47.9902	273	67 	2  	783   	5.83999
INFO:gp:274	759   	0.885942	274	0.91832 	0.442426	759   	0.0795932	47.7312	274	67 	1  	759   	6.59846
INFO:gp:275	785   	0.885364	275	0.91832 	0.484316	785   	0.0782501	47.4936	275	95 	1  	785   	7.44912
INFO:gp:276	758   	0.885374	276	0.91832 	0.48312 	758   	0.0802258	47.6256	276	65 	1  	758   	6.69673
INFO:gp:277	793   	0.884804	277	0.91832 	0.509007	793   	0.0761081	47.566 	277	67 	1  	793   	6.8043 
INFO:gp:278	763   	0.88618 	278	0.91832 	0.466096	763   	0.080941 	47.4741	278	79 	1  	763   	7.20643
INFO:gp:279	800   	0.887319	279	0.91832 	0.514098	800   	0.0779808	47.7067	279	58 	1  	800   	6.05046
INFO:gp:280	786   	0.886831	280	0.91832 	0.486693	786   	0.0765189	47.9022	280	65 	1  	786   	5.77657
INFO:gp:281	774   	0.885502	281	0.91832 	0.481401	774   	0.0809471	48.0684	281	67 	3  	774   	5.27218
INFO:gp:282	750   	0.886923	282	0.91832 	0.490477	750   	0.0756924	48.2121	282	95 	3  	750   	5.40111
INFO:gp:283	766   	0.886055	283	0.91832 	0.483911	766   	0.0779496	47.9873	283	59 	2  	766   	5.50702
INFO:gp:284	767   	0.887883	284	0.91832 	0.509071	767   	0.0736144	47.7165	284	79 	1  	767   	6.45957
INFO:gp:285	764   	0.888492	285	0.91832 	0.47714 	764   	0.073513 	47.8446	285	67 	2  	764   	6.13631
INFO:gp:286	784   	0.884769	286	0.91832 	0.456852	784   	0.0803252	47.827 	286	79 	3  	784   	6.13583
INFO:gp:287	752   	0.885302	287	0.91832 	0.490043	752   	0.081038 	47.8436	287	85 	3  	752   	6.41258
INFO:gp:288	784   	0.884532	288	0.91832 	0.474015	784   	0.0809277	47.6266	288	65 	1  	784   	6.80803
INFO:gp:289	785   	0.879642	289	0.91832 	0.484675	785   	0.0861196	47.4848	289	95 	2  	785   	7.59595
INFO:gp:290	759   	0.890164	290	0.91832 	0.487692	759   	0.0705378	48.1427	290	58 	1  	759   	5.05349
INFO:gp:291	749   	0.882774	291	0.918694	0.489881	749   	0.0810767	47.7996	291	65 	2  	749   	5.76502
INFO:gp:292	782   	0.885871	292	0.918694	0.549097	782   	0.0761221	47.7556	292	65 	3  	782   	5.96838
INFO:gp:293	759   	0.882966	293	0.918694	0.484132	759   	0.0831975	47.6061	293	65 	3  	759   	6.39879
INFO:gp:294	764   	0.883379	294	0.918694	0.483547	764   	0.0829659	47.3304	294	67 	2  	764   	6.2321 
INFO:gp:295	763   	0.885904	295	0.918694	0.470808	763   	0.0784795	46.218 	295	65 	3  	763   	5.84488
INFO:gp:296	779   	0.886435	296	0.918694	0.47668 	779   	0.0783447	43.9384	296	65 	3  	779   	5.95134
INFO:gp:297	752   	0.879   	297	0.918694	0.468006	752   	0.0885201	42.3412	297	67 	1  	752   	6.494  
INFO:gp:298	797   	0.879075	298	0.918694	0.495889	797   	0.0838757	42.086 	298	61 	1  	797   	6.53036
INFO:gp:299	753   	0.88273 	299	0.918694	0.483439	753   	0.08299  	42.2512	299	67 	1  	753   	6.18282
INFO:gp:300	774   	0.884218	300	0.918695	0.497856	774   	0.0782178	42.3548	300	83 	1  	774   	6.19085
INFO:gp:301	745   	0.883944	301	0.918695	0.53025 	745   	0.0801586	42.131 	301	59 	1  	745   	6.36449
INFO:gp:302	765   	0.877572	302	0.918695	0.483834	765   	0.0892965	42.4076	302	61 	2  	765   	6.02252
INFO:gp:303	788   	0.885174	303	0.918697	0.433767	788   	0.0809049	42.5758	303	59 	3  	788   	5.92837
INFO:gp:304	763   	0.884838	304	0.918697	0.497143	763   	0.0782934	43.6618	304	89 	2  	763   	6.52501
INFO:gp:305	761   	0.887324	305	0.918714	0.484375	761   	0.0745319	44.4409	305	61 	1  	761   	6.44627
INFO:gp:306	768   	0.883719	306	0.918714	0.478073	768   	0.082001 	45.3558	306	67 	1  	768   	6.13042
INFO:gp:307	770   	0.887495	307	0.918715	0.494822	770   	0.075094 	46.1222	307	62 	1  	770   	6.47589
INFO:gp:308	766   	0.882764	308	0.918721	0.385902	766   	0.0834   	47.0841	308	57 	3  	766   	4.62311
INFO:gp:309	769   	0.887721	309	0.919408	0.484475	769   	0.0783149	47.131 	309	65 	2  	769   	5.09331
INFO:gp:310	781   	0.883988	310	0.919408	0.484383	781   	0.0807459	47.0391	310	77 	1  	781   	6.02815
INFO:gp:311	771   	0.883203	311	0.919408	0.496594	771   	0.081911 	47.4839	311	63 	2  	771   	5.67096
INFO:gp:312	759   	0.882371	312	0.919408	0.481492	759   	0.0838318	47.3089	312	66 	1  	759   	6.18439
INFO:gp:313	779   	0.885065	313	0.919408	0.529117	779   	0.0773048	46.7634	313	66 	1  	779   	5.55298
INFO:gp:314	779   	0.886449	314	0.919408	0.516938	779   	0.0784312	46.2483	314	66 	2  	779   	6.00301
INFO:gp:315	764   	0.886607	315	0.919475	0.48134 	764   	0.0768982	45.6588	315	61 	2  	764   	6.56585
INFO:gp:316	782   	0.890117	316	0.919475	0.475991	782   	0.0728003	45.8905	316	62 	2  	782   	5.6345 
INFO:gp:317	818   	0.886641	317	0.919475	0.484441	818   	0.0767061	45.7654	317	91 	1  	818   	6.69878
INFO:gp:318	779   	0.884587	318	0.919475	0.476136	779   	0.0818886	45.9629	318	56 	3  	779   	7.22847
INFO:gp:319	750   	0.889216	319	0.91955 	0.501257	750   	0.0758513	47.6031	319	67 	2  	750   	6.38063
INFO:gp:320	769   	0.884197	320	0.91955 	0.504396	769   	0.0811139	48.8886	320	65 	1  	769   	6.86394
INFO:gp:321	802   	0.885241	321	0.91955 	0.484339	802   	0.0818793	49.4233	321	69 	1  	802   	6.82513
INFO:gp:322	756   	0.887067	322	0.91955 	0.484108	756   	0.0783375	50.2678	322	69 	3  	756   	5.75864
INFO:gp:323	773   	0.889109	323	0.919858	0.498618	773   	0.0758737	51.1241	323	61 	3  	773   	6.1653 
INFO:gp:324	794   	0.885171	324	0.919858	0.474597	794   	0.0800942	51.5934	324	71 	3  	794   	6.27419
INFO:gp:325	815   	0.885564	325	0.919858	0.499714	815   	0.0790658	51.4379	325	103	3  	815   	7.10649
INFO:gp:326	768   	0.887931	326	0.920017	0.484269	768   	0.0802468	52.8983	326	107	1  	768   	6.05784
INFO:gp:327	792   	0.887736	327	0.920017	0.500475	792   	0.0767081	53.6266	327	79 	2  	792   	7.88241
INFO:gp:328	774   	0.88432 	328	0.920017	0.496533	774   	0.0816949	55.1153	328	85 	1  	774   	7.34051
INFO:gp:329	752   	0.889097	329	0.920017	0.494537	752   	0.0744142	56.0919	329	67 	3  	752   	6.35934
INFO:gp:330	766   	0.885123	330	0.920017	0.54169 	766   	0.0811208	56.9795	330	85 	1  	766   	7.6253 
INFO:gp:331	761   	0.891535	331	0.920113	0.510015	761   	0.0725105	59.4526	331	75 	3  	761   	6.68532
INFO:gp:332	769   	0.888313	332	0.92013 	0.504001	769   	0.0756875	60.8211	332	73 	2  	769   	7.54331
INFO:gp:333	789   	0.885127	333	0.92013 	0.493691	789   	0.0783465	61.4262	333	75 	3  	789   	6.08414
INFO:gp:334	748   	0.882411	334	0.92013 	0.484169	748   	0.0839547	61.1515	334	71 	1  	748   	7.45921
INFO:gp:335	747   	0.887649	335	0.920222	0.457072	747   	0.0777073	61.9228	335	74 	3  	747   	7.00544
INFO:gp:336	787   	0.885271	336	0.920222	0.476641	787   	0.0833213	62.7048	336	78 	1  	787   	7.4703 
INFO:gp:337	786   	0.88726 	337	0.920258	0.531851	786   	0.0775059	63.4213	337	78 	3  	786   	8.11027
INFO:gp:338	763   	0.890607	338	0.920258	0.451357	763   	0.0740895	64.1926	338	81 	1  	763   	6.70865
INFO:gp:339	767   	0.888678	339	0.920361	0.503141	767   	0.0780173	64.434 	339	78 	1  	767   	7.12267
INFO:gp:340	801   	0.886982	340	0.920419	0.477636	801   	0.0794596	64.7752	340	84 	1  	801   	7.70753
INFO:gp:341	788   	0.888228	341	0.920501	0.490203	788   	0.0771899	66.4907	341	80 	2  	788   	7.56514
INFO:gp:342	778   	0.885008	342	0.920501	0.483766	778   	0.0811844	68.2004	342	78 	4  	778   	6.5387 
INFO:gp:343	775   	0.888029	343	0.920501	0.490338	775   	0.0790019	67.3803	343	86 	3  	775   	7.79309
INFO:gp:344	768   	0.889882	344	0.920501	0.411801	768   	0.0747798	68.3773	344	81 	1  	768   	6.935  
INFO:gp:345	751   	0.886753	345	0.920501	0.516035	751   	0.0781349	69.9286	345	78 	2  	751   	6.46593
INFO:gp:346	787   	0.888296	346	0.920598	0.522511	787   	0.0758904	70.2454	346	81 	1  	787   	9.17034
INFO:gp:347	771   	0.888025	347	0.920629	0.483904	771   	0.0785989	71.2375	347	89 	3  	771   	7.47268
INFO:gp:348	770   	0.885367	348	0.920629	0.449278	770   	0.0819647	70.9668	348	97 	1  	770   	8.08271
INFO:gp:349	773   	0.892599	349	0.920753	0.531851	773   	0.0702473	71.2952	349	82 	3  	773   	7.03773
INFO:gp:350	770   	0.889851	350	0.920843	0.508608	770   	0.0728923	71.5963	350	89 	1  	770   	5.87823
INFO:gp:351	780   	0.890012	351	0.920843	0.522511	780   	0.0736972	71.8035	351	87 	1  	780   	7.16592
INFO:gp:352	744   	0.894528	352	0.920843	0.545358	744   	0.0650724	72.1085	352	83 	3  	744   	8.88478
INFO:gp:353	761   	0.884999	353	0.920843	0.468218	761   	0.0836682	73.2385	353	95 	1  	761   	8.03778
INFO:gp:354	749   	0.893852	354	0.920843	0.484151	749   	0.0684849	72.9707	354	97 	1  	749   	7.68739
INFO:gp:355	760   	0.889259	355	0.920843	0.496642	760   	0.0731713	71.8534	355	86 	3  	760   	8.87405
INFO:gp:356	775   	0.890555	356	0.920843	0.484079	775   	0.0717466	72.6041	356	91 	3  	775   	6.31517
INFO:gp:357	791   	0.889041	357	0.920843	0.476778	791   	0.0736581	72.1026	357	83 	2  	791   	8.0316 
INFO:gp:358	795   	0.88283 	358	0.920843	0.467849	795   	0.0812577	72.0068	358	90 	3  	795   	8.88962
INFO:gp:359	771   	0.89469 	359	0.920843	0.455534	771   	0.0681303	72.5982	359	109	1  	771   	7.12271
INFO:gp:360	768   	0.891905	360	0.920846	0.465799	768   	0.0706175	72.2727	360	82 	1  	768   	8.25835
INFO:gp:361	789   	0.889647	361	0.920846	0.489746	789   	0.0733434	72.4457	361	105	3  	789   	7.17173
INFO:gp:362	764   	0.890324	362	0.92086 	0.472471	764   	0.0733665	72.3138	362	83 	1  	764   	7.85501
INFO:gp:363	762   	0.889117	363	0.92086 	0.477328	762   	0.0747358	72.9091	363	90 	4  	762   	6.67691
INFO:gp:364	765   	0.885906	364	0.921564	0.510351	765   	0.07946  	73.2649	364	83 	1  	765   	7.9551 
INFO:gp:365	761   	0.888045	365	0.921564	0.466285	761   	0.0769962	74.2796	365	85 	3  	761   	8.14219
INFO:gp:366	773   	0.888401	366	0.921564	0.518705	773   	0.076274 	75.0547	366	95 	3  	773   	7.36527
INFO:gp:367	786   	0.891338	367	0.921564	0.490162	786   	0.0719189	74.8397	367	98 	1  	786   	8.5734 
INFO:gp:368	740   	0.890697	368	0.921564	0.428142	740   	0.0747749	75.216 	368	90 	1  	740   	7.03887
INFO:gp:369	754   	0.890542	369	0.921567	0.483835	754   	0.0742284	75.1623	369	96 	4  	754   	7.13308
INFO:gp:370	777   	0.890172	370	0.921585	0.493567	777   	0.0759412	75.1075	370	108	2  	777   	8.24077
INFO:gp:371	744   	0.89159 	371	0.921585	0.483933	744   	0.0737933	74.8436	371	92 	1  	744   	9.46419
INFO:gp:372	771   	0.89024 	372	0.921627	0.52451 	771   	0.0730607	75.3187	372	114	2  	771   	7.68592
INFO:gp:373	779   	0.892751	373	0.921707	0.479085	779   	0.0728525	75.1877	373	96 	1  	779   	8.32784
INFO:gp:374	790   	0.886469	374	0.921707	0.469181	790   	0.0811889	74.7165	374	112	2  	790   	10.1949
INFO:gp:375	779   	0.890904	375	0.921707	0.546984	779   	0.0728002	75.5337	375	86 	3  	779   	6.84492
INFO:gp:376	771   	0.890432	376	0.921788	0.494454	771   	0.0752945	75.3148	376	86 	3  	771   	7.86622
INFO:gp:377	773   	0.892616	377	0.921788	0.489767	773   	0.0731575	75.5191	377	90 	4  	773   	6.41139
INFO:gp:378	790   	0.887695	378	0.921788	0.496458	790   	0.0776236	75.2043	378	104	3  	790   	8.02003
INFO:gp:379	785   	0.893387	379	0.921827	0.547424	785   	0.0698216	75.1427	379	93 	3  	785   	8.55842
INFO:gp:380	766   	0.896123	380	0.921827	0.507846	766   	0.0681183	75.4027	380	87 	3  	766   	7.31274
INFO:gp:381	784   	0.889405	381	0.921827	0.482676	784   	0.0771399	75.1642	381	86 	3  	784   	8.60962
INFO:gp:382	777   	0.892064	382	0.92192 	0.514971	777   	0.0704086	75.175 	382	113	3  	777   	7.51419
INFO:gp:383	782   	0.887731	383	0.921977	0.483838	782   	0.0789583	75.1124	383	94 	3  	782   	8.01673
INFO:gp:384	773   	0.888792	384	0.921977	0.472569	773   	0.077854 	74.9824	384	89 	3  	773   	8.68734
INFO:gp:385	772   	0.891468	385	0.921977	0.483934	772   	0.0734881	75.2532	385	104	1  	772   	7.98211
INFO:gp:386	778   	0.887656	386	0.921977	0.472571	778   	0.0789431	75.2727	386	89 	3  	778   	8.10132
INFO:gp:387	779   	0.888834	387	0.921977	0.477741	779   	0.0772092	75.1173	387	89 	3  	779   	7.96399
INFO:gp:388	755   	0.89423 	388	0.922067	0.52691 	755   	0.0694883	75.2639	388	90 	3  	755   	6.23354
INFO:gp:389	781   	0.890591	389	0.922067	0.490654	781   	0.0754668	74.7889	389	90 	2  	781   	6.66298
INFO:gp:390	779   	0.890856	390	0.922067	0.513743	779   	0.0742272	74.7664	390	93 	3  	779   	6.03308
INFO:gp:391	801   	0.891225	391	0.922067	0.489116	801   	0.0725411	74.5601	391	149	1  	801   	7.7939 
INFO:gp:392	800   	0.88781 	392	0.922381	0.484144	800   	0.0794593	74.5718	392	93 	3  	800   	7.95543
INFO:gp:393	769   	0.888291	393	0.922381	0.483985	769   	0.0796107	74.9404	393	85 	3  	769   	7.59324
INFO:gp:394	768   	0.895037	394	0.922381	0.468316	768   	0.0718055	75.0567	394	93 	3  	768   	8.01823
INFO:gp:395	780   	0.890805	395	0.922381	0.475549	780   	0.0729307	75.609 	395	114	26 	780   	5.6844 
INFO:gp:396	757   	0.891501	396	0.922409	0.504178	757   	0.0759925	75.4907	396	86 	1  	757   	7.2925 
INFO:gp:397	764   	0.895534	397	0.922409	0.49037 	764   	0.0681337	74.8671	397	108	3  	764   	9.12196
INFO:gp:398	765   	0.885732	398	0.922839	0.481089	765   	0.0814471	75.2326	398	86 	3  	765   	7.85341
INFO:gp:399	758   	0.888065	399	0.922839	0.501406	758   	0.0777328	74.9335	399	98 	1  	758   	8.03082
INFO:gp:400	741   	0.893289	400	0.922839	0.497308	741   	0.0710196	75.2199	400	89 	3  	741   	6.46863
INFO:__main__:Saving model to file: checkpoints/run_3.pth
INFO:util:Train accuracy: 0.9916666666666667 +- 0.008333333333333304
INFO:util:Val accuracy: 0.9916666666666667 +- 0.008333333333333304
INFO:util:Test accuracy: 1.0 +- 0.0
INFO:util:Train intra-class: 0.1195167193843374, Train Inter-class: 0.41456905076551226
INFO:util:Val intra-class: 0.16056295477155283, Val Inter-class: 0.2830377046020372
INFO:util:Test intra-class: 0.1448779491401144, Test inter-class: 0.3778456638949075
INFO:plot:Saving t-SNE to file: figures/tsne.png
INFO:plot:Saving t-SNE to file: figures/tsne.png
INFO:plot:Saving tree to file: figures/tree-0.pdf
INFO:plot:Saving tree to file: figures/tree-1.pdf
