INFO:data:Reading dataset fish: species
INFO:data:Class Counts: [48 60], Class Ratios: [0.44444444 0.55555556]
INFO:data:Number of features: 1023
INFO:data:Number of instances: 108
INFO:data:Number of classes 2.
INFO:__main__:No model found. Train from scratch.
INFO:gp:   	      	                             fitness                             	                      size                     
   	      	-----------------------------------------------------------------	-----------------------------------------------
gen	nevals	avg     	gen	max    	min     	nevals	std      	avg    	gen	max	min	nevals	std    
0  	1023  	0.502579	0  	0.74719	0.315376	1023  	0.0554301	3.44966	0  	7  	2  	1023  	1.30386
INFO:gp:1  	776   	0.549485	1  	0.764342	0.293235	776   	0.0614528	3.59824	1  	11 	2  	776   	1.43884
INFO:gp:2  	784   	0.587477	2  	0.80818 	0.179442	784   	0.0783597	3.77126	2  	11 	2  	784   	1.57958
INFO:gp:3  	790   	0.62166 	3  	0.843373	0.229149	790   	0.0995724	3.69501	3  	12 	2  	790   	1.47804
INFO:gp:4  	788   	0.658486	4  	0.853965	0.2981  	788   	0.112566 	3.99804	4  	12 	2  	788   	1.61554
INFO:gp:5  	760   	0.688546	5  	0.85918 	0.270515	760   	0.128128 	4.66276	5  	15 	2  	760   	1.77983
INFO:gp:6  	800   	0.722498	6  	0.898032	0.235593	800   	0.128725 	5.02933	6  	15 	1  	800   	1.80396
INFO:gp:7  	757   	0.758721	7  	0.913043	0.309439	757   	0.119598 	5.39003	7  	15 	2  	757   	1.87836
INFO:gp:8  	771   	0.778876	8  	0.913496	0.345958	771   	0.110949 	5.38612	8  	13 	2  	771   	2.0273 
INFO:gp:9  	774   	0.79934 	9  	0.913608	0.334052	774   	0.11626  	5.77419	9  	16 	2  	774   	2.46477
INFO:gp:10 	787   	0.835888	10 	0.914394	0.465151	787   	0.112459 	6.7957 	10 	19 	2  	787   	3.01224
INFO:gp:11 	780   	0.852608	11 	0.914396	0.439384	780   	0.115422 	7.11437	11 	17 	3  	780   	2.88719
INFO:gp:12 	759   	0.861819	12 	0.914401	0.446527	759   	0.106677 	7.71065	12 	17 	3  	759   	2.78495
INFO:gp:13 	784   	0.857129	13 	0.914455	0.366081	784   	0.110881 	7.53666	13 	18 	3  	784   	2.61404
INFO:gp:14 	775   	0.847605	14 	0.915266	0.442645	775   	0.123715 	7.54057	14 	18 	3  	775   	2.47175
INFO:gp:15 	764   	0.846591	15 	0.916556	0.448589	764   	0.125866 	7.07527	15 	17 	3  	764   	2.63728
INFO:gp:16 	783   	0.849069	16 	0.91663 	0.348812	783   	0.12222  	6.25122	16 	17 	3  	783   	2.48838
INFO:gp:17 	763   	0.848286	17 	0.91663 	0.442661	763   	0.123609 	6.74487	17 	17 	3  	763   	2.52619
INFO:gp:18 	759   	0.851284	18 	0.917205	0.43102 	759   	0.119403 	8.19746	18 	18 	3  	759   	2.63299
INFO:gp:19 	769   	0.860494	19 	0.917311	0.489153	769   	0.108367 	9.23949	19 	21 	3  	769   	2.58319
INFO:gp:20 	767   	0.857957	20 	0.917627	0.255667	767   	0.112199 	9.86119	20 	24 	3  	767   	2.58583
INFO:gp:21 	765   	0.852635	21 	0.917627	0.399536	765   	0.117767 	10.4135	21 	25 	3  	765   	3.10552
INFO:gp:22 	778   	0.860413	22 	0.918608	0.486928	778   	0.10857  	12.2698	22 	24 	3  	778   	3.74473
INFO:gp:23 	770   	0.85945 	23 	0.918608	0.478541	770   	0.111045 	14.0684	23 	28 	3  	770   	3.83853
INFO:gp:24 	775   	0.865442	24 	0.918654	0.493203	775   	0.107123 	14.4946	24 	30 	4  	775   	3.37458
INFO:gp:25 	795   	0.862139	25 	0.919031	0.419173	795   	0.108144 	14.086 	25 	34 	3  	795   	3.504  
INFO:gp:26 	758   	0.860667	26 	0.919043	0.478086	758   	0.113417 	14.1466	26 	29 	3  	758   	3.25459
INFO:gp:27 	775   	0.856766	27 	0.919099	0.502344	775   	0.113142 	14.4086	27 	29 	3  	775   	3.19322
INFO:gp:28 	768   	0.861516	28 	0.919288	0.446038	768   	0.109381 	14.3509	28 	28 	3  	768   	3.43847
INFO:gp:29 	778   	0.864806	29 	0.919288	0.430968	778   	0.104918 	15.3969	29 	30 	3  	778   	3.74282
INFO:gp:30 	753   	0.864499	30 	0.920826	0.471763	753   	0.105902 	17.6129	30 	37 	3  	753   	4.39482
INFO:gp:31 	771   	0.859283	31 	0.920826	0.484881	771   	0.111808 	19.4956	31 	35 	4  	771   	4.79611
INFO:gp:32 	764   	0.868623	32 	0.920874	0.486414	764   	0.103296 	22.216 	32 	37 	4  	764   	5.38954
INFO:gp:33 	771   	0.867004	33 	0.920991	0.461544	771   	0.107773 	24.0772	33 	45 	3  	771   	5.71572
INFO:gp:34 	766   	0.866826	34 	0.921282	0.497479	766   	0.103639 	23.477 	34 	45 	3  	766   	6.03454
INFO:gp:35 	786   	0.866157	35 	0.921282	0.496803	786   	0.0999315	21.0929	35 	42 	4  	786   	4.68105
INFO:gp:36 	789   	0.862727	36 	0.922217	0.462864	789   	0.105019 	20.2307	36 	42 	3  	789   	3.60752
INFO:gp:37 	787   	0.863629	37 	0.922217	0.456841	787   	0.103281 	20.7517	37 	47 	4  	787   	3.92985
INFO:gp:38 	789   	0.865618	38 	0.922217	0.485497	789   	0.100772 	21.8671	38 	52 	4  	789   	4.12511
INFO:gp:39 	783   	0.866599	39 	0.922422	0.489133	783   	0.0994614	22.8944	39 	52 	5  	783   	3.58538
INFO:gp:40 	743   	0.872496	40 	0.922571	0.467797	743   	0.0937574	23.5982	40 	38 	4  	743   	3.15638
INFO:gp:41 	778   	0.872549	41 	0.924032	0.50366 	778   	0.088165 	24.1007	41 	38 	4  	778   	3.88403
INFO:gp:42 	755   	0.876957	42 	0.924171	0.472618	755   	0.0853013	25.1984	42 	40 	3  	755   	3.97312
INFO:gp:43 	751   	0.878997	43 	0.924509	0.521683	751   	0.0846527	26.5425	43 	41 	8  	751   	4.00878
INFO:gp:44 	788   	0.872139	44 	0.924509	0.447017	788   	0.094388 	26.7546	44 	43 	9  	788   	4.43321
INFO:gp:45 	782   	0.879494	45 	0.924509	0.48588 	782   	0.0866294	24.6344	45 	40 	11 	782   	4.62761
INFO:gp:46 	790   	0.882652	46 	0.924527	0.476855	790   	0.0834312	22.521 	46 	44 	4  	790   	3.68523
INFO:gp:47 	774   	0.887961	47 	0.924561	0.458739	774   	0.0789188	23.479 	47 	44 	3  	774   	4.08934
INFO:gp:48 	762   	0.88199 	48 	0.925973	0.458461	762   	0.0852927	24.652 	48 	43 	4  	762   	4.41517
INFO:gp:49 	781   	0.880918	49 	0.92608 	0.458972	781   	0.0850448	24.2336	49 	43 	8  	781   	3.71586
INFO:gp:50 	767   	0.890787	50 	0.92608 	0.51317 	767   	0.0730329	24.088 	50 	36 	11 	767   	2.93961
INFO:gp:51 	752   	0.886537	51 	0.92609 	0.498208	752   	0.0808748	23.8368	51 	36 	5  	752   	3.01118
INFO:gp:52 	745   	0.883212	52 	0.926118	0.493136	745   	0.0808035	23.8768	52 	36 	11 	745   	3.20167
INFO:gp:53 	776   	0.885252	53 	0.926173	0.493082	776   	0.0777103	23.9335	53 	36 	5  	776   	3.17669
INFO:gp:54 	751   	0.890733	54 	0.926173	0.509415	751   	0.0714532	24.1984	54 	39 	12 	751   	2.95398
INFO:gp:55 	783   	0.887765	55 	0.926221	0.48643 	783   	0.0775016	24.5181	55 	38 	5  	783   	3.5942 
INFO:gp:56 	778   	0.8881  	56 	0.926353	0.491182	778   	0.0762006	25.0401	56 	39 	7  	778   	3.59447
INFO:gp:57 	773   	0.886047	57 	0.926353	0.306235	773   	0.0813724	25.2884	57 	39 	8  	773   	3.49471
INFO:gp:58 	786   	0.892803	58 	0.926396	0.493098	786   	0.0712975	26.1779	58 	39 	10 	786   	3.62753
INFO:gp:59 	785   	0.887245	59 	0.92685 	0.463219	785   	0.0812973	27.2698	59 	43 	10 	785   	3.94977
INFO:gp:60 	768   	0.89023 	60 	0.92685 	0.454852	768   	0.0742184	26.7791	60 	45 	4  	768   	4.49938
INFO:gp:61 	790   	0.888848	61 	0.927235	0.499971	790   	0.0793925	25.3597	61 	40 	5  	790   	4.80791
INFO:gp:62 	769   	0.890839	62 	0.927235	0.504295	769   	0.0759805	24.1408	62 	45 	8  	769   	4.77773
INFO:gp:63 	770   	0.888652	63 	0.927648	0.400774	770   	0.0808445	23.2366	63 	38 	5  	770   	4.00937
INFO:gp:64 	760   	0.885154	64 	0.927682	0.512908	760   	0.0860863	23.6305	64 	41 	7  	760   	3.7615 
INFO:gp:65 	731   	0.89292 	65 	0.928891	0.479377	731   	0.0771959	25.3314	65 	42 	4  	731   	3.71658
INFO:gp:66 	769   	0.886514	66 	0.928891	0.482157	769   	0.0851492	27.8368	66 	41 	8  	769   	4.31548
INFO:gp:67 	789   	0.889776	67 	0.928891	0.49952 	789   	0.0817755	30.176 	67 	52 	6  	789   	4.35882
INFO:gp:68 	763   	0.891986	68 	0.928891	0.488951	763   	0.079136 	31.0459	68 	52 	4  	763   	4.52956
INFO:gp:69 	784   	0.89244 	69 	0.929143	0.491656	784   	0.0790962	31.3646	69 	52 	7  	784   	4.52051
INFO:gp:70 	779   	0.892127	70 	0.930283	0.441662	779   	0.0796615	32.3695	70 	52 	9  	779   	4.35232
INFO:gp:71 	756   	0.896069	71 	0.930283	0.473785	756   	0.07448  	33.3578	71 	58 	10 	756   	4.33372
INFO:gp:72 	772   	0.896142	72 	0.930283	0.487173	772   	0.0736313	33.8954	72 	62 	10 	772   	4.42951
INFO:gp:73 	777   	0.894141	73 	0.930544	0.476683	777   	0.0785641	34.7478	73 	58 	10 	777   	5.33721
INFO:gp:74 	756   	0.896929	74 	0.930559	0.51246 	756   	0.0749931	36.4565	74 	51 	5  	756   	5.1059 
INFO:gp:75 	771   	0.895157	75 	0.93103 	0.497478	771   	0.076385 	39.8309	75 	69 	3  	771   	5.52412
INFO:gp:76 	786   	0.892053	76 	0.931087	0.52942 	786   	0.0838311	41.9912	76 	58 	4  	786   	5.10926
INFO:gp:77 	769   	0.89396 	77 	0.931163	0.514573	769   	0.0815488	42.8231	77 	62 	6  	769   	5.14701
INFO:gp:78 	791   	0.891669	78 	0.931182	0.482014	791   	0.0848651	44.6295	78 	58 	8  	791   	5.30447
INFO:gp:79 	742   	0.889769	79 	0.931279	0.537101	742   	0.0859636	47.2239	79 	61 	6  	742   	5.51278
INFO:gp:80 	758   	0.892874	80 	0.931279	0.489817	758   	0.0809687	49.5015	80 	65 	4  	758   	5.20581
INFO:gp:81 	768   	0.895788	81 	0.931421	0.529793	768   	0.0778162	49.8964	81 	65 	6  	768   	4.48469
INFO:gp:82 	788   	0.89268 	82 	0.931657	0.507606	788   	0.0802212	49.4448	82 	64 	16 	788   	4.9986 
INFO:gp:83 	771   	0.894657	83 	0.931837	0.537817	771   	0.0771395	49.0714	83 	64 	17 	771   	4.94266
INFO:gp:84 	787   	0.893298	84 	0.931837	0.486045	787   	0.0823597	48.7458	84 	68 	8  	787   	5.581  
INFO:gp:85 	781   	0.89425 	85 	0.93184 	0.505682	781   	0.0825074	50.2072	85 	72 	8  	781   	6.36708
INFO:gp:86 	785   	0.895083	86 	0.932114	0.524992	785   	0.0793641	54.2023	86 	74 	8  	785   	7.13061
INFO:gp:87 	774   	0.904714	87 	0.932114	0.487972	774   	0.0663146	58.9365	87 	76 	4  	774   	6.24765
INFO:gp:88 	777   	0.907817	88 	0.932114	0.485802	777   	0.0633524	60.6667	88 	87 	3  	777   	6.03115
INFO:gp:89 	824   	0.911434	89 	0.932138	0.489853	824   	0.0571778	61.2639	89 	75 	28 	824   	4.70547
INFO:gp:90 	771   	0.909393	90 	0.932141	0.501631	771   	0.0611891	61.651 	90 	79 	13 	771   	5.05033
INFO:gp:91 	750   	0.911521	91 	0.932141	0.546865	750   	0.0550057	62.4663	91 	77 	26 	750   	5.0631 
INFO:gp:92 	779   	0.91086 	92 	0.932157	0.516813	779   	0.0602559	62.7058	92 	74 	17 	779   	5.16099
INFO:gp:93 	786   	0.91512 	93 	0.932304	0.485646	786   	0.0503338	62.8719	93 	77 	26 	786   	4.9217 
INFO:gp:94 	766   	0.911527	94 	0.932338	0.531551	766   	0.0570435	62.5015	94 	77 	15 	766   	5.58658
INFO:gp:95 	765   	0.911856	95 	0.932338	0.536057	765   	0.0586038	62.4888	95 	77 	17 	765   	5.36212
INFO:gp:96 	781   	0.909672	96 	0.932353	0.421073	781   	0.0616383	62.347 	96 	80 	4  	781   	5.4387 
INFO:gp:97 	784   	0.907735	97 	0.932353	0.473017	784   	0.0636345	61.7869	97 	76 	14 	784   	6.83012
INFO:gp:98 	779   	0.911752	98 	0.932477	0.554509	779   	0.0569473	63.1544	98 	93 	30 	779   	6.0804 
INFO:gp:99 	767   	0.9104  	99 	0.932477	0.555098	767   	0.0623007	62.8817	99 	84 	4  	767   	6.29393
INFO:gp:100	763   	0.914335	100	0.932603	0.54538 	763   	0.050722 	62.4438	100	77 	30 	763   	5.55771
INFO:gp:101	761   	0.911123	101	0.932633	0.446123	761   	0.0604008	62.3167	101	77 	7  	761   	6.08247
INFO:gp:102	756   	0.91333 	102	0.932666	0.561404	756   	0.0522984	64.5298	102	90 	17 	756   	5.75899
INFO:gp:103	769   	0.91132 	103	0.932688	0.539178	769   	0.0579074	65.6109	103	83 	21 	769   	5.83306
INFO:gp:104	762   	0.910731	104	0.932712	0.497821	762   	0.0566024	63.8876	104	82 	15 	762   	6.66897
INFO:gp:105	768   	0.907645	105	0.932712	0.507554	768   	0.0638356	62.1359	105	80 	16 	768   	5.77876
INFO:gp:106	778   	0.912373	106	0.932743	0.511881	778   	0.0572907	63.1564	106	82 	18 	778   	6.10346
INFO:gp:107	774   	0.910903	107	0.932946	0.515782	774   	0.0609683	66.6051	107	85 	11 	774   	6.6555 
INFO:gp:108	780   	0.915165	108	0.932946	0.510934	780   	0.0524249	68.5142	108	80 	15 	780   	5.16015
INFO:gp:109	762   	0.909885	109	0.93299 	0.526142	762   	0.064298 	68.5112	109	83 	17 	762   	5.48094
INFO:gp:110	764   	0.9116  	110	0.933093	0.532803	764   	0.0625859	68.7527	110	85 	30 	764   	4.93501
INFO:gp:111	774   	0.913951	111	0.933093	0.504686	774   	0.050598 	68.5396	111	91 	15 	774   	5.53882
INFO:gp:112	761   	0.908976	112	0.933106	0.510281	761   	0.0622248	68.7732	112	87 	11 	761   	5.69778
INFO:gp:113	773   	0.912492	113	0.933118	0.511998	773   	0.0549299	68.4311	113	84 	8  	773   	6.28633
INFO:gp:114	776   	0.909217	114	0.933128	0.512204	776   	0.0600756	68.7527	114	80 	16 	776   	5.53637
INFO:gp:115	743   	0.912402	115	0.933128	0.426771	743   	0.0556331	69.1163	115	84 	14 	743   	4.94774
INFO:gp:116	805   	0.911986	116	0.933128	0.359049	805   	0.0560908	69.0342	116	80 	16 	805   	5.44355
INFO:gp:117	784   	0.91234 	117	0.933128	0.51183 	784   	0.0590597	68.9277	117	83 	19 	784   	5.76305
INFO:gp:118	790   	0.913062	118	0.933128	0.525866	790   	0.0520668	69.2356	118	84 	30 	790   	5.36764
INFO:gp:119	744   	0.913507	119	0.933128	0.517819	744   	0.0582728	69.7136	119	82 	19 	744   	4.36473
INFO:gp:120	758   	0.913372	120	0.933128	0.504805	758   	0.0551479	69.5279	120	80 	24 	758   	5.65227
INFO:gp:121	784   	0.91103 	121	0.933136	0.526827	784   	0.0607141	69.3715	121	82 	24 	784   	6.59726
INFO:gp:122	762   	0.910944	122	0.933136	0.524295	762   	0.0638895	70.1769	122	86 	21 	762   	5.36297
INFO:gp:123	789   	0.9184  	123	0.933309	0.515256	789   	0.0458548	70.3597	123	97 	18 	789   	6.01835
INFO:gp:124	769   	0.913428	124	0.933309	0.478526	769   	0.0580648	70.6931	124	85 	30 	769   	4.86992
INFO:gp:125	755   	0.912817	125	0.933309	0.524493	755   	0.0590187	70.7067	125	95 	30 	755   	5.12579
INFO:gp:126	760   	0.912092	126	0.933309	0.492197	760   	0.0617712	70.782 	126	87 	24 	760   	4.98761
INFO:gp:127	777   	0.913377	127	0.933309	0.53122 	777   	0.0569854	70.435 	127	82 	6  	777   	6.02321
INFO:gp:128	799   	0.912869	128	0.933315	0.537425	799   	0.0605695	70.5885	128	85 	30 	799   	5.71203
INFO:gp:129	782   	0.914962	129	0.933318	0.485289	782   	0.0575196	70.6295	129	87 	30 	782   	5.23304
INFO:gp:130	761   	0.914088	130	0.933318	0.524761	761   	0.0579312	70.8915	130	95 	26 	761   	4.93169
INFO:gp:131	800   	0.913791	131	0.933319	0.460158	800   	0.0550366	70.3578	131	84 	24 	800   	5.99275
INFO:gp:132	777   	0.91427 	132	0.933319	0.540052	777   	0.0601472	70.8495	132	95 	30 	777   	4.4199 
INFO:gp:133	759   	0.910738	133	0.933325	0.518082	759   	0.0663632	70.1623	133	88 	28 	759   	5.65919
INFO:gp:134	782   	0.915737	134	0.933325	0.524799	782   	0.0502702	70.4301	134	89 	30 	782   	5.46103
INFO:gp:135	774   	0.915558	135	0.933334	0.509518	774   	0.0515605	70.9717	135	83 	10 	774   	5.48277
INFO:gp:136	791   	0.911175	136	0.933341	0.518085	791   	0.064986 	70.8778	136	83 	25 	791   	5.86353
INFO:gp:137	779   	0.913892	137	0.933341	0.540056	779   	0.0548704	71.4164	137	81 	24 	779   	5.11076
INFO:gp:138	751   	0.914848	138	0.933341	0.507202	751   	0.057099 	71.3812	138	86 	8  	751   	5.86233
INFO:gp:139	785   	0.914116	139	0.933341	0.513675	785   	0.0586012	71.7586	139	86 	24 	785   	5.50654
INFO:gp:140	740   	0.916561	140	0.933364	0.531807	740   	0.0529524	72.1965	140	90 	31 	740   	5.02482
INFO:gp:141	767   	0.915337	141	0.933364	0.504585	767   	0.0531395	72.2815	141	84 	30 	767   	5.85145
INFO:gp:142	746   	0.915624	142	0.933364	0.509003	746   	0.0548902	72.9091	142	84 	32 	746   	4.45446
INFO:gp:143	747   	0.913505	143	0.933368	0.402158	747   	0.0595363	72.8045	143	84 	22 	747   	5.49263
INFO:gp:144	793   	0.916488	144	0.933368	0.526506	793   	0.0511861	72.8299	144	97 	32 	793   	4.79496
INFO:gp:145	803   	0.911567	145	0.933368	0.538166	803   	0.0579491	72.3715	145	86 	24 	803   	5.85929
INFO:gp:146	755   	0.9173  	146	0.933368	0.531525	755   	0.0471806	72.1281	146	89 	25 	755   	6.07321
INFO:gp:147	766   	0.91227 	147	0.933368	0.510498	766   	0.0617311	72.1202	147	87 	20 	766   	5.46563
INFO:gp:148	766   	0.917253	148	0.933368	0.530792	766   	0.0488711	72.0704	148	86 	24 	766   	5.58266
INFO:gp:149	772   	0.918127	149	0.933368	0.55831 	772   	0.0439574	72.1026	149	87 	24 	772   	5.14161
INFO:gp:150	784   	0.914919	150	0.933368	0.546446	784   	0.0493719	71.8876	150	85 	29 	784   	5.31988
INFO:gp:151	782   	0.913569	151	0.933404	0.553865	782   	0.0532324	71.7009	151	87 	20 	782   	5.9503 
INFO:gp:152	790   	0.910568	152	0.933404	0.553276	790   	0.0589943	72.1544	152	85 	24 	790   	4.46662
INFO:gp:153	791   	0.917464	153	0.933404	0.555595	791   	0.0484404	71.6354	153	96 	20 	791   	6.47946
INFO:gp:154	795   	0.90995 	154	0.933404	0.486494	795   	0.0605186	71.6774	154	99 	18 	795   	6.12604
INFO:gp:155	780   	0.915719	155	0.933404	0.532505	780   	0.0500158	71.7331	155	88 	27 	780   	6.11922
INFO:gp:156	786   	0.912937	156	0.933404	0.532614	786   	0.0566625	71.7507	156	88 	20 	786   	5.79492
INFO:gp:157	785   	0.915276	157	0.933404	0.558087	785   	0.0521328	71.5758	157	85 	24 	785   	6.19478
INFO:gp:158	775   	0.916159	158	0.933404	0.544071	775   	0.0517481	71.9296	158	83 	20 	775   	5.64552
INFO:gp:159	786   	0.914837	159	0.933404	0.462869	786   	0.0539595	71.9101	159	87 	8  	786   	5.7134 
INFO:gp:160	773   	0.915244	160	0.933448	0.502106	773   	0.0512646	71.7713	160	83 	20 	773   	5.94653
INFO:gp:161	761   	0.915463	161	0.933448	0.559091	761   	0.052809 	72.0606	161	83 	20 	761   	4.86898
INFO:gp:162	763   	0.914422	162	0.933607	0.525867	763   	0.055118 	71.9951	162	84 	20 	763   	5.07163
INFO:gp:163	800   	0.914758	163	0.933607	0.556788	800   	0.0488836	71.8485	163	83 	12 	800   	5.23929
INFO:gp:164	775   	0.913107	164	0.933607	0.544815	775   	0.0554078	71.9814	164	84 	18 	775   	5.37387
INFO:gp:165	779   	0.91448 	165	0.933607	0.559067	779   	0.0508699	71.6461	165	83 	20 	779   	6.32022
INFO:gp:166	799   	0.915415	166	0.933711	0.551734	799   	0.049596 	71.956 	166	90 	31 	799   	5.25731
INFO:gp:167	786   	0.913263	167	0.933711	0.533866	786   	0.0486401	71.9306	167	82 	26 	786   	4.78533
INFO:gp:168	777   	0.910133	168	0.933714	0.550207	777   	0.0569889	71.6422	168	85 	20 	777   	5.70444
INFO:gp:169	783   	0.911614	169	0.933714	0.521258	783   	0.0532803	71.8084	169	85 	8  	783   	5.65188
INFO:gp:170	784   	0.911324	170	0.933714	0.530725	784   	0.0544641	72.0459	170	88 	31 	784   	4.99177
INFO:gp:171	787   	0.911995	171	0.933714	0.524658	787   	0.052113 	72.564 	171	86 	34 	787   	4.42639
INFO:gp:172	748   	0.910953	172	0.933829	0.531725	748   	0.0512267	72.6491	172	88 	31 	748   	5.12264
INFO:gp:173	780   	0.91115 	173	0.933948	0.523269	780   	0.0523626	72.7801	173	87 	28 	780   	5.55357
INFO:gp:174	785   	0.910711	174	0.933948	0.527849	785   	0.0544866	73.0196	174	84 	32 	785   	4.4745 
INFO:gp:175	763   	0.90999 	175	0.933948	0.514608	763   	0.0538492	72.8456	175	103	3  	763   	5.38976
INFO:gp:176	765   	0.908818	176	0.933948	0.505844	765   	0.0579124	73.1046	176	86 	20 	765   	6.27348
INFO:gp:177	790   	0.91163 	177	0.933952	0.498121	790   	0.0537222	74.2522	177	90 	20 	790   	5.97919
INFO:gp:178	782   	0.910341	178	0.933952	0.523064	782   	0.0610068	74.6657	178	85 	20 	782   	5.80791
INFO:gp:179	788   	0.910044	179	0.933952	0.459213	788   	0.0601857	74.5846	179	92 	16 	788   	5.86292
INFO:gp:180	770   	0.913533	180	0.933964	0.559665	770   	0.0531718	74.4878	180	86 	20 	770   	6.43181
INFO:gp:181	774   	0.911837	181	0.933964	0.390711	774   	0.0605198	74.6246	181	86 	20 	774   	5.82826
INFO:gp:182	778   	0.91265 	182	0.933964	0.559706	778   	0.0541898	74.6197	182	90 	20 	778   	5.50385
INFO:gp:183	777   	0.914372	183	0.933964	0.556724	777   	0.0522225	74.5298	183	86 	34 	777   	5.78423
INFO:gp:184	798   	0.912449	184	0.933964	0.520232	798   	0.0570518	74.9413	184	91 	29 	798   	4.90282
INFO:gp:185	781   	0.913608	185	0.933964	0.528584	781   	0.0531806	74.5024	185	91 	23 	781   	5.97713
INFO:gp:186	778   	0.912486	186	0.934003	0.496158	778   	0.0562183	74.6452	186	88 	20 	778   	5.50803
INFO:gp:187	793   	0.910338	187	0.934003	0.548334	793   	0.0580382	74.694 	187	90 	20 	793   	6.1963 
INFO:gp:188	791   	0.916665	188	0.934003	0.553499	791   	0.0485836	75.0802	188	86 	34 	791   	4.60539
INFO:gp:189	761   	0.911539	189	0.934003	0.413987	761   	0.0630873	74.9629	189	90 	20 	761   	5.54221
INFO:gp:190	785   	0.912022	190	0.934003	0.520948	785   	0.0579154	74.8739	190	99 	20 	785   	6.1613 
INFO:gp:191	764   	0.909953	191	0.934003	0.493141	764   	0.0609052	75.3079	191	89 	20 	764   	5.98597
INFO:gp:192	782   	0.912471	192	0.934424	0.559714	782   	0.0539629	76.0244	192	108	22 	782   	5.94915
INFO:gp:193	793   	0.912269	193	0.934424	0.533281	793   	0.0573405	76.741 	193	88 	3  	793   	5.77726
INFO:gp:194	760   	0.91465 	194	0.934478	0.519253	760   	0.0553805	77.3196	194	93 	12 	760   	5.85775
INFO:gp:195	784   	0.913886	195	0.934478	0.505042	784   	0.0574071	77.6716	195	93 	18 	784   	6.15725
INFO:gp:196	756   	0.909079	196	0.934478	0.532395	756   	0.0646436	78.5806	196	91 	34 	756   	5.49105
INFO:gp:197	784   	0.913062	197	0.934478	0.532517	784   	0.0553552	79.7116	197	92 	48 	784   	4.50306
INFO:gp:198	775   	0.91142 	198	0.934555	0.55312 	775   	0.0564256	79.3548	198	91 	20 	775   	6.41008
INFO:gp:199	785   	0.911221	199	0.934623	0.510616	785   	0.0602799	79.1554	199	91 	20 	785   	6.76359
INFO:gp:200	791   	0.914758	200	0.934623	0.463155	791   	0.0534336	79.826 	200	98 	20 	791   	5.78847
INFO:gp:201	791   	0.915917	201	0.934623	0.560291	791   	0.0488954	80.1799	201	96 	20 	791   	5.74489
INFO:gp:202	784   	0.912613	202	0.934623	0.528244	784   	0.0593502	81.4311	202	101	32 	784   	6.0494 
INFO:gp:203	751   	0.912777	203	0.934623	0.520326	751   	0.0583676	83.7801	203	100	20 	751   	5.39301
INFO:gp:204	764   	0.910517	204	0.934623	0.480284	764   	0.0626475	84.2151	204	117	14 	764   	7.42092
INFO:gp:205	772   	0.914098	205	0.934623	0.554466	772   	0.0571883	84.39  	205	96 	12 	772   	6.82625
INFO:gp:206	768   	0.914162	206	0.934633	0.465467	768   	0.0545132	84.5152	206	100	20 	768   	6.21664
INFO:gp:207	789   	0.914473	207	0.934636	0.550267	789   	0.0535152	84.7351	207	96 	20 	789   	6.01686
INFO:gp:208	770   	0.912732	208	0.934683	0.555581	770   	0.0554198	84.5679	208	96 	14 	770   	6.08582
INFO:gp:209	773   	0.913676	209	0.934683	0.505335	773   	0.0539411	84.8416	209	96 	20 	773   	5.43965
INFO:gp:210	780   	0.912158	210	0.934728	0.560446	780   	0.0564482	84.7908	210	103	20 	780   	5.38155
INFO:gp:211	770   	0.914404	211	0.934728	0.531624	770   	0.0516857	84.7146	211	104	20 	770   	6.07855
INFO:gp:212	769   	0.913425	212	0.934728	0.499813	769   	0.0555668	84.8768	212	118	31 	769   	5.50646
INFO:gp:213	770   	0.914283	213	0.934728	0.560459	770   	0.0514682	85.0323	213	100	6  	770   	6.60282
INFO:gp:214	770   	0.908901	214	0.934728	0.498726	770   	0.0610303	85.1085	214	103	18 	770   	6.96163
INFO:gp:215	784   	0.911584	215	0.935176	0.492562	784   	0.057534 	85.2981	215	100	36 	784   	6.08799
INFO:gp:216	753   	0.91517 	216	0.935237	0.560338	753   	0.0513645	85.6686	216	101	36 	753   	5.56668
INFO:gp:217	786   	0.90936 	217	0.935237	0.521001	786   	0.0560234	85.7556	217	95 	20 	786   	5.72751
INFO:gp:218	786   	0.912831	218	0.935237	0.554063	786   	0.050898 	85.5855	218	96 	20 	786   	6.001  
INFO:gp:219	780   	0.910075	219	0.935237	0.525072	780   	0.0567382	85.5992	219	121	20 	780   	6.64221
INFO:gp:220	775   	0.906623	220	0.935237	0.510859	775   	0.0668538	85.8856	220	96 	16 	775   	6.27534
INFO:gp:221	780   	0.910346	221	0.935237	0.521378	780   	0.0569762	85.5034	221	103	20 	780   	6.99055
INFO:gp:222	781   	0.91231 	222	0.935237	0.506358	781   	0.054427 	85.4868	222	98 	20 	781   	6.24395
INFO:gp:223	736   	0.915594	223	0.935237	0.557825	736   	0.0452066	85.9091	223	119	38 	736   	5.02667
INFO:gp:224	763   	0.914415	224	0.935237	0.522323	763   	0.050989 	85.5337	224	97 	20 	763   	6.60242
INFO:gp:225	774   	0.912053	225	0.935237	0.533181	774   	0.0541837	85.6735	225	94 	36 	774   	5.58809
INFO:gp:226	784   	0.911731	226	0.935246	0.555915	784   	0.0524386	85.1828	226	100	6  	784   	7.1795 
INFO:gp:227	799   	0.910241	227	0.935371	0.538777	799   	0.0561392	85.5513	227	102	36 	799   	5.98688
INFO:gp:228	792   	0.915915	228	0.935371	0.539714	792   	0.0475158	85.0098	228	95 	20 	792   	7.74911
INFO:gp:229	797   	0.911976	229	0.935371	0.53177 	797   	0.0561683	85.3763	229	95 	8  	797   	6.75779
INFO:gp:230	743   	0.912449	230	0.935371	0.544244	743   	0.0540733	85.6256	230	97 	20 	743   	6.00469
INFO:gp:231	793   	0.911156	231	0.935371	0.498278	793   	0.0534698	85.4301	231	119	20 	793   	6.44935
INFO:gp:232	763   	0.912524	232	0.935371	0.548038	763   	0.0531645	85.3196	232	102	20 	763   	6.98221
INFO:gp:233	782   	0.909823	233	0.935371	0.517163	782   	0.0606849	85.5924	233	100	36 	782   	5.75341
INFO:gp:234	768   	0.907933	234	0.93538 	0.553791	768   	0.0622114	85.738 	234	97 	36 	768   	4.98892
INFO:gp:235	776   	0.90609 	235	0.93538 	0.398657	776   	0.0662673	85.3382	235	119	5  	776   	7.46585
INFO:gp:236	780   	0.900664	236	0.93538 	0.530392	780   	0.0752328	85.7468	236	107	36 	780   	5.76651
INFO:gp:237	777   	0.897403	237	0.93538 	0.521388	777   	0.0760578	85.8006	237	118	5  	777   	5.78004
INFO:gp:238	765   	0.895045	238	0.93538 	0.487346	765   	0.0838088	85.2776	238	95 	5  	765   	7.13103
INFO:gp:239	762   	0.896069	239	0.93538 	0.513315	762   	0.0825269	85.8397	239	101	20 	762   	5.41961
INFO:gp:240	783   	0.89181 	240	0.935392	0.534068	783   	0.0862334	85.5015	240	100	5  	783   	5.89014
INFO:gp:241	762   	0.890365	241	0.935392	0.495267	762   	0.086951 	85.7713	241	97 	5  	762   	6.43749
INFO:gp:242	799   	0.882301	242	0.935392	0.487859	799   	0.0996759	85.2884	242	97 	36 	799   	6.39907
INFO:gp:243	750   	0.897048	243	0.935807	0.507209	750   	0.0805213	85.6149	243	119	3  	750   	6.12131
INFO:gp:244	786   	0.887925	244	0.935807	0.553578	786   	0.0915893	85.5298	244	105	5  	786   	6.41943
INFO:gp:245	769   	0.89099 	245	0.935807	0.557759	769   	0.0886308	85.3636	245	119	36 	769   	6.22868
INFO:gp:246	761   	0.893565	246	0.935807	0.529729	761   	0.0860939	85.5034	246	97 	29 	761   	5.70809
INFO:gp:247	750   	0.890823	247	0.935807	0.485295	750   	0.0904209	85.4643	247	93 	5  	750   	6.13966
INFO:gp:248	772   	0.891616	248	0.935807	0.552222	772   	0.0877516	84.8377	248	94 	5  	772   	7.93886
INFO:gp:249	768   	0.887892	249	0.935819	0.536227	768   	0.0901719	85.2717	249	105	5  	768   	6.17364
INFO:gp:250	798   	0.889319	250	0.935883	0.529319	798   	0.0911307	85.4858	250	103	36 	798   	4.73021
INFO:gp:251	769   	0.88759 	251	0.935883	0.508222	769   	0.0930755	85.2981	251	98 	5  	769   	6.26696
INFO:gp:252	782   	0.886573	252	0.935883	0.532348	782   	0.0979824	85.0264	252	94 	5  	782   	5.95997
INFO:gp:253	780   	0.889931	253	0.936074	0.529897	780   	0.0855411	85.0938	253	95 	5  	780   	6.33081
INFO:gp:254	788   	0.893274	254	0.936074	0.531524	788   	0.0844681	85.697 	254	106	33 	788   	5.6648 
INFO:gp:255	774   	0.895813	255	0.936074	0.521984	774   	0.0814313	85.9081	255	104	40 	774   	5.4365 
INFO:gp:256	767   	0.891758	256	0.936186	0.543039	767   	0.0819383	86.1241	256	105	36 	767   	6.16467
INFO:gp:257	761   	0.892959	257	0.936186	0.453993	761   	0.081523 	86.4321	257	103	13 	761   	6.04634
INFO:gp:258	780   	0.899991	258	0.936186	0.514057	780   	0.0717021	86.563 	258	124	6  	780   	6.24004
INFO:gp:259	771   	0.899939	259	0.936186	0.455335	771   	0.0724302	86.4575	259	97 	5  	771   	7.56787
INFO:gp:260	789   	0.901149	260	0.936186	0.540719	789   	0.069334 	86.7351	260	104	36 	789   	6.58898
INFO:gp:261	745   	0.902687	261	0.936343	0.462022	745   	0.0666736	86.8231	261	124	6  	745   	7.3148 
INFO:gp:262	765   	0.898985	262	0.936364	0.543947	765   	0.0705909	87.0899	262	103	16 	765   	7.22354
INFO:gp:263	775   	0.902279	263	0.936364	0.531911	775   	0.0681324	87.6197	263	103	16 	775   	6.9034 
INFO:gp:264	781   	0.908   	264	0.936462	0.546942	781   	0.0542539	88.1515	264	124	4  	781   	6.06897
INFO:gp:265	794   	0.90892 	265	0.936462	0.544443	794   	0.0542736	88.2199	265	100	26 	794   	5.49322
INFO:gp:266	772   	0.907896	266	0.936462	0.55767 	772   	0.0583041	87.7009	266	97 	16 	772   	7.66799
INFO:gp:267	770   	0.905762	267	0.936718	0.509994	770   	0.0608527	88.1789	267	98 	16 	770   	6.71689
INFO:gp:268	763   	0.906571	268	0.936718	0.445097	763   	0.0604127	88.0714	268	103	30 	763   	6.10656
INFO:gp:269	793   	0.907868	269	0.937576	0.521484	793   	0.0569625	87.8084	269	99 	16 	793   	7.22603
INFO:gp:270	775   	0.907254	270	0.937576	0.553899	775   	0.0605951	87.4643	270	97 	16 	775   	6.90208
INFO:gp:271	764   	0.908401	271	0.940847	0.449316	764   	0.0574334	87.5875	271	97 	14 	764   	6.68477
INFO:gp:272	796   	0.907397	272	0.940847	0.453715	796   	0.0631571	87.7019	272	109	5  	796   	6.7881 
INFO:gp:273	784   	0.908189	273	0.941089	0.502212	784   	0.0631198	87.7087	273	99 	14 	784   	6.86094
INFO:gp:274	787   	0.911285	274	0.941089	0.54999 	787   	0.057243 	87.8915	274	97 	16 	787   	5.67109
INFO:gp:275	776   	0.91285 	275	0.942044	0.491749	776   	0.0524846	87.999 	275	99 	36 	776   	5.03215
INFO:gp:276	736   	0.913615	276	0.942044	0.496936	736   	0.0542428	87.6041	276	100	17 	736   	6.42459
INFO:gp:277	765   	0.912027	277	0.942044	0.48378 	765   	0.0594337	87.6031	277	109	22 	765   	6.00105
INFO:gp:278	773   	0.912201	278	0.942044	0.434128	773   	0.0599263	87.4751	278	97 	17 	773   	6.66186
INFO:gp:279	770   	0.915434	279	0.942044	0.504839	770   	0.0548835	87.2454	279	105	15 	770   	6.87874
INFO:gp:280	789   	0.913035	280	0.942044	0.459521	789   	0.0628482	87.5699	280	96 	17 	789   	6.2326 
INFO:gp:281	785   	0.914581	281	0.942044	0.541602	785   	0.0552054	87.5034	281	96 	35 	785   	6.08507
INFO:gp:282	785   	0.913311	282	0.942044	0.551709	785   	0.0604726	87.2913	282	103	11 	785   	7.12266
INFO:gp:283	769   	0.916321	283	0.942044	0.541238	769   	0.0534812	87.5611	283	105	18 	769   	5.88983
INFO:gp:284	756   	0.917665	284	0.942044	0.528463	756   	0.0488334	87.48  	284	105	17 	756   	6.71304
INFO:gp:285	776   	0.917584	285	0.942044	0.527278	776   	0.0518604	87.4418	285	98 	23 	776   	6.53484
INFO:gp:286	775   	0.918816	286	0.942044	0.456554	775   	0.0537802	87.2747	286	102	36 	775   	6.44518
INFO:gp:287	771   	0.914706	287	0.942044	0.407326	771   	0.0579049	87.6295	287	105	23 	771   	5.95819
INFO:gp:288	792   	0.91431 	288	0.942044	0.50986 	792   	0.0606426	87.4272	288	102	3  	792   	6.89697
INFO:gp:289	781   	0.916545	289	0.942044	0.449069	781   	0.052907 	87.3118	289	102	23 	781   	6.56805
INFO:gp:290	756   	0.917007	290	0.942044	0.51554 	756   	0.0541064	87.6461	290	109	36 	756   	6.07801
INFO:gp:291	752   	0.918831	291	0.942044	0.573589	752   	0.0487568	87.5582	291	120	23 	752   	6.2562 
INFO:gp:292	775   	0.913825	292	0.942044	0.562035	775   	0.0572437	87.522 	292	102	23 	775   	5.89326
INFO:gp:293	774   	0.913652	293	0.942044	0.506993	774   	0.0611158	87.4164	293	96 	23 	774   	6.07228
INFO:gp:294	768   	0.917906	294	0.942044	0.412666	768   	0.0552077	87.5415	294	120	23 	768   	6.64341
INFO:gp:295	773   	0.917143	295	0.942044	0.550709	773   	0.0526175	87.4497	295	98 	23 	773   	6.70122
INFO:gp:296	786   	0.91924 	296	0.942044	0.550713	786   	0.0507917	87.6637	296	102	23 	786   	5.84906
INFO:gp:297	789   	0.915793	297	0.942044	0.562035	789   	0.0570387	87.4379	297	96 	26 	789   	6.11089
INFO:gp:298	793   	0.91828 	298	0.942044	0.601181	793   	0.0498785	87.5806	298	102	23 	793   	6.79479
INFO:gp:299	786   	0.915414	299	0.942044	0.449857	786   	0.0555435	87.348 	299	99 	23 	786   	6.81053
INFO:gp:300	778   	0.916559	300	0.942044	0.558226	778   	0.0537791	87.652 	300	98 	23 	778   	6.00815
INFO:gp:301	764   	0.919313	301	0.942059	0.562035	764   	0.046528 	87.7742	301	97 	36 	764   	5.66504
INFO:gp:302	760   	0.917382	302	0.942059	0.507969	760   	0.0561351	87.2209	302	97 	4  	760   	7.57511
INFO:gp:303	767   	0.915353	303	0.942059	0.55293 	767   	0.052637 	87.5709	303	109	23 	767   	6.01356
INFO:gp:304	780   	0.918576	304	0.942059	0.56129 	780   	0.0493945	87.5464	304	97 	23 	780   	5.3999 
INFO:gp:305	792   	0.91425 	305	0.942059	0.505742	792   	0.0572789	86.7077	305	98 	36 	792   	6.79828
INFO:gp:306	780   	0.917525	306	0.942059	0.555914	780   	0.049747 	86.2317	306	100	32 	780   	6.87581
INFO:gp:307	766   	0.915298	307	0.942069	0.528555	766   	0.0592346	85.1564	307	107	5  	766   	6.7197 
INFO:gp:308	771   	0.917448	308	0.942074	0.528943	771   	0.0559614	83.7214	308	105	32 	771   	6.67933
INFO:gp:309	730   	0.920992	309	0.942074	0.600036	730   	0.0465793	82.8876	309	94 	23 	730   	6.35201
INFO:gp:310	764   	0.915451	310	0.942074	0.545039	764   	0.0588599	82.4643	310	93 	21 	764   	6.84148
INFO:gp:311	770   	0.91663 	311	0.942074	0.549932	770   	0.0523001	82.6197	311	94 	32 	770   	6.68325
INFO:gp:312	780   	0.919863	312	0.942088	0.55686 	780   	0.0496235	83.0587	312	97 	23 	780   	6.69007
INFO:gp:313	765   	0.919532	313	0.942088	0.521279	765   	0.0494254	83.4252	313	93 	13 	765   	6.82271
INFO:gp:314	759   	0.9138  	314	0.9421  	0.52936 	759   	0.0641904	84.085 	314	119	16 	759   	6.44259
INFO:gp:315	778   	0.917283	315	0.9421  	0.465442	778   	0.0529618	84.2053	315	111	27 	778   	6.64686
INFO:gp:316	756   	0.915433	316	0.9421  	0.53123 	756   	0.0604337	84.1183	316	111	23 	756   	7.05755
INFO:gp:317	780   	0.919491	317	0.9421  	0.543598	780   	0.0540375	83.8035	317	97 	32 	780   	5.76143
INFO:gp:318	788   	0.918161	318	0.9421  	0.580089	788   	0.053368 	83.1848	318	97 	23 	788   	6.63797
INFO:gp:319	784   	0.922163	319	0.942118	0.559533	784   	0.0478238	83.087 	319	97 	14 	784   	6.43588
INFO:gp:320	791   	0.919515	320	0.942118	0.56221 	791   	0.052507 	83.3578	320	101	33 	791   	4.93289
INFO:gp:321	762   	0.922671	321	0.942118	0.587143	762   	0.0456543	83.1056	321	95 	23 	762   	5.75303
INFO:gp:322	805   	0.91789 	322	0.942118	0.438073	805   	0.0559455	82.8749	322	97 	33 	805   	6.30706
INFO:gp:323	763   	0.920113	323	0.942118	0.507905	763   	0.0534301	83.2493	323	96 	28 	763   	6.19774
INFO:gp:324	795   	0.915225	324	0.942118	0.556225	795   	0.0612889	83.6109	324	97 	4  	795   	6.78443
INFO:gp:325	765   	0.919585	325	0.942118	0.580405	765   	0.0511111	83.868 	325	104	6  	765   	7.10026
INFO:gp:326	767   	0.919547	326	0.942124	0.521659	767   	0.0549473	84.3988	326	98 	35 	767   	5.60802
INFO:gp:327	806   	0.920998	327	0.942124	0.55516 	806   	0.0510773	84.4761	327	103	32 	806   	6.17734
INFO:gp:328	773   	0.918293	328	0.942124	0.56224 	773   	0.0543059	84.6188	328	103	33 	773   	5.77226
INFO:gp:329	769   	0.918967	329	0.942124	0.439932	769   	0.0554027	84.4624	329	99 	23 	769   	6.10917
INFO:gp:330	757   	0.919889	330	0.942124	0.577557	757   	0.0513835	84.5152	330	105	23 	757   	7.09711
INFO:gp:331	762   	0.919286	331	0.942124	0.5378  	762   	0.0518859	85.4653	331	95 	23 	762   	5.41066
INFO:gp:332	769   	0.922122	332	0.942347	0.558413	769   	0.0481629	86.0156	332	96 	40 	769   	5.38795
INFO:gp:333	771   	0.917845	333	0.942347	0.536852	771   	0.0536939	87.4223	333	104	23 	771   	5.88083
INFO:gp:334	734   	0.92124 	334	0.942347	0.56225 	734   	0.0523781	88.4057	334	103	23 	734   	5.80429
INFO:gp:335	787   	0.922392	335	0.942347	0.520296	787   	0.0478154	88.9932	335	111	23 	787   	6.82951
INFO:gp:336	728   	0.923536	336	0.942347	0.56225 	728   	0.043855 	89.5376	336	105	40 	728   	6.41862
INFO:gp:337	799   	0.919795	337	0.942353	0.546686	799   	0.0534944	89.8182	337	100	23 	799   	7.54577
INFO:gp:338	770   	0.917915	338	0.942353	0.563487	770   	0.0529142	90.0283	338	101	23 	770   	7.77721
INFO:gp:339	758   	0.918327	339	0.942353	0.550089	758   	0.0536523	91.0283	339	102	23 	758   	6.0005 
INFO:gp:340	793   	0.917364	340	0.942353	0.536876	793   	0.0521404	91.1232	340	101	16 	793   	6.58908
INFO:gp:341	782   	0.919584	341	0.942353	0.559836	782   	0.0488325	91.478 	341	107	40 	782   	5.36409
INFO:gp:342	798   	0.919749	342	0.942353	0.565294	798   	0.05223  	91.3196	342	103	23 	798   	6.38474
INFO:gp:343	760   	0.919077	343	0.942357	0.528466	760   	0.0524461	91.2776	343	112	23 	760   	6.72815
INFO:gp:344	763   	0.922923	344	0.942357	0.609638	763   	0.0427682	91.4995	344	113	23 	763   	6.05302
INFO:gp:345	774   	0.915533	345	0.942357	0.497826	774   	0.0606966	91.1447	345	103	16 	774   	7.64809
INFO:gp:346	787   	0.917157	346	0.942357	0.562457	787   	0.0545093	91.4457	346	103	11 	787   	6.37618
INFO:gp:347	751   	0.918787	347	0.942395	0.4777  	751   	0.0559673	91.478 	347	103	23 	751   	6.16546
INFO:gp:348	785   	0.919783	348	0.942395	0.517421	785   	0.0507961	91.2248	348	103	17 	785   	7.28302
INFO:gp:349	755   	0.920314	349	0.942395	0.487299	755   	0.0531053	91.738 	349	106	40 	755   	6.18529
INFO:gp:350	775   	0.919252	350	0.942395	0.574196	775   	0.0514377	92.1065	350	108	23 	775   	7.38929
INFO:gp:351	773   	0.916031	351	0.942403	0.463677	773   	0.0614352	93.0997	351	107	40 	773   	7.22057
INFO:gp:352	778   	0.917526	352	0.942587	0.554893	778   	0.0575164	95.1417	352	111	21 	778   	8.4936 
INFO:gp:353	774   	0.917714	353	0.942587	0.488763	774   	0.0551719	97.5503	353	113	23 	774   	8.26097
INFO:gp:354	743   	0.914563	354	0.942587	0.556325	743   	0.0603796	98.9804	354	119	40 	743   	8.04153
INFO:gp:355	793   	0.918976	355	0.942587	0.542256	793   	0.0518549	99.3959	355	116	40 	793   	8.41824
INFO:gp:356	780   	0.918578	356	0.942603	0.541246	780   	0.0514013	99.3587	356	114	40 	780   	7.50128
INFO:gp:357	783   	0.915928	357	0.942604	0.538489	783   	0.0588733	97.0968	357	111	23 	783   	8.32956
INFO:gp:358	768   	0.920769	358	0.942609	0.562554	768   	0.0470656	94.4115	358	113	23 	768   	9.66202
INFO:gp:359	774   	0.918406	359	0.942609	0.53065 	774   	0.0538626	93.4457	359	109	23 	774   	7.37176
INFO:gp:360	762   	0.919012	360	0.942609	0.562804	762   	0.0521081	92.4145	360	108	25 	762   	8.61313
INFO:gp:361	766   	0.918058	361	0.942609	0.492093	766   	0.0539793	93.5308	361	106	40 	766   	6.21297
INFO:gp:362	778   	0.919736	362	0.942609	0.538615	778   	0.0496682	93.0655	362	128	40 	778   	7.54139
INFO:gp:363	783   	0.920006	363	0.942609	0.574026	783   	0.0510969	92.6843	363	105	23 	783   	8.07534
INFO:gp:364	786   	0.91864 	364	0.94261 	0.517443	786   	0.0535187	92.3304	364	108	23 	786   	7.44365
INFO:gp:365	775   	0.919702	365	0.94261 	0.429769	775   	0.0541112	91.8866	365	107	23 	775   	7.2719 
INFO:gp:366	791   	0.919407	366	0.94261 	0.552131	791   	0.0553153	91.6422	366	118	23 	791   	6.54431
INFO:gp:367	770   	0.919889	367	0.94261 	0.580717	770   	0.0486278	91.5679	367	110	40 	770   	5.59491
INFO:gp:368	778   	0.9173  	368	0.94261 	0.532824	778   	0.0556344	91.0538	368	105	23 	778   	7.15517
INFO:gp:369	759   	0.920639	369	0.94261 	0.509191	759   	0.05159  	91.4448	369	107	23 	759   	5.8696 
INFO:gp:370	806   	0.918544	370	0.94261 	0.565608	806   	0.0504604	90.9306	370	108	40 	806   	5.77063
INFO:gp:371	766   	0.918863	371	0.94261 	0.557044	766   	0.0562487	90.3324	371	105	39 	766   	6.4103 
INFO:gp:372	767   	0.920686	372	0.94261 	0.562834	767   	0.0494925	90.2512	372	105	38 	767   	6.19687
INFO:gp:373	755   	0.921657	373	0.94261 	0.528456	755   	0.0497587	89.8016	373	105	23 	755   	7.05132
INFO:gp:374	776   	0.919315	374	0.94261 	0.562835	776   	0.0525005	89.9541	374	105	23 	776   	6.94024
INFO:gp:375	795   	0.917467	375	0.94261 	0.515404	795   	0.0551171	90.2717	375	106	23 	795   	6.94515
INFO:gp:376	759   	0.918924	376	0.942942	0.545775	759   	0.0580027	90.4624	376	108	38 	759   	6.47729
INFO:gp:377	768   	0.916822	377	0.942942	0.545804	768   	0.0559076	90.1173	377	105	23 	768   	7.33928
INFO:gp:378	784   	0.920238	378	0.942942	0.606354	784   	0.0472828	90.6471	378	105	38 	784   	6.34104
INFO:gp:379	760   	0.91717 	379	0.942942	0.545888	760   	0.0544374	90.9443	379	111	5  	760   	6.28874
INFO:gp:380	749   	0.919433	380	0.942942	0.55734 	749   	0.0547144	91.1046	380	106	21 	749   	6.77395
INFO:gp:381	794   	0.918864	381	0.942942	0.538079	794   	0.0508981	91.5787	381	109	40 	794   	5.71543
INFO:gp:382	773   	0.919186	382	0.942942	0.55192 	773   	0.0545821	91.4379	382	106	22 	773   	6.80361
INFO:gp:383	776   	0.920929	383	0.942942	0.437481	776   	0.0515953	91.6285	383	108	40 	776   	6.29457
INFO:gp:384	764   	0.920604	384	0.942953	0.415277	764   	0.0501314	91.6579	384	105	23 	764   	6.56632
INFO:gp:385	781   	0.918575	385	0.942953	0.517769	781   	0.0534722	91.6178	385	105	23 	781   	6.25989
INFO:gp:386	758   	0.921145	386	0.942953	0.537257	758   	0.0511173	91.4594	386	105	40 	758   	6.23521
INFO:gp:387	775   	0.921079	387	0.942953	0.684282	775   	0.0441296	91.6706	387	106	4  	775   	6.55319
INFO:gp:388	757   	0.919457	388	0.942953	0.539391	757   	0.0541399	91.8661	388	109	23 	757   	5.73448
INFO:gp:389	781   	0.919891	389	0.942953	0.50625 	781   	0.0518242	91.6559	389	105	23 	781   	6.41242
INFO:gp:390	789   	0.916801	390	0.942953	0.531338	789   	0.0554972	91.5963	390	105	23 	789   	6.17964
INFO:gp:391	754   	0.916337	391	0.942953	0.556395	754   	0.0579472	91.4399	391	128	19 	754   	6.89171
INFO:gp:392	766   	0.917183	392	0.942953	0.563246	766   	0.0582722	91.8201	392	112	41 	766   	5.32014
INFO:gp:393	744   	0.922396	393	0.942953	0.428915	744   	0.0494231	91.6598	393	112	30 	744   	6.1998 
INFO:gp:394	780   	0.917466	394	0.942953	0.534236	780   	0.0570801	91.566 	394	105	40 	780   	6.02952
INFO:gp:395	776   	0.92147 	395	0.942953	0.563246	776   	0.0508718	91.2727	395	106	23 	776   	7.30771
INFO:gp:396	752   	0.920868	396	0.942953	0.531029	752   	0.050953 	91.2933	396	105	23 	752   	6.73431
INFO:gp:397	758   	0.923042	397	0.942953	0.540009	758   	0.0470246	91.1916	397	128	23 	758   	7.55692
INFO:gp:398	781   	0.92079 	398	0.942953	0.543927	781   	0.0499153	91.3695	398	101	23 	781   	6.49056
INFO:gp:399	786   	0.918596	399	0.942953	0.544784	786   	0.0567847	91.5288	399	102	23 	786   	6.20668
INFO:gp:400	784   	0.919849	400	0.942984	0.54596 	784   	0.0482508	91.6266	400	107	17 	784   	6.23672
INFO:__main__:Saving model to file: checkpoints/run_18.pth
INFO:util:Train accuracy: 1.0 +- 0.0
INFO:util:Val accuracy: 1.0 +- 0.0
INFO:util:Test accuracy: 1.0 +- 0.0
INFO:util:Train intra-class: 0.08276792997395868, Train Inter-class: 0.5126108916295874
INFO:util:Val intra-class: 0.11956883075070422, Val Inter-class: 0.33636678070543363
INFO:util:Test intra-class: 0.10324418807231424, Test inter-class: 0.4691376207032965
INFO:plot:Saving t-SNE to file: figures/tsne.png
INFO:plot:Saving t-SNE to file: figures/tsne.png
INFO:plot:Saving tree to file: figures/tree-0.pdf
INFO:plot:Saving tree to file: figures/tree-1.pdf
