INFO:data:Reading dataset fish: species
INFO:data:Class Counts: [48 60], Class Ratios: [0.44444444 0.55555556]
INFO:data:Number of features: 1023
INFO:data:Number of instances: 108
INFO:data:Number of classes 2.
INFO:__main__:No model found. Train from scratch.
INFO:gp:   	      	                         fitness                         	                      size                     
   	      	---------------------------------------------------------	-----------------------------------------------
gen	nevals	avg    	gen	max    	min     	nevals	std      	avg    	gen	max	min	nevals	std    
0  	1023  	0.50644	0  	0.74806	0.332754	1023  	0.0553157	3.55132	0  	7  	2  	1023  	1.39088
INFO:gp:1  	771   	0.551133	1  	0.797059	0.290248	771   	0.058489 	3.74878	1  	12 	2  	771   	1.52157
INFO:gp:2  	760   	0.581045	2  	0.893196	0.292792	760   	0.0722889	3.97361	2  	11 	2  	760   	1.54131
INFO:gp:3  	763   	0.623955	3  	0.893685	0.260258	763   	0.0949926	4.06549	3  	11 	2  	763   	1.59564
INFO:gp:4  	773   	0.685208	4  	0.91411 	0.313309	773   	0.117903 	3.89443	4  	11 	2  	773   	1.47663
INFO:gp:5  	780   	0.759989	5  	0.922973	0.27758 	780   	0.121055 	3.6002 	5  	13 	1  	780   	1.32111
INFO:gp:6  	769   	0.806557	6  	0.922973	0.227761	769   	0.117864 	3.40762	6  	12 	1  	769   	1.04213
INFO:gp:7  	761   	0.829518	7  	0.922973	0.411723	761   	0.116405 	3.33333	7  	11 	1  	761   	0.950039
INFO:gp:8  	748   	0.840734	8  	0.922973	0.432473	748   	0.113696 	3.44086	8  	8  	3  	748   	1.05108 
INFO:gp:9  	749   	0.837779	9  	0.922973	0.401439	749   	0.116762 	3.3695 	9  	9  	1  	749   	0.998693
INFO:gp:10 	783   	0.824499	10 	0.922973	0.432658	783   	0.123718 	3.42913	10 	9  	1  	783   	1.10831 
INFO:gp:11 	767   	0.822158	11 	0.922973	0.464733	767   	0.122622 	3.39785	11 	9  	3  	767   	1.04964 
INFO:gp:12 	759   	0.827679	12 	0.922973	0.461473	759   	0.120223 	3.4086 	12 	9  	3  	759   	1.06357 
INFO:gp:13 	786   	0.823511	13 	0.922989	0.47602 	786   	0.124115 	3.42913	13 	9  	3  	786   	1.11797 
INFO:gp:14 	786   	0.824442	14 	0.923081	0.400998	786   	0.120717 	3.46139	14 	10 	3  	786   	1.10372 
INFO:gp:15 	768   	0.827088	15 	0.923876	0.434401	768   	0.121738 	3.51711	15 	14 	3  	768   	1.22831 
INFO:gp:16 	776   	0.822572	16 	0.923876	0.235777	776   	0.124071 	3.66862	16 	10 	3  	776   	1.28859 
INFO:gp:17 	773   	0.823827	17 	0.923876	0.452271	773   	0.121433 	3.95112	17 	11 	3  	773   	1.45091 
INFO:gp:18 	739   	0.830709	18 	0.923885	0.461043	739   	0.122737 	4.5914 	18 	12 	3  	739   	1.6852  
INFO:gp:19 	764   	0.828004	19 	0.924856	0.457267	764   	0.131858 	5.40567	19 	12 	3  	764   	1.62539 
INFO:gp:20 	809   	0.820415	20 	0.924856	0.444185	809   	0.131133 	5.60508	20 	13 	3  	809   	1.50283 
INFO:gp:21 	762   	0.82808 	21 	0.926462	0.440872	762   	0.131803 	5.80254	21 	13 	3  	762   	1.75423 
INFO:gp:22 	777   	0.833935	22 	0.927375	0.443623	777   	0.13076  	6.32063	22 	13 	3  	777   	1.93159 
INFO:gp:23 	773   	0.835962	23 	0.927664	0.464201	773   	0.126323 	7.17204	23 	15 	3  	773   	2.13698 
INFO:gp:24 	777   	0.845008	24 	0.928489	0.360241	777   	0.120209 	7.62757	24 	16 	3  	777   	2.31555 
INFO:gp:25 	765   	0.853946	25 	0.928491	0.464625	765   	0.110889 	7.99316	25 	18 	3  	765   	2.52475 
INFO:gp:26 	799   	0.854709	26 	0.928961	0.477403	799   	0.109616 	8.69208	26 	23 	3  	799   	3.11557 
INFO:gp:27 	795   	0.861294	27 	0.928961	0.472031	795   	0.103552 	10     	27 	30 	3  	795   	3.84753 
INFO:gp:28 	769   	0.867169	28 	0.929108	0.46114 	769   	0.101803 	11.4731	28 	35 	3  	769   	4.28699 
INFO:gp:29 	734   	0.872413	29 	0.929108	0.422208	734   	0.0968324	13.4741	29 	33 	3  	734   	4.93229 
INFO:gp:30 	764   	0.872969	30 	0.929108	0.481918	764   	0.0916839	16.1975	30 	34 	3  	764   	5.81333 
INFO:gp:31 	771   	0.877464	31 	0.929117	0.478082	771   	0.0936098	19.5425	31 	40 	3  	771   	6.86014 
INFO:gp:32 	781   	0.876358	32 	0.930295	0.464791	781   	0.0950312	21.6305	32 	47 	3  	781   	7.13454 
INFO:gp:33 	778   	0.881399	33 	0.930295	0.467156	778   	0.0873849	24.7595	33 	43 	3  	778   	7.25616 
INFO:gp:34 	790   	0.882811	34 	0.930295	0.470981	790   	0.0881508	27.8074	34 	45 	3  	790   	6.0612  
INFO:gp:35 	781   	0.881745	35 	0.930767	0.469504	781   	0.0855115	27.564 	35 	53 	3  	781   	6.01396 
INFO:gp:36 	766   	0.884659	36 	0.931188	0.487665	766   	0.0811908	25.7107	36 	42 	3  	766   	6.11956 
INFO:gp:37 	742   	0.883628	37 	0.931212	0.487527	742   	0.0892026	24.5846	37 	43 	3  	742   	5.74826 
INFO:gp:38 	788   	0.879253	38 	0.931219	0.491259	788   	0.0968127	23.9521	38 	52 	3  	788   	6.2293  
INFO:gp:39 	793   	0.881424	39 	0.931641	0.506142	793   	0.0854215	23.0723	39 	45 	3  	793   	6.17397 
INFO:gp:40 	782   	0.877903	40 	0.932167	0.446097	782   	0.0947249	21.5386	40 	45 	3  	782   	6.38839 
INFO:gp:41 	763   	0.874085	41 	0.932167	0.470883	763   	0.097056 	21.5191	41 	40 	3  	763   	6.35688 
INFO:gp:42 	780   	0.883468	42 	0.933252	0.50529 	780   	0.0873781	23.4907	42 	55 	3  	780   	6.68007 
INFO:gp:43 	766   	0.885243	43 	0.933252	0.501178	766   	0.0867016	26.3294	43 	44 	3  	766   	6.76978 
INFO:gp:44 	806   	0.879937	44 	0.933252	0.469126	806   	0.0929115	26.9316	44 	49 	3  	806   	6.27562 
INFO:gp:45 	789   	0.887768	45 	0.933252	0.487537	789   	0.0828881	27.0499	45 	67 	3  	789   	5.88788 
INFO:gp:46 	784   	0.891593	46 	0.933374	0.462355	784   	0.0812568	26.5963	46 	47 	3  	784   	6.03495 
INFO:gp:47 	756   	0.887535	47 	0.933728	0.477478	756   	0.0851976	25.8436	47 	45 	3  	756   	5.62471 
INFO:gp:48 	758   	0.880184	48 	0.933936	0.472613	758   	0.0930933	24.3861	48 	48 	3  	758   	5.73549 
INFO:gp:49 	793   	0.881159	49 	0.934049	0.472613	793   	0.0915579	24.0098	49 	43 	3  	793   	5.36069 
INFO:gp:50 	776   	0.882725	50 	0.934049	0.472613	776   	0.0928346	24.9365	50 	43 	3  	776   	5.55052 
INFO:gp:51 	768   	0.887461	51 	0.934049	0.500579	768   	0.0865716	26.0342	51 	43 	3  	768   	5.2852  
INFO:gp:52 	770   	0.892477	52 	0.934375	0.486839	770   	0.0812581	26.999 	52 	42 	3  	770   	5.09912 
INFO:gp:53 	767   	0.889237	53 	0.935069	0.446124	767   	0.0813285	27.3666	53 	53 	3  	767   	5.34842 
INFO:gp:54 	787   	0.890021	54 	0.935069	0.488682	787   	0.0838036	27.1887	54 	42 	3  	787   	4.90661 
INFO:gp:55 	785   	0.89255 	55 	0.935069	0.486607	785   	0.0814608	26.6598	55 	50 	3  	785   	5.26461 
INFO:gp:56 	768   	0.889218	56 	0.935203	0.472613	768   	0.0881315	26.0078	56 	48 	3  	768   	5.38706 
INFO:gp:57 	784   	0.892751	57 	0.935203	0.483841	784   	0.0836441	25.1349	57 	47 	3  	784   	5.15141 
INFO:gp:58 	762   	0.885238	58 	0.935203	0.466659	762   	0.0978145	25.1417	58 	46 	3  	762   	5.62692 
INFO:gp:59 	784   	0.890073	59 	0.935791	0.49365 	784   	0.0861556	26.2385	59 	44 	3  	784   	5.95829 
INFO:gp:60 	771   	0.893989	60 	0.935791	0.500792	771   	0.0820734	26.7781	60 	48 	3  	771   	5.85109 
INFO:gp:61 	791   	0.890656	61 	0.936239	0.472613	791   	0.0931123	26.9746	61 	41 	3  	791   	5.6296  
INFO:gp:62 	747   	0.897268	62 	0.936239	0.449078	747   	0.0812446	27.6393	62 	45 	3  	747   	4.57135 
INFO:gp:63 	759   	0.890147	63 	0.936239	0.422247	759   	0.0876159	28.2551	63 	42 	3  	759   	4.77862 
INFO:gp:64 	774   	0.89886 	64 	0.936254	0.456116	774   	0.0754962	27.827 	64 	44 	3  	774   	5.30906 
INFO:gp:65 	786   	0.894836	65 	0.936279	0.472887	786   	0.0806495	27.0674	65 	43 	3  	786   	5.33367 
INFO:gp:66 	759   	0.894374	66 	0.936279	0.459549	759   	0.0831062	25.5386	66 	40 	3  	759   	5.99464 
INFO:gp:67 	739   	0.888822	67 	0.936288	0.477732	739   	0.0897779	24.6647	67 	40 	3  	739   	6.13772 
INFO:gp:68 	770   	0.890821	68 	0.936288	0.490572	770   	0.0844872	24.7546	68 	44 	3  	770   	6.60085 
INFO:gp:69 	756   	0.891514	69 	0.936288	0.485795	756   	0.0869707	27.1075	69 	42 	3  	756   	7.0079  
INFO:gp:70 	798   	0.889519	70 	0.9363  	0.474046	798   	0.0891489	29.8162	70 	47 	3  	798   	6.19569 
INFO:gp:71 	759   	0.897725	71 	0.9363  	0.420901	759   	0.0835306	31.259 	71 	47 	3  	759   	5.1515  
INFO:gp:72 	756   	0.895006	72 	0.9363  	0.471564	756   	0.0803815	32.1017	72 	66 	3  	756   	5.12135 
INFO:gp:73 	791   	0.896348	73 	0.93632 	0.4793  	791   	0.0791815	32.9071	73 	47 	3  	791   	5.20529 
INFO:gp:74 	771   	0.895188	74 	0.936904	0.489404	771   	0.0807107	33.1124	74 	53 	3  	771   	4.92506 
INFO:gp:75 	763   	0.893927	75 	0.936904	0.413995	763   	0.0864121	32.5582	75 	43 	3  	763   	4.92726 
INFO:gp:76 	776   	0.892025	76 	0.936928	0.476592	776   	0.0848973	32.5191	76 	63 	3  	776   	4.89013 
INFO:gp:77 	785   	0.900386	77 	0.936928	0.487918	785   	0.0746437	33.1232	77 	48 	3  	785   	4.88364 
INFO:gp:78 	776   	0.889852	78 	0.936953	0.471153	776   	0.0844571	34.5709	78 	57 	3  	776   	6.33464 
INFO:gp:79 	761   	0.897682	79 	0.936957	0.468955	761   	0.080505 	36.5582	79 	52 	3  	761   	6.74477 
INFO:gp:80 	752   	0.896993	80 	0.93696 	0.4793  	752   	0.0824203	37.9707	80 	53 	3  	752   	6.45816 
INFO:gp:81 	772   	0.893106	81 	0.93696 	0.479425	772   	0.0861816	37.5865	81 	57 	3  	772   	6.9984  
INFO:gp:82 	767   	0.894137	82 	0.936997	0.471259	767   	0.0847762	37.5132	82 	52 	3  	767   	6.40683 
INFO:gp:83 	771   	0.893029	83 	0.936997	0.449851	771   	0.0847936	37.6764	83 	72 	3  	771   	7.18815 
INFO:gp:84 	765   	0.895494	84 	0.936997	0.479154	765   	0.0818124	38.2151	84 	81 	3  	765   	7.08437 
INFO:gp:85 	785   	0.895366	85 	0.936997	0.470677	785   	0.0823408	37.2434	85 	52 	3  	785   	6.91071 
INFO:gp:86 	807   	0.891656	86 	0.936997	0.474288	807   	0.0845376	35.2473	86 	70 	3  	807   	7.15342 
INFO:gp:87 	772   	0.896442	87 	0.936997	0.481757	772   	0.081599 	32.7165	87 	50 	3  	772   	6.80735 
INFO:gp:88 	748   	0.895408	88 	0.936997	0.456671	748   	0.0798627	30.4497	88 	57 	3  	748   	6.47132 
INFO:gp:89 	759   	0.892527	89 	0.936997	0.467127	759   	0.0889409	30.2727	89 	56 	3  	759   	5.95707 
INFO:gp:90 	761   	0.895605	90 	0.936997	0.302874	761   	0.087018 	30.089 	90 	50 	3  	761   	5.71213 
INFO:gp:91 	768   	0.888571	91 	0.936997	0.446872	768   	0.0902209	30.3187	91 	57 	3  	768   	5.94452 
INFO:gp:92 	790   	0.892364	92 	0.936997	0.496981	790   	0.0836223	30.1789	92 	50 	3  	790   	6.02749 
INFO:gp:93 	776   	0.890386	93 	0.936997	0.403507	776   	0.0916848	30.0782	93 	50 	3  	776   	6.14867 
INFO:gp:94 	753   	0.886551	94 	0.936997	0.437293	753   	0.0937136	30.2082	94 	57 	3  	753   	6.10455 
INFO:gp:95 	807   	0.891357	95 	0.936997	0.478847	807   	0.0846524	30.2659	95 	57 	3  	807   	6.04089 
INFO:gp:96 	742   	0.893328	96 	0.936997	0.474205	742   	0.0850954	30.1417	96 	50 	3  	742   	6.16477 
INFO:gp:97 	776   	0.894727	97 	0.936997	0.428151	776   	0.0821133	30.2981	97 	54 	3  	776   	5.83431 
INFO:gp:98 	763   	0.888805	98 	0.936997	0.455067	763   	0.0876531	30.3363	98 	50 	3  	763   	5.81217 
INFO:gp:99 	768   	0.889758	99 	0.936997	0.4793  	768   	0.0908505	30.3519	99 	50 	3  	768   	5.92007 
INFO:gp:100	739   	0.890475	100	0.936997	0.453383	739   	0.0925299	30.1779	100	57 	3  	739   	5.99801 
INFO:gp:101	776   	0.890757	101	0.936997	0.456638	776   	0.089089 	30.0762	101	50 	3  	776   	5.75587 
INFO:gp:102	763   	0.897392	102	0.936997	0.500643	763   	0.0791985	30.3803	102	52 	3  	763   	5.30968 
INFO:gp:103	767   	0.892348	103	0.936997	0.473412	767   	0.0866508	29.9814	103	50 	3  	767   	6.09109 
INFO:gp:104	778   	0.894373	104	0.936997	0.4793  	778   	0.085807 	30.2864	104	50 	3  	778   	5.60173 
INFO:gp:105	788   	0.889704	105	0.936997	0.48036 	788   	0.0911451	29.7977	105	50 	3  	788   	6.23435 
INFO:gp:106	762   	0.890385	106	0.936997	0.395461	762   	0.0871131	30.4115	106	50 	3  	762   	5.6449  
INFO:gp:107	756   	0.896212	107	0.936997	0.472447	756   	0.0821797	30.2874	107	57 	3  	756   	5.61954 
INFO:gp:108	768   	0.890853	108	0.936997	0.472041	768   	0.0901854	30.1789	108	57 	3  	768   	5.9739  
INFO:gp:109	794   	0.890379	109	0.936997	0.4793  	794   	0.0891412	30.3705	109	57 	3  	794   	5.81841 
INFO:gp:110	781   	0.891008	110	0.936997	0.455926	781   	0.0874522	29.9081	110	50 	3  	781   	6.29181 
INFO:gp:111	805   	0.889935	111	0.936997	0.472751	805   	0.0907907	30.0997	111	69 	3  	805   	6.04284 
INFO:gp:112	795   	0.889569	112	0.936997	0.470386	795   	0.0877027	30.0714	112	50 	3  	795   	5.92407 
INFO:gp:113	774   	0.896138	113	0.936997	0.465965	774   	0.082502 	30.3871	113	50 	3  	774   	5.65933 
INFO:gp:114	753   	0.892551	114	0.936997	0.462894	753   	0.0901024	30.1447	114	50 	3  	753   	5.6683  
INFO:gp:115	793   	0.88574 	115	0.936997	0.471399	793   	0.091037 	30.0802	115	50 	3  	793   	5.69778 
INFO:gp:116	764   	0.890727	116	0.936997	0.4793  	764   	0.0896486	30.218 	116	50 	3  	764   	6.08753 
INFO:gp:117	769   	0.893728	117	0.936997	0.474792	769   	0.0813111	30.3275	117	50 	3  	769   	6.02011 
INFO:gp:118	782   	0.890837	118	0.936997	0.4793  	782   	0.08864  	30.259 	118	50 	3  	782   	5.94273 
INFO:gp:119	788   	0.890522	119	0.936997	0.480333	788   	0.0904478	30.0264	119	50 	3  	788   	6.08769 
INFO:gp:120	784   	0.890304	120	0.936997	0.477025	784   	0.0895114	30.2708	120	57 	3  	784   	5.9112  
INFO:gp:121	770   	0.892772	121	0.936997	0.435403	770   	0.0884208	30.2092	121	50 	3  	770   	5.86999 
INFO:gp:122	773   	0.894888	122	0.936997	0.456803	773   	0.0813771	30.1505	122	50 	3  	773   	5.57862 
INFO:gp:123	791   	0.889336	123	0.936997	0.477176	791   	0.0862379	29.9814	123	50 	3  	791   	5.82665 
INFO:gp:124	781   	0.891927	124	0.936997	0.477265	781   	0.0880512	29.9384	124	57 	3  	781   	6.27546 
INFO:gp:125	778   	0.895416	125	0.936997	0.470805	778   	0.081927 	30.4106	125	52 	3  	778   	5.39011 
INFO:gp:126	759   	0.894095	126	0.936997	0.48815 	759   	0.0862977	30.1183	126	50 	3  	759   	5.90381 
INFO:gp:127	786   	0.889663	127	0.936997	0.451302	786   	0.0876482	29.9883	127	50 	3  	786   	5.91499 
INFO:gp:128	778   	0.890254	128	0.936997	0.4793  	778   	0.0890529	30.2053	128	54 	3  	778   	5.85061 
INFO:gp:129	761   	0.888412	129	0.936997	0.473399	761   	0.090908 	30.2952	129	57 	3  	761   	5.66591 
INFO:gp:130	774   	0.895755	130	0.936997	0.472964	774   	0.0840237	30.2268	130	50 	3  	774   	5.90387 
INFO:gp:131	749   	0.892857	131	0.936997	0.453337	749   	0.0852081	30.2717	131	50 	3  	749   	5.60534 
INFO:gp:132	777   	0.892708	132	0.936997	0.490501	777   	0.0862216	30.2004	132	57 	3  	777   	5.82625 
INFO:gp:133	760   	0.891263	133	0.936997	0.466655	760   	0.0903572	30.0332	133	54 	3  	760   	6.07873 
INFO:gp:134	771   	0.891988	134	0.936997	0.48824 	771   	0.0846232	30.305 	134	57 	3  	771   	5.65952 
INFO:gp:135	782   	0.89239 	135	0.937373	0.482149	782   	0.0838307	29.9472	135	50 	3  	782   	6.17354 
INFO:gp:136	788   	0.89358 	136	0.937373	0.496152	788   	0.0813445	30.1114	136	57 	3  	788   	5.93853 
INFO:gp:137	780   	0.88883 	137	0.937373	0.484178	780   	0.0878474	30.1916	137	50 	3  	780   	5.771   
INFO:gp:138	763   	0.88849 	138	0.937388	0.457095	763   	0.0908957	30.5543	138	50 	3  	763   	5.69429 
INFO:gp:139	804   	0.890007	139	0.937388	0.485372	804   	0.0896097	31.2229	139	50 	3  	804   	5.63896 
INFO:gp:140	769   	0.89231 	140	0.937467	0.473748	769   	0.0851012	31.9775	140	57 	3  	769   	6.13616 
INFO:gp:141	803   	0.895759	141	0.937469	0.43977 	803   	0.0794149	32.741 	141	52 	3  	803   	5.72456 
INFO:gp:142	782   	0.890498	142	0.937469	0.465923	782   	0.0906326	33.2317	142	68 	3  	782   	5.86739 
INFO:gp:143	749   	0.894104	143	0.937469	0.450768	749   	0.0854566	33.5249	143	64 	3  	749   	5.39913 
INFO:gp:144	777   	0.894683	144	0.937469	0.476693	777   	0.0799939	33.6667	144	46 	3  	777   	4.87571 
INFO:gp:145	749   	0.894004	145	0.937687	0.486498	749   	0.0810773	33.5337	145	50 	3  	749   	4.9611  
INFO:gp:146	788   	0.891045	146	0.937687	0.4793  	788   	0.0850802	33.2639	146	46 	3  	788   	4.94888 
INFO:gp:147	781   	0.887572	147	0.937687	0.474522	781   	0.08787  	33.4125	147	65 	3  	781   	4.76464 
INFO:gp:148	757   	0.89838 	148	0.937687	0.497503	757   	0.0782907	33.2102	148	46 	3  	757   	5.10743 
INFO:gp:149	772   	0.88983 	149	0.937687	0.457769	772   	0.0881499	33.1887	149	65 	3  	772   	5.42672 
INFO:gp:150	767   	0.894436	150	0.937687	0.47226 	767   	0.0847149	33.3509	150	46 	3  	767   	4.87508 
INFO:gp:151	774   	0.889632	151	0.937687	0.44288 	774   	0.0841951	33.0802	151	46 	3  	774   	5.09321 
INFO:gp:152	759   	0.896081	152	0.937687	0.465334	759   	0.0824946	32.9853	152	50 	3  	759   	5.26119 
INFO:gp:153	782   	0.891189	153	0.937687	0.463584	782   	0.0883656	32.955 	153	65 	3  	782   	4.92286 
INFO:gp:154	782   	0.891783	154	0.937687	0.491009	782   	0.0895404	32.8847	154	47 	3  	782   	4.95595 
INFO:gp:155	770   	0.900384	155	0.937687	0.502988	770   	0.0757237	33.0401	155	65 	3  	770   	4.76191 
INFO:gp:156	775   	0.89485 	156	0.937687	0.459881	775   	0.0852865	32.9902	156	44 	3  	775   	4.53895 
INFO:gp:157	795   	0.892208	157	0.937687	0.438006	795   	0.0893063	33.0811	157	50 	3  	795   	4.32392 
INFO:gp:158	795   	0.892444	158	0.937687	0.464242	795   	0.0870335	32.9472	158	50 	3  	795   	4.87108 
INFO:gp:159	793   	0.894002	159	0.937687	0.4793  	793   	0.0834476	33.043 	159	44 	3  	793   	4.65696 
INFO:gp:160	788   	0.893457	160	0.937687	0.490576	788   	0.0834064	33.1095	160	65 	3  	788   	4.37956 
INFO:gp:161	761   	0.888953	161	0.937687	0.496852	761   	0.0870919	33.2219	161	65 	3  	761   	4.71542 
INFO:gp:162	816   	0.892009	162	0.937687	0.488751	816   	0.0853722	33.174 	162	65 	3  	816   	4.50513 
INFO:gp:163	757   	0.894975	163	0.937774	0.47435 	757   	0.0817803	33.132 	163	44 	3  	757   	4.49907 
INFO:gp:164	765   	0.893871	164	0.937774	0.490832	765   	0.081841 	33.0059	164	44 	3  	765   	4.6977  
INFO:gp:165	769   	0.892266	165	0.937774	0.470883	769   	0.0860003	32.7586	165	43 	3  	769   	5.48002 
INFO:gp:166	796   	0.891555	166	0.937774	0.449882	796   	0.0868541	33.1339	166	44 	3  	796   	4.70131 
INFO:gp:167	790   	0.894767	167	0.937774	0.47816 	790   	0.0853553	32.9589	167	47 	3  	790   	4.77205 
INFO:gp:168	787   	0.894469	168	0.937774	0.4793  	787   	0.0832909	32.913 	168	50 	3  	787   	4.91186 
INFO:gp:169	751   	0.892159	169	0.937774	0.441914	751   	0.0879105	33.1769	169	47 	3  	751   	4.35059 
INFO:gp:170	769   	0.89791 	170	0.937774	0.465917	769   	0.0741864	33.1505	170	65 	3  	769   	4.62143 
INFO:gp:171	776   	0.892893	171	0.937774	0.481629	776   	0.0890211	32.9746	171	47 	3  	776   	5.04228 
INFO:gp:172	776   	0.89465 	172	0.937774	0.4793  	776   	0.0829037	33.1408	172	46 	3  	776   	4.54539 
INFO:gp:173	796   	0.893442	173	0.937774	0.456151	796   	0.0842682	33.2884	173	44 	3  	796   	4.04616 
INFO:gp:174	745   	0.900018	174	0.937774	0.4793  	745   	0.0811094	33.2082	174	65 	3  	745   	4.71916 
INFO:gp:175	778   	0.893272	175	0.937774	0.4524  	778   	0.0831178	33.1046	175	65 	3  	778   	5.02562 
INFO:gp:176	741   	0.893594	176	0.937774	0.466099	741   	0.0874079	33.1075	176	55 	3  	741   	4.86877 
INFO:gp:177	770   	0.896169	177	0.937774	0.461912	770   	0.0831583	32.9365	177	43 	3  	770   	4.90226 
INFO:gp:178	790   	0.891471	178	0.937774	0.457614	790   	0.0863114	33.0958	178	43 	3  	790   	4.57314 
INFO:gp:179	797   	0.8943  	179	0.937908	0.424082	797   	0.0865182	33.1329	179	50 	3  	797   	4.44956 
INFO:gp:180	777   	0.892692	180	0.937908	0.487837	777   	0.0863759	33.0616	180	65 	3  	777   	4.87749 
INFO:gp:181	776   	0.892169	181	0.937908	0.4793  	776   	0.0881544	33.0684	181	50 	3  	776   	4.80034 
INFO:gp:182	786   	0.89225 	182	0.937908	0.390867	786   	0.085855 	32.868 	182	50 	3  	786   	5.03081 
INFO:gp:183	778   	0.892976	183	0.937908	0.4793  	778   	0.0854785	33.1232	183	42 	3  	778   	4.61208 
INFO:gp:184	755   	0.899604	184	0.938007	0.479272	755   	0.0783944	33.1281	184	51 	3  	755   	4.85511 
INFO:gp:185	803   	0.889287	185	0.938711	0.473801	803   	0.090216 	33.0049	185	66 	3  	803   	5.40383 
INFO:gp:186	770   	0.894072	186	0.938711	0.464766	770   	0.084646 	33.1017	186	49 	3  	770   	5.18697 
INFO:gp:187	753   	0.893876	187	0.938711	0.479689	753   	0.0872772	33.2317	187	54 	3  	753   	5.28153 
INFO:gp:188	768   	0.893231	188	0.938711	0.479712	768   	0.0845623	33.6725	188	65 	3  	768   	4.88452 
INFO:gp:189	768   	0.900777	189	0.938711	0.485811	768   	0.0782367	34.3255	189	47 	3  	768   	4.79966 
INFO:gp:190	774   	0.897813	190	0.938711	0.43099 	774   	0.0799499	35.1887	190	73 	3  	774   	4.99879 
INFO:gp:191	786   	0.890372	191	0.938711	0.463342	786   	0.0897311	35.958 	191	48 	3  	786   	5.21626 
INFO:gp:192	776   	0.89153 	192	0.938711	0.465147	776   	0.0880694	36.1848	192	48 	3  	776   	5.87971 
INFO:gp:193	756   	0.895758	193	0.938711	0.474056	756   	0.0837529	36.653 	193	46 	3  	756   	4.94326 
INFO:gp:194	786   	0.89127 	194	0.938711	0.474593	786   	0.0886121	36.7361	194	73 	3  	786   	5.28714 
INFO:gp:195	786   	0.89492 	195	0.938711	0.489732	786   	0.0839365	36.7185	195	48 	3  	786   	5.26399 
INFO:gp:196	781   	0.892998	196	0.938711	0.458062	781   	0.0894124	37.0029	196	73 	3  	781   	4.85961 
INFO:gp:197	778   	0.898356	197	0.938711	0.478745	778   	0.0847105	36.9022	197	46 	3  	778   	4.68397 
INFO:gp:198	779   	0.894649	198	0.938711	0.462336	779   	0.0866022	36.8221	198	51 	3  	779   	5.06822 
INFO:gp:199	773   	0.894333	199	0.938956	0.492141	773   	0.0882862	37.0528	199	47 	3  	773   	4.90189 
INFO:gp:200	745   	0.895554	200	0.938956	0.484795	745   	0.0855657	37.0205	200	47 	3  	745   	4.68171 
INFO:gp:201	778   	0.894888	201	0.938956	0.389809	778   	0.0820385	36.7654	201	46 	3  	778   	5.29517 
INFO:gp:202	772   	0.895034	202	0.938956	0.471957	772   	0.0865077	37.1593	202	48 	3  	772   	4.56698 
INFO:gp:203	740   	0.894094	203	0.938956	0.47178 	740   	0.0870534	37.1017	203	61 	3  	740   	5.057   
INFO:gp:204	794   	0.895058	204	0.939254	0.443231	794   	0.0838209	37.3803	204	61 	3  	794   	5.12932 
INFO:gp:205	760   	0.892606	205	0.939254	0.490724	760   	0.0860112	38.3167	205	48 	3  	760   	4.23311 
INFO:gp:206	758   	0.897003	206	0.939254	0.464725	758   	0.0819573	39.0293	206	64 	3  	758   	4.69157 
INFO:gp:207	775   	0.895255	207	0.939254	0.478295	775   	0.083562 	39.2522	207	54 	3  	775   	5.80398 
INFO:gp:208	794   	0.89532 	208	0.939254	0.474059	794   	0.0876957	39.3939	208	51 	3  	794   	5.42921 
INFO:gp:209	793   	0.893224	209	0.939254	0.439547	793   	0.0856974	39.5806	209	79 	3  	793   	5.42154 
INFO:gp:210	786   	0.891623	210	0.939254	0.408822	786   	0.0899113	39.6657	210	78 	3  	786   	5.4975  
INFO:gp:211	795   	0.893838	211	0.939254	0.479045	795   	0.0845634	39.6813	211	51 	3  	795   	5.23655 
INFO:gp:212	779   	0.891654	212	0.939254	0.4793  	779   	0.0885834	39.6569	212	51 	3  	779   	5.15873 
INFO:gp:213	788   	0.893843	213	0.939254	0.496025	788   	0.0876675	39.7224	213	51 	3  	788   	5.21063 
INFO:gp:214	771   	0.894319	214	0.939254	0.473612	771   	0.0855241	39.7674	214	49 	3  	771   	5.01675 
INFO:gp:215	767   	0.897408	215	0.939254	0.473875	767   	0.0818475	39.8143	215	50 	3  	767   	4.88326 
INFO:gp:216	775   	0.897395	216	0.939254	0.441309	775   	0.0797051	39.697 	216	51 	3  	775   	5.0559  
INFO:gp:217	760   	0.897985	217	0.939254	0.472182	760   	0.0798339	39.8358	217	64 	3  	760   	5.06366 
INFO:gp:218	770   	0.894283	218	0.939254	0.479809	770   	0.0826939	39.7889	218	51 	3  	770   	4.71312 
INFO:gp:219	770   	0.896526	219	0.939254	0.470773	770   	0.0851326	39.7302	219	79 	3  	770   	5.37377 
INFO:gp:220	748   	0.89876 	220	0.939254	0.464145	748   	0.083705 	39.9609	220	79 	3  	748   	5.076   
INFO:gp:221	783   	0.892678	221	0.939254	0.471315	783   	0.0859968	39.7957	221	78 	3  	783   	5.36036 
INFO:gp:222	775   	0.894959	222	0.939254	0.488533	775   	0.0810318	39.7996	222	54 	3  	775   	4.95492 
INFO:gp:223	799   	0.895833	223	0.939254	0.457474	799   	0.0804951	40.0596	223	52 	3  	799   	4.23703 
INFO:gp:224	797   	0.895632	224	0.939254	0.417768	797   	0.0804482	39.7644	224	64 	3  	797   	5.5277  
INFO:gp:225	778   	0.892423	225	0.939254	0.411443	778   	0.0874255	39.7155	225	51 	3  	778   	5.53159 
INFO:gp:226	773   	0.896807	226	0.939254	0.47023 	773   	0.079696 	39.695 	226	64 	3  	773   	5.463   
INFO:gp:227	759   	0.892668	227	0.939254	0.438529	759   	0.0880101	39.6471	227	64 	3  	759   	5.62163 
INFO:gp:228	779   	0.894969	228	0.939254	0.392217	779   	0.079355 	40.0587	228	49 	3  	779   	4.57975 
INFO:gp:229	776   	0.897608	229	0.939254	0.466267	776   	0.079856 	40.0283	229	53 	3  	776   	5.01904 
INFO:gp:230	771   	0.896609	230	0.939254	0.499085	771   	0.0804385	39.8504	230	54 	3  	771   	4.99913 
INFO:gp:231	763   	0.893532	231	0.939254	0.442538	763   	0.0851957	39.9492	231	79 	3  	763   	5.03957 
INFO:gp:232	769   	0.900231	232	0.939254	0.4793  	769   	0.0735453	39.87  	232	50 	3  	769   	4.81503 
INFO:gp:233	774   	0.89564 	233	0.939254	0.514107	774   	0.0790428	39.6237	233	52 	3  	774   	5.74704 
INFO:gp:234	750   	0.897903	234	0.939254	0.472603	750   	0.0819468	39.9892	234	51 	3  	750   	4.43095 
INFO:gp:235	784   	0.895386	235	0.939254	0.477445	784   	0.0841745	39.7634	235	64 	3  	784   	5.50169 
INFO:gp:236	785   	0.894733	236	0.939254	0.495525	785   	0.0818493	39.8631	236	54 	3  	785   	5.26788 
INFO:gp:237	786   	0.893967	237	0.939254	0.475346	786   	0.0858889	39.6579	237	49 	3  	786   	5.45005 
INFO:gp:238	753   	0.894373	238	0.939254	0.47733 	753   	0.0873838	39.9335	238	64 	3  	753   	5.23257 
INFO:gp:239	761   	0.89648 	239	0.939254	0.4793  	761   	0.0806403	39.7996	239	49 	3  	761   	5.45128 
INFO:gp:240	765   	0.89546 	240	0.939254	0.4793  	765   	0.0852632	39.8573	240	79 	3  	765   	4.98298 
INFO:gp:241	764   	0.892131	241	0.939254	0.477255	764   	0.0874888	39.8983	241	53 	3  	764   	5.06666 
INFO:gp:242	772   	0.898807	242	0.939254	0.47196 	772   	0.0834937	39.912 	242	52 	3  	772   	4.86012 
INFO:gp:243	773   	0.896496	243	0.939254	0.492172	773   	0.0822993	39.9492	243	51 	3  	773   	4.91585 
INFO:gp:244	747   	0.899352	244	0.939254	0.476112	747   	0.080013 	39.9101	244	54 	3  	747   	4.99968 
INFO:gp:245	750   	0.898851	245	0.939254	0.496922	750   	0.0763149	40.0596	245	51 	3  	750   	4.73722 
INFO:gp:246	780   	0.898761	246	0.939254	0.470863	780   	0.0803031	39.7556	246	50 	3  	780   	5.27327 
INFO:gp:247	784   	0.894867	247	0.939254	0.44219 	784   	0.0848214	39.7449	247	52 	3  	784   	5.14866 
INFO:gp:248	771   	0.894466	248	0.939254	0.483223	771   	0.0861039	39.6393	248	79 	3  	771   	6.04431 
INFO:gp:249	771   	0.899434	249	0.939254	0.479494	771   	0.0756075	40.0352	249	51 	3  	771   	4.48313 
INFO:gp:250	781   	0.897729	250	0.939254	0.463894	781   	0.0806652	39.8123	250	52 	3  	781   	5.17286 
INFO:gp:251	772   	0.89582 	251	0.939254	0.449179	772   	0.0838791	40.2092	251	51 	3  	772   	4.26461 
INFO:gp:252	784   	0.898712	252	0.939254	0.481236	784   	0.0766905	39.9971	252	79 	3  	784   	5.41954 
INFO:gp:253	760   	0.896302	253	0.939254	0.247631	760   	0.0875531	39.9218	253	49 	3  	760   	5.05529 
INFO:gp:254	768   	0.898637	254	0.939254	0.419179	768   	0.0817015	39.9501	254	51 	3  	768   	5.03016 
INFO:gp:255	770   	0.894015	255	0.939254	0.4793  	770   	0.0863998	39.8817	255	51 	3  	770   	5.29544 
INFO:gp:256	759   	0.898395	256	0.939254	0.495217	759   	0.0781373	39.8944	256	51 	3  	759   	5.40795 
INFO:gp:257	768   	0.90083 	257	0.939254	0.514107	768   	0.0743611	39.911 	257	79 	3  	768   	4.85598 
INFO:gp:258	760   	0.89676 	258	0.939254	0.485391	760   	0.08248  	40     	258	79 	3  	760   	5.02039 
INFO:gp:259	776   	0.896673	259	0.939254	0.473164	776   	0.0828535	40.1466	259	52 	3  	776   	4.35767 
INFO:gp:260	801   	0.895417	260	0.939254	0.496127	801   	0.0802433	39.7302	260	79 	3  	801   	5.83494 
INFO:gp:261	766   	0.894501	261	0.939254	0.4793  	766   	0.081662 	39.6559	261	64 	3  	766   	5.77324 
INFO:gp:262	769   	0.895884	262	0.939254	0.474343	769   	0.0811559	39.7067	262	64 	3  	769   	5.647   
INFO:gp:263	771   	0.898671	263	0.939254	0.380467	771   	0.079907 	40.0684	263	79 	3  	771   	4.68658 
INFO:gp:264	793   	0.890159	264	0.939254	0.45599 	793   	0.0884806	39.7556	264	53 	3  	793   	5.46838 
INFO:gp:265	771   	0.89557 	265	0.939254	0.471778	771   	0.0844994	39.9472	265	54 	3  	771   	4.90448 
INFO:gp:266	764   	0.890184	266	0.939254	0.46891 	764   	0.0883846	39.9834	266	54 	3  	764   	4.98705 
INFO:gp:267	793   	0.894713	267	0.939254	0.4793  	793   	0.0829266	39.5308	267	51 	3  	793   	6.00381 
INFO:gp:268	763   	0.898634	268	0.939254	0.489701	763   	0.0801886	39.9863	268	49 	3  	763   	4.85869 
INFO:gp:269	794   	0.893772	269	0.939254	0.453271	794   	0.0845474	39.7429	269	54 	3  	794   	5.24133 
INFO:gp:270	776   	0.897907	270	0.939254	0.470126	776   	0.0807009	40.0606	270	54 	3  	776   	4.65215 
INFO:gp:271	799   	0.891938	271	0.939254	0.439159	799   	0.0883478	39.7869	271	64 	3  	799   	5.63396 
INFO:gp:272	795   	0.895794	272	0.939635	0.462137	795   	0.0818847	39.6207	272	79 	3  	795   	6.02478 
INFO:gp:273	768   	0.896556	273	0.939635	0.4793  	768   	0.0849826	39.6413	273	49 	3  	768   	5.73795 
INFO:gp:274	799   	0.896481	274	0.939635	0.4793  	799   	0.0813738	39.739 	274	50 	3  	799   	5.38628 
INFO:gp:275	762   	0.898076	275	0.939635	0.488305	762   	0.0775336	39.9589	275	79 	3  	762   	5.14694 
INFO:gp:276	777   	0.897623	276	0.939635	0.462143	777   	0.0819855	39.8798	276	53 	3  	777   	5.00149 
INFO:gp:277	782   	0.894759	277	0.939635	0.430847	782   	0.0864497	39.4526	277	78 	3  	782   	5.64435 
INFO:gp:278	761   	0.900158	278	0.939635	0.47417 	761   	0.0789136	39.3138	278	51 	3  	761   	5.06307 
INFO:gp:279	773   	0.895522	279	0.939635	0.4793  	773   	0.0838799	39.0293	279	63 	3  	773   	5.35295 
INFO:gp:280	760   	0.8985  	280	0.939635	0.487097	760   	0.080696 	38.9638	280	53 	3  	760   	5.22828 
INFO:gp:281	786   	0.900275	281	0.939635	0.4793  	786   	0.0784844	38.6344	281	48 	3  	786   	5.74305 
INFO:gp:282	783   	0.895392	282	0.939635	0.497458	783   	0.0832671	38.8935	282	49 	3  	783   	5.15577 
INFO:gp:283	783   	0.895022	283	0.939635	0.480842	783   	0.0843181	38.9511	283	77 	3  	783   	5.46361 
INFO:gp:284	745   	0.898883	284	0.939635	0.492172	745   	0.0773528	39.131 	284	77 	3  	745   	5.2085  
INFO:gp:285	754   	0.902233	285	0.939635	0.465216	754   	0.0785243	39.1681	285	50 	3  	754   	4.67153 
INFO:gp:286	774   	0.898051	286	0.939635	0.471242	774   	0.0796397	38.9482	286	62 	3  	774   	5.45346 
INFO:gp:287	800   	0.893926	287	0.939635	0.463302	800   	0.0843992	38.7732	287	49 	3  	800   	5.27294 
INFO:gp:288	760   	0.899273	288	0.939635	0.492172	760   	0.0776404	38.9804	288	49 	3  	760   	5.12937 
INFO:gp:289	746   	0.901693	289	0.939635	0.469804	746   	0.0787071	39.0743	289	77 	3  	746   	5.13896 
INFO:gp:290	786   	0.897256	290	0.939635	0.491526	786   	0.078814 	38.957 	290	51 	3  	786   	5.03226 
INFO:gp:291	775   	0.897035	291	0.939635	0.467999	775   	0.0834978	38.7527	291	62 	3  	775   	5.7126  
INFO:gp:292	790   	0.893504	292	0.939635	0.480667	790   	0.0834934	38.9052	292	79 	3  	790   	5.224   
INFO:gp:293	784   	0.896055	293	0.939635	0.45541 	784   	0.0834397	39.0127	293	77 	3  	784   	5.27604 
INFO:gp:294	779   	0.897496	294	0.939635	0.479762	779   	0.0807977	38.8651	294	49 	3  	779   	5.29828 
INFO:gp:295	767   	0.898149	295	0.939635	0.4793  	767   	0.0815061	39.1398	295	50 	3  	767   	4.59876 
INFO:gp:296	776   	0.896394	296	0.939635	0.462279	776   	0.0865502	38.5973	296	77 	3  	776   	6.16918 
INFO:gp:297	771   	0.901129	297	0.939635	0.479607	771   	0.076311 	38.6794	297	76 	3  	771   	6.27419 
INFO:gp:298	737   	0.898822	298	0.939635	0.4793  	737   	0.083135 	38.8895	298	48 	3  	737   	5.34815 
INFO:gp:299	792   	0.8928  	299	0.939635	0.473527	792   	0.0887857	38.8416	299	48 	3  	792   	5.46958 
INFO:gp:300	755   	0.900134	300	0.939635	0.483484	755   	0.0788121	38.8974	300	62 	3  	755   	5.27839 
INFO:gp:301	770   	0.90084 	301	0.939635	0.476429	770   	0.0751247	38.9238	301	49 	3  	770   	4.976   
INFO:gp:302	817   	0.89641 	302	0.939635	0.478782	817   	0.0822507	38.8221	302	77 	3  	817   	5.27129 
INFO:gp:303	803   	0.895039	303	0.939635	0.497458	803   	0.0793121	38.8895	303	50 	3  	803   	5.13784 
INFO:gp:304	781   	0.898236	304	0.939635	0.507728	781   	0.0755572	39.0274	304	50 	3  	781   	4.60855 
INFO:gp:305	759   	0.897956	305	0.939635	0.463779	759   	0.0852214	38.8485	305	51 	3  	759   	5.28351 
INFO:gp:306	782   	0.895656	306	0.939635	0.4793  	782   	0.0851499	38.6862	306	77 	3  	782   	5.90047 
INFO:gp:307	770   	0.89679 	307	0.939635	0.481718	770   	0.0804131	38.7009	307	50 	3  	770   	5.51409 
INFO:gp:308	768   	0.898381	308	0.939635	0.493339	768   	0.0844057	38.8387	308	77 	3  	768   	5.4454  
INFO:gp:309	762   	0.895324	309	0.939635	0.440085	762   	0.0862829	38.7331	309	53 	3  	762   	5.66188 
INFO:gp:310	782   	0.897612	310	0.939635	0.494424	782   	0.0794079	38.8201	310	77 	3  	782   	5.3251  
INFO:gp:311	781   	0.896926	311	0.939635	0.484187	781   	0.0792989	38.737 	311	50 	3  	781   	5.28099 
INFO:gp:312	773   	0.892451	312	0.939635	0.490074	773   	0.0900531	38.783 	312	62 	3  	773   	5.68132 
INFO:gp:313	765   	0.89461 	313	0.939635	0.492197	765   	0.0862959	38.8935	313	49 	3  	765   	5.22583 
INFO:gp:314	759   	0.898117	314	0.939635	0.478611	759   	0.0830736	38.7986	314	50 	3  	759   	5.08313 
INFO:gp:315	784   	0.896163	315	0.939635	0.476963	784   	0.0855655	38.8602	315	48 	3  	784   	5.11959 
INFO:gp:316	779   	0.894579	316	0.939635	0.488133	779   	0.0826647	38.7253	316	77 	3  	779   	5.76857 
INFO:gp:317	774   	0.896334	317	0.939635	0.465978	774   	0.0851282	38.6197	317	77 	3  	774   	6.15895 
INFO:gp:318	770   	0.901212	318	0.939635	0.508417	770   	0.0768993	38.8319	318	77 	3  	770   	5.49834 
INFO:gp:319	764   	0.897823	319	0.939635	0.478198	764   	0.0852779	38.8123	319	50 	3  	764   	5.27781 
INFO:gp:320	777   	0.900254	320	0.939635	0.471362	777   	0.0807778	38.9814	320	53 	3  	777   	4.95341 
INFO:gp:321	788   	0.899697	321	0.939635	0.46366 	788   	0.0787683	38.9844	321	77 	3  	788   	4.83246 
INFO:gp:322	785   	0.901444	322	0.939635	0.465947	785   	0.0777695	38.9003	322	49 	3  	785   	5.03476 
INFO:gp:323	774   	0.896201	323	0.939635	0.480332	774   	0.0845465	39.0332	323	53 	3  	774   	4.7287  
INFO:gp:324	756   	0.897279	324	0.939635	0.472229	756   	0.0828812	38.8319	324	62 	3  	756   	4.92416 
INFO:gp:325	774   	0.893467	325	0.939635	0.435952	774   	0.0874397	39.0137	325	62 	3  	774   	4.74365 
INFO:gp:326	766   	0.900204	326	0.939635	0.521266	766   	0.0739858	39.0684	326	49 	3  	766   	4.08741 
INFO:gp:327	771   	0.889773	327	0.939635	0.497458	771   	0.0844284	39.1554	327	53 	3  	771   	4.355   
INFO:gp:328	780   	0.896896	328	0.939635	0.486845	780   	0.0826627	38.8348	328	50 	3  	780   	5.09107 
INFO:gp:329	773   	0.8975  	329	0.939635	0.388173	773   	0.0864711	38.3607	329	50 	3  	773   	6.38378 
INFO:gp:330	789   	0.898809	330	0.939635	0.487188	789   	0.0811115	38.7429	330	53 	3  	789   	5.12783 
INFO:gp:331	798   	0.893304	331	0.939635	0.477404	798   	0.0872067	38.8553	331	62 	3  	798   	5.15892 
INFO:gp:332	791   	0.900051	332	0.939635	0.480846	791   	0.0809846	38.7302	332	53 	3  	791   	5.50442 
INFO:gp:333	778   	0.895558	333	0.939635	0.489011	778   	0.0856205	38.87  	333	53 	3  	778   	5.0605  
INFO:gp:334	794   	0.896689	334	0.939635	0.490393	794   	0.0824432	38.695 	334	77 	3  	794   	6.15099 
INFO:gp:335	772   	0.894485	335	0.939635	0.472187	772   	0.0873326	38.8925	335	78 	3  	772   	5.10249 
INFO:gp:336	761   	0.901976	336	0.939635	0.491206	761   	0.0777982	39.1359	336	62 	3  	761   	4.13602 
INFO:gp:337	806   	0.892645	337	0.939635	0.4793  	806   	0.0901395	38.7849	337	62 	3  	806   	5.16896 
INFO:gp:338	781   	0.897893	338	0.939635	0.495166	781   	0.0818912	39.0743	338	53 	3  	781   	4.79638 
INFO:gp:339	784   	0.899827	339	0.939635	0.495471	784   	0.0775372	38.7908	339	48 	3  	784   	4.88952 
INFO:gp:340	768   	0.895203	340	0.939635	0.471217	768   	0.0831227	38.7146	340	77 	3  	768   	5.63596 
INFO:gp:341	764   	0.89986 	341	0.939635	0.454538	764   	0.0828385	38.9316	341	48 	3  	764   	4.83119 
INFO:gp:342	780   	0.898888	342	0.939635	0.452223	780   	0.0817857	39.0127	342	77 	3  	780   	4.68821 
INFO:gp:343	772   	0.893419	343	0.939635	0.423557	772   	0.089693 	38.5503	343	50 	3  	772   	5.87497 
INFO:gp:344	779   	0.89578 	344	0.939635	0.416584	779   	0.086701 	38.5445	344	53 	3  	779   	5.63467 
INFO:gp:345	747   	0.897897	345	0.939635	0.490347	747   	0.0832469	38.8827	345	78 	3  	747   	5.44284 
INFO:gp:346	779   	0.896495	346	0.939635	0.483428	779   	0.0830689	38.7507	346	50 	3  	779   	5.21497 
INFO:gp:347	795   	0.898823	347	0.939635	0.475731	795   	0.0805897	38.8162	347	51 	3  	795   	4.92102 
INFO:gp:348	769   	0.902093	348	0.939635	0.495166	769   	0.0784218	38.8553	348	50 	3  	769   	4.72163 
INFO:gp:349	761   	0.900797	349	0.939635	0.41257 	761   	0.0826135	38.9355	349	62 	3  	761   	5.2863  
INFO:gp:350	753   	0.898546	350	0.939635	0.477463	753   	0.0803133	38.9433	350	50 	3  	753   	4.68778 
INFO:gp:351	744   	0.896363	351	0.939635	0.490256	744   	0.0856515	38.8592	351	50 	3  	744   	4.84094 
INFO:gp:352	781   	0.894688	352	0.939635	0.474567	781   	0.0855818	38.739 	352	77 	3  	781   	5.64486 
INFO:gp:353	791   	0.893652	353	0.939635	0.478071	791   	0.0874396	38.5132	353	62 	3  	791   	6.01607 
INFO:gp:354	790   	0.900226	354	0.939635	0.489684	790   	0.0769054	38.7898	354	77 	3  	790   	5.31085 
INFO:gp:355	790   	0.898956	355	0.939635	0.457701	790   	0.0824252	38.7713	355	53 	3  	790   	5.21975 
INFO:gp:356	763   	0.902225	356	0.939635	0.404677	763   	0.0758836	39.2757	356	77 	3  	763   	4.01394 
INFO:gp:357	785   	0.897262	357	0.939635	0.475254	785   	0.0840153	38.9531	357	50 	3  	785   	4.78775 
INFO:gp:358	796   	0.89488 	358	0.939635	0.480555	796   	0.0835079	39.0733	358	62 	3  	796   	4.58135 
INFO:gp:359	773   	0.896087	359	0.939635	0.48759 	773   	0.0822516	39.0166	359	50 	3  	773   	4.3906  
INFO:gp:360	750   	0.900274	360	0.939635	0.473656	750   	0.0781352	39.1046	360	53 	3  	750   	4.16871 
INFO:gp:361	773   	0.895831	361	0.939635	0.353964	773   	0.0847544	39.0244	361	62 	3  	773   	4.59167 
INFO:gp:362	788   	0.897037	362	0.939635	0.469493	788   	0.081073 	38.9355	362	50 	3  	788   	4.70433 
INFO:gp:363	773   	0.896689	363	0.939635	0.489083	773   	0.0822667	38.8035	363	53 	3  	773   	5.25345 
INFO:gp:364	767   	0.891994	364	0.939635	0.478282	767   	0.08868  	38.9423	364	77 	3  	767   	4.92342 
INFO:gp:365	768   	0.895816	365	0.939635	0.435422	768   	0.0874479	38.8446	365	62 	3  	768   	4.85833 
INFO:gp:366	771   	0.896636	366	0.939635	0.48866 	771   	0.0829457	38.9316	366	77 	3  	771   	5.15576 
INFO:gp:367	769   	0.894922	367	0.939635	0.47596 	769   	0.0870721	38.5073	367	77 	3  	769   	6.05624 
INFO:gp:368	773   	0.894556	368	0.939635	0.49608 	773   	0.0884523	38.7869	368	50 	3  	773   	5.40135 
INFO:gp:369	749   	0.897128	369	0.939635	0.499252	749   	0.0837337	38.9345	369	62 	3  	749   	4.9114  
INFO:gp:370	766   	0.897925	370	0.939635	0.466804	766   	0.0822864	38.8827	370	49 	3  	766   	4.95413 
INFO:gp:371	790   	0.893569	371	0.940218	0.439317	790   	0.0870199	38.8553	371	77 	3  	790   	5.20457 
INFO:gp:372	780   	0.891135	372	0.940218	0.467438	780   	0.0894611	39.001 	372	50 	3  	780   	4.51402 
INFO:gp:373	781   	0.896409	373	0.940218	0.431609	781   	0.0879805	38.5015	373	62 	3  	781   	5.61381 
INFO:gp:374	775   	0.897406	374	0.941356	0.472228	775   	0.0855654	38.6442	374	53 	3  	775   	5.21507 
INFO:gp:375	783   	0.89848 	375	0.941356	0.490382	783   	0.0805479	38.7693	375	53 	3  	783   	4.65186 
INFO:gp:376	764   	0.895497	376	0.941356	0.4793  	764   	0.0881839	38.5826	376	50 	3  	764   	4.91221 
INFO:gp:377	793   	0.894738	377	0.941356	0.470365	793   	0.0854903	38.3636	377	48 	3  	793   	5.04106 
INFO:gp:378	788   	0.88622 	378	0.941356	0.488223	788   	0.0961535	38.4966	378	53 	3  	788   	4.87315 
INFO:gp:379	782   	0.870199	379	0.941412	0.353211	782   	0.11301  	38.6628	379	50 	3  	782   	5.02434 
INFO:gp:380	792   	0.876168	380	0.941887	0.423413	792   	0.10522  	38.4154	380	50 	3  	792   	5.63629 
INFO:gp:381	791   	0.874522	381	0.941887	0.45537 	791   	0.110147 	38.6628	381	52 	4  	791   	5.41211 
INFO:gp:382	784   	0.877421	382	0.941887	0.465184	784   	0.10587  	38.7478	382	50 	4  	784   	5.13064 
INFO:gp:383	790   	0.88017 	383	0.941887	0.43236 	790   	0.10149  	38.7654	383	48 	4  	790   	5.09688 
INFO:gp:384	782   	0.881211	384	0.942015	0.458854	782   	0.101603 	38.9922	384	49 	3  	782   	4.64391 
INFO:gp:385	755   	0.883076	385	0.942015	0.41959 	755   	0.100314 	38.9042	385	53 	3  	755   	5.09659 
INFO:gp:386	786   	0.887289	386	0.942015	0.481418	786   	0.0893832	39.0381	386	49 	5  	786   	4.3466  
INFO:gp:387	791   	0.884282	387	0.942131	0.33907 	791   	0.0906951	38.6852	387	50 	4  	791   	4.94116 
INFO:gp:388	777   	0.882827	388	0.942177	0.436788	777   	0.0963158	38.7429	388	50 	6  	777   	4.89533 
INFO:gp:389	805   	0.875839	389	0.942198	0.366207	805   	0.103289 	38.7468	389	49 	6  	805   	5.02423 
INFO:gp:390	786   	0.879316	390	0.942198	0.43002 	786   	0.0952563	38.8514	390	49 	5  	786   	4.24165 
INFO:gp:391	798   	0.878397	391	0.942198	0.435449	798   	0.0979562	38.8113	391	50 	4  	798   	4.73755 
INFO:gp:392	776   	0.874918	392	0.942285	0.385824	776   	0.101203 	38.6325	392	77 	5  	776   	5.69816 
INFO:gp:393	739   	0.873685	393	0.942305	0.366294	739   	0.101522 	38.9277	393	55 	6  	739   	4.72102 
INFO:gp:394	780   	0.876631	394	0.942361	0.373556	780   	0.0965168	38.7361	394	50 	6  	780   	4.92671 
INFO:gp:395	789   	0.877231	395	0.942361	0.448044	789   	0.0957318	38.5894	395	53 	6  	789   	5.29423 
INFO:gp:396	775   	0.878874	396	0.942376	0.371185	775   	0.0957487	38.7634	396	77 	4  	775   	5.07199 
INFO:gp:397	755   	0.881288	397	0.942376	0.481863	755   	0.0914209	38.8016	397	53 	4  	755   	4.80354 
INFO:gp:398	751   	0.879934	398	0.94243 	0.363898	751   	0.0956441	38.7546	398	49 	4  	751   	4.9234  
INFO:gp:399	779   	0.874966	399	0.942435	0.349697	779   	0.0970186	38.9687	399	51 	7  	779   	4.36024 
INFO:gp:400	751   	0.882018	400	0.942536	0.314994	751   	0.093021 	38.8886	400	77 	8  	751   	4.56958 
INFO:__main__:Saving model to file: checkpoints/run_19.pth
INFO:util:Train accuracy: 1.0 +- 0.0
INFO:util:Val accuracy: 1.0 +- 0.0
INFO:util:Test accuracy: 0.65 +- 0.0
INFO:util:Train intra-class: 0.03915732879508024, Train Inter-class: 0.4645152539194527
INFO:util:Val intra-class: 0.06831723287111363, Val Inter-class: 0.27444473912253825
INFO:util:Test intra-class: 0.08500366224871878, Test inter-class: 0.34282555635850076
INFO:plot:Saving t-SNE to file: figures/tsne.png
INFO:plot:Saving t-SNE to file: figures/tsne.png
INFO:plot:Saving tree to file: figures/tree-0.pdf
INFO:plot:Saving tree to file: figures/tree-1.pdf
