INFO:data:Reading dataset fish: species
INFO:data:Class Counts: [48 60], Class Ratios: [0.44444444 0.55555556]
INFO:data:Number of features: 1023
INFO:data:Number of instances: 108
INFO:data:Number of classes 2.
INFO:__main__:No model found. Train from scratch.
INFO:gp:   	      	                             fitness                             	                      size                     
   	      	-----------------------------------------------------------------	-----------------------------------------------
gen	nevals	avg     	gen	max     	min    	nevals	std      	avg    	gen	max	min	nevals	std    
0  	1023  	0.500463	0  	0.709693	0.25175	1023  	0.0568816	3.54545	0  	7  	2  	1023  	1.36699
INFO:gp:1  	770   	0.551459	1  	0.761376	0.367697	770   	0.0579842	3.78592	1  	11 	2  	770   	1.45916
INFO:gp:2  	786   	0.587088	2  	0.839085	0.326913	786   	0.0797201	4.03812	2  	13 	2  	786   	1.53407
INFO:gp:3  	778   	0.643701	3  	0.887164	0.29931 	778   	0.0955862	4.4741 	3  	12 	2  	778   	1.71106
INFO:gp:4  	770   	0.702193	4  	0.887164	0.374041	770   	0.0960581	4.69208	4  	12 	1  	770   	1.75365
INFO:gp:5  	776   	0.724852	5  	0.887164	0.298762	776   	0.110162 	4.59335	5  	13 	2  	776   	1.81037
INFO:gp:6  	778   	0.759521	6  	0.887164	0.399435	778   	0.107397 	4.17595	6  	12 	1  	778   	1.49888
INFO:gp:7  	760   	0.787572	7  	0.894835	0.382104	760   	0.105665 	3.99804	7  	12 	1  	760   	1.41628
INFO:gp:8  	766   	0.798343	8  	0.894835	0.395316	766   	0.105246 	3.86413	8  	11 	2  	766   	1.31169
INFO:gp:9  	760   	0.796734	9  	0.894835	0.452558	760   	0.111013 	3.91691	9  	11 	1  	760   	1.28071
INFO:gp:10 	768   	0.805408	10 	0.900977	0.363392	768   	0.108343 	3.95797	10 	11 	3  	768   	1.30237
INFO:gp:11 	801   	0.807247	11 	0.900981	0.453354	801   	0.105819 	4.30792	11 	11 	3  	801   	1.47047
INFO:gp:12 	777   	0.819084	12 	0.900981	0.474401	777   	0.102897 	4.66862	12 	11 	3  	777   	1.45532
INFO:gp:13 	769   	0.833726	13 	0.900981	0.424753	769   	0.0978552	4.97947	13 	11 	3  	769   	1.42611
INFO:gp:14 	750   	0.843143	14 	0.900993	0.484315	750   	0.0887664	5.02835	14 	12 	3  	750   	1.39759
INFO:gp:15 	752   	0.849483	15 	0.900993	0.455655	752   	0.0828057	5.1652 	15 	11 	3  	752   	1.37677
INFO:gp:16 	755   	0.861408	16 	0.901042	0.502742	755   	0.0742414	5.37732	16 	13 	3  	755   	1.4356 
INFO:gp:17 	795   	0.856834	17 	0.9133  	0.493056	795   	0.0787571	5.73803	17 	13 	3  	795   	2.04155
INFO:gp:18 	790   	0.857671	18 	0.918045	0.484879	790   	0.0777778	6.78983	18 	15 	3  	790   	2.73313
INFO:gp:19 	748   	0.858763	19 	0.918045	0.308773	748   	0.0833274	8.50538	19 	19 	3  	748   	2.97525
INFO:gp:20 	798   	0.850212	20 	0.918045	0.447797	798   	0.0884702	9.04985	20 	19 	3  	798   	2.79898
INFO:gp:21 	772   	0.858692	21 	0.918067	0.473168	772   	0.0844384	8.66764	21 	19 	3  	772   	2.68463
INFO:gp:22 	782   	0.853973	22 	0.918376	0.348814	782   	0.0925816	8.66667	22 	18 	3  	782   	2.71582
INFO:gp:23 	786   	0.862364	23 	0.918721	0.434558	786   	0.0874135	9.58944	23 	20 	3  	786   	2.9185 
INFO:gp:24 	778   	0.8723  	24 	0.918726	0.527949	778   	0.0742708	10.8651	24 	23 	3  	778   	3.08583
INFO:gp:25 	776   	0.88278 	25 	0.919011	0.493422	776   	0.0674387	12.26  	25 	23 	3  	776   	3.12478
INFO:gp:26 	776   	0.887388	26 	0.919233	0.519369	776   	0.0564356	13.4956	26 	27 	3  	776   	3.41547
INFO:gp:27 	764   	0.884534	27 	0.91939 	0.505186	764   	0.0634466	14.9335	27 	31 	3  	764   	3.75307
INFO:gp:28 	748   	0.885282	28 	0.919735	0.497548	748   	0.0668331	17.0029	28 	34 	3  	748   	4.21687
INFO:gp:29 	767   	0.888017	29 	0.919735	0.457211	767   	0.0655153	18.6667	29 	41 	3  	767   	4.24487
INFO:gp:30 	759   	0.890017	30 	0.919735	0.522041	759   	0.0595444	20.3773	30 	33 	3  	759   	4.0392 
INFO:gp:31 	767   	0.888903	31 	0.919989	0.471051	767   	0.0627212	21.5846	31 	41 	3  	767   	4.00421
INFO:gp:32 	766   	0.885325	32 	0.920208	0.507418	766   	0.0675287	22.4555	32 	41 	3  	766   	3.9446 
INFO:gp:33 	774   	0.885549	33 	0.920208	0.503954	774   	0.0708925	22.4027	33 	35 	3  	774   	4.04907
INFO:gp:34 	729   	0.887471	34 	0.920208	0.490672	729   	0.0659596	22.6725	34 	41 	3  	729   	4.10913
INFO:gp:35 	754   	0.883532	35 	0.920577	0.489905	754   	0.0738423	23.1427	35 	37 	3  	754   	4.41861
INFO:gp:36 	758   	0.887476	36 	0.920577	0.52615 	758   	0.0667125	23.9091	36 	41 	3  	758   	4.0091 
INFO:gp:37 	754   	0.887282	37 	0.920771	0.519149	754   	0.0677778	24.1095	37 	37 	3  	754   	3.74502
INFO:gp:38 	783   	0.884916	38 	0.920772	0.483088	783   	0.0669895	23.9013	38 	42 	3  	783   	4.38306
INFO:gp:39 	760   	0.884592	39 	0.920772	0.534211	760   	0.0703133	24.2913	39 	41 	3  	760   	4.26507
INFO:gp:40 	761   	0.887378	40 	0.920772	0.50548 	761   	0.0680269	25.0479	40 	45 	3  	761   	4.20197
INFO:gp:41 	782   	0.886069	41 	0.921473	0.526277	782   	0.0708914	25.6618	41 	39 	3  	782   	3.93532
INFO:gp:42 	779   	0.883811	42 	0.921904	0.51799 	779   	0.0754756	25.8788	42 	39 	3  	779   	4.35755
INFO:gp:43 	775   	0.888301	43 	0.921904	0.499787	775   	0.0676453	26.9511	43 	43 	3  	775   	4.40203
INFO:gp:44 	783   	0.891519	44 	0.922263	0.541418	783   	0.0611233	27.9804	44 	54 	3  	783   	4.8213 
INFO:gp:45 	787   	0.895561	45 	0.922263	0.543646	787   	0.0538186	28.9159	45 	54 	3  	787   	4.42011
INFO:gp:46 	778   	0.894416	46 	0.922541	0.528214	778   	0.0614481	30.1838	46 	49 	3  	778   	4.79221
INFO:gp:47 	784   	0.894421	47 	0.922558	0.497409	784   	0.0612405	31.2072	47 	46 	3  	784   	4.86655
INFO:gp:48 	753   	0.895753	48 	0.922856	0.512416	753   	0.0589357	31.9482	48 	47 	3  	753   	4.19936
INFO:gp:49 	770   	0.897818	49 	0.923114	0.561311	770   	0.0541481	32.3236	49 	47 	3  	770   	4.00414
INFO:gp:50 	771   	0.896704	50 	0.923114	0.53097 	771   	0.0562314	32.3754	50 	45 	3  	771   	4.8126 
INFO:gp:51 	786   	0.897803	51 	0.923348	0.520119	786   	0.054207 	33.1496	51 	59 	3  	786   	4.65108
INFO:gp:52 	742   	0.899027	52 	0.923459	0.57195 	742   	0.0544719	33.9091	52 	47 	3  	742   	4.44611
INFO:gp:53 	759   	0.896597	53 	0.92359 	0.511883	759   	0.0620402	34.3216	53 	49 	3  	759   	4.77379
INFO:gp:54 	785   	0.896365	54 	0.92359 	0.520452	785   	0.0585805	34.5543	54 	57 	3  	785   	5.11402
INFO:gp:55 	768   	0.897727	55 	0.923809	0.553202	768   	0.0584122	34.9511	55 	63 	3  	768   	4.87814
INFO:gp:56 	785   	0.897954	56 	0.924005	0.503547	785   	0.0580581	35.4282	56 	53 	4  	785   	5.20005
INFO:gp:57 	774   	0.898687	57 	0.924005	0.515297	774   	0.0569475	36.1378	57 	47 	3  	774   	5.03357
INFO:gp:58 	797   	0.898348	58 	0.925799	0.548906	797   	0.0587514	36.7302	58 	53 	3  	797   	5.52693
INFO:gp:59 	766   	0.901757	59 	0.925799	0.553812	766   	0.0529336	37.4829	59 	49 	3  	766   	4.9075 
INFO:gp:60 	786   	0.89813 	60 	0.926111	0.524492	786   	0.0555182	37.9003	60 	57 	3  	786   	5.62409
INFO:gp:61 	782   	0.899402	61 	0.926111	0.529733	782   	0.0538413	38.4086	61 	53 	3  	782   	5.26662
INFO:gp:62 	765   	0.897743	62 	0.926303	0.527951	765   	0.0600781	38.5523	62 	59 	3  	765   	4.9568 
INFO:gp:63 	756   	0.893711	63 	0.926303	0.545517	756   	0.0629933	38.0831	63 	49 	3  	756   	5.30681
INFO:gp:64 	782   	0.888529	64 	0.926303	0.53802 	782   	0.0670483	36.6158	64 	49 	3  	782   	5.6274 
INFO:gp:65 	777   	0.879644	65 	0.926303	0.544061	777   	0.0756326	35.737 	65 	55 	5  	777   	4.7472 
INFO:gp:66 	768   	0.882357	66 	0.926303	0.527207	768   	0.0741323	35.3763	66 	55 	3  	768   	5.56154
INFO:gp:67 	764   	0.878287	67 	0.926303	0.537659	764   	0.0793026	35.9306	67 	47 	3  	764   	4.67853
INFO:gp:68 	762   	0.884277	68 	0.926303	0.535947	762   	0.0740603	36.9345	68 	51 	3  	762   	5.10176
INFO:gp:69 	762   	0.88505 	69 	0.926303	0.557863	762   	0.0709208	37.7693	69 	57 	3  	762   	4.66718
INFO:gp:70 	769   	0.886052	70 	0.926406	0.524668	769   	0.0656723	37.654 	70 	71 	3  	769   	5.42788
INFO:gp:71 	776   	0.884878	71 	0.926406	0.551192	776   	0.070172 	37.4653	71 	57 	3  	776   	5.75013
INFO:gp:72 	791   	0.88455 	72 	0.926406	0.544076	791   	0.0731416	37.6735	72 	71 	3  	791   	5.40816
INFO:gp:73 	779   	0.887295	73 	0.926406	0.544068	779   	0.0656252	37.9198	73 	53 	3  	779   	4.71696
INFO:gp:74 	774   	0.878084	74 	0.926406	0.539068	774   	0.0790302	37.8768	74 	55 	3  	774   	4.83213
INFO:gp:75 	758   	0.885965	75 	0.926406	0.515378	758   	0.0708634	37.8123	75 	45 	3  	758   	4.94129
INFO:gp:76 	780   	0.882298	76 	0.926406	0.508246	780   	0.0740275	38.0616	76 	49 	3  	780   	4.2943 
INFO:gp:77 	770   	0.878572	77 	0.926596	0.507784	770   	0.0758117	38.0205	77 	51 	3  	770   	4.34785
INFO:gp:78 	783   	0.877964	78 	0.926596	0.538588	783   	0.0777882	38.0489	78 	49 	3  	783   	4.57089
INFO:gp:79 	770   	0.879872	79 	0.926596	0.536429	770   	0.0768929	37.8944	79 	60 	3  	770   	5.28009
INFO:gp:80 	754   	0.875223	80 	0.926596	0.509107	754   	0.081153 	37.956 	80 	71 	3  	754   	5.53749
INFO:gp:81 	777   	0.8765  	81 	0.926596	0.544066	777   	0.0811398	38.4643	81 	57 	3  	777   	4.52434
INFO:gp:82 	781   	0.883387	82 	0.926596	0.520481	781   	0.0736496	38.7605	82 	71 	3  	781   	4.63869
INFO:gp:83 	770   	0.883885	83 	0.926596	0.529599	770   	0.0741816	39.564 	83 	59 	3  	770   	5.17509
INFO:gp:84 	763   	0.890313	84 	0.926596	0.529659	763   	0.0680897	40.9462	84 	53 	3  	763   	4.49895
INFO:gp:85 	768   	0.893673	85 	0.926596	0.514592	768   	0.0585954	41.3959	85 	65 	3  	768   	5.48727
INFO:gp:86 	785   	0.88449 	86 	0.926596	0.544467	785   	0.0752546	41.6276	86 	65 	3  	785   	5.27366
INFO:gp:87 	793   	0.884948	87 	0.926783	0.543403	793   	0.0726903	41.7517	87 	65 	3  	793   	5.48783
INFO:gp:88 	793   	0.888002	88 	0.926783	0.466595	793   	0.0698418	41.6295	88 	53 	3  	793   	5.09486
INFO:gp:89 	782   	0.889281	89 	0.926783	0.549773	782   	0.0673121	41.8162	89 	65 	3  	782   	4.94401
INFO:gp:90 	767   	0.887025	90 	0.926862	0.496745	767   	0.0680182	41.609 	90 	67 	3  	767   	5.83008
INFO:gp:91 	805   	0.885884	91 	0.926862	0.53683 	805   	0.0744226	42.0264	91 	79 	3  	805   	5.16098
INFO:gp:92 	773   	0.885496	92 	0.926862	0.504548	773   	0.0763765	41.6637	92 	53 	3  	773   	5.81537
INFO:gp:93 	757   	0.887163	93 	0.926862	0.507831	757   	0.0697032	42.0948	93 	53 	3  	757   	4.82983
INFO:gp:94 	787   	0.882416	94 	0.926862	0.487283	787   	0.0755883	42.1945	94 	51 	3  	787   	5.19157
INFO:gp:95 	767   	0.888026	95 	0.926862	0.540462	767   	0.0647988	42.6276	95 	69 	3  	767   	5.55582
INFO:gp:96 	782   	0.884949	96 	0.92699 	0.514213	782   	0.0703023	43.3519	96 	69 	3  	782   	5.50369
INFO:gp:97 	788   	0.884079	97 	0.92699 	0.51711 	788   	0.0719235	43.5161	97 	67 	3  	788   	5.43867
INFO:gp:98 	770   	0.887971	98 	0.927111	0.51463 	770   	0.0688234	43.6237	98 	59 	3  	770   	4.883  
INFO:gp:99 	772   	0.891497	99 	0.927111	0.536981	772   	0.0658753	43.608 	99 	67 	3  	772   	4.95432
INFO:gp:100	785   	0.887602	100	0.927111	0.506002	785   	0.0661368	43.782 	100	83 	5  	785   	4.8155 
INFO:gp:101	759   	0.888759	101	0.927111	0.492476	759   	0.0675346	43.3959	101	69 	3  	759   	6.00738
INFO:gp:102	777   	0.887636	102	0.927518	0.514206	777   	0.0675423	43.7341	102	69 	3  	777   	5.17831
INFO:gp:103	774   	0.8893  	103	0.927518	0.532098	774   	0.0685878	43.6784	103	57 	3  	774   	5.49977
INFO:gp:104	762   	0.891964	104	0.927518	0.536843	762   	0.0637348	43.9365	104	59 	3  	762   	5.20892
INFO:gp:105	773   	0.893144	105	0.927707	0.527075	773   	0.0591218	44.4125	105	69 	4  	773   	6.13755
INFO:gp:106	779   	0.896546	106	0.927708	0.557825	779   	0.0575349	46.2434	106	59 	5  	779   	6.10245
INFO:gp:107	769   	0.897184	107	0.927708	0.551427	769   	0.059951 	49.1261	107	93 	3  	769   	7.00222
INFO:gp:108	765   	0.896426	108	0.927708	0.510837	765   	0.0601648	51.2023	108	63 	3  	765   	7.7348 
INFO:gp:109	773   	0.898841	109	0.927708	0.550247	773   	0.0589791	52.6276	109	67 	5  	773   	5.14151
INFO:gp:110	758   	0.899257	110	0.927809	0.556253	758   	0.0576783	51.912 	110	77 	3  	758   	6.46202
INFO:gp:111	770   	0.897602	111	0.927809	0.517683	770   	0.0621225	51.8436	111	64 	3  	770   	5.36753
INFO:gp:112	786   	0.900228	112	0.927809	0.595542	786   	0.0516431	51.871 	112	73 	5  	786   	5.31905
INFO:gp:113	764   	0.898305	113	0.927809	0.518674	764   	0.0596466	51.8612	113	61 	5  	764   	5.95292
INFO:gp:114	775   	0.899971	114	0.927809	0.539708	775   	0.0554171	52.131 	114	63 	3  	775   	5.3813 
INFO:gp:115	754   	0.902074	115	0.927969	0.550663	754   	0.0544819	52.4927	115	65 	3  	754   	5.56993
INFO:gp:116	779   	0.897899	116	0.927969	0.542209	779   	0.0615173	53.2326	116	101	3  	779   	5.53975
INFO:gp:117	764   	0.902358	117	0.928149	0.524066	764   	0.0549936	53.7732	117	103	3  	764   	5.41579
INFO:gp:118	788   	0.898715	118	0.928149	0.508725	788   	0.0632366	53.1369	118	79 	3  	788   	6.40159
INFO:gp:119	774   	0.898631	119	0.928149	0.550381	774   	0.0613057	53.1271	119	65 	3  	774   	6.40408
INFO:gp:120	761   	0.898166	120	0.92832 	0.528012	761   	0.0635916	52.6579	120	79 	3  	761   	6.59084
INFO:gp:121	760   	0.899969	121	0.928321	0.55085 	760   	0.0601925	52.5367	121	63 	3  	760   	6.26105
INFO:gp:122	772   	0.898829	122	0.928322	0.527246	772   	0.0587243	52.3402	122	77 	3  	772   	6.63617
INFO:gp:123	752   	0.892316	123	0.928322	0.551425	752   	0.0670345	52.5142	123	78 	3  	752   	6.22073
INFO:gp:124	791   	0.894395	124	0.928322	0.545091	791   	0.0629669	52.0186	124	77 	3  	791   	6.00282
INFO:gp:125	793   	0.894856	125	0.928322	0.55721 	793   	0.0585217	51.6197	125	99 	5  	793   	6.34347
INFO:gp:126	759   	0.892746	126	0.928322	0.511298	759   	0.0657747	52.0323	126	64 	5  	759   	4.50111
INFO:gp:127	776   	0.897769	127	0.928322	0.544377	776   	0.0590378	51.5357	127	77 	3  	776   	5.82327
INFO:gp:128	748   	0.895099	128	0.928322	0.55907 	748   	0.06398  	51.9589	128	75 	3  	748   	5.01886
INFO:gp:129	811   	0.892441	129	0.928322	0.544554	811   	0.0645339	51.6383	129	99 	3  	811   	6.61556
INFO:gp:130	772   	0.895613	130	0.928322	0.387284	772   	0.0589757	51.6696	130	61 	3  	772   	5.89334
INFO:gp:131	742   	0.895011	131	0.928322	0.529138	742   	0.0639609	52.0469	131	77 	5  	742   	4.54152
INFO:gp:132	811   	0.891473	132	0.928322	0.494553	811   	0.0662148	51.6794	132	99 	3  	811   	6.53892
INFO:gp:133	779   	0.893444	133	0.928322	0.454469	779   	0.0621564	51.8055	133	63 	3  	779   	5.35616
INFO:gp:134	767   	0.895262	134	0.928322	0.58182 	767   	0.0622905	51.4653	134	77 	5  	767   	6.4159 
INFO:gp:135	775   	0.893755	135	0.928322	0.537857	775   	0.0632902	51.8729	135	65 	3  	775   	5.43634
INFO:gp:136	792   	0.893161	136	0.928322	0.56585 	792   	0.0611996	51.9443	136	99 	5  	792   	5.20976
INFO:gp:137	783   	0.895165	137	0.928322	0.444691	783   	0.0595079	51.7175	137	63 	3  	783   	5.87915
INFO:gp:138	778   	0.895922	138	0.928322	0.56268 	778   	0.0604065	51.6989	138	77 	3  	778   	5.81763
INFO:gp:139	764   	0.895007	139	0.928322	0.517646	764   	0.0598246	51.7351	139	63 	3  	764   	6.41702
INFO:gp:140	757   	0.891549	140	0.928322	0.537971	757   	0.0662404	51.7507	140	63 	4  	757   	5.49731
INFO:gp:141	761   	0.895902	141	0.928322	0.494792	761   	0.0622765	51.8778	141	72 	3  	761   	5.3283 
INFO:gp:142	780   	0.897041	142	0.928391	0.537732	780   	0.0566188	51.6979	142	63 	3  	780   	5.71784
INFO:gp:143	755   	0.894328	143	0.928391	0.517029	755   	0.0628544	51.955 	143	59 	3  	755   	4.89957
INFO:gp:144	780   	0.890409	144	0.928391	0.528676	780   	0.0722118	51.7859	144	63 	5  	780   	5.37727
INFO:gp:145	776   	0.892634	145	0.928391	0.537735	776   	0.0670069	52.0557	145	77 	5  	776   	4.97126
INFO:gp:146	764   	0.89423 	146	0.928391	0.458827	764   	0.0641354	51.7498	146	57 	3  	764   	5.8527 
INFO:gp:147	764   	0.89444 	147	0.928391	0.478537	764   	0.0630283	52.3372	147	77 	4  	764   	5.11191
INFO:gp:148	761   	0.894257	148	0.928391	0.529943	761   	0.0651579	52.6843	148	60 	3  	761   	5.36389
INFO:gp:149	756   	0.89577 	149	0.928391	0.533672	756   	0.0626558	52.9306	149	79 	3  	756   	6.14266
INFO:gp:150	759   	0.893274	150	0.928391	0.571191	759   	0.0656175	53.6637	150	77 	3  	759   	4.98329
INFO:gp:151	777   	0.894327	151	0.928391	0.556464	777   	0.0637456	53.2151	151	61 	3  	777   	6.79692
INFO:gp:152	772   	0.894875	152	0.928391	0.54344 	772   	0.0631268	53.2659	152	79 	3  	772   	6.82741
INFO:gp:153	768   	0.895972	153	0.928391	0.538106	768   	0.0605584	53.3353	153	79 	3  	768   	6.42697
INFO:gp:154	762   	0.894975	154	0.928391	0.53792 	762   	0.0609506	53.4594	154	79 	3  	762   	6.23803
INFO:gp:155	783   	0.898734	155	0.928391	0.563157	783   	0.056429 	53.826 	155	65 	5  	783   	4.88229
INFO:gp:156	794   	0.89084 	156	0.928391	0.461343	794   	0.0633966	53.6237	156	79 	3  	794   	5.76334
INFO:gp:157	769   	0.894361	157	0.928391	0.535051	769   	0.0618207	53.4428	157	79 	3  	769   	5.87175
INFO:gp:158	784   	0.89606 	158	0.928391	0.542329	784   	0.0601757	53.5982	158	77 	3  	784   	5.47114
INFO:gp:159	759   	0.89307 	159	0.928391	0.457217	759   	0.0644275	53.4545	159	79 	3  	759   	6.41461
INFO:gp:160	783   	0.894466	160	0.928391	0.544398	783   	0.0610501	53.303 	160	67 	3  	783   	6.6278 
INFO:gp:161	783   	0.893939	161	0.928391	0.511538	783   	0.0625873	53.4057	161	77 	3  	783   	6.20367
INFO:gp:162	767   	0.894066	162	0.928391	0.536868	767   	0.0636991	53.5797	162	79 	3  	767   	5.88097
INFO:gp:163	786   	0.892026	163	0.928391	0.538039	786   	0.0644568	53.5347	163	59 	3  	786   	5.5489 
INFO:gp:164	763   	0.89578 	164	0.928391	0.556088	763   	0.060671 	53.5318	164	77 	3  	763   	6.00527
INFO:gp:165	784   	0.894287	165	0.928391	0.5381  	784   	0.0637103	53.3539	165	77 	3  	784   	5.83999
INFO:gp:166	786   	0.894969	166	0.928391	0.580659	786   	0.0610213	53.2639	166	77 	3  	786   	6.81732
INFO:gp:167	793   	0.892787	167	0.928391	0.538946	793   	0.0650093	53.3744	167	77 	3  	793   	6.47769
INFO:gp:168	762   	0.895906	168	0.9285  	0.519429	762   	0.060214 	53.7126	168	77 	5  	762   	5.41833
INFO:gp:169	775   	0.893923	169	0.9285  	0.538033	775   	0.0594928	53.4663	169	67 	3  	775   	6.04889
INFO:gp:170	784   	0.893799	170	0.9285  	0.522612	784   	0.063449 	53.7791	170	61 	3  	784   	4.33789
INFO:gp:171	790   	0.893671	171	0.9285  	0.551269	790   	0.0620995	53.7038	171	61 	5  	790   	5.71746
INFO:gp:172	765   	0.895723	172	0.9285  	0.45327 	765   	0.0616701	53.3568	172	103	3  	765   	6.83422
INFO:gp:173	771   	0.896938	173	0.9285  	0.557755	771   	0.0586182	53.7664	173	77 	3  	771   	5.04129
INFO:gp:174	792   	0.894611	174	0.9285  	0.529865	792   	0.0655594	53.8847	174	67 	5  	792   	4.75483
INFO:gp:175	760   	0.898632	175	0.9285  	0.54444 	760   	0.0588983	53.3959	175	67 	3  	760   	6.30805
INFO:gp:176	786   	0.896007	176	0.9285  	0.505968	786   	0.0603875	53.3998	176	67 	3  	786   	6.16628
INFO:gp:177	752   	0.897132	177	0.9285  	0.494558	752   	0.0612332	53.5934	177	65 	3  	752   	5.60589
INFO:gp:178	795   	0.897513	178	0.9285  	0.530201	795   	0.058917 	53.7331	178	77 	3  	795   	4.84078
INFO:gp:179	803   	0.8976  	179	0.9285  	0.520753	803   	0.0604777	53.4878	179	103	3  	803   	6.34397
INFO:gp:180	774   	0.894654	180	0.9285  	0.46631 	774   	0.0636273	53.348 	180	61 	3  	774   	6.52225
INFO:gp:181	776   	0.894037	181	0.9285  	0.550762	776   	0.0623914	53.6686	181	67 	3  	776   	5.29655
INFO:gp:182	773   	0.895266	182	0.9285  	0.450832	773   	0.0610761	53.6022	182	79 	3  	773   	5.52777
INFO:gp:183	778   	0.896178	183	0.9285  	0.534393	778   	0.0613073	53.3412	183	79 	3  	778   	6.83773
INFO:gp:184	774   	0.893795	184	0.9285  	0.514514	774   	0.063799 	53.5357	184	57 	5  	774   	5.63768
INFO:gp:185	789   	0.893329	185	0.928733	0.534363	789   	0.0655499	53.2551	185	79 	5  	789   	6.64226
INFO:gp:186	780   	0.893542	186	0.928733	0.523741	780   	0.0644356	53.2473	186	67 	3  	780   	6.41452
INFO:gp:187	805   	0.894344	187	0.928733	0.529782	805   	0.0612814	53.5406	187	77 	3  	805   	5.52786
INFO:gp:188	768   	0.896103	188	0.928733	0.566387	768   	0.0611787	53.35  	188	67 	3  	768   	6.50263
INFO:gp:189	785   	0.8967  	189	0.928733	0.540596	785   	0.0576948	53.4057	189	79 	3  	785   	6.49044
INFO:gp:190	767   	0.896412	190	0.928733	0.531534	767   	0.0590089	53.6442	190	65 	3  	767   	5.22443
INFO:gp:191	768   	0.892561	191	0.928733	0.543283	768   	0.0665929	53.4223	191	77 	3  	768   	6.04703
INFO:gp:192	754   	0.886636	192	0.9289  	0.525466	754   	0.0731847	53.3891	192	103	3  	754   	6.61917
INFO:gp:193	788   	0.885395	193	0.9289  	0.5263  	788   	0.0747668	53.4262	193	60 	4  	788   	5.92097
INFO:gp:194	778   	0.879717	194	0.928998	0.523351	778   	0.081173 	53.5298	194	79 	5  	778   	6.04858
INFO:gp:195	811   	0.882272	195	0.928998	0.537253	811   	0.0753037	53.565 	195	99 	6  	811   	6.39735
INFO:gp:196	748   	0.88702 	196	0.929028	0.555449	748   	0.0734462	53.3226	196	79 	5  	748   	6.50825
INFO:gp:197	756   	0.888732	197	0.929028	0.544003	756   	0.0687798	53.6764	197	103	7  	756   	5.44697
INFO:gp:198	759   	0.893794	198	0.929028	0.573382	759   	0.0642768	53.5963	198	67 	7  	759   	4.92984
INFO:gp:199	796   	0.892097	199	0.929028	0.54488 	796   	0.068776 	53.4115	199	59 	7  	796   	5.26035
INFO:gp:200	774   	0.893767	200	0.92914 	0.551384	774   	0.0692055	53.4536	200	79 	7  	774   	6.2245 
INFO:gp:201	767   	0.896326	201	0.92914 	0.53688 	767   	0.0670752	53.5513	201	65 	5  	767   	5.85647
INFO:gp:202	772   	0.898709	202	0.92914 	0.527595	772   	0.0630081	53.7703	202	79 	6  	772   	5.08068
INFO:gp:203	781   	0.898719	203	0.929229	0.536991	781   	0.0608953	53.5533	203	67 	9  	781   	5.24929
INFO:gp:204	790   	0.895383	204	0.929229	0.425076	790   	0.0662356	53.5191	204	79 	6  	790   	5.68679
INFO:gp:205	763   	0.897728	205	0.929229	0.483002	763   	0.0634931	53.5875	205	67 	5  	763   	5.16492
INFO:gp:206	780   	0.894668	206	0.929308	0.571381	780   	0.0665466	53.6647	206	79 	9  	780   	5.36215
INFO:gp:207	782   	0.893673	207	0.929308	0.543542	782   	0.0665905	53.6657	207	63 	9  	782   	5.17284
INFO:gp:208	782   	0.897056	208	0.929308	0.559133	782   	0.0617423	53.5034	208	77 	8  	782   	5.83411
INFO:gp:209	743   	0.894761	209	0.929345	0.555689	743   	0.0670083	53.6911	209	77 	9  	743   	5.21337
INFO:gp:210	766   	0.89761 	210	0.929345	0.532848	766   	0.0613758	53.6911	210	61 	9  	766   	5.11494
INFO:gp:211	787   	0.900861	211	0.929345	0.587331	787   	0.0581629	53.4633	211	77 	8  	787   	5.84053
INFO:gp:212	765   	0.892184	212	0.929345	0.528803	765   	0.0707424	53.7634	212	79 	9  	765   	4.87184
INFO:gp:213	780   	0.897698	213	0.929345	0.571036	780   	0.0639649	53.6471	213	79 	9  	780   	4.92064
INFO:gp:214	745   	0.897828	214	0.929345	0.410141	745   	0.0646483	53.3842	214	79 	3  	745   	6.47652
INFO:gp:215	771   	0.899202	215	0.929345	0.548507	771   	0.0637983	53.1642	215	65 	9  	771   	6.71428
INFO:gp:216	802   	0.898253	216	0.929753	0.587331	802   	0.0623173	53.4301	216	79 	9  	802   	6.19374
INFO:gp:217	756   	0.90465 	217	0.929753	0.582169	756   	0.0538356	53.4976	217	67 	7  	756   	5.81078
INFO:gp:218	771   	0.899987	218	0.929753	0.576579	771   	0.060669 	53.7586	218	103	5  	771   	5.39137
INFO:gp:219	757   	0.901463	219	0.929753	0.533985	757   	0.0596877	53.4575	219	79 	6  	757   	6.49866
INFO:gp:220	760   	0.898562	220	0.929753	0.406157	760   	0.0645145	53.8143	220	79 	6  	760   	5.42871
INFO:gp:221	775   	0.89818 	221	0.929753	0.587331	775   	0.062001 	53.697 	221	79 	9  	775   	5.34682
INFO:gp:222	764   	0.901489	222	0.929753	0.562055	764   	0.0594768	53.2385	222	79 	10 	764   	6.48676
INFO:gp:223	763   	0.893306	223	0.929753	0.464513	763   	0.069848 	53.7517	223	63 	7  	763   	4.92177
INFO:gp:224	755   	0.898147	224	0.929753	0.562337	755   	0.0628721	53.7116	224	59 	8  	755   	5.20376
INFO:gp:225	749   	0.89532 	225	0.929753	0.504858	749   	0.0693561	53.6393	225	67 	10 	749   	5.66807
INFO:gp:226	782   	0.896572	226	0.929753	0.488268	782   	0.0630731	53.9374	226	79 	10 	782   	4.64981
INFO:gp:227	760   	0.896308	227	0.929753	0.553206	760   	0.066862 	53.6149	227	77 	5  	760   	5.53159
INFO:gp:228	774   	0.89847 	228	0.929753	0.55802 	774   	0.0613459	53.4066	228	79 	9  	774   	6.5172 
INFO:gp:229	768   	0.896292	229	0.929753	0.56234 	768   	0.0641948	53.9198	229	79 	10 	768   	5.05642
INFO:gp:230	770   	0.896769	230	0.929753	0.576701	770   	0.0634476	53.652 	230	67 	9  	770   	5.4849 
INFO:gp:231	783   	0.897683	231	0.929753	0.544489	783   	0.0642886	53.6794	231	79 	10 	783   	5.57933
INFO:gp:232	766   	0.895671	232	0.929753	0.587331	766   	0.0651243	53.5523	232	67 	8  	766   	6.0118 
INFO:gp:233	785   	0.901541	233	0.929753	0.474746	785   	0.0586135	53.3988	233	79 	6  	785   	6.18241
INFO:gp:234	780   	0.895307	234	0.929753	0.570842	780   	0.0656454	53.6979	234	63 	10 	780   	5.1802 
IN	780   	1.52894
INFO:gp:235	791   	0.887758	235	0.939265	0.46878 	791   	0.0805652	14.9824	235	27 	7  	791   	1.6478 
INFO:gp:236	771   	0.889168	236	0.939265	0.41747 	771   	0.0789266	15.0352	236	26 	5  	771   	1.69605
INFO:gp:237	784   	0.890559	237	0.939265	0.462183	784   	0.0785423	14.9277	237	27 	6  	784   	1.71778
INFO:gp:238	787   	0.885552	238	0.939265	0.497083	787   	0.0793911	14.8954	238	25 	6  	787   	1.71698
INFO:gp:239	774   	0.887796	239	0.939265	0.501535	774   	0.0791646	14.9091	239	27 	4  	774   	1.9864 
INFO:gp:240	772   	0.887918	240	0.939265	0.473411	772   	0.0788504	14.8368	240	27 	5  	772   	1.8654 
INFO:gp:241	785   	0.884359	241	0.939265	0.476334	785   	0.084566 	14.7283	241	27 	5  	785   	2.15718
INFO:gp:242	768   	0.884646	242	0.939265	0.464458	768   	0.0800507	14.5846	242	27 	5  	768   	2.46866
INFO:gp:243	770   	0.876113	243	0.939265	0.529899	770   	0.0845856	14.5249	243	27 	4  	770   	2.23172
INFO:gp:244	776   	0.876842	244	0.939265	0.490406	776   	0.0839317	14.521 	244	27 	3  	776   	2.45095
INFO:gp:245	798   	0.875906	245	0.939265	0.521519	798   	0.083785 	14.3617	245	27 	4  	798   	2.63523
INFO:gp:246	779   	0.868461	246	0.939265	0.487691	779   	0.0900954	14.4194	246	27 	3  	779   	2.54636
INFO:gp:247	762   	0.876508	247	0.939265	0.458214	762   	0.0841211	14.391 	247	25 	3  	762   	2.8249 
INFO:gp:248	764   	0.87623 	248	0.939265	0.463162	764   	0.0864965	14.3431	248	27 	3  	764   	2.54242
INFO:gp:249	779   	0.874907	249	0.939265	0.392437	779   	0.0885703	14.437 	249	27 	4  	779   	2.64735
INFO:gp:250	766   	0.877745	250	0.939265	0.517137	766   	0.0860804	14.3343	250	27 	5  	766   	2.71084
INFO:gp:251	755   	0.877364	251	0.939265	0.53148 	755   	0.0842747	14.4125	251	27 	3  	755   	2.57097
INFO:gp:252	771   	0.879115	252	0.939265	0.429255	771   	0.0847354	14.2581	252	25 	4  	771   	2.66322
INFO:gp:253	778   	0.876963	253	0.939265	0.39134 	778   	0.0867805	14.2893	253	27 	5  	778   	2.53738
INFO:gp:254	800   	0.87558 	254	0.939265	0.45162 	800   	0.0868266	14.3284	254	27 	4  	800   	2.62324
INFO:gp:255	742   	0.880722	255	0.939265	0.512464	742   	0.0817328	14.4848	255	25 	4  	742   	2.4221 
INFO:gp:256	758   	0.878318	256	0.939265	0.53148 	758   	0.0834423	14.4604	256	27 	3  	758   	2.54349
INFO:gp:257	796   	0.873817	257	0.939265	0.478139	796   	0.0893349	14.3167	257	27 	3  	796   	2.80158
INFO:gp:258	781   	0.875899	258	0.939265	0.446242	781   	0.0841776	14.2757	258	25 	3  	781   	2.70156
INFO:gp:259	800   	0.875758	259	0.939265	0.47034 	800   	0.0872369	14.3842	259	25 	3  	800   	2.66655
INFO:gp:260	769   	0.880364	260	0.939265	0.445236	769   	0.0870927	14.4233	260	27 	4  	769   	2.62288
INFO:gp:261	794   	0.878103	261	0.939265	0.501358	794   	0.0828892	14.3812	261	27 	4  	794   	2.41519
INFO:gp:262	789   	0.875407	262	0.939265	0.429464	789   	0.0850964	14.4643	262	27 	5  	789   	2.44638
INFO:gp:263	731   	0.878468	263	0.939265	0.457709	731   	0.0854472	14.4673	263	25 	4  	731   	2.5528 
INFO:gp:264	789   	0.877943	264	0.939265	0.504995	789   	0.0842795	14.2766	264	27 	4  	789   	2.83924
INFO:gp:265	780   	0.879312	265	0.939265	0.418707	780   	0.0825737	14.3333	265	27 	5  	780   	2.6543 
INFO:gp:266	755   	0.878227	266	0.939265	0.470933	755   	0.0906976	14.521 	266	27 	3  	755   	2.59997
INFO:gp:267	786   	0.874798	267	0.939265	0.439775	786   	0.088659 	14.4106	267	27 	5  	786   	2.57166
INFO:gp:268	781   	0.872549	268	0.939265	0.4863  	781   	0.0892109	14.3069	268	27 	4  	781   	2.64771
INFO:gp:269	779   	0.870722	269	0.939265	0.516694	779   	0.0906554	14.4878	269	27 	5  	779   	2.90474
INFO:gp:270	772   	0.877379	270	0.939265	0.448363	772   	0.0845787	14.478 	270	28 	5  	772   	2.56399
INFO:gp:271	774   	0.877471	271	0.939265	0.421197	774   	0.0883619	14.4966	271	27 	4  	774   	2.63812
INFO:gp:272	785   	0.874199	272	0.939265	0.458189	785   	0.0878729	14.3949	272	27 	3  	785   	2.65634
INFO:gp:273	768   	0.877672	273	0.939265	0.441802	768   	0.0859341	14.2512	273	25 	3  	768   	2.70953
INFO:gp:274	774   	0.875345	274	0.939265	0.391143	774   	0.084513 	14.5288	274	27 	3  	774   	2.35901
INFO:gp:275	771   	0.877209	275	0.939265	0.412826	771   	0.0845191	14.3372	275	27 	5  	771   	2.80564
INFO:gp:276	760   	0.88038 	276	0.939265	0.481824	760   	0.0852752	14.4477	276	27 	3  	760   	2.62087
INFO:gp:277	785   	0.873756	277	0.939265	0.432346	785   	0.0901746	14.3529	277	27 	4  	785   	2.52526
INFO:gp:278	755   	0.877955	278	0.939265	0.479281	755   	0.0843945	14.3685	278	27 	4  	755   	2.79366
INFO:gp:279	775   	0.871833	279	0.939265	0.451698	775   	0.0903416	14.3744	279	27 	4  	775   	2.76934
INFO:gp:280	766   	0.881901	280	0.939265	0.472342	766   	0.083285 	14.437 	280	29 	5  	766   	2.52605
INFO:gp:281	784   	0.875548	281	0.939265	0.438308	784   	0.0855741	14.3245	281	25 	4  	784   	2.65631
INFO:gp:282	763   	0.878677	282	0.939265	0.49684 	763   	0.0870558	14.3939	282	25 	3  	763   	2.4089 
INFO:gp:283	782   	0.878226	283	0.939265	0.481308	782   	0.0843664	14.3597	283	27 	4  	782   	2.59664
INFO:gp:284	784   	0.874936	284	0.939265	0.500387	784   	0.0885183	14.2903	284	27 	3  	784   	2.76919
INFO:gp:285	782   	0.877395	285	0.939265	0.487254	782   	0.0844969	14.3851	285	27 	3  	782   	2.61888
INFO:gp:286	774   	0.873309	286	0.939265	0.360321	774   	0.0909626	14.4682	286	27 	5  	774   	2.64828
INFO:gp:287	750   	0.878561	287	0.939265	0.498784	750   	0.0890232	14.4673	287	27 	5  	750   	2.58363
INFO:gp:288	759   	0.872241	288	0.939265	0.418592	759   	0.0932525	14.5152	288	27 	3  	759   	2.49565
INFO:gp:289	758   	0.878931	289	0.939265	0.448959	758   	0.085688 	14.4428	289	27 	6  	758   	2.3861 
INFO:gp:290	788   	0.881117	290	0.939265	0.478842	788   	0.0810592	14.3578	290	25 	4  	788   	2.47353
INFO:gp:291	780   	0.878784	291	0.939265	0.435442	780   	0.0857481	14.4262	291	27 	4  	780   	2.79893
INFO:gp:292	773   	0.877207	292	0.939265	0.482017	773   	0.0866654	14.3998	292	27 	3  	773   	2.5472 
INFO:gp:293	765   	0.876137	293	0.939265	0.481866	765   	0.0840017	14.4154	293	27 	4  	765   	2.60356
INFO:gp:294	776   	0.874003	294	0.939265	0.463331	776   	0.090375 	14.4262	294	27 	5  	776   	2.69792
INFO:gp:295	774   	0.882253	295	0.939265	0.499418	774   	0.0785121	14.3705	295	27 	3  	774   	2.47975
INFO:gp:296	772   	0.879542	296	0.939265	0.505377	772   	0.0824336	14.3011	296	27 	4  	772   	2.5879 
INFO:gp:297	764   	0.875222	297	0.939265	0.530793	764   	0.0869634	14.4106	297	27 	5  	764   	2.57432
INFO:gp:298	764   	0.87697 	298	0.939265	0.513985	764   	0.083201 	14.4712	298	25 	4  	764   	2.39968
INFO:gp:299	766   	0.880387	299	0.939265	0.461418	766   	0.081374 	14.4262	299	27 	4  	766   	2.48518
INFO:gp:300	760   	0.87588 	300	0.939265	0.462017	760   	0.0851825	14.4076	300	25 	5  	760   	2.45806
INFO:gp:301	742   	0.880625	301	0.939265	0.466862	742   	0.0865187	14.3939	301	28 	4  	742   	2.63153
INFO:gp:302	777   	0.881005	302	0.939265	0.474954	777   	0.081121 	14.3314	302	27 	3  	777   	2.66813
INFO:gp:303	780   	0.875286	303	0.939265	0.521708	780   	0.0851974	14.3724	303	27 	5  	780   	2.66014
INFO:gp:304	775   	0.87442 	304	0.939265	0.499923	775   	0.0872391	14.391 	304	27 	3  	775   	2.69056
INFO:gp:305	781   	0.87669 	305	0.939265	0.478768	781   	0.0824743	14.2991	305	27 	5  	781   	2.80978
INFO:gp:306	792   	0.876706	306	0.939265	0.472547	792   	0.0864109	14.4897	306	31 	4  	792   	2.58495
	0.89494 	307	0.930097	0.550143	758   	0.0679903	55.6794	307	83 	9  	758   	5.80346
INFO:gp:308	761   	0.893936	308	0.930097	0.467638	761   	0.0719053	55.433 	308	63 	10 	761   	6.16482
INFO:gp:309	765   	0.893146	309	0.930097	0.552151	765   	0.068994 	55.5611	309	71 	3  	765   	6.08621
INFO:gp:310	783   	0.895181	310	0.930097	0.431623	783   	0.0688746	55.6158	310	83 	6  	783   	5.63955
INFO:gp:311	780   	0.893251	311	0.930097	0.54374 	780   	0.0680017	55.4604	311	63 	10 	780   	6.12753
INFO:gp:312	788   	0.894647	312	0.930097	0.55683 	788   	0.0664216	55.3969	312	79 	3  	788   	6.38033
INFO:gp:313	752   	0.898841	313	0.930485	0.518383	752   	0.0626234	55.5298	313	63 	8  	752   	5.85278
INFO:gp:314	753   	0.899084	314	0.930485	0.572357	753   	0.0591939	55.609 	314	81 	10 	753   	5.84615
INFO:gp:315	764   	0.897239	315	0.930485	0.517205	764   	0.064574 	55.7889	315	81 	7  	764   	5.32909
INFO:gp:316	768   	0.893857	316	0.93054 	0.494425	768   	0.0691992	55.6041	316	79 	7  	768   	6.38445
INFO:gp:317	761   	0.898429	317	0.930592	0.571245	761   	0.0647287	55.5591	317	67 	10 	761   	5.1399 
INFO:gp:318	781   	0.890718	318	0.930592	0.512302	781   	0.0731711	55.7361	318	79 	7  	781   	5.43267
INFO:gp:319	779   	0.894059	319	0.930646	0.528223	779   	0.0671494	55.5806	319	81 	9  	779   	5.85447
INFO:gp:320	784   	0.893038	320	0.930646	0.55683 	784   	0.0666234	55.5112	320	79 	9  	784   	6.03328
INFO:gp:321	764   	0.893904	321	0.930646	0.572357	764   	0.0677429	55.6706	321	63 	9  	764   	5.17532
INFO:gp:322	778   	0.895236	322	0.930646	0.529028	778   	0.0661544	55.6285	322	83 	11 	778   	5.20478
INFO:gp:323	761   	0.895305	323	0.930646	0.490863	761   	0.0690804	55.6246	323	81 	10 	761   	5.20676
INFO:gp:324	770   	0.899371	324	0.930694	0.401679	770   	0.0642579	55.3548	324	81 	9  	770   	6.38625
INFO:gp:325	757   	0.897333	325	0.930694	0.549107	757   	0.0647225	55.3069	325	63 	11 	757   	6.2839 
INFO:gp:326	773   	0.897235	326	0.930726	0.565249	773   	0.0641329	55.8368	326	107	11 	773   	5.51633
INFO:gp:327	777   	0.898099	327	0.930726	0.503467	777   	0.0628178	55.5973	327	83 	7  	777   	5.83129
INFO:gp:328	797   	0.897933	328	0.930726	0.572411	797   	0.0657144	55.4428	328	81 	10 	797   	6.36019
INFO:gp:329	778   	0.897152	329	0.930726	0.501005	778   	0.0655739	55.4848	329	83 	11 	778   	6.45228
INFO:gp:330	788   	0.897405	330	0.930726	0.530949	788   	0.0670342	55.8935	330	71 	11 	788   	4.44246
INFO:gp:331	776   	0.897582	331	0.930726	0.499766	776   	0.0640689	55.6911	331	81 	10 	776   	5.41426
INFO:gp:332	776   	0.899404	332	0.930726	0.518907	776   	0.0648554	55.7546	332	67 	6  	776   	5.05796
INFO:gp:333	756   	0.900951	333	0.930726	0.43752 	756   	0.0621313	55.9717	333	83 	11 	756   	4.38831
INFO:gp:334	784   	0.898534	334	0.930726	0.494753	784   	0.0655694	55.4497	334	69 	11 	784   	6.17718
INFO:gp:335	778   	0.897981	335	0.930726	0.579133	778   	0.0650214	55.9521	335	65 	5  	778   	4.86541
INFO:gp:336	756   	0.902907	336	0.930726	0.556051	756   	0.058769 	55.3324	336	63 	5  	756   	6.34022
INFO:gp:337	765   	0.90238 	337	0.930726	0.579133	765   	0.0592655	55.4692	337	81 	10 	765   	6.03159
INFO:gp:338	765   	0.898658	338	0.930726	0.55683 	765   	0.0653823	55.4936	338	107	7  	765   	6.47649
INFO:gp:339	775   	0.898377	339	0.930726	0.573454	775   	0.0642243	55.7146	339	67 	5  	775   	5.18727
INFO:gp:340	797   	0.89885 	340	0.930726	0.545616	797   	0.063291 	55.5924	340	81 	11 	797   	5.93143
INFO:gp:341	764   	0.89905 	341	0.930726	0.545657	764   	0.0632235	55.6031	341	71 	10 	764   	5.69979
INFO:gp:342	758   	0.904412	342	0.930726	0.468677	758   	0.0583427	55.6452	342	107	11 	758   	6.12402
INFO:gp:343	784   	0.89584 	343	0.930769	0.568816	784   	0.0664047	55.5699	343	81 	11 	784   	5.99436
INFO:gp:344	804   	0.897092	344	0.930769	0.544913	804   	0.0649744	55.7566	344	79 	8  	804   	5.12258
INFO:gp:345	760   	0.901328	345	0.930769	0.579109	760   	0.0596549	55.5455	345	67 	11 	760   	5.93131
INFO:gp:346	773   	0.900382	346	0.930769	0.560623	773   	0.0627475	55.7107	346	65 	11 	773   	5.28081
INFO:gp:347	783   	0.900938	347	0.930769	0.579109	783   	0.0599339	55.7468	347	69 	10 	783   	5.19695
INFO:gp:348	784   	0.901166	348	0.930769	0.552106	784   	0.0600138	55.6178	348	83 	7  	784   	6.19806
INFO:gp:349	771   	0.89719 	349	0.930769	0.579109	771   	0.0653939	55.4741	349	83 	11 	771   	6.24234
INFO:gp:350	772   	0.896912	350	0.930769	0.571579	772   	0.0637522	55.7429	350	83 	8  	772   	5.46484
INFO:gp:351	764   	0.894978	351	0.93088 	0.498713	764   	0.0659238	55.6764	351	69 	6  	764   	5.94138
INFO:gp:352	780   	0.899329	352	0.93088 	0.532338	780   	0.0596979	55.868 	352	62 	8  	780   	4.92775
INFO:gp:353	777   	0.896891	353	0.93088 	0.579109	777   	0.0622497	55.3431	353	63 	10 	777   	6.31408
INFO:gp:354	769   	0.89855 	354	0.93088 	0.538646	769   	0.0622366	55.7605	354	107	7  	769   	5.47601
INFO:gp:355	787   	0.895087	355	0.93088 	0.55767 	787   	0.0666029	55.4946	355	107	7  	787   	6.44518
INFO:gp:356	766   	0.900377	356	0.93088 	0.512176	766   	0.0592096	55.4145	356	81 	10 	766   	6.26323
INFO:gp:357	781   	0.897844	357	0.93088 	0.518884	781   	0.0641096	55.5083	357	65 	11 	781   	5.95517
INFO:gp:358	771   	0.902066	358	0.93101 	0.572557	771   	0.0561156	55.4379	358	107	9  	771   	6.2388 
INFO:gp:359	785   	0.900232	359	0.93101 	0.574505	785   	0.0610716	55.566 	359	63 	9  	785   	6.04878
INFO:gp:360	759   	0.898464	360	0.93101 	0.516639	759   	0.0657816	55.7507	360	61 	7  	759   	5.44388
INFO:gp:361	788   	0.898484	361	0.93101 	0.511947	788   	0.0651084	55.65  	361	67 	3  	788   	5.42835
INFO:gp:362	748   	0.901279	362	0.93101 	0.572557	748   	0.0614497	55.8201	362	83 	5  	748   	5.18032
INFO:gp:363	773   	0.901005	363	0.93101 	0.565719	773   	0.0585133	55.7908	363	67 	11 	773   	4.64531
INFO:gp:364	773   	0.901155	364	0.931111	0.538922	773   	0.0610735	55.7195	364	67 	11 	773   	5.10711
INFO:gp:365	758   	0.901811	365	0.931193	0.558989	758   	0.0607813	55.1417	365	83 	8  	758   	7.28571
INFO:gp:366	784   	0.899175	366	0.931193	0.558813	784   	0.063113 	55.6383	366	83 	9  	784   	5.53176
INFO:gp:367	769   	0.900318	367	0.931193	0.557024	769   	0.0621816	55.8866	367	71 	11 	769   	4.75529
INFO:gp:368	772   	0.89961 	368	0.931193	0.579259	772   	0.0628182	55.2923	368	83 	5  	772   	6.65073
INFO:gp:369	749   	0.901748	369	0.931193	0.516663	749   	0.0591372	55.5699	369	83 	6  	749   	6.03321
INFO:gp:370	748   	0.90236 	370	0.931193	0.451574	748   	0.0629606	55.7537	370	67 	4  	748   	5.34827
INFO:gp:371	780   	0.90188 	371	0.931217	0.573015	780   	0.0588697	55.8622	371	81 	6  	780   	4.9103 
INFO:gp:372	741   	0.902211	372	0.931217	0.518168	741   	0.0635561	55.8856	372	81 	7  	741   	5.16413
INFO:gp:373	769   	0.903605	373	0.931217	0.555805	769   	0.0597136	55.9638	373	67 	11 	769   	4.18227
INFO:gp:374	767   	0.902548	374	0.931217	0.57006 	767   	0.0582947	55.6569	374	69 	11 	767   	5.57352
INFO:gp:375	782   	0.899887	375	0.931217	0.536154	782   	0.0658894	55.4233	375	79 	10 	782   	6.35983
INFO:gp:376	780   	0.904136	376	0.931217	0.530932	780   	0.0564358	55.6061	376	71 	9  	780   	5.76963
INFO:gp:377	768   	0.900695	377	0.931217	0.497243	768   	0.0624947	55.5699	377	63 	10 	768   	5.68484
INFO:gp:378	771   	0.903191	378	0.931299	0.58847 	771   	0.0593675	55.9863	378	81 	10 	771   	4.49696
INFO:gp:379	744   	0.902154	379	0.9313  	0.431211	744   	0.0628182	55.8006	379	63 	11 	744   	5.11044
INFO:gp:380	775   	0.900837	380	0.9313  	0.520344	775   	0.0623236	55.7263	380	81 	11 	775   	5.59232
INFO:gp:381	759   	0.904184	381	0.9313  	0.391411	759   	0.0598907	55.8553	381	67 	10 	759   	4.82485
INFO:gp:382	770   	0.90161 	382	0.9313  	0.539809	770   	0.0618862	55.8749	382	107	11 	770   	5.05028
INFO:gp:383	769   	0.899644	383	0.9313  	0.573205	769   	0.064678 	55.7986	383	81 	9  	769   	5.43913
INFO:gp:384	785   	0.897941	384	0.9313  	0.526019	785   	0.0659993	55.6989	384	81 	10 	785   	5.42516
INFO:gp:385	773   	0.901283	385	0.9313  	0.501293	773   	0.0596726	55.6598	385	81 	10 	773   	6.05543
INFO:gp:386	771   	0.899881	386	0.9313  	0.466883	771   	0.0604959	55.4809	386	61 	6  	771   	6.65571
INFO:gp:387	774   	0.893961	387	0.931338	0.551953	774   	0.0699911	55.6657	387	67 	8  	774   	5.83729
INFO:gp:388	759   	0.90059 	388	0.931338	0.529995	759   	0.0611153	55.4457	388	69 	10 	759   	6.31456
INFO:gp:389	775   	0.899278	389	0.931338	0.413171	775   	0.0655194	55.5357	389	63 	6  	775   	5.94685
INFO:gp:390	765   	0.897604	390	0.931338	0.519695	765   	0.0627875	55.6012	390	107	6  	765   	6.10092
INFO:gp:391	772   	0.896483	391	0.931338	0.530844	772   	0.067456 	55.5523	391	81 	10 	772   	6.44694
INFO:gp:392	787   	0.89698 	392	0.931338	0.477878	787   	0.068082 	55.8074	392	83 	10 	787   	5.31391
INFO:gp:393	766   	0.899186	393	0.931338	0.490071	766   	0.0651817	55.5103	393	83 	10 	766   	6.46803
INFO:gp:394	775   	0.899966	394	0.931443	0.491688	775   	0.0652308	55.7791	394	61 	9  	775   	5.10075
INFO:gp:395	770   	0.899324	395	0.931499	0.550754	770   	0.0630345	55.5934	395	81 	10 	770   	5.94508
INFO:gp:396	803   	0.900036	396	0.93165 	0.524759	803   	0.0631273	55.3812	396	83 	6  	803   	6.40559
INFO:gp:397	795   	0.898705	397	0.931763	0.571484	795   	0.0642826	55.6432	397	81 	10 	795   	5.69979
INFO:gp:398	785   	0.898253	398	0.931763	0.571723	785   	0.0665315	55.3949	398	81 	10 	785   	6.35773
INFO:gp:399	760   	0.899321	399	0.931763	0.532256	760   	0.0653571	55.4487	399	81 	7  	760   	6.54536
INFO:gp:400	768   	0.896743	400	0.931763	0.514777	768   	0.0695018	55.5073	400	62 	9  	768   	5.9463 
INFO:__main__:Saving model to file: checkpoints/run_5.pth
INFO:util:Train accuracy: 1.0 +- 0.0
INFO:util:Val accuracy: 1.0 +- 0.0
INFO:util:Test accuracy: 1.0 +- 0.0
INFO:util:Train intra-class: 0.13421936600158108, Train Inter-class: 0.45184551790456995
INFO:util:Val intra-class: 0.15074926197363628, Val Inter-class: 0.3347703292966036
INFO:util:Test intra-class: 0.16170632860795373, Test inter-class: 0.35410814099351967
INFO:plot:Saving t-SNE to file: figures/tsne.png
INFO:plot:Saving t-SNE to file: figures/tsne.png
INFO:plot:Saving tree to file: figures/tree-0.pdf
INFO:plot:Saving tree to file: figures/tree-1.pdf
