INFO:__main__:Reading the dataset: fish instance-recognition
INFO:__main__:model: Transformer(
  (encoder): Encoder(
    (layers): ModuleList(
      (0-3): 4 x EncoderLayer(
        (self_attention): MultiHeadAttention(
          (query): Linear(in_features=2046, out_features=2046, bias=True)
          (key): Linear(in_features=2046, out_features=2046, bias=True)
          (value): Linear(in_features=2046, out_features=2046, bias=True)
          (fc_out): Linear(in_features=2046, out_features=2046, bias=True)
        )
        (feed_forward): FeedForward(
          (fc1): Linear(in_features=2046, out_features=128, bias=True)
          (fc2): Linear(in_features=128, out_features=2046, bias=True)
          (dropout): Dropout(p=0.2, inplace=False)
        )
        (norm1): LayerNorm((2046,), eps=1e-05, elementwise_affine=True)
        (norm2): LayerNorm((2046,), eps=1e-05, elementwise_affine=True)
        (dropout1): Dropout(p=0.2, inplace=False)
        (dropout2): Dropout(p=0.2, inplace=False)
      )
    )
  )
  (decoder): Decoder(
    (layers): ModuleList(
      (0-3): 4 x DecoderLayer(
        (self_attention): MultiHeadAttention(
          (query): Linear(in_features=2046, out_features=2046, bias=True)
          (key): Linear(in_features=2046, out_features=2046, bias=True)
          (value): Linear(in_features=2046, out_features=2046, bias=True)
          (fc_out): Linear(in_features=2046, out_features=2046, bias=True)
        )
        (cross_attention): MultiHeadAttention(
          (query): Linear(in_features=2046, out_features=2046, bias=True)
          (key): Linear(in_features=2046, out_features=2046, bias=True)
          (value): Linear(in_features=2046, out_features=2046, bias=True)
          (fc_out): Linear(in_features=2046, out_features=2046, bias=True)
        )
        (feed_forward): FeedForward(
          (fc1): Linear(in_features=2046, out_features=128, bias=True)
          (fc2): Linear(in_features=128, out_features=2046, bias=True)
          (dropout): Dropout(p=0.2, inplace=False)
        )
        (norm1): LayerNorm((2046,), eps=1e-05, elementwise_affine=True)
        (norm2): LayerNorm((2046,), eps=1e-05, elementwise_affine=True)
        (norm3): LayerNorm((2046,), eps=1e-05, elementwise_affine=True)
        (dropout1): Dropout(p=0.2, inplace=False)
        (dropout2): Dropout(p=0.2, inplace=False)
        (dropout3): Dropout(p=0.2, inplace=False)
      )
    )
  )
  (fc): Linear(in_features=2046, out_features=2, bias=True)
)
INFO:__main__:Training the network
INFO:train:Epoch 1/1000 	Train Loss: 4.0806, Train Acc: 0.5360	 Val Loss: 1.5623, Val Acc: 0.5714
INFO:train:Epoch 2/1000 	Train Loss: 1.2625, Train Acc: 0.5901	 Val Loss: 1.6564, Val Acc: 0.6607
INFO:train:Epoch 3/1000 	Train Loss: 1.0083, Train Acc: 0.6441	 Val Loss: 0.9101, Val Acc: 0.5714
INFO:train:Epoch 4/1000 	Train Loss: 0.8154, Train Acc: 0.6937	 Val Loss: 1.1998, Val Acc: 0.5357
INFO:train:Epoch 5/1000 	Train Loss: 0.7531, Train Acc: 0.7027	 Val Loss: 1.0344, Val Acc: 0.5357
INFO:train:Epoch 6/1000 	Train Loss: 0.7676, Train Acc: 0.7252	 Val Loss: 1.0865, Val Acc: 0.6071
INFO:train:Epoch 7/1000 	Train Loss: 0.6518, Train Acc: 0.7883	 Val Loss: 1.1162, Val Acc: 0.6250
INFO:train:Epoch 8/1000 	Train Loss: 0.4543, Train Acc: 0.8423	 Val Loss: 1.0900, Val Acc: 0.4821
INFO:train:Epoch 9/1000 	Train Loss: 0.4468, Train Acc: 0.8604	 Val Loss: 0.9632, Val Acc: 0.6250
INFO:train:Epoch 10/1000 	Train Loss: 0.4106, Train Acc: 0.8739	 Val Loss: 1.3018, Val Acc: 0.5714
INFO:train:Epoch 11/1000 	Train Loss: 0.3689, Train Acc: 0.9189	 Val Loss: 0.9237, Val Acc: 0.6071
INFO:train:Epoch 12/1000 	Train Loss: 0.3611, Train Acc: 0.9324	 Val Loss: 1.1964, Val Acc: 0.6429
INFO:train:Epoch 13/1000 	Train Loss: 0.3435, Train Acc: 0.9414	 Val Loss: 1.1264, Val Acc: 0.6607
INFO:train:Epoch 14/1000 	Train Loss: 0.3319, Train Acc: 0.9279	 Val Loss: 1.0282, Val Acc: 0.6786
INFO:train:Epoch 15/1000 	Train Loss: 0.3529, Train Acc: 0.9054	 Val Loss: 0.7404, Val Acc: 0.7143
INFO:train:Epoch 16/1000 	Train Loss: 0.3130, Train Acc: 0.9324	 Val Loss: 0.8171, Val Acc: 0.6964
INFO:train:Epoch 17/1000 	Train Loss: 0.2617, Train Acc: 0.9820	 Val Loss: 0.8601, Val Acc: 0.7679
INFO:train:Epoch 18/1000 	Train Loss: 0.2612, Train Acc: 0.9865	 Val Loss: 0.6631, Val Acc: 0.7500
INFO:train:Epoch 19/1000 	Train Loss: 0.2332, Train Acc: 0.9910	 Val Loss: 0.6833, Val Acc: 0.7143
INFO:train:Epoch 20/1000 	Train Loss: 0.2365, Train Acc: 0.9955	 Val Loss: 0.7062, Val Acc: 0.7500
INFO:train:Epoch 21/1000 	Train Loss: 0.2317, Train Acc: 1.0000	 Val Loss: 0.5981, Val Acc: 0.8214
INFO:train:Epoch 22/1000 	Train Loss: 0.2265, Train Acc: 1.0000	 Val Loss: 0.7077, Val Acc: 0.7143
INFO:train:Epoch 23/1000 	Train Loss: 0.2251, Train Acc: 1.0000	 Val Loss: 0.7313, Val Acc: 0.7143
INFO:train:Epoch 24/1000 	Train Loss: 0.2158, Train Acc: 1.0000	 Val Loss: 0.6462, Val Acc: 0.8036
INFO:train:Epoch 25/1000 	Train Loss: 0.2200, Train Acc: 1.0000	 Val Loss: 0.7144, Val Acc: 0.6964
INFO:train:Epoch 26/1000 	Train Loss: 0.2191, Train Acc: 1.0000	 Val Loss: 0.6730, Val Acc: 0.7143
INFO:train:Epoch 27/1000 	Train Loss: 0.2112, Train Acc: 1.0000	 Val Loss: 0.6642, Val Acc: 0.7857
INFO:train:Epoch 28/1000 	Train Loss: 0.2127, Train Acc: 1.0000	 Val Loss: 0.6903, Val Acc: 0.7321
INFO:train:Epoch 29/1000 	Train Loss: 0.2122, Train Acc: 1.0000	 Val Loss: 0.6862, Val Acc: 0.7500
INFO:train:Epoch 30/1000 	Train Loss: 0.2093, Train Acc: 1.0000	 Val Loss: 0.6734, Val Acc: 0.7857
INFO:train:Epoch 31/1000 	Train Loss: 0.2086, Train Acc: 1.0000	 Val Loss: 0.6403, Val Acc: 0.8036
INFO:train:Early stopping triggered after 31 epochs
INFO:plot:Saving attention map to: figures/model_accuracy.png
INFO:__main__:Total time taken to train the model: 47.26s
INFO:train:train got 64 / 64 correct, accuracy: 1.0
INFO:plot:Saving cofusion matrix map to: figures/train_confusion_matrix.png
INFO:train:train got 64 / 64 correct, accuracy: 1.0
INFO:plot:Saving cofusion matrix map to: figures/train_confusion_matrix.png
INFO:train:train got 64 / 64 correct, accuracy: 1.0
INFO:plot:Saving cofusion matrix map to: figures/train_confusion_matrix.png
INFO:train:train got 30 / 30 correct, accuracy: 1.0
INFO:plot:Saving cofusion matrix map to: figures/train_confusion_matrix.png
INFO:train:Total time taken evaluate on train set the model: 0.84s
INFO:train:validation got 45 / 56 correct, accuracy: 0.8035714285714286
INFO:plot:Saving cofusion matrix map to: figures/validation_confusion_matrix.png
INFO:train:Total time taken evaluate on validation set the model: 0.19s
INFO:plot:Saving attention map to: figures/encoder_attention_map.png
INFO:plot:Saving attention map to: figures/decoder_attention_map.png
