INFO:__main__:Reading the dataset: fish instance-recognition
INFO:__main__:model: Transformer(
  (encoder): Encoder(
    (layers): ModuleList(
      (0-3): 4 x EncoderLayer(
        (self_attention): MultiHeadAttention(
          (query): Linear(in_features=1023, out_features=1023, bias=True)
          (key): Linear(in_features=1023, out_features=1023, bias=True)
          (value): Linear(in_features=1023, out_features=1023, bias=True)
          (fc_out): Linear(in_features=1023, out_features=1023, bias=True)
        )
        (feed_forward): FeedForward(
          (fc1): Linear(in_features=1023, out_features=128, bias=True)
          (fc2): Linear(in_features=128, out_features=1023, bias=True)
          (dropout): Dropout(p=0.2, inplace=False)
        )
        (norm1): LayerNorm((1023,), eps=1e-05, elementwise_affine=True)
        (norm2): LayerNorm((1023,), eps=1e-05, elementwise_affine=True)
        (dropout1): Dropout(p=0.2, inplace=False)
        (dropout2): Dropout(p=0.2, inplace=False)
      )
    )
  )
  (decoder): Decoder(
    (layers): ModuleList(
      (0-3): 4 x DecoderLayer(
        (self_attention): MultiHeadAttention(
          (query): Linear(in_features=1023, out_features=1023, bias=True)
          (key): Linear(in_features=1023, out_features=1023, bias=True)
          (value): Linear(in_features=1023, out_features=1023, bias=True)
          (fc_out): Linear(in_features=1023, out_features=1023, bias=True)
        )
        (cross_attention): MultiHeadAttention(
          (query): Linear(in_features=1023, out_features=1023, bias=True)
          (key): Linear(in_features=1023, out_features=1023, bias=True)
          (value): Linear(in_features=1023, out_features=1023, bias=True)
          (fc_out): Linear(in_features=1023, out_features=1023, bias=True)
        )
        (feed_forward): FeedForward(
          (fc1): Linear(in_features=1023, out_features=128, bias=True)
          (fc2): Linear(in_features=128, out_features=1023, bias=True)
          (dropout): Dropout(p=0.2, inplace=False)
        )
        (norm1): LayerNorm((1023,), eps=1e-05, elementwise_affine=True)
        (norm2): LayerNorm((1023,), eps=1e-05, elementwise_affine=True)
        (norm3): LayerNorm((1023,), eps=1e-05, elementwise_affine=True)
        (dropout1): Dropout(p=0.2, inplace=False)
        (dropout2): Dropout(p=0.2, inplace=False)
        (dropout3): Dropout(p=0.2, inplace=False)
      )
    )
  )
  (fc): Linear(in_features=1023, out_features=2, bias=True)
)
INFO:__main__:Training the network
INFO:train:Epoch 1/200 	Train Loss: 0.2007, Train Balanced Acc: 0.5540	 Val Loss: 0.1557, Val Balanced Acc: 0.5998
INFO:train:Epoch 2/200 	Train Loss: 0.1575, Train Balanced Acc: 0.5916	 Val Loss: 0.1610, Val Balanced Acc: 0.5618
INFO:train:Epoch 3/200 	Train Loss: 0.1440, Train Balanced Acc: 0.5598	 Val Loss: 0.1483, Val Balanced Acc: 0.6410
INFO:train:Epoch 4/200 	Train Loss: 0.1377, Train Balanced Acc: 0.6372	 Val Loss: 0.1392, Val Balanced Acc: 0.5853
INFO:train:Epoch 5/200 	Train Loss: 0.1452, Train Balanced Acc: 0.5993	 Val Loss: 0.1485, Val Balanced Acc: 0.4774
INFO:train:Epoch 6/200 	Train Loss: 0.1471, Train Balanced Acc: 0.6131	 Val Loss: 0.1403, Val Balanced Acc: 0.5114
INFO:train:Epoch 7/200 	Train Loss: 0.1404, Train Balanced Acc: 0.6248	 Val Loss: 0.1482, Val Balanced Acc: 0.5859
INFO:train:Epoch 8/200 	Train Loss: 0.1383, Train Balanced Acc: 0.6225	 Val Loss: 0.1496, Val Balanced Acc: 0.5384
INFO:train:Epoch 9/200 	Train Loss: 0.1376, Train Balanced Acc: 0.6179	 Val Loss: 0.1419, Val Balanced Acc: 0.5683
INFO:train:Epoch 10/200 	Train Loss: 0.1366, Train Balanced Acc: 0.6265	 Val Loss: 0.1367, Val Balanced Acc: 0.5705
INFO:train:Epoch 11/200 	Train Loss: 0.1308, Train Balanced Acc: 0.6449	 Val Loss: 0.1432, Val Balanced Acc: 0.5226
INFO:train:Epoch 12/200 	Train Loss: 0.1321, Train Balanced Acc: 0.6195	 Val Loss: 0.1422, Val Balanced Acc: 0.6290
INFO:train:Epoch 13/200 	Train Loss: 0.1376, Train Balanced Acc: 0.6376	 Val Loss: 0.1374, Val Balanced Acc: 0.5560
INFO:train:Early stopping triggered after 13 epochs
INFO:train:Epoch 14/200 	Train Loss: 0.1341, Train Balanced Acc: 0.6249	 Val Loss: 0.1307, Val Balanced Acc: 0.5373
INFO:train:Early stopping triggered after 14 epochs
INFO:train:Epoch 15/200 	Train Loss: 0.1339, Train Balanced Acc: 0.6238	 Val Loss: 0.1525, Val Balanced Acc: 0.5578
INFO:train:Early stopping triggered after 15 epochs
INFO:train:Epoch 16/200 	Train Loss: 0.1285, Train Balanced Acc: 0.6307	 Val Loss: 0.1334, Val Balanced Acc: 0.5675
INFO:train:Early stopping triggered after 16 epochs
INFO:train:Epoch 17/200 	Train Loss: 0.1358, Train Balanced Acc: 0.6142	 Val Loss: 0.1377, Val Balanced Acc: 0.5431
INFO:train:Early stopping triggered after 17 epochs
INFO:train:Epoch 18/200 	Train Loss: 0.1340, Train Balanced Acc: 0.6324	 Val Loss: 0.1350, Val Balanced Acc: 0.6114
INFO:train:Early stopping triggered after 18 epochs
INFO:train:Epoch 19/200 	Train Loss: 0.1318, Train Balanced Acc: 0.6261	 Val Loss: 0.1521, Val Balanced Acc: 0.5700
INFO:train:Early stopping triggered after 19 epochs
INFO:train:Epoch 20/200 	Train Loss: 0.1295, Train Balanced Acc: 0.6160	 Val Loss: 0.1471, Val Balanced Acc: 0.6342
INFO:train:Early stopping triggered after 20 epochs
INFO:train:Epoch 21/200 	Train Loss: 0.1337, Train Balanced Acc: 0.6170	 Val Loss: 0.1338, Val Balanced Acc: 0.5526
INFO:train:Early stopping triggered after 21 epochs
INFO:train:Epoch 22/200 	Train Loss: 0.1319, Train Balanced Acc: 0.6321	 Val Loss: 0.1315, Val Balanced Acc: 0.5957
INFO:train:Early stopping triggered after 22 epochs
INFO:train:Epoch 23/200 	Train Loss: 0.1285, Train Balanced Acc: 0.6267	 Val Loss: 0.1450, Val Balanced Acc: 0.5671
INFO:train:Early stopping triggered after 23 epochs
INFO:train:Epoch 24/200 	Train Loss: 0.1294, Train Balanced Acc: 0.6282	 Val Loss: 0.1330, Val Balanced Acc: 0.6535
INFO:train:Epoch 25/200 	Train Loss: 0.1317, Train Balanced Acc: 0.6384	 Val Loss: 0.1313, Val Balanced Acc: 0.5728
INFO:train:Epoch 26/200 	Train Loss: 0.1294, Train Balanced Acc: 0.6204	 Val Loss: 0.1272, Val Balanced Acc: 0.5685
INFO:train:Epoch 27/200 	Train Loss: 0.1267, Train Balanced Acc: 0.6282	 Val Loss: 0.1395, Val Balanced Acc: 0.5895
INFO:train:Epoch 28/200 	Train Loss: 0.1260, Train Balanced Acc: 0.6302	 Val Loss: 0.1415, Val Balanced Acc: 0.5774
INFO:train:Epoch 29/200 	Train Loss: 0.1299, Train Balanced Acc: 0.6181	 Val Loss: 0.1257, Val Balanced Acc: 0.6381
INFO:train:Epoch 30/200 	Train Loss: 0.1258, Train Balanced Acc: 0.6323	 Val Loss: 0.1330, Val Balanced Acc: 0.5561
INFO:train:Epoch 31/200 	Train Loss: 0.1267, Train Balanced Acc: 0.6278	 Val Loss: 0.1450, Val Balanced Acc: 0.5589
INFO:train:Epoch 32/200 	Train Loss: 0.1245, Train Balanced Acc: 0.6276	 Val Loss: 0.1359, Val Balanced Acc: 0.6319
INFO:train:Epoch 33/200 	Train Loss: 0.1276, Train Balanced Acc: 0.6341	 Val Loss: 0.1216, Val Balanced Acc: 0.6274
INFO:train:Epoch 34/200 	Train Loss: 0.1241, Train Balanced Acc: 0.6184	 Val Loss: 0.1408, Val Balanced Acc: 0.5318
INFO:train:Early stopping triggered after 34 epochs
INFO:train:Epoch 35/200 	Train Loss: 0.1249, Train Balanced Acc: 0.6306	 Val Loss: 0.1417, Val Balanced Acc: 0.4918
INFO:train:Early stopping triggered after 35 epochs
INFO:train:Epoch 36/200 	Train Loss: 0.1241, Train Balanced Acc: 0.6245	 Val Loss: 0.1394, Val Balanced Acc: 0.6352
INFO:train:Early stopping triggered after 36 epochs
INFO:train:Epoch 37/200 	Train Loss: 0.1255, Train Balanced Acc: 0.6188	 Val Loss: 0.1221, Val Balanced Acc: 0.6197
INFO:train:Early stopping triggered after 37 epochs
INFO:train:Epoch 38/200 	Train Loss: 0.1231, Train Balanced Acc: 0.6247	 Val Loss: 0.1444, Val Balanced Acc: 0.6235
INFO:train:Early stopping triggered after 38 epochs
INFO:train:Epoch 39/200 	Train Loss: 0.1243, Train Balanced Acc: 0.6331	 Val Loss: 0.1471, Val Balanced Acc: 0.5493
INFO:train:Early stopping triggered after 39 epochs
INFO:train:Epoch 40/200 	Train Loss: 0.1221, Train Balanced Acc: 0.6274	 Val Loss: 0.1539, Val Balanced Acc: 0.5025
INFO:train:Early stopping triggered after 40 epochs
INFO:train:Epoch 41/200 	Train Loss: 0.1237, Train Balanced Acc: 0.6273	 Val Loss: 0.1265, Val Balanced Acc: 0.6262
INFO:train:Early stopping triggered after 41 epochs
INFO:train:Epoch 42/200 	Train Loss: 0.1225, Train Balanced Acc: 0.6225	 Val Loss: 0.1492, Val Balanced Acc: 0.3957
INFO:train:Early stopping triggered after 42 epochs
INFO:train:Epoch 43/200 	Train Loss: 0.1218, Train Balanced Acc: 0.6284	 Val Loss: 0.1457, Val Balanced Acc: 0.5632
INFO:train:Early stopping triggered after 43 epochs
INFO:train:Epoch 44/200 	Train Loss: 0.1204, Train Balanced Acc: 0.6187	 Val Loss: 0.1475, Val Balanced Acc: 0.4792
INFO:train:Early stopping triggered after 44 epochs
INFO:train:Epoch 45/200 	Train Loss: 0.1217, Train Balanced Acc: 0.6287	 Val Loss: 0.1232, Val Balanced Acc: 0.6202
INFO:train:Early stopping triggered after 45 epochs
INFO:train:Epoch 46/200 	Train Loss: 0.1208, Train Balanced Acc: 0.6170	 Val Loss: 0.1551, Val Balanced Acc: 0.3863
INFO:train:Early stopping triggered after 46 epochs
INFO:train:Epoch 47/200 	Train Loss: 0.1206, Train Balanced Acc: 0.6276	 Val Loss: 0.1533, Val Balanced Acc: 0.5388
INFO:train:Early stopping triggered after 47 epochs
INFO:train:Epoch 48/200 	Train Loss: 0.1200, Train Balanced Acc: 0.6198	 Val Loss: 0.1510, Val Balanced Acc: 0.3952
INFO:train:Early stopping triggered after 48 epochs
INFO:train:Epoch 49/200 	Train Loss: 0.1221, Train Balanced Acc: 0.6109	 Val Loss: 0.1479, Val Balanced Acc: 0.5793
INFO:train:Early stopping triggered after 49 epochs
INFO:train:Epoch 50/200 	Train Loss: 0.1223, Train Balanced Acc: 0.6303	 Val Loss: 0.1381, Val Balanced Acc: 0.6191
INFO:train:Early stopping triggered after 50 epochs
INFO:train:Epoch 51/200 	Train Loss: 0.1217, Train Balanced Acc: 0.6230	 Val Loss: 0.1518, Val Balanced Acc: 0.6223
INFO:train:Early stopping triggered after 51 epochs
INFO:train:Epoch 52/200 	Train Loss: 0.1205, Train Balanced Acc: 0.6217	 Val Loss: 0.1414, Val Balanced Acc: 0.6511
INFO:train:Early stopping triggered after 52 epochs
INFO:train:Epoch 53/200 	Train Loss: 0.1196, Train Balanced Acc: 0.6229	 Val Loss: 0.1306, Val Balanced Acc: 0.5861
INFO:train:Early stopping triggered after 53 epochs
INFO:train:Epoch 54/200 	Train Loss: 0.1192, Train Balanced Acc: 0.6201	 Val Loss: 0.1389, Val Balanced Acc: 0.6548
INFO:train:Epoch 55/200 	Train Loss: 0.1184, Train Balanced Acc: 0.6201	 Val Loss: 0.1440, Val Balanced Acc: 0.5595
INFO:train:Epoch 56/200 	Train Loss: 0.1177, Train Balanced Acc: 0.6099	 Val Loss: 0.1364, Val Balanced Acc: 0.5525
INFO:train:Epoch 57/200 	Train Loss: 0.1177, Train Balanced Acc: 0.6208	 Val Loss: 0.1392, Val Balanced Acc: 0.5805
INFO:train:Epoch 58/200 	Train Loss: 0.1184, Train Balanced Acc: 0.6039	 Val Loss: 0.1385, Val Balanced Acc: 0.5515
INFO:train:Epoch 59/200 	Train Loss: 0.1188, Train Balanced Acc: 0.6099	 Val Loss: 0.1278, Val Balanced Acc: 0.5570
INFO:train:Epoch 60/200 	Train Loss: 0.1175, Train Balanced Acc: 0.6101	 Val Loss: 0.1507, Val Balanced Acc: 0.3784
INFO:train:Epoch 61/200 	Train Loss: 0.1181, Train Balanced Acc: 0.6087	 Val Loss: 0.1343, Val Balanced Acc: 0.5610
INFO:train:Epoch 62/200 	Train Loss: 0.1195, Train Balanced Acc: 0.6057	 Val Loss: 0.1620, Val Balanced Acc: 0.3623
INFO:train:Epoch 63/200 	Train Loss: 0.1187, Train Balanced Acc: 0.6094	 Val Loss: 0.1535, Val Balanced Acc: 0.3892
INFO:train:Epoch 64/200 	Train Loss: 0.1190, Train Balanced Acc: 0.6054	 Val Loss: 0.1482, Val Balanced Acc: 0.5216
INFO:train:Early stopping triggered after 64 epochs
INFO:train:Epoch 65/200 	Train Loss: 0.1215, Train Balanced Acc: 0.6138	 Val Loss: 0.1427, Val Balanced Acc: 0.5517
INFO:train:Early stopping triggered after 65 epochs
INFO:train:Epoch 66/200 	Train Loss: 0.1190, Train Balanced Acc: 0.6120	 Val Loss: 0.1483, Val Balanced Acc: 0.4916
INFO:train:Early stopping triggered after 66 epochs
INFO:train:Epoch 67/200 	Train Loss: 0.1174, Train Balanced Acc: 0.6065	 Val Loss: 0.1517, Val Balanced Acc: 0.5742
INFO:train:Early stopping triggered after 67 epochs
INFO:train:Epoch 68/200 	Train Loss: 0.1187, Train Balanced Acc: 0.6014	 Val Loss: 0.1178, Val Balanced Acc: 0.5461
INFO:train:Early stopping triggered after 68 epochs
INFO:train:Epoch 69/200 	Train Loss: 0.1187, Train Balanced Acc: 0.6126	 Val Loss: 0.1453, Val Balanced Acc: 0.6701
INFO:train:Epoch 70/200 	Train Loss: 0.1215, Train Balanced Acc: 0.6212	 Val Loss: 0.1381, Val Balanced Acc: 0.5096
INFO:train:Epoch 71/200 	Train Loss: 0.1181, Train Balanced Acc: 0.6169	 Val Loss: 0.1603, Val Balanced Acc: 0.3819
INFO:train:Epoch 72/200 	Train Loss: 0.1183, Train Balanced Acc: 0.6198	 Val Loss: 0.1297, Val Balanced Acc: 0.6781
INFO:train:Epoch 73/200 	Train Loss: 0.1191, Train Balanced Acc: 0.6204	 Val Loss: 0.1513, Val Balanced Acc: 0.6697
INFO:train:Epoch 74/200 	Train Loss: 0.1205, Train Balanced Acc: 0.6018	 Val Loss: 0.1537, Val Balanced Acc: 0.5805
INFO:train:Epoch 75/200 	Train Loss: 0.1178, Train Balanced Acc: 0.6144	 Val Loss: 0.1388, Val Balanced Acc: 0.5958
INFO:train:Epoch 76/200 	Train Loss: 0.1203, Train Balanced Acc: 0.6167	 Val Loss: 0.1349, Val Balanced Acc: 0.5550
INFO:train:Epoch 77/200 	Train Loss: 0.1188, Train Balanced Acc: 0.6109	 Val Loss: 0.1351, Val Balanced Acc: 0.5919
INFO:train:Epoch 78/200 	Train Loss: 0.1200, Train Balanced Acc: 0.6088	 Val Loss: 0.1527, Val Balanced Acc: 0.5432
INFO:train:Epoch 79/200 	Train Loss: 0.1175, Train Balanced Acc: 0.6028	 Val Loss: 0.1408, Val Balanced Acc: 0.5721
INFO:train:Epoch 80/200 	Train Loss: 0.1176, Train Balanced Acc: 0.6011	 Val Loss: 0.1363, Val Balanced Acc: 0.5169
INFO:train:Epoch 81/200 	Train Loss: 0.1177, Train Balanced Acc: 0.5922	 Val Loss: 0.1500, Val Balanced Acc: 0.6209
INFO:train:Epoch 82/200 	Train Loss: 0.1182, Train Balanced Acc: 0.6024	 Val Loss: 0.1490, Val Balanced Acc: 0.5204
INFO:train:Early stopping triggered after 82 epochs
INFO:train:Epoch 83/200 	Train Loss: 0.1167, Train Balanced Acc: 0.5808	 Val Loss: 0.1511, Val Balanced Acc: 0.5697
INFO:train:Early stopping triggered after 83 epochs
INFO:train:Epoch 84/200 	Train Loss: 0.1175, Train Balanced Acc: 0.5977	 Val Loss: 0.1299, Val Balanced Acc: 0.5598
INFO:train:Early stopping triggered after 84 epochs
INFO:train:Epoch 85/200 	Train Loss: 0.1186, Train Balanced Acc: 0.5801	 Val Loss: 0.1546, Val Balanced Acc: 0.7233
INFO:train:Epoch 86/200 	Train Loss: 0.1179, Train Balanced Acc: 0.6042	 Val Loss: 0.1556, Val Balanced Acc: 0.5400
INFO:train:Epoch 87/200 	Train Loss: 0.1190, Train Balanced Acc: 0.6142	 Val Loss: 0.1475, Val Balanced Acc: 0.5430
INFO:train:Epoch 88/200 	Train Loss: 0.1180, Train Balanced Acc: 0.5935	 Val Loss: 0.1271, Val Balanced Acc: 0.5397
INFO:train:Epoch 89/200 	Train Loss: 0.1202, Train Balanced Acc: 0.6041	 Val Loss: 0.1488, Val Balanced Acc: 0.5954
INFO:train:Epoch 90/200 	Train Loss: 0.1186, Train Balanced Acc: 0.6110	 Val Loss: 0.1522, Val Balanced Acc: 0.5236
INFO:train:Epoch 91/200 	Train Loss: 0.1169, Train Balanced Acc: 0.5880	 Val Loss: 0.1414, Val Balanced Acc: 0.5386
INFO:train:Epoch 92/200 	Train Loss: 0.1168, Train Balanced Acc: 0.5800	 Val Loss: 0.1435, Val Balanced Acc: 0.5685
INFO:train:Epoch 93/200 	Train Loss: 0.1174, Train Balanced Acc: 0.5805	 Val Loss: 0.1509, Val Balanced Acc: 0.5571
INFO:train:Epoch 94/200 	Train Loss: 0.1174, Train Balanced Acc: 0.5842	 Val Loss: 0.1511, Val Balanced Acc: 0.5355
INFO:train:Epoch 95/200 	Train Loss: 0.1166, Train Balanced Acc: 0.5720	 Val Loss: 0.1369, Val Balanced Acc: 0.5406
INFO:train:Early stopping triggered after 95 epochs
INFO:train:Epoch 96/200 	Train Loss: 0.1162, Train Balanced Acc: 0.5837	 Val Loss: 0.1215, Val Balanced Acc: 0.5709
INFO:train:Early stopping triggered after 96 epochs
INFO:train:Epoch 97/200 	Train Loss: 0.1164, Train Balanced Acc: 0.5820	 Val Loss: 0.1506, Val Balanced Acc: 0.6360
INFO:train:Early stopping triggered after 97 epochs
INFO:train:Epoch 98/200 	Train Loss: 0.1169, Train Balanced Acc: 0.5757	 Val Loss: 0.1526, Val Balanced Acc: 0.5486
INFO:train:Early stopping triggered after 98 epochs
INFO:train:Epoch 99/200 	Train Loss: 0.1158, Train Balanced Acc: 0.5589	 Val Loss: 0.1376, Val Balanced Acc: 0.5591
INFO:train:Early stopping triggered after 99 epochs
INFO:train:Epoch 100/200 	Train Loss: 0.1148, Train Balanced Acc: 0.5657	 Val Loss: 0.1234, Val Balanced Acc: 0.5875
INFO:train:Early stopping triggered after 100 epochs
INFO:train:Epoch 101/200 	Train Loss: 0.1161, Train Balanced Acc: 0.5684	 Val Loss: 0.1645, Val Balanced Acc: 0.6104
INFO:train:Early stopping triggered after 101 epochs
INFO:train:Epoch 102/200 	Train Loss: 0.1162, Train Balanced Acc: 0.5741	 Val Loss: 0.1679, Val Balanced Acc: 0.5431
INFO:train:Early stopping triggered after 102 epochs
INFO:train:Epoch 103/200 	Train Loss: 0.1161, Train Balanced Acc: 0.5600	 Val Loss: 0.1361, Val Balanced Acc: 0.5238
INFO:train:Early stopping triggered after 103 epochs
INFO:train:Epoch 104/200 	Train Loss: 0.1149, Train Balanced Acc: 0.5649	 Val Loss: 0.1430, Val Balanced Acc: 0.5573
INFO:train:Early stopping triggered after 104 epochs
INFO:train:Epoch 105/200 	Train Loss: 0.1160, Train Balanced Acc: 0.5642	 Val Loss: 0.1465, Val Balanced Acc: 0.5164
INFO:train:Early stopping triggered after 105 epochs
INFO:train:Epoch 106/200 	Train Loss: 0.1154, Train Balanced Acc: 0.5709	 Val Loss: 0.1545, Val Balanced Acc: 0.5036
INFO:train:Early stopping triggered after 106 epochs
INFO:train:Epoch 107/200 	Train Loss: 0.1158, Train Balanced Acc: 0.5526	 Val Loss: 0.1311, Val Balanced Acc: 0.5186
INFO:train:Early stopping triggered after 107 epochs
INFO:train:Epoch 108/200 	Train Loss: 0.1165, Train Balanced Acc: 0.5867	 Val Loss: 0.1369, Val Balanced Acc: 0.5879
INFO:train:Early stopping triggered after 108 epochs
INFO:train:Epoch 109/200 	Train Loss: 0.1208, Train Balanced Acc: 0.5785	 Val Loss: 0.1542, Val Balanced Acc: 0.6524
INFO:train:Early stopping triggered after 109 epochs
INFO:train:Epoch 110/200 	Train Loss: 0.1186, Train Balanced Acc: 0.6152	 Val Loss: 0.1486, Val Balanced Acc: 0.5516
INFO:train:Early stopping triggered after 110 epochs
INFO:train:Epoch 111/200 	Train Loss: 0.1158, Train Balanced Acc: 0.5692	 Val Loss: 0.1436, Val Balanced Acc: 0.5384
INFO:train:Early stopping triggered after 111 epochs
INFO:train:Epoch 112/200 	Train Loss: 0.1163, Train Balanced Acc: 0.5740	 Val Loss: 0.1206, Val Balanced Acc: 0.5274
INFO:train:Early stopping triggered after 112 epochs
INFO:train:Epoch 113/200 	Train Loss: 0.1170, Train Balanced Acc: 0.5741	 Val Loss: 0.1450, Val Balanced Acc: 0.5396
INFO:train:Early stopping triggered after 113 epochs
INFO:train:Epoch 114/200 	Train Loss: 0.1169, Train Balanced Acc: 0.5763	 Val Loss: 0.1627, Val Balanced Acc: 0.5649
INFO:train:Early stopping triggered after 114 epochs
INFO:train:Epoch 115/200 	Train Loss: 0.1164, Train Balanced Acc: 0.5785	 Val Loss: 0.1459, Val Balanced Acc: 0.5556
INFO:train:Early stopping triggered after 115 epochs
INFO:train:Epoch 116/200 	Train Loss: 0.1158, Train Balanced Acc: 0.5759	 Val Loss: 0.1240, Val Balanced Acc: 0.5155
INFO:train:Early stopping triggered after 116 epochs
INFO:train:Epoch 117/200 	Train Loss: 0.1161, Train Balanced Acc: 0.5468	 Val Loss: 0.1259, Val Balanced Acc: 0.5226
INFO:train:Early stopping triggered after 117 epochs
INFO:train:Epoch 118/200 	Train Loss: 0.1193, Train Balanced Acc: 0.5715	 Val Loss: 0.1255, Val Balanced Acc: 0.5540
INFO:train:Early stopping triggered after 118 epochs
INFO:train:Epoch 119/200 	Train Loss: 0.1176, Train Balanced Acc: 0.5825	 Val Loss: 0.1358, Val Balanced Acc: 0.5408
INFO:train:Early stopping triggered after 119 epochs
INFO:train:Epoch 120/200 	Train Loss: 0.1155, Train Balanced Acc: 0.5887	 Val Loss: 0.1261, Val Balanced Acc: 0.5371
INFO:train:Early stopping triggered after 120 epochs
INFO:train:Epoch 121/200 	Train Loss: 0.1177, Train Balanced Acc: 0.5727	 Val Loss: 0.1551, Val Balanced Acc: 0.5532
INFO:train:Early stopping triggered after 121 epochs
INFO:train:Epoch 122/200 	Train Loss: 0.1160, Train Balanced Acc: 0.5756	 Val Loss: 0.1664, Val Balanced Acc: 0.5036
INFO:train:Early stopping triggered after 122 epochs
INFO:train:Epoch 123/200 	Train Loss: 0.1164, Train Balanced Acc: 0.5528	 Val Loss: 0.1366, Val Balanced Acc: 0.5072
INFO:train:Early stopping triggered after 123 epochs
INFO:train:Epoch 124/200 	Train Loss: 0.1172, Train Balanced Acc: 0.5771	 Val Loss: 0.1342, Val Balanced Acc: 0.5654
INFO:train:Early stopping triggered after 124 epochs
INFO:train:Epoch 125/200 	Train Loss: 0.1167, Train Balanced Acc: 0.5683	 Val Loss: 0.1562, Val Balanced Acc: 0.5083
INFO:train:Early stopping triggered after 125 epochs
INFO:train:Epoch 126/200 	Train Loss: 0.1163, Train Balanced Acc: 0.5659	 Val Loss: 0.1716, Val Balanced Acc: 0.5191
INFO:train:Early stopping triggered after 126 epochs
INFO:train:Epoch 127/200 	Train Loss: 0.1163, Train Balanced Acc: 0.5599	 Val Loss: 0.1387, Val Balanced Acc: 0.6164
INFO:train:Early stopping triggered after 127 epochs
INFO:train:Epoch 128/200 	Train Loss: 0.1145, Train Balanced Acc: 0.5569	 Val Loss: 0.1310, Val Balanced Acc: 0.5490
INFO:train:Early stopping triggered after 128 epochs
INFO:train:Epoch 129/200 	Train Loss: 0.1163, Train Balanced Acc: 0.5502	 Val Loss: 0.1426, Val Balanced Acc: 0.5168
INFO:train:Early stopping triggered after 129 epochs
INFO:train:Epoch 130/200 	Train Loss: 0.1161, Train Balanced Acc: 0.5607	 Val Loss: 0.1502, Val Balanced Acc: 0.5190
INFO:train:Early stopping triggered after 130 epochs
INFO:train:Epoch 131/200 	Train Loss: 0.1155, Train Balanced Acc: 0.5473	 Val Loss: 0.1300, Val Balanced Acc: 0.5498
INFO:train:Early stopping triggered after 131 epochs
INFO:train:Epoch 132/200 	Train Loss: 0.1144, Train Balanced Acc: 0.5610	 Val Loss: 0.1271, Val Balanced Acc: 0.5468
INFO:train:Early stopping triggered after 132 epochs
INFO:train:Epoch 133/200 	Train Loss: 0.1153, Train Balanced Acc: 0.5381	 Val Loss: 0.1697, Val Balanced Acc: 0.5024
INFO:train:Early stopping triggered after 133 epochs
INFO:train:Epoch 134/200 	Train Loss: 0.1144, Train Balanced Acc: 0.5328	 Val Loss: 0.1578, Val Balanced Acc: 0.5000
INFO:train:Early stopping triggered after 134 epochs
INFO:train:Epoch 135/200 	Train Loss: 0.1139, Train Balanced Acc: 0.5233	 Val Loss: 0.1438, Val Balanced Acc: 0.5335
INFO:train:Early stopping triggered after 135 epochs
INFO:train:Epoch 136/200 	Train Loss: 0.1152, Train Balanced Acc: 0.5323	 Val Loss: 0.1459, Val Balanced Acc: 0.5395
INFO:train:Early stopping triggered after 136 epochs
INFO:train:Epoch 137/200 	Train Loss: 0.1185, Train Balanced Acc: 0.5740	 Val Loss: 0.1577, Val Balanced Acc: 0.5252
INFO:train:Early stopping triggered after 137 epochs
INFO:train:Epoch 138/200 	Train Loss: 0.1160, Train Balanced Acc: 0.5818	 Val Loss: 0.1440, Val Balanced Acc: 0.5426
INFO:train:Early stopping triggered after 138 epochs
INFO:train:Epoch 139/200 	Train Loss: 0.1164, Train Balanced Acc: 0.5454	 Val Loss: 0.1419, Val Balanced Acc: 0.5049
INFO:train:Early stopping triggered after 139 epochs
INFO:train:Epoch 140/200 	Train Loss: 0.1167, Train Balanced Acc: 0.5886	 Val Loss: 0.1518, Val Balanced Acc: 0.5229
INFO:train:Early stopping triggered after 140 epochs
INFO:train:Epoch 141/200 	Train Loss: 0.1178, Train Balanced Acc: 0.5711	 Val Loss: 0.1466, Val Balanced Acc: 0.5642
INFO:train:Early stopping triggered after 141 epochs
INFO:train:Epoch 142/200 	Train Loss: 0.1147, Train Balanced Acc: 0.5604	 Val Loss: 0.1479, Val Balanced Acc: 0.5012
INFO:train:Early stopping triggered after 142 epochs
INFO:train:Epoch 143/200 	Train Loss: 0.1192, Train Balanced Acc: 0.5552	 Val Loss: 0.1278, Val Balanced Acc: 0.5578
INFO:train:Early stopping triggered after 143 epochs
INFO:train:Epoch 144/200 	Train Loss: 0.1177, Train Balanced Acc: 0.6095	 Val Loss: 0.1438, Val Balanced Acc: 0.5430
INFO:train:Early stopping triggered after 144 epochs
INFO:train:Epoch 145/200 	Train Loss: 0.1184, Train Balanced Acc: 0.5901	 Val Loss: 0.1629, Val Balanced Acc: 0.5457
INFO:train:Early stopping triggered after 145 epochs
INFO:train:Epoch 146/200 	Train Loss: 0.1155, Train Balanced Acc: 0.5559	 Val Loss: 0.1575, Val Balanced Acc: 0.5119
INFO:train:Early stopping triggered after 146 epochs
INFO:train:Epoch 147/200 	Train Loss: 0.1153, Train Balanced Acc: 0.5590	 Val Loss: 0.1394, Val Balanced Acc: 0.5380
INFO:train:Early stopping triggered after 147 epochs
INFO:train:Epoch 148/200 	Train Loss: 0.1132, Train Balanced Acc: 0.5326	 Val Loss: 0.1336, Val Balanced Acc: 0.5000
INFO:train:Early stopping triggered after 148 epochs
INFO:train:Epoch 149/200 	Train Loss: 0.1160, Train Balanced Acc: 0.5297	 Val Loss: 0.1290, Val Balanced Acc: 0.5421
INFO:train:Early stopping triggered after 149 epochs
INFO:train:Epoch 150/200 	Train Loss: 0.1175, Train Balanced Acc: 0.5662	 Val Loss: 0.1307, Val Balanced Acc: 0.5215
INFO:train:Early stopping triggered after 150 epochs
INFO:train:Epoch 151/200 	Train Loss: 0.1153, Train Balanced Acc: 0.5586	 Val Loss: 0.1465, Val Balanced Acc: 0.5057
INFO:train:Early stopping triggered after 151 epochs
INFO:train:Epoch 152/200 	Train Loss: 0.1145, Train Balanced Acc: 0.5404	 Val Loss: 0.1399, Val Balanced Acc: 0.5012
INFO:train:Early stopping triggered after 152 epochs
INFO:train:Epoch 153/200 	Train Loss: 0.1164, Train Balanced Acc: 0.5375	 Val Loss: 0.1652, Val Balanced Acc: 0.4955
INFO:train:Early stopping triggered after 153 epochs
INFO:train:Epoch 154/200 	Train Loss: 0.1159, Train Balanced Acc: 0.5601	 Val Loss: 0.1411, Val Balanced Acc: 0.5060
INFO:train:Early stopping triggered after 154 epochs
INFO:train:Epoch 155/200 	Train Loss: 0.1173, Train Balanced Acc: 0.5760	 Val Loss: 0.1417, Val Balanced Acc: 0.5659
INFO:train:Early stopping triggered after 155 epochs
INFO:train:Epoch 156/200 	Train Loss: 0.1152, Train Balanced Acc: 0.5692	 Val Loss: 0.1385, Val Balanced Acc: 0.5262
INFO:train:Early stopping triggered after 156 epochs
INFO:train:Epoch 157/200 	Train Loss: 0.1174, Train Balanced Acc: 0.5601	 Val Loss: 0.1411, Val Balanced Acc: 0.5214
INFO:train:Early stopping triggered after 157 epochs
INFO:train:Epoch 158/200 	Train Loss: 0.1157, Train Balanced Acc: 0.5735	 Val Loss: 0.1620, Val Balanced Acc: 0.4591
INFO:train:Early stopping triggered after 158 epochs
INFO:train:Epoch 159/200 	Train Loss: 0.1162, Train Balanced Acc: 0.5620	 Val Loss: 0.1450, Val Balanced Acc: 0.5477
INFO:train:Early stopping triggered after 159 epochs
INFO:train:Epoch 160/200 	Train Loss: 0.1150, Train Balanced Acc: 0.5507	 Val Loss: 0.1325, Val Balanced Acc: 0.5107
INFO:train:Early stopping triggered after 160 epochs
INFO:train:Epoch 161/200 	Train Loss: 0.1153, Train Balanced Acc: 0.5409	 Val Loss: 0.1493, Val Balanced Acc: 0.4905
INFO:train:Early stopping triggered after 161 epochs
INFO:train:Epoch 162/200 	Train Loss: 0.1146, Train Balanced Acc: 0.5350	 Val Loss: 0.1372, Val Balanced Acc: 0.5000
INFO:train:Early stopping triggered after 162 epochs
INFO:train:Epoch 163/200 	Train Loss: 0.1168, Train Balanced Acc: 0.5815	 Val Loss: 0.1300, Val Balanced Acc: 0.5000
INFO:train:Early stopping triggered after 163 epochs
INFO:train:Epoch 164/200 	Train Loss: 0.1164, Train Balanced Acc: 0.5627	 Val Loss: 0.1433, Val Balanced Acc: 0.6360
INFO:train:Early stopping triggered after 164 epochs
INFO:train:Epoch 165/200 	Train Loss: 0.1174, Train Balanced Acc: 0.5816	 Val Loss: 0.1417, Val Balanced Acc: 0.5359
INFO:train:Early stopping triggered after 165 epochs
INFO:train:Epoch 166/200 	Train Loss: 0.1153, Train Balanced Acc: 0.5468	 Val Loss: 0.1422, Val Balanced Acc: 0.5228
INFO:train:Early stopping triggered after 166 epochs
INFO:train:Epoch 167/200 	Train Loss: 0.1161, Train Balanced Acc: 0.5414	 Val Loss: 0.1380, Val Balanced Acc: 0.5378
INFO:train:Early stopping triggered after 167 epochs
INFO:train:Epoch 168/200 	Train Loss: 0.1180, Train Balanced Acc: 0.5864	 Val Loss: 0.1348, Val Balanced Acc: 0.5108
INFO:train:Early stopping triggered after 168 epochs
INFO:train:Epoch 169/200 	Train Loss: 0.1166, Train Balanced Acc: 0.5621	 Val Loss: 0.1482, Val Balanced Acc: 0.5071
INFO:train:Early stopping triggered after 169 epochs
INFO:train:Epoch 170/200 	Train Loss: 0.1164, Train Balanced Acc: 0.5715	 Val Loss: 0.1422, Val Balanced Acc: 0.5663
INFO:train:Early stopping triggered after 170 epochs
INFO:train:Epoch 171/200 	Train Loss: 0.1154, Train Balanced Acc: 0.5647	 Val Loss: 0.1350, Val Balanced Acc: 0.6475
INFO:train:Early stopping triggered after 171 epochs
INFO:train:Epoch 172/200 	Train Loss: 0.1140, Train Balanced Acc: 0.5647	 Val Loss: 0.1438, Val Balanced Acc: 0.5060
INFO:train:Early stopping triggered after 172 epochs
INFO:train:Epoch 173/200 	Train Loss: 0.1154, Train Balanced Acc: 0.5186	 Val Loss: 0.1454, Val Balanced Acc: 0.5024
INFO:train:Early stopping triggered after 173 epochs
INFO:train:Epoch 174/200 	Train Loss: 0.1141, Train Balanced Acc: 0.5300	 Val Loss: 0.1438, Val Balanced Acc: 0.5012
INFO:train:Early stopping triggered after 174 epochs
INFO:train:Epoch 175/200 	Train Loss: 0.1184, Train Balanced Acc: 0.5501	 Val Loss: 0.1654, Val Balanced Acc: 0.5661
INFO:train:Early stopping triggered after 175 epochs
INFO:train:Epoch 176/200 	Train Loss: 0.1174, Train Balanced Acc: 0.5942	 Val Loss: 0.1574, Val Balanced Acc: 0.3378
INFO:train:Early stopping triggered after 176 epochs
INFO:train:Epoch 177/200 	Train Loss: 0.1179, Train Balanced Acc: 0.5945	 Val Loss: 0.1442, Val Balanced Acc: 0.5348
INFO:train:Early stopping triggered after 177 epochs
INFO:train:Epoch 178/200 	Train Loss: 0.1162, Train Balanced Acc: 0.5581	 Val Loss: 0.1382, Val Balanced Acc: 0.5060
INFO:train:Early stopping triggered after 178 epochs
INFO:train:Epoch 179/200 	Train Loss: 0.1159, Train Balanced Acc: 0.5770	 Val Loss: 0.1260, Val Balanced Acc: 0.5191
INFO:train:Early stopping triggered after 179 epochs
INFO:train:Epoch 180/200 	Train Loss: 0.1157, Train Balanced Acc: 0.5421	 Val Loss: 0.1551, Val Balanced Acc: 0.5253
INFO:train:Early stopping triggered after 180 epochs
INFO:train:Epoch 181/200 	Train Loss: 0.1177, Train Balanced Acc: 0.5882	 Val Loss: 0.1549, Val Balanced Acc: 0.6850
INFO:train:Early stopping triggered after 181 epochs
INFO:train:Epoch 182/200 	Train Loss: 0.1155, Train Balanced Acc: 0.5588	 Val Loss: 0.1403, Val Balanced Acc: 0.5000
INFO:train:Early stopping triggered after 182 epochs
INFO:train:Epoch 183/200 	Train Loss: 0.1149, Train Balanced Acc: 0.5324	 Val Loss: 0.1279, Val Balanced Acc: 0.5361
INFO:train:Early stopping triggered after 183 epochs
INFO:train:Epoch 184/200 	Train Loss: 0.1193, Train Balanced Acc: 0.5742	 Val Loss: 0.1588, Val Balanced Acc: 0.5935
INFO:train:Early stopping triggered after 184 epochs
INFO:train:Epoch 185/200 	Train Loss: 0.1172, Train Balanced Acc: 0.5738	 Val Loss: 0.1421, Val Balanced Acc: 0.5221
INFO:train:Early stopping triggered after 185 epochs
INFO:train:Epoch 186/200 	Train Loss: 0.1154, Train Balanced Acc: 0.5418	 Val Loss: 0.1416, Val Balanced Acc: 0.5142
INFO:train:Early stopping triggered after 186 epochs
INFO:train:Epoch 187/200 	Train Loss: 0.1153, Train Balanced Acc: 0.5790	 Val Loss: 0.1648, Val Balanced Acc: 0.5288
INFO:train:Early stopping triggered after 187 epochs
INFO:train:Epoch 188/200 	Train Loss: 0.1155, Train Balanced Acc: 0.5468	 Val Loss: 0.1477, Val Balanced Acc: 0.5012
INFO:train:Early stopping triggered after 188 epochs
INFO:train:Epoch 189/200 	Train Loss: 0.1157, Train Balanced Acc: 0.5363	 Val Loss: 0.1311, Val Balanced Acc: 0.5000
INFO:train:Early stopping triggered after 189 epochs
INFO:train:Epoch 190/200 	Train Loss: 0.1146, Train Balanced Acc: 0.5239	 Val Loss: 0.1465, Val Balanced Acc: 0.5059
INFO:train:Early stopping triggered after 190 epochs
INFO:train:Epoch 191/200 	Train Loss: 0.1131, Train Balanced Acc: 0.5189	 Val Loss: 0.1252, Val Balanced Acc: 0.5012
INFO:train:Early stopping triggered after 191 epochs
INFO:train:Epoch 192/200 	Train Loss: 0.1153, Train Balanced Acc: 0.5171	 Val Loss: 0.1612, Val Balanced Acc: 0.5950
INFO:train:Early stopping triggered after 192 epochs
INFO:train:Epoch 193/200 	Train Loss: 0.1158, Train Balanced Acc: 0.5415	 Val Loss: 0.1476, Val Balanced Acc: 0.5190
INFO:train:Early stopping triggered after 193 epochs
INFO:train:Epoch 194/200 	Train Loss: 0.1147, Train Balanced Acc: 0.5224	 Val Loss: 0.1462, Val Balanced Acc: 0.5144
INFO:train:Early stopping triggered after 194 epochs
INFO:train:Epoch 195/200 	Train Loss: 0.1144, Train Balanced Acc: 0.5444	 Val Loss: 0.1443, Val Balanced Acc: 0.5138
INFO:train:Early stopping triggered after 195 epochs
INFO:train:Epoch 196/200 	Train Loss: 0.1158, Train Balanced Acc: 0.5437	 Val Loss: 0.1523, Val Balanced Acc: 0.5000
INFO:train:Early stopping triggered after 196 epochs
INFO:train:Epoch 197/200 	Train Loss: 0.1160, Train Balanced Acc: 0.5464	 Val Loss: 0.1562, Val Balanced Acc: 0.6355
INFO:train:Early stopping triggered after 197 epochs
INFO:train:Epoch 198/200 	Train Loss: 0.1148, Train Balanced Acc: 0.5565	 Val Loss: 0.1391, Val Balanced Acc: 0.5066
INFO:train:Early stopping triggered after 198 epochs
INFO:train:Epoch 199/200 	Train Loss: 0.1137, Train Balanced Acc: 0.5419	 Val Loss: 0.1348, Val Balanced Acc: 0.5048
INFO:train:Early stopping triggered after 199 epochs
INFO:train:Epoch 200/200 	Train Loss: 0.1149, Train Balanced Acc: 0.5181	 Val Loss: 0.1629, Val Balanced Acc: 0.5000
INFO:train:Early stopping triggered after 200 epochs
INFO:plot:Saving attention map to: figures/model_accuracy.png
INFO:__main__:Total time taken to train the model: 843.58s
INFO:train:train set balanced accuracy: 0.5092
INFO:plot:Saving cofusion matrix map to: figures/train_confusion_matrix.png
INFO:train:Total time taken to evaluate on train set: 1.47s
INFO:train:validation set balanced accuracy: 0.4887
INFO:plot:Saving cofusion matrix map to: figures/validation_confusion_matrix.png
INFO:train:Total time taken to evaluate on validation set: 0.37s
INFO:plot:Saving attention map to: figures/encoder_attention_map.png
INFO:plot:Saving attention map to: figures/decoder_attention_map.png
