INFO:__main__:Dataset: species
INFO:train:Epoch 1/1000 	Train Loss: 0.7030, Train Acc: 0.4651	 Val Loss: 0.6954, Val Acc: 0.5455
INFO:train:Epoch 2/1000 	Train Loss: 0.6975, Train Acc: 0.4884	 Val Loss: 0.7031, Val Acc: 0.5000
INFO:train:Epoch 3/1000 	Train Loss: 0.6927, Train Acc: 0.5116	 Val Loss: 0.7230, Val Acc: 0.4091
INFO:train:Epoch 4/1000 	Train Loss: 0.6934, Train Acc: 0.5465	 Val Loss: 0.6492, Val Acc: 0.8182
INFO:train:Epoch 5/1000 	Train Loss: 0.6940, Train Acc: 0.5116	 Val Loss: 0.7279, Val Acc: 0.5455
INFO:train:Epoch 6/1000 	Train Loss: 0.6873, Train Acc: 0.5465	 Val Loss: 0.7129, Val Acc: 0.5455
INFO:train:Epoch 7/1000 	Train Loss: 0.6843, Train Acc: 0.5814	 Val Loss: 0.7292, Val Acc: 0.5455
INFO:train:Epoch 8/1000 	Train Loss: 0.6865, Train Acc: 0.5581	 Val Loss: 0.7270, Val Acc: 0.5455
INFO:train:Epoch 9/1000 	Train Loss: 0.6793, Train Acc: 0.5698	 Val Loss: 0.6814, Val Acc: 0.5455
INFO:train:Epoch 10/1000 	Train Loss: 0.6722, Train Acc: 0.5465	 Val Loss: 0.6672, Val Acc: 0.5455
INFO:train:Epoch 11/1000 	Train Loss: 0.6555, Train Acc: 0.6977	 Val Loss: 0.6278, Val Acc: 0.7273
INFO:train:Epoch 12/1000 	Train Loss: 0.6618, Train Acc: 0.6628	 Val Loss: 0.6256, Val Acc: 0.6364
INFO:train:Epoch 13/1000 	Train Loss: 0.6524, Train Acc: 0.6744	 Val Loss: 0.6447, Val Acc: 0.5455
INFO:train:Epoch 14/1000 	Train Loss: 0.6243, Train Acc: 0.6628	 Val Loss: 0.6728, Val Acc: 0.5455
INFO:train:Epoch 15/1000 	Train Loss: 0.6169, Train Acc: 0.5814	 Val Loss: 0.6322, Val Acc: 0.5909
INFO:train:Epoch 16/1000 	Train Loss: 0.5941, Train Acc: 0.6512	 Val Loss: 0.5358, Val Acc: 0.7727
INFO:train:Epoch 17/1000 	Train Loss: 0.5645, Train Acc: 0.8372	 Val Loss: 0.5243, Val Acc: 0.8636
INFO:train:Epoch 18/1000 	Train Loss: 0.5333, Train Acc: 0.8605	 Val Loss: 0.5681, Val Acc: 0.7273
INFO:train:Epoch 19/1000 	Train Loss: 0.5194, Train Acc: 0.8023	 Val Loss: 0.5101, Val Acc: 0.8636
INFO:train:Epoch 20/1000 	Train Loss: 0.4899, Train Acc: 0.9302	 Val Loss: 0.4867, Val Acc: 0.9545
INFO:train:Epoch 21/1000 	Train Loss: 0.4818, Train Acc: 0.9767	 Val Loss: 0.4432, Val Acc: 0.9545
INFO:train:Epoch 22/1000 	Train Loss: 0.4612, Train Acc: 0.9767	 Val Loss: 0.4297, Val Acc: 0.9545
INFO:train:Epoch 23/1000 	Train Loss: 0.4386, Train Acc: 0.9767	 Val Loss: 0.4248, Val Acc: 0.9545
INFO:train:Epoch 24/1000 	Train Loss: 0.4121, Train Acc: 0.9884	 Val Loss: 0.3747, Val Acc: 1.0000
INFO:train:Epoch 25/1000 	Train Loss: 0.3926, Train Acc: 0.9767	 Val Loss: 0.3995, Val Acc: 0.9545
INFO:train:Epoch 26/1000 	Train Loss: 0.3873, Train Acc: 0.9767	 Val Loss: 0.3760, Val Acc: 1.0000
INFO:train:Epoch 27/1000 	Train Loss: 0.3838, Train Acc: 0.9767	 Val Loss: 0.3634, Val Acc: 1.0000
INFO:train:Epoch 28/1000 	Train Loss: 0.3661, Train Acc: 1.0000	 Val Loss: 0.4200, Val Acc: 0.9545
INFO:train:Epoch 29/1000 	Train Loss: 0.3701, Train Acc: 1.0000	 Val Loss: 0.3633, Val Acc: 1.0000
INFO:train:Epoch 30/1000 	Train Loss: 0.3740, Train Acc: 0.9884	 Val Loss: 0.4028, Val Acc: 0.9545
INFO:train:Epoch 31/1000 	Train Loss: 0.3739, Train Acc: 0.9884	 Val Loss: 0.4046, Val Acc: 0.9545
INFO:train:Epoch 32/1000 	Train Loss: 0.3794, Train Acc: 0.9767	 Val Loss: 0.3748, Val Acc: 1.0000
INFO:train:Epoch 33/1000 	Train Loss: 0.3679, Train Acc: 1.0000	 Val Loss: 0.3633, Val Acc: 1.0000
INFO:train:Epoch 34/1000 	Train Loss: 0.3733, Train Acc: 0.9884	 Val Loss: 0.3633, Val Acc: 1.0000
INFO:train:Epoch 35/1000 	Train Loss: 0.3692, Train Acc: 0.9884	 Val Loss: 0.3656, Val Acc: 1.0000
INFO:train:Epoch 36/1000 	Train Loss: 0.3734, Train Acc: 0.9884	 Val Loss: 0.5570, Val Acc: 0.7727
INFO:train:Epoch 37/1000 	Train Loss: 0.3853, Train Acc: 0.9767	 Val Loss: 0.3993, Val Acc: 0.9545
INFO:train:Epoch 38/1000 	Train Loss: 0.3695, Train Acc: 0.9884	 Val Loss: 0.3650, Val Acc: 1.0000
INFO:train:Epoch 39/1000 	Train Loss: 0.3738, Train Acc: 0.9884	 Val Loss: 0.4044, Val Acc: 0.9545
INFO:train:Epoch 40/1000 	Train Loss: 0.3774, Train Acc: 0.9884	 Val Loss: 0.4042, Val Acc: 0.9545
INFO:train:Epoch 41/1000 	Train Loss: 0.3802, Train Acc: 0.9767	 Val Loss: 0.3633, Val Acc: 1.0000
INFO:train:Epoch 42/1000 	Train Loss: 0.3652, Train Acc: 1.0000	 Val Loss: 0.5249, Val Acc: 0.8182
INFO:train:Epoch 43/1000 	Train Loss: 0.3856, Train Acc: 0.9767	 Val Loss: 0.5102, Val Acc: 0.8182
INFO:train:Epoch 44/1000 	Train Loss: 0.3838, Train Acc: 0.9767	 Val Loss: 0.3633, Val Acc: 1.0000
INFO:train:Epoch 45/1000 	Train Loss: 0.3635, Train Acc: 1.0000	 Val Loss: 0.3633, Val Acc: 1.0000
INFO:train:Epoch 46/1000 	Train Loss: 0.3633, Train Acc: 1.0000	 Val Loss: 0.3633, Val Acc: 1.0000
INFO:train:Epoch 47/1000 	Train Loss: 0.3732, Train Acc: 0.9884	 Val Loss: 0.4000, Val Acc: 0.9545
INFO:train:Epoch 48/1000 	Train Loss: 0.3714, Train Acc: 0.9884	 Val Loss: 0.3635, Val Acc: 1.0000
INFO:train:Epoch 49/1000 	Train Loss: 0.3734, Train Acc: 0.9884	 Val Loss: 0.3633, Val Acc: 1.0000
INFO:train:Epoch 50/1000 	Train Loss: 0.3633, Train Acc: 1.0000	 Val Loss: 0.3636, Val Acc: 1.0000
INFO:train:Epoch 51/1000 	Train Loss: 0.3659, Train Acc: 1.0000	 Val Loss: 0.3633, Val Acc: 1.0000
INFO:train:Epoch 52/1000 	Train Loss: 0.3636, Train Acc: 1.0000	 Val Loss: 0.3633, Val Acc: 1.0000
INFO:train:Epoch 53/1000 	Train Loss: 0.3639, Train Acc: 1.0000	 Val Loss: 0.3633, Val Acc: 1.0000
INFO:train:Epoch 54/1000 	Train Loss: 0.3634, Train Acc: 1.0000	 Val Loss: 0.3633, Val Acc: 1.0000
INFO:train:Epoch 55/1000 	Train Loss: 0.3633, Train Acc: 1.0000	 Val Loss: 0.3633, Val Acc: 1.0000
INFO:train:Epoch 56/1000 	Train Loss: 0.3633, Train Acc: 1.0000	 Val Loss: 0.3633, Val Acc: 1.0000
INFO:train:Epoch 57/1000 	Train Loss: 0.3633, Train Acc: 1.0000	 Val Loss: 0.3633, Val Acc: 1.0000
INFO:train:Epoch 58/1000 	Train Loss: 0.3633, Train Acc: 1.0000	 Val Loss: 0.3633, Val Acc: 1.0000
INFO:train:Epoch 59/1000 	Train Loss: 0.3633, Train Acc: 1.0000	 Val Loss: 0.3633, Val Acc: 1.0000
INFO:train:Early stopping triggered after 59 epochs
INFO:plot:Saving attention map to: figures/model_accuracy.png
INFO:train:train got 64 / 64 correct, accuracy: 1.0
INFO:plot:Saving cofusion matrix map to: figures/train_confusion_matrix.png
INFO:train:train got 22 / 22 correct, accuracy: 1.0
INFO:plot:Saving cofusion matrix map to: figures/train_confusion_matrix.png
INFO:train:Total time taken evaluate on train set the model: 0.17s
INFO:train:validation got 22 / 22 correct, accuracy: 1.0
INFO:plot:Saving cofusion matrix map to: figures/validation_confusion_matrix.png
INFO:train:Total time taken evaluate on validation set the model: 0.08s
