INFO:__main__:Dataset: species
INFO:train:Epoch 1/1000 	Train Loss: 0.7017, Train Acc: 0.4535	 Val Loss: 0.6756, Val Acc: 0.5455
INFO:train:Epoch 2/1000 	Train Loss: 0.6954, Train Acc: 0.5116	 Val Loss: 0.6901, Val Acc: 0.5455
INFO:train:Epoch 3/1000 	Train Loss: 0.6883, Train Acc: 0.5814	 Val Loss: 0.6895, Val Acc: 0.6364
INFO:train:Epoch 4/1000 	Train Loss: 0.6997, Train Acc: 0.4535	 Val Loss: 0.6921, Val Acc: 0.5455
INFO:train:Epoch 5/1000 	Train Loss: 0.6927, Train Acc: 0.4535	 Val Loss: 0.7039, Val Acc: 0.5909
INFO:train:Epoch 6/1000 	Train Loss: 0.6895, Train Acc: 0.5233	 Val Loss: 0.6729, Val Acc: 0.5909
INFO:train:Epoch 7/1000 	Train Loss: 0.6928, Train Acc: 0.5116	 Val Loss: 0.6766, Val Acc: 0.5455
INFO:train:Epoch 8/1000 	Train Loss: 0.6734, Train Acc: 0.6395	 Val Loss: 0.6801, Val Acc: 0.5455
INFO:train:Epoch 9/1000 	Train Loss: 0.6763, Train Acc: 0.5814	 Val Loss: 0.6738, Val Acc: 0.5455
INFO:train:Epoch 10/1000 	Train Loss: 0.6705, Train Acc: 0.5930	 Val Loss: 0.6659, Val Acc: 0.5455
INFO:train:Epoch 11/1000 	Train Loss: 0.6516, Train Acc: 0.6163	 Val Loss: 0.6251, Val Acc: 0.5909
INFO:train:Epoch 12/1000 	Train Loss: 0.6495, Train Acc: 0.6163	 Val Loss: 0.5911, Val Acc: 0.8182
INFO:train:Epoch 13/1000 	Train Loss: 0.6445, Train Acc: 0.6279	 Val Loss: 0.5737, Val Acc: 0.8182
INFO:train:Epoch 14/1000 	Train Loss: 0.6015, Train Acc: 0.7093	 Val Loss: 0.5381, Val Acc: 0.8182
INFO:train:Epoch 15/1000 	Train Loss: 0.5741, Train Acc: 0.7093	 Val Loss: 0.4880, Val Acc: 0.9091
INFO:train:Epoch 16/1000 	Train Loss: 0.5196, Train Acc: 0.9302	 Val Loss: 0.4631, Val Acc: 0.9091
INFO:train:Epoch 17/1000 	Train Loss: 0.4662, Train Acc: 0.9302	 Val Loss: 0.4145, Val Acc: 0.9545
INFO:train:Epoch 18/1000 	Train Loss: 0.4246, Train Acc: 0.9767	 Val Loss: 0.4721, Val Acc: 0.9091
INFO:train:Epoch 19/1000 	Train Loss: 0.4253, Train Acc: 0.9419	 Val Loss: 0.4060, Val Acc: 0.9545
INFO:train:Epoch 20/1000 	Train Loss: 0.3928, Train Acc: 0.9884	 Val Loss: 0.4042, Val Acc: 0.9545
INFO:train:Epoch 21/1000 	Train Loss: 0.3907, Train Acc: 0.9651	 Val Loss: 0.4043, Val Acc: 0.9545
INFO:train:Epoch 22/1000 	Train Loss: 0.3776, Train Acc: 0.9884	 Val Loss: 0.4042, Val Acc: 0.9545
INFO:train:Epoch 23/1000 	Train Loss: 0.3757, Train Acc: 0.9884	 Val Loss: 0.4042, Val Acc: 0.9545
INFO:train:Epoch 24/1000 	Train Loss: 0.3640, Train Acc: 1.0000	 Val Loss: 0.4042, Val Acc: 0.9545
INFO:train:Epoch 25/1000 	Train Loss: 0.3644, Train Acc: 1.0000	 Val Loss: 0.4042, Val Acc: 0.9545
INFO:train:Epoch 26/1000 	Train Loss: 0.3638, Train Acc: 1.0000	 Val Loss: 0.4042, Val Acc: 0.9545
INFO:train:Epoch 27/1000 	Train Loss: 0.3635, Train Acc: 1.0000	 Val Loss: 0.4042, Val Acc: 0.9545
INFO:train:Epoch 28/1000 	Train Loss: 0.3648, Train Acc: 1.0000	 Val Loss: 0.4042, Val Acc: 0.9545
INFO:train:Epoch 29/1000 	Train Loss: 0.3633, Train Acc: 1.0000	 Val Loss: 0.4055, Val Acc: 0.9545
INFO:train:Epoch 30/1000 	Train Loss: 0.3711, Train Acc: 0.9884	 Val Loss: 0.4042, Val Acc: 0.9545
INFO:train:Epoch 31/1000 	Train Loss: 0.3642, Train Acc: 1.0000	 Val Loss: 0.4042, Val Acc: 0.9545
INFO:train:Epoch 32/1000 	Train Loss: 0.3645, Train Acc: 1.0000	 Val Loss: 0.4042, Val Acc: 0.9545
INFO:train:Epoch 33/1000 	Train Loss: 0.3633, Train Acc: 1.0000	 Val Loss: 0.4042, Val Acc: 0.9545
INFO:train:Epoch 34/1000 	Train Loss: 0.3737, Train Acc: 0.9884	 Val Loss: 0.4042, Val Acc: 0.9545
INFO:train:Epoch 35/1000 	Train Loss: 0.3633, Train Acc: 1.0000	 Val Loss: 0.4042, Val Acc: 0.9545
INFO:train:Epoch 36/1000 	Train Loss: 0.3633, Train Acc: 1.0000	 Val Loss: 0.4042, Val Acc: 0.9545
INFO:train:Epoch 37/1000 	Train Loss: 0.3633, Train Acc: 1.0000	 Val Loss: 0.4042, Val Acc: 0.9545
INFO:train:Epoch 38/1000 	Train Loss: 0.3633, Train Acc: 1.0000	 Val Loss: 0.4042, Val Acc: 0.9545
INFO:train:Epoch 39/1000 	Train Loss: 0.3633, Train Acc: 1.0000	 Val Loss: 0.4042, Val Acc: 0.9545
INFO:train:Epoch 40/1000 	Train Loss: 0.3635, Train Acc: 1.0000	 Val Loss: 0.4042, Val Acc: 0.9545
INFO:train:Epoch 41/1000 	Train Loss: 0.3736, Train Acc: 0.9884	 Val Loss: 0.4042, Val Acc: 0.9545
INFO:train:Epoch 42/1000 	Train Loss: 0.3639, Train Acc: 1.0000	 Val Loss: 0.4042, Val Acc: 0.9545
INFO:train:Epoch 43/1000 	Train Loss: 0.3633, Train Acc: 1.0000	 Val Loss: 0.4042, Val Acc: 0.9545
INFO:train:Epoch 44/1000 	Train Loss: 0.3733, Train Acc: 0.9884	 Val Loss: 0.4042, Val Acc: 0.9545
INFO:train:Epoch 45/1000 	Train Loss: 0.3718, Train Acc: 0.9884	 Val Loss: 0.4042, Val Acc: 0.9545
INFO:train:Epoch 46/1000 	Train Loss: 0.3644, Train Acc: 1.0000	 Val Loss: 0.4042, Val Acc: 0.9545
INFO:train:Epoch 47/1000 	Train Loss: 0.3633, Train Acc: 1.0000	 Val Loss: 0.4042, Val Acc: 0.9545
INFO:train:Epoch 48/1000 	Train Loss: 0.3634, Train Acc: 1.0000	 Val Loss: 0.4042, Val Acc: 0.9545
INFO:train:Epoch 49/1000 	Train Loss: 0.3633, Train Acc: 1.0000	 Val Loss: 0.4042, Val Acc: 0.9545
INFO:train:Epoch 50/1000 	Train Loss: 0.3633, Train Acc: 1.0000	 Val Loss: 0.4042, Val Acc: 0.9545
INFO:train:Epoch 51/1000 	Train Loss: 0.3633, Train Acc: 1.0000	 Val Loss: 0.4042, Val Acc: 0.9545
INFO:train:Epoch 52/1000 	Train Loss: 0.3635, Train Acc: 1.0000	 Val Loss: 0.4042, Val Acc: 0.9545
INFO:train:Epoch 53/1000 	Train Loss: 0.3685, Train Acc: 0.9884	 Val Loss: 0.4042, Val Acc: 0.9545
INFO:train:Epoch 54/1000 	Train Loss: 0.3633, Train Acc: 1.0000	 Val Loss: 0.4042, Val Acc: 0.9545
INFO:train:Epoch 55/1000 	Train Loss: 0.3856, Train Acc: 0.9767	 Val Loss: 0.4042, Val Acc: 0.9545
INFO:train:Epoch 56/1000 	Train Loss: 0.3633, Train Acc: 1.0000	 Val Loss: 0.4450, Val Acc: 0.9091
INFO:train:Epoch 57/1000 	Train Loss: 0.3837, Train Acc: 0.9767	 Val Loss: 0.4042, Val Acc: 0.9545
INFO:train:Epoch 58/1000 	Train Loss: 0.3633, Train Acc: 1.0000	 Val Loss: 0.4042, Val Acc: 0.9545
INFO:train:Epoch 59/1000 	Train Loss: 0.3640, Train Acc: 1.0000	 Val Loss: 0.4042, Val Acc: 0.9545
INFO:train:Epoch 60/1000 	Train Loss: 0.3656, Train Acc: 1.0000	 Val Loss: 0.4042, Val Acc: 0.9545
INFO:train:Epoch 61/1000 	Train Loss: 0.3722, Train Acc: 0.9884	 Val Loss: 0.4042, Val Acc: 0.9545
INFO:train:Epoch 62/1000 	Train Loss: 0.3633, Train Acc: 1.0000	 Val Loss: 0.4043, Val Acc: 0.9545
INFO:train:Epoch 63/1000 	Train Loss: 0.3650, Train Acc: 1.0000	 Val Loss: 0.4241, Val Acc: 0.9091
INFO:train:Epoch 64/1000 	Train Loss: 0.3739, Train Acc: 0.9884	 Val Loss: 0.4284, Val Acc: 0.9091
INFO:train:Epoch 65/1000 	Train Loss: 0.3674, Train Acc: 1.0000	 Val Loss: 0.4042, Val Acc: 0.9545
INFO:train:Epoch 66/1000 	Train Loss: 0.3651, Train Acc: 1.0000	 Val Loss: 0.4042, Val Acc: 0.9545
INFO:train:Epoch 67/1000 	Train Loss: 0.3796, Train Acc: 0.9767	 Val Loss: 0.4042, Val Acc: 0.9545
INFO:train:Epoch 68/1000 	Train Loss: 0.3634, Train Acc: 1.0000	 Val Loss: 0.4042, Val Acc: 0.9545
INFO:train:Epoch 69/1000 	Train Loss: 0.3633, Train Acc: 1.0000	 Val Loss: 0.4042, Val Acc: 0.9545
INFO:train:Epoch 70/1000 	Train Loss: 0.3635, Train Acc: 1.0000	 Val Loss: 0.4765, Val Acc: 0.8636
INFO:train:Epoch 71/1000 	Train Loss: 0.3788, Train Acc: 0.9651	 Val Loss: 0.4042, Val Acc: 0.9545
INFO:train:Epoch 72/1000 	Train Loss: 0.3633, Train Acc: 1.0000	 Val Loss: 0.4362, Val Acc: 0.9091
INFO:train:Epoch 73/1000 	Train Loss: 0.4201, Train Acc: 0.9419	 Val Loss: 0.4042, Val Acc: 0.9545
INFO:train:Epoch 74/1000 	Train Loss: 0.3635, Train Acc: 1.0000	 Val Loss: 0.6908, Val Acc: 0.6364
INFO:train:Epoch 75/1000 	Train Loss: 0.5048, Train Acc: 0.8256	 Val Loss: 0.4045, Val Acc: 0.9545
INFO:train:Epoch 76/1000 	Train Loss: 0.3634, Train Acc: 1.0000	 Val Loss: 0.4042, Val Acc: 0.9545
INFO:train:Epoch 77/1000 	Train Loss: 0.3761, Train Acc: 0.9884	 Val Loss: 0.4452, Val Acc: 0.9091
INFO:train:Epoch 78/1000 	Train Loss: 0.4584, Train Acc: 0.8837	 Val Loss: 0.4042, Val Acc: 0.9545
INFO:train:Epoch 79/1000 	Train Loss: 0.3651, Train Acc: 1.0000	 Val Loss: 0.4042, Val Acc: 0.9545
INFO:train:Epoch 80/1000 	Train Loss: 0.3633, Train Acc: 1.0000	 Val Loss: 0.4450, Val Acc: 0.9091
INFO:train:Epoch 81/1000 	Train Loss: 0.3637, Train Acc: 1.0000	 Val Loss: 0.4777, Val Acc: 0.8636
INFO:train:Epoch 82/1000 	Train Loss: 0.3992, Train Acc: 0.9651	 Val Loss: 0.4596, Val Acc: 0.9091
INFO:train:Epoch 83/1000 	Train Loss: 0.3798, Train Acc: 0.9767	 Val Loss: 0.4042, Val Acc: 0.9545
INFO:train:Epoch 84/1000 	Train Loss: 0.3633, Train Acc: 1.0000	 Val Loss: 0.4042, Val Acc: 0.9545
INFO:train:Epoch 85/1000 	Train Loss: 0.3635, Train Acc: 1.0000	 Val Loss: 0.4042, Val Acc: 0.9545
INFO:train:Epoch 86/1000 	Train Loss: 0.3748, Train Acc: 0.9884	 Val Loss: 0.4042, Val Acc: 0.9545
INFO:train:Epoch 87/1000 	Train Loss: 0.3822, Train Acc: 0.9767	 Val Loss: 0.4042, Val Acc: 0.9545
INFO:train:Epoch 88/1000 	Train Loss: 0.3634, Train Acc: 1.0000	 Val Loss: 0.4042, Val Acc: 0.9545
INFO:train:Epoch 89/1000 	Train Loss: 0.3633, Train Acc: 1.0000	 Val Loss: 0.4442, Val Acc: 0.9091
INFO:train:Epoch 90/1000 	Train Loss: 0.3633, Train Acc: 1.0000	 Val Loss: 0.4042, Val Acc: 0.9545
INFO:train:Epoch 91/1000 	Train Loss: 0.3914, Train Acc: 0.9651	 Val Loss: 0.4070, Val Acc: 0.9545
INFO:train:Epoch 92/1000 	Train Loss: 0.4077, Train Acc: 0.9535	 Val Loss: 0.4042, Val Acc: 0.9545
INFO:train:Epoch 93/1000 	Train Loss: 0.3819, Train Acc: 0.9767	 Val Loss: 0.4451, Val Acc: 0.9091
INFO:train:Epoch 94/1000 	Train Loss: 0.3637, Train Acc: 1.0000	 Val Loss: 0.4042, Val Acc: 0.9545
INFO:train:Epoch 95/1000 	Train Loss: 0.3633, Train Acc: 1.0000	 Val Loss: 0.4042, Val Acc: 0.9545
INFO:train:Epoch 96/1000 	Train Loss: 0.3634, Train Acc: 1.0000	 Val Loss: 0.4042, Val Acc: 0.9545
INFO:train:Epoch 97/1000 	Train Loss: 0.3642, Train Acc: 1.0000	 Val Loss: 0.4042, Val Acc: 0.9545
INFO:train:Epoch 98/1000 	Train Loss: 0.3639, Train Acc: 1.0000	 Val Loss: 0.4042, Val Acc: 0.9545
INFO:train:Epoch 99/1000 	Train Loss: 0.3678, Train Acc: 1.0000	 Val Loss: 0.4042, Val Acc: 0.9545
INFO:train:Epoch 100/1000 	Train Loss: 0.3736, Train Acc: 0.9884	 Val Loss: 0.4042, Val Acc: 0.9545
INFO:train:Epoch 101/1000 	Train Loss: 0.3633, Train Acc: 1.0000	 Val Loss: 0.4042, Val Acc: 0.9545
INFO:train:Epoch 102/1000 	Train Loss: 0.3633, Train Acc: 1.0000	 Val Loss: 0.4042, Val Acc: 0.9545
INFO:train:Epoch 103/1000 	Train Loss: 0.3633, Train Acc: 1.0000	 Val Loss: 0.4042, Val Acc: 0.9545
INFO:train:Epoch 104/1000 	Train Loss: 0.3633, Train Acc: 1.0000	 Val Loss: 0.4042, Val Acc: 0.9545
INFO:train:Epoch 105/1000 	Train Loss: 0.3633, Train Acc: 1.0000	 Val Loss: 0.4042, Val Acc: 0.9545
INFO:train:Epoch 106/1000 	Train Loss: 0.3633, Train Acc: 1.0000	 Val Loss: 0.4042, Val Acc: 0.9545
INFO:train:Epoch 107/1000 	Train Loss: 0.3633, Train Acc: 1.0000	 Val Loss: 0.4042, Val Acc: 0.9545
INFO:train:Epoch 108/1000 	Train Loss: 0.3633, Train Acc: 1.0000	 Val Loss: 0.4042, Val Acc: 0.9545
INFO:train:Epoch 109/1000 	Train Loss: 0.3633, Train Acc: 1.0000	 Val Loss: 0.4042, Val Acc: 0.9545
INFO:train:Epoch 110/1000 	Train Loss: 0.3633, Train Acc: 1.0000	 Val Loss: 0.4042, Val Acc: 0.9545
INFO:train:Early stopping triggered after 110 epochs
INFO:plot:Saving attention map to: figures/model_accuracy.png
INFO:train:train got 64 / 64 correct, accuracy: 1.0
INFO:plot:Saving cofusion matrix map to: figures/train_confusion_matrix.png
INFO:train:train got 22 / 22 correct, accuracy: 1.0
INFO:plot:Saving cofusion matrix map to: figures/train_confusion_matrix.png
INFO:train:Total time taken evaluate on train set the model: 0.16s
INFO:train:validation got 21 / 22 correct, accuracy: 0.9545454545454546
INFO:plot:Saving cofusion matrix map to: figures/validation_confusion_matrix.png
INFO:train:Total time taken evaluate on validation set the model: 0.07s
