INFO:data:Reading dataset fish: cross-species
INFO:data:Class Counts: [45 60 48], Class Ratios: [0.29411765 0.39215686 0.31372549]
INFO:data:Number of features: 1023
INFO:data:Number of instances: 153
INFO:data:Number of classes 3.
INFO:__main__:No model found. Train from scratch.
INFO:gp:   	      	                                 fitness                                 	                     size                     
   	      	-------------------------------------------------------------------------	----------------------------------------------
gen	nevals	avg     	gen	max     	min     	nevals	std      	avg   	gen	max	min	nevals	std   
0  	1023  	0.369028	0  	0.548109	0.203415	1023  	0.0493793	3.9042	0  	7  	2  	1023  	1.4068
INFO:gp:1  	776   	0.413756	1  	0.589453	0.242682	776   	0.0478249	4.06452	1  	10 	2  	776   	1.50909
INFO:gp:2  	747   	0.442721	2  	0.589453	0.256073	747   	0.0521895	4.30596	2  	13 	2  	747   	1.60925
INFO:gp:3  	741   	0.469758	3  	0.615101	0.255035	741   	0.060335 	4.61681	3  	12 	2  	741   	1.56382
INFO:gp:4  	762   	0.488687	4  	0.617658	0.256305	762   	0.0649365	5.01857	4  	11 	2  	762   	1.60724
INFO:gp:5  	760   	0.516622	5  	0.641547	0.249844	760   	0.0695152	5.59629	5  	14 	3  	760   	1.7676 
INFO:gp:6  	749   	0.54979 	6  	0.654897	0.291673	749   	0.0671201	6.21408	6  	14 	3  	749   	1.83751
INFO:gp:7  	740   	0.568885	7  	0.656386	0.29455 	740   	0.0657075	6.28935	7  	13 	3  	740   	1.83705
INFO:gp:8  	787   	0.571851	8  	0.674189	0.3065  	787   	0.0738513	5.98143	8  	13 	3  	787   	1.88337
INFO:gp:9  	759   	0.585142	9  	0.689551	0.286705	759   	0.0748897	6.06745	9  	15 	3  	759   	1.86188
INFO:gp:10 	769   	0.594886	10 	0.689551	0.290474	769   	0.0769127	6.23754	10 	15 	3  	769   	1.8658 
INFO:gp:11 	774   	0.617124	11 	0.691391	0.290571	774   	0.067942 	6.52004	11 	14 	3  	774   	1.51801
INFO:gp:12 	786   	0.625477	12 	0.697945	0.297269	786   	0.0703566	6.70577	12 	14 	3  	786   	1.46928
INFO:gp:13 	777   	0.626614	13 	0.697945	0.28632 	777   	0.0768571	6.58651	13 	14 	3  	777   	1.65207
INFO:gp:14 	775   	0.635897	14 	0.697945	0.326551	775   	0.0730606	6.35288	14 	13 	3  	775   	1.63288
INFO:gp:15 	750   	0.637234	15 	0.702247	0.333655	750   	0.0776719	6.51222	15 	14 	3  	750   	1.66254
INFO:gp:16 	784   	0.643327	16 	0.714271	0.307235	784   	0.0710419	6.60997	16 	16 	3  	784   	1.65953
INFO:gp:17 	804   	0.642629	17 	0.717863	0.340132	804   	0.0732095	6.30205	17 	14 	3  	804   	1.69919
INFO:gp:18 	775   	0.647276	18 	0.717863	0.290302	775   	0.0719487	6.5259 	18 	15 	3  	775   	1.8169 
INFO:gp:19 	783   	0.651291	19 	0.717863	0.31652 	783   	0.0725374	7.11241	19 	13 	3  	783   	2.03202
INFO:gp:20 	779   	0.655913	20 	0.717863	0.352664	779   	0.06879  	7.51613	20 	14 	3  	779   	2.19113
INFO:gp:21 	781   	0.652506	21 	0.717863	0.320987	781   	0.0736755	7.42913	21 	16 	3  	781   	2.59683
INFO:gp:22 	744   	0.65917 	22 	0.718416	0.331396	744   	0.0707568	6.98436	22 	16 	3  	744   	2.73455
INFO:gp:23 	799   	0.653813	23 	0.718416	0.322968	799   	0.0798145	5.90029	23 	16 	3  	799   	2.98216
INFO:gp:24 	757   	0.659131	24 	0.728712	0.31629 	757   	0.0802318	4.80059	24 	16 	3  	757   	2.71186
INFO:gp:25 	782   	0.656121	25 	0.730942	0.32423 	782   	0.0827234	4.25513	25 	16 	3  	782   	2.46429
INFO:gp:26 	753   	0.656939	26 	0.730942	0.315767	753   	0.0828896	4.66667	26 	16 	3  	753   	2.73948
INFO:gp:27 	787   	0.647889	27 	0.730942	0.283419	787   	0.0908512	5.61779	27 	16 	3  	787   	3.05274
INFO:gp:28 	790   	0.645113	28 	0.756737	0.320564	790   	0.0980153	6.73118	28 	16 	3  	790   	3.04175
INFO:gp:29 	788   	0.656043	29 	0.756737	0.226256	788   	0.0946988	8.03128	29 	16 	3  	788   	2.51428
INFO:gp:30 	776   	0.664734	30 	0.756738	0.288798	776   	0.0884675	8.68133	30 	15 	3  	776   	1.79717
INFO:gp:31 	783   	0.670881	31 	0.756739	0.313769	783   	0.086651 	8.95601	31 	17 	3  	783   	1.79197
INFO:gp:32 	779   	0.670021	32 	0.75674 	0.255892	779   	0.0904897	9.46823	32 	18 	3  	779   	2.09191
INFO:gp:33 	760   	0.679396	33 	0.756743	0.306694	760   	0.0964889	10.6207	33 	18 	3  	760   	2.19545
INFO:gp:34 	758   	0.686668	34 	0.756744	0.311498	758   	0.0989806	11.5934	34 	20 	4  	758   	2.145  
INFO:gp:35 	800   	0.686613	35 	0.756752	0.321501	800   	0.102373 	12.2014	35 	22 	6  	800   	2.42029
INFO:gp:36 	778   	0.690093	36 	0.756864	0.316506	778   	0.103659 	12.7556	36 	22 	7  	778   	2.4009 
INFO:gp:37 	773   	0.687786	37 	0.756864	0.272419	773   	0.106455 	13.5992	37 	25 	5  	773   	2.64735
INFO:gp:38 	765   	0.689571	38 	0.756868	0.306945	765   	0.101288 	14.1935	38 	24 	8  	765   	2.65546
INFO:gp:39 	774   	0.69993 	39 	0.756868	0.320826	774   	0.0915267	14.2796	39 	25 	7  	774   	2.67022
INFO:gp:40 	789   	0.693874	40 	0.756871	0.325656	789   	0.0925463	13.6999	40 	24 	9  	789   	2.40699
INFO:gp:41 	749   	0.694162	41 	0.756871	0.282779	749   	0.0987592	13.349 	41 	28 	8  	749   	2.25293
INFO:gp:42 	766   	0.70094 	42 	0.756897	0.294699	766   	0.0898289	13.3451	42 	23 	8  	766   	2.27038
INFO:gp:43 	788   	0.690608	43 	0.756925	0.263801	788   	0.101015 	13.5718	43 	24 	8  	788   	2.45994
INFO:gp:44 	764   	0.694326	44 	0.756925	0.320305	764   	0.0987024	14.0391	44 	25 	8  	764   	2.74787
INFO:gp:45 	782   	0.697857	45 	0.756925	0.328435	782   	0.0942519	14.7322	45 	26 	8  	782   	2.98557
INFO:gp:46 	772   	0.694688	46 	0.761522	0.318914	772   	0.0973874	15.2727	46 	30 	8  	772   	3.27061
INFO:gp:47 	789   	0.69706 	47 	0.761522	0.30996 	789   	0.0982633	15.2493	47 	29 	7  	789   	3.51139
INFO:gp:48 	790   	0.697339	48 	0.761522	0.329088	790   	0.0930431	14.3069	48 	29 	8  	790   	3.51114
INFO:gp:49 	778   	0.69385 	49 	0.761522	0.316683	778   	0.0965808	13.3314	49 	29 	7  	778   	3.25319
INFO:gp:50 	788   	0.692767	50 	0.761522	0.333427	788   	0.0975123	12.6315	50 	29 	7  	788   	2.83396
INFO:gp:51 	765   	0.694842	51 	0.761522	0.318922	765   	0.0929321	12.3196	51 	29 	4  	765   	2.73897
INFO:gp:52 	773   	0.68556 	52 	0.761522	0.282093	773   	0.105646 	12.2796	52 	29 	8  	773   	2.46581
INFO:gp:53 	778   	0.684747	53 	0.763796	0.311365	778   	0.105293 	12.3812	53 	28 	8  	778   	2.21638
INFO:gp:54 	754   	0.687752	54 	0.76906 	0.312002	754   	0.105859 	12.5572	54 	24 	8  	754   	2.27408
INFO:gp:55 	770   	0.689922	55 	0.76906 	0.320645	770   	0.103011 	12.5552	55 	23 	8  	770   	2.13078
INFO:gp:56 	774   	0.689769	56 	0.76906 	0.320652	774   	0.100372 	12.7947	56 	23 	6  	774   	2.31635
INFO:gp:57 	762   	0.6887  	57 	0.76906 	0.323541	762   	0.106492 	13.1838	57 	23 	8  	762   	2.54605
INFO:gp:58 	774   	0.688777	58 	0.76906 	0.315249	774   	0.103124 	13.871 	58 	26 	8  	774   	3.03691
INFO:gp:59 	782   	0.693393	59 	0.775933	0.319927	782   	0.103021 	14.6305	59 	28 	8  	782   	3.36684
INFO:gp:60 	780   	0.694254	60 	0.775933	0.306545	780   	0.101743 	14.65  	60 	28 	8  	780   	3.46166
INFO:gp:61 	767   	0.702896	61 	0.775933	0.323352	767   	0.0926469	14.2893	61 	26 	8  	767   	3.34587
INFO:gp:62 	728   	0.698653	62 	0.775933	0.288132	728   	0.104291 	13.9022	62 	26 	8  	728   	3.03357
INFO:gp:63 	760   	0.695542	63 	0.775975	0.297848	760   	0.104771 	14.0303	63 	26 	7  	760   	3.09037
INFO:gp:64 	774   	0.699288	64 	0.775975	0.281933	774   	0.102079 	14.7185	64 	27 	7  	774   	3.3172 
INFO:gp:65 	777   	0.704765	65 	0.775975	0.314232	777   	0.0944144	15.6569	65 	29 	7  	777   	3.41301
INFO:gp:66 	760   	0.701275	66 	0.775975	0.314279	760   	0.10182  	16.4585	66 	29 	8  	760   	3.41837
INFO:gp:67 	756   	0.705637	67 	0.775975	0.31295 	756   	0.101329 	17.1281	67 	30 	7  	756   	3.35723
INFO:gp:68 	746   	0.708054	68 	0.775975	0.328335	746   	0.0988601	17.6022	68 	29 	8  	746   	3.04946
INFO:gp:69 	802   	0.703382	69 	0.775975	0.3184  	802   	0.105284 	17.8426	69 	31 	7  	802   	3.15511
INFO:gp:70 	780   	0.71095 	70 	0.775975	0.317223	780   	0.0944374	18.0626	70 	30 	4  	780   	3.42065
INFO:gp:71 	773   	0.709316	71 	0.775975	0.316504	773   	0.0952453	18.0958	71 	32 	8  	773   	3.40039
INFO:gp:72 	764   	0.705756	72 	0.775975	0.275259	764   	0.103505 	18.3519	72 	32 	7  	764   	3.38551
INFO:gp:73 	751   	0.711193	73 	0.775975	0.307519	751   	0.0947035	18.4311	73 	31 	8  	751   	3.03271
INFO:gp:74 	783   	0.70967 	74 	0.775975	0.306506	783   	0.0973872	18.2717	74 	30 	8  	783   	3.3851 
INFO:gp:75 	778   	0.711367	75 	0.775975	0.322939	778   	0.0961109	18.2454	75 	31 	7  	778   	3.2948 
INFO:gp:76 	775   	0.70862 	76 	0.775975	0.324433	775   	0.0968857	18.3284	76 	30 	8  	775   	3.22285
INFO:gp:77 	747   	0.706655	77 	0.775975	0.317089	747   	0.102004 	18.2053	77 	30 	7  	747   	3.13697
INFO:gp:78 	775   	0.705553	78 	0.775975	0.321016	775   	0.103251 	18.1535	78 	29 	8  	775   	3.35238
INFO:gp:79 	800   	0.707992	79 	0.775975	0.324433	800   	0.0986214	18.3822	79 	31 	8  	800   	3.16839
INFO:gp:80 	762   	0.708311	80 	0.775975	0.294136	762   	0.0982348	18.216 	80 	30 	6  	762   	3.44702
INFO:gp:81 	788   	0.711882	81 	0.775975	0.316571	788   	0.093734 	18.3851	81 	30 	8  	788   	3.13811
INFO:gp:82 	784   	0.707795	82 	0.775975	0.333734	784   	0.0973658	18.3607	82 	31 	8  	784   	3.28686
INFO:gp:83 	794   	0.705182	83 	0.775975	0.324433	794   	0.10101  	18.4497	83 	31 	7  	794   	3.1788 
INFO:gp:84 	768   	0.709502	84 	0.775975	0.3137  	768   	0.0978885	18.2972	84 	32 	8  	768   	3.31466
INFO:gp:85 	772   	0.710314	85 	0.775975	0.334999	772   	0.0966791	18.2796	85 	31 	7  	772   	3.21836
INFO:gp:86 	772   	0.710352	86 	0.775975	0.316247	772   	0.0976544	18.4966	86 	31 	6  	772   	3.03221
INFO:gp:87 	781   	0.708783	87 	0.775975	0.309481	781   	0.0984429	18.346 	87 	30 	8  	781   	3.02216
INFO:gp:88 	799   	0.71151 	88 	0.775975	0.307504	799   	0.0988389	18.2356	88 	30 	8  	799   	3.25523
INFO:gp:89 	782   	0.706922	89 	0.775975	0.339311	782   	0.0983278	18.4399	89 	30 	8  	782   	3.15145
INFO:gp:90 	800   	0.704651	90 	0.775975	0.320952	800   	0.10088  	18.4614	90 	31 	8  	800   	3.1897 
INFO:gp:91 	755   	0.707415	91 	0.775975	0.327061	755   	0.0999515	18.2698	91 	33 	6  	755   	3.19174
INFO:gp:92 	772   	0.706214	92 	0.781017	0.318369	772   	0.102086 	18.3578	92 	30 	8  	772   	3.17909
INFO:gp:93 	771   	0.707964	93 	0.781017	0.303727	771   	0.0985154	18.4409	93 	30 	8  	771   	2.9904 
INFO:gp:94 	775   	0.707308	94 	0.781017	0.32025 	775   	0.102756 	18.4154	94 	31 	8  	775   	3.14281
INFO:gp:95 	800   	0.708721	95 	0.781017	0.318352	800   	0.100919 	18.3754	95 	31 	8  	800   	3.1036 
INFO:gp:96 	767   	0.707538	96 	0.781017	0.310674	767   	0.104681 	18.433 	96 	31 	7  	767   	3.07247
INFO:gp:97 	768   	0.714918	97 	0.783697	0.324433	768   	0.092583 	18.2571	97 	31 	9  	768   	3.17852
INFO:gp:98 	777   	0.718654	98 	0.794156	0.303714	777   	0.0966622	17.9541	98 	35 	7  	777   	3.89486
INFO:gp:99 	769   	0.718435	99 	0.794156	0.316802	769   	0.0984479	17.4135	99 	33 	7  	769   	4.55252
INFO:gp:100	773   	0.720358	100	0.801139	0.28478 	773   	0.0997688	18.1105	100	33 	8  	773   	4.44611
INFO:gp:101	762   	0.722217	101	0.801139	0.347048	762   	0.102939 	18.5611	101	31 	6  	762   	3.80512
INFO:gp:102	767   	0.727571	102	0.801139	0.330848	767   	0.102015 	18.87  	102	35 	7  	767   	3.60402
INFO:gp:103	795   	0.720367	103	0.801139	0.32499 	795   	0.109261 	18.9599	103	41 	8  	795   	4.2497 
INFO:gp:104	742   	0.738006	104	0.801139	0.328929	742   	0.0988495	18.8358	104	40 	7  	742   	4.5055 
INFO:gp:105	763   	0.728739	105	0.801141	0.328551	763   	0.108317 	18.6921	105	35 	8  	763   	3.92451
INFO:gp:106	765   	0.737024	106	0.804234	0.311079	765   	0.101092 	18.8358	106	35 	8  	765   	3.41184
INFO:gp:107	780   	0.727646	107	0.804234	0.292364	780   	0.111916 	19.0528	107	35 	10 	780   	3.26616
INFO:gp:108	765   	0.730329	108	0.804234	0.31292 	765   	0.111105 	19.2532	108	35 	8  	765   	3.08457
INFO:gp:109	784   	0.735882	109	0.804234	0.331459	784   	0.105595 	19.305 	109	36 	10 	784   	2.97905
INFO:gp:110	770   	0.735374	110	0.804234	0.336939	770   	0.107877 	19.4311	110	35 	6  	770   	3.13884
INFO:gp:111	759   	0.73685 	111	0.804234	0.253761	759   	0.108268 	19.2004	111	35 	10 	759   	3.59346
INFO:gp:112	767   	0.735946	112	0.804235	0.321402	767   	0.107325 	18.6989	112	37 	11 	767   	4.05477
INFO:gp:113	770   	0.735862	113	0.804237	0.320529	770   	0.104485 	17.8631	113	34 	4  	770   	4.56289
INFO:gp:114	773   	0.731262	114	0.804237	0.317374	773   	0.105737 	16.5758	114	33 	5  	773   	4.82498
INFO:gp:115	761   	0.730825	115	0.804238	0.33128 	761   	0.107568 	15.8504	115	34 	4  	761   	4.71703
INFO:gp:116	770   	0.726629	116	0.804238	0.317728	770   	0.109968 	16.0293	116	33 	7  	770   	4.26712
INFO:gp:117	766   	0.734322	117	0.804238	0.333191	766   	0.103125 	16.8436	117	34 	10 	766   	4.04701
INFO:gp:118	784   	0.728977	118	0.804239	0.305457	784   	0.108413 	17.5621	118	37 	9  	784   	3.49749
INFO:gp:119	767   	0.732765	119	0.804253	0.326336	767   	0.104606 	17.8201	119	33 	5  	767   	3.30687
INFO:gp:120	761   	0.731555	120	0.808753	0.340923	761   	0.106225 	17.8172	120	34 	7  	761   	3.32719
INFO:gp:121	765   	0.732611	121	0.8135  	0.34537 	765   	0.105529 	17.567 	121	32 	7  	765   	3.25477
INFO:gp:122	753   	0.731794	122	0.8135  	0.31543 	753   	0.108313 	17.7175	122	34 	5  	753   	3.40538
INFO:gp:123	775   	0.725355	123	0.8135  	0.317708	775   	0.11251  	18.1457	123	40 	3  	775   	3.49686
INFO:gp:124	777   	0.730821	124	0.818091	0.314851	777   	0.107047 	18.1173	124	34 	6  	777   	3.58037
INFO:gp:125	787   	0.735397	125	0.818125	0.317344	787   	0.105636 	18.2502	125	36 	4  	787   	3.74322
INFO:gp:126	778   	0.733053	126	0.818125	0.320932	778   	0.111504 	19.2942	126	36 	4  	778   	4.06934
INFO:gp:127	738   	0.741092	127	0.818125	0.313687	738   	0.110363 	19.8895	127	38 	11 	738   	4.16809
INFO:gp:128	755   	0.735207	128	0.818125	0.325305	755   	0.11436  	20.0841	128	42 	5  	755   	4.29152
INFO:gp:129	792   	0.737303	129	0.818133	0.277553	792   	0.111862 	20.1945	129	38 	4  	792   	4.51784
INFO:gp:130	770   	0.726547	130	0.818133	0.316907	770   	0.122955 	20.5748	130	38 	5  	770   	4.75109
INFO:gp:131	790   	0.738313	131	0.818133	0.32859 	790   	0.111311 	21.3754	131	42 	11 	790   	5.31453
INFO:gp:132	778   	0.73729 	132	0.818144	0.321312	778   	0.114738 	22.5816	132	41 	11 	778   	5.81054
INFO:gp:133	763   	0.741489	133	0.818144	0.330994	763   	0.108525 	23.1056	133	41 	10 	763   	5.75677
INFO:gp:134	767   	0.73867 	134	0.818144	0.313654	767   	0.115098 	24.0577	134	41 	4  	767   	6.02436
INFO:gp:135	783   	0.740786	135	0.818153	0.282702	783   	0.116896 	23.0411	135	37 	9  	783   	5.64996
INFO:gp:136	772   	0.740458	136	0.818164	0.317564	772   	0.110869 	22.0225	136	36 	11 	772   	4.95892
INFO:gp:137	774   	0.740461	137	0.818207	0.316053	774   	0.111854 	22.1984	137	37 	11 	774   	4.21127
INFO:gp:138	770   	0.730871	138	0.818207	0.284441	770   	0.122245 	22.5503	138	37 	9  	770   	3.91992
INFO:gp:139	768   	0.741746	139	0.818207	0.331015	768   	0.110819 	23.0499	139	40 	9  	768   	3.46811
INFO:gp:140	771   	0.735098	140	0.818207	0.284904	771   	0.116222 	22.9619	140	37 	3  	771   	3.68446
INFO:gp:141	757   	0.744077	141	0.822693	0.317702	757   	0.110288 	22.4888	141	41 	9  	757   	3.8518 
INFO:gp:142	792   	0.738163	142	0.822693	0.317558	792   	0.112841 	21.9071	142	43 	11 	792   	3.89076
INFO:gp:143	784   	0.742822	143	0.822693	0.314909	784   	0.107238 	21.651 	143	37 	6  	784   	4.07438
INFO:gp:144	789   	0.740866	144	0.822693	0.32673 	789   	0.11055  	21.5279	144	37 	4  	789   	4.01012
INFO:gp:145	767   	0.742307	145	0.822694	0.34475 	767   	0.110144 	21.9765	145	39 	3  	767   	3.86445
INFO:gp:146	790   	0.742303	146	0.822713	0.319402	790   	0.109063 	22.6061	146	44 	6  	790   	3.81491
INFO:gp:147	773   	0.747667	147	0.822713	0.317568	773   	0.107945 	23.5103	147	42 	11 	773   	3.67332
INFO:gp:148	773   	0.738652	148	0.822786	0.315966	773   	0.116454 	24.3832	148	43 	5  	773   	3.63509
INFO:gp:149	759   	0.749709	149	0.822786	0.330959	759   	0.105355 	25.0313	149	45 	3  	759   	3.70556
INFO:gp:150	749   	0.74757 	150	0.822786	0.325362	749   	0.107233 	26.0215	150	39 	11 	749   	3.64579
INFO:gp:151	755   	0.753872	151	0.822786	0.330959	755   	0.10276  	27.1017	151	49 	4  	755   	4.04585
INFO:gp:152	765   	0.745625	152	0.822786	0.313384	765   	0.11094  	27.5543	152	52 	9  	765   	3.92784
INFO:gp:153	780   	0.748935	153	0.822904	0.326048	780   	0.105986 	27.3705	153	41 	11 	780   	3.70683
INFO:gp:154	748   	0.746516	154	0.822904	0.322195	748   	0.109859 	27.0235	154	46 	11 	748   	3.93464
INFO:gp:155	763   	0.755393	155	0.822904	0.315851	763   	0.104549 	27.3382	155	44 	11 	763   	3.3518 
INFO:gp:156	781   	0.746898	156	0.822904	0.30911 	781   	0.108138 	27.6002	156	54 	11 	781   	3.79477
INFO:gp:157	760   	0.750905	157	0.822904	0.326352	760   	0.103073 	27.828 	157	51 	11 	760   	3.54081
INFO:gp:158	783   	0.742023	158	0.822904	0.316218	783   	0.112629 	28.1075	158	51 	11 	783   	3.28094
INFO:gp:159	806   	0.741495	159	0.822904	0.331061	806   	0.111661 	28.0704	159	44 	11 	806   	3.56985
INFO:gp:160	771   	0.749326	160	0.823089	0.310924	771   	0.107118 	28.3568	160	45 	5  	771   	3.50461
INFO:gp:161	773   	0.744522	161	0.823089	0.317246	773   	0.11421  	28.2014	161	44 	11 	773   	3.78975
INFO:gp:162	773   	0.749396	162	0.823089	0.338751	773   	0.105694 	28.1681	162	44 	5  	773   	3.63822
INFO:gp:163	783   	0.750415	163	0.823089	0.324645	783   	0.102536 	28.5728	163	48 	11 	783   	3.70046
INFO:gp:164	782   	0.749628	164	0.823089	0.330644	782   	0.102552 	29.2747	164	48 	11 	782   	3.62836
INFO:gp:165	761   	0.750425	165	0.823219	0.317753	761   	0.105047 	29.5582	165	45 	7  	761   	3.79101
INFO:gp:166	781   	0.742193	166	0.823219	0.326196	781   	0.110718 	30.2571	166	55 	5  	781   	4.26073
INFO:gp:167	777   	0.748406	167	0.827818	0.312644	777   	0.111443 	31.0841	167	47 	11 	777   	3.34096
INFO:gp:168	764   	0.750238	168	0.827818	0.317102	764   	0.112741 	31.0411	168	48 	4  	764   	3.6835 
INFO:gp:169	799   	0.743738	169	0.827818	0.312586	799   	0.112207 	30.9306	169	47 	5  	799   	4.00904
INFO:gp:170	766   	0.749367	170	0.827818	0.3168  	766   	0.108013 	31.3011	170	47 	11 	766   	3.23158
INFO:gp:171	765   	0.749721	171	0.827949	0.325585	765   	0.112728 	31.174 	171	42 	11 	765   	3.14881
INFO:gp:172	782   	0.743729	172	0.827949	0.305444	782   	0.117252 	30.7439	172	59 	11 	782   	3.8265 
INFO:gp:173	776   	0.751489	173	0.827949	0.330961	776   	0.111745 	30.6373	173	42 	3  	776   	3.3377 
INFO:gp:174	753   	0.747174	174	0.827949	0.316841	753   	0.113843 	30.5552	174	48 	11 	753   	3.39896
INFO:gp:175	740   	0.753311	175	0.827949	0.31333 	740   	0.110327 	30.3861	175	40 	5  	740   	3.52015
INFO:gp:176	767   	0.757468	176	0.827949	0.303344	767   	0.101942 	30.3959	176	41 	5  	767   	3.3257 
INFO:gp:177	769   	0.751986	177	0.827949	0.33009 	769   	0.11026  	30.5474	177	44 	6  	769   	3.12832
INFO:gp:178	792   	0.752699	178	0.827949	0.334608	792   	0.106018 	30.4888	178	45 	13 	792   	3.31966
INFO:gp:179	732   	0.758274	179	0.827949	0.379786	732   	0.106081 	30.4497	179	57 	9  	732   	3.56083
INFO:gp:180	772   	0.752981	180	0.827949	0.317613	772   	0.106655 	30.3715	180	57 	10 	772   	3.62041
INFO:gp:181	744   	0.758485	181	0.827959	0.345083	744   	0.104816 	30.5806	181	57 	13 	744   	3.35036
INFO:gp:182	790   	0.753348	182	0.827959	0.345477	790   	0.107178 	30.436 	182	44 	11 	790   	3.1945 
INFO:gp:183	779   	0.760747	183	0.827994	0.335298	779   	0.100363 	30.5152	183	48 	13 	779   	3.02604
INFO:gp:184	781   	0.758953	184	0.827994	0.321754	781   	0.101829 	30.5044	184	48 	6  	781   	3.26505
INFO:gp:185	791   	0.750646	185	0.827994	0.31755 	791   	0.105993 	30.5455	185	45 	5  	791   	3.38873
INFO:gp:186	771   	0.757471	186	0.827994	0.326031	771   	0.105631 	30.7331	186	47 	7  	771   	3.05251
INFO:gp:187	760   	0.758748	187	0.828004	0.350721	760   	0.100395 	30.5621	187	45 	13 	760   	3.11208
INFO:gp:188	795   	0.752483	188	0.828004	0.331506	795   	0.107464 	30.4418	188	48 	4  	795   	3.52623
INFO:gp:189	798   	0.750024	189	0.830242	0.317603	798   	0.109391 	30.349 	189	59 	7  	798   	4.17885
INFO:gp:190	758   	0.756696	190	0.835025	0.328825	758   	0.108141 	30.6061	190	46 	13 	758   	2.94827
INFO:gp:191	782   	0.761229	191	0.835025	0.313098	782   	0.103581 	30.5181	191	44 	13 	782   	3.15383
INFO:gp:192	799   	0.754745	192	0.83509 	0.337922	799   	0.107582 	30.4839	192	57 	4  	799   	3.61915
INFO:gp:193	776   	0.760395	193	0.835378	0.331977	776   	0.105771 	30.3744	193	57 	13 	776   	3.83756
INFO:gp:194	803   	0.752754	194	0.835472	0.325713	803   	0.11137  	30.5718	194	48 	13 	803   	3.10369
INFO:gp:195	797   	0.754636	195	0.835472	0.335781	797   	0.110165 	30.2884	195	48 	11 	797   	3.8141 
INFO:gp:196	758   	0.768687	196	0.835481	0.331212	758   	0.10261  	30.5347	196	55 	13 	758   	3.48892
INFO:gp:197	775   	0.766286	197	0.835481	0.330059	775   	0.104056 	30.4448	197	57 	11 	775   	3.74226
INFO:gp:198	773   	0.766107	198	0.835525	0.321613	773   	0.102397 	30.2991	198	47 	6  	773   	3.55414
INFO:gp:199	766   	0.768929	199	0.835526	0.316919	766   	0.101614 	30.4282	199	58 	5  	766   	3.14934
INFO:gp:200	770   	0.770227	200	0.835569	0.326496	770   	0.101846 	30.175 	200	45 	7  	770   	3.22558
INFO:gp:201	764   	0.766669	201	0.835587	0.321704	764   	0.107217 	30.0802	201	47 	13 	764   	3.3161 
INFO:gp:202	791   	0.767212	202	0.835587	0.317178	791   	0.104436 	29.8543	202	47 	5  	791   	3.59663
INFO:gp:203	764   	0.76945 	203	0.83563 	0.322859	764   	0.102514 	29.5826	203	42 	13 	764   	3.56078
INFO:gp:204	771   	0.770336	204	0.83563 	0.331307	771   	0.105434 	29.1896	204	50 	13 	771   	3.79009
INFO:gp:205	769   	0.769561	205	0.835713	0.339153	769   	0.103248 	28.8172	205	49 	10 	769   	3.9368 
INFO:gp:206	783   	0.763602	206	0.835713	0.279677	783   	0.108708 	28.0626	206	48 	13 	783   	4.2507 
INFO:gp:207	766   	0.764576	207	0.835713	0.335406	766   	0.108845 	27.9922	207	69 	11 	766   	4.48217
INFO:gp:208	763   	0.771873	208	0.835713	0.244557	763   	0.101172 	27.6745	208	42 	13 	763   	4.1278 
INFO:gp:209	779   	0.77719 	209	0.835747	0.3222  	779   	0.0953996	27.694 	209	55 	13 	779   	4.46637
INFO:gp:210	775   	0.764882	210	0.83578 	0.313178	775   	0.109691 	27.5543	210	49 	13 	775   	4.73695
INFO:gp:211	756   	0.775058	211	0.840526	0.316294	756   	0.101226 	27.3773	211	43 	11 	756   	3.95136
INFO:gp:212	773   	0.770266	212	0.840526	0.362415	773   	0.104    	27.0283	212	48 	13 	773   	3.519  
INFO:gp:213	767   	0.761559	213	0.840587	0.331334	767   	0.11058  	26.8807	213	49 	13 	767   	3.33814
INFO:gp:214	757   	0.771342	214	0.840587	0.31768 	757   	0.101211 	26.7889	214	43 	11 	757   	3.08789
INFO:gp:215	767   	0.775998	215	0.840598	0.321816	767   	0.0971316	26.4604	215	43 	10 	767   	3.008  
INFO:gp:216	761   	0.771862	216	0.840598	0.354561	761   	0.103548 	26.2424	216	42 	13 	761   	3.08369
INFO:gp:217	755   	0.772251	217	0.840598	0.330707	755   	0.103102 	25.9384	217	45 	5  	755   	2.85202
INFO:gp:218	776   	0.775224	218	0.840637	0.339943	776   	0.100413 	25.697 	218	47 	13 	776   	2.66289
INFO:gp:219	768   	0.776774	219	0.840661	0.369093	768   	0.0991582	25.6579	219	41 	13 	768   	2.59337
INFO:gp:220	775   	0.77459 	220	0.840661	0.322625	775   	0.103581 	25.522 	220	47 	12 	775   	2.87084
INFO:gp:221	761   	0.772255	221	0.840661	0.318049	761   	0.100616 	25.7361	221	42 	6  	761   	2.55166
INFO:gp:222	791   	0.772373	222	0.840731	0.340461	791   	0.106574 	25.6432	222	42 	13 	791   	2.50489
INFO:gp:223	759   	0.783177	223	0.843451	0.383506	759   	0.0945435	25.8006	223	42 	12 	759   	2.18305
INFO:gp:224	770   	0.775172	224	0.848606	0.310776	770   	0.102409 	25.8348	224	42 	14 	770   	2.31217
INFO:gp:225	767   	0.779184	225	0.848691	0.341492	767   	0.097165 	25.7155	225	40 	14 	767   	2.19442
INFO:gp:226	766   	0.776172	226	0.848691	0.318487	766   	0.102517 	25.6813	226	47 	14 	766   	2.15302
INFO:gp:227	766   	0.781038	227	0.848691	0.36646 	766   	0.0966789	25.8504	227	47 	17 	766   	1.93343
INFO:gp:228	774   	0.77759 	228	0.848691	0.3496  	774   	0.103173 	25.7283	228	38 	4  	774   	2.13303
INFO:gp:229	767   	0.775636	229	0.852987	0.331043	767   	0.105087 	25.9071	229	47 	14 	767   	2.55538
INFO:gp:230	781   	0.784926	230	0.852987	0.326788	781   	0.100021 	25.9052	230	47 	12 	781   	2.42861
INFO:gp:231	771   	0.778573	231	0.852987	0.335997	771   	0.103283 	25.913 	231	46 	12 	771   	2.44295
INFO:gp:232	769   	0.789247	232	0.853053	0.317194	769   	0.094996 	26.0137	232	43 	4  	769   	2.26621
INFO:gp:233	773   	0.790036	233	0.853053	0.335956	773   	0.0962949	26.042 	233	42 	5  	773   	2.16955
INFO:gp:234	808   	0.782741	234	0.853053	0.313934	808   	0.104072 	26.4457	234	43 	17 	808   	2.16177
INFO:gp:235	763   	0.787634	235	0.853053	0.317964	763   	0.104426 	26.6354	235	43 	15 	763   	2.24392
INFO:gp:236	761   	0.787534	236	0.853053	0.382077	761   	0.100431 	26.6911	236	47 	21 	761   	2.38773
INFO:gp:237	758   	0.788475	237	0.853053	0.387422	758   	0.0994343	26.522 	237	48 	3  	758   	2.08548
INFO:gp:238	792   	0.784072	238	0.853053	0.371307	792   	0.106176 	26.4536	238	49 	14 	792   	1.97975
INFO:gp:239	769   	0.793087	239	0.853053	0.365915	769   	0.0944374	26.4282	239	47 	18 	769   	1.61991
INFO:gp:240	754   	0.789515	240	0.853053	0.395424	754   	0.0974915	26.5973	240	49 	22 	754   	2.10619
INFO:gp:241	766   	0.792927	241	0.853053	0.381815	766   	0.0958178	26.4712	241	47 	7  	766   	1.71444
INFO:gp:242	747   	0.789052	242	0.853053	0.313724	747   	0.102731 	26.4438	242	42 	4  	747   	2.0055 
INFO:gp:243	741   	0.794617	243	0.853053	0.323035	741   	0.0948716	26.521 	243	49 	6  	741   	2.19733
INFO:gp:244	769   	0.787898	244	0.853054	0.323155	769   	0.102461 	26.6246	244	47 	12 	769   	2.22354
INFO:gp:245	759   	0.795329	245	0.853094	0.340582	759   	0.0936455	26.5885	245	49 	12 	759   	2.09495
INFO:gp:246	789   	0.786269	246	0.853099	0.356251	789   	0.102754 	26.5474	246	43 	17 	789   	1.70888
INFO:gp:247	784   	0.790334	247	0.853099	0.359973	784   	0.0998854	26.6618	247	47 	23 	784   	1.85521
INFO:gp:248	790   	0.787675	248	0.853099	0.317876	790   	0.10238  	26.8573	248	49 	5  	790   	2.2652 
INFO:gp:249	765   	0.79222 	249	0.853099	0.371626	765   	0.101793 	27.176 	249	49 	13 	765   	2.07869
INFO:gp:250	786   	0.792059	250	0.853102	0.356821	786   	0.10101  	27.4223	250	42 	22 	786   	1.76242
INFO:gp:251	760   	0.792312	251	0.853102	0.362453	760   	0.101212 	27.9179	251	53 	18 	760   	2.55862
INFO:gp:252	777   	0.791264	252	0.853102	0.351479	777   	0.0979003	28.565 	252	50 	11 	777   	2.26094
INFO:gp:253	778   	0.793709	253	0.853104	0.313829	778   	0.0980799	28.8338	253	47 	18 	778   	2.16019
INFO:gp:254	801   	0.79035 	254	0.853146	0.331033	801   	0.0997019	29.0313	254	47 	20 	801   	2.18074
INFO:gp:255	779   	0.788866	255	0.853146	0.354733	779   	0.104114 	29.2473	255	49 	22 	779   	2.32804
INFO:gp:256	783   	0.790847	256	0.853146	0.428529	783   	0.0968726	29.7507	256	47 	13 	783   	2.54796
INFO:gp:257	789   	0.788458	257	0.853146	0.313926	789   	0.100274 	30.1349	257	60 	16 	789   	2.64471
INFO:gp:258	782   	0.791523	258	0.853147	0.31842 	782   	0.100835 	30.7195	258	61 	15 	782   	2.78217
INFO:gp:259	760   	0.796929	259	0.853149	0.390098	760   	0.0948621	31.2727	259	55 	26 	760   	2.85199
INFO:gp:260	772   	0.796598	260	0.853149	0.390653	772   	0.0957704	31.4702	260	53 	11 	772   	2.83272
INFO:gp:261	778   	0.796098	261	0.853149	0.440651	778   	0.0922936	31.6843	261	49 	19 	778   	2.51312
INFO:gp:262	780   	0.78714 	262	0.853192	0.336157	780   	0.105674 	31.8612	262	61 	12 	780   	2.88189
INFO:gp:263	766   	0.793746	263	0.853193	0.318448	766   	0.093854 	31.9159	263	54 	12 	766   	3.11349
INFO:gp:264	778   	0.791993	264	0.853193	0.397127	778   	0.099467 	32.1134	264	50 	10 	778   	2.76001
INFO:gp:265	766   	0.79264 	265	0.853194	0.318412	766   	0.102417 	32.6197	265	56 	22 	766   	3.05906
INFO:gp:266	785   	0.792962	266	0.853197	0.370654	785   	0.100005 	32.9746	266	59 	21 	785   	2.93683
INFO:gp:267	767   	0.799343	267	0.853197	0.298618	767   	0.0923992	32.7703	267	42 	5  	767   	2.65018
INFO:gp:268	774   	0.795845	268	0.853248	0.344555	774   	0.096991 	32.563 	268	59 	3  	774   	2.73454
INFO:gp:269	781   	0.792292	269	0.853248	0.367846	781   	0.0964332	32.8935	269	61 	23 	781   	2.93384
INFO:gp:270	784   	0.799519	270	0.853311	0.337738	784   	0.0893981	33.7204	270	59 	19 	784   	3.06974
INFO:gp:271	747   	0.797525	271	0.853311	0.340033	747   	0.0958825	34.5758	271	64 	4  	747   	3.51006
INFO:gp:272	780   	0.794762	272	0.853311	0.316042	780   	0.0992511	35.5728	272	50 	7  	780   	3.72232
INFO:gp:273	776   	0.796421	273	0.853314	0.31795 	776   	0.0943638	37.2258	273	53 	18 	776   	4.06218
INFO:gp:274	780   	0.798889	274	0.853314	0.395618	780   	0.0923098	39.1544	274	51 	23 	780   	3.80867
INFO:gp:275	772   	0.792388	275	0.853329	0.312688	772   	0.100368 	40.0547	275	77 	12 	772   	4.27671
INFO:gp:276	756   	0.800797	276	0.853362	0.32257 	756   	0.0907373	41.0401	276	79 	22 	756   	3.55646
INFO:gp:277	760   	0.798699	277	0.853362	0.318408	760   	0.093165 	41.4966	277	85 	4  	760   	3.86271
INFO:gp:278	757   	0.800647	278	0.853365	0.344476	757   	0.0929467	41.7136	278	64 	15 	757   	3.58299
INFO:gp:279	744   	0.805694	279	0.853365	0.355998	744   	0.0877341	41.915 	279	53 	20 	744   	3.66132
INFO:gp:280	792   	0.79992 	280	0.85341 	0.34018 	792   	0.0941916	42.7507	280	89 	22 	792   	3.68525
INFO:gp:281	757   	0.802233	281	0.853414	0.339884	757   	0.0902502	43.4888	281	69 	20 	757   	3.7217 
INFO:gp:282	769   	0.797596	282	0.853414	0.350621	769   	0.0949708	44.0538	282	69 	26 	769   	3.49864
INFO:gp:283	760   	0.799406	283	0.853414	0.32646 	760   	0.0914109	44.392 	283	74 	10 	760   	3.88543
INFO:gp:284	779   	0.796029	284	0.85343 	0.314031	779   	0.0943222	45.2336	284	86 	25 	779   	4.06078
INFO:gp:285	759   	0.802032	285	0.85343 	0.322935	759   	0.0895275	45.7595	285	88 	26 	759   	4.17141
INFO:gp:286	790   	0.797325	286	0.85343 	0.318298	790   	0.0952496	46.2405	286	54 	25 	790   	3.88128
INFO:gp:287	758   	0.802832	287	0.85343 	0.323045	758   	0.0887386	46.5679	287	70 	22 	758   	3.79033
INFO:gp:288	765   	0.805698	288	0.853468	0.329377	765   	0.0885334	46.3431	288	68 	21 	765   	4.06022
INFO:gp:289	789   	0.80074 	289	0.853468	0.356178	789   	0.0921186	46.5386	289	70 	23 	789   	4.01003
INFO:gp:290	752   	0.803966	290	0.853468	0.404269	752   	0.0876585	47.176 	290	73 	26 	752   	4.00126
INFO:gp:291	769   	0.800153	291	0.853471	0.39368 	769   	0.0917921	47.6285	291	93 	26 	769   	3.97731
INFO:gp:292	769   	0.79807 	292	0.853488	0.386784	769   	0.0954526	47.6158	292	72 	26 	769   	3.87463
INFO:gp:293	767   	0.799771	293	0.853488	0.318367	767   	0.0939103	47.216 	293	91 	26 	767   	4.33915
INFO:gp:294	760   	0.800109	294	0.853488	0.35319 	760   	0.0902985	46.7791	294	69 	26 	760   	3.93124
INFO:gp:295	779   	0.800394	295	0.853488	0.345277	779   	0.0913099	46.1975	295	67 	10 	779   	4.39965
INFO:gp:296	766   	0.800501	296	0.853488	0.412948	766   	0.0908587	46.4604	296	56 	25 	766   	3.54391
INFO:gp:297	787   	0.800131	297	0.855499	0.352296	787   	0.0920682	46.6061	297	59 	23 	787   	3.26961
INFO:gp:298	798   	0.798118	298	0.855499	0.352067	798   	0.0956864	46.5992	298	67 	26 	798   	3.81355
INFO:gp:299	800   	0.793468	299	0.855499	0.305066	800   	0.0990361	46.3734	299	63 	12 	800   	4.28361
INFO:gp:300	793   	0.796511	300	0.8555  	0.332351	793   	0.0969818	46.2395	300	68 	23 	793   	4.44125
INFO:gp:301	793   	0.798534	301	0.855513	0.400716	793   	0.0905368	46.5064	301	60 	26 	793   	3.93219
INFO:gp:302	760   	0.798645	302	0.855859	0.363118	760   	0.0958756	46.5934	302	96 	15 	760   	4.07659
INFO:gp:303	750   	0.803136	303	0.855859	0.397717	750   	0.0912904	46.609 	303	89 	15 	750   	4.37598
INFO:gp:304	783   	0.800678	304	0.855859	0.322834	783   	0.0940381	46.7595	304	70 	21 	783   	4.04119
INFO:gp:305	772   	0.79877 	305	0.855871	0.327172	772   	0.0938915	46.6129	305	90 	23 	772   	4.7117 
INFO:gp:306	753   	0.802855	306	0.855871	0.378474	753   	0.0911074	46.1652	306	90 	24 	753   	4.44529
INFO:gp:307	781   	0.79779 	307	0.85588 	0.335809	781   	0.0983744	45.9316	307	89 	27 	781   	4.19878
INFO:gp:308	765   	0.801386	308	0.85588 	0.377712	765   	0.0933125	45.6901	308	66 	10 	765   	3.55803
INFO:gp:309	781   	0.800044	309	0.859802	0.344747	781   	0.0988647	45.7351	309	87 	23 	781   	3.54488
INFO:gp:310	793   	0.797374	310	0.859802	0.327962	793   	0.101265 	45.3343	310	54 	27 	793   	3.46688
INFO:gp:311	772   	0.802389	311	0.859982	0.386467	772   	0.0949791	45.4311	311	57 	27 	772   	3.26642
INFO:gp:312	774   	0.799348	312	0.859982	0.317138	774   	0.101497 	45.5767	312	69 	26 	774   	3.51449
INFO:gp:313	767   	0.798758	313	0.859982	0.40391 	767   	0.100493 	45.4585	313	57 	29 	767   	3.73643
INFO:gp:314	769   	0.796797	314	0.859982	0.367411	769   	0.103789 	45.5464	314	64 	19 	769   	3.37021
INFO:gp:315	794   	0.80012 	315	0.860037	0.345351	794   	0.0985821	45.3763	315	56 	15 	794   	3.14152
INFO:gp:316	788   	0.798737	316	0.860037	0.350601	788   	0.103366 	45.043 	316	87 	31 	788   	3.61383
INFO:gp:317	793   	0.799712	317	0.860037	0.285246	793   	0.102266 	44.6471	317	89 	12 	793   	3.98771
INFO:gp:318	797   	0.806094	318	0.860037	0.383658	797   	0.0922123	44.5855	318	87 	31 	797   	3.15365
INFO:gp:319	798   	0.806083	319	0.860038	0.385049	798   	0.0933624	44.3656	319	83 	31 	798   	3.39502
INFO:gp:320	744   	0.80823 	320	0.860038	0.318062	744   	0.095439 	44.2454	320	57 	31 	744   	2.88038
INFO:gp:321	769   	0.810645	321	0.860038	0.344846	769   	0.0874799	43.9951	321	53 	31 	769   	2.57611
INFO:gp:322	791   	0.795809	322	0.860043	0.352393	791   	0.106555 	43.782 	322	83 	25 	791   	3.44264
INFO:gp:323	781   	0.809304	323	0.860064	0.335449	781   	0.0885626	43.6823	323	58 	27 	781   	2.86069
INFO:gp:324	770   	0.800441	324	0.860087	0.359454	770   	0.104083 	43.5484	324	57 	31 	770   	3.05463
INFO:gp:325	773   	0.797142	325	0.860087	0.318115	773   	0.106611 	43.828 	325	64 	24 	773   	2.80861
INFO:gp:326	807   	0.802353	326	0.860087	0.316278	807   	0.101113 	43.783 	326	64 	28 	807   	2.87977
INFO:gp:327	762   	0.808184	327	0.860192	0.326077	762   	0.0941375	43.7889	327	87 	30 	762   	3.20013
INFO:gp:328	774   	0.805706	328	0.860192	0.386946	774   	0.0962273	43.4575	328	66 	25 	774   	3.20189
INFO:gp:329	760   	0.809179	329	0.860203	0.333736	760   	0.0954336	43.8651	329	52 	13 	760   	2.95211
INFO:gp:330	783   	0.806236	330	0.860203	0.409172	783   	0.0933953	43.7097	330	66 	28 	783   	3.12383
INFO:gp:331	751   	0.809602	331	0.860203	0.361996	751   	0.0955188	43.1114	331	59 	28 	751   	3.09973
INFO:gp:332	783   	0.808364	332	0.860203	0.322374	783   	0.0961289	42.3812	332	61 	30 	783   	3.03149
INFO:gp:333	781   	0.804988	333	0.860203	0.307977	781   	0.102606 	42.2053	333	54 	30 	781   	2.70384
INFO:gp:334	769   	0.801236	334	0.860203	0.335763	769   	0.102793 	42.4291	334	81 	19 	769   	3.14967
INFO:gp:335	753   	0.804385	335	0.860248	0.308574	753   	0.101762 	42.5836	335	85 	6  	753   	3.53873
INFO:gp:336	775   	0.807834	336	0.860248	0.359406	775   	0.0941489	43.1349	336	54 	23 	775   	2.71979
INFO:gp:337	768   	0.810133	337	0.860248	0.325299	768   	0.0923075	43.2522	337	60 	28 	768   	2.65201
INFO:gp:338	754   	0.809039	338	0.860248	0.335886	754   	0.0966434	43.1916	338	52 	30 	754   	2.61816
INFO:gp:339	766   	0.80267 	339	0.860789	0.385701	766   	0.101835 	43.0909	339	65 	5  	766   	3.42929
INFO:gp:340	754   	0.80655 	340	0.860789	0.363157	754   	0.098693 	43.259 	340	85 	25 	754   	3.19799
INFO:gp:341	782   	0.803421	341	0.860839	0.381202	782   	0.10118  	43.1369	341	82 	28 	782   	3.0721 
INFO:gp:342	793   	0.807103	342	0.860839	0.425973	793   	0.0926133	42.8338	342	62 	27 	793   	2.86308
INFO:gp:343	792   	0.803194	343	0.860839	0.374757	792   	0.100947 	42.7771	343	64 	17 	792   	2.96727
INFO:gp:344	795   	0.809113	344	0.860839	0.354639	795   	0.0954485	42.9218	344	54 	24 	795   	2.45303
INFO:gp:345	776   	0.80956 	345	0.860839	0.424344	776   	0.0927891	42.8944	345	80 	30 	776   	2.86732
INFO:gp:346	775   	0.808631	346	0.860839	0.317798	775   	0.0992121	42.7136	346	65 	26 	775   	2.66234
INFO:gp:347	735   	0.805083	347	0.860839	0.328981	735   	0.100776 	42.5875	347	81 	33 	735   	2.78031
INFO:gp:348	795   	0.804154	348	0.860839	0.358957	795   	0.1009   	42.48  	348	82 	29 	795   	3.07726
INFO:gp:349	765   	0.799965	349	0.860839	0.322254	765   	0.109862 	42.3627	349	64 	24 	765   	2.62227
INFO:gp:350	745   	0.807558	350	0.860839	0.312001	745   	0.101647 	42.5611	350	58 	32 	745   	2.44588
INFO:gp:351	775   	0.805429	351	0.860839	0.317811	775   	0.100813 	42.3578	351	61 	24 	775   	2.55555
INFO:gp:352	772   	0.804659	352	0.860839	0.331333	772   	0.103404 	42.4653	352	53 	27 	772   	2.36555
INFO:gp:353	749   	0.804483	353	0.860839	0.326454	749   	0.102486 	42.5875	353	82 	29 	749   	2.89097
INFO:gp:354	785   	0.809536	354	0.860839	0.334146	785   	0.0951846	42.5494	354	61 	33 	785   	2.20442
INFO:gp:355	754   	0.811499	355	0.860901	0.313267	754   	0.0955327	42.5152	355	81 	23 	754   	2.92552
INFO:gp:356	785   	0.806048	356	0.860901	0.40328 	785   	0.100374 	42.5181	356	53 	30 	785   	2.13645
INFO:gp:357	774   	0.806028	357	0.860901	0.313824	774   	0.0983914	42.3646	357	67 	29 	774   	2.58218
INFO:gp:358	760   	0.805502	358	0.860901	0.295163	760   	0.103303 	42.4927	358	61 	29 	760   	2.20851
INFO:gp:359	787   	0.801438	359	0.860901	0.326618	787   	0.103982 	42.2454	359	82 	30 	787   	2.65394
INFO:gp:360	784   	0.798206	360	0.860901	0.326454	784   	0.108999 	42.0117	360	63 	24 	784   	2.69315
INFO:gp:361	770   	0.799804	361	0.860901	0.321654	770   	0.108219 	41.999 	361	82 	33 	770   	2.62498
INFO:gp:362	745   	0.806571	362	0.860901	0.324302	745   	0.100308 	41.6452	362	63 	32 	745   	2.4777 
INFO:gp:363	772   	0.800654	363	0.860901	0.34953 	772   	0.106814 	41.7116	363	79 	31 	772   	2.67422
INFO:gp:364	778   	0.802758	364	0.860901	0.317757	778   	0.104682 	41.5455	364	53 	31 	778   	2.31651
INFO:gp:365	770   	0.797168	365	0.860901	0.318659	770   	0.11466  	41.5327	365	52 	21 	770   	2.29553
INFO:gp:366	770   	0.805393	366	0.860901	0.326679	770   	0.103892 	41.6041	366	79 	9  	770   	2.75395
INFO:gp:367	778   	0.802854	367	0.860901	0.326621	778   	0.106811 	41.5767	367	79 	28 	778   	2.63144
INFO:gp:368	785   	0.799053	368	0.860901	0.326493	785   	0.111217 	41.6999	368	63 	31 	785   	2.43646
INFO:gp:369	753   	0.806203	369	0.860901	0.326684	753   	0.101426 	41.5855	369	58 	31 	753   	2.20421
INFO:gp:370	777   	0.800575	370	0.860901	0.323727	777   	0.10334  	41.6647	370	81 	24 	777   	2.73459
INFO:gp:371	782   	0.804353	371	0.860901	0.317709	782   	0.102746 	41.6647	371	79 	32 	782   	2.6378 
INFO:gp:372	787   	0.798843	372	0.860901	0.34953 	787   	0.109472 	41.5591	372	80 	28 	787   	2.43311
INFO:gp:373	755   	0.80175 	373	0.860901	0.326605	755   	0.105847 	41.7019	373	79 	33 	755   	2.6779 
INFO:gp:374	775   	0.80699 	374	0.860901	0.338311	775   	0.101661 	41.5484	374	79 	5  	775   	3.29806
INFO:gp:375	771   	0.802748	375	0.860901	0.331531	771   	0.104972 	41.563 	375	62 	28 	771   	2.6551 
INFO:gp:376	781   	0.806955	376	0.860901	0.425816	781   	0.0982885	41.6207	376	54 	28 	781   	2.23122
INFO:gp:377	765   	0.806082	377	0.860942	0.326684	765   	0.103679 	41.5484	377	63 	29 	765   	2.52444
INFO:gp:378	756   	0.803534	378	0.860942	0.292054	756   	0.10283  	41.5445	378	82 	30 	756   	2.64736
INFO:gp:379	775   	0.808338	379	0.860942	0.317802	775   	0.0979646	41.5474	379	61 	32 	775   	2.27259
INFO:gp:380	773   	0.802575	380	0.860942	0.326605	773   	0.102957 	41.6109	380	56 	33 	773   	2.24787
INFO:gp:381	798   	0.801191	381	0.860942	0.325724	798   	0.105775 	41.9189	381	58 	33 	798   	2.2899 
INFO:gp:382	735   	0.80627 	382	0.860942	0.321926	735   	0.106315 	41.9824	382	53 	13 	735   	2.56293
INFO:gp:383	800   	0.799553	383	0.860994	0.322518	800   	0.109696 	42.3236	383	64 	33 	800   	2.33045
INFO:gp:384	778   	0.805653	384	0.860994	0.326662	778   	0.10186  	42.3363	384	61 	27 	778   	2.44356
INFO:gp:385	748   	0.803223	385	0.860994	0.326576	748   	0.10522  	42.3607	385	62 	32 	748   	2.68151
INFO:gp:386	759   	0.807446	386	0.860994	0.322166	759   	0.10244  	42.4575	386	54 	33 	759   	2.1939 
INFO:gp:387	773   	0.794456	387	0.860994	0.322546	773   	0.114593 	42.3998	387	81 	22 	773   	2.72124
INFO:gp:388	782   	0.804272	388	0.860994	0.321591	782   	0.1071   	42.4096	388	62 	31 	782   	2.32194
INFO:gp:389	779   	0.79883 	389	0.860994	0.291546	779   	0.11253  	42.2463	389	59 	9  	779   	2.70655
INFO:gp:390	764   	0.802903	390	0.860994	0.317821	764   	0.10431  	42.3969	390	53 	31 	764   	2.25563
INFO:gp:391	769   	0.796542	391	0.860994	0.322166	769   	0.110147 	42.4125	391	81 	29 	769   	2.64037
INFO:gp:392	777   	0.801928	392	0.860994	0.321876	777   	0.106321 	42.4047	392	62 	28 	777   	2.49701
INFO:gp:393	768   	0.799253	393	0.860994	0.342526	768   	0.111087 	42.3881	393	83 	28 	768   	2.8537 
INFO:gp:394	765   	0.798371	394	0.860994	0.326387	765   	0.110491 	42.3069	394	53 	12 	765   	2.69963
INFO:gp:395	756   	0.800254	395	0.860994	0.332922	756   	0.109781 	42.4721	395	53 	33 	756   	2.24391
INFO:gp:396	759   	0.800875	396	0.860994	0.31279 	759   	0.10945  	42.3793	396	61 	3  	759   	2.90899
INFO:gp:397	798   	0.800392	397	0.860994	0.322166	798   	0.110259 	42.3803	397	62 	28 	798   	2.49596
INFO:gp:398	763   	0.798066	398	0.860994	0.321595	763   	0.112686 	42.4086	398	64 	32 	763   	2.75582
INFO:gp:399	800   	0.792686	399	0.861043	0.326537	800   	0.118062 	42.4135	399	64 	26 	800   	2.55499
INFO:gp:400	755   	0.802164	400	0.861043	0.326652	755   	0.106803 	42.4506	400	54 	28 	755   	2.23394
INFO:__main__:Saving model to file: checkpoints/run_8.pth
INFO:util:Train accuracy: 0.9416415600479764 +- 0.0017653443096918298
INFO:util:Val accuracy: 0.9416415600479764 +- 0.0017653443096918298
INFO:util:Test accuracy: 0.7444444444444445 +- 0.0
INFO:util:Train intra-class: 0.10611560600945187, Train Inter-class: 0.18341122034488322
INFO:util:Val intra-class: 0.10603297257207579, Val Inter-class: 0.14376914150339642
INFO:util:Test intra-class: 0.12731618004293174, Test inter-class: 0.18608694133475373
INFO:plot:Saving t-SNE to file: figures/tsne.png
INFO:plot:Saving t-SNE to file: figures/tsne.png
INFO:plot:Saving tree to file: figures/tree-0.pdf
INFO:plot:Saving tree to file: figures/tree-1.pdf
INFO:plot:Saving tree to file: figures/tree-2.pdf
