INFO:train:Epoch 1/1000 	Train Loss: 0.7165, Train Acc: 0.6220	 Val Loss: 0.7622, Val Acc: 0.6667
INFO:train:Epoch 2/1000 	Train Loss: 0.6409, Train Acc: 0.6875	 Val Loss: 0.6955, Val Acc: 0.6667
INFO:train:Epoch 3/1000 	Train Loss: 0.6015, Train Acc: 0.7381	 Val Loss: 0.7098, Val Acc: 0.6667
INFO:train:Epoch 4/1000 	Train Loss: 0.6045, Train Acc: 0.6994	 Val Loss: 0.7672, Val Acc: 0.6667
INFO:train:Epoch 5/1000 	Train Loss: 0.5682, Train Acc: 0.7054	 Val Loss: 0.7894, Val Acc: 0.5333
INFO:train:Epoch 6/1000 	Train Loss: 0.5530, Train Acc: 0.7768	 Val Loss: 0.8906, Val Acc: 0.5333
INFO:train:Epoch 7/1000 	Train Loss: 0.5059, Train Acc: 0.8214	 Val Loss: 1.0666, Val Acc: 0.5333
INFO:train:Epoch 8/1000 	Train Loss: 0.4681, Train Acc: 0.8571	 Val Loss: 1.2939, Val Acc: 0.5333
INFO:train:Epoch 9/1000 	Train Loss: 0.4288, Train Acc: 0.8512	 Val Loss: 1.5124, Val Acc: 0.6667
INFO:train:Epoch 10/1000 	Train Loss: 0.4481, Train Acc: 0.8244	 Val Loss: 1.2423, Val Acc: 0.3333
INFO:train:Epoch 11/1000 	Train Loss: 0.4447, Train Acc: 0.8274	 Val Loss: 1.2015, Val Acc: 0.6000
INFO:train:Epoch 12/1000 	Train Loss: 0.3949, Train Acc: 0.9077	 Val Loss: 1.3903, Val Acc: 0.6000
INFO:train:Epoch 13/1000 	Train Loss: 0.3315, Train Acc: 0.9196	 Val Loss: 1.5347, Val Acc: 0.5333
INFO:train:Epoch 14/1000 	Train Loss: 0.2915, Train Acc: 0.9583	 Val Loss: 1.7785, Val Acc: 0.5333
INFO:train:Epoch 15/1000 	Train Loss: 0.3072, Train Acc: 0.9315	 Val Loss: 1.5083, Val Acc: 0.4000
INFO:train:Epoch 16/1000 	Train Loss: 0.2806, Train Acc: 0.9554	 Val Loss: 1.2367, Val Acc: 0.4667
INFO:train:Epoch 17/1000 	Train Loss: 0.2924, Train Acc: 0.9702	 Val Loss: 1.3578, Val Acc: 0.4000
INFO:train:Epoch 18/1000 	Train Loss: 0.2763, Train Acc: 0.9613	 Val Loss: 1.6075, Val Acc: 0.5333
INFO:train:Epoch 19/1000 	Train Loss: 0.2484, Train Acc: 0.9792	 Val Loss: 1.5141, Val Acc: 0.5333
INFO:train:Epoch 20/1000 	Train Loss: 0.2335, Train Acc: 0.9911	 Val Loss: 1.5481, Val Acc: 0.5333
INFO:train:Epoch 21/1000 	Train Loss: 0.2319, Train Acc: 0.9940	 Val Loss: 1.4428, Val Acc: 0.5333
INFO:train:Epoch 22/1000 	Train Loss: 0.2243, Train Acc: 0.9970	 Val Loss: 1.4277, Val Acc: 0.5333
INFO:train:Epoch 23/1000 	Train Loss: 0.2232, Train Acc: 0.9970	 Val Loss: 1.3644, Val Acc: 0.5333
INFO:train:Epoch 24/1000 	Train Loss: 0.2156, Train Acc: 1.0000	 Val Loss: 1.3241, Val Acc: 0.5333
INFO:train:Epoch 25/1000 	Train Loss: 0.2147, Train Acc: 1.0000	 Val Loss: 1.3423, Val Acc: 0.5333
INFO:train:Epoch 26/1000 	Train Loss: 0.2138, Train Acc: 1.0000	 Val Loss: 1.3603, Val Acc: 0.5333
INFO:train:Epoch 27/1000 	Train Loss: 0.2136, Train Acc: 1.0000	 Val Loss: 1.4060, Val Acc: 0.5333
INFO:train:Epoch 28/1000 	Train Loss: 0.2103, Train Acc: 1.0000	 Val Loss: 1.3332, Val Acc: 0.5333
INFO:train:Epoch 29/1000 	Train Loss: 0.2089, Train Acc: 1.0000	 Val Loss: 1.3345, Val Acc: 0.5333
INFO:train:Epoch 30/1000 	Train Loss: 0.2065, Train Acc: 1.0000	 Val Loss: 1.2914, Val Acc: 0.5333
INFO:train:Epoch 31/1000 	Train Loss: 0.2080, Train Acc: 1.0000	 Val Loss: 1.3047, Val Acc: 0.5333
INFO:train:Epoch 32/1000 	Train Loss: 0.2075, Train Acc: 1.0000	 Val Loss: 1.3106, Val Acc: 0.5333
INFO:train:Epoch 33/1000 	Train Loss: 0.2068, Train Acc: 1.0000	 Val Loss: 1.3327, Val Acc: 0.5333
INFO:train:Epoch 34/1000 	Train Loss: 0.2054, Train Acc: 1.0000	 Val Loss: 1.3409, Val Acc: 0.5333
INFO:train:Early stopping triggered after 34 epochs
INFO:train:Validation accuracy: 0.5333333333333333
INFO:plot:Saving attention map to: figures/model_accuracy.png
INFO:__main__:Best model saved to checkpoints/LSTM_checkpoint
INFO:train:train got 64 / 64 correct, accuracy: 1.0
INFO:plot:Saving cofusion matrix map to: figures/train_confusion_matrix.png
INFO:train:train got 64 / 64 correct, accuracy: 1.0
INFO:plot:Saving cofusion matrix map to: figures/train_confusion_matrix.png
INFO:train:train got 64 / 64 correct, accuracy: 1.0
INFO:plot:Saving cofusion matrix map to: figures/train_confusion_matrix.png
INFO:train:train got 64 / 64 correct, accuracy: 1.0
INFO:plot:Saving cofusion matrix map to: figures/train_confusion_matrix.png
INFO:train:train got 64 / 64 correct, accuracy: 1.0
INFO:plot:Saving cofusion matrix map to: figures/train_confusion_matrix.png
INFO:train:train got 16 / 16 correct, accuracy: 1.0
INFO:plot:Saving cofusion matrix map to: figures/train_confusion_matrix.png
INFO:train:Total time taken evaluate on train set the model: 0.51s
INFO:train:validation got 8 / 15 correct, accuracy: 0.5333333333333333
INFO:plot:Saving cofusion matrix map to: figures/validation_confusion_matrix.png
INFO:train:Total time taken evaluate on validation set the model: 0.08s
