INFO:train:Epoch 1/200 	Train Loss: 0.3085, Train Balanced Acc: 0.4992	 Val Loss: 0.3008, Val Balanced Acc: 0.5000
INFO:train:Epoch 2/200 	Train Loss: 0.2982, Train Balanced Acc: 0.5000	 Val Loss: 0.3027, Val Balanced Acc: 0.5000
INFO:train:Epoch 3/200 	Train Loss: 0.2965, Train Balanced Acc: 0.5000	 Val Loss: 0.2971, Val Balanced Acc: 0.5000
INFO:train:Epoch 4/200 	Train Loss: 0.2957, Train Balanced Acc: 0.5000	 Val Loss: 0.2960, Val Balanced Acc: 0.5000
INFO:train:Epoch 5/200 	Train Loss: 0.2942, Train Balanced Acc: 0.5000	 Val Loss: 0.2995, Val Balanced Acc: 0.5000
INFO:train:Epoch 6/200 	Train Loss: 0.2941, Train Balanced Acc: 0.5000	 Val Loss: 0.2959, Val Balanced Acc: 0.5000
INFO:train:Epoch 7/200 	Train Loss: 0.2943, Train Balanced Acc: 0.5000	 Val Loss: 0.2970, Val Balanced Acc: 0.5000
INFO:train:Epoch 8/200 	Train Loss: 0.2946, Train Balanced Acc: 0.5000	 Val Loss: 0.2968, Val Balanced Acc: 0.5000
INFO:train:Epoch 9/200 	Train Loss: 0.2931, Train Balanced Acc: 0.5000	 Val Loss: 0.2987, Val Balanced Acc: 0.5000
INFO:train:Epoch 10/200 	Train Loss: 0.2918, Train Balanced Acc: 0.5000	 Val Loss: 0.2999, Val Balanced Acc: 0.5000
INFO:train:Epoch 11/200 	Train Loss: 0.2927, Train Balanced Acc: 0.5000	 Val Loss: 0.2984, Val Balanced Acc: 0.5000
INFO:train:Early stopping triggered after 11 epochs
INFO:train:Epoch 12/200 	Train Loss: 0.2916, Train Balanced Acc: 0.5000	 Val Loss: 0.2990, Val Balanced Acc: 0.5000
INFO:train:Early stopping triggered after 12 epochs
INFO:train:Epoch 13/200 	Train Loss: 0.2928, Train Balanced Acc: 0.5000	 Val Loss: 0.2978, Val Balanced Acc: 0.5000
INFO:train:Early stopping triggered after 13 epochs
INFO:train:Epoch 14/200 	Train Loss: 0.2908, Train Balanced Acc: 0.5000	 Val Loss: 0.3011, Val Balanced Acc: 0.5000
INFO:train:Early stopping triggered after 14 epochs
INFO:train:Epoch 15/200 	Train Loss: 0.2895, Train Balanced Acc: 0.5000	 Val Loss: 0.3012, Val Balanced Acc: 0.5000
INFO:train:Early stopping triggered after 15 epochs
INFO:train:Epoch 16/200 	Train Loss: 0.2897, Train Balanced Acc: 0.5000	 Val Loss: 0.3025, Val Balanced Acc: 0.5000
INFO:train:Early stopping triggered after 16 epochs
INFO:train:Epoch 17/200 	Train Loss: 0.2903, Train Balanced Acc: 0.5000	 Val Loss: 0.3046, Val Balanced Acc: 0.5000
INFO:train:Early stopping triggered after 17 epochs
INFO:train:Epoch 18/200 	Train Loss: 0.2882, Train Balanced Acc: 0.5000	 Val Loss: 0.3261, Val Balanced Acc: 0.5156
INFO:train:Epoch 19/200 	Train Loss: 0.2889, Train Balanced Acc: 0.5010	 Val Loss: 0.2992, Val Balanced Acc: 0.5000
INFO:train:Epoch 20/200 	Train Loss: 0.2867, Train Balanced Acc: 0.5048	 Val Loss: 0.3036, Val Balanced Acc: 0.5000
INFO:train:Epoch 21/200 	Train Loss: 0.2860, Train Balanced Acc: 0.5048	 Val Loss: 0.3483, Val Balanced Acc: 0.5508
INFO:train:Epoch 22/200 	Train Loss: 0.2860, Train Balanced Acc: 0.5101	 Val Loss: 0.3440, Val Balanced Acc: 0.5529
INFO:train:Epoch 23/200 	Train Loss: 0.2851, Train Balanced Acc: 0.5114	 Val Loss: 0.3083, Val Balanced Acc: 0.4980
INFO:train:Epoch 24/200 	Train Loss: 0.2843, Train Balanced Acc: 0.5133	 Val Loss: 0.3271, Val Balanced Acc: 0.5332
INFO:train:Epoch 25/200 	Train Loss: 0.2834, Train Balanced Acc: 0.5198	 Val Loss: 0.3284, Val Balanced Acc: 0.5115
INFO:train:Epoch 26/200 	Train Loss: 0.2831, Train Balanced Acc: 0.5162	 Val Loss: 0.3636, Val Balanced Acc: 0.6037
INFO:train:Epoch 27/200 	Train Loss: 0.2803, Train Balanced Acc: 0.5319	 Val Loss: 0.3474, Val Balanced Acc: 0.5583
INFO:train:Epoch 28/200 	Train Loss: 0.2797, Train Balanced Acc: 0.5372	 Val Loss: 0.4405, Val Balanced Acc: 0.5968
INFO:train:Epoch 29/200 	Train Loss: 0.2779, Train Balanced Acc: 0.5473	 Val Loss: 0.4268, Val Balanced Acc: 0.5966
INFO:train:Epoch 30/200 	Train Loss: 0.2781, Train Balanced Acc: 0.5491	 Val Loss: 0.3404, Val Balanced Acc: 0.5736
INFO:train:Epoch 31/200 	Train Loss: 0.2759, Train Balanced Acc: 0.5554	 Val Loss: 0.3707, Val Balanced Acc: 0.5685
INFO:train:Epoch 32/200 	Train Loss: 0.2768, Train Balanced Acc: 0.5633	 Val Loss: 0.3628, Val Balanced Acc: 0.5746
INFO:train:Epoch 33/200 	Train Loss: 0.2732, Train Balanced Acc: 0.5657	 Val Loss: 0.4207, Val Balanced Acc: 0.6050
INFO:train:Epoch 34/200 	Train Loss: 0.2728, Train Balanced Acc: 0.5712	 Val Loss: 0.3728, Val Balanced Acc: 0.6088
INFO:train:Epoch 35/200 	Train Loss: 0.2734, Train Balanced Acc: 0.5664	 Val Loss: 0.4283, Val Balanced Acc: 0.6132
INFO:train:Epoch 36/200 	Train Loss: 0.2741, Train Balanced Acc: 0.5574	 Val Loss: 0.3427, Val Balanced Acc: 0.6160
INFO:train:Epoch 37/200 	Train Loss: 0.2729, Train Balanced Acc: 0.5733	 Val Loss: 0.3892, Val Balanced Acc: 0.6305
INFO:train:Epoch 38/200 	Train Loss: 0.2720, Train Balanced Acc: 0.5692	 Val Loss: 0.3819, Val Balanced Acc: 0.6160
INFO:train:Epoch 39/200 	Train Loss: 0.2694, Train Balanced Acc: 0.5788	 Val Loss: 0.3605, Val Balanced Acc: 0.5705
INFO:train:Epoch 40/200 	Train Loss: 0.2681, Train Balanced Acc: 0.5846	 Val Loss: 0.3499, Val Balanced Acc: 0.5301
INFO:train:Epoch 41/200 	Train Loss: 0.2703, Train Balanced Acc: 0.5733	 Val Loss: 0.4250, Val Balanced Acc: 0.6275
INFO:train:Epoch 42/200 	Train Loss: 0.2690, Train Balanced Acc: 0.5830	 Val Loss: 0.3825, Val Balanced Acc: 0.5881
INFO:train:Epoch 43/200 	Train Loss: 0.2684, Train Balanced Acc: 0.5859	 Val Loss: 0.4042, Val Balanced Acc: 0.6234
INFO:train:Epoch 44/200 	Train Loss: 0.2666, Train Balanced Acc: 0.5953	 Val Loss: 0.3970, Val Balanced Acc: 0.6275
INFO:train:Epoch 45/200 	Train Loss: 0.2671, Train Balanced Acc: 0.5856	 Val Loss: 0.3895, Val Balanced Acc: 0.6285
INFO:train:Epoch 46/200 	Train Loss: 0.2668, Train Balanced Acc: 0.5944	 Val Loss: 0.4428, Val Balanced Acc: 0.6484
INFO:train:Epoch 47/200 	Train Loss: 0.2623, Train Balanced Acc: 0.6119	 Val Loss: 0.4326, Val Balanced Acc: 0.6507
INFO:train:Epoch 48/200 	Train Loss: 0.2662, Train Balanced Acc: 0.5984	 Val Loss: 0.4868, Val Balanced Acc: 0.6344
INFO:train:Epoch 49/200 	Train Loss: 0.2630, Train Balanced Acc: 0.6090	 Val Loss: 0.4009, Val Balanced Acc: 0.6390
INFO:train:Epoch 50/200 	Train Loss: 0.2617, Train Balanced Acc: 0.6157	 Val Loss: 0.4071, Val Balanced Acc: 0.6484
INFO:train:Epoch 51/200 	Train Loss: 0.2612, Train Balanced Acc: 0.6168	 Val Loss: 0.4255, Val Balanced Acc: 0.6569
INFO:train:Epoch 52/200 	Train Loss: 0.2602, Train Balanced Acc: 0.6260	 Val Loss: 0.4318, Val Balanced Acc: 0.6199
INFO:train:Epoch 53/200 	Train Loss: 0.2573, Train Balanced Acc: 0.6355	 Val Loss: 0.4559, Val Balanced Acc: 0.6653
INFO:train:Epoch 54/200 	Train Loss: 0.2591, Train Balanced Acc: 0.6420	 Val Loss: 0.4658, Val Balanced Acc: 0.6602
INFO:train:Epoch 55/200 	Train Loss: 0.2570, Train Balanced Acc: 0.6451	 Val Loss: 0.4689, Val Balanced Acc: 0.6239
INFO:train:Epoch 56/200 	Train Loss: 0.2559, Train Balanced Acc: 0.6581	 Val Loss: 0.5311, Val Balanced Acc: 0.6367
INFO:train:Epoch 57/200 	Train Loss: 0.2526, Train Balanced Acc: 0.6790	 Val Loss: 0.5357, Val Balanced Acc: 0.6924
INFO:train:Epoch 58/200 	Train Loss: 0.2540, Train Balanced Acc: 0.6745	 Val Loss: 0.6014, Val Balanced Acc: 0.6804
INFO:train:Epoch 59/200 	Train Loss: 0.2555, Train Balanced Acc: 0.6648	 Val Loss: 0.5251, Val Balanced Acc: 0.6480
INFO:train:Epoch 60/200 	Train Loss: 0.2484, Train Balanced Acc: 0.7043	 Val Loss: 0.5128, Val Balanced Acc: 0.6375
INFO:train:Epoch 61/200 	Train Loss: 0.2487, Train Balanced Acc: 0.6916	 Val Loss: 0.5076, Val Balanced Acc: 0.6487
INFO:train:Epoch 62/200 	Train Loss: 0.2470, Train Balanced Acc: 0.7133	 Val Loss: 0.5750, Val Balanced Acc: 0.6314
INFO:train:Epoch 63/200 	Train Loss: 0.2471, Train Balanced Acc: 0.7117	 Val Loss: 0.7002, Val Balanced Acc: 0.6878
INFO:train:Epoch 64/200 	Train Loss: 0.2473, Train Balanced Acc: 0.7151	 Val Loss: 0.6085, Val Balanced Acc: 0.6717
INFO:train:Epoch 65/200 	Train Loss: 0.2445, Train Balanced Acc: 0.7256	 Val Loss: 0.5065, Val Balanced Acc: 0.6094
INFO:train:Epoch 66/200 	Train Loss: 0.2489, Train Balanced Acc: 0.7112	 Val Loss: 0.5334, Val Balanced Acc: 0.6385
INFO:train:Epoch 67/200 	Train Loss: 0.2429, Train Balanced Acc: 0.7308	 Val Loss: 0.7689, Val Balanced Acc: 0.6475
INFO:train:Early stopping triggered after 67 epochs
INFO:train:Epoch 68/200 	Train Loss: 0.2413, Train Balanced Acc: 0.7498	 Val Loss: 0.6606, Val Balanced Acc: 0.6625
INFO:train:Early stopping triggered after 68 epochs
INFO:train:Epoch 69/200 	Train Loss: 0.2432, Train Balanced Acc: 0.7487	 Val Loss: 0.8763, Val Balanced Acc: 0.6417
INFO:train:Early stopping triggered after 69 epochs
INFO:train:Epoch 70/200 	Train Loss: 0.2401, Train Balanced Acc: 0.7537	 Val Loss: 0.7511, Val Balanced Acc: 0.6659
INFO:train:Early stopping triggered after 70 epochs
INFO:train:Epoch 71/200 	Train Loss: 0.2437, Train Balanced Acc: 0.7361	 Val Loss: 0.7432, Val Balanced Acc: 0.6472
INFO:train:Early stopping triggered after 71 epochs
INFO:train:Epoch 72/200 	Train Loss: 0.2397, Train Balanced Acc: 0.7651	 Val Loss: 0.9268, Val Balanced Acc: 0.6478
INFO:train:Early stopping triggered after 72 epochs
INFO:train:Epoch 73/200 	Train Loss: 0.2416, Train Balanced Acc: 0.7522	 Val Loss: 0.6063, Val Balanced Acc: 0.6477
INFO:train:Early stopping triggered after 73 epochs
INFO:train:Epoch 74/200 	Train Loss: 0.2429, Train Balanced Acc: 0.7421	 Val Loss: 0.8510, Val Balanced Acc: 0.6682
INFO:train:Early stopping triggered after 74 epochs
INFO:train:Epoch 75/200 	Train Loss: 0.2386, Train Balanced Acc: 0.7708	 Val Loss: 1.2020, Val Balanced Acc: 0.6609
INFO:train:Early stopping triggered after 75 epochs
INFO:train:Epoch 76/200 	Train Loss: 0.2362, Train Balanced Acc: 0.7859	 Val Loss: 0.9771, Val Balanced Acc: 0.6478
INFO:train:Early stopping triggered after 76 epochs
INFO:train:Epoch 77/200 	Train Loss: 0.2368, Train Balanced Acc: 0.7836	 Val Loss: 0.7407, Val Balanced Acc: 0.5954
INFO:train:Early stopping triggered after 77 epochs
INFO:train:Epoch 78/200 	Train Loss: 0.2366, Train Balanced Acc: 0.7965	 Val Loss: 0.7865, Val Balanced Acc: 0.6472
INFO:train:Early stopping triggered after 78 epochs
INFO:train:Epoch 79/200 	Train Loss: 0.2342, Train Balanced Acc: 0.7961	 Val Loss: 0.9904, Val Balanced Acc: 0.6736
INFO:train:Early stopping triggered after 79 epochs
INFO:train:Epoch 80/200 	Train Loss: 0.2344, Train Balanced Acc: 0.7957	 Val Loss: 0.9133, Val Balanced Acc: 0.6186
INFO:train:Early stopping triggered after 80 epochs
INFO:train:Epoch 81/200 	Train Loss: 0.2312, Train Balanced Acc: 0.8155	 Val Loss: 0.8005, Val Balanced Acc: 0.5635
INFO:train:Early stopping triggered after 81 epochs
INFO:train:Epoch 82/200 	Train Loss: 0.2320, Train Balanced Acc: 0.8113	 Val Loss: 0.7494, Val Balanced Acc: 0.6045
INFO:train:Early stopping triggered after 82 epochs
INFO:train:Epoch 83/200 	Train Loss: 0.2336, Train Balanced Acc: 0.8041	 Val Loss: 0.8348, Val Balanced Acc: 0.6544
INFO:train:Early stopping triggered after 83 epochs
INFO:train:Epoch 84/200 	Train Loss: 0.2301, Train Balanced Acc: 0.8241	 Val Loss: 0.6849, Val Balanced Acc: 0.5476
INFO:train:Early stopping triggered after 84 epochs
INFO:train:Epoch 85/200 	Train Loss: 0.2300, Train Balanced Acc: 0.8278	 Val Loss: 1.0138, Val Balanced Acc: 0.6312
INFO:train:Early stopping triggered after 85 epochs
INFO:train:Epoch 86/200 	Train Loss: 0.2273, Train Balanced Acc: 0.8424	 Val Loss: 1.0513, Val Balanced Acc: 0.6776
INFO:train:Early stopping triggered after 86 epochs
INFO:train:Epoch 87/200 	Train Loss: 0.2276, Train Balanced Acc: 0.8464	 Val Loss: 0.9031, Val Balanced Acc: 0.6265
INFO:train:Early stopping triggered after 87 epochs
INFO:train:Epoch 88/200 	Train Loss: 0.2270, Train Balanced Acc: 0.8452	 Val Loss: 1.0410, Val Balanced Acc: 0.6424
INFO:train:Early stopping triggered after 88 epochs
INFO:train:Epoch 89/200 	Train Loss: 0.2276, Train Balanced Acc: 0.8483	 Val Loss: 0.9704, Val Balanced Acc: 0.6516
INFO:train:Early stopping triggered after 89 epochs
INFO:train:Epoch 90/200 	Train Loss: 0.2269, Train Balanced Acc: 0.8491	 Val Loss: 0.8656, Val Balanced Acc: 0.5801
INFO:train:Early stopping triggered after 90 epochs
INFO:train:Epoch 91/200 	Train Loss: 0.2266, Train Balanced Acc: 0.8473	 Val Loss: 0.9766, Val Balanced Acc: 0.6153
INFO:train:Early stopping triggered after 91 epochs
INFO:train:Epoch 92/200 	Train Loss: 0.2261, Train Balanced Acc: 0.8529	 Val Loss: 0.9455, Val Balanced Acc: 0.6319
INFO:train:Early stopping triggered after 92 epochs
INFO:train:Epoch 93/200 	Train Loss: 0.2246, Train Balanced Acc: 0.8524	 Val Loss: 0.9115, Val Balanced Acc: 0.6286
INFO:train:Early stopping triggered after 93 epochs
INFO:train:Epoch 94/200 	Train Loss: 0.2281, Train Balanced Acc: 0.8358	 Val Loss: 0.9838, Val Balanced Acc: 0.6329
INFO:train:Early stopping triggered after 94 epochs
INFO:train:Epoch 95/200 	Train Loss: 0.2255, Train Balanced Acc: 0.8434	 Val Loss: 0.9383, Val Balanced Acc: 0.6506
INFO:train:Early stopping triggered after 95 epochs
INFO:train:Epoch 96/200 	Train Loss: 0.2251, Train Balanced Acc: 0.8541	 Val Loss: 0.8833, Val Balanced Acc: 0.5655
INFO:train:Early stopping triggered after 96 epochs
INFO:train:Epoch 97/200 	Train Loss: 0.2249, Train Balanced Acc: 0.8652	 Val Loss: 1.0289, Val Balanced Acc: 0.6342
INFO:train:Early stopping triggered after 97 epochs
INFO:train:Epoch 98/200 	Train Loss: 0.2197, Train Balanced Acc: 0.8902	 Val Loss: 1.0604, Val Balanced Acc: 0.5824
INFO:train:Early stopping triggered after 98 epochs
INFO:train:Epoch 99/200 	Train Loss: 0.2213, Train Balanced Acc: 0.8787	 Val Loss: 1.0448, Val Balanced Acc: 0.6082
INFO:train:Early stopping triggered after 99 epochs
INFO:train:Epoch 100/200 	Train Loss: 0.2245, Train Balanced Acc: 0.8655	 Val Loss: 0.9386, Val Balanced Acc: 0.6061
INFO:train:Early stopping triggered after 100 epochs
INFO:train:Epoch 101/200 	Train Loss: 0.2213, Train Balanced Acc: 0.8690	 Val Loss: 0.9180, Val Balanced Acc: 0.6173
INFO:train:Early stopping triggered after 101 epochs
INFO:train:Epoch 102/200 	Train Loss: 0.2213, Train Balanced Acc: 0.8826	 Val Loss: 1.0598, Val Balanced Acc: 0.5990
INFO:train:Early stopping triggered after 102 epochs
INFO:train:Epoch 103/200 	Train Loss: 0.2186, Train Balanced Acc: 0.9001	 Val Loss: 1.0608, Val Balanced Acc: 0.6102
INFO:train:Early stopping triggered after 103 epochs
INFO:train:Epoch 104/200 	Train Loss: 0.2176, Train Balanced Acc: 0.9070	 Val Loss: 0.8585, Val Balanced Acc: 0.5852
INFO:train:Early stopping triggered after 104 epochs
INFO:train:Epoch 105/200 	Train Loss: 0.2166, Train Balanced Acc: 0.9165	 Val Loss: 0.9995, Val Balanced Acc: 0.5688
INFO:train:Early stopping triggered after 105 epochs
INFO:train:Epoch 106/200 	Train Loss: 0.2152, Train Balanced Acc: 0.9291	 Val Loss: 0.5885, Val Balanced Acc: 0.5494
INFO:train:Early stopping triggered after 106 epochs
INFO:train:Epoch 107/200 	Train Loss: 0.2210, Train Balanced Acc: 0.8850	 Val Loss: 1.1144, Val Balanced Acc: 0.6444
INFO:train:Early stopping triggered after 107 epochs
INFO:train:Epoch 108/200 	Train Loss: 0.2240, Train Balanced Acc: 0.8723	 Val Loss: 0.9651, Val Balanced Acc: 0.6163
INFO:train:Early stopping triggered after 108 epochs
INFO:train:Epoch 109/200 	Train Loss: 0.2167, Train Balanced Acc: 0.9145	 Val Loss: 0.9118, Val Balanced Acc: 0.5709
INFO:train:Early stopping triggered after 109 epochs
INFO:train:Epoch 110/200 	Train Loss: 0.2118, Train Balanced Acc: 0.9470	 Val Loss: 0.8535, Val Balanced Acc: 0.5686
INFO:train:Early stopping triggered after 110 epochs
INFO:train:Epoch 111/200 	Train Loss: 0.2168, Train Balanced Acc: 0.9138	 Val Loss: 0.9293, Val Balanced Acc: 0.5502
INFO:train:Early stopping triggered after 111 epochs
INFO:train:Epoch 112/200 	Train Loss: 0.2133, Train Balanced Acc: 0.9381	 Val Loss: 0.9054, Val Balanced Acc: 0.5665
INFO:train:Early stopping triggered after 112 epochs
INFO:train:Epoch 113/200 	Train Loss: 0.2262, Train Balanced Acc: 0.8697	 Val Loss: 0.9314, Val Balanced Acc: 0.6316
INFO:train:Early stopping triggered after 113 epochs
INFO:train:Epoch 114/200 	Train Loss: 0.2156, Train Balanced Acc: 0.9242	 Val Loss: 0.8578, Val Balanced Acc: 0.5571
INFO:train:Early stopping triggered after 114 epochs
INFO:train:Epoch 115/200 	Train Loss: 0.2114, Train Balanced Acc: 0.9496	 Val Loss: 0.8758, Val Balanced Acc: 0.5801
INFO:train:Early stopping triggered after 115 epochs
INFO:train:Epoch 116/200 	Train Loss: 0.2179, Train Balanced Acc: 0.9220	 Val Loss: 0.9808, Val Balanced Acc: 0.6051
INFO:train:Early stopping triggered after 116 epochs
INFO:train:Epoch 117/200 	Train Loss: 0.2091, Train Balanced Acc: 0.9598	 Val Loss: 1.0485, Val Balanced Acc: 0.6020
INFO:train:Early stopping triggered after 117 epochs
INFO:train:Epoch 118/200 	Train Loss: 0.2145, Train Balanced Acc: 0.9281	 Val Loss: 0.7606, Val Balanced Acc: 0.5726
INFO:train:Early stopping triggered after 118 epochs
INFO:train:Epoch 119/200 	Train Loss: 0.2094, Train Balanced Acc: 0.9548	 Val Loss: 1.1437, Val Balanced Acc: 0.6434
INFO:train:Early stopping triggered after 119 epochs
INFO:train:Epoch 120/200 	Train Loss: 0.2086, Train Balanced Acc: 0.9615	 Val Loss: 0.9760, Val Balanced Acc: 0.5688
INFO:train:Early stopping triggered after 120 epochs
INFO:train:Epoch 121/200 	Train Loss: 0.2111, Train Balanced Acc: 0.9519	 Val Loss: 0.9715, Val Balanced Acc: 0.5658
INFO:train:Early stopping triggered after 121 epochs
INFO:train:Epoch 122/200 	Train Loss: 0.2086, Train Balanced Acc: 0.9684	 Val Loss: 0.9801, Val Balanced Acc: 0.5801
INFO:train:Early stopping triggered after 122 epochs
INFO:train:Epoch 123/200 	Train Loss: 0.2158, Train Balanced Acc: 0.9220	 Val Loss: 1.0708, Val Balanced Acc: 0.6125
INFO:train:Early stopping triggered after 123 epochs
INFO:train:Epoch 124/200 	Train Loss: 0.2071, Train Balanced Acc: 0.9715	 Val Loss: 1.0647, Val Balanced Acc: 0.6115
INFO:train:Early stopping triggered after 124 epochs
INFO:train:Epoch 125/200 	Train Loss: 0.2074, Train Balanced Acc: 0.9715	 Val Loss: 1.1111, Val Balanced Acc: 0.5949
INFO:train:Early stopping triggered after 125 epochs
INFO:train:Epoch 126/200 	Train Loss: 0.2067, Train Balanced Acc: 0.9754	 Val Loss: 1.1159, Val Balanced Acc: 0.5712
INFO:train:Early stopping triggered after 126 epochs
INFO:train:Epoch 127/200 	Train Loss: 0.2097, Train Balanced Acc: 0.9616	 Val Loss: 0.9035, Val Balanced Acc: 0.5821
INFO:train:Early stopping triggered after 127 epochs
INFO:train:Epoch 128/200 	Train Loss: 0.2127, Train Balanced Acc: 0.9415	 Val Loss: 1.0242, Val Balanced Acc: 0.5895
INFO:train:Early stopping triggered after 128 epochs
INFO:train:Epoch 129/200 	Train Loss: 0.2047, Train Balanced Acc: 0.9882	 Val Loss: 1.0209, Val Balanced Acc: 0.5803
INFO:train:Early stopping triggered after 129 epochs
INFO:train:Epoch 130/200 	Train Loss: 0.2130, Train Balanced Acc: 0.9389	 Val Loss: 0.9914, Val Balanced Acc: 0.6210
INFO:train:Early stopping triggered after 130 epochs
INFO:train:Epoch 131/200 	Train Loss: 0.2106, Train Balanced Acc: 0.9535	 Val Loss: 1.1514, Val Balanced Acc: 0.6121
INFO:train:Early stopping triggered after 131 epochs
INFO:train:Epoch 132/200 	Train Loss: 0.2073, Train Balanced Acc: 0.9746	 Val Loss: 1.0343, Val Balanced Acc: 0.5155
INFO:train:Early stopping triggered after 132 epochs
INFO:train:Epoch 133/200 	Train Loss: 0.2034, Train Balanced Acc: 0.9912	 Val Loss: 1.0505, Val Balanced Acc: 0.5755
INFO:train:Early stopping triggered after 133 epochs
INFO:train:Epoch 134/200 	Train Loss: 0.2040, Train Balanced Acc: 0.9892	 Val Loss: 1.0676, Val Balanced Acc: 0.5952
INFO:train:Early stopping triggered after 134 epochs
INFO:train:Epoch 135/200 	Train Loss: 0.2079, Train Balanced Acc: 0.9626	 Val Loss: 1.1375, Val Balanced Acc: 0.5901
INFO:train:Early stopping triggered after 135 epochs
INFO:train:Epoch 136/200 	Train Loss: 0.2030, Train Balanced Acc: 0.9922	 Val Loss: 0.8715, Val Balanced Acc: 0.5647
INFO:train:Early stopping triggered after 136 epochs
INFO:train:Epoch 137/200 	Train Loss: 0.2083, Train Balanced Acc: 0.9662	 Val Loss: 0.7885, Val Balanced Acc: 0.5336
INFO:train:Early stopping triggered after 137 epochs
INFO:train:Epoch 138/200 	Train Loss: 0.2098, Train Balanced Acc: 0.9603	 Val Loss: 0.7708, Val Balanced Acc: 0.6041
INFO:train:Early stopping triggered after 138 epochs
INFO:train:Epoch 139/200 	Train Loss: 0.2057, Train Balanced Acc: 0.9823	 Val Loss: 1.0653, Val Balanced Acc: 0.5630
INFO:train:Early stopping triggered after 139 epochs
INFO:train:Epoch 140/200 	Train Loss: 0.2057, Train Balanced Acc: 0.9782	 Val Loss: 1.0573, Val Balanced Acc: 0.6064
INFO:train:Early stopping triggered after 140 epochs
INFO:train:Epoch 141/200 	Train Loss: 0.2074, Train Balanced Acc: 0.9703	 Val Loss: 1.0936, Val Balanced Acc: 0.5765
INFO:train:Early stopping triggered after 141 epochs
INFO:train:Epoch 142/200 	Train Loss: 0.2035, Train Balanced Acc: 0.9901	 Val Loss: 0.9677, Val Balanced Acc: 0.5681
INFO:train:Early stopping triggered after 142 epochs
INFO:train:Epoch 143/200 	Train Loss: 0.2040, Train Balanced Acc: 0.9881	 Val Loss: 0.8582, Val Balanced Acc: 0.5400
INFO:train:Early stopping triggered after 143 epochs
INFO:train:Epoch 144/200 	Train Loss: 0.2054, Train Balanced Acc: 0.9841	 Val Loss: 0.7869, Val Balanced Acc: 0.5760
INFO:train:Early stopping triggered after 144 epochs
INFO:train:Epoch 145/200 	Train Loss: 0.2070, Train Balanced Acc: 0.9743	 Val Loss: 1.0435, Val Balanced Acc: 0.5714
INFO:train:Early stopping triggered after 145 epochs
INFO:train:Epoch 146/200 	Train Loss: 0.2073, Train Balanced Acc: 0.9672	 Val Loss: 0.9329, Val Balanced Acc: 0.5341
INFO:train:Early stopping triggered after 146 epochs
INFO:train:Epoch 147/200 	Train Loss: 0.2052, Train Balanced Acc: 0.9756	 Val Loss: 1.1291, Val Balanced Acc: 0.6317
INFO:train:Early stopping triggered after 147 epochs
INFO:train:Epoch 148/200 	Train Loss: 0.2018, Train Balanced Acc: 0.9941	 Val Loss: 0.9288, Val Balanced Acc: 0.5352
INFO:train:Early stopping triggered after 148 epochs
INFO:train:Epoch 149/200 	Train Loss: 0.2026, Train Balanced Acc: 0.9920	 Val Loss: 0.9352, Val Balanced Acc: 0.5663
INFO:train:Early stopping triggered after 149 epochs
INFO:train:Epoch 150/200 	Train Loss: 0.2170, Train Balanced Acc: 0.9298	 Val Loss: 0.9091, Val Balanced Acc: 0.5551
INFO:train:Early stopping triggered after 150 epochs
INFO:train:Epoch 151/200 	Train Loss: 0.2022, Train Balanced Acc: 0.9960	 Val Loss: 0.9351, Val Balanced Acc: 0.5416
INFO:train:Early stopping triggered after 151 epochs
INFO:train:Epoch 152/200 	Train Loss: 0.2039, Train Balanced Acc: 0.9871	 Val Loss: 0.9574, Val Balanced Acc: 0.5809
INFO:train:Early stopping triggered after 152 epochs
INFO:train:Epoch 153/200 	Train Loss: 0.2018, Train Balanced Acc: 0.9960	 Val Loss: 0.8802, Val Balanced Acc: 0.5599
INFO:train:Early stopping triggered after 153 epochs
INFO:train:Epoch 154/200 	Train Loss: 0.2105, Train Balanced Acc: 0.9532	 Val Loss: 1.0135, Val Balanced Acc: 0.5942
INFO:train:Early stopping triggered after 154 epochs
INFO:train:Epoch 155/200 	Train Loss: 0.2082, Train Balanced Acc: 0.9703	 Val Loss: 1.1196, Val Balanced Acc: 0.5801
INFO:train:Early stopping triggered after 155 epochs
INFO:train:Epoch 156/200 	Train Loss: 0.2034, Train Balanced Acc: 0.9901	 Val Loss: 0.9490, Val Balanced Acc: 0.5955
INFO:train:Early stopping triggered after 156 epochs
INFO:train:Epoch 157/200 	Train Loss: 0.2022, Train Balanced Acc: 0.9949	 Val Loss: 0.8868, Val Balanced Acc: 0.5477
INFO:train:Early stopping triggered after 157 epochs
INFO:train:Epoch 158/200 	Train Loss: 0.2019, Train Balanced Acc: 0.9960	 Val Loss: 0.9618, Val Balanced Acc: 0.5656
INFO:train:Early stopping triggered after 158 epochs
INFO:train:Epoch 159/200 	Train Loss: 0.2113, Train Balanced Acc: 0.9543	 Val Loss: 0.8478, Val Balanced Acc: 0.5635
INFO:train:Early stopping triggered after 159 epochs
INFO:train:Epoch 160/200 	Train Loss: 0.2038, Train Balanced Acc: 0.9834	 Val Loss: 0.9981, Val Balanced Acc: 0.5608
INFO:train:Early stopping triggered after 160 epochs
INFO:train:Epoch 161/200 	Train Loss: 0.2073, Train Balanced Acc: 0.9694	 Val Loss: 1.0008, Val Balanced Acc: 0.6065
INFO:train:Early stopping triggered after 161 epochs
INFO:train:Epoch 162/200 	Train Loss: 0.2016, Train Balanced Acc: 0.9971	 Val Loss: 0.8852, Val Balanced Acc: 0.5324
INFO:train:Early stopping triggered after 162 epochs
INFO:train:Epoch 163/200 	Train Loss: 0.2016, Train Balanced Acc: 0.9931	 Val Loss: 0.8233, Val Balanced Acc: 0.5456
INFO:train:Early stopping triggered after 163 epochs
INFO:train:Epoch 164/200 	Train Loss: 0.2068, Train Balanced Acc: 0.9769	 Val Loss: 0.8478, Val Balanced Acc: 0.5378
INFO:train:Early stopping triggered after 164 epochs
INFO:train:Epoch 165/200 	Train Loss: 0.2010, Train Balanced Acc: 0.9980	 Val Loss: 0.8729, Val Balanced Acc: 0.5127
INFO:train:Early stopping triggered after 165 epochs
INFO:train:Epoch 166/200 	Train Loss: 0.2050, Train Balanced Acc: 0.9810	 Val Loss: 0.9181, Val Balanced Acc: 0.5544
INFO:train:Early stopping triggered after 166 epochs
INFO:train:Epoch 167/200 	Train Loss: 0.2034, Train Balanced Acc: 0.9880	 Val Loss: 0.8518, Val Balanced Acc: 0.4941
INFO:train:Early stopping triggered after 167 epochs
INFO:train:Epoch 168/200 	Train Loss: 0.2015, Train Balanced Acc: 0.9979	 Val Loss: 0.7851, Val Balanced Acc: 0.5147
INFO:train:Early stopping triggered after 168 epochs
INFO:train:Epoch 169/200 	Train Loss: 0.2037, Train Balanced Acc: 0.9861	 Val Loss: 0.7219, Val Balanced Acc: 0.5556
INFO:train:Early stopping triggered after 169 epochs
INFO:train:Epoch 170/200 	Train Loss: 0.2010, Train Balanced Acc: 0.9971	 Val Loss: 0.7835, Val Balanced Acc: 0.5582
INFO:train:Early stopping triggered after 170 epochs
INFO:train:Epoch 171/200 	Train Loss: 0.2041, Train Balanced Acc: 0.9852	 Val Loss: 0.7923, Val Balanced Acc: 0.5564
INFO:train:Early stopping triggered after 171 epochs
INFO:train:Epoch 172/200 	Train Loss: 0.2010, Train Balanced Acc: 0.9961	 Val Loss: 0.8361, Val Balanced Acc: 0.5679
INFO:train:Early stopping triggered after 172 epochs
INFO:train:Epoch 173/200 	Train Loss: 0.2008, Train Balanced Acc: 1.0000	 Val Loss: 0.6727, Val Balanced Acc: 0.5423
INFO:train:Early stopping triggered after 173 epochs
INFO:train:Epoch 174/200 	Train Loss: 0.2071, Train Balanced Acc: 0.9721	 Val Loss: 0.7093, Val Balanced Acc: 0.4866
INFO:train:Early stopping triggered after 174 epochs
INFO:train:Epoch 175/200 	Train Loss: 0.2067, Train Balanced Acc: 0.9729	 Val Loss: 0.9119, Val Balanced Acc: 0.5378
INFO:train:Early stopping triggered after 175 epochs
INFO:train:Epoch 176/200 	Train Loss: 0.2032, Train Balanced Acc: 0.9844	 Val Loss: 0.8496, Val Balanced Acc: 0.5482
INFO:train:Early stopping triggered after 176 epochs
INFO:train:Epoch 177/200 	Train Loss: 0.2040, Train Balanced Acc: 0.9831	 Val Loss: 0.7893, Val Balanced Acc: 0.5367
INFO:train:Early stopping triggered after 177 epochs
INFO:train:Epoch 178/200 	Train Loss: 0.2004, Train Balanced Acc: 1.0000	 Val Loss: 0.8011, Val Balanced Acc: 0.5635
INFO:train:Early stopping triggered after 178 epochs
INFO:train:Epoch 179/200 	Train Loss: 0.2000, Train Balanced Acc: 1.0000	 Val Loss: 0.8056, Val Balanced Acc: 0.5418
INFO:train:Early stopping triggered after 179 epochs
INFO:train:Epoch 180/200 	Train Loss: 0.2056, Train Balanced Acc: 0.9789	 Val Loss: 0.7474, Val Balanced Acc: 0.5694
INFO:train:Early stopping triggered after 180 epochs
INFO:train:Epoch 181/200 	Train Loss: 0.2049, Train Balanced Acc: 0.9780	 Val Loss: 0.8837, Val Balanced Acc: 0.5429
INFO:train:Early stopping triggered after 181 epochs
INFO:train:Epoch 182/200 	Train Loss: 0.2001, Train Balanced Acc: 1.0000	 Val Loss: 0.7987, Val Balanced Acc: 0.5334
INFO:train:Early stopping triggered after 182 epochs
INFO:train:Epoch 183/200 	Train Loss: 0.2016, Train Balanced Acc: 0.9950	 Val Loss: 0.7442, Val Balanced Acc: 0.5250
INFO:train:Early stopping triggered after 183 epochs
INFO:train:Epoch 184/200 	Train Loss: 0.2004, Train Balanced Acc: 0.9980	 Val Loss: 0.7918, Val Balanced Acc: 0.5459
INFO:train:Early stopping triggered after 184 epochs
INFO:train:Epoch 185/200 	Train Loss: 0.1999, Train Balanced Acc: 1.0000	 Val Loss: 0.7736, Val Balanced Acc: 0.5158
INFO:train:Early stopping triggered after 185 epochs
INFO:train:Epoch 186/200 	Train Loss: 0.2126, Train Balanced Acc: 0.9435	 Val Loss: 0.5671, Val Balanced Acc: 0.5272
INFO:train:Early stopping triggered after 186 epochs
INFO:train:Epoch 187/200 	Train Loss: 0.2073, Train Balanced Acc: 0.9682	 Val Loss: 0.7622, Val Balanced Acc: 0.5520
INFO:train:Early stopping triggered after 187 epochs
INFO:train:Epoch 188/200 	Train Loss: 0.2049, Train Balanced Acc: 0.9822	 Val Loss: 0.7673, Val Balanced Acc: 0.5832
INFO:train:Early stopping triggered after 188 epochs
INFO:train:Epoch 189/200 	Train Loss: 0.2056, Train Balanced Acc: 0.9743	 Val Loss: 0.6493, Val Balanced Acc: 0.5288
INFO:train:Early stopping triggered after 189 epochs
INFO:train:Epoch 190/200 	Train Loss: 0.2005, Train Balanced Acc: 0.9990	 Val Loss: 0.6266, Val Balanced Acc: 0.5522
INFO:train:Early stopping triggered after 190 epochs
INFO:train:Epoch 191/200 	Train Loss: 0.2004, Train Balanced Acc: 0.9971	 Val Loss: 0.7195, Val Balanced Acc: 0.5321
INFO:train:Early stopping triggered after 191 epochs
INFO:train:Epoch 192/200 	Train Loss: 0.2027, Train Balanced Acc: 0.9881	 Val Loss: 0.8602, Val Balanced Acc: 0.6032
INFO:train:Early stopping triggered after 192 epochs
INFO:train:Epoch 193/200 	Train Loss: 0.2055, Train Balanced Acc: 0.9732	 Val Loss: 0.7024, Val Balanced Acc: 0.5229
INFO:train:Early stopping triggered after 193 epochs
INFO:train:Epoch 194/200 	Train Loss: 0.2060, Train Balanced Acc: 0.9742	 Val Loss: 0.8442, Val Balanced Acc: 0.5401
INFO:train:Early stopping triggered after 194 epochs
INFO:train:Epoch 195/200 	Train Loss: 0.2005, Train Balanced Acc: 0.9971	 Val Loss: 0.7008, Val Balanced Acc: 0.5053
INFO:train:Early stopping triggered after 195 epochs
INFO:train:Epoch 196/200 	Train Loss: 0.1999, Train Balanced Acc: 1.0000	 Val Loss: 0.7220, Val Balanced Acc: 0.4724
INFO:train:Early stopping triggered after 196 epochs
INFO:train:Epoch 197/200 	Train Loss: 0.1999, Train Balanced Acc: 1.0000	 Val Loss: 0.7425, Val Balanced Acc: 0.4558
INFO:train:Early stopping triggered after 197 epochs
INFO:train:Epoch 198/200 	Train Loss: 0.2004, Train Balanced Acc: 0.9980	 Val Loss: 0.7412, Val Balanced Acc: 0.4734
INFO:train:Early stopping triggered after 198 epochs
INFO:train:Epoch 199/200 	Train Loss: 0.1998, Train Balanced Acc: 1.0000	 Val Loss: 0.7916, Val Balanced Acc: 0.5160
INFO:train:Early stopping triggered after 199 epochs
INFO:train:Epoch 200/200 	Train Loss: 0.1997, Train Balanced Acc: 1.0000	 Val Loss: 0.6896, Val Balanced Acc: 0.5032
INFO:train:Early stopping triggered after 200 epochs
INFO:plot:Saving attention map to: figures/model_accuracy.png
INFO:__main__:Best model saved to checkpoints/LSTM_checkpoint
INFO:train:train set balanced accuracy: 1.0000
INFO:plot:Saving cofusion matrix map to: figures/train_confusion_matrix.png
INFO:train:Total time taken to evaluate on train set: 0.32s
INFO:train:validation set balanced accuracy: 0.5032
INFO:plot:Saving cofusion matrix map to: figures/validation_confusion_matrix.png
INFO:train:Total time taken to evaluate on validation set: 0.09s
