INFO:train:Epoch 1/1000 	Train Loss: 0.7957, Train Acc: 0.5068	 Val Loss: 0.6842, Val Acc: 0.5714
INFO:train:Epoch 2/1000 	Train Loss: 0.6900, Train Acc: 0.5375	 Val Loss: 0.6826, Val Acc: 0.5714
INFO:train:Epoch 3/1000 	Train Loss: 0.6783, Train Acc: 0.5706	 Val Loss: 0.6739, Val Acc: 0.5714
INFO:train:Epoch 4/1000 	Train Loss: 0.6794, Train Acc: 0.5706	 Val Loss: 0.6697, Val Acc: 0.5714
INFO:train:Epoch 5/1000 	Train Loss: 0.6759, Train Acc: 0.5601	 Val Loss: 0.6626, Val Acc: 0.6071
INFO:train:Epoch 6/1000 	Train Loss: 0.6601, Train Acc: 0.6149	 Val Loss: 0.6537, Val Acc: 0.6429
INFO:train:Epoch 7/1000 	Train Loss: 0.6464, Train Acc: 0.6344	 Val Loss: 0.7627, Val Acc: 0.5714
INFO:train:Epoch 8/1000 	Train Loss: 0.6343, Train Acc: 0.6419	 Val Loss: 0.6257, Val Acc: 0.6607
INFO:train:Epoch 9/1000 	Train Loss: 0.6308, Train Acc: 0.6577	 Val Loss: 0.6145, Val Acc: 0.7143
INFO:train:Epoch 10/1000 	Train Loss: 0.5577, Train Acc: 0.7425	 Val Loss: 0.6606, Val Acc: 0.6964
INFO:train:Epoch 11/1000 	Train Loss: 0.5344, Train Acc: 0.7470	 Val Loss: 0.7710, Val Acc: 0.6250
INFO:train:Epoch 12/1000 	Train Loss: 0.5023, Train Acc: 0.7853	 Val Loss: 0.7017, Val Acc: 0.7143
INFO:train:Epoch 13/1000 	Train Loss: 0.4588, Train Acc: 0.8288	 Val Loss: 0.9166, Val Acc: 0.6071
INFO:train:Epoch 14/1000 	Train Loss: 0.4240, Train Acc: 0.8566	 Val Loss: 0.8150, Val Acc: 0.6964
INFO:train:Epoch 15/1000 	Train Loss: 0.3488, Train Acc: 0.9092	 Val Loss: 0.7845, Val Acc: 0.6964
INFO:train:Epoch 16/1000 	Train Loss: 0.3599, Train Acc: 0.8964	 Val Loss: 0.7307, Val Acc: 0.6429
INFO:train:Epoch 17/1000 	Train Loss: 0.3283, Train Acc: 0.9302	 Val Loss: 0.9894, Val Acc: 0.6607
INFO:train:Epoch 18/1000 	Train Loss: 0.4082, Train Acc: 0.8514	 Val Loss: 0.7367, Val Acc: 0.6786
INFO:train:Epoch 19/1000 	Train Loss: 0.2635, Train Acc: 0.9782	 Val Loss: 0.8053, Val Acc: 0.6786
INFO:train:Epoch 20/1000 	Train Loss: 0.2480, Train Acc: 0.9850	 Val Loss: 0.7538, Val Acc: 0.6607
INFO:train:Epoch 21/1000 	Train Loss: 0.2972, Train Acc: 0.9437	 Val Loss: 0.7355, Val Acc: 0.6964
INFO:train:Epoch 22/1000 	Train Loss: 0.2481, Train Acc: 0.9790	 Val Loss: 0.7548, Val Acc: 0.6607
INFO:train:Epoch 23/1000 	Train Loss: 0.2256, Train Acc: 0.9955	 Val Loss: 0.7837, Val Acc: 0.6786
INFO:train:Epoch 24/1000 	Train Loss: 0.2295, Train Acc: 0.9955	 Val Loss: 0.7365, Val Acc: 0.6964
INFO:train:Epoch 25/1000 	Train Loss: 0.2573, Train Acc: 0.9707	 Val Loss: 0.7444, Val Acc: 0.7321
INFO:train:Epoch 26/1000 	Train Loss: 0.2221, Train Acc: 0.9977	 Val Loss: 0.7037, Val Acc: 0.7143
INFO:train:Epoch 27/1000 	Train Loss: 0.2169, Train Acc: 1.0000	 Val Loss: 0.7043, Val Acc: 0.6786
INFO:train:Epoch 28/1000 	Train Loss: 0.2118, Train Acc: 1.0000	 Val Loss: 0.7214, Val Acc: 0.6964
INFO:train:Epoch 29/1000 	Train Loss: 0.2083, Train Acc: 1.0000	 Val Loss: 0.6960, Val Acc: 0.7143
INFO:train:Epoch 30/1000 	Train Loss: 0.2079, Train Acc: 0.9992	 Val Loss: 0.6715, Val Acc: 0.6964
INFO:train:Epoch 31/1000 	Train Loss: 0.2067, Train Acc: 1.0000	 Val Loss: 0.6717, Val Acc: 0.6964
INFO:train:Epoch 32/1000 	Train Loss: 0.2053, Train Acc: 1.0000	 Val Loss: 0.6778, Val Acc: 0.6786
INFO:train:Epoch 33/1000 	Train Loss: 0.2047, Train Acc: 1.0000	 Val Loss: 0.6625, Val Acc: 0.6964
INFO:train:Epoch 34/1000 	Train Loss: 0.2043, Train Acc: 1.0000	 Val Loss: 0.6770, Val Acc: 0.6786
INFO:train:Epoch 35/1000 	Train Loss: 0.2041, Train Acc: 1.0000	 Val Loss: 0.6672, Val Acc: 0.6964
INFO:train:Epoch 36/1000 	Train Loss: 0.2033, Train Acc: 1.0000	 Val Loss: 0.6613, Val Acc: 0.6964
INFO:train:Epoch 37/1000 	Train Loss: 0.2037, Train Acc: 1.0000	 Val Loss: 0.6656, Val Acc: 0.6786
INFO:train:Epoch 38/1000 	Train Loss: 0.2040, Train Acc: 1.0000	 Val Loss: 0.6557, Val Acc: 0.6964
INFO:train:Epoch 39/1000 	Train Loss: 0.2034, Train Acc: 1.0000	 Val Loss: 0.6627, Val Acc: 0.6786
INFO:train:Epoch 40/1000 	Train Loss: 0.2028, Train Acc: 1.0000	 Val Loss: 0.6655, Val Acc: 0.6786
INFO:train:Early stopping triggered after 40 epochs
INFO:plot:Saving attention map to: figures/model_accuracy.png
INFO:__main__:Best model saved to checkpoints/LSTM_checkpoint
INFO:train:train got 64 / 64 correct, accuracy: 1.0
INFO:plot:Saving cofusion matrix map to: figures/train_confusion_matrix.png
INFO:train:train got 64 / 64 correct, accuracy: 1.0
INFO:plot:Saving cofusion matrix map to: figures/train_confusion_matrix.png
INFO:train:train got 64 / 64 correct, accuracy: 1.0
INFO:plot:Saving cofusion matrix map to: figures/train_confusion_matrix.png
INFO:train:train got 64 / 64 correct, accuracy: 1.0
INFO:plot:Saving cofusion matrix map to: figures/train_confusion_matrix.png
INFO:train:train got 64 / 64 correct, accuracy: 1.0
INFO:plot:Saving cofusion matrix map to: figures/train_confusion_matrix.png
INFO:train:train got 64 / 64 correct, accuracy: 1.0
INFO:plot:Saving cofusion matrix map to: figures/train_confusion_matrix.png
INFO:train:train got 64 / 64 correct, accuracy: 1.0
INFO:plot:Saving cofusion matrix map to: figures/train_confusion_matrix.png
INFO:train:train got 64 / 64 correct, accuracy: 1.0
INFO:plot:Saving cofusion matrix map to: figures/train_confusion_matrix.png
INFO:train:train got 64 / 64 correct, accuracy: 1.0
INFO:plot:Saving cofusion matrix map to: figures/train_confusion_matrix.png
INFO:train:train got 64 / 64 correct, accuracy: 1.0
INFO:plot:Saving cofusion matrix map to: figures/train_confusion_matrix.png
INFO:train:train got 64 / 64 correct, accuracy: 1.0
INFO:plot:Saving cofusion matrix map to: figures/train_confusion_matrix.png
INFO:train:train got 64 / 64 correct, accuracy: 1.0
INFO:plot:Saving cofusion matrix map to: figures/train_confusion_matrix.png
INFO:train:train got 64 / 64 correct, accuracy: 1.0
INFO:plot:Saving cofusion matrix map to: figures/train_confusion_matrix.png
INFO:train:train got 64 / 64 correct, accuracy: 1.0
INFO:plot:Saving cofusion matrix map to: figures/train_confusion_matrix.png
INFO:train:train got 64 / 64 correct, accuracy: 1.0
INFO:plot:Saving cofusion matrix map to: figures/train_confusion_matrix.png
INFO:train:train got 64 / 64 correct, accuracy: 1.0
INFO:plot:Saving cofusion matrix map to: figures/train_confusion_matrix.png
INFO:train:train got 64 / 64 correct, accuracy: 1.0
INFO:plot:Saving cofusion matrix map to: figures/train_confusion_matrix.png
INFO:train:train got 64 / 64 correct, accuracy: 1.0
INFO:plot:Saving cofusion matrix map to: figures/train_confusion_matrix.png
INFO:train:train got 64 / 64 correct, accuracy: 1.0
INFO:plot:Saving cofusion matrix map to: figures/train_confusion_matrix.png
INFO:train:train got 64 / 64 correct, accuracy: 1.0
INFO:plot:Saving cofusion matrix map to: figures/train_confusion_matrix.png
INFO:train:train got 52 / 52 correct, accuracy: 1.0
INFO:plot:Saving cofusion matrix map to: figures/train_confusion_matrix.png
INFO:train:Total time taken evaluate on train set the model: 1.81s
INFO:train:validation got 38 / 56 correct, accuracy: 0.6785714285714286
INFO:plot:Saving cofusion matrix map to: figures/validation_confusion_matrix.png
INFO:train:Total time taken evaluate on validation set the model: 0.10s
