INFO:data:Reading dataset fish: cross-species
INFO:data:Class Counts: [45 60 48], Class Ratios: [0.29411765 0.39215686 0.31372549]
INFO:data:Number of features: 1023
INFO:data:Number of instances: 153
INFO:data:Number of classes 3.
INFO:__main__:No model found. Train from scratch.
INFO:gp:   	      	                                 fitness                                 	                      size                     
   	      	-------------------------------------------------------------------------	-----------------------------------------------
gen	nevals	avg     	gen	max     	min     	nevals	std      	avg    	gen	max	min	nevals	std    
0  	1023  	0.366846	0  	0.522488	0.223379	1023  	0.0472489	3.90811	0  	7  	2  	1023  	1.41053
INFO:gp:1  	777   	0.415804	1  	0.561739	0.262178	777   	0.0424847	4.13881	1  	10 	2  	777   	1.45855
INFO:gp:2  	768   	0.441619	2  	0.562254	0.232725	768   	0.0487694	4.261  	2  	13 	2  	768   	1.56305
INFO:gp:3  	763   	0.466073	3  	0.612578	0.191109	763   	0.0545171	4.58162	3  	11 	2  	763   	1.5275 
INFO:gp:4  	755   	0.492395	4  	0.634155	0.217887	755   	0.0622709	5.03617	4  	11 	2  	755   	1.45229
INFO:gp:5  	766   	0.518308	5  	0.705892	0.30777 	766   	0.0644796	5.08407	5  	10 	2  	766   	1.33484
INFO:gp:6  	797   	0.543414	6  	0.71402 	0.293722	797   	0.073328 	5.01466	6  	11 	3  	797   	1.395  
INFO:gp:7  	798   	0.570814	7  	0.728287	0.255713	798   	0.0852331	5.19648	7  	12 	3  	798   	1.5737 
INFO:gp:8  	763   	0.610796	8  	0.731529	0.309614	763   	0.0886391	5.23558	8  	12 	3  	763   	1.62466
INFO:gp:9  	777   	0.632882	9  	0.734262	0.328748	777   	0.0880417	5.18866	9  	12 	3  	777   	1.70348
INFO:gp:10 	788   	0.645678	10 	0.741462	0.304393	788   	0.0858225	5.59335	10 	15 	3  	788   	1.76776
INFO:gp:11 	773   	0.650148	11 	0.74984 	0.307454	773   	0.0917606	5.96872	11 	15 	3  	773   	1.91281
INFO:gp:12 	781   	0.655968	12 	0.777998	0.317576	781   	0.0943953	6.27859	12 	15 	3  	781   	2.09024
INFO:gp:13 	771   	0.662729	13 	0.777998	0.329026	771   	0.0947304	6.44379	13 	18 	3  	771   	2.5401 
INFO:gp:14 	789   	0.664285	14 	0.777998	0.314126	789   	0.0963033	6.47801	14 	19 	3  	789   	2.6894 
INFO:gp:15 	778   	0.663189	15 	0.777998	0.277269	778   	0.105623 	5.98534	15 	16 	3  	778   	2.58668
INFO:gp:16 	799   	0.668338	16 	0.78421 	0.338601	799   	0.101899 	5.83382	16 	19 	3  	799   	3.05213
INFO:gp:17 	763   	0.672548	17 	0.78421 	0.348956	763   	0.10034  	6.15836	17 	19 	3  	763   	3.49561
INFO:gp:18 	759   	0.67454 	18 	0.78604 	0.267195	759   	0.103406 	6.64809	18 	26 	3  	759   	4.14631
INFO:gp:19 	750   	0.683503	19 	0.79356 	0.288141	750   	0.101265 	7.6911 	19 	26 	3  	750   	4.95043
INFO:gp:20 	780   	0.684292	20 	0.793561	0.328018	780   	0.102293 	7.64712	20 	26 	3  	780   	5.2011 
INFO:gp:21 	781   	0.68886 	21 	0.793561	0.311016	781   	0.104722 	7.25024	21 	22 	3  	781   	5.00068
INFO:gp:22 	772   	0.692296	22 	0.793561	0.287485	772   	0.101681 	7.00587	22 	22 	3  	772   	4.5912 
INFO:gp:23 	787   	0.693207	23 	0.797301	0.285097	787   	0.103685 	8.0479 	23 	22 	3  	787   	4.22818
INFO:gp:24 	774   	0.699183	24 	0.797301	0.332134	774   	0.107694 	9.37439	24 	21 	3  	774   	3.79169
INFO:gp:25 	781   	0.706824	25 	0.797301	0.324028	781   	0.10434  	10.4154	25 	25 	3  	781   	3.47628
INFO:gp:26 	754   	0.714423	26 	0.814162	0.338785	754   	0.101713 	11.3851	26 	26 	3  	754   	3.45283
INFO:gp:27 	791   	0.711371	27 	0.814162	0.344263	791   	0.104293 	11.6051	27 	26 	3  	791   	3.38856
INFO:gp:28 	775   	0.717207	28 	0.814166	0.342888	775   	0.104834 	11.219 	28 	25 	3  	775   	3.03272
INFO:gp:29 	778   	0.722499	29 	0.814184	0.350703	778   	0.100702 	11.2239	29 	24 	3  	778   	3.02446
INFO:gp:30 	766   	0.7263  	30 	0.814184	0.331253	766   	0.100303 	11.607 	30 	24 	3  	766   	3.06432
INFO:gp:31 	754   	0.724958	31 	0.814194	0.349104	754   	0.102938 	12.4311	31 	28 	4  	754   	3.35092
INFO:gp:32 	781   	0.724044	32 	0.814214	0.37028 	781   	0.105457 	12.4506	32 	26 	5  	781   	3.24757
INFO:gp:33 	764   	0.718152	33 	0.815615	0.326872	764   	0.120013 	12.4506	33 	25 	5  	764   	2.96958
INFO:gp:34 	775   	0.723002	34 	0.815615	0.35673 	775   	0.115535 	12.9071	34 	26 	7  	775   	2.89338
INFO:gp:35 	744   	0.736056	35 	0.817022	0.34075 	744   	0.111892 	13.4858	35 	28 	8  	744   	2.91582
INFO:gp:36 	773   	0.72719 	36 	0.826393	0.32492 	773   	0.11585  	13.9335	36 	27 	3  	773   	3.08363
INFO:gp:37 	768   	0.729271	37 	0.826393	0.36782 	768   	0.114702 	14.1574	37 	26 	4  	768   	3.37486
INFO:gp:38 	782   	0.720627	38 	0.83094 	0.31247 	782   	0.122281 	14.6804	38 	28 	3  	782   	3.95879
INFO:gp:39 	772   	0.729074	39 	0.833655	0.318067	772   	0.119986 	15.2747	39 	29 	7  	772   	3.98651
INFO:gp:40 	767   	0.735763	40 	0.833655	0.304224	767   	0.117938 	16.0166	40 	29 	7  	767   	4.19569
INFO:gp:41 	779   	0.737862	41 	0.843173	0.321436	779   	0.115784 	17.4477	41 	35 	7  	779   	4.71338
INFO:gp:42 	784   	0.749204	42 	0.84581 	0.339304	784   	0.111993 	18.3558	42 	35 	7  	784   	4.74496
INFO:gp:43 	760   	0.753989	43 	0.849551	0.373263	760   	0.111165 	17.8045	43 	35 	7  	760   	4.61127
INFO:gp:44 	799   	0.75825 	44 	0.858031	0.375169	799   	0.109479 	18.1476	44 	35 	10 	799   	4.67525
INFO:gp:45 	780   	0.754409	45 	0.858031	0.351829	780   	0.113473 	20.0186	45 	34 	8  	780   	4.86239
INFO:gp:46 	775   	0.764903	46 	0.858031	0.344266	775   	0.115137 	21.9179	46 	42 	7  	775   	4.56463
INFO:gp:47 	796   	0.773393	47 	0.861795	0.387763	796   	0.107077 	22.2991	47 	41 	11 	796   	3.50261
INFO:gp:48 	762   	0.780131	48 	0.861796	0.351866	762   	0.108516 	22.129 	48 	47 	11 	762   	3.23697
INFO:gp:49 	750   	0.781838	49 	0.861796	0.38702 	750   	0.110544 	22.4135	49 	38 	10 	750   	3.32503
INFO:gp:50 	780   	0.78219 	50 	0.8627  	0.339284	780   	0.112272 	22.955 	50 	38 	13 	780   	3.12276
INFO:gp:51 	754   	0.788821	51 	0.862757	0.364195	754   	0.107294 	23.8671	51 	36 	8  	754   	3.18475
INFO:gp:52 	760   	0.79248 	52 	0.862758	0.386649	760   	0.110601 	24.5376	52 	38 	11 	760   	3.18634
INFO:gp:53 	775   	0.793099	53 	0.862758	0.332755	775   	0.111579 	24.8925	53 	40 	17 	775   	3.15921
INFO:gp:54 	790   	0.788583	54 	0.862758	0.325615	790   	0.11008  	25.1447	54 	38 	15 	790   	3.26128
INFO:gp:55 	756   	0.792043	55 	0.862839	0.351513	756   	0.113181 	25.4946	55 	37 	15 	756   	3.37574
INFO:gp:56 	764   	0.793162	56 	0.862898	0.354667	764   	0.106569 	25.7419	56 	41 	18 	764   	3.15111
INFO:gp:57 	783   	0.78854 	57 	0.862898	0.378775	783   	0.108288 	25.4135	57 	39 	12 	783   	3.25701
INFO:gp:58 	759   	0.799375	58 	0.862975	0.374778	759   	0.103129 	26.1574	58 	39 	18 	759   	3.20795
INFO:gp:59 	773   	0.79769 	59 	0.862975	0.345346	773   	0.107446 	27.261 	59 	41 	16 	773   	3.17143
INFO:gp:60 	765   	0.798807	60 	0.862975	0.372247	765   	0.106342 	28.2639	60 	46 	20 	765   	3.46082
INFO:gp:61 	791   	0.791227	61 	0.862975	0.361423	791   	0.109858 	29.1818	61 	41 	15 	791   	3.57659
INFO:gp:62 	762   	0.798879	62 	0.862975	0.397238	762   	0.104382 	29.7234	62 	43 	17 	762   	4.00717
INFO:gp:63 	778   	0.794451	63 	0.863072	0.367577	778   	0.109159 	29.2727	63 	45 	18 	778   	4.57595
INFO:gp:64 	767   	0.803257	64 	0.863072	0.37364 	767   	0.102384 	27.6276	64 	44 	15 	767   	5.06025
INFO:gp:65 	782   	0.797307	65 	0.863072	0.345657	782   	0.107039 	25.3734	65 	42 	15 	782   	4.63816
INFO:gp:66 	750   	0.795958	66 	0.863083	0.389051	750   	0.104403 	24.4467	66 	42 	20 	750   	3.99864
INFO:gp:67 	779   	0.797187	67 	0.863083	0.361086	779   	0.0984002	24.651 	67 	42 	16 	779   	3.77371
INFO:gp:68 	765   	0.792069	68 	0.863238	0.414799	765   	0.107382 	25.8553	68 	42 	18 	765   	3.67584
INFO:gp:69 	794   	0.801072	69 	0.863238	0.385522	794   	0.099415 	26.9951	69 	42 	16 	794   	3.34655
INFO:gp:70 	791   	0.798306	70 	0.863238	0.355594	791   	0.103321 	27.6295	70 	43 	11 	791   	3.07555
INFO:gp:71 	784   	0.793446	71 	0.863238	0.359416	784   	0.106876 	28.1095	71 	42 	9  	784   	2.81105
INFO:gp:72 	766   	0.799765	72 	0.863238	0.406456	766   	0.100327 	28.7849	72 	43 	8  	766   	3.09521
INFO:gp:73 	773   	0.801186	73 	0.863238	0.415116	773   	0.100735 	29.2278	73 	43 	20 	773   	2.70475
INFO:gp:74 	746   	0.795794	74 	0.863238	0.397125	746   	0.105146 	29.4624	74 	43 	13 	746   	2.76133
INFO:gp:75 	769   	0.800814	75 	0.863238	0.408204	769   	0.0990519	29.5865	75 	43 	15 	769   	2.70261
INFO:gp:76 	783   	0.796846	76 	0.863238	0.415116	783   	0.0988926	29.6413	76 	43 	17 	783   	2.6543 
INFO:gp:77 	760   	0.798423	77 	0.863269	0.337942	760   	0.105624 	29.5894	77 	44 	19 	760   	2.74094
INFO:gp:78 	796   	0.802312	78 	0.863269	0.420251	796   	0.0985502	29.7028	78 	41 	20 	796   	2.72881
INFO:gp:79 	764   	0.797361	79 	0.863269	0.358785	764   	0.106968 	29.6706	79 	41 	15 	764   	2.51175
INFO:gp:80 	772   	0.79752 	80 	0.863269	0.334955	772   	0.104137 	29.6549	80 	45 	17 	772   	2.89962
INFO:gp:81 	797   	0.797783	81 	0.863269	0.391424	797   	0.10205  	29.4438	81 	41 	8  	797   	2.84368
INFO:gp:82 	778   	0.789939	82 	0.863269	0.37008 	778   	0.106604 	29.4457	82 	41 	14 	778   	2.41993
INFO:gp:83 	770   	0.794299	83 	0.863272	0.372741	770   	0.102899 	29.2405	83 	42 	14 	770   	2.49513
INFO:gp:84 	784   	0.799607	84 	0.863455	0.403732	784   	0.101185 	29.042 	84 	42 	22 	784   	2.65206
INFO:gp:85 	778   	0.790856	85 	0.863455	0.424587	778   	0.107099 	28.9863	85 	42 	20 	778   	2.74918
INFO:gp:86 	769   	0.796033	86 	0.867429	0.362098	769   	0.105231 	28.9775	86 	42 	19 	769   	2.60244
INFO:gp:87 	744   	0.802818	87 	0.867429	0.3837  	744   	0.0993763	29.0547	87 	44 	14 	744   	2.9866 
INFO:gp:88 	782   	0.794743	88 	0.867429	0.351202	782   	0.106754 	29.3343	88 	42 	14 	782   	3.30462
INFO:gp:89 	770   	0.798997	89 	0.867429	0.343144	770   	0.104505 	29.5699	89 	46 	19 	770   	3.50712
INFO:gp:90 	789   	0.802625	90 	0.867652	0.319722	789   	0.0993658	29.9717	90 	43 	19 	789   	3.47905
INFO:gp:91 	748   	0.798317	91 	0.867652	0.377278	748   	0.106722 	29.8876	91 	44 	19 	748   	3.2642 
INFO:gp:92 	791   	0.801237	92 	0.867652	0.410408	791   	0.105516 	29.5142	92 	44 	19 	791   	3.31081
INFO:gp:93 	795   	0.79736 	93 	0.867663	0.403533	795   	0.104839 	29.1417	93 	44 	14 	795   	3.27711
INFO:gp:94 	760   	0.803133	94 	0.867663	0.413253	760   	0.104265 	28.9619	94 	43 	19 	760   	3.20976
INFO:gp:95 	789   	0.801652	95 	0.867663	0.410244	789   	0.104842 	28.5503	95 	43 	18 	789   	3.32401
INFO:gp:96 	775   	0.795935	96 	0.867663	0.35231 	775   	0.110918 	28.3656	96 	48 	17 	775   	3.74078
INFO:gp:97 	776   	0.798081	97 	0.867663	0.376649	776   	0.108043 	28.0196	97 	47 	21 	776   	3.74265
INFO:gp:98 	775   	0.803224	98 	0.867687	0.380954	775   	0.104066 	27.2639	98 	43 	15 	775   	3.61851
INFO:gp:99 	776   	0.800273	99 	0.867687	0.344246	776   	0.108277 	26.5875	99 	43 	10 	776   	3.34025
INFO:gp:100	777   	0.804698	100	0.867687	0.414581	777   	0.0978309	26.2297	100	43 	21 	777   	3.04335
INFO:gp:101	770   	0.799828	101	0.867687	0.394251	770   	0.104808 	25.9824	101	43 	13 	770   	3.07605
INFO:gp:102	777   	0.79962 	102	0.867687	0.338139	777   	0.106118 	26.043 	102	41 	21 	777   	2.93796
INFO:gp:103	768   	0.795324	103	0.867687	0.371635	768   	0.109189 	26.5259	103	41 	10 	768   	3.17201
INFO:gp:104	769   	0.799866	104	0.867687	0.373244	769   	0.105979 	27.1007	104	41 	13 	769   	3.0071 
INFO:gp:105	768   	0.797237	105	0.867687	0.367511	768   	0.110073 	27.6833	105	41 	12 	768   	3.12831
INFO:gp:106	803   	0.795392	106	0.867687	0.357231	803   	0.106326 	28.0997	106	41 	13 	803   	3.0393 
INFO:gp:107	787   	0.799384	107	0.867688	0.359369	787   	0.104121 	28.1437	107	43 	17 	787   	3.00079
INFO:gp:108	760   	0.80447 	108	0.867688	0.366783	760   	0.100536 	28.2727	108	41 	19 	760   	2.86225
INFO:gp:109	780   	0.801773	109	0.867689	0.370628	780   	0.103385 	29.0313	109	45 	18 	780   	3.68811
INFO:gp:110	768   	0.806484	110	0.867689	0.376763	768   	0.0997611	30.2111	110	46 	12 	768   	4.36175
INFO:gp:111	775   	0.800726	111	0.867689	0.346636	775   	0.107406 	32.2454	111	49 	17 	775   	4.57515
INFO:gp:112	789   	0.800067	112	0.86769 	0.399459	789   	0.106597 	33.9169	112	51 	22 	789   	4.2304 
INFO:gp:113	757   	0.800332	113	0.86769 	0.37587 	757   	0.108416 	34.6373	113	48 	20 	757   	3.5829 
INFO:gp:114	763   	0.804929	114	0.86769 	0.376725	763   	0.100179 	34.9677	114	46 	21 	763   	3.12933
INFO:gp:115	779   	0.801844	115	0.867736	0.393795	779   	0.102477 	35.3021	115	51 	21 	779   	3.1647 
INFO:gp:116	786   	0.803842	116	0.867736	0.343522	786   	0.0987694	35.5679	116	51 	21 	786   	3.08483
INFO:gp:117	773   	0.804606	117	0.867736	0.424766	773   	0.101808 	35.871 	117	46 	12 	773   	3.28731
INFO:gp:118	791   	0.804122	118	0.867815	0.353289	791   	0.101766 	36.2092	118	55 	16 	791   	3.76681
INFO:gp:119	766   	0.806067	119	0.867815	0.368448	766   	0.102551 	36.6315	119	49 	22 	766   	3.95207
INFO:gp:120	738   	0.810406	120	0.867815	0.360243	738   	0.0958515	36.5367	120	59 	22 	738   	3.96741
INFO:gp:121	772   	0.799547	121	0.867864	0.417536	772   	0.10513  	36.2561	121	55 	21 	772   	4.34923
INFO:gp:122	762   	0.808985	122	0.867869	0.362551	762   	0.0994071	36.0547	122	48 	7  	762   	4.21756
INFO:gp:123	782   	0.800684	123	0.867905	0.345757	782   	0.1048   	34.7625	123	48 	19 	782   	4.12148
INFO:gp:124	769   	0.799797	124	0.867905	0.401053	769   	0.107038 	34.0772	124	46 	20 	769   	3.78153
INFO:gp:125	776   	0.803523	125	0.867905	0.402038	776   	0.0986124	33.912 	125	48 	19 	776   	3.3212 
INFO:gp:126	764   	0.807013	126	0.867936	0.337859	764   	0.100864 	33.3832	126	44 	19 	764   	3.17212
INFO:gp:127	763   	0.801659	127	0.867936	0.413143	763   	0.105181 	33.1632	127	44 	18 	763   	3.63884
INFO:gp:128	765   	0.803129	128	0.867978	0.369375	765   	0.105298 	33.8094	128	45 	19 	765   	4.5167 
INFO:gp:129	802   	0.797585	129	0.867981	0.389309	802   	0.106528 	35.1046	129	52 	20 	802   	5.05916
INFO:gp:130	798   	0.800208	130	0.867982	0.376038	798   	0.105833 	36.348 	130	54 	22 	798   	4.5641 
INFO:gp:131	782   	0.805026	131	0.867982	0.410098	782   	0.0975113	36.0538	131	53 	21 	782   	4.38785
INFO:gp:132	763   	0.805683	132	0.868029	0.345561	763   	0.101376 	35.173 	132	46 	21 	763   	4.344  
INFO:gp:133	777   	0.801195	133	0.868034	0.3994  	777   	0.1037   	35.608 	133	54 	13 	777   	4.75724
INFO:gp:134	779   	0.808763	134	0.868034	0.407388	779   	0.0953948	36.5572	134	54 	19 	779   	4.8394 
INFO:gp:135	775   	0.809067	135	0.868034	0.416192	775   	0.0979096	37.131 	135	60 	19 	775   	4.84909
INFO:gp:136	757   	0.804381	136	0.86805 	0.397262	757   	0.102886 	37.1564	136	54 	21 	757   	5.09796
INFO:gp:137	789   	0.80585 	137	0.868055	0.3743  	789   	0.100566 	35.5572	137	51 	22 	789   	5.33807
INFO:gp:138	787   	0.801887	138	0.868055	0.300062	787   	0.103602 	34.4174	138	49 	18 	787   	4.76719
INFO:gp:139	769   	0.803419	139	0.868055	0.349487	769   	0.102314 	34.2043	139	49 	22 	769   	4.33295
INFO:gp:140	763   	0.803467	140	0.868055	0.414771	763   	0.098552 	34.7155	140	49 	22 	763   	4.0222 
INFO:gp:141	761   	0.805466	141	0.868055	0.368147	761   	0.10134  	35.4379	141	47 	22 	761   	3.73169
INFO:gp:142	785   	0.802091	142	0.868055	0.432198	785   	0.0997602	35.2698	142	48 	22 	785   	3.31759
INFO:gp:143	750   	0.808915	143	0.868071	0.37046 	750   	0.0984784	34.8426	143	54 	13 	750   	3.00857
INFO:gp:144	766   	0.803159	144	0.868075	0.354852	766   	0.101699 	34.7185	144	50 	19 	766   	2.71215
INFO:gp:145	788   	0.804747	145	0.868096	0.394035	788   	0.0981416	34.8358	145	49 	25 	788   	2.725  
INFO:gp:146	763   	0.802343	146	0.868096	0.381704	763   	0.0978861	35.1329	146	45 	22 	763   	2.70005
INFO:gp:147	802   	0.798266	147	0.868096	0.386126	802   	0.104986 	35.5513	147	50 	20 	802   	3.05938
INFO:gp:148	768   	0.804985	148	0.868096	0.358257	768   	0.102756 	36.3539	148	48 	18 	768   	3.38502
INFO:gp:149	791   	0.804876	149	0.868109	0.397432	791   	0.100754 	37.6295	149	50 	21 	791   	3.3383 
INFO:gp:150	776   	0.802918	150	0.868109	0.385093	776   	0.103544 	38.6608	150	57 	22 	776   	3.76085
INFO:gp:151	764   	0.808994	151	0.868117	0.411022	764   	0.0979815	39.4418	151	49 	19 	764   	3.509  
INFO:gp:152	751   	0.802821	152	0.868117	0.40267 	751   	0.100746 	39.7732	152	52 	19 	751   	3.34807
INFO:gp:153	754   	0.801644	153	0.868117	0.381207	754   	0.104926 	39.0078	153	56 	23 	754   	3.82868
INFO:gp:154	770   	0.807337	154	0.868153	0.426848	770   	0.102294 	37.8035	154	46 	10 	770   	4.19042
INFO:gp:155	767   	0.80655 	155	0.868153	0.376111	767   	0.102434 	36.5152	155	53 	19 	767   	4.35357
INFO:gp:156	787   	0.804222	156	0.868192	0.420157	787   	0.0993102	36.8446	156	51 	24 	787   	4.00321
INFO:gp:157	779   	0.802566	157	0.868192	0.382133	779   	0.103968 	37.9355	157	48 	20 	779   	4.07886
INFO:gp:158	758   	0.806481	158	0.868274	0.366681	758   	0.0995439	39.0772	158	55 	17 	758   	3.69815
INFO:gp:159	782   	0.805519	159	0.868276	0.370523	782   	0.100957 	39.6012	159	61 	8  	782   	3.63798
INFO:gp:160	772   	0.80581 	160	0.868276	0.363357	772   	0.103663 	40.0088	160	55 	8  	772   	3.48337
INFO:gp:161	778   	0.807676	161	0.868366	0.395903	778   	0.0979282	39.9198	161	52 	26 	778   	3.57703
INFO:gp:162	762   	0.801606	162	0.868366	0.351213	762   	0.106936 	40.3343	162	55 	21 	762   	3.60184
INFO:gp:163	760   	0.804626	163	0.868399	0.353246	760   	0.0990561	41.3851	163	50 	22 	760   	3.75629
INFO:gp:164	789   	0.807242	164	0.868399	0.415119	789   	0.101818 	42.3441	164	64 	24 	789   	4.22219
INFO:gp:165	758   	0.804027	165	0.868399	0.405243	758   	0.103297 	43.4125	165	55 	26 	758   	4.34148
INFO:gp:166	751   	0.804478	166	0.868432	0.371994	751   	0.104855 	44.4633	166	57 	25 	751   	3.89731
INFO:gp:167	757   	0.804634	167	0.868432	0.328771	757   	0.102256 	44.8377	167	61 	24 	757   	3.66205
INFO:gp:168	743   	0.814574	168	0.868454	0.420056	743   	0.0933529	45.1916	168	59 	26 	743   	3.44407
INFO:gp:169	768   	0.804098	169	0.868454	0.411432	768   	0.102658 	45.216 	169	58 	26 	768   	3.53273
INFO:gp:170	773   	0.806542	170	0.868556	0.402675	773   	0.100828 	45.392 	170	60 	24 	773   	3.59072
INFO:gp:171	768   	0.806527	171	0.868578	0.328993	768   	0.101476 	45.6813	171	75 	26 	768   	3.44033
INFO:gp:172	789   	0.803216	172	0.868646	0.361808	789   	0.105357 	45.4927	172	60 	3  	789   	3.9105 
INFO:gp:173	770   	0.807043	173	0.868758	0.348499	770   	0.101667 	45.478 	173	59 	22 	770   	3.79242
INFO:gp:174	813   	0.798266	174	0.868791	0.37012 	813   	0.103669 	45.6774	174	63 	21 	813   	3.76815
INFO:gp:175	788   	0.805529	175	0.869042	0.382201	788   	0.101872 	46.2209	175	64 	25 	788   	4.99404
INFO:gp:176	781   	0.806454	176	0.869042	0.382547	781   	0.0996442	47.6149	176	65 	18 	781   	5.35031
INFO:gp:177	779   	0.805055	177	0.869042	0.395015	779   	0.10134  	49.5728	177	74 	17 	779   	6.21073
INFO:gp:178	792   	0.799069	178	0.869042	0.414471	792   	0.105354 	51.1329	178	85 	20 	792   	6.83058
INFO:gp:179	764   	0.807615	179	0.86912 	0.368458	764   	0.102591 	52.2659	179	68 	17 	764   	6.3672 
INFO:gp:180	789   	0.799329	180	0.869206	0.396219	789   	0.102917 	52.7449	180	72 	25 	789   	5.36784
INFO:gp:181	790   	0.806811	181	0.869206	0.366   	790   	0.101338 	52.3959	181	66 	21 	790   	4.85877
INFO:gp:182	774   	0.805224	182	0.869206	0.34559 	774   	0.101262 	52.4379	182	73 	25 	774   	4.73871
INFO:gp:183	776   	0.805231	183	0.869206	0.409324	776   	0.104828 	52.5044	183	68 	23 	776   	4.80832
INFO:gp:184	785   	0.806234	184	0.869206	0.344659	785   	0.0979416	52.8201	184	74 	23 	785   	4.27968
INFO:gp:185	775   	0.803564	185	0.86921 	0.416506	775   	0.103835 	52.8446	185	74 	11 	775   	4.83372
INFO:gp:186	774   	0.798947	186	0.86921 	0.333213	774   	0.106256 	53.2835	186	67 	25 	774   	4.27612
INFO:gp:187	777   	0.8097  	187	0.869231	0.333305	777   	0.0986125	53.7302	187	80 	25 	777   	4.05046
INFO:gp:188	767   	0.804748	188	0.869247	0.359371	767   	0.102237 	53.9863	188	79 	22 	767   	4.28891
INFO:gp:189	758   	0.807032	189	0.869247	0.415922	758   	0.0993346	54.1398	189	68 	25 	758   	4.31676
INFO:gp:190	785   	0.798918	190	0.869247	0.395361	785   	0.10815  	54.5406	190	69 	25 	785   	4.02219
INFO:gp:191	788   	0.800645	191	0.869331	0.36539 	788   	0.105575 	54.8651	191	69 	25 	788   	4.34209
INFO:gp:192	791   	0.799497	192	0.869363	0.335654	791   	0.104826 	55.6872	192	70 	19 	791   	4.50458
INFO:gp:193	772   	0.80297 	193	0.869424	0.3581  	772   	0.105185 	56.2111	193	69 	23 	772   	4.90361
INFO:gp:194	751   	0.803818	194	0.869424	0.343546	751   	0.108076 	56.2688	194	68 	25 	751   	4.91244
INFO:gp:195	789   	0.804546	195	0.869444	0.394158	789   	0.0999937	56.5582	195	81 	21 	789   	4.5639 
INFO:gp:196	758   	0.807682	196	0.869444	0.35601 	758   	0.100061 	57     	196	78 	25 	758   	4.56066
INFO:gp:197	752   	0.80808 	197	0.869465	0.350245	752   	0.0989915	57.1984	197	75 	25 	752   	4.63599
INFO:gp:198	775   	0.798911	198	0.869465	0.376523	775   	0.106942 	56.8612	198	85 	25 	775   	5.22685
INFO:gp:199	760   	0.803897	199	0.869485	0.377834	760   	0.102007 	56.9247	199	71 	25 	760   	4.23655
INFO:gp:200	761   	0.804052	200	0.869557	0.410666	761   	0.101269 	57.0577	200	65 	28 	761   	3.35947
INFO:gp:201	782   	0.806355	201	0.869599	0.363252	782   	0.102294 	56.6051	201	81 	19 	782   	4.84727
INFO:gp:202	780   	0.798677	202	0.869599	0.378407	780   	0.106955 	56.3451	202	69 	23 	780   	4.7308 
INFO:gp:203	754   	0.802272	203	0.869599	0.330708	754   	0.107028 	56.6422	203	83 	25 	754   	4.40996
INFO:gp:204	760   	0.806052	204	0.869655	0.361051	760   	0.103314 	56.3001	204	69 	24 	760   	4.13304
INFO:gp:205	790   	0.804598	205	0.869655	0.415413	790   	0.103685 	55.9326	205	68 	28 	790   	4.60124
INFO:gp:206	778   	0.806971	206	0.869702	0.417083	778   	0.100876 	56.3196	206	74 	27 	778   	3.80621
INFO:gp:207	769   	0.806689	207	0.869702	0.368628	769   	0.102866 	56.1339	207	70 	21 	769   	4.34403
INFO:gp:208	767   	0.802512	208	0.869702	0.448906	767   	0.103232 	56.2346	208	81 	28 	767   	4.01995
INFO:gp:209	774   	0.802887	209	0.869702	0.385076	774   	0.105968 	55.9189	209	68 	28 	774   	4.32165
INFO:gp:210	769   	0.804987	210	0.869738	0.390299	769   	0.100059 	55.9795	210	81 	21 	769   	4.14787
INFO:gp:211	746   	0.806128	211	0.869738	0.411221	746   	0.101082 	55.8553	211	74 	27 	746   	4.56543
INFO:gp:212	766   	0.807701	212	0.86977 	0.410667	766   	0.100358 	56.0274	212	70 	28 	766   	4.05621
INFO:gp:213	782   	0.803975	213	0.86977 	0.416713	782   	0.102253 	55.7009	213	68 	25 	782   	4.39924
INFO:gp:214	787   	0.804534	214	0.86977 	0.416002	787   	0.0982134	55.4721	214	66 	28 	787   	4.00915
INFO:gp:215	782   	0.800526	215	0.86977 	0.338799	782   	0.107111 	54.8974	215	69 	24 	782   	4.98053
INFO:gp:216	804   	0.808742	216	0.86977 	0.38486 	804   	0.100459 	55.1945	216	92 	26 	804   	4.65173
INFO:gp:217	756   	0.811668	217	0.86977 	0.341946	756   	0.0998288	55.216 	217	78 	28 	756   	4.30114
INFO:gp:218	759   	0.804311	218	0.86977 	0.415455	759   	0.103913 	54.8895	218	78 	23 	759   	4.41942
INFO:gp:219	784   	0.807064	219	0.86977 	0.378257	784   	0.103879 	54.7615	219	79 	28 	784   	3.60078
INFO:gp:220	770   	0.802353	220	0.869809	0.364206	770   	0.105365 	54.392 	220	77 	19 	770   	4.06903
INFO:gp:221	801   	0.799745	221	0.869809	0.323787	801   	0.107841 	54.2678	221	63 	11 	801   	4.04382
INFO:gp:222	796   	0.806929	222	0.869809	0.365792	796   	0.101897 	54.2669	222	66 	28 	796   	3.93721
INFO:gp:223	757   	0.807513	223	0.869809	0.357315	757   	0.103638 	54.305 	223	79 	28 	757   	4.47485
INFO:gp:224	780   	0.806768	224	0.869809	0.410092	780   	0.099756 	54.1505	224	70 	25 	780   	4.27875
INFO:gp:225	756   	0.802677	225	0.869809	0.415455	756   	0.103747 	54.2737	225	69 	28 	756   	3.9162 
INFO:gp:226	760   	0.807486	226	0.869809	0.347096	760   	0.104575 	54.132 	226	70 	28 	760   	4.4692 
INFO:gp:227	789   	0.802939	227	0.869809	0.364819	789   	0.105121 	54.3539	227	64 	20 	789   	3.62325
INFO:gp:228	777   	0.806844	228	0.869809	0.383829	777   	0.102437 	53.9863	228	68 	13 	777   	4.82639
INFO:gp:229	760   	0.810045	229	0.869809	0.373932	760   	0.0984208	54.4301	229	69 	28 	760   	3.46844
INFO:gp:230	763   	0.802711	230	0.869809	0.417976	763   	0.106637 	54.2678	230	64 	19 	763   	3.69864
INFO:gp:231	755   	0.805778	231	0.869809	0.423749	755   	0.102453 	54.1613	231	65 	22 	755   	4.11021
INFO:gp:232	789   	0.805929	232	0.869809	0.382165	789   	0.102161 	54.3001	232	69 	17 	789   	3.58432
INFO:gp:233	747   	0.811937	233	0.869809	0.361187	747   	0.100828 	54.2151	233	78 	23 	747   	3.91462
INFO:gp:234	781   	0.798884	234	0.869809	0.40439 	781   	0.104719 	54.1095	234	78 	28 	781   	4.17268
INFO:gp:235	796   	0.798135	235	0.869809	0.397937	796   	0.107573 	54.1623	235	77 	28 	796   	4.25358
INFO:gp:236	791   	0.807088	236	0.869809	0.45585 	791   	0.101482 	54.3578	236	66 	28 	791   	3.16089
INFO:gp:237	770   	0.804981	237	0.869825	0.323643	770   	0.105474 	54.1173	237	66 	28 	770   	4.08606
INFO:gp:238	775   	0.804125	238	0.869825	0.401606	775   	0.104684 	54.0831	238	91 	28 	775   	4.02533
INFO:gp:239	796   	0.80077 	239	0.869825	0.423158	796   	0.104575 	54.0166	239	66 	17 	796   	4.38458
INFO:gp:240	785   	0.799156	240	0.869825	0.341951	785   	0.108997 	54.0323	240	66 	28 	785   	4.34193
INFO:gp:241	774   	0.803765	241	0.869825	0.406593	774   	0.103494 	54.3314	241	66 	28 	774   	3.10026
INFO:gp:242	772   	0.801011	242	0.869825	0.337343	772   	0.103958 	53.8788	242	66 	28 	772   	4.29655
INFO:gp:243	783   	0.801961	243	0.869825	0.388296	783   	0.101642 	53.8025	243	66 	27 	783   	3.82717
INFO:gp:244	755   	0.808013	244	0.869825	0.372428	755   	0.104557 	53.6823	244	76 	28 	755   	3.73378
INFO:gp:245	744   	0.807754	245	0.869825	0.37653 	744   	0.101253 	53.3988	245	62 	3  	744   	3.99624
INFO:gp:246	806   	0.806432	246	0.869825	0.41082 	806   	0.103905 	53.3226	246	77 	17 	806   	3.85002
INFO:gp:247	753   	0.80411 	247	0.869825	0.367685	753   	0.106953 	53.0166	247	77 	18 	753   	4.39972
INFO:gp:248	788   	0.806107	248	0.869825	0.42752 	788   	0.0986681	53.3783	248	75 	27 	788   	3.53043
INFO:gp:249	765   	0.80473 	249	0.869825	0.398577	765   	0.103844 	53.5758	249	64 	28 	765   	2.63963
INFO:gp:250	794   	0.804127	250	0.869825	0.390169	794   	0.102891 	53.3431	250	66 	23 	794   	3.53568
INFO:gp:251	786   	0.808207	251	0.869825	0.428897	786   	0.100869 	53.0108	251	77 	28 	786   	4.52568
INFO:gp:252	778   	0.803154	252	0.869825	0.336353	778   	0.106313 	53.2346	252	69 	28 	778   	3.90599
INFO:gp:253	766   	0.800457	253	0.869825	0.415455	766   	0.109244 	53.1935	253	64 	27 	766   	3.9693 
INFO:gp:254	778   	0.807659	254	0.869825	0.409764	778   	0.0974545	52.9863	254	77 	23 	778   	4.95313
INFO:gp:255	787   	0.804934	255	0.869825	0.389693	787   	0.102073 	53.35  	255	63 	28 	787   	3.67878
INFO:gp:256	775   	0.805455	256	0.869825	0.34863 	775   	0.105191 	53.2649	256	65 	19 	775   	3.79164
INFO:gp:257	770   	0.805976	257	0.869825	0.388623	770   	0.0980876	53.1359	257	67 	28 	770   	4.20237
INFO:gp:258	765   	0.797734	258	0.869825	0.379307	765   	0.107899 	53.2532	258	65 	28 	765   	3.74811
INFO:gp:259	802   	0.799152	259	0.869825	0.368054	802   	0.109371 	53.2297	259	75 	21 	802   	3.94129
INFO:gp:260	763   	0.796504	260	0.869825	0.355213	763   	0.110076 	53.3558	260	76 	28 	763   	3.70233
INFO:gp:261	787   	0.80492 	261	0.869825	0.425818	787   	0.102805 	53.2717	261	65 	21 	787   	3.91808
INFO:gp:262	747   	0.812373	262	0.869825	0.381726	747   	0.0952809	53.3236	262	63 	20 	747   	3.77131
INFO:gp:263	759   	0.804358	263	0.869825	0.412372	759   	0.102685 	53.3754	263	75 	26 	759   	3.588  
INFO:gp:264	759   	0.803844	264	0.869825	0.396228	759   	0.101909 	53.2952	264	76 	26 	759   	3.80549
INFO:gp:265	778   	0.804569	265	0.869825	0.326138	778   	0.105552 	53.1153	265	63 	17 	778   	4.12185
INFO:gp:266	780   	0.806651	266	0.869825	0.396588	780   	0.105472 	52.999 	266	63 	25 	780   	4.28425
INFO:gp:267	775   	0.794512	267	0.869825	0.419665	775   	0.10905  	53.1681	267	63 	28 	775   	4.04968
INFO:gp:268	761   	0.805991	268	0.869825	0.402465	761   	0.100894 	53.4301	268	77 	28 	761   	3.49091
INFO:gp:269	765   	0.803687	269	0.869825	0.444583	765   	0.103196 	53.3871	269	67 	28 	765   	3.3027 
INFO:gp:270	780   	0.806486	270	0.869825	0.396012	780   	0.101967 	52.9951	270	67 	21 	780   	4.59876
INFO:gp:271	775   	0.80519 	271	0.870292	0.327889	775   	0.103922 	53.3431	271	78 	17 	775   	4.02516
INFO:gp:272	779   	0.807438	272	0.870292	0.404139	779   	0.0999802	53.0948	272	65 	21 	779   	3.89598
INFO:gp:273	758   	0.806003	273	0.870292	0.394317	758   	0.10286  	53.2454	273	69 	28 	758   	3.82708
INFO:gp:274	748   	0.805838	274	0.870313	0.419975	748   	0.104115 	53.1799	274	65 	19 	748   	3.76132
INFO:gp:275	779   	0.800023	275	0.870313	0.417344	779   	0.107486 	53.045 	275	75 	23 	779   	4.22832
INFO:gp:276	760   	0.800329	276	0.870313	0.390539	760   	0.109337 	52.9394	276	63 	23 	760   	4.40788
INFO:gp:277	784   	0.800657	277	0.870313	0.457451	784   	0.107009 	53.0117	277	89 	23 	784   	4.24608
INFO:gp:278	781   	0.797297	278	0.870313	0.403371	781   	0.109579 	52.737 	278	64 	22 	781   	4.59719
INFO:gp:279	766   	0.799843	279	0.87037 	0.37167 	766   	0.110373 	52.6041	279	63 	23 	766   	4.1401 
INFO:gp:280	768   	0.80027 	280	0.87037 	0.372779	768   	0.10576  	52.4047	280	75 	23 	768   	4.3754 
INFO:gp:281	790   	0.795737	281	0.87037 	0.420932	790   	0.109625 	52.4878	281	76 	23 	790   	3.92595
INFO:gp:282	783   	0.806546	282	0.87037 	0.42953 	783   	0.102211 	52.7234	282	63 	23 	783   	3.98024
INFO:gp:283	787   	0.791862	283	0.87037 	0.412521	787   	0.113382 	53.2111	283	69 	23 	787   	4.60294
INFO:gp:284	765   	0.797241	284	0.870449	0.410632	765   	0.109695 	54.129 	284	65 	22 	765   	4.30247
INFO:gp:285	765   	0.802467	285	0.870449	0.359296	765   	0.105382 	54.5611	285	62 	23 	765   	4.61265
INFO:gp:286	792   	0.800764	286	0.870449	0.446743	792   	0.106574 	54.8788	286	66 	23 	792   	4.02594
INFO:gp:287	765   	0.794811	287	0.870449	0.402013	765   	0.112046 	54.8788	287	80 	23 	765   	4.51206
INFO:gp:288	784   	0.7968  	288	0.870449	0.37896 	784   	0.112018 	55.1085	288	67 	23 	784   	3.96773
INFO:gp:289	778   	0.794161	289	0.870449	0.374548	778   	0.115413 	54.9394	289	81 	23 	778   	4.57289
INFO:gp:290	745   	0.803478	290	0.870449	0.436718	745   	0.109182 	55.0196	290	93 	23 	745   	4.36838
INFO:gp:291	755   	0.800319	291	0.870449	0.410632	755   	0.108789 	54.7771	291	69 	23 	755   	5.2694 
INFO:gp:292	783   	0.798477	292	0.870504	0.419362	783   	0.111693 	54.9521	292	66 	23 	783   	4.42982
INFO:gp:293	788   	0.796136	293	0.870504	0.381566	788   	0.112287 	54.8348	293	93 	23 	788   	4.87027
INFO:gp:294	783   	0.796009	294	0.870504	0.445734	783   	0.11201  	55.1711	294	71 	17 	783   	4.03735
INFO:gp:295	797   	0.797407	295	0.870556	0.397639	797   	0.113183 	55.088 	295	64 	23 	797   	5.04468
INFO:gp:296	781   	0.798061	296	0.870556	0.375787	781   	0.110638 	55.4545	296	67 	17 	781   	4.84699
INFO:gp:297	746   	0.795864	297	0.870556	0.385871	746   	0.111093 	56.0068	297	80 	23 	746   	5.20892
INFO:gp:298	762   	0.799498	298	0.870565	0.390519	762   	0.108832 	56.9511	298	64 	23 	762   	4.92262
INFO:gp:299	753   	0.798801	299	0.870565	0.363542	753   	0.11042  	58.1603	299	74 	23 	753   	4.16236
INFO:gp:300	783   	0.801419	300	0.870588	0.413723	783   	0.107604 	58.2053	300	88 	23 	783   	5.25563
INFO:gp:301	778   	0.797465	301	0.870673	0.40017 	778   	0.109924 	58.1662	301	89 	23 	778   	4.30187
INFO:gp:302	767   	0.798984	302	0.870673	0.419836	767   	0.107713 	58.0978	302	74 	23 	767   	4.02876
INFO:gp:303	779   	0.798567	303	0.870673	0.352936	779   	0.110336 	57.7761	303	87 	23 	779   	5.18831
INFO:gp:304	782   	0.796887	304	0.870673	0.42026 	782   	0.108155 	58.0371	304	80 	23 	782   	4.66079
INFO:gp:305	771   	0.7962  	305	0.870673	0.408215	771   	0.109559 	57.7576	305	72 	18 	771   	5.14481
INFO:gp:306	796   	0.792321	306	0.870673	0.388305	796   	0.110703 	57.6452	306	86 	23 	796   	4.78064
INFO:gp:307	769   	0.799771	307	0.870678	0.407849	769   	0.109561 	57.4428	307	68 	21 	769   	4.49703
INFO:gp:308	794   	0.800153	308	0.870678	0.354032	794   	0.109018 	57.2434	308	84 	23 	794   	4.46846
INFO:gp:309	785   	0.796587	309	0.870678	0.367972	785   	0.109857 	57.2346	309	67 	3  	785   	4.71761
INFO:gp:310	768   	0.806054	310	0.870678	0.366792	768   	0.105254 	57.3353	310	66 	23 	768   	3.82767
INFO:gp:311	783   	0.791738	311	0.870678	0.370647	783   	0.111712 	57.1017	311	72 	20 	783   	4.7779 
INFO:gp:312	768   	0.79922 	312	0.870678	0.426753	768   	0.109128 	57.1105	312	71 	23 	768   	4.93798
INFO:gp:313	794   	0.799593	313	0.870678	0.373496	794   	0.107505 	57.3617	313	73 	3  	794   	5.21991
INFO:gp:314	762   	0.803214	314	0.870678	0.429382	762   	0.107001 	57.5826	314	82 	23 	762   	5.18332
INFO:gp:315	768   	0.801544	315	0.870678	0.432577	768   	0.108786 	57.6716	315	71 	17 	768   	5.43005
INFO:gp:316	770   	0.80042 	316	0.870703	0.400587	770   	0.109357 	58.1906	316	99 	23 	770   	4.36437
INFO:gp:317	769   	0.79844 	317	0.870703	0.403797	769   	0.112201 	58.3099	317	68 	19 	769   	3.64542
INFO:gp:318	765   	0.804268	318	0.874202	0.416742	765   	0.105309 	57.7937	318	70 	15 	765   	5.53859
INFO:gp:319	751   	0.806371	319	0.874202	0.389739	751   	0.103461 	58.2512	319	70 	23 	751   	3.77708
INFO:gp:320	764   	0.800063	320	0.874202	0.402098	764   	0.108348 	57.999 	320	72 	23 	764   	4.8115 
INFO:gp:321	797   	0.799199	321	0.874236	0.388623	797   	0.110822 	57.9785	321	73 	23 	797   	4.51277
INFO:gp:322	796   	0.796887	322	0.874236	0.432819	796   	0.108897 	58.0762	322	72 	23 	796   	4.47323
INFO:gp:323	786   	0.78827 	323	0.874273	0.351263	786   	0.119892 	57.8328	323	96 	8  	786   	5.13497
INFO:gp:324	771   	0.79127 	324	0.874273	0.401767	771   	0.116452 	57.74  	324	75 	21 	771   	5.16708
INFO:gp:325	756   	0.799853	325	0.874273	0.417469	756   	0.11134  	57.9286	325	70 	20 	756   	4.56278
INFO:gp:326	804   	0.79466 	326	0.874273	0.382351	804   	0.116168 	57.7937	326	99 	21 	804   	5.32222
INFO:gp:327	757   	0.795935	327	0.874273	0.405327	757   	0.115696 	57.9423	327	69 	22 	757   	4.75249
INFO:gp:328	753   	0.803129	328	0.874273	0.394133	753   	0.111336 	58.0538	328	72 	18 	753   	4.41583
INFO:gp:329	767   	0.80083 	329	0.874273	0.420073	767   	0.113351 	57.9306	329	72 	22 	767   	4.73976
INFO:gp:330	786   	0.78255 	330	0.874273	0.362464	786   	0.12287  	58.2434	330	99 	23 	786   	4.36085
INFO:gp:331	758   	0.801809	331	0.874273	0.329539	758   	0.112794 	58.1603	331	72 	18 	758   	4.40915
INFO:gp:332	775   	0.797152	332	0.874284	0.381699	775   	0.116364 	58.0528	332	69 	23 	775   	4.2685 
INFO:gp:333	748   	0.796276	333	0.874284	0.37662 	748   	0.11669  	58     	333	70 	21 	748   	4.59099
INFO:gp:334	776   	0.796256	334	0.874284	0.380667	776   	0.117417 	58.2434	334	99 	22 	776   	4.60039
INFO:gp:335	789   	0.795262	335	0.874284	0.368182	789   	0.116615 	58.2796	335	70 	21 	789   	3.66512
INFO:gp:336	785   	0.790237	336	0.874284	0.412933	785   	0.116969 	58.1134	336	72 	23 	785   	4.26319
INFO:gp:337	781   	0.791309	337	0.874284	0.391334	781   	0.121511 	58.0626	337	85 	21 	781   	4.8112 
INFO:gp:338	792   	0.795584	338	0.874293	0.393339	792   	0.116918 	58.1241	338	86 	19 	792   	4.49973
INFO:gp:339	764   	0.791794	339	0.874293	0.390628	764   	0.122217 	58.0782	339	72 	22 	764   	4.81706
INFO:gp:340	781   	0.789593	340	0.874293	0.398125	781   	0.119272 	58.1349	340	66 	22 	781   	4.53458
INFO:gp:341	742   	0.797915	341	0.874293	0.409441	742   	0.116765 	58.1222	341	72 	22 	742   	5.03145
INFO:gp:342	782   	0.791425	342	0.874293	0.398645	782   	0.121549 	57.9189	342	72 	19 	782   	5.63593
INFO:gp:343	768   	0.788567	343	0.87433 	0.380732	768   	0.12163  	58.6422	343	100	22 	768   	4.41815
INFO:gp:344	787   	0.7929  	344	0.87433 	0.354664	787   	0.118713 	58.8113	344	71 	11 	787   	4.90701
INFO:gp:345	749   	0.800101	345	0.87433 	0.393328	749   	0.115288 	58.9286	345	101	22 	749   	4.7638 
INFO:gp:346	778   	0.796382	346	0.874537	0.396212	778   	0.11677  	58.9599	346	69 	22 	778   	4.37416
INFO:gp:347	772   	0.795259	347	0.874537	0.366831	772   	0.117688 	58.6999	347	83 	21 	772   	5.17144
INFO:gp:348	770   	0.790841	348	0.874541	0.390926	770   	0.119208 	58.4751	348	83 	22 	770   	5.32989
INFO:gp:349	775   	0.798607	349	0.874541	0.340221	775   	0.115695 	58.5543	349	87 	22 	775   	4.76595
INFO:gp:350	768   	0.794877	350	0.874541	0.429241	768   	0.114857 	58.65  	350	78 	27 	768   	4.56352
INFO:gp:351	804   	0.802983	351	0.874564	0.330868	804   	0.112054 	58.5122	351	71 	27 	804   	4.39069
INFO:gp:352	777   	0.803366	352	0.874573	0.417826	777   	0.109075 	58.5259	352	74 	21 	777   	4.6709 
INFO:gp:353	781   	0.798629	353	0.874573	0.355129	781   	0.111863 	58.5963	353	81 	27 	781   	4.96048
INFO:gp:354	744   	0.80609 	354	0.874573	0.325139	744   	0.111683 	58.1955	354	91 	25 	744   	5.80768
INFO:gp:355	760   	0.80524 	355	0.874573	0.436325	760   	0.107051 	57.2473	355	89 	26 	760   	5.87275
INFO:gp:356	773   	0.803585	356	0.87885 	0.360867	773   	0.112332 	55.7771	356	66 	27 	773   	5.99879
INFO:gp:357	776   	0.799364	357	0.87885 	0.385663	776   	0.112235 	56.1134	357	76 	27 	776   	6.39333
INFO:gp:358	764   	0.803665	358	0.878859	0.32055 	764   	0.114589 	57.5259	358	77 	20 	764   	7.13034
INFO:gp:359	803   	0.797738	359	0.878859	0.373103	803   	0.113504 	60.0674	359	97 	27 	803   	6.53514
INFO:gp:360	813   	0.799761	360	0.878859	0.36267 	813   	0.113833 	60.3744	360	75 	24 	813   	6.55495
INFO:gp:361	767   	0.799135	361	0.878859	0.404096	767   	0.113706 	58.6686	361	75 	24 	767   	7.27324
INFO:gp:362	787   	0.803624	362	0.878859	0.412035	787   	0.116413 	57.61  	362	76 	24 	787   	7.37021
INFO:gp:363	767   	0.801524	363	0.878859	0.322388	767   	0.115086 	59.6794	363	80 	24 	767   	6.70338
INFO:gp:364	773   	0.796825	364	0.878859	0.371938	773   	0.119851 	61.4536	364	91 	23 	773   	7.38811
INFO:gp:365	795   	0.797811	365	0.878859	0.398741	795   	0.117165 	62.9932	365	79 	24 	795   	5.92763
INFO:gp:366	764   	0.804056	366	0.878862	0.364374	764   	0.116212 	63.3793	366	98 	24 	764   	5.32216
INFO:gp:367	755   	0.803054	367	0.878862	0.426718	755   	0.114403 	63.7615	367	81 	23 	755   	4.6228 
INFO:gp:368	762   	0.797377	368	0.878925	0.35459 	762   	0.120738 	63.7977	368	74 	24 	762   	5.29253
INFO:gp:369	753   	0.803947	369	0.878925	0.354629	753   	0.117094 	64.0049	369	76 	24 	753   	4.55669
INFO:gp:370	745   	0.804752	370	0.878928	0.368948	745   	0.115487 	64.1896	370	80 	23 	745   	4.10722
INFO:gp:371	779   	0.805536	371	0.879148	0.390564	779   	0.11272  	64.0831	371	74 	19 	779   	4.77386
INFO:gp:372	738   	0.807156	372	0.879148	0.413563	738   	0.113563 	64.349 	372	81 	24 	738   	4.32868
INFO:gp:373	763   	0.800176	373	0.879148	0.416112	763   	0.117154 	64.4418	373	77 	19 	763   	5.34867
INFO:gp:374	754   	0.811853	374	0.879154	0.36575 	754   	0.108754 	64.8407	374	95 	24 	754   	4.90128
INFO:gp:375	781   	0.797414	375	0.879157	0.37141 	781   	0.116668 	64.5797	375	109	24 	781   	5.74918
INFO:gp:376	784   	0.804226	376	0.879157	0.404531	784   	0.113141 	63.4487	376	102	24 	784   	5.68659
INFO:gp:377	779   	0.799433	377	0.879157	0.352619	779   	0.117692 	61.7468	377	79 	25 	779   	5.03627
INFO:gp:378	794   	0.796151	378	0.879157	0.325033	794   	0.118212 	60.9707	378	76 	25 	794   	4.50319
INFO:gp:379	788   	0.801435	379	0.879157	0.391997	788   	0.114987 	60.738 	379	89 	25 	788   	4.37801
INFO:gp:380	787   	0.805082	380	0.87916 	0.367201	787   	0.115651 	60.8905	380	90 	27 	787   	3.88593
INFO:gp:381	753   	0.806542	381	0.87916 	0.434385	753   	0.11354  	60.5533	381	72 	25 	753   	4.48402
INFO:gp:382	769   	0.804288	382	0.87916 	0.399729	769   	0.111716 	60.3294	382	85 	25 	769   	4.96222
INFO:gp:383	772   	0.809752	383	0.879193	0.400326	772   	0.109749 	60.3509	383	91 	28 	772   	4.86062
INFO:gp:384	779   	0.811936	384	0.879193	0.383664	779   	0.110177 	60.4467	384	91 	28 	779   	3.95365
INFO:gp:385	785   	0.803934	385	0.879266	0.383159	785   	0.115076 	60.2903	385	75 	28 	785   	4.32691
INFO:gp:386	768   	0.804827	386	0.879269	0.373581	768   	0.117409 	59.9765	386	72 	25 	768   	5.07649
INFO:gp:387	781   	0.803363	387	0.879269	0.433421	781   	0.113938 	60.0587	387	72 	28 	781   	4.58401
INFO:gp:388	761   	0.806339	388	0.879301	0.36974 	761   	0.114645 	59.9844	388	75 	25 	761   	4.55162
INFO:gp:389	783   	0.799879	389	0.879301	0.364379	783   	0.116777 	59.9951	389	83 	25 	783   	4.4997 
INFO:gp:390	764   	0.805063	390	0.879301	0.425932	764   	0.116462 	60.0645	390	83 	25 	764   	4.27749
INFO:gp:391	747   	0.806914	391	0.879309	0.352026	747   	0.116369 	59.9668	391	90 	25 	747   	4.81981
INFO:gp:392	803   	0.80167 	392	0.879325	0.410031	803   	0.117056 	60.0841	392	103	25 	803   	4.44261
INFO:gp:393	767   	0.802935	393	0.879325	0.367214	767   	0.117081 	60.1466	393	75 	21 	767   	3.90678
INFO:gp:394	782   	0.810591	394	0.879341	0.426543	782   	0.109663 	60.0919	394	72 	25 	782   	4.1724 
INFO:gp:395	774   	0.799262	395	0.879356	0.341961	774   	0.119246 	59.8407	395	88 	25 	774   	4.64634
INFO:gp:396	811   	0.799515	396	0.879356	0.367327	811   	0.1181   	59.6139	396	71 	20 	811   	4.80779
INFO:gp:397	762   	0.802565	397	0.879488	0.335683	762   	0.117301 	59.5073	397	74 	22 	762   	4.75537
INFO:gp:398	771   	0.797995	398	0.879488	0.360334	771   	0.118641 	59.4839	398	71 	25 	771   	4.18715
INFO:gp:399	760   	0.808857	399	0.879488	0.355746	760   	0.112264 	58.9941	399	101	19 	760   	5.3296 
INFO:gp:400	786   	0.80511 	400	0.879488	0.344771	786   	0.116373 	58.7771	400	74 	25 	786   	4.51187
INFO:__main__:Saving model to file: checkpoints/run_5.pth
INFO:util:Train accuracy: 0.9608824619948091 +- 0.006859473489061962
INFO:util:Val accuracy: 0.9608824619948091 +- 0.006859473489061962
INFO:util:Test accuracy: 0.7222222222222222 +- 0.0
INFO:util:Train intra-class: 0.10562448182034403, Train Inter-class: 0.21344876943151397
INFO:util:Val intra-class: 0.09471164310616527, Val Inter-class: 0.13770171771065093
INFO:util:Test intra-class: 0.14044504763440596, Test inter-class: 0.18617666581186132
INFO:plot:Saving t-SNE to file: figures/tsne.png
INFO:plot:Saving t-SNE to file: figures/tsne.png
INFO:plot:Saving tree to file: figures/tree-0.pdf
INFO:plot:Saving tree to file: figures/tree-1.pdf
INFO:plot:Saving tree to file: figures/tree-2.pdf
