INFO:data:Reading dataset fish: cross-species
INFO:data:Class Counts: [45 60 48], Class Ratios: [0.29411765 0.39215686 0.31372549]
INFO:data:Number of features: 1023
INFO:data:Number of instances: 153
INFO:data:Number of classes 3.
INFO:__main__:No model found. Train from scratch.
INFO:gp:   	      	                                 fitness                                 	                      size                     
   	      	-------------------------------------------------------------------------	-----------------------------------------------
gen	nevals	avg     	gen	max     	min     	nevals	std      	avg    	gen	max	min	nevals	std    
0  	1023  	0.368041	0  	0.516273	0.221658	1023  	0.0467175	3.91202	0  	7  	2  	1023  	1.44027
INFO:gp:1  	772   	0.410986	1  	0.52312 	0.265816	772   	0.0434774	3.98436	1  	12 	2  	772   	1.5252 
INFO:gp:2  	763   	0.433965	2  	0.541894	0.227868	763   	0.0474559	4.03617	2  	11 	2  	763   	1.45834
INFO:gp:3  	805   	0.44951 	3  	0.545188	0.207351	805   	0.0502634	3.86413	3  	9  	2  	805   	1.39126
INFO:gp:4  	753   	0.461323	4  	0.564241	0.255803	753   	0.0566047	3.8348 	4  	12 	2  	753   	1.3972 
INFO:gp:5  	778   	0.47009 	5  	0.578311	0.275498	778   	0.0596431	3.88856	5  	12 	2  	778   	1.41328
INFO:gp:6  	736   	0.48623 	6  	0.597499	0.289556	736   	0.0607505	4.08798	6  	15 	2  	736   	1.61254
INFO:gp:7  	772   	0.498052	7  	0.602306	0.276666	772   	0.0609092	4.32551	7  	11 	2  	772   	1.54395
INFO:gp:8  	771   	0.516471	8  	0.618417	0.289556	771   	0.0609757	5.19062	8  	11 	2  	771   	1.78015
INFO:gp:9  	783   	0.528353	9  	0.618422	0.297883	783   	0.0633247	5.37243	9  	13 	2  	783   	1.83405
INFO:gp:10 	785   	0.54323 	10 	0.631889	0.308322	785   	0.0624432	5.5132 	10 	15 	2  	785   	2.01645
INFO:gp:11 	759   	0.557844	11 	0.668838	0.350024	759   	0.0627064	5.61193	11 	13 	2  	759   	2.15593
INFO:gp:12 	792   	0.566638	12 	0.668841	0.306499	792   	0.0683718	5.89834	12 	15 	2  	792   	2.1014 
INFO:gp:13 	770   	0.590895	13 	0.682539	0.321061	770   	0.0646928	6.26882	13 	12 	3  	770   	1.76228
INFO:gp:14 	762   	0.600064	14 	0.682539	0.337137	762   	0.0697824	6.46139	14 	13 	3  	762   	1.95857
INFO:gp:15 	761   	0.604093	15 	0.68254 	0.322556	761   	0.0747061	6.32356	15 	13 	3  	761   	2.06254
INFO:gp:16 	782   	0.609031	16 	0.68254 	0.287645	782   	0.0783974	6.40371	16 	15 	3  	782   	1.7874 
INFO:gp:17 	780   	0.607596	17 	0.682541	0.304792	780   	0.080645 	6.39785	17 	14 	3  	780   	1.54473
INFO:gp:18 	786   	0.610717	18 	0.694874	0.311996	786   	0.0866246	6.28152	18 	12 	3  	786   	1.56979
INFO:gp:19 	771   	0.613943	19 	0.694874	0.311656	771   	0.0830919	6.03715	19 	15 	3  	771   	1.58949
INFO:gp:20 	758   	0.620633	20 	0.694874	0.287765	758   	0.0816997	5.84164	20 	12 	3  	758   	1.52475
INFO:gp:21 	775   	0.620294	21 	0.694874	0.333588	775   	0.0851371	5.89345	21 	15 	3  	775   	1.75793
INFO:gp:22 	767   	0.621531	22 	0.717613	0.312917	767   	0.0882805	6.21896	22 	15 	3  	767   	1.95025
INFO:gp:23 	782   	0.627524	23 	0.717613	0.322743	782   	0.084782 	6.70674	23 	13 	3  	782   	1.97838
INFO:gp:24 	789   	0.630903	24 	0.717613	0.323881	789   	0.0892659	6.79668	24 	14 	3  	789   	1.85541
INFO:gp:25 	771   	0.637203	25 	0.722736	0.333739	771   	0.0832748	6.78104	25 	18 	3  	771   	1.80229
INFO:gp:26 	762   	0.637461	26 	0.722739	0.329944	762   	0.0907   	7.30499	26 	15 	3  	762   	1.8536 
INFO:gp:27 	761   	0.647283	27 	0.722741	0.296749	761   	0.0874758	8.04594	27 	17 	3  	761   	1.73652
INFO:gp:28 	781   	0.648732	28 	0.722745	0.30727 	781   	0.0915894	8.37634	28 	17 	3  	781   	1.58318
INFO:gp:29 	762   	0.650757	29 	0.726911	0.306413	762   	0.0958913	8.21017	29 	17 	5  	762   	1.57628
INFO:gp:30 	754   	0.645534	30 	0.726916	0.278817	754   	0.0987695	8.0694 	30 	17 	3  	754   	1.75199
INFO:gp:31 	774   	0.641729	31 	0.726938	0.325253	774   	0.098809 	8.09091	31 	16 	5  	774   	1.73756
INFO:gp:32 	781   	0.647009	32 	0.731515	0.333733	781   	0.0989444	8.33724	32 	18 	5  	781   	1.88285
INFO:gp:33 	791   	0.647967	33 	0.732044	0.31606 	791   	0.103138 	8.64907	33 	18 	5  	791   	1.97368
INFO:gp:34 	794   	0.646146	34 	0.732044	0.294532	794   	0.105442 	8.63441	34 	19 	5  	794   	1.70883
INFO:gp:35 	794   	0.648331	35 	0.735809	0.330935	794   	0.103989 	8.61975	35 	17 	5  	794   	1.80774
INFO:gp:36 	761   	0.646483	36 	0.735809	0.300973	761   	0.107417 	8.83773	36 	17 	3  	761   	2.05617
INFO:gp:37 	762   	0.652563	37 	0.736643	0.333734	762   	0.101902 	8.76735	37 	20 	3  	762   	2.29808
INFO:gp:38 	759   	0.644586	38 	0.739039	0.283974	759   	0.11152  	9.15836	38 	22 	5  	759   	2.7832 
INFO:gp:39 	800   	0.644774	39 	0.74762 	0.33373 	800   	0.110921 	9.97361	39 	22 	5  	800   	3.21627
INFO:gp:40 	771   	0.652933	40 	0.752266	0.296451	771   	0.105374 	10.5376	40 	26 	5  	771   	3.88096
INFO:gp:41 	773   	0.651938	41 	0.752266	0.241234	773   	0.112054 	10.5699	41 	24 	5  	773   	4.19453
INFO:gp:42 	780   	0.651723	42 	0.752266	0.271711	780   	0.110479 	11.1779	42 	28 	5  	780   	4.57346
INFO:gp:43 	796   	0.655026	43 	0.752266	0.266643	796   	0.111037 	13.0919	43 	29 	5  	796   	5.20089
INFO:gp:44 	789   	0.665266	44 	0.757386	0.295771	789   	0.107397 	15.8719	44 	31 	4  	789   	5.16608
INFO:gp:45 	772   	0.664445	45 	0.757386	0.326702	772   	0.111159 	16.435 	45 	36 	7  	772   	5.51116
INFO:gp:46 	781   	0.66721 	46 	0.757386	0.279179	781   	0.111219 	15.9912	46 	35 	6  	781   	5.8033 
INFO:gp:47 	772   	0.665984	47 	0.757411	0.311515	772   	0.113965 	15.3695	47 	32 	7  	772   	5.91602
INFO:gp:48 	797   	0.668313	48 	0.757411	0.312231	797   	0.106524 	15.9619	48 	33 	3  	797   	6.20752
INFO:gp:49 	754   	0.665541	49 	0.757422	0.316668	754   	0.115656 	17.1056	49 	38 	7  	754   	5.9932 
INFO:gp:50 	786   	0.668612	50 	0.757781	0.325939	786   	0.111742 	17.8935	50 	39 	7  	786   	5.45589
INFO:gp:51 	769   	0.675116	51 	0.757781	0.310064	769   	0.109038 	19.5718	51 	36 	7  	769   	4.97073
INFO:gp:52 	755   	0.666159	52 	0.759555	0.319693	755   	0.118358 	20.7967	52 	38 	5  	755   	4.39627
INFO:gp:53 	777   	0.671541	53 	0.759555	0.303177	777   	0.115037 	21.9394	53 	36 	7  	777   	4.60378
INFO:gp:54 	744   	0.685676	54 	0.759555	0.310615	744   	0.105946 	23.3812	54 	44 	7  	744   	5.14457
INFO:gp:55 	780   	0.676066	55 	0.760358	0.312777	780   	0.109146 	24.8905	55 	50 	5  	780   	5.46756
INFO:gp:56 	804   	0.674586	56 	0.764664	0.321892	804   	0.109396 	26.1711	56 	46 	7  	804   	5.12341
INFO:gp:57 	766   	0.675956	57 	0.764664	0.298447	766   	0.111179 	27.1965	57 	50 	7  	766   	4.05841
INFO:gp:58 	777   	0.671247	58 	0.764664	0.310912	777   	0.111551 	27.4536	58 	49 	5  	777   	4.48475
INFO:gp:59 	753   	0.676997	59 	0.764664	0.289169	753   	0.112051 	28.0459	59 	51 	7  	753   	4.12783
INFO:gp:60 	779   	0.675389	60 	0.764664	0.315052	779   	0.111139 	28.5396	60 	53 	7  	779   	3.94936
INFO:gp:61 	777   	0.678213	61 	0.764667	0.319537	777   	0.113907 	28.4379	61 	49 	7  	777   	4.3173 
INFO:gp:62 	783   	0.677228	62 	0.764667	0.31446 	783   	0.11439  	28.1466	62 	48 	7  	783   	4.1699 
INFO:gp:63 	766   	0.683057	63 	0.764668	0.314705	766   	0.109306 	27.6647	63 	46 	7  	766   	4.08607
INFO:gp:64 	763   	0.680539	64 	0.764673	0.284866	763   	0.112407 	27.5934	64 	48 	7  	763   	3.80472
INFO:gp:65 	765   	0.676113	65 	0.764673	0.305491	765   	0.113833 	27.3304	65 	47 	5  	765   	3.93375
INFO:gp:66 	742   	0.689821	66 	0.764678	0.283939	742   	0.1075   	27.304 	66 	44 	5  	742   	3.82159
INFO:gp:67 	777   	0.681066	67 	0.764678	0.305193	777   	0.11431  	27.3402	67 	49 	7  	777   	4.25594
INFO:gp:68 	772   	0.677548	68 	0.764678	0.305295	772   	0.113146 	27.6383	68 	47 	7  	772   	3.99904
INFO:gp:69 	780   	0.682738	69 	0.764678	0.292854	780   	0.110005 	27.8886	69 	50 	5  	780   	4.34343
INFO:gp:70 	794   	0.675933	70 	0.764687	0.326968	794   	0.112246 	28.4682	70 	46 	6  	794   	3.63252
INFO:gp:71 	795   	0.674956	71 	0.764687	0.325392	795   	0.10748  	28.4819	71 	48 	7  	795   	3.79476
INFO:gp:72 	764   	0.679372	72 	0.764687	0.289048	764   	0.114384 	28.52  	72 	48 	7  	764   	3.78211
INFO:gp:73 	776   	0.674116	73 	0.764687	0.307361	776   	0.114212 	28.6031	73 	46 	6  	776   	3.72265
INFO:gp:74 	761   	0.68094 	74 	0.764687	0.319968	761   	0.111957 	28.6774	74 	49 	7  	761   	4.45676
INFO:gp:75 	772   	0.680576	75 	0.764687	0.316936	772   	0.1125   	29.0508	75 	48 	7  	772   	3.86848
INFO:gp:76 	765   	0.687198	76 	0.764687	0.31029 	765   	0.107292 	29.2561	76 	40 	6  	765   	3.74099
INFO:gp:77 	777   	0.680969	77 	0.764687	0.326979	777   	0.114902 	29.2737	77 	53 	7  	777   	4.14773
INFO:gp:78 	756   	0.682221	78 	0.764697	0.324474	756   	0.111504 	29.4868	78 	52 	7  	756   	3.73454
INFO:gp:79 	788   	0.677578	79 	0.764697	0.314839	788   	0.111685 	29.2522	79 	52 	7  	788   	4.29496
INFO:gp:80 	761   	0.679886	80 	0.764697	0.320641	761   	0.112885 	29.2874	80 	51 	7  	761   	4.13429
INFO:gp:81 	767   	0.683555	81 	0.764697	0.305508	767   	0.113906 	29.6716	81 	51 	7  	767   	3.77102
INFO:gp:82 	777   	0.678141	82 	0.764697	0.280844	777   	0.110252 	29.7937	82 	40 	7  	777   	3.93265
