INFO:__main__:Reading the dataset: fish oil
INFO:__main__:Pre-training the network: Masked Spectra Modelling
INFO:pre_training:Epoch [1/100], Loss: 0.0884, Val: 0.0068
INFO:pre_training:Epoch [2/100], Loss: 0.0764, Val: 0.0060
INFO:pre_training:Epoch [3/100], Loss: 0.0696, Val: 0.0056
INFO:pre_training:Epoch [4/100], Loss: 0.0641, Val: 0.0050
INFO:pre_training:Epoch [5/100], Loss: 0.0596, Val: 0.0047
INFO:pre_training:Epoch [6/100], Loss: 0.0558, Val: 0.0043
INFO:pre_training:Epoch [7/100], Loss: 0.0528, Val: 0.0042
INFO:pre_training:Epoch [8/100], Loss: 0.0502, Val: 0.0039
INFO:pre_training:Epoch [9/100], Loss: 0.0479, Val: 0.0038
INFO:pre_training:Epoch [10/100], Loss: 0.0461, Val: 0.0037
INFO:pre_training:Epoch [11/100], Loss: 0.0439, Val: 0.0037
INFO:pre_training:Epoch [12/100], Loss: 0.0423, Val: 0.0035
INFO:pre_training:Epoch [13/100], Loss: 0.0409, Val: 0.0034
INFO:pre_training:Epoch [14/100], Loss: 0.0397, Val: 0.0034
INFO:pre_training:Epoch [15/100], Loss: 0.0384, Val: 0.0033
INFO:pre_training:Epoch [16/100], Loss: 0.0371, Val: 0.0032
INFO:pre_training:Epoch [17/100], Loss: 0.0362, Val: 0.0032
INFO:pre_training:Epoch [18/100], Loss: 0.0350, Val: 0.0032
INFO:pre_training:Epoch [19/100], Loss: 0.0342, Val: 0.0031
INFO:pre_training:Epoch [20/100], Loss: 0.0334, Val: 0.0030
INFO:pre_training:Epoch [21/100], Loss: 0.0326, Val: 0.0030
INFO:pre_training:Epoch [22/100], Loss: 0.0317, Val: 0.0030
INFO:pre_training:Epoch [23/100], Loss: 0.0310, Val: 0.0029
INFO:pre_training:Epoch [24/100], Loss: 0.0303, Val: 0.0029
INFO:pre_training:Epoch [25/100], Loss: 0.0296, Val: 0.0029
INFO:pre_training:Epoch [26/100], Loss: 0.0291, Val: 0.0028
INFO:pre_training:Epoch [27/100], Loss: 0.0285, Val: 0.0028
INFO:pre_training:Epoch [28/100], Loss: 0.0279, Val: 0.0028
INFO:pre_training:Epoch [29/100], Loss: 0.0273, Val: 0.0027
INFO:pre_training:Epoch [30/100], Loss: 0.0268, Val: 0.0026
INFO:pre_training:Epoch [31/100], Loss: 0.0263, Val: 0.0027
INFO:pre_training:Epoch [32/100], Loss: 0.0259, Val: 0.0026
INFO:pre_training:Epoch [33/100], Loss: 0.0253, Val: 0.0026
INFO:pre_training:Epoch [34/100], Loss: 0.0249, Val: 0.0026
INFO:pre_training:Epoch [35/100], Loss: 0.0245, Val: 0.0026
INFO:pre_training:Epoch [36/100], Loss: 0.0240, Val: 0.0025
INFO:pre_training:Epoch [37/100], Loss: 0.0237, Val: 0.0025
INFO:pre_training:Epoch [38/100], Loss: 0.0232, Val: 0.0025
INFO:pre_training:Epoch [39/100], Loss: 0.0229, Val: 0.0025
INFO:pre_training:Epoch [40/100], Loss: 0.0225, Val: 0.0025
INFO:pre_training:Epoch [41/100], Loss: 0.0221, Val: 0.0024
INFO:pre_training:Epoch [42/100], Loss: 0.0218, Val: 0.0025
INFO:pre_training:Epoch [43/100], Loss: 0.0214, Val: 0.0025
INFO:pre_training:Epoch [44/100], Loss: 0.0212, Val: 0.0024
INFO:pre_training:Epoch [45/100], Loss: 0.0208, Val: 0.0024
INFO:pre_training:Epoch [46/100], Loss: 0.0205, Val: 0.0024
INFO:pre_training:Epoch [47/100], Loss: 0.0202, Val: 0.0024
INFO:pre_training:Epoch [48/100], Loss: 0.0200, Val: 0.0023
INFO:pre_training:Epoch [49/100], Loss: 0.0197, Val: 0.0023
INFO:pre_training:Epoch [50/100], Loss: 0.0193, Val: 0.0024
INFO:pre_training:Epoch [51/100], Loss: 0.0191, Val: 0.0023
INFO:pre_training:Epoch [52/100], Loss: 0.0188, Val: 0.0022
INFO:pre_training:Epoch [53/100], Loss: 0.0186, Val: 0.0023
INFO:pre_training:Epoch [54/100], Loss: 0.0184, Val: 0.0023
INFO:pre_training:Epoch [55/100], Loss: 0.0181, Val: 0.0023
INFO:pre_training:Epoch [56/100], Loss: 0.0179, Val: 0.0023
INFO:pre_training:Epoch [57/100], Loss: 0.0176, Val: 0.0022
INFO:pre_training:Epoch [58/100], Loss: 0.0174, Val: 0.0022
INFO:pre_training:Epoch [59/100], Loss: 0.0172, Val: 0.0022
INFO:pre_training:Epoch [60/100], Loss: 0.0169, Val: 0.0022
INFO:pre_training:Epoch [61/100], Loss: 0.0167, Val: 0.0022
INFO:pre_training:Epoch [62/100], Loss: 0.0165, Val: 0.0022
INFO:pre_training:Epoch [63/100], Loss: 0.0163, Val: 0.0022
INFO:pre_training:Epoch [64/100], Loss: 0.0161, Val: 0.0021
INFO:pre_training:Epoch [65/100], Loss: 0.0159, Val: 0.0022
INFO:pre_training:Epoch [66/100], Loss: 0.0158, Val: 0.0022
INFO:pre_training:Epoch [67/100], Loss: 0.0156, Val: 0.0022
INFO:pre_training:Epoch [68/100], Loss: 0.0154, Val: 0.0021
INFO:pre_training:Epoch [69/100], Loss: 0.0151, Val: 0.0021
INFO:pre_training:Epoch [70/100], Loss: 0.0150, Val: 0.0021
INFO:pre_training:Epoch [71/100], Loss: 0.0148, Val: 0.0021
INFO:pre_training:Epoch [72/100], Loss: 0.0146, Val: 0.0021
INFO:pre_training:Epoch [73/100], Loss: 0.0145, Val: 0.0021
INFO:pre_training:Epoch [74/100], Loss: 0.0144, Val: 0.0020
INFO:pre_training:Epoch [75/100], Loss: 0.0141, Val: 0.0021
INFO:pre_training:Epoch [76/100], Loss: 0.0140, Val: 0.0021
INFO:pre_training:Epoch [77/100], Loss: 0.0139, Val: 0.0021
INFO:pre_training:Epoch [78/100], Loss: 0.0136, Val: 0.0021
INFO:pre_training:Epoch [79/100], Loss: 0.0135, Val: 0.0021
INFO:pre_training:Epoch [80/100], Loss: 0.0134, Val: 0.0021
INFO:pre_training:Epoch [81/100], Loss: 0.0132, Val: 0.0020
INFO:pre_training:Epoch [82/100], Loss: 0.0131, Val: 0.0020
INFO:pre_training:Epoch [83/100], Loss: 0.0130, Val: 0.0020
INFO:pre_training:Epoch [84/100], Loss: 0.0128, Val: 0.0020
INFO:pre_training:Epoch [85/100], Loss: 0.0127, Val: 0.0020
INFO:pre_training:Epoch [86/100], Loss: 0.0126, Val: 0.0020
INFO:pre_training:Epoch [87/100], Loss: 0.0124, Val: 0.0020
INFO:pre_training:Epoch [88/100], Loss: 0.0123, Val: 0.0020
INFO:pre_training:Epoch [89/100], Loss: 0.0122, Val: 0.0020
INFO:pre_training:Epoch [90/100], Loss: 0.0121, Val: 0.0020
INFO:pre_training:Epoch [91/100], Loss: 0.0119, Val: 0.0020
INFO:pre_training:Epoch [92/100], Loss: 0.0118, Val: 0.0019
INFO:pre_training:Epoch [93/100], Loss: 0.0117, Val: 0.0020
INFO:pre_training:Epoch [94/100], Loss: 0.0116, Val: 0.0020
INFO:pre_training:Epoch [95/100], Loss: 0.0115, Val: 0.0020
INFO:pre_training:Epoch [96/100], Loss: 0.0114, Val: 0.0019
INFO:pre_training:Epoch [97/100], Loss: 0.0112, Val: 0.0020
INFO:pre_training:Epoch [98/100], Loss: 0.0112, Val: 0.0020
INFO:pre_training:Epoch [99/100], Loss: 0.0110, Val: 0.0019
INFO:pre_training:Epoch [100/100], Loss: 0.0110, Val: 0.0019
INFO:__main__:Total time taken to pre-train the model: 152.27s
INFO:__main__:Training the network
INFO:train:Epoch 1/100, Train Loss: 0.6263, Train Acc: 0.6506, Val Loss: 0.5692, Val Acc: 0.6522
INFO:train:Epoch 2/100, Train Loss: 0.5076, Train Acc: 0.8235, Val Loss: 0.4689, Val Acc: 0.8261
INFO:train:Epoch 3/100, Train Loss: 0.4090, Train Acc: 0.9055, Val Loss: 0.5007, Val Acc: 0.7391
INFO:train:Epoch 4/100, Train Loss: 0.2988, Train Acc: 0.9742, Val Loss: 0.4401, Val Acc: 0.8261
INFO:train:Epoch 5/100, Train Loss: 0.2378, Train Acc: 0.9964, Val Loss: 0.4880, Val Acc: 0.7826
INFO:train:Epoch 6/100, Train Loss: 0.2166, Train Acc: 1.0000, Val Loss: 0.5294, Val Acc: 0.7826
INFO:train:Epoch 7/100, Train Loss: 0.2130, Train Acc: 1.0000, Val Loss: 0.5041, Val Acc: 0.8261
INFO:train:Epoch 8/100, Train Loss: 0.2088, Train Acc: 1.0000, Val Loss: 0.5108, Val Acc: 0.7826
INFO:train:Epoch 9/100, Train Loss: 0.2070, Train Acc: 1.0000, Val Loss: 0.4783, Val Acc: 0.7826
INFO:train:Epoch 10/100, Train Loss: 0.2062, Train Acc: 1.0000, Val Loss: 0.4956, Val Acc: 0.7826
INFO:train:Epoch 11/100, Train Loss: 0.2054, Train Acc: 1.0000, Val Loss: 0.4765, Val Acc: 0.7826
INFO:train:Epoch 12/100, Train Loss: 0.2045, Train Acc: 1.0000, Val Loss: 0.5068, Val Acc: 0.7826
INFO:train:Epoch 13/100, Train Loss: 0.2040, Train Acc: 1.0000, Val Loss: 0.5185, Val Acc: 0.7826
INFO:train:Epoch 14/100, Train Loss: 0.2034, Train Acc: 1.0000, Val Loss: 0.5348, Val Acc: 0.7826
INFO:train:Epoch 15/100, Train Loss: 0.2029, Train Acc: 1.0000, Val Loss: 0.5186, Val Acc: 0.7826
INFO:train:Epoch 16/100, Train Loss: 0.2027, Train Acc: 1.0000, Val Loss: 0.5285, Val Acc: 0.7826
INFO:train:Epoch 17/100, Train Loss: 0.2024, Train Acc: 1.0000, Val Loss: 0.5288, Val Acc: 0.7826
INFO:train:Epoch 18/100, Train Loss: 0.2023, Train Acc: 1.0000, Val Loss: 0.5180, Val Acc: 0.7826
INFO:train:Epoch 19/100, Train Loss: 0.2023, Train Acc: 1.0000, Val Loss: 0.5381, Val Acc: 0.7826
INFO:train:Epoch 20/100, Train Loss: 0.2019, Train Acc: 1.0000, Val Loss: 0.5160, Val Acc: 0.7826
INFO:train:Epoch 21/100, Train Loss: 0.2019, Train Acc: 1.0000, Val Loss: 0.5445, Val Acc: 0.7826
INFO:train:Epoch 22/100, Train Loss: 0.2019, Train Acc: 1.0000, Val Loss: 0.5439, Val Acc: 0.7826
INFO:train:Epoch 23/100, Train Loss: 0.2016, Train Acc: 1.0000, Val Loss: 0.5419, Val Acc: 0.7826
INFO:train:Epoch 24/100, Train Loss: 0.2013, Train Acc: 1.0000, Val Loss: 0.5198, Val Acc: 0.7826
INFO:train:Epoch 25/100, Train Loss: 0.2016, Train Acc: 1.0000, Val Loss: 0.5209, Val Acc: 0.7826
INFO:train:Epoch 26/100, Train Loss: 0.2017, Train Acc: 1.0000, Val Loss: 0.5145, Val Acc: 0.7826
INFO:train:Epoch 27/100, Train Loss: 0.2016, Train Acc: 1.0000, Val Loss: 0.5447, Val Acc: 0.7826
INFO:train:Epoch 28/100, Train Loss: 0.2013, Train Acc: 1.0000, Val Loss: 0.5538, Val Acc: 0.7826
INFO:train:Epoch 29/100, Train Loss: 0.2009, Train Acc: 1.0000, Val Loss: 0.5329, Val Acc: 0.7826
INFO:train:Epoch 30/100, Train Loss: 0.2010, Train Acc: 1.0000, Val Loss: 0.5392, Val Acc: 0.7826
INFO:train:Epoch 31/100, Train Loss: 0.2011, Train Acc: 1.0000, Val Loss: 0.5531, Val Acc: 0.7826
INFO:train:Epoch 32/100, Train Loss: 0.2009, Train Acc: 1.0000, Val Loss: 0.5875, Val Acc: 0.7391
INFO:train:Epoch 33/100, Train Loss: 0.2009, Train Acc: 1.0000, Val Loss: 0.5856, Val Acc: 0.7826
INFO:train:Epoch 34/100, Train Loss: 0.2009, Train Acc: 1.0000, Val Loss: 0.5779, Val Acc: 0.7391
INFO:train:Epoch 35/100, Train Loss: 0.2008, Train Acc: 1.0000, Val Loss: 0.5515, Val Acc: 0.7826
INFO:train:Epoch 36/100, Train Loss: 0.2006, Train Acc: 1.0000, Val Loss: 0.5714, Val Acc: 0.7826
INFO:train:Epoch 37/100, Train Loss: 0.2008, Train Acc: 1.0000, Val Loss: 0.5818, Val Acc: 0.7391
INFO:train:Epoch 38/100, Train Loss: 0.2009, Train Acc: 1.0000, Val Loss: 0.5996, Val Acc: 0.7391
INFO:train:Epoch 39/100, Train Loss: 0.2005, Train Acc: 1.0000, Val Loss: 0.5634, Val Acc: 0.7826
INFO:train:Epoch 40/100, Train Loss: 0.2004, Train Acc: 1.0000, Val Loss: 0.5689, Val Acc: 0.7391
INFO:train:Epoch 41/100, Train Loss: 0.2004, Train Acc: 1.0000, Val Loss: 0.5670, Val Acc: 0.7391
INFO:train:Epoch 42/100, Train Loss: 0.2003, Train Acc: 1.0000, Val Loss: 0.5871, Val Acc: 0.7391
INFO:train:Epoch 43/100, Train Loss: 0.2002, Train Acc: 1.0000, Val Loss: 0.5586, Val Acc: 0.7391
INFO:train:Epoch 44/100, Train Loss: 0.2000, Train Acc: 1.0000, Val Loss: 0.5739, Val Acc: 0.7391
INFO:train:Epoch 45/100, Train Loss: 0.2002, Train Acc: 1.0000, Val Loss: 0.5969, Val Acc: 0.7391
INFO:train:Epoch 46/100, Train Loss: 0.2003, Train Acc: 1.0000, Val Loss: 0.5972, Val Acc: 0.7391
INFO:train:Epoch 47/100, Train Loss: 0.2002, Train Acc: 1.0000, Val Loss: 0.6192, Val Acc: 0.7391
INFO:train:Epoch 48/100, Train Loss: 0.2001, Train Acc: 1.0000, Val Loss: 0.5789, Val Acc: 0.7391
INFO:train:Epoch 49/100, Train Loss: 0.1999, Train Acc: 1.0000, Val Loss: 0.5933, Val Acc: 0.7391
INFO:train:Epoch 50/100, Train Loss: 0.2001, Train Acc: 1.0000, Val Loss: 0.6293, Val Acc: 0.7391
INFO:train:Epoch 51/100, Train Loss: 0.2000, Train Acc: 1.0000, Val Loss: 0.5828, Val Acc: 0.7391
INFO:train:Epoch 52/100, Train Loss: 0.2000, Train Acc: 1.0000, Val Loss: 0.5982, Val Acc: 0.7391
INFO:train:Epoch 53/100, Train Loss: 0.1999, Train Acc: 1.0000, Val Loss: 0.5873, Val Acc: 0.7391
INFO:train:Epoch 54/100, Train Loss: 0.2001, Train Acc: 1.0000, Val Loss: 0.5979, Val Acc: 0.7391
INFO:train:Epoch 55/100, Train Loss: 0.1998, Train Acc: 1.0000, Val Loss: 0.6206, Val Acc: 0.7391
INFO:train:Epoch 56/100, Train Loss: 0.1998, Train Acc: 1.0000, Val Loss: 0.6388, Val Acc: 0.6957
INFO:train:Epoch 57/100, Train Loss: 0.2000, Train Acc: 1.0000, Val Loss: 0.6283, Val Acc: 0.6957
INFO:train:Epoch 58/100, Train Loss: 0.1998, Train Acc: 1.0000, Val Loss: 0.6066, Val Acc: 0.7391
INFO:train:Epoch 59/100, Train Loss: 0.1998, Train Acc: 1.0000, Val Loss: 0.6170, Val Acc: 0.7391
INFO:train:Epoch 60/100, Train Loss: 0.1998, Train Acc: 1.0000, Val Loss: 0.6255, Val Acc: 0.6957
INFO:train:Epoch 61/100, Train Loss: 0.1998, Train Acc: 1.0000, Val Loss: 0.5956, Val Acc: 0.7391
INFO:train:Epoch 62/100, Train Loss: 0.1997, Train Acc: 1.0000, Val Loss: 0.6258, Val Acc: 0.6957
INFO:train:Epoch 63/100, Train Loss: 0.1996, Train Acc: 1.0000, Val Loss: 0.6215, Val Acc: 0.6957
INFO:train:Epoch 64/100, Train Loss: 0.1996, Train Acc: 1.0000, Val Loss: 0.6237, Val Acc: 0.6957
INFO:train:Epoch 65/100, Train Loss: 0.1996, Train Acc: 1.0000, Val Loss: 0.6352, Val Acc: 0.6957
INFO:train:Epoch 66/100, Train Loss: 0.1996, Train Acc: 1.0000, Val Loss: 0.6190, Val Acc: 0.6957
INFO:train:Epoch 67/100, Train Loss: 0.1996, Train Acc: 1.0000, Val Loss: 0.6400, Val Acc: 0.6957
INFO:train:Epoch 68/100, Train Loss: 0.1997, Train Acc: 1.0000, Val Loss: 0.6180, Val Acc: 0.6957
INFO:train:Epoch 69/100, Train Loss: 0.1996, Train Acc: 1.0000, Val Loss: 0.6332, Val Acc: 0.6957
INFO:train:Epoch 70/100, Train Loss: 0.1995, Train Acc: 1.0000, Val Loss: 0.6116, Val Acc: 0.6957
INFO:train:Epoch 71/100, Train Loss: 0.1995, Train Acc: 1.0000, Val Loss: 0.6308, Val Acc: 0.6957
INFO:train:Epoch 72/100, Train Loss: 0.1995, Train Acc: 1.0000, Val Loss: 0.6348, Val Acc: 0.6957
INFO:train:Epoch 73/100, Train Loss: 0.1994, Train Acc: 1.0000, Val Loss: 0.6108, Val Acc: 0.6957
INFO:train:Epoch 74/100, Train Loss: 0.1995, Train Acc: 1.0000, Val Loss: 0.6376, Val Acc: 0.6957
INFO:train:Epoch 75/100, Train Loss: 0.1995, Train Acc: 1.0000, Val Loss: 0.6423, Val Acc: 0.6957
INFO:train:Epoch 76/100, Train Loss: 0.1994, Train Acc: 1.0000, Val Loss: 0.6360, Val Acc: 0.6957
INFO:train:Epoch 77/100, Train Loss: 0.1995, Train Acc: 1.0000, Val Loss: 0.6342, Val Acc: 0.6957
INFO:train:Epoch 78/100, Train Loss: 0.1995, Train Acc: 1.0000, Val Loss: 0.6596, Val Acc: 0.6957
INFO:train:Epoch 79/100, Train Loss: 0.1995, Train Acc: 1.0000, Val Loss: 0.6746, Val Acc: 0.6522
INFO:train:Epoch 80/100, Train Loss: 0.1995, Train Acc: 1.0000, Val Loss: 0.6684, Val Acc: 0.6957
INFO:train:Epoch 81/100, Train Loss: 0.1994, Train Acc: 1.0000, Val Loss: 0.6499, Val Acc: 0.6957
INFO:train:Epoch 82/100, Train Loss: 0.1994, Train Acc: 1.0000, Val Loss: 0.6636, Val Acc: 0.6957
INFO:train:Epoch 83/100, Train Loss: 0.1994, Train Acc: 1.0000, Val Loss: 0.6717, Val Acc: 0.6957
INFO:train:Epoch 84/100, Train Loss: 0.1993, Train Acc: 1.0000, Val Loss: 0.6523, Val Acc: 0.6957
INFO:train:Epoch 85/100, Train Loss: 0.1993, Train Acc: 1.0000, Val Loss: 0.6644, Val Acc: 0.6957
INFO:train:Epoch 86/100, Train Loss: 0.1994, Train Acc: 1.0000, Val Loss: 0.6958, Val Acc: 0.6087
INFO:train:Epoch 87/100, Train Loss: 0.1994, Train Acc: 1.0000, Val Loss: 0.6848, Val Acc: 0.6522
INFO:train:Epoch 88/100, Train Loss: 0.1994, Train Acc: 1.0000, Val Loss: 0.6737, Val Acc: 0.6522
INFO:train:Epoch 89/100, Train Loss: 0.1993, Train Acc: 1.0000, Val Loss: 0.6639, Val Acc: 0.6522
INFO:train:Epoch 90/100, Train Loss: 0.1993, Train Acc: 1.0000, Val Loss: 0.6622, Val Acc: 0.6957
INFO:train:Epoch 91/100, Train Loss: 0.1994, Train Acc: 1.0000, Val Loss: 0.6697, Val Acc: 0.6522
INFO:train:Epoch 92/100, Train Loss: 0.1993, Train Acc: 1.0000, Val Loss: 0.6774, Val Acc: 0.6522
INFO:train:Epoch 93/100, Train Loss: 0.1993, Train Acc: 1.0000, Val Loss: 0.6682, Val Acc: 0.6522
INFO:train:Epoch 94/100, Train Loss: 0.1994, Train Acc: 1.0000, Val Loss: 0.6718, Val Acc: 0.6087
INFO:train:Epoch 95/100, Train Loss: 0.1992, Train Acc: 1.0000, Val Loss: 0.6832, Val Acc: 0.6522
INFO:train:Epoch 96/100, Train Loss: 0.1992, Train Acc: 1.0000, Val Loss: 0.6931, Val Acc: 0.5652
INFO:train:Epoch 97/100, Train Loss: 0.1993, Train Acc: 1.0000, Val Loss: 0.6889, Val Acc: 0.6087
INFO:train:Epoch 98/100, Train Loss: 0.1992, Train Acc: 1.0000, Val Loss: 0.6823, Val Acc: 0.6522
INFO:train:Epoch 99/100, Train Loss: 0.1992, Train Acc: 1.0000, Val Loss: 0.6945, Val Acc: 0.5652
INFO:train:Epoch 100/100, Train Loss: 0.1992, Train Acc: 1.0000, Val Loss: 0.6883, Val Acc: 0.6087
INFO:plot:Saving attention map to: figures/model_accuracy.png
INFO:__main__:Total time taken to train the model: 150.57s
INFO:__main__:train accuracy: 52 / 64
INFO:plot:Saving cofusion matrix map to: figures/train_confusion_matrix.png
INFO:__main__:train accuracy: 47 / 64
INFO:plot:Saving cofusion matrix map to: figures/train_confusion_matrix.png
INFO:__main__:train accuracy: 53 / 64
INFO:plot:Saving cofusion matrix map to: figures/train_confusion_matrix.png
INFO:__main__:train accuracy: 50 / 64
INFO:plot:Saving cofusion matrix map to: figures/train_confusion_matrix.png
INFO:__main__:train accuracy: 54 / 64
INFO:plot:Saving cofusion matrix map to: figures/train_confusion_matrix.png
INFO:__main__:train accuracy: 52 / 64
INFO:plot:Saving cofusion matrix map to: figures/train_confusion_matrix.png
INFO:__main__:train accuracy: 49 / 64
INFO:plot:Saving cofusion matrix map to: figures/train_confusion_matrix.png
INFO:__main__:train accuracy: 53 / 64
INFO:plot:Saving cofusion matrix map to: figures/train_confusion_matrix.png
INFO:__main__:train accuracy: 54 / 64
INFO:plot:Saving cofusion matrix map to: figures/train_confusion_matrix.png
INFO:__main__:train accuracy: 51 / 64
INFO:plot:Saving cofusion matrix map to: figures/train_confusion_matrix.png
INFO:__main__:train accuracy: 57 / 64
INFO:plot:Saving cofusion matrix map to: figures/train_confusion_matrix.png
INFO:__main__:train accuracy: 51 / 64
INFO:plot:Saving cofusion matrix map to: figures/train_confusion_matrix.png
INFO:__main__:train accuracy: 51 / 64
INFO:plot:Saving cofusion matrix map to: figures/train_confusion_matrix.png
INFO:__main__:train accuracy: 50 / 64
INFO:plot:Saving cofusion matrix map to: figures/train_confusion_matrix.png
INFO:__main__:train accuracy: 48 / 64
INFO:plot:Saving cofusion matrix map to: figures/train_confusion_matrix.png
INFO:__main__:train accuracy: 50 / 64
INFO:plot:Saving cofusion matrix map to: figures/train_confusion_matrix.png
INFO:__main__:train accuracy: 54 / 64
INFO:plot:Saving cofusion matrix map to: figures/train_confusion_matrix.png
INFO:__main__:train accuracy: 29 / 34
INFO:plot:Saving cofusion matrix map to: figures/train_confusion_matrix.png
INFO:__main__:validation accuracy: 14 / 23
INFO:plot:Saving cofusion matrix map to: figures/validation_confusion_matrix.png
INFO:__main__:test accuracy: 21 / 24
INFO:plot:Saving cofusion matrix map to: figures/test_confusion_matrix.png
INFO:plot:Saving attention map to: figures/encoder_attention_map.png
INFO:plot:Saving attention map to: figures/decoder_attention_map.png
