INFO:__main__:Reading the dataset: fish oil
INFO:__main__:model: Transformer(
  (encoder): Encoder(
    (layers): ModuleList(
      (0-2): 3 x EncoderLayer(
        (self_attention): MultiHeadAttention(
          (query): Linear(in_features=1023, out_features=1023, bias=True)
          (key): Linear(in_features=1023, out_features=1023, bias=True)
          (value): Linear(in_features=1023, out_features=1023, bias=True)
          (fc_out): Linear(in_features=1023, out_features=1023, bias=True)
        )
        (feed_forward): FeedForward(
          (fc1): Linear(in_features=1023, out_features=128, bias=True)
          (fc2): Linear(in_features=128, out_features=1023, bias=True)
          (dropout): Dropout(p=0.2, inplace=False)
        )
        (norm1): LayerNorm((1023,), eps=1e-05, elementwise_affine=True)
        (norm2): LayerNorm((1023,), eps=1e-05, elementwise_affine=True)
        (dropout1): Dropout(p=0.2, inplace=False)
        (dropout2): Dropout(p=0.2, inplace=False)
      )
    )
  )
  (decoder): Decoder(
    (layers): ModuleList(
      (0-2): 3 x DecoderLayer(
        (self_attention): MultiHeadAttention(
          (query): Linear(in_features=1023, out_features=1023, bias=True)
          (key): Linear(in_features=1023, out_features=1023, bias=True)
          (value): Linear(in_features=1023, out_features=1023, bias=True)
          (fc_out): Linear(in_features=1023, out_features=1023, bias=True)
        )
        (cross_attention): MultiHeadAttention(
          (query): Linear(in_features=1023, out_features=1023, bias=True)
          (key): Linear(in_features=1023, out_features=1023, bias=True)
          (value): Linear(in_features=1023, out_features=1023, bias=True)
          (fc_out): Linear(in_features=1023, out_features=1023, bias=True)
        )
        (feed_forward): FeedForward(
          (fc1): Linear(in_features=1023, out_features=128, bias=True)
          (fc2): Linear(in_features=128, out_features=1023, bias=True)
          (dropout): Dropout(p=0.2, inplace=False)
        )
        (norm1): LayerNorm((1023,), eps=1e-05, elementwise_affine=True)
        (norm2): LayerNorm((1023,), eps=1e-05, elementwise_affine=True)
        (norm3): LayerNorm((1023,), eps=1e-05, elementwise_affine=True)
        (dropout1): Dropout(p=0.2, inplace=False)
        (dropout2): Dropout(p=0.2, inplace=False)
        (dropout3): Dropout(p=0.2, inplace=False)
      )
    )
  )
  (fc): Linear(in_features=1023, out_features=1023, bias=True)
)
INFO:__main__:Pre-training the network: Masked Spectra Modelling
INFO:pre_training:Epoch [1/100], Loss: 0.0962, Val: 0.0079
INFO:pre_training:Epoch [2/100], Loss: 0.0856, Val: 0.0074
INFO:pre_training:Epoch [3/100], Loss: 0.0799, Val: 0.0067
INFO:pre_training:Epoch [4/100], Loss: 0.0756, Val: 0.0064
INFO:pre_training:Epoch [5/100], Loss: 0.0719, Val: 0.0059
INFO:pre_training:Epoch [6/100], Loss: 0.0688, Val: 0.0056
INFO:pre_training:Epoch [7/100], Loss: 0.0652, Val: 0.0057
INFO:pre_training:Epoch [8/100], Loss: 0.0620, Val: 0.0051
INFO:pre_training:Epoch [9/100], Loss: 0.0598, Val: 0.0047
INFO:pre_training:Epoch [10/100], Loss: 0.0570, Val: 0.0046
INFO:pre_training:Epoch [11/100], Loss: 0.0548, Val: 0.0043
INFO:pre_training:Epoch [12/100], Loss: 0.0524, Val: 0.0041
INFO:pre_training:Epoch [13/100], Loss: 0.0506, Val: 0.0038
INFO:pre_training:Epoch [14/100], Loss: 0.0485, Val: 0.0037
INFO:pre_training:Epoch [15/100], Loss: 0.0469, Val: 0.0038
INFO:pre_training:Epoch [16/100], Loss: 0.0456, Val: 0.0036
INFO:pre_training:Epoch [17/100], Loss: 0.0447, Val: 0.0036
INFO:pre_training:Epoch [18/100], Loss: 0.0434, Val: 0.0035
INFO:pre_training:Epoch [19/100], Loss: 0.0424, Val: 0.0034
INFO:pre_training:Epoch [20/100], Loss: 0.0416, Val: 0.0033
INFO:pre_training:Epoch [21/100], Loss: 0.0409, Val: 0.0033
INFO:pre_training:Epoch [22/100], Loss: 0.0402, Val: 0.0033
INFO:pre_training:Epoch [23/100], Loss: 0.0393, Val: 0.0032
INFO:pre_training:Epoch [24/100], Loss: 0.0386, Val: 0.0031
INFO:pre_training:Epoch [25/100], Loss: 0.0379, Val: 0.0033
INFO:pre_training:Epoch [26/100], Loss: 0.0373, Val: 0.0035
INFO:pre_training:Epoch [27/100], Loss: 0.0369, Val: 0.0029
INFO:pre_training:Epoch [28/100], Loss: 0.0363, Val: 0.0030
INFO:pre_training:Epoch [29/100], Loss: 0.0355, Val: 0.0030
INFO:pre_training:Epoch [30/100], Loss: 0.0350, Val: 0.0029
INFO:pre_training:Epoch [31/100], Loss: 0.0347, Val: 0.0028
INFO:pre_training:Epoch [32/100], Loss: 0.0343, Val: 0.0028
INFO:pre_training:Epoch [33/100], Loss: 0.0338, Val: 0.0029
INFO:pre_training:Epoch [34/100], Loss: 0.0332, Val: 0.0028
INFO:pre_training:Epoch [35/100], Loss: 0.0329, Val: 0.0029
INFO:pre_training:Epoch [36/100], Loss: 0.0324, Val: 0.0028
INFO:pre_training:Epoch [37/100], Loss: 0.0319, Val: 0.0031
INFO:pre_training:Epoch [38/100], Loss: 0.0316, Val: 0.0027
INFO:pre_training:Epoch [39/100], Loss: 0.0312, Val: 0.0026
INFO:pre_training:Epoch [40/100], Loss: 0.0308, Val: 0.0026
INFO:pre_training:Epoch [41/100], Loss: 0.0304, Val: 0.0027
INFO:pre_training:Epoch [42/100], Loss: 0.0301, Val: 0.0032
INFO:pre_training:Epoch [43/100], Loss: 0.0296, Val: 0.0025
INFO:pre_training:Epoch [44/100], Loss: 0.0291, Val: 0.0025
INFO:pre_training:Epoch [45/100], Loss: 0.0290, Val: 0.0025
INFO:pre_training:Epoch [46/100], Loss: 0.0288, Val: 0.0025
INFO:pre_training:Epoch [47/100], Loss: 0.0284, Val: 0.0026
INFO:pre_training:Epoch [48/100], Loss: 0.0281, Val: 0.0024
INFO:pre_training:Epoch [49/100], Loss: 0.0278, Val: 0.0024
INFO:pre_training:Epoch [50/100], Loss: 0.0276, Val: 0.0025
INFO:pre_training:Epoch [51/100], Loss: 0.0270, Val: 0.0025
INFO:pre_training:Epoch [52/100], Loss: 0.0268, Val: 0.0025
INFO:pre_training:Epoch [53/100], Loss: 0.0265, Val: 0.0024
INFO:pre_training:Epoch [54/100], Loss: 0.0264, Val: 0.0025
INFO:pre_training:Epoch [55/100], Loss: 0.0262, Val: 0.0023
INFO:pre_training:Epoch [56/100], Loss: 0.0258, Val: 0.0023
INFO:pre_training:Epoch [57/100], Loss: 0.0255, Val: 0.0024
INFO:pre_training:Epoch [58/100], Loss: 0.0254, Val: 0.0023
INFO:pre_training:Epoch [59/100], Loss: 0.0252, Val: 0.0023
INFO:pre_training:Epoch [60/100], Loss: 0.0248, Val: 0.0022
INFO:pre_training:Epoch [61/100], Loss: 0.0248, Val: 0.0023
INFO:pre_training:Epoch [62/100], Loss: 0.0244, Val: 0.0023
INFO:pre_training:Epoch [63/100], Loss: 0.0241, Val: 0.0022
INFO:pre_training:Epoch [64/100], Loss: 0.0239, Val: 0.0022
INFO:pre_training:Epoch [65/100], Loss: 0.0236, Val: 0.0023
INFO:pre_training:Epoch [66/100], Loss: 0.0235, Val: 0.0021
INFO:pre_training:Epoch [67/100], Loss: 0.0233, Val: 0.0022
INFO:pre_training:Epoch [68/100], Loss: 0.0231, Val: 0.0021
INFO:pre_training:Epoch [69/100], Loss: 0.0229, Val: 0.0021
INFO:pre_training:Epoch [70/100], Loss: 0.0226, Val: 0.0021
INFO:pre_training:Epoch [71/100], Loss: 0.0226, Val: 0.0022
INFO:pre_training:Epoch [72/100], Loss: 0.0222, Val: 0.0021
INFO:pre_training:Epoch [73/100], Loss: 0.0221, Val: 0.0022
INFO:pre_training:Epoch [74/100], Loss: 0.0218, Val: 0.0022
INFO:pre_training:Epoch [75/100], Loss: 0.0217, Val: 0.0022
INFO:pre_training:Epoch [76/100], Loss: 0.0216, Val: 0.0022
INFO:pre_training:Epoch [77/100], Loss: 0.0213, Val: 0.0021
INFO:pre_training:Epoch [78/100], Loss: 0.0212, Val: 0.0021
INFO:pre_training:Epoch [79/100], Loss: 0.0210, Val: 0.0022
INFO:pre_training:Epoch [80/100], Loss: 0.0208, Val: 0.0020
INFO:pre_training:Epoch [81/100], Loss: 0.0206, Val: 0.0020
INFO:pre_training:Epoch [82/100], Loss: 0.0204, Val: 0.0020
INFO:pre_training:Epoch [83/100], Loss: 0.0203, Val: 0.0020
INFO:pre_training:Epoch [84/100], Loss: 0.0201, Val: 0.0021
INFO:pre_training:Epoch [85/100], Loss: 0.0201, Val: 0.0022
INFO:pre_training:Epoch [86/100], Loss: 0.0199, Val: 0.0020
INFO:pre_training:Epoch [87/100], Loss: 0.0197, Val: 0.0020
INFO:pre_training:Epoch [88/100], Loss: 0.0196, Val: 0.0019
INFO:pre_training:Epoch [89/100], Loss: 0.0193, Val: 0.0020
INFO:pre_training:Epoch [90/100], Loss: 0.0193, Val: 0.0021
INFO:pre_training:Epoch [91/100], Loss: 0.0191, Val: 0.0021
INFO:pre_training:Epoch [92/100], Loss: 0.0189, Val: 0.0019
INFO:pre_training:Epoch [93/100], Loss: 0.0187, Val: 0.0019
INFO:pre_training:Epoch [94/100], Loss: 0.0186, Val: 0.0019
INFO:pre_training:Epoch [95/100], Loss: 0.0185, Val: 0.0019
INFO:pre_training:Epoch [96/100], Loss: 0.0184, Val: 0.0019
INFO:pre_training:Epoch [97/100], Loss: 0.0182, Val: 0.0019
INFO:pre_training:Epoch [98/100], Loss: 0.0181, Val: 0.0020
INFO:pre_training:Epoch [99/100], Loss: 0.0179, Val: 0.0018
INFO:pre_training:Epoch [100/100], Loss: 0.0177, Val: 0.0020
INFO:__main__:Total time taken to pre-train the model: 86.29s
INFO:__main__:model: Transformer(
  (encoder): Encoder(
    (layers): ModuleList(
      (0-2): 3 x EncoderLayer(
        (self_attention): MultiHeadAttention(
          (query): Linear(in_features=1023, out_features=1023, bias=True)
          (key): Linear(in_features=1023, out_features=1023, bias=True)
          (value): Linear(in_features=1023, out_features=1023, bias=True)
          (fc_out): Linear(in_features=1023, out_features=1023, bias=True)
        )
        (feed_forward): FeedForward(
          (fc1): Linear(in_features=1023, out_features=128, bias=True)
          (fc2): Linear(in_features=128, out_features=1023, bias=True)
          (dropout): Dropout(p=0.2, inplace=False)
        )
        (norm1): LayerNorm((1023,), eps=1e-05, elementwise_affine=True)
        (norm2): LayerNorm((1023,), eps=1e-05, elementwise_affine=True)
        (dropout1): Dropout(p=0.2, inplace=False)
        (dropout2): Dropout(p=0.2, inplace=False)
      )
    )
  )
  (decoder): Decoder(
    (layers): ModuleList(
      (0-2): 3 x DecoderLayer(
        (self_attention): MultiHeadAttention(
          (query): Linear(in_features=1023, out_features=1023, bias=True)
          (key): Linear(in_features=1023, out_features=1023, bias=True)
          (value): Linear(in_features=1023, out_features=1023, bias=True)
          (fc_out): Linear(in_features=1023, out_features=1023, bias=True)
        )
        (cross_attention): MultiHeadAttention(
          (query): Linear(in_features=1023, out_features=1023, bias=True)
          (key): Linear(in_features=1023, out_features=1023, bias=True)
          (value): Linear(in_features=1023, out_features=1023, bias=True)
          (fc_out): Linear(in_features=1023, out_features=1023, bias=True)
        )
        (feed_forward): FeedForward(
          (fc1): Linear(in_features=1023, out_features=128, bias=True)
          (fc2): Linear(in_features=128, out_features=1023, bias=True)
          (dropout): Dropout(p=0.2, inplace=False)
        )
        (norm1): LayerNorm((1023,), eps=1e-05, elementwise_affine=True)
        (norm2): LayerNorm((1023,), eps=1e-05, elementwise_affine=True)
        (norm3): LayerNorm((1023,), eps=1e-05, elementwise_affine=True)
        (dropout1): Dropout(p=0.2, inplace=False)
        (dropout2): Dropout(p=0.2, inplace=False)
        (dropout3): Dropout(p=0.2, inplace=False)
      )
    )
  )
  (fc): Linear(in_features=1023, out_features=7, bias=True)
)
INFO:__main__:Training the network
INFO:train:Epoch 1/100, Train Loss: 1.9450, Train Acc: 0.1650, Val Loss: 1.9434, Val Acc: 0.3077
INFO:train:Epoch 2/100, Train Loss: 1.9371, Train Acc: 0.3817, Val Loss: 1.9315, Val Acc: 0.2308
INFO:train:Epoch 3/100, Train Loss: 1.9130, Train Acc: 0.3983, Val Loss: 1.8922, Val Acc: 0.2308
INFO:train:Epoch 4/100, Train Loss: 1.8556, Train Acc: 0.4383, Val Loss: 1.8060, Val Acc: 0.2692
INFO:train:Epoch 5/100, Train Loss: 1.7404, Train Acc: 0.4133, Val Loss: 1.7119, Val Acc: 0.2692
INFO:train:Epoch 6/100, Train Loss: 1.6401, Train Acc: 0.3700, Val Loss: 1.7113, Val Acc: 0.3077
INFO:train:Epoch 7/100, Train Loss: 1.5800, Train Acc: 0.3850, Val Loss: 1.6749, Val Acc: 0.2692
INFO:train:Epoch 8/100, Train Loss: 1.5215, Train Acc: 0.4833, Val Loss: 1.6277, Val Acc: 0.2692
INFO:train:Epoch 9/100, Train Loss: 1.4524, Train Acc: 0.5617, Val Loss: 1.5901, Val Acc: 0.3462
INFO:train:Epoch 10/100, Train Loss: 1.3599, Train Acc: 0.5950, Val Loss: 1.5255, Val Acc: 0.4615
INFO:train:Epoch 11/100, Train Loss: 1.2554, Train Acc: 0.6483, Val Loss: 1.4640, Val Acc: 0.4231
INFO:train:Epoch 12/100, Train Loss: 1.1483, Train Acc: 0.7083, Val Loss: 1.4346, Val Acc: 0.4231
INFO:train:Epoch 13/100, Train Loss: 1.0476, Train Acc: 0.7333, Val Loss: 1.4398, Val Acc: 0.5000
INFO:train:Epoch 14/100, Train Loss: 0.9607, Train Acc: 0.8000, Val Loss: 1.4560, Val Acc: 0.5385
INFO:train:Epoch 15/100, Train Loss: 0.9068, Train Acc: 0.8717, Val Loss: 1.5032, Val Acc: 0.5000
INFO:train:Epoch 16/100, Train Loss: 0.8610, Train Acc: 0.9617, Val Loss: 1.5082, Val Acc: 0.4231
INFO:train:Epoch 17/100, Train Loss: 0.8314, Train Acc: 0.9850, Val Loss: 1.5452, Val Acc: 0.3846
INFO:train:Epoch 18/100, Train Loss: 0.8141, Train Acc: 0.9883, Val Loss: 1.5766, Val Acc: 0.4231
INFO:train:Epoch 19/100, Train Loss: 0.7932, Train Acc: 0.9917, Val Loss: 1.5482, Val Acc: 0.4231
INFO:train:Epoch 20/100, Train Loss: 0.7820, Train Acc: 0.9967, Val Loss: 1.5442, Val Acc: 0.3462
INFO:train:Epoch 21/100, Train Loss: 0.7702, Train Acc: 0.9950, Val Loss: 1.5174, Val Acc: 0.4615
INFO:train:Epoch 22/100, Train Loss: 0.7577, Train Acc: 1.0000, Val Loss: 1.5166, Val Acc: 0.4231
INFO:train:Epoch 23/100, Train Loss: 0.7517, Train Acc: 0.9967, Val Loss: 1.5140, Val Acc: 0.4231
INFO:train:Epoch 24/100, Train Loss: 0.7410, Train Acc: 1.0000, Val Loss: 1.5409, Val Acc: 0.4231
INFO:train:Epoch 25/100, Train Loss: 0.7285, Train Acc: 1.0000, Val Loss: 1.5925, Val Acc: 0.3846
INFO:train:Epoch 26/100, Train Loss: 0.7118, Train Acc: 1.0000, Val Loss: 1.6174, Val Acc: 0.4615
INFO:train:Epoch 27/100, Train Loss: 0.6972, Train Acc: 1.0000, Val Loss: 1.5873, Val Acc: 0.3846
INFO:train:Epoch 28/100, Train Loss: 0.6753, Train Acc: 1.0000, Val Loss: 1.6297, Val Acc: 0.4231
INFO:train:Epoch 29/100, Train Loss: 0.6533, Train Acc: 1.0000, Val Loss: 1.6647, Val Acc: 0.4231
INFO:train:Epoch 30/100, Train Loss: 0.6315, Train Acc: 1.0000, Val Loss: 1.7184, Val Acc: 0.3846
INFO:train:Epoch 31/100, Train Loss: 0.6082, Train Acc: 1.0000, Val Loss: 1.7664, Val Acc: 0.3462
INFO:train:Epoch 32/100, Train Loss: 0.5885, Train Acc: 1.0000, Val Loss: 1.8000, Val Acc: 0.3846
INFO:train:Early stopping
INFO:plot:Saving attention map to: figures/model_accuracy.png
INFO:__main__:Total time taken to train the model: 31.51s
INFO:__main__:train got 64 / 64 correct, accuracy: 1.0
INFO:plot:Saving cofusion matrix map to: figures/train_confusion_matrix.png
INFO:__main__:train got 64 / 64 correct, accuracy: 1.0
INFO:plot:Saving cofusion matrix map to: figures/train_confusion_matrix.png
INFO:__main__:train got 64 / 64 correct, accuracy: 1.0
INFO:plot:Saving cofusion matrix map to: figures/train_confusion_matrix.png
INFO:__main__:train got 64 / 64 correct, accuracy: 1.0
INFO:plot:Saving cofusion matrix map to: figures/train_confusion_matrix.png
INFO:__main__:train got 64 / 64 correct, accuracy: 1.0
INFO:plot:Saving cofusion matrix map to: figures/train_confusion_matrix.png
INFO:__main__:train got 64 / 64 correct, accuracy: 1.0
INFO:plot:Saving cofusion matrix map to: figures/train_confusion_matrix.png
INFO:__main__:train got 64 / 64 correct, accuracy: 1.0
INFO:plot:Saving cofusion matrix map to: figures/train_confusion_matrix.png
INFO:__main__:train got 64 / 64 correct, accuracy: 1.0
INFO:plot:Saving cofusion matrix map to: figures/train_confusion_matrix.png
INFO:__main__:train got 64 / 64 correct, accuracy: 1.0
INFO:plot:Saving cofusion matrix map to: figures/train_confusion_matrix.png
INFO:__main__:train got 24 / 24 correct, accuracy: 1.0
INFO:plot:Saving cofusion matrix map to: figures/train_confusion_matrix.png
INFO:__main__:Total time taken evaluate on train set the model: 1.62s
INFO:__main__:validation got 11 / 26 correct, accuracy: 0.4230769230769231
INFO:plot:Saving cofusion matrix map to: figures/validation_confusion_matrix.png
INFO:__main__:Total time taken evaluate on validation set the model: 0.16s
INFO:plot:Saving attention map to: figures/encoder_attention_map.png
INFO:plot:Saving attention map to: figures/decoder_attention_map.png
