INFO:data:Reading dataset fish: part
INFO:data:Class Counts: [6 6 3 6 6 3], Class Ratios: [0.2 0.2 0.1 0.2 0.2 0.1]
INFO:data:Number of features: 1023
INFO:data:Number of instances: 30
INFO:data:Number of classes 6.
INFO:__main__:No model found. Train from scratch.
INFO:gp:   	      	                             fitness                             	                      size                     
   	      	-----------------------------------------------------------------	-----------------------------------------------
gen	nevals	avg   	gen	max     	min      	nevals	std      	avg    	gen	max	min	nevals	std    
0  	1023  	0.2325	0  	0.478004	0.0983279	1023  	0.0726525	4.59433	0  	7  	2  	1023  	1.43706
INFO:gp:1  	795   	0.322017	1  	0.542061	0.124408 	795   	0.0672626	4.64712	1  	11 	2  	795   	1.498  
INFO:gp:2  	797   	0.378958	2  	0.562758	0.184373 	797   	0.0645764	4.68524	2  	11 	2  	797   	1.5446 
INFO:gp:3  	773   	0.420196	3  	0.578687	0.157204 	773   	0.0696747	4.33138	3  	11 	2  	773   	1.49704
INFO:gp:4  	774   	0.455413	4  	0.596242	0.161109 	774   	0.0730476	4.17693	4  	12 	2  	774   	1.47676
INFO:gp:5  	778   	0.489957	5  	0.635222	0.189409 	778   	0.0751779	3.93451	5  	10 	2  	778   	1.49048
INFO:gp:6  	783   	0.518394	6  	0.647389	0.207527 	783   	0.0722687	4.06452	6  	9  	2  	783   	1.58984
INFO:gp:7  	754   	0.542761	7  	0.671546	0.240128 	754   	0.0687993	4.39785	7  	9  	2  	754   	1.72812
INFO:gp:8  	760   	0.558232	8  	0.671546	0.228921 	760   	0.0762199	5.08602	8  	13 	2  	760   	1.79072
INFO:gp:9  	803   	0.57381 	9  	0.678607	0.16804  	803   	0.076879 	5.49853	9  	13 	2  	803   	1.78725
INFO:gp:10 	800   	0.599315	10 	0.704993	0.205399 	800   	0.0727795	5.56207	10 	13 	2  	800   	1.88211
INFO:gp:11 	770   	0.622114	11 	0.73579 	0.315684 	770   	0.067286 	5.60215	11 	12 	2  	770   	1.9885 
INFO:gp:12 	788   	0.637194	12 	0.73579 	0.356691 	788   	0.0670356	5.55718	12 	12 	2  	788   	2.01519
INFO:gp:13 	757   	0.654939	13 	0.745064	0.374018 	757   	0.0663003	6.00098	13 	12 	2  	757   	1.97516
INFO:gp:14 	784   	0.671149	14 	0.781129	0.318946 	784   	0.0697602	6.89932	14 	12 	2  	784   	1.44655
INFO:gp:15 	779   	0.686794	15 	0.782387	0.327383 	779   	0.064404 	6.89834	15 	11 	2  	779   	1.35686
INFO:gp:16 	809   	0.694722	16 	0.800864	0.452939 	809   	0.0666448	7.23167	16 	15 	3  	809   	1.0417 
INFO:gp:17 	795   	0.699876	17 	0.802129	0.358888 	795   	0.0741203	7.54252	17 	14 	3  	795   	1.20438
INFO:gp:18 	772   	0.70595 	18 	0.802129	0.363377 	772   	0.0824847	7.58651	18 	13 	3  	772   	1.16317
INFO:gp:19 	781   	0.721705	19 	0.802129	0.293287 	781   	0.0839087	7.38319	19 	14 	5  	781   	0.97063
INFO:gp:20 	773   	0.723965	20 	0.803533	0.340403 	773   	0.0909939	7.31281	20 	13 	5  	773   	0.859597
INFO:gp:21 	756   	0.732751	21 	0.803533	0.385938 	756   	0.0920685	7.261  	21 	13 	5  	756   	0.814887
INFO:gp:22 	787   	0.741145	22 	0.80374 	0.372487 	787   	0.0890502	7.23069	22 	14 	5  	787   	0.775704
INFO:gp:23 	765   	0.745476	23 	0.825099	0.328841 	765   	0.0853267	7.19062	23 	13 	5  	765   	0.792086
INFO:gp:24 	725   	0.750621	24 	0.825099	0.397314 	725   	0.0813103	7.19941	24 	11 	5  	725   	0.727426
INFO:gp:25 	749   	0.757753	25 	0.825099	0.34774  	749   	0.07678  	7.13685	25 	13 	5  	749   	0.743062
INFO:gp:26 	770   	0.752293	26 	0.825099	0.392403 	770   	0.0835208	7.09286	26 	12 	4  	770   	0.71308 
INFO:gp:27 	776   	0.754802	27 	0.827175	0.433277 	776   	0.0831066	7.0958 	27 	13 	5  	776   	0.647283
INFO:gp:28 	778   	0.759222	28 	0.82737 	0.372536 	778   	0.0850409	7.14174	28 	12 	5  	778   	0.7674  
INFO:gp:29 	775   	0.762465	29 	0.827612	0.348557 	775   	0.0891468	7.18671	29 	13 	5  	775   	0.766694
INFO:gp:30 	768   	0.763452	30 	0.827612	0.402843 	768   	0.0893636	7.22678	30 	13 	5  	768   	0.830378
INFO:gp:31 	763   	0.768635	31 	0.827808	0.312438 	763   	0.0872073	7.26002	31 	14 	5  	763   	0.940474
INFO:gp:32 	767   	0.767162	32 	0.827808	0.376667 	767   	0.0928578	7.39003	32 	14 	5  	767   	1.15697 
INFO:gp:33 	795   	0.771973	33 	0.827808	0.353515 	795   	0.0893708	7.41838	33 	15 	3  	795   	1.15001 
INFO:gp:34 	778   	0.769767	34 	0.828089	0.379559 	778   	0.0933676	7.60215	34 	17 	5  	778   	1.11555 
INFO:gp:35 	780   	0.773375	35 	0.828378	0.379614 	780   	0.0904763	7.78886	35 	14 	5  	780   	1.1833  
INFO:gp:36 	791   	0.774695	36 	0.828501	0.394006 	791   	0.0874433	7.87781	36 	15 	5  	791   	1.42788 
INFO:gp:37 	772   	0.771463	37 	0.828501	0.315008 	772   	0.089786 	8.02835	37 	15 	6  	772   	1.59856 
INFO:gp:38 	807   	0.767164	38 	0.846351	0.390936 	807   	0.0936826	8.54936	38 	15 	7  	807   	1.70252 
INFO:gp:39 	777   	0.775431	39 	0.846351	0.42507  	777   	0.0872257	9.52688	39 	21 	7  	777   	2.06469 
INFO:gp:40 	779   	0.769894	40 	0.84766 	0.388781 	779   	0.0906878	9.53372	40 	19 	6  	779   	2.2586  
INFO:gp:41 	768   	0.77875 	41 	0.84766 	0.387941 	768   	0.0870824	8.69599	41 	19 	6  	768   	2.24293 
INFO:gp:42 	758   	0.781535	42 	0.866648	0.395181 	758   	0.0936794	8.24438	42 	19 	6  	758   	1.82545 
INFO:gp:43 	738   	0.789199	43 	0.866648	0.360463 	738   	0.09119  	8.15445	43 	17 	6  	738   	1.70893 
INFO:gp:44 	780   	0.786181	44 	0.866648	0.287903 	780   	0.0959001	8.7654 	44 	17 	7  	780   	2.02952 
INFO:gp:45 	785   	0.785712	45 	0.867255	0.355015 	785   	0.0969657	9.18573	45 	23 	7  	785   	1.98497 
INFO:gp:46 	778   	0.791228	46 	0.867659	0.429705 	778   	0.0949775	9.70772	46 	22 	7  	778   	2.16919 
INFO:gp:47 	761   	0.799519	47 	0.867659	0.455423 	761   	0.0948655	9.58456	47 	20 	7  	761   	1.84079 
INFO:gp:48 	782   	0.800222	48 	0.867659	0.415861 	782   	0.0949363	9.3001 	48 	20 	7  	782   	1.4527  
INFO:gp:49 	789   	0.800337	49 	0.867659	0.455582 	789   	0.0963619	9.27175	49 	20 	7  	789   	1.29608 
INFO:gp:50 	762   	0.800915	50 	0.867659	0.38059  	762   	0.0945814	9.25709	50 	20 	7  	762   	1.32256 
INFO:gp:51 	780   	0.799158	51 	0.867659	0.416744 	780   	0.0969879	9.20919	51 	20 	4  	780   	1.25343 
INFO:gp:52 	766   	0.802833	52 	0.867659	0.385035 	766   	0.0965554	9.17595	52 	20 	6  	766   	1.13262 
INFO:gp:53 	770   	0.801312	53 	0.86766 	0.388855 	770   	0.0951736	9.18964	53 	20 	5  	770   	1.22662 
INFO:gp:54 	766   	0.801539	54 	0.86766 	0.367094 	766   	0.0947151	9.10264	54 	15 	7  	766   	0.836732
INFO:gp:55 	787   	0.800884	55 	0.86766 	0.410192 	787   	0.0947957	9.13783	55 	15 	7  	787   	1.12101 
INFO:gp:56 	769   	0.804279	56 	0.867972	0.327029 	769   	0.096264 	9.16325	56 	16 	7  	769   	1.03683 
INFO:gp:57 	763   	0.805504	57 	0.867972	0.235905 	763   	0.0922265	9.13392	57 	15 	6  	763   	0.975082
INFO:gp:58 	763   	0.802673	58 	0.86812 	0.379978 	763   	0.0954267	9.19746	58 	15 	7  	763   	1.06123 
INFO:gp:59 	777   	0.801679	59 	0.86812 	0.26669  	777   	0.0945117	9.45748	59 	15 	7  	777   	1.48169 
INFO:gp:60 	771   	0.801909	60 	0.86812 	0.341572 	771   	0.096833 	9.74291	60 	21 	6  	771   	1.85004 
INFO:gp:61 	781   	0.803129	61 	0.86812 	0.466116 	781   	0.0932924	10.2933	61 	19 	7  	781   	2.31743 
INFO:gp:62 	774   	0.807045	62 	0.86812 	0.368993 	774   	0.0928667	10.3842	62 	21 	7  	774   	2.40723 
INFO:gp:63 	770   	0.800846	63 	0.868334	0.328687 	770   	0.097848 	11.0244	63 	28 	7  	770   	2.88089 
INFO:gp:64 	757   	0.802688	64 	0.868334	0.438866 	757   	0.0946816	12.3324	64 	27 	7  	757   	3.14849 
INFO:gp:65 	745   	0.805429	65 	0.868334	0.39014  	745   	0.0965681	13.7986	65 	27 	7  	745   	2.61892 
INFO:gp:66 	792   	0.800413	66 	0.868408	0.42736  	792   	0.0971728	13.7996	66 	21 	7  	792   	2.50862 
INFO:gp:67 	764   	0.814196	67 	0.868478	0.404268 	764   	0.0860512	12.9892	67 	27 	7  	764   	2.95864 
INFO:gp:68 	801   	0.813432	68 	0.868478	0.44269  	801   	0.0862286	11.5112	68 	21 	7  	801   	2.58683 
INFO:gp:69 	778   	0.809905	69 	0.868478	0.434343 	778   	0.089916 	11.2405	69 	21 	7  	778   	2.26772 
INFO:gp:70 	795   	0.806635	70 	0.868478	0.456329 	795   	0.0917791	12.6579	70 	21 	9  	795   	2.61888 
INFO:gp:71 	747   	0.809423	71 	0.868974	0.405246 	747   	0.0880619	14.129 	71 	27 	9  	747   	2.23212 
INFO:gp:72 	770   	0.810938	72 	0.868974	0.334687 	770   	0.0894924	14.7625	72 	27 	9  	770   	1.88405 
INFO:gp:73 	794   	0.804099	73 	0.868974	0.405549 	794   	0.0926216	14.9159	73 	27 	9  	794   	1.5635  
INFO:gp:74 	797   	0.815081	74 	0.86899 	0.428839 	797   	0.0860606	14.9609	74 	27 	9  	797   	1.70573 
INFO:gp:75 	782   	0.805869	75 	0.86899 	0.384092 	782   	0.0952443	14.9932	75 	27 	9  	782   	1.37601 
INFO:gp:76 	771   	0.80668 	76 	0.868997	0.245914 	771   	0.0936758	15.1544	76 	27 	10 	771   	1.36912 
INFO:gp:77 	771   	0.805411	77 	0.869049	0.382901 	771   	0.0932635	15.2414	77 	27 	9  	771   	1.54039 
INFO:gp:78 	782   	0.811301	78 	0.869049	0.463423 	782   	0.0906617	15.3705	78 	29 	9  	782   	1.63795 
INFO:gp:79 	772   	0.810034	79 	0.869451	0.426736 	772   	0.0942395	15.3451	79 	27 	11 	772   	1.48343 
INFO:gp:80 	790   	0.808083	80 	0.869909	0.391847 	790   	0.0924452	15.4457	80 	27 	11 	790   	1.64574 
INFO:gp:81 	788   	0.80693 	81 	0.869914	0.419723 	788   	0.0907797	15.8368	81 	27 	13 	788   	2.0884  
INFO:gp:82 	758   	0.813347	82 	0.87007 	0.409946 	758   	0.0912694	16.5347	82 	28 	11 	758   	2.62601 
INFO:gp:83 	791   	0.813805	83 	0.87007 	0.438234 	791   	0.0873056	17.4194	83 	35 	11 	791   	3.46313 
INFO:gp:84 	775   	0.813374	84 	0.870357	0.427004 	775   	0.086785 	16.7879	84 	37 	9  	775   	3.04045 
INFO:gp:85 	770   	0.814492	85 	0.870357	0.343535 	770   	0.0851732	16.7224	85 	35 	13 	770   	2.53792 
INFO:gp:86 	778   	0.814324	86 	0.870387	0.423364 	778   	0.0904773	16.6334	86 	27 	12 	778   	2.30167 
INFO:gp:87 	798   	0.8085  	87 	0.870387	0.457478 	798   	0.0902002	16.3803	87 	27 	13 	798   	2.26605 
INFO:gp:88 	768   	0.804202	88 	0.870387	0.383275 	768   	0.0962071	16.9775	88 	29 	11 	768   	2.6364  
INFO:gp:89 	772   	0.805827	89 	0.870387	0.38818  	772   	0.0970708	18.0225	89 	27 	13 	772   	2.53894 
INFO:gp:90 	773   	0.813426	90 	0.870387	0.422712 	773   	0.0878784	19.4301	90 	36 	9  	773   	2.52935 
INFO:gp:91 	790   	0.810933	91 	0.87046 	0.410341 	790   	0.0939364	20.6266	91 	36 	15 	790   	2.91545 
INFO:gp:92 	779   	0.812337	92 	0.87046 	0.385066 	779   	0.0931394	21.6794	92 	37 	15 	779   	2.4608  
INFO:gp:93 	752   	0.813115	93 	0.87046 	0.348061 	752   	0.094384 	21.955 	93 	39 	15 	752   	2.21916 
INFO:gp:94 	765   	0.8141  	94 	0.870556	0.389448 	765   	0.0944945	22.0078	94 	41 	15 	765   	2.52067 
INFO:gp:95 	765   	0.807589	95 	0.870831	0.367494 	765   	0.0990583	21.8886	95 	39 	9  	765   	3.11043 
INFO:gp:96 	784   	0.812016	96 	0.870831	0.403047 	784   	0.0926046	21.5582	96 	41 	9  	784   	3.64107 
INFO:gp:97 	759   	0.812522	97 	0.870831	0.392371 	759   	0.0893429	21.9941	97 	40 	13 	759   	4.52061 
INFO:gp:98 	772   	0.814694	98 	0.870957	0.392371 	772   	0.0900308	23.2063	98 	40 	10 	772   	5.52144 
INFO:gp:99 	755   	0.815669	99 	0.870957	0.391589 	755   	0.0910786	23.2043	99 	42 	17 	755   	5.77556 
INFO:gp:100	780   	0.814522	100	0.871088	0.392371 	780   	0.0889753	22.4272	100	40 	17 	780   	5.44934 
INFO:gp:101	733   	0.808303	101	0.871088	0.392425 	733   	0.0978019	21.696 	101	43 	17 	733   	4.60932 
INFO:gp:102	777   	0.814516	102	0.871088	0.406061 	777   	0.0869149	23.6872	102	43 	16 	777   	5.08038 
INFO:gp:103	773   	0.811033	103	0.87109 	0.39875  	773   	0.093506 	24.7517	103	38 	17 	773   	5.21099 
INFO:gp:104	764   	0.814314	104	0.87109 	0.458849 	764   	0.0847785	26.3402	104	43 	18 	764   	5.40479 
INFO:gp:105	746   	0.811568	105	0.871144	0.378211 	746   	0.0921341	29.6716	105	43 	19 	746   	4.89255 
INFO:gp:106	775   	0.815374	106	0.871144	0.351869 	775   	0.0891221	31.8905	106	60 	17 	775   	3.87913 
INFO:gp:107	793   	0.814238	107	0.871144	0.406098 	793   	0.0893061	32.2815	107	56 	19 	793   	3.71109 
INFO:gp:108	773   	0.8086  	108	0.871144	0.311311 	773   	0.0972544	32.3138	108	65 	19 	773   	3.80362 
INFO:gp:109	745   	0.817523	109	0.871144	0.347058 	745   	0.0873237	32.0899	109	56 	19 	745   	4.09727 
INFO:gp:110	763   	0.810195	110	0.871192	0.389163 	763   	0.0964386	32.9042	110	56 	14 	763   	5.64947 
INFO:gp:111	759   	0.817531	111	0.871192	0.389602 	759   	0.0867352	33.9785	111	68 	19 	759   	6.52775 
INFO:gp:112	761   	0.816917	112	0.871192	0.391271 	761   	0.0852477	33.7732	112	66 	19 	761   	5.90619 
INFO:gp:113	765   	0.809182	113	0.871192	0.432343 	765   	0.0943909	33.216 	113	68 	19 	765   	6.32975 
INFO:gp:114	757   	0.815357	114	0.871192	0.454183 	757   	0.0883093	33.0283	114	68 	17 	757   	7.80456 
INFO:gp:115	772   	0.810308	115	0.871192	0.346154 	772   	0.0985816	34.1222	115	68 	17 	772   	9.49259 
INFO:gp:116	773   	0.820461	116	0.871804	0.403568 	773   	0.0863589	35.6657	116	68 	19 	773   	10.8868 
INFO:gp:117	785   	0.816433	117	0.871804	0.392163 	785   	0.0911461	34.2473	117	70 	19 	785   	8.90662 
INFO:gp:118	771   	0.821632	118	0.871804	0.349121 	771   	0.0908513	34.0616	118	63 	19 	771   	7.58768 
INFO:gp:119	775   	0.816852	119	0.871804	0.392191 	775   	0.0917358	35.5738	119	65 	17 	775   	9.61905 
INFO:gp:120	754   	0.822404	120	0.871855	0.300823 	754   	0.086109 	35.1007	120	63 	17 	754   	10.1438 
INFO:gp:121	761   	0.816637	121	0.871855	0.35037  	761   	0.0913919	32.6872	121	68 	19 	761   	7.49153 
INFO:gp:122	764   	0.817481	122	0.871855	0.376194 	764   	0.093881 	32.3715	122	64 	17 	764   	7.15345 
INFO:gp:123	769   	0.826312	123	0.871855	0.348178 	769   	0.0821849	33.0655	123	63 	19 	769   	9.07289 
INFO:gp:124	763   	0.822136	124	0.871867	0.35227  	763   	0.088084 	35.4976	124	71 	19 	763   	11.2656 
INFO:gp:125	778   	0.822104	125	0.871867	0.327313 	778   	0.0904063	34.9834	125	69 	19 	778   	9.80348 
INFO:gp:126	777   	0.816193	126	0.871867	0.345023 	777   	0.0909169	35.2414	126	68 	17 	777   	9.39818 
INFO:gp:127	774   	0.819131	127	0.871902	0.344846 	774   	0.091304 	40.4966	127	75 	19 	774   	13.4195 
INFO:gp:128	754   	0.821956	128	0.871914	0.277823 	754   	0.0842698	49.5562	128	75 	19 	754   	15.0114 
INFO:gp:129	779   	0.821519	129	0.871914	0.392989 	779   	0.0836766	56.7928	129	77 	19 	779   	11.8441 
INFO:gp:130	794   	0.819566	130	0.871914	0.39242  	794   	0.0874285	56.8856	130	77 	21 	794   	11.7071 
INFO:gp:131	790   	0.818349	131	0.871914	0.430826 	790   	0.0894649	53.7752	131	83 	19 	790   	13.4495 
INFO:gp:132	781   	0.822658	132	0.87192 	0.359672 	781   	0.0856602	49.2532	132	77 	23 	781   	14.348  
INFO:gp:133	785   	0.826089	133	0.87192 	0.439293 	785   	0.0817256	52.5455	133	77 	23 	785   	13.6636 
INFO:gp:134	769   	0.821843	134	0.87192 	0.260259 	769   	0.0839245	58.9971	134	76 	27 	769   	8.83812 
INFO:gp:135	786   	0.821509	135	0.871922	0.281997 	786   	0.0853629	60.9189	135	81 	23 	786   	7.17729 
INFO:gp:136	780   	0.828227	136	0.871925	0.393445 	780   	0.0802557	62.4565	136	76 	27 	780   	4.57583 
INFO:gp:137	779   	0.821617	137	0.871925	0.393767 	779   	0.0858848	62.3627	137	76 	25 	779   	3.57389 
INFO:gp:138	785   	0.819734	138	0.871925	0.39275  	785   	0.0874036	61.8631	138	83 	23 	785   	4.68758 
INFO:gp:139	749   	0.82358 	139	0.871925	0.346008 	749   	0.084033 	62.7615	139	73 	27 	749   	4.13929 
INFO:gp:140	773   	0.829422	140	0.87203 	0.391863 	773   	0.0766639	63.7322	140	73 	25 	773   	5.30521 
INFO:gp:141	766   	0.829745	141	0.87203 	0.258945 	766   	0.0827069	64.9071	141	75 	25 	766   	4.67206 
INFO:gp:142	770   	0.820332	142	0.87203 	0.293729 	770   	0.0884079	65.9169	142	81 	25 	770   	4.23364 
INFO:gp:143	794   	0.822319	143	0.872035	0.258154 	794   	0.0834525	65.8905	143	79 	23 	794   	4.48934 
INFO:gp:144	781   	0.82864 	144	0.872035	0.327839 	781   	0.079173 	66.0411	144	79 	28 	781   	3.73201 
INFO:gp:145	773   	0.818299	145	0.872035	0.393204 	773   	0.0847152	65.4536	145	89 	25 	773   	4.82596 
INFO:gp:146	764   	0.827562	146	0.872035	0.393393 	764   	0.0772607	64.7566	146	84 	25 	764   	4.24107 
INFO:gp:147	773   	0.820947	147	0.872042	0.393362 	773   	0.0833959	64.8152	147	82 	39 	773   	3.40807 
INFO:gp:148	748   	0.822172	148	0.872042	0.393204 	748   	0.08388  	65.5161	148	87 	25 	748   	4.34458 
INFO:gp:149	789   	0.823465	149	0.872042	0.439166 	789   	0.0811362	66.6608	149	87 	23 	789   	4.66359 
INFO:gp:150	792   	0.829293	150	0.872043	0.30616  	792   	0.0761739	66.871 	150	89 	25 	792   	4.79318 
INFO:gp:151	773   	0.822803	151	0.872043	0.393186 	773   	0.0805001	66.3333	151	89 	25 	773   	5.12    
INFO:gp:152	770   	0.825438	152	0.872043	0.444697 	770   	0.0813821	66.5327	152	104	23 	770   	4.93027 
INFO:gp:153	770   	0.825842	153	0.872043	0.381541 	770   	0.0814417	67.4301	153	87 	25 	770   	4.07154 
INFO:gp:154	794   	0.821011	154	0.872043	0.391028 	794   	0.0870413	68.3529	154	79 	29 	794   	3.56117 
INFO:gp:155	779   	0.82892 	155	0.872043	0.387458 	779   	0.0784829	68.7077	155	83 	23 	779   	3.53942 
INFO:gp:156	765   	0.825383	156	0.872043	0.438456 	765   	0.0820528	68.6276	156	85 	29 	765   	3.5479  
INFO:gp:157	774   	0.820494	157	0.872043	0.383062 	774   	0.084095 	68.5533	157	91 	29 	774   	3.4393  
INFO:gp:158	776   	0.821763	158	0.872043	0.442817 	776   	0.084528 	68.7458	158	79 	27 	776   	2.9316  
INFO:gp:159	781   	0.827404	159	0.872043	0.440143 	781   	0.0781918	69.3099	159	79 	29 	781   	3.35294 
INFO:gp:160	763   	0.823043	160	0.872043	0.368285 	763   	0.0845812	70.3011	160	79 	23 	763   	4.52745 
INFO:gp:161	760   	0.826515	161	0.872043	0.356239 	760   	0.0821339	72.0362	161	79 	23 	760   	3.89521 
INFO:gp:162	785   	0.830885	162	0.872043	0.434685 	785   	0.0782392	73.2698	162	79 	35 	785   	3.22586 
INFO:gp:163	779   	0.820688	163	0.872043	0.372672 	779   	0.0848178	73.6383	163	85 	23 	779   	4.12704 
INFO:gp:164	775   	0.825936	164	0.872044	0.325288 	775   	0.079391 	74.1593	164	99 	17 	775   	5.03565 
INFO:gp:165	780   	0.823184	165	0.872044	0.410335 	780   	0.0856029	75.3255	165	89 	31 	780   	4.0883  
INFO:gp:166	785   	0.829911	166	0.872044	0.424479 	785   	0.077347 	76.3724	166	89 	37 	785   	4.59111 
INFO:gp:167	795   	0.827781	167	0.872044	0.425354 	795   	0.0800955	77.1183	167	107	23 	795   	5.22296 
INFO:gp:168	766   	0.827232	168	0.872044	0.445739 	766   	0.0796146	76.7898	168	89 	34 	766   	4.50174 
INFO:gp:169	796   	0.826202	169	0.872044	0.476445 	796   	0.0799446	75.3803	169	89 	25 	796   	4.43472 
INFO:gp:170	781   	0.827513	170	0.872044	0.385952 	781   	0.0790633	73.4663	170	95 	25 	781   	4.661   
INFO:gp:171	781   	0.824153	171	0.872044	0.345535 	781   	0.0856655	73.0762	171	89 	27 	781   	3.55078 
INFO:gp:172	775   	0.825763	172	0.872044	0.412788 	775   	0.082427 	73.176 	172	89 	29 	775   	3.28692 
INFO:gp:173	750   	0.82792 	173	0.872044	0.465265 	750   	0.0814786	73.6012	173	95 	25 	750   	3.43025 
INFO:gp:174	767   	0.822384	174	0.872044	0.407148 	767   	0.0867158	73.5337	174	99 	23 	767   	3.85522 
INFO:gp:175	771   	0.823759	175	0.872044	0.404571 	771   	0.0839399	72.8954	175	89 	23 	771   	4.46774 
INFO:gp:176	765   	0.820481	176	0.872045	0.426361 	765   	0.084889 	72.7273	176	97 	23 	765   	4.33933 
INFO:gp:177	766   	0.823066	177	0.872045	0.48045  	766   	0.0818277	72.7967	177	85 	23 	766   	3.83477 
INFO:gp:178	756   	0.825457	178	0.872045	0.381569 	756   	0.0818584	73.1779	178	91 	23 	756   	4.186   
INFO:gp:179	743   	0.825448	179	0.872045	0.432941 	743   	0.0811986	74.2033	179	85 	33 	743   	3.60185 
INFO:gp:180	780   	0.819708	180	0.872045	0.405641 	780   	0.0881094	74.9853	180	105	23 	780   	4.47986 
INFO:gp:181	774   	0.826424	181	0.872045	0.458652 	774   	0.0759082	75.6706	181	91 	23 	774   	4.19164 
INFO:gp:182	794   	0.827069	182	0.872045	0.332083 	794   	0.0805989	76.2434	182	91 	23 	794   	4.06357 
INFO:gp:183	761   	0.824993	183	0.872045	0.412058 	761   	0.0808005	76.7449	183	91 	23 	761   	3.78431 
INFO:gp:184	793   	0.828783	184	0.872045	0.404849 	793   	0.0774326	77.3382	184	91 	23 	793   	3.66311 
INFO:gp:185	779   	0.823311	185	0.872046	0.451488 	779   	0.0849076	78.259 	185	91 	23 	779   	3.44945 
INFO:gp:186	772   	0.822843	186	0.872046	0.355176 	772   	0.0832316	78.3109	186	93 	30 	772   	3.93857 
INFO:gp:187	789   	0.823518	187	0.872046	0.430336 	789   	0.0821096	78.5269	187	93 	23 	789   	3.17139 
INFO:gp:188	764   	0.827331	188	0.872046	0.417173 	764   	0.0796102	78.2942	188	101	23 	764   	5.06038 
INFO:gp:189	756   	0.82593 	189	0.872046	0.411314 	756   	0.0812482	78.3548	189	91 	23 	756   	4.39543 
INFO:gp:190	774   	0.82262 	190	0.872046	0.415415 	774   	0.0835195	77.6794	190	119	23 	774   	5.22933 
INFO:gp:191	779   	0.821574	191	0.872046	0.37022  	779   	0.085192 	76.8993	191	97 	23 	779   	4.05059 
INFO:gp:192	775   	0.821908	192	0.872046	0.421396 	775   	0.0870612	76.9228	192	91 	23 	775   	3.03368 
INFO:gp:193	777   	0.822944	193	0.872046	0.376761 	777   	0.0846799	76.9257	193	91 	23 	777   	3.88248 
INFO:gp:194	776   	0.826999	194	0.872046	0.434621 	776   	0.0812007	77.4663	194	94 	23 	776   	4.05058 
INFO:gp:195	766   	0.822638	195	0.872046	0.372412 	766   	0.0867936	77.8465	195	91 	23 	766   	4.59088 
INFO:gp:196	820   	0.822972	196	0.872048	0.43457  	820   	0.0859433	77.6628	196	101	25 	820   	3.73337 
INFO:gp:197	757   	0.824458	197	0.872048	0.393035 	757   	0.0829144	77.7067	197	87 	53 	757   	2.28515 
INFO:gp:198	780   	0.828016	198	0.872048	0.45236  	780   	0.0805627	77.8631	198	87 	39 	780   	3.58105 
INFO:gp:199	791   	0.820806	199	0.872048	0.352146 	791   	0.0894778	77.4233	199	99 	23 	791   	4.62723 
INFO:gp:200	764   	0.8234  	200	0.872048	0.387997 	764   	0.0855002	76.5044	200	87 	23 	764   	4.25457 
INFO:gp:201	775   	0.821439	201	0.872048	0.460282 	775   	0.0857461	76.3157	201	89 	23 	775   	4.39486 
INFO:gp:202	767   	0.827104	202	0.872048	0.346474 	767   	0.0840083	76.9257	202	91 	23 	767   	3.1648  
INFO:gp:203	754   	0.824898	203	0.872048	0.432438 	754   	0.0869679	77.085 	203	93 	23 	754   	3.38931 
INFO:gp:204	770   	0.821237	204	0.872048	0.406814 	770   	0.0865249	77.4946	204	93 	27 	770   	4.28867 
INFO:gp:205	800   	0.820099	205	0.872048	0.451915 	800   	0.0847343	78.1799	205	99 	37 	800   	4.71566 
INFO:gp:206	786   	0.821834	206	0.872048	0.418476 	786   	0.0869585	78.173 	206	99 	23 	786   	6.21734 
INFO:gp:207	767   	0.823176	207	0.872048	0.346412 	767   	0.0858121	79.3939	207	99 	24 	767   	7.22263 
INFO:gp:208	773   	0.82615 	208	0.872048	0.44291  	773   	0.0784021	80.4047	208	99 	23 	773   	7.56325 
INFO:gp:209	775   	0.823585	209	0.872048	0.460634 	775   	0.0814994	78.8876	209	98 	23 	775   	7.23763 
INFO:gp:210	765   	0.825311	210	0.872048	0.336794 	765   	0.0850115	77.8895	210	98 	23 	765   	4.68526 
INFO:gp:211	775   	0.822453	211	0.872048	0.351995 	775   	0.0861094	78.8504	211	109	23 	775   	5.18383 
INFO:gp:212	757   	0.830042	212	0.872048	0.357605 	757   	0.0795766	80.9453	212	98 	37 	757   	5.0232  
INFO:gp:213	777   	0.827064	213	0.872048	0.451387 	777   	0.0831239	83.3812	213	99 	23 	777   	4.39712 
INFO:gp:214	761   	0.820241	214	0.872048	0.437768 	761   	0.0870026	84.1359	214	98 	31 	761   	4.3433  
INFO:gp:215	783   	0.823325	215	0.872048	0.409971 	783   	0.0849064	84.2561	215	98 	31 	783   	4.07756 
INFO:gp:216	762   	0.819657	216	0.872048	0.421136 	762   	0.0851878	84.2737	216	99 	31 	762   	4.30296 
INFO:gp:217	758   	0.824626	217	0.872048	0.460324 	758   	0.0806707	84.4213	217	98 	31 	758   	4.78465 
INFO:gp:218	783   	0.81955 	218	0.872048	0.408366 	783   	0.0849567	85.3372	218	98 	35 	783   	3.76959 
INFO:gp:219	768   	0.826728	219	0.872048	0.418865 	768   	0.0779641	86.2903	219	103	25 	768   	4.85033 
INFO:gp:220	777   	0.822765	220	0.872048	0.407167 	777   	0.0868171	87.3539	220	101	23 	777   	4.24954 
INFO:gp:221	755   	0.829835	221	0.872048	0.439698 	755   	0.0781653	87.915 	221	98 	49 	755   	3.57623 
INFO:gp:222	793   	0.824404	222	0.872048	0.466716 	793   	0.0836296	87.9267	222	95 	37 	793   	3.9796  
INFO:gp:223	747   	0.825066	223	0.872048	0.458929 	747   	0.0833393	88.1007	223	95 	35 	747   	3.71315 
INFO:gp:224	768   	0.822561	224	0.872048	0.459878 	768   	0.0840329	88.2923	224	99 	35 	768   	3.1761  
INFO:gp:225	761   	0.825349	225	0.872048	0.391554 	761   	0.0859003	88.1271	225	119	23 	761   	4.64576 
INFO:gp:226	781   	0.829558	226	0.872048	0.459531 	781   	0.0767751	88.3519	226	111	57 	781   	3.04115 
INFO:gp:227	809   	0.827372	227	0.872048	0.424767 	809   	0.0800832	88.0342	227	95 	23 	809   	4.87756 
INFO:gp:228	778   	0.825612	228	0.872048	0.419105 	778   	0.0832498	88.0323	228	101	23 	778   	4.07241 
INFO:gp:229	767   	0.825915	229	0.872941	0.486461 	767   	0.0821764	87.3568	229	97 	32 	767   	4.21105 
INFO:gp:230	754   	0.828764	230	0.872973	0.387601 	754   	0.0825935	86.8514	230	103	23 	754   	4.84999 
INFO:gp:231	775   	0.823913	231	0.872973	0.427141 	775   	0.0876192	86.7478	231	95 	33 	775   	6.06586 
INFO:gp:232	774   	0.820774	232	0.872973	0.406046 	774   	0.0890837	84.8661	232	95 	23 	774   	9.29881 
INFO:gp:233	772   	0.82435 	233	0.872973	0.427422 	772   	0.0841663	79.2336	233	95 	23 	772   	13.0066 
INFO:gp:234	789   	0.817114	234	0.872973	0.344914 	789   	0.094947 	73.3304	234	99 	23 	789   	13.5913 
INFO:gp:235	786   	0.824556	235	0.872973	0.406761 	786   	0.0855063	76.7967	235	97 	23 	786   	12.5517 
INFO:gp:236	779   	0.825131	236	0.872973	0.374732 	779   	0.0862532	83.1945	236	107	23 	779   	8.84593 
INFO:gp:237	767   	0.826845	237	0.872973	0.382747 	767   	0.0833944	86.4585	237	107	45 	767   	4.91412 
INFO:gp:238	754   	0.823067	238	0.872973	0.425336 	754   	0.0844043	88.1632	238	107	45 	754   	3.55844 
INFO:gp:239	770   	0.826724	239	0.872973	0.427055 	770   	0.0843415	87.7761	239	101	23 	770   	5.62043 
INFO:gp:240	748   	0.82224 	240	0.872973	0.426812 	748   	0.0869725	87.3079	240	101	31 	748   	4.57585 
INFO:gp:241	790   	0.823836	241	0.872973	0.396937 	790   	0.0879495	87.4633	241	99 	49 	790   	4.49963 
INFO:gp:242	761   	0.822581	242	0.872973	0.331724 	761   	0.0866366	89.654 	242	120	23 	761   	5.38884 
INFO:gp:243	810   	0.827811	243	0.872974	0.426806 	810   	0.0810512	92.0352	243	109	37 	810   	6.195   
INFO:gp:244	761   	0.821505	244	0.872974	0.313682 	761   	0.0858696	94.8055	244	103	22 	761   	4.95555 
INFO:gp:245	781   	0.821354	245	0.872974	0.358539 	781   	0.0891255	95.5621	245	111	44 	781   	4.43789 
INFO:gp:246	783   	0.822949	246	0.872974	0.392089 	783   	0.0865363	95.5846	246	115	57 	783   	4.42339 
INFO:gp:247	783   	0.815569	247	0.872974	0.394701 	783   	0.0937939	95.7439	247	103	23 	783   	5.24837 
INFO:gp:248	752   	0.830001	248	0.872974	0.318524 	752   	0.0796744	95.9736	248	103	43 	752   	4.14973 
INFO:gp:249	789   	0.82487 	249	0.872974	0.316327 	789   	0.0871175	95.8847	249	105	43 	789   	4.54029 
INFO:gp:250	780   	0.827015	250	0.872974	0.427126 	780   	0.0822937	95.9013	250	109	23 	780   	4.54488 
INFO:gp:251	789   	0.826065	251	0.872974	0.354455 	789   	0.0821041	96.2014	251	103	57 	789   	3.59408 
INFO:gp:252	760   	0.821908	252	0.872974	0.392538 	760   	0.0873234	96.3519	252	106	43 	760   	4.13238 
INFO:gp:253	747   	0.829013	253	0.872974	0.403577 	747   	0.0802463	97.3099	253	125	49 	747   	4.30562 
INFO:gp:254	745   	0.831673	254	0.872974	0.377715 	745   	0.0747949	98.6657	254	111	23 	745   	5.40787 
INFO:gp:255	783   	0.82105 	255	0.872974	0.427314 	783   	0.0874985	100.233	255	115	23 	783   	5.25207 
INFO:gp:256	772   	0.82137 	256	0.872974	0.407137 	772   	0.0871362	99.9589	256	111	57 	772   	4.28714 
INFO:gp:257	802   	0.825403	257	0.872974	0.344994 	802   	0.082164 	99.2688	257	109	23 	802   	4.90188 
INFO:gp:258	794   	0.825894	258	0.872974	0.389457 	794   	0.0843423	100.219	258	117	49 	794   	4.62926 
INFO:gp:259	794   	0.827956	259	0.872974	0.427138 	794   	0.0813915	101.716	259	115	57 	794   	3.41067 
INFO:gp:260	789   	0.830403	260	0.872974	0.407074 	789   	0.0792185	101.807	260	109	49 	789   	4.74708 
INFO:gp:261	755   	0.823285	261	0.872974	0.427972 	755   	0.0830427	102.022	261	111	57 	755   	4.34346 
INFO:gp:262	767   	0.81945 	262	0.872974	0.364254 	767   	0.088664 	102.079	262	111	23 	767   	4.4927  
INFO:gp:263	778   	0.821239	263	0.872974	0.371784 	778   	0.0896165	101.913	263	118	23 	778   	4.35781 
INFO:gp:264	784   	0.828152	264	0.872974	0.316442 	784   	0.0833095	101.541	264	110	55 	784   	4.09086 
INFO:gp:265	749   	0.828391	265	0.872974	0.38878  	749   	0.0800788	101.197	265	106	23 	749   	5.15963 
INFO:gp:266	757   	0.827304	266	0.872975	0.407613 	757   	0.086974 	101.171	266	123	23 	757   	4.76065 
INFO:gp:267	780   	0.823969	267	0.872975	0.393137 	780   	0.0879577	100.973	267	123	48 	780   	4.66652 
INFO:gp:268	763   	0.82524 	268	0.872975	0.33352  	763   	0.0877729	101.269	268	116	48 	763   	3.98323 
INFO:gp:269	759   	0.822331	269	0.872975	0.359224 	759   	0.0877992	101.258	269	121	47 	759   	4.78347 
INFO:gp:270	760   	0.823585	270	0.872975	0.426837 	760   	0.0854112	101.33 	270	107	23 	760   	4.39256 
INFO:gp:271	785   	0.820562	271	0.872975	0.354478 	785   	0.091233 	101.554	271	112	48 	785   	2.86564 
INFO:gp:272	780   	0.827408	272	0.872975	0.427138 	780   	0.0808633	101.331	272	114	50 	780   	4.19056 
INFO:gp:273	773   	0.826543	273	0.872975	0.392765 	773   	0.08619  	101.045	273	118	23 	773   	5.31932 
INFO:gp:274	768   	0.827454	274	0.872975	0.31551  	768   	0.0832831	101.242	274	109	23 	768   	4.24355 
INFO:gp:275	786   	0.821484	275	0.872975	0.349394 	786   	0.0855862	101.674	275	108	79 	786   	1.93406 
INFO:gp:276	783   	0.829694	276	0.872975	0.427446 	783   	0.0816146	101.053	276	117	23 	783   	4.95307 
INFO:gp:277	737   	0.820222	277	0.872975	0.373516 	737   	0.0900866	100.987	277	118	48 	737   	4.45778 
INFO:gp:278	771   	0.827306	278	0.872975	0.425934 	771   	0.0808228	101.204	278	107	59 	771   	2.60916 
INFO:gp:279	783   	0.827614	279	0.872975	0.407992 	783   	0.0846563	101.152	279	110	47 	783   	3.99603 
INFO:gp:280	770   	0.822558	280	0.872975	0.426736 	770   	0.0874809	101.457	280	111	48 	770   	3.30641 
INFO:gp:281	782   	0.822856	281	0.872975	0.3875   	782   	0.0852624	101.305	281	108	48 	782   	4.09454 
INFO:gp:282	758   	0.821511	282	0.872975	0.406219 	758   	0.086494 	101.37 	282	110	23 	758   	4.48464 
INFO:gp:283	785   	0.820162	283	0.872975	0.426715 	785   	0.0909317	101.317	283	120	23 	785   	4.61429 
INFO:gp:284	786   	0.825898	284	0.872975	0.373287 	786   	0.084783 	101.451	284	108	48 	786   	3.66581 
INFO:gp:285	780   	0.82467 	285	0.872975	0.294472 	780   	0.0875014	101.433	285	110	54 	780   	3.87477 
INFO:gp:286	774   	0.824347	286	0.872975	0.280333 	774   	0.0885479	101.378	286	110	48 	774   	4.32101 
INFO:gp:287	776   	0.821864	287	0.872975	0.314806 	776   	0.0912776	101.629	287	112	48 	776   	3.45603 
INFO:gp:288	776   	0.819256	288	0.872975	0.381231 	776   	0.091223 	101.386	288	112	48 	776   	4.28648 
INFO:gp:289	778   	0.824293	289	0.872975	0.345649 	778   	0.0856805	101.449	289	110	57 	778   	3.61585 
INFO:gp:290	798   	0.821852	290	0.872975	0.427558 	798   	0.0822206	101.456	290	108	23 	798   	4.39093 
INFO:gp:291	763   	0.825053	291	0.872975	0.315158 	763   	0.0852276	101.395	291	108	23 	763   	4.73175 
INFO:gp:292	766   	0.827523	292	0.872976	0.33505  	766   	0.0829318	101.56 	292	108	62 	766   	3.03548 
INFO:gp:293	786   	0.818707	293	0.872976	0.314828 	786   	0.092251 	101.678	293	123	52 	786   	2.82794 
INFO:gp:294	797   	0.823781	294	0.872976	0.406894 	797   	0.0855819	101.594	294	124	57 	797   	3.30151 
INFO:gp:295	759   	0.829532	295	0.872976	0.406746 	759   	0.082345 	101.322	295	108	48 	759   	4.47576 
INFO:gp:296	775   	0.826571	296	0.872976	0.427549 	775   	0.0820036	101.542	296	110	52 	775   	3.41121 
INFO:gp:297	766   	0.827469	297	0.872976	0.403323 	766   	0.0853131	101.216	297	114	48 	766   	5.28108 
INFO:gp:298	757   	0.823148	298	0.872976	0.426719 	757   	0.0902976	101.47 	298	110	23 	757   	4.08258 
INFO:gp:299	780   	0.82618 	299	0.872976	0.407247 	780   	0.0845656	101.26 	299	110	23 	780   	5.05075 
INFO:gp:300	755   	0.829968	300	0.872976	0.426717 	755   	0.0807075	101.471	300	118	58 	755   	3.34683 
INFO:gp:301	775   	0.824252	301	0.872976	0.405031 	775   	0.0856015	101.239	301	108	52 	775   	3.96839 
INFO:gp:302	803   	0.815652	302	0.872976	0.399212 	803   	0.0889205	101.341	302	114	48 	803   	3.65709 
INFO:gp:303	774   	0.828265	303	0.872976	0.427794 	774   	0.0810842	101.157	303	110	52 	774   	4.18016 
INFO:gp:304	791   	0.829399	304	0.872976	0.352618 	791   	0.0800091	101.271	304	108	50 	791   	3.82153 
INFO:gp:305	791   	0.820251	305	0.872976	0.313105 	791   	0.0898554	101.416	305	110	48 	791   	3.10466 
INFO:gp:306	772   	0.827349	306	0.872976	0.318043 	772   	0.0833778	101.271	306	108	23 	772   	4.59908 
INFO:gp:307	803   	0.821028	307	0.872976	0.407974 	803   	0.0869947	101.463	307	108	54 	803   	3.08314 
INFO:gp:308	784   	0.819123	308	0.872976	0.350111 	784   	0.0900203	101.271	308	108	23 	784   	4.76588 
INFO:gp:309	784   	0.827461	309	0.872976	0.374118 	784   	0.0830594	101.421	309	114	50 	784   	3.43853 
INFO:gp:310	766   	0.829602	310	0.872976	0.427306 	766   	0.0839149	101.552	310	110	57 	766   	2.39724 
INFO:gp:311	789   	0.824656	311	0.872976	0.314031 	789   	0.0881435	101.374	311	108	52 	789   	3.51725 
INFO:gp:312	784   	0.820113	312	0.872988	0.415701 	784   	0.0898339	101.344	312	112	25 	784   	4.37366 
INFO:gp:313	780   	0.827962	313	0.872988	0.407676 	780   	0.0831038	101.175	313	110	48 	780   	4.8371  
INFO:gp:314	769   	0.825835	314	0.872988	0.443655 	769   	0.0851634	101.413	314	108	50 	769   	3.2238  
INFO:gp:315	784   	0.822581	315	0.872988	0.400587 	784   	0.0880965	101.477	315	108	48 	784   	3.26287 
INFO:gp:316	748   	0.82762 	316	0.872988	0.380075 	748   	0.083316 	101.306	316	108	48 	748   	4.09339 
INFO:gp:317	785   	0.827748	317	0.872988	0.36012  	785   	0.0849201	101.145	317	130	51 	785   	4.48377 
INFO:gp:318	751   	0.825007	318	0.873142	0.396452 	751   	0.0882801	101.363	318	108	50 	751   	3.74459 
INFO:gp:319	756   	0.825327	319	0.873142	0.364427 	756   	0.0832866	101.417	319	108	48 	756   	3.33569 
INFO:gp:320	774   	0.825257	320	0.873142	0.447015 	774   	0.083629 	101.148	320	112	23 	774   	4.66332 
INFO:gp:321	766   	0.827699	321	0.873142	0.402071 	766   	0.083047 	101.112	321	108	48 	766   	4.50459 
INFO:gp:322	770   	0.823128	322	0.873142	0.294294 	770   	0.0866231	101.051	322	110	54 	770   	4.05429 
INFO:gp:323	775   	0.820734	323	0.873142	0.37965  	775   	0.086858 	100.433	323	110	48 	775   	5.70942 
INFO:gp:324	773   	0.825365	324	0.873142	0.403038 	773   	0.0836923	100.707	324	130	48 	773   	5.2272  
INFO:gp:325	795   	0.82308 	325	0.873142	0.407168 	795   	0.080688 	100.634	325	109	23 	795   	5.78359 
INFO:gp:326	763   	0.82506 	326	0.873147	0.360698 	763   	0.0803426	101.038	326	123	51 	763   	4.64871 
INFO:gp:327	737   	0.828187	327	0.873147	0.380897 	737   	0.0787049	101.348	327	113	48 	737   	3.10584 
INFO:gp:328	775   	0.828437	328	0.873147	0.370063 	775   	0.0794391	101.376	328	113	44 	775   	3.72885 
INFO:gp:329	768   	0.828889	329	0.873147	0.407884 	768   	0.0772759	101.502	329	113	48 	768   	3.15512 
INFO:gp:330	768   	0.82537 	330	0.873147	0.427657 	768   	0.0776213	101.196	330	113	48 	768   	4.11194 
INFO:gp:331	782   	0.821617	331	0.873147	0.291182 	782   	0.087217 	101.065	331	113	49 	782   	4.31594 
INFO:gp:332	790   	0.821915	332	0.873147	0.407816 	790   	0.083535 	101.032	332	113	49 	790   	4.2663  
INFO:gp:333	777   	0.824042	333	0.873147	0.395523 	777   	0.0803725	101.053	333	110	23 	777   	4.83947 
INFO:gp:334	789   	0.821166	334	0.873147	0.315213 	789   	0.0879596	101.013	334	110	48 	789   	4.81169 
INFO:gp:335	779   	0.825307	335	0.873147	0.380344 	779   	0.0834046	101.226	335	108	23 	779   	4.49207 
INFO:gp:336	782   	0.822686	336	0.873147	0.406341 	782   	0.0842145	101.202	336	108	19 	782   	4.61574 
INFO:gp:337	753   	0.824107	337	0.873147	0.423618 	753   	0.082515 	101.336	337	108	57 	753   	3.52762 
INFO:gp:338	770   	0.825783	338	0.873147	0.427044 	770   	0.0785653	101.351	338	117	59 	770   	3.4248  
INFO:gp:339	785   	0.823973	339	0.873147	0.406888 	785   	0.0848031	101.188	339	117	23 	785   	4.72943 
INFO:gp:340	783   	0.827538	340	0.873147	0.400243 	783   	0.0795643	101.177	340	117	48 	783   	4.0458  
INFO:gp:341	762   	0.818976	341	0.873147	0.359369 	762   	0.0866534	101.286	341	124	48 	762   	3.88584 
INFO:gp:342	732   	0.826907	342	0.873147	0.335087 	732   	0.0809002	101.332	342	117	48 	732   	3.85781 
INFO:gp:343	747   	0.825144	343	0.873147	0.316759 	747   	0.0812713	101.455	343	118	52 	747   	3.37891 
INFO:gp:344	760   	0.826307	344	0.873147	0.379259 	760   	0.08167  	101.335	344	117	48 	760   	4.09085 
INFO:gp:345	773   	0.824255	345	0.873147	0.316042 	773   	0.0858083	101.272	345	116	50 	773   	4.18072 
INFO:gp:346	782   	0.825236	346	0.873147	0.379464 	782   	0.0772099	101.263	346	116	48 	782   	4.24981 
INFO:gp:347	790   	0.825436	347	0.873147	0.407371 	790   	0.0817034	101.282	347	108	23 	790   	4.08092 
INFO:gp:348	766   	0.828116	348	0.873147	0.407371 	766   	0.0791288	101.203	348	108	48 	766   	4.14471 
INFO:gp:349	769   	0.820768	349	0.873147	0.408236 	769   	0.0832638	101.201	349	110	48 	769   	4.14645 
INFO:gp:350	780   	0.823074	350	0.873147	0.334309 	780   	0.0846849	101.343	350	114	57 	780   	3.36571 
INFO:gp:351	772   	0.818933	351	0.873147	0.407371 	772   	0.0853381	101.325	351	107	17 	772   	3.98313 
INFO:gp:352	757   	0.826242	352	0.873147	0.42724  	757   	0.0789253	101.217	352	109	48 	757   	4.27727 
INFO:gp:353	754   	0.822513	353	0.873147	0.413163 	754   	0.0821546	101.194	353	120	48 	754   	4.6697  
INFO:gp:354	760   	0.832474	354	0.873147	0.447636 	760   	0.0730892	101.049	354	108	48 	760   	5.24917 
INFO:gp:355	778   	0.823442	355	0.873147	0.360288 	778   	0.0822761	101.08 	355	109	17 	778   	5.23181 
INFO:gp:356	766   	0.82203 	356	0.873147	0.406797 	766   	0.0823108	101.29 	356	108	41 	766   	3.83338 
INFO:gp:357	777   	0.821688	357	0.873152	0.293398 	777   	0.0867095	101.179	357	109	23 	777   	4.14878 
INFO:gp:358	783   	0.826925	358	0.873152	0.33681  	783   	0.0823448	101.218	358	108	52 	783   	3.77862 
INFO:gp:359	754   	0.831875	359	0.873152	0.312677 	754   	0.0776364	101.344	359	107	56 	754   	3.21484 
INFO:gp:360	762   	0.830052	360	0.873152	0.374454 	762   	0.0773252	101.383	360	114	23 	762   	3.69854 
INFO:gp:361	775   	0.826183	361	0.873152	0.407964 	775   	0.0792252	101.105	361	114	49 	775   	4.80752 
INFO:gp:362	780   	0.817971	362	0.873152	0.41287  	780   	0.0830626	101.425	362	114	37 	780   	3.52342 
INFO:gp:363	776   	0.82101 	363	0.873152	0.408245 	776   	0.085052 	101.204	363	107	23 	776   	4.49832 
INFO:gp:364	758   	0.824013	364	0.873152	0.332821 	758   	0.0828897	101.222	364	112	23 	758   	4.72474 
INFO:gp:365	760   	0.821593	365	0.873152	0.366482 	760   	0.0873951	101.491	365	109	50 	760   	3.47251 
INFO:gp:366	782   	0.824888	366	0.873152	0.38568  	782   	0.084686 	101.4  	366	108	48 	782   	3.44592 
INFO:gp:367	752   	0.827083	367	0.873152	0.406925 	752   	0.0824822	101.568	367	114	78 	752   	2.20526 
INFO:gp:368	764   	0.819789	368	0.873152	0.393897 	764   	0.0846327	101.247	368	119	48 	764   	4.24799 
INFO:gp:369	766   	0.823389	369	0.873152	0.425432 	766   	0.0839537	101.089	369	111	23 	766   	4.44747 
INFO:gp:370	772   	0.822636	370	0.873152	0.372767 	772   	0.0838334	101.271	370	111	50 	772   	3.95107 
INFO:gp:371	785   	0.82218 	371	0.873152	0.426689 	785   	0.0815216	101.407	371	116	48 	785   	3.44072 
INFO:gp:372	749   	0.819807	372	0.873152	0.340691 	749   	0.0899715	101.047	372	130	23 	749   	5.61468 
INFO:gp:373	770   	0.821698	373	0.873152	0.333443 	770   	0.0898207	101.53 	373	130	52 	770   	3.28104 
INFO:gp:374	774   	0.823933	374	0.873152	0.407474 	774   	0.0834752	101.283	374	111	23 	774   	4.87876 
INFO:gp:375	775   	0.822535	375	0.873152	0.366029 	775   	0.0834465	101.448	375	111	23 	775   	3.94648 
INFO:gp:376	772   	0.818307	376	0.873152	0.340588 	772   	0.0860649	101.561	376	111	57 	772   	3.1418  
INFO:gp:377	770   	0.821007	377	0.873152	0.407346 	770   	0.0861821	101.401	377	111	48 	770   	3.75518 
INFO:gp:378	751   	0.825227	378	0.873152	0.42122  	751   	0.081384 	101.369	378	111	23 	751   	4.21584 
INFO:gp:379	774   	0.822826	379	0.873152	0.407376 	774   	0.0838023	101.413	379	111	48 	774   	3.79639 
INFO:gp:380	764   	0.820663	380	0.873152	0.40803  	764   	0.0849114	101.367	380	116	23 	764   	4.75248 
INFO:gp:381	777   	0.826208	381	0.873152	0.348547 	777   	0.0800198	101.465	381	111	62 	777   	3.02555 
INFO:gp:382	790   	0.82114 	382	0.873152	0.383982 	790   	0.0828844	101.196	382	123	23 	790   	4.86389 
INFO:gp:383	764   	0.823054	383	0.873152	0.31811  	764   	0.0859372	101.219	383	111	50 	764   	4.1747  
INFO:gp:384	770   	0.81903 	384	0.873152	0.366029 	770   	0.0880777	101.305	384	111	23 	770   	4.59938 
INFO:gp:385	788   	0.819175	385	0.873152	0.386998 	788   	0.0854309	101.243	385	111	23 	788   	4.59231 
INFO:gp:386	783   	0.823396	386	0.873152	0.373396 	783   	0.0834993	101.367	386	108	48 	783   	3.30667 
INFO:gp:387	756   	0.825357	387	0.873152	0.334919 	756   	0.0820251	101.207	387	121	48 	756   	4.64329 
INFO:gp:388	774   	0.82108 	388	0.873152	0.270202 	774   	0.0881188	101.226	388	124	23 	774   	4.60044 
INFO:gp:389	774   	0.819722	389	0.873152	0.373141 	774   	0.0833878	101.354	389	112	57 	774   	3.19517 
INFO:gp:390	780   	0.8205  	390	0.873152	0.337331 	780   	0.0871623	101.13 	390	112	23 	780   	4.67243 
INFO:gp:391	770   	0.819978	391	0.873152	0.329832 	770   	0.091005 	101.305	391	113	61 	770   	3.47549 
INFO:gp:392	801   	0.826969	392	0.873152	0.408044 	801   	0.0806959	101.285	392	108	52 	801   	3.43472 
INFO:gp:393	757   	0.821056	393	0.873152	0.408305 	757   	0.0821232	101.37 	393	111	71 	757   	2.85052 
INFO:gp:394	763   	0.818224	394	0.873152	0.380881 	763   	0.0882308	101.254	394	120	52 	763   	4.05942 
INFO:gp:395	763   	0.818853	395	0.873152	0.373576 	763   	0.0866433	101.492	395	110	48 	763   	3.52587 
INFO:gp:396	788   	0.822813	396	0.873152	0.407822 	788   	0.0830943	101.347	396	110	48 	788   	3.61541 
INFO:gp:397	756   	0.823156	397	0.873152	0.406893 	756   	0.0857533	101.249	397	116	23 	756   	4.73887 
INFO:gp:398	786   	0.82383 	398	0.873152	0.333006 	786   	0.0863204	101.255	398	110	48 	786   	4.13558 
INFO:gp:399	772   	0.821253	399	0.873152	0.373274 	772   	0.0871212	101.373	399	113	57 	772   	3.85126 
INFO:gp:400	780   	0.822572	400	0.873152	0.337179 	780   	0.0839508	101.443	400	114	52 	780   	3.47233 
INFO:__main__:Saving model to file: checkpoints/run_20.pth
INFO:util:Train accuracy: 0.95 +- 0.04999999999999999
INFO:util:Val accuracy: 0.95 +- 0.04999999999999999
INFO:util:Test accuracy: 0.16666666666666666 +- 0.0
INFO:util:Train intra-class: 0.06667366949046243, Train Inter-class: 0.19819595889395286
INFO:util:Val intra-class: 0.12484803331223776, Val Inter-class: 0.17197566211424048
INFO:util:Test intra-class: 0.0, Test inter-class: 0.2218136442989788
INFO:plot:Saving t-SNE to file: figures/tsne.png
INFO:plot:Saving t-SNE to file: figures/tsne.png
INFO:plot:Saving tree to file: figures/tree-0.pdf
INFO:plot:Saving tree to file: figures/tree-1.pdf
INFO:plot:Saving tree to file: figures/tree-2.pdf
INFO:plot:Saving tree to file: figures/tree-3.pdf
INFO:plot:Saving tree to file: figures/tree-4.pdf
INFO:plot:Saving tree to file: figures/tree-5.pdf
