INFO:train:Epoch 1/1000 	Train Loss: 1.0867, Train Acc: 0.4180	 Val Loss: 1.0891, Val Acc: 0.4194
INFO:train:Epoch 2/1000 	Train Loss: 0.9633, Train Acc: 0.5656	 Val Loss: 1.0896, Val Acc: 0.4516
INFO:train:Epoch 3/1000 	Train Loss: 0.8236, Train Acc: 0.7377	 Val Loss: 1.0796, Val Acc: 0.4194
INFO:train:Epoch 4/1000 	Train Loss: 0.7311, Train Acc: 0.8279	 Val Loss: 1.0642, Val Acc: 0.4194
INFO:train:Epoch 5/1000 	Train Loss: 0.6416, Train Acc: 0.8934	 Val Loss: 1.0447, Val Acc: 0.5484
INFO:train:Epoch 6/1000 	Train Loss: 0.5797, Train Acc: 0.9016	 Val Loss: 1.0207, Val Acc: 0.5806
INFO:train:Epoch 7/1000 	Train Loss: 0.5316, Train Acc: 0.9098	 Val Loss: 0.9917, Val Acc: 0.5806
INFO:train:Epoch 8/1000 	Train Loss: 0.4614, Train Acc: 0.9426	 Val Loss: 0.9477, Val Acc: 0.6129
INFO:train:Epoch 9/1000 	Train Loss: 0.4349, Train Acc: 0.9508	 Val Loss: 0.9037, Val Acc: 0.6774
INFO:train:Epoch 10/1000 	Train Loss: 0.4525, Train Acc: 0.9426	 Val Loss: 0.8645, Val Acc: 0.6452
INFO:train:Epoch 11/1000 	Train Loss: 0.3853, Train Acc: 0.9754	 Val Loss: 0.8366, Val Acc: 0.6452
INFO:train:Epoch 12/1000 	Train Loss: 0.3965, Train Acc: 0.9672	 Val Loss: 0.8086, Val Acc: 0.6774
INFO:train:Epoch 13/1000 	Train Loss: 0.3606, Train Acc: 0.9918	 Val Loss: 0.7884, Val Acc: 0.6452
INFO:train:Epoch 14/1000 	Train Loss: 0.3554, Train Acc: 0.9918	 Val Loss: 0.7857, Val Acc: 0.6452
INFO:train:Epoch 15/1000 	Train Loss: 0.3492, Train Acc: 0.9836	 Val Loss: 0.7867, Val Acc: 0.6452
INFO:train:Epoch 16/1000 	Train Loss: 0.3284, Train Acc: 1.0000	 Val Loss: 0.7901, Val Acc: 0.6774
INFO:train:Epoch 17/1000 	Train Loss: 0.3307, Train Acc: 0.9918	 Val Loss: 0.7991, Val Acc: 0.7097
INFO:train:Epoch 18/1000 	Train Loss: 0.3318, Train Acc: 1.0000	 Val Loss: 0.8173, Val Acc: 0.6774
INFO:train:Epoch 19/1000 	Train Loss: 0.3206, Train Acc: 1.0000	 Val Loss: 0.8307, Val Acc: 0.6452
INFO:train:Epoch 20/1000 	Train Loss: 0.3293, Train Acc: 1.0000	 Val Loss: 0.8471, Val Acc: 0.6774
INFO:train:Epoch 21/1000 	Train Loss: 0.3327, Train Acc: 1.0000	 Val Loss: 0.8605, Val Acc: 0.6774
INFO:train:Epoch 22/1000 	Train Loss: 0.3155, Train Acc: 1.0000	 Val Loss: 0.8689, Val Acc: 0.6452
INFO:train:Epoch 23/1000 	Train Loss: 0.3172, Train Acc: 1.0000	 Val Loss: 0.8809, Val Acc: 0.6452
INFO:train:Epoch 24/1000 	Train Loss: 0.3211, Train Acc: 1.0000	 Val Loss: 0.9111, Val Acc: 0.6452
INFO:train:Epoch 25/1000 	Train Loss: 0.3168, Train Acc: 1.0000	 Val Loss: 0.9410, Val Acc: 0.6129
INFO:train:Epoch 26/1000 	Train Loss: 0.3232, Train Acc: 0.9918	 Val Loss: 0.9733, Val Acc: 0.5806
INFO:train:Epoch 27/1000 	Train Loss: 0.3122, Train Acc: 1.0000	 Val Loss: 1.0002, Val Acc: 0.5806
INFO:train:Epoch 28/1000 	Train Loss: 0.3141, Train Acc: 1.0000	 Val Loss: 1.0284, Val Acc: 0.5806
INFO:train:Epoch 29/1000 	Train Loss: 0.3125, Train Acc: 1.0000	 Val Loss: 1.0485, Val Acc: 0.6129
INFO:train:Epoch 30/1000 	Train Loss: 0.3133, Train Acc: 1.0000	 Val Loss: 1.0581, Val Acc: 0.5806
INFO:train:Epoch 31/1000 	Train Loss: 0.3118, Train Acc: 1.0000	 Val Loss: 1.0503, Val Acc: 0.6129
INFO:train:Epoch 32/1000 	Train Loss: 0.3117, Train Acc: 1.0000	 Val Loss: 1.0500, Val Acc: 0.6452
INFO:train:Epoch 33/1000 	Train Loss: 0.3072, Train Acc: 1.0000	 Val Loss: 1.0565, Val Acc: 0.6452
INFO:train:Epoch 34/1000 	Train Loss: 0.3079, Train Acc: 1.0000	 Val Loss: 1.0664, Val Acc: 0.6452
INFO:train:Epoch 35/1000 	Train Loss: 0.3044, Train Acc: 1.0000	 Val Loss: 1.0834, Val Acc: 0.6129
INFO:train:Epoch 36/1000 	Train Loss: 0.3101, Train Acc: 1.0000	 Val Loss: 1.0867, Val Acc: 0.6129
INFO:train:Early stopping triggered after 36 epochs
INFO:plot:Saving attention map to: figures/model_accuracy.png
INFO:train:train got 64 / 64 correct, accuracy: 1.0
INFO:plot:Saving cofusion matrix map to: figures/train_confusion_matrix.png
INFO:train:train got 58 / 58 correct, accuracy: 1.0
INFO:plot:Saving cofusion matrix map to: figures/train_confusion_matrix.png
INFO:train:Total time taken evaluate on train set the model: 0.17s
INFO:train:validation got 19 / 31 correct, accuracy: 0.6129032258064516
INFO:plot:Saving cofusion matrix map to: figures/validation_confusion_matrix.png
INFO:train:Total time taken evaluate on validation set the model: 0.08s
