INFO:train:Epoch 1/1000 	Train Loss: 1.1028, Train Acc: 0.3525	 Val Loss: 1.0959, Val Acc: 0.3548
INFO:train:Epoch 2/1000 	Train Loss: 0.9388, Train Acc: 0.6557	 Val Loss: 1.0878, Val Acc: 0.6774
INFO:train:Epoch 3/1000 	Train Loss: 0.8113, Train Acc: 0.6967	 Val Loss: 1.0725, Val Acc: 0.7419
INFO:train:Epoch 4/1000 	Train Loss: 0.7936, Train Acc: 0.7541	 Val Loss: 1.0494, Val Acc: 0.6452
INFO:train:Epoch 5/1000 	Train Loss: 0.6746, Train Acc: 0.8279	 Val Loss: 1.0244, Val Acc: 0.5806
INFO:train:Epoch 6/1000 	Train Loss: 0.6074, Train Acc: 0.8443	 Val Loss: 0.9963, Val Acc: 0.5806
INFO:train:Epoch 7/1000 	Train Loss: 0.5471, Train Acc: 0.8689	 Val Loss: 0.9573, Val Acc: 0.7097
INFO:train:Epoch 8/1000 	Train Loss: 0.5016, Train Acc: 0.9180	 Val Loss: 0.9199, Val Acc: 0.7097
INFO:train:Epoch 9/1000 	Train Loss: 0.4425, Train Acc: 0.9508	 Val Loss: 0.8743, Val Acc: 0.7742
INFO:train:Epoch 10/1000 	Train Loss: 0.4250, Train Acc: 0.9344	 Val Loss: 0.8292, Val Acc: 0.7742
INFO:train:Epoch 11/1000 	Train Loss: 0.4058, Train Acc: 0.9754	 Val Loss: 0.7867, Val Acc: 0.7742
INFO:train:Epoch 12/1000 	Train Loss: 0.3668, Train Acc: 0.9918	 Val Loss: 0.7444, Val Acc: 0.8065
INFO:train:Epoch 13/1000 	Train Loss: 0.3354, Train Acc: 1.0000	 Val Loss: 0.7102, Val Acc: 0.7742
INFO:train:Epoch 14/1000 	Train Loss: 0.3471, Train Acc: 1.0000	 Val Loss: 0.7037, Val Acc: 0.7419
INFO:train:Epoch 15/1000 	Train Loss: 0.3363, Train Acc: 1.0000	 Val Loss: 0.7307, Val Acc: 0.7419
INFO:train:Epoch 16/1000 	Train Loss: 0.3411, Train Acc: 1.0000	 Val Loss: 0.7654, Val Acc: 0.7097
INFO:train:Epoch 17/1000 	Train Loss: 0.3222, Train Acc: 1.0000	 Val Loss: 0.7942, Val Acc: 0.7097
INFO:train:Epoch 18/1000 	Train Loss: 0.3162, Train Acc: 1.0000	 Val Loss: 0.8242, Val Acc: 0.7097
INFO:train:Epoch 19/1000 	Train Loss: 0.3138, Train Acc: 1.0000	 Val Loss: 0.8524, Val Acc: 0.7097
INFO:train:Epoch 20/1000 	Train Loss: 0.3166, Train Acc: 1.0000	 Val Loss: 0.8829, Val Acc: 0.7097
INFO:train:Epoch 21/1000 	Train Loss: 0.3350, Train Acc: 0.9918	 Val Loss: 0.9219, Val Acc: 0.7097
INFO:train:Epoch 22/1000 	Train Loss: 0.3275, Train Acc: 0.9836	 Val Loss: 0.9775, Val Acc: 0.7097
INFO:train:Epoch 23/1000 	Train Loss: 0.3114, Train Acc: 1.0000	 Val Loss: 1.0302, Val Acc: 0.7097
INFO:train:Epoch 24/1000 	Train Loss: 0.3194, Train Acc: 1.0000	 Val Loss: 1.0490, Val Acc: 0.7097
INFO:train:Epoch 25/1000 	Train Loss: 0.3241, Train Acc: 1.0000	 Val Loss: 1.0481, Val Acc: 0.7097
INFO:train:Epoch 26/1000 	Train Loss: 0.3213, Train Acc: 1.0000	 Val Loss: 1.0059, Val Acc: 0.7097
INFO:train:Epoch 27/1000 	Train Loss: 0.3182, Train Acc: 1.0000	 Val Loss: 0.9643, Val Acc: 0.7097
INFO:train:Epoch 28/1000 	Train Loss: 0.3124, Train Acc: 1.0000	 Val Loss: 0.9545, Val Acc: 0.7097
INFO:train:Epoch 29/1000 	Train Loss: 0.3180, Train Acc: 1.0000	 Val Loss: 0.9922, Val Acc: 0.7097
INFO:train:Epoch 30/1000 	Train Loss: 0.3270, Train Acc: 0.9918	 Val Loss: 1.0301, Val Acc: 0.7097
INFO:train:Epoch 31/1000 	Train Loss: 0.3075, Train Acc: 1.0000	 Val Loss: 1.0250, Val Acc: 0.7097
INFO:train:Epoch 32/1000 	Train Loss: 0.3282, Train Acc: 0.9918	 Val Loss: 1.0383, Val Acc: 0.7097
INFO:train:Epoch 33/1000 	Train Loss: 0.3097, Train Acc: 1.0000	 Val Loss: 1.0313, Val Acc: 0.7097
INFO:train:Epoch 34/1000 	Train Loss: 0.3078, Train Acc: 1.0000	 Val Loss: 1.0178, Val Acc: 0.7097
INFO:train:Epoch 35/1000 	Train Loss: 0.3115, Train Acc: 1.0000	 Val Loss: 1.0009, Val Acc: 0.7097
INFO:train:Epoch 36/1000 	Train Loss: 0.3131, Train Acc: 0.9918	 Val Loss: 0.9686, Val Acc: 0.7097
INFO:train:Epoch 37/1000 	Train Loss: 0.3062, Train Acc: 1.0000	 Val Loss: 0.9372, Val Acc: 0.7097
INFO:train:Epoch 38/1000 	Train Loss: 0.3144, Train Acc: 1.0000	 Val Loss: 0.9348, Val Acc: 0.7419
INFO:train:Epoch 39/1000 	Train Loss: 0.3089, Train Acc: 1.0000	 Val Loss: 0.9402, Val Acc: 0.7097
INFO:train:Epoch 40/1000 	Train Loss: 0.3079, Train Acc: 1.0000	 Val Loss: 0.9418, Val Acc: 0.7419
INFO:train:Epoch 41/1000 	Train Loss: 0.3083, Train Acc: 1.0000	 Val Loss: 0.9449, Val Acc: 0.7419
INFO:train:Epoch 42/1000 	Train Loss: 0.3186, Train Acc: 1.0000	 Val Loss: 0.9456, Val Acc: 0.7419
INFO:train:Epoch 43/1000 	Train Loss: 0.3071, Train Acc: 1.0000	 Val Loss: 0.9590, Val Acc: 0.6774
INFO:train:Epoch 44/1000 	Train Loss: 0.3021, Train Acc: 1.0000	 Val Loss: 0.9762, Val Acc: 0.6774
INFO:train:Epoch 45/1000 	Train Loss: 0.3106, Train Acc: 1.0000	 Val Loss: 0.9765, Val Acc: 0.6774
INFO:train:Epoch 46/1000 	Train Loss: 0.3029, Train Acc: 1.0000	 Val Loss: 0.9868, Val Acc: 0.6774
INFO:train:Early stopping triggered after 46 epochs
INFO:plot:Saving attention map to: figures/model_accuracy.png
INFO:train:train got 64 / 64 correct, accuracy: 1.0
INFO:plot:Saving cofusion matrix map to: figures/train_confusion_matrix.png
INFO:train:train got 58 / 58 correct, accuracy: 1.0
INFO:plot:Saving cofusion matrix map to: figures/train_confusion_matrix.png
INFO:train:Total time taken evaluate on train set the model: 0.17s
INFO:train:validation got 21 / 31 correct, accuracy: 0.6774193548387096
INFO:plot:Saving cofusion matrix map to: figures/validation_confusion_matrix.png
INFO:train:Total time taken evaluate on validation set the model: 0.08s
