INFO:data:Reading dataset fish: oil
INFO:data:Class Counts: [108 126], Class Ratios: [0.46153846 0.53846154]
INFO:data:Number of features: 1023
INFO:data:Number of instances: 234
INFO:data:Number of classes 2.
INFO:__main__:No model found. Train from scratch.
INFO:gp:   	      	                                 fitness                                 	                      size                     
   	      	-------------------------------------------------------------------------	-----------------------------------------------
gen	nevals	avg     	gen	max     	min     	nevals	std      	avg    	gen	max	min	nevals	std    
0  	1023  	0.500189	0  	0.642887	0.360601	1023  	0.0358791	3.53275	0  	7  	2  	1023  	1.34355
INFO:gp:1  	781   	0.530464	1  	0.676742	0.415053	781   	0.036404 	3.87488	1  	11 	2  	781   	1.49942
INFO:gp:2  	772   	0.549945	2  	0.676742	0.399088	772   	0.0430833	4.16129	2  	12 	2  	772   	1.55083
INFO:gp:3  	789   	0.565822	3  	0.687361	0.305543	789   	0.0526188	4.30499	3  	12 	2  	789   	1.69435
INFO:gp:4  	798   	0.591376	4  	0.695855	0.409126	798   	0.0523153	4.13783	4  	11 	2  	798   	1.58548
INFO:gp:5  	765   	0.611408	5  	0.728921	0.403435	765   	0.0571384	4.38416	5  	13 	2  	765   	1.72782
INFO:gp:6  	795   	0.619886	6  	0.728921	0.382349	795   	0.0670198	4.93255	6  	11 	3  	795   	1.91418
INFO:gp:7  	784   	0.626951	7  	0.728921	0.429137	784   	0.0725051	5.60704	7  	14 	1  	784   	2.08847
INFO:gp:8  	750   	0.633292	8  	0.728921	0.347989	750   	0.0735771	5.74487	8  	14 	3  	750   	2.18643
INFO:gp:9  	774   	0.632886	9  	0.729851	0.420206	774   	0.0714534	5.22776	9  	14 	1  	774   	2.06112
INFO:gp:10 	765   	0.643862	10 	0.729851	0.416795	765   	0.0671538	4.6696 	10 	16 	2  	765   	1.90598
INFO:gp:11 	777   	0.653589	11 	0.729851	0.465944	777   	0.060479 	4.32258	11 	14 	3  	777   	1.69513
INFO:gp:12 	759   	0.660833	12 	0.747417	0.462584	759   	0.0607532	4.10655	12 	11 	2  	759   	1.4927 
INFO:gp:13 	773   	0.665964	13 	0.747417	0.440468	773   	0.0619806	4.00098	13 	11 	3  	773   	1.4187 
INFO:gp:14 	777   	0.671577	14 	0.747417	0.47764 	777   	0.0599843	4.20137	14 	12 	3  	777   	1.43906
INFO:gp:15 	758   	0.677305	15 	0.747417	0.46601 	758   	0.0573672	4.29619	15 	12 	3  	758   	1.43455
INFO:gp:16 	772   	0.68179 	16 	0.747417	0.433907	772   	0.0582972	4.63343	16 	15 	3  	772   	1.50838
INFO:gp:17 	780   	0.685363	17 	0.758726	0.485012	780   	0.0586672	4.95699	17 	11 	3  	780   	1.38633
INFO:gp:18 	769   	0.691886	18 	0.758726	0.465707	769   	0.0594503	5.16911	18 	11 	3  	769   	1.35842
INFO:gp:19 	770   	0.696564	19 	0.758726	0.474324	770   	0.0598743	5.37341	19 	13 	3  	770   	1.42775
INFO:gp:20 	770   	0.701212	20 	0.758726	0.471825	770   	0.058329 	5.86804	20 	13 	3  	770   	1.66006
INFO:gp:21 	781   	0.703024	21 	0.766174	0.484534	781   	0.0611574	6.70186	21 	15 	3  	781   	2.03394
INFO:gp:22 	769   	0.713988	22 	0.766263	0.489121	769   	0.0552842	7.65982	22 	17 	3  	769   	2.27177
INFO:gp:23 	766   	0.714314	23 	0.771279	0.47167 	766   	0.059839 	8.348  	23 	19 	3  	766   	2.73676
INFO:gp:24 	742   	0.715385	24 	0.771279	0.481317	742   	0.0604251	9.11437	24 	23 	3  	742   	3.19543
INFO:gp:25 	769   	0.717712	25 	0.772176	0.454932	769   	0.062724 	10.1193	25 	25 	3  	769   	3.63585
INFO:gp:26 	767   	0.719341	26 	0.772274	0.468442	767   	0.0599459	11.0978	26 	29 	3  	767   	3.55713
INFO:gp:27 	789   	0.718086	27 	0.773961	0.487791	789   	0.0631035	11.5259	27 	25 	3  	789   	3.30453
INFO:gp:28 	789   	0.716438	28 	0.774002	0.473737	789   	0.0647869	11.8993	28 	30 	3  	789   	3.64406
INFO:gp:29 	767   	0.719566	29 	0.774002	0.487323	767   	0.0632186	12.1564	29 	25 	3  	767   	3.47438
INFO:gp:30 	754   	0.719264	30 	0.777465	0.48018 	754   	0.0652653	12.5689	30 	29 	3  	754   	3.59196
INFO:gp:31 	751   	0.722108	31 	0.777465	0.48902 	751   	0.0651057	13.0968	31 	27 	3  	751   	3.67861
INFO:gp:32 	766   	0.719276	32 	0.777465	0.487449	766   	0.0675948	13.7038	32 	33 	3  	766   	4.05621
INFO:gp:33 	770   	0.720591	33 	0.777468	0.472563	770   	0.0685426	13.8436	33 	31 	3  	770   	4.47836
INFO:gp:34 	761   	0.72205 	34 	0.782145	0.396657	761   	0.0660484	15.0733	34 	34 	3  	761   	5.59076
INFO:gp:35 	772   	0.719261	35 	0.782145	0.424179	772   	0.0709527	17.4272	35 	35 	3  	772   	6.38136
INFO:gp:36 	761   	0.72444 	36 	0.782145	0.456569	761   	0.0683071	20.4995	36 	51 	3  	761   	6.2979 
INFO:gp:37 	764   	0.728015	37 	0.782145	0.486786	764   	0.0686648	22.651 	37 	54 	3  	764   	5.68344
INFO:gp:38 	775   	0.73454 	38 	0.782145	0.498004	775   	0.0625293	23.0156	38 	40 	3  	775   	5.68579
INFO:gp:39 	782   	0.728581	39 	0.782145	0.493175	782   	0.0672931	22.4976	39 	43 	3  	782   	5.82254
INFO:gp:40 	770   	0.727123	40 	0.782145	0.466256	770   	0.0699804	20.8133	40 	40 	3  	770   	5.59581
INFO:gp:41 	761   	0.737844	41 	0.782145	0.463657	761   	0.0626951	20.0792	41 	44 	3  	761   	4.8495 
INFO:gp:42 	756   	0.730435	42 	0.782145	0.462797	756   	0.0685527	19.6403	42 	40 	3  	756   	4.83163
INFO:gp:43 	789   	0.730892	43 	0.782145	0.487387	789   	0.0667491	19.7214	43 	40 	3  	789   	4.8492 
INFO:gp:44 	800   	0.733556	44 	0.782145	0.492154	800   	0.0643708	19.651 	44 	40 	3  	800   	4.87963
INFO:gp:45 	777   	0.731481	45 	0.782145	0.481842	777   	0.0668348	19.7918	45 	40 	3  	777   	4.99018
INFO:gp:46 	767   	0.731475	46 	0.782145	0.486701	767   	0.0688086	19.8827	46 	43 	3  	767   	4.97579
INFO:gp:47 	750   	0.733132	47 	0.782145	0.507672	750   	0.0665006	19.7077	47 	40 	3  	750   	4.94581
INFO:gp:48 	763   	0.733606	48 	0.782145	0.499045	763   	0.0653143	19.6872	48 	40 	3  	763   	5.11585
INFO:gp:49 	753   	0.732811	49 	0.782145	0.488799	753   	0.0661216	19.5386	49 	40 	3  	753   	5.38818
INFO:gp:50 	779   	0.737412	50 	0.782145	0.482328	779   	0.0611039	19.7273	50 	40 	3  	779   	5.22971
INFO:gp:51 	755   	0.734078	51 	0.782145	0.487417	755   	0.0678345	19.783 	51 	42 	3  	755   	5.10839
INFO:gp:52 	771   	0.734275	52 	0.782145	0.487219	771   	0.0647243	19.8065	52 	40 	3  	771   	4.60733
INFO:gp:53 	790   	0.730879	53 	0.782145	0.481701	790   	0.068125 	19.7204	53 	40 	3  	790   	5.0925 
INFO:gp:54 	764   	0.730309	54 	0.782145	0.404478	764   	0.0696423	19.8905	54 	40 	3  	764   	5.00339
INFO:gp:55 	781   	0.728675	55 	0.782145	0.483467	781   	0.0695864	19.9726	55 	42 	3  	781   	5.26476
INFO:gp:56 	766   	0.735077	56 	0.782145	0.483679	766   	0.064126 	19.8426	56 	40 	3  	766   	5.35629
INFO:gp:57 	770   	0.735831	57 	0.782145	0.462996	770   	0.0663221	19.9306	57 	40 	3  	770   	5.07   
INFO:gp:58 	793   	0.73419 	58 	0.782145	0.511335	793   	0.0644678	19.8807	58 	44 	3  	793   	5.45554
INFO:gp:59 	772   	0.730647	59 	0.782145	0.48499 	772   	0.0684082	19.871 	59 	40 	3  	772   	5.04515
INFO:gp:60 	777   	0.733187	60 	0.782145	0.465295	777   	0.0665291	19.9541	60 	40 	3  	777   	5.10102
INFO:gp:61 	755   	0.733987	61 	0.782145	0.479434	755   	0.0648315	19.9413	61 	40 	3  	755   	5.31514
INFO:gp:62 	766   	0.737077	62 	0.782145	0.496027	766   	0.0604522	19.7928	62 	40 	3  	766   	5.45667
INFO:gp:63 	812   	0.726304	63 	0.782145	0.477206	812   	0.0741178	19.9052	63 	40 	3  	812   	5.18229
INFO:gp:64 	758   	0.735692	64 	0.782145	0.469289	758   	0.0654071	20.0567	64 	40 	3  	758   	5.36914
INFO:gp:65 	761   	0.733068	65 	0.782145	0.494791	761   	0.0659567	20.0655	65 	41 	3  	761   	5.22856
INFO:gp:66 	794   	0.731514	66 	0.782145	0.492777	794   	0.0689516	20.0039	66 	40 	3  	794   	5.28392
INFO:gp:67 	772   	0.73408 	67 	0.782145	0.46259 	772   	0.0635181	20.1632	67 	40 	3  	772   	5.20975
INFO:gp:68 	779   	0.731171	68 	0.782145	0.488715	779   	0.0666132	19.9453	68 	40 	3  	779   	5.09009
INFO:gp:69 	747   	0.735469	69 	0.782145	0.479418	747   	0.0653268	20.0371	69 	40 	3  	747   	5.33479
INFO:gp:70 	782   	0.732959	70 	0.782145	0.443758	782   	0.0680842	19.8807	70 	40 	3  	782   	5.13545
INFO:gp:71 	787   	0.737368	71 	0.782145	0.458073	787   	0.0649531	19.9472	71 	40 	3  	787   	5.322  
INFO:gp:72 	749   	0.737145	72 	0.782145	0.476423	749   	0.0638367	19.9883	72 	55 	3  	749   	5.14177
INFO:gp:73 	748   	0.735245	73 	0.782145	0.512032	748   	0.0649948	19.8778	73 	40 	3  	748   	5.13986
INFO:gp:74 	773   	0.730645	74 	0.782145	0.471284	773   	0.0676003	19.9355	74 	40 	3  	773   	5.31581
INFO:gp:75 	781   	0.733113	75 	0.782145	0.495867	781   	0.0679971	20.132 	75 	54 	3  	781   	5.47858
INFO:gp:76 	765   	0.732084	76 	0.782145	0.438933	765   	0.0693705	20.174 	76 	40 	3  	765   	5.49691
INFO:gp:77 	757   	0.736512	77 	0.782145	0.492182	757   	0.0639357	20.0968	77 	40 	3  	757   	5.42823
INFO:gp:78 	733   	0.735923	78 	0.782145	0.493598	733   	0.064821 	20.0244	78 	40 	3  	733   	5.54396
INFO:gp:79 	799   	0.732937	79 	0.782182	0.464626	799   	0.0666592	19.9756	79 	40 	3  	799   	5.34356
INFO:gp:80 	779   	0.730814	80 	0.782182	0.469262	779   	0.0680464	20.3148	80 	38 	3  	779   	4.99605
INFO:gp:81 	798   	0.728948	81 	0.782182	0.474453	798   	0.068484 	19.9541	81 	38 	3  	798   	5.58265
INFO:gp:82 	754   	0.733664	82 	0.785781	0.476026	754   	0.0686784	20.3021	82 	38 	3  	754   	5.11105
INFO:gp:83 	780   	0.732182	83 	0.785781	0.438962	780   	0.0671849	20.1241	83 	38 	3  	780   	5.46089
INFO:gp:84 	758   	0.734429	84 	0.785781	0.456395	758   	0.0652051	20.6413	84 	44 	3  	758   	5.56586
INFO:gp:85 	750   	0.732994	85 	0.785781	0.48429 	750   	0.0679009	21.1466	85 	39 	3  	750   	5.39686
INFO:gp:86 	717   	0.736987	86 	0.785781	0.432867	717   	0.0654818	21.8817	86 	40 	3  	717   	5.16537
INFO:gp:87 	758   	0.736328	87 	0.785781	0.430972	758   	0.0645691	22.13  	87 	38 	3  	758   	5.05045
INFO:gp:88 	784   	0.734068	88 	0.785817	0.471591	784   	0.0673939	21.74  	88 	41 	3  	784   	4.98785
INFO:gp:89 	775   	0.734412	89 	0.785817	0.432797	775   	0.0686557	20.5875	89 	43 	3  	775   	5.77823
INFO:gp:90 	770   	0.733288	90 	0.78617 	0.507422	770   	0.0665338	20.0068	90 	38 	3  	770   	5.23083
INFO:gp:91 	760   	0.731765	91 	0.78617 	0.505072	760   	0.0692507	19.7155	91 	39 	3  	760   	5.34099
INFO:gp:92 	774   	0.732994	92 	0.78617 	0.422269	774   	0.0690795	20.3324	92 	42 	3  	774   	4.94318
INFO:gp:93 	786   	0.733362	93 	0.78617 	0.462996	786   	0.0667663	20.8201	93 	40 	3  	786   	5.07143
INFO:gp:94 	779   	0.739307	94 	0.78617 	0.471258	779   	0.0640506	20.8592	94 	41 	3  	779   	4.93909
INFO:gp:95 	765   	0.737693	95 	0.78617 	0.490328	765   	0.0632317	20.2659	95 	39 	3  	765   	4.97812
INFO:gp:96 	771   	0.736336	96 	0.786201	0.49393 	771   	0.0695227	19.3519	96 	38 	3  	771   	4.86427
INFO:gp:97 	752   	0.733096	97 	0.786201	0.465026	752   	0.0686551	18.6481	97 	38 	3  	752   	4.73762
INFO:gp:98 	773   	0.733523	98 	0.786201	0.487446	773   	0.0698188	18.6706	98 	38 	3  	773   	4.72737
INFO:gp:99 	754   	0.731957	99 	0.786201	0.494145	754   	0.0689845	18.7576	99 	38 	3  	754   	4.76607
INFO:gp:100	781   	0.730586	100	0.786201	0.476735	781   	0.073817 	19.0978	100	38 	3  	781   	4.74225
INFO:gp:101	791   	0.735027	101	0.786201	0.495552	791   	0.0674386	19.6696	101	39 	3  	791   	4.61693
INFO:gp:102	766   	0.738291	102	0.786201	0.492515	766   	0.0652876	20.5279	102	41 	3  	766   	4.34879
INFO:gp:103	789   	0.738988	103	0.786201	0.492845	789   	0.0659365	21.044 	103	43 	3  	789   	4.25334
INFO:gp:104	782   	0.736805	104	0.786201	0.477335	782   	0.0669857	21.0459	104	39 	3  	782   	4.11953
INFO:gp:105	788   	0.735373	105	0.799282	0.505554	788   	0.0684748	21.0313	105	41 	3  	788   	4.57767
INFO:gp:106	741   	0.737043	106	0.799282	0.494068	741   	0.0687944	21.0469	106	39 	3  	741   	4.3392 
INFO:gp:107	763   	0.733147	107	0.799282	0.492817	763   	0.0733936	20.956 	107	39 	3  	763   	4.59089
INFO:gp:108	786   	0.74015 	108	0.799282	0.497714	786   	0.0653297	21.0596	108	39 	3  	786   	4.28817
INFO:gp:109	783   	0.739856	109	0.805231	0.487429	783   	0.068519 	21.1965	109	39 	3  	783   	4.19485
INFO:gp:110	724   	0.742662	110	0.805231	0.494088	724   	0.0671563	21.4047	110	39 	3  	724   	4.27871
INFO:gp:111	768   	0.743699	111	0.805231	0.486785	768   	0.0675578	21.3138	111	43 	3  	768   	4.40211
INFO:gp:112	748   	0.747882	112	0.805231	0.499418	748   	0.0671939	21.1427	112	42 	5  	748   	4.23724
INFO:gp:113	766   	0.748251	113	0.805231	0.506226	766   	0.0652367	20.9951	113	40 	3  	766   	4.37948
INFO:gp:114	783   	0.747797	114	0.805256	0.470506	783   	0.0657198	20.8612	114	45 	5  	783   	4.798  
INFO:gp:115	795   	0.747039	115	0.805256	0.48516 	795   	0.0659039	20.7263	115	40 	5  	795   	4.12149
INFO:gp:116	770   	0.749434	116	0.805256	0.487538	770   	0.0706352	20.7028	116	36 	3  	770   	3.92845
INFO:gp:117	765   	0.747219	117	0.805256	0.465722	765   	0.068683 	20.5699	117	42 	5  	765   	4.44085
INFO:gp:118	759   	0.75175 	118	0.805256	0.497837	759   	0.0664632	20.6862	118	37 	5  	759   	4.08228
INFO:gp:119	779   	0.754139	119	0.805273	0.499777	779   	0.0641618	20.8905	119	41 	5  	779   	4.45832
INFO:gp:120	757   	0.75799 	120	0.807108	0.51375 	757   	0.064122 	21.1799	120	40 	5  	757   	4.05593
INFO:gp:121	776   	0.755763	121	0.807108	0.499078	776   	0.0662996	21.4223	121	41 	3  	776   	4.18576
INFO:gp:122	765   	0.760922	122	0.807108	0.492907	765   	0.0631803	22.0831	122	42 	5  	765   	3.63887
INFO:gp:123	749   	0.76107 	123	0.807108	0.472784	749   	0.0635262	22.3587	123	43 	5  	749   	3.62237
INFO:gp:124	751   	0.765733	124	0.810403	0.49554 	751   	0.058502 	22.5562	124	43 	5  	751   	4.09331
INFO:gp:125	785   	0.765855	125	0.810403	0.454706	785   	0.0601557	22.7234	125	44 	5  	785   	3.77116
INFO:gp:126	763   	0.765997	126	0.810403	0.513341	763   	0.0587009	22.9257	126	46 	5  	763   	3.75891
INFO:gp:127	792   	0.76041 	127	0.810412	0.48138 	792   	0.0636508	23.1339	127	45 	5  	792   	4.04044
INFO:gp:128	789   	0.762847	128	0.810412	0.489177	789   	0.0643936	23.1574	128	43 	5  	789   	4.1513 
INFO:gp:129	776   	0.7613  	129	0.810431	0.490389	776   	0.0650719	23.7234	129	46 	5  	776   	4.24871
INFO:gp:130	767   	0.759644	130	0.810431	0.501286	767   	0.0655132	23.8035	130	36 	5  	767   	4.09295
INFO:gp:131	790   	0.763607	131	0.810431	0.502982	790   	0.0635278	24.0215	131	42 	5  	790   	4.52035
INFO:gp:132	772   	0.769761	132	0.810431	0.497393	772   	0.0587165	23.869 	132	46 	5  	772   	4.09521
INFO:gp:133	824   	0.769301	133	0.810456	0.437018	824   	0.0586168	23.609 	133	50 	5  	824   	4.01191
INFO:gp:134	747   	0.774832	134	0.810456	0.445564	747   	0.0587951	23.6588	134	49 	5  	747   	3.23712
INFO:gp:135	775   	0.778175	135	0.810456	0.508931	775   	0.0539342	23.7683	135	45 	13 	775   	2.74139
INFO:gp:136	776   	0.779157	136	0.810456	0.490049	776   	0.0530579	24.218 	136	49 	3  	776   	3.33212
INFO:gp:137	766   	0.78157 	137	0.810456	0.49698 	766   	0.0504579	25.0674	137	45 	5  	766   	3.12564
INFO:gp:138	773   	0.776584	138	0.810468	0.493361	773   	0.0579539	26.001 	138	53 	5  	773   	3.43818
INFO:gp:139	782   	0.779455	139	0.810468	0.495106	782   	0.0537873	26.5973	139	53 	3  	782   	3.4052 
INFO:gp:140	780   	0.780819	140	0.816894	0.500821	780   	0.0529451	27.3255	140	53 	7  	780   	3.47574
INFO:gp:141	785   	0.778108	141	0.816894	0.500068	785   	0.0537036	27.695 	141	55 	5  	785   	3.92362
INFO:gp:142	773   	0.778117	142	0.816911	0.49616 	773   	0.0542463	28.0557	142	57 	9  	773   	3.5491 
INFO:gp:143	770   	0.776383	143	0.816911	0.494549	770   	0.058815 	28.0899	143	53 	3  	770   	3.82814
INFO:gp:144	772   	0.777432	144	0.816924	0.510459	772   	0.0574329	28.3412	144	49 	7  	772   	3.29162
INFO:gp:145	756   	0.782093	145	0.81728 	0.510336	756   	0.0565159	28.4575	145	53 	5  	756   	3.32471
INFO:gp:146	771   	0.782733	146	0.81728 	0.505955	771   	0.0572555	28.6227	146	55 	11 	771   	2.91193
INFO:gp:147	745   	0.785853	147	0.81728 	0.458328	745   	0.0542717	29.1144	147	53 	6  	745   	3.02023
INFO:gp:148	783   	0.784399	148	0.817286	0.501504	783   	0.0566204	30.0049	148	55 	3  	783   	3.6417 
INFO:gp:149	766   	0.78868 	149	0.817286	0.529108	766   	0.0495959	31.5621	149	55 	17 	766   	4.57604
INFO:gp:150	755   	0.787635	150	0.817319	0.484102	755   	0.0534513	33.9795	150	75 	11 	755   	5.33589
INFO:gp:151	774   	0.786162	151	0.817319	0.517812	774   	0.0548723	36.4027	151	75 	18 	774   	4.54026
INFO:gp:152	773   	0.788647	152	0.817319	0.50635 	773   	0.0528746	37.391 	152	49 	6  	773   	3.63775
INFO:gp:153	776   	0.788191	153	0.819407	0.496749	776   	0.052375 	37.7986	153	61 	22 	776   	3.29497
INFO:gp:154	758   	0.789364	154	0.819763	0.498652	758   	0.0520651	38.1036	154	49 	23 	758   	2.76428
INFO:gp:155	783   	0.787583	155	0.819763	0.436356	783   	0.0579666	37.8524	155	53 	17 	783   	3.29381
INFO:gp:156	796   	0.787807	156	0.823035	0.509044	796   	0.053058 	37.8299	156	61 	17 	796   	3.24984
INFO:gp:157	777   	0.788645	157	0.823069	0.499974	777   	0.0545637	37.9101	157	74 	21 	777   	3.42889
INFO:gp:158	784   	0.790871	158	0.823069	0.476714	784   	0.0509332	38.0489	158	69 	19 	784   	3.40885
INFO:gp:159	767   	0.790618	159	0.826307	0.509044	767   	0.0549364	38.434 	159	62 	16 	767   	3.47021
INFO:gp:160	770   	0.790581	160	0.826307	0.467785	770   	0.0571527	38.6882	160	71 	18 	770   	3.32318
INFO:gp:161	756   	0.792717	161	0.826307	0.505457	756   	0.053914 	38.2414	161	60 	15 	756   	3.59827
INFO:gp:162	773   	0.789697	162	0.826307	0.494022	773   	0.0593071	37.9081	162	73 	11 	773   	3.95816
INFO:gp:163	775   	0.789612	163	0.826307	0.493357	775   	0.0596502	37.8309	163	75 	12 	775   	3.70487
INFO:gp:164	778   	0.789203	164	0.826307	0.489859	778   	0.060752 	37.9883	164	73 	5  	778   	3.8877 
INFO:gp:165	761   	0.791627	165	0.826393	0.505341	761   	0.0565852	38.1584	165	46 	9  	761   	3.47204
INFO:gp:166	781   	0.789634	166	0.826393	0.521329	781   	0.0582649	38.4057	166	60 	6  	781   	3.82749
INFO:gp:167	779   	0.7902  	167	0.826401	0.492651	779   	0.0573979	38.5855	167	79 	11 	779   	4.44894
INFO:gp:168	765   	0.789032	168	0.826401	0.508543	765   	0.0585048	38.6178	168	77 	5  	765   	4.22574
INFO:gp:169	780   	0.786622	169	0.826401	0.496971	780   	0.0643114	38.3832	169	71 	7  	780   	4.07839
INFO:gp:170	770   	0.790602	170	0.826406	0.501095	770   	0.0568926	38.1241	170	73 	15 	770   	3.81964
INFO:gp:171	795   	0.792917	171	0.826406	0.492634	795   	0.0525698	37.8485	171	73 	11 	795   	3.30223
INFO:gp:172	760   	0.792083	172	0.826406	0.498928	760   	0.0572901	37.6843	172	49 	7  	760   	2.48141
INFO:gp:173	765   	0.788126	173	0.826406	0.497384	765   	0.0607892	37.6686	173	73 	5  	765   	3.31805
INFO:gp:174	788   	0.790037	174	0.826406	0.458802	788   	0.0584056	37.6804	174	48 	11 	788   	2.10303
INFO:gp:175	794   	0.791544	175	0.826406	0.483067	794   	0.0570103	37.7429	175	71 	4  	794   	2.8089 
INFO:gp:176	778   	0.793122	176	0.826446	0.495518	778   	0.0552819	37.8104	176	73 	23 	778   	2.5697 
INFO:gp:177	762   	0.796068	177	0.826446	0.496887	762   	0.0531295	37.8201	177	73 	16 	762   	2.13496
INFO:gp:178	787   	0.793359	178	0.826446	0.500266	787   	0.0566018	38.0186	178	75 	23 	787   	3.02008
INFO:gp:179	789   	0.791494	179	0.826446	0.502923	789   	0.0592754	37.9912	179	73 	18 	789   	2.39887
INFO:gp:180	766   	0.797454	180	0.82645 	0.495967	766   	0.049654 	38.3069	180	73 	29 	766   	2.42132
INFO:gp:181	793   	0.796031	181	0.82645 	0.500347	793   	0.0537101	38.5376	181	73 	32 	793   	2.17879
INFO:gp:182	774   	0.796741	182	0.82645 	0.517352	774   	0.0515043	38.9189	182	73 	29 	774   	2.14213
INFO:gp:183	789   	0.794645	183	0.82645 	0.498404	789   	0.0542784	39.3128	183	75 	18 	789   	2.86379
INFO:gp:184	787   	0.795031	184	0.826451	0.503489	787   	0.0564191	39.434 	184	51 	30 	787   	1.75178
INFO:gp:185	772   	0.79441 	185	0.826451	0.45541 	772   	0.0552871	39.523 	185	75 	4  	772   	2.72012
INFO:gp:186	784   	0.797253	186	0.826451	0.511056	784   	0.0512301	39.6041	186	75 	20 	784   	2.52198
INFO:gp:187	766   	0.792493	187	0.826451	0.496838	766   	0.0599573	39.609 	187	65 	18 	766   	2.50973
INFO:gp:188	784   	0.798801	188	0.826478	0.50731 	784   	0.0499558	39.6618	188	67 	29 	784   	1.94172
INFO:gp:189	812   	0.795141	189	0.826478	0.496917	812   	0.055172 	39.5474	189	75 	24 	812   	2.11068
INFO:gp:190	741   	0.796917	190	0.826478	0.507461	741   	0.0556896	39.7097	190	74 	24 	741   	2.14908
INFO:gp:191	747   	0.796536	191	0.826478	0.517295	747   	0.0557096	39.7292	191	64 	18 	747   	2.14253
INFO:gp:192	789   	0.795903	192	0.826478	0.487249	789   	0.0537445	39.7732	192	73 	27 	789   	1.89649
INFO:gp:193	781   	0.795702	193	0.826478	0.500576	781   	0.0541914	39.7195	193	70 	32 	781   	1.94411
INFO:gp:194	772   	0.794357	194	0.82652 	0.494171	772   	0.057506 	39.7097	194	68 	23 	772   	2.243  
INFO:gp:195	768   	0.797274	195	0.82652 	0.500291	768   	0.0516148	39.6188	195	53 	31 	768   	1.87886
INFO:gp:196	775   	0.797426	196	0.826526	0.517992	775   	0.0519175	39.6647	196	75 	5  	775   	2.77011
INFO:gp:197	778   	0.794197	197	0.826526	0.517936	778   	0.0551545	39.7058	197	63 	5  	778   	2.56345
INFO:gp:198	770   	0.796061	198	0.826526	0.486817	770   	0.0535847	40.2072	198	75 	31 	770   	2.47254
INFO:gp:199	788   	0.797946	199	0.826538	0.520551	788   	0.0500643	40.5992	199	63 	18 	788   	2.56445
INFO:gp:200	772   	0.790776	200	0.826538	0.457128	772   	0.0658773	40.8954	200	54 	7  	772   	2.78907
INFO:gp:201	773   	0.796302	201	0.826559	0.493579	773   	0.0538861	41.2747	201	71 	7  	773   	2.87841
INFO:gp:202	793   	0.797165	202	0.826559	0.501697	793   	0.0531789	41.2874	202	63 	20 	793   	2.39532
INFO:gp:203	776   	0.797027	203	0.826559	0.508542	776   	0.0530117	41.3803	203	66 	4  	776   	2.73586
INFO:gp:204	771   	0.796291	204	0.826559	0.473424	771   	0.0554495	41.654 	204	54 	32 	771   	1.87318
INFO:gp:205	752   	0.797607	205	0.826559	0.508876	752   	0.0542498	41.6618	205	73 	30 	752   	2.1582 
INFO:gp:206	778   	0.797852	206	0.826559	0.520432	778   	0.0512478	41.783 	206	79 	22 	778   	2.71267
INFO:gp:207	783   	0.795448	207	0.826559	0.513904	783   	0.0545597	41.6804	207	81 	30 	783   	2.71387
INFO:gp:208	760   	0.79341 	208	0.826559	0.499262	760   	0.0568799	41.5582	208	66 	23 	760   	2.10949
INFO:gp:209	776   	0.795554	209	0.826559	0.500288	776   	0.0565762	41.5474	209	69 	24 	776   	2.33245
INFO:gp:210	774   	0.793782	210	0.826564	0.513365	774   	0.0570699	41.6227	210	79 	32 	774   	2.40201
INFO:gp:211	788   	0.795044	211	0.826566	0.495703	788   	0.0556718	41.5562	211	79 	18 	788   	2.81674
INFO:gp:212	782   	0.798547	212	0.826566	0.504029	782   	0.0499515	41.6686	212	79 	32 	782   	2.69184
INFO:gp:213	817   	0.791281	213	0.826566	0.460019	817   	0.0615454	41.6696	213	66 	31 	817   	2.04359
INFO:gp:214	753   	0.796893	214	0.826566	0.504029	753   	0.0518508	41.6364	214	81 	31 	753   	2.44884
INFO:gp:215	782   	0.792889	215	0.826566	0.497319	782   	0.0603501	41.5973	215	79 	31 	782   	2.21257
INFO:gp:216	785   	0.797082	216	0.826618	0.4772  	785   	0.0535731	41.694 	216	72 	34 	785   	1.90005
INFO:gp:217	767   	0.798949	217	0.826618	0.491357	767   	0.0512312	41.6373	217	72 	30 	767   	2.35061
INFO:gp:218	778   	0.793577	218	0.826618	0.487333	778   	0.0592887	41.5523	218	79 	5  	778   	3.64652
INFO:gp:219	771   	0.796564	219	0.826618	0.504594	771   	0.0511068	41.521 	219	55 	31 	771   	2.20088
INFO:gp:220	773   	0.794156	220	0.826629	0.51404 	773   	0.0580072	41.6061	220	81 	8  	773   	2.91594
INFO:gp:221	790   	0.793489	221	0.826705	0.500333	790   	0.0584681	41.7967	221	81 	20 	790   	2.80687
INFO:gp:222	768   	0.79764 	222	0.826705	0.496256	768   	0.0528335	42.3236	222	57 	32 	768   	2.12372
INFO:gp:223	753   	0.800034	223	0.826706	0.482569	753   	0.0511744	42.9638	223	83 	33 	753   	2.64476
INFO:gp:224	784   	0.795714	224	0.826724	0.495304	784   	0.0554766	43.2473	224	72 	25 	784   	2.61853
INFO:gp:225	780   	0.800086	225	0.826736	0.487967	780   	0.0481857	43.4673	225	54 	34 	780   	1.97903
INFO:gp:226	780   	0.79773 	226	0.829878	0.52142 	780   	0.0504829	43.3451	226	83 	6  	780   	2.93381
INFO:gp:227	788   	0.795485	227	0.829878	0.495187	788   	0.0546797	43.4526	227	85 	24 	788   	3.01113
INFO:gp:228	758   	0.797794	228	0.829878	0.516871	758   	0.0534212	43.4311	228	83 	25 	758   	2.64388
INFO:gp:229	774   	0.796137	229	0.829941	0.483742	774   	0.0560476	43.2805	229	67 	31 	774   	2.48209
INFO:gp:230	750   	0.796306	230	0.829941	0.514656	750   	0.0550257	43.2248	230	83 	9  	750   	2.96415
INFO:gp:231	756   	0.797878	231	0.829955	0.508298	756   	0.0546214	42.9218	231	69 	33 	756   	2.44385
INFO:gp:232	770   	0.799168	232	0.829955	0.4912  	770   	0.0526001	41.956 	232	72 	5  	770   	3.15903
INFO:gp:233	791   	0.798361	233	0.830003	0.521749	791   	0.0539181	40.9609	233	74 	27 	791   	2.67979
INFO:gp:234	792   	0.797591	234	0.830022	0.498202	792   	0.055989 	40.5083	234	78 	30 	792   	2.73275
INFO:gp:235	774   	0.79629 	235	0.830031	0.497929	774   	0.0599105	40.4389	235	74 	31 	774   	2.31699
INFO:gp:236	781   	0.797092	236	0.830036	0.456295	781   	0.0587902	40.4985	236	75 	14 	781   	2.84527
INFO:gp:237	773   	0.798485	237	0.830048	0.446237	773   	0.0575471	40.9648	237	55 	7  	773   	2.52548
INFO:gp:238	756   	0.800962	238	0.830053	0.498205	756   	0.054979 	41.6843	238	73 	18 	756   	2.79663
INFO:gp:239	776   	0.79866 	239	0.830053	0.502405	776   	0.0568859	42.9736	239	80 	23 	776   	3.43695
INFO:gp:240	778   	0.797805	240	0.830315	0.504199	778   	0.0594735	44.0147	240	80 	28 	778   	3.01848
INFO:gp:241	785   	0.798061	241	0.830315	0.482594	785   	0.0580418	44.3109	241	85 	24 	785   	2.98303
INFO:gp:242	774   	0.799367	242	0.830328	0.489971	774   	0.0560587	44.5249	242	73 	5  	774   	2.53135
INFO:gp:243	779   	0.799841	243	0.830332	0.488254	779   	0.0573342	44.6325	243	84 	21 	779   	3.02026
INFO:gp:244	779   	0.801133	244	0.830332	0.507722	779   	0.0534782	44.694 	244	59 	35 	779   	2.08828
INFO:gp:245	757   	0.803341	245	0.830335	0.495276	757   	0.0511757	45.0635	245	62 	22 	757   	2.19545
INFO:gp:246	767   	0.798252	246	0.830335	0.508695	767   	0.055896 	45.2659	246	70 	5  	767   	2.63811
INFO:gp:247	776   	0.803966	247	0.830338	0.539881	776   	0.0480605	45.4291	247	61 	26 	776   	2.17302
INFO:gp:248	778   	0.798282	248	0.830344	0.458713	778   	0.0575694	45.5425	248	87 	23 	778   	2.59029
INFO:gp:249	780   	0.800829	249	0.830379	0.488925	780   	0.0550977	45.4526	249	78 	24 	780   	2.41238
INFO:gp:250	756   	0.80111 	250	0.830379	0.510379	756   	0.0563671	45.6813	250	87 	5  	756   	3.39111
INFO:gp:251	773   	0.798819	251	0.830379	0.510825	773   	0.0574315	45.5591	251	87 	37 	773   	2.41981
INFO:gp:252	785   	0.799636	252	0.830397	0.517275	785   	0.055382 	45.7742	252	87 	37 	785   	2.60626
INFO:gp:253	786   	0.800201	253	0.830397	0.489049	786   	0.0533022	45.781 	253	87 	31 	786   	2.73369
INFO:gp:254	771   	0.801113	254	0.830397	0.50042 	771   	0.0547137	46.0762	254	80 	38 	771   	2.58994
INFO:gp:255	783   	0.798484	255	0.830397	0.534384	783   	0.0538067	46.2043	255	62 	31 	783   	2.38567
INFO:gp:256	800   	0.796922	256	0.830416	0.465748	800   	0.0592629	46.695 	256	95 	7  	800   	3.7116 
INFO:gp:257	788   	0.799549	257	0.830416	0.506496	788   	0.0559424	47.3187	257	93 	28 	788   	3.18263
INFO:gp:258	765   	0.799472	258	0.830416	0.507836	765   	0.0538917	47.6618	258	94 	28 	765   	3.58734
INFO:gp:259	772   	0.802147	259	0.830439	0.518103	772   	0.0529458	48.1398	259	95 	37 	772   	3.28107
INFO:gp:260	763   	0.802283	260	0.830439	0.526787	763   	0.0518379	48.2502	260	90 	31 	763   	2.73708
INFO:gp:261	760   	0.803736	261	0.830439	0.499573	760   	0.0504534	48.5591	261	93 	37 	760   	2.39708
INFO:gp:262	788   	0.800363	262	0.830471	0.504044	788   	0.0589147	48.5982	262	63 	7  	788   	2.22135
INFO:gp:263	770   	0.800971	263	0.830471	0.502875	770   	0.0544812	48.7537	263	93 	34 	770   	2.42259
INFO:gp:264	762   	0.803421	264	0.830471	0.479452	762   	0.0526793	49.0694	264	95 	35 	762   	2.46779
INFO:gp:265	772   	0.802266	265	0.834053	0.521587	772   	0.054047 	49.4985	265	90 	38 	772   	3.16533
INFO:gp:266	762   	0.803629	266	0.834084	0.513189	762   	0.0516557	49.9941	266	86 	38 	762   	2.48907
INFO:gp:267	777   	0.8027  	267	0.834084	0.522758	777   	0.0529252	50.2688	267	66 	40 	777   	2.06139
INFO:gp:268	750   	0.802866	268	0.834084	0.480935	750   	0.0536203	50.3089	268	63 	39 	750   	1.96509
INFO:gp:269	768   	0.804022	269	0.834084	0.503858	768   	0.0530367	50.3548	269	84 	30 	768   	2.38892
INFO:gp:270	765   	0.802426	270	0.834084	0.463287	765   	0.0548736	50.2434	270	80 	36 	765   	2.58887
INFO:gp:271	771   	0.800489	271	0.834145	0.501745	771   	0.0595859	50.259 	271	97 	34 	771   	2.95987
INFO:gp:272	764   	0.802854	272	0.834145	0.483558	764   	0.0575859	50.3734	272	81 	27 	764   	2.46805
INFO:gp:273	767   	0.804554	273	0.834145	0.51325 	767   	0.0538807	50.3998	273	66 	36 	767   	2.25619
INFO:gp:274	774   	0.80377 	274	0.834308	0.514668	774   	0.0543365	50.4907	274	85 	37 	774   	2.50155
INFO:gp:275	774   	0.801211	275	0.834308	0.493548	774   	0.0614529	50.4115	275	97 	27 	774   	2.63701
INFO:gp:276	751   	0.802561	276	0.834308	0.491268	751   	0.0571322	50.3803	276	66 	27 	751   	2.24089
INFO:gp:277	762   	0.804567	277	0.834308	0.519075	762   	0.055529 	50.4164	277	99 	9  	762   	2.88431
INFO:gp:278	747   	0.806025	278	0.834308	0.488491	747   	0.0524721	50.2405	278	80 	22 	747   	2.42479
INFO:gp:279	769   	0.805099	279	0.834327	0.504939	769   	0.0532007	50.2014	279	80 	39 	769   	2.65562
INFO:gp:280	790   	0.801254	280	0.834327	0.500025	790   	0.0571379	49.8211	280	98 	32 	790   	3.46837
INFO:gp:281	753   	0.802103	281	0.834327	0.523792	753   	0.0579525	49.7253	281	85 	36 	753   	2.60532
INFO:gp:282	804   	0.80345 	282	0.83597 	0.537387	804   	0.0536925	49.6325	282	85 	38 	804   	2.58006
INFO:gp:283	784   	0.80239 	283	0.83597 	0.498672	784   	0.0579353	49.6628	283	64 	36 	784   	1.84615
INFO:gp:284	775   	0.800792	284	0.836001	0.488261	775   	0.0615262	49.4682	284	62 	6  	775   	2.47385
INFO:gp:285	745   	0.806469	285	0.836001	0.512929	745   	0.0532856	49.4066	285	63 	29 	745   	2.11702
INFO:gp:286	774   	0.803542	286	0.839327	0.507482	774   	0.0575378	49.3079	286	95 	25 	774   	3.36563
INFO:gp:287	763   	0.805235	287	0.839327	0.49134 	763   	0.0573022	48.9365	287	63 	24 	763   	2.42399
INFO:gp:288	769   	0.803073	288	0.839327	0.520605	769   	0.0584815	48.4624	288	85 	39 	769   	2.49619
INFO:gp:289	762   	0.806212	289	0.839811	0.507914	762   	0.0540071	47.9726	289	85 	38 	762   	2.47988
INFO:gp:290	789   	0.801983	290	0.839811	0.495188	789   	0.0594039	47.5982	290	85 	39 	789   	2.54651
INFO:gp:291	780   	0.806391	291	0.839811	0.504595	780   	0.0549548	47.5054	291	90 	6  	780   	2.82734
INFO:gp:292	765   	0.803455	292	0.839811	0.51887 	765   	0.0607771	47.739 	292	65 	33 	765   	2.65429
INFO:gp:293	791   	0.80623 	293	0.839811	0.503036	791   	0.0587775	48.4741	293	97 	21 	791   	3.61017
INFO:gp:294	757   	0.807578	294	0.839811	0.513375	757   	0.0581059	50.1232	294	63 	39 	757   	3.2914 
INFO:gp:295	775   	0.805479	295	0.839956	0.528165	775   	0.0591362	51.4946	295	62 	38 	775   	2.96175
INFO:gp:296	797   	0.807942	296	0.839956	0.513611	797   	0.0564919	52.0948	296	95 	43 	797   	3.34725
INFO:gp:297	771   	0.806973	297	0.839956	0.504896	771   	0.0592526	52.0479	297	63 	3  	771   	3.13537
INFO:gp:298	759   	0.80864 	298	0.839956	0.502175	759   	0.0565079	52.3675	298	87 	27 	759   	3.0531 
INFO:gp:299	790   	0.806028	299	0.839956	0.485344	790   	0.0604648	52.3187	299	101	31 	790   	2.83397
INFO:gp:300	749   	0.805576	300	0.839956	0.501317	749   	0.0609588	52.4545	300	101	36 	749   	3.08682
INFO:gp:301	793   	0.808255	301	0.841137	0.510694	793   	0.0563843	52.4008	301	63 	42 	793   	1.99992
INFO:gp:302	768   	0.809169	302	0.841137	0.506035	768   	0.0522683	52.4682	302	103	5  	768   	3.28341
INFO:gp:303	780   	0.809957	303	0.841271	0.514749	780   	0.0523353	52.4555	303	87 	13 	780   	2.80757
INFO:gp:304	783   	0.809127	304	0.841271	0.449413	783   	0.05583  	52.7605	304	91 	9  	783   	2.96515
INFO:gp:305	765   	0.809669	305	0.841271	0.501996	765   	0.0531546	53.2864	305	73 	37 	765   	2.66454
INFO:gp:306	777   	0.810826	306	0.841271	0.519352	777   	0.0531292	54.2346	306	107	27 	777   	3.59995
INFO:gp:307	757   	0.812284	307	0.841271	0.507021	757   	0.0531142	54.9814	307	104	42 	757   	3.11504
INFO:gp:308	754   	0.810398	308	0.841271	0.488997	754   	0.0570029	55.173 	308	89 	36 	754   	2.97141
INFO:gp:309	777   	0.810677	309	0.841313	0.494152	777   	0.0580247	55.0626	309	85 	29 	777   	3.01803
INFO:gp:310	781   	0.810313	310	0.841313	0.479363	781   	0.0560499	55.1535	310	91 	5  	781   	3.13884
INFO:gp:311	781   	0.810037	311	0.841313	0.503291	781   	0.0558746	55.3441	311	85 	43 	781   	2.77168
INFO:gp:312	763   	0.812685	312	0.844559	0.480067	763   	0.0527815	55.1046	312	68 	30 	763   	2.85933
INFO:gp:313	757   	0.810837	313	0.844559	0.494209	757   	0.055639 	55.3265	313	109	27 	757   	3.26643
INFO:gp:314	757   	0.811448	314	0.844559	0.5208  	757   	0.0556836	55.1114	314	89 	40 	757   	3.03278
INFO:gp:315	782   	0.811952	315	0.844567	0.501915	782   	0.0547705	54.8856	315	65 	43 	782   	2.3699 
INFO:gp:316	792   	0.809957	316	0.844567	0.491671	792   	0.0575512	54.6295	316	105	9  	792   	3.31686
INFO:gp:317	781   	0.811349	317	0.844585	0.489918	781   	0.0593263	54.4008	317	106	38 	781   	3.07604
INFO:gp:318	773   	0.810353	318	0.844585	0.500099	773   	0.0595193	54.2884	318	74 	44 	773   	2.38682
INFO:gp:319	767   	0.813179	319	0.844585	0.506456	767   	0.0564089	54.2805	319	74 	34 	767   	2.50327
INFO:gp:320	771   	0.813503	320	0.844585	0.497714	771   	0.0589123	54.4213	320	107	6  	771   	3.0833 
INFO:gp:321	767   	0.814751	321	0.844585	0.475098	767   	0.0555799	54.4086	321	68 	6  	767   	2.61793
INFO:gp:322	784   	0.813484	322	0.844585	0.52222 	784   	0.0557679	54.4448	322	105	32 	784   	3.38974
INFO:gp:323	740   	0.815123	323	0.844585	0.513728	740   	0.0547839	54.4888	323	84 	46 	740   	2.25882
INFO:gp:324	761   	0.816112	324	0.844585	0.503608	761   	0.0535467	54.4624	324	91 	44 	761   	2.5577 
INFO:gp:325	768   	0.812047	325	0.844585	0.481155	768   	0.0595973	54.3314	325	68 	36 	768   	2.32851
INFO:gp:326	748   	0.81566 	326	0.844585	0.532513	748   	0.0527983	54.4291	326	89 	38 	748   	2.76315
INFO:gp:327	771   	0.812527	327	0.844585	0.513885	771   	0.0592788	54.3089	327	91 	26 	771   	2.95988
INFO:gp:328	724   	0.816339	328	0.844585	0.486661	724   	0.0551305	54.4555	328	105	9  	724   	3.25455
INFO:gp:329	764   	0.813252	329	0.844585	0.490781	764   	0.0611276	54.2532	329	89 	5  	764   	3.07537
INFO:gp:330	773   	0.815196	330	0.844585	0.513831	773   	0.052535 	54.2815	330	105	44 	773   	2.84581
INFO:gp:331	779   	0.813936	331	0.844585	0.530994	779   	0.0569334	54.3617	331	74 	37 	779   	2.48243
INFO:gp:332	781   	0.81367 	332	0.8446  	0.535135	781   	0.0529519	54.3822	332	91 	28 	781   	2.88888
INFO:gp:333	775   	0.815231	333	0.8446  	0.499168	775   	0.0530425	54.4076	333	91 	40 	775   	2.52437
INFO:gp:334	757   	0.814281	334	0.8446  	0.525644	757   	0.0536956	54.1926	334	70 	30 	757   	2.60143
INFO:gp:335	758   	0.813026	335	0.8446  	0.500158	758   	0.0566686	54.2766	335	105	30 	758   	3.2556 
INFO:gp:336	782   	0.812067	336	0.8446  	0.496988	782   	0.0581655	54.2209	336	105	32 	782   	3.21957
INFO:gp:337	756   	0.812005	337	0.844604	0.522312	756   	0.0583107	53.999 	337	107	30 	756   	3.73316
INFO:gp:338	754   	0.812409	338	0.844627	0.521074	754   	0.0567598	54.0108	338	74 	29 	754   	3.876  
INFO:gp:339	771   	0.811205	339	0.844627	0.498882	771   	0.0584049	53.8954	339	74 	6  	771   	4.31005
INFO:gp:340	780   	0.806628	340	0.844627	0.489276	780   	0.064799 	53.8299	340	107	28 	780   	5.30077
INFO:gp:341	799   	0.806497	341	0.844627	0.515171	799   	0.0620195	53.7869	341	61 	7  	799   	4.46136
INFO:gp:342	781   	0.812473	342	0.844627	0.506047	781   	0.0537667	53.9159	342	66 	16 	781   	4.00595
INFO:gp:343	780   	0.808669	343	0.844627	0.495949	780   	0.0592772	54.0694	343	84 	32 	780   	3.77962
INFO:gp:344	757   	0.806458	344	0.844652	0.509669	757   	0.06367  	53.8328	344	67 	27 	757   	4.21217
INFO:gp:345	768   	0.809649	345	0.844652	0.514544	768   	0.0581469	53.9834	345	107	31 	768   	4.50336
INFO:gp:346	768   	0.810157	346	0.844652	0.524096	768   	0.0586567	53.9834	346	70 	30 	768   	3.51073
INFO:gp:347	792   	0.808215	347	0.844652	0.504307	792   	0.0603882	53.7165	347	68 	16 	792   	4.40849
INFO:gp:348	778   	0.811099	348	0.844665	0.514444	778   	0.0579767	53.9932	348	67 	16 	778   	3.82191
INFO:gp:349	777   	0.813417	349	0.844665	0.499722	777   	0.0539056	53.7361	349	78 	35 	777   	4.26685
INFO:gp:350	739   	0.808477	350	0.844702	0.490895	739   	0.064372 	53.8328	350	84 	20 	739   	4.17932
INFO:gp:351	765   	0.809796	351	0.844702	0.48399 	765   	0.0560764	53.9472	351	105	5  	765   	4.82511
INFO:gp:352	767   	0.812   	352	0.844702	0.51469 	767   	0.0570127	53.957 	352	61 	29 	767   	3.69461
INFO:gp:353	767   	0.809984	353	0.844702	0.506604	767   	0.0592858	54.0489	353	105	18 	767   	4.63144
INFO:gp:354	798   	0.806   	354	0.844702	0.488846	798   	0.0637637	53.9404	354	70 	28 	798   	4.21668
INFO:gp:355	768   	0.81107 	355	0.844702	0.484981	768   	0.0582008	54.5728	355	66 	30 	768   	3.71864
INFO:gp:356	766   	0.809429	356	0.844702	0.517651	766   	0.0596299	54.9795	356	67 	34 	766   	3.89257
INFO:gp:357	757   	0.813455	357	0.844702	0.49001 	757   	0.0558461	55.4643	357	74 	35 	757   	4.32868
INFO:gp:358	784   	0.812531	358	0.844702	0.483817	784   	0.0581555	56.0733	358	73 	34 	784   	4.07451
INFO:gp:359	780   	0.809654	359	0.844712	0.499746	780   	0.0612638	56.5171	359	73 	4  	780   	4.08816
INFO:gp:360	764   	0.811484	360	0.844712	0.509997	764   	0.0604518	56.4829	360	67 	17 	764   	4.12695
INFO:gp:361	780   	0.811661	361	0.844712	0.509848	780   	0.0581304	56.4751	361	71 	31 	780   	4.26872
INFO:gp:362	790   	0.813022	362	0.844712	0.502444	790   	0.0560926	56.6549	362	73 	29 	790   	3.9254 
INFO:gp:363	754   	0.812694	363	0.844712	0.496736	754   	0.0585552	56.5474	363	73 	3  	754   	4.30297
INFO:gp:364	768   	0.812402	364	0.844712	0.515434	768   	0.0586142	56.479 	364	96 	9  	768   	4.73556
INFO:gp:365	778   	0.810628	365	0.844712	0.472768	778   	0.0598535	56.694 	365	64 	3  	778   	3.98006
INFO:gp:366	815   	0.807059	366	0.844712	0.514872	815   	0.0633954	56.6618	366	90 	30 	815   	4.20317
INFO:gp:367	772   	0.810457	367	0.844764	0.502923	772   	0.0581877	56.7058	367	111	6  	772   	4.64228
INFO:gp:368	782   	0.808605	368	0.844764	0.499746	782   	0.0606933	56.5865	368	73 	38 	782   	4.29395
INFO:gp:369	781   	0.812969	369	0.844764	0.495109	781   	0.0561826	56.6041	369	73 	26 	781   	4.38324
INFO:gp:370	745   	0.811854	370	0.844764	0.518738	745   	0.0582644	56.7908	370	69 	30 	745   	4.01357
INFO:gp:371	748   	0.813761	371	0.844764	0.515189	748   	0.0557075	57.0176	371	75 	28 	748   	4.32498
INFO:gp:372	759   	0.811517	372	0.844764	0.499746	759   	0.0586913	57.3402	372	71 	35 	759   	4.50107
INFO:gp:373	769   	0.811778	373	0.844764	0.513936	769   	0.059218 	57.8661	373	66 	18 	769   	4.58915
INFO:gp:374	749   	0.811732	374	0.844764	0.497104	749   	0.0595393	58.3763	374	75 	7  	749   	4.64793
INFO:gp:375	788   	0.809226	375	0.844767	0.514872	788   	0.0615294	58.7028	375	117	29 	788   	4.86471
INFO:gp:376	753   	0.810967	376	0.844767	0.487427	753   	0.0608324	58.3636	376	75 	3  	753   	5.29858
INFO:gp:377	764   	0.813684	377	0.844767	0.53182 	764   	0.0535698	58.8416	377	117	11 	764   	4.46145
INFO:gp:378	769   	0.810877	378	0.844767	0.50624 	769   	0.0581772	58.6061	378	73 	23 	769   	4.39321
INFO:gp:379	783   	0.809372	379	0.844767	0.508065	783   	0.0594476	58.4526	379	113	5  	783   	5.25363
INFO:gp:380	735   	0.815553	380	0.844767	0.499746	735   	0.0546776	58.8328	380	115	38 	735   	4.42361
INFO:gp:381	776   	0.810496	381	0.844767	0.529428	776   	0.0608523	58.741 	381	73 	35 	776   	4.42294
INFO:gp:382	778   	0.807416	382	0.844767	0.510323	778   	0.0632005	58.6442	382	73 	30 	778   	4.47459
INFO:gp:383	786   	0.811425	383	0.844767	0.488465	786   	0.0602206	58.7468	383	115	28 	786   	4.78792
INFO:gp:384	774   	0.808261	384	0.844767	0.497805	774   	0.0606415	58.7498	384	115	38 	774   	4.91829
INFO:gp:385	780   	0.80969 	385	0.844767	0.432609	780   	0.06272  	58.6549	385	73 	7  	780   	4.80461
INFO:gp:386	779   	0.809756	386	0.844767	0.493944	779   	0.0585107	58.8631	386	115	32 	779   	4.94988
INFO:gp:387	751   	0.812089	387	0.844767	0.514847	751   	0.0584088	58.8055	387	80 	37 	751   	4.49593
INFO:gp:388	782   	0.813476	388	0.844767	0.499748	782   	0.057105 	58.9932	388	117	38 	782   	4.37121
INFO:gp:389	759   	0.81439 	389	0.844767	0.508636	759   	0.0551011	58.5572	389	71 	38 	759   	4.5293 
INFO:gp:390	747   	0.812661	390	0.844767	0.495439	747   	0.0583466	58.7947	390	115	36 	747   	4.7674 
INFO:gp:391	785   	0.813147	391	0.844767	0.534024	785   	0.0554904	58.8925	391	117	37 	785   	5.16078
INFO:gp:392	780   	0.812682	392	0.844767	0.491638	780   	0.0557865	58.8192	392	75 	36 	780   	4.36098
INFO:gp:393	775   	0.811126	393	0.844767	0.52714 	775   	0.0604431	58.6794	393	73 	38 	775   	4.4391 
INFO:gp:394	785   	0.810402	394	0.844767	0.509178	785   	0.0616821	58.9179	394	73 	28 	785   	4.09696
INFO:gp:395	783   	0.811208	395	0.844779	0.487826	783   	0.0619324	58.7586	395	65 	5  	783   	4.68096
INFO:gp:396	786   	0.812   	396	0.844779	0.521076	786   	0.0587306	58.7253	396	115	21 	786   	4.80732
INFO:gp:397	777   	0.813222	397	0.844779	0.505154	777   	0.0578777	58.8006	397	115	36 	777   	4.98888
INFO:gp:398	779   	0.811921	398	0.844779	0.520864	779   	0.0566631	58.782 	398	81 	38 	779   	4.18772
INFO:gp:399	749   	0.810078	399	0.844779	0.499155	749   	0.0618183	59.0596	399	115	26 	749   	4.34411
INFO:gp:400	753   	0.814737	400	0.844779	0.500498	753   	0.0576051	58.7879	400	73 	9  	753   	4.41283
INFO:__main__:Saving model to file: checkpoints/run_7.pth
INFO:util:Train accuracy: 0.9261525511525512 +- 0.0019101269101268747
INFO:util:Val accuracy: 0.9261525511525512 +- 0.0019101269101268747
INFO:util:Test accuracy: 0.6418181818181818 +- 0.0
INFO:util:Train intra-class: 0.12638355747440214, Train Inter-class: 0.16494972098273064
INFO:util:Val intra-class: 0.1458193411198635, Val Inter-class: 0.18926597812166251
INFO:util:Test intra-class: 0.13584794083308405, Test inter-class: 0.14778401943940114
INFO:plot:Saving t-SNE to file: figures/tsne.png
INFO:plot:Saving t-SNE to file: figures/tsne.png
INFO:plot:Saving tree to file: figures/tree-0.pdf
INFO:plot:Saving tree to file: figures/tree-1.pdf
