INFO:__main__:Reading the dataset: fish part
INFO:__main__:Pre-training the network: Masked Spectra Modelling
INFO:pre_training:Epoch [1/100], Loss: 0.0366, Val: 0.1876
INFO:pre_training:Epoch [2/100], Loss: 0.0333, Val: 0.1844
INFO:pre_training:Epoch [3/100], Loss: 0.0317, Val: 0.1937
INFO:pre_training:Epoch [4/100], Loss: 0.0298, Val: 0.1835
INFO:pre_training:Epoch [5/100], Loss: 0.0289, Val: 0.1789
INFO:pre_training:Epoch [6/100], Loss: 0.0281, Val: 0.1777
INFO:pre_training:Epoch [7/100], Loss: 0.0271, Val: 0.1736
INFO:pre_training:Epoch [8/100], Loss: 0.0267, Val: 0.1738
INFO:pre_training:Epoch [9/100], Loss: 0.0263, Val: 0.1702
INFO:pre_training:Epoch [10/100], Loss: 0.0254, Val: 0.1765
INFO:pre_training:Epoch [11/100], Loss: 0.0252, Val: 0.1673
INFO:pre_training:Epoch [12/100], Loss: 0.0251, Val: 0.1639
INFO:pre_training:Epoch [13/100], Loss: 0.0244, Val: 0.1639
INFO:pre_training:Epoch [14/100], Loss: 0.0245, Val: 0.1637
INFO:pre_training:Epoch [15/100], Loss: 0.0235, Val: 0.1601
INFO:pre_training:Epoch [16/100], Loss: 0.0235, Val: 0.1647
INFO:pre_training:Epoch [17/100], Loss: 0.0232, Val: 0.1633
INFO:pre_training:Epoch [18/100], Loss: 0.0225, Val: 0.1605
INFO:pre_training:Epoch [19/100], Loss: 0.0224, Val: 0.1641
INFO:pre_training:Epoch [20/100], Loss: 0.0222, Val: 0.1519
INFO:pre_training:Epoch [21/100], Loss: 0.0220, Val: 0.1568
INFO:pre_training:Epoch [22/100], Loss: 0.0219, Val: 0.1616
INFO:pre_training:Epoch [23/100], Loss: 0.0216, Val: 0.1647
INFO:pre_training:Epoch [24/100], Loss: 0.0210, Val: 0.1532
INFO:pre_training:Epoch [25/100], Loss: 0.0213, Val: 0.1481
INFO:pre_training:Epoch [26/100], Loss: 0.0207, Val: 0.1494
INFO:pre_training:Epoch [27/100], Loss: 0.0207, Val: 0.1546
INFO:pre_training:Epoch [28/100], Loss: 0.0206, Val: 0.1563
INFO:pre_training:Epoch [29/100], Loss: 0.0202, Val: 0.1482
INFO:pre_training:Epoch [30/100], Loss: 0.0201, Val: 0.1500
INFO:pre_training:Epoch [31/100], Loss: 0.0195, Val: 0.1530
INFO:pre_training:Epoch [32/100], Loss: 0.0195, Val: 0.1506
INFO:pre_training:Epoch [33/100], Loss: 0.0193, Val: 0.1465
INFO:pre_training:Epoch [34/100], Loss: 0.0192, Val: 0.1455
INFO:pre_training:Epoch [35/100], Loss: 0.0189, Val: 0.1520
INFO:pre_training:Epoch [36/100], Loss: 0.0192, Val: 0.1420
INFO:pre_training:Epoch [37/100], Loss: 0.0186, Val: 0.1496
INFO:pre_training:Epoch [38/100], Loss: 0.0183, Val: 0.1454
INFO:pre_training:Epoch [39/100], Loss: 0.0183, Val: 0.1441
INFO:pre_training:Epoch [40/100], Loss: 0.0182, Val: 0.1531
INFO:pre_training:Epoch [41/100], Loss: 0.0179, Val: 0.1505
INFO:pre_training:Epoch [42/100], Loss: 0.0178, Val: 0.1456
INFO:pre_training:Epoch [43/100], Loss: 0.0179, Val: 0.1448
INFO:pre_training:Epoch [44/100], Loss: 0.0178, Val: 0.1499
INFO:pre_training:Epoch [45/100], Loss: 0.0178, Val: 0.1460
INFO:pre_training:Epoch [46/100], Loss: 0.0173, Val: 0.1493
INFO:pre_training:Epoch [47/100], Loss: 0.0175, Val: 0.1424
INFO:pre_training:Epoch [48/100], Loss: 0.0172, Val: 0.1397
INFO:pre_training:Epoch [49/100], Loss: 0.0170, Val: 0.1461
INFO:pre_training:Epoch [50/100], Loss: 0.0171, Val: 0.1439
INFO:pre_training:Epoch [51/100], Loss: 0.0169, Val: 0.1436
INFO:pre_training:Epoch [52/100], Loss: 0.0168, Val: 0.1382
INFO:pre_training:Epoch [53/100], Loss: 0.0165, Val: 0.1400
INFO:pre_training:Epoch [54/100], Loss: 0.0165, Val: 0.1386
INFO:pre_training:Epoch [55/100], Loss: 0.0162, Val: 0.1414
INFO:pre_training:Epoch [56/100], Loss: 0.0159, Val: 0.1431
INFO:pre_training:Epoch [57/100], Loss: 0.0163, Val: 0.1390
INFO:pre_training:Epoch [58/100], Loss: 0.0160, Val: 0.1401
INFO:pre_training:Epoch [59/100], Loss: 0.0162, Val: 0.1409
INFO:pre_training:Epoch [60/100], Loss: 0.0160, Val: 0.1375
INFO:pre_training:Epoch [61/100], Loss: 0.0160, Val: 0.1366
INFO:pre_training:Epoch [62/100], Loss: 0.0157, Val: 0.1450
INFO:pre_training:Epoch [63/100], Loss: 0.0157, Val: 0.1440
INFO:pre_training:Epoch [64/100], Loss: 0.0156, Val: 0.1325
INFO:pre_training:Epoch [65/100], Loss: 0.0157, Val: 0.1434
INFO:pre_training:Epoch [66/100], Loss: 0.0153, Val: 0.1429
INFO:pre_training:Epoch [67/100], Loss: 0.0153, Val: 0.1339
INFO:pre_training:Epoch [68/100], Loss: 0.0152, Val: 0.1353
INFO:pre_training:Epoch [69/100], Loss: 0.0154, Val: 0.1378
INFO:pre_training:Epoch [70/100], Loss: 0.0151, Val: 0.1434
INFO:pre_training:Epoch [71/100], Loss: 0.0150, Val: 0.1364
INFO:pre_training:Epoch [72/100], Loss: 0.0150, Val: 0.1418
INFO:pre_training:Epoch [73/100], Loss: 0.0147, Val: 0.1378
INFO:pre_training:Epoch [74/100], Loss: 0.0147, Val: 0.1386
INFO:pre_training:Epoch [75/100], Loss: 0.0146, Val: 0.1373
INFO:pre_training:Epoch [76/100], Loss: 0.0143, Val: 0.1311
INFO:pre_training:Epoch [77/100], Loss: 0.0146, Val: 0.1367
INFO:pre_training:Epoch [78/100], Loss: 0.0144, Val: 0.1379
INFO:pre_training:Epoch [79/100], Loss: 0.0142, Val: 0.1341
INFO:pre_training:Epoch [80/100], Loss: 0.0144, Val: 0.1317
INFO:pre_training:Epoch [81/100], Loss: 0.0141, Val: 0.1310
INFO:pre_training:Epoch [82/100], Loss: 0.0143, Val: 0.1360
INFO:pre_training:Epoch [83/100], Loss: 0.0143, Val: 0.1359
INFO:pre_training:Epoch [84/100], Loss: 0.0141, Val: 0.1351
INFO:pre_training:Epoch [85/100], Loss: 0.0140, Val: 0.1359
INFO:pre_training:Epoch [86/100], Loss: 0.0139, Val: 0.1402
INFO:pre_training:Epoch [87/100], Loss: 0.0138, Val: 0.1402
INFO:pre_training:Epoch [88/100], Loss: 0.0136, Val: 0.1418
INFO:pre_training:Epoch [89/100], Loss: 0.0139, Val: 0.1371
INFO:pre_training:Epoch [90/100], Loss: 0.0139, Val: 0.1350
INFO:pre_training:Epoch [91/100], Loss: 0.0136, Val: 0.1345
INFO:pre_training:Epoch [92/100], Loss: 0.0136, Val: 0.1325
INFO:pre_training:Epoch [93/100], Loss: 0.0137, Val: 0.1319
INFO:pre_training:Epoch [94/100], Loss: 0.0135, Val: 0.1326
INFO:pre_training:Epoch [95/100], Loss: 0.0136, Val: 0.1363
INFO:pre_training:Epoch [96/100], Loss: 0.0134, Val: 0.1343
INFO:pre_training:Epoch [97/100], Loss: 0.0133, Val: 0.1297
INFO:pre_training:Epoch [98/100], Loss: 0.0134, Val: 0.1360
INFO:pre_training:Epoch [99/100], Loss: 0.0132, Val: 0.1406
INFO:pre_training:Epoch [100/100], Loss: 0.0132, Val: 0.1358
INFO:__main__:Total time taken to pre-train the model: 35.59s
INFO:__main__:Training the network
INFO:train:Epoch 1/100, Train Loss: 1.7908, Train Acc: 0.4444, Val Loss: 1.7897, Val Acc: 0.3333
INFO:train:Epoch 2/100, Train Loss: 1.7855, Train Acc: 0.4583, Val Loss: 1.7876, Val Acc: 0.3333
INFO:train:Epoch 3/100, Train Loss: 1.7786, Train Acc: 0.4583, Val Loss: 1.7856, Val Acc: 0.3333
INFO:train:Epoch 4/100, Train Loss: 1.7693, Train Acc: 0.4583, Val Loss: 1.7837, Val Acc: 0.3333
INFO:train:Epoch 5/100, Train Loss: 1.7575, Train Acc: 0.4722, Val Loss: 1.7824, Val Acc: 0.3333
INFO:train:Epoch 6/100, Train Loss: 1.7433, Train Acc: 0.5000, Val Loss: 1.7827, Val Acc: 0.3333
INFO:train:Epoch 7/100, Train Loss: 1.7279, Train Acc: 0.4722, Val Loss: 1.7871, Val Acc: 0.3333
INFO:train:Epoch 8/100, Train Loss: 1.7116, Train Acc: 0.4236, Val Loss: 1.7956, Val Acc: 0.3333
INFO:train:Epoch 9/100, Train Loss: 1.6968, Train Acc: 0.4306, Val Loss: 1.8094, Val Acc: 0.3333
INFO:train:Epoch 10/100, Train Loss: 1.6834, Train Acc: 0.5417, Val Loss: 1.8260, Val Acc: 0.3333
INFO:train:Epoch 11/100, Train Loss: 1.6730, Train Acc: 0.6736, Val Loss: 1.8431, Val Acc: 0.3333
INFO:train:Epoch 12/100, Train Loss: 1.6653, Train Acc: 0.6389, Val Loss: 1.8546, Val Acc: 0.3333
INFO:train:Epoch 13/100, Train Loss: 1.6589, Train Acc: 0.6181, Val Loss: 1.8551, Val Acc: 0.3333
INFO:train:Epoch 14/100, Train Loss: 1.6539, Train Acc: 0.5000, Val Loss: 1.8497, Val Acc: 0.3333
INFO:train:Epoch 15/100, Train Loss: 1.6489, Train Acc: 0.5000, Val Loss: 1.8460, Val Acc: 0.3333
INFO:train:Epoch 16/100, Train Loss: 1.6449, Train Acc: 0.5417, Val Loss: 1.8444, Val Acc: 0.3333
INFO:train:Epoch 17/100, Train Loss: 1.6403, Train Acc: 0.5417, Val Loss: 1.8463, Val Acc: 0.3333
INFO:train:Epoch 18/100, Train Loss: 1.6356, Train Acc: 0.5417, Val Loss: 1.8497, Val Acc: 0.3333
INFO:train:Epoch 19/100, Train Loss: 1.6314, Train Acc: 0.5417, Val Loss: 1.8549, Val Acc: 0.3333
INFO:train:Epoch 20/100, Train Loss: 1.6251, Train Acc: 0.5417, Val Loss: 1.8644, Val Acc: 0.3333
INFO:train:Epoch 21/100, Train Loss: 1.6189, Train Acc: 0.5417, Val Loss: 1.8777, Val Acc: 0.3333
INFO:train:Epoch 22/100, Train Loss: 1.6108, Train Acc: 0.5417, Val Loss: 1.8952, Val Acc: 0.3333
INFO:train:Epoch 23/100, Train Loss: 1.6020, Train Acc: 0.5556, Val Loss: 1.9175, Val Acc: 0.3333
INFO:train:Epoch 24/100, Train Loss: 1.5931, Train Acc: 0.7431, Val Loss: 1.9421, Val Acc: 0.3333
INFO:train:Epoch 25/100, Train Loss: 1.5830, Train Acc: 0.8264, Val Loss: 1.9661, Val Acc: 0.3333
INFO:train:Epoch 26/100, Train Loss: 1.5735, Train Acc: 0.8333, Val Loss: 1.9888, Val Acc: 0.3333
INFO:train:Epoch 27/100, Train Loss: 1.5645, Train Acc: 0.8194, Val Loss: 2.0055, Val Acc: 0.0000
INFO:train:Epoch 28/100, Train Loss: 1.5550, Train Acc: 0.8403, Val Loss: 2.0148, Val Acc: 0.0000
INFO:train:Epoch 29/100, Train Loss: 1.5473, Train Acc: 0.8472, Val Loss: 2.0178, Val Acc: 0.0000
INFO:train:Epoch 30/100, Train Loss: 1.5399, Train Acc: 0.8333, Val Loss: 2.0121, Val Acc: 0.0000
INFO:train:Epoch 31/100, Train Loss: 1.5316, Train Acc: 0.8264, Val Loss: 1.9955, Val Acc: 0.0000
INFO:train:Epoch 32/100, Train Loss: 1.5246, Train Acc: 0.8125, Val Loss: 1.9729, Val Acc: 0.0000
INFO:train:Epoch 33/100, Train Loss: 1.5151, Train Acc: 0.8403, Val Loss: 1.9487, Val Acc: 0.0000
INFO:train:Epoch 34/100, Train Loss: 1.5058, Train Acc: 0.8958, Val Loss: 1.9275, Val Acc: 0.0000
INFO:train:Epoch 35/100, Train Loss: 1.4971, Train Acc: 0.9097, Val Loss: 1.9007, Val Acc: 0.0000
INFO:train:Epoch 36/100, Train Loss: 1.4896, Train Acc: 0.9167, Val Loss: 1.8711, Val Acc: 0.0000
INFO:train:Epoch 37/100, Train Loss: 1.4810, Train Acc: 0.9167, Val Loss: 1.8391, Val Acc: 0.0000
INFO:train:Epoch 38/100, Train Loss: 1.4731, Train Acc: 0.9097, Val Loss: 1.8095, Val Acc: 0.0000
INFO:train:Epoch 39/100, Train Loss: 1.4639, Train Acc: 0.8958, Val Loss: 1.7871, Val Acc: 0.3333
INFO:train:Epoch 40/100, Train Loss: 1.4548, Train Acc: 0.9306, Val Loss: 1.7663, Val Acc: 0.3333
INFO:train:Epoch 41/100, Train Loss: 1.4448, Train Acc: 0.9931, Val Loss: 1.7468, Val Acc: 0.3333
INFO:train:Epoch 42/100, Train Loss: 1.4336, Train Acc: 1.0000, Val Loss: 1.7250, Val Acc: 0.3333
INFO:train:Epoch 43/100, Train Loss: 1.4228, Train Acc: 0.9931, Val Loss: 1.7017, Val Acc: 0.3333
INFO:train:Epoch 44/100, Train Loss: 1.4131, Train Acc: 1.0000, Val Loss: 1.6737, Val Acc: 0.6667
INFO:train:Epoch 45/100, Train Loss: 1.4047, Train Acc: 0.9792, Val Loss: 1.6448, Val Acc: 0.6667
INFO:train:Epoch 46/100, Train Loss: 1.3974, Train Acc: 0.9931, Val Loss: 1.6198, Val Acc: 0.6667
INFO:train:Epoch 47/100, Train Loss: 1.3909, Train Acc: 1.0000, Val Loss: 1.6046, Val Acc: 0.6667
INFO:train:Epoch 48/100, Train Loss: 1.3849, Train Acc: 1.0000, Val Loss: 1.5998, Val Acc: 0.6667
INFO:train:Epoch 49/100, Train Loss: 1.3801, Train Acc: 1.0000, Val Loss: 1.6008, Val Acc: 0.6667
INFO:train:Epoch 50/100, Train Loss: 1.3748, Train Acc: 1.0000, Val Loss: 1.6039, Val Acc: 0.6667
INFO:train:Epoch 51/100, Train Loss: 1.3704, Train Acc: 1.0000, Val Loss: 1.6074, Val Acc: 0.6667
INFO:train:Epoch 52/100, Train Loss: 1.3663, Train Acc: 1.0000, Val Loss: 1.6109, Val Acc: 0.6667
INFO:train:Epoch 53/100, Train Loss: 1.3634, Train Acc: 1.0000, Val Loss: 1.6114, Val Acc: 0.6667
INFO:train:Epoch 54/100, Train Loss: 1.3607, Train Acc: 1.0000, Val Loss: 1.6101, Val Acc: 0.6667
INFO:train:Epoch 55/100, Train Loss: 1.3592, Train Acc: 1.0000, Val Loss: 1.6080, Val Acc: 0.6667
INFO:train:Epoch 56/100, Train Loss: 1.3577, Train Acc: 1.0000, Val Loss: 1.6072, Val Acc: 0.6667
INFO:train:Epoch 57/100, Train Loss: 1.3564, Train Acc: 1.0000, Val Loss: 1.6068, Val Acc: 0.6667
INFO:train:Epoch 58/100, Train Loss: 1.3556, Train Acc: 1.0000, Val Loss: 1.6081, Val Acc: 0.6667
INFO:train:Epoch 59/100, Train Loss: 1.3550, Train Acc: 1.0000, Val Loss: 1.6114, Val Acc: 0.6667
INFO:train:Epoch 60/100, Train Loss: 1.3542, Train Acc: 1.0000, Val Loss: 1.6158, Val Acc: 0.6667
INFO:train:Epoch 61/100, Train Loss: 1.3538, Train Acc: 1.0000, Val Loss: 1.6208, Val Acc: 0.6667
INFO:train:Epoch 62/100, Train Loss: 1.3534, Train Acc: 1.0000, Val Loss: 1.6253, Val Acc: 0.3333
INFO:train:Epoch 63/100, Train Loss: 1.3528, Train Acc: 1.0000, Val Loss: 1.6295, Val Acc: 0.3333
INFO:train:Epoch 64/100, Train Loss: 1.3524, Train Acc: 1.0000, Val Loss: 1.6341, Val Acc: 0.3333
INFO:train:Epoch 65/100, Train Loss: 1.3520, Train Acc: 1.0000, Val Loss: 1.6375, Val Acc: 0.3333
INFO:train:Epoch 66/100, Train Loss: 1.3518, Train Acc: 1.0000, Val Loss: 1.6395, Val Acc: 0.3333
INFO:train:Epoch 67/100, Train Loss: 1.3515, Train Acc: 1.0000, Val Loss: 1.6410, Val Acc: 0.3333
INFO:train:Epoch 68/100, Train Loss: 1.3513, Train Acc: 1.0000, Val Loss: 1.6406, Val Acc: 0.0000
INFO:train:Epoch 69/100, Train Loss: 1.3511, Train Acc: 1.0000, Val Loss: 1.6406, Val Acc: 0.3333
INFO:train:Epoch 70/100, Train Loss: 1.3511, Train Acc: 1.0000, Val Loss: 1.6417, Val Acc: 0.3333
INFO:train:Epoch 71/100, Train Loss: 1.3510, Train Acc: 1.0000, Val Loss: 1.6428, Val Acc: 0.3333
INFO:train:Epoch 72/100, Train Loss: 1.3508, Train Acc: 1.0000, Val Loss: 1.6436, Val Acc: 0.0000
INFO:train:Epoch 73/100, Train Loss: 1.3508, Train Acc: 1.0000, Val Loss: 1.6443, Val Acc: 0.3333
INFO:train:Epoch 74/100, Train Loss: 1.3508, Train Acc: 1.0000, Val Loss: 1.6452, Val Acc: 0.3333
INFO:train:Epoch 75/100, Train Loss: 1.3507, Train Acc: 1.0000, Val Loss: 1.6463, Val Acc: 0.3333
INFO:train:Epoch 76/100, Train Loss: 1.3508, Train Acc: 1.0000, Val Loss: 1.6468, Val Acc: 0.3333
INFO:train:Epoch 77/100, Train Loss: 1.3505, Train Acc: 1.0000, Val Loss: 1.6485, Val Acc: 0.3333
INFO:train:Epoch 78/100, Train Loss: 1.3505, Train Acc: 1.0000, Val Loss: 1.6490, Val Acc: 0.3333
INFO:train:Epoch 79/100, Train Loss: 1.3505, Train Acc: 1.0000, Val Loss: 1.6506, Val Acc: 0.6667
INFO:train:Epoch 80/100, Train Loss: 1.3505, Train Acc: 1.0000, Val Loss: 1.6515, Val Acc: 0.6667
INFO:train:Epoch 81/100, Train Loss: 1.3504, Train Acc: 1.0000, Val Loss: 1.6526, Val Acc: 0.3333
INFO:train:Epoch 82/100, Train Loss: 1.3505, Train Acc: 1.0000, Val Loss: 1.6520, Val Acc: 0.3333
INFO:train:Epoch 83/100, Train Loss: 1.3504, Train Acc: 1.0000, Val Loss: 1.6500, Val Acc: 0.6667
INFO:train:Epoch 84/100, Train Loss: 1.3504, Train Acc: 1.0000, Val Loss: 1.6484, Val Acc: 0.6667
INFO:train:Epoch 85/100, Train Loss: 1.3505, Train Acc: 1.0000, Val Loss: 1.6485, Val Acc: 0.6667
INFO:train:Epoch 86/100, Train Loss: 1.3504, Train Acc: 1.0000, Val Loss: 1.6492, Val Acc: 0.6667
INFO:train:Epoch 87/100, Train Loss: 1.3504, Train Acc: 1.0000, Val Loss: 1.6507, Val Acc: 0.6667
INFO:train:Epoch 88/100, Train Loss: 1.3504, Train Acc: 1.0000, Val Loss: 1.6526, Val Acc: 0.3333
INFO:train:Epoch 89/100, Train Loss: 1.3504, Train Acc: 1.0000, Val Loss: 1.6534, Val Acc: 0.3333
INFO:train:Epoch 90/100, Train Loss: 1.3504, Train Acc: 1.0000, Val Loss: 1.6524, Val Acc: 0.3333
INFO:train:Epoch 91/100, Train Loss: 1.3504, Train Acc: 1.0000, Val Loss: 1.6515, Val Acc: 0.3333
INFO:train:Epoch 92/100, Train Loss: 1.3503, Train Acc: 1.0000, Val Loss: 1.6499, Val Acc: 0.3333
INFO:train:Epoch 93/100, Train Loss: 1.3503, Train Acc: 1.0000, Val Loss: 1.6484, Val Acc: 0.6667
INFO:train:Epoch 94/100, Train Loss: 1.3503, Train Acc: 1.0000, Val Loss: 1.6483, Val Acc: 0.3333
INFO:train:Epoch 95/100, Train Loss: 1.3503, Train Acc: 1.0000, Val Loss: 1.6489, Val Acc: 0.3333
INFO:train:Epoch 96/100, Train Loss: 1.3503, Train Acc: 1.0000, Val Loss: 1.6498, Val Acc: 0.3333
INFO:train:Epoch 97/100, Train Loss: 1.3503, Train Acc: 1.0000, Val Loss: 1.6509, Val Acc: 0.3333
INFO:train:Epoch 98/100, Train Loss: 1.3503, Train Acc: 1.0000, Val Loss: 1.6516, Val Acc: 0.3333
INFO:train:Epoch 99/100, Train Loss: 1.3503, Train Acc: 1.0000, Val Loss: 1.6521, Val Acc: 0.3333
INFO:train:Epoch 100/100, Train Loss: 1.3503, Train Acc: 1.0000, Val Loss: 1.6518, Val Acc: 0.3333
INFO:plot:Saving attention map to: figures/model_accuracy.png
INFO:__main__:Total time taken to train the model: 23.24s
INFO:__main__:train accuracy: 64 / 64
INFO:plot:Saving cofusion matrix map to: figures/train_confusion_matrix.png
INFO:__main__:train accuracy: 64 / 64
INFO:plot:Saving cofusion matrix map to: figures/train_confusion_matrix.png
INFO:__main__:train accuracy: 16 / 16 accuracy: 1.0
INFO:plot:Saving cofusion matrix map to: figures/train_confusion_matrix.png
INFO:__main__:validation accuracy: 1 / 3 accuracy: 0.333333
INFO:plot:Saving cofusion matrix map to: figures/validation_confusion_matrix.png
INFO:__main__:test accuracy: 2 / 3 accuracy: 0.666666
INFO:plot:Saving cofusion matrix map to: figures/test_confusion_matrix.png
INFO:plot:Saving attention map to: figures/encoder_attention_map.png
INFO:plot:Saving attention map to: figures/decoder_attention_map.png
