INFO:__main__:Reading the dataset: fish part
INFO:__main__:Pre-training the network: Masked Spectra Modelling
INFO:pre_training:Epoch [1/100], Loss: 0.0370, Val: 0.1817
INFO:pre_training:Epoch [2/100], Loss: 0.0332, Val: 0.1747
INFO:pre_training:Epoch [3/100], Loss: 0.0305, Val: 0.1733
INFO:pre_training:Epoch [4/100], Loss: 0.0299, Val: 0.1704
INFO:pre_training:Epoch [5/100], Loss: 0.0289, Val: 0.1629
INFO:pre_training:Epoch [6/100], Loss: 0.0276, Val: 0.1618
INFO:pre_training:Epoch [7/100], Loss: 0.0271, Val: 0.1581
INFO:pre_training:Epoch [8/100], Loss: 0.0268, Val: 0.1580
INFO:pre_training:Epoch [9/100], Loss: 0.0258, Val: 0.1579
INFO:pre_training:Epoch [10/100], Loss: 0.0251, Val: 0.1572
INFO:pre_training:Epoch [11/100], Loss: 0.0249, Val: 0.1593
INFO:pre_training:Epoch [12/100], Loss: 0.0246, Val: 0.1568
INFO:pre_training:Epoch [13/100], Loss: 0.0240, Val: 0.1557
INFO:pre_training:Epoch [14/100], Loss: 0.0241, Val: 0.1483
INFO:pre_training:Epoch [15/100], Loss: 0.0238, Val: 0.1468
INFO:pre_training:Epoch [16/100], Loss: 0.0232, Val: 0.1456
INFO:pre_training:Epoch [17/100], Loss: 0.0230, Val: 0.1504
INFO:pre_training:Epoch [18/100], Loss: 0.0225, Val: 0.1446
INFO:pre_training:Epoch [19/100], Loss: 0.0225, Val: 0.1445
INFO:pre_training:Epoch [20/100], Loss: 0.0220, Val: 0.1384
INFO:pre_training:Epoch [21/100], Loss: 0.0220, Val: 0.1444
INFO:pre_training:Epoch [22/100], Loss: 0.0213, Val: 0.1413
INFO:pre_training:Epoch [23/100], Loss: 0.0210, Val: 0.1481
INFO:pre_training:Epoch [24/100], Loss: 0.0212, Val: 0.1399
INFO:pre_training:Epoch [25/100], Loss: 0.0212, Val: 0.1425
INFO:pre_training:Epoch [26/100], Loss: 0.0207, Val: 0.1457
INFO:pre_training:Epoch [27/100], Loss: 0.0206, Val: 0.1451
INFO:pre_training:Epoch [28/100], Loss: 0.0200, Val: 0.1377
INFO:pre_training:Epoch [29/100], Loss: 0.0199, Val: 0.1366
INFO:pre_training:Epoch [30/100], Loss: 0.0198, Val: 0.1361
INFO:pre_training:Epoch [31/100], Loss: 0.0197, Val: 0.1377
INFO:pre_training:Epoch [32/100], Loss: 0.0189, Val: 0.1370
INFO:pre_training:Epoch [33/100], Loss: 0.0192, Val: 0.1364
INFO:pre_training:Epoch [34/100], Loss: 0.0189, Val: 0.1354
INFO:pre_training:Epoch [35/100], Loss: 0.0184, Val: 0.1337
INFO:pre_training:Epoch [36/100], Loss: 0.0188, Val: 0.1300
INFO:pre_training:Epoch [37/100], Loss: 0.0191, Val: 0.1354
INFO:pre_training:Epoch [38/100], Loss: 0.0182, Val: 0.1326
INFO:pre_training:Epoch [39/100], Loss: 0.0183, Val: 0.1334
INFO:pre_training:Epoch [40/100], Loss: 0.0179, Val: 0.1364
INFO:pre_training:Epoch [41/100], Loss: 0.0182, Val: 0.1355
INFO:pre_training:Epoch [42/100], Loss: 0.0178, Val: 0.1329
INFO:pre_training:Epoch [43/100], Loss: 0.0176, Val: 0.1303
INFO:pre_training:Epoch [44/100], Loss: 0.0176, Val: 0.1338
INFO:pre_training:Epoch [45/100], Loss: 0.0175, Val: 0.1324
INFO:pre_training:Epoch [46/100], Loss: 0.0172, Val: 0.1295
INFO:pre_training:Epoch [47/100], Loss: 0.0171, Val: 0.1366
INFO:pre_training:Epoch [48/100], Loss: 0.0173, Val: 0.1316
INFO:pre_training:Epoch [49/100], Loss: 0.0169, Val: 0.1365
INFO:pre_training:Epoch [50/100], Loss: 0.0169, Val: 0.1321
INFO:pre_training:Epoch [51/100], Loss: 0.0166, Val: 0.1282
INFO:pre_training:Epoch [52/100], Loss: 0.0166, Val: 0.1312
INFO:pre_training:Epoch [53/100], Loss: 0.0163, Val: 0.1316
INFO:pre_training:Epoch [54/100], Loss: 0.0166, Val: 0.1314
INFO:pre_training:Epoch [55/100], Loss: 0.0162, Val: 0.1301
INFO:pre_training:Epoch [56/100], Loss: 0.0162, Val: 0.1288
INFO:pre_training:Epoch [57/100], Loss: 0.0163, Val: 0.1272
INFO:pre_training:Epoch [58/100], Loss: 0.0157, Val: 0.1291
INFO:pre_training:Epoch [59/100], Loss: 0.0160, Val: 0.1282
INFO:pre_training:Epoch [60/100], Loss: 0.0156, Val: 0.1244
INFO:pre_training:Epoch [61/100], Loss: 0.0157, Val: 0.1272
INFO:pre_training:Epoch [62/100], Loss: 0.0157, Val: 0.1282
INFO:pre_training:Epoch [63/100], Loss: 0.0155, Val: 0.1303
INFO:pre_training:Epoch [64/100], Loss: 0.0153, Val: 0.1248
INFO:pre_training:Epoch [65/100], Loss: 0.0155, Val: 0.1289
INFO:pre_training:Epoch [66/100], Loss: 0.0153, Val: 0.1284
INFO:pre_training:Epoch [67/100], Loss: 0.0151, Val: 0.1198
INFO:pre_training:Epoch [68/100], Loss: 0.0157, Val: 0.1216
INFO:pre_training:Epoch [69/100], Loss: 0.0147, Val: 0.1241
INFO:pre_training:Epoch [70/100], Loss: 0.0149, Val: 0.1291
INFO:pre_training:Epoch [71/100], Loss: 0.0149, Val: 0.1238
INFO:pre_training:Epoch [72/100], Loss: 0.0147, Val: 0.1248
INFO:pre_training:Epoch [73/100], Loss: 0.0148, Val: 0.1276
INFO:pre_training:Epoch [74/100], Loss: 0.0148, Val: 0.1271
INFO:pre_training:Epoch [75/100], Loss: 0.0146, Val: 0.1231
INFO:pre_training:Epoch [76/100], Loss: 0.0143, Val: 0.1191
INFO:pre_training:Epoch [77/100], Loss: 0.0145, Val: 0.1201
INFO:pre_training:Epoch [78/100], Loss: 0.0143, Val: 0.1225
INFO:pre_training:Epoch [79/100], Loss: 0.0144, Val: 0.1264
INFO:pre_training:Epoch [80/100], Loss: 0.0143, Val: 0.1269
INFO:pre_training:Epoch [81/100], Loss: 0.0143, Val: 0.1195
INFO:pre_training:Epoch [82/100], Loss: 0.0141, Val: 0.1264
INFO:pre_training:Epoch [83/100], Loss: 0.0140, Val: 0.1204
INFO:pre_training:Epoch [84/100], Loss: 0.0139, Val: 0.1194
INFO:pre_training:Epoch [85/100], Loss: 0.0140, Val: 0.1240
INFO:pre_training:Epoch [86/100], Loss: 0.0138, Val: 0.1267
INFO:pre_training:Epoch [87/100], Loss: 0.0138, Val: 0.1249
INFO:pre_training:Epoch [88/100], Loss: 0.0139, Val: 0.1234
INFO:pre_training:Epoch [89/100], Loss: 0.0138, Val: 0.1213
INFO:pre_training:Epoch [90/100], Loss: 0.0135, Val: 0.1216
INFO:pre_training:Epoch [91/100], Loss: 0.0133, Val: 0.1219
INFO:pre_training:Epoch [92/100], Loss: 0.0135, Val: 0.1253
INFO:pre_training:Epoch [93/100], Loss: 0.0133, Val: 0.1276
INFO:pre_training:Epoch [94/100], Loss: 0.0134, Val: 0.1212
INFO:pre_training:Epoch [95/100], Loss: 0.0136, Val: 0.1212
INFO:pre_training:Epoch [96/100], Loss: 0.0134, Val: 0.1227
INFO:pre_training:Epoch [97/100], Loss: 0.0132, Val: 0.1233
INFO:pre_training:Epoch [98/100], Loss: 0.0133, Val: 0.1270
INFO:pre_training:Epoch [99/100], Loss: 0.0130, Val: 0.1202
INFO:pre_training:Epoch [100/100], Loss: 0.0133, Val: 0.1203
INFO:__main__:Total time taken to pre-train the model: 21.83s
INFO:__main__:Training the network
INFO:train:Epoch 1/100, Train Loss: 1.7907, Train Acc: 0.4097, Val Loss: 1.7869, Val Acc: 0.6667
INFO:train:Epoch 2/100, Train Loss: 1.7850, Train Acc: 0.6528, Val Loss: 1.7803, Val Acc: 0.3333
INFO:train:Epoch 3/100, Train Loss: 1.7775, Train Acc: 0.5833, Val Loss: 1.7713, Val Acc: 0.3333
INFO:train:Epoch 4/100, Train Loss: 1.7680, Train Acc: 0.5972, Val Loss: 1.7600, Val Acc: 0.3333
INFO:train:Epoch 5/100, Train Loss: 1.7560, Train Acc: 0.6250, Val Loss: 1.7458, Val Acc: 0.3333
INFO:train:Epoch 6/100, Train Loss: 1.7430, Train Acc: 0.5833, Val Loss: 1.7290, Val Acc: 0.3333
INFO:train:Epoch 7/100, Train Loss: 1.7287, Train Acc: 0.4861, Val Loss: 1.7109, Val Acc: 0.3333
INFO:train:Epoch 8/100, Train Loss: 1.7136, Train Acc: 0.5000, Val Loss: 1.6919, Val Acc: 0.3333
INFO:train:Epoch 9/100, Train Loss: 1.7007, Train Acc: 0.5347, Val Loss: 1.6739, Val Acc: 0.3333
INFO:train:Epoch 10/100, Train Loss: 1.6896, Train Acc: 0.5556, Val Loss: 1.6573, Val Acc: 0.6667
INFO:train:Epoch 11/100, Train Loss: 1.6825, Train Acc: 0.5625, Val Loss: 1.6444, Val Acc: 0.3333
INFO:train:Epoch 12/100, Train Loss: 1.6762, Train Acc: 0.4722, Val Loss: 1.6371, Val Acc: 0.3333
INFO:train:Epoch 13/100, Train Loss: 1.6685, Train Acc: 0.4167, Val Loss: 1.6310, Val Acc: 0.3333
INFO:train:Epoch 14/100, Train Loss: 1.6619, Train Acc: 0.4722, Val Loss: 1.6227, Val Acc: 0.6667
INFO:train:Epoch 15/100, Train Loss: 1.6555, Train Acc: 0.5903, Val Loss: 1.6155, Val Acc: 1.0000
INFO:train:Epoch 16/100, Train Loss: 1.6503, Train Acc: 0.6875, Val Loss: 1.6112, Val Acc: 1.0000
INFO:train:Epoch 17/100, Train Loss: 1.6461, Train Acc: 0.5833, Val Loss: 1.6084, Val Acc: 1.0000
INFO:train:Epoch 18/100, Train Loss: 1.6415, Train Acc: 0.5625, Val Loss: 1.6067, Val Acc: 1.0000
INFO:train:Epoch 19/100, Train Loss: 1.6378, Train Acc: 0.6042, Val Loss: 1.6065, Val Acc: 1.0000
INFO:train:Epoch 20/100, Train Loss: 1.6334, Train Acc: 0.6736, Val Loss: 1.6054, Val Acc: 1.0000
INFO:train:Epoch 21/100, Train Loss: 1.6288, Train Acc: 0.7083, Val Loss: 1.6044, Val Acc: 0.6667
INFO:train:Epoch 22/100, Train Loss: 1.6233, Train Acc: 0.7014, Val Loss: 1.6029, Val Acc: 0.6667
INFO:train:Epoch 23/100, Train Loss: 1.6182, Train Acc: 0.6736, Val Loss: 1.6001, Val Acc: 0.6667
INFO:train:Epoch 24/100, Train Loss: 1.6122, Train Acc: 0.7153, Val Loss: 1.5948, Val Acc: 0.6667
INFO:train:Epoch 25/100, Train Loss: 1.6055, Train Acc: 0.7500, Val Loss: 1.5896, Val Acc: 0.6667
INFO:train:Epoch 26/100, Train Loss: 1.5979, Train Acc: 0.7778, Val Loss: 1.5840, Val Acc: 0.6667
INFO:train:Epoch 27/100, Train Loss: 1.5901, Train Acc: 0.8056, Val Loss: 1.5805, Val Acc: 0.6667
INFO:train:Epoch 28/100, Train Loss: 1.5806, Train Acc: 0.8333, Val Loss: 1.5796, Val Acc: 0.6667
INFO:train:Epoch 29/100, Train Loss: 1.5704, Train Acc: 0.8333, Val Loss: 1.5812, Val Acc: 0.6667
INFO:train:Epoch 30/100, Train Loss: 1.5588, Train Acc: 0.8611, Val Loss: 1.5843, Val Acc: 0.3333
INFO:train:Epoch 31/100, Train Loss: 1.5469, Train Acc: 0.8750, Val Loss: 1.5874, Val Acc: 0.3333
INFO:train:Epoch 32/100, Train Loss: 1.5331, Train Acc: 0.9097, Val Loss: 1.5896, Val Acc: 0.6667
INFO:train:Epoch 33/100, Train Loss: 1.5179, Train Acc: 0.9444, Val Loss: 1.5929, Val Acc: 0.3333
INFO:train:Epoch 34/100, Train Loss: 1.5013, Train Acc: 0.9722, Val Loss: 1.6050, Val Acc: 0.3333
INFO:train:Epoch 35/100, Train Loss: 1.4833, Train Acc: 0.9792, Val Loss: 1.6261, Val Acc: 0.3333
INFO:train:Epoch 36/100, Train Loss: 1.4659, Train Acc: 0.9583, Val Loss: 1.6489, Val Acc: 0.3333
INFO:train:Epoch 37/100, Train Loss: 1.4507, Train Acc: 0.9583, Val Loss: 1.6734, Val Acc: 0.3333
INFO:train:Epoch 38/100, Train Loss: 1.4366, Train Acc: 0.9792, Val Loss: 1.6975, Val Acc: 0.3333
INFO:train:Epoch 39/100, Train Loss: 1.4258, Train Acc: 1.0000, Val Loss: 1.7226, Val Acc: 0.3333
INFO:train:Epoch 40/100, Train Loss: 1.4177, Train Acc: 1.0000, Val Loss: 1.7414, Val Acc: 0.3333
INFO:train:Epoch 41/100, Train Loss: 1.4103, Train Acc: 1.0000, Val Loss: 1.7478, Val Acc: 0.3333
INFO:train:Epoch 42/100, Train Loss: 1.4030, Train Acc: 1.0000, Val Loss: 1.7498, Val Acc: 0.3333
INFO:train:Epoch 43/100, Train Loss: 1.3974, Train Acc: 1.0000, Val Loss: 1.7419, Val Acc: 0.3333
INFO:train:Epoch 44/100, Train Loss: 1.3918, Train Acc: 1.0000, Val Loss: 1.7297, Val Acc: 0.3333
INFO:train:Epoch 45/100, Train Loss: 1.3868, Train Acc: 1.0000, Val Loss: 1.7151, Val Acc: 0.3333
INFO:train:Epoch 46/100, Train Loss: 1.3821, Train Acc: 1.0000, Val Loss: 1.7051, Val Acc: 0.3333
INFO:train:Epoch 47/100, Train Loss: 1.3774, Train Acc: 1.0000, Val Loss: 1.7021, Val Acc: 0.3333
INFO:train:Epoch 48/100, Train Loss: 1.3734, Train Acc: 1.0000, Val Loss: 1.7042, Val Acc: 0.3333
INFO:train:Epoch 49/100, Train Loss: 1.3694, Train Acc: 1.0000, Val Loss: 1.7093, Val Acc: 0.3333
INFO:train:Epoch 50/100, Train Loss: 1.3663, Train Acc: 1.0000, Val Loss: 1.7142, Val Acc: 0.3333
INFO:train:Epoch 51/100, Train Loss: 1.3633, Train Acc: 1.0000, Val Loss: 1.7179, Val Acc: 0.3333
INFO:train:Epoch 52/100, Train Loss: 1.3610, Train Acc: 1.0000, Val Loss: 1.7195, Val Acc: 0.3333
INFO:train:Epoch 53/100, Train Loss: 1.3589, Train Acc: 1.0000, Val Loss: 1.7180, Val Acc: 0.3333
INFO:train:Epoch 54/100, Train Loss: 1.3574, Train Acc: 1.0000, Val Loss: 1.7144, Val Acc: 0.3333
INFO:train:Epoch 55/100, Train Loss: 1.3566, Train Acc: 1.0000, Val Loss: 1.7094, Val Acc: 0.3333
INFO:train:Epoch 56/100, Train Loss: 1.3555, Train Acc: 1.0000, Val Loss: 1.7062, Val Acc: 0.3333
INFO:train:Epoch 57/100, Train Loss: 1.3547, Train Acc: 1.0000, Val Loss: 1.7036, Val Acc: 0.3333
INFO:train:Epoch 58/100, Train Loss: 1.3541, Train Acc: 1.0000, Val Loss: 1.7016, Val Acc: 0.3333
INFO:train:Epoch 59/100, Train Loss: 1.3535, Train Acc: 1.0000, Val Loss: 1.7009, Val Acc: 0.3333
INFO:train:Epoch 60/100, Train Loss: 1.3531, Train Acc: 1.0000, Val Loss: 1.6997, Val Acc: 0.3333
INFO:train:Epoch 61/100, Train Loss: 1.3526, Train Acc: 1.0000, Val Loss: 1.6967, Val Acc: 0.3333
INFO:train:Epoch 62/100, Train Loss: 1.3524, Train Acc: 1.0000, Val Loss: 1.6933, Val Acc: 0.3333
INFO:train:Epoch 63/100, Train Loss: 1.3519, Train Acc: 1.0000, Val Loss: 1.6918, Val Acc: 0.3333
INFO:train:Epoch 64/100, Train Loss: 1.3517, Train Acc: 1.0000, Val Loss: 1.6917, Val Acc: 0.3333
INFO:train:Epoch 65/100, Train Loss: 1.3517, Train Acc: 1.0000, Val Loss: 1.6932, Val Acc: 0.3333
INFO:train:Epoch 66/100, Train Loss: 1.3514, Train Acc: 1.0000, Val Loss: 1.6957, Val Acc: 0.3333
INFO:train:Epoch 67/100, Train Loss: 1.3512, Train Acc: 1.0000, Val Loss: 1.6992, Val Acc: 0.3333
INFO:train:Epoch 68/100, Train Loss: 1.3511, Train Acc: 1.0000, Val Loss: 1.7030, Val Acc: 0.3333
INFO:train:Epoch 69/100, Train Loss: 1.3510, Train Acc: 1.0000, Val Loss: 1.7048, Val Acc: 0.3333
INFO:train:Epoch 70/100, Train Loss: 1.3510, Train Acc: 1.0000, Val Loss: 1.7054, Val Acc: 0.3333
INFO:train:Epoch 71/100, Train Loss: 1.3509, Train Acc: 1.0000, Val Loss: 1.7047, Val Acc: 0.3333
INFO:train:Epoch 72/100, Train Loss: 1.3507, Train Acc: 1.0000, Val Loss: 1.7032, Val Acc: 0.3333
INFO:train:Epoch 73/100, Train Loss: 1.3507, Train Acc: 1.0000, Val Loss: 1.7023, Val Acc: 0.3333
INFO:train:Epoch 74/100, Train Loss: 1.3507, Train Acc: 1.0000, Val Loss: 1.7002, Val Acc: 0.3333
INFO:train:Epoch 75/100, Train Loss: 1.3507, Train Acc: 1.0000, Val Loss: 1.6999, Val Acc: 0.3333
INFO:train:Epoch 76/100, Train Loss: 1.3506, Train Acc: 1.0000, Val Loss: 1.6997, Val Acc: 0.3333
INFO:train:Epoch 77/100, Train Loss: 1.3506, Train Acc: 1.0000, Val Loss: 1.7005, Val Acc: 0.3333
INFO:train:Epoch 78/100, Train Loss: 1.3505, Train Acc: 1.0000, Val Loss: 1.7015, Val Acc: 0.3333
INFO:train:Epoch 79/100, Train Loss: 1.3506, Train Acc: 1.0000, Val Loss: 1.7012, Val Acc: 0.3333
INFO:train:Epoch 80/100, Train Loss: 1.3505, Train Acc: 1.0000, Val Loss: 1.7003, Val Acc: 0.3333
INFO:train:Epoch 81/100, Train Loss: 1.3504, Train Acc: 1.0000, Val Loss: 1.7002, Val Acc: 0.3333
INFO:train:Epoch 82/100, Train Loss: 1.3505, Train Acc: 1.0000, Val Loss: 1.6989, Val Acc: 0.3333
INFO:train:Epoch 83/100, Train Loss: 1.3505, Train Acc: 1.0000, Val Loss: 1.6996, Val Acc: 0.3333
INFO:train:Epoch 84/100, Train Loss: 1.3504, Train Acc: 1.0000, Val Loss: 1.7014, Val Acc: 0.3333
INFO:train:Epoch 85/100, Train Loss: 1.3504, Train Acc: 1.0000, Val Loss: 1.7030, Val Acc: 0.3333
INFO:train:Epoch 86/100, Train Loss: 1.3504, Train Acc: 1.0000, Val Loss: 1.7047, Val Acc: 0.3333
INFO:train:Epoch 87/100, Train Loss: 1.3504, Train Acc: 1.0000, Val Loss: 1.7047, Val Acc: 0.3333
INFO:train:Epoch 88/100, Train Loss: 1.3504, Train Acc: 1.0000, Val Loss: 1.7023, Val Acc: 0.3333
INFO:train:Epoch 89/100, Train Loss: 1.3503, Train Acc: 1.0000, Val Loss: 1.7005, Val Acc: 0.3333
INFO:train:Epoch 90/100, Train Loss: 1.3504, Train Acc: 1.0000, Val Loss: 1.6991, Val Acc: 0.3333
INFO:train:Epoch 91/100, Train Loss: 1.3504, Train Acc: 1.0000, Val Loss: 1.6989, Val Acc: 0.3333
INFO:train:Epoch 92/100, Train Loss: 1.3503, Train Acc: 1.0000, Val Loss: 1.6988, Val Acc: 0.3333
INFO:train:Epoch 93/100, Train Loss: 1.3503, Train Acc: 1.0000, Val Loss: 1.6986, Val Acc: 0.3333
INFO:train:Epoch 94/100, Train Loss: 1.3503, Train Acc: 1.0000, Val Loss: 1.6982, Val Acc: 0.3333
INFO:train:Epoch 95/100, Train Loss: 1.3503, Train Acc: 1.0000, Val Loss: 1.7001, Val Acc: 0.3333
INFO:train:Epoch 96/100, Train Loss: 1.3503, Train Acc: 1.0000, Val Loss: 1.7025, Val Acc: 0.3333
INFO:train:Epoch 97/100, Train Loss: 1.3504, Train Acc: 1.0000, Val Loss: 1.7025, Val Acc: 0.3333
INFO:train:Epoch 98/100, Train Loss: 1.3503, Train Acc: 1.0000, Val Loss: 1.7007, Val Acc: 0.3333
INFO:train:Epoch 99/100, Train Loss: 1.3503, Train Acc: 1.0000, Val Loss: 1.7002, Val Acc: 0.3333
INFO:train:Epoch 100/100, Train Loss: 1.3503, Train Acc: 1.0000, Val Loss: 1.7000, Val Acc: 0.3333
INFO:plot:Saving attention map to: figures/model_accuracy.png
INFO:__main__:Total time taken to train the model: 19.85s
INFO:__main__:train accuracy: 64 / 64
INFO:plot:Saving cofusion matrix map to: figures/train_confusion_matrix.png
INFO:__main__:train accuracy: 64 / 64
INFO:plot:Saving cofusion matrix map to: figures/train_confusion_matrix.png
INFO:__main__:train accuracy: 16 / 16
INFO:plot:Saving cofusion matrix map to: figures/train_confusion_matrix.png
INFO:__main__:validation accuracy: 1 / 3
INFO:plot:Saving cofusion matrix map to: figures/validation_confusion_matrix.png
INFO:__main__:test accuracy: 0 / 3
INFO:plot:Saving cofusion matrix map to: figures/test_confusion_matrix.png
INFO:plot:Saving attention map to: figures/encoder_attention_map.png
INFO:plot:Saving attention map to: figures/decoder_attention_map.png
