INFO:__main__:Reading the dataset: fish part
INFO:__main__:Pre-training the network: Masked Spectra Modelling
INFO:pre_training:Epoch [1/100], Loss: 0.0357, Val: 0.1854
INFO:pre_training:Epoch [2/100], Loss: 0.0330, Val: 0.1877
INFO:pre_training:Epoch [3/100], Loss: 0.0310, Val: 0.1815
INFO:pre_training:Epoch [4/100], Loss: 0.0296, Val: 0.1733
INFO:pre_training:Epoch [5/100], Loss: 0.0287, Val: 0.1766
INFO:pre_training:Epoch [6/100], Loss: 0.0280, Val: 0.1787
INFO:pre_training:Epoch [7/100], Loss: 0.0272, Val: 0.1638
INFO:pre_training:Epoch [8/100], Loss: 0.0267, Val: 0.1638
INFO:pre_training:Epoch [9/100], Loss: 0.0263, Val: 0.1712
INFO:pre_training:Epoch [10/100], Loss: 0.0257, Val: 0.1652
INFO:pre_training:Epoch [11/100], Loss: 0.0251, Val: 0.1658
INFO:pre_training:Epoch [12/100], Loss: 0.0246, Val: 0.1586
INFO:pre_training:Epoch [13/100], Loss: 0.0244, Val: 0.1655
INFO:pre_training:Epoch [14/100], Loss: 0.0242, Val: 0.1555
INFO:pre_training:Epoch [15/100], Loss: 0.0237, Val: 0.1592
INFO:pre_training:Epoch [16/100], Loss: 0.0235, Val: 0.1594
INFO:pre_training:Epoch [17/100], Loss: 0.0230, Val: 0.1532
INFO:pre_training:Epoch [18/100], Loss: 0.0225, Val: 0.1572
INFO:pre_training:Epoch [19/100], Loss: 0.0224, Val: 0.1546
INFO:pre_training:Epoch [20/100], Loss: 0.0219, Val: 0.1529
INFO:pre_training:Epoch [21/100], Loss: 0.0216, Val: 0.1479
INFO:pre_training:Epoch [22/100], Loss: 0.0219, Val: 0.1475
INFO:pre_training:Epoch [23/100], Loss: 0.0214, Val: 0.1501
INFO:pre_training:Epoch [24/100], Loss: 0.0211, Val: 0.1501
INFO:pre_training:Epoch [25/100], Loss: 0.0206, Val: 0.1402
INFO:pre_training:Epoch [26/100], Loss: 0.0205, Val: 0.1534
INFO:pre_training:Epoch [27/100], Loss: 0.0206, Val: 0.1467
INFO:pre_training:Epoch [28/100], Loss: 0.0203, Val: 0.1459
INFO:pre_training:Epoch [29/100], Loss: 0.0203, Val: 0.1461
INFO:pre_training:Epoch [30/100], Loss: 0.0198, Val: 0.1470
INFO:pre_training:Epoch [31/100], Loss: 0.0197, Val: 0.1407
INFO:pre_training:Epoch [32/100], Loss: 0.0193, Val: 0.1479
INFO:pre_training:Epoch [33/100], Loss: 0.0194, Val: 0.1423
INFO:pre_training:Epoch [34/100], Loss: 0.0194, Val: 0.1414
INFO:pre_training:Epoch [35/100], Loss: 0.0191, Val: 0.1396
INFO:pre_training:Epoch [36/100], Loss: 0.0188, Val: 0.1414
INFO:pre_training:Epoch [37/100], Loss: 0.0188, Val: 0.1388
INFO:pre_training:Epoch [38/100], Loss: 0.0185, Val: 0.1381
INFO:pre_training:Epoch [39/100], Loss: 0.0183, Val: 0.1426
INFO:pre_training:Epoch [40/100], Loss: 0.0181, Val: 0.1383
INFO:pre_training:Epoch [41/100], Loss: 0.0181, Val: 0.1448
INFO:pre_training:Epoch [42/100], Loss: 0.0176, Val: 0.1338
INFO:pre_training:Epoch [43/100], Loss: 0.0178, Val: 0.1417
INFO:pre_training:Epoch [44/100], Loss: 0.0176, Val: 0.1417
INFO:pre_training:Epoch [45/100], Loss: 0.0173, Val: 0.1409
INFO:pre_training:Epoch [46/100], Loss: 0.0171, Val: 0.1420
INFO:pre_training:Epoch [47/100], Loss: 0.0176, Val: 0.1377
INFO:pre_training:Epoch [48/100], Loss: 0.0173, Val: 0.1329
INFO:pre_training:Epoch [49/100], Loss: 0.0170, Val: 0.1338
INFO:pre_training:Epoch [50/100], Loss: 0.0167, Val: 0.1373
INFO:pre_training:Epoch [51/100], Loss: 0.0171, Val: 0.1355
INFO:pre_training:Epoch [52/100], Loss: 0.0168, Val: 0.1395
INFO:pre_training:Epoch [53/100], Loss: 0.0165, Val: 0.1351
INFO:pre_training:Epoch [54/100], Loss: 0.0165, Val: 0.1388
INFO:pre_training:Epoch [55/100], Loss: 0.0164, Val: 0.1296
INFO:pre_training:Epoch [56/100], Loss: 0.0161, Val: 0.1392
INFO:pre_training:Epoch [57/100], Loss: 0.0160, Val: 0.1319
INFO:pre_training:Epoch [58/100], Loss: 0.0160, Val: 0.1336
INFO:pre_training:Epoch [59/100], Loss: 0.0160, Val: 0.1355
INFO:pre_training:Epoch [60/100], Loss: 0.0159, Val: 0.1285
INFO:pre_training:Epoch [61/100], Loss: 0.0159, Val: 0.1351
INFO:pre_training:Epoch [62/100], Loss: 0.0158, Val: 0.1344
INFO:pre_training:Epoch [63/100], Loss: 0.0158, Val: 0.1310
INFO:pre_training:Epoch [64/100], Loss: 0.0155, Val: 0.1300
INFO:pre_training:Epoch [65/100], Loss: 0.0156, Val: 0.1318
INFO:pre_training:Epoch [66/100], Loss: 0.0154, Val: 0.1232
INFO:pre_training:Epoch [67/100], Loss: 0.0152, Val: 0.1332
INFO:pre_training:Epoch [68/100], Loss: 0.0153, Val: 0.1346
INFO:pre_training:Epoch [69/100], Loss: 0.0151, Val: 0.1296
INFO:pre_training:Epoch [70/100], Loss: 0.0150, Val: 0.1287
INFO:pre_training:Epoch [71/100], Loss: 0.0148, Val: 0.1370
INFO:pre_training:Epoch [72/100], Loss: 0.0149, Val: 0.1292
INFO:pre_training:Epoch [73/100], Loss: 0.0148, Val: 0.1372
INFO:pre_training:Epoch [74/100], Loss: 0.0149, Val: 0.1262
INFO:pre_training:Epoch [75/100], Loss: 0.0147, Val: 0.1324
INFO:pre_training:Epoch [76/100], Loss: 0.0146, Val: 0.1345
INFO:pre_training:Epoch [77/100], Loss: 0.0145, Val: 0.1368
INFO:pre_training:Epoch [78/100], Loss: 0.0143, Val: 0.1309
INFO:pre_training:Epoch [79/100], Loss: 0.0144, Val: 0.1324
INFO:pre_training:Epoch [80/100], Loss: 0.0143, Val: 0.1272
INFO:pre_training:Epoch [81/100], Loss: 0.0143, Val: 0.1282
INFO:pre_training:Epoch [82/100], Loss: 0.0140, Val: 0.1209
INFO:pre_training:Epoch [83/100], Loss: 0.0140, Val: 0.1339
INFO:pre_training:Epoch [84/100], Loss: 0.0141, Val: 0.1261
INFO:pre_training:Epoch [85/100], Loss: 0.0140, Val: 0.1361
INFO:pre_training:Epoch [86/100], Loss: 0.0138, Val: 0.1283
INFO:pre_training:Epoch [87/100], Loss: 0.0138, Val: 0.1312
INFO:pre_training:Epoch [88/100], Loss: 0.0136, Val: 0.1310
INFO:pre_training:Epoch [89/100], Loss: 0.0134, Val: 0.1273
INFO:pre_training:Epoch [90/100], Loss: 0.0136, Val: 0.1264
INFO:pre_training:Epoch [91/100], Loss: 0.0133, Val: 0.1310
INFO:pre_training:Epoch [92/100], Loss: 0.0135, Val: 0.1266
INFO:pre_training:Epoch [93/100], Loss: 0.0138, Val: 0.1306
INFO:pre_training:Epoch [94/100], Loss: 0.0135, Val: 0.1299
INFO:pre_training:Epoch [95/100], Loss: 0.0131, Val: 0.1302
INFO:pre_training:Epoch [96/100], Loss: 0.0136, Val: 0.1265
INFO:pre_training:Epoch [97/100], Loss: 0.0132, Val: 0.1304
INFO:pre_training:Epoch [98/100], Loss: 0.0133, Val: 0.1246
INFO:pre_training:Epoch [99/100], Loss: 0.0130, Val: 0.1289
INFO:pre_training:Epoch [100/100], Loss: 0.0132, Val: 0.1214
INFO:__main__:Total time taken to pre-train the model: 21.92s
INFO:__main__:Training the network
INFO:train:Epoch 1/100, Train Loss: 1.7906, Train Acc: 0.4236, Val Loss: 1.7915, Val Acc: 0.0000
INFO:train:Epoch 2/100, Train Loss: 1.7845, Train Acc: 0.5486, Val Loss: 1.7919, Val Acc: 0.0000
INFO:train:Epoch 3/100, Train Loss: 1.7764, Train Acc: 0.5000, Val Loss: 1.7923, Val Acc: 0.0000
INFO:train:Epoch 4/100, Train Loss: 1.7658, Train Acc: 0.5278, Val Loss: 1.7923, Val Acc: 0.0000
INFO:train:Epoch 5/100, Train Loss: 1.7533, Train Acc: 0.5278, Val Loss: 1.7947, Val Acc: 0.0000
INFO:train:Epoch 6/100, Train Loss: 1.7388, Train Acc: 0.5556, Val Loss: 1.8009, Val Acc: 0.0000
INFO:train:Epoch 7/100, Train Loss: 1.7234, Train Acc: 0.5278, Val Loss: 1.8126, Val Acc: 0.0000
INFO:train:Epoch 8/100, Train Loss: 1.7085, Train Acc: 0.4167, Val Loss: 1.8306, Val Acc: 0.0000
INFO:train:Epoch 9/100, Train Loss: 1.6960, Train Acc: 0.3750, Val Loss: 1.8550, Val Acc: 0.0000
INFO:train:Epoch 10/100, Train Loss: 1.6864, Train Acc: 0.3750, Val Loss: 1.8808, Val Acc: 0.0000
INFO:train:Epoch 11/100, Train Loss: 1.6794, Train Acc: 0.4097, Val Loss: 1.8977, Val Acc: 0.0000
INFO:train:Epoch 12/100, Train Loss: 1.6740, Train Acc: 0.4722, Val Loss: 1.9038, Val Acc: 0.0000
INFO:train:Epoch 13/100, Train Loss: 1.6685, Train Acc: 0.5833, Val Loss: 1.9024, Val Acc: 0.3333
INFO:train:Epoch 14/100, Train Loss: 1.6636, Train Acc: 0.4583, Val Loss: 1.8929, Val Acc: 0.3333
INFO:train:Epoch 15/100, Train Loss: 1.6581, Train Acc: 0.5694, Val Loss: 1.8827, Val Acc: 0.0000
INFO:train:Epoch 16/100, Train Loss: 1.6532, Train Acc: 0.6597, Val Loss: 1.8768, Val Acc: 0.0000
INFO:train:Epoch 17/100, Train Loss: 1.6492, Train Acc: 0.5903, Val Loss: 1.8746, Val Acc: 0.0000
INFO:train:Epoch 18/100, Train Loss: 1.6454, Train Acc: 0.5417, Val Loss: 1.8763, Val Acc: 0.0000
INFO:train:Epoch 19/100, Train Loss: 1.6411, Train Acc: 0.5417, Val Loss: 1.8773, Val Acc: 0.0000
INFO:train:Epoch 20/100, Train Loss: 1.6373, Train Acc: 0.5694, Val Loss: 1.8775, Val Acc: 0.0000
INFO:train:Epoch 21/100, Train Loss: 1.6330, Train Acc: 0.5833, Val Loss: 1.8771, Val Acc: 0.0000
INFO:train:Epoch 22/100, Train Loss: 1.6281, Train Acc: 0.5694, Val Loss: 1.8780, Val Acc: 0.0000
INFO:train:Epoch 23/100, Train Loss: 1.6231, Train Acc: 0.5972, Val Loss: 1.8717, Val Acc: 0.0000
INFO:train:Epoch 24/100, Train Loss: 1.6171, Train Acc: 0.6597, Val Loss: 1.8653, Val Acc: 0.0000
INFO:train:Epoch 25/100, Train Loss: 1.6110, Train Acc: 0.7153, Val Loss: 1.8585, Val Acc: 0.0000
INFO:train:Epoch 26/100, Train Loss: 1.6044, Train Acc: 0.7500, Val Loss: 1.8537, Val Acc: 0.0000
INFO:train:Epoch 27/100, Train Loss: 1.5961, Train Acc: 0.7500, Val Loss: 1.8523, Val Acc: 0.0000
INFO:train:Epoch 28/100, Train Loss: 1.5872, Train Acc: 0.7708, Val Loss: 1.8514, Val Acc: 0.0000
INFO:train:Epoch 29/100, Train Loss: 1.5773, Train Acc: 0.8264, Val Loss: 1.8509, Val Acc: 0.0000
INFO:train:Epoch 30/100, Train Loss: 1.5658, Train Acc: 0.8333, Val Loss: 1.8490, Val Acc: 0.0000
INFO:train:Epoch 31/100, Train Loss: 1.5536, Train Acc: 0.8333, Val Loss: 1.8478, Val Acc: 0.0000
INFO:train:Epoch 32/100, Train Loss: 1.5402, Train Acc: 0.8472, Val Loss: 1.8512, Val Acc: 0.0000
INFO:train:Epoch 33/100, Train Loss: 1.5257, Train Acc: 0.8958, Val Loss: 1.8597, Val Acc: 0.0000
INFO:train:Epoch 34/100, Train Loss: 1.5125, Train Acc: 0.9444, Val Loss: 1.8663, Val Acc: 0.0000
INFO:train:Epoch 35/100, Train Loss: 1.4965, Train Acc: 0.9375, Val Loss: 1.8661, Val Acc: 0.0000
INFO:train:Epoch 36/100, Train Loss: 1.4809, Train Acc: 0.9375, Val Loss: 1.8697, Val Acc: 0.0000
INFO:train:Epoch 37/100, Train Loss: 1.4657, Train Acc: 0.9444, Val Loss: 1.8752, Val Acc: 0.0000
INFO:train:Epoch 38/100, Train Loss: 1.4513, Train Acc: 0.9514, Val Loss: 1.8925, Val Acc: 0.0000
INFO:train:Epoch 39/100, Train Loss: 1.4376, Train Acc: 1.0000, Val Loss: 1.9183, Val Acc: 0.0000
INFO:train:Epoch 40/100, Train Loss: 1.4266, Train Acc: 1.0000, Val Loss: 1.9357, Val Acc: 0.0000
INFO:train:Epoch 41/100, Train Loss: 1.4163, Train Acc: 1.0000, Val Loss: 1.9407, Val Acc: 0.0000
INFO:train:Epoch 42/100, Train Loss: 1.4068, Train Acc: 1.0000, Val Loss: 1.9267, Val Acc: 0.3333
INFO:train:Epoch 43/100, Train Loss: 1.3976, Train Acc: 1.0000, Val Loss: 1.9005, Val Acc: 0.3333
INFO:train:Epoch 44/100, Train Loss: 1.3900, Train Acc: 1.0000, Val Loss: 1.8715, Val Acc: 0.3333
INFO:train:Epoch 45/100, Train Loss: 1.3829, Train Acc: 1.0000, Val Loss: 1.8478, Val Acc: 0.3333
INFO:train:Epoch 46/100, Train Loss: 1.3762, Train Acc: 1.0000, Val Loss: 1.8290, Val Acc: 0.3333
INFO:train:Epoch 47/100, Train Loss: 1.3719, Train Acc: 1.0000, Val Loss: 1.8109, Val Acc: 0.3333
INFO:train:Epoch 48/100, Train Loss: 1.3676, Train Acc: 1.0000, Val Loss: 1.7924, Val Acc: 0.3333
INFO:train:Epoch 49/100, Train Loss: 1.3637, Train Acc: 1.0000, Val Loss: 1.7776, Val Acc: 0.3333
INFO:train:Epoch 50/100, Train Loss: 1.3609, Train Acc: 1.0000, Val Loss: 1.7679, Val Acc: 0.3333
INFO:train:Epoch 51/100, Train Loss: 1.3591, Train Acc: 1.0000, Val Loss: 1.7645, Val Acc: 0.3333
INFO:train:Epoch 52/100, Train Loss: 1.3570, Train Acc: 1.0000, Val Loss: 1.7662, Val Acc: 0.3333
INFO:train:Epoch 53/100, Train Loss: 1.3557, Train Acc: 1.0000, Val Loss: 1.7686, Val Acc: 0.3333
INFO:train:Epoch 54/100, Train Loss: 1.3549, Train Acc: 1.0000, Val Loss: 1.7715, Val Acc: 0.3333
INFO:train:Epoch 55/100, Train Loss: 1.3544, Train Acc: 1.0000, Val Loss: 1.7730, Val Acc: 0.3333
INFO:train:Epoch 56/100, Train Loss: 1.3537, Train Acc: 1.0000, Val Loss: 1.7725, Val Acc: 0.3333
INFO:train:Epoch 57/100, Train Loss: 1.3531, Train Acc: 1.0000, Val Loss: 1.7718, Val Acc: 0.3333
INFO:train:Epoch 58/100, Train Loss: 1.3528, Train Acc: 1.0000, Val Loss: 1.7724, Val Acc: 0.3333
INFO:train:Epoch 59/100, Train Loss: 1.3521, Train Acc: 1.0000, Val Loss: 1.7743, Val Acc: 0.3333
INFO:train:Epoch 60/100, Train Loss: 1.3521, Train Acc: 1.0000, Val Loss: 1.7759, Val Acc: 0.3333
INFO:train:Epoch 61/100, Train Loss: 1.3520, Train Acc: 1.0000, Val Loss: 1.7756, Val Acc: 0.3333
INFO:train:Epoch 62/100, Train Loss: 1.3516, Train Acc: 1.0000, Val Loss: 1.7735, Val Acc: 0.3333
INFO:train:Epoch 63/100, Train Loss: 1.3513, Train Acc: 1.0000, Val Loss: 1.7705, Val Acc: 0.3333
INFO:train:Epoch 64/100, Train Loss: 1.3512, Train Acc: 1.0000, Val Loss: 1.7679, Val Acc: 0.3333
INFO:train:Epoch 65/100, Train Loss: 1.3511, Train Acc: 1.0000, Val Loss: 1.7664, Val Acc: 0.3333
INFO:train:Epoch 66/100, Train Loss: 1.3510, Train Acc: 1.0000, Val Loss: 1.7656, Val Acc: 0.3333
INFO:train:Epoch 67/100, Train Loss: 1.3508, Train Acc: 1.0000, Val Loss: 1.7654, Val Acc: 0.3333
INFO:train:Epoch 68/100, Train Loss: 1.3508, Train Acc: 1.0000, Val Loss: 1.7658, Val Acc: 0.3333
INFO:train:Epoch 69/100, Train Loss: 1.3508, Train Acc: 1.0000, Val Loss: 1.7662, Val Acc: 0.3333
INFO:train:Epoch 70/100, Train Loss: 1.3507, Train Acc: 1.0000, Val Loss: 1.7662, Val Acc: 0.3333
INFO:train:Epoch 71/100, Train Loss: 1.3507, Train Acc: 1.0000, Val Loss: 1.7654, Val Acc: 0.3333
INFO:train:Epoch 72/100, Train Loss: 1.3506, Train Acc: 1.0000, Val Loss: 1.7643, Val Acc: 0.3333
INFO:train:Epoch 73/100, Train Loss: 1.3506, Train Acc: 1.0000, Val Loss: 1.7632, Val Acc: 0.3333
INFO:train:Epoch 74/100, Train Loss: 1.3505, Train Acc: 1.0000, Val Loss: 1.7625, Val Acc: 0.3333
INFO:train:Epoch 75/100, Train Loss: 1.3505, Train Acc: 1.0000, Val Loss: 1.7625, Val Acc: 0.3333
INFO:train:Epoch 76/100, Train Loss: 1.3505, Train Acc: 1.0000, Val Loss: 1.7631, Val Acc: 0.3333
INFO:train:Epoch 77/100, Train Loss: 1.3504, Train Acc: 1.0000, Val Loss: 1.7635, Val Acc: 0.3333
INFO:train:Epoch 78/100, Train Loss: 1.3505, Train Acc: 1.0000, Val Loss: 1.7646, Val Acc: 0.3333
INFO:train:Epoch 79/100, Train Loss: 1.3505, Train Acc: 1.0000, Val Loss: 1.7658, Val Acc: 0.3333
INFO:train:Epoch 80/100, Train Loss: 1.3505, Train Acc: 1.0000, Val Loss: 1.7661, Val Acc: 0.3333
INFO:train:Epoch 81/100, Train Loss: 1.3504, Train Acc: 1.0000, Val Loss: 1.7665, Val Acc: 0.3333
INFO:train:Epoch 82/100, Train Loss: 1.3504, Train Acc: 1.0000, Val Loss: 1.7665, Val Acc: 0.3333
INFO:train:Epoch 83/100, Train Loss: 1.3504, Train Acc: 1.0000, Val Loss: 1.7674, Val Acc: 0.3333
INFO:train:Epoch 84/100, Train Loss: 1.3504, Train Acc: 1.0000, Val Loss: 1.7685, Val Acc: 0.3333
INFO:train:Epoch 85/100, Train Loss: 1.3504, Train Acc: 1.0000, Val Loss: 1.7693, Val Acc: 0.3333
INFO:train:Epoch 86/100, Train Loss: 1.3503, Train Acc: 1.0000, Val Loss: 1.7696, Val Acc: 0.3333
INFO:train:Epoch 87/100, Train Loss: 1.3504, Train Acc: 1.0000, Val Loss: 1.7693, Val Acc: 0.3333
INFO:train:Epoch 88/100, Train Loss: 1.3503, Train Acc: 1.0000, Val Loss: 1.7689, Val Acc: 0.3333
INFO:train:Epoch 89/100, Train Loss: 1.3504, Train Acc: 1.0000, Val Loss: 1.7687, Val Acc: 0.3333
INFO:train:Epoch 90/100, Train Loss: 1.3503, Train Acc: 1.0000, Val Loss: 1.7690, Val Acc: 0.3333
INFO:train:Epoch 91/100, Train Loss: 1.3503, Train Acc: 1.0000, Val Loss: 1.7692, Val Acc: 0.3333
INFO:train:Epoch 92/100, Train Loss: 1.3503, Train Acc: 1.0000, Val Loss: 1.7696, Val Acc: 0.3333
INFO:train:Epoch 93/100, Train Loss: 1.3503, Train Acc: 1.0000, Val Loss: 1.7701, Val Acc: 0.3333
INFO:train:Epoch 94/100, Train Loss: 1.3503, Train Acc: 1.0000, Val Loss: 1.7706, Val Acc: 0.3333
INFO:train:Epoch 95/100, Train Loss: 1.3503, Train Acc: 1.0000, Val Loss: 1.7694, Val Acc: 0.3333
INFO:train:Epoch 96/100, Train Loss: 1.3503, Train Acc: 1.0000, Val Loss: 1.7684, Val Acc: 0.3333
INFO:train:Epoch 97/100, Train Loss: 1.3503, Train Acc: 1.0000, Val Loss: 1.7675, Val Acc: 0.3333
INFO:train:Epoch 98/100, Train Loss: 1.3503, Train Acc: 1.0000, Val Loss: 1.7671, Val Acc: 0.3333
INFO:train:Epoch 99/100, Train Loss: 1.3503, Train Acc: 1.0000, Val Loss: 1.7678, Val Acc: 0.3333
INFO:train:Epoch 100/100, Train Loss: 1.3503, Train Acc: 1.0000, Val Loss: 1.7690, Val Acc: 0.3333
INFO:plot:Saving attention map to: figures/model_accuracy.png
INFO:__main__:Total time taken to train the model: 19.75s
INFO:__main__:train accuracy: 64 / 64
INFO:plot:Saving cofusion matrix map to: figures/train_confusion_matrix.png
INFO:__main__:train accuracy: 64 / 64
INFO:plot:Saving cofusion matrix map to: figures/train_confusion_matrix.png
INFO:__main__:train accuracy: 16 / 16
INFO:plot:Saving cofusion matrix map to: figures/train_confusion_matrix.png
INFO:__main__:validation accuracy: 1 / 3
INFO:plot:Saving cofusion matrix map to: figures/validation_confusion_matrix.png
INFO:__main__:test accuracy: 3 / 3
INFO:plot:Saving cofusion matrix map to: figures/test_confusion_matrix.png
INFO:plot:Saving attention map to: figures/encoder_attention_map.png
INFO:plot:Saving attention map to: figures/decoder_attention_map.png
