INFO:__main__:Reading the dataset: fish part
INFO:__main__:Pre-training the network: Masked Spectra Modelling
INFO:pre_training:Epoch [1/100], Loss: 0.0363, Val: 0.1903
INFO:pre_training:Epoch [2/100], Loss: 0.0326, Val: 0.1821
INFO:pre_training:Epoch [3/100], Loss: 0.0306, Val: 0.1779
INFO:pre_training:Epoch [4/100], Loss: 0.0291, Val: 0.1799
INFO:pre_training:Epoch [5/100], Loss: 0.0283, Val: 0.1712
INFO:pre_training:Epoch [6/100], Loss: 0.0280, Val: 0.1717
INFO:pre_training:Epoch [7/100], Loss: 0.0272, Val: 0.1689
INFO:pre_training:Epoch [8/100], Loss: 0.0264, Val: 0.1602
INFO:pre_training:Epoch [9/100], Loss: 0.0259, Val: 0.1635
INFO:pre_training:Epoch [10/100], Loss: 0.0253, Val: 0.1622
INFO:pre_training:Epoch [11/100], Loss: 0.0249, Val: 0.1673
INFO:pre_training:Epoch [12/100], Loss: 0.0245, Val: 0.1641
INFO:pre_training:Epoch [13/100], Loss: 0.0245, Val: 0.1596
INFO:pre_training:Epoch [14/100], Loss: 0.0238, Val: 0.1580
INFO:pre_training:Epoch [15/100], Loss: 0.0237, Val: 0.1538
INFO:pre_training:Epoch [16/100], Loss: 0.0228, Val: 0.1597
INFO:pre_training:Epoch [17/100], Loss: 0.0229, Val: 0.1556
INFO:pre_training:Epoch [18/100], Loss: 0.0224, Val: 0.1594
INFO:pre_training:Epoch [19/100], Loss: 0.0225, Val: 0.1628
INFO:pre_training:Epoch [20/100], Loss: 0.0221, Val: 0.1530
INFO:pre_training:Epoch [21/100], Loss: 0.0217, Val: 0.1540
INFO:pre_training:Epoch [22/100], Loss: 0.0212, Val: 0.1558
INFO:pre_training:Epoch [23/100], Loss: 0.0213, Val: 0.1530
INFO:pre_training:Epoch [24/100], Loss: 0.0210, Val: 0.1474
INFO:pre_training:Epoch [25/100], Loss: 0.0211, Val: 0.1511
INFO:pre_training:Epoch [26/100], Loss: 0.0204, Val: 0.1521
INFO:pre_training:Epoch [27/100], Loss: 0.0200, Val: 0.1474
INFO:pre_training:Epoch [28/100], Loss: 0.0207, Val: 0.1471
INFO:pre_training:Epoch [29/100], Loss: 0.0199, Val: 0.1483
INFO:pre_training:Epoch [30/100], Loss: 0.0203, Val: 0.1414
INFO:pre_training:Epoch [31/100], Loss: 0.0195, Val: 0.1452
INFO:pre_training:Epoch [32/100], Loss: 0.0196, Val: 0.1448
INFO:pre_training:Epoch [33/100], Loss: 0.0192, Val: 0.1451
INFO:pre_training:Epoch [34/100], Loss: 0.0186, Val: 0.1451
INFO:pre_training:Epoch [35/100], Loss: 0.0187, Val: 0.1424
INFO:pre_training:Epoch [36/100], Loss: 0.0186, Val: 0.1407
INFO:pre_training:Epoch [37/100], Loss: 0.0186, Val: 0.1381
INFO:pre_training:Epoch [38/100], Loss: 0.0185, Val: 0.1415
INFO:pre_training:Epoch [39/100], Loss: 0.0182, Val: 0.1426
INFO:pre_training:Epoch [40/100], Loss: 0.0181, Val: 0.1415
INFO:pre_training:Epoch [41/100], Loss: 0.0180, Val: 0.1415
INFO:pre_training:Epoch [42/100], Loss: 0.0175, Val: 0.1403
INFO:pre_training:Epoch [43/100], Loss: 0.0178, Val: 0.1410
INFO:pre_training:Epoch [44/100], Loss: 0.0178, Val: 0.1383
INFO:pre_training:Epoch [45/100], Loss: 0.0178, Val: 0.1403
INFO:pre_training:Epoch [46/100], Loss: 0.0172, Val: 0.1454
INFO:pre_training:Epoch [47/100], Loss: 0.0175, Val: 0.1383
INFO:pre_training:Epoch [48/100], Loss: 0.0173, Val: 0.1382
INFO:pre_training:Epoch [49/100], Loss: 0.0169, Val: 0.1426
INFO:pre_training:Epoch [50/100], Loss: 0.0166, Val: 0.1399
INFO:pre_training:Epoch [51/100], Loss: 0.0169, Val: 0.1438
INFO:pre_training:Epoch [52/100], Loss: 0.0167, Val: 0.1345
INFO:pre_training:Epoch [53/100], Loss: 0.0166, Val: 0.1417
INFO:pre_training:Epoch [54/100], Loss: 0.0162, Val: 0.1308
INFO:pre_training:Epoch [55/100], Loss: 0.0162, Val: 0.1344
INFO:pre_training:Epoch [56/100], Loss: 0.0160, Val: 0.1379
INFO:pre_training:Epoch [57/100], Loss: 0.0161, Val: 0.1426
INFO:pre_training:Epoch [58/100], Loss: 0.0160, Val: 0.1364
INFO:pre_training:Epoch [59/100], Loss: 0.0157, Val: 0.1358
INFO:pre_training:Epoch [60/100], Loss: 0.0161, Val: 0.1372
INFO:pre_training:Epoch [61/100], Loss: 0.0159, Val: 0.1377
INFO:pre_training:Epoch [62/100], Loss: 0.0161, Val: 0.1348
INFO:pre_training:Epoch [63/100], Loss: 0.0153, Val: 0.1347
INFO:pre_training:Epoch [64/100], Loss: 0.0154, Val: 0.1397
INFO:pre_training:Epoch [65/100], Loss: 0.0155, Val: 0.1378
INFO:pre_training:Epoch [66/100], Loss: 0.0154, Val: 0.1299
INFO:pre_training:Epoch [67/100], Loss: 0.0150, Val: 0.1347
INFO:pre_training:Epoch [68/100], Loss: 0.0153, Val: 0.1348
INFO:pre_training:Epoch [69/100], Loss: 0.0150, Val: 0.1369
INFO:pre_training:Epoch [70/100], Loss: 0.0151, Val: 0.1407
INFO:pre_training:Epoch [71/100], Loss: 0.0149, Val: 0.1325
INFO:pre_training:Epoch [72/100], Loss: 0.0149, Val: 0.1370
INFO:pre_training:Epoch [73/100], Loss: 0.0147, Val: 0.1354
INFO:pre_training:Epoch [74/100], Loss: 0.0148, Val: 0.1379
INFO:pre_training:Epoch [75/100], Loss: 0.0147, Val: 0.1351
INFO:pre_training:Epoch [76/100], Loss: 0.0147, Val: 0.1343
INFO:pre_training:Epoch [77/100], Loss: 0.0146, Val: 0.1355
INFO:pre_training:Epoch [78/100], Loss: 0.0142, Val: 0.1323
INFO:pre_training:Epoch [79/100], Loss: 0.0142, Val: 0.1349
INFO:pre_training:Epoch [80/100], Loss: 0.0142, Val: 0.1294
INFO:pre_training:Epoch [81/100], Loss: 0.0142, Val: 0.1328
INFO:pre_training:Epoch [82/100], Loss: 0.0141, Val: 0.1325
INFO:pre_training:Epoch [83/100], Loss: 0.0141, Val: 0.1343
INFO:pre_training:Epoch [84/100], Loss: 0.0139, Val: 0.1306
INFO:pre_training:Epoch [85/100], Loss: 0.0138, Val: 0.1328
INFO:pre_training:Epoch [86/100], Loss: 0.0141, Val: 0.1299
INFO:pre_training:Epoch [87/100], Loss: 0.0137, Val: 0.1270
INFO:pre_training:Epoch [88/100], Loss: 0.0136, Val: 0.1335
INFO:pre_training:Epoch [89/100], Loss: 0.0136, Val: 0.1295
INFO:pre_training:Epoch [90/100], Loss: 0.0138, Val: 0.1312
INFO:pre_training:Epoch [91/100], Loss: 0.0134, Val: 0.1303
INFO:pre_training:Epoch [92/100], Loss: 0.0136, Val: 0.1342
INFO:pre_training:Epoch [93/100], Loss: 0.0135, Val: 0.1300
INFO:pre_training:Epoch [94/100], Loss: 0.0136, Val: 0.1282
INFO:pre_training:Epoch [95/100], Loss: 0.0133, Val: 0.1293
INFO:pre_training:Epoch [96/100], Loss: 0.0131, Val: 0.1303
INFO:pre_training:Epoch [97/100], Loss: 0.0132, Val: 0.1345
INFO:pre_training:Epoch [98/100], Loss: 0.0134, Val: 0.1319
INFO:pre_training:Epoch [99/100], Loss: 0.0131, Val: 0.1330
INFO:pre_training:Epoch [100/100], Loss: 0.0131, Val: 0.1336
INFO:__main__:Total time taken to pre-train the model: 24.59s
INFO:__main__:Training the network
INFO:train:Epoch 1/100, Train Loss: 1.7896, Train Acc: 0.4375, Val Loss: 1.7887, Val Acc: 0.0000
INFO:train:Epoch 2/100, Train Loss: 1.7789, Train Acc: 0.4792, Val Loss: 1.7852, Val Acc: 0.0000
INFO:train:Epoch 3/100, Train Loss: 1.7642, Train Acc: 0.4792, Val Loss: 1.7815, Val Acc: 0.0000
INFO:train:Epoch 4/100, Train Loss: 1.7444, Train Acc: 0.4583, Val Loss: 1.7781, Val Acc: 0.0000
INFO:train:Epoch 5/100, Train Loss: 1.7190, Train Acc: 0.4306, Val Loss: 1.7759, Val Acc: 0.0000
INFO:train:Epoch 6/100, Train Loss: 1.6888, Train Acc: 0.4167, Val Loss: 1.7746, Val Acc: 0.0000
INFO:train:Epoch 7/100, Train Loss: 1.6516, Train Acc: 0.4167, Val Loss: 1.7789, Val Acc: 0.0000
INFO:train:Epoch 8/100, Train Loss: 1.6096, Train Acc: 0.4167, Val Loss: 1.7883, Val Acc: 0.0000
INFO:train:Epoch 9/100, Train Loss: 1.5639, Train Acc: 0.4167, Val Loss: 1.8058, Val Acc: 0.0000
INFO:train:Epoch 10/100, Train Loss: 1.5154, Train Acc: 0.4583, Val Loss: 1.8381, Val Acc: 0.0000
INFO:train:Epoch 11/100, Train Loss: 1.4684, Train Acc: 0.4583, Val Loss: 1.8876, Val Acc: 0.0000
INFO:train:Epoch 12/100, Train Loss: 1.4286, Train Acc: 0.4236, Val Loss: 1.9553, Val Acc: 0.0000
INFO:train:Epoch 13/100, Train Loss: 1.3973, Train Acc: 0.4167, Val Loss: 2.0259, Val Acc: 0.0000
INFO:train:Epoch 14/100, Train Loss: 1.3721, Train Acc: 0.4236, Val Loss: 2.0911, Val Acc: 0.0000
INFO:train:Epoch 15/100, Train Loss: 1.3517, Train Acc: 0.4236, Val Loss: 2.1539, Val Acc: 0.0000
INFO:train:Epoch 16/100, Train Loss: 1.3321, Train Acc: 0.4375, Val Loss: 2.1964, Val Acc: 0.0000
INFO:train:Epoch 17/100, Train Loss: 1.3151, Train Acc: 0.4931, Val Loss: 2.2136, Val Acc: 0.3333
INFO:train:Epoch 18/100, Train Loss: 1.3040, Train Acc: 0.4861, Val Loss: 2.2254, Val Acc: 0.3333
INFO:train:Epoch 19/100, Train Loss: 1.2946, Train Acc: 0.5278, Val Loss: 2.2327, Val Acc: 0.0000
INFO:train:Epoch 20/100, Train Loss: 1.2898, Train Acc: 0.5000, Val Loss: 2.2327, Val Acc: 0.0000
INFO:train:Epoch 21/100, Train Loss: 1.2843, Train Acc: 0.4931, Val Loss: 2.2091, Val Acc: 0.0000
INFO:train:Epoch 22/100, Train Loss: 1.2752, Train Acc: 0.5486, Val Loss: 2.1484, Val Acc: 0.3333
INFO:train:Epoch 23/100, Train Loss: 1.2716, Train Acc: 0.5764, Val Loss: 2.0931, Val Acc: 0.3333
INFO:train:Epoch 24/100, Train Loss: 1.2662, Train Acc: 0.5000, Val Loss: 2.0532, Val Acc: 0.3333
INFO:train:Epoch 25/100, Train Loss: 1.2627, Train Acc: 0.4931, Val Loss: 2.0401, Val Acc: 0.3333
INFO:train:Epoch 26/100, Train Loss: 1.2573, Train Acc: 0.4236, Val Loss: 2.0513, Val Acc: 0.3333
INFO:train:Epoch 27/100, Train Loss: 1.2483, Train Acc: 0.4167, Val Loss: 2.0807, Val Acc: 0.3333
INFO:train:Epoch 28/100, Train Loss: 1.2409, Train Acc: 0.4931, Val Loss: 2.1097, Val Acc: 0.3333
INFO:train:Epoch 29/100, Train Loss: 1.2337, Train Acc: 0.6181, Val Loss: 2.1345, Val Acc: 0.3333
INFO:train:Epoch 30/100, Train Loss: 1.2254, Train Acc: 0.5625, Val Loss: 2.1488, Val Acc: 0.0000
INFO:train:Epoch 31/100, Train Loss: 1.2145, Train Acc: 0.5972, Val Loss: 2.1571, Val Acc: 0.0000
INFO:train:Epoch 32/100, Train Loss: 1.2038, Train Acc: 0.6181, Val Loss: 2.1577, Val Acc: 0.3333
INFO:train:Epoch 33/100, Train Loss: 1.1898, Train Acc: 0.6458, Val Loss: 2.1546, Val Acc: 0.3333
INFO:train:Epoch 34/100, Train Loss: 1.1759, Train Acc: 0.6806, Val Loss: 2.1412, Val Acc: 0.3333
INFO:train:Epoch 35/100, Train Loss: 1.1597, Train Acc: 0.7014, Val Loss: 2.1364, Val Acc: 0.3333
INFO:train:Epoch 36/100, Train Loss: 1.1410, Train Acc: 0.6944, Val Loss: 2.1432, Val Acc: 0.3333
INFO:train:Epoch 37/100, Train Loss: 1.1195, Train Acc: 0.7014, Val Loss: 2.1645, Val Acc: 0.3333
INFO:train:Epoch 38/100, Train Loss: 1.0959, Train Acc: 0.7014, Val Loss: 2.1986, Val Acc: 0.3333
INFO:train:Epoch 39/100, Train Loss: 1.0681, Train Acc: 0.6736, Val Loss: 2.2301, Val Acc: 0.3333
INFO:train:Epoch 40/100, Train Loss: 1.0400, Train Acc: 0.7222, Val Loss: 2.2743, Val Acc: 0.3333
INFO:train:Epoch 41/100, Train Loss: 1.0158, Train Acc: 0.7083, Val Loss: 2.3366, Val Acc: 0.3333
INFO:train:Epoch 42/100, Train Loss: 0.9840, Train Acc: 0.7500, Val Loss: 2.3820, Val Acc: 0.3333
INFO:train:Epoch 43/100, Train Loss: 0.9497, Train Acc: 0.7986, Val Loss: 2.3953, Val Acc: 0.3333
INFO:train:Epoch 44/100, Train Loss: 0.9209, Train Acc: 0.8542, Val Loss: 2.4008, Val Acc: 0.3333
INFO:train:Epoch 45/100, Train Loss: 0.8840, Train Acc: 0.8681, Val Loss: 2.3826, Val Acc: 0.3333
INFO:train:Epoch 46/100, Train Loss: 0.8493, Train Acc: 0.8889, Val Loss: 2.3333, Val Acc: 0.3333
INFO:train:Epoch 47/100, Train Loss: 0.8084, Train Acc: 0.8889, Val Loss: 2.2567, Val Acc: 0.3333
INFO:train:Epoch 48/100, Train Loss: 0.7599, Train Acc: 0.9722, Val Loss: 2.1629, Val Acc: 0.3333
INFO:train:Epoch 49/100, Train Loss: 0.7219, Train Acc: 0.9722, Val Loss: 2.0915, Val Acc: 0.3333
INFO:train:Epoch 50/100, Train Loss: 0.6723, Train Acc: 1.0000, Val Loss: 2.0499, Val Acc: 0.3333
INFO:train:Epoch 51/100, Train Loss: 0.6303, Train Acc: 1.0000, Val Loss: 1.9914, Val Acc: 0.3333
INFO:train:Epoch 52/100, Train Loss: 0.5965, Train Acc: 1.0000, Val Loss: 1.9267, Val Acc: 0.3333
INFO:train:Epoch 53/100, Train Loss: 0.5670, Train Acc: 1.0000, Val Loss: 1.8774, Val Acc: 0.3333
INFO:train:Epoch 54/100, Train Loss: 0.5510, Train Acc: 1.0000, Val Loss: 1.8460, Val Acc: 0.3333
INFO:train:Epoch 55/100, Train Loss: 0.5389, Train Acc: 1.0000, Val Loss: 1.8518, Val Acc: 0.3333
INFO:train:Epoch 56/100, Train Loss: 0.5289, Train Acc: 1.0000, Val Loss: 1.8782, Val Acc: 0.3333
INFO:train:Epoch 57/100, Train Loss: 0.5221, Train Acc: 1.0000, Val Loss: 1.9182, Val Acc: 0.3333
INFO:train:Epoch 58/100, Train Loss: 0.5136, Train Acc: 1.0000, Val Loss: 1.9647, Val Acc: 0.3333
INFO:train:Epoch 59/100, Train Loss: 0.5066, Train Acc: 1.0000, Val Loss: 2.0049, Val Acc: 0.3333
INFO:train:Epoch 60/100, Train Loss: 0.5025, Train Acc: 1.0000, Val Loss: 2.0318, Val Acc: 0.3333
INFO:train:Epoch 61/100, Train Loss: 0.4978, Train Acc: 1.0000, Val Loss: 2.0434, Val Acc: 0.3333
INFO:train:Epoch 62/100, Train Loss: 0.4948, Train Acc: 1.0000, Val Loss: 2.0374, Val Acc: 0.3333
INFO:train:Epoch 63/100, Train Loss: 0.4901, Train Acc: 1.0000, Val Loss: 2.0179, Val Acc: 0.3333
INFO:train:Epoch 64/100, Train Loss: 0.4875, Train Acc: 1.0000, Val Loss: 1.9886, Val Acc: 0.3333
INFO:train:Epoch 65/100, Train Loss: 0.4847, Train Acc: 1.0000, Val Loss: 1.9650, Val Acc: 0.3333
INFO:train:Epoch 66/100, Train Loss: 0.4818, Train Acc: 1.0000, Val Loss: 1.9470, Val Acc: 0.3333
INFO:train:Epoch 67/100, Train Loss: 0.4793, Train Acc: 1.0000, Val Loss: 1.9373, Val Acc: 0.3333
INFO:train:Epoch 68/100, Train Loss: 0.4779, Train Acc: 1.0000, Val Loss: 1.9287, Val Acc: 0.3333
INFO:train:Epoch 69/100, Train Loss: 0.4759, Train Acc: 1.0000, Val Loss: 1.9261, Val Acc: 0.3333
INFO:train:Epoch 70/100, Train Loss: 0.4741, Train Acc: 1.0000, Val Loss: 1.9324, Val Acc: 0.3333
INFO:train:Epoch 71/100, Train Loss: 0.4729, Train Acc: 1.0000, Val Loss: 1.9288, Val Acc: 0.3333
INFO:train:Epoch 72/100, Train Loss: 0.4720, Train Acc: 1.0000, Val Loss: 1.9213, Val Acc: 0.3333
INFO:train:Epoch 73/100, Train Loss: 0.4702, Train Acc: 1.0000, Val Loss: 1.9090, Val Acc: 0.3333
INFO:train:Epoch 74/100, Train Loss: 0.4690, Train Acc: 1.0000, Val Loss: 1.8907, Val Acc: 0.3333
INFO:train:Epoch 75/100, Train Loss: 0.4682, Train Acc: 1.0000, Val Loss: 1.8700, Val Acc: 0.3333
INFO:train:Epoch 76/100, Train Loss: 0.4671, Train Acc: 1.0000, Val Loss: 1.8567, Val Acc: 0.3333
INFO:train:Epoch 77/100, Train Loss: 0.4661, Train Acc: 1.0000, Val Loss: 1.8533, Val Acc: 0.3333
INFO:train:Epoch 78/100, Train Loss: 0.4657, Train Acc: 1.0000, Val Loss: 1.8572, Val Acc: 0.3333
INFO:train:Epoch 79/100, Train Loss: 0.4648, Train Acc: 1.0000, Val Loss: 1.8669, Val Acc: 0.3333
INFO:train:Epoch 80/100, Train Loss: 0.4640, Train Acc: 1.0000, Val Loss: 1.8752, Val Acc: 0.3333
INFO:train:Epoch 81/100, Train Loss: 0.4635, Train Acc: 1.0000, Val Loss: 1.8814, Val Acc: 0.3333
INFO:train:Epoch 82/100, Train Loss: 0.4626, Train Acc: 1.0000, Val Loss: 1.8849, Val Acc: 0.3333
INFO:train:Epoch 83/100, Train Loss: 0.4621, Train Acc: 1.0000, Val Loss: 1.8898, Val Acc: 0.3333
INFO:train:Epoch 84/100, Train Loss: 0.4619, Train Acc: 1.0000, Val Loss: 1.8945, Val Acc: 0.3333
INFO:train:Epoch 85/100, Train Loss: 0.4615, Train Acc: 1.0000, Val Loss: 1.9041, Val Acc: 0.3333
INFO:train:Epoch 86/100, Train Loss: 0.4607, Train Acc: 1.0000, Val Loss: 1.9174, Val Acc: 0.3333
INFO:train:Epoch 87/100, Train Loss: 0.4602, Train Acc: 1.0000, Val Loss: 1.9252, Val Acc: 0.3333
INFO:train:Epoch 88/100, Train Loss: 0.4601, Train Acc: 1.0000, Val Loss: 1.9290, Val Acc: 0.3333
INFO:train:Epoch 89/100, Train Loss: 0.4596, Train Acc: 1.0000, Val Loss: 1.9346, Val Acc: 0.3333
INFO:train:Epoch 90/100, Train Loss: 0.4595, Train Acc: 1.0000, Val Loss: 1.9408, Val Acc: 0.3333
INFO:train:Epoch 91/100, Train Loss: 0.4590, Train Acc: 1.0000, Val Loss: 1.9444, Val Acc: 0.3333
INFO:train:Epoch 92/100, Train Loss: 0.4584, Train Acc: 1.0000, Val Loss: 1.9474, Val Acc: 0.3333
INFO:train:Epoch 93/100, Train Loss: 0.4584, Train Acc: 1.0000, Val Loss: 1.9497, Val Acc: 0.3333
INFO:train:Epoch 94/100, Train Loss: 0.4580, Train Acc: 1.0000, Val Loss: 1.9538, Val Acc: 0.3333
INFO:train:Epoch 95/100, Train Loss: 0.4580, Train Acc: 1.0000, Val Loss: 1.9586, Val Acc: 0.3333
INFO:train:Epoch 96/100, Train Loss: 0.4576, Train Acc: 1.0000, Val Loss: 1.9621, Val Acc: 0.3333
INFO:train:Epoch 97/100, Train Loss: 0.4574, Train Acc: 1.0000, Val Loss: 1.9672, Val Acc: 0.3333
INFO:train:Epoch 98/100, Train Loss: 0.4570, Train Acc: 1.0000, Val Loss: 1.9715, Val Acc: 0.3333
INFO:train:Epoch 99/100, Train Loss: 0.4569, Train Acc: 1.0000, Val Loss: 1.9728, Val Acc: 0.3333
INFO:train:Epoch 100/100, Train Loss: 0.4568, Train Acc: 1.0000, Val Loss: 1.9754, Val Acc: 0.3333
INFO:plot:Saving attention map to: figures/model_accuracy.png
INFO:__main__:Total time taken to train the model: 20.45s
INFO:__main__:train accuracy: 64 / 64
INFO:plot:Saving cofusion matrix map to: figures/train_confusion_matrix.png
INFO:__main__:train accuracy: 64 / 64
INFO:plot:Saving cofusion matrix map to: figures/train_confusion_matrix.png
INFO:__main__:train accuracy: 16 / 16 1.0
INFO:plot:Saving cofusion matrix map to: figures/train_confusion_matrix.png
INFO:__main__:validation accuracy: 1 / 3 0.3333333333
INFO:plot:Saving cofusion matrix map to: figures/validation_confusion_matrix.png
INFO:__main__:test accuracy: 2 / 3 0.6666666666
INFO:plot:Saving cofusion matrix map to: figures/test_confusion_matrix.png
INFO:plot:Saving attention map to: figures/encoder_attention_map.png
INFO:plot:Saving attention map to: figures/decoder_attention_map.png
