INFO:data:Reading dataset fish: part
INFO:data:Class Counts: [6 6 3 6 6 3], Class Ratios: [0.2 0.2 0.1 0.2 0.2 0.1]
INFO:data:Number of features: 1023
INFO:data:Number of instances: 30
INFO:data:Number of classes 6.
INFO:__main__:No model found. Train from scratch.
INFO:gp:   	      	                                 fitness                                 	                      size                     
   	      	-------------------------------------------------------------------------	-----------------------------------------------
gen	nevals	avg     	gen	max     	min      	nevals	std      	avg    	gen	max	min	nevals	std    
0  	1023  	0.235735	0  	0.518866	0.0977505	1023  	0.0725227	4.64418	0  	7  	2  	1023  	1.42196
INFO:gp:1  	769   	0.325639	1  	0.560981	0.100177 	769   	0.0693675	4.75562	1  	12 	2  	769   	1.52941
INFO:gp:2  	764   	0.391758	2  	0.625089	0.147458 	764   	0.0693505	4.67546	2  	10 	2  	764   	1.54953
INFO:gp:3  	778   	0.441329	3  	0.628067	0.193286 	778   	0.0717069	4.60215	3  	10 	2  	778   	1.6092 
INFO:gp:4  	795   	0.48945 	4  	0.651326	0.165743 	795   	0.0747209	4.48192	4  	11 	2  	795   	1.66601
INFO:gp:5  	754   	0.52907 	5  	0.658938	0.270398 	754   	0.0727589	4.4868 	5  	12 	3  	754   	1.72826
INFO:gp:6  	797   	0.557882	6  	0.669897	0.130092 	797   	0.0750378	4.53372	6  	13 	2  	797   	1.74487
INFO:gp:7  	796   	0.586514	7  	0.695299	0.279418 	796   	0.0688978	4.35777	7  	12 	3  	796   	1.6225 
INFO:gp:8  	755   	0.608347	8  	0.711116	0.29011  	755   	0.0652748	4.16813	8  	11 	3  	755   	1.50304
INFO:gp:9  	786   	0.623805	9  	0.739298	0.336189 	786   	0.0643848	4.39101	9  	12 	3  	786   	1.59349
INFO:gp:10 	775   	0.634708	10 	0.767753	0.220356 	775   	0.0698654	4.91691	10 	10 	3  	775   	1.60581
INFO:gp:11 	797   	0.643942	11 	0.767753	0.311505 	797   	0.0740935	5.54839	11 	11 	3  	797   	1.49137
INFO:gp:12 	773   	0.663492	12 	0.776277	0.368642 	773   	0.0707832	5.84164	12 	13 	3  	773   	1.32954
INFO:gp:13 	763   	0.677575	13 	0.789867	0.299328 	763   	0.073434 	5.66569	13 	12 	3  	763   	1.19041
INFO:gp:14 	789   	0.684294	14 	0.789986	0.28704  	789   	0.0737531	5.52004	14 	12 	3  	789   	1.13564
INFO:gp:15 	797   	0.692266	15 	0.83171 	0.326225 	797   	0.0807456	5.48778	15 	12 	3  	797   	1.17966
INFO:gp:16 	771   	0.702909	16 	0.83171 	0.312292 	771   	0.0824353	5.37439	16 	10 	3  	771   	1.15538
INFO:gp:17 	763   	0.707808	17 	0.83171 	0.346509 	763   	0.0900129	5.06745	17 	10 	3  	763   	1.14806
INFO:gp:18 	769   	0.714339	18 	0.83171 	0.341245 	769   	0.0933211	4.83871	18 	10 	3  	769   	1.11875
INFO:gp:19 	796   	0.728202	19 	0.83171 	0.265949 	796   	0.0953238	5.0391 	19 	11 	3  	796   	1.20216
INFO:gp:20 	789   	0.739881	20 	0.83171 	0.264998 	789   	0.101846 	5.15054	20 	10 	3  	789   	0.98712
INFO:gp:21 	790   	0.749961	21 	0.832082	0.330378 	790   	0.106844 	5.174  	21 	11 	3  	790   	0.840698
INFO:gp:22 	765   	0.759958	22 	0.832404	0.380989 	765   	0.100552 	5.21799	22 	11 	3  	765   	0.896604
INFO:gp:23 	780   	0.758124	23 	0.832404	0.26559  	780   	0.102669 	5.19062	23 	11 	3  	780   	0.815197
INFO:gp:24 	781   	0.757983	24 	0.832518	0.380831 	781   	0.103424 	5.17009	24 	11 	3  	781   	0.811937
INFO:gp:25 	752   	0.756895	25 	0.833087	0.263109 	752   	0.105122 	5.19062	25 	11 	3  	752   	0.829461
INFO:gp:26 	771   	0.759572	26 	0.833087	0.26836  	771   	0.103844 	5.18475	26 	9  	4  	771   	0.75042 
INFO:gp:27 	737   	0.764636	27 	0.833461	0.373405 	737   	0.100913 	5.16911	27 	11 	4  	737   	0.765676
INFO:gp:28 	748   	0.764144	28 	0.833461	0.299614 	748   	0.0980153	5.15934	28 	10 	4  	748   	0.715031
INFO:gp:29 	790   	0.761804	29 	0.833461	0.339387 	790   	0.0968279	5.12512	29 	10 	4  	790   	0.660271
INFO:gp:30 	786   	0.760523	30 	0.83454 	0.319685 	786   	0.100785 	5.14663	30 	11 	3  	786   	0.769663
INFO:gp:31 	753   	0.770385	31 	0.83454 	0.356586 	753   	0.0954194	5.11632	31 	11 	3  	753   	0.595813
INFO:gp:32 	768   	0.767054	32 	0.83454 	0.352864 	768   	0.0956283	5.15543	32 	10 	3  	768   	0.707651
INFO:gp:33 	765   	0.757317	33 	0.834967	0.328851 	765   	0.10391  	5.2043 	33 	13 	3  	765   	0.826197
INFO:gp:34 	755   	0.766103	34 	0.834967	0.417347 	755   	0.095025 	5.18671	34 	10 	3  	755   	0.76414 
INFO:gp:35 	781   	0.770399	35 	0.852505	0.35225  	781   	0.0930385	5.12903	35 	10 	3  	781   	0.770274
INFO:gp:36 	786   	0.772613	36 	0.854319	0.410181 	786   	0.0887446	5.09189	36 	9  	3  	786   	0.684533
INFO:gp:37 	787   	0.773229	37 	0.854319	0.420456 	787   	0.0881666	5.12023	37 	11 	3  	787   	0.746586
INFO:gp:38 	783   	0.772458	38 	0.854319	0.401714 	783   	0.0938295	5.18084	38 	14 	3  	783   	0.844477
INFO:gp:39 	769   	0.775063	39 	0.854319	0.380898 	769   	0.0946402	5.1261 	39 	10 	3  	769   	0.716195
INFO:gp:40 	794   	0.773793	40 	0.854319	0.391348 	794   	0.0941196	5.13392	40 	11 	3  	794   	0.753391
INFO:gp:41 	755   	0.784472	41 	0.854319	0.376964 	755   	0.0965748	5.11339	41 	10 	3  	755   	0.741749
INFO:gp:42 	770   	0.784811	42 	0.854319	0.377487 	770   	0.0930135	5.09286	42 	11 	3  	770   	0.765953
INFO:gp:43 	779   	0.787897	43 	0.854319	0.308253 	779   	0.0961192	5.06843	43 	8  	3  	779   	0.680126
INFO:gp:44 	754   	0.793171	44 	0.854319	0.349313 	754   	0.0958509	5.08309	44 	11 	3  	754   	0.768348
INFO:gp:45 	749   	0.794966	45 	0.854319	0.429803 	749   	0.0902529	5.07918	45 	9  	3  	749   	0.738937
INFO:gp:46 	789   	0.788165	46 	0.855114	0.39891  	789   	0.0925856	5.09775	46 	11 	3  	789   	0.833221
INFO:gp:47 	759   	0.788343	47 	0.855114	0.390861 	759   	0.095291 	5.09482	47 	10 	3  	759   	0.733104
INFO:gp:48 	786   	0.787237	48 	0.855114	0.377534 	786   	0.0952987	5.09775	48 	13 	3  	786   	0.828515
INFO:gp:49 	781   	0.787861	49 	0.855114	0.322496 	781   	0.0951946	5.11926	49 	10 	3  	781   	0.781913
INFO:gp:50 	785   	0.795316	50 	0.855114	0.410607 	785   	0.0894307	5.09677	50 	10 	3  	785   	0.77056 
INFO:gp:51 	758   	0.791315	51 	0.855463	0.392569 	758   	0.0932878	5.12121	51 	11 	3  	758   	0.824224
INFO:gp:52 	745   	0.798268	52 	0.855463	0.355068 	745   	0.0864204	5.09091	52 	10 	3  	745   	0.721507
INFO:gp:53 	788   	0.787666	53 	0.855463	0.242229 	788   	0.0965148	5.10166	53 	10 	3  	788   	0.778139
INFO:gp:54 	777   	0.786899	54 	0.855463	0.365529 	777   	0.0983817	5.17693	54 	11 	3  	777   	0.81708 
INFO:gp:55 	770   	0.791139	55 	0.855463	0.445119 	770   	0.0900402	5.26295	55 	9  	3  	770   	0.763453
INFO:gp:56 	780   	0.794999	56 	0.855463	0.448115 	780   	0.0868851	5.28935	56 	11 	3  	780   	0.839141
INFO:gp:57 	775   	0.80008 	57 	0.855806	0.391989 	775   	0.0812562	5.14565	57 	10 	3  	775   	0.788045
INFO:gp:58 	792   	0.798855	58 	0.855806	0.472657 	792   	0.0816182	5.10655	58 	10 	3  	792   	0.76417 
INFO:gp:59 	779   	0.792166	59 	0.855806	0.405934 	779   	0.084305 	5.10753	59 	10 	3  	779   	0.859751
INFO:gp:60 	744   	0.802922	60 	0.855806	0.337264 	744   	0.082296 	5.12708	60 	9  	3  	744   	0.732889
INFO:gp:61 	782   	0.803484	61 	0.855806	0.299183 	782   	0.0828012	5.12903	61 	9  	3  	782   	0.786598
INFO:gp:62 	792   	0.801855	62 	0.856468	0.473752 	792   	0.0849339	5.12903	62 	9  	3  	792   	0.756185
INFO:gp:63 	771   	0.795499	63 	0.856468	0.387541 	771   	0.0885662	5.12121	63 	9  	3  	771   	0.744461
INFO:gp:64 	796   	0.794366	64 	0.857135	0.390868 	796   	0.0867372	5.10753	64 	12 	3  	796   	0.814202
INFO:gp:65 	775   	0.796542	65 	0.857135	0.294044 	775   	0.0937011	5.11828	65 	11 	3  	775   	0.795078
INFO:gp:66 	758   	0.799658	66 	0.857135	0.389921 	758   	0.0880532	5.14858	66 	9  	3  	758   	0.761626
INFO:gp:67 	779   	0.798687	67 	0.857135	0.435399 	779   	0.0834071	5.12317	67 	11 	3  	779   	0.807153
INFO:gp:68 	781   	0.802528	68 	0.857135	0.444462 	781   	0.0788391	5.09775	68 	9  	3  	781   	0.74134 
INFO:gp:69 	782   	0.796881	69 	0.857135	0.429357 	782   	0.0859267	5.10557	69 	10 	3  	782   	0.780128
INFO:gp:70 	776   	0.796776	70 	0.857135	0.3868   	776   	0.0859596	5.08895	70 	9  	3  	776   	0.757436
INFO:gp:71 	764   	0.803804	71 	0.857135	0.495904 	764   	0.0795037	5.10655	71 	10 	3  	764   	0.742105
INFO:gp:72 	781   	0.796902	72 	0.857135	0.423517 	781   	0.0846683	5.09189	72 	9  	3  	781   	0.770524
INFO:gp:73 	775   	0.800711	73 	0.857135	0.415545 	775   	0.0851494	5.11437	73 	10 	3  	775   	0.768146
INFO:gp:74 	773   	0.799177	74 	0.857135	0.403977 	773   	0.0839172	5.14565	74 	10 	3  	773   	0.832677
INFO:gp:75 	752   	0.797888	75 	0.857135	0.429726 	752   	0.0828172	5.08504	75 	10 	3  	752   	0.795639
INFO:gp:76 	790   	0.799829	76 	0.857135	0.418547 	790   	0.0846751	5.11144	76 	11 	3  	790   	0.769212
INFO:gp:77 	779   	0.798063	77 	0.857135	0.351271 	779   	0.0862063	5.12805	77 	11 	3  	779   	0.787379
INFO:gp:78 	767   	0.802842	78 	0.857135	0.465718 	767   	0.0840309	5.08113	78 	10 	3  	767   	0.719961
INFO:gp:79 	762   	0.804343	79 	0.857135	0.478392 	762   	0.0814776	5.10068	79 	8  	3  	762   	0.724268
INFO:gp:80 	771   	0.801489	80 	0.857135	0.366817 	771   	0.0809503	5.09677	80 	10 	3  	771   	0.739488
INFO:gp:81 	766   	0.796661	81 	0.857135	0.249641 	766   	0.084442 	5.11437	81 	11 	3  	766   	0.824609
INFO:gp:82 	766   	0.798116	82 	0.857135	0.404967 	766   	0.0864805	5.11926	82 	11 	3  	766   	0.85934 
INFO:gp:83 	772   	0.796021	83 	0.857135	0.444866 	772   	0.0850477	5.10948	83 	9  	3  	772   	0.785834
INFO:gp:84 	743   	0.804189	84 	0.871507	0.44283  	743   	0.0795972	5.09091	84 	11 	3  	743   	0.752023
INFO:gp:85 	787   	0.800337	85 	0.871507	0.436638 	787   	0.0845276	5.11632	85 	11 	3  	787   	0.801488
INFO:gp:86 	753   	0.794312	86 	0.871507	0.368773 	753   	0.0893134	5.17791	86 	10 	3  	753   	0.871859
INFO:gp:87 	781   	0.796404	87 	0.871507	0.384702 	781   	0.0884168	5.19062	87 	10 	3  	781   	0.861828
INFO:gp:88 	760   	0.795862	88 	0.871507	0.424062 	760   	0.086343 	5.28152	88 	10 	3  	760   	0.81585 
INFO:gp:89 	766   	0.795315	89 	0.871507	0.312781 	766   	0.0931414	5.4868 	89 	11 	3  	766   	0.809023
INFO:gp:90 	773   	0.79448 	90 	0.871507	0.432764 	773   	0.0931062	5.826  	90 	11 	3  	773   	0.77158 
INFO:gp:91 	768   	0.800777	91 	0.871507	0.417847 	768   	0.0876164	6.00684	91 	12 	3  	768   	0.719069
INFO:gp:92 	779   	0.792693	92 	0.871507	0.384837 	779   	0.0979688	6.03226	92 	12 	4  	779   	0.701859
INFO:gp:93 	782   	0.798345	93 	0.871507	0.409143 	782   	0.0890897	6.05865	93 	12 	5  	782   	0.730886
INFO:gp:94 	796   	0.793972	94 	0.871507	0.37105  	796   	0.0924852	6.06647	94 	12 	4  	796   	0.720785
INFO:gp:95 	773   	0.804321	95 	0.87169 	0.350915 	773   	0.0889027	6.04008	95 	10 	5  	773   	0.661286
INFO:gp:96 	768   	0.79993 	96 	0.87169 	0.372683 	768   	0.0923006	6.0479 	96 	12 	3  	768   	0.699569
INFO:gp:97 	762   	0.796077	97 	0.87169 	0.374897 	762   	0.0901802	6.03324	97 	12 	3  	762   	0.678442
INFO:gp:98 	779   	0.79889 	98 	0.87169 	0.466233 	779   	0.0906438	6.04497	98 	11 	5  	779   	0.670515
INFO:gp:99 	784   	0.794059	99 	0.87169 	0.278092 	784   	0.0966887	6.02444	99 	12 	5  	784   	0.672304
INFO:gp:100	770   	0.795988	100	0.87169 	0.408504 	770   	0.0949989	6.02737	100	13 	3  	770   	0.687291
INFO:gp:101	779   	0.802482	101	0.87169 	0.387853 	779   	0.0883189	6.0303 	101	11 	5  	779   	0.628471
INFO:gp:102	758   	0.799072	102	0.87169 	0.348989 	758   	0.0907146	6.05572	102	12 	5  	758   	0.673347
INFO:gp:103	751   	0.800877	103	0.87169 	0.467643 	751   	0.0903396	6.03715	103	10 	4  	751   	0.648774
INFO:gp:104	770   	0.796074	104	0.87169 	0.432355 	770   	0.0958682	6.06061	104	11 	5  	770   	0.725356
INFO:gp:105	775   	0.798998	105	0.872046	0.232359 	775   	0.0925255	6.07625	105	11 	5  	775   	0.708869
INFO:gp:106	788   	0.797027	106	0.872046	0.417598 	788   	0.0931015	6.03715	106	12 	4  	788   	0.654773
INFO:gp:107	778   	0.801255	107	0.872046	0.433938 	778   	0.0899811	6.06452	107	11 	4  	778   	0.670377
INFO:gp:108	748   	0.798357	108	0.872046	0.425949 	748   	0.0941681	6.04008	108	11 	4  	748   	0.649352
INFO:gp:109	779   	0.796955	109	0.872046	0.460913 	779   	0.0915018	6.08113	109	11 	4  	779   	0.697899
INFO:gp:110	755   	0.798078	110	0.872046	0.223676 	755   	0.0983888	6.04497	110	11 	4  	755   	0.611019
INFO:gp:111	775   	0.801775	111	0.872046	0.347104 	775   	0.0915426	6.06843	111	12 	3  	775   	0.687274
INFO:gp:112	772   	0.800433	112	0.872046	0.450879 	772   	0.0892426	6.02542	112	10 	4  	772   	0.610545
INFO:gp:113	765   	0.79537 	113	0.872046	0.424736 	765   	0.0939109	6.06549	113	11 	4  	765   	0.671011
INFO:gp:114	763   	0.807961	114	0.872046	0.466748 	763   	0.0864279	6.03226	114	11 	4  	763   	0.643742
INFO:gp:115	772   	0.799361	115	0.872046	0.42266  	772   	0.0930291	6.08602	115	11 	5  	772   	0.706367
INFO:gp:116	783   	0.803183	116	0.872046	0.442807 	783   	0.0901493	6.06256	116	12 	4  	783   	0.733233
INFO:gp:117	785   	0.797709	117	0.872046	0.327629 	785   	0.0944832	6.08211	117	11 	4  	785   	0.720529
INFO:gp:118	785   	0.804041	118	0.872046	0.399996 	785   	0.0898256	6.07527	118	12 	3  	785   	0.695752
INFO:gp:119	783   	0.799316	119	0.872046	0.404959 	783   	0.0938877	6.0567 	119	11 	4  	783   	0.657844
INFO:gp:120	780   	0.799483	120	0.872046	0.398043 	780   	0.0921455	6.05767	120	10 	3  	780   	0.629665
INFO:gp:121	770   	0.796369	121	0.872046	0.320735 	770   	0.0959967	6.04888	121	11 	5  	770   	0.624958
INFO:gp:122	787   	0.801514	122	0.872053	0.410694 	787   	0.0925248	6.07331	122	11 	3  	787   	0.662869
INFO:gp:123	784   	0.801486	123	0.872053	0.303504 	784   	0.0923729	6.09482	123	11 	5  	784   	0.657168
INFO:gp:124	781   	0.805272	124	0.872053	0.4463   	781   	0.0894364	6.09971	124	12 	4  	781   	0.741079
INFO:gp:125	767   	0.800223	125	0.872053	0.269168 	767   	0.0916466	6.20235	125	11 	4  	767   	0.907832
INFO:gp:126	795   	0.795398	126	0.872064	0.425588 	795   	0.0933745	6.6217 	126	13 	4  	795   	1.33331 
INFO:gp:127	769   	0.802184	127	0.872064	0.333337 	769   	0.0939555	7.20626	127	14 	5  	769   	1.62624 
INFO:gp:128	770   	0.803048	128	0.872065	0.432925 	770   	0.0912867	8.04497	128	15 	5  	770   	1.65379 
INFO:gp:129	757   	0.804243	129	0.8722  	0.362564 	757   	0.0910906	8.63245	129	15 	5  	757   	1.5632  
INFO:gp:130	749   	0.804202	130	0.8722  	0.269202 	749   	0.098724 	9.02737	130	17 	4  	749   	1.54541 
INFO:gp:131	799   	0.799797	131	0.872217	0.182627 	799   	0.0956051	9.23069	131	18 	4  	799   	1.77237 
INFO:gp:132	766   	0.807083	132	0.872217	0.345012 	766   	0.0896814	9.51711	132	17 	5  	766   	1.91956 
INFO:gp:133	749   	0.809432	133	0.872217	0.451419 	749   	0.0881564	10.2581	133	20 	5  	749   	2.22355 
INFO:gp:134	758   	0.811657	134	0.872217	0.424468 	758   	0.0850186	11.4829	134	26 	5  	758   	2.38344 
INFO:gp:135	784   	0.805459	135	0.872217	0.38602  	784   	0.0914021	12.4242	135	23 	4  	784   	2.35921 
INFO:gp:136	755   	0.808197	136	0.872217	0.426913 	755   	0.0901455	13.3539	136	26 	4  	755   	2.47961 
INFO:gp:137	778   	0.806134	137	0.872217	0.376661 	778   	0.0908155	14.1026	137	26 	5  	778   	2.17742 
INFO:gp:138	773   	0.804887	138	0.872236	0.441116 	773   	0.0913939	14.4242	138	26 	5  	773   	2.19657 
INFO:gp:139	768   	0.808934	139	0.872236	0.403466 	768   	0.0883061	14.5543	139	26 	5  	768   	2.05942 
INFO:gp:140	785   	0.808854	140	0.872236	0.398679 	785   	0.0896443	14.5689	140	24 	3  	785   	2.02451 
INFO:gp:141	775   	0.808219	141	0.872247	0.432673 	775   	0.0910269	14.8485	141	29 	4  	775   	2.22039 
INFO:gp:142	734   	0.810652	142	0.872293	0.364374 	734   	0.0890329	15.0283	142	26 	5  	734   	2.15757 
INFO:gp:143	752   	0.81131 	143	0.872293	0.43583  	752   	0.0875684	15.8465	143	24 	5  	752   	1.98993 
INFO:gp:144	780   	0.803726	144	0.872293	0.383815 	780   	0.0930844	16.3324	144	30 	4  	780   	2.24741 
INFO:gp:145	770   	0.807038	145	0.872293	0.306033 	770   	0.0905483	16.5943	145	32 	4  	770   	2.18693 
INFO:gp:146	767   	0.808164	146	0.872293	0.365788 	767   	0.0923866	16.9022	146	29 	3  	767   	2.36673 
INFO:gp:147	749   	0.811899	147	0.872542	0.32471  	749   	0.090985 	17.2747	147	30 	5  	749   	2.46536 
INFO:gp:148	777   	0.812946	148	0.872614	0.470921 	777   	0.0818685	17.609 	148	32 	5  	777   	2.02612 
INFO:gp:149	797   	0.811937	149	0.872614	0.382792 	797   	0.0885574	17.6325	149	32 	5  	797   	2.12829 
INFO:gp:150	773   	0.80842 	150	0.872614	0.455599 	773   	0.0896687	17.7458	150	32 	5  	773   	2.13291 
INFO:gp:151	792   	0.808525	151	0.872849	0.37967  	792   	0.0908232	17.7996	151	29 	5  	792   	1.75752 
INFO:gp:152	753   	0.809284	152	0.872852	0.407699 	753   	0.087981 	17.7761	152	32 	5  	753   	1.83741 
INFO:gp:153	734   	0.813684	153	0.872852	0.36015  	734   	0.0859001	17.7253	153	24 	5  	734   	1.96196 
INFO:gp:154	770   	0.81171 	154	0.873512	0.438779 	770   	0.0868982	17.8231	154	31 	5  	770   	1.67173 
INFO:gp:155	771   	0.807289	155	0.873512	0.397692 	771   	0.0921488	17.7859	155	30 	6  	771   	1.82684 
INFO:gp:156	761   	0.808541	156	0.873695	0.375228 	761   	0.089642 	17.7869	156	30 	5  	761   	1.70777 
INFO:gp:157	766   	0.808467	157	0.873695	0.352564 	766   	0.0874917	17.8436	157	32 	5  	766   	1.95276 
INFO:gp:158	796   	0.800676	158	0.873695	0.452098 	796   	0.0903375	17.7977	158	31 	5  	796   	1.7145  
INFO:gp:159	764   	0.801462	159	0.873695	0.410752 	764   	0.0929189	17.7967	159	32 	5  	764   	1.88986 
INFO:gp:160	796   	0.801837	160	0.892668	0.389945 	796   	0.0922356	17.8104	160	32 	5  	796   	1.77393 
INFO:gp:161	798   	0.799328	161	0.89314 	0.397905 	798   	0.0946113	17.8475	161	32 	6  	798   	1.80804 
INFO:gp:162	780   	0.803995	162	0.89314 	0.340746 	780   	0.0924348	17.7615	162	32 	6  	780   	2.09543 
INFO:gp:163	771   	0.810333	163	0.89314 	0.420815 	771   	0.0889483	17.6012	163	24 	5  	771   	1.74674 
INFO:gp:164	785   	0.808846	164	0.89314 	0.435103 	785   	0.0938927	17.3206	164	32 	5  	785   	2.20566 
INFO:gp:165	799   	0.810927	165	0.893237	0.452798 	799   	0.096986 	17.305 	165	32 	5  	799   	2.33818 
INFO:gp:166	755   	0.820065	166	0.893451	0.382111 	755   	0.0987868	17.4262	166	30 	5  	755   	2.15122 
INFO:gp:167	763   	0.816405	167	0.893451	0.443966 	763   	0.100555 	17.651 	167	31 	5  	763   	2.31372 
INFO:gp:168	784   	0.818536	168	0.893451	0.333745 	784   	0.0963839	17.827 	168	39 	5  	784   	2.13622 
INFO:gp:169	780   	0.818017	169	0.893569	0.35678  	780   	0.0990381	17.8475	169	32 	5  	780   	2.15486 
INFO:gp:170	760   	0.819018	170	0.893569	0.378984 	760   	0.0942322	17.8954	170	32 	6  	760   	1.87847 
INFO:gp:171	781   	0.820494	171	0.893569	0.473175 	781   	0.0954615	17.827 	171	32 	6  	781   	1.83279 
INFO:gp:172	777   	0.823028	172	0.893569	0.344419 	777   	0.0915293	17.8739	172	32 	6  	777   	1.90506 
INFO:gp:173	744   	0.822498	173	0.893576	0.404188 	744   	0.0931101	17.7439	173	26 	6  	744   	1.834   
INFO:gp:174	769   	0.825314	174	0.893576	0.47782  	769   	0.0896372	17.8299	174	32 	6  	769   	1.80864 
INFO:gp:175	769   	0.823636	175	0.893576	0.394328 	769   	0.0933791	17.8416	175	32 	6  	769   	1.66452 
INFO:gp:176	780   	0.820434	176	0.893576	0.421853 	780   	0.0983351	17.868 	176	32 	8  	780   	1.88869 
INFO:gp:177	786   	0.82772 	177	0.893576	0.263902 	786   	0.0894925	17.8035	177	30 	8  	786   	1.73445 
INFO:gp:178	767   	0.826403	178	0.893576	0.364326 	767   	0.089938 	17.8543	178	32 	7  	767   	1.62318 
INFO:gp:179	771   	0.819796	179	0.893576	0.405578 	771   	0.0956909	17.8192	179	32 	6  	771   	1.68239 
INFO:gp:180	753   	0.827435	180	0.893635	0.39599  	753   	0.0931657	17.8631	180	32 	8  	753   	1.53067 
INFO:gp:181	766   	0.831333	181	0.893635	0.377009 	766   	0.088908 	17.9756	181	32 	8  	766   	1.61747 
INFO:gp:182	771   	0.826586	182	0.893635	0.36266  	771   	0.0904413	17.9159	182	31 	9  	771   	1.35951 
INFO:gp:183	752   	0.831247	183	0.893635	0.432159 	752   	0.0900618	17.8876	183	30 	8  	752   	1.4665  
INFO:gp:184	761   	0.827822	184	0.893676	0.440312 	761   	0.0921442	17.9619	184	32 	10 	761   	1.30549 
INFO:gp:185	775   	0.83227 	185	0.893676	0.488787 	775   	0.0870953	18.002 	185	32 	10 	775   	1.55888 
INFO:gp:186	781   	0.826768	186	0.893683	0.375268 	781   	0.0946589	18.0831	186	35 	10 	781   	1.32792 
INFO:gp:187	740   	0.827315	187	0.893683	0.453429 	740   	0.0928562	18.2317	187	30 	15 	740   	1.29141 
INFO:gp:188	769   	0.828429	188	0.893683	0.418107 	769   	0.0915636	18.3871	188	32 	14 	769   	1.68389 
INFO:gp:189	772   	0.827851	189	0.893683	0.386861 	772   	0.0931871	18.4037	189	32 	14 	772   	1.67562 
INFO:gp:190	744   	0.829951	190	0.893685	0.498189 	744   	0.0928834	18.3069	190	29 	14 	744   	1.42029 
INFO:gp:191	762   	0.829897	191	0.893871	0.324226 	762   	0.091877 	18.3529	191	33 	14 	762   	1.53347 
INFO:gp:192	768   	0.828196	192	0.893871	0.413123 	768   	0.0926077	18.4145	192	29 	14 	768   	1.31992 
INFO:gp:193	770   	0.834004	193	0.893871	0.37354  	770   	0.0898184	18.5836	193	32 	8  	770   	1.66694 
INFO:gp:194	759   	0.826493	194	0.893871	0.308498 	759   	0.095215 	18.7283	194	33 	15 	759   	1.49042 
INFO:gp:195	783   	0.828018	195	0.893881	0.382036 	783   	0.0925241	18.8602	195	32 	13 	783   	1.7247  
INFO:gp:196	776   	0.82761 	196	0.893881	0.355807 	776   	0.094719 	18.7761	196	31 	8  	776   	1.5078  
INFO:gp:197	775   	0.827435	197	0.893888	0.414252 	775   	0.0928252	18.9726	197	38 	9  	775   	1.9643  
INFO:gp:198	767   	0.818907	198	0.893888	0.288458 	767   	0.0963602	19.1994	198	34 	9  	767   	1.84791 
INFO:gp:199	771   	0.827718	199	0.894038	0.439949 	771   	0.0912024	19.4438	199	36 	14 	771   	2.30612 
INFO:gp:200	787   	0.816209	200	0.894038	0.400693 	787   	0.0978278	19.5601	200	36 	14 	787   	2.59672 
INFO:gp:201	784   	0.818498	201	0.894038	0.425495 	784   	0.0982998	19.3568	201	36 	14 	784   	2.71896 
INFO:gp:202	799   	0.821958	202	0.894038	0.437148 	799   	0.0941026	19.7703	202	34 	12 	799   	3.11353 
INFO:gp:203	796   	0.82334 	203	0.894038	0.373887 	796   	0.0943018	21.0762	203	36 	12 	796   	3.89325 
INFO:gp:204	755   	0.821731	204	0.894038	0.462393 	755   	0.0941107	22.5171	204	36 	13 	755   	4.00653 
INFO:gp:205	771   	0.816126	205	0.89406 	0.395294 	771   	0.0977632	24.1085	205	43 	16 	771   	3.82191 
INFO:gp:206	771   	0.818642	206	0.894062	0.375196 	771   	0.0946824	24.392 	206	36 	15 	771   	3.45701 
INFO:gp:207	751   	0.826975	207	0.894062	0.379318 	751   	0.0911098	24.6178	207	36 	15 	751   	3.23947 
INFO:gp:208	760   	0.815054	208	0.894201	0.406863 	760   	0.0960785	24.262 	208	38 	16 	760   	3.51144 
INFO:gp:209	753   	0.818515	209	0.894201	0.392458 	753   	0.0947076	23.4868	209	40 	16 	753   	3.83195 
INFO:gp:210	791   	0.820367	210	0.894201	0.341442 	791   	0.0945265	23.042 	210	40 	11 	791   	3.88133 
INFO:gp:211	787   	0.818842	211	0.894211	0.444676 	787   	0.091894 	22.7625	211	41 	16 	787   	3.54434 
INFO:gp:212	783   	0.825315	212	0.894211	0.405491 	783   	0.0918807	22.4809	212	38 	11 	783   	3.52278 
INFO:gp:213	768   	0.822816	213	0.894211	0.307868 	768   	0.0888841	22.3069	213	36 	17 	768   	3.27907 
INFO:gp:214	769   	0.82622 	214	0.894449	0.407448 	769   	0.0889961	22.1183	214	36 	15 	769   	3.24929 
INFO:gp:215	762   	0.813714	215	0.894449	0.353831 	762   	0.0924213	21.521 	215	36 	14 	762   	2.98928 
INFO:gp:216	775   	0.817988	216	0.894449	0.412047 	775   	0.0941205	21.3509	216	36 	14 	775   	2.85714 
INFO:gp:217	807   	0.814221	217	0.894452	0.378839 	807   	0.0950413	21.4516	217	35 	18 	807   	2.84348 
INFO:gp:218	748   	0.82366 	218	0.894452	0.446882 	748   	0.0905306	21.3118	218	35 	17 	748   	2.80405 
INFO:gp:219	779   	0.815044	219	0.894454	0.338526 	779   	0.095503 	21.5787	219	35 	18 	779   	2.85413 
INFO:gp:220	765   	0.818296	220	0.894461	0.432542 	765   	0.0959182	22.0205	220	38 	15 	765   	3.08634 
INFO:gp:221	766   	0.8115  	221	0.894461	0.337495 	766   	0.102242 	22.0919	221	32 	18 	766   	3.02537 
INFO:gp:222	765   	0.81596 	222	0.894461	0.385302 	765   	0.101049 	21.9022	222	35 	18 	765   	2.93298 
INFO:gp:223	771   	0.815572	223	0.894461	0.43077  	771   	0.0997383	21.4106	223	34 	18 	771   	2.69998 
INFO:gp:224	789   	0.81144 	224	0.894464	0.400617 	789   	0.10219  	21.4194	224	34 	16 	789   	2.7643  
INFO:gp:225	786   	0.813608	225	0.894464	0.392422 	786   	0.101008 	21.7322	225	34 	14 	786   	3.0191  
INFO:gp:226	779   	0.807655	226	0.894464	0.419164 	779   	0.101477 	21.6784	226	34 	17 	779   	2.96067 
INFO:gp:227	770   	0.815124	227	0.894473	0.425909 	770   	0.0965958	21.7507	227	35 	18 	770   	2.89359 
INFO:gp:228	770   	0.821414	228	0.894473	0.392657 	770   	0.0951914	21.5191	228	34 	18 	770   	2.78934 
INFO:gp:229	776   	0.815031	229	0.894473	0.437964 	776   	0.0960866	21.5543	229	36 	17 	776   	2.75644 
INFO:gp:230	793   	0.817378	230	0.894473	0.457225 	793   	0.0953718	21.9902	230	34 	18 	793   	3.02416 
INFO:gp:231	775   	0.814626	231	0.894473	0.454029 	775   	0.098889 	22.6295	231	35 	18 	775   	3.32451 
INFO:gp:232	784   	0.81352 	232	0.894486	0.415628 	784   	0.103315 	23.7605	232	40 	18 	784   	3.29939 
INFO:gp:233	783   	0.817468	233	0.894519	0.420638 	783   	0.0980339	23.9687	233	37 	18 	783   	3.16305 
INFO:gp:234	778   	0.819705	234	0.89452 	0.427219 	778   	0.097115 	23.9316	234	40 	18 	778   	3.07851 
INFO:gp:235	778   	0.817175	235	0.89452 	0.411317 	778   	0.0979452	23.4604	235	35 	17 	778   	2.64153 
INFO:gp:236	781   	0.818122	236	0.894541	0.437192 	781   	0.0942288	23.4448	236	40 	18 	781   	2.62268 
INFO:gp:237	766   	0.816347	237	0.894541	0.375893 	766   	0.101139 	24.0469	237	38 	18 	766   	2.80861 
INFO:gp:238	753   	0.823188	238	0.894541	0.373527 	753   	0.0988815	25.1183	238	38 	17 	753   	3.05644 
INFO:gp:239	775   	0.815209	239	0.894611	0.463486 	775   	0.100486 	26.6706	239	40 	18 	775   	2.5706  
INFO:gp:240	782   	0.809975	240	0.894611	0.410477 	782   	0.107191 	27.4888	240	44 	19 	782   	2.02082 
INFO:gp:241	752   	0.818949	241	0.894611	0.45081  	752   	0.105035 	27.828 	241	50 	18 	752   	1.73169 
INFO:gp:242	777   	0.820799	242	0.894621	0.409642 	777   	0.102755 	27.9404	242	42 	18 	777   	1.30019 
INFO:gp:243	759   	0.822463	243	0.894632	0.432071 	759   	0.101363 	27.9433	243	49 	22 	759   	1.55471 
INFO:gp:244	786   	0.823912	244	0.894633	0.439596 	786   	0.0982276	27.7791	244	50 	23 	786   	1.44568 
INFO:gp:245	784   	0.815802	245	0.894633	0.345356 	784   	0.108859 	27.4751	245	44 	25 	784   	1.84892 
INFO:gp:246	803   	0.81902 	246	0.894633	0.415959 	803   	0.100218 	26.9433	246	48 	21 	803   	1.71837 
INFO:gp:247	798   	0.817351	247	0.894635	0.377046 	798   	0.103564 	26.6256	247	46 	24 	798   	1.73729 
INFO:gp:248	759   	0.818265	248	0.894635	0.368489 	759   	0.104265 	26.3822	248	47 	23 	759   	1.5309  
INFO:gp:249	773   	0.81932 	249	0.894635	0.367318 	773   	0.101995 	26.3167	249	41 	24 	773   	1.29567 
INFO:gp:250	758   	0.818622	250	0.894635	0.376323 	758   	0.102808 	26.2473	250	46 	20 	758   	1.41712 
INFO:gp:251	759   	0.824813	251	0.894657	0.432448 	759   	0.0940828	26.3187	251	46 	18 	759   	1.58565 
INFO:gp:252	773   	0.822985	252	0.894657	0.442192 	773   	0.0946983	26.305 	252	47 	22 	773   	1.6164  
INFO:gp:253	768   	0.820673	253	0.894658	0.394579 	768   	0.0970337	26.2708	253	40 	23 	768   	1.39192 
INFO:gp:254	757   	0.825403	254	0.89466 	0.373714 	757   	0.0960165	26.2796	254	47 	22 	757   	1.46114 
INFO:gp:255	765   	0.820862	255	0.89466 	0.431026 	765   	0.0928501	26.2502	255	46 	20 	765   	1.81552 
INFO:gp:256	791   	0.822572	256	0.894682	0.453908 	791   	0.0939285	26.1593	256	40 	21 	791   	1.40277 
INFO:gp:257	741   	0.825733	257	0.894686	0.364362 	741   	0.0957111	26.1163	257	46 	21 	741   	1.48606 
INFO:gp:258	789   	0.824744	258	0.894686	0.422475 	789   	0.0919621	26.1193	258	47 	22 	789   	1.59344 
INFO:gp:259	765   	0.823386	259	0.894711	0.38611  	765   	0.0974903	26.0342	259	45 	21 	765   	1.35339 
INFO:gp:260	760   	0.825113	260	0.894711	0.432575 	760   	0.0862917	26.0068	260	46 	20 	760   	1.24864 
INFO:gp:261	787   	0.826919	261	0.894711	0.392504 	787   	0.0903328	25.914 	261	38 	20 	787   	1.09403 
INFO:gp:262	784   	0.820423	262	0.894711	0.414412 	784   	0.0939421	25.998 	262	46 	21 	784   	1.32352 
INFO:gp:263	761   	0.819917	263	0.894736	0.363752 	761   	0.0970137	26.0235	263	42 	21 	761   	1.20906 
INFO:gp:264	782   	0.817685	264	0.89476 	0.366803 	782   	0.0991642	26.0391	264	39 	20 	782   	1.20054 
INFO:gp:265	742   	0.822532	265	0.894761	0.448832 	742   	0.0970576	26.0108	265	39 	23 	742   	1.06984 
INFO:gp:266	782   	0.814867	266	0.894761	0.369699 	782   	0.103028 	26.0303	266	43 	20 	782   	1.12991 
INFO:gp:267	776   	0.82353 	267	0.894761	0.233816 	776   	0.0951652	26.0274	267	45 	20 	776   	1.12955 
INFO:gp:268	777   	0.823254	268	0.894761	0.360363 	777   	0.09763  	26.0596	268	40 	21 	777   	1.04697 
INFO:gp:269	775   	0.819346	269	0.894761	0.362533 	775   	0.0952401	26.0743	269	45 	20 	775   	1.29604 
INFO:gp:270	768   	0.824286	270	0.894781	0.341821 	768   	0.0957384	26.089 	270	47 	21 	768   	1.24783 
INFO:gp:271	784   	0.823164	271	0.894781	0.369356 	784   	0.0986493	26.0841	271	47 	20 	784   	1.2415  
INFO:gp:272	783   	0.821688	272	0.894781	0.43784  	783   	0.0906125	26.1935	272	43 	24 	783   	1.20672 
INFO:gp:273	779   	0.820892	273	0.894781	0.420872 	779   	0.0971602	26.2942	273	46 	20 	779   	1.53246 
INFO:gp:274	766   	0.823387	274	0.894791	0.365415 	766   	0.0927672	26.3177	274	46 	23 	766   	1.44963 
INFO:gp:275	747   	0.822902	275	0.894801	0.374167 	747   	0.100377 	26.3607	275	44 	23 	747   	0.982695
INFO:gp:276	777   	0.815726	276	0.894801	0.415491 	777   	0.0994895	26.6031	276	47 	22 	777   	1.48596 
INFO:gp:277	742   	0.825115	277	0.894815	0.448401 	742   	0.0981936	26.7234	277	42 	24 	742   	1.0995  
INFO:gp:278	761   	0.808306	278	0.894815	0.301706 	761   	0.113168 	27.0694	278	48 	21 	761   	2.13431 
INFO:gp:279	728   	0.812166	279	0.894818	0.394629 	728   	0.112647 	27.0997	279	40 	21 	728   	1.52138 
INFO:gp:280	749   	0.816927	280	0.894818	0.317402 	749   	0.105535 	27.3822	280	46 	20 	749   	1.87267 
INFO:gp:281	772   	0.806623	281	0.894832	0.342301 	772   	0.113943 	27.9765	281	52 	20 	772   	2.26569 
INFO:gp:282	782   	0.813831	282	0.894834	0.325746 	782   	0.109705 	28.1525	282	52 	20 	782   	2.42022 
INFO:gp:283	775   	0.816937	283	0.89488 	0.362434 	775   	0.10735  	27.9433	283	52 	23 	775   	2.25689 
INFO:gp:284	771   	0.818478	284	0.89488 	0.351571 	771   	0.102616 	28.1114	284	48 	20 	771   	2.1542  
INFO:gp:285	797   	0.814776	285	0.89488 	0.326041 	797   	0.108605 	28.8886	285	50 	24 	797   	2.27986 
INFO:gp:286	757   	0.816513	286	0.89488 	0.235833 	757   	0.110164 	29.5122	286	54 	23 	757   	2.25145 
INFO:gp:287	781   	0.811654	287	0.89489 	0.340961 	781   	0.105445 	30.2053	287	58 	23 	781   	2.4731  
INFO:gp:288	775   	0.820333	288	0.894906	0.385945 	775   	0.0983562	30.6139	288	52 	23 	775   	2.49192 
INFO:gp:289	761   	0.821381	289	0.894906	0.372689 	761   	0.0971993	31.4868	289	56 	26 	761   	2.83836 
INFO:gp:290	776   	0.825578	290	0.894906	0.364722 	776   	0.0916284	32.218 	290	62 	20 	776   	2.48601 
INFO:gp:291	795   	0.811442	291	0.894906	0.301723 	795   	0.1041   	32.6295	291	40 	26 	795   	2.03791 
INFO:gp:292	762   	0.820423	292	0.894914	0.412509 	762   	0.0960692	32.8485	292	43 	26 	762   	2.16646 
INFO:gp:293	793   	0.822414	293	0.894916	0.313278 	793   	0.0996144	33.3832	293	63 	25 	793   	2.93057 
INFO:gp:294	782   	0.81953 	294	0.894943	0.348059 	782   	0.0985229	33.8524	294	60 	20 	782   	2.55778 
INFO:gp:295	780   	0.815432	295	0.894943	0.371288 	780   	0.103169 	33.827 	295	46 	20 	780   	2.28736 
INFO:gp:296	769   	0.822377	296	0.894943	0.20844  	769   	0.10049  	33.999 	296	52 	23 	769   	2.69662 
INFO:gp:297	790   	0.819753	297	0.894972	0.394702 	790   	0.0962501	34.6442	297	46 	25 	790   	3.01162 
INFO:gp:298	781   	0.814046	298	0.894972	0.367902 	781   	0.106041 	35.1359	298	45 	26 	781   	3.12811 
INFO:gp:299	773   	0.816714	299	0.894972	0.340519 	773   	0.105069 	35.2317	299	43 	25 	773   	2.94194 
INFO:gp:300	774   	0.816446	300	0.894972	0.400052 	774   	0.104333 	34.9081	300	41 	20 	774   	2.71078 
INFO:gp:301	772   	0.814908	301	0.894986	0.378037 	772   	0.107085 	34.9883	301	59 	26 	772   	2.6072  
INFO:gp:302	775   	0.822549	302	0.89499 	0.348983 	775   	0.0981751	35.3431	302	64 	26 	775   	2.67872 
INFO:gp:303	777   	0.822226	303	0.89499 	0.305872 	777   	0.0905969	34.9941	303	46 	25 	777   	2.69788 
INFO:gp:304	783   	0.822258	304	0.895019	0.368481 	783   	0.0958877	34.4936	304	64 	25 	783   	3.11144 
INFO:gp:305	757   	0.817664	305	0.895019	0.339098 	757   	0.100073 	34.1457	305	61 	20 	757   	2.61795 
INFO:gp:306	769   	0.827054	306	0.895019	0.449095 	769   	0.0918996	34.4477	306	55 	20 	769   	2.46043 
INFO:gp:307	785   	0.820026	307	0.895114	0.42913  	785   	0.0962408	34.5982	307	42 	24 	785   	2.34049 
INFO:gp:308	773   	0.82771 	308	0.895114	0.391182 	773   	0.0952468	34.5523	308	49 	26 	773   	2.41755 
INFO:gp:309	788   	0.820987	309	0.895114	0.362275 	788   	0.0954808	34.132 	309	58 	20 	788   	2.66199 
INFO:gp:310	757   	0.828713	310	0.895114	0.48224  	757   	0.0866551	33.9961	310	61 	26 	757   	2.50356 
INFO:gp:311	773   	0.827778	311	0.895114	0.449036 	773   	0.0879735	34.175 	311	64 	26 	773   	2.58382 
INFO:gp:312	799   	0.819969	312	0.895132	0.442939 	799   	0.0949607	34.4545	312	40 	23 	799   	2.44742 
INFO:gp:313	774   	0.824273	313	0.895144	0.349381 	774   	0.0970742	34.8123	313	46 	24 	774   	2.57857 
INFO:gp:314	782   	0.827345	314	0.895177	0.434671 	782   	0.0903541	35.3617	314	65 	24 	782   	2.37579 
INFO:gp:315	789   	0.824432	315	0.895177	0.358758 	789   	0.0920868	35.4311	315	67 	20 	789   	2.64573 
INFO:gp:316	784   	0.828209	316	0.895177	0.360063 	784   	0.0908253	35.5865	316	64 	26 	784   	2.48516 
INFO:gp:317	784   	0.824504	317	0.895177	0.221721 	784   	0.0929997	35.7595	317	49 	26 	784   	2.65642 
INFO:gp:318	783   	0.820468	318	0.895222	0.401243 	783   	0.0913099	35.7351	318	52 	21 	783   	2.83554 
INFO:gp:319	752   	0.825745	319	0.895222	0.467169 	752   	0.0918536	36.1153	319	67 	23 	752   	2.9888  
INFO:gp:320	749   	0.825511	320	0.895222	0.419723 	749   	0.0920285	36.9423	320	66 	26 	749   	2.6851  
INFO:gp:321	756   	0.828811	321	0.895222	0.377205 	756   	0.0874344	37.7752	321	67 	23 	756   	3.17589 
INFO:gp:322	783   	0.82193 	322	0.895222	0.43052  	783   	0.0953613	38.6227	322	46 	26 	783   	3.16758 
INFO:gp:323	770   	0.822517	323	0.895222	0.390155 	770   	0.0924534	39.4242	323	47 	26 	770   	3.44569 
INFO:gp:324	765   	0.820836	324	0.895223	0.358081 	765   	0.0964803	40.5132	324	51 	20 	765   	4.19975 
INFO:gp:325	783   	0.825394	325	0.895223	0.403661 	783   	0.092833 	42.174 	325	61 	26 	783   	4.08093 
INFO:gp:326	751   	0.823256	326	0.895223	0.425507 	751   	0.094472 	43.4106	326	83 	26 	751   	4.30617 
INFO:gp:327	770   	0.826379	327	0.895223	0.438003 	770   	0.0863641	43.912 	327	84 	26 	770   	3.72963 
INFO:gp:328	782   	0.825031	328	0.895223	0.36122  	782   	0.0898667	44.26  	328	51 	26 	782   	2.8482  
INFO:gp:329	731   	0.829838	329	0.895223	0.440866 	731   	0.0850491	44.4037	329	55 	26 	731   	3.2114  
INFO:gp:330	756   	0.827114	330	0.895232	0.420545 	756   	0.0892713	44.8798	330	84 	26 	756   	3.6338  
INFO:gp:331	781   	0.823658	331	0.895232	0.473459 	781   	0.0901004	45.4409	331	89 	26 	781   	4.31531 
INFO:gp:332	758   	0.827241	332	0.895232	0.403242 	758   	0.0868507	46.2815	332	88 	26 	758   	3.45576 
INFO:gp:333	771   	0.833414	333	0.895232	0.390274 	771   	0.0846057	46.8465	333	89 	26 	771   	3.48477 
INFO:gp:334	751   	0.830157	334	0.895232	0.429271 	751   	0.086199 	46.8016	334	58 	26 	751   	3.50209 
INFO:gp:335	783   	0.829142	335	0.895232	0.445411 	783   	0.0873416	47.13  	335	66 	26 	783   	3.11301 
INFO:gp:336	791   	0.817578	336	0.895232	0.36049  	791   	0.0940775	47.3754	336	67 	26 	791   	2.80968 
INFO:gp:337	784   	0.826835	337	0.895232	0.416591 	784   	0.0890327	47.3148	337	58 	26 	784   	2.77481 
INFO:gp:338	797   	0.82778 	338	0.895232	0.404662 	797   	0.0851662	47.3021	338	55 	26 	797   	2.94718 
INFO:gp:339	755   	0.828028	339	0.895232	0.208895 	755   	0.0894697	47.2717	339	51 	26 	755   	2.86422 
INFO:gp:340	763   	0.826007	340	0.895232	0.449356 	763   	0.0888738	47.3138	340	58 	24 	763   	3.01937 
INFO:gp:341	768   	0.827948	341	0.895232	0.482045 	768   	0.086174 	47.305 	341	67 	20 	768   	3.13821 
INFO:gp:342	765   	0.829748	342	0.895233	0.301271 	765   	0.0880275	47.3138	342	90 	26 	765   	3.37958 
INFO:gp:343	818   	0.826811	343	0.895233	0.312147 	818   	0.0876288	47.4018	343	67 	26 	818   	3.03094 
INFO:gp:344	786   	0.821899	344	0.895236	0.41081  	786   	0.0932858	47.3842	344	66 	24 	786   	3.19763 
INFO:gp:345	766   	0.830473	345	0.895236	0.368312 	766   	0.0863998	47.5484	345	67 	26 	766   	2.80855 
INFO:gp:346	779   	0.828778	346	0.895236	0.43989  	779   	0.0859588	47.6686	346	66 	26 	779   	2.95629 
INFO:gp:347	775   	0.825046	347	0.895236	0.448307 	775   	0.0894504	48.1691	347	53 	26 	775   	2.40107 
INFO:gp:348	777   	0.824082	348	0.89524 	0.42797  	777   	0.0909806	48.435 	348	55 	25 	777   	3.15724 
INFO:gp:349	759   	0.829824	349	0.89524 	0.395708 	759   	0.0827852	48.9511	349	94 	26 	759   	3.68421 
INFO:gp:350	779   	0.829819	350	0.89524 	0.481305 	779   	0.0862449	49.3412	350	58 	26 	779   	3.04671 
INFO:gp:351	773   	0.824068	351	0.89524 	0.464958 	773   	0.0899068	49.3822	351	68 	20 	773   	3.34605 
INFO:gp:352	774   	0.827667	352	0.89524 	0.421752 	774   	0.0893644	49.1369	352	55 	26 	774   	3.7313  
INFO:gp:353	765   	0.825895	353	0.89524 	0.458243 	765   	0.0887905	49.4633	353	94 	26 	765   	3.59134 
INFO:gp:354	778   	0.826524	354	0.89524 	0.418775 	778   	0.0865779	49.5259	354	54 	26 	778   	3.4062  
INFO:gp:355	790   	0.820507	355	0.89524 	0.428388 	790   	0.0890659	49.6911	355	70 	20 	790   	3.79154 
INFO:gp:356	771   	0.830751	356	0.895241	0.422684 	771   	0.0862079	49.9081	356	72 	20 	771   	3.68816 
INFO:gp:357	780   	0.824555	357	0.895241	0.395423 	780   	0.0908053	50.2669	357	61 	26 	780   	2.76059 
INFO:gp:358	764   	0.828271	358	0.895241	0.40152  	764   	0.0892258	50.216 	358	57 	20 	764   	3.15752 
INFO:gp:359	788   	0.828738	359	0.895242	0.427107 	788   	0.0841662	50.303 	359	96 	26 	788   	3.49501 
INFO:gp:360	772   	0.829426	360	0.895242	0.228646 	772   	0.0889552	50.2639	360	53 	23 	772   	3.13414 
INFO:gp:361	776   	0.827384	361	0.895242	0.44583  	776   	0.0884484	50.3773	361	54 	26 	776   	2.57447 
INFO:gp:362	768   	0.823007	362	0.895243	0.401111 	768   	0.0917166	50.2825	362	97 	26 	768   	3.63476 
INFO:gp:363	786   	0.827269	363	0.895243	0.423581 	786   	0.089985 	50.2287	363	95 	26 	786   	4.08948 
INFO:gp:364	759   	0.828514	364	0.895243	0.420542 	759   	0.0907879	50.563 	364	61 	26 	759   	2.32031 
INFO:gp:365	793   	0.827924	365	0.89526 	0.388336 	793   	0.0876106	50.6413	365	96 	26 	793   	2.91142 
INFO:gp:366	734   	0.83369 	366	0.89526 	0.457383 	734   	0.0848142	50.5435	366	61 	31 	734   	2.47723 
INFO:gp:367	757   	0.830137	367	0.89526 	0.392498 	757   	0.088939 	50.7273	367	95 	31 	757   	2.59651 
INFO:gp:368	796   	0.83131 	368	0.89526 	0.414533 	796   	0.0876857	50.6012	368	73 	29 	796   	2.79772 
INFO:gp:369	791   	0.8311  	369	0.895262	0.42897  	791   	0.0866547	50.7214	369	73 	31 	791   	2.73023 
INFO:gp:370	782   	0.824309	370	0.895262	0.402602 	782   	0.0912854	51.0283	370	97 	31 	782   	2.81182 
INFO:gp:371	814   	0.826039	371	0.895262	0.361059 	814   	0.0901844	51.1222	371	97 	27 	814   	3.21679 
INFO:gp:372	738   	0.83432 	372	0.895262	0.445021 	738   	0.0863658	51.2884	372	73 	31 	738   	2.86174 
INFO:gp:373	763   	0.829971	373	0.895262	0.493976 	763   	0.0900262	51.4027	373	74 	31 	763   	2.87778 
INFO:gp:374	802   	0.831821	374	0.895262	0.41421  	802   	0.0843232	51.5337	374	56 	31 	802   	2.3701  
INFO:gp:375	743   	0.830653	375	0.895262	0.449921 	743   	0.0892211	51.4682	375	61 	31 	743   	2.46832 
INFO:gp:376	769   	0.834117	376	0.895262	0.46209  	769   	0.084006 	51.5552	376	62 	32 	769   	2.26336 
INFO:gp:377	750   	0.833491	377	0.895264	0.428666 	750   	0.0865664	51.5171	377	96 	31 	750   	3.02926 
INFO:gp:378	754   	0.833028	378	0.895264	0.34703  	754   	0.0885179	51.5621	378	56 	31 	754   	2.36788 
INFO:gp:379	792   	0.827504	379	0.895264	0.428453 	792   	0.0892598	51.5367	379	74 	26 	792   	2.97536 
INFO:gp:380	792   	0.823386	380	0.895264	0.467124 	792   	0.0900332	51.5103	380	60 	31 	792   	2.59024 
INFO:gp:381	786   	0.831837	381	0.895264	0.497362 	786   	0.0855852	51.4741	381	54 	31 	786   	2.65793 
INFO:gp:382	783   	0.827309	382	0.895266	0.464233 	783   	0.0891299	51.4966	382	96 	31 	783   	3.20553 
INFO:gp:383	761   	0.835606	383	0.895266	0.429193 	761   	0.088216 	51.5699	383	56 	29 	761   	2.45761 
INFO:gp:384	796   	0.831081	384	0.895266	0.461507 	796   	0.0844997	51.5865	384	61 	31 	796   	2.18546 
INFO:gp:385	783   	0.826872	385	0.895266	0.419454 	783   	0.0892639	51.6559	385	74 	35 	783   	2.19545 
INFO:gp:386	770   	0.831906	386	0.895278	0.479485 	770   	0.0883712	51.6696	386	74 	31 	770   	2.1931  
INFO:gp:387	767   	0.834497	387	0.895278	0.408244 	767   	0.0849838	51.6491	387	95 	31 	767   	2.67039 
INFO:gp:388	790   	0.835593	388	0.895278	0.376456 	790   	0.0865504	51.8368	388	98 	35 	790   	2.55109 
INFO:gp:389	784   	0.8326  	389	0.895278	0.474501 	784   	0.084461 	51.826 	389	62 	33 	784   	1.52241 
INFO:gp:390	797   	0.831783	390	0.895279	0.471642 	797   	0.0886078	51.9707	390	98 	37 	797   	2.15279 
INFO:gp:391	763   	0.834604	391	0.895279	0.467538 	763   	0.0856299	51.8856	391	63 	26 	763   	1.61361 
INFO:gp:392	771   	0.831537	392	0.895279	0.44592  	771   	0.0871995	51.9081	392	98 	26 	771   	2.64212 
INFO:gp:393	762   	0.836057	393	0.895279	0.448642 	762   	0.0849732	51.8807	393	97 	39 	762   	2.2644  
INFO:gp:394	760   	0.835864	394	0.895279	0.373733 	760   	0.0861993	51.827 	394	95 	41 	760   	1.98784 
INFO:gp:395	757   	0.833494	395	0.895294	0.462301 	757   	0.0862673	51.8065	395	71 	33 	757   	1.69112 
INFO:gp:396	764   	0.83086 	396	0.895294	0.381796 	764   	0.0876279	51.8778	396	72 	42 	764   	1.48229 
INFO:gp:397	788   	0.829901	397	0.895294	0.397325 	788   	0.0892523	51.8993	397	64 	35 	788   	1.72686 
INFO:gp:398	776   	0.833563	398	0.895294	0.455504 	776   	0.0876185	52.1085	398	96 	42 	776   	2.43608 
INFO:gp:399	777   	0.834798	399	0.895294	0.469284 	777   	0.0872634	52.4506	399	72 	28 	777   	2.79772 
INFO:gp:400	762   	0.833733	400	0.895315	0.437822 	762   	0.08667  	53.2815	400	69 	41 	762   	3.17014 
INFO:__main__:Saving model to file: checkpoints/run_17.pth
INFO:util:Train accuracy: 0.975 +- 0.025000000000000022
INFO:util:Val accuracy: 0.975 +- 0.025000000000000022
INFO:util:Test accuracy: 0.16666666666666666 +- 0.0
INFO:util:Train intra-class: 0.06969452605371196, Train Inter-class: 0.22284486457362968
INFO:util:Val intra-class: 0.13484061910321904, Val Inter-class: 0.1784499015782262
INFO:util:Test intra-class: 0.0, Test inter-class: 0.21405703056219108
INFO:plot:Saving t-SNE to file: figures/tsne.png
INFO:plot:Saving t-SNE to file: figures/tsne.png
INFO:plot:Saving tree to file: figures/tree-0.pdf
INFO:plot:Saving tree to file: figures/tree-1.pdf
INFO:plot:Saving tree to file: figures/tree-2.pdf
INFO:plot:Saving tree to file: figures/tree-3.pdf
INFO:plot:Saving tree to file: figures/tree-4.pdf
INFO:plot:Saving tree to file: figures/tree-5.pdf
