INFO:data:Reading dataset fish: part
INFO:data:Class Counts: [6 6 3 6 6 3], Class Ratios: [0.2 0.2 0.1 0.2 0.2 0.1]
INFO:data:Number of features: 1023
INFO:data:Number of instances: 30
INFO:data:Number of classes 6.
INFO:__main__:No model found. Train from scratch.
INFO:gp:   	      	                                 fitness                                 	                      size                     
   	      	-------------------------------------------------------------------------	-----------------------------------------------
gen	nevals	avg     	gen	max     	min     	nevals	std      	avg    	gen	max	min	nevals	std    
0  	1023  	0.235569	0  	0.492898	0.100199	1023  	0.0724007	4.68524	0  	7  	2  	1023  	1.45666
INFO:gp:1  	769   	0.323396	1  	0.52778 	0.101133	769   	0.0700206	4.7869 	1  	9  	2  	769   	1.5142 
INFO:gp:2  	780   	0.382333	2  	0.594607	0.158906	780   	0.0714036	4.82991	2  	12 	3  	780   	1.44782
INFO:gp:3  	758   	0.434932	3  	0.627833	0.189162	758   	0.0691346	4.94428	3  	11 	3  	758   	1.46107
INFO:gp:4  	789   	0.477334	4  	0.639936	0.191057	789   	0.0746478	5.06452	4  	11 	3  	789   	1.48362
INFO:gp:5  	725   	0.52023 	5  	0.699095	0.253591	725   	0.0700368	5.53275	5  	11 	3  	725   	1.72743
INFO:gp:6  	749   	0.554207	6  	0.699395	0.160687	749   	0.072049 	6.3089 	6  	14 	3  	749   	1.87914
INFO:gp:7  	750   	0.582289	7  	0.704651	0.211227	750   	0.0702324	6.90029	7  	15 	3  	750   	1.82516
INFO:gp:8  	777   	0.601213	8  	0.72608 	0.262079	777   	0.0720914	7.02444	8  	14 	3  	777   	1.66394
INFO:gp:9  	754   	0.622298	9  	0.753845	0.327501	754   	0.0729611	7.3304 	9  	13 	3  	754   	1.55207
INFO:gp:10 	783   	0.639184	10 	0.76417 	0.268013	783   	0.0740445	7.51613	10 	13 	3  	783   	1.38258
INFO:gp:11 	785   	0.6582  	11 	0.787518	0.298159	785   	0.0783851	7.13685	11 	15 	3  	785   	1.22248
INFO:gp:12 	755   	0.683322	12 	0.82178 	0.387936	755   	0.0774996	6.74291	12 	14 	4  	755   	1.20903
INFO:gp:13 	793   	0.723794	13 	0.824854	0.389715	793   	0.0705851	6.35484	13 	12 	4  	793   	1.19227
INFO:gp:14 	781   	0.743172	14 	0.824854	0.393754	781   	0.0761633	6.21212	14 	13 	4  	781   	1.25255
INFO:gp:15 	767   	0.768653	15 	0.841412	0.473141	767   	0.0745039	6.45064	15 	15 	4  	767   	1.28578
INFO:gp:16 	772   	0.781064	16 	0.841413	0.358691	772   	0.0763445	6.82698	16 	13 	4  	772   	1.23977
INFO:gp:17 	753   	0.781199	17 	0.855981	0.424237	753   	0.0756846	7.15249	17 	14 	4  	753   	1.15479
INFO:gp:18 	775   	0.785602	18 	0.856231	0.44013 	775   	0.0786723	7.435  	18 	14 	4  	775   	1.28964
INFO:gp:19 	780   	0.789701	19 	0.856361	0.274272	780   	0.0861269	7.36364	19 	14 	4  	780   	1.42959
INFO:gp:20 	787   	0.798559	20 	0.856519	0.40536 	787   	0.0880127	7.48876	20 	12 	5  	787   	1.29199
INFO:gp:21 	762   	0.801232	21 	0.856571	0.444433	762   	0.0885483	7.65689	21 	13 	4  	762   	1.40679
INFO:gp:22 	776   	0.802818	22 	0.856652	0.384421	776   	0.0879097	7.79179	22 	17 	5  	776   	1.43025
INFO:gp:23 	789   	0.798477	23 	0.856724	0.456466	789   	0.0894395	7.95308	23 	16 	5  	789   	1.61183
INFO:gp:24 	766   	0.803881	24 	0.85681 	0.46881 	766   	0.0859553	8.51711	24 	15 	5  	766   	1.75795
INFO:gp:25 	761   	0.806141	25 	0.857054	0.443401	761   	0.0857039	8.68719	25 	19 	5  	761   	1.62336
INFO:gp:26 	774   	0.808552	26 	0.857123	0.425018	774   	0.0813485	9.0479 	26 	17 	5  	774   	1.72233
INFO:gp:27 	779   	0.805105	27 	0.857123	0.433161	779   	0.0845345	9.48583	27 	17 	5  	779   	1.82079
INFO:gp:28 	789   	0.808879	28 	0.857374	0.46644 	789   	0.0826593	10.1124	28 	19 	5  	789   	2.28516
INFO:gp:29 	803   	0.804474	29 	0.857374	0.442322	803   	0.085669 	10.8162	29 	21 	5  	803   	2.61648
INFO:gp:30 	777   	0.812834	30 	0.857396	0.449393	777   	0.0778657	10.6911	30 	21 	5  	777   	2.70375
INFO:gp:31 	765   	0.805316	31 	0.857482	0.435918	765   	0.0852212	9.94917	31 	19 	6  	765   	2.07893
INFO:gp:32 	754   	0.805171	32 	0.857508	0.455857	754   	0.0824488	9.89443	32 	20 	7  	754   	1.82965
INFO:gp:33 	777   	0.8034  	33 	0.85758 	0.458313	777   	0.0808718	9.80352	33 	18 	7  	777   	1.68296
INFO:gp:34 	781   	0.807676	34 	0.85758 	0.360923	781   	0.0805306	10.2268	34 	19 	7  	781   	1.97526
INFO:gp:35 	758   	0.809478	35 	0.857603	0.445698	758   	0.0796816	11.3803	35 	23 	7  	758   	2.59277
INFO:gp:36 	780   	0.803712	36 	0.857676	0.437468	780   	0.0829935	12.2356	36 	27 	7  	780   	3.09577
INFO:gp:37 	801   	0.801476	37 	0.85768 	0.289156	801   	0.0840572	12.3294	37 	27 	7  	801   	3.07578
INFO:gp:38 	754   	0.807468	38 	0.857687	0.466909	754   	0.0799213	11.6432	38 	20 	8  	754   	2.10867
INFO:gp:39 	793   	0.80934 	39 	0.858755	0.50656 	793   	0.0776955	11.566 	39 	21 	4  	793   	1.56991
INFO:gp:40 	810   	0.805232	40 	0.858755	0.482925	810   	0.0807417	11.7077	40 	21 	5  	810   	1.57498
INFO:gp:41 	770   	0.81562 	41 	0.859266	0.459315	770   	0.0733639	11.8104	41 	20 	9  	770   	1.54983
INFO:gp:42 	790   	0.808053	42 	0.859516	0.479811	790   	0.0798784	12.0137	42 	23 	9  	790   	1.65907
INFO:gp:43 	758   	0.824688	43 	0.859527	0.48707 	758   	0.0691385	12.7322	43 	20 	5  	758   	1.6798 
INFO:gp:44 	749   	0.823468	44 	0.859527	0.490512	749   	0.0741378	13.2151	44 	23 	7  	749   	1.76384
INFO:gp:45 	755   	0.821789	45 	0.859536	0.5196  	755   	0.0707346	13.4037	45 	25 	7  	755   	1.69994
INFO:gp:46 	798   	0.822775	46 	0.859552	0.470946	798   	0.0698479	13.4037	46 	24 	9  	798   	1.91926
INFO:gp:47 	761   	0.823513	47 	0.859552	0.504653	761   	0.0701373	13.0215	47 	24 	9  	761   	2.18354
INFO:gp:48 	771   	0.821917	48 	0.859552	0.394973	771   	0.0714671	12.694 	48 	24 	9  	771   	2.31769
INFO:gp:49 	779   	0.821256	49 	0.859566	0.45749 	779   	0.0696389	13.3412	49 	24 	9  	779   	2.43587
INFO:gp:50 	755   	0.822221	50 	0.859566	0.525006	755   	0.0699787	13.9853	50 	25 	7  	755   	2.14681
INFO:gp:51 	776   	0.819304	51 	0.859586	0.512796	776   	0.0742066	14.5015	51 	25 	8  	776   	1.75858
INFO:gp:52 	776   	0.815126	52 	0.859633	0.478803	776   	0.0766415	14.7429	52 	25 	9  	776   	1.96782
INFO:gp:53 	791   	0.818372	53 	0.859633	0.424079	791   	0.0742262	14.8925	53 	25 	9  	791   	1.71879
INFO:gp:54 	762   	0.821853	54 	0.859654	0.497799	762   	0.0706017	14.9189	54 	25 	9  	762   	1.78849
INFO:gp:55 	759   	0.825897	55 	0.859654	0.470458	759   	0.068621 	15.1476	55 	25 	9  	759   	1.94818
INFO:gp:56 	766   	0.826929	56 	0.859664	0.519562	766   	0.0674183	15.3519	56 	25 	9  	766   	1.56867
INFO:gp:57 	786   	0.824433	57 	0.859666	0.507105	786   	0.0663502	15.3363	57 	25 	9  	786   	1.41156
INFO:gp:58 	766   	0.822593	58 	0.859673	0.491288	766   	0.069657 	15.39  	58 	25 	9  	766   	1.47755
INFO:gp:59 	771   	0.822962	59 	0.859715	0.51042 	771   	0.0681873	16.0205	59 	25 	9  	771   	1.71548
INFO:gp:60 	755   	0.827378	60 	0.859715	0.532307	755   	0.0654782	16.827 	60 	29 	9  	755   	2.10487
INFO:gp:61 	764   	0.824018	61 	0.859742	0.505397	764   	0.0681503	17.4174	61 	28 	11 	764   	2.07126
INFO:gp:62 	793   	0.824176	62 	0.859744	0.477888	793   	0.0682783	17.7204	62 	30 	9  	793   	2.34386
INFO:gp:63 	759   	0.822142	63 	0.859744	0.499063	759   	0.0692994	17.3157	63 	33 	9  	759   	2.31807
INFO:gp:64 	768   	0.823529	64 	0.859746	0.508412	768   	0.0690033	17.2952	64 	27 	9  	768   	2.14591
INFO:gp:65 	779   	0.826436	65 	0.859774	0.465706	779   	0.0650528	18.4858	65 	36 	13 	779   	2.4506 
INFO:gp:66 	794   	0.824626	66 	0.859774	0.513606	794   	0.0671915	19.5855	66 	36 	15 	794   	2.70192
INFO:gp:67 	785   	0.824141	67 	0.859779	0.502661	785   	0.06866  	20.2033	67 	37 	15 	785   	3.50055
INFO:gp:68 	779   	0.823302	68 	0.859779	0.423585	779   	0.0678432	22.176 	68 	37 	15 	779   	5.65861
INFO:gp:69 	776   	0.824851	69 	0.859787	0.524902	776   	0.0663205	26.6843	69 	56 	15 	776   	7.20873
INFO:gp:70 	789   	0.822171	70 	0.859793	0.485542	789   	0.0702346	31.9795	70 	42 	15 	789   	5.96557
INFO:gp:71 	804   	0.819577	71 	0.859793	0.473011	804   	0.0745298	34.4936	71 	42 	15 	804   	3.86119
INFO:gp:72 	780   	0.821572	72 	0.859793	0.47623 	780   	0.0682732	34.9247	72 	42 	15 	780   	2.31473
INFO:gp:73 	765   	0.822129	73 	0.859794	0.518535	765   	0.0710923	34.738 	73 	42 	15 	765   	2.80409
INFO:gp:74 	783   	0.829053	74 	0.859805	0.405847	783   	0.0656016	34.8416	74 	41 	15 	783   	2.69795
INFO:gp:75 	789   	0.823152	75 	0.859805	0.436116	789   	0.0699562	34.9267	75 	47 	15 	789   	2.55296
INFO:gp:76 	770   	0.827156	76 	0.85982 	0.447013	770   	0.0658422	35.0391	76 	47 	15 	770   	2.60919
INFO:gp:77 	766   	0.82732 	77 	0.85982 	0.442552	766   	0.0668405	35.3069	77 	52 	15 	766   	3.14921
INFO:gp:78 	763   	0.822804	78 	0.85982 	0.455687	763   	0.0697135	35.8583	78 	48 	15 	763   	2.94267
INFO:gp:79 	785   	0.82793 	79 	0.85982 	0.451412	785   	0.0666677	35.7498	79 	57 	13 	785   	2.97923
INFO:gp:80 	777   	0.827169	80 	0.859827	0.472441	777   	0.0648779	36.1867	80 	46 	17 	777   	2.60898
INFO:gp:81 	756   	0.822609	81 	0.859835	0.520512	756   	0.0686137	36.1896	81 	46 	17 	756   	2.73374
INFO:gp:82 	787   	0.825107	82 	0.859838	0.508458	787   	0.0652786	36.1887	82 	44 	17 	787   	2.69183
INFO:gp:83 	763   	0.828371	83 	0.859861	0.461932	763   	0.0655651	35.696 	83 	43 	17 	763   	2.81812
INFO:gp:84 	787   	0.824186	84 	0.859861	0.555003	787   	0.0655175	34.3109	84 	43 	9  	787   	3.3716 
INFO:gp:85 	773   	0.829398	85 	0.859882	0.509893	773   	0.0618626	33.3079	85 	55 	19 	773   	3.37925
INFO:gp:86 	783   	0.823032	86 	0.859891	0.519753	783   	0.0693996	33.2522	86 	43 	19 	783   	3.02853
INFO:gp:87 	753   	0.827489	87 	0.859892	0.467131	753   	0.0650924	32.3949	87 	43 	19 	753   	2.71674
INFO:gp:88 	782   	0.827   	88 	0.859893	0.45803 	782   	0.0668185	31.4927	88 	58 	19 	782   	2.7349 
INFO:gp:89 	801   	0.826613	89 	0.859893	0.486111	801   	0.0664   	31.8289	89 	47 	18 	801   	2.57271
INFO:gp:90 	763   	0.827284	90 	0.859893	0.53811 	763   	0.0652564	32.8055	90 	40 	21 	763   	2.33723
INFO:gp:91 	768   	0.831949	91 	0.859902	0.498923	768   	0.0618493	33.5924	91 	50 	15 	768   	2.70024
INFO:gp:92 	796   	0.823665	92 	0.859907	0.484764	796   	0.0688342	34.8211	92 	44 	20 	796   	2.21615
INFO:gp:93 	769   	0.825991	93 	0.860031	0.490165	769   	0.0655229	35.1349	93 	44 	21 	769   	2.14193
INFO:gp:94 	770   	0.830892	94 	0.860031	0.490415	770   	0.0610263	35.1437	94 	44 	20 	770   	2.01506
INFO:gp:95 	756   	0.829513	95 	0.860031	0.487985	756   	0.0625719	35.2102	95 	42 	20 	756   	2.27739
INFO:gp:96 	788   	0.826415	96 	0.860031	0.537892	788   	0.0662706	35.3871	96 	41 	20 	788   	2.13354
INFO:gp:97 	760   	0.82538 	97 	0.879729	0.505493	760   	0.0687567	34.9697	97 	52 	20 	760   	2.45707
INFO:gp:98 	783   	0.822032	98 	0.879729	0.44416 	783   	0.0696663	34.5904	98 	43 	21 	783   	2.31012
INFO:gp:99 	768   	0.820049	99 	0.879729	0.447992	768   	0.0746336	34.8035	99 	73 	21 	768   	2.90843
INFO:gp:100	784   	0.826859	100	0.880588	0.492417	784   	0.0745926	34.912 	100	62 	21 	784   	2.69101
INFO:gp:101	771   	0.830931	101	0.880588	0.283701	771   	0.0781469	34.8817	101	59 	21 	771   	2.41628
INFO:gp:102	760   	0.834176	102	0.880665	0.473462	760   	0.0753674	34.826 	102	54 	21 	760   	2.3474 
INFO:gp:103	773   	0.832485	103	0.880665	0.485684	773   	0.0770039	34.8094	103	47 	21 	773   	2.91587
INFO:gp:104	765   	0.823581	104	0.880734	0.496417	765   	0.0836301	35.1183	104	59 	21 	765   	3.6139 
INFO:gp:105	778   	0.817038	105	0.880815	0.413271	778   	0.0874319	35.3754	105	50 	21 	778   	3.08432
INFO:gp:106	751   	0.819538	106	0.880897	0.357809	751   	0.0873642	35.0459	106	49 	17 	751   	2.78855
INFO:gp:107	769   	0.820555	107	0.880897	0.403709	769   	0.088847 	34.8895	107	49 	21 	769   	2.26074
INFO:gp:108	789   	0.81922 	108	0.880897	0.477801	789   	0.0871983	34.9101	108	55 	21 	789   	2.43342
INFO:gp:109	776   	0.820159	109	0.880916	0.385835	776   	0.088739 	34.7331	109	67 	21 	776   	2.94793
INFO:gp:110	786   	0.825544	110	0.880916	0.42656 	786   	0.0839381	34.609 	110	44 	20 	786   	2.3732 
INFO:gp:111	792   	0.822778	111	0.880939	0.443718	792   	0.0859109	34.6891	111	46 	21 	792   	2.13731
INFO:gp:112	751   	0.820644	112	0.880939	0.473941	751   	0.0865428	34.694 	112	59 	15 	751   	2.32863
INFO:gp:113	755   	0.818307	113	0.880939	0.450557	755   	0.0885237	34.8152	113	51 	19 	755   	2.16433
INFO:gp:114	780   	0.820866	114	0.880958	0.446494	780   	0.0861828	34.8954	114	44 	21 	780   	2.41812
INFO:gp:115	763   	0.820114	115	0.880958	0.358937	763   	0.0873218	35.6168	115	46 	21 	763   	2.88892
INFO:gp:116	779   	0.821165	116	0.880963	0.491463	779   	0.0863027	37.1887	116	50 	21 	779   	3.68169
INFO:gp:117	778   	0.823655	117	0.880963	0.436285	778   	0.0867136	39.3109	117	47 	21 	778   	3.5446 
INFO:gp:118	780   	0.823625	118	0.880966	0.503853	780   	0.0843129	40.4252	118	79 	21 	780   	3.09416
INFO:gp:119	772   	0.821477	119	0.880967	0.464435	772   	0.086858 	40.9052	119	54 	21 	772   	2.76654
INFO:gp:120	765   	0.823353	120	0.880967	0.469926	765   	0.0849861	41.4106	120	47 	22 	765   	2.39818
INFO:gp:121	748   	0.824807	121	0.880969	0.429966	748   	0.0840269	41.8563	121	53 	17 	748   	2.83186
INFO:gp:122	785   	0.820024	122	0.880986	0.481937	785   	0.0841692	42.7292	122	55 	22 	785   	2.72134
INFO:gp:123	789   	0.825158	123	0.880986	0.452005	789   	0.0827246	43.4154	123	54 	21 	789   	3.13471
INFO:gp:124	775   	0.822815	124	0.881005	0.500381	775   	0.0827838	43.9863	124	55 	17 	775   	3.1424 
INFO:gp:125	768   	0.820277	125	0.881006	0.433965	768   	0.0865976	44.2444	125	57 	20 	768   	2.9879 
INFO:gp:126	758   	0.825561	126	0.881006	0.481118	758   	0.0820928	44.4448	126	55 	21 	758   	3.17287
INFO:gp:127	753   	0.830002	127	0.881051	0.443361	753   	0.0801418	45.2542	127	63 	22 	753   	3.14149
INFO:gp:128	785   	0.819551	128	0.881051	0.453156	785   	0.0864615	45.8612	128	55 	20 	785   	3.7294 
INFO:gp:129	791   	0.820133	129	0.881051	0.382138	791   	0.0850932	46.7566	129	90 	22 	791   	4.15586
INFO:gp:130	785   	0.818424	130	0.881051	0.431322	785   	0.0857245	46.9599	130	56 	22 	785   	4.23311
INFO:gp:131	771   	0.821313	131	0.881051	0.454523	771   	0.0855   	46.5034	131	94 	22 	771   	4.81604
INFO:gp:132	755   	0.817752	132	0.881051	0.447708	755   	0.0872548	46.3021	132	56 	22 	755   	5.29867
INFO:gp:133	778   	0.81993 	133	0.881051	0.399389	778   	0.0894394	47.52  	133	57 	22 	778   	5.45463
INFO:gp:134	774   	0.817384	134	0.88106 	0.445955	774   	0.0878522	49.654 	134	67 	22 	774   	3.718  
INFO:gp:135	784   	0.821828	135	0.88106 	0.477573	784   	0.085588 	50.1818	135	65 	22 	784   	3.47511
INFO:gp:136	761   	0.821727	136	0.88106 	0.424464	761   	0.0866883	50.1779	136	58 	22 	761   	3.81995
INFO:gp:137	743   	0.824465	137	0.88106 	0.482117	743   	0.0842715	50.2444	137	57 	18 	743   	3.72187
INFO:gp:138	767   	0.824322	138	0.88106 	0.428335	767   	0.0847651	50.5161	138	57 	22 	767   	2.57545
INFO:gp:139	765   	0.821991	139	0.881105	0.497307	765   	0.0844023	50.4409	139	99 	22 	765   	3.54446
INFO:gp:140	785   	0.819473	140	0.881105	0.470291	785   	0.0836708	50.5543	140	75 	22 	785   	3.40328
INFO:gp:141	757   	0.825371	141	0.881105	0.478808	757   	0.0832542	51.2043	141	65 	13 	757   	3.88247
INFO:gp:142	776   	0.821837	142	0.881105	0.418813	776   	0.0882194	52.4663	142	65 	22 	776   	4.26981
INFO:gp:143	804   	0.822139	143	0.881105	0.421136	804   	0.0870272	54.4565	143	64 	22 	804   	4.62005
INFO:gp:144	793   	0.820915	144	0.881105	0.46678 	793   	0.0848728	56.8397	144	75 	22 	793   	4.61729
INFO:gp:145	788   	0.823142	145	0.881105	0.44244 	788   	0.0854851	57.9511	145	75 	21 	788   	4.09008
INFO:gp:146	776   	0.821288	146	0.881133	0.425235	776   	0.0860488	58.3587	146	67 	11 	776   	3.71351
INFO:gp:147	763   	0.825412	147	0.881133	0.403143	763   	0.0838089	58.5288	147	67 	22 	763   	2.90362
INFO:gp:148	770   	0.819582	148	0.881133	0.427339	770   	0.0874513	58.7243	148	67 	22 	770   	3.58315
INFO:gp:149	767   	0.824585	149	0.881133	0.501248	767   	0.0832614	59.5621	149	72 	22 	767   	4.37265
INFO:gp:150	772   	0.820684	150	0.881134	0.434742	772   	0.083517 	61.1887	150	72 	22 	772   	4.9788 
INFO:gp:151	794   	0.825827	151	0.881134	0.477818	794   	0.0795395	63.5298	151	72 	22 	794   	5.12301
INFO:gp:152	776   	0.82482 	152	0.881134	0.445941	776   	0.0859149	65.478 	152	78 	32 	776   	4.25107
INFO:gp:153	768   	0.823593	153	0.881134	0.480544	768   	0.0835696	66.1623	153	74 	22 	768   	3.55725
INFO:gp:154	759   	0.820711	154	0.881134	0.449533	759   	0.0847356	66.3402	154	73 	22 	759   	3.48879
INFO:gp:155	758   	0.821656	155	0.881134	0.46449 	758   	0.0845911	66.4233	155	72 	22 	758   	3.66561
INFO:gp:156	779   	0.813522	156	0.881134	0.448823	779   	0.0895505	66.5513	156	72 	21 	779   	2.58937
INFO:gp:157	764   	0.82289 	157	0.881134	0.438267	764   	0.0847624	66.3851	157	72 	22 	764   	3.43751
INFO:gp:158	759   	0.824174	158	0.881134	0.470882	759   	0.0853241	66.4829	158	94 	19 	759   	3.40425
INFO:gp:159	801   	0.826439	159	0.881134	0.455302	801   	0.0839451	66.2766	159	72 	22 	801   	4.02348
INFO:gp:160	766   	0.827698	160	0.881134	0.465062	766   	0.082507 	66.437 	160	77 	22 	766   	3.52504
INFO:gp:161	775   	0.82458 	161	0.881134	0.455039	775   	0.0844272	66.5934	161	83 	35 	775   	2.51658
INFO:gp:162	791   	0.821961	162	0.881134	0.463654	791   	0.086364 	66.3304	162	84 	22 	791   	3.98069
INFO:gp:163	778   	0.82153 	163	0.881134	0.457492	778   	0.0901944	66.4106	163	74 	22 	778   	3.43457
INFO:gp:164	777   	0.824698	164	0.881134	0.431796	777   	0.0828575	66.4164	164	94 	22 	777   	3.94619
INFO:gp:165	765   	0.823945	165	0.881135	0.483571	765   	0.083184 	66.651 	165	74 	22 	765   	2.38692
INFO:gp:166	758   	0.822196	166	0.881135	0.446113	758   	0.0858727	66.4262	166	71 	22 	758   	3.52705
INFO:gp:167	774   	0.820483	167	0.881135	0.364517	774   	0.0850379	66.1408	167	72 	22 	774   	4.04927
INFO:gp:168	786   	0.817709	168	0.881135	0.413241	786   	0.0876356	65.9863	168	72 	22 	786   	3.38443
INFO:gp:169	782   	0.821311	169	0.881135	0.531148	782   	0.0808481	65.085 	169	89 	22 	782   	3.90498
INFO:gp:170	774   	0.821097	170	0.881135	0.467054	774   	0.087829 	63.781 	170	72 	22 	774   	3.59686
INFO:gp:171	787   	0.821818	171	0.881135	0.354803	787   	0.0866477	62.4995	171	72 	22 	787   	3.82636
INFO:gp:172	783   	0.820852	172	0.881135	0.413648	783   	0.0845625	61.958 	172	97 	12 	783   	4.73348
INFO:gp:173	789   	0.818933	173	0.881135	0.503197	789   	0.0855055	61.8446	173	72 	22 	789   	4.20518
INFO:gp:174	799   	0.816189	174	0.881135	0.420407	799   	0.0900569	61.956 	174	79 	22 	799   	4.11124
INFO:gp:175	770   	0.824916	175	0.881135	0.465304	770   	0.0827119	61.998 	175	72 	22 	770   	3.68294
INFO:gp:176	777   	0.819928	176	0.881135	0.450946	777   	0.08784  	62.0528	176	74 	22 	777   	3.4191 
INFO:gp:177	788   	0.820461	177	0.881135	0.491622	788   	0.0848633	62.0381	177	73 	22 	788   	3.7476 
INFO:gp:178	764   	0.826993	178	0.881135	0.464856	764   	0.0808194	62.0567	178	121	22 	764   	4.40881
INFO:gp:179	765   	0.824165	179	0.881135	0.42434 	765   	0.0834381	61.9795	179	72 	22 	765   	3.77191
INFO:gp:180	791   	0.822063	180	0.881135	0.478816	791   	0.0857209	62.0274	180	72 	22 	791   	3.22764
INFO:gp:181	749   	0.825719	181	0.881135	0.477412	749   	0.0835953	61.8905	181	72 	22 	749   	3.90525
INFO:gp:182	765   	0.821317	182	0.881135	0.485494	765   	0.0852119	62.0371	182	72 	22 	765   	3.20169
INFO:gp:183	793   	0.820049	183	0.881135	0.454175	793   	0.0879225	61.9179	183	74 	22 	793   	4.0342 
INFO:gp:184	779   	0.817481	184	0.881135	0.475371	779   	0.0891008	61.7595	184	81 	22 	779   	4.42388
INFO:gp:185	751   	0.828479	185	0.881135	0.342574	751   	0.0823295	62.1408	185	73 	22 	751   	3.39854
INFO:gp:186	754   	0.827171	186	0.881135	0.47054 	754   	0.0821048	61.9316	186	72 	22 	754   	4.02888
INFO:gp:187	787   	0.820994	187	0.881135	0.503984	787   	0.0851498	62.0254	187	72 	22 	787   	3.32374
INFO:gp:188	769   	0.823418	188	0.881135	0.518665	769   	0.0834126	61.8074	188	72 	16 	769   	4.1906 
INFO:gp:189	767   	0.822783	189	0.881135	0.426245	767   	0.0855647	62.1261	189	72 	22 	767   	2.96983
INFO:gp:190	765   	0.824766	190	0.881135	0.447202	765   	0.0857531	61.9394	190	72 	22 	765   	3.40838
INFO:gp:191	800   	0.818219	191	0.881135	0.459844	800   	0.089293 	61.914 	191	72 	22 	800   	3.99198
INFO:gp:192	766   	0.824288	192	0.881135	0.457022	766   	0.0841384	62.0704	192	72 	22 	766   	3.15251
INFO:gp:193	762   	0.821905	193	0.881135	0.545219	762   	0.0822024	61.8807	193	72 	22 	762   	3.98696
INFO:gp:194	746   	0.823596	194	0.881135	0.445597	746   	0.0873472	62.0401	194	72 	22 	746   	3.33402
INFO:gp:195	795   	0.82369 	195	0.881135	0.450049	795   	0.083636 	61.9707	195	72 	22 	795   	3.26106
INFO:gp:196	765   	0.819637	196	0.881135	0.425687	765   	0.0882514	61.9071	196	80 	22 	765   	3.92677
INFO:gp:197	751   	0.822797	197	0.881135	0.342362	751   	0.0841251	61.8016	197	72 	22 	751   	4.17795
INFO:gp:198	766   	0.825743	198	0.881135	0.443729	766   	0.0818435	61.9521	198	72 	22 	766   	3.70815
INFO:gp:199	765   	0.826135	199	0.881135	0.483437	765   	0.084984 	61.8534	199	72 	22 	765   	4.18184
INFO:gp:200	777   	0.823015	200	0.881135	0.477745	777   	0.0835054	61.8377	200	72 	22 	777   	3.78646
INFO:gp:201	747   	0.821085	201	0.881135	0.463218	747   	0.0866091	61.7664	201	121	22 	747   	4.8042 
INFO:gp:202	784   	0.82733 	202	0.881135	0.407121	784   	0.0818829	62.0469	202	72 	40 	784   	2.72237
INFO:gp:203	771   	0.823281	203	0.881135	0.493663	771   	0.0829441	61.8377	203	72 	22 	771   	3.64948
INFO:gp:204	768   	0.825141	204	0.881135	0.506253	768   	0.080609 	61.781 	204	97 	22 	768   	4.5272 
INFO:gp:205	775   	0.823606	205	0.881135	0.495704	775   	0.0821934	61.9335	205	72 	9  	775   	3.97346
INFO:gp:206	796   	0.81732 	206	0.881135	0.470841	796   	0.0857448	61.9198	206	77 	22 	796   	3.87833
INFO:gp:207	786   	0.823791	207	0.881135	0.501095	786   	0.0813958	62.0802	207	72 	22 	786   	2.95443
INFO:gp:208	783   	0.821266	208	0.881135	0.485659	783   	0.0850164	62.0244	208	89 	22 	783   	3.35055
INFO:gp:209	773   	0.8229  	209	0.881135	0.452594	773   	0.0822466	62.0899	209	72 	40 	773   	2.55492
INFO:gp:210	763   	0.819745	210	0.881135	0.478805	763   	0.0838464	61.9746	210	72 	22 	763   	3.48483
INFO:gp:211	785   	0.820337	211	0.881135	0.487832	785   	0.0837377	62.0332	211	79 	22 	785   	3.21149
INFO:gp:212	759   	0.825086	212	0.881135	0.423195	759   	0.0868653	62.088 	212	72 	22 	759   	3.35779
INFO:gp:213	757   	0.820855	213	0.881135	0.469592	757   	0.0845684	61.9316	213	72 	22 	757   	3.47526
INFO:gp:214	751   	0.821945	214	0.881135	0.443612	751   	0.0870111	61.7977	214	72 	22 	751   	3.96528
INFO:gp:215	782   	0.82199 	215	0.881135	0.429562	782   	0.0841185	61.8436	215	72 	22 	782   	3.84639
INFO:gp:216	777   	0.823855	216	0.881135	0.440568	777   	0.0828855	61.9394	216	121	22 	777   	4.21215
INFO:gp:217	767   	0.82621 	217	0.881135	0.47746 	767   	0.0861126	62.0049	217	78 	22 	767   	3.48618
INFO:gp:218	762   	0.821864	218	0.881135	0.421831	762   	0.0875437	62.0254	218	121	22 	762   	3.83957
INFO:gp:219	782   	0.815959	219	0.881135	0.364505	782   	0.0894658	61.8407	219	78 	22 	782   	4.13589
INFO:gp:220	782   	0.822386	220	0.881135	0.473636	782   	0.0844382	61.9726	220	72 	16 	782   	3.4274 
INFO:gp:221	761   	0.82454 	221	0.881135	0.495506	761   	0.0834961	62.002 	221	72 	22 	761   	3.29103
INFO:gp:222	762   	0.821396	222	0.881135	0.414919	762   	0.0884487	61.9228	222	72 	22 	762   	3.33014
INFO:gp:223	787   	0.825292	223	0.881135	0.510099	787   	0.08329  	62.0674	223	72 	22 	787   	2.87374
INFO:gp:224	757   	0.826563	224	0.881135	0.47887 	757   	0.0834043	62.0401	224	97 	22 	757   	3.48679
INFO:gp:225	758   	0.824946	225	0.881135	0.49022 	758   	0.0839627	62.0049	225	72 	28 	758   	2.93544
INFO:gp:226	760   	0.819213	226	0.881135	0.453442	760   	0.0859235	61.9042	226	72 	22 	760   	3.43529
INFO:gp:227	758   	0.820918	227	0.881135	0.461821	758   	0.0841619	62.0078	227	72 	22 	758   	2.79434
INFO:gp:228	784   	0.822222	228	0.881135	0.476812	784   	0.0845605	61.824 	228	73 	22 	784   	3.86152
INFO:gp:229	763   	0.828153	229	0.881135	0.444694	763   	0.0811627	62.0674	229	72 	29 	763   	2.63489
INFO:gp:230	782   	0.819721	230	0.881135	0.43932 	782   	0.0864937	61.8133	230	72 	22 	782   	4.25843
INFO:gp:231	779   	0.821357	231	0.881135	0.456118	779   	0.0848044	61.8416	231	77 	22 	779   	3.94591
INFO:gp:232	775   	0.820207	232	0.881135	0.461048	775   	0.0859234	61.8377	232	72 	22 	775   	3.59116
INFO:gp:233	770   	0.819716	233	0.881135	0.467956	770   	0.0868692	61.7996	233	72 	22 	770   	4.26194
INFO:gp:234	781   	0.822268	234	0.881135	0.505723	781   	0.0849921	61.5963	234	72 	22 	781   	4.72801
INFO:gp:235	804   	0.816245	235	0.881135	0.435404	804   	0.0859971	61.9521	235	72 	22 	804   	3.36689
INFO:gp:236	756   	0.824064	236	0.881135	0.479152	756   	0.0832531	62.0235	236	72 	22 	756   	3.34924
INFO:gp:237	783   	0.817078	237	0.881135	0.473536	783   	0.0881265	62.085 	237	72 	27 	783   	2.71227
INFO:gp:238	769   	0.818506	238	0.881135	0.402915	769   	0.088207 	62.042 	238	72 	10 	769   	2.90299
INFO:gp:239	743   	0.826178	239	0.881135	0.457836	743   	0.0833455	61.9062	239	97 	22 	743   	4.18639
INFO:gp:240	775   	0.813836	240	0.881135	0.350911	775   	0.0896895	61.9286	240	72 	22 	775   	3.48489
INFO:gp:241	752   	0.822602	241	0.881135	0.481157	752   	0.0824494	61.6931	241	72 	22 	752   	4.62701
INFO:gp:242	771   	0.824721	242	0.881135	0.437975	771   	0.0835732	61.9423	242	72 	22 	771   	3.46433
INFO:gp:243	795   	0.82214 	243	0.881135	0.459414	795   	0.083698 	61.9218	243	72 	22 	795   	3.80997
INFO:gp:244	751   	0.819296	244	0.881135	0.391329	751   	0.0877544	61.9638	244	72 	27 	751   	3.00011
INFO:gp:245	767   	0.82102 	245	0.881135	0.464179	767   	0.0865619	61.9198	245	72 	22 	767   	3.36439
INFO:gp:246	772   	0.820376	246	0.881135	0.416864	772   	0.0857837	61.9619	246	73 	22 	772   	3.11549
INFO:gp:247	767   	0.8271  	247	0.881135	0.505585	767   	0.0820873	61.8534	247	72 	27 	767   	3.78736
INFO:gp:248	781   	0.82197 	248	0.881135	0.385977	781   	0.0856498	61.998 	248	72 	16 	781   	3.05825
INFO:gp:249	794   	0.820412	249	0.881135	0.511138	794   	0.0831556	61.9042	249	79 	22 	794   	3.6446 
INFO:gp:250	764   	0.827275	250	0.881135	0.490156	764   	0.0808707	61.8622	250	72 	22 	764   	3.67571
INFO:gp:251	755   	0.823204	251	0.881135	0.478595	755   	0.0864298	61.8309	251	72 	22 	755   	3.81023
INFO:gp:252	755   	0.821239	252	0.881135	0.466047	755   	0.0853171	61.8446	252	121	22 	755   	4.42028
INFO:gp:253	769   	0.823702	253	0.881135	0.421235	769   	0.0835579	61.9511	253	72 	22 	769   	3.12552
INFO:gp:254	761   	0.824042	254	0.881135	0.478937	761   	0.0829761	61.9286	254	72 	22 	761   	3.49889
INFO:gp:255	775   	0.825009	255	0.881135	0.440058	775   	0.0845376	61.8788	255	77 	22 	775   	3.7457 
INFO:gp:256	794   	0.819338	256	0.881135	0.411019	794   	0.0891378	62.001 	256	72 	22 	794   	3.09273
INFO:gp:257	782   	0.817964	257	0.881135	0.377967	782   	0.0882846	61.9286	257	84 	20 	782   	3.73535
INFO:gp:258	782   	0.823411	258	0.881135	0.501562	782   	0.0837051	61.8368	258	78 	22 	782   	3.67334
INFO:gp:259	815   	0.815844	259	0.881135	0.37791 	815   	0.0886928	61.8719	259	72 	17 	815   	3.7698 
INFO:gp:260	773   	0.821738	260	0.881135	0.42432 	773   	0.0853291	62.1007	260	72 	22 	773   	3.1285 
INFO:gp:261	768   	0.826731	261	0.881135	0.424639	768   	0.0810543	61.9462	261	72 	22 	768   	3.11808
INFO:gp:262	768   	0.82194 	262	0.881135	0.4336  	768   	0.0869524	61.7869	262	72 	22 	768   	3.97322
INFO:gp:263	784   	0.8205  	263	0.881135	0.47449 	784   	0.0854846	61.913 	263	72 	22 	784   	3.33869
INFO:gp:264	751   	0.823284	264	0.881135	0.491099	751   	0.0865662	62.085 	264	72 	22 	751   	2.93154
INFO:gp:265	783   	0.824403	265	0.881135	0.493194	783   	0.0823467	61.9697	265	72 	27 	783   	3.01577
INFO:gp:266	780   	0.816515	266	0.881135	0.420295	780   	0.0865138	62     	266	72 	22 	780   	3.43662
INFO:gp:267	799   	0.823714	267	0.881135	0.442998	799   	0.0819814	61.8309	267	72 	22 	799   	3.88995
INFO:gp:268	791   	0.821907	268	0.881135	0.414588	791   	0.0854347	61.8602	268	72 	22 	791   	3.81475
INFO:gp:269	771   	0.82878 	269	0.881135	0.491695	771   	0.0822558	61.7586	269	72 	22 	771   	4.34546
INFO:gp:270	755   	0.820092	270	0.881135	0.51142 	755   	0.0850803	61.914 	270	121	22 	755   	5.00932
INFO:gp:271	783   	0.823949	271	0.881135	0.464945	783   	0.0813011	61.8358	271	72 	22 	783   	3.692  
INFO:gp:272	785   	0.820938	272	0.881135	0.493752	785   	0.0849597	61.8074	272	80 	22 	785   	3.73814
INFO:gp:273	803   	0.817601	273	0.881135	0.364043	803   	0.0862115	61.8231	273	72 	22 	803   	3.78335
INFO:gp:274	769   	0.825174	274	0.881135	0.420951	769   	0.0866724	61.697 	274	72 	22 	769   	4.5353 
INFO:gp:275	777   	0.821259	275	0.881135	0.453695	777   	0.0861769	61.8759	275	72 	22 	777   	3.7559 
INFO:gp:276	772   	0.825007	276	0.881996	0.450056	772   	0.0845092	61.8084	276	72 	22 	772   	3.98806
INFO:gp:277	756   	0.825509	277	0.881996	0.477799	756   	0.0818847	61.8671	277	72 	22 	756   	3.76197
INFO:gp:278	794   	0.822563	278	0.881996	0.440234	794   	0.0838814	61.7097	278	72 	22 	794   	4.03537
INFO:gp:279	747   	0.827908	279	0.881996	0.532994	747   	0.0796697	61.8661	279	72 	22 	747   	3.77866
INFO:gp:280	785   	0.822678	280	0.881996	0.455618	785   	0.0840099	61.74  	280	79 	9  	785   	3.91613
INFO:gp:281	730   	0.829377	281	0.881996	0.516043	730   	0.0827871	61.6735	281	72 	22 	730   	3.53352
INFO:gp:282	772   	0.830679	282	0.881996	0.420776	772   	0.0827255	61.6227	282	121	22 	772   	3.71496
INFO:gp:283	797   	0.827275	283	0.881996	0.450955	797   	0.0826211	61.5855	283	68 	22 	797   	2.52732
INFO:gp:284	794   	0.83145 	284	0.882029	0.497528	794   	0.0801178	61.5112	284	70 	22 	794   	3.0225 
INFO:gp:285	766   	0.829049	285	0.882029	0.512643	766   	0.080397 	61.2678	285	69 	22 	766   	3.86207
INFO:gp:286	783   	0.822386	286	0.882029	0.483493	783   	0.085704 	61.4174	286	68 	10 	783   	3.55363
INFO:gp:287	756   	0.828511	287	0.882029	0.491182	756   	0.0792437	61.3891	287	77 	22 	756   	3.45664
INFO:gp:288	754   	0.832622	288	0.882029	0.449982	754   	0.0816859	61.5337	288	68 	27 	754   	2.81189
INFO:gp:289	759   	0.828833	289	0.882029	0.509731	759   	0.0811263	61.4154	289	70 	22 	759   	3.52265
INFO:gp:290	799   	0.830533	290	0.882029	0.459099	799   	0.0792612	61.5455	290	68 	27 	799   	2.66024
INFO:gp:291	777   	0.8253  	291	0.882029	0.491794	777   	0.085631 	61.2063	291	80 	22 	777   	4.14209
INFO:gp:292	766   	0.83013 	292	0.882029	0.459223	766   	0.0793898	61.7116	292	69 	42 	766   	1.80526
INFO:gp:293	767   	0.82917 	293	0.882029	0.385878	767   	0.081934 	61.567 	293	97 	22 	767   	3.10317
INFO:gp:294	773   	0.8324  	294	0.882029	0.420761	773   	0.0808755	61.4301	294	68 	22 	773   	3.72342
INFO:gp:295	783   	0.829483	295	0.882029	0.460087	783   	0.0839892	61.35  	295	68 	22 	783   	3.59791
INFO:gp:296	770   	0.825593	296	0.882029	0.483358	770   	0.0830238	61.2717	296	67 	22 	770   	3.86584
INFO:gp:297	750   	0.831092	297	0.882029	0.505396	750   	0.0793276	61.5054	297	68 	22 	750   	3.50558
INFO:gp:298	774   	0.831349	298	0.882029	0.499453	774   	0.078424 	61.2434	298	68 	22 	774   	3.98609
INFO:gp:299	772   	0.829563	299	0.882029	0.499091	772   	0.0791395	61.5816	299	68 	21 	772   	2.95534
INFO:gp:300	768   	0.831575	300	0.882029	0.508136	768   	0.0760987	61.3705	300	73 	22 	768   	3.63251
INFO:gp:301	774   	0.828065	301	0.882034	0.44531 	774   	0.0841752	61.4418	301	121	20 	774   	4.31826
INFO:gp:302	778   	0.827773	302	0.882034	0.457636	778   	0.0822427	61.4741	302	72 	22 	778   	3.34335
INFO:gp:303	777   	0.82766 	303	0.882034	0.459035	777   	0.0812718	61.5494	303	71 	22 	777   	3.72559
INFO:gp:304	777   	0.826322	304	0.882034	0.510537	777   	0.0827842	61.9531	304	79 	20 	777   	3.29396
INFO:gp:305	816   	0.823724	305	0.882034	0.481098	816   	0.0841645	62.5073	305	72 	22 	816   	3.61485
INFO:gp:306	745   	0.831548	306	0.882034	0.490192	745   	0.0780099	63.4829	306	72 	22 	745   	4.36321
INFO:gp:307	762   	0.827178	307	0.882034	0.519424	762   	0.0799033	65.0411	307	72 	22 	762   	3.86329
INFO:gp:308	780   	0.83198 	308	0.882034	0.479862	780   	0.0784148	65.7507	308	72 	22 	780   	3.5784 
INFO:gp:309	770   	0.828094	309	0.882034	0.477195	770   	0.0807082	65.8465	309	74 	22 	770   	4.43955
INFO:gp:310	782   	0.82208 	310	0.882034	0.500622	782   	0.0873322	65.9179	310	94 	22 	782   	4.38128
INFO:gp:311	764   	0.828887	311	0.882034	0.511312	764   	0.0798352	66.1505	311	80 	22 	764   	3.75194
INFO:gp:312	791   	0.827754	312	0.882034	0.438307	791   	0.0819192	66.1153	312	72 	22 	791   	4.07822
INFO:gp:313	737   	0.829512	313	0.882034	0.418884	737   	0.0786507	66.1388	313	76 	22 	737   	3.6851 
INFO:gp:314	780   	0.825202	314	0.882034	0.455333	780   	0.0838808	66.1848	314	72 	22 	780   	4.02996
INFO:gp:315	757   	0.830095	315	0.882034	0.447519	757   	0.0804537	66.1564	315	72 	22 	757   	3.84206
INFO:gp:316	746   	0.834095	316	0.882036	0.533459	746   	0.0742971	66.089 	316	71 	22 	746   	4.07324
INFO:gp:317	756   	0.82844 	317	0.882036	0.444983	756   	0.0814001	66.3627	317	102	22 	756   	3.14375
INFO:gp:318	778   	0.826176	318	0.882036	0.439895	778   	0.0820091	66.1017	318	71 	20 	778   	4.27928
INFO:gp:319	776   	0.825674	319	0.882036	0.459886	776   	0.0826757	66.0841	319	72 	22 	776   	3.81882
INFO:gp:320	772   	0.823235	320	0.882059	0.445457	772   	0.0864408	66.2532	320	131	22 	772   	4.2481 
INFO:gp:321	772   	0.829683	321	0.882059	0.51896 	772   	0.0768131	66.2942	321	72 	20 	772   	3.00674
INFO:gp:322	778   	0.829952	322	0.882059	0.510694	778   	0.079094 	66.2659	322	72 	18 	778   	3.87231
INFO:gp:323	794   	0.821722	323	0.882059	0.493793	794   	0.0866839	66.4594	323	72 	20 	794   	2.83638
INFO:gp:324	792   	0.827247	324	0.882059	0.46647 	792   	0.0818314	66.4653	324	77 	37 	792   	2.74575
INFO:gp:325	782   	0.829002	325	0.882059	0.47983 	782   	0.0839259	66.4457	325	80 	20 	782   	3.51658
INFO:gp:326	756   	0.830322	326	0.882059	0.43707 	756   	0.0831096	66.4956	326	72 	23 	756   	3.26684
INFO:gp:327	787   	0.829681	327	0.882059	0.523195	787   	0.0779233	66.3226	327	72 	24 	787   	3.86345
INFO:gp:328	766   	0.827636	328	0.882059	0.499037	766   	0.0818101	66.3656	328	73 	24 	766   	3.54379
INFO:gp:329	785   	0.824259	329	0.882059	0.280309	785   	0.0867097	66.174 	329	72 	14 	785   	4.5845 
INFO:gp:330	778   	0.826244	330	0.882059	0.500677	778   	0.082976 	66.5024	330	102	24 	778   	3.55542
INFO:gp:331	778   	0.827939	331	0.882059	0.458052	778   	0.0830672	66.3431	331	72 	24 	778   	4.05854
INFO:gp:332	785   	0.825976	332	0.882059	0.417196	785   	0.0837913	66.3343	332	73 	24 	785   	3.88843
INFO:gp:333	777   	0.829353	333	0.882059	0.39181 	777   	0.0804974	66.521 	333	72 	24 	777   	3.08233
INFO:gp:334	777   	0.830563	334	0.882059	0.39743 	777   	0.0814824	66.563 	334	77 	24 	777   	2.83872
INFO:gp:335	775   	0.828632	335	0.882059	0.507943	775   	0.0824617	66.5093	335	72 	24 	775   	3.1458 
INFO:gp:336	779   	0.829393	336	0.882059	0.520716	779   	0.0806667	66.522 	336	77 	24 	779   	3.27693
INFO:gp:337	781   	0.822958	337	0.882059	0.508315	781   	0.084061 	66.564 	337	73 	24 	781   	2.80754
INFO:gp:338	787   	0.823643	338	0.882059	0.39743 	787   	0.0850662	66.4311	338	72 	24 	787   	3.45236
INFO:gp:339	759   	0.82891 	339	0.882059	0.4728  	759   	0.0826792	66.434 	339	72 	24 	759   	3.41569
INFO:gp:340	776   	0.828935	340	0.882059	0.529267	776   	0.0813563	66.4712	340	131	24 	776   	4.19222
INFO:gp:341	779   	0.826527	341	0.882059	0.454596	779   	0.0824987	66.4721	341	72 	24 	779   	3.44471
INFO:gp:342	769   	0.830234	342	0.882059	0.425264	769   	0.0822444	66.3685	342	72 	24 	769   	3.85972
INFO:gp:343	784   	0.826652	343	0.882059	0.513309	784   	0.0810206	66.4223	343	73 	24 	784   	3.43058
INFO:gp:344	793   	0.826381	344	0.882059	0.496575	793   	0.0827486	66.4868	344	72 	24 	793   	3.09156
INFO:gp:345	769   	0.824795	345	0.882059	0.414842	769   	0.0869604	66.348 	345	72 	24 	769   	3.83431
INFO:gp:346	775   	0.828173	346	0.882059	0.337849	775   	0.0850284	66.4936	346	73 	24 	775   	3.32144
INFO:gp:347	779   	0.830145	347	0.882059	0.435993	779   	0.0810886	66.4506	347	72 	24 	779   	3.5122 
INFO:gp:348	771   	0.826941	348	0.882059	0.469971	771   	0.0843583	66.4487	348	73 	24 	771   	3.65724
INFO:gp:349	770   	0.8275  	349	0.882059	0.508715	770   	0.0833563	66.4761	349	131	24 	770   	4.02742
INFO:gp:350	767   	0.828601	350	0.882059	0.50905 	767   	0.0818394	66.3988	350	73 	24 	767   	3.68947
INFO:gp:351	772   	0.824941	351	0.882059	0.469796	772   	0.0852181	66.4223	351	73 	24 	772   	3.43855
INFO:gp:352	802   	0.821683	352	0.882059	0.453403	802   	0.0869096	66.3539	352	83 	24 	802   	3.78373
INFO:gp:353	765   	0.822681	353	0.882059	0.427939	765   	0.0879262	66.4526	353	76 	24 	765   	3.54988
INFO:gp:354	765   	0.828831	354	0.882059	0.487807	765   	0.0821605	66.5464	354	75 	32 	765   	2.85004
INFO:gp:355	777   	0.827431	355	0.882059	0.413803	777   	0.0824154	66.4008	355	72 	24 	777   	3.7544 
INFO:gp:356	756   	0.828648	356	0.882059	0.471882	756   	0.0841457	66.4878	356	72 	24 	756   	3.03347
INFO:gp:357	757   	0.831233	357	0.882059	0.462428	757   	0.0808959	66.5601	357	72 	24 	757   	2.7842 
INFO:gp:358	776   	0.823048	358	0.882059	0.452142	776   	0.0861937	66.4614	358	73 	24 	776   	3.44518
INFO:gp:359	787   	0.825523	359	0.882059	0.464883	787   	0.0827857	66.5894	359	72 	24 	787   	2.61763
INFO:gp:360	765   	0.82546 	360	0.882059	0.313599	765   	0.0869019	66.3138	360	72 	22 	765   	4.40278
INFO:gp:361	765   	0.825476	361	0.882059	0.446232	765   	0.0848829	66.5083	361	74 	24 	765   	3.39825
INFO:gp:362	786   	0.824177	362	0.882059	0.452722	786   	0.085467 	66.5591	362	86 	24 	786   	3.19582
INFO:gp:363	778   	0.824688	363	0.882059	0.441582	778   	0.0856231	66.3206	363	72 	24 	778   	3.86816
INFO:gp:364	782   	0.828625	364	0.882059	0.390837	782   	0.0817332	66.478 	364	94 	24 	782   	3.39041
INFO:gp:365	785   	0.824734	365	0.882059	0.508227	785   	0.0855125	66.4585	365	72 	24 	785   	3.32795
INFO:gp:366	745   	0.828353	366	0.882059	0.511381	745   	0.0840058	66.4927	366	73 	24 	745   	3.43487
INFO:gp:367	743   	0.828611	367	0.882059	0.428991	743   	0.0851362	66.61  	367	73 	24 	743   	2.90941
INFO:gp:368	739   	0.829628	368	0.882059	0.486573	739   	0.0809157	66.6344	368	72 	24 	739   	2.86231
INFO:gp:369	780   	0.831375	369	0.882059	0.499847	780   	0.0788467	66.4497	369	74 	24 	780   	3.49097
INFO:gp:370	772   	0.823055	370	0.882059	0.444822	772   	0.0885253	66.5112	370	80 	24 	772   	3.20947
INFO:gp:371	789   	0.824447	371	0.882059	0.459311	789   	0.0838098	66.5103	371	72 	24 	789   	3.24461
INFO:gp:372	778   	0.827829	372	0.882059	0.470278	778   	0.0809871	66.5924	372	72 	24 	778   	2.86056
INFO:gp:373	765   	0.824832	373	0.882059	0.49505 	765   	0.0824959	66.6031	373	72 	24 	765   	2.63944
INFO:gp:374	783   	0.825189	374	0.882059	0.426751	783   	0.0835918	66.5543	374	72 	24 	783   	2.96027
INFO:gp:375	773   	0.833781	375	0.882059	0.3495  	773   	0.0799047	66.3402	375	84 	24 	773   	4.54817
INFO:gp:376	759   	0.823367	376	0.882059	0.444728	759   	0.0839019	66.6852	376	73 	24 	759   	2.80145
INFO:gp:377	758   	0.829256	377	0.882059	0.35393 	758   	0.0820945	66.5054	377	75 	24 	758   	3.0919 
INFO:gp:378	763   	0.828399	378	0.882059	0.512983	763   	0.0804737	66.3724	378	72 	24 	763   	3.67032
INFO:gp:379	789   	0.82671 	379	0.882059	0.45323 	789   	0.0837694	66.4536	379	78 	24 	789   	3.65383
INFO:gp:380	775   	0.829927	380	0.882059	0.518161	775   	0.0804328	66.3803	380	72 	24 	775   	3.52773
INFO:gp:381	767   	0.822432	381	0.882059	0.433637	767   	0.0881489	66.5572	381	80 	24 	767   	3.2774 
INFO:gp:382	766   	0.829567	382	0.882059	0.500859	766   	0.0818642	66.35  	382	86 	24 	766   	4.20732
INFO:gp:383	765   	0.828802	383	0.882059	0.506271	765   	0.0815929	66.477 	383	86 	24 	765   	3.51247
INFO:gp:384	793   	0.825121	384	0.88206 	0.500102	793   	0.0835507	66.2669	384	75 	24 	793   	4.24174
INFO:gp:385	755   	0.827596	385	0.88206 	0.426512	755   	0.0861179	66.4643	385	72 	24 	755   	3.67529
INFO:gp:386	766   	0.83007 	386	0.88206 	0.435561	766   	0.0812285	66.5582	386	72 	28 	766   	3.35869
INFO:gp:387	771   	0.831914	387	0.88206 	0.375718	771   	0.0814308	66.6628	387	77 	28 	771   	2.45082
INFO:gp:388	759   	0.831299	388	0.882122	0.482813	759   	0.0823726	66.5445	388	74 	28 	759   	3.25755
INFO:gp:389	764   	0.831477	389	0.882122	0.530905	764   	0.0788608	66.5718	389	72 	28 	764   	2.96418
INFO:gp:390	778   	0.832173	390	0.882122	0.4779  	778   	0.0783311	66.2747	390	73 	28 	778   	3.585  
INFO:gp:391	782   	0.82953 	391	0.882122	0.488166	782   	0.0800553	65.6716	391	72 	24 	782   	4.05963
INFO:gp:392	760   	0.83185 	392	0.882122	0.479191	760   	0.0822789	64.651 	392	72 	28 	760   	3.8157 
INFO:gp:393	731   	0.83178 	393	0.882122	0.499224	731   	0.0782526	62.9668	393	72 	28 	731   	3.69392
INFO:gp:394	773   	0.830549	394	0.882127	0.461065	773   	0.080727 	62.0215	394	71 	28 	773   	2.61911
INFO:gp:395	757   	0.831816	395	0.882127	0.490576	757   	0.0818797	61.7234	395	71 	30 	757   	2.63941
INFO:gp:396	791   	0.830628	396	0.882128	0.360037	791   	0.0794631	61.8543	396	71 	28 	791   	3.27485
INFO:gp:397	750   	0.831397	397	0.882128	0.519497	750   	0.0780682	62.4301	397	71 	34 	750   	3.08003
INFO:gp:398	739   	0.826645	398	0.882128	0.46033 	739   	0.0827076	63.0479	398	98 	28 	739   	3.65532
INFO:gp:399	766   	0.828444	399	0.882128	0.486297	766   	0.0829232	63.5327	399	69 	28 	766   	3.49538
INFO:gp:400	770   	0.829542	400	0.882128	0.492897	770   	0.0817762	64.2072	400	80 	28 	770   	3.18937
INFO:__main__:Saving model to file: checkpoints/run_14.pth
INFO:util:Train accuracy: 0.9583333333333333 +- 0.041666666666666685
INFO:util:Val accuracy: 0.9583333333333333 +- 0.041666666666666685
INFO:util:Test accuracy: 0.5 +- 0.0
INFO:util:Train intra-class: 0.07186606550829022, Train Inter-class: 0.22648319795849528
INFO:util:Val intra-class: 0.14570288052432961, Val Inter-class: 0.1967527655365747
INFO:util:Test intra-class: 0.0, Test inter-class: 0.21737812061942274
INFO:plot:Saving t-SNE to file: figures/tsne.png
INFO:plot:Saving t-SNE to file: figures/tsne.png
INFO:plot:Saving tree to file: figures/tree-0.pdf
INFO:plot:Saving tree to file: figures/tree-1.pdf
INFO:plot:Saving tree to file: figures/tree-2.pdf
INFO:plot:Saving tree to file: figures/tree-3.pdf
INFO:plot:Saving tree to file: figures/tree-4.pdf
INFO:plot:Saving tree to file: figures/tree-5.pdf
