INFO:data:Reading dataset fish: part
INFO:data:Class Counts: [6 6 3 6 6 3], Class Ratios: [0.2 0.2 0.1 0.2 0.2 0.1]
INFO:data:Number of features: 1023
INFO:data:Number of instances: 30
INFO:data:Number of classes 6.
INFO:__main__:No model found. Train from scratch.
INFO:gp:   	      	                                 fitness                                 	                      size                     
   	      	-------------------------------------------------------------------------	-----------------------------------------------
gen	nevals	avg     	gen	max     	min     	nevals	std      	avg    	gen	max	min	nevals	std    
0  	1023  	0.234381	0  	0.485982	0.100638	1023  	0.0720746	4.61975	0  	7  	2  	1023  	1.46082
INFO:gp:1  	766   	0.318725	1  	0.511967	0.121334	766   	0.065073 	4.84066	1  	12 	2  	766   	1.53009
INFO:gp:2  	798   	0.371266	2  	0.541786	0.121683	798   	0.0647488	4.94135	2  	14 	2  	798   	1.74372
INFO:gp:3  	741   	0.408267	3  	0.544263	0.158435	741   	0.0645934	4.86217	3  	12 	2  	741   	1.64657
INFO:gp:4  	764   	0.440767	4  	0.612763	0.138326	764   	0.0683682	4.98143	4  	12 	2  	764   	1.75605
INFO:gp:5  	750   	0.468021	5  	0.627619	0.166279	750   	0.0732307	5.58651	5  	14 	2  	750   	1.80585
INFO:gp:6  	801   	0.491874	6  	0.645429	0.205548	801   	0.0756776	5.88172	6  	14 	2  	801   	1.81195
INFO:gp:7  	738   	0.520282	7  	0.651828	0.236178	738   	0.0755311	6.04399	7  	15 	3  	738   	1.91486
INFO:gp:8  	741   	0.543003	8  	0.686426	0.265862	741   	0.0736977	6.26882	8  	12 	3  	741   	1.99243
INFO:gp:9  	779   	0.558124	9  	0.69208 	0.184576	779   	0.0770922	6.46823	9  	13 	3  	779   	1.93459
INFO:gp:10 	785   	0.577231	10 	0.719065	0.290735	785   	0.0778416	6.6002 	10 	14 	3  	785   	1.72313
INFO:gp:11 	772   	0.599928	11 	0.719538	0.297752	772   	0.0812832	6.79179	11 	13 	3  	772   	1.71949
INFO:gp:12 	787   	0.616815	12 	0.752802	0.271721	787   	0.0842648	6.41056	12 	13 	3  	787   	1.91908
INFO:gp:13 	790   	0.643382	13 	0.754835	0.318267	790   	0.0755403	6.3216 	13 	13 	3  	790   	1.97867
INFO:gp:14 	781   	0.663318	14 	0.754835	0.272007	781   	0.0777646	6.19844	14 	14 	3  	781   	2.16448
INFO:gp:15 	787   	0.68269 	15 	0.755203	0.31299 	787   	0.0755408	6.05474	15 	14 	3  	787   	2.14821
INFO:gp:16 	772   	0.693429	16 	0.755338	0.31299 	772   	0.0790699	6.13881	16 	16 	3  	772   	1.97894
INFO:gp:17 	783   	0.699059	17 	0.755431	0.321793	783   	0.0793111	5.99511	17 	14 	3  	783   	1.89793
INFO:gp:18 	765   	0.70829 	18 	0.775633	0.26245 	765   	0.0781208	5.33138	18 	14 	3  	765   	2.19719
INFO:gp:19 	776   	0.714661	19 	0.775753	0.368793	776   	0.0773404	5.43891	19 	14 	3  	776   	2.2354 
INFO:gp:20 	796   	0.71812 	20 	0.776843	0.346979	796   	0.0723045	6.25415	20 	14 	3  	796   	1.79549
INFO:gp:21 	761   	0.72148 	21 	0.777992	0.386911	761   	0.0750793	5.93646	21 	16 	3  	761   	1.9781 
INFO:gp:22 	762   	0.722589	22 	0.777992	0.347215	762   	0.0814421	5.69404	22 	14 	3  	762   	2.30033
INFO:gp:23 	779   	0.724788	23 	0.777992	0.321456	779   	0.0832767	6.04594	23 	14 	3  	779   	2.31085
INFO:gp:24 	804   	0.727984	24 	0.796845	0.347295	804   	0.0816385	5.87292	24 	14 	3  	804   	1.70889
INFO:gp:25 	765   	0.732133	25 	0.798246	0.309464	765   	0.0791287	6.02053	25 	14 	3  	765   	1.1197 
INFO:gp:26 	769   	0.734723	26 	0.798246	0.411104	769   	0.0751426	6.06452	26 	14 	3  	769   	1.07661
INFO:gp:27 	749   	0.73818 	27 	0.798246	0.437752	749   	0.0723869	6.16031	27 	16 	3  	749   	1.15627
INFO:gp:28 	777   	0.741747	28 	0.798246	0.406503	777   	0.0779416	6.0958 	28 	16 	3  	777   	1.26793
INFO:gp:29 	762   	0.741532	29 	0.798246	0.401128	762   	0.0816145	6.03617	29 	16 	3  	762   	1.15878
INFO:gp:30 	793   	0.746674	30 	0.798246	0.368152	793   	0.0774053	6.12023	30 	16 	3  	793   	1.0975 
INFO:gp:31 	769   	0.752946	31 	0.798265	0.373929	769   	0.0725285	6.1828 	31 	16 	4  	769   	1.21526
INFO:gp:32 	766   	0.748037	32 	0.799995	0.336206	766   	0.074983 	6.2737 	32 	14 	4  	766   	1.398  
INFO:gp:33 	752   	0.752602	33 	0.799995	0.2139  	752   	0.074551 	6.44086	33 	18 	4  	752   	1.80587
INFO:gp:34 	782   	0.746427	34 	0.800075	0.313218	782   	0.076501 	6.9824 	34 	18 	4  	782   	2.64957
INFO:gp:35 	753   	0.752582	35 	0.800075	0.326279	753   	0.07391  	8.35679	35 	24 	3  	753   	3.69073
INFO:gp:36 	764   	0.753258	36 	0.800075	0.369245	764   	0.0743943	9.75953	36 	24 	3  	764   	4.04892
INFO:gp:37 	786   	0.750987	37 	0.800402	0.390963	786   	0.0786315	8.68622	37 	24 	3  	786   	3.58424
INFO:gp:38 	777   	0.751235	38 	0.819873	0.360124	777   	0.0765793	8.7175 	38 	24 	3  	777   	3.00234
INFO:gp:39 	789   	0.755254	39 	0.820443	0.440408	789   	0.0733627	9.6784 	39 	24 	3  	789   	2.54945
INFO:gp:40 	787   	0.758395	40 	0.820443	0.415458	787   	0.0711155	9.63245	40 	24 	3  	787   	2.54727
INFO:gp:41 	790   	0.756271	41 	0.820514	0.394875	790   	0.0770255	8.8348 	41 	24 	3  	790   	3.15037
INFO:gp:42 	770   	0.758133	42 	0.820514	0.32386 	770   	0.0800773	7.60802	42 	22 	3  	770   	2.84356
INFO:gp:43 	769   	0.761956	43 	0.82053 	0.389403	769   	0.0854785	7.69404	43 	22 	3  	769   	2.79072
INFO:gp:44 	785   	0.763193	44 	0.820544	0.442242	785   	0.0813874	7.90909	44 	22 	3  	785   	2.84025
INFO:gp:45 	750   	0.767959	45 	0.820544	0.347643	750   	0.0794461	8.0176 	45 	22 	3  	750   	2.78624
INFO:gp:46 	754   	0.774421	46 	0.820544	0.408202	754   	0.0736107	9.12512	46 	22 	4  	754   	2.85183
INFO:gp:47 	782   	0.772791	47 	0.82055 	0.33046 	782   	0.0750826	9.98729	47 	26 	4  	782   	3.13696
INFO:gp:48 	788   	0.773707	48 	0.820585	0.390439	788   	0.0734904	10.9726	48 	28 	3  	788   	3.76811
INFO:gp:49 	807   	0.776045	49 	0.820585	0.389992	807   	0.0760771	12.7527	49 	28 	4  	807   	3.51459
INFO:gp:50 	775   	0.769671	50 	0.820585	0.39039 	775   	0.0789031	14.0508	50 	28 	4  	775   	2.6543 
INFO:gp:51 	781   	0.771992	51 	0.820609	0.408124	781   	0.0792225	14.7322	51 	30 	4  	781   	2.78324
INFO:gp:52 	781   	0.773821	52 	0.820609	0.328243	781   	0.0741299	15.828 	52 	30 	4  	781   	2.99947
INFO:gp:53 	774   	0.774613	53 	0.820609	0.408728	774   	0.0765779	16.7771	53 	34 	4  	774   	3.75693
INFO:gp:54 	774   	0.767028	54 	0.820609	0.410542	774   	0.0822526	18.2786	54 	40 	4  	774   	5.4654 
INFO:gp:55 	767   	0.771652	55 	0.820628	0.463474	767   	0.0784209	22.2199	55 	44 	3  	767   	7.18418
INFO:gp:56 	789   	0.773914	56 	0.820628	0.424432	789   	0.0760938	27.1994	56 	44 	4  	789   	5.87914
INFO:gp:57 	785   	0.772702	57 	0.82071 	0.328265	785   	0.078027 	28.824 	57 	48 	4  	785   	4.11519
INFO:gp:58 	798   	0.773965	58 	0.82071 	0.395315	798   	0.0766573	28.5816	58 	46 	4  	798   	4.12949
INFO:gp:59 	778   	0.774428	59 	0.82071 	0.397803	778   	0.0755554	28.0626	59 	46 	4  	778   	3.89224
INFO:gp:60 	764   	0.775858	60 	0.82071 	0.38724 	764   	0.0781708	27.697 	60 	46 	4  	764   	4.24495
INFO:gp:61 	769   	0.773986	61 	0.82071 	0.380292	769   	0.0783328	28.3148	61 	46 	4  	769   	3.97778
INFO:gp:62 	768   	0.774412	62 	0.82071 	0.375976	768   	0.07808  	29.26  	62 	46 	4  	768   	3.48167
INFO:gp:63 	810   	0.769155	63 	0.82071 	0.428656	810   	0.0809142	29.477 	63 	46 	4  	810   	3.32725
INFO:gp:64 	770   	0.771978	64 	0.82071 	0.387593	770   	0.0810863	29.5934	64 	46 	4  	770   	3.2861 
INFO:gp:65 	771   	0.770237	65 	0.82071 	0.369924	771   	0.0824939	29.5112	65 	46 	4  	771   	3.75074
INFO:gp:66 	776   	0.770981	66 	0.82071 	0.357504	776   	0.081915 	29.607 	66 	44 	4  	776   	3.02095
INFO:gp:67 	767   	0.768797	67 	0.82071 	0.408738	767   	0.0794847	29.4858	67 	44 	3  	767   	3.51641
INFO:gp:68 	752   	0.768055	68 	0.820719	0.387919	752   	0.0837475	29.4643	68 	46 	4  	752   	3.63894
INFO:gp:69 	790   	0.770315	69 	0.820719	0.337438	790   	0.0770922	29.6911	69 	44 	4  	790   	2.93601
INFO:gp:70 	802   	0.770631	70 	0.820719	0.422809	802   	0.0808503	29.4936	70 	46 	4  	802   	3.56639
INFO:gp:71 	769   	0.774572	71 	0.820719	0.337479	769   	0.0762169	29.5484	71 	50 	4  	769   	3.41427
INFO:gp:72 	765   	0.772172	72 	0.820719	0.395459	765   	0.0789933	29.3011	72 	50 	4  	765   	3.71113
INFO:gp:73 	767   	0.774311	73 	0.820719	0.39065 	767   	0.0789456	29.1896	73 	50 	4  	767   	3.54543
INFO:gp:74 	775   	0.771362	74 	0.82072 	0.341972	775   	0.0811642	28.737 	74 	50 	4  	775   	3.82821
INFO:gp:75 	796   	0.766318	75 	0.82072 	0.375019	796   	0.0819264	28.8426	75 	50 	4  	796   	3.24853
INFO:gp:76 	771   	0.770283	76 	0.82072 	0.479648	771   	0.0770033	28.7302	76 	50 	4  	771   	3.74055
INFO:gp:77 	762   	0.772206	77 	0.82072 	0.405295	762   	0.07809  	29.1163	77 	50 	4  	762   	3.10569
INFO:gp:78 	754   	0.776235	78 	0.82072 	0.390458	754   	0.0735097	29.002 	78 	50 	4  	754   	3.80795
INFO:gp:79 	788   	0.771094	79 	0.82072 	0.466004	788   	0.0792954	29.0645	79 	50 	4  	788   	3.52615
INFO:gp:80 	746   	0.769943	80 	0.82072 	0.390568	746   	0.0812466	29.0293	80 	50 	4  	746   	2.72297
INFO:gp:81 	772   	0.771818	81 	0.82072 	0.370756	772   	0.0793174	28.8495	81 	50 	4  	772   	3.32484
INFO:gp:82 	781   	0.773903	82 	0.82072 	0.360601	781   	0.0805267	28.7791	82 	50 	4  	781   	3.65577
INFO:gp:83 	735   	0.778477	83 	0.82072 	0.407028	735   	0.0722467	28.8143	83 	50 	4  	735   	3.35176
INFO:gp:84 	762   	0.779852	84 	0.82106 	0.460843	762   	0.0691234	28.8201	84 	50 	4  	762   	3.52853
INFO:gp:85 	783   	0.768191	85 	0.82106 	0.407381	783   	0.0805334	28.9394	85 	50 	4  	783   	3.1654 
INFO:gp:86 	774   	0.77152 	86 	0.82106 	0.392023	774   	0.0782852	28.8886	86 	50 	4  	774   	3.37365
INFO:gp:87 	762   	0.774411	87 	0.82106 	0.358676	762   	0.0759172	28.7566	87 	50 	4  	762   	3.49338
INFO:gp:88 	796   	0.767004	88 	0.82106 	0.210989	796   	0.0800523	28.741 	88 	50 	4  	796   	3.63113
INFO:gp:89 	763   	0.769116	89 	0.82214 	0.358207	763   	0.0796415	28.7292	89 	50 	4  	763   	3.75418
INFO:gp:90 	768   	0.770667	90 	0.82214 	0.45678 	768   	0.0769031	28.6022	90 	44 	4  	768   	3.27123
INFO:gp:91 	796   	0.77149 	91 	0.822742	0.371423	796   	0.07733  	28.3656	91 	43 	4  	796   	3.86164
INFO:gp:92 	777   	0.775108	92 	0.824979	0.453708	777   	0.0735807	28.2688	92 	40 	4  	777   	3.70794
INFO:gp:93 	762   	0.779585	93 	0.824979	0.452079	762   	0.0713012	28.4399	93 	40 	4  	762   	3.31649
INFO:gp:94 	791   	0.772324	94 	0.824979	0.430117	791   	0.0734258	28.4242	94 	46 	4  	791   	3.62352
INFO:gp:95 	793   	0.774007	95 	0.824979	0.411551	793   	0.0745638	28.3763	95 	44 	4  	793   	3.46891
INFO:gp:96 	748   	0.77063 	96 	0.844372	0.409702	748   	0.0790561	28.002 	96 	42 	4  	748   	4.20863
INFO:gp:97 	743   	0.7666  	97 	0.844642	0.402431	743   	0.0802116	27.5855	97 	45 	4  	743   	4.44542
INFO:gp:98 	764   	0.771251	98 	0.844723	0.402018	764   	0.0786727	27.9873	98 	42 	4  	764   	3.85323
INFO:gp:99 	778   	0.771553	99 	0.844723	0.414913	778   	0.0809277	28.3842	99 	46 	4  	778   	3.96515
INFO:gp:100	770   	0.770406	100	0.84474 	0.348381	770   	0.0840726	28.5924	100	41 	4  	770   	4.31835
INFO:gp:101	781   	0.779763	101	0.844765	0.401734	781   	0.0813741	28.8993	101	47 	4  	781   	5.67554
INFO:gp:102	775   	0.785069	102	0.844766	0.441753	775   	0.0807636	29.2551	102	42 	4  	775   	6.99619
INFO:gp:103	793   	0.786005	103	0.844766	0.416933	793   	0.0828142	28.1202	103	45 	4  	793   	6.66575
INFO:gp:104	777   	0.784213	104	0.844766	0.409663	777   	0.0813397	27.6598	104	44 	4  	777   	4.99204
INFO:gp:105	778   	0.784271	105	0.844766	0.434043	778   	0.0825089	27.9873	105	46 	4  	778   	4.13469
INFO:gp:106	783   	0.781628	106	0.844854	0.387184	783   	0.0833569	28.087 	106	46 	4  	783   	3.92541
INFO:gp:107	760   	0.78583 	107	0.844854	0.360347	760   	0.0849443	27.4487	107	46 	4  	760   	3.73657
INFO:gp:108	766   	0.790949	108	0.844854	0.414675	766   	0.0799754	27.304 	108	46 	4  	766   	3.65796
INFO:gp:109	773   	0.787394	109	0.844854	0.402967	773   	0.0815217	27.7292	109	46 	4  	773   	4.29531
INFO:gp:110	786   	0.784505	110	0.844861	0.419565	786   	0.0846082	28.8563	110	46 	4  	786   	4.44648
INFO:gp:111	770   	0.78514 	111	0.844861	0.423146	770   	0.0842385	29.4252	111	46 	4  	770   	4.16897
INFO:gp:112	763   	0.787454	112	0.84487 	0.422707	763   	0.0815334	29.4497	112	46 	4  	763   	3.93758
INFO:gp:113	792   	0.781457	113	0.84487 	0.42113 	792   	0.082318 	29.0323	113	46 	4  	792   	3.9708 
INFO:gp:114	756   	0.787328	114	0.84487 	0.480773	756   	0.0774785	28.7292	114	46 	4  	756   	3.53256
INFO:gp:115	776   	0.781999	115	0.844872	0.434781	776   	0.0855069	28.175 	115	46 	4  	776   	3.07255
INFO:gp:116	790   	0.786826	116	0.844872	0.434792	790   	0.079766 	27.8456	116	46 	4  	790   	3.06138
INFO:gp:117	798   	0.785305	117	0.844886	0.429422	798   	0.0820323	27.7097	117	46 	4  	798   	3.05453
INFO:gp:118	750   	0.790817	118	0.844886	0.408269	750   	0.0794336	27.6373	118	46 	4  	750   	2.76807
INFO:gp:119	780   	0.786663	119	0.844886	0.401612	780   	0.0839156	27.48  	119	44 	4  	780   	3.19263
INFO:gp:120	788   	0.785061	120	0.844886	0.424345	788   	0.0797239	27.5855	120	44 	4  	788   	2.66476
INFO:gp:121	796   	0.786614	121	0.844886	0.446506	796   	0.0820222	27.3685	121	44 	4  	796   	3.48857
INFO:gp:122	762   	0.790615	122	0.844981	0.390603	762   	0.078467 	27.5513	122	44 	4  	762   	3.06033
INFO:gp:123	796   	0.781968	123	0.844981	0.429183	796   	0.0831564	27.7302	123	40 	4  	796   	2.51594
INFO:gp:124	762   	0.790252	124	0.844981	0.276575	762   	0.080649 	27.6989	124	40 	4  	762   	3.02826
INFO:gp:125	754   	0.785321	125	0.844981	0.361776	754   	0.082447 	27.6559	125	40 	4  	754   	2.94937
INFO:gp:126	767   	0.789858	126	0.844988	0.468202	767   	0.0755211	27.5455	126	40 	4  	767   	3.31436
INFO:gp:127	795   	0.78199 	127	0.844988	0.447082	795   	0.0832009	27.5562	127	40 	4  	795   	3.49731
INFO:gp:128	781   	0.788434	128	0.844988	0.412099	781   	0.0789575	27.825 	128	40 	4  	781   	2.32494
INFO:gp:129	779   	0.781246	129	0.844988	0.403829	779   	0.085569 	27.6882	129	42 	4  	779   	3.37137
INFO:gp:130	782   	0.781797	130	0.845031	0.429533	782   	0.0831699	27.9824	130	40 	4  	782   	3.32114
INFO:gp:131	754   	0.790868	131	0.845031	0.434921	754   	0.0800656	28.1896	131	40 	4  	754   	2.45252
INFO:gp:132	776   	0.788426	132	0.845031	0.434924	776   	0.0806385	28.0108	132	43 	4  	776   	2.89923
INFO:gp:133	783   	0.792426	133	0.845031	0.33996 	783   	0.078182 	28.2493	133	46 	4  	783   	3.7878 
INFO:gp:134	757   	0.790651	134	0.845037	0.438544	757   	0.0799431	29.4614	134	42 	4  	757   	3.69119
INFO:gp:135	752   	0.789123	135	0.845037	0.414943	752   	0.0792506	31.1437	135	42 	4  	752   	4.19443
INFO:gp:136	780   	0.787899	136	0.845062	0.358542	780   	0.0789033	32.5572	136	43 	4  	780   	3.6271 
INFO:gp:137	798   	0.789191	137	0.845062	0.431865	798   	0.0768148	32.9472	137	46 	4  	798   	3.61207
INFO:gp:138	751   	0.78518 	138	0.845069	0.301822	751   	0.0845712	33.1124	138	46 	4  	751   	3.50786
INFO:gp:139	768   	0.785745	139	0.846382	0.413427	768   	0.0810182	33.1828	139	47 	4  	768   	3.63442
INFO:gp:140	781   	0.789876	140	0.846432	0.358102	781   	0.0815995	33.4096	140	46 	4  	781   	3.68498
INFO:gp:141	780   	0.789673	141	0.846432	0.359606	780   	0.0773797	33.4487	141	48 	4  	780   	3.59143
INFO:gp:142	776   	0.79562 	142	0.846432	0.490847	776   	0.0721594	33.1623	142	55 	4  	776   	3.94055
INFO:gp:143	792   	0.792495	143	0.846432	0.410412	792   	0.0749767	33.346 	143	46 	4  	792   	3.62886
INFO:gp:144	780   	0.783732	144	0.846442	0.431889	780   	0.0806201	34.261 	144	46 	4  	780   	3.25479
INFO:gp:145	775   	0.786807	145	0.846464	0.467086	775   	0.076779 	34.998 	145	48 	4  	775   	3.64156
INFO:gp:146	786   	0.786641	146	0.846464	0.415219	786   	0.0823632	35.2659	146	54 	4  	786   	4.39048
INFO:gp:147	766   	0.789405	147	0.846464	0.391882	766   	0.0780296	35.6784	147	54 	5  	766   	3.37248
INFO:gp:148	768   	0.789196	148	0.846464	0.44631 	768   	0.0806719	35.8974	148	54 	4  	768   	3.91331
INFO:gp:149	780   	0.783565	149	0.846464	0.372931	780   	0.0843975	35.8641	149	54 	5  	780   	4.17881
INFO:gp:150	767   	0.79332 	150	0.846469	0.452445	767   	0.0738225	35.8006	150	52 	5  	767   	4.09889
INFO:gp:151	771   	0.79131 	151	0.846472	0.496605	771   	0.0762747	35.8739	151	49 	5  	771   	3.99006
INFO:gp:152	797   	0.789302	152	0.846487	0.411267	797   	0.0774391	36.4321	152	54 	5  	797   	3.52245
INFO:gp:153	772   	0.790725	153	0.846487	0.470214	772   	0.0751082	36.7625	153	58 	5  	772   	3.86139
INFO:gp:154	744   	0.790748	154	0.846487	0.422399	744   	0.0801837	36.6999	154	50 	5  	744   	3.59766
INFO:gp:155	771   	0.792257	155	0.846502	0.465207	771   	0.0759032	36.7947	155	48 	5  	771   	3.65909
INFO:gp:156	798   	0.788934	156	0.846502	0.437801	798   	0.0782774	37.2043	156	47 	5  	798   	3.05542
INFO:gp:157	753   	0.788856	157	0.846502	0.335487	753   	0.0796859	37.3245	157	47 	7  	753   	3.04034
INFO:gp:158	764   	0.791358	158	0.846512	0.41608 	764   	0.0767944	37.435 	158	47 	6  	764   	3.12863
INFO:gp:159	760   	0.783408	159	0.846522	0.420468	760   	0.0800834	37.2796	159	52 	7  	760   	3.62111
INFO:gp:160	764   	0.792869	160	0.846522	0.38537 	764   	0.0776238	37.2317	160	47 	6  	764   	3.29431
INFO:gp:161	770   	0.789972	161	0.846541	0.444767	770   	0.078092 	37.1672	161	52 	7  	770   	3.3127 
INFO:gp:162	760   	0.791045	162	0.846545	0.38537 	760   	0.0799705	37.2669	162	64 	7  	760   	3.29729
INFO:gp:163	772   	0.793756	163	0.846545	0.482035	772   	0.0764681	37.3685	163	48 	10 	772   	2.71559
INFO:gp:164	754   	0.790881	164	0.846553	0.276851	754   	0.0815558	37.4614	164	58 	7  	754   	3.24681
INFO:gp:165	779   	0.791137	165	0.846565	0.463755	779   	0.0747313	37.4917	165	64 	7  	779   	2.96932
INFO:gp:166	771   	0.793341	166	0.846565	0.435578	771   	0.0752818	37.1887	166	52 	7  	771   	3.66866
INFO:gp:167	771   	0.791418	167	0.84657 	0.368041	771   	0.0768918	37.2444	167	46 	9  	771   	3.16211
INFO:gp:168	790   	0.788527	168	0.846574	0.432213	790   	0.0789603	37.3265	168	54 	13 	790   	3.06096
INFO:gp:169	774   	0.793066	169	0.846574	0.41616 	774   	0.0758058	37.6647	169	48 	13 	774   	2.55803
INFO:gp:170	774   	0.795146	170	0.846574	0.481155	774   	0.0757075	37.6872	170	67 	5  	774   	3.39943
INFO:gp:171	758   	0.794103	171	0.846574	0.402577	758   	0.0762528	37.8328	171	56 	16 	758   	2.76842
INFO:gp:172	776   	0.790595	172	0.846579	0.466655	776   	0.0791236	38.3587	172	46 	16 	776   	2.12956
INFO:gp:173	783   	0.793124	173	0.846579	0.508829	783   	0.0767595	38.8856	173	47 	10 	783   	3.28652
INFO:gp:174	771   	0.786754	174	0.846579	0.455876	771   	0.0816338	39.8348	174	52 	16 	771   	3.03242
INFO:gp:175	745   	0.80135 	175	0.846607	0.448801	745   	0.071684 	40.1457	175	50 	16 	745   	3.12673
INFO:gp:176	784   	0.794834	176	0.846607	0.377619	784   	0.0754335	40.3089	176	55 	16 	784   	3.33798
INFO:gp:177	777   	0.793916	177	0.846607	0.408955	777   	0.0759966	40.2737	177	52 	16 	777   	3.52111
INFO:gp:178	747   	0.794277	178	0.846607	0.439871	747   	0.0762121	40.7605	178	64 	16 	747   	3.07583
INFO:gp:179	775   	0.797515	179	0.846613	0.492135	775   	0.0738558	40.9501	179	57 	16 	775   	3.00187
INFO:gp:180	769   	0.79504 	180	0.84662 	0.470761	769   	0.075044 	41.0528	180	52 	16 	769   	3.21092
INFO:gp:181	760   	0.794699	181	0.846635	0.429069	760   	0.0748147	41.1984	181	50 	16 	760   	2.34734
INFO:gp:182	736   	0.800192	182	0.846635	0.347924	736   	0.0726975	40.8387	182	47 	16 	736   	2.99501
INFO:gp:183	776   	0.795724	183	0.846922	0.451474	776   	0.0730838	40.8524	183	70 	9  	776   	3.87143
INFO:gp:184	749   	0.791963	184	0.846922	0.427533	749   	0.0753993	41.477 	184	59 	16 	749   	2.90602
INFO:gp:185	784   	0.793863	185	0.846922	0.442218	784   	0.0770587	42.1672	185	54 	16 	784   	3.08821
INFO:gp:186	769   	0.799017	186	0.846958	0.459708	769   	0.0703806	43.1466	186	53 	16 	769   	3.16907
INFO:gp:187	752   	0.802608	187	0.846958	0.51542 	752   	0.0664162	43.48  	187	51 	17 	752   	2.8452 
INFO:gp:188	782   	0.79908 	188	0.846958	0.371205	782   	0.0723643	42.4673	188	54 	10 	782   	3.63924
INFO:gp:189	766   	0.79481 	189	0.846958	0.484894	766   	0.0740874	41.4614	189	51 	15 	766   	3.0904 
INFO:gp:190	775   	0.799559	190	0.846958	0.473233	775   	0.0704804	40.9795	190	70 	16 	775   	3.52433
INFO:gp:191	763   	0.804991	191	0.846974	0.437577	763   	0.0662325	41.1603	191	55 	16 	763   	3.16964
INFO:gp:192	788   	0.796299	192	0.846981	0.449055	788   	0.0726158	41.4741	192	54 	10 	788   	3.06704
INFO:gp:193	779   	0.798992	193	0.846997	0.441244	779   	0.0737982	41.8514	193	59 	16 	779   	3.5358 
INFO:gp:194	779   	0.794737	194	0.846997	0.416061	779   	0.0763197	42.8495	194	78 	14 	779   	3.49372
INFO:gp:195	778   	0.800147	195	0.846997	0.489286	778   	0.0706279	43.6491	195	52 	19 	778   	2.90498
INFO:gp:196	775   	0.801285	196	0.846997	0.368313	775   	0.0703714	44.1114	196	50 	18 	775   	3.13204
INFO:gp:197	779   	0.793536	197	0.846997	0.455704	779   	0.0771859	44.35  	197	49 	18 	779   	3.10216
INFO:gp:198	752   	0.80008 	198	0.847013	0.463956	752   	0.0707005	44.4868	198	59 	19 	752   	2.84696
INFO:gp:199	756   	0.801671	199	0.847013	0.461282	756   	0.0722804	44.5406	199	51 	20 	756   	2.73961
INFO:gp:200	759   	0.800536	200	0.847013	0.511401	759   	0.0711546	44.6022	200	52 	19 	759   	2.65756
INFO:gp:201	775   	0.799963	201	0.847098	0.467651	775   	0.072161 	44.8113	201	51 	21 	775   	2.3668 
INFO:gp:202	773   	0.802749	202	0.847098	0.463327	773   	0.0703162	44.7801	202	55 	11 	773   	2.74557
INFO:gp:203	792   	0.796858	203	0.847098	0.417866	792   	0.0740113	44.8016	203	65 	19 	792   	2.85127
INFO:gp:204	733   	0.798193	204	0.847123	0.431234	733   	0.072798 	44.6461	204	52 	19 	733   	3.06079
INFO:gp:205	782   	0.79454 	205	0.847149	0.451076	782   	0.0739634	44.7742	205	51 	19 	782   	2.43726
INFO:gp:206	750   	0.801493	206	0.847149	0.415624	750   	0.0754739	44.7957	206	56 	19 	750   	2.60466
INFO:gp:207	769   	0.80034 	207	0.847151	0.416006	769   	0.0740961	44.5582	207	52 	19 	769   	3.27768
INFO:gp:208	797   	0.794378	208	0.847151	0.488711	797   	0.0774389	44.6852	208	56 	19 	797   	2.46593
INFO:gp:209	779   	0.796885	209	0.847151	0.482924	779   	0.0716076	44.6706	209	59 	19 	779   	2.64224
INFO:gp:210	803   	0.795397	210	0.847151	0.449334	803   	0.0737059	44.6579	210	53 	20 	803   	2.41336
INFO:gp:211	770   	0.797395	211	0.847151	0.436616	770   	0.0738101	44.7146	211	55 	19 	770   	2.18156
INFO:gp:212	782   	0.794789	212	0.847403	0.4554  	782   	0.0750402	44.477 	212	51 	20 	782   	2.92179
INFO:gp:213	745   	0.798005	213	0.847403	0.458655	745   	0.0748954	44.6637	213	52 	24 	745   	2.32424
INFO:gp:214	760   	0.799992	214	0.847407	0.419732	760   	0.0708485	44.7019	214	61 	24 	760   	2.17739
INFO:gp:215	757   	0.805689	215	0.847407	0.458438	757   	0.0677371	44.7644	215	63 	26 	757   	2.12885
INFO:gp:216	810   	0.795089	216	0.847407	0.48017 	810   	0.0722581	44.8182	216	59 	26 	810   	2.76095
INFO:gp:217	734   	0.800666	217	0.847464	0.446814	734   	0.0732572	45.1017	217	59 	25 	734   	2.58415
INFO:gp:218	795   	0.795738	218	0.847467	0.482612	795   	0.0714359	45.6608	218	55 	25 	795   	3.53937
INFO:gp:219	749   	0.795562	219	0.847467	0.498867	749   	0.0745123	47.1916	219	60 	26 	749   	3.3071 
INFO:gp:220	769   	0.795285	220	0.847469	0.368669	769   	0.0757006	48.1945	220	68 	25 	769   	3.4284 
INFO:gp:221	776   	0.798005	221	0.847471	0.434807	776   	0.0710978	47.9873	221	54 	25 	776   	3.55859
INFO:gp:222	779   	0.800554	222	0.847474	0.470563	779   	0.0717486	47.132 	222	65 	24 	779   	3.57344
INFO:gp:223	731   	0.802756	223	0.847474	0.455373	731   	0.0707488	46.5181	223	54 	25 	731   	3.8609 
INFO:gp:224	777   	0.798403	224	0.847474	0.439842	777   	0.074111 	47.8895	224	64 	25 	777   	3.70444
INFO:gp:225	784   	0.802051	225	0.847474	0.517778	784   	0.0687414	48.9022	225	56 	25 	784   	3.3842 
INFO:gp:226	761   	0.798623	226	0.84748 	0.474057	761   	0.0714939	49.3343	226	62 	14 	761   	2.89599
INFO:gp:227	784   	0.797948	227	0.84748 	0.432784	784   	0.0741465	49.3617	227	60 	25 	784   	3.12499
INFO:gp:228	759   	0.801424	228	0.84748 	0.433177	759   	0.0696736	49.3578	228	65 	25 	759   	3.29238
INFO:gp:229	772   	0.802595	229	0.84748 	0.539311	772   	0.0672944	49.304 	229	58 	22 	772   	3.26785
INFO:gp:230	779   	0.795072	230	0.84748 	0.510158	779   	0.0719685	49.3822	230	64 	25 	779   	3.3273 
INFO:gp:231	747   	0.802064	231	0.847492	0.463342	747   	0.0688292	49.2385	231	59 	24 	747   	3.26775
INFO:gp:232	761   	0.797424	232	0.847492	0.312128	761   	0.077045 	48.6344	232	57 	25 	761   	3.08201
INFO:gp:233	776   	0.802154	233	0.847493	0.529831	776   	0.0666872	47.9775	233	60 	25 	776   	3.46953
INFO:gp:234	779   	0.801367	234	0.847493	0.45104 	779   	0.0700255	47.958 	234	57 	24 	779   	3.1264 
INFO:gp:235	758   	0.79949 	235	0.847696	0.403735	758   	0.0729024	48.0665	235	57 	16 	758   	3.10322
INFO:gp:236	769   	0.801113	236	0.847696	0.44234 	769   	0.0709819	48.2278	236	57 	11 	769   	2.95848
INFO:gp:237	774   	0.799272	237	0.847709	0.436813	774   	0.070699 	48.0518	237	60 	25 	774   	2.76096
INFO:gp:238	781   	0.802571	238	0.847709	0.482395	781   	0.0703512	47.9492	238	60 	25 	781   	2.20223
INFO:gp:239	757   	0.804035	239	0.847711	0.45684 	757   	0.0665947	47.7302	239	57 	25 	757   	2.62992
INFO:gp:240	762   	0.802205	240	0.847722	0.480523	762   	0.0687815	47.6735	240	57 	25 	762   	2.70782
INFO:gp:241	780   	0.799936	241	0.847722	0.430122	780   	0.0737091	47.7028	241	55 	25 	780   	2.71948
INFO:gp:242	745   	0.80163 	242	0.847725	0.41894 	745   	0.0708804	47.8543	242	61 	25 	745   	2.37437
INFO:gp:243	763   	0.804379	243	0.847725	0.449946	763   	0.0685989	48.0577	243	74 	25 	763   	2.52061
INFO:gp:244	773   	0.799297	244	0.847725	0.493279	773   	0.0694795	48.0567	244	61 	25 	773   	2.94537
INFO:gp:245	756   	0.804371	245	0.847725	0.464427	756   	0.068066 	48.217 	245	54 	25 	756   	2.26793
INFO:gp:246	789   	0.799086	246	0.847725	0.47615 	789   	0.0722945	48.0274	246	55 	25 	789   	2.33826
INFO:gp:247	767   	0.802571	247	0.847728	0.44637 	767   	0.0718636	47.9071	247	64 	25 	767   	2.6211 
INFO:gp:248	787   	0.802017	248	0.847728	0.438748	787   	0.0692313	47.7742	248	57 	25 	787   	2.50099
INFO:gp:249	764   	0.804455	249	0.847739	0.42912 	764   	0.0681104	47.8182	249	58 	25 	764   	2.40442
INFO:gp:250	805   	0.798504	250	0.847739	0.457187	805   	0.0732638	47.9335	250	64 	25 	805   	2.45775
INFO:gp:251	784   	0.801703	251	0.847739	0.411314	784   	0.0728474	48.0919	251	56 	25 	784   	2.81411
INFO:gp:252	772   	0.799748	252	0.847739	0.504071	772   	0.070821 	48.4164	252	64 	25 	772   	3.3427 
INFO:gp:253	770   	0.802627	253	0.847739	0.505518	770   	0.070014 	49.3001	253	55 	25 	770   	2.7125 
INFO:gp:254	761   	0.801596	254	0.847751	0.457571	761   	0.0704235	49.9472	254	57 	22 	761   	2.55442
INFO:gp:255	770   	0.800226	255	0.847751	0.494568	770   	0.0705641	49.9462	255	64 	25 	770   	2.7634 
INFO:gp:256	745   	0.800242	256	0.847751	0.449977	745   	0.0730884	49.8358	256	74 	25 	745   	2.81256
INFO:gp:257	791   	0.799359	257	0.847751	0.47558 	791   	0.0707038	49.9717	257	77 	25 	791   	2.89067
INFO:gp:258	745   	0.801644	258	0.847751	0.50734 	745   	0.0708941	50.3402	258	58 	25 	745   	3.18348
INFO:gp:259	800   	0.802689	259	0.847751	0.406021	800   	0.0694699	51.3656	259	60 	25 	800   	3.41826
INFO:gp:260	790   	0.801422	260	0.847758	0.468508	790   	0.0686079	52.3871	260	69 	24 	790   	3.81548
INFO:gp:261	787   	0.802683	261	0.847758	0.496634	787   	0.0701586	52.9267	261	69 	25 	787   	3.92868
INFO:gp:262	745   	0.805337	262	0.847765	0.510673	745   	0.0667298	53.7322	262	71 	25 	745   	2.87447
INFO:gp:263	768   	0.803773	263	0.847765	0.380499	768   	0.0697704	54.2336	263	73 	25 	768   	4.56186
INFO:gp:264	756   	0.804537	264	0.847765	0.466028	756   	0.0689326	56.3324	264	73 	25 	756   	5.97494
INFO:gp:265	792   	0.800375	265	0.847767	0.472808	792   	0.072347 	59.6129	265	71 	25 	792   	6.53472
INFO:gp:266	777   	0.802317	266	0.847767	0.488031	777   	0.0675788	60.6158	266	74 	25 	777   	6.66369
INFO:gp:267	742   	0.804657	267	0.847789	0.490536	742   	0.0703591	58.9404	267	72 	25 	742   	5.29126
INFO:gp:268	778   	0.803983	268	0.847789	0.472789	778   	0.0682499	57.0225	268	72 	25 	778   	4.04236
INFO:gp:269	757   	0.805365	269	0.847789	0.441829	757   	0.0698517	56.9961	269	72 	25 	757   	3.83098
INFO:gp:270	775   	0.804146	270	0.847789	0.476163	775   	0.0684483	57.52  	270	72 	25 	775   	4.47621
INFO:gp:271	782   	0.799885	271	0.847791	0.531241	782   	0.071329 	58.2199	271	72 	25 	782   	3.46911
INFO:gp:272	782   	0.795917	272	0.847791	0.467876	782   	0.0744769	57.8543	272	72 	25 	782   	3.60559
INFO:gp:273	738   	0.801981	273	0.847791	0.50679 	738   	0.0711831	57.4291	273	73 	27 	738   	3.40585
INFO:gp:274	792   	0.798348	274	0.847822	0.434853	792   	0.0719653	56.9892	274	72 	27 	792   	3.7717 
INFO:gp:275	764   	0.802129	275	0.84866 	0.469867	764   	0.0725803	57.6364	275	74 	27 	764   	3.44553
INFO:gp:276	769   	0.800604	276	0.84866 	0.503736	769   	0.0698148	58.1779	276	74 	27 	769   	3.76635
INFO:gp:277	809   	0.798833	277	0.848717	0.490352	809   	0.0720989	58.1799	277	72 	22 	809   	3.64034
INFO:gp:278	778   	0.802011	278	0.848717	0.511142	778   	0.0699014	57.912 	278	72 	22 	778   	3.96269
INFO:gp:279	770   	0.801678	279	0.848717	0.491573	770   	0.0716105	57.6119	279	71 	25 	770   	3.97683
INFO:gp:280	767   	0.792888	280	0.848718	0.448982	767   	0.0770625	57.1838	280	74 	25 	767   	3.9458 
INFO:gp:281	778   	0.792841	281	0.848727	0.401126	778   	0.0753172	56.1515	281	65 	25 	778   	4.63607
INFO:gp:282	771   	0.788643	282	0.848727	0.461938	771   	0.0817125	56.6667	282	65 	26 	771   	3.51777
INFO:gp:283	762   	0.788523	283	0.848727	0.463876	762   	0.0807394	57.0723	283	63 	26 	762   	3.63574
INFO:gp:284	787   	0.788775	284	0.848727	0.465863	787   	0.0793898	57.2962	284	66 	26 	787   	4.22663
INFO:gp:285	754   	0.793712	285	0.848727	0.471585	754   	0.0775601	57.8338	285	74 	21 	754   	3.28177
INFO:gp:286	762   	0.788171	286	0.848727	0.434644	762   	0.0812586	58.4897	286	70 	26 	762   	4.20418
INFO:gp:287	776   	0.78544 	287	0.848727	0.468957	776   	0.0810747	59.5269	287	66 	26 	776   	3.48506
INFO:gp:288	787   	0.790154	288	0.848731	0.434456	787   	0.0803454	60.1232	288	70 	26 	787   	3.11407
INFO:gp:289	790   	0.787085	289	0.848731	0.378182	790   	0.0802837	60.3001	289	68 	26 	790   	3.14816
INFO:gp:290	797   	0.786886	290	0.848731	0.435804	797   	0.0814617	60.2933	290	69 	23 	797   	3.89325
INFO:gp:291	756   	0.793621	291	0.848731	0.394494	756   	0.0761291	60.3314	291	74 	27 	756   	3.89584
INFO:gp:292	790   	0.792675	292	0.848731	0.471165	790   	0.075743 	60.6637	292	78 	27 	790   	3.11969
INFO:gp:293	753   	0.788744	293	0.848731	0.487258	753   	0.0794926	60.8377	293	66 	27 	753   	3.51468
INFO:gp:294	793   	0.787845	294	0.858861	0.492434	793   	0.0782023	61.1926	294	76 	27 	793   	3.3898 
INFO:gp:295	763   	0.786419	295	0.858861	0.443377	763   	0.081402 	61.219 	295	71 	26 	763   	4.41659
INFO:gp:296	772   	0.790668	296	0.858861	0.545705	772   	0.0762442	61.7615	296	67 	27 	772   	3.7083 
INFO:gp:297	794   	0.785009	297	0.881298	0.466445	794   	0.0815959	61.261 	297	67 	26 	794   	4.84453
INFO:gp:298	750   	0.792325	298	0.881298	0.478795	750   	0.0802191	60.0068	298	78 	27 	750   	5.98213
INFO:gp:299	777   	0.79277 	299	0.881365	0.405371	777   	0.0842812	55.0743	299	69 	26 	777   	8.31717
INFO:gp:300	771   	0.799675	300	0.881365	0.474563	771   	0.0816953	49.6442	300	67 	27 	771   	6.37248
INFO:gp:301	757   	0.813807	301	0.881365	0.48844 	757   	0.0803091	46.3421	301	71 	14 	757   	4.60038
INFO:gp:302	773   	0.810654	302	0.881383	0.483015	773   	0.0843514	44.3382	302	53 	25 	773   	5.05792
INFO:gp:303	745   	0.815115	303	0.881384	0.380935	745   	0.0845918	42.8622	303	52 	27 	745   	5.54935
INFO:gp:304	763   	0.81431 	304	0.881753	0.491561	763   	0.0848419	41.1975	304	54 	24 	763   	5.65237
INFO:gp:305	776   	0.806315	305	0.881766	0.449178	776   	0.0881369	41.6217	305	56 	26 	776   	5.19216
INFO:gp:306	771   	0.817324	306	0.881766	0.446534	771   	0.0837772	41.7664	306	57 	27 	771   	5.20406
INFO:gp:307	777   	0.812222	307	0.881766	0.464017	777   	0.0859858	41.9365	307	52 	26 	777   	5.36788
INFO:gp:308	768   	0.817282	308	0.881766	0.450337	768   	0.079404 	41.35  	308	54 	21 	768   	5.76645
INFO:gp:309	783   	0.817349	309	0.881777	0.50255 	783   	0.0829895	38.9971	309	52 	27 	783   	6.31721
INFO:gp:310	774   	0.813609	310	0.881777	0.460059	774   	0.0841515	36.4917	310	52 	25 	774   	5.49199
INFO:gp:311	753   	0.818896	311	0.881777	0.506808	753   	0.0839899	35.0411	311	50 	23 	753   	3.89203
INFO:gp:312	776   	0.815528	312	0.881777	0.458388	776   	0.0839904	34.5582	312	49 	25 	776   	2.84261
INFO:gp:313	782   	0.817382	313	0.88179 	0.480157	782   	0.0844426	34.4751	313	51 	25 	782   	2.5178 
INFO:gp:314	781   	0.817532	314	0.88179 	0.442137	781   	0.0834323	34.1173	314	50 	22 	781   	1.99754
INFO:gp:315	742   	0.819905	315	0.88179 	0.44971 	742   	0.0829362	33.9042	315	46 	26 	742   	1.72742
INFO:gp:316	771   	0.814439	316	0.88179 	0.452851	771   	0.0855902	33.6872	316	46 	25 	771   	1.60031
INFO:gp:317	762   	0.817847	317	0.88179 	0.438049	762   	0.0844324	33.6325	317	46 	26 	762   	1.57318
INFO:gp:318	779   	0.819353	318	0.88179 	0.385722	779   	0.0822217	33.4027	318	46 	16 	779   	1.69816
INFO:gp:319	778   	0.815422	319	0.881809	0.491181	778   	0.0815096	33.2698	319	50 	26 	778   	1.77512
INFO:gp:320	755   	0.816051	320	0.891497	0.442835	755   	0.0819382	33.0635	320	46 	16 	755   	1.70872
INFO:gp:321	766   	0.818692	321	0.891497	0.478439	766   	0.0811944	33.0997	321	46 	25 	766   	1.63772
INFO:gp:322	769   	0.814243	322	0.91343 	0.46688 	769   	0.0819108	33.1632	322	47 	27 	769   	1.72094
INFO:gp:323	762   	0.815505	323	0.914302	0.51152 	762   	0.0842522	33.2326	323	50 	25 	762   	1.82965
INFO:gp:324	779   	0.8215  	324	0.914302	0.402024	779   	0.0848884	33.5357	324	46 	27 	779   	1.88901
INFO:gp:325	774   	0.823669	325	0.914302	0.491164	774   	0.085731 	33.5024	325	43 	14 	774   	2.08043
INFO:gp:326	774   	0.8299  	326	0.914338	0.511177	774   	0.0877634	33.1828	326	50 	19 	774   	1.75443
INFO:gp:327	753   	0.836528	327	0.914338	0.50388 	753   	0.090452 	33.132 	327	47 	26 	753   	1.81047
INFO:gp:328	763   	0.833938	328	0.914342	0.502509	763   	0.091983 	33.1926	328	47 	26 	763   	2.05379
INFO:gp:329	785   	0.847301	329	0.914342	0.501899	785   	0.0873311	33.783 	329	47 	25 	785   	3.06652
INFO:gp:330	778   	0.841307	330	0.914342	0.526273	778   	0.0879035	35.1632	330	51 	27 	778   	4.36593
INFO:gp:331	751   	0.84832 	331	0.914342	0.490066	751   	0.0870707	37.0039	331	50 	25 	751   	4.63949
INFO:gp:332	787   	0.843403	332	0.914342	0.525423	787   	0.0901532	38.4272	332	55 	24 	787   	4.01979
INFO:gp:333	764   	0.841914	333	0.914342	0.519804	764   	0.0910492	38.4761	333	48 	27 	764   	3.15813
INFO:gp:334	784   	0.838441	334	0.914342	0.470872	784   	0.092345 	38.5288	334	53 	25 	784   	2.86669
INFO:gp:335	769   	0.841726	335	0.914342	0.472706	769   	0.0886001	38.4751	335	53 	19 	769   	2.75438
INFO:gp:336	762   	0.840141	336	0.914342	0.356554	762   	0.0913244	38.4956	336	48 	27 	762   	2.5249 
INFO:gp:337	766   	0.840714	337	0.914342	0.491666	766   	0.0902669	38.4809	337	50 	25 	766   	2.60186
INFO:gp:338	791   	0.839089	338	0.914342	0.464547	791   	0.0931498	38.5415	338	48 	27 	791   	2.54077
INFO:gp:339	776   	0.843405	339	0.914342	0.482982	776   	0.0888334	38.5523	339	47 	27 	776   	2.61564
INFO:gp:340	757   	0.84322 	340	0.914342	0.494347	757   	0.0892822	38.4829	340	47 	25 	757   	2.65984
INFO:gp:341	798   	0.842234	341	0.914342	0.330824	798   	0.0905548	38.5181	341	50 	16 	798   	2.73628
INFO:gp:342	771   	0.843802	342	0.914342	0.43551 	771   	0.0890522	38.695 	342	50 	25 	771   	2.31803
INFO:gp:343	775   	0.834863	343	0.914342	0.460714	775   	0.0946329	38.6979	343	47 	23 	775   	2.37403
INFO:gp:344	794   	0.841649	344	0.914342	0.490731	794   	0.0911856	38.697 	344	48 	27 	794   	2.4757 
INFO:gp:345	752   	0.845689	345	0.91435 	0.431015	752   	0.088484 	38.8289	345	50 	27 	752   	2.3735 
INFO:gp:346	754   	0.842717	346	0.91435 	0.465168	754   	0.0920807	38.7478	346	47 	27 	754   	2.45007
INFO:gp:347	772   	0.841591	347	0.91435 	0.481077	772   	0.090443 	38.8426	347	47 	27 	772   	2.19206
INFO:gp:348	766   	0.8422  	348	0.91435 	0.437495	766   	0.0907117	38.8915	348	47 	25 	766   	2.20879
INFO:gp:349	790   	0.83881 	349	0.91435 	0.446747	790   	0.0918181	38.8935	349	47 	27 	790   	2.34164
INFO:gp:350	770   	0.84234 	350	0.91435 	0.472635	770   	0.0903758	39.0156	350	48 	27 	770   	2.44505
INFO:gp:351	774   	0.842967	351	0.91435 	0.493348	774   	0.087653 	39.4194	351	50 	26 	774   	2.50807
INFO:gp:352	772   	0.840426	352	0.914353	0.436978	772   	0.0934622	39.8573	352	48 	26 	772   	2.5506 
INFO:gp:353	766   	0.846604	353	0.914353	0.452601	766   	0.0868662	40.216 	353	50 	26 	766   	2.51394
INFO:gp:354	774   	0.843853	354	0.914353	0.51119 	774   	0.0871605	40.4839	354	50 	24 	774   	2.35332
INFO:gp:355	766   	0.843913	355	0.914353	0.411473	766   	0.0901425	40.6598	355	48 	27 	766   	2.01936
INFO:gp:356	775   	0.846965	356	0.914353	0.512045	775   	0.0875685	40.6002	356	48 	14 	775   	2.1804 
INFO:gp:357	779   	0.84483 	357	0.914353	0.47077 	779   	0.088004 	40.6373	357	48 	27 	779   	2.25813
INFO:gp:358	791   	0.84258 	358	0.914353	0.459039	791   	0.0894318	40.7185	358	48 	27 	791   	1.99043
INFO:gp:359	786   	0.838622	359	0.914353	0.513001	786   	0.0875347	40.6129	359	50 	26 	786   	2.4572 
INFO:gp:360	792   	0.846226	360	0.914353	0.489625	792   	0.0890283	40.6823	360	51 	27 	792   	2.22616
INFO:gp:361	813   	0.840569	361	0.914353	0.490282	813   	0.0888041	40.6315	361	49 	25 	813   	2.25285
INFO:gp:362	761   	0.844251	362	0.914353	0.446456	761   	0.0905498	40.6315	362	47 	27 	761   	2.21125
INFO:gp:363	762   	0.843045	363	0.914353	0.472875	762   	0.0908483	40.7615	363	50 	27 	762   	1.86069
INFO:gp:364	753   	0.843356	364	0.914353	0.483696	753   	0.087939 	40.6872	364	50 	25 	753   	1.98033
INFO:gp:365	808   	0.837022	365	0.914353	0.490261	808   	0.0921263	40.5689	365	55 	26 	808   	2.3714 
INFO:gp:366	763   	0.8416  	366	0.914353	0.535639	763   	0.0890451	40.6129	366	47 	27 	763   	2.03842
INFO:gp:367	781   	0.842272	367	0.914353	0.472619	781   	0.0913226	40.6139	367	50 	27 	781   	2.28397
INFO:gp:368	792   	0.841712	368	0.914353	0.529491	792   	0.0878112	40.6383	368	47 	27 	792   	2.06875
INFO:gp:369	757   	0.844124	369	0.914353	0.476325	757   	0.0888346	40.7683	369	47 	27 	757   	1.68603
INFO:gp:370	756   	0.845827	370	0.914353	0.491695	756   	0.0857663	40.651 	370	51 	27 	756   	2.18061
INFO:gp:371	758   	0.842874	371	0.914353	0.475516	758   	0.0880485	40.7312	371	47 	27 	758   	1.77885
INFO:gp:372	756   	0.844831	372	0.914353	0.469261	756   	0.0900342	40.6891	372	55 	20 	756   	2.26649
INFO:gp:373	762   	0.836538	373	0.914353	0.468872	762   	0.0936273	40.6452	373	47 	27 	762   	2.13617
INFO:gp:374	775   	0.845291	374	0.914353	0.44316 	775   	0.0892554	40.7292	374	47 	27 	775   	2.05306
INFO:gp:375	772   	0.839686	375	0.914353	0.46868 	772   	0.0907863	40.7449	375	51 	27 	772   	1.9844 
INFO:gp:376	789   	0.843979	376	0.914353	0.458124	789   	0.0887129	40.6237	376	47 	27 	789   	2.19706
INFO:gp:377	754   	0.843145	377	0.914353	0.538505	754   	0.0879121	40.607 	377	50 	27 	754   	2.16523
INFO:gp:378	783   	0.838599	378	0.914353	0.490762	783   	0.0917411	40.6295	378	50 	26 	783   	2.17526
INFO:gp:379	761   	0.842082	379	0.914353	0.475682	761   	0.0910635	40.5689	379	50 	24 	761   	2.44567
INFO:gp:380	745   	0.84128 	380	0.914353	0.341784	745   	0.0933771	40.6461	380	47 	14 	745   	2.24804
INFO:gp:381	773   	0.843252	381	0.914353	0.476071	773   	0.0874186	40.6862	381	55 	26 	773   	2.11642
INFO:gp:382	755   	0.845303	382	0.914353	0.449397	755   	0.0897315	40.65  	382	50 	26 	755   	2.14907
INFO:gp:383	756   	0.84194 	383	0.914353	0.511519	756   	0.0885309	40.6559	383	47 	27 	756   	2.05279
INFO:gp:384	772   	0.842127	384	0.914353	0.503281	772   	0.0885432	40.7361	384	48 	26 	772   	1.8865 
INFO:gp:385	763   	0.844933	385	0.914353	0.461959	763   	0.0870973	40.6813	385	48 	21 	763   	1.9863 
INFO:gp:386	769   	0.842818	386	0.914353	0.563931	769   	0.0886969	40.6784	386	50 	27 	769   	2.05857
INFO:gp:387	773   	0.843227	387	0.914353	0.457118	773   	0.0897794	40.7204	387	47 	24 	773   	1.73404
INFO:gp:388	791   	0.837801	388	0.914353	0.490915	791   	0.0911375	40.5494	388	51 	27 	791   	2.42366
INFO:gp:389	752   	0.84273 	389	0.914353	0.437561	752   	0.0903675	40.6217	389	47 	27 	752   	2.15631
INFO:gp:390	779   	0.843665	390	0.914353	0.49356 	779   	0.089774 	40.7507	390	48 	27 	779   	1.83201
INFO:gp:391	783   	0.842915	391	0.914353	0.442923	783   	0.0891591	40.7087	391	51 	22 	783   	2.04715
INFO:gp:392	769   	0.845349	392	0.914353	0.459518	769   	0.0874754	40.695 	392	47 	26 	769   	1.91584
INFO:gp:393	758   	0.842146	393	0.914353	0.470938	758   	0.0928859	40.6745	393	47 	27 	758   	1.94464
INFO:gp:394	783   	0.840452	394	0.914353	0.46875 	783   	0.0918517	40.7713	394	48 	27 	783   	1.80216
INFO:gp:395	756   	0.844216	395	0.914353	0.321813	756   	0.0895572	40.6862	395	47 	19 	756   	1.97449
INFO:gp:396	777   	0.839288	396	0.914353	0.484955	777   	0.0917287	40.7067	396	47 	27 	777   	1.93087
INFO:gp:397	766   	0.845972	397	0.914353	0.430517	766   	0.0887596	40.695 	397	49 	27 	766   	1.89583
INFO:gp:398	755   	0.841252	398	0.914353	0.383719	755   	0.0918665	40.737 	398	47 	27 	755   	1.90083
INFO:gp:399	791   	0.839271	399	0.914353	0.45896 	791   	0.0946024	40.6256	399	47 	27 	791   	2.13375
INFO:gp:400	769   	0.840168	400	0.914353	0.427618	769   	0.0924692	40.5298	400	47 	27 	769   	2.37345
INFO:__main__:Saving model to file: checkpoints/run_6.pth
INFO:util:Train accuracy: 1.0 +- 0.0
INFO:util:Val accuracy: 1.0 +- 0.0
INFO:util:Test accuracy: 0.5 +- 0.0
INFO:util:Train intra-class: 0.07885777488805204, Train Inter-class: 0.222386528864008
INFO:util:Val intra-class: 0.17248081083127467, Val Inter-class: 0.21375877655207626
INFO:util:Test intra-class: 0.0, Test inter-class: 0.22487572263384353
INFO:plot:Saving t-SNE to file: figures/tsne.png
INFO:plot:Saving t-SNE to file: figures/tsne.png
INFO:plot:Saving tree to file: figures/tree-0.pdf
INFO:plot:Saving tree to file: figures/tree-1.pdf
INFO:plot:Saving tree to file: figures/tree-2.pdf
INFO:plot:Saving tree to file: figures/tree-3.pdf
INFO:plot:Saving tree to file: figures/tree-4.pdf
INFO:plot:Saving tree to file: figures/tree-5.pdf
