INFO:train:Epoch 1/1000 	Train Loss: 0.7017, Train Acc: 0.5465	 Val Loss: 0.6889, Val Acc: 0.5455
INFO:train:Epoch 2/1000 	Train Loss: 0.5466, Train Acc: 0.8256	 Val Loss: 0.6884, Val Acc: 0.4545
INFO:train:Epoch 3/1000 	Train Loss: 0.4436, Train Acc: 0.9302	 Val Loss: 0.6806, Val Acc: 0.4545
INFO:train:Epoch 4/1000 	Train Loss: 0.3683, Train Acc: 0.9070	 Val Loss: 0.6634, Val Acc: 0.4545
INFO:train:Epoch 5/1000 	Train Loss: 0.2920, Train Acc: 0.9651	 Val Loss: 0.6444, Val Acc: 0.5455
INFO:train:Epoch 6/1000 	Train Loss: 0.2846, Train Acc: 0.9535	 Val Loss: 0.6028, Val Acc: 0.7727
INFO:train:Epoch 7/1000 	Train Loss: 0.2626, Train Acc: 0.9767	 Val Loss: 0.5603, Val Acc: 0.9091
INFO:train:Epoch 8/1000 	Train Loss: 0.2400, Train Acc: 1.0000	 Val Loss: 0.5099, Val Acc: 0.9545
INFO:train:Epoch 9/1000 	Train Loss: 0.2467, Train Acc: 1.0000	 Val Loss: 0.4644, Val Acc: 1.0000
INFO:train:Epoch 10/1000 	Train Loss: 0.2275, Train Acc: 0.9884	 Val Loss: 0.4125, Val Acc: 0.9545
INFO:train:Epoch 11/1000 	Train Loss: 0.2394, Train Acc: 0.9767	 Val Loss: 0.3682, Val Acc: 0.9545
INFO:train:Epoch 12/1000 	Train Loss: 0.2243, Train Acc: 1.0000	 Val Loss: 0.3330, Val Acc: 1.0000
INFO:train:Epoch 13/1000 	Train Loss: 0.2249, Train Acc: 0.9884	 Val Loss: 0.3152, Val Acc: 1.0000
INFO:train:Epoch 14/1000 	Train Loss: 0.2248, Train Acc: 1.0000	 Val Loss: 0.2880, Val Acc: 1.0000
INFO:train:Epoch 15/1000 	Train Loss: 0.2138, Train Acc: 1.0000	 Val Loss: 0.2710, Val Acc: 1.0000
INFO:train:Epoch 16/1000 	Train Loss: 0.2168, Train Acc: 1.0000	 Val Loss: 0.2602, Val Acc: 1.0000
INFO:train:Epoch 17/1000 	Train Loss: 0.2200, Train Acc: 1.0000	 Val Loss: 0.2526, Val Acc: 1.0000
INFO:train:Epoch 18/1000 	Train Loss: 0.2285, Train Acc: 1.0000	 Val Loss: 0.2487, Val Acc: 1.0000
INFO:train:Epoch 19/1000 	Train Loss: 0.2266, Train Acc: 0.9884	 Val Loss: 0.2509, Val Acc: 1.0000
INFO:train:Epoch 20/1000 	Train Loss: 0.2111, Train Acc: 1.0000	 Val Loss: 0.2453, Val Acc: 1.0000
INFO:train:Epoch 21/1000 	Train Loss: 0.2140, Train Acc: 1.0000	 Val Loss: 0.2396, Val Acc: 1.0000
INFO:train:Epoch 22/1000 	Train Loss: 0.2121, Train Acc: 1.0000	 Val Loss: 0.2343, Val Acc: 1.0000
INFO:train:Epoch 23/1000 	Train Loss: 0.2102, Train Acc: 1.0000	 Val Loss: 0.2324, Val Acc: 1.0000
INFO:train:Epoch 24/1000 	Train Loss: 0.2099, Train Acc: 1.0000	 Val Loss: 0.2417, Val Acc: 0.9545
INFO:train:Epoch 25/1000 	Train Loss: 0.2082, Train Acc: 1.0000	 Val Loss: 0.2601, Val Acc: 0.9545
INFO:train:Epoch 26/1000 	Train Loss: 0.2342, Train Acc: 0.9884	 Val Loss: 0.2763, Val Acc: 0.9545
INFO:train:Epoch 27/1000 	Train Loss: 0.2097, Train Acc: 1.0000	 Val Loss: 0.2888, Val Acc: 0.9545
INFO:train:Epoch 28/1000 	Train Loss: 0.2103, Train Acc: 1.0000	 Val Loss: 0.2645, Val Acc: 0.9545
INFO:train:Epoch 29/1000 	Train Loss: 0.2065, Train Acc: 1.0000	 Val Loss: 0.2497, Val Acc: 0.9545
INFO:train:Epoch 30/1000 	Train Loss: 0.2223, Train Acc: 1.0000	 Val Loss: 0.2324, Val Acc: 1.0000
INFO:train:Epoch 31/1000 	Train Loss: 0.2077, Train Acc: 1.0000	 Val Loss: 0.2324, Val Acc: 1.0000
INFO:train:Epoch 32/1000 	Train Loss: 0.2147, Train Acc: 1.0000	 Val Loss: 0.2351, Val Acc: 1.0000
INFO:train:Epoch 33/1000 	Train Loss: 0.2168, Train Acc: 0.9884	 Val Loss: 0.2313, Val Acc: 1.0000
INFO:train:Epoch 34/1000 	Train Loss: 0.2081, Train Acc: 1.0000	 Val Loss: 0.2366, Val Acc: 1.0000
INFO:train:Epoch 35/1000 	Train Loss: 0.2106, Train Acc: 1.0000	 Val Loss: 0.2494, Val Acc: 0.9545
INFO:train:Epoch 36/1000 	Train Loss: 0.2145, Train Acc: 0.9884	 Val Loss: 0.2487, Val Acc: 0.9545
INFO:train:Epoch 37/1000 	Train Loss: 0.2110, Train Acc: 1.0000	 Val Loss: 0.2449, Val Acc: 0.9545
INFO:train:Epoch 38/1000 	Train Loss: 0.2121, Train Acc: 1.0000	 Val Loss: 0.2296, Val Acc: 1.0000
INFO:train:Epoch 39/1000 	Train Loss: 0.2139, Train Acc: 1.0000	 Val Loss: 0.2181, Val Acc: 1.0000
INFO:train:Epoch 40/1000 	Train Loss: 0.2161, Train Acc: 1.0000	 Val Loss: 0.2191, Val Acc: 1.0000
INFO:train:Epoch 41/1000 	Train Loss: 0.2301, Train Acc: 0.9884	 Val Loss: 0.2128, Val Acc: 1.0000
INFO:train:Epoch 42/1000 	Train Loss: 0.2079, Train Acc: 1.0000	 Val Loss: 0.2086, Val Acc: 1.0000
INFO:train:Epoch 43/1000 	Train Loss: 0.2134, Train Acc: 1.0000	 Val Loss: 0.2113, Val Acc: 1.0000
INFO:train:Epoch 44/1000 	Train Loss: 0.2067, Train Acc: 1.0000	 Val Loss: 0.2142, Val Acc: 1.0000
INFO:train:Epoch 45/1000 	Train Loss: 0.2077, Train Acc: 1.0000	 Val Loss: 0.2148, Val Acc: 1.0000
INFO:train:Epoch 46/1000 	Train Loss: 0.2083, Train Acc: 1.0000	 Val Loss: 0.2083, Val Acc: 1.0000
INFO:train:Epoch 47/1000 	Train Loss: 0.2055, Train Acc: 1.0000	 Val Loss: 0.2061, Val Acc: 1.0000
INFO:train:Epoch 48/1000 	Train Loss: 0.2059, Train Acc: 1.0000	 Val Loss: 0.2198, Val Acc: 1.0000
INFO:train:Epoch 49/1000 	Train Loss: 0.2048, Train Acc: 1.0000	 Val Loss: 0.2431, Val Acc: 0.9545
INFO:train:Epoch 50/1000 	Train Loss: 0.2118, Train Acc: 1.0000	 Val Loss: 0.2746, Val Acc: 0.9545
INFO:train:Epoch 51/1000 	Train Loss: 0.2061, Train Acc: 1.0000	 Val Loss: 0.2939, Val Acc: 0.9545
INFO:train:Early stopping triggered after 51 epochs
INFO:plot:Saving attention map to: figures/model_accuracy.png
INFO:train:train got 64 / 64 correct, accuracy: 1.0
INFO:plot:Saving cofusion matrix map to: figures/train_confusion_matrix.png
INFO:train:train got 22 / 22 correct, accuracy: 1.0
INFO:plot:Saving cofusion matrix map to: figures/train_confusion_matrix.png
INFO:train:Total time taken evaluate on train set the model: 0.17s
INFO:train:validation got 21 / 22 correct, accuracy: 0.9545454545454546
INFO:plot:Saving cofusion matrix map to: figures/validation_confusion_matrix.png
INFO:train:Total time taken evaluate on validation set the model: 0.08s
