2024-11-27 18:54:01,418 - INFO - Starting training pipeline
2024-11-27 18:54:01,418 - INFO - Starting main training phase
2024-11-27 18:54:01,418 - INFO - Loading dataset: part
2024-11-27 18:54:01,418 - INFO - Loading data from: /vol/ecrg-solar/woodj4/fishy-business/data/REIMS.xlsx
2024-11-27 18:54:10,591 - INFO - Loaded data with shape: (306, 2081)
2024-11-27 18:54:10,598 - INFO - Filtered data shape: (36, 2081)
2024-11-27 18:54:10,598 - INFO - Dataset shape after filtering: (36, 2081)
2024-11-27 18:54:10,599 - INFO - Features shape: (36, 2080), Labels shape: (36, 7)
2024-11-27 18:54:11,276 - INFO - Created model: Mamba(
  (layers): ModuleList(
    (0-3): 4 x MambaBlock(
      (in_proj): Linear(in_features=2080, out_features=4160, bias=True)
      (conv): Conv1d(4160, 4160, kernel_size=(4,), stride=(1,), padding=(3,), groups=4160)
      (activation): SiLU()
      (dropout): Dropout(p=0.2, inplace=False)
      (layer_norm): LayerNorm((2080,), eps=1e-05, elementwise_affine=True)
      (x_proj): Linear(in_features=4160, out_features=2208, bias=True)
      (dt_proj): Linear(in_features=4160, out_features=128, bias=True)
      (out_proj): Linear(in_features=4160, out_features=2080, bias=True)
      (us_proj): Linear(in_features=128, out_features=2080, bias=True)
    )
  )
  (dropout): Dropout(p=0.2, inplace=False)
  (fc): Linear(in_features=2080, out_features=7, bias=True)
  (layer_norm): LayerNorm((2080,), eps=1e-05, elementwise_affine=True)
)
2024-11-27 18:54:11,603 - INFO - Starting k-fold cross validation training
2024-11-27 18:54:11,612 - INFO - 
Starting Fold 1/3
2024-11-27 18:54:12,032 - INFO - Epoch 1: New best validation accuracy: 0.1429
2024-11-27 18:54:12,512 - INFO - Epoch 3: New best validation accuracy: 0.3571
2024-11-27 18:54:12,993 - INFO - Epoch 5: New best validation accuracy: 0.4286
2024-11-27 18:54:12,993 - INFO - Epoch 5
2024-11-27 18:54:12,993 - INFO - Train Loss: 4.3612
2024-11-27 18:54:12,993 - INFO - Val Loss: 4.8764
2024-11-27 18:54:12,993 - INFO - Current Val Accuracy: 0.4286
2024-11-27 18:54:12,993 - INFO - Best Val Accuracy: 0.4286
2024-11-27 18:54:13,954 - INFO - Epoch 9: New best validation accuracy: 0.5000
2024-11-27 18:54:14,194 - INFO - Epoch 10
2024-11-27 18:54:14,194 - INFO - Train Loss: 1.1674
2024-11-27 18:54:14,194 - INFO - Val Loss: 2.9308
2024-11-27 18:54:14,194 - INFO - Current Val Accuracy: 0.2857
2024-11-27 18:54:14,194 - INFO - Best Val Accuracy: 0.5000
2024-11-27 18:54:15,394 - INFO - Epoch 15
2024-11-27 18:54:15,394 - INFO - Train Loss: 0.9178
2024-11-27 18:54:15,394 - INFO - Val Loss: 2.5453
2024-11-27 18:54:15,394 - INFO - Current Val Accuracy: 0.2857
2024-11-27 18:54:15,394 - INFO - Best Val Accuracy: 0.5000
2024-11-27 18:54:16,352 - INFO - Early stopping triggered after 19 epochs
2024-11-27 18:54:16,352 - INFO - Best validation accuracy: 0.5000
2024-11-27 18:54:16,592 - INFO - Early stopping triggered after 20 epochs
2024-11-27 18:54:16,592 - INFO - Best validation accuracy: 0.5000
2024-11-27 18:54:16,592 - INFO - Epoch 20
2024-11-27 18:54:16,592 - INFO - Train Loss: 0.8238
2024-11-27 18:54:16,592 - INFO - Val Loss: 2.4229
2024-11-27 18:54:16,592 - INFO - Current Val Accuracy: 0.3571
2024-11-27 18:54:16,592 - INFO - Best Val Accuracy: 0.5000
2024-11-27 18:54:16,831 - INFO - Early stopping triggered after 21 epochs
2024-11-27 18:54:16,831 - INFO - Best validation accuracy: 0.5000
2024-11-27 18:54:17,070 - INFO - Early stopping triggered after 22 epochs
2024-11-27 18:54:17,070 - INFO - Best validation accuracy: 0.5000
2024-11-27 18:54:17,311 - INFO - Early stopping triggered after 23 epochs
2024-11-27 18:54:17,311 - INFO - Best validation accuracy: 0.5000
2024-11-27 18:54:17,554 - INFO - Epoch 24: New best validation accuracy: 0.5714
2024-11-27 18:54:17,798 - INFO - Epoch 25: New best validation accuracy: 0.6429
2024-11-27 18:54:17,798 - INFO - Epoch 25
2024-11-27 18:54:17,798 - INFO - Train Loss: 0.8108
2024-11-27 18:54:17,798 - INFO - Val Loss: 1.8824
2024-11-27 18:54:17,798 - INFO - Current Val Accuracy: 0.6429
2024-11-27 18:54:17,798 - INFO - Best Val Accuracy: 0.6429
2024-11-27 18:54:18,043 - INFO - Epoch 26: New best validation accuracy: 0.7143
2024-11-27 18:54:19,007 - INFO - Epoch 30
2024-11-27 18:54:19,007 - INFO - Train Loss: 0.7143
2024-11-27 18:54:19,007 - INFO - Val Loss: 1.4894
2024-11-27 18:54:19,007 - INFO - Current Val Accuracy: 0.5714
2024-11-27 18:54:19,007 - INFO - Best Val Accuracy: 0.7143
2024-11-27 18:54:20,207 - INFO - Epoch 35
2024-11-27 18:54:20,207 - INFO - Train Loss: 0.6473
2024-11-27 18:54:20,207 - INFO - Val Loss: 1.6627
2024-11-27 18:54:20,207 - INFO - Current Val Accuracy: 0.6429
2024-11-27 18:54:20,207 - INFO - Best Val Accuracy: 0.7143
2024-11-27 18:54:20,447 - INFO - Early stopping triggered after 36 epochs
2024-11-27 18:54:20,447 - INFO - Best validation accuracy: 0.7143
2024-11-27 18:54:20,687 - INFO - Early stopping triggered after 37 epochs
2024-11-27 18:54:20,687 - INFO - Best validation accuracy: 0.7143
2024-11-27 18:54:20,926 - INFO - Early stopping triggered after 38 epochs
2024-11-27 18:54:20,926 - INFO - Best validation accuracy: 0.7143
2024-11-27 18:54:21,167 - INFO - Early stopping triggered after 39 epochs
2024-11-27 18:54:21,167 - INFO - Best validation accuracy: 0.7143
2024-11-27 18:54:21,408 - INFO - Early stopping triggered after 40 epochs
2024-11-27 18:54:21,408 - INFO - Best validation accuracy: 0.7143
2024-11-27 18:54:21,408 - INFO - Epoch 40
2024-11-27 18:54:21,408 - INFO - Train Loss: 0.5993
2024-11-27 18:54:21,408 - INFO - Val Loss: 1.9789
2024-11-27 18:54:21,408 - INFO - Current Val Accuracy: 0.5714
2024-11-27 18:54:21,408 - INFO - Best Val Accuracy: 0.7143
2024-11-27 18:54:21,649 - INFO - Early stopping triggered after 41 epochs
2024-11-27 18:54:21,649 - INFO - Best validation accuracy: 0.7143
2024-11-27 18:54:21,889 - INFO - Early stopping triggered after 42 epochs
2024-11-27 18:54:21,889 - INFO - Best validation accuracy: 0.7143
2024-11-27 18:54:22,130 - INFO - Early stopping triggered after 43 epochs
2024-11-27 18:54:22,130 - INFO - Best validation accuracy: 0.7143
2024-11-27 18:54:22,370 - INFO - Early stopping triggered after 44 epochs
2024-11-27 18:54:22,370 - INFO - Best validation accuracy: 0.7143
2024-11-27 18:54:22,610 - INFO - Early stopping triggered after 45 epochs
2024-11-27 18:54:22,610 - INFO - Best validation accuracy: 0.7143
2024-11-27 18:54:22,610 - INFO - Epoch 45
2024-11-27 18:54:22,610 - INFO - Train Loss: 0.5589
2024-11-27 18:54:22,610 - INFO - Val Loss: 2.1909
2024-11-27 18:54:22,610 - INFO - Current Val Accuracy: 0.6429
2024-11-27 18:54:22,610 - INFO - Best Val Accuracy: 0.7143
2024-11-27 18:54:22,850 - INFO - Early stopping triggered after 46 epochs
2024-11-27 18:54:22,850 - INFO - Best validation accuracy: 0.7143
2024-11-27 18:54:23,091 - INFO - Early stopping triggered after 47 epochs
2024-11-27 18:54:23,091 - INFO - Best validation accuracy: 0.7143
2024-11-27 18:54:23,332 - INFO - Early stopping triggered after 48 epochs
2024-11-27 18:54:23,332 - INFO - Best validation accuracy: 0.7143
2024-11-27 18:54:23,573 - INFO - Early stopping triggered after 49 epochs
2024-11-27 18:54:23,573 - INFO - Best validation accuracy: 0.7143
2024-11-27 18:54:23,814 - INFO - Early stopping triggered after 50 epochs
2024-11-27 18:54:23,814 - INFO - Best validation accuracy: 0.7143
2024-11-27 18:54:23,814 - INFO - Epoch 50
2024-11-27 18:54:23,814 - INFO - Train Loss: 0.5085
2024-11-27 18:54:23,814 - INFO - Val Loss: 2.9153
2024-11-27 18:54:23,814 - INFO - Current Val Accuracy: 0.6429
2024-11-27 18:54:23,814 - INFO - Best Val Accuracy: 0.7143
2024-11-27 18:54:24,053 - INFO - Early stopping triggered after 51 epochs
2024-11-27 18:54:24,054 - INFO - Best validation accuracy: 0.7143
2024-11-27 18:54:24,295 - INFO - Early stopping triggered after 52 epochs
2024-11-27 18:54:24,295 - INFO - Best validation accuracy: 0.7143
2024-11-27 18:54:24,535 - INFO - Early stopping triggered after 53 epochs
2024-11-27 18:54:24,535 - INFO - Best validation accuracy: 0.7143
2024-11-27 18:54:24,776 - INFO - Early stopping triggered after 54 epochs
2024-11-27 18:54:24,776 - INFO - Best validation accuracy: 0.7143
2024-11-27 18:54:25,017 - INFO - Early stopping triggered after 55 epochs
2024-11-27 18:54:25,017 - INFO - Best validation accuracy: 0.7143
2024-11-27 18:54:25,017 - INFO - Epoch 55
2024-11-27 18:54:25,017 - INFO - Train Loss: 0.5049
2024-11-27 18:54:25,017 - INFO - Val Loss: 2.7658
2024-11-27 18:54:25,017 - INFO - Current Val Accuracy: 0.6429
2024-11-27 18:54:25,017 - INFO - Best Val Accuracy: 0.7143
2024-11-27 18:54:25,258 - INFO - Early stopping triggered after 56 epochs
2024-11-27 18:54:25,258 - INFO - Best validation accuracy: 0.7143
2024-11-27 18:54:25,499 - INFO - Early stopping triggered after 57 epochs
2024-11-27 18:54:25,499 - INFO - Best validation accuracy: 0.7143
2024-11-27 18:54:25,740 - INFO - Early stopping triggered after 58 epochs
2024-11-27 18:54:25,740 - INFO - Best validation accuracy: 0.7143
2024-11-27 18:54:25,980 - INFO - Early stopping triggered after 59 epochs
2024-11-27 18:54:25,980 - INFO - Best validation accuracy: 0.7143
2024-11-27 18:54:26,223 - INFO - Early stopping triggered after 60 epochs
2024-11-27 18:54:26,223 - INFO - Best validation accuracy: 0.7143
2024-11-27 18:54:26,223 - INFO - Epoch 60
2024-11-27 18:54:26,223 - INFO - Train Loss: 0.4986
2024-11-27 18:54:26,223 - INFO - Val Loss: 2.7694
2024-11-27 18:54:26,223 - INFO - Current Val Accuracy: 0.6429
2024-11-27 18:54:26,223 - INFO - Best Val Accuracy: 0.7143
2024-11-27 18:54:26,464 - INFO - Early stopping triggered after 61 epochs
2024-11-27 18:54:26,464 - INFO - Best validation accuracy: 0.7143
2024-11-27 18:54:26,706 - INFO - Early stopping triggered after 62 epochs
2024-11-27 18:54:26,706 - INFO - Best validation accuracy: 0.7143
2024-11-27 18:54:26,947 - INFO - Early stopping triggered after 63 epochs
2024-11-27 18:54:26,947 - INFO - Best validation accuracy: 0.7143
2024-11-27 18:54:27,189 - INFO - Early stopping triggered after 64 epochs
2024-11-27 18:54:27,189 - INFO - Best validation accuracy: 0.7143
2024-11-27 18:54:27,430 - INFO - Early stopping triggered after 65 epochs
2024-11-27 18:54:27,430 - INFO - Best validation accuracy: 0.7143
2024-11-27 18:54:27,430 - INFO - Epoch 65
2024-11-27 18:54:27,430 - INFO - Train Loss: 0.4889
2024-11-27 18:54:27,431 - INFO - Val Loss: 2.5244
2024-11-27 18:54:27,431 - INFO - Current Val Accuracy: 0.6429
2024-11-27 18:54:27,431 - INFO - Best Val Accuracy: 0.7143
2024-11-27 18:54:27,672 - INFO - Early stopping triggered after 66 epochs
2024-11-27 18:54:27,672 - INFO - Best validation accuracy: 0.7143
2024-11-27 18:54:27,914 - INFO - Early stopping triggered after 67 epochs
2024-11-27 18:54:27,914 - INFO - Best validation accuracy: 0.7143
2024-11-27 18:54:28,155 - INFO - Early stopping triggered after 68 epochs
2024-11-27 18:54:28,155 - INFO - Best validation accuracy: 0.7143
2024-11-27 18:54:28,396 - INFO - Early stopping triggered after 69 epochs
2024-11-27 18:54:28,396 - INFO - Best validation accuracy: 0.7143
2024-11-27 18:54:28,636 - INFO - Early stopping triggered after 70 epochs
2024-11-27 18:54:28,636 - INFO - Best validation accuracy: 0.7143
2024-11-27 18:54:28,636 - INFO - Epoch 70
2024-11-27 18:54:28,636 - INFO - Train Loss: 0.4799
2024-11-27 18:54:28,636 - INFO - Val Loss: 2.8116
2024-11-27 18:54:28,636 - INFO - Current Val Accuracy: 0.6429
2024-11-27 18:54:28,636 - INFO - Best Val Accuracy: 0.7143
2024-11-27 18:54:28,877 - INFO - Early stopping triggered after 71 epochs
2024-11-27 18:54:28,877 - INFO - Best validation accuracy: 0.7143
2024-11-27 18:54:29,120 - INFO - Early stopping triggered after 72 epochs
2024-11-27 18:54:29,120 - INFO - Best validation accuracy: 0.7143
2024-11-27 18:54:29,362 - INFO - Early stopping triggered after 73 epochs
2024-11-27 18:54:29,362 - INFO - Best validation accuracy: 0.7143
2024-11-27 18:54:29,603 - INFO - Early stopping triggered after 74 epochs
2024-11-27 18:54:29,603 - INFO - Best validation accuracy: 0.7143
2024-11-27 18:54:29,845 - INFO - Early stopping triggered after 75 epochs
2024-11-27 18:54:29,845 - INFO - Best validation accuracy: 0.7143
2024-11-27 18:54:29,845 - INFO - Epoch 75
2024-11-27 18:54:29,845 - INFO - Train Loss: 0.4784
2024-11-27 18:54:29,845 - INFO - Val Loss: 2.8784
2024-11-27 18:54:29,845 - INFO - Current Val Accuracy: 0.5714
2024-11-27 18:54:29,845 - INFO - Best Val Accuracy: 0.7143
2024-11-27 18:54:30,087 - INFO - Early stopping triggered after 76 epochs
2024-11-27 18:54:30,087 - INFO - Best validation accuracy: 0.7143
2024-11-27 18:54:30,329 - INFO - Early stopping triggered after 77 epochs
2024-11-27 18:54:30,329 - INFO - Best validation accuracy: 0.7143
2024-11-27 18:54:30,570 - INFO - Early stopping triggered after 78 epochs
2024-11-27 18:54:30,570 - INFO - Best validation accuracy: 0.7143
2024-11-27 18:54:30,811 - INFO - Early stopping triggered after 79 epochs
2024-11-27 18:54:30,811 - INFO - Best validation accuracy: 0.7143
2024-11-27 18:54:31,052 - INFO - Early stopping triggered after 80 epochs
2024-11-27 18:54:31,052 - INFO - Best validation accuracy: 0.7143
2024-11-27 18:54:31,052 - INFO - Epoch 80
2024-11-27 18:54:31,052 - INFO - Train Loss: 0.4753
2024-11-27 18:54:31,052 - INFO - Val Loss: 2.6170
2024-11-27 18:54:31,052 - INFO - Current Val Accuracy: 0.6429
2024-11-27 18:54:31,052 - INFO - Best Val Accuracy: 0.7143
2024-11-27 18:54:31,293 - INFO - Early stopping triggered after 81 epochs
2024-11-27 18:54:31,293 - INFO - Best validation accuracy: 0.7143
2024-11-27 18:54:31,535 - INFO - Early stopping triggered after 82 epochs
2024-11-27 18:54:31,535 - INFO - Best validation accuracy: 0.7143
2024-11-27 18:54:31,777 - INFO - Early stopping triggered after 83 epochs
2024-11-27 18:54:31,778 - INFO - Best validation accuracy: 0.7143
2024-11-27 18:54:32,021 - INFO - Early stopping triggered after 84 epochs
2024-11-27 18:54:32,021 - INFO - Best validation accuracy: 0.7143
2024-11-27 18:54:32,263 - INFO - Early stopping triggered after 85 epochs
2024-11-27 18:54:32,263 - INFO - Best validation accuracy: 0.7143
2024-11-27 18:54:32,263 - INFO - Epoch 85
2024-11-27 18:54:32,263 - INFO - Train Loss: 0.4754
2024-11-27 18:54:32,263 - INFO - Val Loss: 2.5600
2024-11-27 18:54:32,263 - INFO - Current Val Accuracy: 0.6429
2024-11-27 18:54:32,263 - INFO - Best Val Accuracy: 0.7143
2024-11-27 18:54:32,505 - INFO - Early stopping triggered after 86 epochs
2024-11-27 18:54:32,505 - INFO - Best validation accuracy: 0.7143
2024-11-27 18:54:32,747 - INFO - Early stopping triggered after 87 epochs
2024-11-27 18:54:32,747 - INFO - Best validation accuracy: 0.7143
2024-11-27 18:54:32,989 - INFO - Early stopping triggered after 88 epochs
2024-11-27 18:54:32,989 - INFO - Best validation accuracy: 0.7143
2024-11-27 18:54:33,231 - INFO - Early stopping triggered after 89 epochs
2024-11-27 18:54:33,231 - INFO - Best validation accuracy: 0.7143
2024-11-27 18:54:33,473 - INFO - Early stopping triggered after 90 epochs
2024-11-27 18:54:33,473 - INFO - Best validation accuracy: 0.7143
2024-11-27 18:54:33,473 - INFO - Epoch 90
2024-11-27 18:54:33,473 - INFO - Train Loss: 0.4710
2024-11-27 18:54:33,473 - INFO - Val Loss: 2.6481
2024-11-27 18:54:33,473 - INFO - Current Val Accuracy: 0.6429
2024-11-27 18:54:33,473 - INFO - Best Val Accuracy: 0.7143
2024-11-27 18:54:33,714 - INFO - Early stopping triggered after 91 epochs
2024-11-27 18:54:33,714 - INFO - Best validation accuracy: 0.7143
2024-11-27 18:54:33,955 - INFO - Early stopping triggered after 92 epochs
2024-11-27 18:54:33,955 - INFO - Best validation accuracy: 0.7143
2024-11-27 18:54:34,196 - INFO - Early stopping triggered after 93 epochs
2024-11-27 18:54:34,196 - INFO - Best validation accuracy: 0.7143
2024-11-27 18:54:34,438 - INFO - Early stopping triggered after 94 epochs
2024-11-27 18:54:34,439 - INFO - Best validation accuracy: 0.7143
2024-11-27 18:54:34,681 - INFO - Early stopping triggered after 95 epochs
2024-11-27 18:54:34,681 - INFO - Best validation accuracy: 0.7143
2024-11-27 18:54:34,681 - INFO - Epoch 95
2024-11-27 18:54:34,681 - INFO - Train Loss: 0.4711
2024-11-27 18:54:34,681 - INFO - Val Loss: 2.3537
2024-11-27 18:54:34,681 - INFO - Current Val Accuracy: 0.6429
2024-11-27 18:54:34,681 - INFO - Best Val Accuracy: 0.7143
2024-11-27 18:54:34,923 - INFO - Early stopping triggered after 96 epochs
2024-11-27 18:54:34,923 - INFO - Best validation accuracy: 0.7143
2024-11-27 18:54:35,166 - INFO - Early stopping triggered after 97 epochs
2024-11-27 18:54:35,166 - INFO - Best validation accuracy: 0.7143
2024-11-27 18:54:35,408 - INFO - Early stopping triggered after 98 epochs
2024-11-27 18:54:35,408 - INFO - Best validation accuracy: 0.7143
2024-11-27 18:54:35,650 - INFO - Early stopping triggered after 99 epochs
2024-11-27 18:54:35,650 - INFO - Best validation accuracy: 0.7143
2024-11-27 18:54:35,892 - INFO - Early stopping triggered after 100 epochs
2024-11-27 18:54:35,892 - INFO - Best validation accuracy: 0.7143
2024-11-27 18:54:35,892 - INFO - Epoch 100
2024-11-27 18:54:35,892 - INFO - Train Loss: 0.4635
2024-11-27 18:54:35,892 - INFO - Val Loss: 2.5702
2024-11-27 18:54:35,892 - INFO - Current Val Accuracy: 0.6429
2024-11-27 18:54:35,892 - INFO - Best Val Accuracy: 0.7143
2024-11-27 18:54:35,895 - INFO - 
New best overall accuracy: 0.7143 (Fold 1)
2024-11-27 18:54:35,895 - INFO - 
Starting Fold 2/3
2024-11-27 18:54:36,147 - INFO - Epoch 1: New best validation accuracy: 0.1429
2024-11-27 18:54:36,877 - INFO - Epoch 4: New best validation accuracy: 0.2143
2024-11-27 18:54:37,122 - INFO - Epoch 5: New best validation accuracy: 0.2857
2024-11-27 18:54:37,122 - INFO - Epoch 5
2024-11-27 18:54:37,122 - INFO - Train Loss: 6.3509
2024-11-27 18:54:37,122 - INFO - Val Loss: 7.3138
2024-11-27 18:54:37,122 - INFO - Current Val Accuracy: 0.2857
2024-11-27 18:54:37,123 - INFO - Best Val Accuracy: 0.2857
2024-11-27 18:54:37,368 - INFO - Epoch 6: New best validation accuracy: 0.4286
2024-11-27 18:54:37,613 - INFO - Epoch 7: New best validation accuracy: 0.5000
2024-11-27 18:54:38,340 - INFO - Epoch 10
2024-11-27 18:54:38,340 - INFO - Train Loss: 2.1085
2024-11-27 18:54:38,340 - INFO - Val Loss: 3.1498
2024-11-27 18:54:38,340 - INFO - Current Val Accuracy: 0.2143
2024-11-27 18:54:38,340 - INFO - Best Val Accuracy: 0.5000
2024-11-27 18:54:39,553 - INFO - Epoch 15
2024-11-27 18:54:39,553 - INFO - Train Loss: 1.4288
2024-11-27 18:54:39,553 - INFO - Val Loss: 2.6745
2024-11-27 18:54:39,553 - INFO - Current Val Accuracy: 0.2857
2024-11-27 18:54:39,553 - INFO - Best Val Accuracy: 0.5000
2024-11-27 18:54:40,041 - INFO - Epoch 17: New best validation accuracy: 0.5714
2024-11-27 18:54:40,769 - INFO - Epoch 20
2024-11-27 18:54:40,769 - INFO - Train Loss: 1.3049
2024-11-27 18:54:40,769 - INFO - Val Loss: 2.0815
2024-11-27 18:54:40,769 - INFO - Current Val Accuracy: 0.5714
2024-11-27 18:54:40,769 - INFO - Best Val Accuracy: 0.5714
2024-11-27 18:54:41,986 - INFO - Epoch 25
2024-11-27 18:54:41,986 - INFO - Train Loss: 1.1334
2024-11-27 18:54:41,986 - INFO - Val Loss: 1.5504
2024-11-27 18:54:41,986 - INFO - Current Val Accuracy: 0.5000
2024-11-27 18:54:41,986 - INFO - Best Val Accuracy: 0.5714
2024-11-27 18:54:42,472 - INFO - Early stopping triggered after 27 epochs
2024-11-27 18:54:42,472 - INFO - Best validation accuracy: 0.5714
2024-11-27 18:54:42,715 - INFO - Early stopping triggered after 28 epochs
2024-11-27 18:54:42,715 - INFO - Best validation accuracy: 0.5714
2024-11-27 18:54:42,958 - INFO - Early stopping triggered after 29 epochs
2024-11-27 18:54:42,958 - INFO - Best validation accuracy: 0.5714
2024-11-27 18:54:43,200 - INFO - Early stopping triggered after 30 epochs
2024-11-27 18:54:43,200 - INFO - Best validation accuracy: 0.5714
2024-11-27 18:54:43,201 - INFO - Epoch 30
2024-11-27 18:54:43,201 - INFO - Train Loss: 1.0581
2024-11-27 18:54:43,201 - INFO - Val Loss: 1.4805
2024-11-27 18:54:43,201 - INFO - Current Val Accuracy: 0.5714
2024-11-27 18:54:43,201 - INFO - Best Val Accuracy: 0.5714
2024-11-27 18:54:43,446 - INFO - Epoch 31: New best validation accuracy: 0.6429
2024-11-27 18:54:43,691 - INFO - Epoch 32: New best validation accuracy: 0.7857
2024-11-27 18:54:44,420 - INFO - Epoch 35
2024-11-27 18:54:44,420 - INFO - Train Loss: 0.9915
2024-11-27 18:54:44,420 - INFO - Val Loss: 1.5933
2024-11-27 18:54:44,420 - INFO - Current Val Accuracy: 0.7143
2024-11-27 18:54:44,420 - INFO - Best Val Accuracy: 0.7857
2024-11-27 18:54:45,632 - INFO - Epoch 40
2024-11-27 18:54:45,632 - INFO - Train Loss: 0.9271
2024-11-27 18:54:45,632 - INFO - Val Loss: 1.5817
2024-11-27 18:54:45,632 - INFO - Current Val Accuracy: 0.7143
2024-11-27 18:54:45,632 - INFO - Best Val Accuracy: 0.7857
2024-11-27 18:54:46,117 - INFO - Early stopping triggered after 42 epochs
2024-11-27 18:54:46,117 - INFO - Best validation accuracy: 0.7857
2024-11-27 18:54:46,360 - INFO - Early stopping triggered after 43 epochs
2024-11-27 18:54:46,360 - INFO - Best validation accuracy: 0.7857
2024-11-27 18:54:46,602 - INFO - Early stopping triggered after 44 epochs
2024-11-27 18:54:46,602 - INFO - Best validation accuracy: 0.7857
2024-11-27 18:54:46,845 - INFO - Early stopping triggered after 45 epochs
2024-11-27 18:54:46,845 - INFO - Best validation accuracy: 0.7857
2024-11-27 18:54:46,845 - INFO - Epoch 45
2024-11-27 18:54:46,845 - INFO - Train Loss: 0.7952
2024-11-27 18:54:46,845 - INFO - Val Loss: 1.5483
2024-11-27 18:54:46,845 - INFO - Current Val Accuracy: 0.7143
2024-11-27 18:54:46,845 - INFO - Best Val Accuracy: 0.7857
2024-11-27 18:54:47,088 - INFO - Early stopping triggered after 46 epochs
2024-11-27 18:54:47,088 - INFO - Best validation accuracy: 0.7857
2024-11-27 18:54:47,331 - INFO - Early stopping triggered after 47 epochs
2024-11-27 18:54:47,331 - INFO - Best validation accuracy: 0.7857
2024-11-27 18:54:47,574 - INFO - Early stopping triggered after 48 epochs
2024-11-27 18:54:47,574 - INFO - Best validation accuracy: 0.7857
2024-11-27 18:54:47,817 - INFO - Early stopping triggered after 49 epochs
2024-11-27 18:54:47,817 - INFO - Best validation accuracy: 0.7857
2024-11-27 18:54:48,060 - INFO - Early stopping triggered after 50 epochs
2024-11-27 18:54:48,061 - INFO - Best validation accuracy: 0.7857
2024-11-27 18:54:48,061 - INFO - Epoch 50
2024-11-27 18:54:48,061 - INFO - Train Loss: 0.7176
2024-11-27 18:54:48,061 - INFO - Val Loss: 1.5374
2024-11-27 18:54:48,061 - INFO - Current Val Accuracy: 0.7143
2024-11-27 18:54:48,061 - INFO - Best Val Accuracy: 0.7857
2024-11-27 18:54:48,304 - INFO - Early stopping triggered after 51 epochs
2024-11-27 18:54:48,304 - INFO - Best validation accuracy: 0.7857
2024-11-27 18:54:48,547 - INFO - Early stopping triggered after 52 epochs
2024-11-27 18:54:48,547 - INFO - Best validation accuracy: 0.7857
2024-11-27 18:54:48,790 - INFO - Early stopping triggered after 53 epochs
2024-11-27 18:54:48,790 - INFO - Best validation accuracy: 0.7857
2024-11-27 18:54:49,033 - INFO - Early stopping triggered after 54 epochs
2024-11-27 18:54:49,033 - INFO - Best validation accuracy: 0.7857
2024-11-27 18:54:49,278 - INFO - Early stopping triggered after 55 epochs
2024-11-27 18:54:49,278 - INFO - Best validation accuracy: 0.7857
2024-11-27 18:54:49,278 - INFO - Epoch 55
2024-11-27 18:54:49,278 - INFO - Train Loss: 0.6451
2024-11-27 18:54:49,278 - INFO - Val Loss: 1.7020
2024-11-27 18:54:49,278 - INFO - Current Val Accuracy: 0.6429
2024-11-27 18:54:49,278 - INFO - Best Val Accuracy: 0.7857
2024-11-27 18:54:49,522 - INFO - Early stopping triggered after 56 epochs
2024-11-27 18:54:49,522 - INFO - Best validation accuracy: 0.7857
2024-11-27 18:54:49,766 - INFO - Early stopping triggered after 57 epochs
2024-11-27 18:54:49,766 - INFO - Best validation accuracy: 0.7857
2024-11-27 18:54:50,009 - INFO - Early stopping triggered after 58 epochs
2024-11-27 18:54:50,009 - INFO - Best validation accuracy: 0.7857
2024-11-27 18:54:50,253 - INFO - Early stopping triggered after 59 epochs
2024-11-27 18:54:50,253 - INFO - Best validation accuracy: 0.7857
2024-11-27 18:54:50,497 - INFO - Early stopping triggered after 60 epochs
2024-11-27 18:54:50,497 - INFO - Best validation accuracy: 0.7857
2024-11-27 18:54:50,497 - INFO - Epoch 60
2024-11-27 18:54:50,497 - INFO - Train Loss: 0.5699
2024-11-27 18:54:50,497 - INFO - Val Loss: 1.6648
2024-11-27 18:54:50,497 - INFO - Current Val Accuracy: 0.5714
2024-11-27 18:54:50,497 - INFO - Best Val Accuracy: 0.7857
2024-11-27 18:54:50,741 - INFO - Early stopping triggered after 61 epochs
2024-11-27 18:54:50,741 - INFO - Best validation accuracy: 0.7857
2024-11-27 18:54:50,987 - INFO - Early stopping triggered after 62 epochs
2024-11-27 18:54:50,987 - INFO - Best validation accuracy: 0.7857
2024-11-27 18:54:51,231 - INFO - Early stopping triggered after 63 epochs
2024-11-27 18:54:51,231 - INFO - Best validation accuracy: 0.7857
2024-11-27 18:54:51,475 - INFO - Early stopping triggered after 64 epochs
2024-11-27 18:54:51,475 - INFO - Best validation accuracy: 0.7857
2024-11-27 18:54:51,718 - INFO - Early stopping triggered after 65 epochs
2024-11-27 18:54:51,718 - INFO - Best validation accuracy: 0.7857
2024-11-27 18:54:51,718 - INFO - Epoch 65
2024-11-27 18:54:51,718 - INFO - Train Loss: 0.5297
2024-11-27 18:54:51,718 - INFO - Val Loss: 1.8421
2024-11-27 18:54:51,718 - INFO - Current Val Accuracy: 0.6429
2024-11-27 18:54:51,718 - INFO - Best Val Accuracy: 0.7857
2024-11-27 18:54:51,962 - INFO - Early stopping triggered after 66 epochs
2024-11-27 18:54:51,962 - INFO - Best validation accuracy: 0.7857
2024-11-27 18:54:52,205 - INFO - Early stopping triggered after 67 epochs
2024-11-27 18:54:52,205 - INFO - Best validation accuracy: 0.7857
2024-11-27 18:54:52,449 - INFO - Early stopping triggered after 68 epochs
2024-11-27 18:54:52,449 - INFO - Best validation accuracy: 0.7857
2024-11-27 18:54:52,692 - INFO - Early stopping triggered after 69 epochs
2024-11-27 18:54:52,692 - INFO - Best validation accuracy: 0.7857
2024-11-27 18:54:52,935 - INFO - Early stopping triggered after 70 epochs
2024-11-27 18:54:52,935 - INFO - Best validation accuracy: 0.7857
2024-11-27 18:54:52,935 - INFO - Epoch 70
2024-11-27 18:54:52,935 - INFO - Train Loss: 0.5166
2024-11-27 18:54:52,935 - INFO - Val Loss: 1.9919
2024-11-27 18:54:52,935 - INFO - Current Val Accuracy: 0.5714
2024-11-27 18:54:52,935 - INFO - Best Val Accuracy: 0.7857
2024-11-27 18:54:53,179 - INFO - Early stopping triggered after 71 epochs
2024-11-27 18:54:53,179 - INFO - Best validation accuracy: 0.7857
2024-11-27 18:54:53,422 - INFO - Early stopping triggered after 72 epochs
2024-11-27 18:54:53,422 - INFO - Best validation accuracy: 0.7857
2024-11-27 18:54:53,666 - INFO - Early stopping triggered after 73 epochs
2024-11-27 18:54:53,666 - INFO - Best validation accuracy: 0.7857
2024-11-27 18:54:53,909 - INFO - Early stopping triggered after 74 epochs
2024-11-27 18:54:53,909 - INFO - Best validation accuracy: 0.7857
2024-11-27 18:54:54,153 - INFO - Early stopping triggered after 75 epochs
2024-11-27 18:54:54,153 - INFO - Best validation accuracy: 0.7857
2024-11-27 18:54:54,153 - INFO - Epoch 75
2024-11-27 18:54:54,153 - INFO - Train Loss: 0.4920
2024-11-27 18:54:54,153 - INFO - Val Loss: 1.8870
2024-11-27 18:54:54,153 - INFO - Current Val Accuracy: 0.5714
2024-11-27 18:54:54,153 - INFO - Best Val Accuracy: 0.7857
2024-11-27 18:54:54,396 - INFO - Early stopping triggered after 76 epochs
2024-11-27 18:54:54,396 - INFO - Best validation accuracy: 0.7857
2024-11-27 18:54:54,640 - INFO - Early stopping triggered after 77 epochs
2024-11-27 18:54:54,640 - INFO - Best validation accuracy: 0.7857
2024-11-27 18:54:54,883 - INFO - Early stopping triggered after 78 epochs
2024-11-27 18:54:54,883 - INFO - Best validation accuracy: 0.7857
2024-11-27 18:54:55,126 - INFO - Early stopping triggered after 79 epochs
2024-11-27 18:54:55,126 - INFO - Best validation accuracy: 0.7857
2024-11-27 18:54:55,370 - INFO - Early stopping triggered after 80 epochs
2024-11-27 18:54:55,370 - INFO - Best validation accuracy: 0.7857
2024-11-27 18:54:55,370 - INFO - Epoch 80
2024-11-27 18:54:55,370 - INFO - Train Loss: 0.4760
2024-11-27 18:54:55,370 - INFO - Val Loss: 1.7695
2024-11-27 18:54:55,370 - INFO - Current Val Accuracy: 0.5714
2024-11-27 18:54:55,370 - INFO - Best Val Accuracy: 0.7857
2024-11-27 18:54:55,613 - INFO - Early stopping triggered after 81 epochs
2024-11-27 18:54:55,613 - INFO - Best validation accuracy: 0.7857
2024-11-27 18:54:55,856 - INFO - Early stopping triggered after 82 epochs
2024-11-27 18:54:55,856 - INFO - Best validation accuracy: 0.7857
2024-11-27 18:54:56,100 - INFO - Early stopping triggered after 83 epochs
2024-11-27 18:54:56,100 - INFO - Best validation accuracy: 0.7857
2024-11-27 18:54:56,343 - INFO - Early stopping triggered after 84 epochs
2024-11-27 18:54:56,343 - INFO - Best validation accuracy: 0.7857
2024-11-27 18:54:56,586 - INFO - Early stopping triggered after 85 epochs
2024-11-27 18:54:56,586 - INFO - Best validation accuracy: 0.7857
2024-11-27 18:54:56,586 - INFO - Epoch 85
2024-11-27 18:54:56,586 - INFO - Train Loss: 0.4717
2024-11-27 18:54:56,586 - INFO - Val Loss: 1.7002
2024-11-27 18:54:56,586 - INFO - Current Val Accuracy: 0.5714
2024-11-27 18:54:56,586 - INFO - Best Val Accuracy: 0.7857
2024-11-27 18:54:56,829 - INFO - Early stopping triggered after 86 epochs
2024-11-27 18:54:56,829 - INFO - Best validation accuracy: 0.7857
2024-11-27 18:54:57,073 - INFO - Early stopping triggered after 87 epochs
2024-11-27 18:54:57,073 - INFO - Best validation accuracy: 0.7857
2024-11-27 18:54:57,316 - INFO - Early stopping triggered after 88 epochs
2024-11-27 18:54:57,316 - INFO - Best validation accuracy: 0.7857
2024-11-27 18:54:57,560 - INFO - Early stopping triggered after 89 epochs
2024-11-27 18:54:57,560 - INFO - Best validation accuracy: 0.7857
2024-11-27 18:54:57,804 - INFO - Early stopping triggered after 90 epochs
2024-11-27 18:54:57,804 - INFO - Best validation accuracy: 0.7857
2024-11-27 18:54:57,804 - INFO - Epoch 90
2024-11-27 18:54:57,804 - INFO - Train Loss: 0.4715
2024-11-27 18:54:57,804 - INFO - Val Loss: 1.7477
2024-11-27 18:54:57,804 - INFO - Current Val Accuracy: 0.5714
2024-11-27 18:54:57,804 - INFO - Best Val Accuracy: 0.7857
2024-11-27 18:54:58,047 - INFO - Early stopping triggered after 91 epochs
2024-11-27 18:54:58,047 - INFO - Best validation accuracy: 0.7857
2024-11-27 18:54:58,291 - INFO - Early stopping triggered after 92 epochs
2024-11-27 18:54:58,291 - INFO - Best validation accuracy: 0.7857
2024-11-27 18:54:58,535 - INFO - Early stopping triggered after 93 epochs
2024-11-27 18:54:58,535 - INFO - Best validation accuracy: 0.7857
2024-11-27 18:54:58,778 - INFO - Early stopping triggered after 94 epochs
2024-11-27 18:54:58,778 - INFO - Best validation accuracy: 0.7857
2024-11-27 18:54:59,022 - INFO - Early stopping triggered after 95 epochs
2024-11-27 18:54:59,022 - INFO - Best validation accuracy: 0.7857
2024-11-27 18:54:59,022 - INFO - Epoch 95
2024-11-27 18:54:59,022 - INFO - Train Loss: 0.4633
2024-11-27 18:54:59,022 - INFO - Val Loss: 1.8353
2024-11-27 18:54:59,022 - INFO - Current Val Accuracy: 0.5714
2024-11-27 18:54:59,022 - INFO - Best Val Accuracy: 0.7857
2024-11-27 18:54:59,266 - INFO - Early stopping triggered after 96 epochs
2024-11-27 18:54:59,266 - INFO - Best validation accuracy: 0.7857
2024-11-27 18:54:59,510 - INFO - Early stopping triggered after 97 epochs
2024-11-27 18:54:59,510 - INFO - Best validation accuracy: 0.7857
2024-11-27 18:54:59,755 - INFO - Early stopping triggered after 98 epochs
2024-11-27 18:54:59,755 - INFO - Best validation accuracy: 0.7857
2024-11-27 18:54:59,999 - INFO - Early stopping triggered after 99 epochs
2024-11-27 18:54:59,999 - INFO - Best validation accuracy: 0.7857
2024-11-27 18:55:00,244 - INFO - Early stopping triggered after 100 epochs
2024-11-27 18:55:00,244 - INFO - Best validation accuracy: 0.7857
2024-11-27 18:55:00,244 - INFO - Epoch 100
2024-11-27 18:55:00,244 - INFO - Train Loss: 0.4642
2024-11-27 18:55:00,244 - INFO - Val Loss: 1.9194
2024-11-27 18:55:00,244 - INFO - Current Val Accuracy: 0.5714
2024-11-27 18:55:00,244 - INFO - Best Val Accuracy: 0.7857
2024-11-27 18:55:00,247 - INFO - 
New best overall accuracy: 0.7857 (Fold 2)
2024-11-27 18:55:00,247 - INFO - 
Starting Fold 3/3
2024-11-27 18:55:00,501 - INFO - Epoch 1: New best validation accuracy: 0.1429
2024-11-27 18:55:01,235 - INFO - Epoch 4: New best validation accuracy: 0.2857
2024-11-27 18:55:01,481 - INFO - Epoch 5: New best validation accuracy: 0.3571
2024-11-27 18:55:01,481 - INFO - Epoch 5
2024-11-27 18:55:01,481 - INFO - Train Loss: 5.2542
2024-11-27 18:55:01,481 - INFO - Val Loss: 5.5247
2024-11-27 18:55:01,481 - INFO - Current Val Accuracy: 0.3571
2024-11-27 18:55:01,481 - INFO - Best Val Accuracy: 0.3571
2024-11-27 18:55:01,728 - INFO - Epoch 6: New best validation accuracy: 0.5000
2024-11-27 18:55:01,976 - INFO - Epoch 7: New best validation accuracy: 0.5714
2024-11-27 18:55:02,710 - INFO - Epoch 10
2024-11-27 18:55:02,710 - INFO - Train Loss: 1.7936
2024-11-27 18:55:02,710 - INFO - Val Loss: 2.0053
2024-11-27 18:55:02,710 - INFO - Current Val Accuracy: 0.4286
2024-11-27 18:55:02,710 - INFO - Best Val Accuracy: 0.5714
2024-11-27 18:55:03,930 - INFO - Epoch 15
2024-11-27 18:55:03,930 - INFO - Train Loss: 1.4887
2024-11-27 18:55:03,930 - INFO - Val Loss: 2.1234
2024-11-27 18:55:03,930 - INFO - Current Val Accuracy: 0.3571
2024-11-27 18:55:03,930 - INFO - Best Val Accuracy: 0.5714
2024-11-27 18:55:04,417 - INFO - Early stopping triggered after 17 epochs
2024-11-27 18:55:04,417 - INFO - Best validation accuracy: 0.5714
2024-11-27 18:55:04,661 - INFO - Early stopping triggered after 18 epochs
2024-11-27 18:55:04,661 - INFO - Best validation accuracy: 0.5714
2024-11-27 18:55:04,908 - INFO - Epoch 19: New best validation accuracy: 0.6429
2024-11-27 18:55:05,153 - INFO - Epoch 20
2024-11-27 18:55:05,153 - INFO - Train Loss: 1.0481
2024-11-27 18:55:05,153 - INFO - Val Loss: 1.4834
2024-11-27 18:55:05,153 - INFO - Current Val Accuracy: 0.6429
2024-11-27 18:55:05,153 - INFO - Best Val Accuracy: 0.6429
2024-11-27 18:55:06,376 - INFO - Epoch 25
2024-11-27 18:55:06,376 - INFO - Train Loss: 0.9284
2024-11-27 18:55:06,376 - INFO - Val Loss: 1.6445
2024-11-27 18:55:06,376 - INFO - Current Val Accuracy: 0.6429
2024-11-27 18:55:06,376 - INFO - Best Val Accuracy: 0.6429
2024-11-27 18:55:07,357 - INFO - Early stopping triggered after 29 epochs
2024-11-27 18:55:07,357 - INFO - Best validation accuracy: 0.6429
2024-11-27 18:55:07,602 - INFO - Early stopping triggered after 30 epochs
2024-11-27 18:55:07,602 - INFO - Best validation accuracy: 0.6429
2024-11-27 18:55:07,602 - INFO - Epoch 30
2024-11-27 18:55:07,602 - INFO - Train Loss: 0.7747
2024-11-27 18:55:07,602 - INFO - Val Loss: 1.3817
2024-11-27 18:55:07,602 - INFO - Current Val Accuracy: 0.6429
2024-11-27 18:55:07,602 - INFO - Best Val Accuracy: 0.6429
2024-11-27 18:55:07,850 - INFO - Epoch 31: New best validation accuracy: 0.7143
2024-11-27 18:55:08,832 - INFO - Epoch 35
2024-11-27 18:55:08,832 - INFO - Train Loss: 0.6971
2024-11-27 18:55:08,832 - INFO - Val Loss: 1.5560
2024-11-27 18:55:08,832 - INFO - Current Val Accuracy: 0.6429
2024-11-27 18:55:08,832 - INFO - Best Val Accuracy: 0.7143
2024-11-27 18:55:10,058 - INFO - Epoch 40
2024-11-27 18:55:10,058 - INFO - Train Loss: 0.6299
2024-11-27 18:55:10,058 - INFO - Val Loss: 1.6439
2024-11-27 18:55:10,058 - INFO - Current Val Accuracy: 0.7143
2024-11-27 18:55:10,058 - INFO - Best Val Accuracy: 0.7143
2024-11-27 18:55:10,303 - INFO - Early stopping triggered after 41 epochs
2024-11-27 18:55:10,303 - INFO - Best validation accuracy: 0.7143
2024-11-27 18:55:10,548 - INFO - Early stopping triggered after 42 epochs
2024-11-27 18:55:10,548 - INFO - Best validation accuracy: 0.7143
2024-11-27 18:55:10,794 - INFO - Early stopping triggered after 43 epochs
2024-11-27 18:55:10,794 - INFO - Best validation accuracy: 0.7143
2024-11-27 18:55:11,039 - INFO - Early stopping triggered after 44 epochs
2024-11-27 18:55:11,039 - INFO - Best validation accuracy: 0.7143
2024-11-27 18:55:11,285 - INFO - Early stopping triggered after 45 epochs
2024-11-27 18:55:11,285 - INFO - Best validation accuracy: 0.7143
2024-11-27 18:55:11,285 - INFO - Epoch 45
2024-11-27 18:55:11,285 - INFO - Train Loss: 0.5797
2024-11-27 18:55:11,286 - INFO - Val Loss: 1.8817
2024-11-27 18:55:11,286 - INFO - Current Val Accuracy: 0.6429
2024-11-27 18:55:11,286 - INFO - Best Val Accuracy: 0.7143
2024-11-27 18:55:11,531 - INFO - Early stopping triggered after 46 epochs
2024-11-27 18:55:11,531 - INFO - Best validation accuracy: 0.7143
2024-11-27 18:55:11,777 - INFO - Early stopping triggered after 47 epochs
2024-11-27 18:55:11,777 - INFO - Best validation accuracy: 0.7143
2024-11-27 18:55:12,030 - INFO - Early stopping triggered after 48 epochs
2024-11-27 18:55:12,030 - INFO - Best validation accuracy: 0.7143
2024-11-27 18:55:12,275 - INFO - Early stopping triggered after 49 epochs
2024-11-27 18:55:12,275 - INFO - Best validation accuracy: 0.7143
2024-11-27 18:55:12,521 - INFO - Early stopping triggered after 50 epochs
2024-11-27 18:55:12,521 - INFO - Best validation accuracy: 0.7143
2024-11-27 18:55:12,521 - INFO - Epoch 50
2024-11-27 18:55:12,521 - INFO - Train Loss: 0.5236
2024-11-27 18:55:12,521 - INFO - Val Loss: 1.9007
2024-11-27 18:55:12,521 - INFO - Current Val Accuracy: 0.7143
2024-11-27 18:55:12,521 - INFO - Best Val Accuracy: 0.7143
2024-11-27 18:55:12,766 - INFO - Early stopping triggered after 51 epochs
2024-11-27 18:55:12,766 - INFO - Best validation accuracy: 0.7143
2024-11-27 18:55:13,012 - INFO - Early stopping triggered after 52 epochs
2024-11-27 18:55:13,012 - INFO - Best validation accuracy: 0.7143
2024-11-27 18:55:13,258 - INFO - Early stopping triggered after 53 epochs
2024-11-27 18:55:13,258 - INFO - Best validation accuracy: 0.7143
2024-11-27 18:55:13,504 - INFO - Early stopping triggered after 54 epochs
2024-11-27 18:55:13,504 - INFO - Best validation accuracy: 0.7143
2024-11-27 18:55:13,749 - INFO - Early stopping triggered after 55 epochs
2024-11-27 18:55:13,749 - INFO - Best validation accuracy: 0.7143
2024-11-27 18:55:13,749 - INFO - Epoch 55
2024-11-27 18:55:13,749 - INFO - Train Loss: 0.5081
2024-11-27 18:55:13,749 - INFO - Val Loss: 1.7885
2024-11-27 18:55:13,749 - INFO - Current Val Accuracy: 0.7143
2024-11-27 18:55:13,749 - INFO - Best Val Accuracy: 0.7143
2024-11-27 18:55:13,993 - INFO - Early stopping triggered after 56 epochs
2024-11-27 18:55:13,994 - INFO - Best validation accuracy: 0.7143
2024-11-27 18:55:14,238 - INFO - Early stopping triggered after 57 epochs
2024-11-27 18:55:14,238 - INFO - Best validation accuracy: 0.7143
2024-11-27 18:55:14,483 - INFO - Early stopping triggered after 58 epochs
2024-11-27 18:55:14,483 - INFO - Best validation accuracy: 0.7143
2024-11-27 18:55:14,729 - INFO - Early stopping triggered after 59 epochs
2024-11-27 18:55:14,729 - INFO - Best validation accuracy: 0.7143
2024-11-27 18:55:14,975 - INFO - Early stopping triggered after 60 epochs
2024-11-27 18:55:14,975 - INFO - Best validation accuracy: 0.7143
2024-11-27 18:55:14,975 - INFO - Epoch 60
2024-11-27 18:55:14,975 - INFO - Train Loss: 0.4905
2024-11-27 18:55:14,975 - INFO - Val Loss: 1.7612
2024-11-27 18:55:14,975 - INFO - Current Val Accuracy: 0.7143
2024-11-27 18:55:14,975 - INFO - Best Val Accuracy: 0.7143
2024-11-27 18:55:15,221 - INFO - Early stopping triggered after 61 epochs
2024-11-27 18:55:15,221 - INFO - Best validation accuracy: 0.7143
2024-11-27 18:55:15,466 - INFO - Early stopping triggered after 62 epochs
2024-11-27 18:55:15,467 - INFO - Best validation accuracy: 0.7143
2024-11-27 18:55:15,712 - INFO - Early stopping triggered after 63 epochs
2024-11-27 18:55:15,712 - INFO - Best validation accuracy: 0.7143
2024-11-27 18:55:15,958 - INFO - Early stopping triggered after 64 epochs
2024-11-27 18:55:15,958 - INFO - Best validation accuracy: 0.7143
2024-11-27 18:55:16,203 - INFO - Early stopping triggered after 65 epochs
2024-11-27 18:55:16,203 - INFO - Best validation accuracy: 0.7143
2024-11-27 18:55:16,203 - INFO - Epoch 65
2024-11-27 18:55:16,203 - INFO - Train Loss: 0.4895
2024-11-27 18:55:16,203 - INFO - Val Loss: 1.8575
2024-11-27 18:55:16,203 - INFO - Current Val Accuracy: 0.7143
2024-11-27 18:55:16,203 - INFO - Best Val Accuracy: 0.7143
2024-11-27 18:55:16,448 - INFO - Early stopping triggered after 66 epochs
2024-11-27 18:55:16,448 - INFO - Best validation accuracy: 0.7143
2024-11-27 18:55:16,692 - INFO - Early stopping triggered after 67 epochs
2024-11-27 18:55:16,692 - INFO - Best validation accuracy: 0.7143
2024-11-27 18:55:16,937 - INFO - Early stopping triggered after 68 epochs
2024-11-27 18:55:16,937 - INFO - Best validation accuracy: 0.7143
2024-11-27 18:55:17,183 - INFO - Early stopping triggered after 69 epochs
2024-11-27 18:55:17,183 - INFO - Best validation accuracy: 0.7143
2024-11-27 18:55:17,429 - INFO - Early stopping triggered after 70 epochs
2024-11-27 18:55:17,429 - INFO - Best validation accuracy: 0.7143
2024-11-27 18:55:17,429 - INFO - Epoch 70
2024-11-27 18:55:17,429 - INFO - Train Loss: 0.4788
2024-11-27 18:55:17,429 - INFO - Val Loss: 2.0817
2024-11-27 18:55:17,429 - INFO - Current Val Accuracy: 0.6429
2024-11-27 18:55:17,429 - INFO - Best Val Accuracy: 0.7143
2024-11-27 18:55:17,675 - INFO - Early stopping triggered after 71 epochs
2024-11-27 18:55:17,675 - INFO - Best validation accuracy: 0.7143
2024-11-27 18:55:17,921 - INFO - Early stopping triggered after 72 epochs
2024-11-27 18:55:17,921 - INFO - Best validation accuracy: 0.7143
2024-11-27 18:55:18,167 - INFO - Early stopping triggered after 73 epochs
2024-11-27 18:55:18,167 - INFO - Best validation accuracy: 0.7143
2024-11-27 18:55:18,413 - INFO - Early stopping triggered after 74 epochs
2024-11-27 18:55:18,413 - INFO - Best validation accuracy: 0.7143
2024-11-27 18:55:18,658 - INFO - Early stopping triggered after 75 epochs
2024-11-27 18:55:18,658 - INFO - Best validation accuracy: 0.7143
2024-11-27 18:55:18,658 - INFO - Epoch 75
2024-11-27 18:55:18,658 - INFO - Train Loss: 0.4646
2024-11-27 18:55:18,658 - INFO - Val Loss: 2.0061
2024-11-27 18:55:18,658 - INFO - Current Val Accuracy: 0.6429
2024-11-27 18:55:18,658 - INFO - Best Val Accuracy: 0.7143
2024-11-27 18:55:18,903 - INFO - Early stopping triggered after 76 epochs
2024-11-27 18:55:18,903 - INFO - Best validation accuracy: 0.7143
2024-11-27 18:55:19,148 - INFO - Early stopping triggered after 77 epochs
2024-11-27 18:55:19,148 - INFO - Best validation accuracy: 0.7143
2024-11-27 18:55:19,393 - INFO - Early stopping triggered after 78 epochs
2024-11-27 18:55:19,393 - INFO - Best validation accuracy: 0.7143
2024-11-27 18:55:19,639 - INFO - Early stopping triggered after 79 epochs
2024-11-27 18:55:19,639 - INFO - Best validation accuracy: 0.7143
2024-11-27 18:55:19,885 - INFO - Early stopping triggered after 80 epochs
2024-11-27 18:55:19,885 - INFO - Best validation accuracy: 0.7143
2024-11-27 18:55:19,885 - INFO - Epoch 80
2024-11-27 18:55:19,885 - INFO - Train Loss: 0.4671
2024-11-27 18:55:19,885 - INFO - Val Loss: 1.8157
2024-11-27 18:55:19,885 - INFO - Current Val Accuracy: 0.7143
2024-11-27 18:55:19,885 - INFO - Best Val Accuracy: 0.7143
2024-11-27 18:55:20,130 - INFO - Early stopping triggered after 81 epochs
2024-11-27 18:55:20,131 - INFO - Best validation accuracy: 0.7143
2024-11-27 18:55:20,376 - INFO - Early stopping triggered after 82 epochs
2024-11-27 18:55:20,376 - INFO - Best validation accuracy: 0.7143
2024-11-27 18:55:20,622 - INFO - Early stopping triggered after 83 epochs
2024-11-27 18:55:20,622 - INFO - Best validation accuracy: 0.7143
2024-11-27 18:55:20,868 - INFO - Early stopping triggered after 84 epochs
2024-11-27 18:55:20,868 - INFO - Best validation accuracy: 0.7143
2024-11-27 18:55:21,113 - INFO - Early stopping triggered after 85 epochs
2024-11-27 18:55:21,114 - INFO - Best validation accuracy: 0.7143
2024-11-27 18:55:21,114 - INFO - Epoch 85
2024-11-27 18:55:21,114 - INFO - Train Loss: 0.4680
2024-11-27 18:55:21,114 - INFO - Val Loss: 1.7747
2024-11-27 18:55:21,114 - INFO - Current Val Accuracy: 0.7143
2024-11-27 18:55:21,114 - INFO - Best Val Accuracy: 0.7143
2024-11-27 18:55:21,359 - INFO - Early stopping triggered after 86 epochs
2024-11-27 18:55:21,359 - INFO - Best validation accuracy: 0.7143
2024-11-27 18:55:21,604 - INFO - Early stopping triggered after 87 epochs
2024-11-27 18:55:21,604 - INFO - Best validation accuracy: 0.7143
2024-11-27 18:55:21,848 - INFO - Early stopping triggered after 88 epochs
2024-11-27 18:55:21,848 - INFO - Best validation accuracy: 0.7143
2024-11-27 18:55:22,097 - INFO - Early stopping triggered after 89 epochs
2024-11-27 18:55:22,097 - INFO - Best validation accuracy: 0.7143
2024-11-27 18:55:22,343 - INFO - Early stopping triggered after 90 epochs
2024-11-27 18:55:22,343 - INFO - Best validation accuracy: 0.7143
2024-11-27 18:55:22,343 - INFO - Epoch 90
2024-11-27 18:55:22,343 - INFO - Train Loss: 0.4611
2024-11-27 18:55:22,343 - INFO - Val Loss: 1.8770
2024-11-27 18:55:22,343 - INFO - Current Val Accuracy: 0.6429
2024-11-27 18:55:22,343 - INFO - Best Val Accuracy: 0.7143
2024-11-27 18:55:22,588 - INFO - Early stopping triggered after 91 epochs
2024-11-27 18:55:22,588 - INFO - Best validation accuracy: 0.7143
2024-11-27 18:55:22,834 - INFO - Early stopping triggered after 92 epochs
2024-11-27 18:55:22,834 - INFO - Best validation accuracy: 0.7143
2024-11-27 18:55:23,080 - INFO - Early stopping triggered after 93 epochs
2024-11-27 18:55:23,080 - INFO - Best validation accuracy: 0.7143
2024-11-27 18:55:23,326 - INFO - Early stopping triggered after 94 epochs
2024-11-27 18:55:23,326 - INFO - Best validation accuracy: 0.7143
2024-11-27 18:55:23,571 - INFO - Early stopping triggered after 95 epochs
2024-11-27 18:55:23,571 - INFO - Best validation accuracy: 0.7143
2024-11-27 18:55:23,572 - INFO - Epoch 95
2024-11-27 18:55:23,572 - INFO - Train Loss: 0.4661
2024-11-27 18:55:23,572 - INFO - Val Loss: 1.8931
2024-11-27 18:55:23,572 - INFO - Current Val Accuracy: 0.6429
2024-11-27 18:55:23,572 - INFO - Best Val Accuracy: 0.7143
2024-11-27 18:55:23,816 - INFO - Early stopping triggered after 96 epochs
2024-11-27 18:55:23,816 - INFO - Best validation accuracy: 0.7143
2024-11-27 18:55:24,062 - INFO - Early stopping triggered after 97 epochs
2024-11-27 18:55:24,062 - INFO - Best validation accuracy: 0.7143
2024-11-27 18:55:24,307 - INFO - Early stopping triggered after 98 epochs
2024-11-27 18:55:24,307 - INFO - Best validation accuracy: 0.7143
2024-11-27 18:55:24,553 - INFO - Early stopping triggered after 99 epochs
2024-11-27 18:55:24,553 - INFO - Best validation accuracy: 0.7143
2024-11-27 18:55:24,799 - INFO - Early stopping triggered after 100 epochs
2024-11-27 18:55:24,799 - INFO - Best validation accuracy: 0.7143
2024-11-27 18:55:24,799 - INFO - Epoch 100
2024-11-27 18:55:24,799 - INFO - Train Loss: 0.4634
2024-11-27 18:55:24,799 - INFO - Val Loss: 1.8898
2024-11-27 18:55:24,799 - INFO - Current Val Accuracy: 0.6429
2024-11-27 18:55:24,799 - INFO - Best Val Accuracy: 0.7143
2024-11-27 18:55:24,800 - INFO - 
Best validation metrics for each fold:
2024-11-27 18:55:24,800 - INFO - 
Fold 1:
2024-11-27 18:55:24,800 - INFO - balanced_accuracy: 0.7143
2024-11-27 18:55:24,800 - INFO - precision: 0.5111
2024-11-27 18:55:24,800 - INFO - recall: 0.6667
2024-11-27 18:55:24,800 - INFO - f1: 0.5619
2024-11-27 18:55:24,800 - INFO - auc_roc: 0.8786
2024-11-27 18:55:24,800 - INFO - 
Fold 2:
2024-11-27 18:55:24,800 - INFO - balanced_accuracy: 0.7857
2024-11-27 18:55:24,800 - INFO - precision: 0.8056
2024-11-27 18:55:24,800 - INFO - recall: 0.7500
2024-11-27 18:55:24,800 - INFO - f1: 0.7611
2024-11-27 18:55:24,800 - INFO - auc_roc: 0.9143
2024-11-27 18:55:24,800 - INFO - 
Fold 3:
2024-11-27 18:55:24,800 - INFO - balanced_accuracy: 0.7143
2024-11-27 18:55:24,800 - INFO - precision: 0.6250
2024-11-27 18:55:24,800 - INFO - recall: 0.6667
2024-11-27 18:55:24,800 - INFO - f1: 0.6389
2024-11-27 18:55:24,800 - INFO - auc_roc: 0.8857
2024-11-27 18:55:24,800 - INFO - 
Average metrics across all folds:
2024-11-27 18:55:24,800 - INFO - Average balanced_accuracy: 0.7381
2024-11-27 18:55:24,800 - INFO - Average precision: 0.6472
2024-11-27 18:55:24,800 - INFO - Average recall: 0.6944
2024-11-27 18:55:24,800 - INFO - Average f1: 0.6540
2024-11-27 18:55:24,800 - INFO - Average auc_roc: 0.8929
2024-11-27 18:55:24,800 - INFO - 
Metric standard deviations across folds:
2024-11-27 18:55:24,800 - INFO - balanced_accuracy std: 0.0337
2024-11-27 18:55:24,800 - INFO - precision std: 0.1212
2024-11-27 18:55:24,801 - INFO - recall std: 0.0393
2024-11-27 18:55:24,801 - INFO - f1 std: 0.0820
2024-11-27 18:55:24,801 - INFO - auc_roc std: 0.0154
2024-11-27 18:55:24,801 - INFO - 
Training completed. Best overall accuracy: 0.7857
2024-11-27 18:55:24,803 - INFO - Training time: 73.20s
