2024-11-27 18:50:17,875 - INFO - Starting training pipeline
2024-11-27 18:50:17,875 - INFO - Starting main training phase
2024-11-27 18:50:17,875 - INFO - Loading dataset: part
2024-11-27 18:50:17,875 - INFO - Loading data from: /vol/ecrg-solar/woodj4/fishy-business/data/REIMS.xlsx
2024-11-27 18:50:26,975 - INFO - Loaded data with shape: (306, 2081)
2024-11-27 18:50:26,981 - INFO - Filtered data shape: (36, 2081)
2024-11-27 18:50:26,981 - INFO - Dataset shape after filtering: (36, 2081)
2024-11-27 18:50:26,983 - INFO - Features shape: (36, 2080), Labels shape: (36, 7)
2024-11-27 18:50:28,151 - INFO - Created model: Transformer(
  (encoder): Encoder(
    (layers): ModuleList(
      (0-3): 4 x EncoderLayer(
        (self_attention): MultiHeadAttention(
          (query): Linear(in_features=2080, out_features=2080, bias=True)
          (key): Linear(in_features=2080, out_features=2080, bias=True)
          (value): Linear(in_features=2080, out_features=2080, bias=True)
          (fc_out): Linear(in_features=2080, out_features=2080, bias=True)
        )
        (feed_forward): FeedForward(
          (fc1): Linear(in_features=2080, out_features=128, bias=True)
          (fc2): Linear(in_features=128, out_features=2080, bias=True)
          (dropout): Dropout(p=0.2, inplace=False)
        )
        (norm1): LayerNorm((2080,), eps=1e-05, elementwise_affine=True)
        (norm2): LayerNorm((2080,), eps=1e-05, elementwise_affine=True)
        (dropout1): Dropout(p=0.2, inplace=False)
        (dropout2): Dropout(p=0.2, inplace=False)
      )
    )
  )
  (decoder): Decoder(
    (layers): ModuleList(
      (0-3): 4 x DecoderLayer(
        (self_attention): MultiHeadAttention(
          (query): Linear(in_features=2080, out_features=2080, bias=True)
          (key): Linear(in_features=2080, out_features=2080, bias=True)
          (value): Linear(in_features=2080, out_features=2080, bias=True)
          (fc_out): Linear(in_features=2080, out_features=2080, bias=True)
        )
        (cross_attention): MultiHeadAttention(
          (query): Linear(in_features=2080, out_features=2080, bias=True)
          (key): Linear(in_features=2080, out_features=2080, bias=True)
          (value): Linear(in_features=2080, out_features=2080, bias=True)
          (fc_out): Linear(in_features=2080, out_features=2080, bias=True)
        )
        (feed_forward): FeedForward(
          (fc1): Linear(in_features=2080, out_features=128, bias=True)
          (fc2): Linear(in_features=128, out_features=2080, bias=True)
          (dropout): Dropout(p=0.2, inplace=False)
        )
        (norm1): LayerNorm((2080,), eps=1e-05, elementwise_affine=True)
        (norm2): LayerNorm((2080,), eps=1e-05, elementwise_affine=True)
        (norm3): LayerNorm((2080,), eps=1e-05, elementwise_affine=True)
        (dropout1): Dropout(p=0.2, inplace=False)
        (dropout2): Dropout(p=0.2, inplace=False)
        (dropout3): Dropout(p=0.2, inplace=False)
      )
    )
  )
  (fc): Linear(in_features=2080, out_features=7, bias=True)
)
2024-11-27 18:50:28,575 - INFO - Starting k-fold cross validation training
2024-11-27 18:50:28,597 - INFO - 
Starting Fold 1/3
2024-11-27 18:50:28,871 - INFO - Epoch 1: New best validation accuracy: 0.5000
2024-11-27 18:50:29,357 - INFO - Epoch 5
2024-11-27 18:50:29,357 - INFO - Train Loss: 110.3585
2024-11-27 18:50:29,357 - INFO - Val Loss: 362.3341
2024-11-27 18:50:29,357 - INFO - Current Val Accuracy: 0.1429
2024-11-27 18:50:29,357 - INFO - Best Val Accuracy: 0.5000
2024-11-27 18:50:29,949 - INFO - Epoch 10
2024-11-27 18:50:29,949 - INFO - Train Loss: 83.8280
2024-11-27 18:50:29,949 - INFO - Val Loss: 355.4086
2024-11-27 18:50:29,949 - INFO - Current Val Accuracy: 0.2857
2024-11-27 18:50:29,949 - INFO - Best Val Accuracy: 0.5000
2024-11-27 18:50:30,068 - INFO - Early stopping triggered after 11 epochs
2024-11-27 18:50:30,068 - INFO - Best validation accuracy: 0.5000
2024-11-27 18:50:30,187 - INFO - Early stopping triggered after 12 epochs
2024-11-27 18:50:30,188 - INFO - Best validation accuracy: 0.5000
2024-11-27 18:50:30,306 - INFO - Early stopping triggered after 13 epochs
2024-11-27 18:50:30,306 - INFO - Best validation accuracy: 0.5000
2024-11-27 18:50:30,424 - INFO - Early stopping triggered after 14 epochs
2024-11-27 18:50:30,424 - INFO - Best validation accuracy: 0.5000
2024-11-27 18:50:30,544 - INFO - Early stopping triggered after 15 epochs
2024-11-27 18:50:30,544 - INFO - Best validation accuracy: 0.5000
2024-11-27 18:50:30,544 - INFO - Epoch 15
2024-11-27 18:50:30,544 - INFO - Train Loss: 193.8307
2024-11-27 18:50:30,544 - INFO - Val Loss: 258.6410
2024-11-27 18:50:30,544 - INFO - Current Val Accuracy: 0.2143
2024-11-27 18:50:30,544 - INFO - Best Val Accuracy: 0.5000
2024-11-27 18:50:30,662 - INFO - Early stopping triggered after 16 epochs
2024-11-27 18:50:30,662 - INFO - Best validation accuracy: 0.5000
2024-11-27 18:50:30,781 - INFO - Early stopping triggered after 17 epochs
2024-11-27 18:50:30,781 - INFO - Best validation accuracy: 0.5000
2024-11-27 18:50:30,900 - INFO - Early stopping triggered after 18 epochs
2024-11-27 18:50:30,900 - INFO - Best validation accuracy: 0.5000
2024-11-27 18:50:31,019 - INFO - Early stopping triggered after 19 epochs
2024-11-27 18:50:31,019 - INFO - Best validation accuracy: 0.5000
2024-11-27 18:50:31,137 - INFO - Early stopping triggered after 20 epochs
2024-11-27 18:50:31,137 - INFO - Best validation accuracy: 0.5000
2024-11-27 18:50:31,137 - INFO - Epoch 20
2024-11-27 18:50:31,137 - INFO - Train Loss: 100.1382
2024-11-27 18:50:31,137 - INFO - Val Loss: 191.5836
2024-11-27 18:50:31,137 - INFO - Current Val Accuracy: 0.3571
2024-11-27 18:50:31,137 - INFO - Best Val Accuracy: 0.5000
2024-11-27 18:50:31,255 - INFO - Early stopping triggered after 21 epochs
2024-11-27 18:50:31,255 - INFO - Best validation accuracy: 0.5000
2024-11-27 18:50:31,373 - INFO - Early stopping triggered after 22 epochs
2024-11-27 18:50:31,373 - INFO - Best validation accuracy: 0.5000
2024-11-27 18:50:31,492 - INFO - Early stopping triggered after 23 epochs
2024-11-27 18:50:31,492 - INFO - Best validation accuracy: 0.5000
2024-11-27 18:50:31,611 - INFO - Early stopping triggered after 24 epochs
2024-11-27 18:50:31,611 - INFO - Best validation accuracy: 0.5000
2024-11-27 18:50:31,730 - INFO - Early stopping triggered after 25 epochs
2024-11-27 18:50:31,730 - INFO - Best validation accuracy: 0.5000
2024-11-27 18:50:31,730 - INFO - Epoch 25
2024-11-27 18:50:31,730 - INFO - Train Loss: 89.6856
2024-11-27 18:50:31,730 - INFO - Val Loss: 230.9727
2024-11-27 18:50:31,730 - INFO - Current Val Accuracy: 0.4286
2024-11-27 18:50:31,730 - INFO - Best Val Accuracy: 0.5000
2024-11-27 18:50:31,848 - INFO - Early stopping triggered after 26 epochs
2024-11-27 18:50:31,849 - INFO - Best validation accuracy: 0.5000
2024-11-27 18:50:31,966 - INFO - Early stopping triggered after 27 epochs
2024-11-27 18:50:31,966 - INFO - Best validation accuracy: 0.5000
2024-11-27 18:50:32,084 - INFO - Early stopping triggered after 28 epochs
2024-11-27 18:50:32,084 - INFO - Best validation accuracy: 0.5000
2024-11-27 18:50:32,203 - INFO - Early stopping triggered after 29 epochs
2024-11-27 18:50:32,203 - INFO - Best validation accuracy: 0.5000
2024-11-27 18:50:32,330 - INFO - Epoch 30: New best validation accuracy: 0.5714
2024-11-27 18:50:32,330 - INFO - Epoch 30
2024-11-27 18:50:32,330 - INFO - Train Loss: 53.4675
2024-11-27 18:50:32,330 - INFO - Val Loss: 200.6494
2024-11-27 18:50:32,330 - INFO - Current Val Accuracy: 0.5714
2024-11-27 18:50:32,330 - INFO - Best Val Accuracy: 0.5714
2024-11-27 18:50:32,922 - INFO - Epoch 35
2024-11-27 18:50:32,922 - INFO - Train Loss: 66.8830
2024-11-27 18:50:32,922 - INFO - Val Loss: 228.4815
2024-11-27 18:50:32,922 - INFO - Current Val Accuracy: 0.4286
2024-11-27 18:50:32,922 - INFO - Best Val Accuracy: 0.5714
2024-11-27 18:50:33,514 - INFO - Early stopping triggered after 40 epochs
2024-11-27 18:50:33,514 - INFO - Best validation accuracy: 0.5714
2024-11-27 18:50:33,514 - INFO - Epoch 40
2024-11-27 18:50:33,514 - INFO - Train Loss: 75.2851
2024-11-27 18:50:33,514 - INFO - Val Loss: 166.3521
2024-11-27 18:50:33,514 - INFO - Current Val Accuracy: 0.5000
2024-11-27 18:50:33,514 - INFO - Best Val Accuracy: 0.5714
2024-11-27 18:50:33,632 - INFO - Early stopping triggered after 41 epochs
2024-11-27 18:50:33,632 - INFO - Best validation accuracy: 0.5714
2024-11-27 18:50:33,750 - INFO - Early stopping triggered after 42 epochs
2024-11-27 18:50:33,750 - INFO - Best validation accuracy: 0.5714
2024-11-27 18:50:33,868 - INFO - Early stopping triggered after 43 epochs
2024-11-27 18:50:33,868 - INFO - Best validation accuracy: 0.5714
2024-11-27 18:50:33,995 - INFO - Epoch 44: New best validation accuracy: 0.6429
2024-11-27 18:50:34,121 - INFO - Epoch 45: New best validation accuracy: 0.7143
2024-11-27 18:50:34,121 - INFO - Epoch 45
2024-11-27 18:50:34,121 - INFO - Train Loss: 40.9914
2024-11-27 18:50:34,121 - INFO - Val Loss: 62.7108
2024-11-27 18:50:34,121 - INFO - Current Val Accuracy: 0.7143
2024-11-27 18:50:34,121 - INFO - Best Val Accuracy: 0.7143
2024-11-27 18:50:34,713 - INFO - Epoch 50
2024-11-27 18:50:34,714 - INFO - Train Loss: 31.3280
2024-11-27 18:50:34,714 - INFO - Val Loss: 68.8446
2024-11-27 18:50:34,714 - INFO - Current Val Accuracy: 0.4286
2024-11-27 18:50:34,714 - INFO - Best Val Accuracy: 0.7143
2024-11-27 18:50:35,306 - INFO - Early stopping triggered after 55 epochs
2024-11-27 18:50:35,306 - INFO - Best validation accuracy: 0.7143
2024-11-27 18:50:35,306 - INFO - Epoch 55
2024-11-27 18:50:35,306 - INFO - Train Loss: 18.4740
2024-11-27 18:50:35,306 - INFO - Val Loss: 73.5961
2024-11-27 18:50:35,306 - INFO - Current Val Accuracy: 0.3571
2024-11-27 18:50:35,306 - INFO - Best Val Accuracy: 0.7143
2024-11-27 18:50:35,425 - INFO - Early stopping triggered after 56 epochs
2024-11-27 18:50:35,425 - INFO - Best validation accuracy: 0.7143
2024-11-27 18:50:35,544 - INFO - Early stopping triggered after 57 epochs
2024-11-27 18:50:35,544 - INFO - Best validation accuracy: 0.7143
2024-11-27 18:50:35,663 - INFO - Early stopping triggered after 58 epochs
2024-11-27 18:50:35,663 - INFO - Best validation accuracy: 0.7143
2024-11-27 18:50:35,781 - INFO - Early stopping triggered after 59 epochs
2024-11-27 18:50:35,781 - INFO - Best validation accuracy: 0.7143
2024-11-27 18:50:35,899 - INFO - Early stopping triggered after 60 epochs
2024-11-27 18:50:35,899 - INFO - Best validation accuracy: 0.7143
2024-11-27 18:50:35,899 - INFO - Epoch 60
2024-11-27 18:50:35,899 - INFO - Train Loss: 22.0041
2024-11-27 18:50:35,899 - INFO - Val Loss: 70.4913
2024-11-27 18:50:35,899 - INFO - Current Val Accuracy: 0.6429
2024-11-27 18:50:35,899 - INFO - Best Val Accuracy: 0.7143
2024-11-27 18:50:36,019 - INFO - Early stopping triggered after 61 epochs
2024-11-27 18:50:36,019 - INFO - Best validation accuracy: 0.7143
2024-11-27 18:50:36,138 - INFO - Early stopping triggered after 62 epochs
2024-11-27 18:50:36,138 - INFO - Best validation accuracy: 0.7143
2024-11-27 18:50:36,257 - INFO - Early stopping triggered after 63 epochs
2024-11-27 18:50:36,257 - INFO - Best validation accuracy: 0.7143
2024-11-27 18:50:36,376 - INFO - Early stopping triggered after 64 epochs
2024-11-27 18:50:36,376 - INFO - Best validation accuracy: 0.7143
2024-11-27 18:50:36,494 - INFO - Early stopping triggered after 65 epochs
2024-11-27 18:50:36,494 - INFO - Best validation accuracy: 0.7143
2024-11-27 18:50:36,495 - INFO - Epoch 65
2024-11-27 18:50:36,495 - INFO - Train Loss: 18.2184
2024-11-27 18:50:36,495 - INFO - Val Loss: 88.0777
2024-11-27 18:50:36,495 - INFO - Current Val Accuracy: 0.3571
2024-11-27 18:50:36,495 - INFO - Best Val Accuracy: 0.7143
2024-11-27 18:50:36,613 - INFO - Early stopping triggered after 66 epochs
2024-11-27 18:50:36,613 - INFO - Best validation accuracy: 0.7143
2024-11-27 18:50:36,731 - INFO - Early stopping triggered after 67 epochs
2024-11-27 18:50:36,731 - INFO - Best validation accuracy: 0.7143
2024-11-27 18:50:36,850 - INFO - Early stopping triggered after 68 epochs
2024-11-27 18:50:36,850 - INFO - Best validation accuracy: 0.7143
2024-11-27 18:50:36,969 - INFO - Early stopping triggered after 69 epochs
2024-11-27 18:50:36,969 - INFO - Best validation accuracy: 0.7143
2024-11-27 18:50:37,088 - INFO - Early stopping triggered after 70 epochs
2024-11-27 18:50:37,088 - INFO - Best validation accuracy: 0.7143
2024-11-27 18:50:37,088 - INFO - Epoch 70
2024-11-27 18:50:37,088 - INFO - Train Loss: 14.5535
2024-11-27 18:50:37,088 - INFO - Val Loss: 25.1867
2024-11-27 18:50:37,088 - INFO - Current Val Accuracy: 0.6429
2024-11-27 18:50:37,088 - INFO - Best Val Accuracy: 0.7143
2024-11-27 18:50:37,207 - INFO - Early stopping triggered after 71 epochs
2024-11-27 18:50:37,207 - INFO - Best validation accuracy: 0.7143
2024-11-27 18:50:37,325 - INFO - Early stopping triggered after 72 epochs
2024-11-27 18:50:37,325 - INFO - Best validation accuracy: 0.7143
2024-11-27 18:50:37,443 - INFO - Early stopping triggered after 73 epochs
2024-11-27 18:50:37,443 - INFO - Best validation accuracy: 0.7143
2024-11-27 18:50:37,562 - INFO - Early stopping triggered after 74 epochs
2024-11-27 18:50:37,562 - INFO - Best validation accuracy: 0.7143
2024-11-27 18:50:37,681 - INFO - Early stopping triggered after 75 epochs
2024-11-27 18:50:37,681 - INFO - Best validation accuracy: 0.7143
2024-11-27 18:50:37,681 - INFO - Epoch 75
2024-11-27 18:50:37,681 - INFO - Train Loss: 12.4161
2024-11-27 18:50:37,681 - INFO - Val Loss: 35.1291
2024-11-27 18:50:37,681 - INFO - Current Val Accuracy: 0.4286
2024-11-27 18:50:37,681 - INFO - Best Val Accuracy: 0.7143
2024-11-27 18:50:37,800 - INFO - Early stopping triggered after 76 epochs
2024-11-27 18:50:37,800 - INFO - Best validation accuracy: 0.7143
2024-11-27 18:50:37,919 - INFO - Early stopping triggered after 77 epochs
2024-11-27 18:50:37,919 - INFO - Best validation accuracy: 0.7143
2024-11-27 18:50:38,037 - INFO - Early stopping triggered after 78 epochs
2024-11-27 18:50:38,037 - INFO - Best validation accuracy: 0.7143
2024-11-27 18:50:38,155 - INFO - Early stopping triggered after 79 epochs
2024-11-27 18:50:38,155 - INFO - Best validation accuracy: 0.7143
2024-11-27 18:50:38,274 - INFO - Early stopping triggered after 80 epochs
2024-11-27 18:50:38,274 - INFO - Best validation accuracy: 0.7143
2024-11-27 18:50:38,274 - INFO - Epoch 80
2024-11-27 18:50:38,274 - INFO - Train Loss: 9.8133
2024-11-27 18:50:38,274 - INFO - Val Loss: 36.3612
2024-11-27 18:50:38,274 - INFO - Current Val Accuracy: 0.2143
2024-11-27 18:50:38,274 - INFO - Best Val Accuracy: 0.7143
2024-11-27 18:50:38,393 - INFO - Early stopping triggered after 81 epochs
2024-11-27 18:50:38,393 - INFO - Best validation accuracy: 0.7143
2024-11-27 18:50:38,512 - INFO - Early stopping triggered after 82 epochs
2024-11-27 18:50:38,512 - INFO - Best validation accuracy: 0.7143
2024-11-27 18:50:38,631 - INFO - Early stopping triggered after 83 epochs
2024-11-27 18:50:38,631 - INFO - Best validation accuracy: 0.7143
2024-11-27 18:50:38,750 - INFO - Early stopping triggered after 84 epochs
2024-11-27 18:50:38,750 - INFO - Best validation accuracy: 0.7143
2024-11-27 18:50:38,868 - INFO - Early stopping triggered after 85 epochs
2024-11-27 18:50:38,868 - INFO - Best validation accuracy: 0.7143
2024-11-27 18:50:38,868 - INFO - Epoch 85
2024-11-27 18:50:38,868 - INFO - Train Loss: 8.5202
2024-11-27 18:50:38,868 - INFO - Val Loss: 41.4280
2024-11-27 18:50:38,868 - INFO - Current Val Accuracy: 0.1429
2024-11-27 18:50:38,868 - INFO - Best Val Accuracy: 0.7143
2024-11-27 18:50:38,987 - INFO - Early stopping triggered after 86 epochs
2024-11-27 18:50:38,987 - INFO - Best validation accuracy: 0.7143
2024-11-27 18:50:39,107 - INFO - Early stopping triggered after 87 epochs
2024-11-27 18:50:39,107 - INFO - Best validation accuracy: 0.7143
2024-11-27 18:50:39,226 - INFO - Early stopping triggered after 88 epochs
2024-11-27 18:50:39,226 - INFO - Best validation accuracy: 0.7143
2024-11-27 18:50:39,345 - INFO - Early stopping triggered after 89 epochs
2024-11-27 18:50:39,345 - INFO - Best validation accuracy: 0.7143
2024-11-27 18:50:39,464 - INFO - Early stopping triggered after 90 epochs
2024-11-27 18:50:39,464 - INFO - Best validation accuracy: 0.7143
2024-11-27 18:50:39,464 - INFO - Epoch 90
2024-11-27 18:50:39,464 - INFO - Train Loss: 7.3035
2024-11-27 18:50:39,465 - INFO - Val Loss: 31.3927
2024-11-27 18:50:39,465 - INFO - Current Val Accuracy: 0.2143
2024-11-27 18:50:39,465 - INFO - Best Val Accuracy: 0.7143
2024-11-27 18:50:39,583 - INFO - Early stopping triggered after 91 epochs
2024-11-27 18:50:39,583 - INFO - Best validation accuracy: 0.7143
2024-11-27 18:50:39,702 - INFO - Early stopping triggered after 92 epochs
2024-11-27 18:50:39,702 - INFO - Best validation accuracy: 0.7143
2024-11-27 18:50:39,820 - INFO - Early stopping triggered after 93 epochs
2024-11-27 18:50:39,820 - INFO - Best validation accuracy: 0.7143
2024-11-27 18:50:39,939 - INFO - Early stopping triggered after 94 epochs
2024-11-27 18:50:39,939 - INFO - Best validation accuracy: 0.7143
2024-11-27 18:50:40,058 - INFO - Early stopping triggered after 95 epochs
2024-11-27 18:50:40,058 - INFO - Best validation accuracy: 0.7143
2024-11-27 18:50:40,058 - INFO - Epoch 95
2024-11-27 18:50:40,058 - INFO - Train Loss: 5.6732
2024-11-27 18:50:40,058 - INFO - Val Loss: 30.0459
2024-11-27 18:50:40,058 - INFO - Current Val Accuracy: 0.2143
2024-11-27 18:50:40,058 - INFO - Best Val Accuracy: 0.7143
2024-11-27 18:50:40,177 - INFO - Early stopping triggered after 96 epochs
2024-11-27 18:50:40,178 - INFO - Best validation accuracy: 0.7143
2024-11-27 18:50:40,297 - INFO - Early stopping triggered after 97 epochs
2024-11-27 18:50:40,297 - INFO - Best validation accuracy: 0.7143
2024-11-27 18:50:40,415 - INFO - Early stopping triggered after 98 epochs
2024-11-27 18:50:40,416 - INFO - Best validation accuracy: 0.7143
2024-11-27 18:50:40,534 - INFO - Early stopping triggered after 99 epochs
2024-11-27 18:50:40,534 - INFO - Best validation accuracy: 0.7143
2024-11-27 18:50:40,652 - INFO - Early stopping triggered after 100 epochs
2024-11-27 18:50:40,652 - INFO - Best validation accuracy: 0.7143
2024-11-27 18:50:40,652 - INFO - Epoch 100
2024-11-27 18:50:40,652 - INFO - Train Loss: 5.4320
2024-11-27 18:50:40,652 - INFO - Val Loss: 23.7958
2024-11-27 18:50:40,652 - INFO - Current Val Accuracy: 0.4286
2024-11-27 18:50:40,652 - INFO - Best Val Accuracy: 0.7143
2024-11-27 18:50:40,660 - INFO - 
New best overall accuracy: 0.7143 (Fold 1)
2024-11-27 18:50:40,660 - INFO - 
Starting Fold 2/3
2024-11-27 18:50:40,812 - INFO - Epoch 1: New best validation accuracy: 0.5000
2024-11-27 18:50:41,059 - INFO - Epoch 3: New best validation accuracy: 0.6429
2024-11-27 18:50:41,296 - INFO - Epoch 5
2024-11-27 18:50:41,296 - INFO - Train Loss: 224.3479
2024-11-27 18:50:41,296 - INFO - Val Loss: 162.2349
2024-11-27 18:50:41,296 - INFO - Current Val Accuracy: 0.2143
2024-11-27 18:50:41,296 - INFO - Best Val Accuracy: 0.6429
2024-11-27 18:50:41,890 - INFO - Epoch 10
2024-11-27 18:50:41,890 - INFO - Train Loss: 263.8008
2024-11-27 18:50:41,890 - INFO - Val Loss: 460.0885
2024-11-27 18:50:41,890 - INFO - Current Val Accuracy: 0.0714
2024-11-27 18:50:41,890 - INFO - Best Val Accuracy: 0.6429
2024-11-27 18:50:42,248 - INFO - Early stopping triggered after 13 epochs
2024-11-27 18:50:42,248 - INFO - Best validation accuracy: 0.6429
2024-11-27 18:50:42,367 - INFO - Early stopping triggered after 14 epochs
2024-11-27 18:50:42,367 - INFO - Best validation accuracy: 0.6429
2024-11-27 18:50:42,486 - INFO - Early stopping triggered after 15 epochs
2024-11-27 18:50:42,487 - INFO - Best validation accuracy: 0.6429
2024-11-27 18:50:42,487 - INFO - Epoch 15
2024-11-27 18:50:42,487 - INFO - Train Loss: 110.4842
2024-11-27 18:50:42,487 - INFO - Val Loss: 296.3561
2024-11-27 18:50:42,487 - INFO - Current Val Accuracy: 0.5000
2024-11-27 18:50:42,487 - INFO - Best Val Accuracy: 0.6429
2024-11-27 18:50:42,605 - INFO - Early stopping triggered after 16 epochs
2024-11-27 18:50:42,605 - INFO - Best validation accuracy: 0.6429
2024-11-27 18:50:42,724 - INFO - Early stopping triggered after 17 epochs
2024-11-27 18:50:42,724 - INFO - Best validation accuracy: 0.6429
2024-11-27 18:50:42,842 - INFO - Early stopping triggered after 18 epochs
2024-11-27 18:50:42,842 - INFO - Best validation accuracy: 0.6429
2024-11-27 18:50:42,961 - INFO - Early stopping triggered after 19 epochs
2024-11-27 18:50:42,961 - INFO - Best validation accuracy: 0.6429
2024-11-27 18:50:43,080 - INFO - Early stopping triggered after 20 epochs
2024-11-27 18:50:43,080 - INFO - Best validation accuracy: 0.6429
2024-11-27 18:50:43,080 - INFO - Epoch 20
2024-11-27 18:50:43,080 - INFO - Train Loss: 104.7940
2024-11-27 18:50:43,080 - INFO - Val Loss: 174.5913
2024-11-27 18:50:43,080 - INFO - Current Val Accuracy: 0.3571
2024-11-27 18:50:43,080 - INFO - Best Val Accuracy: 0.6429
2024-11-27 18:50:43,200 - INFO - Early stopping triggered after 21 epochs
2024-11-27 18:50:43,200 - INFO - Best validation accuracy: 0.6429
2024-11-27 18:50:43,319 - INFO - Early stopping triggered after 22 epochs
2024-11-27 18:50:43,319 - INFO - Best validation accuracy: 0.6429
2024-11-27 18:50:43,438 - INFO - Early stopping triggered after 23 epochs
2024-11-27 18:50:43,438 - INFO - Best validation accuracy: 0.6429
2024-11-27 18:50:43,556 - INFO - Early stopping triggered after 24 epochs
2024-11-27 18:50:43,556 - INFO - Best validation accuracy: 0.6429
2024-11-27 18:50:43,674 - INFO - Early stopping triggered after 25 epochs
2024-11-27 18:50:43,674 - INFO - Best validation accuracy: 0.6429
2024-11-27 18:50:43,674 - INFO - Epoch 25
2024-11-27 18:50:43,675 - INFO - Train Loss: 63.9812
2024-11-27 18:50:43,675 - INFO - Val Loss: 159.1972
2024-11-27 18:50:43,675 - INFO - Current Val Accuracy: 0.2143
2024-11-27 18:50:43,675 - INFO - Best Val Accuracy: 0.6429
2024-11-27 18:50:43,793 - INFO - Early stopping triggered after 26 epochs
2024-11-27 18:50:43,794 - INFO - Best validation accuracy: 0.6429
2024-11-27 18:50:43,913 - INFO - Early stopping triggered after 27 epochs
2024-11-27 18:50:43,913 - INFO - Best validation accuracy: 0.6429
2024-11-27 18:50:44,033 - INFO - Early stopping triggered after 28 epochs
2024-11-27 18:50:44,033 - INFO - Best validation accuracy: 0.6429
2024-11-27 18:50:44,152 - INFO - Early stopping triggered after 29 epochs
2024-11-27 18:50:44,152 - INFO - Best validation accuracy: 0.6429
2024-11-27 18:50:44,271 - INFO - Early stopping triggered after 30 epochs
2024-11-27 18:50:44,271 - INFO - Best validation accuracy: 0.6429
2024-11-27 18:50:44,271 - INFO - Epoch 30
2024-11-27 18:50:44,271 - INFO - Train Loss: 47.5260
2024-11-27 18:50:44,271 - INFO - Val Loss: 100.0568
2024-11-27 18:50:44,271 - INFO - Current Val Accuracy: 0.5000
2024-11-27 18:50:44,271 - INFO - Best Val Accuracy: 0.6429
2024-11-27 18:50:44,390 - INFO - Early stopping triggered after 31 epochs
2024-11-27 18:50:44,390 - INFO - Best validation accuracy: 0.6429
2024-11-27 18:50:44,508 - INFO - Early stopping triggered after 32 epochs
2024-11-27 18:50:44,508 - INFO - Best validation accuracy: 0.6429
2024-11-27 18:50:44,626 - INFO - Early stopping triggered after 33 epochs
2024-11-27 18:50:44,626 - INFO - Best validation accuracy: 0.6429
2024-11-27 18:50:44,746 - INFO - Early stopping triggered after 34 epochs
2024-11-27 18:50:44,746 - INFO - Best validation accuracy: 0.6429
2024-11-27 18:50:44,865 - INFO - Early stopping triggered after 35 epochs
2024-11-27 18:50:44,865 - INFO - Best validation accuracy: 0.6429
2024-11-27 18:50:44,865 - INFO - Epoch 35
2024-11-27 18:50:44,865 - INFO - Train Loss: 32.8825
2024-11-27 18:50:44,865 - INFO - Val Loss: 77.9634
2024-11-27 18:50:44,865 - INFO - Current Val Accuracy: 0.5714
2024-11-27 18:50:44,865 - INFO - Best Val Accuracy: 0.6429
2024-11-27 18:50:44,984 - INFO - Early stopping triggered after 36 epochs
2024-11-27 18:50:44,985 - INFO - Best validation accuracy: 0.6429
2024-11-27 18:50:45,104 - INFO - Early stopping triggered after 37 epochs
2024-11-27 18:50:45,104 - INFO - Best validation accuracy: 0.6429
2024-11-27 18:50:45,224 - INFO - Early stopping triggered after 38 epochs
2024-11-27 18:50:45,224 - INFO - Best validation accuracy: 0.6429
2024-11-27 18:50:45,343 - INFO - Early stopping triggered after 39 epochs
2024-11-27 18:50:45,343 - INFO - Best validation accuracy: 0.6429
2024-11-27 18:50:45,462 - INFO - Early stopping triggered after 40 epochs
2024-11-27 18:50:45,462 - INFO - Best validation accuracy: 0.6429
2024-11-27 18:50:45,462 - INFO - Epoch 40
2024-11-27 18:50:45,462 - INFO - Train Loss: 28.6392
2024-11-27 18:50:45,462 - INFO - Val Loss: 53.8441
2024-11-27 18:50:45,462 - INFO - Current Val Accuracy: 0.6429
2024-11-27 18:50:45,462 - INFO - Best Val Accuracy: 0.6429
2024-11-27 18:50:45,580 - INFO - Early stopping triggered after 41 epochs
2024-11-27 18:50:45,580 - INFO - Best validation accuracy: 0.6429
2024-11-27 18:50:45,707 - INFO - Epoch 42: New best validation accuracy: 0.7143
2024-11-27 18:50:46,063 - INFO - Epoch 45
2024-11-27 18:50:46,063 - INFO - Train Loss: 23.7156
2024-11-27 18:50:46,063 - INFO - Val Loss: 67.8230
2024-11-27 18:50:46,063 - INFO - Current Val Accuracy: 0.5000
2024-11-27 18:50:46,063 - INFO - Best Val Accuracy: 0.7143
2024-11-27 18:50:46,657 - INFO - Epoch 50
2024-11-27 18:50:46,657 - INFO - Train Loss: 23.6249
2024-11-27 18:50:46,657 - INFO - Val Loss: 82.3561
2024-11-27 18:50:46,657 - INFO - Current Val Accuracy: 0.4286
2024-11-27 18:50:46,657 - INFO - Best Val Accuracy: 0.7143
2024-11-27 18:50:46,896 - INFO - Early stopping triggered after 52 epochs
2024-11-27 18:50:46,896 - INFO - Best validation accuracy: 0.7143
2024-11-27 18:50:47,015 - INFO - Early stopping triggered after 53 epochs
2024-11-27 18:50:47,015 - INFO - Best validation accuracy: 0.7143
2024-11-27 18:50:47,134 - INFO - Early stopping triggered after 54 epochs
2024-11-27 18:50:47,134 - INFO - Best validation accuracy: 0.7143
2024-11-27 18:50:47,253 - INFO - Early stopping triggered after 55 epochs
2024-11-27 18:50:47,253 - INFO - Best validation accuracy: 0.7143
2024-11-27 18:50:47,253 - INFO - Epoch 55
2024-11-27 18:50:47,253 - INFO - Train Loss: 20.2342
2024-11-27 18:50:47,253 - INFO - Val Loss: 54.5269
2024-11-27 18:50:47,253 - INFO - Current Val Accuracy: 0.4286
2024-11-27 18:50:47,253 - INFO - Best Val Accuracy: 0.7143
2024-11-27 18:50:47,372 - INFO - Early stopping triggered after 56 epochs
2024-11-27 18:50:47,372 - INFO - Best validation accuracy: 0.7143
2024-11-27 18:50:47,490 - INFO - Early stopping triggered after 57 epochs
2024-11-27 18:50:47,490 - INFO - Best validation accuracy: 0.7143
2024-11-27 18:50:47,609 - INFO - Early stopping triggered after 58 epochs
2024-11-27 18:50:47,609 - INFO - Best validation accuracy: 0.7143
2024-11-27 18:50:47,729 - INFO - Early stopping triggered after 59 epochs
2024-11-27 18:50:47,729 - INFO - Best validation accuracy: 0.7143
2024-11-27 18:50:47,848 - INFO - Early stopping triggered after 60 epochs
2024-11-27 18:50:47,848 - INFO - Best validation accuracy: 0.7143
2024-11-27 18:50:47,848 - INFO - Epoch 60
2024-11-27 18:50:47,848 - INFO - Train Loss: 16.4611
2024-11-27 18:50:47,848 - INFO - Val Loss: 38.1364
2024-11-27 18:50:47,848 - INFO - Current Val Accuracy: 0.2857
2024-11-27 18:50:47,848 - INFO - Best Val Accuracy: 0.7143
2024-11-27 18:50:47,968 - INFO - Early stopping triggered after 61 epochs
2024-11-27 18:50:47,968 - INFO - Best validation accuracy: 0.7143
2024-11-27 18:50:48,087 - INFO - Early stopping triggered after 62 epochs
2024-11-27 18:50:48,087 - INFO - Best validation accuracy: 0.7143
2024-11-27 18:50:48,205 - INFO - Early stopping triggered after 63 epochs
2024-11-27 18:50:48,205 - INFO - Best validation accuracy: 0.7143
2024-11-27 18:50:48,324 - INFO - Early stopping triggered after 64 epochs
2024-11-27 18:50:48,324 - INFO - Best validation accuracy: 0.7143
2024-11-27 18:50:48,443 - INFO - Early stopping triggered after 65 epochs
2024-11-27 18:50:48,443 - INFO - Best validation accuracy: 0.7143
2024-11-27 18:50:48,443 - INFO - Epoch 65
2024-11-27 18:50:48,443 - INFO - Train Loss: 10.7478
2024-11-27 18:50:48,443 - INFO - Val Loss: 39.1562
2024-11-27 18:50:48,443 - INFO - Current Val Accuracy: 0.5000
2024-11-27 18:50:48,443 - INFO - Best Val Accuracy: 0.7143
2024-11-27 18:50:48,562 - INFO - Early stopping triggered after 66 epochs
2024-11-27 18:50:48,562 - INFO - Best validation accuracy: 0.7143
2024-11-27 18:50:48,682 - INFO - Early stopping triggered after 67 epochs
2024-11-27 18:50:48,682 - INFO - Best validation accuracy: 0.7143
2024-11-27 18:50:48,802 - INFO - Early stopping triggered after 68 epochs
2024-11-27 18:50:48,802 - INFO - Best validation accuracy: 0.7143
2024-11-27 18:50:48,921 - INFO - Early stopping triggered after 69 epochs
2024-11-27 18:50:48,921 - INFO - Best validation accuracy: 0.7143
2024-11-27 18:50:49,040 - INFO - Early stopping triggered after 70 epochs
2024-11-27 18:50:49,040 - INFO - Best validation accuracy: 0.7143
2024-11-27 18:50:49,040 - INFO - Epoch 70
2024-11-27 18:50:49,040 - INFO - Train Loss: 8.3905
2024-11-27 18:50:49,040 - INFO - Val Loss: 30.6398
2024-11-27 18:50:49,040 - INFO - Current Val Accuracy: 0.2857
2024-11-27 18:50:49,040 - INFO - Best Val Accuracy: 0.7143
2024-11-27 18:50:49,159 - INFO - Early stopping triggered after 71 epochs
2024-11-27 18:50:49,159 - INFO - Best validation accuracy: 0.7143
2024-11-27 18:50:49,277 - INFO - Early stopping triggered after 72 epochs
2024-11-27 18:50:49,277 - INFO - Best validation accuracy: 0.7143
2024-11-27 18:50:49,396 - INFO - Early stopping triggered after 73 epochs
2024-11-27 18:50:49,396 - INFO - Best validation accuracy: 0.7143
2024-11-27 18:50:49,516 - INFO - Early stopping triggered after 74 epochs
2024-11-27 18:50:49,516 - INFO - Best validation accuracy: 0.7143
2024-11-27 18:50:49,636 - INFO - Early stopping triggered after 75 epochs
2024-11-27 18:50:49,636 - INFO - Best validation accuracy: 0.7143
2024-11-27 18:50:49,636 - INFO - Epoch 75
2024-11-27 18:50:49,636 - INFO - Train Loss: 6.8112
2024-11-27 18:50:49,636 - INFO - Val Loss: 36.7779
2024-11-27 18:50:49,636 - INFO - Current Val Accuracy: 0.4286
2024-11-27 18:50:49,636 - INFO - Best Val Accuracy: 0.7143
2024-11-27 18:50:49,755 - INFO - Early stopping triggered after 76 epochs
2024-11-27 18:50:49,755 - INFO - Best validation accuracy: 0.7143
2024-11-27 18:50:49,874 - INFO - Early stopping triggered after 77 epochs
2024-11-27 18:50:49,874 - INFO - Best validation accuracy: 0.7143
2024-11-27 18:50:49,993 - INFO - Early stopping triggered after 78 epochs
2024-11-27 18:50:49,993 - INFO - Best validation accuracy: 0.7143
2024-11-27 18:50:50,111 - INFO - Early stopping triggered after 79 epochs
2024-11-27 18:50:50,111 - INFO - Best validation accuracy: 0.7143
2024-11-27 18:50:50,230 - INFO - Early stopping triggered after 80 epochs
2024-11-27 18:50:50,230 - INFO - Best validation accuracy: 0.7143
2024-11-27 18:50:50,230 - INFO - Epoch 80
2024-11-27 18:50:50,230 - INFO - Train Loss: 8.0748
2024-11-27 18:50:50,230 - INFO - Val Loss: 22.6096
2024-11-27 18:50:50,230 - INFO - Current Val Accuracy: 0.3571
2024-11-27 18:50:50,230 - INFO - Best Val Accuracy: 0.7143
2024-11-27 18:50:50,349 - INFO - Early stopping triggered after 81 epochs
2024-11-27 18:50:50,349 - INFO - Best validation accuracy: 0.7143
2024-11-27 18:50:50,469 - INFO - Early stopping triggered after 82 epochs
2024-11-27 18:50:50,469 - INFO - Best validation accuracy: 0.7143
2024-11-27 18:50:50,588 - INFO - Early stopping triggered after 83 epochs
2024-11-27 18:50:50,588 - INFO - Best validation accuracy: 0.7143
2024-11-27 18:50:50,708 - INFO - Early stopping triggered after 84 epochs
2024-11-27 18:50:50,708 - INFO - Best validation accuracy: 0.7143
2024-11-27 18:50:50,827 - INFO - Early stopping triggered after 85 epochs
2024-11-27 18:50:50,827 - INFO - Best validation accuracy: 0.7143
2024-11-27 18:50:50,827 - INFO - Epoch 85
2024-11-27 18:50:50,827 - INFO - Train Loss: 5.5152
2024-11-27 18:50:50,827 - INFO - Val Loss: 20.5917
2024-11-27 18:50:50,827 - INFO - Current Val Accuracy: 0.4286
2024-11-27 18:50:50,827 - INFO - Best Val Accuracy: 0.7143
2024-11-27 18:50:50,946 - INFO - Early stopping triggered after 86 epochs
2024-11-27 18:50:50,946 - INFO - Best validation accuracy: 0.7143
2024-11-27 18:50:51,065 - INFO - Early stopping triggered after 87 epochs
2024-11-27 18:50:51,065 - INFO - Best validation accuracy: 0.7143
2024-11-27 18:50:51,184 - INFO - Early stopping triggered after 88 epochs
2024-11-27 18:50:51,184 - INFO - Best validation accuracy: 0.7143
2024-11-27 18:50:51,305 - INFO - Early stopping triggered after 89 epochs
2024-11-27 18:50:51,305 - INFO - Best validation accuracy: 0.7143
2024-11-27 18:50:51,425 - INFO - Early stopping triggered after 90 epochs
2024-11-27 18:50:51,425 - INFO - Best validation accuracy: 0.7143
2024-11-27 18:50:51,425 - INFO - Epoch 90
2024-11-27 18:50:51,425 - INFO - Train Loss: 5.6305
2024-11-27 18:50:51,425 - INFO - Val Loss: 17.2878
2024-11-27 18:50:51,425 - INFO - Current Val Accuracy: 0.4286
2024-11-27 18:50:51,425 - INFO - Best Val Accuracy: 0.7143
2024-11-27 18:50:51,545 - INFO - Early stopping triggered after 91 epochs
2024-11-27 18:50:51,545 - INFO - Best validation accuracy: 0.7143
2024-11-27 18:50:51,664 - INFO - Early stopping triggered after 92 epochs
2024-11-27 18:50:51,664 - INFO - Best validation accuracy: 0.7143
2024-11-27 18:50:51,783 - INFO - Early stopping triggered after 93 epochs
2024-11-27 18:50:51,783 - INFO - Best validation accuracy: 0.7143
2024-11-27 18:50:51,902 - INFO - Early stopping triggered after 94 epochs
2024-11-27 18:50:51,902 - INFO - Best validation accuracy: 0.7143
2024-11-27 18:50:52,021 - INFO - Early stopping triggered after 95 epochs
2024-11-27 18:50:52,021 - INFO - Best validation accuracy: 0.7143
2024-11-27 18:50:52,021 - INFO - Epoch 95
2024-11-27 18:50:52,021 - INFO - Train Loss: 5.3004
2024-11-27 18:50:52,021 - INFO - Val Loss: 18.7043
2024-11-27 18:50:52,021 - INFO - Current Val Accuracy: 0.4286
2024-11-27 18:50:52,021 - INFO - Best Val Accuracy: 0.7143
2024-11-27 18:50:52,140 - INFO - Early stopping triggered after 96 epochs
2024-11-27 18:50:52,140 - INFO - Best validation accuracy: 0.7143
2024-11-27 18:50:52,260 - INFO - Early stopping triggered after 97 epochs
2024-11-27 18:50:52,260 - INFO - Best validation accuracy: 0.7143
2024-11-27 18:50:52,380 - INFO - Early stopping triggered after 98 epochs
2024-11-27 18:50:52,380 - INFO - Best validation accuracy: 0.7143
2024-11-27 18:50:52,499 - INFO - Early stopping triggered after 99 epochs
2024-11-27 18:50:52,499 - INFO - Best validation accuracy: 0.7143
2024-11-27 18:50:52,619 - INFO - Early stopping triggered after 100 epochs
2024-11-27 18:50:52,619 - INFO - Best validation accuracy: 0.7143
2024-11-27 18:50:52,619 - INFO - Epoch 100
2024-11-27 18:50:52,619 - INFO - Train Loss: 4.7767
2024-11-27 18:50:52,619 - INFO - Val Loss: 14.2497
2024-11-27 18:50:52,619 - INFO - Current Val Accuracy: 0.3571
2024-11-27 18:50:52,619 - INFO - Best Val Accuracy: 0.7143
2024-11-27 18:50:52,620 - INFO - 
Starting Fold 3/3
2024-11-27 18:50:52,763 - INFO - Epoch 1: New best validation accuracy: 0.5714
2024-11-27 18:50:53,239 - INFO - Epoch 5
2024-11-27 18:50:53,239 - INFO - Train Loss: 107.1306
2024-11-27 18:50:53,239 - INFO - Val Loss: 191.7295
2024-11-27 18:50:53,239 - INFO - Current Val Accuracy: 0.2857
2024-11-27 18:50:53,239 - INFO - Best Val Accuracy: 0.5714
2024-11-27 18:50:53,836 - INFO - Epoch 10
2024-11-27 18:50:53,836 - INFO - Train Loss: 404.8946
2024-11-27 18:50:53,836 - INFO - Val Loss: 663.4019
2024-11-27 18:50:53,836 - INFO - Current Val Accuracy: 0.3571
2024-11-27 18:50:53,836 - INFO - Best Val Accuracy: 0.5714
2024-11-27 18:50:53,955 - INFO - Early stopping triggered after 11 epochs
2024-11-27 18:50:53,955 - INFO - Best validation accuracy: 0.5714
2024-11-27 18:50:54,074 - INFO - Early stopping triggered after 12 epochs
2024-11-27 18:50:54,074 - INFO - Best validation accuracy: 0.5714
2024-11-27 18:50:54,193 - INFO - Early stopping triggered after 13 epochs
2024-11-27 18:50:54,193 - INFO - Best validation accuracy: 0.5714
2024-11-27 18:50:54,319 - INFO - Epoch 14: New best validation accuracy: 0.6429
2024-11-27 18:50:54,438 - INFO - Epoch 15
2024-11-27 18:50:54,438 - INFO - Train Loss: 72.2909
2024-11-27 18:50:54,438 - INFO - Val Loss: 203.0155
2024-11-27 18:50:54,438 - INFO - Current Val Accuracy: 0.3571
2024-11-27 18:50:54,438 - INFO - Best Val Accuracy: 0.6429
2024-11-27 18:50:55,035 - INFO - Epoch 20
2024-11-27 18:50:55,035 - INFO - Train Loss: 111.8674
2024-11-27 18:50:55,035 - INFO - Val Loss: 143.4617
2024-11-27 18:50:55,035 - INFO - Current Val Accuracy: 0.5714
2024-11-27 18:50:55,035 - INFO - Best Val Accuracy: 0.6429
2024-11-27 18:50:55,511 - INFO - Early stopping triggered after 24 epochs
2024-11-27 18:50:55,511 - INFO - Best validation accuracy: 0.6429
2024-11-27 18:50:55,630 - INFO - Early stopping triggered after 25 epochs
2024-11-27 18:50:55,630 - INFO - Best validation accuracy: 0.6429
2024-11-27 18:50:55,630 - INFO - Epoch 25
2024-11-27 18:50:55,630 - INFO - Train Loss: 63.3302
2024-11-27 18:50:55,630 - INFO - Val Loss: 137.3502
2024-11-27 18:50:55,630 - INFO - Current Val Accuracy: 0.5714
2024-11-27 18:50:55,630 - INFO - Best Val Accuracy: 0.6429
2024-11-27 18:50:55,750 - INFO - Early stopping triggered after 26 epochs
2024-11-27 18:50:55,750 - INFO - Best validation accuracy: 0.6429
2024-11-27 18:50:55,869 - INFO - Early stopping triggered after 27 epochs
2024-11-27 18:50:55,869 - INFO - Best validation accuracy: 0.6429
2024-11-27 18:50:55,989 - INFO - Early stopping triggered after 28 epochs
2024-11-27 18:50:55,989 - INFO - Best validation accuracy: 0.6429
2024-11-27 18:50:56,109 - INFO - Early stopping triggered after 29 epochs
2024-11-27 18:50:56,109 - INFO - Best validation accuracy: 0.6429
2024-11-27 18:50:56,228 - INFO - Early stopping triggered after 30 epochs
2024-11-27 18:50:56,228 - INFO - Best validation accuracy: 0.6429
2024-11-27 18:50:56,228 - INFO - Epoch 30
2024-11-27 18:50:56,228 - INFO - Train Loss: 46.6456
2024-11-27 18:50:56,228 - INFO - Val Loss: 108.2934
2024-11-27 18:50:56,228 - INFO - Current Val Accuracy: 0.2857
2024-11-27 18:50:56,228 - INFO - Best Val Accuracy: 0.6429
2024-11-27 18:50:56,347 - INFO - Early stopping triggered after 31 epochs
2024-11-27 18:50:56,347 - INFO - Best validation accuracy: 0.6429
2024-11-27 18:50:56,466 - INFO - Early stopping triggered after 32 epochs
2024-11-27 18:50:56,466 - INFO - Best validation accuracy: 0.6429
2024-11-27 18:50:56,585 - INFO - Early stopping triggered after 33 epochs
2024-11-27 18:50:56,585 - INFO - Best validation accuracy: 0.6429
2024-11-27 18:50:56,704 - INFO - Early stopping triggered after 34 epochs
2024-11-27 18:50:56,704 - INFO - Best validation accuracy: 0.6429
2024-11-27 18:50:56,824 - INFO - Early stopping triggered after 35 epochs
2024-11-27 18:50:56,824 - INFO - Best validation accuracy: 0.6429
2024-11-27 18:50:56,824 - INFO - Epoch 35
2024-11-27 18:50:56,824 - INFO - Train Loss: 40.8471
2024-11-27 18:50:56,824 - INFO - Val Loss: 79.7658
2024-11-27 18:50:56,824 - INFO - Current Val Accuracy: 0.4286
2024-11-27 18:50:56,824 - INFO - Best Val Accuracy: 0.6429
2024-11-27 18:50:56,944 - INFO - Early stopping triggered after 36 epochs
2024-11-27 18:50:56,944 - INFO - Best validation accuracy: 0.6429
2024-11-27 18:50:57,064 - INFO - Early stopping triggered after 37 epochs
2024-11-27 18:50:57,064 - INFO - Best validation accuracy: 0.6429
2024-11-27 18:50:57,184 - INFO - Early stopping triggered after 38 epochs
2024-11-27 18:50:57,184 - INFO - Best validation accuracy: 0.6429
2024-11-27 18:50:57,303 - INFO - Early stopping triggered after 39 epochs
2024-11-27 18:50:57,303 - INFO - Best validation accuracy: 0.6429
2024-11-27 18:50:57,422 - INFO - Early stopping triggered after 40 epochs
2024-11-27 18:50:57,422 - INFO - Best validation accuracy: 0.6429
2024-11-27 18:50:57,422 - INFO - Epoch 40
2024-11-27 18:50:57,422 - INFO - Train Loss: 31.7310
2024-11-27 18:50:57,422 - INFO - Val Loss: 53.0379
2024-11-27 18:50:57,422 - INFO - Current Val Accuracy: 0.4286
2024-11-27 18:50:57,422 - INFO - Best Val Accuracy: 0.6429
2024-11-27 18:50:57,541 - INFO - Early stopping triggered after 41 epochs
2024-11-27 18:50:57,541 - INFO - Best validation accuracy: 0.6429
2024-11-27 18:50:57,660 - INFO - Early stopping triggered after 42 epochs
2024-11-27 18:50:57,660 - INFO - Best validation accuracy: 0.6429
2024-11-27 18:50:57,780 - INFO - Early stopping triggered after 43 epochs
2024-11-27 18:50:57,780 - INFO - Best validation accuracy: 0.6429
2024-11-27 18:50:57,900 - INFO - Early stopping triggered after 44 epochs
2024-11-27 18:50:57,900 - INFO - Best validation accuracy: 0.6429
2024-11-27 18:50:58,020 - INFO - Early stopping triggered after 45 epochs
2024-11-27 18:50:58,020 - INFO - Best validation accuracy: 0.6429
2024-11-27 18:50:58,020 - INFO - Epoch 45
2024-11-27 18:50:58,020 - INFO - Train Loss: 25.9413
2024-11-27 18:50:58,020 - INFO - Val Loss: 62.7921
2024-11-27 18:50:58,020 - INFO - Current Val Accuracy: 0.4286
2024-11-27 18:50:58,020 - INFO - Best Val Accuracy: 0.6429
2024-11-27 18:50:58,139 - INFO - Early stopping triggered after 46 epochs
2024-11-27 18:50:58,140 - INFO - Best validation accuracy: 0.6429
2024-11-27 18:50:58,259 - INFO - Early stopping triggered after 47 epochs
2024-11-27 18:50:58,259 - INFO - Best validation accuracy: 0.6429
2024-11-27 18:50:58,378 - INFO - Early stopping triggered after 48 epochs
2024-11-27 18:50:58,378 - INFO - Best validation accuracy: 0.6429
2024-11-27 18:50:58,497 - INFO - Early stopping triggered after 49 epochs
2024-11-27 18:50:58,497 - INFO - Best validation accuracy: 0.6429
2024-11-27 18:50:58,616 - INFO - Early stopping triggered after 50 epochs
2024-11-27 18:50:58,616 - INFO - Best validation accuracy: 0.6429
2024-11-27 18:50:58,616 - INFO - Epoch 50
2024-11-27 18:50:58,616 - INFO - Train Loss: 21.9076
2024-11-27 18:50:58,616 - INFO - Val Loss: 68.1102
2024-11-27 18:50:58,616 - INFO - Current Val Accuracy: 0.3571
2024-11-27 18:50:58,616 - INFO - Best Val Accuracy: 0.6429
2024-11-27 18:50:58,735 - INFO - Early stopping triggered after 51 epochs
2024-11-27 18:50:58,735 - INFO - Best validation accuracy: 0.6429
2024-11-27 18:50:58,855 - INFO - Early stopping triggered after 52 epochs
2024-11-27 18:50:58,855 - INFO - Best validation accuracy: 0.6429
2024-11-27 18:50:58,975 - INFO - Early stopping triggered after 53 epochs
2024-11-27 18:50:58,975 - INFO - Best validation accuracy: 0.6429
2024-11-27 18:50:59,095 - INFO - Early stopping triggered after 54 epochs
2024-11-27 18:50:59,095 - INFO - Best validation accuracy: 0.6429
2024-11-27 18:50:59,215 - INFO - Early stopping triggered after 55 epochs
2024-11-27 18:50:59,215 - INFO - Best validation accuracy: 0.6429
2024-11-27 18:50:59,215 - INFO - Epoch 55
2024-11-27 18:50:59,215 - INFO - Train Loss: 16.5376
2024-11-27 18:50:59,215 - INFO - Val Loss: 79.4948
2024-11-27 18:50:59,215 - INFO - Current Val Accuracy: 0.3571
2024-11-27 18:50:59,215 - INFO - Best Val Accuracy: 0.6429
2024-11-27 18:50:59,335 - INFO - Early stopping triggered after 56 epochs
2024-11-27 18:50:59,335 - INFO - Best validation accuracy: 0.6429
2024-11-27 18:50:59,454 - INFO - Early stopping triggered after 57 epochs
2024-11-27 18:50:59,455 - INFO - Best validation accuracy: 0.6429
2024-11-27 18:50:59,574 - INFO - Early stopping triggered after 58 epochs
2024-11-27 18:50:59,574 - INFO - Best validation accuracy: 0.6429
2024-11-27 18:50:59,692 - INFO - Early stopping triggered after 59 epochs
2024-11-27 18:50:59,692 - INFO - Best validation accuracy: 0.6429
2024-11-27 18:50:59,811 - INFO - Early stopping triggered after 60 epochs
2024-11-27 18:50:59,811 - INFO - Best validation accuracy: 0.6429
2024-11-27 18:50:59,811 - INFO - Epoch 60
2024-11-27 18:50:59,811 - INFO - Train Loss: 19.4212
2024-11-27 18:50:59,811 - INFO - Val Loss: 69.3849
2024-11-27 18:50:59,811 - INFO - Current Val Accuracy: 0.6429
2024-11-27 18:50:59,811 - INFO - Best Val Accuracy: 0.6429
2024-11-27 18:50:59,931 - INFO - Early stopping triggered after 61 epochs
2024-11-27 18:50:59,931 - INFO - Best validation accuracy: 0.6429
2024-11-27 18:51:00,051 - INFO - Early stopping triggered after 62 epochs
2024-11-27 18:51:00,051 - INFO - Best validation accuracy: 0.6429
2024-11-27 18:51:00,170 - INFO - Early stopping triggered after 63 epochs
2024-11-27 18:51:00,171 - INFO - Best validation accuracy: 0.6429
2024-11-27 18:51:00,290 - INFO - Early stopping triggered after 64 epochs
2024-11-27 18:51:00,290 - INFO - Best validation accuracy: 0.6429
2024-11-27 18:51:00,410 - INFO - Early stopping triggered after 65 epochs
2024-11-27 18:51:00,410 - INFO - Best validation accuracy: 0.6429
2024-11-27 18:51:00,410 - INFO - Epoch 65
2024-11-27 18:51:00,410 - INFO - Train Loss: 20.2484
2024-11-27 18:51:00,410 - INFO - Val Loss: 69.5223
2024-11-27 18:51:00,410 - INFO - Current Val Accuracy: 0.4286
2024-11-27 18:51:00,410 - INFO - Best Val Accuracy: 0.6429
2024-11-27 18:51:00,529 - INFO - Early stopping triggered after 66 epochs
2024-11-27 18:51:00,529 - INFO - Best validation accuracy: 0.6429
2024-11-27 18:51:00,648 - INFO - Early stopping triggered after 67 epochs
2024-11-27 18:51:00,648 - INFO - Best validation accuracy: 0.6429
2024-11-27 18:51:00,767 - INFO - Early stopping triggered after 68 epochs
2024-11-27 18:51:00,767 - INFO - Best validation accuracy: 0.6429
2024-11-27 18:51:00,894 - INFO - Epoch 69: New best validation accuracy: 0.7857
2024-11-27 18:51:01,012 - INFO - Epoch 70
2024-11-27 18:51:01,012 - INFO - Train Loss: 14.2557
2024-11-27 18:51:01,012 - INFO - Val Loss: 30.9962
2024-11-27 18:51:01,012 - INFO - Current Val Accuracy: 0.4286
2024-11-27 18:51:01,013 - INFO - Best Val Accuracy: 0.7857
2024-11-27 18:51:01,610 - INFO - Epoch 75
2024-11-27 18:51:01,610 - INFO - Train Loss: 12.4265
2024-11-27 18:51:01,610 - INFO - Val Loss: 41.8603
2024-11-27 18:51:01,610 - INFO - Current Val Accuracy: 0.4286
2024-11-27 18:51:01,610 - INFO - Best Val Accuracy: 0.7857
2024-11-27 18:51:02,087 - INFO - Early stopping triggered after 79 epochs
2024-11-27 18:51:02,087 - INFO - Best validation accuracy: 0.7857
2024-11-27 18:51:02,206 - INFO - Early stopping triggered after 80 epochs
2024-11-27 18:51:02,206 - INFO - Best validation accuracy: 0.7857
2024-11-27 18:51:02,206 - INFO - Epoch 80
2024-11-27 18:51:02,206 - INFO - Train Loss: 12.0828
2024-11-27 18:51:02,206 - INFO - Val Loss: 44.1640
2024-11-27 18:51:02,206 - INFO - Current Val Accuracy: 0.2857
2024-11-27 18:51:02,206 - INFO - Best Val Accuracy: 0.7857
2024-11-27 18:51:02,326 - INFO - Early stopping triggered after 81 epochs
2024-11-27 18:51:02,326 - INFO - Best validation accuracy: 0.7857
2024-11-27 18:51:02,446 - INFO - Early stopping triggered after 82 epochs
2024-11-27 18:51:02,446 - INFO - Best validation accuracy: 0.7857
2024-11-27 18:51:02,566 - INFO - Early stopping triggered after 83 epochs
2024-11-27 18:51:02,566 - INFO - Best validation accuracy: 0.7857
2024-11-27 18:51:02,686 - INFO - Early stopping triggered after 84 epochs
2024-11-27 18:51:02,686 - INFO - Best validation accuracy: 0.7857
2024-11-27 18:51:02,805 - INFO - Early stopping triggered after 85 epochs
2024-11-27 18:51:02,805 - INFO - Best validation accuracy: 0.7857
2024-11-27 18:51:02,805 - INFO - Epoch 85
2024-11-27 18:51:02,805 - INFO - Train Loss: 9.6393
2024-11-27 18:51:02,806 - INFO - Val Loss: 33.7579
2024-11-27 18:51:02,806 - INFO - Current Val Accuracy: 0.4286
2024-11-27 18:51:02,806 - INFO - Best Val Accuracy: 0.7857
2024-11-27 18:51:02,925 - INFO - Early stopping triggered after 86 epochs
2024-11-27 18:51:02,925 - INFO - Best validation accuracy: 0.7857
2024-11-27 18:51:03,044 - INFO - Early stopping triggered after 87 epochs
2024-11-27 18:51:03,044 - INFO - Best validation accuracy: 0.7857
2024-11-27 18:51:03,163 - INFO - Early stopping triggered after 88 epochs
2024-11-27 18:51:03,163 - INFO - Best validation accuracy: 0.7857
2024-11-27 18:51:03,282 - INFO - Early stopping triggered after 89 epochs
2024-11-27 18:51:03,282 - INFO - Best validation accuracy: 0.7857
2024-11-27 18:51:03,401 - INFO - Early stopping triggered after 90 epochs
2024-11-27 18:51:03,401 - INFO - Best validation accuracy: 0.7857
2024-11-27 18:51:03,401 - INFO - Epoch 90
2024-11-27 18:51:03,401 - INFO - Train Loss: 8.6077
2024-11-27 18:51:03,401 - INFO - Val Loss: 40.4135
2024-11-27 18:51:03,401 - INFO - Current Val Accuracy: 0.1429
2024-11-27 18:51:03,401 - INFO - Best Val Accuracy: 0.7857
2024-11-27 18:51:03,521 - INFO - Early stopping triggered after 91 epochs
2024-11-27 18:51:03,521 - INFO - Best validation accuracy: 0.7857
2024-11-27 18:51:03,641 - INFO - Early stopping triggered after 92 epochs
2024-11-27 18:51:03,641 - INFO - Best validation accuracy: 0.7857
2024-11-27 18:51:03,761 - INFO - Early stopping triggered after 93 epochs
2024-11-27 18:51:03,761 - INFO - Best validation accuracy: 0.7857
2024-11-27 18:51:03,881 - INFO - Early stopping triggered after 94 epochs
2024-11-27 18:51:03,881 - INFO - Best validation accuracy: 0.7857
2024-11-27 18:51:04,000 - INFO - Early stopping triggered after 95 epochs
2024-11-27 18:51:04,000 - INFO - Best validation accuracy: 0.7857
2024-11-27 18:51:04,000 - INFO - Epoch 95
2024-11-27 18:51:04,000 - INFO - Train Loss: 8.7704
2024-11-27 18:51:04,000 - INFO - Val Loss: 42.8205
2024-11-27 18:51:04,000 - INFO - Current Val Accuracy: 0.2857
2024-11-27 18:51:04,000 - INFO - Best Val Accuracy: 0.7857
2024-11-27 18:51:04,120 - INFO - Early stopping triggered after 96 epochs
2024-11-27 18:51:04,120 - INFO - Best validation accuracy: 0.7857
2024-11-27 18:51:04,239 - INFO - Early stopping triggered after 97 epochs
2024-11-27 18:51:04,239 - INFO - Best validation accuracy: 0.7857
2024-11-27 18:51:04,357 - INFO - Early stopping triggered after 98 epochs
2024-11-27 18:51:04,357 - INFO - Best validation accuracy: 0.7857
2024-11-27 18:51:04,476 - INFO - Early stopping triggered after 99 epochs
2024-11-27 18:51:04,476 - INFO - Best validation accuracy: 0.7857
2024-11-27 18:51:04,596 - INFO - Early stopping triggered after 100 epochs
2024-11-27 18:51:04,596 - INFO - Best validation accuracy: 0.7857
2024-11-27 18:51:04,596 - INFO - Epoch 100
2024-11-27 18:51:04,597 - INFO - Train Loss: 8.1380
2024-11-27 18:51:04,597 - INFO - Val Loss: 27.1883
2024-11-27 18:51:04,597 - INFO - Current Val Accuracy: 0.5714
2024-11-27 18:51:04,597 - INFO - Best Val Accuracy: 0.7857
2024-11-27 18:51:04,604 - INFO - 
New best overall accuracy: 0.7857 (Fold 3)
2024-11-27 18:51:04,604 - INFO - 
Best validation metrics for each fold:
2024-11-27 18:51:04,604 - INFO - 
Fold 1:
2024-11-27 18:51:04,604 - INFO - balanced_accuracy: 0.7143
2024-11-27 18:51:04,604 - INFO - precision: 0.6250
2024-11-27 18:51:04,604 - INFO - recall: 0.6667
2024-11-27 18:51:04,604 - INFO - f1: 0.6111
2024-11-27 18:51:04,604 - INFO - auc_roc: 0.8328
2024-11-27 18:51:04,604 - INFO - 
Fold 2:
2024-11-27 18:51:04,604 - INFO - balanced_accuracy: 0.7143
2024-11-27 18:51:04,604 - INFO - precision: 0.6250
2024-11-27 18:51:04,604 - INFO - recall: 0.6667
2024-11-27 18:51:04,605 - INFO - f1: 0.6167
2024-11-27 18:51:04,605 - INFO - auc_roc: 0.8614
2024-11-27 18:51:04,605 - INFO - 
Fold 3:
2024-11-27 18:51:04,605 - INFO - balanced_accuracy: 0.7857
2024-11-27 18:51:04,605 - INFO - precision: 0.8056
2024-11-27 18:51:04,605 - INFO - recall: 0.7500
2024-11-27 18:51:04,605 - INFO - f1: 0.7389
2024-11-27 18:51:04,605 - INFO - auc_roc: 0.9071
2024-11-27 18:51:04,605 - INFO - 
Average metrics across all folds:
2024-11-27 18:51:04,605 - INFO - Average balanced_accuracy: 0.7381
2024-11-27 18:51:04,605 - INFO - Average precision: 0.6852
2024-11-27 18:51:04,605 - INFO - Average recall: 0.6944
2024-11-27 18:51:04,605 - INFO - Average f1: 0.6556
2024-11-27 18:51:04,605 - INFO - Average auc_roc: 0.8671
2024-11-27 18:51:04,605 - INFO - 
Metric standard deviations across folds:
2024-11-27 18:51:04,605 - INFO - balanced_accuracy std: 0.0337
2024-11-27 18:51:04,605 - INFO - precision std: 0.0851
2024-11-27 18:51:04,605 - INFO - recall std: 0.0393
2024-11-27 18:51:04,605 - INFO - f1 std: 0.0590
2024-11-27 18:51:04,605 - INFO - auc_roc std: 0.0306
2024-11-27 18:51:04,605 - INFO - 
Training completed. Best overall accuracy: 0.7857
2024-11-27 18:51:04,612 - INFO - Training time: 36.04s
