\BOOKMARK [1][-]{section.1}{\376\377\000\040\000I\000N\000T\000R\000O\000D\000U\000C\000T\000I\000O\000N}{}% 1
\BOOKMARK [1][-]{section.2}{\376\377\000\040\000B\000A\000C\000K\000G\000R\000O\000U\000N\000D}{}% 2
\BOOKMARK [2][-]{subsection.2.1}{\376\377\000\040\000G\000a\000s\000\040\000C\000h\000r\000o\000m\000a\000t\000o\000g\000r\000a\000p\000h\000y}{section.2}% 3
\BOOKMARK [2][-]{subsection.2.2}{\376\377\000\040\000C\000l\000a\000s\000s\000i\000f\000i\000c\000a\000t\000i\000o\000n}{section.2}% 4
\BOOKMARK [3][-]{subsubsection.2.2.1}{\376\377\000\040\000S\000u\000p\000p\000o\000r\000t\000\040\000V\000e\000c\000t\000o\000r\000\040\000M\000a\000c\000h\000i\000n\000e\000s}{subsection.2.2}% 5
\BOOKMARK [3][-]{subsubsection.2.2.2}{\376\377\000\040\000M\000o\000d\000e\000l}{subsection.2.2}% 6
\BOOKMARK [3][-]{subsubsection.2.2.3}{\376\377\000\040\000K\000e\000r\000n\000e\000l}{subsection.2.2}% 7
\BOOKMARK [3][-]{subsubsection.2.2.4}{\376\377\000\040\000H\000y\000p\000e\000r\000p\000l\000a\000n\000e\000\040\000C\000o\000e\000f\000f\000i\000c\000i\000e\000n\000t\000s}{subsection.2.2}% 8
\BOOKMARK [2][-]{subsection.2.3}{\376\377\000\040\000F\000e\000a\000t\000u\000r\000e\000\040\000S\000e\000l\000e\000c\000t\000i\000o\000n}{section.2}% 9
\BOOKMARK [2][-]{subsection.2.4}{\376\377\000\040\000V\000i\000s\000u\000a\000l\000i\000s\000a\000t\000i\000o\000n}{section.2}% 10
\BOOKMARK [1][-]{section.3}{\376\377\000\040\000R\000E\000L\000A\000T\000E\000D\000\040\000W\000O\000R\000K\000S}{}% 11
\BOOKMARK [2][-]{subsection.3.1}{\376\377\000\040\000G\000a\000s\000\040\000C\000h\000r\000o\000m\000a\000t\000o\000g\000r\000a\000p\000h\000y}{section.3}% 12
\BOOKMARK [2][-]{subsection.3.2}{\376\377\000\040\000C\000l\000a\000s\000s\000i\000f\000i\000c\000a\000t\000i\000o\000n}{section.3}% 13
\BOOKMARK [2][-]{subsection.3.3}{\376\377\000\040\000F\000e\000a\000t\000u\000r\000e\000\040\000S\000e\000l\000e\000c\000t\000i\000o\000n}{section.3}% 14
\BOOKMARK [2][-]{subsection.3.4}{\376\377\000\040\000V\000i\000s\000u\000a\000l\000i\000s\000a\000t\000i\000o\000n}{section.3}% 15
\BOOKMARK [1][-]{section.4}{\376\377\000\040\000R\000E\000S\000U\000L\000T\000S\000\040\000\046\000\040\000D\000I\000S\000C\000U\000S\000S\000I\000O\000N\000S}{}% 16
\BOOKMARK [2][-]{subsection.4.1}{\376\377\000\040\000D\000a\000t\000a\000s\000e\000t}{section.4}% 17
\BOOKMARK [2][-]{subsection.4.2}{\376\377\000\040\000C\000l\000a\000s\000s\000i\000f\000i\000c\000a\000t\000i\000o\000n}{section.4}% 18
\BOOKMARK [2][-]{subsection.4.3}{\376\377\000\040\000E\000n\000s\000e\000m\000b\000l\000e}{section.4}% 19
\BOOKMARK [3][-]{subsubsection.4.3.1}{\376\377\000\040\000S\000V\000M\000\040\000M\000o\000d\000e\000l}{subsection.4.3}% 20
\BOOKMARK [3][-]{subsubsection.4.3.2}{\376\377\000\040\000S\000V\000M\000\040\000K\000e\000r\000n\000e\000l}{subsection.4.3}% 21
\BOOKMARK [3][-]{subsubsection.4.3.3}{\376\377\000\040\000D\000i\000s\000c\000u\000s\000s\000i\000o\000n}{subsection.4.3}% 22
\BOOKMARK [2][-]{subsection.4.4}{\376\377\000\040\000F\000e\000a\000t\000u\000r\000e\000\040\000S\000e\000l\000e\000c\000t\000i\000o\000n}{section.4}% 23
\BOOKMARK [3][-]{subsubsection.4.4.1}{\376\377\000\040\000C\000l\000a\000s\000s\000i\000f\000i\000c\000a\000t\000i\000o\000n\000\040\000A\000c\000c\000u\000r\000a\000c\000y\000\040\000k\000\040\000=\000\040\0005\0000\0000}{subsection.4.4}% 24
\BOOKMARK [3][-]{subsubsection.4.4.2}{\376\377\000\040\000C\000l\000a\000s\000s\000i\000f\000i\000c\000a\000t\000i\000o\000n\000\040\000A\000c\000c\000u\000r\000a\000c\000y\000\040\000\050\000a\000l\000l\000\040\000k\000\051}{subsection.4.4}% 25
\BOOKMARK [3][-]{subsubsection.4.4.3}{\376\377\000\040\000D\000i\000s\000u\000c\000s\000s\000i\000o\000n}{subsection.4.4}% 26
\BOOKMARK [2][-]{subsection.4.5}{\376\377\000\040\000V\000i\000s\000u\000a\000l\000i\000s\000a\000t\000i\000o\000n}{section.4}% 27
\BOOKMARK [3][-]{subsubsection.4.5.1}{\376\377\000\040\000E\000x\000p\000e\000r\000i\000m\000e\000n\000t\000a\000l\000\040\000S\000e\000t\000u\000p}{subsection.4.5}% 28
\BOOKMARK [3][-]{subsubsection.4.5.2}{\376\377\000\040\000F\000e\000a\000t\000u\000r\000e\000\040\000R\000a\000n\000k\000i\000n\000g\000s\000\040\000\050\000k\000=\0005\0000\000\051}{subsection.4.5}% 29
\BOOKMARK [3][-]{subsubsection.4.5.3}{\376\377\000\040\000O\000v\000e\000r\000l\000a\000p\000:\000\040\000M\000R\000M\000R\000\040\000\040\000R\000e\000l\000i\000e\000f\000F}{subsection.4.5}% 30
\BOOKMARK [3][-]{subsubsection.4.5.4}{\376\377\000\040\000A\000c\000c\000u\000r\000a\000c\000y\000:\000\040\000O\000v\000e\000r\000l\000a\000p\000,\000\040\000M\000R\000M\000R\000,\000\040\000R\000e\000l\000i\000e\000f\000F}{subsection.4.5}% 31
\BOOKMARK [3][-]{subsubsection.4.5.5}{\376\377\000\040\000O\000v\000e\000r\000l\000a\000p\000:\000\040\000F\000S\000\040\000M\000e\000t\000h\000o\000d\000\040\000\040\000H\000y\000p\000e\000r\000p\000l\000a\000n\000e\000\040\000C\000o\000e\000f\000f\000i\000c\000i\000e\000n\000t\000s}{subsection.4.5}% 32
\BOOKMARK [3][-]{subsubsection.4.5.6}{\376\377\000\040\000D\000i\000s\000c\000u\000s\000s\000i\000o\000n}{subsection.4.5}% 33
\BOOKMARK [1][-]{section.5}{\376\377\000\040\000C\000O\000N\000C\000L\000U\000S\000I\000O\000N}{}% 34
\BOOKMARK [1][-]{section.6}{\376\377\000\040\000A\000p\000p\000e\000n\000d\000i\000x}{}% 35
\BOOKMARK [1][-]{section.7}{\376\377\000\040\000R\000e\000f\000e\000r\000e\000n\000c\000e\000s}{}% 36
