INFO:__main__:Reading the dataset: fish part
INFO:__main__:Pre-training the network: Masked Spectra Modelling
INFO:pre_training:Epoch [1/100], Loss: 0.0558, Val: 0.1845
INFO:pre_training:Epoch [2/100], Loss: 0.0529, Val: 0.1868
INFO:pre_training:Epoch [3/100], Loss: 0.0507, Val: 0.1787
INFO:pre_training:Epoch [4/100], Loss: 0.0509, Val: 0.1748
INFO:pre_training:Epoch [5/100], Loss: 0.0496, Val: 0.1765
INFO:pre_training:Epoch [6/100], Loss: 0.0481, Val: 0.1757
INFO:pre_training:Epoch [7/100], Loss: 0.0487, Val: 0.1700
INFO:pre_training:Epoch [8/100], Loss: 0.0475, Val: 0.1703
INFO:pre_training:Epoch [9/100], Loss: 0.0468, Val: 0.1673
INFO:pre_training:Epoch [10/100], Loss: 0.0464, Val: 0.1688
INFO:pre_training:Epoch [11/100], Loss: 0.0458, Val: 0.1616
INFO:pre_training:Epoch [12/100], Loss: 0.0457, Val: 0.1652
INFO:pre_training:Epoch [13/100], Loss: 0.0454, Val: 0.1571
INFO:pre_training:Epoch [14/100], Loss: 0.0453, Val: 0.1656
INFO:pre_training:Epoch [15/100], Loss: 0.0446, Val: 0.1603
INFO:pre_training:Epoch [16/100], Loss: 0.0447, Val: 0.1661
INFO:pre_training:Epoch [17/100], Loss: 0.0435, Val: 0.1598
INFO:pre_training:Epoch [18/100], Loss: 0.0432, Val: 0.1629
INFO:pre_training:Epoch [19/100], Loss: 0.0435, Val: 0.1570
INFO:pre_training:Epoch [20/100], Loss: 0.0438, Val: 0.1592
INFO:pre_training:Epoch [21/100], Loss: 0.0429, Val: 0.1571
INFO:pre_training:Epoch [22/100], Loss: 0.0424, Val: 0.1573
INFO:pre_training:Epoch [23/100], Loss: 0.0424, Val: 0.1538
INFO:pre_training:Epoch [24/100], Loss: 0.0421, Val: 0.1547
INFO:pre_training:Epoch [25/100], Loss: 0.0416, Val: 0.1526
INFO:pre_training:Epoch [26/100], Loss: 0.0418, Val: 0.1531
INFO:pre_training:Epoch [27/100], Loss: 0.0413, Val: 0.1565
INFO:pre_training:Epoch [28/100], Loss: 0.0413, Val: 0.1544
INFO:pre_training:Epoch [29/100], Loss: 0.0408, Val: 0.1532
INFO:pre_training:Epoch [30/100], Loss: 0.0410, Val: 0.1471
INFO:pre_training:Epoch [31/100], Loss: 0.0415, Val: 0.1474
INFO:pre_training:Epoch [32/100], Loss: 0.0405, Val: 0.1509
INFO:pre_training:Epoch [33/100], Loss: 0.0402, Val: 0.1522
INFO:pre_training:Epoch [34/100], Loss: 0.0403, Val: 0.1521
INFO:pre_training:Epoch [35/100], Loss: 0.0396, Val: 0.1495
INFO:pre_training:Epoch [36/100], Loss: 0.0399, Val: 0.1484
INFO:pre_training:Epoch [37/100], Loss: 0.0393, Val: 0.1474
INFO:pre_training:Epoch [38/100], Loss: 0.0389, Val: 0.1493
INFO:pre_training:Epoch [39/100], Loss: 0.0386, Val: 0.1484
INFO:pre_training:Epoch [40/100], Loss: 0.0391, Val: 0.1512
INFO:pre_training:Epoch [41/100], Loss: 0.0384, Val: 0.1423
INFO:pre_training:Epoch [42/100], Loss: 0.0381, Val: 0.1459
INFO:pre_training:Epoch [43/100], Loss: 0.0388, Val: 0.1447
INFO:pre_training:Epoch [44/100], Loss: 0.0381, Val: 0.1496
INFO:pre_training:Epoch [45/100], Loss: 0.0383, Val: 0.1478
INFO:pre_training:Epoch [46/100], Loss: 0.0382, Val: 0.1415
INFO:pre_training:Epoch [47/100], Loss: 0.0374, Val: 0.1491
INFO:pre_training:Epoch [48/100], Loss: 0.0379, Val: 0.1489
INFO:pre_training:Epoch [49/100], Loss: 0.0377, Val: 0.1429
INFO:pre_training:Epoch [50/100], Loss: 0.0373, Val: 0.1500
INFO:pre_training:Epoch [51/100], Loss: 0.0375, Val: 0.1445
INFO:pre_training:Epoch [52/100], Loss: 0.0364, Val: 0.1447
INFO:pre_training:Epoch [53/100], Loss: 0.0369, Val: 0.1408
INFO:pre_training:Epoch [54/100], Loss: 0.0370, Val: 0.1437
INFO:pre_training:Epoch [55/100], Loss: 0.0368, Val: 0.1448
INFO:pre_training:Epoch [56/100], Loss: 0.0362, Val: 0.1431
INFO:pre_training:Epoch [57/100], Loss: 0.0363, Val: 0.1428
INFO:pre_training:Epoch [58/100], Loss: 0.0362, Val: 0.1412
INFO:pre_training:Epoch [59/100], Loss: 0.0360, Val: 0.1374
INFO:pre_training:Epoch [60/100], Loss: 0.0360, Val: 0.1389
INFO:pre_training:Epoch [61/100], Loss: 0.0351, Val: 0.1334
INFO:pre_training:Epoch [62/100], Loss: 0.0360, Val: 0.1376
INFO:pre_training:Epoch [63/100], Loss: 0.0359, Val: 0.1365
INFO:pre_training:Epoch [64/100], Loss: 0.0355, Val: 0.1390
INFO:pre_training:Epoch [65/100], Loss: 0.0352, Val: 0.1372
INFO:pre_training:Epoch [66/100], Loss: 0.0348, Val: 0.1347
INFO:pre_training:Epoch [67/100], Loss: 0.0350, Val: 0.1399
INFO:pre_training:Epoch [68/100], Loss: 0.0354, Val: 0.1310
INFO:pre_training:Epoch [69/100], Loss: 0.0349, Val: 0.1374
INFO:pre_training:Epoch [70/100], Loss: 0.0348, Val: 0.1400
INFO:pre_training:Epoch [71/100], Loss: 0.0348, Val: 0.1375
INFO:pre_training:Epoch [72/100], Loss: 0.0347, Val: 0.1394
INFO:pre_training:Epoch [73/100], Loss: 0.0341, Val: 0.1341
INFO:pre_training:Epoch [74/100], Loss: 0.0337, Val: 0.1443
INFO:pre_training:Epoch [75/100], Loss: 0.0342, Val: 0.1369
INFO:pre_training:Epoch [76/100], Loss: 0.0338, Val: 0.1341
INFO:pre_training:Epoch [77/100], Loss: 0.0339, Val: 0.1341
INFO:pre_training:Epoch [78/100], Loss: 0.0335, Val: 0.1282
INFO:pre_training:Epoch [79/100], Loss: 0.0333, Val: 0.1383
INFO:pre_training:Epoch [80/100], Loss: 0.0334, Val: 0.1356
INFO:pre_training:Epoch [81/100], Loss: 0.0331, Val: 0.1371
INFO:pre_training:Epoch [82/100], Loss: 0.0332, Val: 0.1346
INFO:pre_training:Epoch [83/100], Loss: 0.0337, Val: 0.1342
INFO:pre_training:Epoch [84/100], Loss: 0.0327, Val: 0.1364
INFO:pre_training:Epoch [85/100], Loss: 0.0329, Val: 0.1339
INFO:pre_training:Epoch [86/100], Loss: 0.0327, Val: 0.1284
INFO:pre_training:Epoch [87/100], Loss: 0.0325, Val: 0.1348
INFO:pre_training:Epoch [88/100], Loss: 0.0328, Val: 0.1341
INFO:pre_training:Epoch [89/100], Loss: 0.0320, Val: 0.1313
INFO:pre_training:Epoch [90/100], Loss: 0.0320, Val: 0.1325
INFO:pre_training:Epoch [91/100], Loss: 0.0326, Val: 0.1327
INFO:pre_training:Epoch [92/100], Loss: 0.0322, Val: 0.1285
INFO:pre_training:Epoch [93/100], Loss: 0.0321, Val: 0.1339
INFO:pre_training:Epoch [94/100], Loss: 0.0323, Val: 0.1331
INFO:pre_training:Epoch [95/100], Loss: 0.0321, Val: 0.1309
INFO:pre_training:Epoch [96/100], Loss: 0.0319, Val: 0.1312
INFO:pre_training:Epoch [97/100], Loss: 0.0315, Val: 0.1293
INFO:pre_training:Epoch [98/100], Loss: 0.0319, Val: 0.1292
INFO:pre_training:Epoch [99/100], Loss: 0.0316, Val: 0.1283
INFO:pre_training:Epoch [100/100], Loss: 0.0314, Val: 0.1275
INFO:__main__:Total time taken to pre-train the model: 23.68s
INFO:__main__:Training the network
INFO:train:Epoch 1/100, Train Loss: 1.7913, Train Acc: 0.3264, Val Loss: 1.7909, Val Acc: 0.6667
INFO:train:Epoch 2/100, Train Loss: 1.7881, Train Acc: 0.7153, Val Loss: 1.7886, Val Acc: 0.6667
INFO:train:Epoch 3/100, Train Loss: 1.7840, Train Acc: 0.7083, Val Loss: 1.7847, Val Acc: 0.6667
INFO:train:Epoch 4/100, Train Loss: 1.7781, Train Acc: 0.6111, Val Loss: 1.7788, Val Acc: 0.6667
INFO:train:Epoch 5/100, Train Loss: 1.7701, Train Acc: 0.6181, Val Loss: 1.7709, Val Acc: 0.6667
INFO:train:Epoch 6/100, Train Loss: 1.7587, Train Acc: 0.5972, Val Loss: 1.7590, Val Acc: 0.6667
INFO:train:Epoch 7/100, Train Loss: 1.7442, Train Acc: 0.5625, Val Loss: 1.7430, Val Acc: 0.6667
INFO:train:Epoch 8/100, Train Loss: 1.7242, Train Acc: 0.5694, Val Loss: 1.7210, Val Acc: 0.6667
INFO:train:Epoch 9/100, Train Loss: 1.7000, Train Acc: 0.5417, Val Loss: 1.6915, Val Acc: 0.6667
INFO:train:Epoch 10/100, Train Loss: 1.6710, Train Acc: 0.5417, Val Loss: 1.6559, Val Acc: 0.6667
INFO:train:Epoch 11/100, Train Loss: 1.6308, Train Acc: 0.5069, Val Loss: 1.6140, Val Acc: 0.6667
INFO:train:Epoch 12/100, Train Loss: 1.5895, Train Acc: 0.4931, Val Loss: 1.5670, Val Acc: 0.6667
INFO:train:Epoch 13/100, Train Loss: 1.5419, Train Acc: 0.4792, Val Loss: 1.5162, Val Acc: 0.6667
INFO:train:Epoch 14/100, Train Loss: 1.4891, Train Acc: 0.4931, Val Loss: 1.4681, Val Acc: 0.6667
INFO:train:Epoch 15/100, Train Loss: 1.4370, Train Acc: 0.5139, Val Loss: 1.4290, Val Acc: 0.6667
INFO:train:Epoch 16/100, Train Loss: 1.3897, Train Acc: 0.5069, Val Loss: 1.4057, Val Acc: 0.6667
INFO:train:Epoch 17/100, Train Loss: 1.3515, Train Acc: 0.5556, Val Loss: 1.3940, Val Acc: 0.6667
INFO:train:Epoch 18/100, Train Loss: 1.3195, Train Acc: 0.5694, Val Loss: 1.3880, Val Acc: 0.6667
INFO:train:Epoch 19/100, Train Loss: 1.3012, Train Acc: 0.5625, Val Loss: 1.3776, Val Acc: 0.6667
INFO:train:Epoch 20/100, Train Loss: 1.2876, Train Acc: 0.5486, Val Loss: 1.3621, Val Acc: 0.6667
INFO:train:Epoch 21/100, Train Loss: 1.2813, Train Acc: 0.5000, Val Loss: 1.3520, Val Acc: 0.6667
INFO:train:Epoch 22/100, Train Loss: 1.2774, Train Acc: 0.5764, Val Loss: 1.3391, Val Acc: 0.6667
INFO:train:Epoch 23/100, Train Loss: 1.2725, Train Acc: 0.6042, Val Loss: 1.3219, Val Acc: 0.6667
INFO:train:Epoch 24/100, Train Loss: 1.2665, Train Acc: 0.5903, Val Loss: 1.3122, Val Acc: 0.6667
INFO:train:Epoch 25/100, Train Loss: 1.2600, Train Acc: 0.5556, Val Loss: 1.3114, Val Acc: 0.6667
INFO:train:Epoch 26/100, Train Loss: 1.2468, Train Acc: 0.5417, Val Loss: 1.3125, Val Acc: 0.6667
INFO:train:Epoch 27/100, Train Loss: 1.2416, Train Acc: 0.5556, Val Loss: 1.3104, Val Acc: 0.6667
INFO:train:Epoch 28/100, Train Loss: 1.2304, Train Acc: 0.5139, Val Loss: 1.2934, Val Acc: 0.6667
INFO:train:Epoch 29/100, Train Loss: 1.2251, Train Acc: 0.5069, Val Loss: 1.2716, Val Acc: 0.6667
INFO:train:Epoch 30/100, Train Loss: 1.2130, Train Acc: 0.5486, Val Loss: 1.2530, Val Acc: 0.6667
INFO:train:Epoch 31/100, Train Loss: 1.1981, Train Acc: 0.5903, Val Loss: 1.2349, Val Acc: 0.6667
INFO:train:Epoch 32/100, Train Loss: 1.1843, Train Acc: 0.6042, Val Loss: 1.2222, Val Acc: 0.6667
INFO:train:Epoch 33/100, Train Loss: 1.1662, Train Acc: 0.6250, Val Loss: 1.2097, Val Acc: 0.6667
INFO:train:Epoch 34/100, Train Loss: 1.1490, Train Acc: 0.6458, Val Loss: 1.1936, Val Acc: 0.6667
INFO:train:Epoch 35/100, Train Loss: 1.1294, Train Acc: 0.6667, Val Loss: 1.1635, Val Acc: 0.6667
INFO:train:Epoch 36/100, Train Loss: 1.1083, Train Acc: 0.6667, Val Loss: 1.1281, Val Acc: 0.6667
INFO:train:Epoch 37/100, Train Loss: 1.0825, Train Acc: 0.6806, Val Loss: 1.0920, Val Acc: 0.6667
INFO:train:Epoch 38/100, Train Loss: 1.0583, Train Acc: 0.7083, Val Loss: 1.0551, Val Acc: 0.6667
INFO:train:Epoch 39/100, Train Loss: 1.0319, Train Acc: 0.7153, Val Loss: 1.0358, Val Acc: 0.6667
INFO:train:Epoch 40/100, Train Loss: 1.0065, Train Acc: 0.7431, Val Loss: 1.0383, Val Acc: 0.6667
INFO:train:Epoch 41/100, Train Loss: 0.9789, Train Acc: 0.7222, Val Loss: 1.0443, Val Acc: 0.6667
INFO:train:Epoch 42/100, Train Loss: 0.9522, Train Acc: 0.7569, Val Loss: 1.0379, Val Acc: 0.6667
INFO:train:Epoch 43/100, Train Loss: 0.9227, Train Acc: 0.7917, Val Loss: 1.0058, Val Acc: 0.6667
INFO:train:Epoch 44/100, Train Loss: 0.8919, Train Acc: 0.7917, Val Loss: 0.9805, Val Acc: 0.6667
INFO:train:Epoch 45/100, Train Loss: 0.8615, Train Acc: 0.8125, Val Loss: 0.9642, Val Acc: 0.6667
INFO:train:Epoch 46/100, Train Loss: 0.8325, Train Acc: 0.8194, Val Loss: 0.9319, Val Acc: 0.6667
INFO:train:Epoch 47/100, Train Loss: 0.8013, Train Acc: 0.8333, Val Loss: 0.9120, Val Acc: 0.6667
INFO:train:Epoch 48/100, Train Loss: 0.7657, Train Acc: 0.8750, Val Loss: 0.9080, Val Acc: 0.6667
INFO:train:Epoch 49/100, Train Loss: 0.7407, Train Acc: 0.9097, Val Loss: 0.8697, Val Acc: 0.6667
INFO:train:Epoch 50/100, Train Loss: 0.7081, Train Acc: 0.9375, Val Loss: 0.8220, Val Acc: 0.6667
INFO:train:Epoch 51/100, Train Loss: 0.6822, Train Acc: 0.9861, Val Loss: 0.7932, Val Acc: 1.0000
INFO:train:Epoch 52/100, Train Loss: 0.6558, Train Acc: 1.0000, Val Loss: 0.7632, Val Acc: 1.0000
INFO:train:Epoch 53/100, Train Loss: 0.6271, Train Acc: 1.0000, Val Loss: 0.7356, Val Acc: 1.0000
INFO:train:Epoch 54/100, Train Loss: 0.6026, Train Acc: 1.0000, Val Loss: 0.7406, Val Acc: 1.0000
INFO:train:Epoch 55/100, Train Loss: 0.5755, Train Acc: 1.0000, Val Loss: 0.7446, Val Acc: 1.0000
INFO:train:Epoch 56/100, Train Loss: 0.5520, Train Acc: 1.0000, Val Loss: 0.7346, Val Acc: 1.0000
INFO:train:Epoch 57/100, Train Loss: 0.5321, Train Acc: 1.0000, Val Loss: 0.7302, Val Acc: 1.0000
INFO:train:Epoch 58/100, Train Loss: 0.5179, Train Acc: 1.0000, Val Loss: 0.7495, Val Acc: 1.0000
INFO:train:Epoch 59/100, Train Loss: 0.5055, Train Acc: 1.0000, Val Loss: 0.7810, Val Acc: 0.6667
INFO:train:Epoch 60/100, Train Loss: 0.4960, Train Acc: 1.0000, Val Loss: 0.8190, Val Acc: 0.6667
INFO:train:Epoch 61/100, Train Loss: 0.4902, Train Acc: 1.0000, Val Loss: 0.8597, Val Acc: 0.6667
INFO:train:Epoch 62/100, Train Loss: 0.4858, Train Acc: 1.0000, Val Loss: 0.8883, Val Acc: 0.6667
INFO:train:Epoch 63/100, Train Loss: 0.4823, Train Acc: 1.0000, Val Loss: 0.9072, Val Acc: 0.6667
INFO:train:Epoch 64/100, Train Loss: 0.4794, Train Acc: 1.0000, Val Loss: 0.9033, Val Acc: 0.6667
INFO:train:Epoch 65/100, Train Loss: 0.4772, Train Acc: 1.0000, Val Loss: 0.8900, Val Acc: 0.6667
INFO:train:Epoch 66/100, Train Loss: 0.4738, Train Acc: 1.0000, Val Loss: 0.8820, Val Acc: 0.6667
INFO:train:Epoch 67/100, Train Loss: 0.4731, Train Acc: 1.0000, Val Loss: 0.8682, Val Acc: 0.6667
INFO:train:Epoch 68/100, Train Loss: 0.4703, Train Acc: 1.0000, Val Loss: 0.8563, Val Acc: 0.6667
INFO:train:Epoch 69/100, Train Loss: 0.4689, Train Acc: 1.0000, Val Loss: 0.8497, Val Acc: 0.6667
INFO:train:Epoch 70/100, Train Loss: 0.4669, Train Acc: 1.0000, Val Loss: 0.8462, Val Acc: 0.6667
INFO:train:Epoch 71/100, Train Loss: 0.4664, Train Acc: 1.0000, Val Loss: 0.8547, Val Acc: 0.6667
INFO:train:Epoch 72/100, Train Loss: 0.4657, Train Acc: 1.0000, Val Loss: 0.8748, Val Acc: 0.6667
INFO:train:Epoch 73/100, Train Loss: 0.4646, Train Acc: 1.0000, Val Loss: 0.8895, Val Acc: 0.6667
INFO:train:Epoch 74/100, Train Loss: 0.4646, Train Acc: 1.0000, Val Loss: 0.8995, Val Acc: 0.6667
INFO:train:Epoch 75/100, Train Loss: 0.4636, Train Acc: 1.0000, Val Loss: 0.9039, Val Acc: 0.6667
INFO:train:Epoch 76/100, Train Loss: 0.4635, Train Acc: 1.0000, Val Loss: 0.9130, Val Acc: 0.6667
INFO:train:Epoch 77/100, Train Loss: 0.4629, Train Acc: 1.0000, Val Loss: 0.9201, Val Acc: 0.6667
INFO:train:Epoch 78/100, Train Loss: 0.4627, Train Acc: 1.0000, Val Loss: 0.9181, Val Acc: 0.6667
INFO:train:Epoch 79/100, Train Loss: 0.4624, Train Acc: 1.0000, Val Loss: 0.9149, Val Acc: 0.6667
INFO:train:Epoch 80/100, Train Loss: 0.4617, Train Acc: 1.0000, Val Loss: 0.9176, Val Acc: 0.6667
INFO:train:Epoch 81/100, Train Loss: 0.4613, Train Acc: 1.0000, Val Loss: 0.9233, Val Acc: 0.6667
INFO:train:Epoch 82/100, Train Loss: 0.4613, Train Acc: 1.0000, Val Loss: 0.9296, Val Acc: 0.6667
INFO:train:Epoch 83/100, Train Loss: 0.4612, Train Acc: 1.0000, Val Loss: 0.9299, Val Acc: 0.6667
INFO:train:Epoch 84/100, Train Loss: 0.4612, Train Acc: 1.0000, Val Loss: 0.9379, Val Acc: 0.6667
INFO:train:Epoch 85/100, Train Loss: 0.4603, Train Acc: 1.0000, Val Loss: 0.9492, Val Acc: 0.6667
INFO:train:Epoch 86/100, Train Loss: 0.4603, Train Acc: 1.0000, Val Loss: 0.9598, Val Acc: 0.6667
INFO:train:Epoch 87/100, Train Loss: 0.4602, Train Acc: 1.0000, Val Loss: 0.9603, Val Acc: 0.6667
INFO:train:Epoch 88/100, Train Loss: 0.4597, Train Acc: 1.0000, Val Loss: 0.9575, Val Acc: 0.6667
INFO:train:Epoch 89/100, Train Loss: 0.4595, Train Acc: 1.0000, Val Loss: 0.9518, Val Acc: 0.6667
INFO:train:Epoch 90/100, Train Loss: 0.4598, Train Acc: 1.0000, Val Loss: 0.9453, Val Acc: 0.6667
INFO:train:Epoch 91/100, Train Loss: 0.4592, Train Acc: 1.0000, Val Loss: 0.9541, Val Acc: 0.6667
INFO:train:Epoch 92/100, Train Loss: 0.4585, Train Acc: 1.0000, Val Loss: 0.9701, Val Acc: 0.6667
INFO:train:Epoch 93/100, Train Loss: 0.4584, Train Acc: 1.0000, Val Loss: 0.9864, Val Acc: 0.6667
INFO:train:Epoch 94/100, Train Loss: 0.4583, Train Acc: 1.0000, Val Loss: 0.9997, Val Acc: 0.6667
INFO:train:Epoch 95/100, Train Loss: 0.4581, Train Acc: 1.0000, Val Loss: 1.0082, Val Acc: 0.6667
INFO:train:Epoch 96/100, Train Loss: 0.4582, Train Acc: 1.0000, Val Loss: 1.0122, Val Acc: 0.6667
INFO:train:Epoch 97/100, Train Loss: 0.4580, Train Acc: 1.0000, Val Loss: 1.0073, Val Acc: 0.6667
INFO:train:Epoch 98/100, Train Loss: 0.4575, Train Acc: 1.0000, Val Loss: 1.0037, Val Acc: 0.6667
INFO:train:Epoch 99/100, Train Loss: 0.4578, Train Acc: 1.0000, Val Loss: 0.9977, Val Acc: 0.6667
INFO:train:Epoch 100/100, Train Loss: 0.4571, Train Acc: 1.0000, Val Loss: 0.9996, Val Acc: 0.6667
INFO:plot:Saving attention map to: figures/model_accuracy.png
INFO:__main__:Total time taken to train the model: 20.47s
INFO:__main__:train accuracy: 64 / 64
INFO:plot:Saving cofusion matrix map to: figures/train_confusion_matrix.png
INFO:__main__:train accuracy: 64 / 64
INFO:plot:Saving cofusion matrix map to: figures/train_confusion_matrix.png
INFO:__main__:train accuracy: 16 / 16 accuracy: 1.0
INFO:plot:Saving cofusion matrix map to: figures/train_confusion_matrix.png
INFO:__main__:validation accuracy: 2 / 3 accuracy: 0.6666
INFO:plot:Saving cofusion matrix map to: figures/validation_confusion_matrix.png
INFO:__main__:test accuracy: 1 / 3 accuracy: 0.3333
INFO:plot:Saving cofusion matrix map to: figures/test_confusion_matrix.png
INFO:plot:Saving attention map to: figures/encoder_attention_map.png
INFO:plot:Saving attention map to: figures/decoder_attention_map.png
